[KeOps] Warning : Cuda libraries were not detected on the system ; using cpu only mode
1
Kernel: Matern3/2
Weight Mesh: 90
RKHS Kernel Width: 0.04
Lambda: 1e-06
Green's Function Learning Rate: 100
Bias Term Learning Rate: 100
Epoch 1 Relative Error 11360.3359375
First epoch had re = 11360.3359375 > 1
Green's Function Learning Rate: 50
Bias Term Learning Rate: 50
Epoch 1 Relative Error 5293.193359375
First epoch had re = 5293.193359375 > 1
Green's Function Learning Rate: 10
Bias Term Learning Rate: 10
Epoch 1 Relative Error 1063.731201171875
First epoch had re = 1063.731201171875 > 1
Green's Function Learning Rate: 5
Bias Term Learning Rate: 5
Epoch 1 Relative Error 474.9311218261719
First epoch had re = 474.9311218261719 > 1
Green's Function Learning Rate: 1
Bias Term Learning Rate: 1
Epoch 1 Relative Error 122.97832489013672
First epoch had re = 122.97832489013672 > 1
Green's Function Learning Rate: 0.5
Bias Term Learning Rate: 0.5
Epoch 1 Relative Error 47.729591369628906
First epoch had re = 47.729591369628906 > 1
Green's Function Learning Rate: 0.1
Bias Term Learning Rate: 0.1
Epoch 1 Relative Error 11.06428337097168
First epoch had re = 11.06428337097168 > 1
Green's Function Learning Rate: 0.05
Bias Term Learning Rate: 0.05
Epoch 1 Relative Error 4.734261989593506
First epoch had re = 4.734261989593506 > 1
Green's Function Learning Rate: 0.01
Bias Term Learning Rate: 0.01
Epoch 1 Relative Error 1.0354788303375244
First epoch had re = 1.0354788303375244 > 1
Green's Function Learning Rate: 0.005
Bias Term Learning Rate: 0.005
Epoch 1 Relative Error 0.6391472220420837
Epoch 2 Relative Error 0.5994823575019836
Epoch 3 Relative Error 0.5112901329994202
Epoch 4 Relative Error 0.41270363330841064
Epoch 5 Relative Error 0.34094947576522827
Epoch 6 Relative Error 0.24276526272296906
Epoch 7 Relative Error 0.19750085473060608
Epoch 8 Relative Error 0.16648638248443604
Epoch 9 Relative Error 0.12113737314939499
Epoch 10 Relative Error 0.08147283643484116
Epoch 11 Relative Error 0.07880876958370209
Epoch 12 Relative Error 0.06445051729679108
Epoch 13 Relative Error 0.046098027378320694
Epoch 14 Relative Error 0.04085400328040123
Epoch 15 Relative Error 0.037759844213724136
Epoch 16 Relative Error 0.02860436961054802
Epoch 17 Relative Error 0.02619040757417679
Epoch 18 Relative Error 0.024486124515533447
Epoch 19 Relative Error 0.02260218933224678
Epoch 20 Relative Error 0.020674122497439384
Epoch 21 Relative Error 0.01971099153161049
Epoch 22 Relative Error 0.01906861551105976
Epoch 23 Relative Error 0.018323088064789772
Epoch 24 Relative Error 0.017910288646817207
Epoch 25 Relative Error 0.017491571605205536
Epoch 26 Relative Error 0.01716926507651806
Epoch 27 Relative Error 0.016764411702752113
Epoch 28 Relative Error 0.016483979299664497
Epoch 29 Relative Error 0.016166705638170242
Epoch 30 Relative Error 0.015915390104055405
Epoch 31 Relative Error 0.01568770408630371
Epoch 32 Relative Error 0.015445923432707787
Epoch 33 Relative Error 0.015214547514915466
Epoch 34 Relative Error 0.015028685331344604
Epoch 35 Relative Error 0.014815215952694416
Epoch 36 Relative Error 0.014629472978413105
Epoch 37 Relative Error 0.014458655379712582
Epoch 38 Relative Error 0.014268871396780014
Epoch 39 Relative Error 0.014110418036580086
Epoch 40 Relative Error 0.013939955271780491
Epoch 41 Relative Error 0.013792917132377625
Epoch 42 Relative Error 0.013639121316373348
Epoch 43 Relative Error 0.013496882282197475
Epoch 44 Relative Error 0.013357594609260559
Epoch 45 Relative Error 0.013216791674494743
Epoch 46 Relative Error 0.013087552972137928
Epoch 47 Relative Error 0.012977657839655876
Epoch 48 Relative Error 0.0128391794860363
Epoch 49 Relative Error 0.012720165774226189
Epoch 50 Relative Error 0.012595782987773418
Epoch 51 Relative Error 0.012478414922952652
Epoch 52 Relative Error 0.01238252129405737
Epoch 53 Relative Error 0.012259705923497677
Epoch 54 Relative Error 0.012162656523287296
Epoch 55 Relative Error 0.012070794589817524
Epoch 56 Relative Error 0.011955049820244312
Epoch 57 Relative Error 0.011866986751556396
Epoch 58 Relative Error 0.011769827455282211
Epoch 59 Relative Error 0.011679105460643768
Epoch 60 Relative Error 0.011586477048695087
Epoch 61 Relative Error 0.011502903886139393
Epoch 62 Relative Error 0.0114118792116642
Epoch 63 Relative Error 0.011334788985550404
Epoch 64 Relative Error 0.011242479085922241
Epoch 65 Relative Error 0.011165773496031761
Epoch 66 Relative Error 0.01109893899410963
Epoch 67 Relative Error 0.011011307127773762
Epoch 68 Relative Error 0.010935547761619091
Epoch 69 Relative Error 0.010866619646549225
Epoch 70 Relative Error 0.010800909250974655
Epoch 71 Relative Error 0.01074379961937666
Epoch 72 Relative Error 0.010650759562849998
Epoch 73 Relative Error 0.010576341301202774
Epoch 74 Relative Error 0.010516693815588951
Epoch 75 Relative Error 0.010455524548888206
Epoch 76 Relative Error 0.010385638102889061
Epoch 77 Relative Error 0.010321112349629402
Epoch 78 Relative Error 0.010254020802676678
Epoch 79 Relative Error 0.01019493117928505
Epoch 80 Relative Error 0.010136516764760017
Epoch 81 Relative Error 0.010077785700559616
Epoch 82 Relative Error 0.010016798041760921
Epoch 83 Relative Error 0.00996364839375019
Epoch 84 Relative Error 0.00991041213274002
Epoch 85 Relative Error 0.009851161390542984
Epoch 86 Relative Error 0.00980028510093689
Epoch 87 Relative Error 0.009743854403495789
Epoch 88 Relative Error 0.009691504761576653
Epoch 89 Relative Error 0.009642688557505608
Epoch 90 Relative Error 0.009593624621629715
Epoch 91 Relative Error 0.009550518356263638
Epoch 92 Relative Error 0.009534514509141445
Epoch 93 Relative Error 0.009450959973037243
Epoch 94 Relative Error 0.009404737502336502
Epoch 95 Relative Error 0.009354895912110806
Epoch 96 Relative Error 0.009305393323302269
Epoch 97 Relative Error 0.009262054227292538
Epoch 98 Relative Error 0.009218263439834118
Epoch 99 Relative Error 0.009176488034427166
Epoch 100 Relative Error 0.009131278842687607
Epoch 101 Relative Error 0.009078350849449635
Epoch 102 Relative Error 0.00903927069157362
Epoch 103 Relative Error 0.009016886353492737
Epoch 104 Relative Error 0.00896549504250288
Epoch 105 Relative Error 0.008917502127587795
Epoch 106 Relative Error 0.008877856656908989
Epoch 107 Relative Error 0.008844115771353245
Epoch 108 Relative Error 0.00880229752510786
Epoch 109 Relative Error 0.00876525416970253
Epoch 110 Relative Error 0.008718601427972317
Epoch 111 Relative Error 0.008684367872774601
Epoch 112 Relative Error 0.00865876954048872
Epoch 113 Relative Error 0.008610918186604977
Epoch 114 Relative Error 0.008577132597565651
Epoch 115 Relative Error 0.008544637821614742
Epoch 116 Relative Error 0.008505182340741158
Epoch 117 Relative Error 0.008473682217299938
Epoch 118 Relative Error 0.008436965756118298
Epoch 119 Relative Error 0.008420649915933609
Epoch 120 Relative Error 0.008389478549361229
Epoch 121 Relative Error 0.00833879504352808
Epoch 122 Relative Error 0.008301850408315659
Epoch 123 Relative Error 0.008275960572063923
Epoch 124 Relative Error 0.008241604082286358
Epoch 125 Relative Error 0.0082148602232337
Epoch 126 Relative Error 0.008180319331586361
Epoch 127 Relative Error 0.008147303946316242
Epoch 128 Relative Error 0.008133268915116787
Epoch 129 Relative Error 0.008107461966574192
Epoch 130 Relative Error 0.008062844164669514
Epoch 131 Relative Error 0.00802830420434475
Epoch 132 Relative Error 0.007999335415661335
Epoch 133 Relative Error 0.007966010831296444
Epoch 134 Relative Error 0.007942399010062218
Epoch 135 Relative Error 0.007912254892289639
Epoch 136 Relative Error 0.007886645384132862
Epoch 137 Relative Error 0.007858306169509888
Epoch 138 Relative Error 0.00783117488026619
Epoch 139 Relative Error 0.0077984509989619255
Epoch 140 Relative Error 0.007779066916555166
Epoch 141 Relative Error 0.0077489991672337055
Epoch 142 Relative Error 0.007721118163317442
Epoch 143 Relative Error 0.007696797605603933
Epoch 144 Relative Error 0.007674258202314377
Epoch 145 Relative Error 0.007643027231097221
Epoch 146 Relative Error 0.00761799281463027
Epoch 147 Relative Error 0.007594481576234102
Epoch 148 Relative Error 0.0075686173513531685
Epoch 149 Relative Error 0.007547477260231972
Epoch 150 Relative Error 0.0075184619054198265
Epoch 151 Relative Error 0.007500295527279377
Epoch 152 Relative Error 0.007470918353646994
Epoch 153 Relative Error 0.007452985271811485
Epoch 154 Relative Error 0.007431932259351015
Epoch 155 Relative Error 0.007401529233902693
Epoch 156 Relative Error 0.007389088161289692
Epoch 157 Relative Error 0.007355766370892525
Epoch 158 Relative Error 0.007332886569201946
Epoch 159 Relative Error 0.007319931406527758
Epoch 160 Relative Error 0.007289407774806023
Epoch 161 Relative Error 0.0072707608342170715
Epoch 162 Relative Error 0.007244092412292957
Epoch 163 Relative Error 0.0072260345332324505
Epoch 164 Relative Error 0.0072138565592467785
Epoch 165 Relative Error 0.00718513922765851
Epoch 166 Relative Error 0.007161563728004694
Epoch 167 Relative Error 0.0071382662281394005
Epoch 168 Relative Error 0.007125649135559797
Epoch 169 Relative Error 0.007102552335709333
Epoch 170 Relative Error 0.007076009642332792
Epoch 171 Relative Error 0.007058179471641779
Epoch 172 Relative Error 0.007039382588118315
Epoch 173 Relative Error 0.007015955168753862
Epoch 174 Relative Error 0.006999095436185598
Epoch 175 Relative Error 0.006979815196245909
Epoch 176 Relative Error 0.006962912622839212
Epoch 177 Relative Error 0.006944276858121157
Epoch 178 Relative Error 0.006921067833900452
Epoch 179 Relative Error 0.006910639349371195
Epoch 180 Relative Error 0.006879390683025122
Epoch 181 Relative Error 0.006875772029161453
Epoch 182 Relative Error 0.006853663362562656
Epoch 183 Relative Error 0.006840502843260765
Epoch 184 Relative Error 0.006827780045568943
Epoch 185 Relative Error 0.006787899881601334
Epoch 186 Relative Error 0.006772458553314209
Epoch 187 Relative Error 0.006760039832442999
Epoch 188 Relative Error 0.006741663906723261
Epoch 189 Relative Error 0.0067269024439156055
Epoch 190 Relative Error 0.0067095342092216015
Epoch 191 Relative Error 0.0066885617561638355
Epoch 192 Relative Error 0.006670466624200344
Epoch 193 Relative Error 0.006650215946137905
Epoch 194 Relative Error 0.006637853104621172
Epoch 195 Relative Error 0.006620445754379034
Epoch 196 Relative Error 0.006603924557566643
Epoch 197 Relative Error 0.006586557719856501
Epoch 198 Relative Error 0.006574069149792194
Epoch 199 Relative Error 0.006562882103025913
Epoch 200 Relative Error 0.006555080879479647
Epoch 201 Relative Error 0.006528867408633232
Epoch 202 Relative Error 0.0065058558247983456
Epoch 203 Relative Error 0.006490666419267654
Epoch 204 Relative Error 0.0064772251062095165
Epoch 205 Relative Error 0.006482252385467291
Epoch 206 Relative Error 0.006451834458857775
Epoch 207 Relative Error 0.0064328075386583805
Epoch 208 Relative Error 0.006421583238989115
Epoch 209 Relative Error 0.00639479560777545
Epoch 210 Relative Error 0.006381060462445021
Epoch 211 Relative Error 0.00636811088770628
Epoch 212 Relative Error 0.006363269407302141
Epoch 213 Relative Error 0.006345077883452177
Epoch 214 Relative Error 0.006321946159005165
Epoch 215 Relative Error 0.006310038734227419
Epoch 216 Relative Error 0.006298060063272715
Epoch 217 Relative Error 0.006287883035838604
Epoch 218 Relative Error 0.006272074766457081
Epoch 219 Relative Error 0.006252207327634096
Epoch 220 Relative Error 0.006241127848625183
Epoch 221 Relative Error 0.006229255814105272
Epoch 222 Relative Error 0.006214381195604801
Epoch 223 Relative Error 0.006199702620506287
Epoch 224 Relative Error 0.006183341145515442
Epoch 225 Relative Error 0.006169947795569897
Epoch 226 Relative Error 0.0061570219695568085
Epoch 227 Relative Error 0.006152783986181021
Epoch 228 Relative Error 0.006132189184427261
Epoch 229 Relative Error 0.006122367922216654
Epoch 230 Relative Error 0.0061093843542039394
Epoch 231 Relative Error 0.006098367273807526
Epoch 232 Relative Error 0.006083115004003048
Epoch 233 Relative Error 0.006067168433219194
Epoch 234 Relative Error 0.00605101278051734
Epoch 235 Relative Error 0.006041631102561951
Epoch 236 Relative Error 0.006026224233210087
Epoch 237 Relative Error 0.006019228138029575
Epoch 238 Relative Error 0.005997899919748306
Epoch 239 Relative Error 0.005986665841192007
Epoch 240 Relative Error 0.00597439194098115
Epoch 241 Relative Error 0.00597086688503623
Epoch 242 Relative Error 0.005956711247563362
Epoch 243 Relative Error 0.005949570331722498
Epoch 244 Relative Error 0.005932905245572329
Epoch 245 Relative Error 0.0059149074368178844
Epoch 246 Relative Error 0.005904187448322773
Epoch 247 Relative Error 0.005893038585782051
Epoch 248 Relative Error 0.005881871096789837
Epoch 249 Relative Error 0.005866657011210918
Epoch 250 Relative Error 0.005860686767846346
Epoch 251 Relative Error 0.005847631487995386
Epoch 252 Relative Error 0.0058322022669017315
Epoch 253 Relative Error 0.005821470636874437
Epoch 254 Relative Error 0.0058096772991120815
Epoch 255 Relative Error 0.005797742400318384
Epoch 256 Relative Error 0.0057894508354365826
Epoch 257 Relative Error 0.005773764103651047
Epoch 258 Relative Error 0.005765537731349468
Epoch 259 Relative Error 0.005753310397267342
Epoch 260 Relative Error 0.005746474023908377
Epoch 261 Relative Error 0.00573138240724802
Epoch 262 Relative Error 0.005723220761865377
Epoch 263 Relative Error 0.0057114711962640285
Epoch 264 Relative Error 0.005698548164218664
Epoch 265 Relative Error 0.005691101308912039
Epoch 266 Relative Error 0.005681361071765423
Epoch 267 Relative Error 0.005671220365911722
Epoch 268 Relative Error 0.0056619164533913136
Epoch 269 Relative Error 0.00564796756953001
Epoch 270 Relative Error 0.005637986585497856
Epoch 271 Relative Error 0.005624869372695684
Epoch 272 Relative Error 0.005616611801087856
Epoch 273 Relative Error 0.005605642683804035
Epoch 274 Relative Error 0.005599593743681908
Epoch 275 Relative Error 0.005582989193499088
Epoch 276 Relative Error 0.005574907176196575
Epoch 277 Relative Error 0.005565633065998554
Epoch 278 Relative Error 0.005555443000048399
Epoch 279 Relative Error 0.005545676685869694
Epoch 280 Relative Error 0.005535265896469355
Epoch 281 Relative Error 0.00552491657435894
Epoch 282 Relative Error 0.005522729828953743
Epoch 283 Relative Error 0.0055107297375798225
Epoch 284 Relative Error 0.005499300081282854
Epoch 285 Relative Error 0.005488445982336998
Epoch 286 Relative Error 0.005476489197462797
Epoch 287 Relative Error 0.0054714251309633255
Epoch 288 Relative Error 0.005473925266414881
Epoch 289 Relative Error 0.005452468991279602
Epoch 290 Relative Error 0.005443332251161337
Epoch 291 Relative Error 0.0054295724257826805
Epoch 292 Relative Error 0.005421427544206381
Epoch 293 Relative Error 0.005414160434156656
Epoch 294 Relative Error 0.005399409681558609
Epoch 295 Relative Error 0.005392005201429129
Epoch 296 Relative Error 0.005385512951761484
Epoch 297 Relative Error 0.005377754103392363
Epoch 298 Relative Error 0.005366339813917875
Epoch 299 Relative Error 0.0053587001748383045
Epoch 300 Relative Error 0.005350857507437468
Epoch 301 Relative Error 0.005342582240700722
Epoch 302 Relative Error 0.005332394037395716
Epoch 303 Relative Error 0.005320705473423004
Epoch 304 Relative Error 0.005321287550032139
Epoch 305 Relative Error 0.005308827850967646
Epoch 306 Relative Error 0.005296720657497644
Epoch 307 Relative Error 0.005288532003760338
Epoch 308 Relative Error 0.005281155463308096
Epoch 309 Relative Error 0.0052699982188642025
Epoch 310 Relative Error 0.0052676270715892315
Epoch 311 Relative Error 0.005257406737655401
Epoch 312 Relative Error 0.005246659740805626
Epoch 313 Relative Error 0.005243079271167517
Epoch 314 Relative Error 0.005224589258432388
Epoch 315 Relative Error 0.005219651851803064
Epoch 316 Relative Error 0.00521398801356554
Epoch 317 Relative Error 0.005205616820603609
Epoch 318 Relative Error 0.005201718769967556
Epoch 319 Relative Error 0.005201871041208506
Epoch 320 Relative Error 0.005188631825149059
Epoch 321 Relative Error 0.00517303729429841
Epoch 322 Relative Error 0.005163100548088551
Epoch 323 Relative Error 0.005154648330062628
Epoch 324 Relative Error 0.005146858282387257
Epoch 325 Relative Error 0.0051397960633039474
Epoch 326 Relative Error 0.005132890306413174
Epoch 327 Relative Error 0.005133497063070536
Epoch 328 Relative Error 0.005125961732119322
Epoch 329 Relative Error 0.005109984893351793
Epoch 330 Relative Error 0.005101767834275961
Epoch 331 Relative Error 0.00509726582095027
Epoch 332 Relative Error 0.005087999626994133
Epoch 333 Relative Error 0.005076407454907894
Epoch 334 Relative Error 0.005076477769762278
Epoch 335 Relative Error 0.005069935228675604
Epoch 336 Relative Error 0.005066916812211275
Epoch 337 Relative Error 0.005057384259998798
Epoch 338 Relative Error 0.005042377393692732
Epoch 339 Relative Error 0.005038746166974306
Epoch 340 Relative Error 0.005023251287639141
Epoch 341 Relative Error 0.005019730888307095
Epoch 342 Relative Error 0.0050127822905778885
Epoch 343 Relative Error 0.005011818837374449
Epoch 344 Relative Error 0.005005626939237118
Epoch 345 Relative Error 0.005000881385058165
Epoch 346 Relative Error 0.004992378409951925
Epoch 347 Relative Error 0.004982392769306898
Epoch 348 Relative Error 0.004969490226358175
Epoch 349 Relative Error 0.004965643398463726
Epoch 350 Relative Error 0.004953979514539242
Epoch 351 Relative Error 0.004948150832206011
Epoch 352 Relative Error 0.00493716960772872
Epoch 353 Relative Error 0.004935191944241524
Epoch 354 Relative Error 0.004927486181259155
Epoch 355 Relative Error 0.004922270774841309
Epoch 356 Relative Error 0.004914652090519667
Epoch 357 Relative Error 0.0049032727256417274
Epoch 358 Relative Error 0.004897077567875385
Epoch 359 Relative Error 0.004895949270576239
Epoch 360 Relative Error 0.00488677155226469
Epoch 361 Relative Error 0.004874921403825283
Epoch 362 Relative Error 0.0048680538311600685
Epoch 363 Relative Error 0.004863359034061432
Epoch 364 Relative Error 0.004857758060097694
Epoch 365 Relative Error 0.004850593861192465
Epoch 366 Relative Error 0.004849685356020927
Epoch 367 Relative Error 0.004840018227696419
Epoch 368 Relative Error 0.0048297070898115635
Epoch 369 Relative Error 0.004823779687285423
Epoch 370 Relative Error 0.004817974753677845
Epoch 371 Relative Error 0.004808860365301371
Epoch 372 Relative Error 0.00480555510148406
Epoch 373 Relative Error 0.004803989548236132
Epoch 374 Relative Error 0.004797168541699648
Epoch 375 Relative Error 0.00478306645527482
Epoch 376 Relative Error 0.0047753374092280865
Epoch 377 Relative Error 0.004771734122186899
Epoch 378 Relative Error 0.004764370620250702
Epoch 379 Relative Error 0.004757747985422611
Epoch 380 Relative Error 0.004747244995087385
Epoch 381 Relative Error 0.004748221952468157
Epoch 382 Relative Error 0.004741727840155363
Epoch 383 Relative Error 0.0047407737001776695
Epoch 384 Relative Error 0.004734850954264402
Epoch 385 Relative Error 0.00472203129902482
Epoch 386 Relative Error 0.004716604482382536
Epoch 387 Relative Error 0.00471020583063364
Epoch 388 Relative Error 0.004712275695055723
Epoch 389 Relative Error 0.004699042998254299
Epoch 390 Relative Error 0.004688984714448452
Epoch 391 Relative Error 0.004685419611632824
Epoch 392 Relative Error 0.004679265432059765
Epoch 393 Relative Error 0.004676508251577616
Epoch 394 Relative Error 0.004666415974497795
Epoch 395 Relative Error 0.00466475123539567
Epoch 396 Relative Error 0.004659361205995083
Epoch 397 Relative Error 0.004647084046155214
Epoch 398 Relative Error 0.004644765984266996
Epoch 399 Relative Error 0.0046393913216888905
Epoch 400 Relative Error 0.004637827631086111
Epoch 401 Relative Error 0.004634876735508442
Epoch 402 Relative Error 0.0046217129565775394
Epoch 403 Relative Error 0.004613560624420643
Epoch 404 Relative Error 0.004611103795468807
Epoch 405 Relative Error 0.004602309316396713
Epoch 406 Relative Error 0.0045997886918485165
Epoch 407 Relative Error 0.004594599828124046
Epoch 408 Relative Error 0.004587285686284304
Epoch 409 Relative Error 0.004587785806506872
Epoch 410 Relative Error 0.004574785474687815
Epoch 411 Relative Error 0.004570672754198313
Epoch 412 Relative Error 0.00457016471773386
Epoch 413 Relative Error 0.004558559972792864
Epoch 414 Relative Error 0.00455133942887187
Epoch 415 Relative Error 0.004546245560050011
Epoch 416 Relative Error 0.004549303557723761
Epoch 417 Relative Error 0.004533397499471903
Epoch 418 Relative Error 0.004532856401056051
Epoch 419 Relative Error 0.004531145561486483
Epoch 420 Relative Error 0.004524038173258305
Epoch 421 Relative Error 0.004519004840403795
Epoch 422 Relative Error 0.004512947052717209
Epoch 423 Relative Error 0.0045074825175106525
Epoch 424 Relative Error 0.004509104415774345
Epoch 425 Relative Error 0.004499404691159725
Epoch 426 Relative Error 0.0044969674199819565
Epoch 427 Relative Error 0.00448138453066349
Epoch 428 Relative Error 0.004476685076951981
Epoch 429 Relative Error 0.0044845761731266975
Epoch 430 Relative Error 0.0044731502421200275
Epoch 431 Relative Error 0.004467624705284834
Epoch 432 Relative Error 0.004455233924090862
Epoch 433 Relative Error 0.0044555761851370335
Epoch 434 Relative Error 0.004450344480574131
Epoch 435 Relative Error 0.004446427803486586
Epoch 436 Relative Error 0.004444910679012537
Epoch 437 Relative Error 0.004429725930094719
Epoch 438 Relative Error 0.00442525465041399
Epoch 439 Relative Error 0.004426261875778437
Epoch 440 Relative Error 0.004420229699462652
Epoch 441 Relative Error 0.004412349313497543
Epoch 442 Relative Error 0.004405256360769272
Epoch 443 Relative Error 0.0044029890559613705
Epoch 444 Relative Error 0.004393633455038071
Epoch 445 Relative Error 0.004391270224004984
Epoch 446 Relative Error 0.004388291388750076
Epoch 447 Relative Error 0.004380199126899242
Epoch 448 Relative Error 0.00437476672232151
Epoch 449 Relative Error 0.004368531052023172
Epoch 450 Relative Error 0.004367224872112274
Epoch 451 Relative Error 0.0043614632450044155
Epoch 452 Relative Error 0.00436191214248538
Epoch 453 Relative Error 0.004356082528829575
Epoch 454 Relative Error 0.004349422175437212
Epoch 455 Relative Error 0.004344275686889887
Epoch 456 Relative Error 0.004336116369813681
Epoch 457 Relative Error 0.004332235082983971
Epoch 458 Relative Error 0.00433048140257597
Epoch 459 Relative Error 0.004323553293943405
Epoch 460 Relative Error 0.00431686919182539
Epoch 461 Relative Error 0.004313392098993063
Epoch 462 Relative Error 0.004310265649110079
Epoch 463 Relative Error 0.00430412869900465
Epoch 464 Relative Error 0.004299628082662821
Epoch 465 Relative Error 0.0043014176189899445
Epoch 466 Relative Error 0.004293488804250956
Epoch 467 Relative Error 0.004284856375306845
Epoch 468 Relative Error 0.004281307570636272
Epoch 469 Relative Error 0.004277658183127642
Epoch 470 Relative Error 0.0042748162522912025
Epoch 471 Relative Error 0.004271357785910368
Epoch 472 Relative Error 0.00426348764449358
Epoch 473 Relative Error 0.004260063637048006
Epoch 474 Relative Error 0.004259495064616203
Epoch 475 Relative Error 0.004255915060639381
Epoch 476 Relative Error 0.004246573895215988
Epoch 477 Relative Error 0.004243460018187761
Epoch 478 Relative Error 0.00423426041379571
Epoch 479 Relative Error 0.004232302773743868
Epoch 480 Relative Error 0.004227976314723492
Epoch 481 Relative Error 0.004223446361720562
Epoch 482 Relative Error 0.0042204586789011955
Epoch 483 Relative Error 0.004217090550810099
Epoch 484 Relative Error 0.00421779602766037
Epoch 485 Relative Error 0.004210974555462599
Epoch 486 Relative Error 0.004205246455967426
Epoch 487 Relative Error 0.0042061395943164825
Epoch 488 Relative Error 0.004205842036753893
Epoch 489 Relative Error 0.00418747728690505
Epoch 490 Relative Error 0.004187637008726597
Epoch 491 Relative Error 0.004180682823061943
Epoch 492 Relative Error 0.004175002686679363
Epoch 493 Relative Error 0.004181445110589266
Epoch 494 Relative Error 0.004166394006460905
Epoch 495 Relative Error 0.004165878985077143
Epoch 496 Relative Error 0.004158276133239269
Epoch 497 Relative Error 0.00415229145437479
Epoch 498 Relative Error 0.004150367341935635
Epoch 499 Relative Error 0.004146463703364134
Epoch 500 Relative Error 0.004138934891670942
Epoch 501 Relative Error 0.0041379197500646114
Epoch 502 Relative Error 0.004131639376282692
Epoch 503 Relative Error 0.0041296398267149925
Epoch 504 Relative Error 0.004126558545976877
Epoch 505 Relative Error 0.004118011798709631
Epoch 506 Relative Error 0.004114901181310415
Epoch 507 Relative Error 0.004113316535949707
Epoch 508 Relative Error 0.004108058754354715
Epoch 509 Relative Error 0.004103926010429859
Epoch 510 Relative Error 0.004097613971680403
Epoch 511 Relative Error 0.004092143848538399
Epoch 512 Relative Error 0.0040918393060564995
Epoch 513 Relative Error 0.004088741727173328
Epoch 514 Relative Error 0.004083193372935057
Epoch 515 Relative Error 0.004081879276782274
Epoch 516 Relative Error 0.004075083415955305
Epoch 517 Relative Error 0.004077088087797165
Epoch 518 Relative Error 0.004068262875080109
Epoch 519 Relative Error 0.004064527805894613
Epoch 520 Relative Error 0.004061141051352024
Epoch 521 Relative Error 0.004057485144585371
Epoch 522 Relative Error 0.004055590368807316
Epoch 523 Relative Error 0.004054319579154253
Epoch 524 Relative Error 0.0040467181243002415
Epoch 525 Relative Error 0.004046453628689051
Epoch 526 Relative Error 0.004043146036565304
Epoch 527 Relative Error 0.004039886873215437
Epoch 528 Relative Error 0.004037339705973864
Epoch 529 Relative Error 0.004029750823974609
Epoch 530 Relative Error 0.004026312381029129
Epoch 531 Relative Error 0.004022144712507725
Epoch 532 Relative Error 0.004022440407425165
Epoch 533 Relative Error 0.004017340950667858
Epoch 534 Relative Error 0.004010272677987814
Epoch 535 Relative Error 0.004001598339527845
Epoch 536 Relative Error 0.004005687311291695
Epoch 537 Relative Error 0.00399452680721879
Epoch 538 Relative Error 0.003996345680207014
Epoch 539 Relative Error 0.003989353310316801
Epoch 540 Relative Error 0.003986856434494257
Epoch 541 Relative Error 0.0039796712808310986
Epoch 542 Relative Error 0.0039839427918195724
Epoch 543 Relative Error 0.003979897126555443
Epoch 544 Relative Error 0.003969019278883934
Epoch 545 Relative Error 0.00397117156535387
Epoch 546 Relative Error 0.003960649482905865
Epoch 547 Relative Error 0.003955970983952284
Epoch 548 Relative Error 0.003956784028559923
Epoch 549 Relative Error 0.003953414503484964
Epoch 550 Relative Error 0.003944796044379473
Epoch 551 Relative Error 0.003943890333175659
Epoch 552 Relative Error 0.003940633963793516
Epoch 553 Relative Error 0.003936225548386574
Epoch 554 Relative Error 0.003933036234229803
Epoch 555 Relative Error 0.003925747703760862
Epoch 556 Relative Error 0.003924151882529259
Epoch 557 Relative Error 0.003920782823115587
Epoch 558 Relative Error 0.003918341360986233
Epoch 559 Relative Error 0.003915236797183752
Epoch 560 Relative Error 0.003912737593054771
Epoch 561 Relative Error 0.003912031650543213
Epoch 562 Relative Error 0.0039054567459970713
Epoch 563 Relative Error 0.003901797579601407
Epoch 564 Relative Error 0.0039016345981508493
Epoch 565 Relative Error 0.003892503911629319
Epoch 566 Relative Error 0.0038978399243205786
Epoch 567 Relative Error 0.003887489903718233
Epoch 568 Relative Error 0.0038893050514161587
Epoch 569 Relative Error 0.003889605635777116
Epoch 570 Relative Error 0.00387833034619689
Epoch 571 Relative Error 0.003875581780448556
Epoch 572 Relative Error 0.0038708513602614403
Epoch 573 Relative Error 0.003873454639688134
Epoch 574 Relative Error 0.0038789059035480022
Epoch 575 Relative Error 0.0038610443007200956
Epoch 576 Relative Error 0.0038604745641350746
Epoch 577 Relative Error 0.0038543937262147665
Epoch 578 Relative Error 0.003849696833640337
Epoch 579 Relative Error 0.003861097153276205
Epoch 580 Relative Error 0.0038496539928019047
Epoch 581 Relative Error 0.0038460155483335257
Epoch 582 Relative Error 0.0038449279963970184
Epoch 583 Relative Error 0.0038302598986774683
Epoch 584 Relative Error 0.0038462490774691105
Epoch 585 Relative Error 0.00384439411573112
Epoch 586 Relative Error 0.0038251003716140985
Epoch 587 Relative Error 0.0038535520434379578
Epoch 588 Relative Error 0.003821352496743202
Epoch 589 Relative Error 0.0038451531436294317
Epoch 590 Relative Error 0.003824664046987891
Epoch 591 Relative Error 0.0038135817740112543
Epoch 592 Relative Error 0.0038059114012867212
Epoch 593 Relative Error 0.0038035151083022356
Epoch 594 Relative Error 0.003800312289968133
Epoch 595 Relative Error 0.003801370970904827
Epoch 596 Relative Error 0.0037910507526248693
Epoch 597 Relative Error 0.0037887415383011103
Epoch 598 Relative Error 0.0038016270846128464
Epoch 599 Relative Error 0.0037883936893194914
Epoch 600 Relative Error 0.003784193191677332
Epoch 601 Relative Error 0.003783833933994174
Epoch 602 Relative Error 0.003769958857446909
Epoch 603 Relative Error 0.0037708666641265154
Epoch 604 Relative Error 0.0037670324090868235
Epoch 605 Relative Error 0.0037722899578511715
Epoch 606 Relative Error 0.003768439870327711
Epoch 607 Relative Error 0.0037617948837578297
Epoch 608 Relative Error 0.003762895707041025
Epoch 609 Relative Error 0.003748721443116665
Epoch 610 Relative Error 0.003749250201508403
Epoch 611 Relative Error 0.003743105800822377
Epoch 612 Relative Error 0.003742184955626726
Epoch 613 Relative Error 0.0037364824675023556
Epoch 614 Relative Error 0.003733538556843996
Epoch 615 Relative Error 0.00373055599629879
Epoch 616 Relative Error 0.0037285725120455027
Epoch 617 Relative Error 0.003727844450622797
Epoch 618 Relative Error 0.003719671629369259
Epoch 619 Relative Error 0.0037196616176515818
Epoch 620 Relative Error 0.003713371930643916
Epoch 621 Relative Error 0.003712269477546215
Epoch 622 Relative Error 0.0037111106794327497
Epoch 623 Relative Error 0.003705146722495556
Epoch 624 Relative Error 0.0037043762858957052
Epoch 625 Relative Error 0.0037021867465227842
Epoch 626 Relative Error 0.0036980528384447098
Epoch 627 Relative Error 0.003695460967719555
Epoch 628 Relative Error 0.0036942153237760067
Epoch 629 Relative Error 0.003694254206493497
Epoch 630 Relative Error 0.0036853027995675802
Epoch 631 Relative Error 0.003687714459374547
Epoch 632 Relative Error 0.003688080469146371
Epoch 633 Relative Error 0.0036805004347115755
Epoch 634 Relative Error 0.003679038491100073
Epoch 635 Relative Error 0.0036718223709613085
Epoch 636 Relative Error 0.003672660794109106
Epoch 637 Relative Error 0.0036708766128867865
Epoch 638 Relative Error 0.0036636292934417725
Epoch 639 Relative Error 0.0036572804674506187
Epoch 640 Relative Error 0.003652608022093773
Epoch 641 Relative Error 0.003652885090559721
Epoch 642 Relative Error 0.00364891835488379
Epoch 643 Relative Error 0.0036499258130788803
Epoch 644 Relative Error 0.0036467579193413258
Epoch 645 Relative Error 0.0036436389200389385
Epoch 646 Relative Error 0.0036407208535820246
Epoch 647 Relative Error 0.003640088951215148
Epoch 648 Relative Error 0.003635517554357648
Epoch 649 Relative Error 0.003632614156231284
Epoch 650 Relative Error 0.003629604820162058
Epoch 651 Relative Error 0.0036230310797691345
Epoch 652 Relative Error 0.003623532596975565
Epoch 653 Relative Error 0.003616170957684517
Epoch 654 Relative Error 0.0036147714126855135
Epoch 655 Relative Error 0.0036116845440119505
Epoch 656 Relative Error 0.003609947394579649
Epoch 657 Relative Error 0.0036092870868742466
Epoch 658 Relative Error 0.003603894729167223
Epoch 659 Relative Error 0.0036024581640958786
Epoch 660 Relative Error 0.003600375261157751
Epoch 661 Relative Error 0.003600714262574911
Epoch 662 Relative Error 0.0035932327155023813
Epoch 663 Relative Error 0.0035897898487746716
Epoch 664 Relative Error 0.003589615458622575
Epoch 665 Relative Error 0.003582763485610485
Epoch 666 Relative Error 0.003587301354855299
Epoch 667 Relative Error 0.0035803678911179304
Epoch 668 Relative Error 0.0035765597131103277
Epoch 669 Relative Error 0.0035730008967220783
Epoch 670 Relative Error 0.0035738262813538313
Epoch 671 Relative Error 0.003573336638510227
Epoch 672 Relative Error 0.0035663144662976265
Epoch 673 Relative Error 0.0035650483332574368
Epoch 674 Relative Error 0.0035603183787316084
Epoch 675 Relative Error 0.0035570261534303427
Epoch 676 Relative Error 0.003561143297702074
Epoch 677 Relative Error 0.003551966743543744
Epoch 678 Relative Error 0.00355220097117126
Epoch 679 Relative Error 0.0035477979108691216
Epoch 680 Relative Error 0.003547139698639512
Epoch 681 Relative Error 0.003543665399774909
Epoch 682 Relative Error 0.0035441096406430006
Epoch 683 Relative Error 0.003541551996022463
Epoch 684 Relative Error 0.0035335449501872063
Epoch 685 Relative Error 0.003536416683346033
Epoch 686 Relative Error 0.0035272156819701195
Epoch 687 Relative Error 0.003528264816850424
Epoch 688 Relative Error 0.0035251136869192123
Epoch 689 Relative Error 0.0035186067689210176
Epoch 690 Relative Error 0.0035179585684090853
Epoch 691 Relative Error 0.003515146905556321
Epoch 692 Relative Error 0.003510823007673025
Epoch 693 Relative Error 0.003509567817673087
Epoch 694 Relative Error 0.0035082988906651735
Epoch 695 Relative Error 0.0035115245264023542
Epoch 696 Relative Error 0.003510410198941827
Epoch 697 Relative Error 0.003501910949125886
Epoch 698 Relative Error 0.003506186418235302
Epoch 699 Relative Error 0.0034974871668964624
Epoch 700 Relative Error 0.0035015218891203403
Epoch 701 Relative Error 0.0034934254363179207
Epoch 702 Relative Error 0.0034917304292321205
Epoch 703 Relative Error 0.0034920021425932646
Epoch 704 Relative Error 0.0034818726126104593
Epoch 705 Relative Error 0.003484194865450263
Epoch 706 Relative Error 0.003481640014797449
Epoch 707 Relative Error 0.003477369900792837
Epoch 708 Relative Error 0.003471611300483346
Epoch 709 Relative Error 0.0034701484255492687
Epoch 710 Relative Error 0.0034702406264841557
Epoch 711 Relative Error 0.0034653646871447563
Epoch 712 Relative Error 0.0034655446652323008
Epoch 713 Relative Error 0.003468933282420039
Epoch 714 Relative Error 0.0034597378689795732
Epoch 715 Relative Error 0.003455962287262082
Epoch 716 Relative Error 0.0034589094575494528
Epoch 717 Relative Error 0.0034529229160398245
Epoch 718 Relative Error 0.003452684497460723
Epoch 719 Relative Error 0.003442957065999508
Epoch 720 Relative Error 0.00343927345238626
Epoch 721 Relative Error 0.003443594789132476
Epoch 722 Relative Error 0.00344119337387383
Epoch 723 Relative Error 0.0034374427050352097
Epoch 724 Relative Error 0.0034327388275414705
Epoch 725 Relative Error 0.003428115975111723
Epoch 726 Relative Error 0.0034264158457517624
Epoch 727 Relative Error 0.0034277690574526787
Epoch 728 Relative Error 0.0034227753058075905
Epoch 729 Relative Error 0.003421201603487134
Epoch 730 Relative Error 0.0034191145095974207
Epoch 731 Relative Error 0.0034158455673605204
Epoch 732 Relative Error 0.0034149200655519962
Epoch 733 Relative Error 0.003414645791053772
Epoch 734 Relative Error 0.003409328404814005
Epoch 735 Relative Error 0.0034098399337381124
Epoch 736 Relative Error 0.00340677029453218
Epoch 737 Relative Error 0.0034031206741929054
Epoch 738 Relative Error 0.003401384688913822
Epoch 739 Relative Error 0.0034075244329869747
Epoch 740 Relative Error 0.003393115010112524
Epoch 741 Relative Error 0.0033973464742302895
Epoch 742 Relative Error 0.0033898542169481516
Epoch 743 Relative Error 0.0033867594320327044
Epoch 744 Relative Error 0.0033827247098088264
Epoch 745 Relative Error 0.0033816704526543617
Epoch 746 Relative Error 0.0033814990893006325
Epoch 747 Relative Error 0.003382000606507063
Epoch 748 Relative Error 0.003373833140358329
Epoch 749 Relative Error 0.0033766673877835274
Epoch 750 Relative Error 0.0033714324235916138
Epoch 751 Relative Error 0.003369983285665512
Epoch 752 Relative Error 0.003369790269061923
Epoch 753 Relative Error 0.003368665464222431
Epoch 754 Relative Error 0.003360348055139184
Epoch 755 Relative Error 0.0033602905459702015
Epoch 756 Relative Error 0.0033573396503925323
Epoch 757 Relative Error 0.003354219486936927
Epoch 758 Relative Error 0.003352107247337699
Epoch 759 Relative Error 0.0033538793213665485
Epoch 760 Relative Error 0.0033469267655164003
Epoch 761 Relative Error 0.0033443630672991276
Epoch 762 Relative Error 0.003345735603943467
Epoch 763 Relative Error 0.0033397271763533354
Epoch 764 Relative Error 0.003338179085403681
Epoch 765 Relative Error 0.003335155313834548
Epoch 766 Relative Error 0.0033336009364575148
Epoch 767 Relative Error 0.003331560641527176
Epoch 768 Relative Error 0.0033310202416032553
Epoch 769 Relative Error 0.003329362953081727
Epoch 770 Relative Error 0.0033250863198190928
Epoch 771 Relative Error 0.0033260220661759377
Epoch 772 Relative Error 0.003321881638839841
Epoch 773 Relative Error 0.003320307470858097
Epoch 774 Relative Error 0.003321160329505801
Epoch 775 Relative Error 0.00332502368837595
Epoch 776 Relative Error 0.003316329326480627
Epoch 777 Relative Error 0.0033141309395432472
Epoch 778 Relative Error 0.0033095141407102346
Epoch 779 Relative Error 0.003306580940261483
Epoch 780 Relative Error 0.003307254519313574
Epoch 781 Relative Error 0.003306260099634528
Epoch 782 Relative Error 0.003315909765660763
Epoch 783 Relative Error 0.0033052475191652775
Epoch 784 Relative Error 0.003300056327134371
Epoch 785 Relative Error 0.003295864211395383
Epoch 786 Relative Error 0.0032993932254612446
Epoch 787 Relative Error 0.003294582711532712
Epoch 788 Relative Error 0.003297642106190324
Epoch 789 Relative Error 0.003293572459369898
Epoch 790 Relative Error 0.0032941624522209167
Epoch 791 Relative Error 0.0032863658852875233
Epoch 792 Relative Error 0.003282182849943638
Epoch 793 Relative Error 0.0032814478036016226
Epoch 794 Relative Error 0.0032813732977956533
Epoch 795 Relative Error 0.003278330434113741
Epoch 796 Relative Error 0.0032758978195488453
Epoch 797 Relative Error 0.0032740053720772266
Epoch 798 Relative Error 0.0032699578441679478
Epoch 799 Relative Error 0.0032663242891430855
Epoch 800 Relative Error 0.0032666241750121117
Epoch 801 Relative Error 0.0032626031897962093
Epoch 802 Relative Error 0.0032633275259286165
Epoch 803 Relative Error 0.003264803672209382
Epoch 804 Relative Error 0.0032639936544001102
Epoch 805 Relative Error 0.0032570844050496817
Epoch 806 Relative Error 0.0032580350525677204
Epoch 807 Relative Error 0.0032529826276004314
Epoch 808 Relative Error 0.0032458261121064425
Epoch 809 Relative Error 0.0032497588545084
Epoch 810 Relative Error 0.003249016124755144
Epoch 811 Relative Error 0.0032452719751745462
Epoch 812 Relative Error 0.003246193053200841
Epoch 813 Relative Error 0.003247753484174609
Epoch 814 Relative Error 0.0032396421302109957
Epoch 815 Relative Error 0.0032377135939896107
Epoch 816 Relative Error 0.003233538940548897
Epoch 817 Relative Error 0.0032280904706567526
Epoch 818 Relative Error 0.0032289864029735327
Epoch 819 Relative Error 0.003222155384719372
Epoch 820 Relative Error 0.00322597473859787
Epoch 821 Relative Error 0.0032226773910224438
Epoch 822 Relative Error 0.0032155117951333523
Epoch 823 Relative Error 0.0032207064796239138
Epoch 824 Relative Error 0.003215302247554064
Epoch 825 Relative Error 0.003214216558262706
Epoch 826 Relative Error 0.0032087962608784437
Epoch 827 Relative Error 0.0032051762100309134
Epoch 828 Relative Error 0.0032042625825852156
Epoch 829 Relative Error 0.0032026253174990416
Epoch 830 Relative Error 0.003202684223651886
Epoch 831 Relative Error 0.003198794322088361
Epoch 832 Relative Error 0.003196055069565773
Epoch 833 Relative Error 0.0032018679194152355
Epoch 834 Relative Error 0.003192740259692073
Epoch 835 Relative Error 0.003194615012034774
Epoch 836 Relative Error 0.003190347459167242
Epoch 837 Relative Error 0.0031901777256280184
Epoch 838 Relative Error 0.0031859176233410835
Epoch 839 Relative Error 0.003181415144354105
Epoch 840 Relative Error 0.003181805834174156
Epoch 841 Relative Error 0.0031793355010449886
Epoch 842 Relative Error 0.00318045518361032
Epoch 843 Relative Error 0.0031819723080843687
Epoch 844 Relative Error 0.0031744702719151974
Epoch 845 Relative Error 0.003171057440340519
Epoch 846 Relative Error 0.0031731207855045795
Epoch 847 Relative Error 0.003167773364111781
Epoch 848 Relative Error 0.0031656522769480944
Epoch 849 Relative Error 0.00316437566652894
Epoch 850 Relative Error 0.0031606885604560375
Epoch 851 Relative Error 0.0031587465200573206
Epoch 852 Relative Error 0.0031566484831273556
Epoch 853 Relative Error 0.0031544005032628775
Epoch 854 Relative Error 0.0031549560371786356
Epoch 855 Relative Error 0.0031527692917734385
Epoch 856 Relative Error 0.0031516668386757374
Epoch 857 Relative Error 0.003146345494315028
Epoch 858 Relative Error 0.003146535251289606
Epoch 859 Relative Error 0.0031492102425545454
Epoch 860 Relative Error 0.003146424889564514
Epoch 861 Relative Error 0.003146131755784154
Epoch 862 Relative Error 0.0031441703904420137
Epoch 863 Relative Error 0.0031394734978675842
Epoch 864 Relative Error 0.0031428781803697348
Epoch 865 Relative Error 0.0031482146587222815
Epoch 866 Relative Error 0.0031440267339348793
Epoch 867 Relative Error 0.0031488961540162563
Epoch 868 Relative Error 0.0031459040474146605
Epoch 869 Relative Error 0.0031348515767604113
Epoch 870 Relative Error 0.0031563020311295986
Epoch 871 Relative Error 0.0031407130882143974
Epoch 872 Relative Error 0.0031379805877804756
Epoch 873 Relative Error 0.0031322704162448645
Epoch 874 Relative Error 0.003122593741863966
Epoch 875 Relative Error 0.003121420508250594
Epoch 876 Relative Error 0.0031156083568930626
Epoch 877 Relative Error 0.0031111843418329954
Epoch 878 Relative Error 0.0031087954994291067
Epoch 879 Relative Error 0.0031083449721336365
Epoch 880 Relative Error 0.003104190342128277
Epoch 881 Relative Error 0.0031067451927810907
Epoch 882 Relative Error 0.0031030094251036644
Epoch 883 Relative Error 0.0031007351353764534
Epoch 884 Relative Error 0.0030999709852039814
Epoch 885 Relative Error 0.0030972796957939863
Epoch 886 Relative Error 0.0030957520939409733
Epoch 887 Relative Error 0.003094150684773922
Epoch 888 Relative Error 0.0030936207622289658
Epoch 889 Relative Error 0.0030932719819247723
Epoch 890 Relative Error 0.0030868095345795155
Epoch 891 Relative Error 0.0030886188615113497
Epoch 892 Relative Error 0.0030885159503668547
Epoch 893 Relative Error 0.0030835180077701807
Epoch 894 Relative Error 0.003086244221776724
Epoch 895 Relative Error 0.003090320620685816
Epoch 896 Relative Error 0.00307985907420516
Epoch 897 Relative Error 0.0030790441669523716
Epoch 898 Relative Error 0.0030730124562978745
Epoch 899 Relative Error 0.0030726646073162556
Epoch 900 Relative Error 0.003071990329772234
Epoch 901 Relative Error 0.0030675751622766256
Epoch 902 Relative Error 0.0030705321114510298
Epoch 903 Relative Error 0.003070458071306348
Epoch 904 Relative Error 0.0030635257717221975
Epoch 905 Relative Error 0.0030641478952020407
Epoch 906 Relative Error 0.003061969531700015
Epoch 907 Relative Error 0.0030604256317019463
Epoch 908 Relative Error 0.0030576391145586967
Epoch 909 Relative Error 0.003055016975849867
Epoch 910 Relative Error 0.0030547853093594313
Epoch 911 Relative Error 0.0030523319728672504
Epoch 912 Relative Error 0.003051904495805502
Epoch 913 Relative Error 0.003051601117476821
Epoch 914 Relative Error 0.0030484178569167852
Epoch 915 Relative Error 0.0030440089758485556
Epoch 916 Relative Error 0.003043893026188016
Epoch 917 Relative Error 0.003040553769096732
Epoch 918 Relative Error 0.003046396654099226
Epoch 919 Relative Error 0.0030425265431404114
Epoch 920 Relative Error 0.0030417360831052065
Epoch 921 Relative Error 0.0030428729951381683
Epoch 922 Relative Error 0.0030423253774642944
Epoch 923 Relative Error 0.0030369344167411327
Epoch 924 Relative Error 0.0030332293827086687
Epoch 925 Relative Error 0.0030351895838975906
Epoch 926 Relative Error 0.0030346291605383158
Epoch 927 Relative Error 0.0030312256421893835
Epoch 928 Relative Error 0.003027376253157854
Epoch 929 Relative Error 0.0030284204985946417
Epoch 930 Relative Error 0.0030232162680476904
Epoch 931 Relative Error 0.0030335120391100645
Epoch 932 Relative Error 0.003030897118151188
Epoch 933 Relative Error 0.0030171279795467854
Epoch 934 Relative Error 0.0030150238890200853
Epoch 935 Relative Error 0.00301596662029624
Epoch 936 Relative Error 0.003021646523848176
Epoch 937 Relative Error 0.0030141761526465416
Epoch 938 Relative Error 0.0030112112872302532
Epoch 939 Relative Error 0.003012597793713212
Epoch 940 Relative Error 0.003008674131706357
Epoch 941 Relative Error 0.0030089288484305143
Epoch 942 Relative Error 0.0030039390549063683
Epoch 943 Relative Error 0.0029985494911670685
Epoch 944 Relative Error 0.003005136037245393
Epoch 945 Relative Error 0.0029977550730109215
Epoch 946 Relative Error 0.00300398375838995
Epoch 947 Relative Error 0.0030127805657684803
Epoch 948 Relative Error 0.002990596927702427
Epoch 949 Relative Error 0.00299370801076293
Epoch 950 Relative Error 0.0029921361710876226
Epoch 951 Relative Error 0.0029920984525233507
Epoch 952 Relative Error 0.0030007169116288424
Epoch 953 Relative Error 0.002997481729835272
Epoch 954 Relative Error 0.002986603882163763
Epoch 955 Relative Error 0.0029815398156642914
Epoch 956 Relative Error 0.0029770361725240946
Epoch 957 Relative Error 0.002978208940476179
Epoch 958 Relative Error 0.002973862923681736
Epoch 959 Relative Error 0.0029765621293336153
Epoch 960 Relative Error 0.0029779213946312666
Epoch 961 Relative Error 0.0029747621156275272
Epoch 962 Relative Error 0.0029704440385103226
Epoch 963 Relative Error 0.0029672931414097548
Epoch 964 Relative Error 0.0029656081460416317
Epoch 965 Relative Error 0.002966135274618864
Epoch 966 Relative Error 0.00296575715765357
Epoch 967 Relative Error 0.0029598199762403965
Epoch 968 Relative Error 0.0029596625827252865
Epoch 969 Relative Error 0.0029556755907833576
Epoch 970 Relative Error 0.0029539912939071655
Epoch 971 Relative Error 0.0029527018778026104
Epoch 972 Relative Error 0.0029512944165617228
Epoch 973 Relative Error 0.0029512459877878428
Epoch 974 Relative Error 0.002947514643892646
Epoch 975 Relative Error 0.002950318856164813
Epoch 976 Relative Error 0.002946461783722043
Epoch 977 Relative Error 0.002946564694866538
Epoch 978 Relative Error 0.0029431083239614964
Epoch 979 Relative Error 0.0029411418363451958
Epoch 980 Relative Error 0.002938109217211604
Epoch 981 Relative Error 0.002938502235338092
Epoch 982 Relative Error 0.0029383469372987747
Epoch 983 Relative Error 0.002935065422207117
Epoch 984 Relative Error 0.00293189799413085
Epoch 985 Relative Error 0.0029301613103598356
Epoch 986 Relative Error 0.0029332272242754698
Epoch 987 Relative Error 0.0029283761978149414
Epoch 988 Relative Error 0.0029289310332387686
Epoch 989 Relative Error 0.0029246918857097626
Epoch 990 Relative Error 0.0029261871241033077
Epoch 991 Relative Error 0.002926038345322013
Epoch 992 Relative Error 0.0029258434660732746
Epoch 993 Relative Error 0.0029232720844447613
Epoch 994 Relative Error 0.002917181933298707
Epoch 995 Relative Error 0.0029165539890527725
Epoch 996 Relative Error 0.0029159439727663994
Epoch 997 Relative Error 0.002915513003244996
Epoch 998 Relative Error 0.0029138359241187572
Epoch 999 Relative Error 0.002913501113653183
Epoch 1000 Relative Error 0.0029115299694240093
RE (2, 8, 12, 0): 0.0029115299694240093
Green's Function RE (2, 8, 12, 0): 0.010278169065713882
Bias Term RE (2, 8, 12, 0): 0.004924329463392496
Combination (2, 8, 12, 0, 0): 0.0028828659560531378
Combination (2, 8, 12, 0, 1): 0.0023528453893959522
Combination (2, 8, 12, 0, 2): 0.0022000193130224943
Combination (2, 8, 12, 0, 3): 0.00215649395249784
Combination (2, 8, 12, 0, 4): 0.002136537106707692

/home/gridsan/gstepaniants/.local/lib/python3.8/site-packages/torch/functional.py:478: UserWarning: torch.meshgrid: in an upcoming release, it will be required to pass the indexing argument. (Triggered internally at  ../aten/src/ATen/native/TensorShape.cpp:2895.)
  return _VF.meshgrid(tensors, **kwargs)  # type: ignore[attr-defined]
