[KeOps] Warning : Cuda libraries were not detected on the system ; using cpu only mode
1
Kernel: Matern3/2
Weight Mesh: 20
RKHS Kernel Width: 0.5
Lambda: 1e-06
Green's Function Learning Rate: 100
Bias Term Learning Rate: 100
Epoch 1 Relative Error 11157.654296875
First epoch had re = 11157.654296875 > 1
Green's Function Learning Rate: 50
Bias Term Learning Rate: 50
Epoch 1 Relative Error 7063.61572265625
First epoch had re = 7063.61572265625 > 1
Green's Function Learning Rate: 10
Bias Term Learning Rate: 10
Epoch 1 Relative Error 1466.7943115234375
First epoch had re = 1466.7943115234375 > 1
Green's Function Learning Rate: 5
Bias Term Learning Rate: 5
Epoch 1 Relative Error 541.781494140625
First epoch had re = 541.781494140625 > 1
Green's Function Learning Rate: 1
Bias Term Learning Rate: 1
Epoch 1 Relative Error 137.83969116210938
First epoch had re = 137.83969116210938 > 1
Green's Function Learning Rate: 0.5
Bias Term Learning Rate: 0.5
Epoch 1 Relative Error 54.88322448730469
First epoch had re = 54.88322448730469 > 1
Green's Function Learning Rate: 0.1
Bias Term Learning Rate: 0.1
Epoch 1 Relative Error 10.913900375366211
First epoch had re = 10.913900375366211 > 1
Green's Function Learning Rate: 0.05
Bias Term Learning Rate: 0.05
Epoch 1 Relative Error 5.463454723358154
First epoch had re = 5.463454723358154 > 1
Green's Function Learning Rate: 0.01
Bias Term Learning Rate: 0.01
Epoch 1 Relative Error 0.823434591293335
Epoch 2 Relative Error 1.0126752853393555
Epoch 3 Relative Error 0.7016018033027649
Epoch 4 Relative Error 0.8139151930809021
Epoch 5 Relative Error 0.580242395401001
Epoch 6 Relative Error 0.6941022872924805
Epoch 7 Relative Error 0.5140711069107056
Epoch 8 Relative Error 0.5462120771408081
Epoch 9 Relative Error 0.47237181663513184
Epoch 10 Relative Error 0.4642978310585022
Epoch 11 Relative Error 0.47293901443481445
Epoch 12 Relative Error 0.43703341484069824
Epoch 13 Relative Error 0.45180946588516235
Epoch 14 Relative Error 0.4267803430557251
Epoch 15 Relative Error 0.42330241203308105
Epoch 16 Relative Error 0.4353598356246948
Epoch 17 Relative Error 0.4179629981517792
Epoch 18 Relative Error 0.41467562317848206
Epoch 19 Relative Error 0.41705408692359924
Epoch 20 Relative Error 0.4121403694152832
Epoch 21 Relative Error 0.411160945892334
Epoch 22 Relative Error 0.4116257429122925
Epoch 23 Relative Error 0.4116972088813782
Epoch 24 Relative Error 0.40818658471107483
Epoch 25 Relative Error 0.4070221781730652
Epoch 26 Relative Error 0.4063774645328522
Epoch 27 Relative Error 0.4051690399646759
Epoch 28 Relative Error 0.40351051092147827
Epoch 29 Relative Error 0.4026173949241638
Epoch 30 Relative Error 0.40072202682495117
Epoch 31 Relative Error 0.399344265460968
Epoch 32 Relative Error 0.3978787362575531
Epoch 33 Relative Error 0.396574467420578
Epoch 34 Relative Error 0.3952051103115082
Epoch 35 Relative Error 0.39355310797691345
Epoch 36 Relative Error 0.3921690285205841
Epoch 37 Relative Error 0.3903200924396515
Epoch 38 Relative Error 0.38890403509140015
Epoch 39 Relative Error 0.3873280882835388
Epoch 40 Relative Error 0.3860825300216675
Epoch 41 Relative Error 0.3845677673816681
Epoch 42 Relative Error 0.38312047719955444
Epoch 43 Relative Error 0.38237446546554565
Epoch 44 Relative Error 0.38022810220718384
Epoch 45 Relative Error 0.3783254325389862
Epoch 46 Relative Error 0.3768695592880249
Epoch 47 Relative Error 0.3754253387451172
Epoch 48 Relative Error 0.3747364282608032
Epoch 49 Relative Error 0.3730153739452362
Epoch 50 Relative Error 0.37078261375427246
Epoch 51 Relative Error 0.3693073093891144
Epoch 52 Relative Error 0.3680078089237213
Epoch 53 Relative Error 0.366656094789505
Epoch 54 Relative Error 0.36523181200027466
Epoch 55 Relative Error 0.3634697496891022
Epoch 56 Relative Error 0.36261290311813354
Epoch 57 Relative Error 0.3616945743560791
Epoch 58 Relative Error 0.3594423830509186
Epoch 59 Relative Error 0.3574056625366211
Epoch 60 Relative Error 0.35563868284225464
Epoch 61 Relative Error 0.3546176254749298
Epoch 62 Relative Error 0.35356396436691284
Epoch 63 Relative Error 0.35200607776641846
Epoch 64 Relative Error 0.35006046295166016
Epoch 65 Relative Error 0.3484416902065277
Epoch 66 Relative Error 0.3471660017967224
Epoch 67 Relative Error 0.3457125127315521
Epoch 68 Relative Error 0.34490519762039185
Epoch 69 Relative Error 0.34407615661621094
Epoch 70 Relative Error 0.3421013653278351
Epoch 71 Relative Error 0.3406337797641754
Epoch 72 Relative Error 0.3391387164592743
Epoch 73 Relative Error 0.3377224802970886
Epoch 74 Relative Error 0.33671265840530396
Epoch 75 Relative Error 0.3341924250125885
Epoch 76 Relative Error 0.33291253447532654
Epoch 77 Relative Error 0.3317316174507141
Epoch 78 Relative Error 0.3299664556980133
Epoch 79 Relative Error 0.3302673101425171
Epoch 80 Relative Error 0.33116835355758667
Epoch 81 Relative Error 0.3282790184020996
Epoch 82 Relative Error 0.3254953920841217
Epoch 83 Relative Error 0.3242653012275696
Epoch 84 Relative Error 0.32249337434768677
Epoch 85 Relative Error 0.32088223099708557
Epoch 86 Relative Error 0.3210166394710541
Epoch 87 Relative Error 0.32031169533729553
Epoch 88 Relative Error 0.31907933950424194
Epoch 89 Relative Error 0.3163221478462219
Epoch 90 Relative Error 0.314900666475296
Epoch 91 Relative Error 0.3132806122303009
Epoch 92 Relative Error 0.31193020939826965
Epoch 93 Relative Error 0.31093424558639526
Epoch 94 Relative Error 0.31043392419815063
Epoch 95 Relative Error 0.3117082118988037
Epoch 96 Relative Error 0.31125667691230774
Epoch 97 Relative Error 0.3069641888141632
Epoch 98 Relative Error 0.3048647940158844
Epoch 99 Relative Error 0.30363014340400696
Epoch 100 Relative Error 0.3025364577770233
Epoch 101 Relative Error 0.30199170112609863
Epoch 102 Relative Error 0.3001767694950104
Epoch 103 Relative Error 0.2995404899120331
Epoch 104 Relative Error 0.2999311089515686
Epoch 105 Relative Error 0.29759082198143005
Epoch 106 Relative Error 0.29558613896369934
Epoch 107 Relative Error 0.2949674427509308
Epoch 108 Relative Error 0.29366639256477356
Epoch 109 Relative Error 0.29330912232398987
Epoch 110 Relative Error 0.29288437962532043
Epoch 111 Relative Error 0.2913585901260376
Epoch 112 Relative Error 0.2904545068740845
Epoch 113 Relative Error 0.2902117967605591
Epoch 114 Relative Error 0.29045045375823975
Epoch 115 Relative Error 0.28808730840682983
Epoch 116 Relative Error 0.285631388425827
Epoch 117 Relative Error 0.2846550941467285
Epoch 118 Relative Error 0.2842094898223877
Epoch 119 Relative Error 0.2835698127746582
Epoch 120 Relative Error 0.2830958664417267
Epoch 121 Relative Error 0.2819077670574188
Epoch 122 Relative Error 0.2804688811302185
Epoch 123 Relative Error 0.2805541157722473
Epoch 124 Relative Error 0.2789314389228821
Epoch 125 Relative Error 0.2783420979976654
Epoch 126 Relative Error 0.27660587430000305
Epoch 127 Relative Error 0.27572569251060486
Epoch 128 Relative Error 0.2751877009868622
Epoch 129 Relative Error 0.27427759766578674
Epoch 130 Relative Error 0.2732328474521637
Epoch 131 Relative Error 0.27255159616470337
Epoch 132 Relative Error 0.272148072719574
Epoch 133 Relative Error 0.272112101316452
Epoch 134 Relative Error 0.27329233288764954
Epoch 135 Relative Error 0.2701151669025421
Epoch 136 Relative Error 0.26852884888648987
Epoch 137 Relative Error 0.2679300606250763
Epoch 138 Relative Error 0.267767071723938
Epoch 139 Relative Error 0.2671356499195099
Epoch 140 Relative Error 0.26574990153312683
Epoch 141 Relative Error 0.26486897468566895
Epoch 142 Relative Error 0.2642405331134796
Epoch 143 Relative Error 0.2646062672138214
Epoch 144 Relative Error 0.2640393078327179
Epoch 145 Relative Error 0.2647759020328522
Epoch 146 Relative Error 0.2621775269508362
Epoch 147 Relative Error 0.26110026240348816
Epoch 148 Relative Error 0.2608380913734436
Epoch 149 Relative Error 0.26052621006965637
Epoch 150 Relative Error 0.26182642579078674
Epoch 151 Relative Error 0.258719265460968
Epoch 152 Relative Error 0.26114144921302795
Epoch 153 Relative Error 0.2589210867881775
Epoch 154 Relative Error 0.2568342685699463
Epoch 155 Relative Error 0.2582307755947113
Epoch 156 Relative Error 0.257127046585083
Epoch 157 Relative Error 0.25620588660240173
Epoch 158 Relative Error 0.25517216324806213
Epoch 159 Relative Error 0.2545364201068878
Epoch 160 Relative Error 0.2531481981277466
Epoch 161 Relative Error 0.25363197922706604
Epoch 162 Relative Error 0.2528373599052429
Epoch 163 Relative Error 0.2531024217605591
Epoch 164 Relative Error 0.2517988383769989
Epoch 165 Relative Error 0.2518080770969391
Epoch 166 Relative Error 0.25072360038757324
Epoch 167 Relative Error 0.2497578114271164
Epoch 168 Relative Error 0.24986307322978973
Epoch 169 Relative Error 0.2505607306957245
Epoch 170 Relative Error 0.2496611326932907
Epoch 171 Relative Error 0.24876804649829865
Epoch 172 Relative Error 0.24787721037864685
Epoch 173 Relative Error 0.24861644208431244
Epoch 174 Relative Error 0.24781839549541473
Epoch 175 Relative Error 0.24617715179920197
Epoch 176 Relative Error 0.24562546610832214
Epoch 177 Relative Error 0.24728703498840332
Epoch 178 Relative Error 0.2473582774400711
Epoch 179 Relative Error 0.24481438100337982
Epoch 180 Relative Error 0.2446599155664444
Epoch 181 Relative Error 0.24388612806797028
Epoch 182 Relative Error 0.24404355883598328
Epoch 183 Relative Error 0.24290868639945984
Epoch 184 Relative Error 0.2422735095024109
Epoch 185 Relative Error 0.24174198508262634
Epoch 186 Relative Error 0.24196067452430725
Epoch 187 Relative Error 0.24630729854106903
Epoch 188 Relative Error 0.24188193678855896
Epoch 189 Relative Error 0.24088048934936523
Epoch 190 Relative Error 0.24143041670322418
Epoch 191 Relative Error 0.24119102954864502
Epoch 192 Relative Error 0.24035485088825226
Epoch 193 Relative Error 0.23930498957633972
Epoch 194 Relative Error 0.23898988962173462
Epoch 195 Relative Error 0.24025969207286835
Epoch 196 Relative Error 0.2387494593858719
Epoch 197 Relative Error 0.2392759919166565
Epoch 198 Relative Error 0.2389458417892456
Epoch 199 Relative Error 0.23777544498443604
Epoch 200 Relative Error 0.23715996742248535
Epoch 201 Relative Error 0.2369462549686432
Epoch 202 Relative Error 0.23891647160053253
Epoch 203 Relative Error 0.23756183683872223
Epoch 204 Relative Error 0.23547202348709106
Epoch 205 Relative Error 0.23616088926792145
Epoch 206 Relative Error 0.23630768060684204
Epoch 207 Relative Error 0.23792360723018646
Epoch 208 Relative Error 0.2350778579711914
Epoch 209 Relative Error 0.23445861041545868
Epoch 210 Relative Error 0.23577576875686646
Epoch 211 Relative Error 0.2339458167552948
Epoch 212 Relative Error 0.23784080147743225
Epoch 213 Relative Error 0.2343393713235855
Epoch 214 Relative Error 0.23420844972133636
Epoch 215 Relative Error 0.2339373230934143
Epoch 216 Relative Error 0.23279744386672974
Epoch 217 Relative Error 0.2325270175933838
Epoch 218 Relative Error 0.2328757643699646
Epoch 219 Relative Error 0.23320911824703217
Epoch 220 Relative Error 0.23128961026668549
Epoch 221 Relative Error 0.2326352745294571
Epoch 222 Relative Error 0.23530861735343933
Epoch 223 Relative Error 0.24278394877910614
Epoch 224 Relative Error 0.23182949423789978
Epoch 225 Relative Error 0.2318442463874817
Epoch 226 Relative Error 0.23020191490650177
Epoch 227 Relative Error 0.23456664383411407
Epoch 228 Relative Error 0.2316332459449768
Epoch 229 Relative Error 0.22926616668701172
Epoch 230 Relative Error 0.22890238463878632
Epoch 231 Relative Error 0.2289276272058487
Epoch 232 Relative Error 0.22918574512004852
Epoch 233 Relative Error 0.22897136211395264
Epoch 234 Relative Error 0.2284223437309265
Epoch 235 Relative Error 0.2304767221212387
Epoch 236 Relative Error 0.22903619706630707
Epoch 237 Relative Error 0.22845247387886047
Epoch 238 Relative Error 0.22791266441345215
Epoch 239 Relative Error 0.2281356155872345
Epoch 240 Relative Error 0.22917532920837402
Epoch 241 Relative Error 0.2272622436285019
Epoch 242 Relative Error 0.2287146896123886
Epoch 243 Relative Error 0.22829823195934296
Epoch 244 Relative Error 0.22662152349948883
Epoch 245 Relative Error 0.22677548229694366
Epoch 246 Relative Error 0.22618921101093292
Epoch 247 Relative Error 0.23142027854919434
Epoch 248 Relative Error 0.22732172906398773
Epoch 249 Relative Error 0.23160786926746368
Epoch 250 Relative Error 0.22628821432590485
Epoch 251 Relative Error 0.22852206230163574
Epoch 252 Relative Error 0.2274448424577713
Epoch 253 Relative Error 0.22636298835277557
Epoch 254 Relative Error 0.22493359446525574
Epoch 255 Relative Error 0.23053936660289764
Epoch 256 Relative Error 0.22440145909786224
Epoch 257 Relative Error 0.22501008212566376
Epoch 258 Relative Error 0.22632557153701782
Epoch 259 Relative Error 0.22453540563583374
Epoch 260 Relative Error 0.22419781982898712
Epoch 261 Relative Error 0.2237357348203659
Epoch 262 Relative Error 0.22373779118061066
Epoch 263 Relative Error 0.22406786680221558
Epoch 264 Relative Error 0.2240794599056244
Epoch 265 Relative Error 0.22302524745464325
Epoch 266 Relative Error 0.2224532663822174
Epoch 267 Relative Error 0.2249486744403839
Epoch 268 Relative Error 0.2233145534992218
Epoch 269 Relative Error 0.22340276837348938
Epoch 270 Relative Error 0.2219359427690506
Epoch 271 Relative Error 0.22183763980865479
Epoch 272 Relative Error 0.22188404202461243
Epoch 273 Relative Error 0.22339561581611633
Epoch 274 Relative Error 0.2229837328195572
Epoch 275 Relative Error 0.22124527394771576
Epoch 276 Relative Error 0.22282752394676208
Epoch 277 Relative Error 0.22235621511936188
Epoch 278 Relative Error 0.2250293642282486
Epoch 279 Relative Error 0.2233559787273407
Epoch 280 Relative Error 0.23679488897323608
Epoch 281 Relative Error 0.22533458471298218
Epoch 282 Relative Error 0.23006197810173035
Epoch 283 Relative Error 0.2218458503484726
Epoch 284 Relative Error 0.23516499996185303
Epoch 285 Relative Error 0.2208085060119629
Epoch 286 Relative Error 0.2209305316209793
Epoch 287 Relative Error 0.22071687877178192
Epoch 288 Relative Error 0.22058610618114471
Epoch 289 Relative Error 0.21996867656707764
Epoch 290 Relative Error 0.22187460958957672
Epoch 291 Relative Error 0.22163231670856476
Epoch 292 Relative Error 0.21896512806415558
Epoch 293 Relative Error 0.21868102252483368
Epoch 294 Relative Error 0.22105801105499268
Epoch 295 Relative Error 0.2188953310251236
Epoch 296 Relative Error 0.2187187373638153
Epoch 297 Relative Error 0.22240795195102692
Epoch 298 Relative Error 0.2190125435590744
Epoch 299 Relative Error 0.21863192319869995
Epoch 300 Relative Error 0.21813172101974487
Epoch 301 Relative Error 0.21884357929229736
Epoch 302 Relative Error 0.21757419407367706
Epoch 303 Relative Error 0.21794845163822174
Epoch 304 Relative Error 0.21808990836143494
Epoch 305 Relative Error 0.21960218250751495
Epoch 306 Relative Error 0.21746405959129333
Epoch 307 Relative Error 0.2173139899969101
Epoch 308 Relative Error 0.21821555495262146
Epoch 309 Relative Error 0.2203933447599411
Epoch 310 Relative Error 0.21742281317710876
Epoch 311 Relative Error 0.21898333728313446
Epoch 312 Relative Error 0.2172957956790924
Epoch 313 Relative Error 0.21748490631580353
Epoch 314 Relative Error 0.2162424474954605
Epoch 315 Relative Error 0.22251486778259277
Epoch 316 Relative Error 0.2167028933763504
Epoch 317 Relative Error 0.21867738664150238
Epoch 318 Relative Error 0.2238583117723465
Epoch 319 Relative Error 0.21569013595581055
Epoch 320 Relative Error 0.21688887476921082
Epoch 321 Relative Error 0.2258036732673645
Epoch 322 Relative Error 0.21847964823246002
Epoch 323 Relative Error 0.21655820310115814
Epoch 324 Relative Error 0.21528640389442444
Epoch 325 Relative Error 0.217627614736557
Epoch 326 Relative Error 0.21537701785564423
Epoch 327 Relative Error 0.21646049618721008
Epoch 328 Relative Error 0.21674181520938873
Epoch 329 Relative Error 0.21510303020477295
Epoch 330 Relative Error 0.22330722212791443
Epoch 331 Relative Error 0.2151673436164856
Epoch 332 Relative Error 0.21792833507061005
Epoch 333 Relative Error 0.21553479135036469
Epoch 334 Relative Error 0.21871376037597656
Epoch 335 Relative Error 0.2147146761417389
Epoch 336 Relative Error 0.21510185301303864
Epoch 337 Relative Error 0.22443954646587372
Epoch 338 Relative Error 0.2216174602508545
Epoch 339 Relative Error 0.21622802317142487
Epoch 340 Relative Error 0.2164624035358429
Epoch 341 Relative Error 0.21711675822734833
Epoch 342 Relative Error 0.21892543137073517
Epoch 343 Relative Error 0.21333713829517365
Epoch 344 Relative Error 0.22073636949062347
Epoch 345 Relative Error 0.2133796215057373
Epoch 346 Relative Error 0.21311689913272858
Epoch 347 Relative Error 0.21315598487854004
Epoch 348 Relative Error 0.214286670088768
Epoch 349 Relative Error 0.21519413590431213
Epoch 350 Relative Error 0.21424700319766998
Epoch 351 Relative Error 0.21342778205871582
Epoch 352 Relative Error 0.2165190726518631
Epoch 353 Relative Error 0.21346913278102875
Epoch 354 Relative Error 0.2168484479188919
Epoch 355 Relative Error 0.21205084025859833
Epoch 356 Relative Error 0.21247132122516632
Epoch 357 Relative Error 0.21247358620166779
Epoch 358 Relative Error 0.2136964350938797
Epoch 359 Relative Error 0.212636336684227
Epoch 360 Relative Error 0.2135160118341446
Epoch 361 Relative Error 0.21308287978172302
Epoch 362 Relative Error 0.21220408380031586
Epoch 363 Relative Error 0.21163921058177948
Epoch 364 Relative Error 0.21288715302944183
Epoch 365 Relative Error 0.2114255428314209
Epoch 366 Relative Error 0.2113012820482254
Epoch 367 Relative Error 0.21203269064426422
Epoch 368 Relative Error 0.21169012784957886
Epoch 369 Relative Error 0.21123692393302917
Epoch 370 Relative Error 0.21233288943767548
Epoch 371 Relative Error 0.2110544592142105
Epoch 372 Relative Error 0.2122129648923874
Epoch 373 Relative Error 0.21365207433700562
Epoch 374 Relative Error 0.2107679396867752
Epoch 375 Relative Error 0.2104012817144394
Epoch 376 Relative Error 0.21146255731582642
Epoch 377 Relative Error 0.21208111941814423
Epoch 378 Relative Error 0.2099534273147583
Epoch 379 Relative Error 0.2099059820175171
Epoch 380 Relative Error 0.2118826061487198
Epoch 381 Relative Error 0.21057142317295074
Epoch 382 Relative Error 0.21171964704990387
Epoch 383 Relative Error 0.21021109819412231
Epoch 384 Relative Error 0.20948109030723572
Epoch 385 Relative Error 0.209425687789917
Epoch 386 Relative Error 0.2122664749622345
Epoch 387 Relative Error 0.20917057991027832
Epoch 388 Relative Error 0.20983198285102844
Epoch 389 Relative Error 0.21147611737251282
Epoch 390 Relative Error 0.20898839831352234
Epoch 391 Relative Error 0.21059978008270264
Epoch 392 Relative Error 0.210435688495636
Epoch 393 Relative Error 0.21036365628242493
Epoch 394 Relative Error 0.20968890190124512
Epoch 395 Relative Error 0.21103748679161072
Epoch 396 Relative Error 0.20851904153823853
Epoch 397 Relative Error 0.2092188447713852
Epoch 398 Relative Error 0.20914924144744873
Epoch 399 Relative Error 0.2087668627500534
Epoch 400 Relative Error 0.20859919488430023
Epoch 401 Relative Error 0.20981311798095703
Epoch 402 Relative Error 0.20826037228107452
Epoch 403 Relative Error 0.20995526015758514
Epoch 404 Relative Error 0.21059447526931763
Epoch 405 Relative Error 0.20832350850105286
Epoch 406 Relative Error 0.21129286289215088
Epoch 407 Relative Error 0.2086828052997589
Epoch 408 Relative Error 0.20841893553733826
Epoch 409 Relative Error 0.2073586881160736
Epoch 410 Relative Error 0.2090282142162323
Epoch 411 Relative Error 0.20823810994625092
Epoch 412 Relative Error 0.2089008241891861
Epoch 413 Relative Error 0.20849823951721191
Epoch 414 Relative Error 0.20740321278572083
Epoch 415 Relative Error 0.20769928395748138
Epoch 416 Relative Error 0.2097371369600296
Epoch 417 Relative Error 0.20773951709270477
Epoch 418 Relative Error 0.20747028291225433
Epoch 419 Relative Error 0.2078392207622528
Epoch 420 Relative Error 0.20689423382282257
Epoch 421 Relative Error 0.20682521164417267
Epoch 422 Relative Error 0.2069023847579956
Epoch 423 Relative Error 0.20646654069423676
Epoch 424 Relative Error 0.20662729442119598
Epoch 425 Relative Error 0.20824135839939117
Epoch 426 Relative Error 0.2060307264328003
Epoch 427 Relative Error 0.20648230612277985
Epoch 428 Relative Error 0.20621173083782196
Epoch 429 Relative Error 0.20589619874954224
Epoch 430 Relative Error 0.2074185460805893
Epoch 431 Relative Error 0.2059796154499054
Epoch 432 Relative Error 0.2054314911365509
Epoch 433 Relative Error 0.20950396358966827
Epoch 434 Relative Error 0.20576408505439758
Epoch 435 Relative Error 0.20540159940719604
Epoch 436 Relative Error 0.20939375460147858
Epoch 437 Relative Error 0.207763209939003
Epoch 438 Relative Error 0.20510534942150116
Epoch 439 Relative Error 0.21301749348640442
Epoch 440 Relative Error 0.20608273148536682
Epoch 441 Relative Error 0.2065172791481018
Epoch 442 Relative Error 0.20992723107337952
Epoch 443 Relative Error 0.21042567491531372
Epoch 444 Relative Error 0.20458322763442993
Epoch 445 Relative Error 0.20989027619361877
Epoch 446 Relative Error 0.20943449437618256
Epoch 447 Relative Error 0.20634175837039948
Epoch 448 Relative Error 0.2115182727575302
Epoch 449 Relative Error 0.2115616500377655
Epoch 450 Relative Error 0.20791593194007874
Epoch 451 Relative Error 0.20536060631275177
Epoch 452 Relative Error 0.20540659129619598
Epoch 453 Relative Error 0.21288858354091644
Epoch 454 Relative Error 0.20459043979644775
Epoch 455 Relative Error 0.2047761082649231
Epoch 456 Relative Error 0.20605707168579102
Epoch 457 Relative Error 0.20382124185562134
Epoch 458 Relative Error 0.20437030494213104
Epoch 459 Relative Error 0.20422177016735077
Epoch 460 Relative Error 0.2037058025598526
Epoch 461 Relative Error 0.20513615012168884
Epoch 462 Relative Error 0.20456792414188385
Epoch 463 Relative Error 0.20398202538490295
Epoch 464 Relative Error 0.20462872087955475
Epoch 465 Relative Error 0.20335650444030762
Epoch 466 Relative Error 0.20292691886425018
Epoch 467 Relative Error 0.20449768006801605
Epoch 468 Relative Error 0.203413724899292
Epoch 469 Relative Error 0.20466023683547974
Epoch 470 Relative Error 0.20255684852600098
Epoch 471 Relative Error 0.2027292102575302
Epoch 472 Relative Error 0.20268380641937256
Epoch 473 Relative Error 0.20254287123680115
Epoch 474 Relative Error 0.2074977308511734
Epoch 475 Relative Error 0.2063254863023758
Epoch 476 Relative Error 0.20616057515144348
Epoch 477 Relative Error 0.2040713131427765
Epoch 478 Relative Error 0.20585107803344727
Epoch 479 Relative Error 0.20573315024375916
Epoch 480 Relative Error 0.20724280178546906
Epoch 481 Relative Error 0.20446284115314484
Epoch 482 Relative Error 0.20349477231502533
Epoch 483 Relative Error 0.2040785253047943
Epoch 484 Relative Error 0.20372502505779266
Epoch 485 Relative Error 0.20432935655117035
Epoch 486 Relative Error 0.20261268317699432
Epoch 487 Relative Error 0.2013135701417923
Epoch 488 Relative Error 0.20454122126102448
Epoch 489 Relative Error 0.20176924765110016
Epoch 490 Relative Error 0.20189328491687775
Epoch 491 Relative Error 0.2046584188938141
Epoch 492 Relative Error 0.20238707959651947
Epoch 493 Relative Error 0.20249949395656586
Epoch 494 Relative Error 0.20274965465068817
Epoch 495 Relative Error 0.20192977786064148
Epoch 496 Relative Error 0.2018202543258667
Epoch 497 Relative Error 0.20344989001750946
Epoch 498 Relative Error 0.20159415900707245
Epoch 499 Relative Error 0.20056015253067017
Epoch 500 Relative Error 0.20351015031337738
Epoch 501 Relative Error 0.200445294380188
Epoch 502 Relative Error 0.20228824019432068
Epoch 503 Relative Error 0.200687438249588
Epoch 504 Relative Error 0.20026160776615143
Epoch 505 Relative Error 0.20104850828647614
Epoch 506 Relative Error 0.2030082494020462
Epoch 507 Relative Error 0.2002294510602951
Epoch 508 Relative Error 0.2007332444190979
Epoch 509 Relative Error 0.20096319913864136
Epoch 510 Relative Error 0.20002949237823486
Epoch 511 Relative Error 0.20314504206180573
Epoch 512 Relative Error 0.200546532869339
Epoch 513 Relative Error 0.20181569457054138
Epoch 514 Relative Error 0.20073552429676056
Epoch 515 Relative Error 0.1996557116508484
Epoch 516 Relative Error 0.20095321536064148
Epoch 517 Relative Error 0.20045578479766846
Epoch 518 Relative Error 0.20430244505405426
Epoch 519 Relative Error 0.1992073953151703
Epoch 520 Relative Error 0.1994735449552536
Epoch 521 Relative Error 0.2013624608516693
Epoch 522 Relative Error 0.20116978883743286
Epoch 523 Relative Error 0.1994836926460266
Epoch 524 Relative Error 0.20060856640338898
Epoch 525 Relative Error 0.19886639714241028
Epoch 526 Relative Error 0.20199309289455414
Epoch 527 Relative Error 0.1986721158027649
Epoch 528 Relative Error 0.19868025183677673
Epoch 529 Relative Error 0.1996198296546936
Epoch 530 Relative Error 0.1987902671098709
Epoch 531 Relative Error 0.19882678985595703
Epoch 532 Relative Error 0.19862879812717438
Epoch 533 Relative Error 0.19871847331523895
Epoch 534 Relative Error 0.20052407681941986
Epoch 535 Relative Error 0.19818781316280365
Epoch 536 Relative Error 0.19826436042785645
Epoch 537 Relative Error 0.1984809786081314
Epoch 538 Relative Error 0.19842322170734406
Epoch 539 Relative Error 0.19837592542171478
Epoch 540 Relative Error 0.1980741322040558
Epoch 541 Relative Error 0.19993053376674652
Epoch 542 Relative Error 0.19779986143112183
Epoch 543 Relative Error 0.19950829446315765
Epoch 544 Relative Error 0.20168010890483856
Epoch 545 Relative Error 0.19853700697422028
Epoch 546 Relative Error 0.20070479810237885
Epoch 547 Relative Error 0.2072506695985794
Epoch 548 Relative Error 0.20006468892097473
Epoch 549 Relative Error 0.198735773563385
Epoch 550 Relative Error 0.19843246042728424
Epoch 551 Relative Error 0.19701619446277618
Epoch 552 Relative Error 0.19791768491268158
Epoch 553 Relative Error 0.19709020853042603
Epoch 554 Relative Error 0.19679519534111023
Epoch 555 Relative Error 0.1987413465976715
Epoch 556 Relative Error 0.19751733541488647
Epoch 557 Relative Error 0.19660793244838715
Epoch 558 Relative Error 0.19704803824424744
Epoch 559 Relative Error 0.1970157027244568
Epoch 560 Relative Error 0.19773104786872864
Epoch 561 Relative Error 0.1978035420179367
Epoch 562 Relative Error 0.1967678815126419
Epoch 563 Relative Error 0.19698195159435272
Epoch 564 Relative Error 0.19749702513217926
Epoch 565 Relative Error 0.1963861584663391
Epoch 566 Relative Error 0.1976594179868698
Epoch 567 Relative Error 0.19688251614570618
Epoch 568 Relative Error 0.19659149646759033
Epoch 569 Relative Error 0.1996605098247528
Epoch 570 Relative Error 0.19609978795051575
Epoch 571 Relative Error 0.19570736587047577
Epoch 572 Relative Error 0.19586439430713654
Epoch 573 Relative Error 0.19608654081821442
Epoch 574 Relative Error 0.19574879109859467
Epoch 575 Relative Error 0.19630210101604462
Epoch 576 Relative Error 0.1957681030035019
Epoch 577 Relative Error 0.19578924775123596
Epoch 578 Relative Error 0.19656333327293396
Epoch 579 Relative Error 0.1955147236585617
Epoch 580 Relative Error 0.19552643597126007
Epoch 581 Relative Error 0.1965228021144867
Epoch 582 Relative Error 0.19575171172618866
Epoch 583 Relative Error 0.1954561173915863
Epoch 584 Relative Error 0.19591540098190308
Epoch 585 Relative Error 0.19630944728851318
Epoch 586 Relative Error 0.19522903859615326
Epoch 587 Relative Error 0.19498299062252045
Epoch 588 Relative Error 0.1956031769514084
Epoch 589 Relative Error 0.19514621794223785
Epoch 590 Relative Error 0.19486550986766815
Epoch 591 Relative Error 0.19449439644813538
Epoch 592 Relative Error 0.19610802829265594
Epoch 593 Relative Error 0.19511806964874268
Epoch 594 Relative Error 0.19507916271686554
Epoch 595 Relative Error 0.19500650465488434
Epoch 596 Relative Error 0.19450201094150543
Epoch 597 Relative Error 0.19431906938552856
Epoch 598 Relative Error 0.19467896223068237
Epoch 599 Relative Error 0.19434328377246857
Epoch 600 Relative Error 0.19451503455638885
Epoch 601 Relative Error 0.19444581866264343
Epoch 602 Relative Error 0.1939052939414978
Epoch 603 Relative Error 0.19488774240016937
Epoch 604 Relative Error 0.19499368965625763
Epoch 605 Relative Error 0.19376294314861298
Epoch 606 Relative Error 0.19590860605239868
Epoch 607 Relative Error 0.19451692700386047
Epoch 608 Relative Error 0.194240540266037
Epoch 609 Relative Error 0.1939108967781067
Epoch 610 Relative Error 0.19660353660583496
Epoch 611 Relative Error 0.19359233975410461
Epoch 612 Relative Error 0.19644996523857117
Epoch 613 Relative Error 0.19414198398590088
Epoch 614 Relative Error 0.19410613179206848
Epoch 615 Relative Error 0.1965736597776413
Epoch 616 Relative Error 0.19936411082744598
Epoch 617 Relative Error 0.19411008059978485
Epoch 618 Relative Error 0.194391131401062
Epoch 619 Relative Error 0.19446833431720734
Epoch 620 Relative Error 0.19718855619430542
Epoch 621 Relative Error 0.19387078285217285
Epoch 622 Relative Error 0.19517385959625244
Epoch 623 Relative Error 0.20031532645225525
Epoch 624 Relative Error 0.19466465711593628
Epoch 625 Relative Error 0.1930779665708542
Epoch 626 Relative Error 0.19732031226158142
Epoch 627 Relative Error 0.19538719952106476
Epoch 628 Relative Error 0.1930539906024933
Epoch 629 Relative Error 0.19312842190265656
Epoch 630 Relative Error 0.19242922961711884
Epoch 631 Relative Error 0.19243662059307098
Epoch 632 Relative Error 0.19246090948581696
Epoch 633 Relative Error 0.19215738773345947
Epoch 634 Relative Error 0.1928747594356537
Epoch 635 Relative Error 0.19237357378005981
Epoch 636 Relative Error 0.19205497205257416
Epoch 637 Relative Error 0.19198200106620789
Epoch 638 Relative Error 0.19301089644432068
Epoch 639 Relative Error 0.19221845269203186
Epoch 640 Relative Error 0.19245629012584686
Epoch 641 Relative Error 0.19166550040245056
Epoch 642 Relative Error 0.1933218538761139
Epoch 643 Relative Error 0.19198693335056305
Epoch 644 Relative Error 0.19310882687568665
Epoch 645 Relative Error 0.19277571141719818
Epoch 646 Relative Error 0.19327667355537415
Epoch 647 Relative Error 0.19628949463367462
Epoch 648 Relative Error 0.1914607435464859
Epoch 649 Relative Error 0.19396336376667023
Epoch 650 Relative Error 0.1952345222234726
Epoch 651 Relative Error 0.1912260502576828
Epoch 652 Relative Error 0.1910032033920288
Epoch 653 Relative Error 0.1931145340204239
Epoch 654 Relative Error 0.19089056551456451
Epoch 655 Relative Error 0.1912727653980255
Epoch 656 Relative Error 0.1918027251958847
Epoch 657 Relative Error 0.19117708504199982
Epoch 658 Relative Error 0.19116713106632233
Epoch 659 Relative Error 0.1913055181503296
Epoch 660 Relative Error 0.19052360951900482
Epoch 661 Relative Error 0.19164888560771942
Epoch 662 Relative Error 0.19054213166236877
Epoch 663 Relative Error 0.19058312475681305
Epoch 664 Relative Error 0.1913139522075653
Epoch 665 Relative Error 0.1904061883687973
Epoch 666 Relative Error 0.19066989421844482
Epoch 667 Relative Error 0.19072003662586212
Epoch 668 Relative Error 0.19113776087760925
Epoch 669 Relative Error 0.19112759828567505
Epoch 670 Relative Error 0.19338473677635193
Epoch 671 Relative Error 0.19014379382133484
Epoch 672 Relative Error 0.19117344915866852
Epoch 673 Relative Error 0.19011852145195007
Epoch 674 Relative Error 0.1900891363620758
Epoch 675 Relative Error 0.19036197662353516
Epoch 676 Relative Error 0.19011066854000092
Epoch 677 Relative Error 0.19002185761928558
Epoch 678 Relative Error 0.18973247706890106
Epoch 679 Relative Error 0.18970109522342682
Epoch 680 Relative Error 0.19099590182304382
Epoch 681 Relative Error 0.18965096771717072
Epoch 682 Relative Error 0.18939633667469025
Epoch 683 Relative Error 0.19015298783779144
Epoch 684 Relative Error 0.1893518716096878
Epoch 685 Relative Error 0.1900654137134552
Epoch 686 Relative Error 0.18919168412685394
Epoch 687 Relative Error 0.18984822928905487
Epoch 688 Relative Error 0.18919715285301208
Epoch 689 Relative Error 0.18934932351112366
Epoch 690 Relative Error 0.18968354165554047
Epoch 691 Relative Error 0.18887676298618317
Epoch 692 Relative Error 0.18904797732830048
Epoch 693 Relative Error 0.18905210494995117
Epoch 694 Relative Error 0.18879245221614838
Epoch 695 Relative Error 0.19008071720600128
Epoch 696 Relative Error 0.1889212727546692
Epoch 697 Relative Error 0.1889137625694275
Epoch 698 Relative Error 0.18989993631839752
Epoch 699 Relative Error 0.1896144449710846
Epoch 700 Relative Error 0.1891833394765854
Epoch 701 Relative Error 0.1912996619939804
Epoch 702 Relative Error 0.18838973343372345
Epoch 703 Relative Error 0.18867191672325134
Epoch 704 Relative Error 0.18868690729141235
Epoch 705 Relative Error 0.18826137483119965
Epoch 706 Relative Error 0.1884792149066925
Epoch 707 Relative Error 0.18834906816482544
Epoch 708 Relative Error 0.18828384578227997
Epoch 709 Relative Error 0.18795043230056763
Epoch 710 Relative Error 0.1896658092737198
Epoch 711 Relative Error 0.1886138617992401
Epoch 712 Relative Error 0.18778786063194275
Epoch 713 Relative Error 0.19045864045619965
Epoch 714 Relative Error 0.1885596662759781
Epoch 715 Relative Error 0.18992343544960022
Epoch 716 Relative Error 0.19007447361946106
Epoch 717 Relative Error 0.19059711694717407
Epoch 718 Relative Error 0.189130961894989
Epoch 719 Relative Error 0.1881224662065506
Epoch 720 Relative Error 0.18775252997875214
Epoch 721 Relative Error 0.1904766857624054
Epoch 722 Relative Error 0.1881234049797058
Epoch 723 Relative Error 0.18802639842033386
Epoch 724 Relative Error 0.18844380974769592
Epoch 725 Relative Error 0.1875794380903244
Epoch 726 Relative Error 0.18850155174732208
Epoch 727 Relative Error 0.18765901029109955
Epoch 728 Relative Error 0.187236487865448
Epoch 729 Relative Error 0.18784622848033905
Epoch 730 Relative Error 0.18703578412532806
Epoch 731 Relative Error 0.1871480494737625
Epoch 732 Relative Error 0.18785223364830017
Epoch 733 Relative Error 0.18730951845645905
Epoch 734 Relative Error 0.18766459822654724
Epoch 735 Relative Error 0.18736632168293
Epoch 736 Relative Error 0.18671543896198273
Epoch 737 Relative Error 0.18715474009513855
Epoch 738 Relative Error 0.1891084611415863
Epoch 739 Relative Error 0.18755510449409485
Epoch 740 Relative Error 0.18787604570388794
Epoch 741 Relative Error 0.18684130907058716
Epoch 742 Relative Error 0.18735601007938385
Epoch 743 Relative Error 0.18928509950637817
Epoch 744 Relative Error 0.18645960092544556
Epoch 745 Relative Error 0.1863962709903717
Epoch 746 Relative Error 0.18667607009410858
Epoch 747 Relative Error 0.18607749044895172
Epoch 748 Relative Error 0.18772169947624207
Epoch 749 Relative Error 0.18634000420570374
Epoch 750 Relative Error 0.18609605729579926
Epoch 751 Relative Error 0.18595784902572632
Epoch 752 Relative Error 0.18598683178424835
Epoch 753 Relative Error 0.18625032901763916
Epoch 754 Relative Error 0.18620915710926056
Epoch 755 Relative Error 0.18594945967197418
Epoch 756 Relative Error 0.18608175218105316
Epoch 757 Relative Error 0.18836717307567596
Epoch 758 Relative Error 0.18624579906463623
Epoch 759 Relative Error 0.18922987580299377
Epoch 760 Relative Error 0.1858075112104416
Epoch 761 Relative Error 0.187493696808815
Epoch 762 Relative Error 0.18942517042160034
Epoch 763 Relative Error 0.18735679984092712
Epoch 764 Relative Error 0.1888594776391983
Epoch 765 Relative Error 0.18552657961845398
Epoch 766 Relative Error 0.1871052235364914
Epoch 767 Relative Error 0.19166883826255798
Epoch 768 Relative Error 0.18570391833782196
Epoch 769 Relative Error 0.18508996069431305
Epoch 770 Relative Error 0.18603627383708954
Epoch 771 Relative Error 0.18508487939834595
Epoch 772 Relative Error 0.1852017194032669
Epoch 773 Relative Error 0.1851229965686798
Epoch 774 Relative Error 0.18500405550003052
Epoch 775 Relative Error 0.18689168989658356
Epoch 776 Relative Error 0.18486130237579346
Epoch 777 Relative Error 0.18555289506912231
Epoch 778 Relative Error 0.1850716918706894
Epoch 779 Relative Error 0.18471485376358032
Epoch 780 Relative Error 0.18477076292037964
Epoch 781 Relative Error 0.1844976395368576
Epoch 782 Relative Error 0.18456795811653137
Epoch 783 Relative Error 0.18465556204319
Epoch 784 Relative Error 0.1847125142812729
Epoch 785 Relative Error 0.18429456651210785
Epoch 786 Relative Error 0.184574156999588
Epoch 787 Relative Error 0.18430006504058838
Epoch 788 Relative Error 0.18421076238155365
Epoch 789 Relative Error 0.18470297753810883
Epoch 790 Relative Error 0.1843356043100357
Epoch 791 Relative Error 0.1842568814754486
Epoch 792 Relative Error 0.1847936362028122
Epoch 793 Relative Error 0.1842789500951767
Epoch 794 Relative Error 0.18436548113822937
Epoch 795 Relative Error 0.18400782346725464
Epoch 796 Relative Error 0.18447165191173553
Epoch 797 Relative Error 0.1839701235294342
Epoch 798 Relative Error 0.18445071578025818
Epoch 799 Relative Error 0.18373924493789673
Epoch 800 Relative Error 0.18413518369197845
Epoch 801 Relative Error 0.18369311094284058
Epoch 802 Relative Error 0.18467529118061066
Epoch 803 Relative Error 0.1838582158088684
Epoch 804 Relative Error 0.18353663384914398
Epoch 805 Relative Error 0.1838376820087433
Epoch 806 Relative Error 0.18354833126068115
Epoch 807 Relative Error 0.18330025672912598
Epoch 808 Relative Error 0.18333669006824493
Epoch 809 Relative Error 0.183960422873497
Epoch 810 Relative Error 0.18375727534294128
Epoch 811 Relative Error 0.18319068849086761
Epoch 812 Relative Error 0.18364261090755463
Epoch 813 Relative Error 0.1831028312444687
Epoch 814 Relative Error 0.18378852307796478
Epoch 815 Relative Error 0.18317894637584686
Epoch 816 Relative Error 0.18290312588214874
Epoch 817 Relative Error 0.1836610585451126
Epoch 818 Relative Error 0.18289987742900848
Epoch 819 Relative Error 0.1830594390630722
Epoch 820 Relative Error 0.1827739179134369
Epoch 821 Relative Error 0.1827869713306427
Epoch 822 Relative Error 0.18335039913654327
Epoch 823 Relative Error 0.1827886402606964
Epoch 824 Relative Error 0.18290027976036072
Epoch 825 Relative Error 0.18335388600826263
Epoch 826 Relative Error 0.1829642653465271
Epoch 827 Relative Error 0.18282164633274078
Epoch 828 Relative Error 0.18341010808944702
Epoch 829 Relative Error 0.18316376209259033
Epoch 830 Relative Error 0.18250910937786102
Epoch 831 Relative Error 0.18306106328964233
Epoch 832 Relative Error 0.18237487971782684
Epoch 833 Relative Error 0.182699516415596
Epoch 834 Relative Error 0.18270309269428253
Epoch 835 Relative Error 0.18226107954978943
Epoch 836 Relative Error 0.18238353729248047
Epoch 837 Relative Error 0.18210828304290771
Epoch 838 Relative Error 0.18376381695270538
Epoch 839 Relative Error 0.18210968375205994
Epoch 840 Relative Error 0.18230292201042175
Epoch 841 Relative Error 0.18243689835071564
Epoch 842 Relative Error 0.18233530223369598
Epoch 843 Relative Error 0.18172137439250946
Epoch 844 Relative Error 0.18263530731201172
Epoch 845 Relative Error 0.18186001479625702
Epoch 846 Relative Error 0.18159960210323334
Epoch 847 Relative Error 0.18221457302570343
Epoch 848 Relative Error 0.18165923655033112
Epoch 849 Relative Error 0.18196174502372742
Epoch 850 Relative Error 0.1818644106388092
Epoch 851 Relative Error 0.18158210813999176
Epoch 852 Relative Error 0.18135090172290802
Epoch 853 Relative Error 0.18213523924350739
Epoch 854 Relative Error 0.18142104148864746
Epoch 855 Relative Error 0.18120749294757843
Epoch 856 Relative Error 0.1819854974746704
Epoch 857 Relative Error 0.181709423661232
Epoch 858 Relative Error 0.1813768893480301
Epoch 859 Relative Error 0.18129707872867584
Epoch 860 Relative Error 0.18168160319328308
Epoch 861 Relative Error 0.18119971454143524
Epoch 862 Relative Error 0.181428462266922
Epoch 863 Relative Error 0.1819075495004654
Epoch 864 Relative Error 0.18124370276927948
Epoch 865 Relative Error 0.18196363747119904
Epoch 866 Relative Error 0.1808503121137619
Epoch 867 Relative Error 0.18119274079799652
Epoch 868 Relative Error 0.18076296150684357
Epoch 869 Relative Error 0.18110257387161255
Epoch 870 Relative Error 0.1806875616312027
Epoch 871 Relative Error 0.181570902466774
Epoch 872 Relative Error 0.18072596192359924
Epoch 873 Relative Error 0.18191349506378174
Epoch 874 Relative Error 0.180464968085289
Epoch 875 Relative Error 0.18055075407028198
Epoch 876 Relative Error 0.18512655794620514
Epoch 877 Relative Error 0.18067137897014618
Epoch 878 Relative Error 0.1810835301876068
Epoch 879 Relative Error 0.18051010370254517
Epoch 880 Relative Error 0.18043152987957
Epoch 881 Relative Error 0.1812094748020172
Epoch 882 Relative Error 0.18030507862567902
Epoch 883 Relative Error 0.18105043470859528
Epoch 884 Relative Error 0.18056802451610565
Epoch 885 Relative Error 0.18027611076831818
Epoch 886 Relative Error 0.1883198320865631
Epoch 887 Relative Error 0.18350790441036224
Epoch 888 Relative Error 0.18425513803958893
Epoch 889 Relative Error 0.1906987875699997
Epoch 890 Relative Error 0.18861065804958344
Epoch 891 Relative Error 0.18458066880702972
Epoch 892 Relative Error 0.18025089800357819
Epoch 893 Relative Error 0.1805412918329239
Epoch 894 Relative Error 0.18088790774345398
Epoch 895 Relative Error 0.18019303679466248
Epoch 896 Relative Error 0.18087516725063324
Epoch 897 Relative Error 0.18009749054908752
Epoch 898 Relative Error 0.17944516241550446
Epoch 899 Relative Error 0.17966045439243317
Epoch 900 Relative Error 0.17944151163101196
Epoch 901 Relative Error 0.1798412799835205
Epoch 902 Relative Error 0.17985369265079498
Epoch 903 Relative Error 0.1794639229774475
Epoch 904 Relative Error 0.17941486835479736
Epoch 905 Relative Error 0.17970608174800873
Epoch 906 Relative Error 0.17919903993606567
Epoch 907 Relative Error 0.17912887036800385
Epoch 908 Relative Error 0.1795528382062912
Epoch 909 Relative Error 0.17949052155017853
Epoch 910 Relative Error 0.18051835894584656
Epoch 911 Relative Error 0.17919734120368958
Epoch 912 Relative Error 0.1793140172958374
Epoch 913 Relative Error 0.18012477457523346
Epoch 914 Relative Error 0.17916308343410492
Epoch 915 Relative Error 0.17979329824447632
Epoch 916 Relative Error 0.17999139428138733
Epoch 917 Relative Error 0.18000298738479614
Epoch 918 Relative Error 0.17961350083351135
Epoch 919 Relative Error 0.17954224348068237
Epoch 920 Relative Error 0.17870329320430756
Epoch 921 Relative Error 0.17872950434684753
Epoch 922 Relative Error 0.17860572040081024
Epoch 923 Relative Error 0.17861180007457733
Epoch 924 Relative Error 0.17959728837013245
Epoch 925 Relative Error 0.1784626990556717
Epoch 926 Relative Error 0.17843274772167206
Epoch 927 Relative Error 0.17896434664726257
Epoch 928 Relative Error 0.17841647565364838
Epoch 929 Relative Error 0.17927932739257812
Epoch 930 Relative Error 0.17991918325424194
Epoch 931 Relative Error 0.17838439345359802
Epoch 932 Relative Error 0.17926843464374542
Epoch 933 Relative Error 0.1794840395450592
Epoch 934 Relative Error 0.1790253221988678
Epoch 935 Relative Error 0.17852748930454254
Epoch 936 Relative Error 0.17829452455043793
Epoch 937 Relative Error 0.17845231294631958
Epoch 938 Relative Error 0.17869023978710175
Epoch 939 Relative Error 0.17894473671913147
Epoch 940 Relative Error 0.17831005156040192
Epoch 941 Relative Error 0.17831209301948547
Epoch 942 Relative Error 0.17973163723945618
Epoch 943 Relative Error 0.17928394675254822
Epoch 944 Relative Error 0.17878739535808563
Epoch 945 Relative Error 0.17776040732860565
Epoch 946 Relative Error 0.17763720452785492
Epoch 947 Relative Error 0.17802082002162933
Epoch 948 Relative Error 0.1779215931892395
Epoch 949 Relative Error 0.1776253879070282
Epoch 950 Relative Error 0.17767702043056488
Epoch 951 Relative Error 0.1773836612701416
Epoch 952 Relative Error 0.1778872162103653
Epoch 953 Relative Error 0.17728552222251892
Epoch 954 Relative Error 0.1781562715768814
Epoch 955 Relative Error 0.17767176032066345
Epoch 956 Relative Error 0.17749592661857605
Epoch 957 Relative Error 0.17826895415782928
Epoch 958 Relative Error 0.17765316367149353
Epoch 959 Relative Error 0.177292600274086
Epoch 960 Relative Error 0.17805494368076324
Epoch 961 Relative Error 0.1770002543926239
Epoch 962 Relative Error 0.17701783776283264
Epoch 963 Relative Error 0.17745175957679749
Epoch 964 Relative Error 0.1775767058134079
Epoch 965 Relative Error 0.17698779702186584
Epoch 966 Relative Error 0.17707878351211548
Epoch 967 Relative Error 0.17737597227096558
Epoch 968 Relative Error 0.1771898716688156
Epoch 969 Relative Error 0.1773899495601654
Epoch 970 Relative Error 0.1767265498638153
Epoch 971 Relative Error 0.1766567826271057
Epoch 972 Relative Error 0.17762766778469086
Epoch 973 Relative Error 0.1770479679107666
Epoch 974 Relative Error 0.17698784172534943
Epoch 975 Relative Error 0.17683838307857513
Epoch 976 Relative Error 0.17852289974689484
Epoch 977 Relative Error 0.1826196014881134
Epoch 978 Relative Error 0.18212760984897614
Epoch 979 Relative Error 0.17690713703632355
Epoch 980 Relative Error 0.1767640858888626
Epoch 981 Relative Error 0.17682717740535736
Epoch 982 Relative Error 0.1809714138507843
Epoch 983 Relative Error 0.17748957872390747
Epoch 984 Relative Error 0.17789393663406372
Epoch 985 Relative Error 0.17681774497032166
Epoch 986 Relative Error 0.17619766294956207
Epoch 987 Relative Error 0.1789659559726715
Epoch 988 Relative Error 0.17628398537635803
Epoch 989 Relative Error 0.176343634724617
Epoch 990 Relative Error 0.1784752756357193
Epoch 991 Relative Error 0.17619894444942474
Epoch 992 Relative Error 0.17698724567890167
Epoch 993 Relative Error 0.17643454670906067
Epoch 994 Relative Error 0.17587284743785858
Epoch 995 Relative Error 0.17590978741645813
Epoch 996 Relative Error 0.1758655309677124
Epoch 997 Relative Error 0.1758989840745926
Epoch 998 Relative Error 0.17561377584934235
Epoch 999 Relative Error 0.17616820335388184
Epoch 1000 Relative Error 0.17567011713981628
RE (2, 1, 22, 0): 0.17561377584934235
Green's Function RE (2, 1, 22, 0): 0.10080601274967194
Bias Term RE (2, 1, 22, 0): 0.040582142770290375
Combination (2, 1, 22, 0, 0): 0.17026224732398987
Combination (2, 1, 22, 0, 1): 0.17008785903453827
Combination (2, 1, 22, 0, 2): 0.17002984881401062
Combination (2, 1, 22, 0, 3): 0.17001467943191528
Combination (2, 1, 22, 0, 4): 0.17000636458396912

/home/gridsan/gstepaniants/.local/lib/python3.8/site-packages/torch/functional.py:478: UserWarning: torch.meshgrid: in an upcoming release, it will be required to pass the indexing argument. (Triggered internally at  ../aten/src/ATen/native/TensorShape.cpp:2895.)
  return _VF.meshgrid(tensors, **kwargs)  # type: ignore[attr-defined]
