[KeOps] Warning : Cuda libraries were not detected on the system ; using cpu only mode
1
Kernel: SquaredExponential
Weight Mesh: 50
RKHS Kernel Width: 1.0
Lambda: 1e-06
Green's Function Learning Rate: 100
Bias Term Learning Rate: 100
Epoch 1 Relative Error 38163.94921875
First epoch had re = 38163.94921875 > 1
Green's Function Learning Rate: 50
Bias Term Learning Rate: 50
Epoch 1 Relative Error 19314.861328125
First epoch had re = 19314.861328125 > 1
Green's Function Learning Rate: 10
Bias Term Learning Rate: 10
Epoch 1 Relative Error 4057.5693359375
First epoch had re = 4057.5693359375 > 1
Green's Function Learning Rate: 5
Bias Term Learning Rate: 5
Epoch 1 Relative Error 1868.700927734375
First epoch had re = 1868.700927734375 > 1
Green's Function Learning Rate: 1
Bias Term Learning Rate: 1
Epoch 1 Relative Error 308.32452392578125
First epoch had re = 308.32452392578125 > 1
Green's Function Learning Rate: 0.5
Bias Term Learning Rate: 0.5
Epoch 1 Relative Error 146.29266357421875
First epoch had re = 146.29266357421875 > 1
Green's Function Learning Rate: 0.1
Bias Term Learning Rate: 0.1
Epoch 1 Relative Error 37.4608154296875
First epoch had re = 37.4608154296875 > 1
Green's Function Learning Rate: 0.05
Bias Term Learning Rate: 0.05
Epoch 1 Relative Error 15.298916816711426
First epoch had re = 15.298916816711426 > 1
Green's Function Learning Rate: 0.01
Bias Term Learning Rate: 0.01
Epoch 1 Relative Error 2.2653391361236572
First epoch had re = 2.2653391361236572 > 1
Green's Function Learning Rate: 0.005
Bias Term Learning Rate: 0.005
Epoch 1 Relative Error 0.9795608520507812
Epoch 2 Relative Error 1.0052989721298218
Epoch 3 Relative Error 0.8130218386650085
Epoch 4 Relative Error 0.8141686320304871
Epoch 5 Relative Error 0.8880025744438171
Epoch 6 Relative Error 0.7830841541290283
Epoch 7 Relative Error 0.9092578887939453
Epoch 8 Relative Error 0.7791969180107117
Epoch 9 Relative Error 0.874297559261322
Epoch 10 Relative Error 0.8187944889068604
Epoch 11 Relative Error 0.7940172553062439
Epoch 12 Relative Error 0.8639993071556091
Epoch 13 Relative Error 0.7874754071235657
Epoch 14 Relative Error 0.812987744808197
Epoch 15 Relative Error 0.8131877779960632
Epoch 16 Relative Error 0.8169254064559937
Epoch 17 Relative Error 0.7989439368247986
Epoch 18 Relative Error 0.7852311134338379
Epoch 19 Relative Error 0.7979535460472107
Epoch 20 Relative Error 0.7838119268417358
Epoch 21 Relative Error 0.8150972723960876
Epoch 22 Relative Error 0.8379369974136353
Epoch 23 Relative Error 0.7924707531929016
Epoch 24 Relative Error 0.7969115972518921
Epoch 25 Relative Error 0.8037673234939575
Epoch 26 Relative Error 0.7891345024108887
Epoch 27 Relative Error 0.7862892150878906
Epoch 28 Relative Error 0.8133425116539001
Epoch 29 Relative Error 0.8163135051727295
Epoch 30 Relative Error 0.8426093459129333
Epoch 31 Relative Error 0.8131371140480042
Epoch 32 Relative Error 0.7739354968070984
Epoch 33 Relative Error 0.8091720342636108
Epoch 34 Relative Error 0.813364565372467
Epoch 35 Relative Error 0.7814664244651794
Epoch 36 Relative Error 0.8232859969139099
Epoch 37 Relative Error 0.8167128562927246
Epoch 38 Relative Error 0.8209429979324341
Epoch 39 Relative Error 0.817663848400116
Epoch 40 Relative Error 0.8376157283782959
Epoch 41 Relative Error 0.812445878982544
Epoch 42 Relative Error 0.828360378742218
Epoch 43 Relative Error 0.7770294547080994
Epoch 44 Relative Error 0.7941809296607971
Epoch 45 Relative Error 0.8176878094673157
Epoch 46 Relative Error 0.8287877440452576
Epoch 47 Relative Error 0.8484671711921692
Epoch 48 Relative Error 0.820050060749054
Epoch 49 Relative Error 0.7977451086044312
Epoch 50 Relative Error 0.8023284673690796
Epoch 51 Relative Error 0.7867358326911926
Epoch 52 Relative Error 0.7778542041778564
Epoch 53 Relative Error 0.7694798111915588
Epoch 54 Relative Error 0.7707909941673279
Epoch 55 Relative Error 0.7666804194450378
Epoch 56 Relative Error 0.8174715638160706
Epoch 57 Relative Error 0.8015342354774475
Epoch 58 Relative Error 0.7887494564056396
Epoch 59 Relative Error 0.8046956658363342
Epoch 60 Relative Error 0.7979580760002136
Epoch 61 Relative Error 0.7824351787567139
Epoch 62 Relative Error 0.8197013139724731
Epoch 63 Relative Error 0.851982057094574
Epoch 64 Relative Error 0.8554462194442749
Epoch 65 Relative Error 0.8100247979164124
Epoch 66 Relative Error 0.814831018447876
Epoch 67 Relative Error 0.869724452495575
Epoch 68 Relative Error 0.8403091430664062
Epoch 69 Relative Error 0.8157513737678528
Epoch 70 Relative Error 0.8005446195602417
Epoch 71 Relative Error 0.766787588596344
Epoch 72 Relative Error 0.7731779217720032
Epoch 73 Relative Error 0.7608182430267334
Epoch 74 Relative Error 0.7565308213233948
Epoch 75 Relative Error 0.7513500452041626
Epoch 76 Relative Error 0.7396337389945984
Epoch 77 Relative Error 0.7723768949508667
Epoch 78 Relative Error 0.7426483631134033
Epoch 79 Relative Error 0.7808663845062256
Epoch 80 Relative Error 0.7622174620628357
Epoch 81 Relative Error 0.7792507410049438
Epoch 82 Relative Error 0.817674458026886
Epoch 83 Relative Error 0.8127687573432922
Epoch 84 Relative Error 0.8297741413116455
Epoch 85 Relative Error 0.8240509629249573
Epoch 86 Relative Error 0.8567609786987305
Epoch 87 Relative Error 0.8642275929450989
Epoch 88 Relative Error 0.8520177006721497
Epoch 89 Relative Error 0.8297268152236938
Epoch 90 Relative Error 0.7735311985015869
Epoch 91 Relative Error 0.735985517501831
Epoch 92 Relative Error 0.7288594841957092
Epoch 93 Relative Error 0.7217752933502197
Epoch 94 Relative Error 0.737352192401886
Epoch 95 Relative Error 0.7655516862869263
Epoch 96 Relative Error 0.7555926442146301
Epoch 97 Relative Error 0.7595176100730896
Epoch 98 Relative Error 0.7788121700286865
Epoch 99 Relative Error 0.8281227350234985
Epoch 100 Relative Error 0.8249220252037048
Epoch 101 Relative Error 0.8018668293952942
Epoch 102 Relative Error 0.8460586071014404
Epoch 103 Relative Error 0.8201627135276794
Epoch 104 Relative Error 0.7526931166648865
Epoch 105 Relative Error 0.7570744752883911
Epoch 106 Relative Error 0.7681623697280884
Epoch 107 Relative Error 0.8127334713935852
Epoch 108 Relative Error 0.7729874849319458
Epoch 109 Relative Error 0.7545080184936523
Epoch 110 Relative Error 0.7792989015579224
Epoch 111 Relative Error 0.7805331945419312
Epoch 112 Relative Error 0.7231483459472656
Epoch 113 Relative Error 0.7725189328193665
Epoch 114 Relative Error 0.8156546950340271
Epoch 115 Relative Error 0.8375985026359558
Epoch 116 Relative Error 0.7967000603675842
Epoch 117 Relative Error 0.8034279346466064
Epoch 118 Relative Error 0.7177881598472595
Epoch 119 Relative Error 0.7108338475227356
Epoch 120 Relative Error 0.7313863039016724
Epoch 121 Relative Error 0.7745997309684753
Epoch 122 Relative Error 0.8254639506340027
Epoch 123 Relative Error 0.7775669097900391
Epoch 124 Relative Error 0.7284181118011475
Epoch 125 Relative Error 0.7199153304100037
Epoch 126 Relative Error 0.8041402101516724
Epoch 127 Relative Error 0.770130455493927
Epoch 128 Relative Error 0.7723968029022217
Epoch 129 Relative Error 0.7353103160858154
Epoch 130 Relative Error 0.7589693069458008
Epoch 131 Relative Error 0.8161405920982361
Epoch 132 Relative Error 0.7482820749282837
Epoch 133 Relative Error 0.7569170594215393
Epoch 134 Relative Error 0.7207668423652649
Epoch 135 Relative Error 0.7655488848686218
Epoch 136 Relative Error 0.8449534177780151
Epoch 137 Relative Error 0.7686700820922852
Epoch 138 Relative Error 0.7189726829528809
Epoch 139 Relative Error 0.7118932008743286
Epoch 140 Relative Error 0.8960427045822144
Epoch 141 Relative Error 0.8654801845550537
Epoch 142 Relative Error 0.7306869626045227
Epoch 143 Relative Error 0.7455019950866699
Epoch 144 Relative Error 0.7335811257362366
Epoch 145 Relative Error 0.7736636996269226
Epoch 146 Relative Error 0.8291255831718445
Epoch 147 Relative Error 0.7531951665878296
Epoch 148 Relative Error 0.726766049861908
Epoch 149 Relative Error 0.8160390257835388
Epoch 150 Relative Error 0.8629088401794434
Epoch 151 Relative Error 0.7265151739120483
Epoch 152 Relative Error 0.7252955436706543
Epoch 153 Relative Error 0.708827555179596
Epoch 154 Relative Error 0.7308610081672668
Epoch 155 Relative Error 0.7574062347412109
Epoch 156 Relative Error 0.7217935919761658
Epoch 157 Relative Error 0.7407025098800659
Epoch 158 Relative Error 0.8291186094284058
Epoch 159 Relative Error 0.7389436364173889
Epoch 160 Relative Error 0.6953156590461731
Epoch 161 Relative Error 0.7414265871047974
Epoch 162 Relative Error 0.763637125492096
Epoch 163 Relative Error 0.7641182541847229
Epoch 164 Relative Error 0.6996516585350037
Epoch 165 Relative Error 0.7340297102928162
Epoch 166 Relative Error 0.7584711909294128
Epoch 167 Relative Error 0.8685723543167114
Epoch 168 Relative Error 0.8022926449775696
Epoch 169 Relative Error 0.7029746174812317
Epoch 170 Relative Error 0.7059901356697083
Epoch 171 Relative Error 0.8115665316581726
Epoch 172 Relative Error 0.7806012034416199
Epoch 173 Relative Error 0.7217413187026978
Epoch 174 Relative Error 0.6998171210289001
Epoch 175 Relative Error 0.7114424705505371
Epoch 176 Relative Error 0.9903427958488464
Epoch 177 Relative Error 0.946662425994873
Epoch 178 Relative Error 0.7120802998542786
Epoch 179 Relative Error 0.6922949552536011
Epoch 180 Relative Error 0.7491698265075684
Epoch 181 Relative Error 0.8862687945365906
Epoch 182 Relative Error 0.824031412601471
Epoch 183 Relative Error 0.7119025588035583
Epoch 184 Relative Error 0.6978690028190613
Epoch 185 Relative Error 0.7685782313346863
Epoch 186 Relative Error 0.7380052208900452
Epoch 187 Relative Error 0.8230100870132446
Epoch 188 Relative Error 0.7255182266235352
Epoch 189 Relative Error 0.8095882534980774
Epoch 190 Relative Error 0.807794451713562
Epoch 191 Relative Error 0.7576789855957031
Epoch 192 Relative Error 0.7353489398956299
Epoch 193 Relative Error 0.7948828935623169
Epoch 194 Relative Error 0.7962573170661926
Epoch 195 Relative Error 0.8398624062538147
Epoch 196 Relative Error 0.7926163673400879
Epoch 197 Relative Error 0.6885377764701843
Epoch 198 Relative Error 0.6840794086456299
Epoch 199 Relative Error 0.7220847606658936
Epoch 200 Relative Error 0.7023935317993164
Epoch 201 Relative Error 0.7764666080474854
Epoch 202 Relative Error 0.8803175091743469
Epoch 203 Relative Error 0.9360467791557312
Epoch 204 Relative Error 0.7287945747375488
Epoch 205 Relative Error 0.7168334722518921
Epoch 206 Relative Error 0.7110078930854797
Epoch 207 Relative Error 0.7538840770721436
Epoch 208 Relative Error 0.9177720546722412
Epoch 209 Relative Error 0.9584192037582397
Epoch 210 Relative Error 0.7808094024658203
Epoch 211 Relative Error 0.7035956382751465
Epoch 212 Relative Error 0.679610550403595
Epoch 213 Relative Error 0.6871414184570312
Epoch 214 Relative Error 0.7078304290771484
Epoch 215 Relative Error 0.751801609992981
Epoch 216 Relative Error 0.7663511037826538
Epoch 217 Relative Error 0.7332945466041565
Epoch 218 Relative Error 0.7189290523529053
Epoch 219 Relative Error 0.7715466618537903
Epoch 220 Relative Error 0.7844085097312927
Epoch 221 Relative Error 0.849402904510498
Epoch 222 Relative Error 0.7535790801048279
Epoch 223 Relative Error 0.7275385856628418
Epoch 224 Relative Error 0.6942750215530396
Epoch 225 Relative Error 0.7048186659812927
Epoch 226 Relative Error 0.7257391810417175
Epoch 227 Relative Error 0.7249781489372253
Epoch 228 Relative Error 0.7489956021308899
Epoch 229 Relative Error 0.7884660959243774
Epoch 230 Relative Error 0.7712340950965881
Epoch 231 Relative Error 0.739307165145874
Epoch 232 Relative Error 0.7727810740470886
Epoch 233 Relative Error 0.7405290007591248
Epoch 234 Relative Error 0.7926823496818542
Epoch 235 Relative Error 0.7648990750312805
Epoch 236 Relative Error 0.7153692245483398
Epoch 237 Relative Error 0.6858579516410828
Epoch 238 Relative Error 0.7236887216567993
Epoch 239 Relative Error 0.7189333438873291
Epoch 240 Relative Error 0.786477267742157
Epoch 241 Relative Error 0.8024322390556335
Epoch 242 Relative Error 0.8351187109947205
Epoch 243 Relative Error 0.727173924446106
Epoch 244 Relative Error 0.6750689148902893
Epoch 245 Relative Error 0.7135487794876099
Epoch 246 Relative Error 0.7528415322303772
Epoch 247 Relative Error 0.7390226125717163
Epoch 248 Relative Error 0.6966502070426941
Epoch 249 Relative Error 0.6741679310798645
Epoch 250 Relative Error 0.6957607865333557
Epoch 251 Relative Error 0.777712881565094
Epoch 252 Relative Error 0.7952539920806885
Epoch 253 Relative Error 0.8069559931755066
Epoch 254 Relative Error 0.7515758872032166
Epoch 255 Relative Error 0.6994898319244385
Epoch 256 Relative Error 0.6749094724655151
Epoch 257 Relative Error 0.6699058413505554
Epoch 258 Relative Error 0.689959704875946
Epoch 259 Relative Error 0.8425267338752747
Epoch 260 Relative Error 0.8402531743049622
Epoch 261 Relative Error 0.780536949634552
Epoch 262 Relative Error 0.7120419144630432
Epoch 263 Relative Error 0.7105593085289001
Epoch 264 Relative Error 0.7308568358421326
Epoch 265 Relative Error 0.6987490057945251
Epoch 266 Relative Error 0.7252063751220703
Epoch 267 Relative Error 0.7689947485923767
Epoch 268 Relative Error 0.7446966767311096
Epoch 269 Relative Error 0.7615631222724915
Epoch 270 Relative Error 0.738246500492096
Epoch 271 Relative Error 0.70877605676651
Epoch 272 Relative Error 0.7061457633972168
Epoch 273 Relative Error 0.7452033162117004
Epoch 274 Relative Error 0.8178734183311462
Epoch 275 Relative Error 0.7288326621055603
Epoch 276 Relative Error 0.7050936222076416
Epoch 277 Relative Error 0.7182097434997559
Epoch 278 Relative Error 0.7406561374664307
Epoch 279 Relative Error 0.7054792642593384
Epoch 280 Relative Error 0.7401710152626038
Epoch 281 Relative Error 0.7508224248886108
Epoch 282 Relative Error 0.6996274590492249
Epoch 283 Relative Error 0.732443630695343
Epoch 284 Relative Error 0.7343802452087402
Epoch 285 Relative Error 0.8519746661186218
Epoch 286 Relative Error 0.8190116286277771
Epoch 287 Relative Error 0.6671669483184814
Epoch 288 Relative Error 0.6568363904953003
Epoch 289 Relative Error 0.6607641577720642
Epoch 290 Relative Error 0.7393662333488464
Epoch 291 Relative Error 0.7690009474754333
Epoch 292 Relative Error 0.7250127792358398
Epoch 293 Relative Error 0.6834591031074524
Epoch 294 Relative Error 0.7252411246299744
Epoch 295 Relative Error 0.7253906726837158
Epoch 296 Relative Error 0.6834719777107239
Epoch 297 Relative Error 0.6624194979667664
Epoch 298 Relative Error 0.6702964305877686
Epoch 299 Relative Error 0.7103092670440674
Epoch 300 Relative Error 0.7065312266349792
Epoch 301 Relative Error 0.7298147082328796
Epoch 302 Relative Error 0.7050838470458984
Epoch 303 Relative Error 0.6823431849479675
Epoch 304 Relative Error 0.7115568518638611
Epoch 305 Relative Error 0.7418286204338074
Epoch 306 Relative Error 0.7072230577468872
Epoch 307 Relative Error 0.7061684131622314
Epoch 308 Relative Error 0.710720956325531
Epoch 309 Relative Error 0.7476034164428711
Epoch 310 Relative Error 0.7339749336242676
Epoch 311 Relative Error 0.7465758323669434
Epoch 312 Relative Error 0.7614902853965759
Epoch 313 Relative Error 0.7267123460769653
Epoch 314 Relative Error 0.6584883332252502
Epoch 315 Relative Error 0.6866592764854431
Epoch 316 Relative Error 0.6915554404258728
Epoch 317 Relative Error 0.732084333896637
Epoch 318 Relative Error 0.7250410318374634
Epoch 319 Relative Error 0.665028989315033
Epoch 320 Relative Error 0.66228187084198
Epoch 321 Relative Error 0.7381721138954163
Epoch 322 Relative Error 0.7539612054824829
Epoch 323 Relative Error 0.7344182133674622
Epoch 324 Relative Error 0.6857060790061951
Epoch 325 Relative Error 0.7144272327423096
Epoch 326 Relative Error 0.7518113851547241
Epoch 327 Relative Error 0.7558413743972778
Epoch 328 Relative Error 0.736926794052124
Epoch 329 Relative Error 0.6847960352897644
Epoch 330 Relative Error 0.7578650116920471
Epoch 331 Relative Error 0.7529882788658142
Epoch 332 Relative Error 0.6919229030609131
Epoch 333 Relative Error 0.7186086177825928
Epoch 334 Relative Error 0.6901064515113831
Epoch 335 Relative Error 0.6512024998664856
Epoch 336 Relative Error 0.7072343230247498
Epoch 337 Relative Error 0.7089419960975647
Epoch 338 Relative Error 0.6820608377456665
Epoch 339 Relative Error 0.6784530878067017
Epoch 340 Relative Error 0.6800240278244019
Epoch 341 Relative Error 0.7878163456916809
Epoch 342 Relative Error 0.7105357646942139
Epoch 343 Relative Error 0.6733334064483643
Epoch 344 Relative Error 0.6647053360939026
Epoch 345 Relative Error 0.7591375708580017
Epoch 346 Relative Error 0.7070912718772888
Epoch 347 Relative Error 0.7344988584518433
Epoch 348 Relative Error 0.6989054083824158
Epoch 349 Relative Error 0.6950871348381042
Epoch 350 Relative Error 0.6957905888557434
Epoch 351 Relative Error 0.6997880935668945
Epoch 352 Relative Error 0.6808953881263733
Epoch 353 Relative Error 0.6797218918800354
Epoch 354 Relative Error 0.673889696598053
Epoch 355 Relative Error 0.6960785388946533
Epoch 356 Relative Error 0.6893739700317383
Epoch 357 Relative Error 0.6461610198020935
Epoch 358 Relative Error 0.7310067415237427
Epoch 359 Relative Error 0.7145404815673828
Epoch 360 Relative Error 0.7094516754150391
Epoch 361 Relative Error 0.6981382966041565
Epoch 362 Relative Error 0.685233473777771
Epoch 363 Relative Error 0.6452341675758362
Epoch 364 Relative Error 0.7270455956459045
Epoch 365 Relative Error 0.7630734443664551
Epoch 366 Relative Error 0.6635313630104065
Epoch 367 Relative Error 0.6589798331260681
Epoch 368 Relative Error 0.694293737411499
Epoch 369 Relative Error 0.7068427205085754
Epoch 370 Relative Error 0.6625598073005676
Epoch 371 Relative Error 0.637983500957489
Epoch 372 Relative Error 0.760044515132904
Epoch 373 Relative Error 0.785804808139801
Epoch 374 Relative Error 0.6737521886825562
Epoch 375 Relative Error 0.6584336161613464
Epoch 376 Relative Error 0.7827848792076111
Epoch 377 Relative Error 0.7498940825462341
Epoch 378 Relative Error 0.6667098999023438
Epoch 379 Relative Error 0.6475464105606079
Epoch 380 Relative Error 0.6685321927070618
Epoch 381 Relative Error 0.7728991508483887
Epoch 382 Relative Error 0.9253889918327332
Epoch 383 Relative Error 0.6780484914779663
Epoch 384 Relative Error 0.637489378452301
Epoch 385 Relative Error 0.7436392903327942
Epoch 386 Relative Error 0.7652766108512878
Epoch 387 Relative Error 0.6703536510467529
Epoch 388 Relative Error 0.6382642388343811
Epoch 389 Relative Error 0.63901686668396
Epoch 390 Relative Error 0.6409320831298828
Epoch 391 Relative Error 0.670574963092804
Epoch 392 Relative Error 0.7593445181846619
Epoch 393 Relative Error 0.7494319081306458
Epoch 394 Relative Error 0.6744091510772705
Epoch 395 Relative Error 0.6760746836662292
Epoch 396 Relative Error 0.6585953235626221
Epoch 397 Relative Error 0.6406213045120239
Epoch 398 Relative Error 0.6810035705566406
Epoch 399 Relative Error 0.7780570387840271
Epoch 400 Relative Error 0.8249097466468811
Epoch 401 Relative Error 0.6843000650405884
Epoch 402 Relative Error 0.6476556062698364
Epoch 403 Relative Error 0.6400323510169983
Epoch 404 Relative Error 0.9025604724884033
Epoch 405 Relative Error 0.944072425365448
Epoch 406 Relative Error 0.6459463834762573
Epoch 407 Relative Error 0.6372260451316833
Epoch 408 Relative Error 0.6508457064628601
Epoch 409 Relative Error 0.7786132097244263
Epoch 410 Relative Error 0.7391279339790344
Epoch 411 Relative Error 0.6539337038993835
Epoch 412 Relative Error 0.6599277853965759
Epoch 413 Relative Error 0.6872610449790955
Epoch 414 Relative Error 0.6590773463249207
Epoch 415 Relative Error 0.689285397529602
Epoch 416 Relative Error 0.6742410659790039
Epoch 417 Relative Error 0.7319157719612122
Epoch 418 Relative Error 0.7144302725791931
Epoch 419 Relative Error 0.6524142026901245
Epoch 420 Relative Error 0.6294455528259277
Epoch 421 Relative Error 0.7040795683860779
Epoch 422 Relative Error 0.789620041847229
Epoch 423 Relative Error 0.7486097812652588
Epoch 424 Relative Error 0.6409890651702881
Epoch 425 Relative Error 0.6640172004699707
Epoch 426 Relative Error 0.6526279449462891
Epoch 427 Relative Error 0.7278584837913513
Epoch 428 Relative Error 0.6590299606323242
Epoch 429 Relative Error 0.655788779258728
Epoch 430 Relative Error 0.6594145894050598
Epoch 431 Relative Error 0.6531863212585449
Epoch 432 Relative Error 0.6729007363319397
Epoch 433 Relative Error 0.670392632484436
Epoch 434 Relative Error 0.6545605063438416
Epoch 435 Relative Error 0.6793754696846008
Epoch 436 Relative Error 0.6419556736946106
Epoch 437 Relative Error 0.6384093761444092
Epoch 438 Relative Error 0.6973540186882019
Epoch 439 Relative Error 0.7353976964950562
Epoch 440 Relative Error 0.6324662566184998
Epoch 441 Relative Error 0.6287509799003601
Epoch 442 Relative Error 0.6350498795509338
Epoch 443 Relative Error 0.7011823654174805
Epoch 444 Relative Error 0.6417402029037476
Epoch 445 Relative Error 0.6638467907905579
Epoch 446 Relative Error 0.699008584022522
Epoch 447 Relative Error 0.6591320633888245
Epoch 448 Relative Error 0.6421459913253784
Epoch 449 Relative Error 0.7509340643882751
Epoch 450 Relative Error 0.7132404446601868
Epoch 451 Relative Error 0.6277593970298767
Epoch 452 Relative Error 0.6432457566261292
Epoch 453 Relative Error 0.7124223709106445
Epoch 454 Relative Error 0.6839120984077454
Epoch 455 Relative Error 0.6382275223731995
Epoch 456 Relative Error 0.641834557056427
Epoch 457 Relative Error 0.6876296401023865
Epoch 458 Relative Error 0.6935344338417053
Epoch 459 Relative Error 0.6509974002838135
Epoch 460 Relative Error 0.6771532297134399
Epoch 461 Relative Error 0.7496806383132935
Epoch 462 Relative Error 0.6950594186782837
Epoch 463 Relative Error 0.6448972225189209
Epoch 464 Relative Error 0.6410954594612122
Epoch 465 Relative Error 0.6459896564483643
Epoch 466 Relative Error 0.6618730425834656
Epoch 467 Relative Error 0.6650891304016113
Epoch 468 Relative Error 0.7281134128570557
Epoch 469 Relative Error 0.7162567377090454
Epoch 470 Relative Error 0.7049903869628906
Epoch 471 Relative Error 0.6520927548408508
Epoch 472 Relative Error 0.6582511067390442
Epoch 473 Relative Error 0.6418240666389465
Epoch 474 Relative Error 0.7656627893447876
Epoch 475 Relative Error 0.7426230311393738
Epoch 476 Relative Error 0.6210909485816956
Epoch 477 Relative Error 0.6214208602905273
Epoch 478 Relative Error 0.6768978238105774
Epoch 479 Relative Error 0.680285632610321
Epoch 480 Relative Error 0.6464372873306274
Epoch 481 Relative Error 0.6703066229820251
Epoch 482 Relative Error 0.6739263534545898
Epoch 483 Relative Error 0.6778067946434021
Epoch 484 Relative Error 0.6815295815467834
Epoch 485 Relative Error 0.6858915090560913
Epoch 486 Relative Error 0.6480052471160889
Epoch 487 Relative Error 0.6726924180984497
Epoch 488 Relative Error 0.716468870639801
Epoch 489 Relative Error 0.6588760018348694
Epoch 490 Relative Error 0.6310467720031738
Epoch 491 Relative Error 0.6804887652397156
Epoch 492 Relative Error 0.8075190186500549
Epoch 493 Relative Error 0.7376194000244141
Epoch 494 Relative Error 0.6331809759140015
Epoch 495 Relative Error 0.6257062554359436
Epoch 496 Relative Error 0.6321859955787659
Epoch 497 Relative Error 0.6598122715950012
Epoch 498 Relative Error 0.6815682053565979
Epoch 499 Relative Error 0.6448157429695129
Epoch 500 Relative Error 0.6260779500007629
Epoch 501 Relative Error 0.6366134285926819
Epoch 502 Relative Error 0.717208981513977
Epoch 503 Relative Error 0.7350839972496033
Epoch 504 Relative Error 0.6253076791763306
Epoch 505 Relative Error 0.6719130873680115
Epoch 506 Relative Error 0.6729329228401184
Epoch 507 Relative Error 0.6617742776870728
Epoch 508 Relative Error 0.6821802854537964
Epoch 509 Relative Error 0.7167232632637024
Epoch 510 Relative Error 0.6466121673583984
Epoch 511 Relative Error 0.6896318793296814
Epoch 512 Relative Error 0.6199202537536621
Epoch 513 Relative Error 0.6293026208877563
Epoch 514 Relative Error 0.6646663546562195
Epoch 515 Relative Error 0.6761253476142883
Epoch 516 Relative Error 0.6540531516075134
Epoch 517 Relative Error 0.7019864320755005
Epoch 518 Relative Error 0.7081392407417297
Epoch 519 Relative Error 0.615074634552002
Epoch 520 Relative Error 0.6134708523750305
Epoch 521 Relative Error 0.7015451788902283
Epoch 522 Relative Error 0.7075582146644592
Epoch 523 Relative Error 0.6743060946464539
Epoch 524 Relative Error 0.6394031047821045
Epoch 525 Relative Error 0.6104856133460999
Epoch 526 Relative Error 0.6366430521011353
Epoch 527 Relative Error 0.7836655974388123
Epoch 528 Relative Error 0.7807089686393738
Epoch 529 Relative Error 0.6554205417633057
Epoch 530 Relative Error 0.6252457499504089
Epoch 531 Relative Error 0.6817173361778259
Epoch 532 Relative Error 0.73772794008255
Epoch 533 Relative Error 0.6763357520103455
Epoch 534 Relative Error 0.6450605988502502
Epoch 535 Relative Error 0.6742141246795654
Epoch 536 Relative Error 0.6280184388160706
Epoch 537 Relative Error 0.6223129630088806
Epoch 538 Relative Error 0.6761913299560547
Epoch 539 Relative Error 0.6594594717025757
Epoch 540 Relative Error 0.6342651844024658
Epoch 541 Relative Error 0.7190525531768799
Epoch 542 Relative Error 0.6452293395996094
Epoch 543 Relative Error 0.6166945695877075
Epoch 544 Relative Error 0.6506441831588745
Epoch 545 Relative Error 0.7675873637199402
Epoch 546 Relative Error 0.6288831830024719
Epoch 547 Relative Error 0.6098380088806152
Epoch 548 Relative Error 0.6532520651817322
Epoch 549 Relative Error 0.6867326498031616
Epoch 550 Relative Error 0.6257178783416748
Epoch 551 Relative Error 0.6245012879371643
Epoch 552 Relative Error 0.6988378167152405
Epoch 553 Relative Error 0.7169373631477356
Epoch 554 Relative Error 0.653494119644165
Epoch 555 Relative Error 0.6270678043365479
Epoch 556 Relative Error 0.6675102710723877
Epoch 557 Relative Error 0.7191219925880432
Epoch 558 Relative Error 0.6094910502433777
Epoch 559 Relative Error 0.6056895852088928
Epoch 560 Relative Error 0.7749531269073486
Epoch 561 Relative Error 0.7360397577285767
Epoch 562 Relative Error 0.6201592087745667
Epoch 563 Relative Error 0.6168965697288513
Epoch 564 Relative Error 0.6845166087150574
Epoch 565 Relative Error 0.686529815196991
Epoch 566 Relative Error 0.6105334162712097
Epoch 567 Relative Error 0.6371825337409973
Epoch 568 Relative Error 0.768458902835846
Epoch 569 Relative Error 0.682216227054596
Epoch 570 Relative Error 0.6301586627960205
Epoch 571 Relative Error 0.6161799430847168
Epoch 572 Relative Error 0.691491425037384
Epoch 573 Relative Error 0.6638630032539368
Epoch 574 Relative Error 0.616741955280304
Epoch 575 Relative Error 0.6291496157646179
Epoch 576 Relative Error 0.6185762882232666
Epoch 577 Relative Error 0.7261915802955627
Epoch 578 Relative Error 0.6211535334587097
Epoch 579 Relative Error 0.613017201423645
Epoch 580 Relative Error 0.730973482131958
Epoch 581 Relative Error 0.6500864028930664
Epoch 582 Relative Error 0.6232044100761414
Epoch 583 Relative Error 0.6272006630897522
Epoch 584 Relative Error 0.7393859028816223
Epoch 585 Relative Error 0.7046793103218079
Epoch 586 Relative Error 0.6095125675201416
Epoch 587 Relative Error 0.6150402426719666
Epoch 588 Relative Error 0.7735828161239624
Epoch 589 Relative Error 0.634084165096283
Epoch 590 Relative Error 0.6088902950286865
Epoch 591 Relative Error 0.6879603862762451
Epoch 592 Relative Error 0.7388707995414734
Epoch 593 Relative Error 0.6682999134063721
Epoch 594 Relative Error 0.6157416701316833
Epoch 595 Relative Error 0.618155837059021
Epoch 596 Relative Error 0.6514630317687988
Epoch 597 Relative Error 0.6640401482582092
Epoch 598 Relative Error 0.6220069527626038
Epoch 599 Relative Error 0.6205546855926514
Epoch 600 Relative Error 0.6109866499900818
Epoch 601 Relative Error 0.6276480555534363
Epoch 602 Relative Error 0.6180381774902344
Epoch 603 Relative Error 0.6592386364936829
Epoch 604 Relative Error 0.6852868795394897
Epoch 605 Relative Error 0.6160700917243958
Epoch 606 Relative Error 0.600292980670929
Epoch 607 Relative Error 0.6950930953025818
Epoch 608 Relative Error 0.7157116532325745
Epoch 609 Relative Error 0.6367125511169434
Epoch 610 Relative Error 0.6029415726661682
Epoch 611 Relative Error 0.64325350522995
Epoch 612 Relative Error 0.7117875218391418
Epoch 613 Relative Error 0.696841299533844
Epoch 614 Relative Error 0.6048932075500488
Epoch 615 Relative Error 0.5992802977561951
Epoch 616 Relative Error 0.694297194480896
Epoch 617 Relative Error 0.692364513874054
Epoch 618 Relative Error 0.6103461980819702
Epoch 619 Relative Error 0.6443754434585571
Epoch 620 Relative Error 0.652979850769043
Epoch 621 Relative Error 0.6007875204086304
Epoch 622 Relative Error 0.5981281995773315
Epoch 623 Relative Error 0.684919536113739
Epoch 624 Relative Error 0.6669400334358215
Epoch 625 Relative Error 0.6157362461090088
Epoch 626 Relative Error 0.5967087149620056
Epoch 627 Relative Error 0.6267575025558472
Epoch 628 Relative Error 0.7249867916107178
Epoch 629 Relative Error 0.6942418813705444
Epoch 630 Relative Error 0.6038694381713867
Epoch 631 Relative Error 0.5977972745895386
Epoch 632 Relative Error 0.6408984065055847
Epoch 633 Relative Error 0.6715980172157288
Epoch 634 Relative Error 0.6389731168746948
Epoch 635 Relative Error 0.6074401140213013
Epoch 636 Relative Error 0.6788098812103271
Epoch 637 Relative Error 0.6549768447875977
Epoch 638 Relative Error 0.6138761043548584
Epoch 639 Relative Error 0.5981938242912292
Epoch 640 Relative Error 0.6532940864562988
Epoch 641 Relative Error 0.6616162657737732
Epoch 642 Relative Error 0.6013754606246948
Epoch 643 Relative Error 0.6321937441825867
Epoch 644 Relative Error 0.6992762088775635
Epoch 645 Relative Error 0.5980506539344788
Epoch 646 Relative Error 0.594688355922699
Epoch 647 Relative Error 0.6244001388549805
Epoch 648 Relative Error 0.7168061137199402
Epoch 649 Relative Error 0.6347399950027466
Epoch 650 Relative Error 0.6098610162734985
Epoch 651 Relative Error 0.6506613492965698
Epoch 652 Relative Error 0.6435331106185913
Epoch 653 Relative Error 0.6611574292182922
Epoch 654 Relative Error 0.6054621338844299
Epoch 655 Relative Error 0.6623933911323547
Epoch 656 Relative Error 0.6186797618865967
Epoch 657 Relative Error 0.6220524907112122
Epoch 658 Relative Error 0.6330724954605103
Epoch 659 Relative Error 0.6300166249275208
Epoch 660 Relative Error 0.6339283585548401
Epoch 661 Relative Error 0.6521387100219727
Epoch 662 Relative Error 0.6389386653900146
Epoch 663 Relative Error 0.6128713488578796
Epoch 664 Relative Error 0.6321192979812622
Epoch 665 Relative Error 0.6665158867835999
Epoch 666 Relative Error 0.6240795254707336
Epoch 667 Relative Error 0.6292503476142883
Epoch 668 Relative Error 0.5951417088508606
Epoch 669 Relative Error 0.6339464783668518
Epoch 670 Relative Error 0.7518357038497925
Epoch 671 Relative Error 0.5973944664001465
Epoch 672 Relative Error 0.6020841598510742
Epoch 673 Relative Error 0.7467415928840637
Epoch 674 Relative Error 0.7471340298652649
Epoch 675 Relative Error 0.5967758297920227
Epoch 676 Relative Error 0.5903687477111816
Epoch 677 Relative Error 0.6615790724754333
Epoch 678 Relative Error 0.7524186968803406
Epoch 679 Relative Error 0.5916382670402527
Epoch 680 Relative Error 0.599701464176178
Epoch 681 Relative Error 0.7971168756484985
Epoch 682 Relative Error 0.7500593662261963
Epoch 683 Relative Error 0.6120010614395142
Epoch 684 Relative Error 0.6241002678871155
Epoch 685 Relative Error 0.7697294354438782
Epoch 686 Relative Error 0.707447350025177
Epoch 687 Relative Error 0.6070055961608887
Epoch 688 Relative Error 0.625887930393219
Epoch 689 Relative Error 0.6237452030181885
Epoch 690 Relative Error 0.6342794895172119
Epoch 691 Relative Error 0.6081099510192871
Epoch 692 Relative Error 0.6421831250190735
Epoch 693 Relative Error 0.7231897115707397
Epoch 694 Relative Error 0.6776525378227234
Epoch 695 Relative Error 0.6048347353935242
Epoch 696 Relative Error 0.5875757336616516
Epoch 697 Relative Error 0.6361024975776672
Epoch 698 Relative Error 0.6533093452453613
Epoch 699 Relative Error 0.6026396155357361
Epoch 700 Relative Error 0.6767961382865906
Epoch 701 Relative Error 0.6400943994522095
Epoch 702 Relative Error 0.620579183101654
Epoch 703 Relative Error 0.6088532209396362
Epoch 704 Relative Error 0.5989216566085815
Epoch 705 Relative Error 0.6189311742782593
Epoch 706 Relative Error 0.6521888971328735
Epoch 707 Relative Error 0.6142165064811707
Epoch 708 Relative Error 0.6201756596565247
Epoch 709 Relative Error 0.6178522706031799
Epoch 710 Relative Error 0.6889045238494873
Epoch 711 Relative Error 0.6810865998268127
Epoch 712 Relative Error 0.6006697416305542
Epoch 713 Relative Error 0.6054436564445496
Epoch 714 Relative Error 0.6495597958564758
Epoch 715 Relative Error 0.7468363642692566
Epoch 716 Relative Error 0.5988262295722961
Epoch 717 Relative Error 0.603695273399353
Epoch 718 Relative Error 0.5973765850067139
Epoch 719 Relative Error 0.6106098294258118
Epoch 720 Relative Error 0.6758115887641907
Epoch 721 Relative Error 0.6860764622688293
Epoch 722 Relative Error 0.6698418855667114
Epoch 723 Relative Error 0.6026166677474976
Epoch 724 Relative Error 0.5948920249938965
Epoch 725 Relative Error 0.6136801838874817
Epoch 726 Relative Error 0.6518213748931885
Epoch 727 Relative Error 0.6004166007041931
Epoch 728 Relative Error 0.6068400144577026
Epoch 729 Relative Error 0.6529702544212341
Epoch 730 Relative Error 0.7054099440574646
Epoch 731 Relative Error 0.6186957955360413
Epoch 732 Relative Error 0.5919618010520935
Epoch 733 Relative Error 0.6135331392288208
Epoch 734 Relative Error 0.6424818634986877
Epoch 735 Relative Error 0.6680421233177185
Epoch 736 Relative Error 0.6093780398368835
Epoch 737 Relative Error 0.6000428795814514
Epoch 738 Relative Error 0.5920788645744324
Epoch 739 Relative Error 0.6387786269187927
Epoch 740 Relative Error 0.6673957705497742
Epoch 741 Relative Error 0.5991917848587036
Epoch 742 Relative Error 0.6132796406745911
Epoch 743 Relative Error 0.6240954995155334
Epoch 744 Relative Error 0.6350970268249512
Epoch 745 Relative Error 0.605527937412262
Epoch 746 Relative Error 0.6192147135734558
Epoch 747 Relative Error 0.6122820377349854
Epoch 748 Relative Error 0.592780351638794
Epoch 749 Relative Error 0.5969278216362
Epoch 750 Relative Error 0.6705182194709778
Epoch 751 Relative Error 0.7035803198814392
Epoch 752 Relative Error 0.6282007694244385
Epoch 753 Relative Error 0.604124903678894
Epoch 754 Relative Error 0.6305539608001709
Epoch 755 Relative Error 0.6098859310150146
Epoch 756 Relative Error 0.5913329720497131
Epoch 757 Relative Error 0.5927716493606567
Epoch 758 Relative Error 0.649314284324646
Epoch 759 Relative Error 0.640207827091217
Epoch 760 Relative Error 0.6080642938613892
Epoch 761 Relative Error 0.5987796187400818
Epoch 762 Relative Error 0.6443754434585571
Epoch 763 Relative Error 0.6615551710128784
Epoch 764 Relative Error 0.600483775138855
Epoch 765 Relative Error 0.5875440835952759
Epoch 766 Relative Error 0.6143700480461121
Epoch 767 Relative Error 0.6326809525489807
Epoch 768 Relative Error 0.6495715379714966
Epoch 769 Relative Error 0.6026856899261475
Epoch 770 Relative Error 0.6547892689704895
Epoch 771 Relative Error 0.6172780990600586
Epoch 772 Relative Error 0.6656519770622253
Epoch 773 Relative Error 0.6382853984832764
Epoch 774 Relative Error 0.6036145687103271
Epoch 775 Relative Error 0.6245254874229431
Epoch 776 Relative Error 0.6120390892028809
Epoch 777 Relative Error 0.5845243334770203
Epoch 778 Relative Error 0.5821408629417419
Epoch 779 Relative Error 0.7088907957077026
Epoch 780 Relative Error 0.704617977142334
Epoch 781 Relative Error 0.6058441996574402
Epoch 782 Relative Error 0.6004213690757751
Epoch 783 Relative Error 0.6054763793945312
Epoch 784 Relative Error 0.7503679990768433
Epoch 785 Relative Error 0.6434653401374817
Epoch 786 Relative Error 0.6016006469726562
Epoch 787 Relative Error 0.5954920053482056
Epoch 788 Relative Error 0.5946314334869385
Epoch 789 Relative Error 0.6418174505233765
Epoch 790 Relative Error 0.6558303833007812
Epoch 791 Relative Error 0.6124874949455261
Epoch 792 Relative Error 0.5776676535606384
Epoch 793 Relative Error 0.6123974919319153
Epoch 794 Relative Error 0.72254878282547
Epoch 795 Relative Error 0.6335399150848389
Epoch 796 Relative Error 0.5965011119842529
Epoch 797 Relative Error 0.6182894706726074
Epoch 798 Relative Error 0.6230303049087524
Epoch 799 Relative Error 0.5901592969894409
Epoch 800 Relative Error 0.5904700756072998
Epoch 801 Relative Error 0.5937026739120483
Epoch 802 Relative Error 0.7014015913009644
Epoch 803 Relative Error 0.6246370673179626
Epoch 804 Relative Error 0.6074255704879761
Epoch 805 Relative Error 0.6328973174095154
Epoch 806 Relative Error 0.6150543093681335
Epoch 807 Relative Error 0.6730525493621826
Epoch 808 Relative Error 0.5988175272941589
Epoch 809 Relative Error 0.5826348066329956
Epoch 810 Relative Error 0.6096931099891663
Epoch 811 Relative Error 0.6280613541603088
Epoch 812 Relative Error 0.5944948792457581
Epoch 813 Relative Error 0.607269287109375
Epoch 814 Relative Error 0.6186301708221436
Epoch 815 Relative Error 0.6084052324295044
Epoch 816 Relative Error 0.6305581331253052
Epoch 817 Relative Error 0.6105442047119141
Epoch 818 Relative Error 0.5989140868186951
Epoch 819 Relative Error 0.5996913909912109
Epoch 820 Relative Error 0.6020519733428955
Epoch 821 Relative Error 0.6031568050384521
Epoch 822 Relative Error 0.6146004796028137
Epoch 823 Relative Error 0.6141133308410645
Epoch 824 Relative Error 0.5977218747138977
Epoch 825 Relative Error 0.6278335452079773
Epoch 826 Relative Error 0.6366190910339355
Epoch 827 Relative Error 0.6219561696052551
Epoch 828 Relative Error 0.640509307384491
Epoch 829 Relative Error 0.6132170557975769
Epoch 830 Relative Error 0.6094363331794739
Epoch 831 Relative Error 0.6101643443107605
Epoch 832 Relative Error 0.6127671599388123
Epoch 833 Relative Error 0.6282464861869812
Epoch 834 Relative Error 0.617396354675293
Epoch 835 Relative Error 0.585626482963562
Epoch 836 Relative Error 0.6150648593902588
Epoch 837 Relative Error 0.6533322334289551
Epoch 838 Relative Error 0.5889890193939209
Epoch 839 Relative Error 0.5904291868209839
Epoch 840 Relative Error 0.6104313135147095
Epoch 841 Relative Error 0.6319107413291931
Epoch 842 Relative Error 0.6618495583534241
Epoch 843 Relative Error 0.6149013638496399
Epoch 844 Relative Error 0.5873156785964966
Epoch 845 Relative Error 0.6409372687339783
Epoch 846 Relative Error 0.6815230846405029
Epoch 847 Relative Error 0.5770718455314636
Epoch 848 Relative Error 0.599181056022644
Epoch 849 Relative Error 0.6216253042221069
Epoch 850 Relative Error 0.6465936899185181
Epoch 851 Relative Error 0.5814817547798157
Epoch 852 Relative Error 0.58006751537323
Epoch 853 Relative Error 0.6108335256576538
Epoch 854 Relative Error 0.6272721290588379
Epoch 855 Relative Error 0.6455124616622925
Epoch 856 Relative Error 0.6143746376037598
Epoch 857 Relative Error 0.574225127696991
Epoch 858 Relative Error 0.5968914031982422
Epoch 859 Relative Error 0.601529598236084
Epoch 860 Relative Error 0.6239427328109741
Epoch 861 Relative Error 0.5907884836196899
Epoch 862 Relative Error 0.6149707436561584
Epoch 863 Relative Error 0.6244688034057617
Epoch 864 Relative Error 0.5742011070251465
Epoch 865 Relative Error 0.6139850616455078
Epoch 866 Relative Error 0.5854418873786926
Epoch 867 Relative Error 0.5714356899261475
Epoch 868 Relative Error 0.5919767022132874
Epoch 869 Relative Error 0.5897753238677979
Epoch 870 Relative Error 0.5885798335075378
Epoch 871 Relative Error 0.5955535173416138
Epoch 872 Relative Error 0.5885645151138306
Epoch 873 Relative Error 0.6279599070549011
Epoch 874 Relative Error 0.6061370372772217
Epoch 875 Relative Error 0.6027963161468506
Epoch 876 Relative Error 0.6383771300315857
Epoch 877 Relative Error 0.5878850221633911
Epoch 878 Relative Error 0.568264901638031
Epoch 879 Relative Error 0.5696063041687012
Epoch 880 Relative Error 0.6714109182357788
Epoch 881 Relative Error 0.6699528694152832
Epoch 882 Relative Error 0.5800161361694336
Epoch 883 Relative Error 0.5809626579284668
Epoch 884 Relative Error 0.7562321424484253
Epoch 885 Relative Error 0.6948856711387634
Epoch 886 Relative Error 0.597737193107605
Epoch 887 Relative Error 0.5732413530349731
Epoch 888 Relative Error 0.6760808825492859
Epoch 889 Relative Error 0.6707923412322998
Epoch 890 Relative Error 0.5687987804412842
Epoch 891 Relative Error 0.5744218826293945
Epoch 892 Relative Error 0.6224873661994934
Epoch 893 Relative Error 0.6149606108665466
Epoch 894 Relative Error 0.584251880645752
Epoch 895 Relative Error 0.619044303894043
Epoch 896 Relative Error 0.5778630375862122
Epoch 897 Relative Error 0.5906162858009338
Epoch 898 Relative Error 0.6463586091995239
Epoch 899 Relative Error 0.575934648513794
Epoch 900 Relative Error 0.5744661688804626
Epoch 901 Relative Error 0.5827266573905945
Epoch 902 Relative Error 0.5871939659118652
Epoch 903 Relative Error 0.6322928667068481
Epoch 904 Relative Error 0.6534286141395569
Epoch 905 Relative Error 0.653407096862793
Epoch 906 Relative Error 0.5830612182617188
Epoch 907 Relative Error 0.5729828476905823
Epoch 908 Relative Error 0.6655049324035645
Epoch 909 Relative Error 0.639196515083313
Epoch 910 Relative Error 0.6117681264877319
Epoch 911 Relative Error 0.5721705555915833
Epoch 912 Relative Error 0.5778078436851501
Epoch 913 Relative Error 0.6316670179367065
Epoch 914 Relative Error 0.5909047722816467
Epoch 915 Relative Error 0.5678578019142151
Epoch 916 Relative Error 0.5788933038711548
Epoch 917 Relative Error 0.6370947360992432
Epoch 918 Relative Error 0.5692165493965149
Epoch 919 Relative Error 0.5727577805519104
Epoch 920 Relative Error 0.671794593334198
Epoch 921 Relative Error 0.620215117931366
Epoch 922 Relative Error 0.5814046263694763
Epoch 923 Relative Error 0.5650423169136047
Epoch 924 Relative Error 0.6461670398712158
Epoch 925 Relative Error 0.6429765820503235
Epoch 926 Relative Error 0.565535306930542
Epoch 927 Relative Error 0.5648916363716125
Epoch 928 Relative Error 0.595527708530426
Epoch 929 Relative Error 0.6003822088241577
Epoch 930 Relative Error 0.5906858444213867
Epoch 931 Relative Error 0.5882811546325684
Epoch 932 Relative Error 0.6366791129112244
Epoch 933 Relative Error 0.5819923877716064
Epoch 934 Relative Error 0.5678685307502747
Epoch 935 Relative Error 0.6206859946250916
Epoch 936 Relative Error 0.6068122982978821
Epoch 937 Relative Error 0.6083325147628784
Epoch 938 Relative Error 0.6017403602600098
Epoch 939 Relative Error 0.5635870695114136
Epoch 940 Relative Error 0.5720482468605042
Epoch 941 Relative Error 0.6606858968734741
Epoch 942 Relative Error 0.6130428910255432
Epoch 943 Relative Error 0.5743883848190308
Epoch 944 Relative Error 0.5804809927940369
Epoch 945 Relative Error 0.6144892573356628
Epoch 946 Relative Error 0.5837790966033936
Epoch 947 Relative Error 0.5620446801185608
Epoch 948 Relative Error 0.5729272961616516
Epoch 949 Relative Error 0.7099723815917969
Epoch 950 Relative Error 0.6237080097198486
Epoch 951 Relative Error 0.5618340373039246
Epoch 952 Relative Error 0.5778434872627258
Epoch 953 Relative Error 0.7152886390686035
Epoch 954 Relative Error 0.6186726093292236
Epoch 955 Relative Error 0.5606628060340881
Epoch 956 Relative Error 0.5685490965843201
Epoch 957 Relative Error 0.6001145839691162
Epoch 958 Relative Error 0.5851802229881287
Epoch 959 Relative Error 0.579996645450592
Epoch 960 Relative Error 0.5932198166847229
Epoch 961 Relative Error 0.6463929414749146
Epoch 962 Relative Error 0.6108566522598267
Epoch 963 Relative Error 0.5614992380142212
Epoch 964 Relative Error 0.5737002491950989
Epoch 965 Relative Error 0.5911926031112671
Epoch 966 Relative Error 0.5895212292671204
Epoch 967 Relative Error 0.6424609422683716
Epoch 968 Relative Error 0.5848968625068665
Epoch 969 Relative Error 0.5637179017066956
Epoch 970 Relative Error 0.6315150260925293
Epoch 971 Relative Error 0.63755863904953
Epoch 972 Relative Error 0.5853747725486755
Epoch 973 Relative Error 0.5693991184234619
Epoch 974 Relative Error 0.5683895945549011
Epoch 975 Relative Error 0.6445833444595337
Epoch 976 Relative Error 0.6019157767295837
Epoch 977 Relative Error 0.5742771029472351
Epoch 978 Relative Error 0.5700328350067139
Epoch 979 Relative Error 0.6103957295417786
Epoch 980 Relative Error 0.5815505385398865
Epoch 981 Relative Error 0.5791012048721313
Epoch 982 Relative Error 0.6158133745193481
Epoch 983 Relative Error 0.5989789366722107
Epoch 984 Relative Error 0.6023220419883728
Epoch 985 Relative Error 0.5653663277626038
Epoch 986 Relative Error 0.570103645324707
Epoch 987 Relative Error 0.6831264495849609
Epoch 988 Relative Error 0.6048311591148376
Epoch 989 Relative Error 0.5619052052497864
Epoch 990 Relative Error 0.5602018237113953
Epoch 991 Relative Error 0.6054238080978394
Epoch 992 Relative Error 0.5890900492668152
Epoch 993 Relative Error 0.5695905089378357
Epoch 994 Relative Error 0.618861734867096
Epoch 995 Relative Error 0.6398640871047974
Epoch 996 Relative Error 0.5637344121932983
Epoch 997 Relative Error 0.5957155227661133
Epoch 998 Relative Error 0.5939532518386841
Epoch 999 Relative Error 0.5971844792366028
Epoch 1000 Relative Error 0.5864657759666443
RE (1, 4, 27, 0): 0.5602018237113953
Green's Function RE (1, 4, 27, 0): 0.41978269815444946
Bias Term RE (1, 4, 27, 0): 0.09905766695737839
Combination (1, 4, 27, 0, 0): 0.5850846767425537
Combination (1, 4, 27, 0, 1): 0.5839450359344482
Combination (1, 4, 27, 0, 2): 0.5836239457130432
Combination (1, 4, 27, 0, 3): 0.5835161805152893
Combination (1, 4, 27, 0, 4): 0.5834621787071228

/home/gridsan/gstepaniants/.local/lib/python3.8/site-packages/torch/functional.py:478: UserWarning: torch.meshgrid: in an upcoming release, it will be required to pass the indexing argument. (Triggered internally at  ../aten/src/ATen/native/TensorShape.cpp:2895.)
  return _VF.meshgrid(tensors, **kwargs)  # type: ignore[attr-defined]
