[KeOps] Warning : Cuda libraries were not detected on the system ; using cpu only mode
1
Kernel: Matern5/2
Weight Mesh: 50
RKHS Kernel Width: 0.007
Lambda: 1e-06
Green's Function Learning Rate: 100
Bias Term Learning Rate: 100
Epoch 1 Relative Error 858.4928588867188
First epoch had re = 858.4928588867188 > 1
Green's Function Learning Rate: 50
Bias Term Learning Rate: 50
Epoch 1 Relative Error 406.8604431152344
First epoch had re = 406.8604431152344 > 1
Green's Function Learning Rate: 10
Bias Term Learning Rate: 10
Epoch 1 Relative Error 94.80415344238281
First epoch had re = 94.80415344238281 > 1
Green's Function Learning Rate: 5
Bias Term Learning Rate: 5
Epoch 1 Relative Error 39.775657653808594
First epoch had re = 39.775657653808594 > 1
Green's Function Learning Rate: 1
Bias Term Learning Rate: 1
Epoch 1 Relative Error 8.371599197387695
First epoch had re = 8.371599197387695 > 1
Green's Function Learning Rate: 0.5
Bias Term Learning Rate: 0.5
Epoch 1 Relative Error 3.7551074028015137
First epoch had re = 3.7551074028015137 > 1
Green's Function Learning Rate: 0.1
Bias Term Learning Rate: 0.1
Epoch 1 Relative Error 0.9454475045204163
Epoch 2 Relative Error 0.7442863583564758
Epoch 3 Relative Error 0.5088509917259216
Epoch 4 Relative Error 0.4755725860595703
Epoch 5 Relative Error 0.4163171648979187
Epoch 6 Relative Error 0.3010692000389099
Epoch 7 Relative Error 0.2278376817703247
Epoch 8 Relative Error 0.19866836071014404
Epoch 9 Relative Error 0.15947474539279938
Epoch 10 Relative Error 0.11228616535663605
Epoch 11 Relative Error 0.09228940308094025
Epoch 12 Relative Error 0.08176469802856445
Epoch 13 Relative Error 0.07196629047393799
Epoch 14 Relative Error 0.05244698375463486
Epoch 15 Relative Error 0.04005451500415802
Epoch 16 Relative Error 0.03125211223959923
Epoch 17 Relative Error 0.025310613214969635
Epoch 18 Relative Error 0.02280423790216446
Epoch 19 Relative Error 0.018385669216513634
Epoch 20 Relative Error 0.015472018159925938
Epoch 21 Relative Error 0.012279349379241467
Epoch 22 Relative Error 0.011226707138121128
Epoch 23 Relative Error 0.009609867818653584
Epoch 24 Relative Error 0.007308580446988344
Epoch 25 Relative Error 0.006097852718085051
Epoch 26 Relative Error 0.005318964831531048
Epoch 27 Relative Error 0.0043712034821510315
Epoch 28 Relative Error 0.0038894028402864933
Epoch 29 Relative Error 0.003602369222790003
Epoch 30 Relative Error 0.0032240489963442087
Epoch 31 Relative Error 0.0027852191124111414
Epoch 32 Relative Error 0.00269026099704206
Epoch 33 Relative Error 0.0024204764049500227
Epoch 34 Relative Error 0.0023013362661004066
Epoch 35 Relative Error 0.002064549596980214
Epoch 36 Relative Error 0.0019867010414600372
Epoch 37 Relative Error 0.0018982782494276762
Epoch 38 Relative Error 0.0017753896536305547
Epoch 39 Relative Error 0.0016824089689180255
Epoch 40 Relative Error 0.0016367888310924172
Epoch 41 Relative Error 0.0016370447119697928
Epoch 42 Relative Error 0.0014660602901130915
Epoch 43 Relative Error 0.0014723963104188442
Epoch 44 Relative Error 0.0014401290100067854
Epoch 45 Relative Error 0.001413484918884933
Epoch 46 Relative Error 0.0013837163569405675
Epoch 47 Relative Error 0.0013156832428649068
Epoch 48 Relative Error 0.0013478491455316544
Epoch 49 Relative Error 0.001266353647224605
Epoch 50 Relative Error 0.0012120278552174568
Epoch 51 Relative Error 0.0012690804433077574
Epoch 52 Relative Error 0.001190002541989088
Epoch 53 Relative Error 0.0012345680734142661
Epoch 54 Relative Error 0.0011616608826443553
Epoch 55 Relative Error 0.0011027833679690957
Epoch 56 Relative Error 0.0011283630738034844
Epoch 57 Relative Error 0.0010560851078480482
Epoch 58 Relative Error 0.0010347248753532767
Epoch 59 Relative Error 0.0009924120968207717
Epoch 60 Relative Error 0.0009671488660387695
Epoch 61 Relative Error 0.0009667639969848096
Epoch 62 Relative Error 0.001025006640702486
Epoch 63 Relative Error 0.0009436255786567926
Epoch 64 Relative Error 0.0009358840179629624
Epoch 65 Relative Error 0.000908033805899322
Epoch 66 Relative Error 0.0009113116539083421
Epoch 67 Relative Error 0.0009619902702979743
Epoch 68 Relative Error 0.0009791230550035834
Epoch 69 Relative Error 0.0010006650118157268
Epoch 70 Relative Error 0.0008683881023898721
Epoch 71 Relative Error 0.0008167450432665646
Epoch 72 Relative Error 0.0008965362794697285
Epoch 73 Relative Error 0.0008595884428359568
Epoch 74 Relative Error 0.0009103259071707726
Epoch 75 Relative Error 0.0008899586391635239
Epoch 76 Relative Error 0.0008568518678657711
Epoch 77 Relative Error 0.0008314570877701044
Epoch 78 Relative Error 0.0007704817689955235
Epoch 79 Relative Error 0.0008373605669476092
Epoch 80 Relative Error 0.0007400817703455687
Epoch 81 Relative Error 0.0007578656659461558
Epoch 82 Relative Error 0.0007462277426384389
Epoch 83 Relative Error 0.0006955481367185712
Epoch 84 Relative Error 0.0007334816036745906
Epoch 85 Relative Error 0.0007311955559998751
Epoch 86 Relative Error 0.0007148929871618748
Epoch 87 Relative Error 0.0007177033112384379
Epoch 88 Relative Error 0.0007168488227762282
Epoch 89 Relative Error 0.0007082990487106144
Epoch 90 Relative Error 0.0007325428305193782
Epoch 91 Relative Error 0.0006503777112811804
Epoch 92 Relative Error 0.0006824092706665397
Epoch 93 Relative Error 0.0006835440872237086
Epoch 94 Relative Error 0.0006332367775030434
Epoch 95 Relative Error 0.0006737387157045305
Epoch 96 Relative Error 0.0006481504533439875
Epoch 97 Relative Error 0.0007573430775664747
Epoch 98 Relative Error 0.0007420441252179444
Epoch 99 Relative Error 0.0007026101811788976
Epoch 100 Relative Error 0.0006392845534719527
Epoch 101 Relative Error 0.0007205711444839835
Epoch 102 Relative Error 0.0006179335177876055
Epoch 103 Relative Error 0.000616367207840085
Epoch 104 Relative Error 0.000672401743941009
Epoch 105 Relative Error 0.0005975602543912828
Epoch 106 Relative Error 0.000599259976297617
Epoch 107 Relative Error 0.000645882508251816
Epoch 108 Relative Error 0.0006014960817992687
Epoch 109 Relative Error 0.0006526109063997865
Epoch 110 Relative Error 0.0006867523770779371
Epoch 111 Relative Error 0.0006526319775730371
Epoch 112 Relative Error 0.0005859857192263007
Epoch 113 Relative Error 0.0006128652021288872
Epoch 114 Relative Error 0.0006218707421794534
Epoch 115 Relative Error 0.0005562029546126723
Epoch 116 Relative Error 0.0005422974354587495
Epoch 117 Relative Error 0.0005638805450871587
Epoch 118 Relative Error 0.0005303956568241119
Epoch 119 Relative Error 0.0005362578667700291
Epoch 120 Relative Error 0.0005258969031274319
Epoch 121 Relative Error 0.0005158440908417106
Epoch 122 Relative Error 0.000485425436636433
Epoch 123 Relative Error 0.0005566791514866054
Epoch 124 Relative Error 0.0005063560674898326
Epoch 125 Relative Error 0.0005881802644580603
Epoch 126 Relative Error 0.0005535102100111544
Epoch 127 Relative Error 0.0004957965575158596
Epoch 128 Relative Error 0.0005149528151378036
Epoch 129 Relative Error 0.0004805816279258579
Epoch 130 Relative Error 0.0005267395172268152
Epoch 131 Relative Error 0.0005233510164543986
Epoch 132 Relative Error 0.0005014511989429593
Epoch 133 Relative Error 0.0004916364559903741
Epoch 134 Relative Error 0.0004829571698792279
Epoch 135 Relative Error 0.0005011784960515797
Epoch 136 Relative Error 0.00046347896568477154
Epoch 137 Relative Error 0.0004814057901967317
Epoch 138 Relative Error 0.00044031935976818204
Epoch 139 Relative Error 0.0004408280656207353
Epoch 140 Relative Error 0.00044790178071707487
Epoch 141 Relative Error 0.00047352747060358524
Epoch 142 Relative Error 0.00047518155770376325
Epoch 143 Relative Error 0.0005050136242061853
Epoch 144 Relative Error 0.0004871726268902421
Epoch 145 Relative Error 0.00047758923028595746
Epoch 146 Relative Error 0.0005276149022392929
Epoch 147 Relative Error 0.0005011201719753444
Epoch 148 Relative Error 0.0004891219432465732
Epoch 149 Relative Error 0.0005757032777182758
Epoch 150 Relative Error 0.0005115676904097199
Epoch 151 Relative Error 0.0005482133128680289
Epoch 152 Relative Error 0.0005322851939126849
Epoch 153 Relative Error 0.0007032603025436401
Epoch 154 Relative Error 0.0006133675924502313
Epoch 155 Relative Error 0.0006039082654751837
Epoch 156 Relative Error 0.0005697084125131369
Epoch 157 Relative Error 0.0006188898114487529
Epoch 158 Relative Error 0.00046803089207969606
Epoch 159 Relative Error 0.000544350768905133
Epoch 160 Relative Error 0.00046773257781751454
Epoch 161 Relative Error 0.00044167842133902013
Epoch 162 Relative Error 0.000442883261712268
Epoch 163 Relative Error 0.0004388191446196288
Epoch 164 Relative Error 0.00045845494605600834
Epoch 165 Relative Error 0.00044013233855366707
Epoch 166 Relative Error 0.0004813736886717379
Epoch 167 Relative Error 0.00040712434565648437
Epoch 168 Relative Error 0.00043289214954711497
Epoch 169 Relative Error 0.0004065491375513375
Epoch 170 Relative Error 0.00038602028507739305
Epoch 171 Relative Error 0.00036638870369642973
Epoch 172 Relative Error 0.00040759003604762256
Epoch 173 Relative Error 0.00044091252493672073
Epoch 174 Relative Error 0.0004930871655233204
Epoch 175 Relative Error 0.0005209872033447027
Epoch 176 Relative Error 0.0004416534793563187
Epoch 177 Relative Error 0.0004286595794837922
Epoch 178 Relative Error 0.0005069736507721245
Epoch 179 Relative Error 0.00044455949682742357
Epoch 180 Relative Error 0.00044052276643924415
Epoch 181 Relative Error 0.0004181312397122383
Epoch 182 Relative Error 0.00046577322063967586
Epoch 183 Relative Error 0.0004883094225078821
Epoch 184 Relative Error 0.0004990832530893385
Epoch 185 Relative Error 0.00042022057459689677
Epoch 186 Relative Error 0.0004022784414701164
Epoch 187 Relative Error 0.0004083904786966741
Epoch 188 Relative Error 0.0003994014987256378
Epoch 189 Relative Error 0.0003565166553016752
Epoch 190 Relative Error 0.0003960430040024221
Epoch 191 Relative Error 0.000375278847059235
Epoch 192 Relative Error 0.00048171202070079744
Epoch 193 Relative Error 0.00040296444785781205
Epoch 194 Relative Error 0.0005783796077594161
Epoch 195 Relative Error 0.00046672814642079175
Epoch 196 Relative Error 0.00045228234375827014
Epoch 197 Relative Error 0.0005607980419881642
Epoch 198 Relative Error 0.0006272477912716568
Epoch 199 Relative Error 0.0004684452142100781
Epoch 200 Relative Error 0.00041629356564953923
Epoch 201 Relative Error 0.0004280405701138079
Epoch 202 Relative Error 0.0004174264322500676
Epoch 203 Relative Error 0.0004503158852458
Epoch 204 Relative Error 0.0004414862778503448
Epoch 205 Relative Error 0.0003945903736166656
Epoch 206 Relative Error 0.00041872821748256683
Epoch 207 Relative Error 0.00040668269502930343
Epoch 208 Relative Error 0.0004033278382848948
Epoch 209 Relative Error 0.00042535216198302805
Epoch 210 Relative Error 0.00036128488136455417
Epoch 211 Relative Error 0.0004263994924258441
Epoch 212 Relative Error 0.00036842795088887215
Epoch 213 Relative Error 0.0003853187372442335
Epoch 214 Relative Error 0.00042513932567089796
Epoch 215 Relative Error 0.000364468403859064
Epoch 216 Relative Error 0.00039626299985684454
Epoch 217 Relative Error 0.0004550218873191625
Epoch 218 Relative Error 0.0004116359050385654
Epoch 219 Relative Error 0.0005063855205662549
Epoch 220 Relative Error 0.00045619846787303686
Epoch 221 Relative Error 0.0004243998264428228
Epoch 222 Relative Error 0.0004386258951853961
Epoch 223 Relative Error 0.00037796684773638844
Epoch 224 Relative Error 0.00041060641524381936
Epoch 225 Relative Error 0.0003929675731342286
Epoch 226 Relative Error 0.000457292451756075
Epoch 227 Relative Error 0.0004682087746914476
Epoch 228 Relative Error 0.0004328204377088696
Epoch 229 Relative Error 0.0003607641556300223
Epoch 230 Relative Error 0.00033502705628052354
Epoch 231 Relative Error 0.0004029085685033351
Epoch 232 Relative Error 0.00037259317468851805
Epoch 233 Relative Error 0.00042854977073147893
Epoch 234 Relative Error 0.00042386079439893365
Epoch 235 Relative Error 0.0004316294507589191
Epoch 236 Relative Error 0.0003589106781873852
Epoch 237 Relative Error 0.00037247309228405356
Epoch 238 Relative Error 0.0003600812633521855
Epoch 239 Relative Error 0.0003451977390795946
Epoch 240 Relative Error 0.00037878358853049576
Epoch 241 Relative Error 0.0003886349149979651
Epoch 242 Relative Error 0.0004583331465255469
Epoch 243 Relative Error 0.0003784213913604617
Epoch 244 Relative Error 0.00037159607745707035
Epoch 245 Relative Error 0.00038515476626344025
Epoch 246 Relative Error 0.00044369325041770935
Epoch 247 Relative Error 0.00040700784302316606
Epoch 248 Relative Error 0.00043167092371731997
Epoch 249 Relative Error 0.00042138202115893364
Epoch 250 Relative Error 0.0003859566932078451
Epoch 251 Relative Error 0.0003703349793795496
Epoch 252 Relative Error 0.00033612194238230586
Epoch 253 Relative Error 0.0003304012643638998
Epoch 254 Relative Error 0.00034245284041389823
Epoch 255 Relative Error 0.0003576473391149193
Epoch 256 Relative Error 0.0003694489423651248
Epoch 257 Relative Error 0.0003962212067563087
Epoch 258 Relative Error 0.00034996267640963197
Epoch 259 Relative Error 0.00033941568108275533
Epoch 260 Relative Error 0.000398755248170346
Epoch 261 Relative Error 0.0003641971561592072
Epoch 262 Relative Error 0.00037662035902030766
Epoch 263 Relative Error 0.0004351066017989069
Epoch 264 Relative Error 0.00047428178368136287
Epoch 265 Relative Error 0.00042168854270130396
Epoch 266 Relative Error 0.00038176815724000335
Epoch 267 Relative Error 0.000395601789932698
Epoch 268 Relative Error 0.00043725737486965954
Epoch 269 Relative Error 0.00037802764563821256
Epoch 270 Relative Error 0.0003930154489353299
Epoch 271 Relative Error 0.000402560195652768
Epoch 272 Relative Error 0.0004123118706047535
Epoch 273 Relative Error 0.0003557743038982153
Epoch 274 Relative Error 0.0003355818917043507
Epoch 275 Relative Error 0.0003732487966772169
Epoch 276 Relative Error 0.0003824890300165862
Epoch 277 Relative Error 0.000369347253581509
Epoch 278 Relative Error 0.0003529834793880582
Epoch 279 Relative Error 0.0005272472626529634
Epoch 280 Relative Error 0.0005568914930336177
Epoch 281 Relative Error 0.0004929433926008642
Epoch 282 Relative Error 0.0003735273494385183
Epoch 283 Relative Error 0.0004135589406359941
Epoch 284 Relative Error 0.00042857183143496513
Epoch 285 Relative Error 0.0005020959069952369
Epoch 286 Relative Error 0.00048185529885813594
Epoch 287 Relative Error 0.0004165722639299929
Epoch 288 Relative Error 0.0004085938271600753
Epoch 289 Relative Error 0.0004102044040337205
Epoch 290 Relative Error 0.0004365775384940207
Epoch 291 Relative Error 0.00047228654148057103
Epoch 292 Relative Error 0.00039632077096030116
Epoch 293 Relative Error 0.0004411567351780832
Epoch 294 Relative Error 0.00043191853910684586
Epoch 295 Relative Error 0.0003886246122419834
Epoch 296 Relative Error 0.0004279740387573838
Epoch 297 Relative Error 0.0004532282764557749
Epoch 298 Relative Error 0.0005029962048865855
Epoch 299 Relative Error 0.0004588914744090289
Epoch 300 Relative Error 0.00044710308429785073
Epoch 301 Relative Error 0.0004722353769466281
Epoch 302 Relative Error 0.0005126637988723814
Epoch 303 Relative Error 0.0005329128471203148
Epoch 304 Relative Error 0.0005400862428359687
Epoch 305 Relative Error 0.0005729247350245714
Epoch 306 Relative Error 0.0005198685685172677
Epoch 307 Relative Error 0.0004851398407481611
Epoch 308 Relative Error 0.0005247484659776092
Epoch 309 Relative Error 0.0004444878431968391
Epoch 310 Relative Error 0.00047394781722687185
Epoch 311 Relative Error 0.0004902187502011657
Epoch 312 Relative Error 0.0004713443631771952
Epoch 313 Relative Error 0.00038766738725826144
Epoch 314 Relative Error 0.00045556999975815415
Epoch 315 Relative Error 0.0004538985958788544
Epoch 316 Relative Error 0.0004638180835172534
Epoch 317 Relative Error 0.0004333141550887376
Epoch 318 Relative Error 0.00039720238419249654
Epoch 319 Relative Error 0.00038711942033842206
Epoch 320 Relative Error 0.00044347954099066556
Epoch 321 Relative Error 0.00045130591024644673
Epoch 322 Relative Error 0.0005722034256905317
Epoch 323 Relative Error 0.000645976688247174
Epoch 324 Relative Error 0.000524954404681921
Epoch 325 Relative Error 0.00047095693298615515
Epoch 326 Relative Error 0.00044358917511999607
Epoch 327 Relative Error 0.00047793996054679155
Epoch 328 Relative Error 0.0004693008668255061
Epoch 329 Relative Error 0.0004708596970885992
Epoch 330 Relative Error 0.0004476026224438101
Epoch 331 Relative Error 0.00048009297461248934
Epoch 332 Relative Error 0.0005513153155334294
Epoch 333 Relative Error 0.00047601794358342886
Epoch 334 Relative Error 0.0005017212824895978
Epoch 335 Relative Error 0.0005321643548086286
Epoch 336 Relative Error 0.0005470157484523952
Epoch 337 Relative Error 0.0004903608351014555
Epoch 338 Relative Error 0.0005238823359832168
Epoch 339 Relative Error 0.000527837430126965
Epoch 340 Relative Error 0.0005137083935551345
Epoch 341 Relative Error 0.0006142607890069485
Epoch 342 Relative Error 0.000676251424010843
Epoch 343 Relative Error 0.000644982501398772
Epoch 344 Relative Error 0.0004726389015559107
Epoch 345 Relative Error 0.0005519964615814388
Epoch 346 Relative Error 0.0005601578741334379
Epoch 347 Relative Error 0.0005219366867095232
Epoch 348 Relative Error 0.0005260866018943489
Epoch 349 Relative Error 0.0004487356636673212
Epoch 350 Relative Error 0.0005156580009497702
Epoch 351 Relative Error 0.0005745418602600694
Epoch 352 Relative Error 0.0005051990738138556
Epoch 353 Relative Error 0.0005124426097609103
Epoch 354 Relative Error 0.0005203758482821286
Epoch 355 Relative Error 0.0005117711843922734
Epoch 356 Relative Error 0.00047266134060919285
Epoch 357 Relative Error 0.0005335164605639875
Epoch 358 Relative Error 0.0005052390624769032
Epoch 359 Relative Error 0.00045002359547652304
Epoch 360 Relative Error 0.00042085463064722717
Epoch 361 Relative Error 0.00041436729952692986
Epoch 362 Relative Error 0.00046028493670746684
Epoch 363 Relative Error 0.00041145479190163314
Epoch 364 Relative Error 0.0004545655392576009
Epoch 365 Relative Error 0.000456473499070853
Epoch 366 Relative Error 0.0006427967455238104
Epoch 367 Relative Error 0.0005124123999848962
Epoch 368 Relative Error 0.0005600036820396781
Epoch 369 Relative Error 0.0006051542586646974
Epoch 370 Relative Error 0.0005143521702848375
Epoch 371 Relative Error 0.00043554999865591526
Epoch 372 Relative Error 0.00042446161387488246
Epoch 373 Relative Error 0.00039855248178355396
Epoch 374 Relative Error 0.00043001718586310744
Epoch 375 Relative Error 0.00042584261973388493
Epoch 376 Relative Error 0.0004553506732918322
Epoch 377 Relative Error 0.0003935947606805712
Epoch 378 Relative Error 0.000428661034675315
Epoch 379 Relative Error 0.00046229365398176014
Epoch 380 Relative Error 0.00038068636786192656
Epoch 381 Relative Error 0.00035998670500703156
Epoch 382 Relative Error 0.0003788324829656631
Epoch 383 Relative Error 0.0004211217164993286
Epoch 384 Relative Error 0.0004233547952026129
Epoch 385 Relative Error 0.00036539731081575155
Epoch 386 Relative Error 0.0003832144138868898
Epoch 387 Relative Error 0.00048677154700271785
Epoch 388 Relative Error 0.0004122936516068876
Epoch 389 Relative Error 0.0004975977935828269
Epoch 390 Relative Error 0.00047647079918533564
Epoch 391 Relative Error 0.0004423719074111432
Epoch 392 Relative Error 0.0004393210983835161
Epoch 393 Relative Error 0.0004703989834524691
Epoch 394 Relative Error 0.0005255764117464423
Epoch 395 Relative Error 0.0007139914087019861
Epoch 396 Relative Error 0.0006227408885024488
Epoch 397 Relative Error 0.0005883420817553997
Epoch 398 Relative Error 0.0007617665105499327
Epoch 399 Relative Error 0.0008440021192654967
Epoch 400 Relative Error 0.0006670178263448179
Epoch 401 Relative Error 0.0005455873324535787
Epoch 402 Relative Error 0.0005570724606513977
Epoch 403 Relative Error 0.0006734436610713601
Epoch 404 Relative Error 0.0006888302741572261
Epoch 405 Relative Error 0.0006193145527504385
Epoch 406 Relative Error 0.0005937807727605104
Epoch 407 Relative Error 0.0006390584167093039
Epoch 408 Relative Error 0.0006216996698640287
Epoch 409 Relative Error 0.0006361150881275535
Epoch 410 Relative Error 0.0006013183738104999
Epoch 411 Relative Error 0.0007240957347676158
Epoch 412 Relative Error 0.0006941725732758641
Epoch 413 Relative Error 0.0006849824567325413
Epoch 414 Relative Error 0.0006354969809763134
Epoch 415 Relative Error 0.0006208479753695428
Epoch 416 Relative Error 0.0007246995810419321
Epoch 417 Relative Error 0.0006375559605658054
Epoch 418 Relative Error 0.0008389290305785835
Epoch 419 Relative Error 0.0008659622399136424
Epoch 420 Relative Error 0.0008267818484455347
Epoch 421 Relative Error 0.0008590940269641578
Epoch 422 Relative Error 0.0008210232481360435
Epoch 423 Relative Error 0.0009502599714323878
Epoch 424 Relative Error 0.0018716939957812428
Epoch 425 Relative Error 0.0025851016398519278
Epoch 426 Relative Error 0.0014559078263118863
Epoch 427 Relative Error 0.001280306139960885
Epoch 428 Relative Error 0.0013552368618547916
Epoch 429 Relative Error 0.0017473697662353516
Epoch 430 Relative Error 0.0009613369475118816
Epoch 431 Relative Error 0.0012602286878973246
Epoch 432 Relative Error 0.002856926526874304
Epoch 433 Relative Error 0.0021836389787495136
Epoch 434 Relative Error 0.0027246326208114624
Epoch 435 Relative Error 0.004938454832881689
Epoch 436 Relative Error 0.003862381214275956
Epoch 437 Relative Error 0.003948268946260214
Epoch 438 Relative Error 0.0034765349701046944
Epoch 439 Relative Error 0.0049753738567233086
Epoch 440 Relative Error 0.004327401518821716
Epoch 441 Relative Error 0.0025872893165796995
Epoch 442 Relative Error 0.004757991060614586
Epoch 443 Relative Error 0.003272770904004574
Epoch 444 Relative Error 0.00441695237532258
Epoch 445 Relative Error 0.0052377027459442616
Epoch 446 Relative Error 0.005553988739848137
Epoch 447 Relative Error 0.007009435445070267
Epoch 448 Relative Error 0.007676064968109131
Epoch 449 Relative Error 0.005286321975290775
Epoch 450 Relative Error 0.005247109569609165
Epoch 451 Relative Error 0.010016798041760921
Epoch 452 Relative Error 0.014161312021315098
Epoch 453 Relative Error 0.009469798766076565
Epoch 454 Relative Error 0.01131594367325306
Epoch 455 Relative Error 0.007546622306108475
Epoch 456 Relative Error 0.009082232601940632
Epoch 457 Relative Error 0.015896176919341087
Epoch 458 Relative Error 0.016287993639707565
Epoch 459 Relative Error 0.01583101786673069
Epoch 460 Relative Error 0.012808984145522118
Epoch 461 Relative Error 0.014974561519920826
Epoch 462 Relative Error 0.007937030866742134
Epoch 463 Relative Error 0.008039300329983234
Epoch 464 Relative Error 0.009040197357535362
Epoch 465 Relative Error 0.008352797478437424
Epoch 466 Relative Error 0.006953478325158358
Epoch 467 Relative Error 0.006321933586150408
Epoch 468 Relative Error 0.006528186611831188
Epoch 469 Relative Error 0.006526519078761339
Epoch 470 Relative Error 0.005925273988395929
Epoch 471 Relative Error 0.007968285121023655
Epoch 472 Relative Error 0.007584447972476482
Epoch 473 Relative Error 0.006130436435341835
Epoch 474 Relative Error 0.006493728142231703
Epoch 475 Relative Error 0.005960563197731972
Epoch 476 Relative Error 0.009051471948623657
Epoch 477 Relative Error 0.007917635142803192
Epoch 478 Relative Error 0.006567500066012144
Epoch 479 Relative Error 0.005485718138515949
Epoch 480 Relative Error 0.008181075565516949
Epoch 481 Relative Error 0.006367412395775318
Epoch 482 Relative Error 0.003965292125940323
Epoch 483 Relative Error 0.004791907966136932
Epoch 484 Relative Error 0.004259951412677765
Epoch 485 Relative Error 0.0025178026407957077
Epoch 486 Relative Error 0.002574984449893236
Epoch 487 Relative Error 0.00349501078017056
Epoch 488 Relative Error 0.002600927371531725
Epoch 489 Relative Error 0.0023318580351769924
Epoch 490 Relative Error 0.002674833871424198
Epoch 491 Relative Error 0.003389664925634861
Epoch 492 Relative Error 0.003747890004888177
Epoch 493 Relative Error 0.003070007311180234
Epoch 494 Relative Error 0.003766558598726988
Epoch 495 Relative Error 0.0037044768687337637
Epoch 496 Relative Error 0.004102114588022232
Epoch 497 Relative Error 0.003083891700953245
Epoch 498 Relative Error 0.002800797112286091
Epoch 499 Relative Error 0.0030519641004502773
Epoch 500 Relative Error 0.002978708827868104
Epoch 501 Relative Error 0.00552241038531065
Epoch 502 Relative Error 0.00521419383585453
Epoch 503 Relative Error 0.005736431106925011
Epoch 504 Relative Error 0.007142376154661179
Epoch 505 Relative Error 0.006848303135484457
Epoch 506 Relative Error 0.005046472884714603
Epoch 507 Relative Error 0.004900783766061068
Epoch 508 Relative Error 0.005833550821989775
Epoch 509 Relative Error 0.006195733789354563
Epoch 510 Relative Error 0.006413318682461977
Epoch 511 Relative Error 0.006180176977068186
Epoch 512 Relative Error 0.005861344281584024
Epoch 513 Relative Error 0.011442605406045914
Epoch 514 Relative Error 0.0090451929718256
Epoch 515 Relative Error 0.013153252191841602
Epoch 516 Relative Error 0.0159030519425869
Epoch 517 Relative Error 0.013346590101718903
Epoch 518 Relative Error 0.010123331099748611
Epoch 519 Relative Error 0.012077121995389462
Epoch 520 Relative Error 0.013687022030353546
Epoch 521 Relative Error 0.012222932651638985
Epoch 522 Relative Error 0.011959293857216835
Epoch 523 Relative Error 0.011772175319492817
Epoch 524 Relative Error 0.0059445761144161224
Epoch 525 Relative Error 0.008848781697452068
Epoch 526 Relative Error 0.010634537786245346
Epoch 527 Relative Error 0.008170589804649353
Epoch 528 Relative Error 0.008916085585951805
Epoch 529 Relative Error 0.008099579252302647
Epoch 530 Relative Error 0.010425652377307415
Epoch 531 Relative Error 0.009867747314274311
Epoch 532 Relative Error 0.010278579778969288
Epoch 533 Relative Error 0.012715693563222885
Epoch 534 Relative Error 0.009764217771589756
Epoch 535 Relative Error 0.00821381714195013
Epoch 536 Relative Error 0.012279737740755081
Epoch 537 Relative Error 0.010248913429677486
Epoch 538 Relative Error 0.012425304390490055
Epoch 539 Relative Error 0.01394783053547144
Epoch 540 Relative Error 0.025392482057213783
Epoch 541 Relative Error 0.016443345695734024
Epoch 542 Relative Error 0.009367626160383224
Epoch 543 Relative Error 0.0167852733284235
Epoch 544 Relative Error 0.018587922677397728
Epoch 545 Relative Error 0.014483206905424595
Epoch 546 Relative Error 0.015205958858132362
Epoch 547 Relative Error 0.012767856009304523
Epoch 548 Relative Error 0.01317538134753704
Epoch 549 Relative Error 0.017088260501623154
Epoch 550 Relative Error 0.028062134981155396
Epoch 551 Relative Error 0.02650340273976326
Epoch 552 Relative Error 0.053750842809677124
Epoch 553 Relative Error 0.0293724425137043
Epoch 554 Relative Error 0.028636496514081955
Epoch 555 Relative Error 0.026717038825154305
Epoch 556 Relative Error 0.028477473184466362
Epoch 557 Relative Error 0.03241748362779617
Epoch 558 Relative Error 0.03376353159546852
Epoch 559 Relative Error 0.032443154603242874
Epoch 560 Relative Error 0.04485485330224037
Epoch 561 Relative Error 0.03885507956147194
Epoch 562 Relative Error 0.04985690489411354
Epoch 563 Relative Error 0.05972565710544586
Epoch 564 Relative Error 0.04226604849100113
Epoch 565 Relative Error 0.05802544578909874
Epoch 566 Relative Error 0.059969544410705566
Epoch 567 Relative Error 0.057393018156290054
Epoch 568 Relative Error 0.04462038353085518
Epoch 569 Relative Error 0.04639843851327896
Epoch 570 Relative Error 0.042122725397348404
Epoch 571 Relative Error 0.04481089487671852
Epoch 572 Relative Error 0.03692341595888138
Epoch 573 Relative Error 0.03869716450572014
Epoch 574 Relative Error 0.03718115761876106
Epoch 575 Relative Error 0.04022678732872009
Epoch 576 Relative Error 0.04648230969905853
Epoch 577 Relative Error 0.03613923862576485
Epoch 578 Relative Error 0.03906477987766266
Epoch 579 Relative Error 0.041938602924346924
Epoch 580 Relative Error 0.028119012713432312
Epoch 581 Relative Error 0.02944384515285492
Epoch 582 Relative Error 0.03272537142038345
Epoch 583 Relative Error 0.03540506586432457
Epoch 584 Relative Error 0.030409403145313263
Epoch 585 Relative Error 0.02962680719792843
Epoch 586 Relative Error 0.03407242149114609
Epoch 587 Relative Error 0.03498140722513199
Epoch 588 Relative Error 0.051689065992832184
Epoch 589 Relative Error 0.036279067397117615
Epoch 590 Relative Error 0.04712690785527229
Epoch 591 Relative Error 0.038010504096746445
Epoch 592 Relative Error 0.08270493149757385
Epoch 593 Relative Error 0.0457477942109108
Epoch 594 Relative Error 0.05372170731425285
Epoch 595 Relative Error 0.04049557447433472
Epoch 596 Relative Error 0.035896655172109604
Epoch 597 Relative Error 0.04261462762951851
Epoch 598 Relative Error 0.04475162550806999
Epoch 599 Relative Error 0.04778822883963585
Epoch 600 Relative Error 0.03299686685204506
Epoch 601 Relative Error 0.029188964515924454
Epoch 602 Relative Error 0.02611599676311016
Epoch 603 Relative Error 0.024472419172525406
Epoch 604 Relative Error 0.02550899051129818
Epoch 605 Relative Error 0.021487770602107048
Epoch 606 Relative Error 0.02753797546029091
Epoch 607 Relative Error 0.020339936017990112
Epoch 608 Relative Error 0.021518995985388756
Epoch 609 Relative Error 0.023074913769960403
Epoch 610 Relative Error 0.023317774757742882
Epoch 611 Relative Error 0.018783167004585266
Epoch 612 Relative Error 0.01692064292728901
Epoch 613 Relative Error 0.017148328945040703
Epoch 614 Relative Error 0.01300675980746746
Epoch 615 Relative Error 0.014340472407639027
Epoch 616 Relative Error 0.01923901028931141
Epoch 617 Relative Error 0.01840444840490818
Epoch 618 Relative Error 0.01746697537600994
Epoch 619 Relative Error 0.020621901378035545
Epoch 620 Relative Error 0.018224364146590233
Epoch 621 Relative Error 0.02274326980113983
Epoch 622 Relative Error 0.015747537836432457
Epoch 623 Relative Error 0.015647368505597115
Epoch 624 Relative Error 0.014130711555480957
Epoch 625 Relative Error 0.02103828638792038
Epoch 626 Relative Error 0.016314717009663582
Epoch 627 Relative Error 0.018076881766319275
Epoch 628 Relative Error 0.01675262860953808
Epoch 629 Relative Error 0.014197509735822678
Epoch 630 Relative Error 0.015857957303524017
Epoch 631 Relative Error 0.01006807666271925
Epoch 632 Relative Error 0.013041519559919834
Epoch 633 Relative Error 0.00921004917472601
Epoch 634 Relative Error 0.007813584990799427
Epoch 635 Relative Error 0.007097877562046051
Epoch 636 Relative Error 0.0056957826018333435
Epoch 637 Relative Error 0.007100585848093033
Epoch 638 Relative Error 0.004367850720882416
Epoch 639 Relative Error 0.004487724043428898
Epoch 640 Relative Error 0.004570959601551294
Epoch 641 Relative Error 0.004969662055373192
Epoch 642 Relative Error 0.005634542088955641
Epoch 643 Relative Error 0.005109523888677359
Epoch 644 Relative Error 0.005954492371529341
Epoch 645 Relative Error 0.004825087264180183
Epoch 646 Relative Error 0.0036879449617117643
Epoch 647 Relative Error 0.003049070481210947
Epoch 648 Relative Error 0.0033084629103541374
Epoch 649 Relative Error 0.003020851407200098
Epoch 650 Relative Error 0.003551972098648548
Epoch 651 Relative Error 0.003199584549292922
Epoch 652 Relative Error 0.004690947942435741
Epoch 653 Relative Error 0.004980442579835653
Epoch 654 Relative Error 0.008877681568264961
Epoch 655 Relative Error 0.009685195982456207
Epoch 656 Relative Error 0.00912624504417181
Epoch 657 Relative Error 0.017984358593821526
Epoch 658 Relative Error 0.01804491877555847
Epoch 659 Relative Error 0.013473628088831902
Epoch 660 Relative Error 0.020811695605516434
Epoch 661 Relative Error 0.016286563128232956
Epoch 662 Relative Error 0.020899083465337753
Epoch 663 Relative Error 0.03183756768703461
Epoch 664 Relative Error 0.02313467487692833
Epoch 665 Relative Error 0.02896285057067871
Epoch 666 Relative Error 0.04561956971883774
Epoch 667 Relative Error 0.03399115428328514
Epoch 668 Relative Error 0.03259466961026192
Epoch 669 Relative Error 0.028114736080169678
Epoch 670 Relative Error 0.028610173612833023
Epoch 671 Relative Error 0.02901316247880459
Epoch 672 Relative Error 0.03062809444963932
Epoch 673 Relative Error 0.04684566706418991
Epoch 674 Relative Error 0.03465045988559723
Epoch 675 Relative Error 0.024283424019813538
Epoch 676 Relative Error 0.03136078268289566
Epoch 677 Relative Error 0.02670193277299404
Epoch 678 Relative Error 0.03136299550533295
Epoch 679 Relative Error 0.02300720103085041
Epoch 680 Relative Error 0.022761773318052292
Epoch 681 Relative Error 0.02007274143397808
Epoch 682 Relative Error 0.023826008662581444
Epoch 683 Relative Error 0.02523857355117798
Epoch 684 Relative Error 0.0235182736068964
Epoch 685 Relative Error 0.030735934153199196
Epoch 686 Relative Error 0.023996053263545036
Epoch 687 Relative Error 0.02178811840713024
Epoch 688 Relative Error 0.022018171846866608
Epoch 689 Relative Error 0.030302325263619423
Epoch 690 Relative Error 0.026752403005957603
Epoch 691 Relative Error 0.04379124194383621
Epoch 692 Relative Error 0.02762206643819809
Epoch 693 Relative Error 0.024977970868349075
Epoch 694 Relative Error 0.036746565252542496
Epoch 695 Relative Error 0.02359659969806671
Epoch 696 Relative Error 0.02995726652443409
Epoch 697 Relative Error 0.02786136418581009
Epoch 698 Relative Error 0.02664085663855076
Epoch 699 Relative Error 0.021580560132861137
Epoch 700 Relative Error 0.02125370502471924
Epoch 701 Relative Error 0.021826324984431267
Epoch 702 Relative Error 0.017415491864085197
Epoch 703 Relative Error 0.014156586490571499
Epoch 704 Relative Error 0.010777614079415798
Epoch 705 Relative Error 0.011934531852602959
Epoch 706 Relative Error 0.011363828554749489
Epoch 707 Relative Error 0.014322932809591293
Epoch 708 Relative Error 0.014492891728878021
Epoch 709 Relative Error 0.010242892429232597
Epoch 710 Relative Error 0.014909875579178333
Epoch 711 Relative Error 0.014116186648607254
Epoch 712 Relative Error 0.015810789540410042
Epoch 713 Relative Error 0.016339870169758797
Epoch 714 Relative Error 0.016688665375113487
Epoch 715 Relative Error 0.013667890802025795
Epoch 716 Relative Error 0.01234857365489006
Epoch 717 Relative Error 0.010088219307363033
Epoch 718 Relative Error 0.012036826461553574
Epoch 719 Relative Error 0.013233977369964123
Epoch 720 Relative Error 0.014143306761980057
Epoch 721 Relative Error 0.012086390517652035
Epoch 722 Relative Error 0.012714069336652756
Epoch 723 Relative Error 0.014526024460792542
Epoch 724 Relative Error 0.012066472321748734
Epoch 725 Relative Error 0.013276203535497189
Epoch 726 Relative Error 0.011937483213841915
Epoch 727 Relative Error 0.00959990918636322
Epoch 728 Relative Error 0.007714127656072378
Epoch 729 Relative Error 0.007787945680320263
Epoch 730 Relative Error 0.007698868867009878
Epoch 731 Relative Error 0.007495583966374397
Epoch 732 Relative Error 0.006973848678171635
Epoch 733 Relative Error 0.006114847958087921
Epoch 734 Relative Error 0.00660104351118207
Epoch 735 Relative Error 0.005505962297320366
Epoch 736 Relative Error 0.004270404577255249
Epoch 737 Relative Error 0.004259160254150629
Epoch 738 Relative Error 0.004250859841704369
Epoch 739 Relative Error 0.0037235869094729424
Epoch 740 Relative Error 0.0031428795773535967
Epoch 741 Relative Error 0.003417380154132843
Epoch 742 Relative Error 0.003306973958387971
Epoch 743 Relative Error 0.002542000263929367
Epoch 744 Relative Error 0.00243324413895607
Epoch 745 Relative Error 0.0017483506817370653
Epoch 746 Relative Error 0.0016221036203205585
Epoch 747 Relative Error 0.0015677098417654634
Epoch 748 Relative Error 0.001367691671475768
Epoch 749 Relative Error 0.0012937202118337154
Epoch 750 Relative Error 0.0013915642630308867
Epoch 751 Relative Error 0.0014534419169649482
Epoch 752 Relative Error 0.0015330167952924967
Epoch 753 Relative Error 0.0016246794257313013
Epoch 754 Relative Error 0.001242102705873549
Epoch 755 Relative Error 0.0013530527940019965
Epoch 756 Relative Error 0.0012733297189697623
Epoch 757 Relative Error 0.001445875270292163
Epoch 758 Relative Error 0.0013002073392271996
Epoch 759 Relative Error 0.0011181110749021173
Epoch 760 Relative Error 0.0013746508629992604
Epoch 761 Relative Error 0.0009315643110312521
Epoch 762 Relative Error 0.0013974078465253115
Epoch 763 Relative Error 0.001868827035650611
Epoch 764 Relative Error 0.00200718455016613
Epoch 765 Relative Error 0.002526091644540429
Epoch 766 Relative Error 0.002736571943387389
Epoch 767 Relative Error 0.003193513723090291
Epoch 768 Relative Error 0.0026653886307030916
Epoch 769 Relative Error 0.003229716559872031
Epoch 770 Relative Error 0.0020161177963018417
Epoch 771 Relative Error 0.001874979818239808
Epoch 772 Relative Error 0.0022685714066028595
Epoch 773 Relative Error 0.0025255309883505106
Epoch 774 Relative Error 0.0019894579891115427
Epoch 775 Relative Error 0.0027581762988120317
Epoch 776 Relative Error 0.002296799561008811
Epoch 777 Relative Error 0.0023514414206147194
Epoch 778 Relative Error 0.0025766566395759583
Epoch 779 Relative Error 0.0026189584750682116
Epoch 780 Relative Error 0.002824397524818778
Epoch 781 Relative Error 0.002093706978484988
Epoch 782 Relative Error 0.0028390681836754084
Epoch 783 Relative Error 0.001839064876548946
Epoch 784 Relative Error 0.0023310002870857716
Epoch 785 Relative Error 0.002818950219079852
Epoch 786 Relative Error 0.0022395651321858168
Epoch 787 Relative Error 0.0021924793254584074
Epoch 788 Relative Error 0.0020057682413607836
Epoch 789 Relative Error 0.0019947283435612917
Epoch 790 Relative Error 0.0017297652084380388
Epoch 791 Relative Error 0.0013195706997066736
Epoch 792 Relative Error 0.0018057486740872264
Epoch 793 Relative Error 0.00170625071041286
Epoch 794 Relative Error 0.001547204446978867
Epoch 795 Relative Error 0.0013370128581300378
Epoch 796 Relative Error 0.0018555085407570004
Epoch 797 Relative Error 0.0016344278119504452
Epoch 798 Relative Error 0.0016890274127945304
Epoch 799 Relative Error 0.0019568416755646467
Epoch 800 Relative Error 0.001770731876604259
Epoch 801 Relative Error 0.00164958240929991
Epoch 802 Relative Error 0.0012074572732672095
Epoch 803 Relative Error 0.0010931311408057809
Epoch 804 Relative Error 0.0012996717123314738
Epoch 805 Relative Error 0.0014590827049687505
Epoch 806 Relative Error 0.001216270262375474
Epoch 807 Relative Error 0.0010691828792914748
Epoch 808 Relative Error 0.0014558255206793547
Epoch 809 Relative Error 0.0011132009094581008
Epoch 810 Relative Error 0.0011239075101912022
Epoch 811 Relative Error 0.00099490350112319
Epoch 812 Relative Error 0.0008531314670108259
Epoch 813 Relative Error 0.0009332008776254952
Epoch 814 Relative Error 0.0008688999223522842
Epoch 815 Relative Error 0.0009584969957359135
Epoch 816 Relative Error 0.000815640960354358
Epoch 817 Relative Error 0.0007035555317997932
Epoch 818 Relative Error 0.0008695872966200113
Epoch 819 Relative Error 0.0008722800994291902
Epoch 820 Relative Error 0.0008574898238293827
Epoch 821 Relative Error 0.0009088043007068336
Epoch 822 Relative Error 0.000830024597235024
Epoch 823 Relative Error 0.0008815813343971968
Epoch 824 Relative Error 0.0010727915214374661
Epoch 825 Relative Error 0.0009151283302344382
Epoch 826 Relative Error 0.0010259905830025673
Epoch 827 Relative Error 0.0012521952157840133
Epoch 828 Relative Error 0.001047500059939921
Epoch 829 Relative Error 0.000964603153988719
Epoch 830 Relative Error 0.0013766277115792036
Epoch 831 Relative Error 0.0012805021833628416
Epoch 832 Relative Error 0.0012977622682228684
Epoch 833 Relative Error 0.0013317953562363982
Epoch 834 Relative Error 0.0010816087014973164
Epoch 835 Relative Error 0.0011539570987224579
Epoch 836 Relative Error 0.0009382272255606949
Epoch 837 Relative Error 0.001168632647022605
Epoch 838 Relative Error 0.001087793381884694
Epoch 839 Relative Error 0.001229103421792388
Epoch 840 Relative Error 0.001310109393671155
Epoch 841 Relative Error 0.0013507899129763246
Epoch 842 Relative Error 0.0011395009933039546
Epoch 843 Relative Error 0.0012804103316739202
Epoch 844 Relative Error 0.0010494282469153404
Epoch 845 Relative Error 0.0012387213064357638
Epoch 846 Relative Error 0.001008700462989509
Epoch 847 Relative Error 0.0009844590676948428
Epoch 848 Relative Error 0.0009797356324270368
Epoch 849 Relative Error 0.0008544109296053648
Epoch 850 Relative Error 0.0009250060538761318
Epoch 851 Relative Error 0.0009537526639178395
Epoch 852 Relative Error 0.0011187823256477714
Epoch 853 Relative Error 0.001163133536465466
Epoch 854 Relative Error 0.0009589109104126692
Epoch 855 Relative Error 0.0009100083261728287
Epoch 856 Relative Error 0.0008170829387381673
Epoch 857 Relative Error 0.0007742888410575688
Epoch 858 Relative Error 0.0007482100045308471
Epoch 859 Relative Error 0.0006743732956238091
Epoch 860 Relative Error 0.0006856342661194503
Epoch 861 Relative Error 0.000823077978566289
Epoch 862 Relative Error 0.0007403661729767919
Epoch 863 Relative Error 0.0007324254256673157
Epoch 864 Relative Error 0.0006797290407121181
Epoch 865 Relative Error 0.0006529512465931475
Epoch 866 Relative Error 0.0006580423796549439
Epoch 867 Relative Error 0.0006007188349030912
Epoch 868 Relative Error 0.0006783957360312343
Epoch 869 Relative Error 0.0006769315805286169
Epoch 870 Relative Error 0.0007362940232269466
Epoch 871 Relative Error 0.0008028940064832568
Epoch 872 Relative Error 0.0007948923157528043
Epoch 873 Relative Error 0.0006801338749937713
Epoch 874 Relative Error 0.0008877326035872102
Epoch 875 Relative Error 0.0008769543492235243
Epoch 876 Relative Error 0.0008782493532635272
Epoch 877 Relative Error 0.0006721836980432272
Epoch 878 Relative Error 0.0008521013660356402
Epoch 879 Relative Error 0.0008100713603198528
Epoch 880 Relative Error 0.0007209120085462928
Epoch 881 Relative Error 0.0008386684348806739
Epoch 882 Relative Error 0.000880957581102848
Epoch 883 Relative Error 0.0008157959673553705
Epoch 884 Relative Error 0.0007509100832976401
Epoch 885 Relative Error 0.0007418281747959554
Epoch 886 Relative Error 0.0006592770223505795
Epoch 887 Relative Error 0.0006518763839267194
Epoch 888 Relative Error 0.0007315438706427813
Epoch 889 Relative Error 0.0006826475728303194
Epoch 890 Relative Error 0.0008218046859838068
Epoch 891 Relative Error 0.0006802119314670563
Epoch 892 Relative Error 0.0006902042659930885
Epoch 893 Relative Error 0.0007723478483967483
Epoch 894 Relative Error 0.0006647523259744048
Epoch 895 Relative Error 0.000707644154317677
Epoch 896 Relative Error 0.0007822265033610165
Epoch 897 Relative Error 0.0006395013770088553
Epoch 898 Relative Error 0.0006006080657243729
Epoch 899 Relative Error 0.0006614237790927291
Epoch 900 Relative Error 0.0006022832822054625
Epoch 901 Relative Error 0.000564180314540863
Epoch 902 Relative Error 0.0005401188973337412
Epoch 903 Relative Error 0.0006104015628807247
Epoch 904 Relative Error 0.0006440288270823658
Epoch 905 Relative Error 0.0006964571075513959
Epoch 906 Relative Error 0.0007058656774461269
Epoch 907 Relative Error 0.0006426870240829885
Epoch 908 Relative Error 0.0006701642414554954
Epoch 909 Relative Error 0.0006807476165704429
Epoch 910 Relative Error 0.0007192406337708235
Epoch 911 Relative Error 0.0007009223336353898
Epoch 912 Relative Error 0.000733775261323899
Epoch 913 Relative Error 0.0007092170999385417
Epoch 914 Relative Error 0.000715568894520402
Epoch 915 Relative Error 0.0007769261719658971
Epoch 916 Relative Error 0.0006952709518373013
Epoch 917 Relative Error 0.0008031540783122182
Epoch 918 Relative Error 0.000786015996709466
Epoch 919 Relative Error 0.0010174264898523688
Epoch 920 Relative Error 0.0008501729462295771
Epoch 921 Relative Error 0.0008622086024843156
Epoch 922 Relative Error 0.000835603685118258
Epoch 923 Relative Error 0.0008379577775485814
Epoch 924 Relative Error 0.0007967393030412495
Epoch 925 Relative Error 0.0006442128797061741
Epoch 926 Relative Error 0.0006525753415189683
Epoch 927 Relative Error 0.0006649277056567371
Epoch 928 Relative Error 0.0007488617557100952
Epoch 929 Relative Error 0.000710653024725616
Epoch 930 Relative Error 0.0005365997203625739
Epoch 931 Relative Error 0.0006738184601999819
Epoch 932 Relative Error 0.0006916379206813872
Epoch 933 Relative Error 0.0006560271722264588
Epoch 934 Relative Error 0.0006213915185071528
Epoch 935 Relative Error 0.0006203688099049032
Epoch 936 Relative Error 0.0006397786783054471
Epoch 937 Relative Error 0.0005679281894117594
Epoch 938 Relative Error 0.000612175848800689
Epoch 939 Relative Error 0.0005141327274031937
Epoch 940 Relative Error 0.0004603064735420048
Epoch 941 Relative Error 0.0004806369252037257
Epoch 942 Relative Error 0.00044930915464647114
Epoch 943 Relative Error 0.00048285030061379075
Epoch 944 Relative Error 0.0004619838437065482
Epoch 945 Relative Error 0.0005126826581545174
Epoch 946 Relative Error 0.0004670642374549061
Epoch 947 Relative Error 0.0004258197150193155
Epoch 948 Relative Error 0.00043026634375564754
Epoch 949 Relative Error 0.0004219686088617891
Epoch 950 Relative Error 0.0004437214811332524
Epoch 951 Relative Error 0.0004665153392124921
Epoch 952 Relative Error 0.00044650869676843286
Epoch 953 Relative Error 0.00046736132935620844
Epoch 954 Relative Error 0.0004512013983912766
Epoch 955 Relative Error 0.0005103275179862976
Epoch 956 Relative Error 0.0004910901188850403
Epoch 957 Relative Error 0.000558810424990952
Epoch 958 Relative Error 0.0005123098962940276
Epoch 959 Relative Error 0.00043628885759972036
Epoch 960 Relative Error 0.0005048906314186752
Epoch 961 Relative Error 0.00048022851115092635
Epoch 962 Relative Error 0.0004425913793966174
Epoch 963 Relative Error 0.0004325816407799721
Epoch 964 Relative Error 0.00042693704017437994
Epoch 965 Relative Error 0.0004135437193326652
Epoch 966 Relative Error 0.0004515879845712334
Epoch 967 Relative Error 0.00042139284778386354
Epoch 968 Relative Error 0.000408706720918417
Epoch 969 Relative Error 0.000388024200219661
Epoch 970 Relative Error 0.0004530451260507107
Epoch 971 Relative Error 0.00041346478974446654
Epoch 972 Relative Error 0.0004930204013362527
Epoch 973 Relative Error 0.0003843336016871035
Epoch 974 Relative Error 0.0004096418560948223
Epoch 975 Relative Error 0.0004909553681500256
Epoch 976 Relative Error 0.00043617922347038984
Epoch 977 Relative Error 0.00042869290336966515
Epoch 978 Relative Error 0.000464222306618467
Epoch 979 Relative Error 0.0005315872258506715
Epoch 980 Relative Error 0.0004940652288496494
Epoch 981 Relative Error 0.0005417964421212673
Epoch 982 Relative Error 0.0005593052483163774
Epoch 983 Relative Error 0.0005833522882312536
Epoch 984 Relative Error 0.0005770454881712794
Epoch 985 Relative Error 0.0006072854739613831
Epoch 986 Relative Error 0.0005900100222788751
Epoch 987 Relative Error 0.0005538309342227876
Epoch 988 Relative Error 0.0006370280170813203
Epoch 989 Relative Error 0.0006114978459663689
Epoch 990 Relative Error 0.0008303294889628887
Epoch 991 Relative Error 0.0007520413491874933
Epoch 992 Relative Error 0.0009462671005167067
Epoch 993 Relative Error 0.0009383414871990681
Epoch 994 Relative Error 0.0010536119807511568
Epoch 995 Relative Error 0.0007716616382822394
Epoch 996 Relative Error 0.0010836668079718947
Epoch 997 Relative Error 0.0008989820489659905
Epoch 998 Relative Error 0.0010788470972329378
Epoch 999 Relative Error 0.0009738713270053267
Epoch 1000 Relative Error 0.0008116673561744392
RE (3, 4, 6, 0): 0.0003304012643638998
Green's Function RE (3, 4, 6, 0): 0.37872540950775146
Bias Term RE (3, 4, 6, 0): 0.27508729696273804
Combination (3, 4, 6, 0, 0): 0.36075183749198914
Combination (3, 4, 6, 0, 1): 0.360469251871109
Combination (3, 4, 6, 0, 2): 0.3605709969997406
Combination (3, 4, 6, 0, 3): 0.36060410737991333
Combination (3, 4, 6, 0, 4): 0.3606202006340027

/home/gridsan/gstepaniants/.local/lib/python3.8/site-packages/torch/functional.py:478: UserWarning: torch.meshgrid: in an upcoming release, it will be required to pass the indexing argument. (Triggered internally at  ../aten/src/ATen/native/TensorShape.cpp:2895.)
  return _VF.meshgrid(tensors, **kwargs)  # type: ignore[attr-defined]
