[KeOps] Warning : Cuda libraries were not detected on the system ; using cpu only mode
1
Kernel: Matern3/2
Weight Mesh: 90
RKHS Kernel Width: 0.001
Lambda: 1e-06
Green's Function Learning Rate: 100
Bias Term Learning Rate: 100
Epoch 1 Relative Error 642.014404296875
First epoch had re = 642.014404296875 > 1
Green's Function Learning Rate: 50
Bias Term Learning Rate: 50
Epoch 1 Relative Error 402.8371887207031
First epoch had re = 402.8371887207031 > 1
Green's Function Learning Rate: 10
Bias Term Learning Rate: 10
Epoch 1 Relative Error 57.53038787841797
First epoch had re = 57.53038787841797 > 1
Green's Function Learning Rate: 5
Bias Term Learning Rate: 5
Epoch 1 Relative Error 34.93531799316406
First epoch had re = 34.93531799316406 > 1
Green's Function Learning Rate: 1
Bias Term Learning Rate: 1
Epoch 1 Relative Error 4.622684001922607
First epoch had re = 4.622684001922607 > 1
Green's Function Learning Rate: 0.5
Bias Term Learning Rate: 0.5
Epoch 1 Relative Error 2.5209269523620605
First epoch had re = 2.5209269523620605 > 1
Green's Function Learning Rate: 0.1
Bias Term Learning Rate: 0.1
Epoch 1 Relative Error 0.6608960628509521
Epoch 2 Relative Error 0.44845473766326904
Epoch 3 Relative Error 0.4502285122871399
Epoch 4 Relative Error 0.37134677171707153
Epoch 5 Relative Error 0.2917099595069885
Epoch 6 Relative Error 0.24439527094364166
Epoch 7 Relative Error 0.16507846117019653
Epoch 8 Relative Error 0.1549777388572693
Epoch 9 Relative Error 0.12266141921281815
Epoch 10 Relative Error 0.09024128317832947
Epoch 11 Relative Error 0.07321393489837646
Epoch 12 Relative Error 0.05952475592494011
Epoch 13 Relative Error 0.044558800756931305
Epoch 14 Relative Error 0.03674779459834099
Epoch 15 Relative Error 0.02893921174108982
Epoch 16 Relative Error 0.023767754435539246
Epoch 17 Relative Error 0.01933136396110058
Epoch 18 Relative Error 0.014814173802733421
Epoch 19 Relative Error 0.011873476207256317
Epoch 20 Relative Error 0.011024439707398415
Epoch 21 Relative Error 0.008318251930177212
Epoch 22 Relative Error 0.00619445089250803
Epoch 23 Relative Error 0.005414816550910473
Epoch 24 Relative Error 0.0045526414178311825
Epoch 25 Relative Error 0.004082114435732365
Epoch 26 Relative Error 0.0034880104940384626
Epoch 27 Relative Error 0.003152513178065419
Epoch 28 Relative Error 0.0026198136620223522
Epoch 29 Relative Error 0.002163360361009836
Epoch 30 Relative Error 0.002173755085095763
Epoch 31 Relative Error 0.0018560609314590693
Epoch 32 Relative Error 0.0018573361448943615
Epoch 33 Relative Error 0.0017472028266638517
Epoch 34 Relative Error 0.0015974241541698575
Epoch 35 Relative Error 0.001689736731350422
Epoch 36 Relative Error 0.0014977023238316178
Epoch 37 Relative Error 0.0014424454420804977
Epoch 38 Relative Error 0.0013925073435530066
Epoch 39 Relative Error 0.0013526416150853038
Epoch 40 Relative Error 0.0013291694922372699
Epoch 41 Relative Error 0.0013518340419977903
Epoch 42 Relative Error 0.0012692506425082684
Epoch 43 Relative Error 0.0011895080097019672
Epoch 44 Relative Error 0.0013175588101148605
Epoch 45 Relative Error 0.0012126680230721831
Epoch 46 Relative Error 0.0012043792521581054
Epoch 47 Relative Error 0.0012554500717669725
Epoch 48 Relative Error 0.0011749573750421405
Epoch 49 Relative Error 0.0010895775631070137
Epoch 50 Relative Error 0.0010390462120994925
Epoch 51 Relative Error 0.0010371245443820953
Epoch 52 Relative Error 0.0010208385065197945
Epoch 53 Relative Error 0.000995018519461155
Epoch 54 Relative Error 0.0010000934125855565
Epoch 55 Relative Error 0.0009545119828544557
Epoch 56 Relative Error 0.0009699392830953002
Epoch 57 Relative Error 0.000992315704934299
Epoch 58 Relative Error 0.0008894066559150815
Epoch 59 Relative Error 0.0009049367508850992
Epoch 60 Relative Error 0.000876188394613564
Epoch 61 Relative Error 0.0008835687767714262
Epoch 62 Relative Error 0.0008905592258088291
Epoch 63 Relative Error 0.0008644316694699228
Epoch 64 Relative Error 0.000934783776756376
Epoch 65 Relative Error 0.0008590997313149273
Epoch 66 Relative Error 0.0008062165579758584
Epoch 67 Relative Error 0.0008847714052535594
Epoch 68 Relative Error 0.0008474489441141486
Epoch 69 Relative Error 0.0008211390813812613
Epoch 70 Relative Error 0.0008216927526518703
Epoch 71 Relative Error 0.000998042058199644
Epoch 72 Relative Error 0.0008155771065503359
Epoch 73 Relative Error 0.0009146463708020747
Epoch 74 Relative Error 0.0007618985255248845
Epoch 75 Relative Error 0.0009132617269642651
Epoch 76 Relative Error 0.0007996589411050081
Epoch 77 Relative Error 0.0008471282781101763
Epoch 78 Relative Error 0.0007616016082465649
Epoch 79 Relative Error 0.0009169282275252044
Epoch 80 Relative Error 0.0008524555014446378
Epoch 81 Relative Error 0.0007660149713046849
Epoch 82 Relative Error 0.000746301666367799
Epoch 83 Relative Error 0.0007317116833291948
Epoch 84 Relative Error 0.0007685713935643435
Epoch 85 Relative Error 0.0007482156506739557
Epoch 86 Relative Error 0.0007915730238892138
Epoch 87 Relative Error 0.0007440191693603992
Epoch 88 Relative Error 0.0008411401067860425
Epoch 89 Relative Error 0.00088274828158319
Epoch 90 Relative Error 0.0008269745740108192
Epoch 91 Relative Error 0.0007365584024228156
Epoch 92 Relative Error 0.0006813039071857929
Epoch 93 Relative Error 0.0007160365930758417
Epoch 94 Relative Error 0.0007708190241828561
Epoch 95 Relative Error 0.0007437634631060064
Epoch 96 Relative Error 0.0008176235714927316
Epoch 97 Relative Error 0.0007391363033093512
Epoch 98 Relative Error 0.0007436418090946972
Epoch 99 Relative Error 0.0008109213667921722
Epoch 100 Relative Error 0.0008044405258260667
Epoch 101 Relative Error 0.0007242690771818161
Epoch 102 Relative Error 0.0007138208602555096
Epoch 103 Relative Error 0.0007385607459582388
Epoch 104 Relative Error 0.0007946686237119138
Epoch 105 Relative Error 0.0007176435319706798
Epoch 106 Relative Error 0.0006561576738022268
Epoch 107 Relative Error 0.0007814783020876348
Epoch 108 Relative Error 0.0006167698302306235
Epoch 109 Relative Error 0.0007377747679129243
Epoch 110 Relative Error 0.0006819526315666735
Epoch 111 Relative Error 0.0007012557471171021
Epoch 112 Relative Error 0.0007139547960832715
Epoch 113 Relative Error 0.0006818019901402295
Epoch 114 Relative Error 0.0008048030431382358
Epoch 115 Relative Error 0.0007708920747973025
Epoch 116 Relative Error 0.0007487346883863211
Epoch 117 Relative Error 0.0007276200340129435
Epoch 118 Relative Error 0.0007609236636199057
Epoch 119 Relative Error 0.0006849823403172195
Epoch 120 Relative Error 0.0006887273048050702
Epoch 121 Relative Error 0.0007369132363237441
Epoch 122 Relative Error 0.0007623895071446896
Epoch 123 Relative Error 0.0006605183589272201
Epoch 124 Relative Error 0.0007271961658261716
Epoch 125 Relative Error 0.0008276788867078722
Epoch 126 Relative Error 0.0007238156977109611
Epoch 127 Relative Error 0.0009215796599164605
Epoch 128 Relative Error 0.000811545760370791
Epoch 129 Relative Error 0.0008511856431141496
Epoch 130 Relative Error 0.0009026770712807775
Epoch 131 Relative Error 0.0007723065791651607
Epoch 132 Relative Error 0.0008278294699266553
Epoch 133 Relative Error 0.0006808712496422231
Epoch 134 Relative Error 0.0007550348527729511
Epoch 135 Relative Error 0.0008292059064842761
Epoch 136 Relative Error 0.0007027553510852158
Epoch 137 Relative Error 0.000681195524521172
Epoch 138 Relative Error 0.0007183894631452858
Epoch 139 Relative Error 0.0006971096736378968
Epoch 140 Relative Error 0.0006450574146583676
Epoch 141 Relative Error 0.0009375771041959524
Epoch 142 Relative Error 0.0009399636765010655
Epoch 143 Relative Error 0.0008798351627774537
Epoch 144 Relative Error 0.000758273177780211
Epoch 145 Relative Error 0.0008393499883823097
Epoch 146 Relative Error 0.0007581416866742074
Epoch 147 Relative Error 0.000834958569612354
Epoch 148 Relative Error 0.0007569070439785719
Epoch 149 Relative Error 0.0008379904902540147
Epoch 150 Relative Error 0.000727871956769377
Epoch 151 Relative Error 0.0007272445363923907
Epoch 152 Relative Error 0.000653804570902139
Epoch 153 Relative Error 0.0007239756523631513
Epoch 154 Relative Error 0.0007296655094251037
Epoch 155 Relative Error 0.0007236780365929008
Epoch 156 Relative Error 0.0006796522065997124
Epoch 157 Relative Error 0.0007505138055421412
Epoch 158 Relative Error 0.0007184105925261974
Epoch 159 Relative Error 0.0007199295214377344
Epoch 160 Relative Error 0.0008047438459470868
Epoch 161 Relative Error 0.0007606750004924834
Epoch 162 Relative Error 0.0007451078272424638
Epoch 163 Relative Error 0.0007571983151137829
Epoch 164 Relative Error 0.0007236179662868381
Epoch 165 Relative Error 0.0006509706727229059
Epoch 166 Relative Error 0.000751628540456295
Epoch 167 Relative Error 0.0007419887115247548
Epoch 168 Relative Error 0.000654463714454323
Epoch 169 Relative Error 0.0006019650609232485
Epoch 170 Relative Error 0.000697277719154954
Epoch 171 Relative Error 0.0007697446271777153
Epoch 172 Relative Error 0.0007504230597987771
Epoch 173 Relative Error 0.0009154524304904044
Epoch 174 Relative Error 0.0010023160139098763
Epoch 175 Relative Error 0.000826532777864486
Epoch 176 Relative Error 0.0007891676505096257
Epoch 177 Relative Error 0.0008032256737351418
Epoch 178 Relative Error 0.0007435054867528379
Epoch 179 Relative Error 0.0007205133442766964
Epoch 180 Relative Error 0.0008344696834683418
Epoch 181 Relative Error 0.0009557064040564001
Epoch 182 Relative Error 0.0009561351616866887
Epoch 183 Relative Error 0.0007242035935632885
Epoch 184 Relative Error 0.0007090047583915293
Epoch 185 Relative Error 0.0007523201638832688
Epoch 186 Relative Error 0.0007187257870100439
Epoch 187 Relative Error 0.0009495365084148943
Epoch 188 Relative Error 0.0007502380176447332
Epoch 189 Relative Error 0.000836958468426019
Epoch 190 Relative Error 0.0007566603599116206
Epoch 191 Relative Error 0.0008216376299969852
Epoch 192 Relative Error 0.0007470375276170671
Epoch 193 Relative Error 0.0007268294575624168
Epoch 194 Relative Error 0.0007048399420455098
Epoch 195 Relative Error 0.0006549733225256205
Epoch 196 Relative Error 0.0007290335488505661
Epoch 197 Relative Error 0.0008421875536441803
Epoch 198 Relative Error 0.000672132009640336
Epoch 199 Relative Error 0.0007122104289010167
Epoch 200 Relative Error 0.0006728093139827251
Epoch 201 Relative Error 0.0006572370184585452
Epoch 202 Relative Error 0.0006462844903580844
Epoch 203 Relative Error 0.0007093320018611848
Epoch 204 Relative Error 0.000734217930585146
Epoch 205 Relative Error 0.0007213788339868188
Epoch 206 Relative Error 0.0006892233504913747
Epoch 207 Relative Error 0.0007832999108359218
Epoch 208 Relative Error 0.0007234304794110358
Epoch 209 Relative Error 0.0007478424813598394
Epoch 210 Relative Error 0.0007425995427183807
Epoch 211 Relative Error 0.0008599702850915492
Epoch 212 Relative Error 0.0007104360847733915
Epoch 213 Relative Error 0.0007466604583896697
Epoch 214 Relative Error 0.0007037210743874311
Epoch 215 Relative Error 0.00068978953640908
Epoch 216 Relative Error 0.0007459264015778899
Epoch 217 Relative Error 0.0008315711747854948
Epoch 218 Relative Error 0.0007674110820516944
Epoch 219 Relative Error 0.0008026998839341104
Epoch 220 Relative Error 0.001014508306980133
Epoch 221 Relative Error 0.0008271496626548469
Epoch 222 Relative Error 0.000962262274697423
Epoch 223 Relative Error 0.0008677332662045956
Epoch 224 Relative Error 0.0007184628047980368
Epoch 225 Relative Error 0.0007323195459321141
Epoch 226 Relative Error 0.0007476191385649145
Epoch 227 Relative Error 0.0011816220358014107
Epoch 228 Relative Error 0.0008980774437077343
Epoch 229 Relative Error 0.0008223663899116218
Epoch 230 Relative Error 0.0007606287836097181
Epoch 231 Relative Error 0.0008015310158953071
Epoch 232 Relative Error 0.0007146046264097095
Epoch 233 Relative Error 0.0007250317721627653
Epoch 234 Relative Error 0.0006692872848361731
Epoch 235 Relative Error 0.0010263544972985983
Epoch 236 Relative Error 0.0007770642987452447
Epoch 237 Relative Error 0.000753838277887553
Epoch 238 Relative Error 0.0008701401529833674
Epoch 239 Relative Error 0.0008319754851981997
Epoch 240 Relative Error 0.0007455870509147644
Epoch 241 Relative Error 0.0008491880726069212
Epoch 242 Relative Error 0.0008422294049523771
Epoch 243 Relative Error 0.0007194600766524673
Epoch 244 Relative Error 0.0007336544222198427
Epoch 245 Relative Error 0.0006763511919416487
Epoch 246 Relative Error 0.0009049414074979722
Epoch 247 Relative Error 0.0007821758044883609
Epoch 248 Relative Error 0.0007280072313733399
Epoch 249 Relative Error 0.0007264859741553664
Epoch 250 Relative Error 0.0011512330966070294
Epoch 251 Relative Error 0.0009251637384295464
Epoch 252 Relative Error 0.0008137241820804775
Epoch 253 Relative Error 0.0008077349630184472
Epoch 254 Relative Error 0.000817256688605994
Epoch 255 Relative Error 0.0007911159191280603
Epoch 256 Relative Error 0.0008023979025892913
Epoch 257 Relative Error 0.0007221974665299058
Epoch 258 Relative Error 0.00071262865094468
Epoch 259 Relative Error 0.0007779225124977529
Epoch 260 Relative Error 0.000816419895272702
Epoch 261 Relative Error 0.0008825978729873896
Epoch 262 Relative Error 0.0010017851600423455
Epoch 263 Relative Error 0.0009661439689807594
Epoch 264 Relative Error 0.0008542459108866751
Epoch 265 Relative Error 0.0010560385417193174
Epoch 266 Relative Error 0.0008637476130388677
Epoch 267 Relative Error 0.0008608360658399761
Epoch 268 Relative Error 0.000796018517576158
Epoch 269 Relative Error 0.0008599464199505746
Epoch 270 Relative Error 0.0008559644920751452
Epoch 271 Relative Error 0.0008630077936686575
Epoch 272 Relative Error 0.0008641317253932357
Epoch 273 Relative Error 0.0006649211863987148
Epoch 274 Relative Error 0.0009290352463722229
Epoch 275 Relative Error 0.0008328661788254976
Epoch 276 Relative Error 0.0008613294921815395
Epoch 277 Relative Error 0.0007418891182169318
Epoch 278 Relative Error 0.0008004865376278758
Epoch 279 Relative Error 0.0008075491641648114
Epoch 280 Relative Error 0.0007661439594812691
Epoch 281 Relative Error 0.0008698126766830683
Epoch 282 Relative Error 0.0007924390956759453
Epoch 283 Relative Error 0.0007824284839443862
Epoch 284 Relative Error 0.0007990846643224359
Epoch 285 Relative Error 0.0007617465453222394
Epoch 286 Relative Error 0.0007054631132632494
Epoch 287 Relative Error 0.0008551938808523118
Epoch 288 Relative Error 0.0006976840668357909
Epoch 289 Relative Error 0.000752248102799058
Epoch 290 Relative Error 0.0006926959613338113
Epoch 291 Relative Error 0.0006163910147733986
Epoch 292 Relative Error 0.0006586124654859304
Epoch 293 Relative Error 0.0006286655552685261
Epoch 294 Relative Error 0.0007180400425568223
Epoch 295 Relative Error 0.0006395115633495152
Epoch 296 Relative Error 0.0007744398899376392
Epoch 297 Relative Error 0.0008012108155526221
Epoch 298 Relative Error 0.0007802805630490184
Epoch 299 Relative Error 0.0008440366364084184
Epoch 300 Relative Error 0.0008403573301620781
Epoch 301 Relative Error 0.0008463546982966363
Epoch 302 Relative Error 0.0007020932389423251
Epoch 303 Relative Error 0.0008474967326037586
Epoch 304 Relative Error 0.0008354501915164292
Epoch 305 Relative Error 0.0007396878791041672
Epoch 306 Relative Error 0.0007086764671839774
Epoch 307 Relative Error 0.000728473300114274
Epoch 308 Relative Error 0.0007283918675966561
Epoch 309 Relative Error 0.0008644471527077258
Epoch 310 Relative Error 0.0006632417207583785
Epoch 311 Relative Error 0.0007459457265213132
Epoch 312 Relative Error 0.0008632116368971765
Epoch 313 Relative Error 0.0008272919803857803
Epoch 314 Relative Error 0.000834242848213762
Epoch 315 Relative Error 0.0009628572734072804
Epoch 316 Relative Error 0.0008643106557428837
Epoch 317 Relative Error 0.0008880391833372414
Epoch 318 Relative Error 0.0008778954506851733
Epoch 319 Relative Error 0.0008377424674108624
Epoch 320 Relative Error 0.0008199919830076396
Epoch 321 Relative Error 0.0007695080130361021
Epoch 322 Relative Error 0.0006905949558131397
Epoch 323 Relative Error 0.0008146187174133956
Epoch 324 Relative Error 0.000795988249592483
Epoch 325 Relative Error 0.0009795960504561663
Epoch 326 Relative Error 0.0008950939518399537
Epoch 327 Relative Error 0.0007614329224452376
Epoch 328 Relative Error 0.0009489668300375342
Epoch 329 Relative Error 0.0008525741286575794
Epoch 330 Relative Error 0.0008154825191013515
Epoch 331 Relative Error 0.0007097346824593842
Epoch 332 Relative Error 0.0008142883889377117
Epoch 333 Relative Error 0.0008036266081035137
Epoch 334 Relative Error 0.000895370845682919
Epoch 335 Relative Error 0.0007673759828321636
Epoch 336 Relative Error 0.0008221155731007457
Epoch 337 Relative Error 0.0007197391823865473
Epoch 338 Relative Error 0.0008713560528121889
Epoch 339 Relative Error 0.0008922336855903268
Epoch 340 Relative Error 0.0009704996482469141
Epoch 341 Relative Error 0.0008568252087570727
Epoch 342 Relative Error 0.0008461574325338006
Epoch 343 Relative Error 0.0008808309212327003
Epoch 344 Relative Error 0.0006931836251169443
Epoch 345 Relative Error 0.0007491607102565467
Epoch 346 Relative Error 0.0006916458369232714
Epoch 347 Relative Error 0.0006847241311334074
Epoch 348 Relative Error 0.0007570605375804007
Epoch 349 Relative Error 0.0008737400639802217
Epoch 350 Relative Error 0.0008035380742512643
Epoch 351 Relative Error 0.0006638917257077992
Epoch 352 Relative Error 0.000891364470589906
Epoch 353 Relative Error 0.0007775440462864935
Epoch 354 Relative Error 0.0008155868272297084
Epoch 355 Relative Error 0.000803456932771951
Epoch 356 Relative Error 0.0007672564825043082
Epoch 357 Relative Error 0.0007314038812182844
Epoch 358 Relative Error 0.0007635981892235577
Epoch 359 Relative Error 0.0007618875824846327
Epoch 360 Relative Error 0.0007810407551005483
Epoch 361 Relative Error 0.0007356679998338223
Epoch 362 Relative Error 0.0008397495257668197
Epoch 363 Relative Error 0.0006385210435837507
Epoch 364 Relative Error 0.0009208027040585876
Epoch 365 Relative Error 0.0008250999380834401
Epoch 366 Relative Error 0.0008444933919236064
Epoch 367 Relative Error 0.0009132164996117353
Epoch 368 Relative Error 0.0009024461032822728
Epoch 369 Relative Error 0.0008425965788774192
Epoch 370 Relative Error 0.0006925268680788577
Epoch 371 Relative Error 0.000688366882968694
Epoch 372 Relative Error 0.0006421821308322251
Epoch 373 Relative Error 0.0007519716746173799
Epoch 374 Relative Error 0.0007132991449907422
Epoch 375 Relative Error 0.0008301274501718581
Epoch 376 Relative Error 0.0007695886306464672
Epoch 377 Relative Error 0.0008836531196720898
Epoch 378 Relative Error 0.000760018767323345
Epoch 379 Relative Error 0.0007563880644738674
Epoch 380 Relative Error 0.0006843098672106862
Epoch 381 Relative Error 0.0007288503693416715
Epoch 382 Relative Error 0.000849084637593478
Epoch 383 Relative Error 0.0007541569066233933
Epoch 384 Relative Error 0.000727736740373075
Epoch 385 Relative Error 0.000791496189776808
Epoch 386 Relative Error 0.0011450753081589937
Epoch 387 Relative Error 0.0009064911282621324
Epoch 388 Relative Error 0.0008322492940351367
Epoch 389 Relative Error 0.0008634411497041583
Epoch 390 Relative Error 0.0008653555414639413
Epoch 391 Relative Error 0.0007910000276751816
Epoch 392 Relative Error 0.0010904058581218123
Epoch 393 Relative Error 0.0008344787638634443
Epoch 394 Relative Error 0.0008164956816472113
Epoch 395 Relative Error 0.0009189030970446765
Epoch 396 Relative Error 0.0008629804360680282
Epoch 397 Relative Error 0.0009034518152475357
Epoch 398 Relative Error 0.0009280551457777619
Epoch 399 Relative Error 0.0009390441700816154
Epoch 400 Relative Error 0.0008916616206988692
Epoch 401 Relative Error 0.0007982313400134444
Epoch 402 Relative Error 0.0007958949427120388
Epoch 403 Relative Error 0.0008367919363081455
Epoch 404 Relative Error 0.0008326812530867755
Epoch 405 Relative Error 0.0009167193784378469
Epoch 406 Relative Error 0.0012209964916110039
Epoch 407 Relative Error 0.0008443891420029104
Epoch 408 Relative Error 0.0008403569809161127
Epoch 409 Relative Error 0.0007407173397950828
Epoch 410 Relative Error 0.0010502119548618793
Epoch 411 Relative Error 0.000936352473217994
Epoch 412 Relative Error 0.0010302843293175101
Epoch 413 Relative Error 0.001014087232761085
Epoch 414 Relative Error 0.0009982683695852757
Epoch 415 Relative Error 0.0009466704213991761
Epoch 416 Relative Error 0.0009171944693662226
Epoch 417 Relative Error 0.0008579428540542722
Epoch 418 Relative Error 0.0006605966482311487
Epoch 419 Relative Error 0.0008125132881104946
Epoch 420 Relative Error 0.0008828960708342493
Epoch 421 Relative Error 0.0009077814756892622
Epoch 422 Relative Error 0.000824262504465878
Epoch 423 Relative Error 0.0008154765237122774
Epoch 424 Relative Error 0.001076988992281258
Epoch 425 Relative Error 0.0009763796697370708
Epoch 426 Relative Error 0.0009543595369905233
Epoch 427 Relative Error 0.0009330990142188966
Epoch 428 Relative Error 0.000929072150029242
Epoch 429 Relative Error 0.0008512841304764152
Epoch 430 Relative Error 0.0008987532928586006
Epoch 431 Relative Error 0.0009506105561740696
Epoch 432 Relative Error 0.0007851323462091386
Epoch 433 Relative Error 0.000813367310911417
Epoch 434 Relative Error 0.0009005778119899333
Epoch 435 Relative Error 0.0008125059539452195
Epoch 436 Relative Error 0.0008035866776481271
Epoch 437 Relative Error 0.0007435120642185211
Epoch 438 Relative Error 0.0007947320118546486
Epoch 439 Relative Error 0.0007018701289780438
Epoch 440 Relative Error 0.0008111750357784331
Epoch 441 Relative Error 0.0008222728502005339
Epoch 442 Relative Error 0.0007456830935552716
Epoch 443 Relative Error 0.000831800454761833
Epoch 444 Relative Error 0.000936560973059386
Epoch 445 Relative Error 0.0007828822708688676
Epoch 446 Relative Error 0.0007998078363016248
Epoch 447 Relative Error 0.0008002872345969081
Epoch 448 Relative Error 0.0009354280773550272
Epoch 449 Relative Error 0.0008107893518172204
Epoch 450 Relative Error 0.0007967305136844516
Epoch 451 Relative Error 0.0006623844965361059
Epoch 452 Relative Error 0.0007944171666167676
Epoch 453 Relative Error 0.0009189734701067209
Epoch 454 Relative Error 0.000806000258307904
Epoch 455 Relative Error 0.0009096061694435775
Epoch 456 Relative Error 0.0007499619969166815
Epoch 457 Relative Error 0.0007940068608149886
Epoch 458 Relative Error 0.0007559973746538162
Epoch 459 Relative Error 0.0007944228127598763
Epoch 460 Relative Error 0.0006774583598598838
Epoch 461 Relative Error 0.0007683466537855566
Epoch 462 Relative Error 0.0007778725703246891
Epoch 463 Relative Error 0.0007345660123974085
Epoch 464 Relative Error 0.0009197283652611077
Epoch 465 Relative Error 0.0007247058674693108
Epoch 466 Relative Error 0.0007271482609212399
Epoch 467 Relative Error 0.0007230701157823205
Epoch 468 Relative Error 0.0008007397409528494
Epoch 469 Relative Error 0.0008279160829260945
Epoch 470 Relative Error 0.0009375969530083239
Epoch 471 Relative Error 0.001097879488952458
Epoch 472 Relative Error 0.0010468113468959928
Epoch 473 Relative Error 0.000755054468754679
Epoch 474 Relative Error 0.0009267944842576981
Epoch 475 Relative Error 0.000731279666069895
Epoch 476 Relative Error 0.0007352953543886542
Epoch 477 Relative Error 0.0007893480942584574
Epoch 478 Relative Error 0.0009755711653269827
Epoch 479 Relative Error 0.0008163484744727612
Epoch 480 Relative Error 0.0008787715923972428
Epoch 481 Relative Error 0.0008108244510367513
Epoch 482 Relative Error 0.0011646309867501259
Epoch 483 Relative Error 0.001027517719194293
Epoch 484 Relative Error 0.000975917384494096
Epoch 485 Relative Error 0.0008938598912209272
Epoch 486 Relative Error 0.0008498759125359356
Epoch 487 Relative Error 0.0009388698963448405
Epoch 488 Relative Error 0.000755934277549386
Epoch 489 Relative Error 0.0008076179074123502
Epoch 490 Relative Error 0.0008580234716646373
Epoch 491 Relative Error 0.0008475154754705727
Epoch 492 Relative Error 0.0008624243782833219
Epoch 493 Relative Error 0.000854371814057231
Epoch 494 Relative Error 0.000845334492623806
Epoch 495 Relative Error 0.0009360222611576319
Epoch 496 Relative Error 0.0009649271960370243
Epoch 497 Relative Error 0.0009183473885059357
Epoch 498 Relative Error 0.0009272717288695276
Epoch 499 Relative Error 0.0009866156615316868
Epoch 500 Relative Error 0.0011600045254454017
Epoch 501 Relative Error 0.0011123301228508353
Epoch 502 Relative Error 0.0007837378070689738
Epoch 503 Relative Error 0.0007689870544709265
Epoch 504 Relative Error 0.0007449957774952054
Epoch 505 Relative Error 0.0008551218779757619
Epoch 506 Relative Error 0.0007921384531073272
Epoch 507 Relative Error 0.0008143709856085479
Epoch 508 Relative Error 0.0008081641281023622
Epoch 509 Relative Error 0.0006975065916776657
Epoch 510 Relative Error 0.0006916987476870418
Epoch 511 Relative Error 0.0007110904552973807
Epoch 512 Relative Error 0.0006912776152603328
Epoch 513 Relative Error 0.0007798316655680537
Epoch 514 Relative Error 0.0007408812525682151
Epoch 515 Relative Error 0.0006573742139153183
Epoch 516 Relative Error 0.0008180223521776497
Epoch 517 Relative Error 0.0007551753078587353
Epoch 518 Relative Error 0.0007119307410903275
Epoch 519 Relative Error 0.0009491726523265243
Epoch 520 Relative Error 0.0008601281442679465
Epoch 521 Relative Error 0.0009099469752982259
Epoch 522 Relative Error 0.0008534359512850642
Epoch 523 Relative Error 0.000791724945884198
Epoch 524 Relative Error 0.0009586618980392814
Epoch 525 Relative Error 0.0010148589499294758
Epoch 526 Relative Error 0.0008291596313938498
Epoch 527 Relative Error 0.0008230761159211397
Epoch 528 Relative Error 0.0007149891462177038
Epoch 529 Relative Error 0.0007929234998300672
Epoch 530 Relative Error 0.000669322966132313
Epoch 531 Relative Error 0.0008081906707957387
Epoch 532 Relative Error 0.0007524809334427118
Epoch 533 Relative Error 0.0007684939191676676
Epoch 534 Relative Error 0.0011326727690175176
Epoch 535 Relative Error 0.0008965834276750684
Epoch 536 Relative Error 0.0008424298721365631
Epoch 537 Relative Error 0.0007288793567568064
Epoch 538 Relative Error 0.0008130069472827017
Epoch 539 Relative Error 0.0008916518418118358
Epoch 540 Relative Error 0.0009028619388118386
Epoch 541 Relative Error 0.0009483681642450392
Epoch 542 Relative Error 0.0008614970720373094
Epoch 543 Relative Error 0.0008662482723593712
Epoch 544 Relative Error 0.0008699704194441438
Epoch 545 Relative Error 0.0008707415545359254
Epoch 546 Relative Error 0.0008222986361943185
Epoch 547 Relative Error 0.0008322378271259367
Epoch 548 Relative Error 0.000965593964792788
Epoch 549 Relative Error 0.0008728195098228753
Epoch 550 Relative Error 0.0008433012408204377
Epoch 551 Relative Error 0.0006857332773506641
Epoch 552 Relative Error 0.0008469166932627559
Epoch 553 Relative Error 0.0007764374604448676
Epoch 554 Relative Error 0.0008336571627296507
Epoch 555 Relative Error 0.0009413687512278557
Epoch 556 Relative Error 0.0008670231327414513
Epoch 557 Relative Error 0.0009561447659507394
Epoch 558 Relative Error 0.0009107616497203708
Epoch 559 Relative Error 0.0008697152370586991
Epoch 560 Relative Error 0.0009056908311322331
Epoch 561 Relative Error 0.0009047238272614777
Epoch 562 Relative Error 0.0007644239813089371
Epoch 563 Relative Error 0.0009160649497061968
Epoch 564 Relative Error 0.0008007599972188473
Epoch 565 Relative Error 0.0008681794279254973
Epoch 566 Relative Error 0.0007172871846705675
Epoch 567 Relative Error 0.0007102400995790958
Epoch 568 Relative Error 0.0007039898191578686
Epoch 569 Relative Error 0.0007075598114170134
Epoch 570 Relative Error 0.000670333974994719
Epoch 571 Relative Error 0.000792714417912066
Epoch 572 Relative Error 0.0009670495055615902
Epoch 573 Relative Error 0.0011313635623082519
Epoch 574 Relative Error 0.0008371825097128749
Epoch 575 Relative Error 0.0008956477395258844
Epoch 576 Relative Error 0.0009536337456665933
Epoch 577 Relative Error 0.0009545903303660452
Epoch 578 Relative Error 0.0011639805743470788
Epoch 579 Relative Error 0.0008730751578696072
Epoch 580 Relative Error 0.0007997602806426585
Epoch 581 Relative Error 0.0008381864172406495
Epoch 582 Relative Error 0.0007573364418931305
Epoch 583 Relative Error 0.0008072670898400247
Epoch 584 Relative Error 0.0009808498434722424
Epoch 585 Relative Error 0.001142988563515246
Epoch 586 Relative Error 0.0009995783912017941
Epoch 587 Relative Error 0.0009769884636625648
Epoch 588 Relative Error 0.0008523977594450116
Epoch 589 Relative Error 0.0007978779030963778
Epoch 590 Relative Error 0.0008479569805786014
Epoch 591 Relative Error 0.0010723326122388244
Epoch 592 Relative Error 0.0009794767247512937
Epoch 593 Relative Error 0.0010281616123393178
Epoch 594 Relative Error 0.0007863611681386828
Epoch 595 Relative Error 0.0009909775108098984
Epoch 596 Relative Error 0.0007883331854827702
Epoch 597 Relative Error 0.0010287363547831774
Epoch 598 Relative Error 0.0007963782991282642
Epoch 599 Relative Error 0.0008072585333138704
Epoch 600 Relative Error 0.0009171277051791549
Epoch 601 Relative Error 0.0010632991325110197
Epoch 602 Relative Error 0.0008654238190501928
Epoch 603 Relative Error 0.000938544690143317
Epoch 604 Relative Error 0.0008965989691205323
Epoch 605 Relative Error 0.0007935462635941803
Epoch 606 Relative Error 0.0008728892426006496
Epoch 607 Relative Error 0.0007161417161114514
Epoch 608 Relative Error 0.0007614844362251461
Epoch 609 Relative Error 0.0008988064364530146
Epoch 610 Relative Error 0.0008195639820769429
Epoch 611 Relative Error 0.0008296268642880023
Epoch 612 Relative Error 0.0007518957718275487
Epoch 613 Relative Error 0.0008451717440038919
Epoch 614 Relative Error 0.0008758172625675797
Epoch 615 Relative Error 0.0010197993833571672
Epoch 616 Relative Error 0.0008767297840677202
Epoch 617 Relative Error 0.0010850605322048068
Epoch 618 Relative Error 0.000917019962798804
Epoch 619 Relative Error 0.0010387592483311892
Epoch 620 Relative Error 0.0007229703478515148
Epoch 621 Relative Error 0.0008127840701490641
Epoch 622 Relative Error 0.0008799095521681011
Epoch 623 Relative Error 0.0008278628229163587
Epoch 624 Relative Error 0.0008915326907299459
Epoch 625 Relative Error 0.0008191444794647396
Epoch 626 Relative Error 0.0008939534891396761
Epoch 627 Relative Error 0.0007881080964580178
Epoch 628 Relative Error 0.0010233677458018064
Epoch 629 Relative Error 0.0007913259323686361
Epoch 630 Relative Error 0.000852375291287899
Epoch 631 Relative Error 0.0007615250069648027
Epoch 632 Relative Error 0.0008256147848442197
Epoch 633 Relative Error 0.0006994850118644536
Epoch 634 Relative Error 0.0008308301912620664
Epoch 635 Relative Error 0.0007475613965652883
Epoch 636 Relative Error 0.0008719596662558615
Epoch 637 Relative Error 0.0006901316810399294
Epoch 638 Relative Error 0.0009554139105603099
Epoch 639 Relative Error 0.0009372944477945566
Epoch 640 Relative Error 0.0008896939689293504
Epoch 641 Relative Error 0.0009633103618398309
Epoch 642 Relative Error 0.000803171016741544
Epoch 643 Relative Error 0.000890416675247252
Epoch 644 Relative Error 0.0010904819937422872
Epoch 645 Relative Error 0.001100019202567637
Epoch 646 Relative Error 0.0008811866282485425
Epoch 647 Relative Error 0.0010041770292446017
Epoch 648 Relative Error 0.0009172889403998852
Epoch 649 Relative Error 0.000928061141166836
Epoch 650 Relative Error 0.0010001653572544456
Epoch 651 Relative Error 0.00093108881264925
Epoch 652 Relative Error 0.00109351915307343
Epoch 653 Relative Error 0.0008089112816378474
Epoch 654 Relative Error 0.001003733603283763
Epoch 655 Relative Error 0.0010006573284044862
Epoch 656 Relative Error 0.0009259505313821137
Epoch 657 Relative Error 0.0008618618012405932
Epoch 658 Relative Error 0.000954725022893399
Epoch 659 Relative Error 0.0008900109096430242
Epoch 660 Relative Error 0.0009149767574854195
Epoch 661 Relative Error 0.0007092033629305661
Epoch 662 Relative Error 0.0007493045995943248
Epoch 663 Relative Error 0.0008839151705615222
Epoch 664 Relative Error 0.001044244971126318
Epoch 665 Relative Error 0.000900355342309922
Epoch 666 Relative Error 0.0009199378546327353
Epoch 667 Relative Error 0.001150499447248876
Epoch 668 Relative Error 0.000990506960079074
Epoch 669 Relative Error 0.000960018252953887
Epoch 670 Relative Error 0.0009941267780959606
Epoch 671 Relative Error 0.0013116998597979546
Epoch 672 Relative Error 0.0011634251568466425
Epoch 673 Relative Error 0.001031388877891004
Epoch 674 Relative Error 0.0007625088328495622
Epoch 675 Relative Error 0.0008626592461951077
Epoch 676 Relative Error 0.0008289323304779828
Epoch 677 Relative Error 0.000827715324703604
Epoch 678 Relative Error 0.000860946427565068
Epoch 679 Relative Error 0.0010351765668019652
Epoch 680 Relative Error 0.0010684222215786576
Epoch 681 Relative Error 0.0008575827814638615
Epoch 682 Relative Error 0.0007825435604900122
Epoch 683 Relative Error 0.0010351102100685239
Epoch 684 Relative Error 0.0009659936768002808
Epoch 685 Relative Error 0.0008886523428373039
Epoch 686 Relative Error 0.0009843239095062017
Epoch 687 Relative Error 0.0010396873112767935
Epoch 688 Relative Error 0.0008210231317207217
Epoch 689 Relative Error 0.0010219176765531301
Epoch 690 Relative Error 0.0007595931529067457
Epoch 691 Relative Error 0.0011679355520755053
Epoch 692 Relative Error 0.0012302638497203588
Epoch 693 Relative Error 0.001113074366003275
Epoch 694 Relative Error 0.0008153827511705458
Epoch 695 Relative Error 0.0009823087602853775
Epoch 696 Relative Error 0.0011436553904786706
Epoch 697 Relative Error 0.001308985287323594
Epoch 698 Relative Error 0.001102265901863575
Epoch 699 Relative Error 0.0009064747719094157
Epoch 700 Relative Error 0.001020018826238811
Epoch 701 Relative Error 0.0011786248069256544
Epoch 702 Relative Error 0.0008945047738961875
Epoch 703 Relative Error 0.0008379618520848453
Epoch 704 Relative Error 0.000834152742754668
Epoch 705 Relative Error 0.0011137697147205472
Epoch 706 Relative Error 0.0008077042875811458
Epoch 707 Relative Error 0.001175224781036377
Epoch 708 Relative Error 0.0010016445303335786
Epoch 709 Relative Error 0.0008896964718587697
Epoch 710 Relative Error 0.0008474232745356858
Epoch 711 Relative Error 0.0010868048993870616
Epoch 712 Relative Error 0.0008533213986083865
Epoch 713 Relative Error 0.0007918427581898868
Epoch 714 Relative Error 0.0010637491941452026
Epoch 715 Relative Error 0.000777941255364567
Epoch 716 Relative Error 0.0006684053223580122
Epoch 717 Relative Error 0.0009411562932655215
Epoch 718 Relative Error 0.0006314638303592801
Epoch 719 Relative Error 0.0006878620479255915
Epoch 720 Relative Error 0.0007181725231930614
Epoch 721 Relative Error 0.0007713097729720175
Epoch 722 Relative Error 0.0008682329207658768
Epoch 723 Relative Error 0.0007840634789317846
Epoch 724 Relative Error 0.000910291273612529
Epoch 725 Relative Error 0.0009340911637991667
Epoch 726 Relative Error 0.0008041528053581715
Epoch 727 Relative Error 0.000807322037871927
Epoch 728 Relative Error 0.0007787991780787706
Epoch 729 Relative Error 0.0010591772152110934
Epoch 730 Relative Error 0.00078545295400545
Epoch 731 Relative Error 0.0007755805854685605
Epoch 732 Relative Error 0.0007142218528315425
Epoch 733 Relative Error 0.0009789224714040756
Epoch 734 Relative Error 0.000895670906174928
Epoch 735 Relative Error 0.0007626395672559738
Epoch 736 Relative Error 0.0008965538581833243
Epoch 737 Relative Error 0.0008543840376660228
Epoch 738 Relative Error 0.0009803477441892028
Epoch 739 Relative Error 0.001063350006006658
Epoch 740 Relative Error 0.0010261565912514925
Epoch 741 Relative Error 0.0007859086035750806
Epoch 742 Relative Error 0.0009144321666099131
Epoch 743 Relative Error 0.0008133266819640994
Epoch 744 Relative Error 0.0009605009690858424
Epoch 745 Relative Error 0.0008961483836174011
Epoch 746 Relative Error 0.0008888255688361824
Epoch 747 Relative Error 0.0009079515584744513
Epoch 748 Relative Error 0.0008885391289368272
Epoch 749 Relative Error 0.0009234768804162741
Epoch 750 Relative Error 0.0008006693096831441
Epoch 751 Relative Error 0.0007384601049125195
Epoch 752 Relative Error 0.0007698959088884294
Epoch 753 Relative Error 0.0012037452543154359
Epoch 754 Relative Error 0.0008815586916171014
Epoch 755 Relative Error 0.001239247154444456
Epoch 756 Relative Error 0.0014582006260752678
Epoch 757 Relative Error 0.0007951727602630854
Epoch 758 Relative Error 0.0009782357374206185
Epoch 759 Relative Error 0.0007631520857103169
Epoch 760 Relative Error 0.000917760597076267
Epoch 761 Relative Error 0.0007421440095640719
Epoch 762 Relative Error 0.0010124929249286652
Epoch 763 Relative Error 0.0008170125656761229
Epoch 764 Relative Error 0.0008352435543201864
Epoch 765 Relative Error 0.0009879308054223657
Epoch 766 Relative Error 0.0010372874094173312
Epoch 767 Relative Error 0.0008907004375942051
Epoch 768 Relative Error 0.000879840983543545
Epoch 769 Relative Error 0.0008194272522814572
Epoch 770 Relative Error 0.00096142414258793
Epoch 771 Relative Error 0.001201819279231131
Epoch 772 Relative Error 0.0009738078224472702
Epoch 773 Relative Error 0.0008679850725457072
Epoch 774 Relative Error 0.0010084181558340788
Epoch 775 Relative Error 0.0007317428826354444
Epoch 776 Relative Error 0.0008149311179295182
Epoch 777 Relative Error 0.0007714206003583968
Epoch 778 Relative Error 0.0007962532108649611
Epoch 779 Relative Error 0.0007295203977264464
Epoch 780 Relative Error 0.000740534218493849
Epoch 781 Relative Error 0.0007890182314440608
Epoch 782 Relative Error 0.000800391542725265
Epoch 783 Relative Error 0.00077883928315714
Epoch 784 Relative Error 0.0007772049866616726
Epoch 785 Relative Error 0.001181987696327269
Epoch 786 Relative Error 0.0009815560188144445
Epoch 787 Relative Error 0.0008867805008776486
Epoch 788 Relative Error 0.0008598023559898138
Epoch 789 Relative Error 0.0010199917014688253
Epoch 790 Relative Error 0.0008779192576184869
Epoch 791 Relative Error 0.0008143680752255023
Epoch 792 Relative Error 0.0008407823042944074
Epoch 793 Relative Error 0.0007703765877522528
Epoch 794 Relative Error 0.001210155664011836
Epoch 795 Relative Error 0.0008424759726040065
Epoch 796 Relative Error 0.0011293772840872407
Epoch 797 Relative Error 0.0010524193057790399
Epoch 798 Relative Error 0.0010228022001683712
Epoch 799 Relative Error 0.0008152138325385749
Epoch 800 Relative Error 0.0008173105888999999
Epoch 801 Relative Error 0.0008024246199056506
Epoch 802 Relative Error 0.0007668246980756521
Epoch 803 Relative Error 0.0008305511437356472
Epoch 804 Relative Error 0.000976595445536077
Epoch 805 Relative Error 0.0009473749087192118
Epoch 806 Relative Error 0.0008007009164430201
Epoch 807 Relative Error 0.0007964246324263513
Epoch 808 Relative Error 0.0007779070292599499
Epoch 809 Relative Error 0.0007657406385987997
Epoch 810 Relative Error 0.0008315513259731233
Epoch 811 Relative Error 0.0006950017414055765
Epoch 812 Relative Error 0.0009018421988002956
Epoch 813 Relative Error 0.0008492238121107221
Epoch 814 Relative Error 0.0008120940765365958
Epoch 815 Relative Error 0.0010102932574227452
Epoch 816 Relative Error 0.0009689931757748127
Epoch 817 Relative Error 0.0007958743954077363
Epoch 818 Relative Error 0.0007928668055683374
Epoch 819 Relative Error 0.0007085261750034988
Epoch 820 Relative Error 0.0007428173557855189
Epoch 821 Relative Error 0.0008109328337013721
Epoch 822 Relative Error 0.0007536618504673243
Epoch 823 Relative Error 0.0009459052234888077
Epoch 824 Relative Error 0.0007936701294966042
Epoch 825 Relative Error 0.0007720377761870623
Epoch 826 Relative Error 0.0010151342721655965
Epoch 827 Relative Error 0.0008660597959533334
Epoch 828 Relative Error 0.001065660617314279
Epoch 829 Relative Error 0.0011481974506750703
Epoch 830 Relative Error 0.0011533574433997273
Epoch 831 Relative Error 0.000942745478823781
Epoch 832 Relative Error 0.0013293289812281728
Epoch 833 Relative Error 0.0009310879395343363
Epoch 834 Relative Error 0.0014521435368806124
Epoch 835 Relative Error 0.0009521404281258583
Epoch 836 Relative Error 0.0007705705356784165
Epoch 837 Relative Error 0.0008793336455710232
Epoch 838 Relative Error 0.0010311190271750093
Epoch 839 Relative Error 0.0008903706911951303
Epoch 840 Relative Error 0.0010016708401963115
Epoch 841 Relative Error 0.0007993241888470948
Epoch 842 Relative Error 0.0007315111579373479
Epoch 843 Relative Error 0.0010457937605679035
Epoch 844 Relative Error 0.0009248220594599843
Epoch 845 Relative Error 0.0011193454265594482
Epoch 846 Relative Error 0.0010160781675949693
Epoch 847 Relative Error 0.0012058683205395937
Epoch 848 Relative Error 0.0008883419213816524
Epoch 849 Relative Error 0.0012372428318485618
Epoch 850 Relative Error 0.001070875907316804
Epoch 851 Relative Error 0.0010147095890715718
Epoch 852 Relative Error 0.0010602338006719947
Epoch 853 Relative Error 0.001051375176757574
Epoch 854 Relative Error 0.000820168002974242
Epoch 855 Relative Error 0.0007594809867441654
Epoch 856 Relative Error 0.0008766523096710443
Epoch 857 Relative Error 0.0010455596493557096
Epoch 858 Relative Error 0.0008969649788923562
Epoch 859 Relative Error 0.0010087845148518682
Epoch 860 Relative Error 0.0011045325081795454
Epoch 861 Relative Error 0.0008908187155611813
Epoch 862 Relative Error 0.0011101200943812728
Epoch 863 Relative Error 0.0011627253843471408
Epoch 864 Relative Error 0.001270862645469606
Epoch 865 Relative Error 0.000984851736575365
Epoch 866 Relative Error 0.0008190397056750953
Epoch 867 Relative Error 0.0009139093453995883
Epoch 868 Relative Error 0.0008838396752253175
Epoch 869 Relative Error 0.0010577498469501734
Epoch 870 Relative Error 0.0008395548211410642
Epoch 871 Relative Error 0.0008458454394713044
Epoch 872 Relative Error 0.0007866921368986368
Epoch 873 Relative Error 0.0008896664367057383
Epoch 874 Relative Error 0.0007743506575934589
Epoch 875 Relative Error 0.0007460896158590913
Epoch 876 Relative Error 0.0008412422030232847
Epoch 877 Relative Error 0.0007190080941654742
Epoch 878 Relative Error 0.0007492160657420754
Epoch 879 Relative Error 0.0009013007511384785
Epoch 880 Relative Error 0.0011389332357794046
Epoch 881 Relative Error 0.000915632932446897
Epoch 882 Relative Error 0.000961948826443404
Epoch 883 Relative Error 0.0009671129519119859
Epoch 884 Relative Error 0.001050372957251966
Epoch 885 Relative Error 0.000977123505435884
Epoch 886 Relative Error 0.0012051528319716454
Epoch 887 Relative Error 0.001487788395024836
Epoch 888 Relative Error 0.0014249342493712902
Epoch 889 Relative Error 0.001106596551835537
Epoch 890 Relative Error 0.0013300072168931365
Epoch 891 Relative Error 0.0012007757322862744
Epoch 892 Relative Error 0.0012555235298350453
Epoch 893 Relative Error 0.0010971188312396407
Epoch 894 Relative Error 0.0010171727044507861
Epoch 895 Relative Error 0.0011617433046922088
Epoch 896 Relative Error 0.0011677008587867022
Epoch 897 Relative Error 0.0010270077036693692
Epoch 898 Relative Error 0.0010523644741624594
Epoch 899 Relative Error 0.0008532791398465633
Epoch 900 Relative Error 0.0011206390336155891
Epoch 901 Relative Error 0.001056730281561613
Epoch 902 Relative Error 0.0009073037072084844
Epoch 903 Relative Error 0.0011629925575107336
Epoch 904 Relative Error 0.0015382972778752446
Epoch 905 Relative Error 0.0008582508307881653
Epoch 906 Relative Error 0.0012804088182747364
Epoch 907 Relative Error 0.000887992384377867
Epoch 908 Relative Error 0.0009107248042710125
Epoch 909 Relative Error 0.000890476512722671
Epoch 910 Relative Error 0.0010441482299938798
Epoch 911 Relative Error 0.0008953155484050512
Epoch 912 Relative Error 0.0011073484783992171
Epoch 913 Relative Error 0.0010559560032561421
Epoch 914 Relative Error 0.000973779009655118
Epoch 915 Relative Error 0.0009722814429551363
Epoch 916 Relative Error 0.0010299364803358912
Epoch 917 Relative Error 0.0008090612245723605
Epoch 918 Relative Error 0.0013154251500964165
Epoch 919 Relative Error 0.001003735582344234
Epoch 920 Relative Error 0.0007698283880017698
Epoch 921 Relative Error 0.0009000219870358706
Epoch 922 Relative Error 0.0008660576422698796
Epoch 923 Relative Error 0.0008814891334623098
Epoch 924 Relative Error 0.001395870465785265
Epoch 925 Relative Error 0.0008487863233312964
Epoch 926 Relative Error 0.001158168655820191
Epoch 927 Relative Error 0.0011752620339393616
Epoch 928 Relative Error 0.001135918777436018
Epoch 929 Relative Error 0.0008478890522383153
Epoch 930 Relative Error 0.0010154853807762265
Epoch 931 Relative Error 0.001085422234609723
Epoch 932 Relative Error 0.001108200871385634
Epoch 933 Relative Error 0.0009663763921707869
Epoch 934 Relative Error 0.0008746088715270162
Epoch 935 Relative Error 0.0009075768175534904
Epoch 936 Relative Error 0.000833817757666111
Epoch 937 Relative Error 0.000794824562035501
Epoch 938 Relative Error 0.0009529466042295098
Epoch 939 Relative Error 0.0007899535703472793
Epoch 940 Relative Error 0.0009714382467791438
Epoch 941 Relative Error 0.0008910316391848028
Epoch 942 Relative Error 0.0008852563332766294
Epoch 943 Relative Error 0.0007741949521005154
Epoch 944 Relative Error 0.0009682775707915425
Epoch 945 Relative Error 0.0009479534928686917
Epoch 946 Relative Error 0.0007887351093813777
Epoch 947 Relative Error 0.001313490909524262
Epoch 948 Relative Error 0.0009569049580022693
Epoch 949 Relative Error 0.0010391315445303917
Epoch 950 Relative Error 0.000882074236869812
Epoch 951 Relative Error 0.0010282885050401092
Epoch 952 Relative Error 0.0008431709138676524
Epoch 953 Relative Error 0.0008544234442524612
Epoch 954 Relative Error 0.0008400236256420612
Epoch 955 Relative Error 0.0009182054782286286
Epoch 956 Relative Error 0.0008712398703210056
Epoch 957 Relative Error 0.0010018735192716122
Epoch 958 Relative Error 0.0009190792916342616
Epoch 959 Relative Error 0.001056905835866928
Epoch 960 Relative Error 0.0011479993117973208
Epoch 961 Relative Error 0.0009758036467246711
Epoch 962 Relative Error 0.0009253217722289264
Epoch 963 Relative Error 0.0012961596949025989
Epoch 964 Relative Error 0.0011707448866218328
Epoch 965 Relative Error 0.0008518535760231316
Epoch 966 Relative Error 0.0012272292515262961
Epoch 967 Relative Error 0.0009826610330492258
Epoch 968 Relative Error 0.0015300139784812927
Epoch 969 Relative Error 0.0010112670715898275
Epoch 970 Relative Error 0.0009683474199846387
Epoch 971 Relative Error 0.0009201859938912094
Epoch 972 Relative Error 0.001024762517772615
Epoch 973 Relative Error 0.0011910944012925029
Epoch 974 Relative Error 0.0008397314813919365
Epoch 975 Relative Error 0.0015755806816741824
Epoch 976 Relative Error 0.0013449317775666714
Epoch 977 Relative Error 0.0008883794653229415
Epoch 978 Relative Error 0.001224335515871644
Epoch 979 Relative Error 0.0008497570524923503
Epoch 980 Relative Error 0.0010626802686601877
Epoch 981 Relative Error 0.0012222320074215531
Epoch 982 Relative Error 0.001108540571294725
Epoch 983 Relative Error 0.0010261816205456853
Epoch 984 Relative Error 0.0009744729031808674
Epoch 985 Relative Error 0.0011205190094187856
Epoch 986 Relative Error 0.0011916807852685452
Epoch 987 Relative Error 0.0008384030661545694
Epoch 988 Relative Error 0.0009417769615538418
Epoch 989 Relative Error 0.0010309366043657064
Epoch 990 Relative Error 0.0010506960097700357
Epoch 991 Relative Error 0.0011738843750208616
Epoch 992 Relative Error 0.0011073584901168942
Epoch 993 Relative Error 0.0010570152662694454
Epoch 994 Relative Error 0.000854268844705075
Epoch 995 Relative Error 0.0007813399424776435
Epoch 996 Relative Error 0.0007585453568026423
Epoch 997 Relative Error 0.0007106627454049885
Epoch 998 Relative Error 0.0007706303149461746
Epoch 999 Relative Error 0.0007947080885060132
Epoch 1000 Relative Error 0.0007795191486366093
RE (2, 8, 0, 0): 0.0006019650609232485
Green's Function RE (2, 8, 0, 0): 0.9587221741676331
Bias Term RE (2, 8, 0, 0): 0.8444443941116333
Combination (2, 8, 0, 0, 0): 0.9448965787887573
Combination (2, 8, 0, 0, 1): 0.9460334181785583
Combination (2, 8, 0, 0, 2): 0.9462931156158447
Combination (2, 8, 0, 0, 3): 0.9463893175125122
Combination (2, 8, 0, 0, 4): 0.9464368224143982

/home/gridsan/gstepaniants/.local/lib/python3.8/site-packages/torch/functional.py:478: UserWarning: torch.meshgrid: in an upcoming release, it will be required to pass the indexing argument. (Triggered internally at  ../aten/src/ATen/native/TensorShape.cpp:2895.)
  return _VF.meshgrid(tensors, **kwargs)  # type: ignore[attr-defined]
