[KeOps] Warning : Cuda libraries were not detected on the system ; using cpu only mode
1
Kernel: Exponential
Weight Mesh: 40
RKHS Kernel Width: 0.07
Lambda: 1e-06
Green's Function Learning Rate: 100
Bias Term Learning Rate: 100
Epoch 1 Relative Error 6913.5048828125
First epoch had re = 6913.5048828125 > 1
Green's Function Learning Rate: 50
Bias Term Learning Rate: 50
Epoch 1 Relative Error 3510.14013671875
First epoch had re = 3510.14013671875 > 1
Green's Function Learning Rate: 10
Bias Term Learning Rate: 10
Epoch 1 Relative Error 709.2410278320312
First epoch had re = 709.2410278320312 > 1
Green's Function Learning Rate: 5
Bias Term Learning Rate: 5
Epoch 1 Relative Error 341.7318115234375
First epoch had re = 341.7318115234375 > 1
Green's Function Learning Rate: 1
Bias Term Learning Rate: 1
Epoch 1 Relative Error 72.52204132080078
First epoch had re = 72.52204132080078 > 1
Green's Function Learning Rate: 0.5
Bias Term Learning Rate: 0.5
Epoch 1 Relative Error 44.634273529052734
First epoch had re = 44.634273529052734 > 1
Green's Function Learning Rate: 0.1
Bias Term Learning Rate: 0.1
Epoch 1 Relative Error 8.334159851074219
First epoch had re = 8.334159851074219 > 1
Green's Function Learning Rate: 0.05
Bias Term Learning Rate: 0.05
Epoch 1 Relative Error 2.8891305923461914
First epoch had re = 2.8891305923461914 > 1
Green's Function Learning Rate: 0.01
Bias Term Learning Rate: 0.01
Epoch 1 Relative Error 0.7537923455238342
Epoch 2 Relative Error 0.6126360297203064
Epoch 3 Relative Error 0.4240466058254242
Epoch 4 Relative Error 0.4544490873813629
Epoch 5 Relative Error 0.25601980090141296
Epoch 6 Relative Error 0.19538497924804688
Epoch 7 Relative Error 0.1918303370475769
Epoch 8 Relative Error 0.1389216184616089
Epoch 9 Relative Error 0.11151985079050064
Epoch 10 Relative Error 0.1073778048157692
Epoch 11 Relative Error 0.08281000703573227
Epoch 12 Relative Error 0.0638442263007164
Epoch 13 Relative Error 0.05648087337613106
Epoch 14 Relative Error 0.04997894912958145
Epoch 15 Relative Error 0.04642752185463905
Epoch 16 Relative Error 0.042925458401441574
Epoch 17 Relative Error 0.03761269897222519
Epoch 18 Relative Error 0.03472932055592537
Epoch 19 Relative Error 0.0311854500323534
Epoch 20 Relative Error 0.02989945560693741
Epoch 21 Relative Error 0.02868427149951458
Epoch 22 Relative Error 0.027132855728268623
Epoch 23 Relative Error 0.02680443413555622
Epoch 24 Relative Error 0.025743525475263596
Epoch 25 Relative Error 0.02513916976749897
Epoch 26 Relative Error 0.024430761113762856
Epoch 27 Relative Error 0.02377920038998127
Epoch 28 Relative Error 0.023250922560691833
Epoch 29 Relative Error 0.022658517584204674
Epoch 30 Relative Error 0.02218722365796566
Epoch 31 Relative Error 0.021679949015378952
Epoch 32 Relative Error 0.02118806354701519
Epoch 33 Relative Error 0.020754126831889153
Epoch 34 Relative Error 0.020365221425890923
Epoch 35 Relative Error 0.01994236186146736
Epoch 36 Relative Error 0.01955636590719223
Epoch 37 Relative Error 0.01916172355413437
Epoch 38 Relative Error 0.018880581483244896
Epoch 39 Relative Error 0.018455294892191887
Epoch 40 Relative Error 0.018103616312146187
Epoch 41 Relative Error 0.017859559506177902
Epoch 42 Relative Error 0.017521003261208534
Epoch 43 Relative Error 0.017229678109288216
Epoch 44 Relative Error 0.016964353621006012
Epoch 45 Relative Error 0.016664009541273117
Epoch 46 Relative Error 0.01648285612463951
Epoch 47 Relative Error 0.01624884270131588
Epoch 48 Relative Error 0.01592961698770523
Epoch 49 Relative Error 0.015695340931415558
Epoch 50 Relative Error 0.015481355600059032
Epoch 51 Relative Error 0.015271339565515518
Epoch 52 Relative Error 0.015071521513164043
Epoch 53 Relative Error 0.014858314767479897
Epoch 54 Relative Error 0.014764535240828991
Epoch 55 Relative Error 0.014480751939117908
Epoch 56 Relative Error 0.01429916825145483
Epoch 57 Relative Error 0.014103718101978302
Epoch 58 Relative Error 0.01400681957602501
Epoch 59 Relative Error 0.01375160738825798
Epoch 60 Relative Error 0.013632988557219505
Epoch 61 Relative Error 0.013511566445231438
Epoch 62 Relative Error 0.013406247831881046
Epoch 63 Relative Error 0.013248992152512074
Epoch 64 Relative Error 0.013252973556518555
Epoch 65 Relative Error 0.012928248383104801
Epoch 66 Relative Error 0.012773660011589527
Epoch 67 Relative Error 0.01262950710952282
Epoch 68 Relative Error 0.012535101734101772
Epoch 69 Relative Error 0.012357172556221485
Epoch 70 Relative Error 0.01222212053835392
Epoch 71 Relative Error 0.012112615630030632
Epoch 72 Relative Error 0.012034672312438488
Epoch 73 Relative Error 0.011826847679913044
Epoch 74 Relative Error 0.011775798164308071
Epoch 75 Relative Error 0.011614150367677212
Epoch 76 Relative Error 0.011525861918926239
Epoch 77 Relative Error 0.011448715813457966
Epoch 78 Relative Error 0.011410889215767384
Epoch 79 Relative Error 0.011195315979421139
Epoch 80 Relative Error 0.011220265179872513
Epoch 81 Relative Error 0.011030901223421097
Epoch 82 Relative Error 0.010903852060437202
Epoch 83 Relative Error 0.010863122530281544
Epoch 84 Relative Error 0.010819352231919765
Epoch 85 Relative Error 0.010730324313044548
Epoch 86 Relative Error 0.010593594051897526
Epoch 87 Relative Error 0.01052286010235548
Epoch 88 Relative Error 0.010576426982879639
Epoch 89 Relative Error 0.010342545807361603
Epoch 90 Relative Error 0.010202956385910511
Epoch 91 Relative Error 0.010141928680241108
Epoch 92 Relative Error 0.010052783414721489
Epoch 93 Relative Error 0.009997481480240822
Epoch 94 Relative Error 0.009883456863462925
Epoch 95 Relative Error 0.009915408678352833
Epoch 96 Relative Error 0.009759231470525265
Epoch 97 Relative Error 0.009711658582091331
Epoch 98 Relative Error 0.009615492075681686
Epoch 99 Relative Error 0.009555822238326073
Epoch 100 Relative Error 0.00952962413430214
Epoch 101 Relative Error 0.009405112825334072
Epoch 102 Relative Error 0.009342103265225887
Epoch 103 Relative Error 0.009289301000535488
Epoch 104 Relative Error 0.009205343201756477
Epoch 105 Relative Error 0.009136111475527287
Epoch 106 Relative Error 0.009105922654271126
Epoch 107 Relative Error 0.009025352075695992
Epoch 108 Relative Error 0.009012226015329361
Epoch 109 Relative Error 0.00905731599777937
Epoch 110 Relative Error 0.008899767883121967
Epoch 111 Relative Error 0.00884244590997696
Epoch 112 Relative Error 0.008695390075445175
Epoch 113 Relative Error 0.008663129061460495
Epoch 114 Relative Error 0.008605396375060081
Epoch 115 Relative Error 0.00853845663368702
Epoch 116 Relative Error 0.008600455708801746
Epoch 117 Relative Error 0.008484892547130585
Epoch 118 Relative Error 0.008466520346701145
Epoch 119 Relative Error 0.008387050591409206
Epoch 120 Relative Error 0.008365622721612453
Epoch 121 Relative Error 0.008532767184078693
Epoch 122 Relative Error 0.008221580646932125
Epoch 123 Relative Error 0.008259624242782593
Epoch 124 Relative Error 0.008169871754944324
Epoch 125 Relative Error 0.008081409148871899
Epoch 126 Relative Error 0.008039533160626888
Epoch 127 Relative Error 0.007973061874508858
Epoch 128 Relative Error 0.00810623075813055
Epoch 129 Relative Error 0.008028662763535976
Epoch 130 Relative Error 0.007817343808710575
Epoch 131 Relative Error 0.007813778705894947
Epoch 132 Relative Error 0.007783633191138506
Epoch 133 Relative Error 0.007881570607423782
Epoch 134 Relative Error 0.0077265105210244656
Epoch 135 Relative Error 0.007603543344885111
Epoch 136 Relative Error 0.007653181441128254
Epoch 137 Relative Error 0.007645995821803808
Epoch 138 Relative Error 0.007537268102169037
Epoch 139 Relative Error 0.007527682464569807
Epoch 140 Relative Error 0.007418383378535509
Epoch 141 Relative Error 0.007457036525011063
Epoch 142 Relative Error 0.00749511132016778
Epoch 143 Relative Error 0.007307590916752815
Epoch 144 Relative Error 0.007355579640716314
Epoch 145 Relative Error 0.007328239269554615
Epoch 146 Relative Error 0.007353814318776131
Epoch 147 Relative Error 0.0072131650522351265
Epoch 148 Relative Error 0.0072110490873456
Epoch 149 Relative Error 0.0071532949805259705
Epoch 150 Relative Error 0.007100284099578857
Epoch 151 Relative Error 0.007085992489010096
Epoch 152 Relative Error 0.007455227896571159
Epoch 153 Relative Error 0.00718778045848012
Epoch 154 Relative Error 0.00697329081594944
Epoch 155 Relative Error 0.006929959170520306
Epoch 156 Relative Error 0.006926915142685175
Epoch 157 Relative Error 0.006823540665209293
Epoch 158 Relative Error 0.006746435072273016
Epoch 159 Relative Error 0.006745710503309965
Epoch 160 Relative Error 0.0066759311594069
Epoch 161 Relative Error 0.00666531827300787
Epoch 162 Relative Error 0.006615108344703913
Epoch 163 Relative Error 0.006577252876013517
Epoch 164 Relative Error 0.006624745205044746
Epoch 165 Relative Error 0.006485463120043278
Epoch 166 Relative Error 0.006519341375678778
Epoch 167 Relative Error 0.0064926366321742535
Epoch 168 Relative Error 0.006485228426754475
Epoch 169 Relative Error 0.00639969389885664
Epoch 170 Relative Error 0.00642866687849164
Epoch 171 Relative Error 0.00635422021150589
Epoch 172 Relative Error 0.006519740447402
Epoch 173 Relative Error 0.0065401336178183556
Epoch 174 Relative Error 0.006513447035104036
Epoch 175 Relative Error 0.006572038866579533
Epoch 176 Relative Error 0.006470085587352514
Epoch 177 Relative Error 0.006271319463849068
Epoch 178 Relative Error 0.006530340760946274
Epoch 179 Relative Error 0.0062477122992277145
Epoch 180 Relative Error 0.006232161074876785
Epoch 181 Relative Error 0.006651694420725107
Epoch 182 Relative Error 0.0060569108463823795
Epoch 183 Relative Error 0.006076562684029341
Epoch 184 Relative Error 0.005975258070975542
Epoch 185 Relative Error 0.005960278213024139
Epoch 186 Relative Error 0.006064014974981546
Epoch 187 Relative Error 0.005957259796559811
Epoch 188 Relative Error 0.005909056402742863
Epoch 189 Relative Error 0.0059986538253724575
Epoch 190 Relative Error 0.005954560823738575
Epoch 191 Relative Error 0.005872607696801424
Epoch 192 Relative Error 0.0058162701316177845
Epoch 193 Relative Error 0.00587985897436738
Epoch 194 Relative Error 0.005793104879558086
Epoch 195 Relative Error 0.005754949990659952
Epoch 196 Relative Error 0.005704674404114485
Epoch 197 Relative Error 0.005709313787519932
Epoch 198 Relative Error 0.005684183910489082
Epoch 199 Relative Error 0.00568505609408021
Epoch 200 Relative Error 0.005785154644399881
Epoch 201 Relative Error 0.005649271886795759
Epoch 202 Relative Error 0.00559817673638463
Epoch 203 Relative Error 0.005582811776548624
Epoch 204 Relative Error 0.005534722004085779
Epoch 205 Relative Error 0.0055116708390414715
Epoch 206 Relative Error 0.005557341501116753
Epoch 207 Relative Error 0.005640415940433741
Epoch 208 Relative Error 0.005538830067962408
Epoch 209 Relative Error 0.005439929198473692
Epoch 210 Relative Error 0.005427881609648466
Epoch 211 Relative Error 0.005478850565850735
Epoch 212 Relative Error 0.005438896827399731
Epoch 213 Relative Error 0.0054634022526443005
Epoch 214 Relative Error 0.005478425417095423
Epoch 215 Relative Error 0.005344201344996691
Epoch 216 Relative Error 0.005366418976336718
Epoch 217 Relative Error 0.005489279516041279
Epoch 218 Relative Error 0.005275608040392399
Epoch 219 Relative Error 0.005282056517899036
Epoch 220 Relative Error 0.005364957265555859
Epoch 221 Relative Error 0.0053491136059165
Epoch 222 Relative Error 0.005200795829296112
Epoch 223 Relative Error 0.005403932649642229
Epoch 224 Relative Error 0.00526650482788682
Epoch 225 Relative Error 0.005216861609369516
Epoch 226 Relative Error 0.005166518036276102
Epoch 227 Relative Error 0.005141458008438349
Epoch 228 Relative Error 0.005086427554488182
Epoch 229 Relative Error 0.005089537240564823
Epoch 230 Relative Error 0.00507567822933197
Epoch 231 Relative Error 0.0050032841973006725
Epoch 232 Relative Error 0.005024696700274944
Epoch 233 Relative Error 0.0050732470117509365
Epoch 234 Relative Error 0.005036465357989073
Epoch 235 Relative Error 0.005057389847934246
Epoch 236 Relative Error 0.00542587973177433
Epoch 237 Relative Error 0.00508466549217701
Epoch 238 Relative Error 0.005147357936948538
Epoch 239 Relative Error 0.0049652112647891045
Epoch 240 Relative Error 0.004928233101963997
Epoch 241 Relative Error 0.004985857754945755
Epoch 242 Relative Error 0.004877617582678795
Epoch 243 Relative Error 0.004858334548771381
Epoch 244 Relative Error 0.004945410415530205
Epoch 245 Relative Error 0.004874936304986477
Epoch 246 Relative Error 0.004799372982233763
Epoch 247 Relative Error 0.004785608034580946
Epoch 248 Relative Error 0.004835845436900854
Epoch 249 Relative Error 0.005036007612943649
Epoch 250 Relative Error 0.004906312096863985
Epoch 251 Relative Error 0.004960219841450453
Epoch 252 Relative Error 0.004745854530483484
Epoch 253 Relative Error 0.004797978792339563
Epoch 254 Relative Error 0.00470757158473134
Epoch 255 Relative Error 0.00471187848597765
Epoch 256 Relative Error 0.004711813293397427
Epoch 257 Relative Error 0.00473535293713212
Epoch 258 Relative Error 0.004702342674136162
Epoch 259 Relative Error 0.004640914965420961
Epoch 260 Relative Error 0.004626622889190912
Epoch 261 Relative Error 0.0046866536140441895
Epoch 262 Relative Error 0.00473113963380456
Epoch 263 Relative Error 0.004587075207382441
Epoch 264 Relative Error 0.0046446071937680244
Epoch 265 Relative Error 0.004527266137301922
Epoch 266 Relative Error 0.004518470726907253
Epoch 267 Relative Error 0.004540762864053249
Epoch 268 Relative Error 0.0045393710024654865
Epoch 269 Relative Error 0.004485642071813345
Epoch 270 Relative Error 0.004480270203202963
Epoch 271 Relative Error 0.004609265364706516
Epoch 272 Relative Error 0.004476230591535568
Epoch 273 Relative Error 0.004511975217610598
Epoch 274 Relative Error 0.004542510025203228
Epoch 275 Relative Error 0.004477627109736204
Epoch 276 Relative Error 0.004456636495888233
Epoch 277 Relative Error 0.004492608364671469
Epoch 278 Relative Error 0.004392759408801794
Epoch 279 Relative Error 0.004411481786519289
Epoch 280 Relative Error 0.004474810790270567
Epoch 281 Relative Error 0.004383498802781105
Epoch 282 Relative Error 0.004361995495855808
Epoch 283 Relative Error 0.004385451786220074
Epoch 284 Relative Error 0.004383827093988657
Epoch 285 Relative Error 0.004336717072874308
Epoch 286 Relative Error 0.0042839087545871735
Epoch 287 Relative Error 0.0043365140445530415
Epoch 288 Relative Error 0.004295943304896355
Epoch 289 Relative Error 0.004348609130829573
Epoch 290 Relative Error 0.004340650048106909
Epoch 291 Relative Error 0.004377895966172218
Epoch 292 Relative Error 0.004514419473707676
Epoch 293 Relative Error 0.004305129870772362
Epoch 294 Relative Error 0.004347690846771002
Epoch 295 Relative Error 0.004261567257344723
Epoch 296 Relative Error 0.004243025556206703
Epoch 297 Relative Error 0.004240852314978838
Epoch 298 Relative Error 0.004202473443001509
Epoch 299 Relative Error 0.004216849338263273
Epoch 300 Relative Error 0.004284544847905636
Epoch 301 Relative Error 0.004152068868279457
Epoch 302 Relative Error 0.004108001012355089
Epoch 303 Relative Error 0.00413304241374135
Epoch 304 Relative Error 0.004173823166638613
Epoch 305 Relative Error 0.004132447298616171
Epoch 306 Relative Error 0.004645754117518663
Epoch 307 Relative Error 0.004196415655314922
Epoch 308 Relative Error 0.0041849324479699135
Epoch 309 Relative Error 0.004188349936157465
Epoch 310 Relative Error 0.004117969889193773
Epoch 311 Relative Error 0.004116141702979803
Epoch 312 Relative Error 0.004221568815410137
Epoch 313 Relative Error 0.0040455227717757225
Epoch 314 Relative Error 0.004192593041807413
Epoch 315 Relative Error 0.004193680360913277
Epoch 316 Relative Error 0.004011712968349457
Epoch 317 Relative Error 0.00412397738546133
Epoch 318 Relative Error 0.004020259249955416
Epoch 319 Relative Error 0.004239492118358612
Epoch 320 Relative Error 0.004048904869705439
Epoch 321 Relative Error 0.003987160511314869
Epoch 322 Relative Error 0.004006814211606979
Epoch 323 Relative Error 0.003960812464356422
Epoch 324 Relative Error 0.003999082837253809
Epoch 325 Relative Error 0.003975832834839821
Epoch 326 Relative Error 0.003973302897065878
Epoch 327 Relative Error 0.003927931655198336
Epoch 328 Relative Error 0.0039656213484704494
Epoch 329 Relative Error 0.003900686278939247
Epoch 330 Relative Error 0.003924183547496796
Epoch 331 Relative Error 0.0038565616123378277
Epoch 332 Relative Error 0.0038682117592543364
Epoch 333 Relative Error 0.0038568635936826468
Epoch 334 Relative Error 0.0040982430800795555
Epoch 335 Relative Error 0.003882621182128787
Epoch 336 Relative Error 0.0038905960973352194
Epoch 337 Relative Error 0.003968137316405773
Epoch 338 Relative Error 0.0038112096954137087
Epoch 339 Relative Error 0.003816084237769246
Epoch 340 Relative Error 0.003933626692742109
Epoch 341 Relative Error 0.0038092618342489004
Epoch 342 Relative Error 0.0038015388417989016
Epoch 343 Relative Error 0.00375904212705791
Epoch 344 Relative Error 0.0038512370083481073
Epoch 345 Relative Error 0.0037687886506319046
Epoch 346 Relative Error 0.0038448164705187082
Epoch 347 Relative Error 0.00383216654881835
Epoch 348 Relative Error 0.003854638896882534
Epoch 349 Relative Error 0.003933500498533249
Epoch 350 Relative Error 0.0038466656114906073
Epoch 351 Relative Error 0.0038110159803181887
Epoch 352 Relative Error 0.003764128079637885
Epoch 353 Relative Error 0.0037459409795701504
Epoch 354 Relative Error 0.0037169097922742367
Epoch 355 Relative Error 0.003777134232223034
Epoch 356 Relative Error 0.003699517110362649
Epoch 357 Relative Error 0.00378791824914515
Epoch 358 Relative Error 0.003700583940371871
Epoch 359 Relative Error 0.0037282693665474653
Epoch 360 Relative Error 0.003686953103169799
Epoch 361 Relative Error 0.003679495770484209
Epoch 362 Relative Error 0.0036799677181988955
Epoch 363 Relative Error 0.0037009224761277437
Epoch 364 Relative Error 0.003649219172075391
Epoch 365 Relative Error 0.003635143395513296
Epoch 366 Relative Error 0.0037203384563326836
Epoch 367 Relative Error 0.0037404210306704044
Epoch 368 Relative Error 0.0036596558056771755
Epoch 369 Relative Error 0.003655986627563834
Epoch 370 Relative Error 0.003678650129586458
Epoch 371 Relative Error 0.003577534109354019
Epoch 372 Relative Error 0.00358956609852612
Epoch 373 Relative Error 0.003586928127333522
Epoch 374 Relative Error 0.003620733506977558
Epoch 375 Relative Error 0.0035604059230536222
Epoch 376 Relative Error 0.00356639688834548
Epoch 377 Relative Error 0.0035420996136963367
Epoch 378 Relative Error 0.003575522918254137
Epoch 379 Relative Error 0.003601538250222802
Epoch 380 Relative Error 0.0035237036645412445
Epoch 381 Relative Error 0.003665420925244689
Epoch 382 Relative Error 0.003516213269904256
Epoch 383 Relative Error 0.0035312206018716097
Epoch 384 Relative Error 0.0035240682773292065
Epoch 385 Relative Error 0.0034983321093022823
Epoch 386 Relative Error 0.003488838439807296
Epoch 387 Relative Error 0.0035902292001992464
Epoch 388 Relative Error 0.003504837164655328
Epoch 389 Relative Error 0.003595795715227723
Epoch 390 Relative Error 0.003586798207834363
Epoch 391 Relative Error 0.0035237313713878393
Epoch 392 Relative Error 0.003562898375093937
Epoch 393 Relative Error 0.003594933543354273
Epoch 394 Relative Error 0.003687080694362521
Epoch 395 Relative Error 0.0035509022418409586
Epoch 396 Relative Error 0.0034639874938875437
Epoch 397 Relative Error 0.003530559130012989
Epoch 398 Relative Error 0.0035714495461434126
Epoch 399 Relative Error 0.0034860752057284117
Epoch 400 Relative Error 0.0034840505104511976
Epoch 401 Relative Error 0.003481830470263958
Epoch 402 Relative Error 0.003426646813750267
Epoch 403 Relative Error 0.0033908355981111526
Epoch 404 Relative Error 0.0035165976732969284
Epoch 405 Relative Error 0.0034216628409922123
Epoch 406 Relative Error 0.003483162960037589
Epoch 407 Relative Error 0.003420167835429311
Epoch 408 Relative Error 0.003438471117988229
Epoch 409 Relative Error 0.0033915736712515354
Epoch 410 Relative Error 0.0035931786987930536
Epoch 411 Relative Error 0.0033647792879492044
Epoch 412 Relative Error 0.003445195034146309
Epoch 413 Relative Error 0.0033973325043916702
Epoch 414 Relative Error 0.003443995025008917
Epoch 415 Relative Error 0.0034928591921925545
Epoch 416 Relative Error 0.0033665758091956377
Epoch 417 Relative Error 0.0033530446235090494
Epoch 418 Relative Error 0.003445786191150546
Epoch 419 Relative Error 0.003371115308254957
Epoch 420 Relative Error 0.0036295976024121046
Epoch 421 Relative Error 0.0034222810063511133
Epoch 422 Relative Error 0.0035036690533161163
Epoch 423 Relative Error 0.0035828975960612297
Epoch 424 Relative Error 0.003441286738961935
Epoch 425 Relative Error 0.0033329837024211884
Epoch 426 Relative Error 0.0033814897760748863
Epoch 427 Relative Error 0.0035121580585837364
Epoch 428 Relative Error 0.003363414667546749
Epoch 429 Relative Error 0.0033804464619606733
Epoch 430 Relative Error 0.003325758036226034
Epoch 431 Relative Error 0.003273489186540246
Epoch 432 Relative Error 0.0032697191927582026
Epoch 433 Relative Error 0.003291510744020343
Epoch 434 Relative Error 0.0033207815140485764
Epoch 435 Relative Error 0.003346875309944153
Epoch 436 Relative Error 0.003566947067156434
Epoch 437 Relative Error 0.0033077560365200043
Epoch 438 Relative Error 0.0032946462742984295
Epoch 439 Relative Error 0.0032131141051650047
Epoch 440 Relative Error 0.003235061652958393
Epoch 441 Relative Error 0.003236250951886177
Epoch 442 Relative Error 0.003197652520611882
Epoch 443 Relative Error 0.003184279426932335
Epoch 444 Relative Error 0.0032251712400466204
Epoch 445 Relative Error 0.003263864666223526
Epoch 446 Relative Error 0.003187540452927351
Epoch 447 Relative Error 0.0031943980138748884
Epoch 448 Relative Error 0.0032356702722609043
Epoch 449 Relative Error 0.0032158251851797104
Epoch 450 Relative Error 0.0032262622844427824
Epoch 451 Relative Error 0.003264746395871043
Epoch 452 Relative Error 0.0031881986651569605
Epoch 453 Relative Error 0.003187879454344511
Epoch 454 Relative Error 0.003182485932484269
Epoch 455 Relative Error 0.003193810349330306
Epoch 456 Relative Error 0.0032516922801733017
Epoch 457 Relative Error 0.003275830065831542
Epoch 458 Relative Error 0.003239068202674389
Epoch 459 Relative Error 0.003115654457360506
Epoch 460 Relative Error 0.00320684676989913
Epoch 461 Relative Error 0.00317781581543386
Epoch 462 Relative Error 0.0032305559143424034
Epoch 463 Relative Error 0.0032098034862428904
Epoch 464 Relative Error 0.003475678851827979
Epoch 465 Relative Error 0.003186242887750268
Epoch 466 Relative Error 0.0032524296548217535
Epoch 467 Relative Error 0.003326319856569171
Epoch 468 Relative Error 0.0032112833578139544
Epoch 469 Relative Error 0.0031577162444591522
Epoch 470 Relative Error 0.0031155594624578953
Epoch 471 Relative Error 0.003131341189146042
Epoch 472 Relative Error 0.0031003563199192286
Epoch 473 Relative Error 0.0031089824624359608
Epoch 474 Relative Error 0.0030783945694565773
Epoch 475 Relative Error 0.003082203445956111
Epoch 476 Relative Error 0.0031985649839043617
Epoch 477 Relative Error 0.0031167122069746256
Epoch 478 Relative Error 0.0030803519766777754
Epoch 479 Relative Error 0.0033631285186856985
Epoch 480 Relative Error 0.0033366545103490353
Epoch 481 Relative Error 0.00328833912499249
Epoch 482 Relative Error 0.003228594083338976
Epoch 483 Relative Error 0.003299793926998973
Epoch 484 Relative Error 0.0033507628832012415
Epoch 485 Relative Error 0.003165610833093524
Epoch 486 Relative Error 0.0032426875550299883
Epoch 487 Relative Error 0.0032081068493425846
Epoch 488 Relative Error 0.003158201929181814
Epoch 489 Relative Error 0.003065594704821706
Epoch 490 Relative Error 0.0030557620339095592
Epoch 491 Relative Error 0.003143312642350793
Epoch 492 Relative Error 0.003054393222555518
Epoch 493 Relative Error 0.0030397495720535517
Epoch 494 Relative Error 0.0030017595272511244
Epoch 495 Relative Error 0.0030480592977255583
Epoch 496 Relative Error 0.003112396225333214
Epoch 497 Relative Error 0.003057143185287714
Epoch 498 Relative Error 0.003018853021785617
Epoch 499 Relative Error 0.0030354242771863937
Epoch 500 Relative Error 0.0030453025829046965
Epoch 501 Relative Error 0.003151767421513796
Epoch 502 Relative Error 0.00303944805637002
Epoch 503 Relative Error 0.0030946910846978426
Epoch 504 Relative Error 0.0030362815596163273
Epoch 505 Relative Error 0.0030274298042058945
Epoch 506 Relative Error 0.0032040926162153482
Epoch 507 Relative Error 0.0030046456959098577
Epoch 508 Relative Error 0.003005639184266329
Epoch 509 Relative Error 0.003106118878349662
Epoch 510 Relative Error 0.002969789318740368
Epoch 511 Relative Error 0.003021518001332879
Epoch 512 Relative Error 0.002952160080894828
Epoch 513 Relative Error 0.002977324416860938
Epoch 514 Relative Error 0.0033245913218706846
Epoch 515 Relative Error 0.002983934013172984
Epoch 516 Relative Error 0.0029282381292432547
Epoch 517 Relative Error 0.0030595827847719193
Epoch 518 Relative Error 0.0032767951488494873
Epoch 519 Relative Error 0.0032203756272792816
Epoch 520 Relative Error 0.0029974801000207663
Epoch 521 Relative Error 0.0030581497121602297
Epoch 522 Relative Error 0.0029885831754654646
Epoch 523 Relative Error 0.0029676025733351707
Epoch 524 Relative Error 0.00315193273127079
Epoch 525 Relative Error 0.003197618992999196
Epoch 526 Relative Error 0.0032565922010689974
Epoch 527 Relative Error 0.003113281214609742
Epoch 528 Relative Error 0.0029664526227861643
Epoch 529 Relative Error 0.0029908136930316687
Epoch 530 Relative Error 0.002923526568338275
Epoch 531 Relative Error 0.002898983657360077
Epoch 532 Relative Error 0.0029822788201272488
Epoch 533 Relative Error 0.002979025710374117
Epoch 534 Relative Error 0.002894897712394595
Epoch 535 Relative Error 0.0029179814737290144
Epoch 536 Relative Error 0.0029186364263296127
Epoch 537 Relative Error 0.002922325162217021
Epoch 538 Relative Error 0.002883359557017684
Epoch 539 Relative Error 0.0029271787498146296
Epoch 540 Relative Error 0.002930886810645461
Epoch 541 Relative Error 0.0029405420646071434
Epoch 542 Relative Error 0.0028846487402915955
Epoch 543 Relative Error 0.00290677510201931
Epoch 544 Relative Error 0.00295176706276834
Epoch 545 Relative Error 0.002871324308216572
Epoch 546 Relative Error 0.0028817416168749332
Epoch 547 Relative Error 0.0028267838060855865
Epoch 548 Relative Error 0.002918538171797991
Epoch 549 Relative Error 0.0028696521185338497
Epoch 550 Relative Error 0.0028831411618739367
Epoch 551 Relative Error 0.0028654560446739197
Epoch 552 Relative Error 0.0028298133984208107
Epoch 553 Relative Error 0.0028592273592948914
Epoch 554 Relative Error 0.0028433306142687798
Epoch 555 Relative Error 0.0028208489529788494
Epoch 556 Relative Error 0.0029064796399325132
Epoch 557 Relative Error 0.0028339268174022436
Epoch 558 Relative Error 0.0028835947159677744
Epoch 559 Relative Error 0.0028372048400342464
Epoch 560 Relative Error 0.0029719751328229904
Epoch 561 Relative Error 0.0030262325890362263
Epoch 562 Relative Error 0.002880597487092018
Epoch 563 Relative Error 0.0029051753226667643
Epoch 564 Relative Error 0.002923352411016822
Epoch 565 Relative Error 0.003051851876080036
Epoch 566 Relative Error 0.0028879400342702866
Epoch 567 Relative Error 0.00280282786116004
Epoch 568 Relative Error 0.0027974697295576334
Epoch 569 Relative Error 0.0028916047886013985
Epoch 570 Relative Error 0.002884436398744583
Epoch 571 Relative Error 0.002891919109970331
Epoch 572 Relative Error 0.0028258482925593853
Epoch 573 Relative Error 0.002818559529259801
Epoch 574 Relative Error 0.00285742268897593
Epoch 575 Relative Error 0.0030611525289714336
Epoch 576 Relative Error 0.0030816926155239344
Epoch 577 Relative Error 0.003123118542134762
Epoch 578 Relative Error 0.0029035615734755993
Epoch 579 Relative Error 0.002914964221417904
Epoch 580 Relative Error 0.003762047505006194
Epoch 581 Relative Error 0.00368860992603004
Epoch 582 Relative Error 0.003613820532336831
Epoch 583 Relative Error 0.0029173865914344788
Epoch 584 Relative Error 0.0030314370524138212
Epoch 585 Relative Error 0.0030365490820258856
Epoch 586 Relative Error 0.0028447143267840147
Epoch 587 Relative Error 0.002776590408757329
Epoch 588 Relative Error 0.0027517403941601515
Epoch 589 Relative Error 0.0027561760507524014
Epoch 590 Relative Error 0.0028747303877025843
Epoch 591 Relative Error 0.0028044283390045166
Epoch 592 Relative Error 0.0028185753617435694
Epoch 593 Relative Error 0.002833043923601508
Epoch 594 Relative Error 0.00275554321706295
Epoch 595 Relative Error 0.0028397003188729286
Epoch 596 Relative Error 0.002862047404050827
Epoch 597 Relative Error 0.0028020981699228287
Epoch 598 Relative Error 0.002857969608157873
Epoch 599 Relative Error 0.0027920794673264027
Epoch 600 Relative Error 0.0027916040271520615
Epoch 601 Relative Error 0.002720102434977889
Epoch 602 Relative Error 0.002698791678994894
Epoch 603 Relative Error 0.002722108503803611
Epoch 604 Relative Error 0.0027589385863393545
Epoch 605 Relative Error 0.0027709142304956913
Epoch 606 Relative Error 0.002789776073768735
Epoch 607 Relative Error 0.0027280745562165976
Epoch 608 Relative Error 0.0027725587133318186
Epoch 609 Relative Error 0.002711337525397539
Epoch 610 Relative Error 0.00291052577085793
Epoch 611 Relative Error 0.0027371805626899004
Epoch 612 Relative Error 0.002798854373395443
Epoch 613 Relative Error 0.002695666626095772
Epoch 614 Relative Error 0.0026736375875771046
Epoch 615 Relative Error 0.002696712501347065
Epoch 616 Relative Error 0.0028109715785831213
Epoch 617 Relative Error 0.0031053568236529827
Epoch 618 Relative Error 0.003100958652794361
Epoch 619 Relative Error 0.002793835010379553
Epoch 620 Relative Error 0.002834157319739461
Epoch 621 Relative Error 0.0028081340715289116
Epoch 622 Relative Error 0.002871276345103979
Epoch 623 Relative Error 0.0027016387321054935
Epoch 624 Relative Error 0.00296240602619946
Epoch 625 Relative Error 0.0028538925107568502
Epoch 626 Relative Error 0.0026635630056262016
Epoch 627 Relative Error 0.002775154309347272
Epoch 628 Relative Error 0.002649383619427681
Epoch 629 Relative Error 0.0026526234578341246
Epoch 630 Relative Error 0.002675242954865098
Epoch 631 Relative Error 0.002711561508476734
Epoch 632 Relative Error 0.002627189038321376
Epoch 633 Relative Error 0.0026999968104064465
Epoch 634 Relative Error 0.0026651194784790277
Epoch 635 Relative Error 0.0026439689099788666
Epoch 636 Relative Error 0.00266113574616611
Epoch 637 Relative Error 0.0025989022105932236
Epoch 638 Relative Error 0.0026472609024494886
Epoch 639 Relative Error 0.0026137190870940685
Epoch 640 Relative Error 0.0026344875805079937
Epoch 641 Relative Error 0.002584429457783699
Epoch 642 Relative Error 0.0026094329077750444
Epoch 643 Relative Error 0.002627817215397954
Epoch 644 Relative Error 0.0026161381974816322
Epoch 645 Relative Error 0.0026033155154436827
Epoch 646 Relative Error 0.002597786020487547
Epoch 647 Relative Error 0.0027280093636363745
Epoch 648 Relative Error 0.0026448434218764305
Epoch 649 Relative Error 0.002606440568342805
Epoch 650 Relative Error 0.0026236562989652157
Epoch 651 Relative Error 0.0028275586664676666
Epoch 652 Relative Error 0.0028071494307368994
Epoch 653 Relative Error 0.0027464667800813913
Epoch 654 Relative Error 0.0027597465086728334
Epoch 655 Relative Error 0.002646874403581023
Epoch 656 Relative Error 0.0028618392534554005
Epoch 657 Relative Error 0.0031232433393597603
Epoch 658 Relative Error 0.002745793666690588
Epoch 659 Relative Error 0.0026192404329776764
Epoch 660 Relative Error 0.002620508661493659
Epoch 661 Relative Error 0.002724488265812397
Epoch 662 Relative Error 0.0026194495148956776
Epoch 663 Relative Error 0.0026937478687614202
Epoch 664 Relative Error 0.0026212334632873535
Epoch 665 Relative Error 0.002599386963993311
Epoch 666 Relative Error 0.0025785292964428663
Epoch 667 Relative Error 0.0027385845314711332
Epoch 668 Relative Error 0.002630847040563822
Epoch 669 Relative Error 0.0026346403174102306
Epoch 670 Relative Error 0.002556402003392577
Epoch 671 Relative Error 0.0025768540799617767
Epoch 672 Relative Error 0.0025716295931488276
Epoch 673 Relative Error 0.0025540415663272142
Epoch 674 Relative Error 0.0026695390697568655
Epoch 675 Relative Error 0.0027493375819176435
Epoch 676 Relative Error 0.002723338780924678
Epoch 677 Relative Error 0.002888788701966405
Epoch 678 Relative Error 0.0025903929490596056
Epoch 679 Relative Error 0.0026096387300640345
Epoch 680 Relative Error 0.0026233952958136797
Epoch 681 Relative Error 0.002581329084932804
Epoch 682 Relative Error 0.002562739187851548
Epoch 683 Relative Error 0.002570965327322483
Epoch 684 Relative Error 0.002529696561396122
Epoch 685 Relative Error 0.0025577517226338387
Epoch 686 Relative Error 0.002584721427410841
Epoch 687 Relative Error 0.0026391237042844296
Epoch 688 Relative Error 0.0025834059342741966
Epoch 689 Relative Error 0.0025677275843918324
Epoch 690 Relative Error 0.0025200238451361656
Epoch 691 Relative Error 0.0026753745041787624
Epoch 692 Relative Error 0.002615357283502817
Epoch 693 Relative Error 0.002506209071725607
Epoch 694 Relative Error 0.0025302863214164972
Epoch 695 Relative Error 0.0026468003634363413
Epoch 696 Relative Error 0.0025146696716547012
Epoch 697 Relative Error 0.002511737635359168
Epoch 698 Relative Error 0.002605302492156625
Epoch 699 Relative Error 0.0025308928452432156
Epoch 700 Relative Error 0.002518407301977277
Epoch 701 Relative Error 0.002520687645301223
Epoch 702 Relative Error 0.002556378487497568
Epoch 703 Relative Error 0.0026113642379641533
Epoch 704 Relative Error 0.0025443234480917454
Epoch 705 Relative Error 0.0024656816385686398
Epoch 706 Relative Error 0.002499204594641924
Epoch 707 Relative Error 0.00253701931796968
Epoch 708 Relative Error 0.002509655896574259
Epoch 709 Relative Error 0.0025578646454960108
Epoch 710 Relative Error 0.002478672657161951
Epoch 711 Relative Error 0.002536817453801632
Epoch 712 Relative Error 0.0024949980434030294
Epoch 713 Relative Error 0.0025020523462444544
Epoch 714 Relative Error 0.0025254408828914165
Epoch 715 Relative Error 0.0024830959737300873
Epoch 716 Relative Error 0.0026368668768554926
Epoch 717 Relative Error 0.0026129360776394606
Epoch 718 Relative Error 0.0024847411550581455
Epoch 719 Relative Error 0.0025245167780667543
Epoch 720 Relative Error 0.00258225342258811
Epoch 721 Relative Error 0.0025102258659899235
Epoch 722 Relative Error 0.0025112656876444817
Epoch 723 Relative Error 0.002557278610765934
Epoch 724 Relative Error 0.002464268822222948
Epoch 725 Relative Error 0.0025060493499040604
Epoch 726 Relative Error 0.002613349352031946
Epoch 727 Relative Error 0.0024744151160120964
Epoch 728 Relative Error 0.002449964638799429
Epoch 729 Relative Error 0.002426136052235961
Epoch 730 Relative Error 0.0024602606426924467
Epoch 731 Relative Error 0.0024689114652574062
Epoch 732 Relative Error 0.0024832624476403
Epoch 733 Relative Error 0.0024464442394673824
Epoch 734 Relative Error 0.002463078359141946
Epoch 735 Relative Error 0.0024549190420657396
Epoch 736 Relative Error 0.0024617353919893503
Epoch 737 Relative Error 0.00241398555226624
Epoch 738 Relative Error 0.002447771141305566
Epoch 739 Relative Error 0.0024799504317343235
Epoch 740 Relative Error 0.0025366751942783594
Epoch 741 Relative Error 0.002454881090670824
Epoch 742 Relative Error 0.0024541369639337063
Epoch 743 Relative Error 0.002423647791147232
Epoch 744 Relative Error 0.0025044847279787064
Epoch 745 Relative Error 0.0024836871307343245
Epoch 746 Relative Error 0.002449831459671259
Epoch 747 Relative Error 0.0025332095101475716
Epoch 748 Relative Error 0.0025761567521840334
Epoch 749 Relative Error 0.0025322954170405865
Epoch 750 Relative Error 0.0025812448002398014
Epoch 751 Relative Error 0.0024745066184550524
Epoch 752 Relative Error 0.002558800159022212
Epoch 753 Relative Error 0.002495896304026246
Epoch 754 Relative Error 0.0025107930414378643
Epoch 755 Relative Error 0.002487922552973032
Epoch 756 Relative Error 0.0026762899942696095
Epoch 757 Relative Error 0.002500296803191304
Epoch 758 Relative Error 0.002390493405982852
Epoch 759 Relative Error 0.002533707767724991
Epoch 760 Relative Error 0.0024243697989732027
Epoch 761 Relative Error 0.0024114723782986403
Epoch 762 Relative Error 0.0023848835844546556
Epoch 763 Relative Error 0.0024142630863934755
Epoch 764 Relative Error 0.0023907003924250603
Epoch 765 Relative Error 0.0023798097390681505
Epoch 766 Relative Error 0.0024617419112473726
Epoch 767 Relative Error 0.0027778467629104853
Epoch 768 Relative Error 0.002479057526215911
Epoch 769 Relative Error 0.00240874825976789
Epoch 770 Relative Error 0.0024400255642831326
Epoch 771 Relative Error 0.002488259458914399
Epoch 772 Relative Error 0.0024302108213305473
Epoch 773 Relative Error 0.002426848979666829
Epoch 774 Relative Error 0.002377077005803585
Epoch 775 Relative Error 0.0023604731541126966
Epoch 776 Relative Error 0.0023977174423635006
Epoch 777 Relative Error 0.0023759903851896524
Epoch 778 Relative Error 0.002396835247054696
Epoch 779 Relative Error 0.0024775846395641565
Epoch 780 Relative Error 0.0023763785138726234
Epoch 781 Relative Error 0.002382502192631364
Epoch 782 Relative Error 0.0023639786522835493
Epoch 783 Relative Error 0.0023994874209165573
Epoch 784 Relative Error 0.0023804670199751854
Epoch 785 Relative Error 0.002426587976515293
Epoch 786 Relative Error 0.002372383838519454
Epoch 787 Relative Error 0.0024163511116057634
Epoch 788 Relative Error 0.002411485416814685
Epoch 789 Relative Error 0.002329372800886631
Epoch 790 Relative Error 0.002357421675696969
Epoch 791 Relative Error 0.002409066539257765
Epoch 792 Relative Error 0.002394792390987277
Epoch 793 Relative Error 0.0024742810055613518
Epoch 794 Relative Error 0.0023878940846771
Epoch 795 Relative Error 0.002381281228736043
Epoch 796 Relative Error 0.0023322913330048323
Epoch 797 Relative Error 0.0025318064726889133
Epoch 798 Relative Error 0.0026091746985912323
Epoch 799 Relative Error 0.002394139999523759
Epoch 800 Relative Error 0.002363884123042226
Epoch 801 Relative Error 0.0023445680271834135
Epoch 802 Relative Error 0.002436060458421707
Epoch 803 Relative Error 0.002634568838402629
Epoch 804 Relative Error 0.0024513525422662497
Epoch 805 Relative Error 0.002634841250255704
Epoch 806 Relative Error 0.0025442277546972036
Epoch 807 Relative Error 0.00237050699070096
Epoch 808 Relative Error 0.002559591783210635
Epoch 809 Relative Error 0.002440603217110038
Epoch 810 Relative Error 0.002423528116196394
Epoch 811 Relative Error 0.002351547824218869
Epoch 812 Relative Error 0.0023115386720746756
Epoch 813 Relative Error 0.0023114036303013563
Epoch 814 Relative Error 0.0023071710020303726
Epoch 815 Relative Error 0.0023173829540610313
Epoch 816 Relative Error 0.0023084930144250393
Epoch 817 Relative Error 0.0023706522770226
Epoch 818 Relative Error 0.002300004940479994
Epoch 819 Relative Error 0.002320975996553898
Epoch 820 Relative Error 0.0023309560492634773
Epoch 821 Relative Error 0.002384625608101487
Epoch 822 Relative Error 0.0023311665281653404
Epoch 823 Relative Error 0.002904128283262253
Epoch 824 Relative Error 0.0024725147522985935
Epoch 825 Relative Error 0.0022963129449635744
Epoch 826 Relative Error 0.0023144728038460016
Epoch 827 Relative Error 0.002366103930398822
Epoch 828 Relative Error 0.0023219671566039324
Epoch 829 Relative Error 0.0023093861527740955
Epoch 830 Relative Error 0.0023258584551513195
Epoch 831 Relative Error 0.0022875573486089706
Epoch 832 Relative Error 0.002300600754097104
Epoch 833 Relative Error 0.0023770800326019526
Epoch 834 Relative Error 0.0022965907119214535
Epoch 835 Relative Error 0.002338699297979474
Epoch 836 Relative Error 0.002289452822878957
Epoch 837 Relative Error 0.0023381561040878296
Epoch 838 Relative Error 0.002449190244078636
Epoch 839 Relative Error 0.0024583132471889257
Epoch 840 Relative Error 0.002303297398611903
Epoch 841 Relative Error 0.002353777177631855
Epoch 842 Relative Error 0.0023787259124219418
Epoch 843 Relative Error 0.0022966356482356787
Epoch 844 Relative Error 0.0022951439023017883
Epoch 845 Relative Error 0.0022611329331994057
Epoch 846 Relative Error 0.002311317715793848
Epoch 847 Relative Error 0.0022663355339318514
Epoch 848 Relative Error 0.0022979623172432184
Epoch 849 Relative Error 0.0022607811260968447
Epoch 850 Relative Error 0.002293814206495881
Epoch 851 Relative Error 0.00230679614469409
Epoch 852 Relative Error 0.0022788112983107567
Epoch 853 Relative Error 0.002245423849672079
Epoch 854 Relative Error 0.0022903517819941044
Epoch 855 Relative Error 0.0022383469622582197
Epoch 856 Relative Error 0.002239046385511756
Epoch 857 Relative Error 0.0022590344306081533
Epoch 858 Relative Error 0.002294924110174179
Epoch 859 Relative Error 0.002335583558306098
Epoch 860 Relative Error 0.0022552208974957466
Epoch 861 Relative Error 0.0022897154558449984
Epoch 862 Relative Error 0.0022643939591944218
Epoch 863 Relative Error 0.0022639676462858915
Epoch 864 Relative Error 0.002241103909909725
Epoch 865 Relative Error 0.002357796998694539
Epoch 866 Relative Error 0.0024238417390733957
Epoch 867 Relative Error 0.0022827978245913982
Epoch 868 Relative Error 0.0022358184214681387
Epoch 869 Relative Error 0.0023174660746008158
Epoch 870 Relative Error 0.0023023197427392006
Epoch 871 Relative Error 0.0024186510127037764
Epoch 872 Relative Error 0.0023469459265470505
Epoch 873 Relative Error 0.002257599961012602
Epoch 874 Relative Error 0.002246265998110175
Epoch 875 Relative Error 0.002233183942735195
Epoch 876 Relative Error 0.00223441980779171
Epoch 877 Relative Error 0.0022624663542956114
Epoch 878 Relative Error 0.0022366628982126713
Epoch 879 Relative Error 0.002222161740064621
Epoch 880 Relative Error 0.0022266258019953966
Epoch 881 Relative Error 0.0022749085910618305
Epoch 882 Relative Error 0.0022552881855517626
Epoch 883 Relative Error 0.002266938565298915
Epoch 884 Relative Error 0.0022546984255313873
Epoch 885 Relative Error 0.002338570775464177
Epoch 886 Relative Error 0.002256722655147314
Epoch 887 Relative Error 0.002413062611594796
Epoch 888 Relative Error 0.002378764096647501
Epoch 889 Relative Error 0.0022905301302671432
Epoch 890 Relative Error 0.0022234672214835882
Epoch 891 Relative Error 0.0022274733055382967
Epoch 892 Relative Error 0.0023980122059583664
Epoch 893 Relative Error 0.002284822054207325
Epoch 894 Relative Error 0.0023170995991677046
Epoch 895 Relative Error 0.002283042296767235
Epoch 896 Relative Error 0.002242149319499731
Epoch 897 Relative Error 0.0022236965596675873
Epoch 898 Relative Error 0.0022149907890707254
Epoch 899 Relative Error 0.0022022188641130924
Epoch 900 Relative Error 0.002222286071628332
Epoch 901 Relative Error 0.00224619684740901
Epoch 902 Relative Error 0.0022415611892938614
Epoch 903 Relative Error 0.0021887177135795355
Epoch 904 Relative Error 0.0022033718414604664
Epoch 905 Relative Error 0.002199425594881177
Epoch 906 Relative Error 0.002206915058195591
Epoch 907 Relative Error 0.0023899914231151342
Epoch 908 Relative Error 0.0022525216918438673
Epoch 909 Relative Error 0.0022289203479886055
Epoch 910 Relative Error 0.0023410336580127478
Epoch 911 Relative Error 0.002592015080153942
Epoch 912 Relative Error 0.002256407868117094
Epoch 913 Relative Error 0.002240785863250494
Epoch 914 Relative Error 0.002217049477621913
Epoch 915 Relative Error 0.002250818768516183
Epoch 916 Relative Error 0.002318686107173562
Epoch 917 Relative Error 0.002310906769707799
Epoch 918 Relative Error 0.002186012687161565
Epoch 919 Relative Error 0.0021985569037497044
Epoch 920 Relative Error 0.0022106680553406477
Epoch 921 Relative Error 0.002195057924836874
Epoch 922 Relative Error 0.002154890913516283
Epoch 923 Relative Error 0.002206901554018259
Epoch 924 Relative Error 0.002248516771942377
Epoch 925 Relative Error 0.002226371318101883
Epoch 926 Relative Error 0.0021985790226608515
Epoch 927 Relative Error 0.0021917070262134075
Epoch 928 Relative Error 0.0021985138300806284
Epoch 929 Relative Error 0.002222596202045679
Epoch 930 Relative Error 0.0023049060255289078
Epoch 931 Relative Error 0.0022820790763944387
Epoch 932 Relative Error 0.002194539876654744
Epoch 933 Relative Error 0.002240144181996584
Epoch 934 Relative Error 0.002299574902281165
Epoch 935 Relative Error 0.0022023299243301153
Epoch 936 Relative Error 0.0021785139106214046
Epoch 937 Relative Error 0.0023049244191497564
Epoch 938 Relative Error 0.0022698654793202877
Epoch 939 Relative Error 0.0022163649555295706
Epoch 940 Relative Error 0.0022698224056512117
Epoch 941 Relative Error 0.002204251941293478
Epoch 942 Relative Error 0.0021989266388118267
Epoch 943 Relative Error 0.002158421091735363
Epoch 944 Relative Error 0.0021575349383056164
Epoch 945 Relative Error 0.0021702847443521023
Epoch 946 Relative Error 0.002187983598560095
Epoch 947 Relative Error 0.002139101503416896
Epoch 948 Relative Error 0.002158666728064418
Epoch 949 Relative Error 0.002243912545964122
Epoch 950 Relative Error 0.002454852918162942
Epoch 951 Relative Error 0.0022723455913364887
Epoch 952 Relative Error 0.0024016438983380795
Epoch 953 Relative Error 0.0025540038477629423
Epoch 954 Relative Error 0.0022331043146550655
Epoch 955 Relative Error 0.002227040007710457
Epoch 956 Relative Error 0.0023921860847622156
Epoch 957 Relative Error 0.002531737321987748
Epoch 958 Relative Error 0.002574645448476076
Epoch 959 Relative Error 0.0021902709268033504
Epoch 960 Relative Error 0.0022110729478299618
Epoch 961 Relative Error 0.00219903071410954
Epoch 962 Relative Error 0.0022380196023732424
Epoch 963 Relative Error 0.0021863130386918783
Epoch 964 Relative Error 0.002227454213425517
Epoch 965 Relative Error 0.0021596262231469154
Epoch 966 Relative Error 0.0022257594391703606
Epoch 967 Relative Error 0.0021240902133286
Epoch 968 Relative Error 0.002192538697272539
Epoch 969 Relative Error 0.002240606816485524
Epoch 970 Relative Error 0.002131890971213579
Epoch 971 Relative Error 0.0021302495151758194
Epoch 972 Relative Error 0.0021356965880841017
Epoch 973 Relative Error 0.0022123276721686125
Epoch 974 Relative Error 0.0021247409749776125
Epoch 975 Relative Error 0.0021200557239353657
Epoch 976 Relative Error 0.0021360854152590036
Epoch 977 Relative Error 0.0022384265903383493
Epoch 978 Relative Error 0.0021739546209573746
Epoch 979 Relative Error 0.0021415993105620146
Epoch 980 Relative Error 0.0021247253753244877
Epoch 981 Relative Error 0.0021561412140727043
Epoch 982 Relative Error 0.0021134119015187025
Epoch 983 Relative Error 0.0021412160713225603
Epoch 984 Relative Error 0.0023874263279139996
Epoch 985 Relative Error 0.002479618415236473
Epoch 986 Relative Error 0.002229335717856884
Epoch 987 Relative Error 0.0021595177240669727
Epoch 988 Relative Error 0.0021805681753903627
Epoch 989 Relative Error 0.002286498434841633
Epoch 990 Relative Error 0.002122838282957673
Epoch 991 Relative Error 0.0021653883159160614
Epoch 992 Relative Error 0.0022685143630951643
Epoch 993 Relative Error 0.0020990995690226555
Epoch 994 Relative Error 0.002413609065115452
Epoch 995 Relative Error 0.002114865928888321
Epoch 996 Relative Error 0.0021314320620149374
Epoch 997 Relative Error 0.0024402644485235214
Epoch 998 Relative Error 0.0027110634837299585
Epoch 999 Relative Error 0.002149380976334214
Epoch 1000 Relative Error 0.002386214444413781
RE (0, 3, 15, 0): 0.0020990995690226555
Green's Function RE (0, 3, 15, 0): 0.012973625212907791
Bias Term RE (0, 3, 15, 0): 0.0119943143799901
Combination (0, 3, 15, 0, 0): 0.006176952738314867
Combination (0, 3, 15, 0, 1): 0.006158861331641674
Combination (0, 3, 15, 0, 2): 0.006164981983602047
Combination (0, 3, 15, 0, 3): 0.006163792219012976
Combination (0, 3, 15, 0, 4): 0.006162603851407766

/home/gridsan/gstepaniants/.local/lib/python3.8/site-packages/torch/functional.py:478: UserWarning: torch.meshgrid: in an upcoming release, it will be required to pass the indexing argument. (Triggered internally at  ../aten/src/ATen/native/TensorShape.cpp:2895.)
  return _VF.meshgrid(tensors, **kwargs)  # type: ignore[attr-defined]
