[KeOps] Warning : Cuda libraries were not detected on the system ; using cpu only mode
1
Kernel: Exponential
Weight Mesh: 50
RKHS Kernel Width: 0.005
Lambda: 1e-06
Green's Function Learning Rate: 100
Bias Term Learning Rate: 100
Epoch 1 Relative Error 949.0047607421875
First epoch had re = 949.0047607421875 > 1
Green's Function Learning Rate: 50
Bias Term Learning Rate: 50
Epoch 1 Relative Error 526.4210205078125
First epoch had re = 526.4210205078125 > 1
Green's Function Learning Rate: 10
Bias Term Learning Rate: 10
Epoch 1 Relative Error 83.94009399414062
First epoch had re = 83.94009399414062 > 1
Green's Function Learning Rate: 5
Bias Term Learning Rate: 5
Epoch 1 Relative Error 37.882118225097656
First epoch had re = 37.882118225097656 > 1
Green's Function Learning Rate: 1
Bias Term Learning Rate: 1
Epoch 1 Relative Error 7.00791072845459
First epoch had re = 7.00791072845459 > 1
Green's Function Learning Rate: 0.5
Bias Term Learning Rate: 0.5
Epoch 1 Relative Error 3.624664306640625
First epoch had re = 3.624664306640625 > 1
Green's Function Learning Rate: 0.1
Bias Term Learning Rate: 0.1
Epoch 1 Relative Error 0.81833815574646
Epoch 2 Relative Error 0.5699359774589539
Epoch 3 Relative Error 0.5166673064231873
Epoch 4 Relative Error 0.43955203890800476
Epoch 5 Relative Error 0.31106868386268616
Epoch 6 Relative Error 0.25713902711868286
Epoch 7 Relative Error 0.2125430405139923
Epoch 8 Relative Error 0.1759982407093048
Epoch 9 Relative Error 0.1495274305343628
Epoch 10 Relative Error 0.1207231655716896
Epoch 11 Relative Error 0.09418023377656937
Epoch 12 Relative Error 0.07335923612117767
Epoch 13 Relative Error 0.06228729709982872
Epoch 14 Relative Error 0.05288293957710266
Epoch 15 Relative Error 0.04301316291093826
Epoch 16 Relative Error 0.03301071748137474
Epoch 17 Relative Error 0.026021776720881462
Epoch 18 Relative Error 0.02127830684185028
Epoch 19 Relative Error 0.017313610762357712
Epoch 20 Relative Error 0.014241104945540428
Epoch 21 Relative Error 0.012476244010031223
Epoch 22 Relative Error 0.010325816459953785
Epoch 23 Relative Error 0.008929174393415451
Epoch 24 Relative Error 0.007858389057219028
Epoch 25 Relative Error 0.006424149964004755
Epoch 26 Relative Error 0.005049981642514467
Epoch 27 Relative Error 0.004903390072286129
Epoch 28 Relative Error 0.003965305630117655
Epoch 29 Relative Error 0.003617238951846957
Epoch 30 Relative Error 0.0032488368451595306
Epoch 31 Relative Error 0.0032997180242091417
Epoch 32 Relative Error 0.003118555760011077
Epoch 33 Relative Error 0.0026430264115333557
Epoch 34 Relative Error 0.002571097109466791
Epoch 35 Relative Error 0.002285066293552518
Epoch 36 Relative Error 0.0022915396839380264
Epoch 37 Relative Error 0.0020244906190782785
Epoch 38 Relative Error 0.00200816267170012
Epoch 39 Relative Error 0.0018699009669944644
Epoch 40 Relative Error 0.0017690462991595268
Epoch 41 Relative Error 0.0017048550071194768
Epoch 42 Relative Error 0.001608334481716156
Epoch 43 Relative Error 0.001614761189557612
Epoch 44 Relative Error 0.0015422245487570763
Epoch 45 Relative Error 0.0015098252333700657
Epoch 46 Relative Error 0.0014524541329592466
Epoch 47 Relative Error 0.0015182673232629895
Epoch 48 Relative Error 0.0014891603495925665
Epoch 49 Relative Error 0.0014436813071370125
Epoch 50 Relative Error 0.001343757612630725
Epoch 51 Relative Error 0.0012875478714704514
Epoch 52 Relative Error 0.0012901658192276955
Epoch 53 Relative Error 0.001199384918436408
Epoch 54 Relative Error 0.0011815043399110436
Epoch 55 Relative Error 0.001137501560151577
Epoch 56 Relative Error 0.0010767625644803047
Epoch 57 Relative Error 0.0011322430800646544
Epoch 58 Relative Error 0.001083184382878244
Epoch 59 Relative Error 0.0010469310218468308
Epoch 60 Relative Error 0.0009710339363664389
Epoch 61 Relative Error 0.0009456717525608838
Epoch 62 Relative Error 0.0009958514710888267
Epoch 63 Relative Error 0.000914939446374774
Epoch 64 Relative Error 0.0009311236790381372
Epoch 65 Relative Error 0.0008803682285360992
Epoch 66 Relative Error 0.0008668254595249891
Epoch 67 Relative Error 0.0008612165111117065
Epoch 68 Relative Error 0.0008027922012843192
Epoch 69 Relative Error 0.0008693927666172385
Epoch 70 Relative Error 0.0008166381157934666
Epoch 71 Relative Error 0.0007807081565260887
Epoch 72 Relative Error 0.0007591574685648084
Epoch 73 Relative Error 0.0007635272922925651
Epoch 74 Relative Error 0.0007541371160186827
Epoch 75 Relative Error 0.0007816983270458877
Epoch 76 Relative Error 0.0007235801313072443
Epoch 77 Relative Error 0.0007164407870732248
Epoch 78 Relative Error 0.0006830018828622997
Epoch 79 Relative Error 0.0006515425629913807
Epoch 80 Relative Error 0.0006665823166258633
Epoch 81 Relative Error 0.0006312747718766332
Epoch 82 Relative Error 0.0006377271492965519
Epoch 83 Relative Error 0.0006140978657640517
Epoch 84 Relative Error 0.0006925039924681187
Epoch 85 Relative Error 0.0006662791129201651
Epoch 86 Relative Error 0.0006415568641386926
Epoch 87 Relative Error 0.0006207398255355656
Epoch 88 Relative Error 0.0006443097372539341
Epoch 89 Relative Error 0.0006084087071940303
Epoch 90 Relative Error 0.0005398603971116245
Epoch 91 Relative Error 0.0006407061591744423
Epoch 92 Relative Error 0.000572974153328687
Epoch 93 Relative Error 0.0005544978776015341
Epoch 94 Relative Error 0.0005689119570888579
Epoch 95 Relative Error 0.0005845447885803878
Epoch 96 Relative Error 0.0005721015040762722
Epoch 97 Relative Error 0.0006099339225329459
Epoch 98 Relative Error 0.0005588054191321135
Epoch 99 Relative Error 0.0005401321104727685
Epoch 100 Relative Error 0.0005222305771894753
Epoch 101 Relative Error 0.0004927907139062881
Epoch 102 Relative Error 0.000469092046841979
Epoch 103 Relative Error 0.0004553103935904801
Epoch 104 Relative Error 0.0004509377758949995
Epoch 105 Relative Error 0.000456351088359952
Epoch 106 Relative Error 0.0004632803611457348
Epoch 107 Relative Error 0.0004542248498182744
Epoch 108 Relative Error 0.0004977682838216424
Epoch 109 Relative Error 0.00043926332728005946
Epoch 110 Relative Error 0.0004250180791132152
Epoch 111 Relative Error 0.0004491173895075917
Epoch 112 Relative Error 0.00042200268944725394
Epoch 113 Relative Error 0.00039819799712859094
Epoch 114 Relative Error 0.00043266307329759
Epoch 115 Relative Error 0.00040797030669637024
Epoch 116 Relative Error 0.0004100388614460826
Epoch 117 Relative Error 0.00044938750215806067
Epoch 118 Relative Error 0.00042541505536064506
Epoch 119 Relative Error 0.00039218328311108053
Epoch 120 Relative Error 0.0004019832413177937
Epoch 121 Relative Error 0.000428658357122913
Epoch 122 Relative Error 0.0004007697571069002
Epoch 123 Relative Error 0.000395861454308033
Epoch 124 Relative Error 0.0004713377566076815
Epoch 125 Relative Error 0.0004788603982888162
Epoch 126 Relative Error 0.00046493811532855034
Epoch 127 Relative Error 0.0004253367951605469
Epoch 128 Relative Error 0.0004014997975900769
Epoch 129 Relative Error 0.00037212431197986007
Epoch 130 Relative Error 0.0003732129407580942
Epoch 131 Relative Error 0.0003861202276311815
Epoch 132 Relative Error 0.00038782035699114203
Epoch 133 Relative Error 0.0004100118821952492
Epoch 134 Relative Error 0.00040508509846404195
Epoch 135 Relative Error 0.0003531374386511743
Epoch 136 Relative Error 0.00039296020986512303
Epoch 137 Relative Error 0.00048357795458287
Epoch 138 Relative Error 0.00044592420454137027
Epoch 139 Relative Error 0.00043747996096499264
Epoch 140 Relative Error 0.00043460624874569476
Epoch 141 Relative Error 0.0005000547971576452
Epoch 142 Relative Error 0.00047490510041825473
Epoch 143 Relative Error 0.00046712803305126727
Epoch 144 Relative Error 0.0003855945833493024
Epoch 145 Relative Error 0.0004151435277890414
Epoch 146 Relative Error 0.0004239856207277626
Epoch 147 Relative Error 0.00038279869477264583
Epoch 148 Relative Error 0.00033427594462409616
Epoch 149 Relative Error 0.00037109985714778304
Epoch 150 Relative Error 0.0003914878179784864
Epoch 151 Relative Error 0.00038950250018388033
Epoch 152 Relative Error 0.0003738949017133564
Epoch 153 Relative Error 0.00040527002420276403
Epoch 154 Relative Error 0.00034889683593064547
Epoch 155 Relative Error 0.00039307482074946165
Epoch 156 Relative Error 0.00034297077218070626
Epoch 157 Relative Error 0.0003900719457305968
Epoch 158 Relative Error 0.00041264682658948004
Epoch 159 Relative Error 0.0004265884927008301
Epoch 160 Relative Error 0.00046859419671818614
Epoch 161 Relative Error 0.0004868481191806495
Epoch 162 Relative Error 0.0004397208394948393
Epoch 163 Relative Error 0.0004136991628911346
Epoch 164 Relative Error 0.00042383017716929317
Epoch 165 Relative Error 0.0003956948930863291
Epoch 166 Relative Error 0.00039175350684672594
Epoch 167 Relative Error 0.00045820052037015557
Epoch 168 Relative Error 0.00041216486715711653
Epoch 169 Relative Error 0.0003752122865989804
Epoch 170 Relative Error 0.0004116832569707185
Epoch 171 Relative Error 0.00035778869641944766
Epoch 172 Relative Error 0.0003061649913433939
Epoch 173 Relative Error 0.0003881613665726036
Epoch 174 Relative Error 0.0004005028458777815
Epoch 175 Relative Error 0.00042213586857542396
Epoch 176 Relative Error 0.0003549675166141242
Epoch 177 Relative Error 0.00035426398972049356
Epoch 178 Relative Error 0.00033923788578249514
Epoch 179 Relative Error 0.0003526683431118727
Epoch 180 Relative Error 0.00037006198544986546
Epoch 181 Relative Error 0.00037042188341729343
Epoch 182 Relative Error 0.00040156449540518224
Epoch 183 Relative Error 0.00033884093863889575
Epoch 184 Relative Error 0.00038251830847002566
Epoch 185 Relative Error 0.00036403207923285663
Epoch 186 Relative Error 0.0004007130628451705
Epoch 187 Relative Error 0.000425546953920275
Epoch 188 Relative Error 0.0003285666462033987
Epoch 189 Relative Error 0.000340510654496029
Epoch 190 Relative Error 0.0003423935268074274
Epoch 191 Relative Error 0.0003657652123365551
Epoch 192 Relative Error 0.00037636046181432903
Epoch 193 Relative Error 0.00037908946978859603
Epoch 194 Relative Error 0.00043321773409843445
Epoch 195 Relative Error 0.0004152654728386551
Epoch 196 Relative Error 0.0004341056919656694
Epoch 197 Relative Error 0.00047154395724646747
Epoch 198 Relative Error 0.0005363806849345565
Epoch 199 Relative Error 0.0005137105472385883
Epoch 200 Relative Error 0.0004281951696611941
Epoch 201 Relative Error 0.0006109853857196867
Epoch 202 Relative Error 0.0005689769168384373
Epoch 203 Relative Error 0.000468412006739527
Epoch 204 Relative Error 0.00046957022277638316
Epoch 205 Relative Error 0.0004322343447711319
Epoch 206 Relative Error 0.0004310186777729541
Epoch 207 Relative Error 0.00046785527956672013
Epoch 208 Relative Error 0.0004958338104188442
Epoch 209 Relative Error 0.00041847716784104705
Epoch 210 Relative Error 0.0004936265177093446
Epoch 211 Relative Error 0.00040321520646102726
Epoch 212 Relative Error 0.0004305116308387369
Epoch 213 Relative Error 0.00048185576451942325
Epoch 214 Relative Error 0.0004563395050354302
Epoch 215 Relative Error 0.00039805483538657427
Epoch 216 Relative Error 0.00048209086526185274
Epoch 217 Relative Error 0.0004911391297355294
Epoch 218 Relative Error 0.0004261056601535529
Epoch 219 Relative Error 0.0003731464094016701
Epoch 220 Relative Error 0.00036882178392261267
Epoch 221 Relative Error 0.0003753298951778561
Epoch 222 Relative Error 0.0003285880375187844
Epoch 223 Relative Error 0.0003979511675424874
Epoch 224 Relative Error 0.0004063700034748763
Epoch 225 Relative Error 0.00036009037285111845
Epoch 226 Relative Error 0.0003753358905669302
Epoch 227 Relative Error 0.0004458467592485249
Epoch 228 Relative Error 0.0003960705653298646
Epoch 229 Relative Error 0.00037321753916330636
Epoch 230 Relative Error 0.00040112537681125104
Epoch 231 Relative Error 0.0003744004061445594
Epoch 232 Relative Error 0.0003615716123022139
Epoch 233 Relative Error 0.0003395605308469385
Epoch 234 Relative Error 0.0003528202651068568
Epoch 235 Relative Error 0.00033836360671557486
Epoch 236 Relative Error 0.00033601888571865857
Epoch 237 Relative Error 0.00038763132761232555
Epoch 238 Relative Error 0.00036475472734309733
Epoch 239 Relative Error 0.00035686956834979355
Epoch 240 Relative Error 0.00035164208384230733
Epoch 241 Relative Error 0.00035380301414988935
Epoch 242 Relative Error 0.00041847399552352726
Epoch 243 Relative Error 0.00046004049363546073
Epoch 244 Relative Error 0.0005105562158860266
Epoch 245 Relative Error 0.00047139168600551784
Epoch 246 Relative Error 0.0005243484629318118
Epoch 247 Relative Error 0.0005028711748309433
Epoch 248 Relative Error 0.0006142479251138866
Epoch 249 Relative Error 0.0005371679435484111
Epoch 250 Relative Error 0.0005224392516538501
Epoch 251 Relative Error 0.00044078449718654156
Epoch 252 Relative Error 0.0004896034952253103
Epoch 253 Relative Error 0.000383929320378229
Epoch 254 Relative Error 0.0004192031337879598
Epoch 255 Relative Error 0.0004059844941366464
Epoch 256 Relative Error 0.0004180178220849484
Epoch 257 Relative Error 0.0005626108031719923
Epoch 258 Relative Error 0.00043894737609662116
Epoch 259 Relative Error 0.00045194316771812737
Epoch 260 Relative Error 0.0004805615753866732
Epoch 261 Relative Error 0.00047486656694673
Epoch 262 Relative Error 0.0005161420558579266
Epoch 263 Relative Error 0.0004526738775894046
Epoch 264 Relative Error 0.00036837230436503887
Epoch 265 Relative Error 0.00044092649477533996
Epoch 266 Relative Error 0.0004242149880155921
Epoch 267 Relative Error 0.0004334733239375055
Epoch 268 Relative Error 0.0004812400438822806
Epoch 269 Relative Error 0.0004311397497076541
Epoch 270 Relative Error 0.00045663307537324727
Epoch 271 Relative Error 0.0004095057083759457
Epoch 272 Relative Error 0.00040290187462233007
Epoch 273 Relative Error 0.00045901426346972585
Epoch 274 Relative Error 0.000421181001001969
Epoch 275 Relative Error 0.00037161511136218905
Epoch 276 Relative Error 0.00039266710518859327
Epoch 277 Relative Error 0.00046044259215705097
Epoch 278 Relative Error 0.00046775650116615
Epoch 279 Relative Error 0.0005127187469042838
Epoch 280 Relative Error 0.0003881613665726036
Epoch 281 Relative Error 0.0004406522784847766
Epoch 282 Relative Error 0.0004322845197748393
Epoch 283 Relative Error 0.0004413487622514367
Epoch 284 Relative Error 0.00040420645382255316
Epoch 285 Relative Error 0.00041924696415662766
Epoch 286 Relative Error 0.0004375688440632075
Epoch 287 Relative Error 0.00036561672459356487
Epoch 288 Relative Error 0.0004247396718710661
Epoch 289 Relative Error 0.00040390342473983765
Epoch 290 Relative Error 0.0003998815664090216
Epoch 291 Relative Error 0.00042528819176368415
Epoch 292 Relative Error 0.00043913332046940923
Epoch 293 Relative Error 0.0004465737147256732
Epoch 294 Relative Error 0.0004533811588771641
Epoch 295 Relative Error 0.00045641526230610907
Epoch 296 Relative Error 0.00044113400508649647
Epoch 297 Relative Error 0.0004062139196321368
Epoch 298 Relative Error 0.0004297368286643177
Epoch 299 Relative Error 0.0004052263975609094
Epoch 300 Relative Error 0.0004918788908980787
Epoch 301 Relative Error 0.00043626592378132045
Epoch 302 Relative Error 0.00039256218587979674
Epoch 303 Relative Error 0.00047319623990915716
Epoch 304 Relative Error 0.0004403863858897239
Epoch 305 Relative Error 0.00046716525685042143
Epoch 306 Relative Error 0.000517220760229975
Epoch 307 Relative Error 0.0005373965250328183
Epoch 308 Relative Error 0.0004985045525245368
Epoch 309 Relative Error 0.0004226866876706481
Epoch 310 Relative Error 0.00044982158578932285
Epoch 311 Relative Error 0.0004315970290917903
Epoch 312 Relative Error 0.0004154932976234704
Epoch 313 Relative Error 0.0004116656200494617
Epoch 314 Relative Error 0.00039837430813349783
Epoch 315 Relative Error 0.00037625792901962996
Epoch 316 Relative Error 0.0004573808691930026
Epoch 317 Relative Error 0.00038580241380259395
Epoch 318 Relative Error 0.00042508781189098954
Epoch 319 Relative Error 0.0004003837238997221
Epoch 320 Relative Error 0.0004025258822366595
Epoch 321 Relative Error 0.0003802559513133019
Epoch 322 Relative Error 0.0003871062945108861
Epoch 323 Relative Error 0.0004576809878926724
Epoch 324 Relative Error 0.0004132614121772349
Epoch 325 Relative Error 0.0004231558705214411
Epoch 326 Relative Error 0.00041764226625673473
Epoch 327 Relative Error 0.00040587937110103667
Epoch 328 Relative Error 0.0003755327488761395
Epoch 329 Relative Error 0.00041020134813152254
Epoch 330 Relative Error 0.00040252291364595294
Epoch 331 Relative Error 0.0004527109849732369
Epoch 332 Relative Error 0.0003895146364811808
Epoch 333 Relative Error 0.0003945812350139022
Epoch 334 Relative Error 0.00044895990868099034
Epoch 335 Relative Error 0.0003754934296011925
Epoch 336 Relative Error 0.0003822709259111434
Epoch 337 Relative Error 0.0004373898555058986
Epoch 338 Relative Error 0.00045242783380672336
Epoch 339 Relative Error 0.0004365148488432169
Epoch 340 Relative Error 0.00045455782674252987
Epoch 341 Relative Error 0.0005290107801556587
Epoch 342 Relative Error 0.000553153979126364
Epoch 343 Relative Error 0.0005187637289054692
Epoch 344 Relative Error 0.0004911597352474928
Epoch 345 Relative Error 0.000501340429764241
Epoch 346 Relative Error 0.0006186755490489304
Epoch 347 Relative Error 0.000578362843953073
Epoch 348 Relative Error 0.0005077120149508119
Epoch 349 Relative Error 0.00044902751687914133
Epoch 350 Relative Error 0.0004525805707089603
Epoch 351 Relative Error 0.0005456681828945875
Epoch 352 Relative Error 0.000514396233484149
Epoch 353 Relative Error 0.00059898616746068
Epoch 354 Relative Error 0.0008655514684505761
Epoch 355 Relative Error 0.0005046181613579392
Epoch 356 Relative Error 0.0006912178359925747
Epoch 357 Relative Error 0.0006958686280995607
Epoch 358 Relative Error 0.0006909684161655605
Epoch 359 Relative Error 0.0008289335528388619
Epoch 360 Relative Error 0.0005784602835774422
Epoch 361 Relative Error 0.0007648980827070773
Epoch 362 Relative Error 0.0006954489508643746
Epoch 363 Relative Error 0.0008002748363651335
Epoch 364 Relative Error 0.0008389347931370139
Epoch 365 Relative Error 0.0007840309990569949
Epoch 366 Relative Error 0.000764134805649519
Epoch 367 Relative Error 0.0008140857680700719
Epoch 368 Relative Error 0.0007885799859650433
Epoch 369 Relative Error 0.001050171093083918
Epoch 370 Relative Error 0.0008556811953894794
Epoch 371 Relative Error 0.0010218418901786208
Epoch 372 Relative Error 0.0009716221247799695
Epoch 373 Relative Error 0.000710656342562288
Epoch 374 Relative Error 0.000885386427398771
Epoch 375 Relative Error 0.0008318942855112255
Epoch 376 Relative Error 0.0007246187306009233
Epoch 377 Relative Error 0.0007711380021646619
Epoch 378 Relative Error 0.0008373843156732619
Epoch 379 Relative Error 0.0007066785474307835
Epoch 380 Relative Error 0.0006888203788548708
Epoch 381 Relative Error 0.0007846954977139831
Epoch 382 Relative Error 0.0009068658691830933
Epoch 383 Relative Error 0.0009922730969265103
Epoch 384 Relative Error 0.001073654624633491
Epoch 385 Relative Error 0.0008823989774100482
Epoch 386 Relative Error 0.0009393611690029502
Epoch 387 Relative Error 0.000824983580969274
Epoch 388 Relative Error 0.0008483350393362343
Epoch 389 Relative Error 0.0008253450505435467
Epoch 390 Relative Error 0.0007318814750760794
Epoch 391 Relative Error 0.0007481629145331681
Epoch 392 Relative Error 0.0008454355993308127
Epoch 393 Relative Error 0.0009002854349091649
Epoch 394 Relative Error 0.0008525045705027878
Epoch 395 Relative Error 0.000804324634373188
Epoch 396 Relative Error 0.0007981538656167686
Epoch 397 Relative Error 0.0008571568178012967
Epoch 398 Relative Error 0.0006954740965738893
Epoch 399 Relative Error 0.0008400589576922357
Epoch 400 Relative Error 0.0011346940882503986
Epoch 401 Relative Error 0.000888054259121418
Epoch 402 Relative Error 0.0007517615449614823
Epoch 403 Relative Error 0.0008614490507170558
Epoch 404 Relative Error 0.0007507199770770967
Epoch 405 Relative Error 0.0008454207563772798
Epoch 406 Relative Error 0.0009794493671506643
Epoch 407 Relative Error 0.0010817983420565724
Epoch 408 Relative Error 0.0012258484493941069
Epoch 409 Relative Error 0.0010307863121852279
Epoch 410 Relative Error 0.0012696117628365755
Epoch 411 Relative Error 0.0013897339813411236
Epoch 412 Relative Error 0.0013906173408031464
Epoch 413 Relative Error 0.0013831598917022347
Epoch 414 Relative Error 0.001361657283268869
Epoch 415 Relative Error 0.0013503149384632707
Epoch 416 Relative Error 0.001204063999466598
Epoch 417 Relative Error 0.0012448299676179886
Epoch 418 Relative Error 0.0015097798313945532
Epoch 419 Relative Error 0.001529055298306048
Epoch 420 Relative Error 0.0013194081839174032
Epoch 421 Relative Error 0.0013978860806673765
Epoch 422 Relative Error 0.001309875980950892
Epoch 423 Relative Error 0.0012787611922249198
Epoch 424 Relative Error 0.001213757903315127
Epoch 425 Relative Error 0.0015204398659989238
Epoch 426 Relative Error 0.0013971095904707909
Epoch 427 Relative Error 0.0015202347422018647
Epoch 428 Relative Error 0.0017410394502803683
Epoch 429 Relative Error 0.0016061331843957305
Epoch 430 Relative Error 0.001841770252212882
Epoch 431 Relative Error 0.0011778182815760374
Epoch 432 Relative Error 0.0013344709295779467
Epoch 433 Relative Error 0.0014795645838603377
Epoch 434 Relative Error 0.0011439259396865964
Epoch 435 Relative Error 0.0013621175894513726
Epoch 436 Relative Error 0.001388569246046245
Epoch 437 Relative Error 0.001314925029873848
Epoch 438 Relative Error 0.0012490794761106372
Epoch 439 Relative Error 0.0016137923812493682
Epoch 440 Relative Error 0.001305189449340105
Epoch 441 Relative Error 0.0012723939726129174
Epoch 442 Relative Error 0.00171852286439389
Epoch 443 Relative Error 0.001645721960812807
Epoch 444 Relative Error 0.0018453809898346663
Epoch 445 Relative Error 0.0016569450963288546
Epoch 446 Relative Error 0.0015094716800376773
Epoch 447 Relative Error 0.0013193528866395354
Epoch 448 Relative Error 0.001635022577829659
Epoch 449 Relative Error 0.0012457935372367501
Epoch 450 Relative Error 0.00137800513766706
Epoch 451 Relative Error 0.001315855304710567
Epoch 452 Relative Error 0.0012942925095558167
Epoch 453 Relative Error 0.0010619082022458315
Epoch 454 Relative Error 0.0011527346214279532
Epoch 455 Relative Error 0.0012809186009690166
Epoch 456 Relative Error 0.0011797365732491016
Epoch 457 Relative Error 0.0012327408185228705
Epoch 458 Relative Error 0.0011057427618652582
Epoch 459 Relative Error 0.0012066913768649101
Epoch 460 Relative Error 0.0014835081528872252
Epoch 461 Relative Error 0.0013771163066849113
Epoch 462 Relative Error 0.001532387686893344
Epoch 463 Relative Error 0.0015448495978489518
Epoch 464 Relative Error 0.0014717613812536001
Epoch 465 Relative Error 0.0015101584140211344
Epoch 466 Relative Error 0.0019327751360833645
Epoch 467 Relative Error 0.0016164809931069613
Epoch 468 Relative Error 0.0017308394890278578
Epoch 469 Relative Error 0.0015034342650324106
Epoch 470 Relative Error 0.0013712674845010042
Epoch 471 Relative Error 0.0015474831452593207
Epoch 472 Relative Error 0.0016743569867685437
Epoch 473 Relative Error 0.0015202985377982259
Epoch 474 Relative Error 0.0015228064730763435
Epoch 475 Relative Error 0.0014257145812734962
Epoch 476 Relative Error 0.0013913371367380023
Epoch 477 Relative Error 0.0013054063310846686
Epoch 478 Relative Error 0.0010114393662661314
Epoch 479 Relative Error 0.0013150775339454412
Epoch 480 Relative Error 0.0016393394907936454
Epoch 481 Relative Error 0.001494511729106307
Epoch 482 Relative Error 0.0016281645512208343
Epoch 483 Relative Error 0.0012811576016247272
Epoch 484 Relative Error 0.0014877818757668138
Epoch 485 Relative Error 0.0010975985787808895
Epoch 486 Relative Error 0.000983371282927692
Epoch 487 Relative Error 0.0012483415193855762
Epoch 488 Relative Error 0.001241411198861897
Epoch 489 Relative Error 0.0013705154415220022
Epoch 490 Relative Error 0.0018683763919398189
Epoch 491 Relative Error 0.001418074476532638
Epoch 492 Relative Error 0.001109815202653408
Epoch 493 Relative Error 0.0014788444386795163
Epoch 494 Relative Error 0.0012964949710294604
Epoch 495 Relative Error 0.0013576005585491657
Epoch 496 Relative Error 0.001189383096061647
Epoch 497 Relative Error 0.0011547469766810536
Epoch 498 Relative Error 0.0011745590018108487
Epoch 499 Relative Error 0.0011399302165955305
Epoch 500 Relative Error 0.0010960372164845467
Epoch 501 Relative Error 0.0011660833843052387
Epoch 502 Relative Error 0.0010730139911174774
Epoch 503 Relative Error 0.0012076512211933732
Epoch 504 Relative Error 0.0016423233319073915
Epoch 505 Relative Error 0.0016094506718218327
Epoch 506 Relative Error 0.0021692216396331787
Epoch 507 Relative Error 0.0016562676755711436
Epoch 508 Relative Error 0.0017042893450707197
Epoch 509 Relative Error 0.0016406970098614693
Epoch 510 Relative Error 0.001700097694993019
Epoch 511 Relative Error 0.00159222271759063
Epoch 512 Relative Error 0.0015675502363592386
Epoch 513 Relative Error 0.0017463467083871365
Epoch 514 Relative Error 0.0017970137996599078
Epoch 515 Relative Error 0.001739060040563345
Epoch 516 Relative Error 0.0018086940981447697
Epoch 517 Relative Error 0.001301492564380169
Epoch 518 Relative Error 0.0018628266407176852
Epoch 519 Relative Error 0.0016319792484864593
Epoch 520 Relative Error 0.0018464161548763514
Epoch 521 Relative Error 0.0016041558701545
Epoch 522 Relative Error 0.0020497289951890707
Epoch 523 Relative Error 0.0020217932760715485
Epoch 524 Relative Error 0.0020735145080834627
Epoch 525 Relative Error 0.0019034318393096328
Epoch 526 Relative Error 0.0018138964660465717
Epoch 527 Relative Error 0.0018720821244642138
Epoch 528 Relative Error 0.001691937679424882
Epoch 529 Relative Error 0.0021385885775089264
Epoch 530 Relative Error 0.002267214935272932
Epoch 531 Relative Error 0.0024002499412745237
Epoch 532 Relative Error 0.0024072681553661823
Epoch 533 Relative Error 0.003301113611087203
Epoch 534 Relative Error 0.0026511619798839092
Epoch 535 Relative Error 0.0024681398645043373
Epoch 536 Relative Error 0.0024288545828312635
Epoch 537 Relative Error 0.003223003586754203
Epoch 538 Relative Error 0.0027643050998449326
Epoch 539 Relative Error 0.0025388305075466633
Epoch 540 Relative Error 0.003071581944823265
Epoch 541 Relative Error 0.003783593187108636
Epoch 542 Relative Error 0.004957097582519054
Epoch 543 Relative Error 0.003325560363009572
Epoch 544 Relative Error 0.0034979761112481356
Epoch 545 Relative Error 0.0041621350683271885
Epoch 546 Relative Error 0.0028737334068864584
Epoch 547 Relative Error 0.004690220113843679
Epoch 548 Relative Error 0.004033228848129511
Epoch 549 Relative Error 0.005528251174837351
Epoch 550 Relative Error 0.005258028395473957
Epoch 551 Relative Error 0.004816731438040733
Epoch 552 Relative Error 0.004946615546941757
Epoch 553 Relative Error 0.005750508513301611
Epoch 554 Relative Error 0.00525342021137476
Epoch 555 Relative Error 0.006281564477831125
Epoch 556 Relative Error 0.007401635404676199
Epoch 557 Relative Error 0.006594822742044926
Epoch 558 Relative Error 0.006426976528018713
Epoch 559 Relative Error 0.00492835370823741
Epoch 560 Relative Error 0.005138006992638111
Epoch 561 Relative Error 0.004810263868421316
Epoch 562 Relative Error 0.004652767907828093
Epoch 563 Relative Error 0.0038311288226395845
Epoch 564 Relative Error 0.003878999035805464
Epoch 565 Relative Error 0.004561909940093756
Epoch 566 Relative Error 0.004807556513696909
Epoch 567 Relative Error 0.005001961253583431
Epoch 568 Relative Error 0.0038510984741151333
Epoch 569 Relative Error 0.004270554985851049
Epoch 570 Relative Error 0.003626906778663397
Epoch 571 Relative Error 0.0032959680538624525
Epoch 572 Relative Error 0.0031710173934698105
Epoch 573 Relative Error 0.0036081906873732805
Epoch 574 Relative Error 0.0029667681083083153
Epoch 575 Relative Error 0.002847098745405674
Epoch 576 Relative Error 0.003146081930026412
Epoch 577 Relative Error 0.0030829505994915962
Epoch 578 Relative Error 0.003439344232901931
Epoch 579 Relative Error 0.0033604877535253763
Epoch 580 Relative Error 0.004154682625085115
Epoch 581 Relative Error 0.0037513552233576775
Epoch 582 Relative Error 0.004019837360829115
Epoch 583 Relative Error 0.0050339302979409695
Epoch 584 Relative Error 0.005721510387957096
Epoch 585 Relative Error 0.005457127932459116
Epoch 586 Relative Error 0.0065155536867678165
Epoch 587 Relative Error 0.0044337003491818905
Epoch 588 Relative Error 0.003869628766551614
Epoch 589 Relative Error 0.004856296814978123
Epoch 590 Relative Error 0.00495800469070673
Epoch 591 Relative Error 0.005486231297254562
Epoch 592 Relative Error 0.005070727784186602
Epoch 593 Relative Error 0.0056092883460223675
Epoch 594 Relative Error 0.006986874155700207
Epoch 595 Relative Error 0.007932459004223347
Epoch 596 Relative Error 0.007254466880112886
Epoch 597 Relative Error 0.008810321800410748
Epoch 598 Relative Error 0.007784062065184116
Epoch 599 Relative Error 0.011529963463544846
Epoch 600 Relative Error 0.01785806566476822
Epoch 601 Relative Error 0.016935989260673523
Epoch 602 Relative Error 0.015503695234656334
Epoch 603 Relative Error 0.01323076244443655
Epoch 604 Relative Error 0.012284940108656883
Epoch 605 Relative Error 0.013447027653455734
Epoch 606 Relative Error 0.014663087204098701
Epoch 607 Relative Error 0.019869375973939896
Epoch 608 Relative Error 0.0172420684248209
Epoch 609 Relative Error 0.020050616934895515
Epoch 610 Relative Error 0.018966292962431908
Epoch 611 Relative Error 0.021398665383458138
Epoch 612 Relative Error 0.01639156974852085
Epoch 613 Relative Error 0.0184563547372818
Epoch 614 Relative Error 0.017827272415161133
Epoch 615 Relative Error 0.019037168473005295
Epoch 616 Relative Error 0.020503366366028786
Epoch 617 Relative Error 0.02581731416285038
Epoch 618 Relative Error 0.0269309114664793
Epoch 619 Relative Error 0.03368504345417023
Epoch 620 Relative Error 0.03252476081252098
Epoch 621 Relative Error 0.027375459671020508
Epoch 622 Relative Error 0.031084949150681496
Epoch 623 Relative Error 0.03241255506873131
Epoch 624 Relative Error 0.03651845082640648
Epoch 625 Relative Error 0.024317769333720207
Epoch 626 Relative Error 0.023473341017961502
Epoch 627 Relative Error 0.028531860560178757
Epoch 628 Relative Error 0.027994809672236443
Epoch 629 Relative Error 0.02560989186167717
Epoch 630 Relative Error 0.024255508556962013
Epoch 631 Relative Error 0.021948089823126793
Epoch 632 Relative Error 0.022059082984924316
Epoch 633 Relative Error 0.03411499783396721
Epoch 634 Relative Error 0.03699762001633644
Epoch 635 Relative Error 0.03286966681480408
Epoch 636 Relative Error 0.03192833811044693
Epoch 637 Relative Error 0.02980460226535797
Epoch 638 Relative Error 0.04004611819982529
Epoch 639 Relative Error 0.04019235447049141
Epoch 640 Relative Error 0.03764840587973595
Epoch 641 Relative Error 0.05609541013836861
Epoch 642 Relative Error 0.05157193914055824
Epoch 643 Relative Error 0.056880801916122437
Epoch 644 Relative Error 0.04769451916217804
Epoch 645 Relative Error 0.05046241357922554
Epoch 646 Relative Error 0.057796962559223175
Epoch 647 Relative Error 0.08592333644628525
Epoch 648 Relative Error 0.08049129694700241
Epoch 649 Relative Error 0.0676756277680397
Epoch 650 Relative Error 0.06074272468686104
Epoch 651 Relative Error 0.05673891678452492
Epoch 652 Relative Error 0.0536268875002861
Epoch 653 Relative Error 0.05027514323592186
Epoch 654 Relative Error 0.05120609328150749
Epoch 655 Relative Error 0.05130277946591377
Epoch 656 Relative Error 0.054661158472299576
Epoch 657 Relative Error 0.05114937573671341
Epoch 658 Relative Error 0.06746263802051544
Epoch 659 Relative Error 0.05921516939997673
Epoch 660 Relative Error 0.06581826508045197
Epoch 661 Relative Error 0.07190627604722977
Epoch 662 Relative Error 0.05369897931814194
Epoch 663 Relative Error 0.06973810493946075
Epoch 664 Relative Error 0.06185299530625343
Epoch 665 Relative Error 0.058040570467710495
Epoch 666 Relative Error 0.05773508921265602
Epoch 667 Relative Error 0.059286534786224365
Epoch 668 Relative Error 0.07942943274974823
Epoch 669 Relative Error 0.07664305716753006
Epoch 670 Relative Error 0.09449248015880585
Epoch 671 Relative Error 0.11929378658533096
Epoch 672 Relative Error 0.10931240767240524
Epoch 673 Relative Error 0.11912373453378677
Epoch 674 Relative Error 0.0974455252289772
Epoch 675 Relative Error 0.10909250378608704
Epoch 676 Relative Error 0.11333680897951126
Epoch 677 Relative Error 0.12327493727207184
Epoch 678 Relative Error 0.09705277532339096
Epoch 679 Relative Error 0.09484849125146866
Epoch 680 Relative Error 0.09825221449136734
Epoch 681 Relative Error 0.08808224648237228
Epoch 682 Relative Error 0.07553330808877945
Epoch 683 Relative Error 0.07657987624406815
Epoch 684 Relative Error 0.0715477392077446
Epoch 685 Relative Error 0.05611543357372284
Epoch 686 Relative Error 0.06153376027941704
Epoch 687 Relative Error 0.04862118139863014
Epoch 688 Relative Error 0.03989649936556816
Epoch 689 Relative Error 0.051379941403865814
Epoch 690 Relative Error 0.04721436649560928
Epoch 691 Relative Error 0.040094222873449326
Epoch 692 Relative Error 0.038988299667835236
Epoch 693 Relative Error 0.029128607362508774
Epoch 694 Relative Error 0.034144047647714615
Epoch 695 Relative Error 0.021163050085306168
Epoch 696 Relative Error 0.018775884062051773
Epoch 697 Relative Error 0.024547003209590912
Epoch 698 Relative Error 0.0209797415882349
Epoch 699 Relative Error 0.019564829766750336
Epoch 700 Relative Error 0.024846019223332405
Epoch 701 Relative Error 0.023368412628769875
Epoch 702 Relative Error 0.020261554047465324
Epoch 703 Relative Error 0.02129996009171009
Epoch 704 Relative Error 0.02214496023952961
Epoch 705 Relative Error 0.018053296953439713
Epoch 706 Relative Error 0.02100667729973793
Epoch 707 Relative Error 0.02210349030792713
Epoch 708 Relative Error 0.024305276572704315
Epoch 709 Relative Error 0.020352521911263466
Epoch 710 Relative Error 0.022331632673740387
Epoch 711 Relative Error 0.0171885397285223
Epoch 712 Relative Error 0.019782109186053276
Epoch 713 Relative Error 0.023871244862675667
Epoch 714 Relative Error 0.015812059864401817
Epoch 715 Relative Error 0.019457325339317322
Epoch 716 Relative Error 0.019516749307513237
Epoch 717 Relative Error 0.017466546967625618
Epoch 718 Relative Error 0.01308601163327694
Epoch 719 Relative Error 0.014640239998698235
Epoch 720 Relative Error 0.014752539806067944
Epoch 721 Relative Error 0.017453255131840706
Epoch 722 Relative Error 0.013299170881509781
Epoch 723 Relative Error 0.012281924486160278
Epoch 724 Relative Error 0.0114614088088274
Epoch 725 Relative Error 0.013944923877716064
Epoch 726 Relative Error 0.010321570560336113
Epoch 727 Relative Error 0.012006551027297974
Epoch 728 Relative Error 0.009694943204522133
Epoch 729 Relative Error 0.009069891646504402
Epoch 730 Relative Error 0.01021887082606554
Epoch 731 Relative Error 0.010473828762769699
Epoch 732 Relative Error 0.011880681850016117
Epoch 733 Relative Error 0.013376684859395027
Epoch 734 Relative Error 0.01035439595580101
Epoch 735 Relative Error 0.006998326163738966
Epoch 736 Relative Error 0.00829800684005022
Epoch 737 Relative Error 0.006615841761231422
Epoch 738 Relative Error 0.007297794334590435
Epoch 739 Relative Error 0.006392195820808411
Epoch 740 Relative Error 0.005012531764805317
Epoch 741 Relative Error 0.005786905065178871
Epoch 742 Relative Error 0.005031630862504244
Epoch 743 Relative Error 0.005814909934997559
Epoch 744 Relative Error 0.005892822984606028
Epoch 745 Relative Error 0.004963027313351631
Epoch 746 Relative Error 0.004374639131128788
Epoch 747 Relative Error 0.004079327918589115
Epoch 748 Relative Error 0.004440407734364271
Epoch 749 Relative Error 0.0043954928405582905
Epoch 750 Relative Error 0.002939037047326565
Epoch 751 Relative Error 0.0032389319967478514
Epoch 752 Relative Error 0.003260974306613207
Epoch 753 Relative Error 0.0030940119177103043
Epoch 754 Relative Error 0.002625605557113886
Epoch 755 Relative Error 0.0023487270809710026
Epoch 756 Relative Error 0.0024046164471656084
Epoch 757 Relative Error 0.002312831813469529
Epoch 758 Relative Error 0.002302030334249139
Epoch 759 Relative Error 0.0024525546468794346
Epoch 760 Relative Error 0.0023731233086436987
Epoch 761 Relative Error 0.00215645763091743
Epoch 762 Relative Error 0.0020364937372505665
Epoch 763 Relative Error 0.0015955222770571709
Epoch 764 Relative Error 0.0019583795219659805
Epoch 765 Relative Error 0.0020104991272091866
Epoch 766 Relative Error 0.0015572988195344806
Epoch 767 Relative Error 0.001601155730895698
Epoch 768 Relative Error 0.001621697680093348
Epoch 769 Relative Error 0.0016605627024546266
Epoch 770 Relative Error 0.001724696485325694
Epoch 771 Relative Error 0.0013537536142393947
Epoch 772 Relative Error 0.0014805670361965895
Epoch 773 Relative Error 0.0016481257043778896
Epoch 774 Relative Error 0.0016800083685666323
Epoch 775 Relative Error 0.001305210986174643
Epoch 776 Relative Error 0.0014380202628672123
Epoch 777 Relative Error 0.001409052056260407
Epoch 778 Relative Error 0.0013982027303427458
Epoch 779 Relative Error 0.00148047658149153
Epoch 780 Relative Error 0.0015226125251501799
Epoch 781 Relative Error 0.001201352570205927
Epoch 782 Relative Error 0.0012113795382902026
Epoch 783 Relative Error 0.0013669648906216025
Epoch 784 Relative Error 0.0012452459195628762
Epoch 785 Relative Error 0.0015642710495740175
Epoch 786 Relative Error 0.0015886134933680296
Epoch 787 Relative Error 0.0012770408065989614
Epoch 788 Relative Error 0.0013532330049201846
Epoch 789 Relative Error 0.0014815154718235135
Epoch 790 Relative Error 0.0023721635807305574
Epoch 791 Relative Error 0.0017391982255503535
Epoch 792 Relative Error 0.0020523264538496733
Epoch 793 Relative Error 0.0016606502467766404
Epoch 794 Relative Error 0.0016490721609443426
Epoch 795 Relative Error 0.0020551253110170364
Epoch 796 Relative Error 0.0032647913321852684
Epoch 797 Relative Error 0.002883702516555786
Epoch 798 Relative Error 0.003419869812205434
Epoch 799 Relative Error 0.0027840526308864355
Epoch 800 Relative Error 0.001966095995157957
Epoch 801 Relative Error 0.0019373088143765926
Epoch 802 Relative Error 0.001953292405232787
Epoch 803 Relative Error 0.0015532943652942777
Epoch 804 Relative Error 0.001586518599651754
Epoch 805 Relative Error 0.0015796247171238065
Epoch 806 Relative Error 0.0015625364612787962
Epoch 807 Relative Error 0.0014336128951981664
Epoch 808 Relative Error 0.0013373951660469174
Epoch 809 Relative Error 0.0012008253252133727
Epoch 810 Relative Error 0.0015520398737862706
Epoch 811 Relative Error 0.0013118875212967396
Epoch 812 Relative Error 0.0009966401848942041
Epoch 813 Relative Error 0.0010580102680251002
Epoch 814 Relative Error 0.000987427425570786
Epoch 815 Relative Error 0.0009841835126280785
Epoch 816 Relative Error 0.0006620588828809559
Epoch 817 Relative Error 0.0007770911324769258
Epoch 818 Relative Error 0.0007344350451603532
Epoch 819 Relative Error 0.0007360815070569515
Epoch 820 Relative Error 0.0006554003339260817
Epoch 821 Relative Error 0.0008766263490542769
Epoch 822 Relative Error 0.000735089008230716
Epoch 823 Relative Error 0.0006715395720675588
Epoch 824 Relative Error 0.0008302417118102312
Epoch 825 Relative Error 0.000748642603866756
Epoch 826 Relative Error 0.0005918545066379011
Epoch 827 Relative Error 0.0006510531529784203
Epoch 828 Relative Error 0.0005820986116304994
Epoch 829 Relative Error 0.0006415533134713769
Epoch 830 Relative Error 0.0005789623246528208
Epoch 831 Relative Error 0.0005170874646864831
Epoch 832 Relative Error 0.0005472454358823597
Epoch 833 Relative Error 0.0005981712602078915
Epoch 834 Relative Error 0.0005557014956139028
Epoch 835 Relative Error 0.0005867727450095117
Epoch 836 Relative Error 0.0006387087050825357
Epoch 837 Relative Error 0.0006537858280353248
Epoch 838 Relative Error 0.0006399538251571357
Epoch 839 Relative Error 0.000572463555727154
Epoch 840 Relative Error 0.0005618117866106331
Epoch 841 Relative Error 0.000506621552631259
Epoch 842 Relative Error 0.0005489762406796217
Epoch 843 Relative Error 0.0006040180451236665
Epoch 844 Relative Error 0.0006186222890391946
Epoch 845 Relative Error 0.0006135940202511847
Epoch 846 Relative Error 0.0005721466150134802
Epoch 847 Relative Error 0.0005175620899535716
Epoch 848 Relative Error 0.0005560903227888048
Epoch 849 Relative Error 0.0004983317339792848
Epoch 850 Relative Error 0.0005828337161801755
Epoch 851 Relative Error 0.0006124192732386291
Epoch 852 Relative Error 0.0005034811911173165
Epoch 853 Relative Error 0.00047658890252932906
Epoch 854 Relative Error 0.0004964378895238042
Epoch 855 Relative Error 0.0005111470236442983
Epoch 856 Relative Error 0.00048763168160803616
Epoch 857 Relative Error 0.0005021328688599169
Epoch 858 Relative Error 0.0005125632742419839
Epoch 859 Relative Error 0.0004935850156471133
Epoch 860 Relative Error 0.0004384739731904119
Epoch 861 Relative Error 0.00043561411439441144
Epoch 862 Relative Error 0.0003955380816478282
Epoch 863 Relative Error 0.00041374395368620753
Epoch 864 Relative Error 0.00045400747330859303
Epoch 865 Relative Error 0.00047608642489649355
Epoch 866 Relative Error 0.0005284797516651452
Epoch 867 Relative Error 0.0005626162164844573
Epoch 868 Relative Error 0.0006600539782084525
Epoch 869 Relative Error 0.0005889618187211454
Epoch 870 Relative Error 0.000598156126216054
Epoch 871 Relative Error 0.0005778755294159055
Epoch 872 Relative Error 0.0005446513532660902
Epoch 873 Relative Error 0.0005163442110642791
Epoch 874 Relative Error 0.0005982963484711945
Epoch 875 Relative Error 0.0005565430037677288
Epoch 876 Relative Error 0.0005810755537822843
Epoch 877 Relative Error 0.0005185286281630397
Epoch 878 Relative Error 0.0005473063210956752
Epoch 879 Relative Error 0.0005715024890378118
Epoch 880 Relative Error 0.000477520254207775
Epoch 881 Relative Error 0.0004926683031953871
Epoch 882 Relative Error 0.0004910051939077675
Epoch 883 Relative Error 0.0005385568947531283
Epoch 884 Relative Error 0.00046416366240009665
Epoch 885 Relative Error 0.0006249552825465798
Epoch 886 Relative Error 0.0005861223908141255
Epoch 887 Relative Error 0.0006146691739559174
Epoch 888 Relative Error 0.00047081647790037096
Epoch 889 Relative Error 0.0004565987328533083
Epoch 890 Relative Error 0.00043039844604209065
Epoch 891 Relative Error 0.0004510744765866548
Epoch 892 Relative Error 0.0004879737098235637
Epoch 893 Relative Error 0.0004767099453601986
Epoch 894 Relative Error 0.0005277041345834732
Epoch 895 Relative Error 0.0005260842153802514
Epoch 896 Relative Error 0.00048748633707873523
Epoch 897 Relative Error 0.0004458916955627501
Epoch 898 Relative Error 0.0004661718267016113
Epoch 899 Relative Error 0.0005568235064856708
Epoch 900 Relative Error 0.0005391077138483524
Epoch 901 Relative Error 0.000557322520762682
Epoch 902 Relative Error 0.0005433680489659309
Epoch 903 Relative Error 0.0005486162262968719
Epoch 904 Relative Error 0.00050603091949597
Epoch 905 Relative Error 0.0005090466002002358
Epoch 906 Relative Error 0.0005142420413903892
Epoch 907 Relative Error 0.00047846342204138637
Epoch 908 Relative Error 0.00043203929089941084
Epoch 909 Relative Error 0.00043801599531434476
Epoch 910 Relative Error 0.00046732748160138726
Epoch 911 Relative Error 0.0004730585787910968
Epoch 912 Relative Error 0.0004157542425673455
Epoch 913 Relative Error 0.0005266413791105151
Epoch 914 Relative Error 0.0005909834871999919
Epoch 915 Relative Error 0.0006286056013777852
Epoch 916 Relative Error 0.0006253508036024868
Epoch 917 Relative Error 0.0006244781543500721
Epoch 918 Relative Error 0.0005415020859800279
Epoch 919 Relative Error 0.0005149721400812268
Epoch 920 Relative Error 0.00042470774496905506
Epoch 921 Relative Error 0.0004402301274240017
Epoch 922 Relative Error 0.00044527152203954756
Epoch 923 Relative Error 0.0005075783701613545
Epoch 924 Relative Error 0.0005205050110816956
Epoch 925 Relative Error 0.0005774355377070606
Epoch 926 Relative Error 0.0004860688641201705
Epoch 927 Relative Error 0.0005451439064927399
Epoch 928 Relative Error 0.00047321096644736826
Epoch 929 Relative Error 0.0006276937783695757
Epoch 930 Relative Error 0.0005096682580187917
Epoch 931 Relative Error 0.0005421022069640458
Epoch 932 Relative Error 0.0005759664345532656
Epoch 933 Relative Error 0.000677834905218333
Epoch 934 Relative Error 0.0007315757102333009
Epoch 935 Relative Error 0.0005739544285461307
Epoch 936 Relative Error 0.0005357114132493734
Epoch 937 Relative Error 0.0005465326830744743
Epoch 938 Relative Error 0.0005783804226666689
Epoch 939 Relative Error 0.0005512966890819371
Epoch 940 Relative Error 0.0005452431505545974
Epoch 941 Relative Error 0.0005483416025526822
Epoch 942 Relative Error 0.0006386135355569422
Epoch 943 Relative Error 0.0005125886527821422
Epoch 944 Relative Error 0.0005897198570892215
Epoch 945 Relative Error 0.0006434096721932292
Epoch 946 Relative Error 0.0005885480204597116
Epoch 947 Relative Error 0.0005167967174202204
Epoch 948 Relative Error 0.0004976437194272876
Epoch 949 Relative Error 0.0005345761892385781
Epoch 950 Relative Error 0.0004503940581344068
Epoch 951 Relative Error 0.000509596080519259
Epoch 952 Relative Error 0.0003899888542946428
Epoch 953 Relative Error 0.0004572825855575502
Epoch 954 Relative Error 0.0004532687598839402
Epoch 955 Relative Error 0.000509333738591522
Epoch 956 Relative Error 0.0005284464568831027
Epoch 957 Relative Error 0.0005341809592209756
Epoch 958 Relative Error 0.0004847352101933211
Epoch 959 Relative Error 0.000552736222743988
Epoch 960 Relative Error 0.00046972872223705053
Epoch 961 Relative Error 0.0005352636217139661
Epoch 962 Relative Error 0.0005506470915861428
Epoch 963 Relative Error 0.0005313609726727009
Epoch 964 Relative Error 0.0004959643119946122
Epoch 965 Relative Error 0.0004403796046972275
Epoch 966 Relative Error 0.000471790466690436
Epoch 967 Relative Error 0.0005038059898652136
Epoch 968 Relative Error 0.0005227768560871482
Epoch 969 Relative Error 0.0005675167194567621
Epoch 970 Relative Error 0.0005203833570703864
Epoch 971 Relative Error 0.0005104432930238545
Epoch 972 Relative Error 0.0005172271048650146
Epoch 973 Relative Error 0.0005458894884213805
Epoch 974 Relative Error 0.0005133090890012681
Epoch 975 Relative Error 0.0005140644498169422
Epoch 976 Relative Error 0.0005639964365400374
Epoch 977 Relative Error 0.0005314958980306983
Epoch 978 Relative Error 0.0005837095086462796
Epoch 979 Relative Error 0.0005741806235164404
Epoch 980 Relative Error 0.0004833829589188099
Epoch 981 Relative Error 0.0005780548672191799
Epoch 982 Relative Error 0.0005252761766314507
Epoch 983 Relative Error 0.0005562907899729908
Epoch 984 Relative Error 0.0004405536747071892
Epoch 985 Relative Error 0.0004068966081831604
Epoch 986 Relative Error 0.0004643678548745811
Epoch 987 Relative Error 0.0004232419596519321
Epoch 988 Relative Error 0.00039000267861410975
Epoch 989 Relative Error 0.00041032530134543777
Epoch 990 Relative Error 0.0004196960653644055
Epoch 991 Relative Error 0.00043193623423576355
Epoch 992 Relative Error 0.0004064405511599034
Epoch 993 Relative Error 0.00041989065357483923
Epoch 994 Relative Error 0.0004335388948675245
Epoch 995 Relative Error 0.00045057988609187305
Epoch 996 Relative Error 0.00042410794412717223
Epoch 997 Relative Error 0.0005179173895157874
Epoch 998 Relative Error 0.000495726300869137
Epoch 999 Relative Error 0.00047067197738215327
Epoch 1000 Relative Error 0.0005030098836869001
RE (0, 4, 4, 0): 0.0003061649913433939
Green's Function RE (0, 4, 4, 0): 0.6641268730163574
Bias Term RE (0, 4, 4, 0): 0.5657032132148743
Combination (0, 4, 4, 0, 0): 0.6571098566055298
Combination (0, 4, 4, 0, 1): 0.6507396101951599
Combination (0, 4, 4, 0, 2): 0.6509665846824646
Combination (0, 4, 4, 0, 3): 0.6510277986526489
Combination (0, 4, 4, 0, 4): 0.651057243347168

/home/gridsan/gstepaniants/.local/lib/python3.8/site-packages/torch/functional.py:478: UserWarning: torch.meshgrid: in an upcoming release, it will be required to pass the indexing argument. (Triggered internally at  ../aten/src/ATen/native/TensorShape.cpp:2895.)
  return _VF.meshgrid(tensors, **kwargs)  # type: ignore[attr-defined]
