[KeOps] Warning : Cuda libraries were not detected on the system ; using cpu only mode
1
Kernel: Exponential
Weight Mesh: 70
RKHS Kernel Width: 0.005
Lambda: 1e-06
Green's Function Learning Rate: 100
Bias Term Learning Rate: 100
Epoch 1 Relative Error 829.2271118164062
First epoch had re = 829.2271118164062 > 1
Green's Function Learning Rate: 50
Bias Term Learning Rate: 50
Epoch 1 Relative Error 486.9504699707031
First epoch had re = 486.9504699707031 > 1
Green's Function Learning Rate: 10
Bias Term Learning Rate: 10
Epoch 1 Relative Error 114.79159545898438
First epoch had re = 114.79159545898438 > 1
Green's Function Learning Rate: 5
Bias Term Learning Rate: 5
Epoch 1 Relative Error 39.44807815551758
First epoch had re = 39.44807815551758 > 1
Green's Function Learning Rate: 1
Bias Term Learning Rate: 1
Epoch 1 Relative Error 9.279298782348633
First epoch had re = 9.279298782348633 > 1
Green's Function Learning Rate: 0.5
Bias Term Learning Rate: 0.5
Epoch 1 Relative Error 3.8101003170013428
First epoch had re = 3.8101003170013428 > 1
Green's Function Learning Rate: 0.1
Bias Term Learning Rate: 0.1
Epoch 1 Relative Error 0.9345734119415283
Epoch 2 Relative Error 0.7533831000328064
Epoch 3 Relative Error 0.6088511943817139
Epoch 4 Relative Error 0.38921308517456055
Epoch 5 Relative Error 0.39503100514411926
Epoch 6 Relative Error 0.32369452714920044
Epoch 7 Relative Error 0.2216382622718811
Epoch 8 Relative Error 0.18097279965877533
Epoch 9 Relative Error 0.16452987492084503
Epoch 10 Relative Error 0.12896370887756348
Epoch 11 Relative Error 0.11205705255270004
Epoch 12 Relative Error 0.08835717290639877
Epoch 13 Relative Error 0.06393001973628998
Epoch 14 Relative Error 0.049272168427705765
Epoch 15 Relative Error 0.040475793182849884
Epoch 16 Relative Error 0.03597963601350784
Epoch 17 Relative Error 0.030003057792782784
Epoch 18 Relative Error 0.025264760479331017
Epoch 19 Relative Error 0.021526774391531944
Epoch 20 Relative Error 0.018609434366226196
Epoch 21 Relative Error 0.01395897101610899
Epoch 22 Relative Error 0.011832581833004951
Epoch 23 Relative Error 0.010138566605746746
Epoch 24 Relative Error 0.008109306916594505
Epoch 25 Relative Error 0.0062257987447083
Epoch 26 Relative Error 0.005054352339357138
Epoch 27 Relative Error 0.004485637880861759
Epoch 28 Relative Error 0.003449121955782175
Epoch 29 Relative Error 0.003128184238448739
Epoch 30 Relative Error 0.00274556502699852
Epoch 31 Relative Error 0.002468639751896262
Epoch 32 Relative Error 0.002090899273753166
Epoch 33 Relative Error 0.0020779736805707216
Epoch 34 Relative Error 0.0018471790244802833
Epoch 35 Relative Error 0.0015969366068020463
Epoch 36 Relative Error 0.001497906050644815
Epoch 37 Relative Error 0.0013804554473608732
Epoch 38 Relative Error 0.001325707882642746
Epoch 39 Relative Error 0.0012991626281291246
Epoch 40 Relative Error 0.0012721391394734383
Epoch 41 Relative Error 0.001316727139055729
Epoch 42 Relative Error 0.0011810322757810354
Epoch 43 Relative Error 0.0011580585269257426
Epoch 44 Relative Error 0.0010953337186947465
Epoch 45 Relative Error 0.0010583850089460611
Epoch 46 Relative Error 0.0009904729668051004
Epoch 47 Relative Error 0.0010068181436508894
Epoch 48 Relative Error 0.0009471221710555255
Epoch 49 Relative Error 0.0009398578549735248
Epoch 50 Relative Error 0.0008726504747755826
Epoch 51 Relative Error 0.0008780675707384944
Epoch 52 Relative Error 0.0008272774866782129
Epoch 53 Relative Error 0.0008745818049646914
Epoch 54 Relative Error 0.0009337165392935276
Epoch 55 Relative Error 0.0008326507522724569
Epoch 56 Relative Error 0.0007666112505830824
Epoch 57 Relative Error 0.0008034924976527691
Epoch 58 Relative Error 0.0007273555966094136
Epoch 59 Relative Error 0.000694128277245909
Epoch 60 Relative Error 0.0007566200220026076
Epoch 61 Relative Error 0.0006596048478968441
Epoch 62 Relative Error 0.000669140717945993
Epoch 63 Relative Error 0.0006190763670019805
Epoch 64 Relative Error 0.0006202246877364814
Epoch 65 Relative Error 0.0006041100132279098
Epoch 66 Relative Error 0.0006252282182686031
Epoch 67 Relative Error 0.0005767623661085963
Epoch 68 Relative Error 0.0006274015759117901
Epoch 69 Relative Error 0.0005847010761499405
Epoch 70 Relative Error 0.0005854318733327091
Epoch 71 Relative Error 0.0005747654940932989
Epoch 72 Relative Error 0.0005449601449072361
Epoch 73 Relative Error 0.0006031693192198873
Epoch 74 Relative Error 0.0005349190905690193
Epoch 75 Relative Error 0.0005014505586586893
Epoch 76 Relative Error 0.0006093061529099941
Epoch 77 Relative Error 0.0005296707968227565
Epoch 78 Relative Error 0.0005303128273226321
Epoch 79 Relative Error 0.0005462823319248855
Epoch 80 Relative Error 0.0005079023540019989
Epoch 81 Relative Error 0.0005291528068482876
Epoch 82 Relative Error 0.0005254579591564834
Epoch 83 Relative Error 0.000503303948789835
Epoch 84 Relative Error 0.0005219266167841852
Epoch 85 Relative Error 0.00048773857997730374
Epoch 86 Relative Error 0.0004693731607403606
Epoch 87 Relative Error 0.00046110255061648786
Epoch 88 Relative Error 0.0004306354094296694
Epoch 89 Relative Error 0.000504964089486748
Epoch 90 Relative Error 0.00048108818009495735
Epoch 91 Relative Error 0.0004479944473132491
Epoch 92 Relative Error 0.00041749299271032214
Epoch 93 Relative Error 0.00041869099368341267
Epoch 94 Relative Error 0.0004406512307468802
Epoch 95 Relative Error 0.00041310512460768223
Epoch 96 Relative Error 0.00044202368007972836
Epoch 97 Relative Error 0.00039641279727220535
Epoch 98 Relative Error 0.0004001054330728948
Epoch 99 Relative Error 0.00042296136962249875
Epoch 100 Relative Error 0.0004047956026624888
Epoch 101 Relative Error 0.00048539633280597627
Epoch 102 Relative Error 0.0004412246635183692
Epoch 103 Relative Error 0.00041917525231838226
Epoch 104 Relative Error 0.0004419303440954536
Epoch 105 Relative Error 0.0004856978775933385
Epoch 106 Relative Error 0.00041899728239513934
Epoch 107 Relative Error 0.0004253400256857276
Epoch 108 Relative Error 0.0004157743533141911
Epoch 109 Relative Error 0.00040278222877532244
Epoch 110 Relative Error 0.0004082019440829754
Epoch 111 Relative Error 0.00040714454371482134
Epoch 112 Relative Error 0.00043414425454102457
Epoch 113 Relative Error 0.00040222523966804147
Epoch 114 Relative Error 0.000413814588682726
Epoch 115 Relative Error 0.00039293584995903075
Epoch 116 Relative Error 0.0004891292774118483
Epoch 117 Relative Error 0.0004372067633084953
Epoch 118 Relative Error 0.0004069552815053612
Epoch 119 Relative Error 0.00037537189200520515
Epoch 120 Relative Error 0.0005053248023614287
Epoch 121 Relative Error 0.0004210089973639697
Epoch 122 Relative Error 0.0003529791138134897
Epoch 123 Relative Error 0.0004622062551788986
Epoch 124 Relative Error 0.0004382682382129133
Epoch 125 Relative Error 0.0003952643310185522
Epoch 126 Relative Error 0.00041464317473582923
Epoch 127 Relative Error 0.00041854041046462953
Epoch 128 Relative Error 0.00043659633956849575
Epoch 129 Relative Error 0.00038525459240190685
Epoch 130 Relative Error 0.00038079789374023676
Epoch 131 Relative Error 0.0003764064167626202
Epoch 132 Relative Error 0.0004174096102360636
Epoch 133 Relative Error 0.00040936257573775947
Epoch 134 Relative Error 0.0004450017004273832
Epoch 135 Relative Error 0.00041244429303333163
Epoch 136 Relative Error 0.0003828475601039827
Epoch 137 Relative Error 0.00038712495006620884
Epoch 138 Relative Error 0.0004189104656688869
Epoch 139 Relative Error 0.0003565384540706873
Epoch 140 Relative Error 0.0003405443858355284
Epoch 141 Relative Error 0.0003328078892081976
Epoch 142 Relative Error 0.0003683731483761221
Epoch 143 Relative Error 0.0003471523232292384
Epoch 144 Relative Error 0.0003357941168360412
Epoch 145 Relative Error 0.0003351628256496042
Epoch 146 Relative Error 0.00043113980791531503
Epoch 147 Relative Error 0.00035201243008486927
Epoch 148 Relative Error 0.00038768970989622176
Epoch 149 Relative Error 0.00046230381121858954
Epoch 150 Relative Error 0.0003620257484726608
Epoch 151 Relative Error 0.0003612497530411929
Epoch 152 Relative Error 0.00035867103724740446
Epoch 153 Relative Error 0.00033816113136708736
Epoch 154 Relative Error 0.00033872376661747694
Epoch 155 Relative Error 0.0003839240234810859
Epoch 156 Relative Error 0.0003917394788004458
Epoch 157 Relative Error 0.000427411898272112
Epoch 158 Relative Error 0.00037377551780082285
Epoch 159 Relative Error 0.00037894336855970323
Epoch 160 Relative Error 0.00037316844100132585
Epoch 161 Relative Error 0.0003903699398506433
Epoch 162 Relative Error 0.0004335372941568494
Epoch 163 Relative Error 0.0005627372302114964
Epoch 164 Relative Error 0.0005063713761046529
Epoch 165 Relative Error 0.0004841731279157102
Epoch 166 Relative Error 0.0004663609724957496
Epoch 167 Relative Error 0.0004402085323818028
Epoch 168 Relative Error 0.0004616429505404085
Epoch 169 Relative Error 0.00043911082320846617
Epoch 170 Relative Error 0.000479113805340603
Epoch 171 Relative Error 0.00037062590126879513
Epoch 172 Relative Error 0.00038082656101323664
Epoch 173 Relative Error 0.00038827236858196557
Epoch 174 Relative Error 0.0003812167269643396
Epoch 175 Relative Error 0.00039874407229945064
Epoch 176 Relative Error 0.0003531676484271884
Epoch 177 Relative Error 0.0004190057225059718
Epoch 178 Relative Error 0.00040044798515737057
Epoch 179 Relative Error 0.00041667852201499045
Epoch 180 Relative Error 0.00043025086051784456
Epoch 181 Relative Error 0.0004452708817552775
Epoch 182 Relative Error 0.00036496459506452084
Epoch 183 Relative Error 0.00046447981731034815
Epoch 184 Relative Error 0.000447712664026767
Epoch 185 Relative Error 0.0003476803540252149
Epoch 186 Relative Error 0.0003238017379771918
Epoch 187 Relative Error 0.00041347870137542486
Epoch 188 Relative Error 0.0004021141503471881
Epoch 189 Relative Error 0.00040552025893703103
Epoch 190 Relative Error 0.0004724372993223369
Epoch 191 Relative Error 0.00036367084248922765
Epoch 192 Relative Error 0.00037446306669153273
Epoch 193 Relative Error 0.00030779032385908067
Epoch 194 Relative Error 0.0003743886773008853
Epoch 195 Relative Error 0.0004445681697688997
Epoch 196 Relative Error 0.00043510450632311404
Epoch 197 Relative Error 0.00036065559834241867
Epoch 198 Relative Error 0.000357581622665748
Epoch 199 Relative Error 0.00038776537985540926
Epoch 200 Relative Error 0.00040824065217748284
Epoch 201 Relative Error 0.0003696786880027503
Epoch 202 Relative Error 0.0003624146047513932
Epoch 203 Relative Error 0.00043448989163152874
Epoch 204 Relative Error 0.00042418137309141457
Epoch 205 Relative Error 0.0003544883511494845
Epoch 206 Relative Error 0.000361107086064294
Epoch 207 Relative Error 0.00047195141087286174
Epoch 208 Relative Error 0.0004344831395428628
Epoch 209 Relative Error 0.00038435024907812476
Epoch 210 Relative Error 0.0003619150666054338
Epoch 211 Relative Error 0.0004364490741863847
Epoch 212 Relative Error 0.0005050459876656532
Epoch 213 Relative Error 0.0004011891724076122
Epoch 214 Relative Error 0.00039572923560626805
Epoch 215 Relative Error 0.00041604138095863163
Epoch 216 Relative Error 0.0003968878882005811
Epoch 217 Relative Error 0.00046944350469857454
Epoch 218 Relative Error 0.0004182924749329686
Epoch 219 Relative Error 0.0004844198701903224
Epoch 220 Relative Error 0.00037006972706876695
Epoch 221 Relative Error 0.0004548020660877228
Epoch 222 Relative Error 0.00037515899748541415
Epoch 223 Relative Error 0.00038384844083338976
Epoch 224 Relative Error 0.0004241196147631854
Epoch 225 Relative Error 0.00044362785411067307
Epoch 226 Relative Error 0.0004959594225510955
Epoch 227 Relative Error 0.0004286995972506702
Epoch 228 Relative Error 0.0004005171649623662
Epoch 229 Relative Error 0.0005219489685259759
Epoch 230 Relative Error 0.0005835046176798642
Epoch 231 Relative Error 0.0004645819135475904
Epoch 232 Relative Error 0.00041218282422050834
Epoch 233 Relative Error 0.00041189216426573694
Epoch 234 Relative Error 0.0004080837534274906
Epoch 235 Relative Error 0.0003735775244422257
Epoch 236 Relative Error 0.0004119058430660516
Epoch 237 Relative Error 0.00048436407814733684
Epoch 238 Relative Error 0.0005080624832771719
Epoch 239 Relative Error 0.0004450397100299597
Epoch 240 Relative Error 0.00040565591189078987
Epoch 241 Relative Error 0.0004411164263729006
Epoch 242 Relative Error 0.0004100854566786438
Epoch 243 Relative Error 0.0004231268831063062
Epoch 244 Relative Error 0.0004352875694166869
Epoch 245 Relative Error 0.0004540746449492872
Epoch 246 Relative Error 0.00043896009447053075
Epoch 247 Relative Error 0.00040247023571282625
Epoch 248 Relative Error 0.0004867820243816823
Epoch 249 Relative Error 0.00040893058758229017
Epoch 250 Relative Error 0.000454048189567402
Epoch 251 Relative Error 0.00044943488319404423
Epoch 252 Relative Error 0.00042123848106712103
Epoch 253 Relative Error 0.00036368699511513114
Epoch 254 Relative Error 0.00043116710730828345
Epoch 255 Relative Error 0.0003989447432104498
Epoch 256 Relative Error 0.00037884796620346606
Epoch 257 Relative Error 0.0004386113432701677
Epoch 258 Relative Error 0.00046314875362440944
Epoch 259 Relative Error 0.00044968861038796604
Epoch 260 Relative Error 0.0004363341140560806
Epoch 261 Relative Error 0.0004625207802746445
Epoch 262 Relative Error 0.0004473215085454285
Epoch 263 Relative Error 0.0004073594755027443
Epoch 264 Relative Error 0.0003710135060828179
Epoch 265 Relative Error 0.0004563114489428699
Epoch 266 Relative Error 0.0004189855244476348
Epoch 267 Relative Error 0.0003773743228521198
Epoch 268 Relative Error 0.00036184696364216506
Epoch 269 Relative Error 0.000331968127284199
Epoch 270 Relative Error 0.0004018089675810188
Epoch 271 Relative Error 0.0004427530220709741
Epoch 272 Relative Error 0.00042361707892268896
Epoch 273 Relative Error 0.0004549282602965832
Epoch 274 Relative Error 0.00042643590131774545
Epoch 275 Relative Error 0.0004098385979887098
Epoch 276 Relative Error 0.0004487257683649659
Epoch 277 Relative Error 0.0005192583776079118
Epoch 278 Relative Error 0.0004411159025039524
Epoch 279 Relative Error 0.0004522122326306999
Epoch 280 Relative Error 0.00043626243132166564
Epoch 281 Relative Error 0.00041676362161524594
Epoch 282 Relative Error 0.00041283160680904984
Epoch 283 Relative Error 0.0004272520018275827
Epoch 284 Relative Error 0.0004178204108029604
Epoch 285 Relative Error 0.0004909991985186934
Epoch 286 Relative Error 0.00046809104969725013
Epoch 287 Relative Error 0.00039547827327623963
Epoch 288 Relative Error 0.0005220237071625888
Epoch 289 Relative Error 0.00039442541310563684
Epoch 290 Relative Error 0.00039365305565297604
Epoch 291 Relative Error 0.0004044681554660201
Epoch 292 Relative Error 0.0004328081267885864
Epoch 293 Relative Error 0.0005043779383413494
Epoch 294 Relative Error 0.0004399327444843948
Epoch 295 Relative Error 0.0003882964374497533
Epoch 296 Relative Error 0.00039192510303109884
Epoch 297 Relative Error 0.0003475131234154105
Epoch 298 Relative Error 0.0003846397448796779
Epoch 299 Relative Error 0.0004029775445815176
Epoch 300 Relative Error 0.0005036174552515149
Epoch 301 Relative Error 0.00036467891186475754
Epoch 302 Relative Error 0.000405456026783213
Epoch 303 Relative Error 0.00038881783257238567
Epoch 304 Relative Error 0.00034104730002582073
Epoch 305 Relative Error 0.00035677317646332085
Epoch 306 Relative Error 0.00037392228841781616
Epoch 307 Relative Error 0.00040343860746361315
Epoch 308 Relative Error 0.0003887099155690521
Epoch 309 Relative Error 0.0004063747765030712
Epoch 310 Relative Error 0.0004276524414308369
Epoch 311 Relative Error 0.0004272976075299084
Epoch 312 Relative Error 0.00048805068945512176
Epoch 313 Relative Error 0.00048027915181592107
Epoch 314 Relative Error 0.00041385108488611877
Epoch 315 Relative Error 0.0005288391257636249
Epoch 316 Relative Error 0.0005136312101967633
Epoch 317 Relative Error 0.00048274698201566935
Epoch 318 Relative Error 0.00042129665962420404
Epoch 319 Relative Error 0.00040447982610203326
Epoch 320 Relative Error 0.00043842988088727
Epoch 321 Relative Error 0.0004144101694691926
Epoch 322 Relative Error 0.00039083947194740176
Epoch 323 Relative Error 0.0003485656052362174
Epoch 324 Relative Error 0.000418569368775934
Epoch 325 Relative Error 0.00043619098141789436
Epoch 326 Relative Error 0.00045389472506940365
Epoch 327 Relative Error 0.00042345569818280637
Epoch 328 Relative Error 0.00035806235973723233
Epoch 329 Relative Error 0.00040852485108189285
Epoch 330 Relative Error 0.00040828410419635475
Epoch 331 Relative Error 0.00042307848343625665
Epoch 332 Relative Error 0.00043646834092214704
Epoch 333 Relative Error 0.00039687094977125525
Epoch 334 Relative Error 0.0003294502093922347
Epoch 335 Relative Error 0.00038832041900604963
Epoch 336 Relative Error 0.00035949298762716353
Epoch 337 Relative Error 0.0004344833723735064
Epoch 338 Relative Error 0.00037381157744675875
Epoch 339 Relative Error 0.00040327367605641484
Epoch 340 Relative Error 0.000399008858948946
Epoch 341 Relative Error 0.00041167321614921093
Epoch 342 Relative Error 0.00042164165643043816
Epoch 343 Relative Error 0.0005164637695997953
Epoch 344 Relative Error 0.00044071776210330427
Epoch 345 Relative Error 0.0007253605872392654
Epoch 346 Relative Error 0.0006513928528875113
Epoch 347 Relative Error 0.00046619828208349645
Epoch 348 Relative Error 0.0004538509529083967
Epoch 349 Relative Error 0.00043878864380531013
Epoch 350 Relative Error 0.0005865943385288119
Epoch 351 Relative Error 0.000527349766343832
Epoch 352 Relative Error 0.0004901450010947883
Epoch 353 Relative Error 0.00048645524657331407
Epoch 354 Relative Error 0.0004838376771658659
Epoch 355 Relative Error 0.00048541073920205235
Epoch 356 Relative Error 0.0004779098671860993
Epoch 357 Relative Error 0.0003782440035138279
Epoch 358 Relative Error 0.0004327168862801045
Epoch 359 Relative Error 0.0004644503933377564
Epoch 360 Relative Error 0.000449969491455704
Epoch 361 Relative Error 0.00040106740198098123
Epoch 362 Relative Error 0.0003469919611234218
Epoch 363 Relative Error 0.00038312660763040185
Epoch 364 Relative Error 0.000405842496547848
Epoch 365 Relative Error 0.0004266830801498145
Epoch 366 Relative Error 0.0003619266499299556
Epoch 367 Relative Error 0.00035865078098140657
Epoch 368 Relative Error 0.00041388702811673284
Epoch 369 Relative Error 0.00044333189725875854
Epoch 370 Relative Error 0.00037192556192167103
Epoch 371 Relative Error 0.0003805285377893597
Epoch 372 Relative Error 0.0004226837190799415
Epoch 373 Relative Error 0.0003992054262198508
Epoch 374 Relative Error 0.0004771836393047124
Epoch 375 Relative Error 0.0005026412545703351
Epoch 376 Relative Error 0.0005531985079869628
Epoch 377 Relative Error 0.00040699902456253767
Epoch 378 Relative Error 0.00047905195970088243
Epoch 379 Relative Error 0.0004116429772693664
Epoch 380 Relative Error 0.0004848621319979429
Epoch 381 Relative Error 0.0004019093466922641
Epoch 382 Relative Error 0.00035345039214007556
Epoch 383 Relative Error 0.000365040817996487
Epoch 384 Relative Error 0.00042751143337227404
Epoch 385 Relative Error 0.0003380164271220565
Epoch 386 Relative Error 0.00032259017461910844
Epoch 387 Relative Error 0.00041137973312288523
Epoch 388 Relative Error 0.00048283833893947303
Epoch 389 Relative Error 0.0005486711161211133
Epoch 390 Relative Error 0.00041206006426364183
Epoch 391 Relative Error 0.0005018567317165434
Epoch 392 Relative Error 0.0004786798090208322
Epoch 393 Relative Error 0.0004960796213708818
Epoch 394 Relative Error 0.00046843281597830355
Epoch 395 Relative Error 0.00038334447890520096
Epoch 396 Relative Error 0.000399803277105093
Epoch 397 Relative Error 0.0004526235570665449
Epoch 398 Relative Error 0.00043896440183743834
Epoch 399 Relative Error 0.00038634412339888513
Epoch 400 Relative Error 0.0003843640151899308
Epoch 401 Relative Error 0.00046759145334362984
Epoch 402 Relative Error 0.0004896990139968693
Epoch 403 Relative Error 0.00042819519876502454
Epoch 404 Relative Error 0.0004534903564490378
Epoch 405 Relative Error 0.0005409832228906453
Epoch 406 Relative Error 0.0005054282955825329
Epoch 407 Relative Error 0.0005454638740047812
Epoch 408 Relative Error 0.0005018601659685373
Epoch 409 Relative Error 0.0004614474019035697
Epoch 410 Relative Error 0.00044474430615082383
Epoch 411 Relative Error 0.00047725177137181163
Epoch 412 Relative Error 0.00041671443614177406
Epoch 413 Relative Error 0.0003863628371618688
Epoch 414 Relative Error 0.0004211439227219671
Epoch 415 Relative Error 0.00046934676356613636
Epoch 416 Relative Error 0.0004838790628127754
Epoch 417 Relative Error 0.00036357814678922296
Epoch 418 Relative Error 0.0004403843777254224
Epoch 419 Relative Error 0.0005203193868510425
Epoch 420 Relative Error 0.0004293141537345946
Epoch 421 Relative Error 0.00042508888873271644
Epoch 422 Relative Error 0.0004320128937251866
Epoch 423 Relative Error 0.0004913461743853986
Epoch 424 Relative Error 0.0004880507767666131
Epoch 425 Relative Error 0.0004426361119840294
Epoch 426 Relative Error 0.0004520607471931726
Epoch 427 Relative Error 0.0003971557307522744
Epoch 428 Relative Error 0.0003862441226374358
Epoch 429 Relative Error 0.0005288521642796695
Epoch 430 Relative Error 0.00047836804878897965
Epoch 431 Relative Error 0.0004998196382075548
Epoch 432 Relative Error 0.00041976963984780014
Epoch 433 Relative Error 0.00043451631790958345
Epoch 434 Relative Error 0.0003794718941207975
Epoch 435 Relative Error 0.00044137018267065287
Epoch 436 Relative Error 0.0004180493124295026
Epoch 437 Relative Error 0.00043549714609980583
Epoch 438 Relative Error 0.0004803460033144802
Epoch 439 Relative Error 0.00040695694042369723
Epoch 440 Relative Error 0.0003908926446456462
Epoch 441 Relative Error 0.0004177316732238978
Epoch 442 Relative Error 0.00038342367042787373
Epoch 443 Relative Error 0.00039849517634138465
Epoch 444 Relative Error 0.0003016756381839514
Epoch 445 Relative Error 0.0003383174480404705
Epoch 446 Relative Error 0.0004301989101804793
Epoch 447 Relative Error 0.0004455318849068135
Epoch 448 Relative Error 0.00039271573768928647
Epoch 449 Relative Error 0.0003715292550623417
Epoch 450 Relative Error 0.0003736297367140651
Epoch 451 Relative Error 0.00045054388465359807
Epoch 452 Relative Error 0.0005286380765028298
Epoch 453 Relative Error 0.0005112453945912421
Epoch 454 Relative Error 0.00046903343172743917
Epoch 455 Relative Error 0.0004420122131705284
Epoch 456 Relative Error 0.00042540873982943594
Epoch 457 Relative Error 0.00044741632882505655
Epoch 458 Relative Error 0.0005014602211304009
Epoch 459 Relative Error 0.0004314940597396344
Epoch 460 Relative Error 0.0004910762654617429
Epoch 461 Relative Error 0.0005001437966711819
Epoch 462 Relative Error 0.00043208885472267866
Epoch 463 Relative Error 0.0005241522449068725
Epoch 464 Relative Error 0.00043929251842200756
Epoch 465 Relative Error 0.00047574707423336804
Epoch 466 Relative Error 0.0004159320378676057
Epoch 467 Relative Error 0.0005115746753290296
Epoch 468 Relative Error 0.0004650414048228413
Epoch 469 Relative Error 0.0004410495166666806
Epoch 470 Relative Error 0.0005184743786230683
Epoch 471 Relative Error 0.00047541718231514096
Epoch 472 Relative Error 0.0003852232184726745
Epoch 473 Relative Error 0.0004630685143638402
Epoch 474 Relative Error 0.00048059067921712995
Epoch 475 Relative Error 0.00045403779949992895
Epoch 476 Relative Error 0.0003821816062554717
Epoch 477 Relative Error 0.00047468405682593584
Epoch 478 Relative Error 0.00044329947559162974
Epoch 479 Relative Error 0.0005365831311792135
Epoch 480 Relative Error 0.0005794927710667253
Epoch 481 Relative Error 0.0005813395255245268
Epoch 482 Relative Error 0.0004592162149492651
Epoch 483 Relative Error 0.0005269480752758682
Epoch 484 Relative Error 0.000556589977350086
Epoch 485 Relative Error 0.0004770505183842033
Epoch 486 Relative Error 0.0005274862633086741
Epoch 487 Relative Error 0.000416834867792204
Epoch 488 Relative Error 0.00042613359983079135
Epoch 489 Relative Error 0.0004783436597790569
Epoch 490 Relative Error 0.00043532109702937305
Epoch 491 Relative Error 0.00047213019570335746
Epoch 492 Relative Error 0.00037561231874860823
Epoch 493 Relative Error 0.0004337454738561064
Epoch 494 Relative Error 0.0004119148070458323
Epoch 495 Relative Error 0.00039388102595694363
Epoch 496 Relative Error 0.00037797706318087876
Epoch 497 Relative Error 0.00037920870818197727
Epoch 498 Relative Error 0.00043710670433938503
Epoch 499 Relative Error 0.0003934589622076601
Epoch 500 Relative Error 0.0004227105819154531
Epoch 501 Relative Error 0.00044332706602290273
Epoch 502 Relative Error 0.0003923039766959846
Epoch 503 Relative Error 0.00042366812704131007
Epoch 504 Relative Error 0.00044597467058338225
Epoch 505 Relative Error 0.00042356166522949934
Epoch 506 Relative Error 0.0003906266065314412
Epoch 507 Relative Error 0.0005214420380070806
Epoch 508 Relative Error 0.00048194394912570715
Epoch 509 Relative Error 0.0005641254247166216
Epoch 510 Relative Error 0.00045388753642328084
Epoch 511 Relative Error 0.0004985545529052615
Epoch 512 Relative Error 0.0004492217267397791
Epoch 513 Relative Error 0.00047780905151739717
Epoch 514 Relative Error 0.0005813103052787483
Epoch 515 Relative Error 0.0004214369982946664
Epoch 516 Relative Error 0.000563053588848561
Epoch 517 Relative Error 0.0005163727910257876
Epoch 518 Relative Error 0.0005366079276427627
Epoch 519 Relative Error 0.0004327667993493378
Epoch 520 Relative Error 0.0005183592438697815
Epoch 521 Relative Error 0.0005533715011551976
Epoch 522 Relative Error 0.0005446149734780192
Epoch 523 Relative Error 0.0005782196531072259
Epoch 524 Relative Error 0.0005900218384340405
Epoch 525 Relative Error 0.0004763483302667737
Epoch 526 Relative Error 0.0005436376668512821
Epoch 527 Relative Error 0.0005577463307417929
Epoch 528 Relative Error 0.0005089165642857552
Epoch 529 Relative Error 0.0004893586738035083
Epoch 530 Relative Error 0.00044190988410264254
Epoch 531 Relative Error 0.00044855865417048335
Epoch 532 Relative Error 0.0004310759250074625
Epoch 533 Relative Error 0.0005671888939104974
Epoch 534 Relative Error 0.00042314798338338733
Epoch 535 Relative Error 0.00044651320786215365
Epoch 536 Relative Error 0.00039594274130649865
Epoch 537 Relative Error 0.00040052193799056113
Epoch 538 Relative Error 0.00044479858479462564
Epoch 539 Relative Error 0.00043526984518393874
Epoch 540 Relative Error 0.0005013018962927163
Epoch 541 Relative Error 0.0005236276774667203
Epoch 542 Relative Error 0.0005732431309297681
Epoch 543 Relative Error 0.0005058023380115628
Epoch 544 Relative Error 0.00043265518615953624
Epoch 545 Relative Error 0.0004903697408735752
Epoch 546 Relative Error 0.0003901810268871486
Epoch 547 Relative Error 0.0004558194777928293
Epoch 548 Relative Error 0.00043945061042904854
Epoch 549 Relative Error 0.0005494335200637579
Epoch 550 Relative Error 0.0004580484819598496
Epoch 551 Relative Error 0.0005129920900799334
Epoch 552 Relative Error 0.0005036084330640733
Epoch 553 Relative Error 0.0005385892000049353
Epoch 554 Relative Error 0.0005677348235622048
Epoch 555 Relative Error 0.00043574353912845254
Epoch 556 Relative Error 0.0004513401654548943
Epoch 557 Relative Error 0.0004074503667652607
Epoch 558 Relative Error 0.0004361793107818812
Epoch 559 Relative Error 0.0004610046453308314
Epoch 560 Relative Error 0.0004248802433721721
Epoch 561 Relative Error 0.0004476367321331054
Epoch 562 Relative Error 0.0004031403223052621
Epoch 563 Relative Error 0.0004243922303430736
Epoch 564 Relative Error 0.00044678125414066017
Epoch 565 Relative Error 0.00034588106791488826
Epoch 566 Relative Error 0.00040096696466207504
Epoch 567 Relative Error 0.0003670954320114106
Epoch 568 Relative Error 0.00037679928936995566
Epoch 569 Relative Error 0.00044412302668206394
Epoch 570 Relative Error 0.0005841655656695366
Epoch 571 Relative Error 0.00045109924394637346
Epoch 572 Relative Error 0.0005394006730057299
Epoch 573 Relative Error 0.0006017623818479478
Epoch 574 Relative Error 0.0005802958621643484
Epoch 575 Relative Error 0.0005017262883484364
Epoch 576 Relative Error 0.0004904004745185375
Epoch 577 Relative Error 0.0005079327966086566
Epoch 578 Relative Error 0.00041685046744532883
Epoch 579 Relative Error 0.0004641445411834866
Epoch 580 Relative Error 0.0004090357106178999
Epoch 581 Relative Error 0.0004960084334015846
Epoch 582 Relative Error 0.0004820030590053648
Epoch 583 Relative Error 0.0004313484241720289
Epoch 584 Relative Error 0.0004269690252840519
Epoch 585 Relative Error 0.0003964241477660835
Epoch 586 Relative Error 0.00039150810334831476
Epoch 587 Relative Error 0.0004305329639464617
Epoch 588 Relative Error 0.00040756992530077696
Epoch 589 Relative Error 0.00039865984581410885
Epoch 590 Relative Error 0.000487004203023389
Epoch 591 Relative Error 0.00047042674850672483
Epoch 592 Relative Error 0.0005786378169432282
Epoch 593 Relative Error 0.0004958381177857518
Epoch 594 Relative Error 0.0004916695761494339
Epoch 595 Relative Error 0.0005011166213080287
Epoch 596 Relative Error 0.0004692386428359896
Epoch 597 Relative Error 0.0005113264196552336
Epoch 598 Relative Error 0.00045510148629546165
Epoch 599 Relative Error 0.0004044322995468974
Epoch 600 Relative Error 0.00043345559970475733
Epoch 601 Relative Error 0.0003688191354740411
Epoch 602 Relative Error 0.0003705983399413526
Epoch 603 Relative Error 0.00044583494309335947
Epoch 604 Relative Error 0.00047541942331008613
Epoch 605 Relative Error 0.0003549926623236388
Epoch 606 Relative Error 0.0004070596187375486
Epoch 607 Relative Error 0.00035708313225768507
Epoch 608 Relative Error 0.0004334303957875818
Epoch 609 Relative Error 0.0004496953042689711
Epoch 610 Relative Error 0.00041612531640566885
Epoch 611 Relative Error 0.00040843902388587594
Epoch 612 Relative Error 0.00044714342220686376
Epoch 613 Relative Error 0.000446819030912593
Epoch 614 Relative Error 0.0005117076216265559
Epoch 615 Relative Error 0.000524221861269325
Epoch 616 Relative Error 0.00048317082109861076
Epoch 617 Relative Error 0.00037662527756765485
Epoch 618 Relative Error 0.000402978592319414
Epoch 619 Relative Error 0.00043192910379730165
Epoch 620 Relative Error 0.0003934872802346945
Epoch 621 Relative Error 0.0003915346460416913
Epoch 622 Relative Error 0.00043764192378148437
Epoch 623 Relative Error 0.0003503398038446903
Epoch 624 Relative Error 0.0003464490291662514
Epoch 625 Relative Error 0.0004116295895073563
Epoch 626 Relative Error 0.0003790397313423455
Epoch 627 Relative Error 0.0004219341790303588
Epoch 628 Relative Error 0.00040782842552289367
Epoch 629 Relative Error 0.0004354185366537422
Epoch 630 Relative Error 0.00047659603296779096
Epoch 631 Relative Error 0.0003719615051522851
Epoch 632 Relative Error 0.00038696234696544707
Epoch 633 Relative Error 0.00038109096931293607
Epoch 634 Relative Error 0.00044938220526091754
Epoch 635 Relative Error 0.0005047107697464526
Epoch 636 Relative Error 0.0004593756457325071
Epoch 637 Relative Error 0.0004924149834550917
Epoch 638 Relative Error 0.0005743012297898531
Epoch 639 Relative Error 0.0005401854286901653
Epoch 640 Relative Error 0.0004882012726739049
Epoch 641 Relative Error 0.00045063334982842207
Epoch 642 Relative Error 0.00045135547406971455
Epoch 643 Relative Error 0.0004032160504721105
Epoch 644 Relative Error 0.0004913159064017236
Epoch 645 Relative Error 0.0004489119164645672
Epoch 646 Relative Error 0.0005698972381651402
Epoch 647 Relative Error 0.0004933900199830532
Epoch 648 Relative Error 0.00046826445031911135
Epoch 649 Relative Error 0.0004203027638141066
Epoch 650 Relative Error 0.00040545951924286783
Epoch 651 Relative Error 0.0004044070665258914
Epoch 652 Relative Error 0.0004115401825401932
Epoch 653 Relative Error 0.00038002472138032317
Epoch 654 Relative Error 0.00036229161196388304
Epoch 655 Relative Error 0.00043889801600016654
Epoch 656 Relative Error 0.0004286885668989271
Epoch 657 Relative Error 0.0004529657890088856
Epoch 658 Relative Error 0.0004559929948300123
Epoch 659 Relative Error 0.000439870374975726
Epoch 660 Relative Error 0.0004730123037006706
Epoch 661 Relative Error 0.0005120082059875131
Epoch 662 Relative Error 0.0004983899998478591
Epoch 663 Relative Error 0.0005123054143041372
Epoch 664 Relative Error 0.00047695403918623924
Epoch 665 Relative Error 0.00042040031985379755
Epoch 666 Relative Error 0.00035897360066883266
Epoch 667 Relative Error 0.0005205655470490456
Epoch 668 Relative Error 0.0005017219809815288
Epoch 669 Relative Error 0.00044685907778330147
Epoch 670 Relative Error 0.00046808613114990294
Epoch 671 Relative Error 0.000439521943917498
Epoch 672 Relative Error 0.00043358179391361773
Epoch 673 Relative Error 0.000436622416600585
Epoch 674 Relative Error 0.00043009003275074065
Epoch 675 Relative Error 0.00042435122304596007
Epoch 676 Relative Error 0.00040765959420241416
Epoch 677 Relative Error 0.00043108052341267467
Epoch 678 Relative Error 0.0005403681425377727
Epoch 679 Relative Error 0.0005042928969487548
Epoch 680 Relative Error 0.0004072913434356451
Epoch 681 Relative Error 0.00038722078897990286
Epoch 682 Relative Error 0.0004717876436188817
Epoch 683 Relative Error 0.0003355937951710075
Epoch 684 Relative Error 0.0003792437491938472
Epoch 685 Relative Error 0.0004376302531454712
Epoch 686 Relative Error 0.00034967446117661893
Epoch 687 Relative Error 0.00036329563590697944
Epoch 688 Relative Error 0.000383989216061309
Epoch 689 Relative Error 0.00041156899533234537
Epoch 690 Relative Error 0.0006192779401317239
Epoch 691 Relative Error 0.0005828099674545228
Epoch 692 Relative Error 0.0006185329984873533
Epoch 693 Relative Error 0.0006140207988210022
Epoch 694 Relative Error 0.0004949740250594914
Epoch 695 Relative Error 0.0005027654115110636
Epoch 696 Relative Error 0.0004252987273503095
Epoch 697 Relative Error 0.00046056308201514184
Epoch 698 Relative Error 0.0004919872153550386
Epoch 699 Relative Error 0.000414309004554525
Epoch 700 Relative Error 0.00038198765832930803
Epoch 701 Relative Error 0.0003848685009870678
Epoch 702 Relative Error 0.0003939328307751566
Epoch 703 Relative Error 0.0005118834669701755
Epoch 704 Relative Error 0.00046488677617162466
Epoch 705 Relative Error 0.00043060892494395375
Epoch 706 Relative Error 0.000434991525253281
Epoch 707 Relative Error 0.0004669901682063937
Epoch 708 Relative Error 0.00043455357081256807
Epoch 709 Relative Error 0.0005781896179541945
Epoch 710 Relative Error 0.00047390637337230146
Epoch 711 Relative Error 0.0005171065567992628
Epoch 712 Relative Error 0.0005686521180905402
Epoch 713 Relative Error 0.0005800715880468488
Epoch 714 Relative Error 0.000538019638042897
Epoch 715 Relative Error 0.0006032174569554627
Epoch 716 Relative Error 0.0005428029107861221
Epoch 717 Relative Error 0.0005670617101714015
Epoch 718 Relative Error 0.0004235588712617755
Epoch 719 Relative Error 0.0004875375598203391
Epoch 720 Relative Error 0.0004984216648153961
Epoch 721 Relative Error 0.00047880320926196873
Epoch 722 Relative Error 0.0004535123298410326
Epoch 723 Relative Error 0.00038184039294719696
Epoch 724 Relative Error 0.00044455070747062564
Epoch 725 Relative Error 0.00048685717047192156
Epoch 726 Relative Error 0.00048473788774572313
Epoch 727 Relative Error 0.0004811240651179105
Epoch 728 Relative Error 0.0004993952461518347
Epoch 729 Relative Error 0.0005490595940500498
Epoch 730 Relative Error 0.0006261754897423089
Epoch 731 Relative Error 0.00046044745249673724
Epoch 732 Relative Error 0.00046824762830510736
Epoch 733 Relative Error 0.0005194978439249098
Epoch 734 Relative Error 0.0005373910535126925
Epoch 735 Relative Error 0.0005701715708710253
Epoch 736 Relative Error 0.0005651818355545402
Epoch 737 Relative Error 0.0005635798443108797
Epoch 738 Relative Error 0.0005187538336031139
Epoch 739 Relative Error 0.0005003904225304723
Epoch 740 Relative Error 0.000631031347438693
Epoch 741 Relative Error 0.0004680689889937639
Epoch 742 Relative Error 0.0006690146983601153
Epoch 743 Relative Error 0.0006157946772873402
Epoch 744 Relative Error 0.0005193353863433003
Epoch 745 Relative Error 0.0005906987935304642
Epoch 746 Relative Error 0.00046100313193164766
Epoch 747 Relative Error 0.0004881882923655212
Epoch 748 Relative Error 0.00043615835602395236
Epoch 749 Relative Error 0.0005461981636472046
Epoch 750 Relative Error 0.0003917478315997869
Epoch 751 Relative Error 0.00039876566734164953
Epoch 752 Relative Error 0.00039929954800754786
Epoch 753 Relative Error 0.0004977601929567754
Epoch 754 Relative Error 0.0004241999122314155
Epoch 755 Relative Error 0.0004985270788893104
Epoch 756 Relative Error 0.0004702234291471541
Epoch 757 Relative Error 0.0004628607421182096
Epoch 758 Relative Error 0.0003837818803731352
Epoch 759 Relative Error 0.000387138978112489
Epoch 760 Relative Error 0.0004498210328165442
Epoch 761 Relative Error 0.0003846673062071204
Epoch 762 Relative Error 0.0003312952467240393
Epoch 763 Relative Error 0.00041584731661714613
Epoch 764 Relative Error 0.0004380350583232939
Epoch 765 Relative Error 0.0005169739597477019
Epoch 766 Relative Error 0.00040116379386745393
Epoch 767 Relative Error 0.0004009478725492954
Epoch 768 Relative Error 0.00044108330621384084
Epoch 769 Relative Error 0.0004426625673659146
Epoch 770 Relative Error 0.00037208161666058004
Epoch 771 Relative Error 0.0003835174720734358
Epoch 772 Relative Error 0.000405599974328652
Epoch 773 Relative Error 0.00037874546251259744
Epoch 774 Relative Error 0.00047456694301217794
Epoch 775 Relative Error 0.000517678156029433
Epoch 776 Relative Error 0.00042253779247403145
Epoch 777 Relative Error 0.0005166805349290371
Epoch 778 Relative Error 0.0003871278604492545
Epoch 779 Relative Error 0.00045937474351376295
Epoch 780 Relative Error 0.0006251357262954116
Epoch 781 Relative Error 0.0005594455287791789
Epoch 782 Relative Error 0.0006156203453429043
Epoch 783 Relative Error 0.0005387970595620573
Epoch 784 Relative Error 0.0004216348461341113
Epoch 785 Relative Error 0.00043234109762124717
Epoch 786 Relative Error 0.0004566542338579893
Epoch 787 Relative Error 0.00048638813314028084
Epoch 788 Relative Error 0.00044688754132948816
Epoch 789 Relative Error 0.0003817323304247111
Epoch 790 Relative Error 0.0004091867886018008
Epoch 791 Relative Error 0.00035621202550828457
Epoch 792 Relative Error 0.0005033628549426794
Epoch 793 Relative Error 0.00038260393193922937
Epoch 794 Relative Error 0.000553550140466541
Epoch 795 Relative Error 0.0005366757977753878
Epoch 796 Relative Error 0.0004589881864376366
Epoch 797 Relative Error 0.00041763600893318653
Epoch 798 Relative Error 0.00042331486474722624
Epoch 799 Relative Error 0.00047814607387408614
Epoch 800 Relative Error 0.00048090171185322106
Epoch 801 Relative Error 0.00050037243636325
Epoch 802 Relative Error 0.0004580818931572139
Epoch 803 Relative Error 0.0004736385017167777
Epoch 804 Relative Error 0.00048086620518006384
Epoch 805 Relative Error 0.00047421955969184637
Epoch 806 Relative Error 0.00043406576151028275
Epoch 807 Relative Error 0.0003750113246496767
Epoch 808 Relative Error 0.0003912127867806703
Epoch 809 Relative Error 0.0003937165893148631
Epoch 810 Relative Error 0.0003730134340003133
Epoch 811 Relative Error 0.00041466933907940984
Epoch 812 Relative Error 0.00047489957069046795
Epoch 813 Relative Error 0.0005611898959614336
Epoch 814 Relative Error 0.0006066923961043358
Epoch 815 Relative Error 0.00068629439920187
Epoch 816 Relative Error 0.0007050926215015352
Epoch 817 Relative Error 0.000592151889577508
Epoch 818 Relative Error 0.0005562472506426275
Epoch 819 Relative Error 0.0004969206056557596
Epoch 820 Relative Error 0.0005846675485372543
Epoch 821 Relative Error 0.0005210221861489117
Epoch 822 Relative Error 0.0004517684574238956
Epoch 823 Relative Error 0.0004716270777862519
Epoch 824 Relative Error 0.0004441078344825655
Epoch 825 Relative Error 0.0004715706454589963
Epoch 826 Relative Error 0.0004506218829192221
Epoch 827 Relative Error 0.0005548792541958392
Epoch 828 Relative Error 0.0004889474366791546
Epoch 829 Relative Error 0.0005108736222609878
Epoch 830 Relative Error 0.0005755596212111413
Epoch 831 Relative Error 0.0006869658827781677
Epoch 832 Relative Error 0.0005528107867576182
Epoch 833 Relative Error 0.0006592246354557574
Epoch 834 Relative Error 0.0005652086110785604
Epoch 835 Relative Error 0.0005103510920889676
Epoch 836 Relative Error 0.0004465172241907567
Epoch 837 Relative Error 0.00046660774387419224
Epoch 838 Relative Error 0.0006259194342419505
Epoch 839 Relative Error 0.0005215835990384221
Epoch 840 Relative Error 0.0005609681829810143
Epoch 841 Relative Error 0.0005418318905867636
Epoch 842 Relative Error 0.0006897608400322497
Epoch 843 Relative Error 0.0005365748074837029
Epoch 844 Relative Error 0.000537234649527818
Epoch 845 Relative Error 0.0006509044906124473
Epoch 846 Relative Error 0.0005374455940909684
Epoch 847 Relative Error 0.0006683629471808672
Epoch 848 Relative Error 0.0006540543399751186
Epoch 849 Relative Error 0.0005596198025159538
Epoch 850 Relative Error 0.0005194330005906522
Epoch 851 Relative Error 0.00043681342503987253
Epoch 852 Relative Error 0.0004136834177188575
Epoch 853 Relative Error 0.00048261330812238157
Epoch 854 Relative Error 0.0005139725399203598
Epoch 855 Relative Error 0.000512899539899081
Epoch 856 Relative Error 0.000442075717728585
Epoch 857 Relative Error 0.0004239104746375233
Epoch 858 Relative Error 0.0003971547703258693
Epoch 859 Relative Error 0.0004530368314590305
Epoch 860 Relative Error 0.0005369703867472708
Epoch 861 Relative Error 0.0005160626606084406
Epoch 862 Relative Error 0.0004592349287122488
Epoch 863 Relative Error 0.000507993798237294
Epoch 864 Relative Error 0.0004272865771781653
Epoch 865 Relative Error 0.0004921993240714073
Epoch 866 Relative Error 0.0004906121757812798
Epoch 867 Relative Error 0.0004133947368245572
Epoch 868 Relative Error 0.0004185749567113817
Epoch 869 Relative Error 0.0004647576715797186
Epoch 870 Relative Error 0.000567890761885792
Epoch 871 Relative Error 0.0005522308638319373
Epoch 872 Relative Error 0.0004864947113674134
Epoch 873 Relative Error 0.0004928956623189151
Epoch 874 Relative Error 0.0004866412200499326
Epoch 875 Relative Error 0.000525278621353209
Epoch 876 Relative Error 0.0005297674797475338
Epoch 877 Relative Error 0.0004898441256955266
Epoch 878 Relative Error 0.00043951187399215996
Epoch 879 Relative Error 0.00042719271732494235
Epoch 880 Relative Error 0.00038873139419592917
Epoch 881 Relative Error 0.00042336370097473264
Epoch 882 Relative Error 0.00044961037929169834
Epoch 883 Relative Error 0.00047923793317750096
Epoch 884 Relative Error 0.0004955925978720188
Epoch 885 Relative Error 0.0004320165317039937
Epoch 886 Relative Error 0.00033182621700689197
Epoch 887 Relative Error 0.00039842285332269967
Epoch 888 Relative Error 0.00044557583169080317
Epoch 889 Relative Error 0.000530774297658354
Epoch 890 Relative Error 0.0005006683641113341
Epoch 891 Relative Error 0.00045570259680971503
Epoch 892 Relative Error 0.00038664299063384533
Epoch 893 Relative Error 0.00042109948117285967
Epoch 894 Relative Error 0.0003601161588449031
Epoch 895 Relative Error 0.00039105938049033284
Epoch 896 Relative Error 0.00036252886638976634
Epoch 897 Relative Error 0.00046236076741479337
Epoch 898 Relative Error 0.00045914400834590197
Epoch 899 Relative Error 0.00045210536336526275
Epoch 900 Relative Error 0.0004592249169945717
Epoch 901 Relative Error 0.00043315027141943574
Epoch 902 Relative Error 0.000540065870154649
Epoch 903 Relative Error 0.00048687044181860983
Epoch 904 Relative Error 0.0006343838758766651
Epoch 905 Relative Error 0.0004917275509797037
Epoch 906 Relative Error 0.00047604332212358713
Epoch 907 Relative Error 0.00043950791587121785
Epoch 908 Relative Error 0.0005139847053214908
Epoch 909 Relative Error 0.0004675530071835965
Epoch 910 Relative Error 0.00041931605665013194
Epoch 911 Relative Error 0.0004599775420501828
Epoch 912 Relative Error 0.0004416256560944021
Epoch 913 Relative Error 0.0004290563811082393
Epoch 914 Relative Error 0.00046958180610090494
Epoch 915 Relative Error 0.0004598973609972745
Epoch 916 Relative Error 0.0004940253566019237
Epoch 917 Relative Error 0.00046749014290980995
Epoch 918 Relative Error 0.000547642121091485
Epoch 919 Relative Error 0.0005060986150056124
Epoch 920 Relative Error 0.0005123296286910772
Epoch 921 Relative Error 0.0004361361498013139
Epoch 922 Relative Error 0.00040525742224417627
Epoch 923 Relative Error 0.0005313365836627781
Epoch 924 Relative Error 0.00043910896056331694
Epoch 925 Relative Error 0.0005144132301211357
Epoch 926 Relative Error 0.0006044881884008646
Epoch 927 Relative Error 0.00046154294977895916
Epoch 928 Relative Error 0.0005756933824159205
Epoch 929 Relative Error 0.0004386570071801543
Epoch 930 Relative Error 0.0004501674266066402
Epoch 931 Relative Error 0.00045275891898199916
Epoch 932 Relative Error 0.00043261589598841965
Epoch 933 Relative Error 0.0003130703407805413
Epoch 934 Relative Error 0.0003404941817279905
Epoch 935 Relative Error 0.0004712217196356505
Epoch 936 Relative Error 0.0004319940635468811
Epoch 937 Relative Error 0.0004639742255676538
Epoch 938 Relative Error 0.0005736312596127391
Epoch 939 Relative Error 0.0004869902622886002
Epoch 940 Relative Error 0.0005284064100123942
Epoch 941 Relative Error 0.0005267077358439565
Epoch 942 Relative Error 0.0004887396935373545
Epoch 943 Relative Error 0.00046178323100320995
Epoch 944 Relative Error 0.00046251260209828615
Epoch 945 Relative Error 0.00041899626376107335
Epoch 946 Relative Error 0.00045031410991214216
Epoch 947 Relative Error 0.0005474714562296867
Epoch 948 Relative Error 0.00044971020543016493
Epoch 949 Relative Error 0.0004061653162352741
Epoch 950 Relative Error 0.0004112043825443834
Epoch 951 Relative Error 0.00042849525925703347
Epoch 952 Relative Error 0.0003924459160771221
Epoch 953 Relative Error 0.00035167753230780363
Epoch 954 Relative Error 0.0003809498157352209
Epoch 955 Relative Error 0.00039556517731398344
Epoch 956 Relative Error 0.00042620490421541035
Epoch 957 Relative Error 0.0005165571346879005
Epoch 958 Relative Error 0.00045819574734196067
Epoch 959 Relative Error 0.00040048937080428004
Epoch 960 Relative Error 0.0005000754608772695
Epoch 961 Relative Error 0.0005223728367127478
Epoch 962 Relative Error 0.00044461365905590355
Epoch 963 Relative Error 0.0004340693121775985
Epoch 964 Relative Error 0.0004399346362333745
Epoch 965 Relative Error 0.0004136179049964994
Epoch 966 Relative Error 0.00036439861287362874
Epoch 967 Relative Error 0.0003978631866630167
Epoch 968 Relative Error 0.0003984759096056223
Epoch 969 Relative Error 0.00038131000474095345
Epoch 970 Relative Error 0.00040954488213174045
Epoch 971 Relative Error 0.00044808973325416446
Epoch 972 Relative Error 0.00043979776091873646
Epoch 973 Relative Error 0.0004932761075906456
Epoch 974 Relative Error 0.00040759152034297585
Epoch 975 Relative Error 0.00036655511939898133
Epoch 976 Relative Error 0.0003782433341257274
Epoch 977 Relative Error 0.0004067634290549904
Epoch 978 Relative Error 0.00044714691466651857
Epoch 979 Relative Error 0.00043163448572158813
Epoch 980 Relative Error 0.0004226436431054026
Epoch 981 Relative Error 0.0003706289571709931
Epoch 982 Relative Error 0.0003547218511812389
Epoch 983 Relative Error 0.0004341205640230328
Epoch 984 Relative Error 0.0004574547929223627
Epoch 985 Relative Error 0.00042115990072488785
Epoch 986 Relative Error 0.0003872347006108612
Epoch 987 Relative Error 0.00041814049473032355
Epoch 988 Relative Error 0.0003791625495068729
Epoch 989 Relative Error 0.000376156996935606
Epoch 990 Relative Error 0.0004179157258477062
Epoch 991 Relative Error 0.00044077145867049694
Epoch 992 Relative Error 0.0004422017664182931
Epoch 993 Relative Error 0.0004287013434804976
Epoch 994 Relative Error 0.0004301185836084187
Epoch 995 Relative Error 0.0003940174065064639
Epoch 996 Relative Error 0.000437514710938558
Epoch 997 Relative Error 0.0003974391147494316
Epoch 998 Relative Error 0.00047436621389351785
Epoch 999 Relative Error 0.00044303666800260544
Epoch 1000 Relative Error 0.00038868471165187657
RE (0, 6, 4, 0): 0.0003016756381839514
Green's Function RE (0, 6, 4, 0): 0.4410344064235687
Bias Term RE (0, 6, 4, 0): 0.4135247468948364
Combination (0, 6, 4, 0, 0): 0.4343836307525635
Combination (0, 6, 4, 0, 1): 0.43479132652282715
Combination (0, 6, 4, 0, 2): 0.4349164664745331
Combination (0, 6, 4, 0, 3): 0.43495726585388184
Combination (0, 6, 4, 0, 4): 0.43497613072395325

/home/gridsan/gstepaniants/.local/lib/python3.8/site-packages/torch/functional.py:478: UserWarning: torch.meshgrid: in an upcoming release, it will be required to pass the indexing argument. (Triggered internally at  ../aten/src/ATen/native/TensorShape.cpp:2895.)
  return _VF.meshgrid(tensors, **kwargs)  # type: ignore[attr-defined]
