[KeOps] Warning : Cuda libraries were not detected on the system ; using cpu only mode
1
Kernel: SquaredExponential
Weight Mesh: 70
RKHS Kernel Width: 0.09
Lambda: 1e-06
Green's Function Learning Rate: 100
Bias Term Learning Rate: 100
Epoch 1 Relative Error 16865.361328125
First epoch had re = 16865.361328125 > 1
Green's Function Learning Rate: 50
Bias Term Learning Rate: 50
Epoch 1 Relative Error 5970.05810546875
First epoch had re = 5970.05810546875 > 1
Green's Function Learning Rate: 10
Bias Term Learning Rate: 10
Epoch 1 Relative Error 1360.53125
First epoch had re = 1360.53125 > 1
Green's Function Learning Rate: 5
Bias Term Learning Rate: 5
Epoch 1 Relative Error 524.433349609375
First epoch had re = 524.433349609375 > 1
Green's Function Learning Rate: 1
Bias Term Learning Rate: 1
Epoch 1 Relative Error 107.1961669921875
First epoch had re = 107.1961669921875 > 1
Green's Function Learning Rate: 0.5
Bias Term Learning Rate: 0.5
Epoch 1 Relative Error 78.3148193359375
First epoch had re = 78.3148193359375 > 1
Green's Function Learning Rate: 0.1
Bias Term Learning Rate: 0.1
Epoch 1 Relative Error 13.83996868133545
First epoch had re = 13.83996868133545 > 1
Green's Function Learning Rate: 0.05
Bias Term Learning Rate: 0.05
Epoch 1 Relative Error 7.314105033874512
First epoch had re = 7.314105033874512 > 1
Green's Function Learning Rate: 0.01
Bias Term Learning Rate: 0.01
Epoch 1 Relative Error 0.9826720952987671
Epoch 2 Relative Error 0.7807618975639343
Epoch 3 Relative Error 0.6643187403678894
Epoch 4 Relative Error 0.5603748559951782
Epoch 5 Relative Error 0.4608520567417145
Epoch 6 Relative Error 0.3183410167694092
Epoch 7 Relative Error 0.1572989672422409
Epoch 8 Relative Error 0.14153310656547546
Epoch 9 Relative Error 0.1756161004304886
Epoch 10 Relative Error 0.18849241733551025
Epoch 11 Relative Error 0.14452409744262695
Epoch 12 Relative Error 0.10654096305370331
Epoch 13 Relative Error 0.0782410055398941
Epoch 14 Relative Error 0.07897186279296875
Epoch 15 Relative Error 0.06761153042316437
Epoch 16 Relative Error 0.05220258608460426
Epoch 17 Relative Error 0.05252544954419136
Epoch 18 Relative Error 0.04990644380450249
Epoch 19 Relative Error 0.04650873318314552
Epoch 20 Relative Error 0.04565944895148277
Epoch 21 Relative Error 0.04380950704216957
Epoch 22 Relative Error 0.043723952025175095
Epoch 23 Relative Error 0.04231271147727966
Epoch 24 Relative Error 0.041452500969171524
Epoch 25 Relative Error 0.04068266227841377
Epoch 26 Relative Error 0.03998895734548569
Epoch 27 Relative Error 0.03933573141694069
Epoch 28 Relative Error 0.03901226446032524
Epoch 29 Relative Error 0.03836852312088013
Epoch 30 Relative Error 0.03778648376464844
Epoch 31 Relative Error 0.03739432618021965
Epoch 32 Relative Error 0.036936476826667786
Epoch 33 Relative Error 0.03667336702346802
Epoch 34 Relative Error 0.03629933297634125
Epoch 35 Relative Error 0.03607691824436188
Epoch 36 Relative Error 0.0355488620698452
Epoch 37 Relative Error 0.03524092957377434
Epoch 38 Relative Error 0.034904155880212784
Epoch 39 Relative Error 0.034628964960575104
Epoch 40 Relative Error 0.0345223993062973
Epoch 41 Relative Error 0.034237392246723175
Epoch 42 Relative Error 0.033958800137043
Epoch 43 Relative Error 0.03374817594885826
Epoch 44 Relative Error 0.03356092423200607
Epoch 45 Relative Error 0.03334536403417587
Epoch 46 Relative Error 0.03316280245780945
Epoch 47 Relative Error 0.0329887829720974
Epoch 48 Relative Error 0.03280514478683472
Epoch 49 Relative Error 0.03262068331241608
Epoch 50 Relative Error 0.032477740198373795
Epoch 51 Relative Error 0.032258663326501846
Epoch 52 Relative Error 0.03231053426861763
Epoch 53 Relative Error 0.03205108270049095
Epoch 54 Relative Error 0.03196144849061966
Epoch 55 Relative Error 0.031756915152072906
Epoch 56 Relative Error 0.03159154951572418
Epoch 57 Relative Error 0.03152105212211609
Epoch 58 Relative Error 0.03139118477702141
Epoch 59 Relative Error 0.03127153590321541
Epoch 60 Relative Error 0.03114509955048561
Epoch 61 Relative Error 0.030953263863921165
Epoch 62 Relative Error 0.030971132218837738
Epoch 63 Relative Error 0.030822772532701492
Epoch 64 Relative Error 0.03092098981142044
Epoch 65 Relative Error 0.030927114188671112
Epoch 66 Relative Error 0.03056030347943306
Epoch 67 Relative Error 0.03035791404545307
Epoch 68 Relative Error 0.030453380197286606
Epoch 69 Relative Error 0.030197540298104286
Epoch 70 Relative Error 0.030025547370314598
Epoch 71 Relative Error 0.030014727264642715
Epoch 72 Relative Error 0.029963558539748192
Epoch 73 Relative Error 0.029809799045324326
Epoch 74 Relative Error 0.029605288058519363
Epoch 75 Relative Error 0.029563646763563156
Epoch 76 Relative Error 0.029429595917463303
Epoch 77 Relative Error 0.029449250549077988
Epoch 78 Relative Error 0.029207896441221237
Epoch 79 Relative Error 0.029185736551880836
Epoch 80 Relative Error 0.029155829921364784
Epoch 81 Relative Error 0.029086237773299217
Epoch 82 Relative Error 0.029035281389951706
Epoch 83 Relative Error 0.029032964259386063
Epoch 84 Relative Error 0.02883273735642433
Epoch 85 Relative Error 0.028824597597122192
Epoch 86 Relative Error 0.02858087234199047
Epoch 87 Relative Error 0.028561968356370926
Epoch 88 Relative Error 0.028575781732797623
Epoch 89 Relative Error 0.02848796546459198
Epoch 90 Relative Error 0.02820032648742199
Epoch 91 Relative Error 0.028241893276572227
Epoch 92 Relative Error 0.027997883036732674
Epoch 93 Relative Error 0.02810421586036682
Epoch 94 Relative Error 0.027817223221063614
Epoch 95 Relative Error 0.02791423536837101
Epoch 96 Relative Error 0.027952365577220917
Epoch 97 Relative Error 0.02790609933435917
Epoch 98 Relative Error 0.02777916193008423
Epoch 99 Relative Error 0.027577871456742287
Epoch 100 Relative Error 0.02745368331670761
Epoch 101 Relative Error 0.027404459193348885
Epoch 102 Relative Error 0.027293605729937553
Epoch 103 Relative Error 0.02725728414952755
Epoch 104 Relative Error 0.027476277202367783
Epoch 105 Relative Error 0.027071865275502205
Epoch 106 Relative Error 0.02697436697781086
Epoch 107 Relative Error 0.02689293958246708
Epoch 108 Relative Error 0.02692680060863495
Epoch 109 Relative Error 0.027128977701067924
Epoch 110 Relative Error 0.02680373378098011
Epoch 111 Relative Error 0.026646088808774948
Epoch 112 Relative Error 0.026621343567967415
Epoch 113 Relative Error 0.026580551639199257
Epoch 114 Relative Error 0.026482872664928436
Epoch 115 Relative Error 0.026601450517773628
Epoch 116 Relative Error 0.02628306671977043
Epoch 117 Relative Error 0.026394648477435112
Epoch 118 Relative Error 0.026124382391572
Epoch 119 Relative Error 0.026504280045628548
Epoch 120 Relative Error 0.026095841079950333
Epoch 121 Relative Error 0.0260902289301157
Epoch 122 Relative Error 0.026594746857881546
Epoch 123 Relative Error 0.02594774402678013
Epoch 124 Relative Error 0.02582329697906971
Epoch 125 Relative Error 0.025823796167969704
Epoch 126 Relative Error 0.02573591284453869
Epoch 127 Relative Error 0.02568020112812519
Epoch 128 Relative Error 0.02598179131746292
Epoch 129 Relative Error 0.02553710527718067
Epoch 130 Relative Error 0.025496406480669975
Epoch 131 Relative Error 0.02546027861535549
Epoch 132 Relative Error 0.025369849056005478
Epoch 133 Relative Error 0.025339554995298386
Epoch 134 Relative Error 0.02520677261054516
Epoch 135 Relative Error 0.025152014568448067
Epoch 136 Relative Error 0.025355204939842224
Epoch 137 Relative Error 0.02564970590174198
Epoch 138 Relative Error 0.025343304499983788
Epoch 139 Relative Error 0.025785841047763824
Epoch 140 Relative Error 0.026566442102193832
Epoch 141 Relative Error 0.025992905721068382
Epoch 142 Relative Error 0.026085566729307175
Epoch 143 Relative Error 0.026497578248381615
Epoch 144 Relative Error 0.025619307532906532
Epoch 145 Relative Error 0.026015695184469223
Epoch 146 Relative Error 0.025396155193448067
Epoch 147 Relative Error 0.026916589587926865
Epoch 148 Relative Error 0.02566121518611908
Epoch 149 Relative Error 0.025314413011074066
Epoch 150 Relative Error 0.026349501684308052
Epoch 151 Relative Error 0.026024572551250458
Epoch 152 Relative Error 0.024586865678429604
Epoch 153 Relative Error 0.02541099488735199
Epoch 154 Relative Error 0.024748332798480988
Epoch 155 Relative Error 0.024795304983854294
Epoch 156 Relative Error 0.024780580773949623
Epoch 157 Relative Error 0.024663055315613747
Epoch 158 Relative Error 0.024249406531453133
Epoch 159 Relative Error 0.024108123034238815
Epoch 160 Relative Error 0.02414395660161972
Epoch 161 Relative Error 0.024000519886612892
Epoch 162 Relative Error 0.02395344339311123
Epoch 163 Relative Error 0.02384364791214466
Epoch 164 Relative Error 0.023918475955724716
Epoch 165 Relative Error 0.024128178134560585
Epoch 166 Relative Error 0.024224137887358665
Epoch 167 Relative Error 0.023848125711083412
Epoch 168 Relative Error 0.023975251242518425
Epoch 169 Relative Error 0.023585177958011627
Epoch 170 Relative Error 0.02360646426677704
Epoch 171 Relative Error 0.023625781759619713
Epoch 172 Relative Error 0.023409171029925346
Epoch 173 Relative Error 0.02410122938454151
Epoch 174 Relative Error 0.023513998836278915
Epoch 175 Relative Error 0.023405417799949646
Epoch 176 Relative Error 0.023754896596074104
Epoch 177 Relative Error 0.025876374915242195
Epoch 178 Relative Error 0.0247169379144907
Epoch 179 Relative Error 0.02475837431848049
Epoch 180 Relative Error 0.02344837784767151
Epoch 181 Relative Error 0.023497510701417923
Epoch 182 Relative Error 0.02320706471800804
Epoch 183 Relative Error 0.02324076183140278
Epoch 184 Relative Error 0.023127567023038864
Epoch 185 Relative Error 0.023047398775815964
Epoch 186 Relative Error 0.022912895306944847
Epoch 187 Relative Error 0.023105917498469353
Epoch 188 Relative Error 0.0228642076253891
Epoch 189 Relative Error 0.02307080291211605
Epoch 190 Relative Error 0.023401359096169472
Epoch 191 Relative Error 0.022851107642054558
Epoch 192 Relative Error 0.023141775280237198
Epoch 193 Relative Error 0.023518111556768417
Epoch 194 Relative Error 0.023811545222997665
Epoch 195 Relative Error 0.023177284747362137
Epoch 196 Relative Error 0.02305085025727749
Epoch 197 Relative Error 0.022994011640548706
Epoch 198 Relative Error 0.02385173924267292
Epoch 199 Relative Error 0.022700626403093338
Epoch 200 Relative Error 0.022729812189936638
Epoch 201 Relative Error 0.022651396691799164
Epoch 202 Relative Error 0.022504715248942375
Epoch 203 Relative Error 0.02231374755501747
Epoch 204 Relative Error 0.02258562669157982
Epoch 205 Relative Error 0.02355743944644928
Epoch 206 Relative Error 0.022536080330610275
Epoch 207 Relative Error 0.02298317663371563
Epoch 208 Relative Error 0.022485947236418724
Epoch 209 Relative Error 0.023335695266723633
Epoch 210 Relative Error 0.023830482736229897
Epoch 211 Relative Error 0.0240421574562788
Epoch 212 Relative Error 0.024335527792572975
Epoch 213 Relative Error 0.023706763982772827
Epoch 214 Relative Error 0.022634711116552353
Epoch 215 Relative Error 0.022675661370158195
Epoch 216 Relative Error 0.02232939936220646
Epoch 217 Relative Error 0.022154444828629494
Epoch 218 Relative Error 0.02327878773212433
Epoch 219 Relative Error 0.02222716249525547
Epoch 220 Relative Error 0.022354215383529663
Epoch 221 Relative Error 0.022503703832626343
Epoch 222 Relative Error 0.021986106410622597
Epoch 223 Relative Error 0.02196013368666172
Epoch 224 Relative Error 0.023795513436198235
Epoch 225 Relative Error 0.03179776296019554
Epoch 226 Relative Error 0.029598744586110115
Epoch 227 Relative Error 0.03218779340386391
Epoch 228 Relative Error 0.026290444657206535
Epoch 229 Relative Error 0.024832217022776604
Epoch 230 Relative Error 0.028160162270069122
Epoch 231 Relative Error 0.027003536000847816
Epoch 232 Relative Error 0.02954443357884884
Epoch 233 Relative Error 0.0426105335354805
Epoch 234 Relative Error 0.05131707713007927
Epoch 235 Relative Error 0.04635489732027054
Epoch 236 Relative Error 0.045021478086709976
Epoch 237 Relative Error 0.03478837385773659
Epoch 238 Relative Error 0.050819382071495056
Epoch 239 Relative Error 0.035119153559207916
Epoch 240 Relative Error 0.044373709708452225
Epoch 241 Relative Error 0.046795714646577835
Epoch 242 Relative Error 0.0549701564013958
Epoch 243 Relative Error 0.04424705728888512
Epoch 244 Relative Error 0.07058561593294144
Epoch 245 Relative Error 0.05761286988854408
Epoch 246 Relative Error 0.06250643730163574
Epoch 247 Relative Error 0.0598936602473259
Epoch 248 Relative Error 0.0358879454433918
Epoch 249 Relative Error 0.054595161229372025
Epoch 250 Relative Error 0.03484566882252693
Epoch 251 Relative Error 0.047990623861551285
Epoch 252 Relative Error 0.033891331404447556
Epoch 253 Relative Error 0.04183328151702881
Epoch 254 Relative Error 0.031026428565382957
Epoch 255 Relative Error 0.05104045197367668
Epoch 256 Relative Error 0.02518954873085022
Epoch 257 Relative Error 0.033556126058101654
Epoch 258 Relative Error 0.04508806765079498
Epoch 259 Relative Error 0.030657555907964706
Epoch 260 Relative Error 0.030511735007166862
Epoch 261 Relative Error 0.03049786016345024
Epoch 262 Relative Error 0.024286294355988503
Epoch 263 Relative Error 0.02536654844880104
Epoch 264 Relative Error 0.022430073469877243
Epoch 265 Relative Error 0.02220914326608181
Epoch 266 Relative Error 0.023036302998661995
Epoch 267 Relative Error 0.025261763483285904
Epoch 268 Relative Error 0.023057950660586357
Epoch 269 Relative Error 0.021188829094171524
Epoch 270 Relative Error 0.02215414308011532
Epoch 271 Relative Error 0.021642232313752174
Epoch 272 Relative Error 0.02218807488679886
Epoch 273 Relative Error 0.0210029985755682
Epoch 274 Relative Error 0.021248530596494675
Epoch 275 Relative Error 0.020867664366960526
Epoch 276 Relative Error 0.020916417241096497
Epoch 277 Relative Error 0.020653972402215004
Epoch 278 Relative Error 0.02093680016696453
Epoch 279 Relative Error 0.020764393731951714
Epoch 280 Relative Error 0.020782778039574623
Epoch 281 Relative Error 0.02057611383497715
Epoch 282 Relative Error 0.020585009828209877
Epoch 283 Relative Error 0.020556829869747162
Epoch 284 Relative Error 0.02057052217423916
Epoch 285 Relative Error 0.020903870463371277
Epoch 286 Relative Error 0.020786024630069733
Epoch 287 Relative Error 0.02052408456802368
Epoch 288 Relative Error 0.02072661556303501
Epoch 289 Relative Error 0.020562730729579926
Epoch 290 Relative Error 0.020674314349889755
Epoch 291 Relative Error 0.02080576680600643
Epoch 292 Relative Error 0.02063673734664917
Epoch 293 Relative Error 0.02056073397397995
Epoch 294 Relative Error 0.020574647933244705
Epoch 295 Relative Error 0.021261140704154968
Epoch 296 Relative Error 0.020967723801732063
Epoch 297 Relative Error 0.02066328190267086
Epoch 298 Relative Error 0.020447537302970886
Epoch 299 Relative Error 0.020951557904481888
Epoch 300 Relative Error 0.0208917073905468
Epoch 301 Relative Error 0.02070721425116062
Epoch 302 Relative Error 0.02068403922021389
Epoch 303 Relative Error 0.02042621187865734
Epoch 304 Relative Error 0.020829085260629654
Epoch 305 Relative Error 0.020471278578042984
Epoch 306 Relative Error 0.02036936767399311
Epoch 307 Relative Error 0.02018117904663086
Epoch 308 Relative Error 0.020330434665083885
Epoch 309 Relative Error 0.020166495814919472
Epoch 310 Relative Error 0.020436184480786324
Epoch 311 Relative Error 0.020291266962885857
Epoch 312 Relative Error 0.02036239020526409
Epoch 313 Relative Error 0.020331377163529396
Epoch 314 Relative Error 0.020202448591589928
Epoch 315 Relative Error 0.020290089771151543
Epoch 316 Relative Error 0.02090531401336193
Epoch 317 Relative Error 0.020687494426965714
Epoch 318 Relative Error 0.02039281278848648
Epoch 319 Relative Error 0.020429519936442375
Epoch 320 Relative Error 0.020203541964292526
Epoch 321 Relative Error 0.02000071294605732
Epoch 322 Relative Error 0.020252607762813568
Epoch 323 Relative Error 0.019963618367910385
Epoch 324 Relative Error 0.020178845152258873
Epoch 325 Relative Error 0.020285021513700485
Epoch 326 Relative Error 0.01997135579586029
Epoch 327 Relative Error 0.02055097185075283
Epoch 328 Relative Error 0.02011159248650074
Epoch 329 Relative Error 0.02010538801550865
Epoch 330 Relative Error 0.021452942863106728
Epoch 331 Relative Error 0.020681681111454964
Epoch 332 Relative Error 0.020349103957414627
Epoch 333 Relative Error 0.020256096497178078
Epoch 334 Relative Error 0.020035427063703537
Epoch 335 Relative Error 0.020126869902014732
Epoch 336 Relative Error 0.01992870680987835
Epoch 337 Relative Error 0.020032862201333046
Epoch 338 Relative Error 0.020083675161004066
Epoch 339 Relative Error 0.019966209307312965
Epoch 340 Relative Error 0.019815195351839066
Epoch 341 Relative Error 0.019705094397068024
Epoch 342 Relative Error 0.01988644152879715
Epoch 343 Relative Error 0.019720345735549927
Epoch 344 Relative Error 0.019676880910992622
Epoch 345 Relative Error 0.019599344581365585
Epoch 346 Relative Error 0.019663406535983086
Epoch 347 Relative Error 0.01971929892897606
Epoch 348 Relative Error 0.019796259701251984
Epoch 349 Relative Error 0.01972256787121296
Epoch 350 Relative Error 0.019785819575190544
Epoch 351 Relative Error 0.020420463755726814
Epoch 352 Relative Error 0.019844911992549896
Epoch 353 Relative Error 0.020135561004281044
Epoch 354 Relative Error 0.01964823342859745
Epoch 355 Relative Error 0.01963549107313156
Epoch 356 Relative Error 0.019602792337536812
Epoch 357 Relative Error 0.019642289727926254
Epoch 358 Relative Error 0.019727885723114014
Epoch 359 Relative Error 0.019504928961396217
Epoch 360 Relative Error 0.01960027776658535
Epoch 361 Relative Error 0.019526470452547073
Epoch 362 Relative Error 0.02003154717385769
Epoch 363 Relative Error 0.020381592214107513
Epoch 364 Relative Error 0.01984785869717598
Epoch 365 Relative Error 0.0201991219073534
Epoch 366 Relative Error 0.02222590707242489
Epoch 367 Relative Error 0.019712194800376892
Epoch 368 Relative Error 0.02088439278304577
Epoch 369 Relative Error 0.019761085510253906
Epoch 370 Relative Error 0.0195040013641119
Epoch 371 Relative Error 0.019766580313444138
Epoch 372 Relative Error 0.019894277676939964
Epoch 373 Relative Error 0.01952822506427765
Epoch 374 Relative Error 0.019695358350872993
Epoch 375 Relative Error 0.02039010263979435
Epoch 376 Relative Error 0.020319148898124695
Epoch 377 Relative Error 0.02084064856171608
Epoch 378 Relative Error 0.020384829491376877
Epoch 379 Relative Error 0.020345225930213928
Epoch 380 Relative Error 0.022271079942584038
Epoch 381 Relative Error 0.02476799488067627
Epoch 382 Relative Error 0.020403165370225906
Epoch 383 Relative Error 0.024920053780078888
Epoch 384 Relative Error 0.02034834772348404
Epoch 385 Relative Error 0.01999017968773842
Epoch 386 Relative Error 0.020606499165296555
Epoch 387 Relative Error 0.019912835210561752
Epoch 388 Relative Error 0.019471002742648125
Epoch 389 Relative Error 0.019994262605905533
Epoch 390 Relative Error 0.01952509582042694
Epoch 391 Relative Error 0.019279632717370987
Epoch 392 Relative Error 0.019475046545267105
Epoch 393 Relative Error 0.019185172393918037
Epoch 394 Relative Error 0.019284559413790703
Epoch 395 Relative Error 0.01917041651904583
Epoch 396 Relative Error 0.019342459738254547
Epoch 397 Relative Error 0.019231470301747322
Epoch 398 Relative Error 0.01985383965075016
Epoch 399 Relative Error 0.021030830219388008
Epoch 400 Relative Error 0.023148179054260254
Epoch 401 Relative Error 0.026661531999707222
Epoch 402 Relative Error 0.026294821873307228
Epoch 403 Relative Error 0.029739396646618843
Epoch 404 Relative Error 0.023148005828261375
Epoch 405 Relative Error 0.025997484102845192
Epoch 406 Relative Error 0.019901853054761887
Epoch 407 Relative Error 0.021432217210531235
Epoch 408 Relative Error 0.021682588383555412
Epoch 409 Relative Error 0.020560387521982193
Epoch 410 Relative Error 0.019559567794203758
Epoch 411 Relative Error 0.02057693898677826
Epoch 412 Relative Error 0.019923130050301552
Epoch 413 Relative Error 0.020233510062098503
Epoch 414 Relative Error 0.02101447992026806
Epoch 415 Relative Error 0.01983913965523243
Epoch 416 Relative Error 0.019882353022694588
Epoch 417 Relative Error 0.022594250738620758
Epoch 418 Relative Error 0.021472323685884476
Epoch 419 Relative Error 0.020210590213537216
Epoch 420 Relative Error 0.02210572175681591
Epoch 421 Relative Error 0.02040054090321064
Epoch 422 Relative Error 0.019954172894358635
Epoch 423 Relative Error 0.02077961154282093
Epoch 424 Relative Error 0.019429132342338562
Epoch 425 Relative Error 0.020322509109973907
Epoch 426 Relative Error 0.01964889094233513
Epoch 427 Relative Error 0.020638717338442802
Epoch 428 Relative Error 0.02055811509490013
Epoch 429 Relative Error 0.0207250714302063
Epoch 430 Relative Error 0.019952064380049706
Epoch 431 Relative Error 0.022996211424469948
Epoch 432 Relative Error 0.020755818113684654
Epoch 433 Relative Error 0.020030751824378967
Epoch 434 Relative Error 0.020456915721297264
Epoch 435 Relative Error 0.019577840343117714
Epoch 436 Relative Error 0.021796466782689095
Epoch 437 Relative Error 0.020045071840286255
Epoch 438 Relative Error 0.03035944141447544
Epoch 439 Relative Error 0.02737424708902836
Epoch 440 Relative Error 0.02909083664417267
Epoch 441 Relative Error 0.038662660866975784
Epoch 442 Relative Error 0.024728311225771904
Epoch 443 Relative Error 0.03000960312783718
Epoch 444 Relative Error 0.026895007118582726
Epoch 445 Relative Error 0.028778713196516037
Epoch 446 Relative Error 0.026121119037270546
Epoch 447 Relative Error 0.021321356296539307
Epoch 448 Relative Error 0.02175673469901085
Epoch 449 Relative Error 0.019467022269964218
Epoch 450 Relative Error 0.02009335160255432
Epoch 451 Relative Error 0.02009633183479309
Epoch 452 Relative Error 0.019782163202762604
Epoch 453 Relative Error 0.021012134850025177
Epoch 454 Relative Error 0.019267583265900612
Epoch 455 Relative Error 0.019565824419260025
Epoch 456 Relative Error 0.019843611866235733
Epoch 457 Relative Error 0.019009258598089218
Epoch 458 Relative Error 0.018528370186686516
Epoch 459 Relative Error 0.019064532592892647
Epoch 460 Relative Error 0.01916590705513954
Epoch 461 Relative Error 0.018710551783442497
Epoch 462 Relative Error 0.018729617819190025
Epoch 463 Relative Error 0.018653010949492455
Epoch 464 Relative Error 0.018416423350572586
Epoch 465 Relative Error 0.018399571999907494
Epoch 466 Relative Error 0.018560003489255905
Epoch 467 Relative Error 0.01846415363252163
Epoch 468 Relative Error 0.01847144402563572
Epoch 469 Relative Error 0.01852809637784958
Epoch 470 Relative Error 0.018513448536396027
Epoch 471 Relative Error 0.018436197191476822
Epoch 472 Relative Error 0.018345553427934647
Epoch 473 Relative Error 0.018477661535143852
Epoch 474 Relative Error 0.018456734716892242
Epoch 475 Relative Error 0.01859268732368946
Epoch 476 Relative Error 0.01861637458205223
Epoch 477 Relative Error 0.018856395035982132
Epoch 478 Relative Error 0.019134342670440674
Epoch 479 Relative Error 0.019161637872457504
Epoch 480 Relative Error 0.01855691708624363
Epoch 481 Relative Error 0.018505321815609932
Epoch 482 Relative Error 0.01867440529167652
Epoch 483 Relative Error 0.01918204315006733
Epoch 484 Relative Error 0.018742145970463753
Epoch 485 Relative Error 0.018505068495869637
Epoch 486 Relative Error 0.01891581155359745
Epoch 487 Relative Error 0.0183032788336277
Epoch 488 Relative Error 0.018510330468416214
Epoch 489 Relative Error 0.018369244411587715
Epoch 490 Relative Error 0.018569834530353546
Epoch 491 Relative Error 0.019226493313908577
Epoch 492 Relative Error 0.01918015442788601
Epoch 493 Relative Error 0.018990783020853996
Epoch 494 Relative Error 0.018526868894696236
Epoch 495 Relative Error 0.01863560453057289
Epoch 496 Relative Error 0.018601451069116592
Epoch 497 Relative Error 0.018457794561982155
Epoch 498 Relative Error 0.018380573019385338
Epoch 499 Relative Error 0.018370620906352997
Epoch 500 Relative Error 0.019046692177653313
Epoch 501 Relative Error 0.021183282136917114
Epoch 502 Relative Error 0.021582091227173805
Epoch 503 Relative Error 0.01953287608921528
Epoch 504 Relative Error 0.020246457308530807
Epoch 505 Relative Error 0.018526975065469742
Epoch 506 Relative Error 0.021163078024983406
Epoch 507 Relative Error 0.023748505860567093
Epoch 508 Relative Error 0.02062475122511387
Epoch 509 Relative Error 0.01922716200351715
Epoch 510 Relative Error 0.0207687858492136
Epoch 511 Relative Error 0.019780710339546204
Epoch 512 Relative Error 0.020632026717066765
Epoch 513 Relative Error 0.02110481448471546
Epoch 514 Relative Error 0.028189891949295998
Epoch 515 Relative Error 0.021628184244036674
Epoch 516 Relative Error 0.03821371868252754
Epoch 517 Relative Error 0.04455779865384102
Epoch 518 Relative Error 0.04181955009698868
Epoch 519 Relative Error 0.05783167853951454
Epoch 520 Relative Error 0.05330158770084381
Epoch 521 Relative Error 0.04299785569310188
Epoch 522 Relative Error 0.03179931640625
Epoch 523 Relative Error 0.03083125129342079
Epoch 524 Relative Error 0.02419758215546608
Epoch 525 Relative Error 0.0286392942070961
Epoch 526 Relative Error 0.02915283665060997
Epoch 527 Relative Error 0.023933405056595802
Epoch 528 Relative Error 0.029125479981303215
Epoch 529 Relative Error 0.021934151649475098
Epoch 530 Relative Error 0.021658288314938545
Epoch 531 Relative Error 0.019150294363498688
Epoch 532 Relative Error 0.01822812110185623
Epoch 533 Relative Error 0.018447238951921463
Epoch 534 Relative Error 0.018207259476184845
Epoch 535 Relative Error 0.01874074898660183
Epoch 536 Relative Error 0.020380962640047073
Epoch 537 Relative Error 0.019669802859425545
Epoch 538 Relative Error 0.019759435206651688
Epoch 539 Relative Error 0.018937528133392334
Epoch 540 Relative Error 0.02069127932190895
Epoch 541 Relative Error 0.019367612898349762
Epoch 542 Relative Error 0.02351493202149868
Epoch 543 Relative Error 0.02062511071562767
Epoch 544 Relative Error 0.02002943679690361
Epoch 545 Relative Error 0.02241353504359722
Epoch 546 Relative Error 0.02123064547777176
Epoch 547 Relative Error 0.02020249329507351
Epoch 548 Relative Error 0.046348150819540024
Epoch 549 Relative Error 0.023957405239343643
Epoch 550 Relative Error 0.04109415411949158
Epoch 551 Relative Error 0.042122457176446915
Epoch 552 Relative Error 0.05078142136335373
Epoch 553 Relative Error 0.05839661508798599
Epoch 554 Relative Error 0.03780454769730568
Epoch 555 Relative Error 0.05896803364157677
Epoch 556 Relative Error 0.06627099215984344
Epoch 557 Relative Error 0.07154982537031174
Epoch 558 Relative Error 0.06885570287704468
Epoch 559 Relative Error 0.06962943077087402
Epoch 560 Relative Error 0.05829565227031708
Epoch 561 Relative Error 0.08000119775533676
Epoch 562 Relative Error 0.14536255598068237
Epoch 563 Relative Error 0.26294681429862976
Epoch 564 Relative Error 0.7772992253303528
Epoch 565 Relative Error 0.3882928788661957
Epoch 566 Relative Error 0.5763529539108276
Epoch 567 Relative Error 0.701836884021759
Epoch 568 Relative Error 0.6669878363609314
Epoch 569 Relative Error 0.5925721526145935
Epoch 570 Relative Error 0.6123546361923218
Epoch 571 Relative Error 0.3987806439399719
Epoch 572 Relative Error 0.4592934250831604
Epoch 573 Relative Error 0.3628469407558441
Epoch 574 Relative Error 0.3059321939945221
Epoch 575 Relative Error 0.4081537127494812
Epoch 576 Relative Error 0.2576032280921936
Epoch 577 Relative Error 0.1394205540418625
Epoch 578 Relative Error 0.13800053298473358
Epoch 579 Relative Error 0.11265671998262405
Epoch 580 Relative Error 0.06994788348674774
Epoch 581 Relative Error 0.05368181690573692
Epoch 582 Relative Error 0.05466756969690323
Epoch 583 Relative Error 0.05378308147192001
Epoch 584 Relative Error 0.031400080770254135
Epoch 585 Relative Error 0.037953369319438934
Epoch 586 Relative Error 0.043299734592437744
Epoch 587 Relative Error 0.03866174444556236
Epoch 588 Relative Error 0.02780018374323845
Epoch 589 Relative Error 0.02751324512064457
Epoch 590 Relative Error 0.03836376592516899
Epoch 591 Relative Error 0.03174499422311783
Epoch 592 Relative Error 0.025389060378074646
Epoch 593 Relative Error 0.022822991013526917
Epoch 594 Relative Error 0.027386240661144257
Epoch 595 Relative Error 0.020210476592183113
Epoch 596 Relative Error 0.02422535978257656
Epoch 597 Relative Error 0.01937716454267502
Epoch 598 Relative Error 0.019540179520845413
Epoch 599 Relative Error 0.019882874563336372
Epoch 600 Relative Error 0.01825871877372265
Epoch 601 Relative Error 0.018681615591049194
Epoch 602 Relative Error 0.01766578108072281
Epoch 603 Relative Error 0.01777210459113121
Epoch 604 Relative Error 0.017567820847034454
Epoch 605 Relative Error 0.017510468140244484
Epoch 606 Relative Error 0.017533879727125168
Epoch 607 Relative Error 0.017428694292902946
Epoch 608 Relative Error 0.017378900200128555
Epoch 609 Relative Error 0.017407506704330444
Epoch 610 Relative Error 0.017468702048063278
Epoch 611 Relative Error 0.017394671216607094
Epoch 612 Relative Error 0.017372051253914833
Epoch 613 Relative Error 0.01734575629234314
Epoch 614 Relative Error 0.01728777214884758
Epoch 615 Relative Error 0.017316820099949837
Epoch 616 Relative Error 0.0173012875020504
Epoch 617 Relative Error 0.01732809841632843
Epoch 618 Relative Error 0.01724398508667946
Epoch 619 Relative Error 0.017258629202842712
Epoch 620 Relative Error 0.017235388979315758
Epoch 621 Relative Error 0.01726818084716797
Epoch 622 Relative Error 0.017229769378900528
Epoch 623 Relative Error 0.017237568274140358
Epoch 624 Relative Error 0.017216192558407784
Epoch 625 Relative Error 0.01724129356443882
Epoch 626 Relative Error 0.017260584980249405
Epoch 627 Relative Error 0.017187152057886124
Epoch 628 Relative Error 0.017215071246027946
Epoch 629 Relative Error 0.017168521881103516
Epoch 630 Relative Error 0.017259003594517708
Epoch 631 Relative Error 0.01727125234901905
Epoch 632 Relative Error 0.017270967364311218
Epoch 633 Relative Error 0.01729380153119564
Epoch 634 Relative Error 0.01718158833682537
Epoch 635 Relative Error 0.017227057367563248
Epoch 636 Relative Error 0.01737275719642639
Epoch 637 Relative Error 0.017294730991125107
Epoch 638 Relative Error 0.01716948300600052
Epoch 639 Relative Error 0.01719338446855545
Epoch 640 Relative Error 0.017145419493317604
Epoch 641 Relative Error 0.017170581966638565
Epoch 642 Relative Error 0.01710662804543972
Epoch 643 Relative Error 0.017157582566142082
Epoch 644 Relative Error 0.01714569889008999
Epoch 645 Relative Error 0.017111826688051224
Epoch 646 Relative Error 0.017150679603219032
Epoch 647 Relative Error 0.017160438001155853
Epoch 648 Relative Error 0.017100388184189796
Epoch 649 Relative Error 0.0170898400247097
Epoch 650 Relative Error 0.01708027347922325
Epoch 651 Relative Error 0.017073936760425568
Epoch 652 Relative Error 0.017088115215301514
Epoch 653 Relative Error 0.01709357649087906
Epoch 654 Relative Error 0.01710035465657711
Epoch 655 Relative Error 0.01708349958062172
Epoch 656 Relative Error 0.01710272952914238
Epoch 657 Relative Error 0.017048534005880356
Epoch 658 Relative Error 0.017049314454197884
Epoch 659 Relative Error 0.017049163579940796
Epoch 660 Relative Error 0.017059149220585823
Epoch 661 Relative Error 0.017107365652918816
Epoch 662 Relative Error 0.017101557925343513
Epoch 663 Relative Error 0.01710970140993595
Epoch 664 Relative Error 0.0170432198792696
Epoch 665 Relative Error 0.017019078135490417
Epoch 666 Relative Error 0.01702817529439926
Epoch 667 Relative Error 0.0169946551322937
Epoch 668 Relative Error 0.017002739012241364
Epoch 669 Relative Error 0.01700754091143608
Epoch 670 Relative Error 0.016988225281238556
Epoch 671 Relative Error 0.017002353444695473
Epoch 672 Relative Error 0.016980785876512527
Epoch 673 Relative Error 0.016987551003694534
Epoch 674 Relative Error 0.016994943842291832
Epoch 675 Relative Error 0.017002318054437637
Epoch 676 Relative Error 0.016997605562210083
Epoch 677 Relative Error 0.016995975747704506
Epoch 678 Relative Error 0.016961613669991493
Epoch 679 Relative Error 0.016983572393655777
Epoch 680 Relative Error 0.017008012160658836
Epoch 681 Relative Error 0.01699107326567173
Epoch 682 Relative Error 0.016971947625279427
Epoch 683 Relative Error 0.017006954178214073
Epoch 684 Relative Error 0.016989996656775475
Epoch 685 Relative Error 0.017011478543281555
Epoch 686 Relative Error 0.016982339322566986
Epoch 687 Relative Error 0.016997022554278374
Epoch 688 Relative Error 0.016961386427283287
Epoch 689 Relative Error 0.016927173361182213
Epoch 690 Relative Error 0.016989178955554962
Epoch 691 Relative Error 0.017039939761161804
Epoch 692 Relative Error 0.017056172713637352
Epoch 693 Relative Error 0.01695259101688862
Epoch 694 Relative Error 0.016942864283919334
Epoch 695 Relative Error 0.016949813812971115
Epoch 696 Relative Error 0.016964027658104897
Epoch 697 Relative Error 0.016969460994005203
Epoch 698 Relative Error 0.016903726384043694
Epoch 699 Relative Error 0.016889400780200958
Epoch 700 Relative Error 0.016989286988973618
Epoch 701 Relative Error 0.01696154475212097
Epoch 702 Relative Error 0.016936419531702995
Epoch 703 Relative Error 0.016989318653941154
Epoch 704 Relative Error 0.016984980553388596
Epoch 705 Relative Error 0.017075281590223312
Epoch 706 Relative Error 0.016915269196033478
Epoch 707 Relative Error 0.0169812124222517
Epoch 708 Relative Error 0.01694086566567421
Epoch 709 Relative Error 0.016884678974747658
Epoch 710 Relative Error 0.016938116401433945
Epoch 711 Relative Error 0.01694481447339058
Epoch 712 Relative Error 0.016887541860342026
Epoch 713 Relative Error 0.0168173648416996
Epoch 714 Relative Error 0.016863686963915825
Epoch 715 Relative Error 0.01685885153710842
Epoch 716 Relative Error 0.016808563843369484
Epoch 717 Relative Error 0.016824955120682716
Epoch 718 Relative Error 0.016877232119441032
Epoch 719 Relative Error 0.01680268533527851
Epoch 720 Relative Error 0.016806703060865402
Epoch 721 Relative Error 0.016823692247271538
Epoch 722 Relative Error 0.016780029982328415
Epoch 723 Relative Error 0.016826309263706207
Epoch 724 Relative Error 0.016837557777762413
Epoch 725 Relative Error 0.016873039305210114
Epoch 726 Relative Error 0.016791963949799538
Epoch 727 Relative Error 0.01680147461593151
Epoch 728 Relative Error 0.01690584607422352
Epoch 729 Relative Error 0.017039207741618156
Epoch 730 Relative Error 0.01692568138241768
Epoch 731 Relative Error 0.016876893118023872
Epoch 732 Relative Error 0.01685015857219696
Epoch 733 Relative Error 0.016894599422812462
Epoch 734 Relative Error 0.016800174489617348
Epoch 735 Relative Error 0.016847074031829834
Epoch 736 Relative Error 0.01678209938108921
Epoch 737 Relative Error 0.016801776364445686
Epoch 738 Relative Error 0.01679779216647148
Epoch 739 Relative Error 0.01675635389983654
Epoch 740 Relative Error 0.01678103767335415
Epoch 741 Relative Error 0.01677274890244007
Epoch 742 Relative Error 0.01672639697790146
Epoch 743 Relative Error 0.016711222007870674
Epoch 744 Relative Error 0.016711527481675148
Epoch 745 Relative Error 0.01671760343015194
Epoch 746 Relative Error 0.016735432669520378
Epoch 747 Relative Error 0.016666600480675697
Epoch 748 Relative Error 0.01669415272772312
Epoch 749 Relative Error 0.01669631525874138
Epoch 750 Relative Error 0.01673179119825363
Epoch 751 Relative Error 0.01667092740535736
Epoch 752 Relative Error 0.016667816787958145
Epoch 753 Relative Error 0.01670854352414608
Epoch 754 Relative Error 0.016701428219676018
Epoch 755 Relative Error 0.01669449917972088
Epoch 756 Relative Error 0.0166546031832695
Epoch 757 Relative Error 0.0166737362742424
Epoch 758 Relative Error 0.01662376895546913
Epoch 759 Relative Error 0.01668422855436802
Epoch 760 Relative Error 0.016672564670443535
Epoch 761 Relative Error 0.016708459705114365
Epoch 762 Relative Error 0.01677369326353073
Epoch 763 Relative Error 0.01676597259938717
Epoch 764 Relative Error 0.016768930479884148
Epoch 765 Relative Error 0.01671714149415493
Epoch 766 Relative Error 0.016721002757549286
Epoch 767 Relative Error 0.016702597960829735
Epoch 768 Relative Error 0.01661464385688305
Epoch 769 Relative Error 0.01676463894546032
Epoch 770 Relative Error 0.01675703004002571
Epoch 771 Relative Error 0.01679168827831745
Epoch 772 Relative Error 0.01660223864018917
Epoch 773 Relative Error 0.016656994819641113
Epoch 774 Relative Error 0.016628609970211983
Epoch 775 Relative Error 0.016679631546139717
Epoch 776 Relative Error 0.01659831777215004
Epoch 777 Relative Error 0.016588598489761353
Epoch 778 Relative Error 0.016613852232694626
Epoch 779 Relative Error 0.01661369763314724
Epoch 780 Relative Error 0.01657579466700554
Epoch 781 Relative Error 0.016563786193728447
Epoch 782 Relative Error 0.01653769612312317
Epoch 783 Relative Error 0.016582468524575233
Epoch 784 Relative Error 0.016569165512919426
Epoch 785 Relative Error 0.016607075929641724
Epoch 786 Relative Error 0.016589703038334846
Epoch 787 Relative Error 0.0165565125644207
Epoch 788 Relative Error 0.016550537198781967
Epoch 789 Relative Error 0.016532346606254578
Epoch 790 Relative Error 0.01661181077361107
Epoch 791 Relative Error 0.016632433980703354
Epoch 792 Relative Error 0.01653873920440674
Epoch 793 Relative Error 0.016496691852808
Epoch 794 Relative Error 0.016530627384781837
Epoch 795 Relative Error 0.016520781442523003
Epoch 796 Relative Error 0.016539668664336205
Epoch 797 Relative Error 0.016569074243307114
Epoch 798 Relative Error 0.01653563603758812
Epoch 799 Relative Error 0.01650732383131981
Epoch 800 Relative Error 0.016685128211975098
Epoch 801 Relative Error 0.016513630747795105
Epoch 802 Relative Error 0.016528846696019173
Epoch 803 Relative Error 0.016589323058724403
Epoch 804 Relative Error 0.016520092263817787
Epoch 805 Relative Error 0.016475090757012367
Epoch 806 Relative Error 0.016551624983549118
Epoch 807 Relative Error 0.016474010422825813
Epoch 808 Relative Error 0.016501635313034058
Epoch 809 Relative Error 0.016481058672070503
Epoch 810 Relative Error 0.01643453538417816
Epoch 811 Relative Error 0.01647667959332466
Epoch 812 Relative Error 0.016487250104546547
Epoch 813 Relative Error 0.016460305079817772
Epoch 814 Relative Error 0.016452111303806305
Epoch 815 Relative Error 0.016464702785015106
Epoch 816 Relative Error 0.016476716846227646
Epoch 817 Relative Error 0.016459552571177483
Epoch 818 Relative Error 0.016481198370456696
Epoch 819 Relative Error 0.016426721587777138
Epoch 820 Relative Error 0.016419515013694763
Epoch 821 Relative Error 0.016420314088463783
Epoch 822 Relative Error 0.016428189352154732
Epoch 823 Relative Error 0.016418948769569397
Epoch 824 Relative Error 0.016401296481490135
Epoch 825 Relative Error 0.016443924978375435
Epoch 826 Relative Error 0.016403216868638992
Epoch 827 Relative Error 0.016389813274145126
Epoch 828 Relative Error 0.016379835084080696
Epoch 829 Relative Error 0.016403386369347572
Epoch 830 Relative Error 0.016387617215514183
Epoch 831 Relative Error 0.01640096679329872
Epoch 832 Relative Error 0.01637210324406624
Epoch 833 Relative Error 0.01640646532177925
Epoch 834 Relative Error 0.016362112015485764
Epoch 835 Relative Error 0.01641003228724003
Epoch 836 Relative Error 0.016350679099559784
Epoch 837 Relative Error 0.016398867592215538
Epoch 838 Relative Error 0.016401024535298347
Epoch 839 Relative Error 0.016357578337192535
Epoch 840 Relative Error 0.01636521704494953
Epoch 841 Relative Error 0.01636970229446888
Epoch 842 Relative Error 0.016381889581680298
Epoch 843 Relative Error 0.016357189044356346
Epoch 844 Relative Error 0.01635028049349785
Epoch 845 Relative Error 0.01634024828672409
Epoch 846 Relative Error 0.016323789954185486
Epoch 847 Relative Error 0.01634138636291027
Epoch 848 Relative Error 0.01643618755042553
Epoch 849 Relative Error 0.01659458875656128
Epoch 850 Relative Error 0.016449423506855965
Epoch 851 Relative Error 0.016348350793123245
Epoch 852 Relative Error 0.016454020515084267
Epoch 853 Relative Error 0.01635752059519291
Epoch 854 Relative Error 0.01632562279701233
Epoch 855 Relative Error 0.016300195828080177
Epoch 856 Relative Error 0.01632346585392952
Epoch 857 Relative Error 0.016299378126859665
Epoch 858 Relative Error 0.01628972962498665
Epoch 859 Relative Error 0.01628689095377922
Epoch 860 Relative Error 0.016277074813842773
Epoch 861 Relative Error 0.01635335385799408
Epoch 862 Relative Error 0.016357144340872765
Epoch 863 Relative Error 0.016258124262094498
Epoch 864 Relative Error 0.01642453670501709
Epoch 865 Relative Error 0.0164982620626688
Epoch 866 Relative Error 0.01638634316623211
Epoch 867 Relative Error 0.01628097891807556
Epoch 868 Relative Error 0.016295412555336952
Epoch 869 Relative Error 0.016344403848052025
Epoch 870 Relative Error 0.01625189557671547
Epoch 871 Relative Error 0.016264386475086212
Epoch 872 Relative Error 0.016276437789201736
Epoch 873 Relative Error 0.01629149168729782
Epoch 874 Relative Error 0.016292864456772804
Epoch 875 Relative Error 0.016303664073348045
Epoch 876 Relative Error 0.01639297418296337
Epoch 877 Relative Error 0.016428392380475998
Epoch 878 Relative Error 0.016321640461683273
Epoch 879 Relative Error 0.016455087810754776
Epoch 880 Relative Error 0.016607128083705902
Epoch 881 Relative Error 0.01649997942149639
Epoch 882 Relative Error 0.016349084675312042
Epoch 883 Relative Error 0.016410090029239655
Epoch 884 Relative Error 0.01638610288500786
Epoch 885 Relative Error 0.016503728926181793
Epoch 886 Relative Error 0.01631942018866539
Epoch 887 Relative Error 0.01640036702156067
Epoch 888 Relative Error 0.016601350158452988
Epoch 889 Relative Error 0.016270561143755913
Epoch 890 Relative Error 0.016245923936367035
Epoch 891 Relative Error 0.01620197296142578
Epoch 892 Relative Error 0.016249457374215126
Epoch 893 Relative Error 0.01650308445096016
Epoch 894 Relative Error 0.01625744439661503
Epoch 895 Relative Error 0.0161986593157053
Epoch 896 Relative Error 0.01623515971004963
Epoch 897 Relative Error 0.01625395566225052
Epoch 898 Relative Error 0.01628842018544674
Epoch 899 Relative Error 0.01622708886861801
Epoch 900 Relative Error 0.01622350700199604
Epoch 901 Relative Error 0.016222136095166206
Epoch 902 Relative Error 0.016182618215680122
Epoch 903 Relative Error 0.01613830029964447
Epoch 904 Relative Error 0.016201747581362724
Epoch 905 Relative Error 0.01626366190612316
Epoch 906 Relative Error 0.016216430813074112
Epoch 907 Relative Error 0.01614585891366005
Epoch 908 Relative Error 0.016176506876945496
Epoch 909 Relative Error 0.01614818163216114
Epoch 910 Relative Error 0.01615813747048378
Epoch 911 Relative Error 0.016172172501683235
Epoch 912 Relative Error 0.01625085435807705
Epoch 913 Relative Error 0.01618015579879284
Epoch 914 Relative Error 0.016185883432626724
Epoch 915 Relative Error 0.016229458153247833
Epoch 916 Relative Error 0.016308583319187164
Epoch 917 Relative Error 0.01616482250392437
Epoch 918 Relative Error 0.01614420861005783
Epoch 919 Relative Error 0.016170307993888855
Epoch 920 Relative Error 0.016210731118917465
Epoch 921 Relative Error 0.01619788445532322
Epoch 922 Relative Error 0.016105566173791885
Epoch 923 Relative Error 0.016123134642839432
Epoch 924 Relative Error 0.016097089275717735
Epoch 925 Relative Error 0.016144627705216408
Epoch 926 Relative Error 0.016272976994514465
Epoch 927 Relative Error 0.016112608835101128
Epoch 928 Relative Error 0.016085447743535042
Epoch 929 Relative Error 0.016078433021903038
Epoch 930 Relative Error 0.016077160835266113
Epoch 931 Relative Error 0.01610984280705452
Epoch 932 Relative Error 0.016118057072162628
Epoch 933 Relative Error 0.016062891110777855
Epoch 934 Relative Error 0.016079828143119812
Epoch 935 Relative Error 0.01605888642370701
Epoch 936 Relative Error 0.016153737902641296
Epoch 937 Relative Error 0.016235174611210823
Epoch 938 Relative Error 0.016323817893862724
Epoch 939 Relative Error 0.016297152265906334
Epoch 940 Relative Error 0.016061682254076004
Epoch 941 Relative Error 0.016067134216427803
Epoch 942 Relative Error 0.016079921275377274
Epoch 943 Relative Error 0.01610257849097252
Epoch 944 Relative Error 0.016156451776623726
Epoch 945 Relative Error 0.016021374613046646
Epoch 946 Relative Error 0.016028108075261116
Epoch 947 Relative Error 0.016032693907618523
Epoch 948 Relative Error 0.01603451557457447
Epoch 949 Relative Error 0.016084322705864906
Epoch 950 Relative Error 0.016071319580078125
Epoch 951 Relative Error 0.016047609969973564
Epoch 952 Relative Error 0.01602310501039028
Epoch 953 Relative Error 0.016025422140955925
Epoch 954 Relative Error 0.01601257547736168
Epoch 955 Relative Error 0.016011329367756844
Epoch 956 Relative Error 0.016055529937148094
Epoch 957 Relative Error 0.015992913395166397
Epoch 958 Relative Error 0.016117315739393234
Epoch 959 Relative Error 0.016054244711995125
Epoch 960 Relative Error 0.016066813841462135
Epoch 961 Relative Error 0.016085900366306305
Epoch 962 Relative Error 0.016030706465244293
Epoch 963 Relative Error 0.016009202226996422
Epoch 964 Relative Error 0.016056958585977554
Epoch 965 Relative Error 0.015993855893611908
Epoch 966 Relative Error 0.016015727072954178
Epoch 967 Relative Error 0.016069095581769943
Epoch 968 Relative Error 0.016024764627218246
Epoch 969 Relative Error 0.016105715185403824
Epoch 970 Relative Error 0.015971828252077103
Epoch 971 Relative Error 0.016040852293372154
Epoch 972 Relative Error 0.016009246930480003
Epoch 973 Relative Error 0.01595938391983509
Epoch 974 Relative Error 0.015957847237586975
Epoch 975 Relative Error 0.015998315066099167
Epoch 976 Relative Error 0.01596246287226677
Epoch 977 Relative Error 0.015999849885702133
Epoch 978 Relative Error 0.015963084995746613
Epoch 979 Relative Error 0.015941770747303963
Epoch 980 Relative Error 0.015999402850866318
Epoch 981 Relative Error 0.015942107886075974
Epoch 982 Relative Error 0.01594560220837593
Epoch 983 Relative Error 0.016038689762353897
Epoch 984 Relative Error 0.015978677198290825
Epoch 985 Relative Error 0.015927253291010857
Epoch 986 Relative Error 0.015903733670711517
Epoch 987 Relative Error 0.015891944989562035
Epoch 988 Relative Error 0.0159077700227499
Epoch 989 Relative Error 0.015915358439087868
Epoch 990 Relative Error 0.015933828428387642
Epoch 991 Relative Error 0.015932027250528336
Epoch 992 Relative Error 0.015890778973698616
Epoch 993 Relative Error 0.015897968783974648
Epoch 994 Relative Error 0.01588054746389389
Epoch 995 Relative Error 0.015885701403021812
Epoch 996 Relative Error 0.015870744362473488
Epoch 997 Relative Error 0.015880275517702103
Epoch 998 Relative Error 0.015865575522184372
Epoch 999 Relative Error 0.0158836729824543
Epoch 1000 Relative Error 0.015870196744799614
RE (1, 6, 17, 0): 0.015865575522184372
Green's Function RE (1, 6, 17, 0): 0.023450935259461403
Bias Term RE (1, 6, 17, 0): 0.014333483763039112
Combination (1, 6, 17, 0, 0): 0.015452581457793713
Combination (1, 6, 17, 0, 1): 0.015130975283682346
Combination (1, 6, 17, 0, 2): 0.015037109144032001
Combination (1, 6, 17, 0, 3): 0.015007403679192066
Combination (1, 6, 17, 0, 4): 0.014993282966315746

/home/gridsan/gstepaniants/.local/lib/python3.8/site-packages/torch/functional.py:478: UserWarning: torch.meshgrid: in an upcoming release, it will be required to pass the indexing argument. (Triggered internally at  ../aten/src/ATen/native/TensorShape.cpp:2895.)
  return _VF.meshgrid(tensors, **kwargs)  # type: ignore[attr-defined]
