[KeOps] Warning : Cuda libraries were not detected on the system ; using cpu only mode
1
Kernel: Matern5/2
Weight Mesh: 100
RKHS Kernel Width: 0.001
Lambda: 1e-06
Green's Function Learning Rate: 100
Bias Term Learning Rate: 100
Epoch 1 Relative Error 583.4686279296875
First epoch had re = 583.4686279296875 > 1
Green's Function Learning Rate: 50
Bias Term Learning Rate: 50
Epoch 1 Relative Error 309.1844177246094
First epoch had re = 309.1844177246094 > 1
Green's Function Learning Rate: 10
Bias Term Learning Rate: 10
Epoch 1 Relative Error 54.66264343261719
First epoch had re = 54.66264343261719 > 1
Green's Function Learning Rate: 5
Bias Term Learning Rate: 5
Epoch 1 Relative Error 28.729045867919922
First epoch had re = 28.729045867919922 > 1
Green's Function Learning Rate: 1
Bias Term Learning Rate: 1
Epoch 1 Relative Error 4.998810768127441
First epoch had re = 4.998810768127441 > 1
Green's Function Learning Rate: 0.5
Bias Term Learning Rate: 0.5
Epoch 1 Relative Error 2.6928043365478516
First epoch had re = 2.6928043365478516 > 1
Green's Function Learning Rate: 0.1
Bias Term Learning Rate: 0.1
Epoch 1 Relative Error 0.6685070991516113
Epoch 2 Relative Error 0.5660702586174011
Epoch 3 Relative Error 0.5646136403083801
Epoch 4 Relative Error 0.4275719225406647
Epoch 5 Relative Error 0.30948349833488464
Epoch 6 Relative Error 0.2957610487937927
Epoch 7 Relative Error 0.1824444830417633
Epoch 8 Relative Error 0.1550547480583191
Epoch 9 Relative Error 0.09738767892122269
Epoch 10 Relative Error 0.09353243559598923
Epoch 11 Relative Error 0.05852358415722847
Epoch 12 Relative Error 0.054306790232658386
Epoch 13 Relative Error 0.04152680188417435
Epoch 14 Relative Error 0.03540923073887825
Epoch 15 Relative Error 0.02612217143177986
Epoch 16 Relative Error 0.02077709138393402
Epoch 17 Relative Error 0.014540408737957478
Epoch 18 Relative Error 0.012508276849985123
Epoch 19 Relative Error 0.009919827803969383
Epoch 20 Relative Error 0.007522753905504942
Epoch 21 Relative Error 0.006602020468562841
Epoch 22 Relative Error 0.005626355763524771
Epoch 23 Relative Error 0.004198502749204636
Epoch 24 Relative Error 0.0034241951070725918
Epoch 25 Relative Error 0.00298136449418962
Epoch 26 Relative Error 0.00253981607966125
Epoch 27 Relative Error 0.002190337050706148
Epoch 28 Relative Error 0.001948507851921022
Epoch 29 Relative Error 0.0017552528297528625
Epoch 30 Relative Error 0.0015852476935833693
Epoch 31 Relative Error 0.0015157933812588453
Epoch 32 Relative Error 0.0014183020684868097
Epoch 33 Relative Error 0.0013071655994281173
Epoch 34 Relative Error 0.001315647386945784
Epoch 35 Relative Error 0.0011968219187110662
Epoch 36 Relative Error 0.0012626819079741836
Epoch 37 Relative Error 0.0011604712344706059
Epoch 38 Relative Error 0.001169260940514505
Epoch 39 Relative Error 0.0011138240806758404
Epoch 40 Relative Error 0.0010975557379424572
Epoch 41 Relative Error 0.001008800812996924
Epoch 42 Relative Error 0.0010510346619412303
Epoch 43 Relative Error 0.0010010532569140196
Epoch 44 Relative Error 0.0010211128974333405
Epoch 45 Relative Error 0.0009299769881181419
Epoch 46 Relative Error 0.0009477740968577564
Epoch 47 Relative Error 0.0009013396920636296
Epoch 48 Relative Error 0.0008515448425896466
Epoch 49 Relative Error 0.0009465754847042263
Epoch 50 Relative Error 0.0009186074021272361
Epoch 51 Relative Error 0.0009156872984021902
Epoch 52 Relative Error 0.0008785391692072153
Epoch 53 Relative Error 0.0008563597803004086
Epoch 54 Relative Error 0.0008709275280125439
Epoch 55 Relative Error 0.0008212397224269807
Epoch 56 Relative Error 0.0008426497224718332
Epoch 57 Relative Error 0.0008412277093157172
Epoch 58 Relative Error 0.0009746476425789297
Epoch 59 Relative Error 0.0009509201627224684
Epoch 60 Relative Error 0.00086757424287498
Epoch 61 Relative Error 0.0008349395357072353
Epoch 62 Relative Error 0.0007602566038258374
Epoch 63 Relative Error 0.0008343487279489636
Epoch 64 Relative Error 0.0008120597922243178
Epoch 65 Relative Error 0.0007967165438458323
Epoch 66 Relative Error 0.0007589944289065897
Epoch 67 Relative Error 0.0008332201396115124
Epoch 68 Relative Error 0.0007219739491119981
Epoch 69 Relative Error 0.00084992143092677
Epoch 70 Relative Error 0.0007992269820533693
Epoch 71 Relative Error 0.0007941171061247587
Epoch 72 Relative Error 0.0008444603299722075
Epoch 73 Relative Error 0.0007462207577191293
Epoch 74 Relative Error 0.0008017046493478119
Epoch 75 Relative Error 0.0007280408754013479
Epoch 76 Relative Error 0.0008115210221149027
Epoch 77 Relative Error 0.0007727435440756381
Epoch 78 Relative Error 0.0007881671190261841
Epoch 79 Relative Error 0.0007874729344621301
Epoch 80 Relative Error 0.0007869982509873807
Epoch 81 Relative Error 0.0007086656405590475
Epoch 82 Relative Error 0.0007717486005276442
Epoch 83 Relative Error 0.0007542125531472266
Epoch 84 Relative Error 0.0007131262100301683
Epoch 85 Relative Error 0.0007742115994915366
Epoch 86 Relative Error 0.0007908447878435254
Epoch 87 Relative Error 0.0008076260564848781
Epoch 88 Relative Error 0.0007434191647917032
Epoch 89 Relative Error 0.0007936846814118326
Epoch 90 Relative Error 0.0007232849020510912
Epoch 91 Relative Error 0.000760474766138941
Epoch 92 Relative Error 0.0007427249220199883
Epoch 93 Relative Error 0.0007615414215251803
Epoch 94 Relative Error 0.0007156309438869357
Epoch 95 Relative Error 0.000727670849300921
Epoch 96 Relative Error 0.0007765595801174641
Epoch 97 Relative Error 0.0007034046575427055
Epoch 98 Relative Error 0.000806291529443115
Epoch 99 Relative Error 0.0007401626207865775
Epoch 100 Relative Error 0.0007332377717830241
Epoch 101 Relative Error 0.0007155640050768852
Epoch 102 Relative Error 0.0007168255979195237
Epoch 103 Relative Error 0.0007959589711390436
Epoch 104 Relative Error 0.0007387695950455964
Epoch 105 Relative Error 0.0007480668136849999
Epoch 106 Relative Error 0.0007858280441723764
Epoch 107 Relative Error 0.0008346701506525278
Epoch 108 Relative Error 0.0007274497183971107
Epoch 109 Relative Error 0.0007921782089397311
Epoch 110 Relative Error 0.0008230315870605409
Epoch 111 Relative Error 0.0006974306888878345
Epoch 112 Relative Error 0.0007937766495160758
Epoch 113 Relative Error 0.0007922858349047601
Epoch 114 Relative Error 0.0007768076611682773
Epoch 115 Relative Error 0.000733572815079242
Epoch 116 Relative Error 0.0008063437417149544
Epoch 117 Relative Error 0.0007391893304884434
Epoch 118 Relative Error 0.0007441692287102342
Epoch 119 Relative Error 0.0007783481269143522
Epoch 120 Relative Error 0.0007269413908943534
Epoch 121 Relative Error 0.0007880424382165074
Epoch 122 Relative Error 0.0007526924600824714
Epoch 123 Relative Error 0.000889493094291538
Epoch 124 Relative Error 0.000788525037933141
Epoch 125 Relative Error 0.0007519076461903751
Epoch 126 Relative Error 0.000741954951081425
Epoch 127 Relative Error 0.0007715640240348876
Epoch 128 Relative Error 0.0007294529350474477
Epoch 129 Relative Error 0.0007550430600531399
Epoch 130 Relative Error 0.0007673305808566511
Epoch 131 Relative Error 0.0008088846225291491
Epoch 132 Relative Error 0.0007737473933957517
Epoch 133 Relative Error 0.0008886887226253748
Epoch 134 Relative Error 0.0007124538533389568
Epoch 135 Relative Error 0.000749327999074012
Epoch 136 Relative Error 0.0007448293617926538
Epoch 137 Relative Error 0.0007389248348772526
Epoch 138 Relative Error 0.0007493870798498392
Epoch 139 Relative Error 0.000739854818675667
Epoch 140 Relative Error 0.0007486919057555497
Epoch 141 Relative Error 0.0007170034805312753
Epoch 142 Relative Error 0.0007327040075324476
Epoch 143 Relative Error 0.0007990821031853557
Epoch 144 Relative Error 0.0006412827060557902
Epoch 145 Relative Error 0.0007690933416597545
Epoch 146 Relative Error 0.0008322797366417944
Epoch 147 Relative Error 0.0007411506958305836
Epoch 148 Relative Error 0.0007843198254704475
Epoch 149 Relative Error 0.0007466260576620698
Epoch 150 Relative Error 0.0007376717403531075
Epoch 151 Relative Error 0.0007188162999227643
Epoch 152 Relative Error 0.0007871867273934186
Epoch 153 Relative Error 0.0007980401860550046
Epoch 154 Relative Error 0.0007518882630392909
Epoch 155 Relative Error 0.0007407244993373752
Epoch 156 Relative Error 0.0008383692475035787
Epoch 157 Relative Error 0.000854903890285641
Epoch 158 Relative Error 0.0007265774183906615
Epoch 159 Relative Error 0.0007740630535408854
Epoch 160 Relative Error 0.0008088516187854111
Epoch 161 Relative Error 0.0007079787319526076
Epoch 162 Relative Error 0.0008288478129543364
Epoch 163 Relative Error 0.0008953232900239527
Epoch 164 Relative Error 0.0008074248908087611
Epoch 165 Relative Error 0.00096819584723562
Epoch 166 Relative Error 0.0007753272075206041
Epoch 167 Relative Error 0.0007743966998532414
Epoch 168 Relative Error 0.0007953490712679923
Epoch 169 Relative Error 0.0007176652434282005
Epoch 170 Relative Error 0.0007893596775829792
Epoch 171 Relative Error 0.0008126815664581954
Epoch 172 Relative Error 0.0007470775162801147
Epoch 173 Relative Error 0.0008349746349267662
Epoch 174 Relative Error 0.0007274072268046439
Epoch 175 Relative Error 0.0007982530514709651
Epoch 176 Relative Error 0.0007656197412870824
Epoch 177 Relative Error 0.0007661275449208915
Epoch 178 Relative Error 0.0008881239336915314
Epoch 179 Relative Error 0.0007981698727235198
Epoch 180 Relative Error 0.0008712172857485712
Epoch 181 Relative Error 0.0007580453529953957
Epoch 182 Relative Error 0.0007947271806187928
Epoch 183 Relative Error 0.0007589895976707339
Epoch 184 Relative Error 0.0007739724242128432
Epoch 185 Relative Error 0.0007842201157473028
Epoch 186 Relative Error 0.0006957015139050782
Epoch 187 Relative Error 0.0008401841623708606
Epoch 188 Relative Error 0.00076200783951208
Epoch 189 Relative Error 0.0008152909576892853
Epoch 190 Relative Error 0.0007347803912125528
Epoch 191 Relative Error 0.0007316707051359117
Epoch 192 Relative Error 0.0007356107817031443
Epoch 193 Relative Error 0.0006971526308916509
Epoch 194 Relative Error 0.0007545938133262098
Epoch 195 Relative Error 0.000706283375620842
Epoch 196 Relative Error 0.0009050339576788247
Epoch 197 Relative Error 0.0007416913285851479
Epoch 198 Relative Error 0.0009874398820102215
Epoch 199 Relative Error 0.0008104469161480665
Epoch 200 Relative Error 0.0007837424636818469
Epoch 201 Relative Error 0.000754969718400389
Epoch 202 Relative Error 0.0008464779239147902
Epoch 203 Relative Error 0.0008160705910995603
Epoch 204 Relative Error 0.0007683036965318024
Epoch 205 Relative Error 0.0007012122659943998
Epoch 206 Relative Error 0.0007924696546979249
Epoch 207 Relative Error 0.0008240328170359135
Epoch 208 Relative Error 0.0008126076427288353
Epoch 209 Relative Error 0.0008121459977701306
Epoch 210 Relative Error 0.0008460581884719431
Epoch 211 Relative Error 0.0007816138095222414
Epoch 212 Relative Error 0.0008422553073614836
Epoch 213 Relative Error 0.0007797304424457252
Epoch 214 Relative Error 0.0007251214701682329
Epoch 215 Relative Error 0.0007491215947084129
Epoch 216 Relative Error 0.0009402653085999191
Epoch 217 Relative Error 0.0007738289423286915
Epoch 218 Relative Error 0.0008959316764958203
Epoch 219 Relative Error 0.0007852650014683604
Epoch 220 Relative Error 0.000766684184782207
Epoch 221 Relative Error 0.0008926524315029383
Epoch 222 Relative Error 0.0007221457781270146
Epoch 223 Relative Error 0.0008372546872124076
Epoch 224 Relative Error 0.0007971636950969696
Epoch 225 Relative Error 0.0008392009767703712
Epoch 226 Relative Error 0.0007548266439698637
Epoch 227 Relative Error 0.0008286165539175272
Epoch 228 Relative Error 0.0008020784589461982
Epoch 229 Relative Error 0.0008260132162831724
Epoch 230 Relative Error 0.0008216106798499823
Epoch 231 Relative Error 0.0008263593772426248
Epoch 232 Relative Error 0.0009415069944225252
Epoch 233 Relative Error 0.0010038299951702356
Epoch 234 Relative Error 0.0010342767927795649
Epoch 235 Relative Error 0.0008840871741995215
Epoch 236 Relative Error 0.0008178262505680323
Epoch 237 Relative Error 0.0007833522977307439
Epoch 238 Relative Error 0.0008222731412388384
Epoch 239 Relative Error 0.0008570266654714942
Epoch 240 Relative Error 0.000768606027122587
Epoch 241 Relative Error 0.0008470804896205664
Epoch 242 Relative Error 0.0006915851845405996
Epoch 243 Relative Error 0.0007822723709978163
Epoch 244 Relative Error 0.000742767530027777
Epoch 245 Relative Error 0.000717631948646158
Epoch 246 Relative Error 0.0007259164704009891
Epoch 247 Relative Error 0.0007595496135763824
Epoch 248 Relative Error 0.000790416554082185
Epoch 249 Relative Error 0.0007649065810255706
Epoch 250 Relative Error 0.0009434183593839407
Epoch 251 Relative Error 0.0007987411809153855
Epoch 252 Relative Error 0.0007586412248201668
Epoch 253 Relative Error 0.0008025157148949802
Epoch 254 Relative Error 0.0007241994026117027
Epoch 255 Relative Error 0.0007622891571372747
Epoch 256 Relative Error 0.0007872097194194794
Epoch 257 Relative Error 0.0009816723177209496
Epoch 258 Relative Error 0.0008872458129189909
Epoch 259 Relative Error 0.0008195229456759989
Epoch 260 Relative Error 0.0007719976711086929
Epoch 261 Relative Error 0.0008091434137895703
Epoch 262 Relative Error 0.0007444496732205153
Epoch 263 Relative Error 0.0007774896221235394
Epoch 264 Relative Error 0.0007593594491481781
Epoch 265 Relative Error 0.0008313676808029413
Epoch 266 Relative Error 0.0007389409583993256
Epoch 267 Relative Error 0.0007966776029206812
Epoch 268 Relative Error 0.0007596654468216002
Epoch 269 Relative Error 0.0007669806946069002
Epoch 270 Relative Error 0.0008107995381578803
Epoch 271 Relative Error 0.000764128752052784
Epoch 272 Relative Error 0.0007888295804150403
Epoch 273 Relative Error 0.0007558612269349396
Epoch 274 Relative Error 0.0007707513286732137
Epoch 275 Relative Error 0.0008000857778824866
Epoch 276 Relative Error 0.0007222007843665779
Epoch 277 Relative Error 0.0008386033587157726
Epoch 278 Relative Error 0.0007263739826157689
Epoch 279 Relative Error 0.000764242431614548
Epoch 280 Relative Error 0.0007712827646173537
Epoch 281 Relative Error 0.0007454911828972399
Epoch 282 Relative Error 0.0008043606067076325
Epoch 283 Relative Error 0.0009433269151486456
Epoch 284 Relative Error 0.000885899004060775
Epoch 285 Relative Error 0.0008401519153267145
Epoch 286 Relative Error 0.0007209433824755251
Epoch 287 Relative Error 0.0007739677093923092
Epoch 288 Relative Error 0.0007785188499838114
Epoch 289 Relative Error 0.0007926056277938187
Epoch 290 Relative Error 0.0008009092416614294
Epoch 291 Relative Error 0.0008299603359773755
Epoch 292 Relative Error 0.0007847998640500009
Epoch 293 Relative Error 0.000833046215120703
Epoch 294 Relative Error 0.0007348586805164814
Epoch 295 Relative Error 0.0008756036986596882
Epoch 296 Relative Error 0.0007749747601337731
Epoch 297 Relative Error 0.0007589266169816256
Epoch 298 Relative Error 0.000911806127987802
Epoch 299 Relative Error 0.000775521679315716
Epoch 300 Relative Error 0.0007231396739371121
Epoch 301 Relative Error 0.0007683509611524642
Epoch 302 Relative Error 0.000767753052059561
Epoch 303 Relative Error 0.0007966011180542409
Epoch 304 Relative Error 0.0008579775458201766
Epoch 305 Relative Error 0.0007760943844914436
Epoch 306 Relative Error 0.0008079580729827285
Epoch 307 Relative Error 0.0007786888163536787
Epoch 308 Relative Error 0.0008107142639346421
Epoch 309 Relative Error 0.0007158990483731031
Epoch 310 Relative Error 0.000773562234826386
Epoch 311 Relative Error 0.0007237221579998732
Epoch 312 Relative Error 0.0008473775815218687
Epoch 313 Relative Error 0.0007650565239600837
Epoch 314 Relative Error 0.0007882692152634263
Epoch 315 Relative Error 0.0009121227776631713
Epoch 316 Relative Error 0.0007631495827808976
Epoch 317 Relative Error 0.0007735746912658215
Epoch 318 Relative Error 0.0007674540975131094
Epoch 319 Relative Error 0.0007634962094016373
Epoch 320 Relative Error 0.0007440286572091281
Epoch 321 Relative Error 0.0007136912317946553
Epoch 322 Relative Error 0.0007229101029224694
Epoch 323 Relative Error 0.0007810245733708143
Epoch 324 Relative Error 0.000752414867747575
Epoch 325 Relative Error 0.000807999458629638
Epoch 326 Relative Error 0.000716765527613461
Epoch 327 Relative Error 0.0007592692854814231
Epoch 328 Relative Error 0.0007252630311995745
Epoch 329 Relative Error 0.0007925837417133152
Epoch 330 Relative Error 0.0007725049508735538
Epoch 331 Relative Error 0.0008724991930648685
Epoch 332 Relative Error 0.0007684461888857186
Epoch 333 Relative Error 0.0009076530113816261
Epoch 334 Relative Error 0.0007676499662920833
Epoch 335 Relative Error 0.0007911525317467749
Epoch 336 Relative Error 0.0007327510393224657
Epoch 337 Relative Error 0.0007778757717460394
Epoch 338 Relative Error 0.0007840975886210799
Epoch 339 Relative Error 0.0007934594177640975
Epoch 340 Relative Error 0.0007619547541253269
Epoch 341 Relative Error 0.0007315688417293131
Epoch 342 Relative Error 0.0007937356713227928
Epoch 343 Relative Error 0.000793999235611409
Epoch 344 Relative Error 0.0008318313048221171
Epoch 345 Relative Error 0.0008310753619298339
Epoch 346 Relative Error 0.0007154931663535535
Epoch 347 Relative Error 0.0007484727539122105
Epoch 348 Relative Error 0.0007822769111953676
Epoch 349 Relative Error 0.0007149649318307638
Epoch 350 Relative Error 0.0007124883122742176
Epoch 351 Relative Error 0.0007849517278373241
Epoch 352 Relative Error 0.0007539133657701313
Epoch 353 Relative Error 0.0009153455030173063
Epoch 354 Relative Error 0.0008348285919055343
Epoch 355 Relative Error 0.000796113396063447
Epoch 356 Relative Error 0.000801455695182085
Epoch 357 Relative Error 0.000761540955863893
Epoch 358 Relative Error 0.0007975521148182452
Epoch 359 Relative Error 0.0007608801242895424
Epoch 360 Relative Error 0.0007318795542232692
Epoch 361 Relative Error 0.0008299635373987257
Epoch 362 Relative Error 0.000767333316616714
Epoch 363 Relative Error 0.000802990747615695
Epoch 364 Relative Error 0.0006814976222813129
Epoch 365 Relative Error 0.000805155374109745
Epoch 366 Relative Error 0.0007660491392016411
Epoch 367 Relative Error 0.0007836828590370715
Epoch 368 Relative Error 0.0007690705824643373
Epoch 369 Relative Error 0.0008759708143770695
Epoch 370 Relative Error 0.0007910658605396748
Epoch 371 Relative Error 0.0007778096478432417
Epoch 372 Relative Error 0.0009575401782058179
Epoch 373 Relative Error 0.000721267715562135
Epoch 374 Relative Error 0.0007949529099278152
Epoch 375 Relative Error 0.0007591713219881058
Epoch 376 Relative Error 0.0008055780781432986
Epoch 377 Relative Error 0.0007809707894921303
Epoch 378 Relative Error 0.0007759606814943254
Epoch 379 Relative Error 0.000826267700176686
Epoch 380 Relative Error 0.0007728837081231177
Epoch 381 Relative Error 0.0007365423371084034
Epoch 382 Relative Error 0.0007961305091157556
Epoch 383 Relative Error 0.00078016851330176
Epoch 384 Relative Error 0.0008431156747974455
Epoch 385 Relative Error 0.0007022495847195387
Epoch 386 Relative Error 0.0008498781826347113
Epoch 387 Relative Error 0.0007897329051047564
Epoch 388 Relative Error 0.0007798916776664555
Epoch 389 Relative Error 0.0008186958730220795
Epoch 390 Relative Error 0.0007393726846203208
Epoch 391 Relative Error 0.0007862555212341249
Epoch 392 Relative Error 0.0008530105114914477
Epoch 393 Relative Error 0.0008034916827455163
Epoch 394 Relative Error 0.0008144001476466656
Epoch 395 Relative Error 0.0008387872367165983
Epoch 396 Relative Error 0.0007915872847661376
Epoch 397 Relative Error 0.0008489837637171149
Epoch 398 Relative Error 0.0009236081968992949
Epoch 399 Relative Error 0.0008259608293883502
Epoch 400 Relative Error 0.0007972054881975055
Epoch 401 Relative Error 0.0007842667400836945
Epoch 402 Relative Error 0.0007911351276561618
Epoch 403 Relative Error 0.0007296352414414287
Epoch 404 Relative Error 0.0007982527604326606
Epoch 405 Relative Error 0.000754674372728914
Epoch 406 Relative Error 0.0008338101324625313
Epoch 407 Relative Error 0.0008622835157439113
Epoch 408 Relative Error 0.0010775179835036397
Epoch 409 Relative Error 0.001147932605817914
Epoch 410 Relative Error 0.000767674355302006
Epoch 411 Relative Error 0.0008594260434620082
Epoch 412 Relative Error 0.0009247520356439054
Epoch 413 Relative Error 0.0007802061154507101
Epoch 414 Relative Error 0.0008276858134195209
Epoch 415 Relative Error 0.0008139655110426247
Epoch 416 Relative Error 0.0007801508763805032
Epoch 417 Relative Error 0.000830590259283781
Epoch 418 Relative Error 0.0007647974998690188
Epoch 419 Relative Error 0.0007800066960044205
Epoch 420 Relative Error 0.0007989605655893683
Epoch 421 Relative Error 0.0008179076830856502
Epoch 422 Relative Error 0.0008653720724396408
Epoch 423 Relative Error 0.0011060205288231373
Epoch 424 Relative Error 0.0008327527320943773
Epoch 425 Relative Error 0.0007950275903567672
Epoch 426 Relative Error 0.0009319747914560139
Epoch 427 Relative Error 0.000847502495162189
Epoch 428 Relative Error 0.0007746184128336608
Epoch 429 Relative Error 0.0007302172016352415
Epoch 430 Relative Error 0.0008135916432365775
Epoch 431 Relative Error 0.0007274260860867798
Epoch 432 Relative Error 0.0007006944506429136
Epoch 433 Relative Error 0.0008009959710761905
Epoch 434 Relative Error 0.0007531043374910951
Epoch 435 Relative Error 0.001054215244948864
Epoch 436 Relative Error 0.0008007462020032108
Epoch 437 Relative Error 0.0008622349705547094
Epoch 438 Relative Error 0.0007879934273660183
Epoch 439 Relative Error 0.0007728367345407605
Epoch 440 Relative Error 0.0006810453487560153
Epoch 441 Relative Error 0.0007695770473219454
Epoch 442 Relative Error 0.0007779954466968775
Epoch 443 Relative Error 0.0007540428778156638
Epoch 444 Relative Error 0.0007264303276315331
Epoch 445 Relative Error 0.0007037162431515753
Epoch 446 Relative Error 0.0007388380472548306
Epoch 447 Relative Error 0.0007669790065847337
Epoch 448 Relative Error 0.0007670778431929648
Epoch 449 Relative Error 0.0007290571229532361
Epoch 450 Relative Error 0.0007697786204516888
Epoch 451 Relative Error 0.0009055142290890217
Epoch 452 Relative Error 0.0008946431335061789
Epoch 453 Relative Error 0.0009286505519412458
Epoch 454 Relative Error 0.000975604634732008
Epoch 455 Relative Error 0.0009492906392551959
Epoch 456 Relative Error 0.0010766751365736127
Epoch 457 Relative Error 0.0008734194561839104
Epoch 458 Relative Error 0.000865915440954268
Epoch 459 Relative Error 0.000858832208905369
Epoch 460 Relative Error 0.0008167054620571434
Epoch 461 Relative Error 0.0007892783614806831
Epoch 462 Relative Error 0.0007435913430526853
Epoch 463 Relative Error 0.0009094120468944311
Epoch 464 Relative Error 0.0007284084567800164
Epoch 465 Relative Error 0.0010088803246617317
Epoch 466 Relative Error 0.000903134816326201
Epoch 467 Relative Error 0.000777111214119941
Epoch 468 Relative Error 0.0010115995537489653
Epoch 469 Relative Error 0.000867572904098779
Epoch 470 Relative Error 0.0007816075813025236
Epoch 471 Relative Error 0.0007838932797312737
Epoch 472 Relative Error 0.000855219317600131
Epoch 473 Relative Error 0.0009799560066312551
Epoch 474 Relative Error 0.0008225310011766851
Epoch 475 Relative Error 0.0008707211236469448
Epoch 476 Relative Error 0.000982475932687521
Epoch 477 Relative Error 0.0009099012240767479
Epoch 478 Relative Error 0.0011432202300056815
Epoch 479 Relative Error 0.0009285715641453862
Epoch 480 Relative Error 0.0008758169715292752
Epoch 481 Relative Error 0.0008263890049420297
Epoch 482 Relative Error 0.0007080088253132999
Epoch 483 Relative Error 0.000796376378275454
Epoch 484 Relative Error 0.000768925528973341
Epoch 485 Relative Error 0.0008720635087229311
Epoch 486 Relative Error 0.0007933753076940775
Epoch 487 Relative Error 0.0008014350896701217
Epoch 488 Relative Error 0.0007408350356854498
Epoch 489 Relative Error 0.0007952727028168738
Epoch 490 Relative Error 0.0007629935280419886
Epoch 491 Relative Error 0.0007549423025920987
Epoch 492 Relative Error 0.0007982736569829285
Epoch 493 Relative Error 0.0007665795274078846
Epoch 494 Relative Error 0.0007868831162340939
Epoch 495 Relative Error 0.0008308429387398064
Epoch 496 Relative Error 0.0007766540511511266
Epoch 497 Relative Error 0.0008044145652092993
Epoch 498 Relative Error 0.0008495138608850539
Epoch 499 Relative Error 0.0008066860609687865
Epoch 500 Relative Error 0.0008150858338922262
Epoch 501 Relative Error 0.0008368362905457616
Epoch 502 Relative Error 0.0006923671462573111
Epoch 503 Relative Error 0.0009116983856074512
Epoch 504 Relative Error 0.0007351188105531037
Epoch 505 Relative Error 0.0008736581075936556
Epoch 506 Relative Error 0.0007676872191950679
Epoch 507 Relative Error 0.0009564085630699992
Epoch 508 Relative Error 0.0009100929019041359
Epoch 509 Relative Error 0.0008084752480499446
Epoch 510 Relative Error 0.0007700909627601504
Epoch 511 Relative Error 0.0008280616602860391
Epoch 512 Relative Error 0.0007602364639751613
Epoch 513 Relative Error 0.0009210157440975308
Epoch 514 Relative Error 0.0007017086609266698
Epoch 515 Relative Error 0.0008168637286871672
Epoch 516 Relative Error 0.0008055045618675649
Epoch 517 Relative Error 0.0007875864394009113
Epoch 518 Relative Error 0.0007948273560032248
Epoch 519 Relative Error 0.0007849200046621263
Epoch 520 Relative Error 0.0008012064499780536
Epoch 521 Relative Error 0.0009593259310349822
Epoch 522 Relative Error 0.0010331154335290194
Epoch 523 Relative Error 0.0008055369835346937
Epoch 524 Relative Error 0.0008636913844384253
Epoch 525 Relative Error 0.0007434484432451427
Epoch 526 Relative Error 0.0008293089922517538
Epoch 527 Relative Error 0.00088238570606336
Epoch 528 Relative Error 0.0007968550780788064
Epoch 529 Relative Error 0.0007914488087408245
Epoch 530 Relative Error 0.0009368367027491331
Epoch 531 Relative Error 0.000733055523596704
Epoch 532 Relative Error 0.0011153599480167031
Epoch 533 Relative Error 0.0009357609669677913
Epoch 534 Relative Error 0.000961816287599504
Epoch 535 Relative Error 0.0010234036017209291
Epoch 536 Relative Error 0.0007530496222898364
Epoch 537 Relative Error 0.0008202438475564122
Epoch 538 Relative Error 0.0008628250216133893
Epoch 539 Relative Error 0.0007566368440166116
Epoch 540 Relative Error 0.0007382071926258504
Epoch 541 Relative Error 0.0007177586667239666
Epoch 542 Relative Error 0.0007533194147981703
Epoch 543 Relative Error 0.0008722466882318258
Epoch 544 Relative Error 0.0007495260215364397
Epoch 545 Relative Error 0.000808972108643502
Epoch 546 Relative Error 0.0007680689450353384
Epoch 547 Relative Error 0.0007643947028554976
Epoch 548 Relative Error 0.0008166807238012552
Epoch 549 Relative Error 0.0008645273628644645
Epoch 550 Relative Error 0.0008799356292001903
Epoch 551 Relative Error 0.0009166784584522247
Epoch 552 Relative Error 0.0009882597951218486
Epoch 553 Relative Error 0.0007789683877490461
Epoch 554 Relative Error 0.0008271439583040774
Epoch 555 Relative Error 0.0009080395684577525
Epoch 556 Relative Error 0.0008335048914887011
Epoch 557 Relative Error 0.000760285765863955
Epoch 558 Relative Error 0.0007800257881172001
Epoch 559 Relative Error 0.0008563732262700796
Epoch 560 Relative Error 0.000784390140324831
Epoch 561 Relative Error 0.0007459289627149701
Epoch 562 Relative Error 0.0008846705895848572
Epoch 563 Relative Error 0.000817845924757421
Epoch 564 Relative Error 0.0009664844255894423
Epoch 565 Relative Error 0.0008145610918290913
Epoch 566 Relative Error 0.0009898325661197305
Epoch 567 Relative Error 0.0008368950802832842
Epoch 568 Relative Error 0.0007406260701827705
Epoch 569 Relative Error 0.0007637721137143672
Epoch 570 Relative Error 0.0007753027020953596
Epoch 571 Relative Error 0.000814747647382319
Epoch 572 Relative Error 0.0007551435846835375
Epoch 573 Relative Error 0.0007211355259642005
Epoch 574 Relative Error 0.0008022712427191436
Epoch 575 Relative Error 0.0007799931336194277
Epoch 576 Relative Error 0.0007857442833483219
Epoch 577 Relative Error 0.0009362823911942542
Epoch 578 Relative Error 0.0008954802760854363
Epoch 579 Relative Error 0.0008109382470138371
Epoch 580 Relative Error 0.0008748449617996812
Epoch 581 Relative Error 0.0008356478065252304
Epoch 582 Relative Error 0.0007156445644795895
Epoch 583 Relative Error 0.0007800551829859614
Epoch 584 Relative Error 0.0007708583143539727
Epoch 585 Relative Error 0.0007455181330442429
Epoch 586 Relative Error 0.0007239705882966518
Epoch 587 Relative Error 0.0007676812238059938
Epoch 588 Relative Error 0.0007393805426545441
Epoch 589 Relative Error 0.0008752978756092489
Epoch 590 Relative Error 0.0008103035506792367
Epoch 591 Relative Error 0.0009570358088240027
Epoch 592 Relative Error 0.0007268961635418236
Epoch 593 Relative Error 0.0007988595170900226
Epoch 594 Relative Error 0.0007586865685880184
Epoch 595 Relative Error 0.0008760015480220318
Epoch 596 Relative Error 0.0007438583415932953
Epoch 597 Relative Error 0.0007822272018529475
Epoch 598 Relative Error 0.0007602321566082537
Epoch 599 Relative Error 0.0007777946884743869
Epoch 600 Relative Error 0.000983084668405354
Epoch 601 Relative Error 0.0008665259229019284
Epoch 602 Relative Error 0.0008201503660529852
Epoch 603 Relative Error 0.0012414079392328858
Epoch 604 Relative Error 0.0009936176938936114
Epoch 605 Relative Error 0.0008224521880038083
Epoch 606 Relative Error 0.0008716254378668964
Epoch 607 Relative Error 0.000847961229737848
Epoch 608 Relative Error 0.0007323958561755717
Epoch 609 Relative Error 0.0007998293731361628
Epoch 610 Relative Error 0.0008994656382128596
Epoch 611 Relative Error 0.0008348907576873899
Epoch 612 Relative Error 0.0008658090373501182
Epoch 613 Relative Error 0.0008896742365323007
Epoch 614 Relative Error 0.0009656675392761827
Epoch 615 Relative Error 0.0008756498573347926
Epoch 616 Relative Error 0.0007888192194513977
Epoch 617 Relative Error 0.0008141553844325244
Epoch 618 Relative Error 0.000793777930084616
Epoch 619 Relative Error 0.000790401129052043
Epoch 620 Relative Error 0.0007786096539348364
Epoch 621 Relative Error 0.0007634877692908049
Epoch 622 Relative Error 0.0007631229236721992
Epoch 623 Relative Error 0.0006642193766310811
Epoch 624 Relative Error 0.000814993807580322
Epoch 625 Relative Error 0.0007554081385023892
Epoch 626 Relative Error 0.0008973122457973659
Epoch 627 Relative Error 0.000808362674433738
Epoch 628 Relative Error 0.0007727239863015711
Epoch 629 Relative Error 0.0007602062541991472
Epoch 630 Relative Error 0.0007196429651230574
Epoch 631 Relative Error 0.0008391016162931919
Epoch 632 Relative Error 0.0008108776528388262
Epoch 633 Relative Error 0.0007211383199319243
Epoch 634 Relative Error 0.0008185203187167645
Epoch 635 Relative Error 0.001026441459544003
Epoch 636 Relative Error 0.0008303897338919342
Epoch 637 Relative Error 0.0008302165661007166
Epoch 638 Relative Error 0.0008871951722539961
Epoch 639 Relative Error 0.0007833067211322486
Epoch 640 Relative Error 0.0007804004126228392
Epoch 641 Relative Error 0.0008882007678039372
Epoch 642 Relative Error 0.0011685703648254275
Epoch 643 Relative Error 0.0007248780457302928
Epoch 644 Relative Error 0.0008696506265550852
Epoch 645 Relative Error 0.0009125598589889705
Epoch 646 Relative Error 0.0008644587360322475
Epoch 647 Relative Error 0.0009693549945950508
Epoch 648 Relative Error 0.0008906972361728549
Epoch 649 Relative Error 0.0007887654937803745
Epoch 650 Relative Error 0.0007203772547654808
Epoch 651 Relative Error 0.0007667211466468871
Epoch 652 Relative Error 0.0007228453177958727
Epoch 653 Relative Error 0.0007669744663871825
Epoch 654 Relative Error 0.0008122707949951291
Epoch 655 Relative Error 0.0007955088512971997
Epoch 656 Relative Error 0.0008143451414071023
Epoch 657 Relative Error 0.0007319923606701195
Epoch 658 Relative Error 0.0007701382273808122
Epoch 659 Relative Error 0.0008433177135884762
Epoch 660 Relative Error 0.0008699087193235755
Epoch 661 Relative Error 0.0008332552388310432
Epoch 662 Relative Error 0.000752352352719754
Epoch 663 Relative Error 0.0008029374876059592
Epoch 664 Relative Error 0.0007903196383267641
Epoch 665 Relative Error 0.0009172528516501188
Epoch 666 Relative Error 0.0009711011662147939
Epoch 667 Relative Error 0.0008338407496921718
Epoch 668 Relative Error 0.0009920651791617274
Epoch 669 Relative Error 0.0008293548016808927
Epoch 670 Relative Error 0.0008796299807727337
Epoch 671 Relative Error 0.0011178398272022605
Epoch 672 Relative Error 0.0009168820688501
Epoch 673 Relative Error 0.0009590097470209002
Epoch 674 Relative Error 0.0009404238662682474
Epoch 675 Relative Error 0.0008595333783887327
Epoch 676 Relative Error 0.001027835183776915
Epoch 677 Relative Error 0.000811171077657491
Epoch 678 Relative Error 0.000790526857599616
Epoch 679 Relative Error 0.0008673579432070255
Epoch 680 Relative Error 0.0008959475671872497
Epoch 681 Relative Error 0.0007840070175006986
Epoch 682 Relative Error 0.0009182693320326507
Epoch 683 Relative Error 0.0007961984956637025
Epoch 684 Relative Error 0.000783284311182797
Epoch 685 Relative Error 0.0007578530930913985
Epoch 686 Relative Error 0.0007622832199558616
Epoch 687 Relative Error 0.0008038545493036509
Epoch 688 Relative Error 0.000742997566703707
Epoch 689 Relative Error 0.0007607517181895673
Epoch 690 Relative Error 0.0008086446323432028
Epoch 691 Relative Error 0.0008764400845393538
Epoch 692 Relative Error 0.0008816214976832271
Epoch 693 Relative Error 0.0009435988613404334
Epoch 694 Relative Error 0.0007965198601596057
Epoch 695 Relative Error 0.000894220604095608
Epoch 696 Relative Error 0.0009015239193104208
Epoch 697 Relative Error 0.0008061102707870305
Epoch 698 Relative Error 0.000765613338444382
Epoch 699 Relative Error 0.0011324645020067692
Epoch 700 Relative Error 0.001032428233884275
Epoch 701 Relative Error 0.0008719324832782149
Epoch 702 Relative Error 0.0009361007250845432
Epoch 703 Relative Error 0.0009046416962519288
Epoch 704 Relative Error 0.0007551835151389241
Epoch 705 Relative Error 0.0008391388109885156
Epoch 706 Relative Error 0.0007681635906919837
Epoch 707 Relative Error 0.0007653833017684519
Epoch 708 Relative Error 0.0007779265870340168
Epoch 709 Relative Error 0.0007001619087532163
Epoch 710 Relative Error 0.0007629485335201025
Epoch 711 Relative Error 0.0009071311797015369
Epoch 712 Relative Error 0.0007905969978310168
Epoch 713 Relative Error 0.0007930918945930898
Epoch 714 Relative Error 0.0009174633887596428
Epoch 715 Relative Error 0.0009996778098866343
Epoch 716 Relative Error 0.0008390992879867554
Epoch 717 Relative Error 0.0007829178357496858
Epoch 718 Relative Error 0.0008782430086284876
Epoch 719 Relative Error 0.0007806438370607793
Epoch 720 Relative Error 0.0008021973771974444
Epoch 721 Relative Error 0.0008237765869125724
Epoch 722 Relative Error 0.0009382956777699292
Epoch 723 Relative Error 0.0008777830516919494
Epoch 724 Relative Error 0.0008635751437395811
Epoch 725 Relative Error 0.0007933451561257243
Epoch 726 Relative Error 0.0007410314865410328
Epoch 727 Relative Error 0.0008068642928265035
Epoch 728 Relative Error 0.000777103821747005
Epoch 729 Relative Error 0.0007895756862126291
Epoch 730 Relative Error 0.0006881697336211801
Epoch 731 Relative Error 0.000819645298179239
Epoch 732 Relative Error 0.0007394889835268259
Epoch 733 Relative Error 0.0007058553164824843
Epoch 734 Relative Error 0.0007798074511811137
Epoch 735 Relative Error 0.000845354690682143
Epoch 736 Relative Error 0.0008073492208495736
Epoch 737 Relative Error 0.0007535094046033919
Epoch 738 Relative Error 0.0008666122448630631
Epoch 739 Relative Error 0.0008125822641886771
Epoch 740 Relative Error 0.0007674959488213062
Epoch 741 Relative Error 0.0007690947968512774
Epoch 742 Relative Error 0.0009273402392864227
Epoch 743 Relative Error 0.0009085877682082355
Epoch 744 Relative Error 0.0007545746630057693
Epoch 745 Relative Error 0.0007806457579135895
Epoch 746 Relative Error 0.0007837354205548763
Epoch 747 Relative Error 0.0008327474934048951
Epoch 748 Relative Error 0.0007867882959544659
Epoch 749 Relative Error 0.0008792171138338745
Epoch 750 Relative Error 0.0007851121481508017
Epoch 751 Relative Error 0.0008745917584747076
Epoch 752 Relative Error 0.00074300094274804
Epoch 753 Relative Error 0.0007997893262654543
Epoch 754 Relative Error 0.0007168175652623177
Epoch 755 Relative Error 0.0008278366294689476
Epoch 756 Relative Error 0.0009925288613885641
Epoch 757 Relative Error 0.0008166750776581466
Epoch 758 Relative Error 0.0008632125682197511
Epoch 759 Relative Error 0.0008641914464533329
Epoch 760 Relative Error 0.0009464606991969049
Epoch 761 Relative Error 0.0007699662237428129
Epoch 762 Relative Error 0.0008841428789310157
Epoch 763 Relative Error 0.0007810481474734843
Epoch 764 Relative Error 0.0008449635352008045
Epoch 765 Relative Error 0.000783794152084738
Epoch 766 Relative Error 0.0007547207642346621
Epoch 767 Relative Error 0.0007851585978642106
Epoch 768 Relative Error 0.0007446607924066484
Epoch 769 Relative Error 0.000850014912430197
Epoch 770 Relative Error 0.0008694466669112444
Epoch 771 Relative Error 0.0009082003962248564
Epoch 772 Relative Error 0.0009221162181347609
Epoch 773 Relative Error 0.0008639912120997906
Epoch 774 Relative Error 0.0008183257887139916
Epoch 775 Relative Error 0.0007146476418711245
Epoch 776 Relative Error 0.0008713199058547616
Epoch 777 Relative Error 0.0008967918693087995
Epoch 778 Relative Error 0.0009043806348927319
Epoch 779 Relative Error 0.0007859424222260714
Epoch 780 Relative Error 0.0009270512964576483
Epoch 781 Relative Error 0.0007628205930814147
Epoch 782 Relative Error 0.0007415994186885655
Epoch 783 Relative Error 0.0007648903992958367
Epoch 784 Relative Error 0.0007254023221321404
Epoch 785 Relative Error 0.0007738142157904804
Epoch 786 Relative Error 0.0007971800514496863
Epoch 787 Relative Error 0.0007191799813881516
Epoch 788 Relative Error 0.0008240962633863091
Epoch 789 Relative Error 0.0007042908691801131
Epoch 790 Relative Error 0.0007844702340662479
Epoch 791 Relative Error 0.0007162367692217231
Epoch 792 Relative Error 0.0008233297849074006
Epoch 793 Relative Error 0.0007764365873299539
Epoch 794 Relative Error 0.0007881736382842064
Epoch 795 Relative Error 0.0008759485208429396
Epoch 796 Relative Error 0.0007455901359207928
Epoch 797 Relative Error 0.0007959298673085868
Epoch 798 Relative Error 0.0007756921113468707
Epoch 799 Relative Error 0.0008598000858910382
Epoch 800 Relative Error 0.0009954897686839104
Epoch 801 Relative Error 0.0007382305921055377
Epoch 802 Relative Error 0.000869712617713958
Epoch 803 Relative Error 0.0010238430695608258
Epoch 804 Relative Error 0.0009703301475383341
Epoch 805 Relative Error 0.000790548452641815
Epoch 806 Relative Error 0.0008432432659901679
Epoch 807 Relative Error 0.0007303559686988592
Epoch 808 Relative Error 0.0007825266220606863
Epoch 809 Relative Error 0.0007750240038149059
Epoch 810 Relative Error 0.000754812266677618
Epoch 811 Relative Error 0.0009032689849846065
Epoch 812 Relative Error 0.0007949874852783978
Epoch 813 Relative Error 0.0008435567142441869
Epoch 814 Relative Error 0.0008517920505255461
Epoch 815 Relative Error 0.0007518534548580647
Epoch 816 Relative Error 0.0007988684810698032
Epoch 817 Relative Error 0.0006930773379281163
Epoch 818 Relative Error 0.0008253971464000642
Epoch 819 Relative Error 0.0007708772900514305
Epoch 820 Relative Error 0.0007244343287311494
Epoch 821 Relative Error 0.0008930977201089263
Epoch 822 Relative Error 0.0007071355357766151
Epoch 823 Relative Error 0.0008121516439132392
Epoch 824 Relative Error 0.0007785194320604205
Epoch 825 Relative Error 0.0007603170815855265
Epoch 826 Relative Error 0.0007463867659680545
Epoch 827 Relative Error 0.0007569588487967849
Epoch 828 Relative Error 0.0007556420750916004
Epoch 829 Relative Error 0.0008184504695236683
Epoch 830 Relative Error 0.0008411023300141096
Epoch 831 Relative Error 0.0007154810009524226
Epoch 832 Relative Error 0.0008459128439426422
Epoch 833 Relative Error 0.0008724204380996525
Epoch 834 Relative Error 0.0007405726355500519
Epoch 835 Relative Error 0.000791098631452769
Epoch 836 Relative Error 0.0007544899708591402
Epoch 837 Relative Error 0.0008445646963082254
Epoch 838 Relative Error 0.0008952877251431346
Epoch 839 Relative Error 0.0008161683799698949
Epoch 840 Relative Error 0.0007969702128320932
Epoch 841 Relative Error 0.0007553886971436441
Epoch 842 Relative Error 0.0008823266834951937
Epoch 843 Relative Error 0.0008133035153150558
Epoch 844 Relative Error 0.000851343444082886
Epoch 845 Relative Error 0.0007988285506144166
Epoch 846 Relative Error 0.0009432722581550479
Epoch 847 Relative Error 0.0007637855014763772
Epoch 848 Relative Error 0.000839573738630861
Epoch 849 Relative Error 0.000843475223518908
Epoch 850 Relative Error 0.0008690895629115403
Epoch 851 Relative Error 0.0008010368328541517
Epoch 852 Relative Error 0.0007903132354840636
Epoch 853 Relative Error 0.000851660268381238
Epoch 854 Relative Error 0.0009364502038806677
Epoch 855 Relative Error 0.0010476324241608381
Epoch 856 Relative Error 0.0007848928798921406
Epoch 857 Relative Error 0.0008423169492743909
Epoch 858 Relative Error 0.0007854835130274296
Epoch 859 Relative Error 0.0007395277498289943
Epoch 860 Relative Error 0.0010831315303221345
Epoch 861 Relative Error 0.0007623518467880785
Epoch 862 Relative Error 0.0009519325103610754
Epoch 863 Relative Error 0.0007695027743466198
Epoch 864 Relative Error 0.0009115663706324995
Epoch 865 Relative Error 0.0008080846164375544
Epoch 866 Relative Error 0.0012331358157098293
Epoch 867 Relative Error 0.000981177669018507
Epoch 868 Relative Error 0.0010083519155159593
Epoch 869 Relative Error 0.0013235629303380847
Epoch 870 Relative Error 0.0011395352194085717
Epoch 871 Relative Error 0.0009669411811046302
Epoch 872 Relative Error 0.0008672911208122969
Epoch 873 Relative Error 0.0008460445096716285
Epoch 874 Relative Error 0.0009140374604612589
Epoch 875 Relative Error 0.0008941859705373645
Epoch 876 Relative Error 0.0009288655710406601
Epoch 877 Relative Error 0.0008483801502734423
Epoch 878 Relative Error 0.0008112218347378075
Epoch 879 Relative Error 0.0008515568333677948
Epoch 880 Relative Error 0.0007423384231515229
Epoch 881 Relative Error 0.0008193848188966513
Epoch 882 Relative Error 0.0008632712415419519
Epoch 883 Relative Error 0.0007670539198443294
Epoch 884 Relative Error 0.0007858870667405427
Epoch 885 Relative Error 0.0007200632826425135
Epoch 886 Relative Error 0.0008228680235333741
Epoch 887 Relative Error 0.0008525755838491023
Epoch 888 Relative Error 0.0007709813653491437
Epoch 889 Relative Error 0.0008860427769832313
Epoch 890 Relative Error 0.0007729476201348007
Epoch 891 Relative Error 0.0008349274867214262
Epoch 892 Relative Error 0.0007955928449518979
Epoch 893 Relative Error 0.0007037441828288138
Epoch 894 Relative Error 0.000801588932517916
Epoch 895 Relative Error 0.0008476062794215977
Epoch 896 Relative Error 0.0008265171782113612
Epoch 897 Relative Error 0.0007953561726026237
Epoch 898 Relative Error 0.0009430986829102039
Epoch 899 Relative Error 0.0008531382773071527
Epoch 900 Relative Error 0.0008894567145034671
Epoch 901 Relative Error 0.0008243435877375305
Epoch 902 Relative Error 0.0008049368625506759
Epoch 903 Relative Error 0.0009221903746947646
Epoch 904 Relative Error 0.0008910290198400617
Epoch 905 Relative Error 0.0007791376556269825
Epoch 906 Relative Error 0.0008489208412356675
Epoch 907 Relative Error 0.0008182075689546764
Epoch 908 Relative Error 0.0007550141308456659
Epoch 909 Relative Error 0.0008107971516437829
Epoch 910 Relative Error 0.0007045871461741626
Epoch 911 Relative Error 0.0007427108357660472
Epoch 912 Relative Error 0.0007764688925817609
Epoch 913 Relative Error 0.0007458329782821238
Epoch 914 Relative Error 0.0007172593614086509
Epoch 915 Relative Error 0.0007640771800652146
Epoch 916 Relative Error 0.0007015009177848697
Epoch 917 Relative Error 0.0007410123362205923
Epoch 918 Relative Error 0.000757746456656605
Epoch 919 Relative Error 0.0006992793059907854
Epoch 920 Relative Error 0.0008376701734960079
Epoch 921 Relative Error 0.0008137667318806052
Epoch 922 Relative Error 0.0008064950816333294
Epoch 923 Relative Error 0.0007491355645470321
Epoch 924 Relative Error 0.0007931016734801233
Epoch 925 Relative Error 0.000801757734734565
Epoch 926 Relative Error 0.000778144458308816
Epoch 927 Relative Error 0.000823867681901902
Epoch 928 Relative Error 0.0008258383022621274
Epoch 929 Relative Error 0.0007647708989679813
Epoch 930 Relative Error 0.0008710530819371343
Epoch 931 Relative Error 0.0008453342015855014
Epoch 932 Relative Error 0.0008900778484530747
Epoch 933 Relative Error 0.000787836208473891
Epoch 934 Relative Error 0.0007861526100896299
Epoch 935 Relative Error 0.0008194833062589169
Epoch 936 Relative Error 0.0008398753707297146
Epoch 937 Relative Error 0.0007639582036063075
Epoch 938 Relative Error 0.0009325200808234513
Epoch 939 Relative Error 0.0007841565529815853
Epoch 940 Relative Error 0.0007385005592368543
Epoch 941 Relative Error 0.0008034686325117946
Epoch 942 Relative Error 0.0007534250617027283
Epoch 943 Relative Error 0.0007788115763105452
Epoch 944 Relative Error 0.0009101020987145603
Epoch 945 Relative Error 0.0007899601478129625
Epoch 946 Relative Error 0.0009455278050154448
Epoch 947 Relative Error 0.0010128223802894354
Epoch 948 Relative Error 0.0009103608899749815
Epoch 949 Relative Error 0.0008063782006502151
Epoch 950 Relative Error 0.000903132080566138
Epoch 951 Relative Error 0.0007576487842015922
Epoch 952 Relative Error 0.0008427604916505516
Epoch 953 Relative Error 0.0007578852237202227
Epoch 954 Relative Error 0.0008111919742077589
Epoch 955 Relative Error 0.0007934327586553991
Epoch 956 Relative Error 0.0007753782556392252
Epoch 957 Relative Error 0.000748666818253696
Epoch 958 Relative Error 0.0007493506418541074
Epoch 959 Relative Error 0.0007629287429153919
Epoch 960 Relative Error 0.0008313999860547483
Epoch 961 Relative Error 0.0009084864286705852
Epoch 962 Relative Error 0.0009010705980472267
Epoch 963 Relative Error 0.0008124775486066937
Epoch 964 Relative Error 0.0008525042794644833
Epoch 965 Relative Error 0.0008127781329676509
Epoch 966 Relative Error 0.000769816106185317
Epoch 967 Relative Error 0.0007316094124689698
Epoch 968 Relative Error 0.0008082337444648147
Epoch 969 Relative Error 0.0007610872853547335
Epoch 970 Relative Error 0.0008124986779876053
Epoch 971 Relative Error 0.0009618816548027098
Epoch 972 Relative Error 0.0009631249704398215
Epoch 973 Relative Error 0.0009367385064251721
Epoch 974 Relative Error 0.0008665382047183812
Epoch 975 Relative Error 0.000771002727560699
Epoch 976 Relative Error 0.0008324420778080821
Epoch 977 Relative Error 0.0007144262199290097
Epoch 978 Relative Error 0.0008020509267225862
Epoch 979 Relative Error 0.0007083733798936009
Epoch 980 Relative Error 0.0008539718692190945
Epoch 981 Relative Error 0.0008700733305886388
Epoch 982 Relative Error 0.0008527960162609816
Epoch 983 Relative Error 0.0009626888204365969
Epoch 984 Relative Error 0.0008132970542646945
Epoch 985 Relative Error 0.0008694725693203509
Epoch 986 Relative Error 0.0007722675218246877
Epoch 987 Relative Error 0.0007347057107836008
Epoch 988 Relative Error 0.0008508483879268169
Epoch 989 Relative Error 0.0008212986867874861
Epoch 990 Relative Error 0.0008965767920017242
Epoch 991 Relative Error 0.0007463556830771267
Epoch 992 Relative Error 0.0007806166540831327
Epoch 993 Relative Error 0.0007487590191885829
Epoch 994 Relative Error 0.0009117048466578126
Epoch 995 Relative Error 0.0007428382523357868
Epoch 996 Relative Error 0.0008116395329125226
Epoch 997 Relative Error 0.0007547234417870641
Epoch 998 Relative Error 0.0008462709956802428
Epoch 999 Relative Error 0.0009031834197230637
Epoch 1000 Relative Error 0.0008770553977228701
RE (3, 9, 0, 0): 0.0006412827060557902
Green's Function RE (3, 9, 0, 0): 0.9500248432159424
Bias Term RE (3, 9, 0, 0): 0.8240300416946411
Combination (3, 9, 0, 0, 0): 0.0008770616259425879
Combination (3, 9, 0, 0, 1): 0.9370604157447815
Combination (3, 9, 0, 0, 2): 0.937138020992279
Combination (3, 9, 0, 0, 3): 0.9372869729995728
Combination (3, 9, 0, 0, 4): 0.9373315572738647

/home/gridsan/gstepaniants/.local/lib/python3.8/site-packages/torch/functional.py:478: UserWarning: torch.meshgrid: in an upcoming release, it will be required to pass the indexing argument. (Triggered internally at  ../aten/src/ATen/native/TensorShape.cpp:2895.)
  return _VF.meshgrid(tensors, **kwargs)  # type: ignore[attr-defined]
