[KeOps] Warning : Cuda libraries were not detected on the system ; using cpu only mode
1
Kernel: Matern3/2
Weight Mesh: 30
RKHS Kernel Width: 0.08
Lambda: 1e-06
Green's Function Learning Rate: 100
Bias Term Learning Rate: 100
Epoch 1 Relative Error 5360.80615234375
First epoch had re = 5360.80615234375 > 1
Green's Function Learning Rate: 50
Bias Term Learning Rate: 50
Epoch 1 Relative Error 3490.421875
First epoch had re = 3490.421875 > 1
Green's Function Learning Rate: 10
Bias Term Learning Rate: 10
Epoch 1 Relative Error 621.2166748046875
First epoch had re = 621.2166748046875 > 1
Green's Function Learning Rate: 5
Bias Term Learning Rate: 5
Epoch 1 Relative Error 247.21438598632812
First epoch had re = 247.21438598632812 > 1
Green's Function Learning Rate: 1
Bias Term Learning Rate: 1
Epoch 1 Relative Error 63.203922271728516
First epoch had re = 63.203922271728516 > 1
Green's Function Learning Rate: 0.5
Bias Term Learning Rate: 0.5
Epoch 1 Relative Error 35.044532775878906
First epoch had re = 35.044532775878906 > 1
Green's Function Learning Rate: 0.1
Bias Term Learning Rate: 0.1
Epoch 1 Relative Error 5.04899263381958
First epoch had re = 5.04899263381958 > 1
Green's Function Learning Rate: 0.05
Bias Term Learning Rate: 0.05
Epoch 1 Relative Error 3.003048896789551
First epoch had re = 3.003048896789551 > 1
Green's Function Learning Rate: 0.01
Bias Term Learning Rate: 0.01
Epoch 1 Relative Error 0.638393223285675
Epoch 2 Relative Error 0.5380759835243225
Epoch 3 Relative Error 0.4418486952781677
Epoch 4 Relative Error 0.3964785039424896
Epoch 5 Relative Error 0.22852551937103271
Epoch 6 Relative Error 0.23244445025920868
Epoch 7 Relative Error 0.13163751363754272
Epoch 8 Relative Error 0.13298657536506653
Epoch 9 Relative Error 0.12295518815517426
Epoch 10 Relative Error 0.0870109349489212
Epoch 11 Relative Error 0.07618112117052078
Epoch 12 Relative Error 0.06499938666820526
Epoch 13 Relative Error 0.06283485144376755
Epoch 14 Relative Error 0.05505911633372307
Epoch 15 Relative Error 0.05093847215175629
Epoch 16 Relative Error 0.048107534646987915
Epoch 17 Relative Error 0.04375867173075676
Epoch 18 Relative Error 0.04281002655625343
Epoch 19 Relative Error 0.040592510253190994
Epoch 20 Relative Error 0.03887411952018738
Epoch 21 Relative Error 0.038291703909635544
Epoch 22 Relative Error 0.03720208257436752
Epoch 23 Relative Error 0.036507390439510345
Epoch 24 Relative Error 0.035503510385751724
Epoch 25 Relative Error 0.0349159762263298
Epoch 26 Relative Error 0.03421913459897041
Epoch 27 Relative Error 0.03358505666255951
Epoch 28 Relative Error 0.033079348504543304
Epoch 29 Relative Error 0.03249727189540863
Epoch 30 Relative Error 0.031957946717739105
Epoch 31 Relative Error 0.03151194378733635
Epoch 32 Relative Error 0.031047964468598366
Epoch 33 Relative Error 0.03056701458990574
Epoch 34 Relative Error 0.030127206817269325
Epoch 35 Relative Error 0.029688406735658646
Epoch 36 Relative Error 0.029307687655091286
Epoch 37 Relative Error 0.0289101991802454
Epoch 38 Relative Error 0.02854185551404953
Epoch 39 Relative Error 0.028140099719166756
Epoch 40 Relative Error 0.027828754857182503
Epoch 41 Relative Error 0.027440398931503296
Epoch 42 Relative Error 0.027108188718557358
Epoch 43 Relative Error 0.026829548180103302
Epoch 44 Relative Error 0.02646636590361595
Epoch 45 Relative Error 0.026159383356571198
Epoch 46 Relative Error 0.025908948853611946
Epoch 47 Relative Error 0.02555965818464756
Epoch 48 Relative Error 0.025311840698122978
Epoch 49 Relative Error 0.025057723745703697
Epoch 50 Relative Error 0.024775657802820206
Epoch 51 Relative Error 0.024526447057724
Epoch 52 Relative Error 0.02427775040268898
Epoch 53 Relative Error 0.02402409538626671
Epoch 54 Relative Error 0.02375836856663227
Epoch 55 Relative Error 0.023548122495412827
Epoch 56 Relative Error 0.023329276591539383
Epoch 57 Relative Error 0.023127572610974312
Epoch 58 Relative Error 0.022863291203975677
Epoch 59 Relative Error 0.022692082449793816
Epoch 60 Relative Error 0.022487010806798935
Epoch 61 Relative Error 0.02231268770992756
Epoch 62 Relative Error 0.022061925381422043
Epoch 63 Relative Error 0.021945305168628693
Epoch 64 Relative Error 0.021684691309928894
Epoch 65 Relative Error 0.0215824656188488
Epoch 66 Relative Error 0.02137800119817257
Epoch 67 Relative Error 0.021170327439904213
Epoch 68 Relative Error 0.021016106009483337
Epoch 69 Relative Error 0.020821023732423782
Epoch 70 Relative Error 0.02064957469701767
Epoch 71 Relative Error 0.020582376047968864
Epoch 72 Relative Error 0.020359260961413383
Epoch 73 Relative Error 0.020207859575748444
Epoch 74 Relative Error 0.02029174193739891
Epoch 75 Relative Error 0.019960060715675354
Epoch 76 Relative Error 0.01981138251721859
Epoch 77 Relative Error 0.01965991035103798
Epoch 78 Relative Error 0.019529735669493675
Epoch 79 Relative Error 0.019349342212080956
Epoch 80 Relative Error 0.019283048808574677
Epoch 81 Relative Error 0.019135743379592896
Epoch 82 Relative Error 0.019093576818704605
Epoch 83 Relative Error 0.018882805481553078
Epoch 84 Relative Error 0.018815327435731888
Epoch 85 Relative Error 0.018606113269925117
Epoch 86 Relative Error 0.01850375346839428
Epoch 87 Relative Error 0.018431231379508972
Epoch 88 Relative Error 0.018296541646122932
Epoch 89 Relative Error 0.018125323578715324
Epoch 90 Relative Error 0.018014630302786827
Epoch 91 Relative Error 0.018009543418884277
Epoch 92 Relative Error 0.017778942361474037
Epoch 93 Relative Error 0.01774744875729084
Epoch 94 Relative Error 0.017589304596185684
Epoch 95 Relative Error 0.017524221912026405
Epoch 96 Relative Error 0.01748006045818329
Epoch 97 Relative Error 0.017263738438487053
Epoch 98 Relative Error 0.01719939149916172
Epoch 99 Relative Error 0.017094070091843605
Epoch 100 Relative Error 0.01702835038304329
Epoch 101 Relative Error 0.016920097172260284
Epoch 102 Relative Error 0.016800591722130775
Epoch 103 Relative Error 0.016738636419177055
Epoch 104 Relative Error 0.016619177535176277
Epoch 105 Relative Error 0.01656753197312355
Epoch 106 Relative Error 0.0164808239787817
Epoch 107 Relative Error 0.0163499154150486
Epoch 108 Relative Error 0.016326582059264183
Epoch 109 Relative Error 0.01624557562172413
Epoch 110 Relative Error 0.01614738255739212
Epoch 111 Relative Error 0.016161998733878136
Epoch 112 Relative Error 0.016023771837353706
Epoch 113 Relative Error 0.015899965539574623
Epoch 114 Relative Error 0.01581849902868271
Epoch 115 Relative Error 0.015807317569851875
Epoch 116 Relative Error 0.015640046447515488
Epoch 117 Relative Error 0.015553731471300125
Epoch 118 Relative Error 0.015597601421177387
Epoch 119 Relative Error 0.015414547175168991
Epoch 120 Relative Error 0.015420696698129177
Epoch 121 Relative Error 0.01529250480234623
Epoch 122 Relative Error 0.015338249504566193
Epoch 123 Relative Error 0.015131385996937752
Epoch 124 Relative Error 0.01509785745292902
Epoch 125 Relative Error 0.01507769338786602
Epoch 126 Relative Error 0.01496032066643238
Epoch 127 Relative Error 0.014889437705278397
Epoch 128 Relative Error 0.01484125666320324
Epoch 129 Relative Error 0.014922810718417168
Epoch 130 Relative Error 0.014753119088709354
Epoch 131 Relative Error 0.014609988778829575
Epoch 132 Relative Error 0.01457295659929514
Epoch 133 Relative Error 0.01457385253161192
Epoch 134 Relative Error 0.014487607404589653
Epoch 135 Relative Error 0.014393877238035202
Epoch 136 Relative Error 0.014349608682096004
Epoch 137 Relative Error 0.014353548176586628
Epoch 138 Relative Error 0.01424688845872879
Epoch 139 Relative Error 0.014165971428155899
Epoch 140 Relative Error 0.01410499308258295
Epoch 141 Relative Error 0.014070902019739151
Epoch 142 Relative Error 0.014049907214939594
Epoch 143 Relative Error 0.013924375176429749
Epoch 144 Relative Error 0.01389158982783556
Epoch 145 Relative Error 0.013882290571928024
Epoch 146 Relative Error 0.01384520810097456
Epoch 147 Relative Error 0.013733158819377422
Epoch 148 Relative Error 0.0136795649304986
Epoch 149 Relative Error 0.013667434453964233
Epoch 150 Relative Error 0.01361450832337141
Epoch 151 Relative Error 0.013502974063158035
Epoch 152 Relative Error 0.013504469767212868
Epoch 153 Relative Error 0.013477753847837448
Epoch 154 Relative Error 0.013438219204545021
Epoch 155 Relative Error 0.013368884101510048
Epoch 156 Relative Error 0.013341306708753109
Epoch 157 Relative Error 0.013295214623212814
Epoch 158 Relative Error 0.013169306330382824
Epoch 159 Relative Error 0.01318231038749218
Epoch 160 Relative Error 0.01310900691896677
Epoch 161 Relative Error 0.013101895339787006
Epoch 162 Relative Error 0.013001828454434872
Epoch 163 Relative Error 0.01301534753292799
Epoch 164 Relative Error 0.012974262237548828
Epoch 165 Relative Error 0.012868585996329784
Epoch 166 Relative Error 0.01292808260768652
Epoch 167 Relative Error 0.01282260287553072
Epoch 168 Relative Error 0.012781490571796894
Epoch 169 Relative Error 0.012771430425345898
Epoch 170 Relative Error 0.012676096521317959
Epoch 171 Relative Error 0.01267935149371624
Epoch 172 Relative Error 0.012672023847699165
Epoch 173 Relative Error 0.012585348449647427
Epoch 174 Relative Error 0.012524389661848545
Epoch 175 Relative Error 0.012475174851715565
Epoch 176 Relative Error 0.012443752028048038
Epoch 177 Relative Error 0.012435276061296463
Epoch 178 Relative Error 0.012376764789223671
Epoch 179 Relative Error 0.012324655428528786
Epoch 180 Relative Error 0.012324304319918156
Epoch 181 Relative Error 0.012244172394275665
Epoch 182 Relative Error 0.012209737673401833
Epoch 183 Relative Error 0.012199566699564457
Epoch 184 Relative Error 0.01216041762381792
Epoch 185 Relative Error 0.012151956558227539
Epoch 186 Relative Error 0.012078400701284409
Epoch 187 Relative Error 0.012062071822583675
Epoch 188 Relative Error 0.012025440111756325
Epoch 189 Relative Error 0.012011809274554253
Epoch 190 Relative Error 0.011993237771093845
Epoch 191 Relative Error 0.01193268597126007
Epoch 192 Relative Error 0.011873736046254635
Epoch 193 Relative Error 0.011846540495753288
Epoch 194 Relative Error 0.011775460094213486
Epoch 195 Relative Error 0.011782444082200527
Epoch 196 Relative Error 0.011744591407477856
Epoch 197 Relative Error 0.011711395345628262
Epoch 198 Relative Error 0.011690594255924225
Epoch 199 Relative Error 0.011657055467367172
Epoch 200 Relative Error 0.011752183549106121
Epoch 201 Relative Error 0.01157934870570898
Epoch 202 Relative Error 0.011586244218051434
Epoch 203 Relative Error 0.01154148019850254
Epoch 204 Relative Error 0.011551243253052235
Epoch 205 Relative Error 0.011493533849716187
Epoch 206 Relative Error 0.011459858156740665
Epoch 207 Relative Error 0.011477531865239143
Epoch 208 Relative Error 0.011363711208105087
Epoch 209 Relative Error 0.011390470899641514
Epoch 210 Relative Error 0.01139891054481268
Epoch 211 Relative Error 0.011318371631205082
Epoch 212 Relative Error 0.011303786188364029
Epoch 213 Relative Error 0.011302272789180279
Epoch 214 Relative Error 0.011172101832926273
Epoch 215 Relative Error 0.011200407519936562
Epoch 216 Relative Error 0.011118732392787933
Epoch 217 Relative Error 0.01111187320202589
Epoch 218 Relative Error 0.011088361963629723
Epoch 219 Relative Error 0.011044589802622795
Epoch 220 Relative Error 0.011019055731594563
Epoch 221 Relative Error 0.010992187075316906
Epoch 222 Relative Error 0.010984324850142002
Epoch 223 Relative Error 0.010977587662637234
Epoch 224 Relative Error 0.010932574048638344
Epoch 225 Relative Error 0.01088042464107275
Epoch 226 Relative Error 0.010847607627511024
Epoch 227 Relative Error 0.010859924368560314
Epoch 228 Relative Error 0.010804273188114166
Epoch 229 Relative Error 0.010865175165235996
Epoch 230 Relative Error 0.01076946035027504
Epoch 231 Relative Error 0.010760020464658737
Epoch 232 Relative Error 0.010717583820223808
Epoch 233 Relative Error 0.010735995136201382
Epoch 234 Relative Error 0.010671575553715229
Epoch 235 Relative Error 0.010616686195135117
Epoch 236 Relative Error 0.010587433353066444
Epoch 237 Relative Error 0.010572411119937897
Epoch 238 Relative Error 0.010553455911576748
Epoch 239 Relative Error 0.010571785271167755
Epoch 240 Relative Error 0.010519924573600292
Epoch 241 Relative Error 0.010480639524757862
Epoch 242 Relative Error 0.010516753420233727
Epoch 243 Relative Error 0.010419799014925957
Epoch 244 Relative Error 0.010435798205435276
Epoch 245 Relative Error 0.010375740006566048
Epoch 246 Relative Error 0.010400750674307346
Epoch 247 Relative Error 0.010343619622290134
Epoch 248 Relative Error 0.010300925932824612
Epoch 249 Relative Error 0.01051168330013752
Epoch 250 Relative Error 0.010352885350584984
Epoch 251 Relative Error 0.010282021015882492
Epoch 252 Relative Error 0.010317603126168251
Epoch 253 Relative Error 0.010171947069466114
Epoch 254 Relative Error 0.010174654424190521
Epoch 255 Relative Error 0.010166238993406296
Epoch 256 Relative Error 0.01015161257237196
Epoch 257 Relative Error 0.010134153999388218
Epoch 258 Relative Error 0.010092114098370075
Epoch 259 Relative Error 0.010149167850613594
Epoch 260 Relative Error 0.0100888442248106
Epoch 261 Relative Error 0.010064062662422657
Epoch 262 Relative Error 0.01003297045826912
Epoch 263 Relative Error 0.010015309788286686
Epoch 264 Relative Error 0.010024595074355602
Epoch 265 Relative Error 0.009996113367378712
Epoch 266 Relative Error 0.009942791424691677
Epoch 267 Relative Error 0.009944543242454529
Epoch 268 Relative Error 0.00987413339316845
Epoch 269 Relative Error 0.00990206003189087
Epoch 270 Relative Error 0.009819190949201584
Epoch 271 Relative Error 0.009836232289671898
Epoch 272 Relative Error 0.009827675297856331
Epoch 273 Relative Error 0.009797846898436546
Epoch 274 Relative Error 0.009772859513759613
Epoch 275 Relative Error 0.009779922664165497
Epoch 276 Relative Error 0.00974210537970066
Epoch 277 Relative Error 0.009715930558741093
Epoch 278 Relative Error 0.00971272960305214
Epoch 279 Relative Error 0.009704510681331158
Epoch 280 Relative Error 0.009631774388253689
Epoch 281 Relative Error 0.009640822187066078
Epoch 282 Relative Error 0.009642187505960464
Epoch 283 Relative Error 0.009610564447939396
Epoch 284 Relative Error 0.009611008688807487
Epoch 285 Relative Error 0.009677951224148273
Epoch 286 Relative Error 0.009561276994645596
Epoch 287 Relative Error 0.009511668235063553
Epoch 288 Relative Error 0.009514465928077698
Epoch 289 Relative Error 0.009520484134554863
Epoch 290 Relative Error 0.009511567652225494
Epoch 291 Relative Error 0.009480064734816551
Epoch 292 Relative Error 0.009427523240447044
Epoch 293 Relative Error 0.009469038806855679
Epoch 294 Relative Error 0.00939873605966568
Epoch 295 Relative Error 0.009398531168699265
Epoch 296 Relative Error 0.009437194094061852
Epoch 297 Relative Error 0.009384870529174805
Epoch 298 Relative Error 0.009340469725430012
Epoch 299 Relative Error 0.009420872665941715
Epoch 300 Relative Error 0.00930766761302948
Epoch 301 Relative Error 0.009287525899708271
Epoch 302 Relative Error 0.009281783364713192
Epoch 303 Relative Error 0.009250498376786709
Epoch 304 Relative Error 0.009234010241925716
Epoch 305 Relative Error 0.00921965017914772
Epoch 306 Relative Error 0.009230020456016064
Epoch 307 Relative Error 0.009259114973247051
Epoch 308 Relative Error 0.009267403744161129
Epoch 309 Relative Error 0.00917568989098072
Epoch 310 Relative Error 0.009224304929375648
Epoch 311 Relative Error 0.009140664711594582
Epoch 312 Relative Error 0.009144329465925694
Epoch 313 Relative Error 0.009229036048054695
Epoch 314 Relative Error 0.009090560488402843
Epoch 315 Relative Error 0.00902800727635622
Epoch 316 Relative Error 0.009051674976944923
Epoch 317 Relative Error 0.009032249450683594
Epoch 318 Relative Error 0.009010370820760727
Epoch 319 Relative Error 0.008993236348032951
Epoch 320 Relative Error 0.008996427059173584
Epoch 321 Relative Error 0.008992040529847145
Epoch 322 Relative Error 0.009003497660160065
Epoch 323 Relative Error 0.008957247249782085
Epoch 324 Relative Error 0.008923371322453022
Epoch 325 Relative Error 0.00889684073626995
Epoch 326 Relative Error 0.00890835840255022
Epoch 327 Relative Error 0.008934115059673786
Epoch 328 Relative Error 0.008900899440050125
Epoch 329 Relative Error 0.008851317688822746
Epoch 330 Relative Error 0.00884030107408762
Epoch 331 Relative Error 0.00883384607732296
Epoch 332 Relative Error 0.008810547180473804
Epoch 333 Relative Error 0.008811104111373425
Epoch 334 Relative Error 0.00885624997317791
Epoch 335 Relative Error 0.008780494332313538
Epoch 336 Relative Error 0.008755335584282875
Epoch 337 Relative Error 0.008732789196074009
Epoch 338 Relative Error 0.008712473325431347
Epoch 339 Relative Error 0.008724740706384182
Epoch 340 Relative Error 0.008764807134866714
Epoch 341 Relative Error 0.008694163523614407
Epoch 342 Relative Error 0.008677077479660511
Epoch 343 Relative Error 0.008655073121190071
Epoch 344 Relative Error 0.00866696797311306
Epoch 345 Relative Error 0.008747055195271969
Epoch 346 Relative Error 0.008634750731289387
Epoch 347 Relative Error 0.008618698455393314
Epoch 348 Relative Error 0.008578583598136902
Epoch 349 Relative Error 0.008581593632698059
Epoch 350 Relative Error 0.008536544628441334
Epoch 351 Relative Error 0.008552320301532745
Epoch 352 Relative Error 0.008551270700991154
Epoch 353 Relative Error 0.008549886755645275
Epoch 354 Relative Error 0.008510109037160873
Epoch 355 Relative Error 0.008531461469829082
Epoch 356 Relative Error 0.008498978801071644
Epoch 357 Relative Error 0.008544416166841984
Epoch 358 Relative Error 0.008479624055325985
Epoch 359 Relative Error 0.008508466184139252
Epoch 360 Relative Error 0.008534332737326622
Epoch 361 Relative Error 0.008498595096170902
Epoch 362 Relative Error 0.008479611948132515
Epoch 363 Relative Error 0.008420122787356377
Epoch 364 Relative Error 0.008372275158762932
Epoch 365 Relative Error 0.00842992402613163
Epoch 366 Relative Error 0.008408261463046074
Epoch 367 Relative Error 0.008397327736020088
Epoch 368 Relative Error 0.008445008657872677
Epoch 369 Relative Error 0.00851046945899725
Epoch 370 Relative Error 0.008514941670000553
Epoch 371 Relative Error 0.008386955596506596
Epoch 372 Relative Error 0.008330605924129486
Epoch 373 Relative Error 0.00830058567225933
Epoch 374 Relative Error 0.008297511376440525
Epoch 375 Relative Error 0.008316507562994957
Epoch 376 Relative Error 0.00823896937072277
Epoch 377 Relative Error 0.008288051933050156
Epoch 378 Relative Error 0.008253666572272778
Epoch 379 Relative Error 0.00828635785728693
Epoch 380 Relative Error 0.008210581727325916
Epoch 381 Relative Error 0.008251241408288479
Epoch 382 Relative Error 0.008188893087208271
Epoch 383 Relative Error 0.008183306083083153
Epoch 384 Relative Error 0.00816505216062069
Epoch 385 Relative Error 0.008133281953632832
Epoch 386 Relative Error 0.008127053268253803
Epoch 387 Relative Error 0.008126700296998024
Epoch 388 Relative Error 0.008128578774631023
Epoch 389 Relative Error 0.00809717457741499
Epoch 390 Relative Error 0.008116267621517181
Epoch 391 Relative Error 0.008079573512077332
Epoch 392 Relative Error 0.00813594926148653
Epoch 393 Relative Error 0.00810074619948864
Epoch 394 Relative Error 0.00802365131676197
Epoch 395 Relative Error 0.008098281919956207
Epoch 396 Relative Error 0.008037567138671875
Epoch 397 Relative Error 0.008022003807127476
Epoch 398 Relative Error 0.008029240183532238
Epoch 399 Relative Error 0.0079686613753438
Epoch 400 Relative Error 0.007975137792527676
Epoch 401 Relative Error 0.008033784106373787
Epoch 402 Relative Error 0.00798596628010273
Epoch 403 Relative Error 0.007952207699418068
Epoch 404 Relative Error 0.007958384230732918
Epoch 405 Relative Error 0.007949156686663628
Epoch 406 Relative Error 0.007967319339513779
Epoch 407 Relative Error 0.008040457032620907
Epoch 408 Relative Error 0.008006742224097252
Epoch 409 Relative Error 0.008022783324122429
Epoch 410 Relative Error 0.007920545525848866
Epoch 411 Relative Error 0.007969820871949196
Epoch 412 Relative Error 0.007846208289265633
Epoch 413 Relative Error 0.007895613089203835
Epoch 414 Relative Error 0.007829899899661541
Epoch 415 Relative Error 0.007889118045568466
Epoch 416 Relative Error 0.007894996553659439
Epoch 417 Relative Error 0.007862132042646408
Epoch 418 Relative Error 0.0078119332902133465
Epoch 419 Relative Error 0.007790548261255026
Epoch 420 Relative Error 0.007777172140777111
Epoch 421 Relative Error 0.007787370588630438
Epoch 422 Relative Error 0.00776365352794528
Epoch 423 Relative Error 0.007775650825351477
Epoch 424 Relative Error 0.007774421479552984
Epoch 425 Relative Error 0.007770643103867769
Epoch 426 Relative Error 0.007822932675480843
Epoch 427 Relative Error 0.0077868192456662655
Epoch 428 Relative Error 0.007727230433374643
Epoch 429 Relative Error 0.0077052670530974865
Epoch 430 Relative Error 0.007699222769588232
Epoch 431 Relative Error 0.007673483807593584
Epoch 432 Relative Error 0.0076741105876863
Epoch 433 Relative Error 0.007694001775234938
Epoch 434 Relative Error 0.007681327871978283
Epoch 435 Relative Error 0.007874305360019207
Epoch 436 Relative Error 0.0077751982025802135
Epoch 437 Relative Error 0.007741816807538271
Epoch 438 Relative Error 0.0076587507501244545
Epoch 439 Relative Error 0.007688212674111128
Epoch 440 Relative Error 0.0076179420575499535
Epoch 441 Relative Error 0.007663336116820574
Epoch 442 Relative Error 0.007650457322597504
Epoch 443 Relative Error 0.007605720777064562
Epoch 444 Relative Error 0.007622242905199528
Epoch 445 Relative Error 0.007647218182682991
Epoch 446 Relative Error 0.007569537963718176
Epoch 447 Relative Error 0.0075496830977499485
Epoch 448 Relative Error 0.007551501505076885
Epoch 449 Relative Error 0.007561877835541964
Epoch 450 Relative Error 0.007503351662307978
Epoch 451 Relative Error 0.007533067371696234
Epoch 452 Relative Error 0.007525180000811815
Epoch 453 Relative Error 0.007492108270525932
Epoch 454 Relative Error 0.007464464753866196
Epoch 455 Relative Error 0.007472865749150515
Epoch 456 Relative Error 0.007450901437550783
Epoch 457 Relative Error 0.007464603055268526
Epoch 458 Relative Error 0.007448113057762384
Epoch 459 Relative Error 0.007424371782690287
Epoch 460 Relative Error 0.007442458998411894
Epoch 461 Relative Error 0.007428333628922701
Epoch 462 Relative Error 0.007481503300368786
Epoch 463 Relative Error 0.007426032796502113
Epoch 464 Relative Error 0.007413860410451889
Epoch 465 Relative Error 0.007419730070978403
Epoch 466 Relative Error 0.007392325904220343
Epoch 467 Relative Error 0.007384052965790033
Epoch 468 Relative Error 0.007392356172204018
Epoch 469 Relative Error 0.007368030492216349
Epoch 470 Relative Error 0.007358756847679615
Epoch 471 Relative Error 0.007347440347075462
Epoch 472 Relative Error 0.00737216230481863
Epoch 473 Relative Error 0.007329822052270174
Epoch 474 Relative Error 0.007324906066060066
Epoch 475 Relative Error 0.007362002041190863
Epoch 476 Relative Error 0.0073725939728319645
Epoch 477 Relative Error 0.007345744874328375
Epoch 478 Relative Error 0.0073271626606583595
Epoch 479 Relative Error 0.007297690957784653
Epoch 480 Relative Error 0.007284613326191902
Epoch 481 Relative Error 0.00727758789435029
Epoch 482 Relative Error 0.007305539213120937
Epoch 483 Relative Error 0.007296713534742594
Epoch 484 Relative Error 0.007258393336087465
Epoch 485 Relative Error 0.007242953404784203
Epoch 486 Relative Error 0.007241698447614908
Epoch 487 Relative Error 0.0072431606240570545
Epoch 488 Relative Error 0.007253456860780716
Epoch 489 Relative Error 0.007221084088087082
Epoch 490 Relative Error 0.007226430810987949
Epoch 491 Relative Error 0.007245028857141733
Epoch 492 Relative Error 0.007206090725958347
Epoch 493 Relative Error 0.0071908398531377316
Epoch 494 Relative Error 0.007194461300969124
Epoch 495 Relative Error 0.007192103657871485
Epoch 496 Relative Error 0.0071747638285160065
Epoch 497 Relative Error 0.007155249360948801
Epoch 498 Relative Error 0.007270991802215576
Epoch 499 Relative Error 0.007190817967057228
Epoch 500 Relative Error 0.007156064733862877
Epoch 501 Relative Error 0.007193560712039471
Epoch 502 Relative Error 0.007233475334942341
Epoch 503 Relative Error 0.007182728964835405
Epoch 504 Relative Error 0.00725516676902771
Epoch 505 Relative Error 0.007195275742560625
Epoch 506 Relative Error 0.007167335599660873
Epoch 507 Relative Error 0.007172919809818268
Epoch 508 Relative Error 0.007289052475243807
Epoch 509 Relative Error 0.007329549174755812
Epoch 510 Relative Error 0.007135787513107061
Epoch 511 Relative Error 0.007145626470446587
Epoch 512 Relative Error 0.007069958373904228
Epoch 513 Relative Error 0.00706432806327939
Epoch 514 Relative Error 0.007074492517858744
Epoch 515 Relative Error 0.007143092807382345
Epoch 516 Relative Error 0.007108563557267189
Epoch 517 Relative Error 0.0070895841345191
Epoch 518 Relative Error 0.007033956237137318
Epoch 519 Relative Error 0.007069416809827089
Epoch 520 Relative Error 0.006995696574449539
Epoch 521 Relative Error 0.006987930275499821
Epoch 522 Relative Error 0.007004805374890566
Epoch 523 Relative Error 0.006989493500441313
Epoch 524 Relative Error 0.006955280434340239
Epoch 525 Relative Error 0.006988965906202793
Epoch 526 Relative Error 0.006964941509068012
Epoch 527 Relative Error 0.007047566585242748
Epoch 528 Relative Error 0.007053728681057692
Epoch 529 Relative Error 0.006994868628680706
Epoch 530 Relative Error 0.006943867076188326
Epoch 531 Relative Error 0.006963533349335194
Epoch 532 Relative Error 0.006918381899595261
Epoch 533 Relative Error 0.006921893451362848
Epoch 534 Relative Error 0.006938054226338863
Epoch 535 Relative Error 0.006918922532349825
Epoch 536 Relative Error 0.006982873193919659
Epoch 537 Relative Error 0.00689333351328969
Epoch 538 Relative Error 0.006917573977261782
Epoch 539 Relative Error 0.0069278632290661335
Epoch 540 Relative Error 0.006885775830596685
Epoch 541 Relative Error 0.006870535667985678
Epoch 542 Relative Error 0.006887347437441349
Epoch 543 Relative Error 0.006869746372103691
Epoch 544 Relative Error 0.006863320712000132
Epoch 545 Relative Error 0.006849820259958506
Epoch 546 Relative Error 0.00684943376109004
Epoch 547 Relative Error 0.006839758716523647
Epoch 548 Relative Error 0.00687070656567812
Epoch 549 Relative Error 0.006822229363024235
Epoch 550 Relative Error 0.006839707959443331
Epoch 551 Relative Error 0.006829964462667704
Epoch 552 Relative Error 0.006813610903918743
Epoch 553 Relative Error 0.006784744560718536
Epoch 554 Relative Error 0.00678853178396821
Epoch 555 Relative Error 0.006790651008486748
Epoch 556 Relative Error 0.006800284143537283
Epoch 557 Relative Error 0.006788251455873251
Epoch 558 Relative Error 0.006792542524635792
Epoch 559 Relative Error 0.006778242532163858
Epoch 560 Relative Error 0.00675169937312603
Epoch 561 Relative Error 0.0068346657790243626
Epoch 562 Relative Error 0.006805210839956999
Epoch 563 Relative Error 0.006849879398941994
Epoch 564 Relative Error 0.00682004215195775
Epoch 565 Relative Error 0.006734858732670546
Epoch 566 Relative Error 0.006781637668609619
Epoch 567 Relative Error 0.006719850469380617
Epoch 568 Relative Error 0.006709670647978783
Epoch 569 Relative Error 0.006742066703736782
Epoch 570 Relative Error 0.006741307210177183
Epoch 571 Relative Error 0.006708675064146519
Epoch 572 Relative Error 0.006745985243469477
Epoch 573 Relative Error 0.0067224702797830105
Epoch 574 Relative Error 0.006674868054687977
Epoch 575 Relative Error 0.006666501052677631
Epoch 576 Relative Error 0.006694567855447531
Epoch 577 Relative Error 0.0066834986209869385
Epoch 578 Relative Error 0.006671646144241095
Epoch 579 Relative Error 0.0066637941636145115
Epoch 580 Relative Error 0.006671208422631025
Epoch 581 Relative Error 0.006670006085187197
Epoch 582 Relative Error 0.006662412080913782
Epoch 583 Relative Error 0.006650385446846485
Epoch 584 Relative Error 0.006639154627919197
Epoch 585 Relative Error 0.006694620009511709
Epoch 586 Relative Error 0.006681241560727358
Epoch 587 Relative Error 0.006690227892249823
Epoch 588 Relative Error 0.006659018341451883
Epoch 589 Relative Error 0.006660779006779194
Epoch 590 Relative Error 0.006678542122244835
Epoch 591 Relative Error 0.006651140749454498
Epoch 592 Relative Error 0.006588353309780359
Epoch 593 Relative Error 0.00658039515838027
Epoch 594 Relative Error 0.006593417841941118
Epoch 595 Relative Error 0.006640805397182703
Epoch 596 Relative Error 0.00661578169092536
Epoch 597 Relative Error 0.006562694441527128
Epoch 598 Relative Error 0.006562562193721533
Epoch 599 Relative Error 0.0066018905490636826
Epoch 600 Relative Error 0.006557546090334654
Epoch 601 Relative Error 0.006560380570590496
Epoch 602 Relative Error 0.006571637466549873
Epoch 603 Relative Error 0.006565591786056757
Epoch 604 Relative Error 0.006524931639432907
Epoch 605 Relative Error 0.00653229933232069
Epoch 606 Relative Error 0.00651242071762681
Epoch 607 Relative Error 0.006529147736728191
Epoch 608 Relative Error 0.006510874256491661
Epoch 609 Relative Error 0.006504516117274761
Epoch 610 Relative Error 0.00651191733777523
Epoch 611 Relative Error 0.006519137416034937
Epoch 612 Relative Error 0.006490845233201981
Epoch 613 Relative Error 0.0064677894115448
Epoch 614 Relative Error 0.006474627181887627
Epoch 615 Relative Error 0.006463994272053242
Epoch 616 Relative Error 0.00645323283970356
Epoch 617 Relative Error 0.006453345995396376
Epoch 618 Relative Error 0.006453904323279858
Epoch 619 Relative Error 0.006466647144407034
Epoch 620 Relative Error 0.006441038567572832
Epoch 621 Relative Error 0.006435099523514509
Epoch 622 Relative Error 0.006439016666263342
Epoch 623 Relative Error 0.006471280008554459
Epoch 624 Relative Error 0.006503350101411343
Epoch 625 Relative Error 0.0064533185213804245
Epoch 626 Relative Error 0.0065058874897658825
Epoch 627 Relative Error 0.0064358399249613285
Epoch 628 Relative Error 0.006451692432165146
Epoch 629 Relative Error 0.006392438430339098
Epoch 630 Relative Error 0.00639787781983614
Epoch 631 Relative Error 0.006424988619983196
Epoch 632 Relative Error 0.006386632099747658
Epoch 633 Relative Error 0.006409873254597187
Epoch 634 Relative Error 0.006360539700835943
Epoch 635 Relative Error 0.006383073516190052
Epoch 636 Relative Error 0.006382213439792395
Epoch 637 Relative Error 0.006357422564178705
Epoch 638 Relative Error 0.006346006412059069
Epoch 639 Relative Error 0.006362881977111101
Epoch 640 Relative Error 0.0063506378792226315
Epoch 641 Relative Error 0.006358401384204626
Epoch 642 Relative Error 0.006394733674824238
Epoch 643 Relative Error 0.006370420102030039
Epoch 644 Relative Error 0.006374445278197527
Epoch 645 Relative Error 0.00635888334363699
Epoch 646 Relative Error 0.006319534964859486
Epoch 647 Relative Error 0.006325980648398399
Epoch 648 Relative Error 0.006323292385786772
Epoch 649 Relative Error 0.006308503448963165
Epoch 650 Relative Error 0.0063180443830788136
Epoch 651 Relative Error 0.006295479368418455
Epoch 652 Relative Error 0.006298362743109465
Epoch 653 Relative Error 0.006285069510340691
Epoch 654 Relative Error 0.0063077351078391075
Epoch 655 Relative Error 0.006292297504842281
Epoch 656 Relative Error 0.0063287666998803616
Epoch 657 Relative Error 0.006297179497778416
Epoch 658 Relative Error 0.006274262443184853
Epoch 659 Relative Error 0.006291802041232586
Epoch 660 Relative Error 0.006332065910100937
Epoch 661 Relative Error 0.006327129900455475
Epoch 662 Relative Error 0.006337252911180258
Epoch 663 Relative Error 0.006305019371211529
Epoch 664 Relative Error 0.006366470362991095
Epoch 665 Relative Error 0.006273072678595781
Epoch 666 Relative Error 0.006298267748206854
Epoch 667 Relative Error 0.006298690568655729
Epoch 668 Relative Error 0.006273113191127777
Epoch 669 Relative Error 0.0063497708179056644
Epoch 670 Relative Error 0.006350639741867781
Epoch 671 Relative Error 0.006472817622125149
Epoch 672 Relative Error 0.006260996218770742
Epoch 673 Relative Error 0.006216814741492271
Epoch 674 Relative Error 0.006209708284586668
Epoch 675 Relative Error 0.00620950385928154
Epoch 676 Relative Error 0.006196337752044201
Epoch 677 Relative Error 0.006202836520969868
Epoch 678 Relative Error 0.006193214561790228
Epoch 679 Relative Error 0.006214637774974108
Epoch 680 Relative Error 0.006212456617504358
Epoch 681 Relative Error 0.006186071317642927
Epoch 682 Relative Error 0.006171331275254488
Epoch 683 Relative Error 0.006203813478350639
Epoch 684 Relative Error 0.006175460759550333
Epoch 685 Relative Error 0.006193873006850481
Epoch 686 Relative Error 0.006177711300551891
Epoch 687 Relative Error 0.00616447813808918
Epoch 688 Relative Error 0.006163907237350941
Epoch 689 Relative Error 0.006161725614219904
Epoch 690 Relative Error 0.0062176831997931
Epoch 691 Relative Error 0.006197168026119471
Epoch 692 Relative Error 0.00616293353959918
Epoch 693 Relative Error 0.006125538144260645
Epoch 694 Relative Error 0.0061407871544361115
Epoch 695 Relative Error 0.006121422164142132
Epoch 696 Relative Error 0.006116185337305069
Epoch 697 Relative Error 0.0061231572180986404
Epoch 698 Relative Error 0.006127094849944115
Epoch 699 Relative Error 0.006114644464105368
Epoch 700 Relative Error 0.006121533457189798
Epoch 701 Relative Error 0.006106972694396973
Epoch 702 Relative Error 0.0060962289571762085
Epoch 703 Relative Error 0.00609883526340127
Epoch 704 Relative Error 0.006117476616054773
Epoch 705 Relative Error 0.006098465994000435
Epoch 706 Relative Error 0.0060793994925916195
Epoch 707 Relative Error 0.006112850736826658
Epoch 708 Relative Error 0.006097439676523209
Epoch 709 Relative Error 0.006093192845582962
Epoch 710 Relative Error 0.0060686166398227215
Epoch 711 Relative Error 0.00610022246837616
Epoch 712 Relative Error 0.006082603707909584
Epoch 713 Relative Error 0.006055470556020737
Epoch 714 Relative Error 0.006091737654060125
Epoch 715 Relative Error 0.006083156447857618
Epoch 716 Relative Error 0.006087589077651501
Epoch 717 Relative Error 0.0061227972619235516
Epoch 718 Relative Error 0.006055746227502823
Epoch 719 Relative Error 0.006071582902222872
Epoch 720 Relative Error 0.006078777834773064
Epoch 721 Relative Error 0.006086063105612993
Epoch 722 Relative Error 0.006036854349076748
Epoch 723 Relative Error 0.006057174876332283
Epoch 724 Relative Error 0.006035551894456148
Epoch 725 Relative Error 0.006005529779940844
Epoch 726 Relative Error 0.005994458217173815
Epoch 727 Relative Error 0.006060474086552858
Epoch 728 Relative Error 0.006040286738425493
Epoch 729 Relative Error 0.006000308785587549
Epoch 730 Relative Error 0.005995980929583311
Epoch 731 Relative Error 0.006048852112144232
Epoch 732 Relative Error 0.0060359397903084755
Epoch 733 Relative Error 0.006042121443897486
Epoch 734 Relative Error 0.005969409365206957
Epoch 735 Relative Error 0.00596705824136734
Epoch 736 Relative Error 0.005968173500150442
Epoch 737 Relative Error 0.005949497222900391
Epoch 738 Relative Error 0.005949025973677635
Epoch 739 Relative Error 0.006000094581395388
Epoch 740 Relative Error 0.005967678036540747
Epoch 741 Relative Error 0.005995267070829868
Epoch 742 Relative Error 0.005956430919468403
Epoch 743 Relative Error 0.005960043054074049
Epoch 744 Relative Error 0.00595893245190382
Epoch 745 Relative Error 0.005969306454062462
Epoch 746 Relative Error 0.005956294480711222
Epoch 747 Relative Error 0.005925384350121021
Epoch 748 Relative Error 0.00594054302200675
Epoch 749 Relative Error 0.005926711484789848
Epoch 750 Relative Error 0.005998117849230766
Epoch 751 Relative Error 0.005947105586528778
Epoch 752 Relative Error 0.005940008442848921
Epoch 753 Relative Error 0.00599170895293355
Epoch 754 Relative Error 0.00594355771318078
Epoch 755 Relative Error 0.005921597126871347
Epoch 756 Relative Error 0.0059243906289339066
Epoch 757 Relative Error 0.005908563267439604
Epoch 758 Relative Error 0.005897872149944305
Epoch 759 Relative Error 0.005890282802283764
Epoch 760 Relative Error 0.005883123725652695
Epoch 761 Relative Error 0.00587451783940196
Epoch 762 Relative Error 0.00593203492462635
Epoch 763 Relative Error 0.005916237831115723
Epoch 764 Relative Error 0.0058648171834647655
Epoch 765 Relative Error 0.005870132707059383
Epoch 766 Relative Error 0.005922503769397736
Epoch 767 Relative Error 0.005867556668817997
Epoch 768 Relative Error 0.005872299894690514
Epoch 769 Relative Error 0.005880385637283325
Epoch 770 Relative Error 0.0059214564971625805
Epoch 771 Relative Error 0.005932856351137161
Epoch 772 Relative Error 0.006026734597980976
Epoch 773 Relative Error 0.005951195955276489
Epoch 774 Relative Error 0.005940443370491266
Epoch 775 Relative Error 0.005908219609409571
Epoch 776 Relative Error 0.006005392409861088
Epoch 777 Relative Error 0.005936251953244209
Epoch 778 Relative Error 0.005864746402949095
Epoch 779 Relative Error 0.005830090027302504
Epoch 780 Relative Error 0.005864239297807217
Epoch 781 Relative Error 0.005825391039252281
Epoch 782 Relative Error 0.00582523737102747
Epoch 783 Relative Error 0.005816919729113579
Epoch 784 Relative Error 0.005794367287307978
Epoch 785 Relative Error 0.005808590911328793
Epoch 786 Relative Error 0.005837398115545511
Epoch 787 Relative Error 0.005808044224977493
Epoch 788 Relative Error 0.005809328984469175
Epoch 789 Relative Error 0.005804548971354961
Epoch 790 Relative Error 0.005805323366075754
Epoch 791 Relative Error 0.005788021255284548
Epoch 792 Relative Error 0.0057912240736186504
Epoch 793 Relative Error 0.005789404734969139
Epoch 794 Relative Error 0.005781334824860096
Epoch 795 Relative Error 0.005822794511914253
Epoch 796 Relative Error 0.005766141228377819
Epoch 797 Relative Error 0.005801312625408173
Epoch 798 Relative Error 0.0058013880625367165
Epoch 799 Relative Error 0.0058084214106202126
Epoch 800 Relative Error 0.005789483897387981
Epoch 801 Relative Error 0.005782870575785637
Epoch 802 Relative Error 0.005795069970190525
Epoch 803 Relative Error 0.005798394791781902
Epoch 804 Relative Error 0.005781796760857105
Epoch 805 Relative Error 0.005761109758168459
Epoch 806 Relative Error 0.0058403825387358665
Epoch 807 Relative Error 0.005738053936511278
Epoch 808 Relative Error 0.005744453053921461
Epoch 809 Relative Error 0.005746169481426477
Epoch 810 Relative Error 0.005735351238399744
Epoch 811 Relative Error 0.005734493490308523
Epoch 812 Relative Error 0.005773552227765322
Epoch 813 Relative Error 0.005731506273150444
Epoch 814 Relative Error 0.0057859113439917564
Epoch 815 Relative Error 0.0058156163431704044
Epoch 816 Relative Error 0.00579487718641758
Epoch 817 Relative Error 0.0058386605232954025
Epoch 818 Relative Error 0.005784123204648495
Epoch 819 Relative Error 0.005730718839913607
Epoch 820 Relative Error 0.005714990198612213
Epoch 821 Relative Error 0.005753896664828062
Epoch 822 Relative Error 0.005753154866397381
Epoch 823 Relative Error 0.005736957304179668
Epoch 824 Relative Error 0.005699508357793093
Epoch 825 Relative Error 0.0057050734758377075
Epoch 826 Relative Error 0.005738485138863325
Epoch 827 Relative Error 0.005706756841391325
Epoch 828 Relative Error 0.005671070422977209
Epoch 829 Relative Error 0.00570280384272337
Epoch 830 Relative Error 0.005710230208933353
Epoch 831 Relative Error 0.005704908631742001
Epoch 832 Relative Error 0.005668698810040951
Epoch 833 Relative Error 0.005673096049576998
Epoch 834 Relative Error 0.005654844921082258
Epoch 835 Relative Error 0.005663821939378977
Epoch 836 Relative Error 0.005679339170455933
Epoch 837 Relative Error 0.005683330353349447
Epoch 838 Relative Error 0.0057126316241919994
Epoch 839 Relative Error 0.005796391516923904
Epoch 840 Relative Error 0.00585935590788722
Epoch 841 Relative Error 0.005752295721322298
Epoch 842 Relative Error 0.005698698572814465
Epoch 843 Relative Error 0.0056509035639464855
Epoch 844 Relative Error 0.005743714049458504
Epoch 845 Relative Error 0.005712519865483046
Epoch 846 Relative Error 0.005676936823874712
Epoch 847 Relative Error 0.005633768159896135
Epoch 848 Relative Error 0.005667574238032103
Epoch 849 Relative Error 0.005620771087706089
Epoch 850 Relative Error 0.00563077162951231
Epoch 851 Relative Error 0.005643883720040321
Epoch 852 Relative Error 0.0056062196381390095
Epoch 853 Relative Error 0.005635825917124748
Epoch 854 Relative Error 0.005603767931461334
Epoch 855 Relative Error 0.00561561668291688
Epoch 856 Relative Error 0.005583315622061491
Epoch 857 Relative Error 0.005608160514384508
Epoch 858 Relative Error 0.005620555020868778
Epoch 859 Relative Error 0.005618089810013771
Epoch 860 Relative Error 0.00561699690297246
Epoch 861 Relative Error 0.00559561001136899
Epoch 862 Relative Error 0.005588919389992952
Epoch 863 Relative Error 0.005611329805105925
Epoch 864 Relative Error 0.005589380394667387
Epoch 865 Relative Error 0.005583265330642462
Epoch 866 Relative Error 0.005584232974797487
Epoch 867 Relative Error 0.005616103298962116
Epoch 868 Relative Error 0.005631847772747278
Epoch 869 Relative Error 0.005593014415353537
Epoch 870 Relative Error 0.0055942717008292675
Epoch 871 Relative Error 0.005566317122429609
Epoch 872 Relative Error 0.005539869889616966
Epoch 873 Relative Error 0.00555390352383256
Epoch 874 Relative Error 0.005556302145123482
Epoch 875 Relative Error 0.005548631306737661
Epoch 876 Relative Error 0.005538754630833864
Epoch 877 Relative Error 0.005570846609771252
Epoch 878 Relative Error 0.005537325982004404
Epoch 879 Relative Error 0.005528043955564499
Epoch 880 Relative Error 0.005545906722545624
Epoch 881 Relative Error 0.005517695564776659
Epoch 882 Relative Error 0.005514484364539385
Epoch 883 Relative Error 0.0055300467647612095
Epoch 884 Relative Error 0.005523291416466236
Epoch 885 Relative Error 0.005519204773008823
Epoch 886 Relative Error 0.005506869405508041
Epoch 887 Relative Error 0.005507881753146648
Epoch 888 Relative Error 0.0055338540114462376
Epoch 889 Relative Error 0.005528410896658897
Epoch 890 Relative Error 0.005540226120501757
Epoch 891 Relative Error 0.005503036081790924
Epoch 892 Relative Error 0.0055206106044352055
Epoch 893 Relative Error 0.005523810628801584
Epoch 894 Relative Error 0.0055069993250072
Epoch 895 Relative Error 0.005502726882696152
Epoch 896 Relative Error 0.005557368975132704
Epoch 897 Relative Error 0.005530402529984713
Epoch 898 Relative Error 0.005594280082732439
Epoch 899 Relative Error 0.0054794116877019405
Epoch 900 Relative Error 0.005483023356646299
Epoch 901 Relative Error 0.005489972420036793
Epoch 902 Relative Error 0.005495964549481869
Epoch 903 Relative Error 0.005476297810673714
Epoch 904 Relative Error 0.005472410935908556
Epoch 905 Relative Error 0.005508128087967634
Epoch 906 Relative Error 0.005464669317007065
Epoch 907 Relative Error 0.005492478609085083
Epoch 908 Relative Error 0.005496001336723566
Epoch 909 Relative Error 0.005493544042110443
Epoch 910 Relative Error 0.005468692164868116
Epoch 911 Relative Error 0.005461427848786116
Epoch 912 Relative Error 0.005470992531627417
Epoch 913 Relative Error 0.005442566238343716
Epoch 914 Relative Error 0.005442839115858078
Epoch 915 Relative Error 0.005456734914332628
Epoch 916 Relative Error 0.005464727990329266
Epoch 917 Relative Error 0.005440196488052607
Epoch 918 Relative Error 0.005509580951184034
Epoch 919 Relative Error 0.005499855149537325
Epoch 920 Relative Error 0.0054239025339484215
Epoch 921 Relative Error 0.005421315785497427
Epoch 922 Relative Error 0.005439971573650837
Epoch 923 Relative Error 0.00542665459215641
Epoch 924 Relative Error 0.005423323251307011
Epoch 925 Relative Error 0.0054782391525805
Epoch 926 Relative Error 0.005467610899358988
Epoch 927 Relative Error 0.005493586417287588
Epoch 928 Relative Error 0.005451287142932415
Epoch 929 Relative Error 0.005458999890834093
Epoch 930 Relative Error 0.00542538333684206
Epoch 931 Relative Error 0.005416459403932095
Epoch 932 Relative Error 0.005394428037106991
Epoch 933 Relative Error 0.0054020690731704235
Epoch 934 Relative Error 0.00541177811101079
Epoch 935 Relative Error 0.005409720353782177
Epoch 936 Relative Error 0.0053913225419819355
Epoch 937 Relative Error 0.0054114460945129395
Epoch 938 Relative Error 0.005426690448075533
Epoch 939 Relative Error 0.005457107909023762
Epoch 940 Relative Error 0.005504264030605555
Epoch 941 Relative Error 0.00539435027167201
Epoch 942 Relative Error 0.005380248185247183
Epoch 943 Relative Error 0.005374428350478411
Epoch 944 Relative Error 0.005397781264036894
Epoch 945 Relative Error 0.0053622727282345295
Epoch 946 Relative Error 0.005422935821115971
Epoch 947 Relative Error 0.005421790760010481
Epoch 948 Relative Error 0.0054122935980558395
Epoch 949 Relative Error 0.005380415357649326
Epoch 950 Relative Error 0.0053435517475008965
Epoch 951 Relative Error 0.005376083310693502
Epoch 952 Relative Error 0.005354966968297958
Epoch 953 Relative Error 0.005361618939787149
Epoch 954 Relative Error 0.0053369104862213135
Epoch 955 Relative Error 0.00534699484705925
Epoch 956 Relative Error 0.005358375608921051
Epoch 957 Relative Error 0.005376226734369993
Epoch 958 Relative Error 0.005370158702135086
Epoch 959 Relative Error 0.005332340020686388
Epoch 960 Relative Error 0.005328027531504631
Epoch 961 Relative Error 0.005323928780853748
Epoch 962 Relative Error 0.005339757539331913
Epoch 963 Relative Error 0.005320256110280752
Epoch 964 Relative Error 0.0053741782903671265
Epoch 965 Relative Error 0.005329142324626446
Epoch 966 Relative Error 0.005347578786313534
Epoch 967 Relative Error 0.005360633134841919
Epoch 968 Relative Error 0.005372022744268179
Epoch 969 Relative Error 0.005314938258379698
Epoch 970 Relative Error 0.0053529017604887486
Epoch 971 Relative Error 0.005373131018131971
Epoch 972 Relative Error 0.005300088785588741
Epoch 973 Relative Error 0.005309103522449732
Epoch 974 Relative Error 0.005310208071023226
Epoch 975 Relative Error 0.00530574144795537
Epoch 976 Relative Error 0.005289495922625065
Epoch 977 Relative Error 0.005301720928400755
Epoch 978 Relative Error 0.005290806759148836
Epoch 979 Relative Error 0.005299600772559643
Epoch 980 Relative Error 0.005281868856400251
Epoch 981 Relative Error 0.00528798857703805
Epoch 982 Relative Error 0.005269743502140045
Epoch 983 Relative Error 0.005290101282298565
Epoch 984 Relative Error 0.005298204254359007
Epoch 985 Relative Error 0.005266123451292515
Epoch 986 Relative Error 0.005274670198559761
Epoch 987 Relative Error 0.00527273491024971
Epoch 988 Relative Error 0.005272978916764259
Epoch 989 Relative Error 0.005258539691567421
Epoch 990 Relative Error 0.005261420737951994
Epoch 991 Relative Error 0.005268270615488291
Epoch 992 Relative Error 0.0052781784906983376
Epoch 993 Relative Error 0.005338661372661591
Epoch 994 Relative Error 0.005281895399093628
Epoch 995 Relative Error 0.005270892288535833
Epoch 996 Relative Error 0.005265430547297001
Epoch 997 Relative Error 0.005254257470369339
Epoch 998 Relative Error 0.005273474846035242
Epoch 999 Relative Error 0.005248962435871363
Epoch 1000 Relative Error 0.005260330159217119
RE (2, 2, 16, 0): 0.005248962435871363
Green's Function RE (2, 2, 16, 0): 0.01534925028681755
Bias Term RE (2, 2, 16, 0): 0.0067839547991752625
Combination (2, 2, 16, 0, 0): 0.008776350878179073
Combination (2, 2, 16, 0, 1): 0.008946560323238373
Combination (2, 2, 16, 0, 2): 0.008981469087302685
Combination (2, 2, 16, 0, 3): 0.00898023135960102
Combination (2, 2, 16, 0, 4): 0.00898551382124424

/home/gridsan/gstepaniants/.local/lib/python3.8/site-packages/torch/functional.py:478: UserWarning: torch.meshgrid: in an upcoming release, it will be required to pass the indexing argument. (Triggered internally at  ../aten/src/ATen/native/TensorShape.cpp:2895.)
  return _VF.meshgrid(tensors, **kwargs)  # type: ignore[attr-defined]
