[KeOps] Warning : Cuda libraries were not detected on the system ; using cpu only mode
1
Kernel: Matern3/2
Weight Mesh: 20
RKHS Kernel Width: 0.007
Lambda: 1e-06
Green's Function Learning Rate: 100
Bias Term Learning Rate: 100
Epoch 1 Relative Error 818.7576293945312
First epoch had re = 818.7576293945312 > 1
Green's Function Learning Rate: 50
Bias Term Learning Rate: 50
Epoch 1 Relative Error 426.6516418457031
First epoch had re = 426.6516418457031 > 1
Green's Function Learning Rate: 10
Bias Term Learning Rate: 10
Epoch 1 Relative Error 82.79197692871094
First epoch had re = 82.79197692871094 > 1
Green's Function Learning Rate: 5
Bias Term Learning Rate: 5
Epoch 1 Relative Error 34.62162780761719
First epoch had re = 34.62162780761719 > 1
Green's Function Learning Rate: 1
Bias Term Learning Rate: 1
Epoch 1 Relative Error 6.671237945556641
First epoch had re = 6.671237945556641 > 1
Green's Function Learning Rate: 0.5
Bias Term Learning Rate: 0.5
Epoch 1 Relative Error 3.106003999710083
First epoch had re = 3.106003999710083 > 1
Green's Function Learning Rate: 0.1
Bias Term Learning Rate: 0.1
Epoch 1 Relative Error 0.7911633253097534
Epoch 2 Relative Error 0.5503540635108948
Epoch 3 Relative Error 0.47877177596092224
Epoch 4 Relative Error 0.4066777527332306
Epoch 5 Relative Error 0.3168583810329437
Epoch 6 Relative Error 0.2605942487716675
Epoch 7 Relative Error 0.22392122447490692
Epoch 8 Relative Error 0.17901720106601715
Epoch 9 Relative Error 0.15010479092597961
Epoch 10 Relative Error 0.11492187529802322
Epoch 11 Relative Error 0.09187158942222595
Epoch 12 Relative Error 0.07773452252149582
Epoch 13 Relative Error 0.07079669833183289
Epoch 14 Relative Error 0.055620625615119934
Epoch 15 Relative Error 0.0416283942759037
Epoch 16 Relative Error 0.0345119871199131
Epoch 17 Relative Error 0.029167823493480682
Epoch 18 Relative Error 0.02305794693529606
Epoch 19 Relative Error 0.018451731652021408
Epoch 20 Relative Error 0.015080051496624947
Epoch 21 Relative Error 0.01229205634444952
Epoch 22 Relative Error 0.01060321182012558
Epoch 23 Relative Error 0.00958765484392643
Epoch 24 Relative Error 0.008283908478915691
Epoch 25 Relative Error 0.006569976452738047
Epoch 26 Relative Error 0.005995216779410839
Epoch 27 Relative Error 0.005040954798460007
Epoch 28 Relative Error 0.00448171840980649
Epoch 29 Relative Error 0.004001080058515072
Epoch 30 Relative Error 0.0031344874296337366
Epoch 31 Relative Error 0.003266381099820137
Epoch 32 Relative Error 0.0025231840554624796
Epoch 33 Relative Error 0.0023272803518921137
Epoch 34 Relative Error 0.0020028434228152037
Epoch 35 Relative Error 0.0018734447658061981
Epoch 36 Relative Error 0.0015742016257718205
Epoch 37 Relative Error 0.0015864690067246556
Epoch 38 Relative Error 0.0015714883338660002
Epoch 39 Relative Error 0.0013586588902398944
Epoch 40 Relative Error 0.001291019143536687
Epoch 41 Relative Error 0.0012782457051798701
Epoch 42 Relative Error 0.0011234957491979003
Epoch 43 Relative Error 0.0010640205582603812
Epoch 44 Relative Error 0.0010411696275696158
Epoch 45 Relative Error 0.000983752659521997
Epoch 46 Relative Error 0.0009555983706377447
Epoch 47 Relative Error 0.0008959289407357574
Epoch 48 Relative Error 0.0008396359044127166
Epoch 49 Relative Error 0.0007789148949086666
Epoch 50 Relative Error 0.0008134508389048278
Epoch 51 Relative Error 0.000829013588372618
Epoch 52 Relative Error 0.0007230087649077177
Epoch 53 Relative Error 0.0007078496855683625
Epoch 54 Relative Error 0.0006868753116577864
Epoch 55 Relative Error 0.0006293071201071143
Epoch 56 Relative Error 0.0006301318644545972
Epoch 57 Relative Error 0.0006399178528226912
Epoch 58 Relative Error 0.0005955299129709601
Epoch 59 Relative Error 0.0005929297767579556
Epoch 60 Relative Error 0.0006169436383061111
Epoch 61 Relative Error 0.0006298801163211465
Epoch 62 Relative Error 0.0006493260152637959
Epoch 63 Relative Error 0.0006268740398809314
Epoch 64 Relative Error 0.0005568784545175731
Epoch 65 Relative Error 0.000589977134950459
Epoch 66 Relative Error 0.0004908377886749804
Epoch 67 Relative Error 0.00047109159640967846
Epoch 68 Relative Error 0.00046613512677140534
Epoch 69 Relative Error 0.00040740048279985785
Epoch 70 Relative Error 0.0004303648602217436
Epoch 71 Relative Error 0.0003725017886608839
Epoch 72 Relative Error 0.00039473987999372184
Epoch 73 Relative Error 0.0003558189491741359
Epoch 74 Relative Error 0.000349022593582049
Epoch 75 Relative Error 0.0003376278036739677
Epoch 76 Relative Error 0.00034419316216371953
Epoch 77 Relative Error 0.00033697261824272573
Epoch 78 Relative Error 0.0003110228863079101
Epoch 79 Relative Error 0.0002921067352872342
Epoch 80 Relative Error 0.0003287393192294985
Epoch 81 Relative Error 0.00030913163209334016
Epoch 82 Relative Error 0.0003183530643582344
Epoch 83 Relative Error 0.0003093360865022987
Epoch 84 Relative Error 0.0002692973939701915
Epoch 85 Relative Error 0.0002721593773458153
Epoch 86 Relative Error 0.0002645536442287266
Epoch 87 Relative Error 0.00025543937226757407
Epoch 88 Relative Error 0.00024071284860838205
Epoch 89 Relative Error 0.00023489681188948452
Epoch 90 Relative Error 0.00021996143914293498
Epoch 91 Relative Error 0.00021801257389597595
Epoch 92 Relative Error 0.0002172318345401436
Epoch 93 Relative Error 0.00020648555073421448
Epoch 94 Relative Error 0.00021523417672142386
Epoch 95 Relative Error 0.00022310868371278048
Epoch 96 Relative Error 0.00021953191026113927
Epoch 97 Relative Error 0.00018904372700490057
Epoch 98 Relative Error 0.0001941294176504016
Epoch 99 Relative Error 0.00020963986753486097
Epoch 100 Relative Error 0.00021154187561478466
Epoch 101 Relative Error 0.0001947560958797112
Epoch 102 Relative Error 0.00018236083269584924
Epoch 103 Relative Error 0.00016801647143438458
Epoch 104 Relative Error 0.00016388410585932434
Epoch 105 Relative Error 0.0001632731145946309
Epoch 106 Relative Error 0.00016113657329697162
Epoch 107 Relative Error 0.0001595932844793424
Epoch 108 Relative Error 0.00014551918138749897
Epoch 109 Relative Error 0.00015534128760918975
Epoch 110 Relative Error 0.0001492282608523965
Epoch 111 Relative Error 0.000141330121550709
Epoch 112 Relative Error 0.00014033772458788007
Epoch 113 Relative Error 0.00013630988541990519
Epoch 114 Relative Error 0.00014246378850657493
Epoch 115 Relative Error 0.0001464145170757547
Epoch 116 Relative Error 0.00014034540799912065
Epoch 117 Relative Error 0.00013197545194998384
Epoch 118 Relative Error 0.00012729720037896186
Epoch 119 Relative Error 0.00014512408233713359
Epoch 120 Relative Error 0.00012192381836939603
Epoch 121 Relative Error 0.0001250779168913141
Epoch 122 Relative Error 0.00012637760664802045
Epoch 123 Relative Error 0.00011800004722317681
Epoch 124 Relative Error 0.00010688955808291212
Epoch 125 Relative Error 0.0001097291533369571
Epoch 126 Relative Error 0.000107325438875705
Epoch 127 Relative Error 0.0001062272785929963
Epoch 128 Relative Error 0.00010620384273352101
Epoch 129 Relative Error 0.00010733725503087044
Epoch 130 Relative Error 9.900561417452991e-05
Epoch 131 Relative Error 0.00010348141222493723
Epoch 132 Relative Error 0.00010800602467497811
Epoch 133 Relative Error 0.0001039501148625277
Epoch 134 Relative Error 0.00010631324403220788
Epoch 135 Relative Error 0.0001159104285761714
Epoch 136 Relative Error 0.00010960081999655813
Epoch 137 Relative Error 0.00010797206778079271
Epoch 138 Relative Error 0.00010832257248694077
Epoch 139 Relative Error 0.00011467289732536301
Epoch 140 Relative Error 0.00010836471483344212
Epoch 141 Relative Error 0.0001191341652884148
Epoch 142 Relative Error 0.00011683962657116354
Epoch 143 Relative Error 0.00011436249042162672
Epoch 144 Relative Error 0.00010303997260052711
Epoch 145 Relative Error 0.00011495655053295195
Epoch 146 Relative Error 0.00012002811126876622
Epoch 147 Relative Error 0.00010654552170308307
Epoch 148 Relative Error 0.00013027283421251923
Epoch 149 Relative Error 0.00010355206904932857
Epoch 150 Relative Error 0.00010568948346190155
Epoch 151 Relative Error 0.00010540964285610244
Epoch 152 Relative Error 0.00010671371273929253
Epoch 153 Relative Error 0.00010392567492090166
Epoch 154 Relative Error 0.00015368805907201022
Epoch 155 Relative Error 0.00013722124276682734
Epoch 156 Relative Error 0.00014696884318254888
Epoch 157 Relative Error 0.00020372106519062072
Epoch 158 Relative Error 0.00019895227160304785
Epoch 159 Relative Error 0.00018883404845837504
Epoch 160 Relative Error 0.0002710618427954614
Epoch 161 Relative Error 0.0002792568993754685
Epoch 162 Relative Error 0.0002802680537570268
Epoch 163 Relative Error 0.000362077378667891
Epoch 164 Relative Error 0.0006548859528265893
Epoch 165 Relative Error 0.0004440651391632855
Epoch 166 Relative Error 0.0004415751318447292
Epoch 167 Relative Error 0.0006123482598923147
Epoch 168 Relative Error 0.0010054560843855143
Epoch 169 Relative Error 0.0006130910478532314
Epoch 170 Relative Error 0.0008290910627692938
Epoch 171 Relative Error 0.0009637614130042493
Epoch 172 Relative Error 0.0012590930564329028
Epoch 173 Relative Error 0.0013753448147326708
Epoch 174 Relative Error 0.0010431971168145537
Epoch 175 Relative Error 0.0013718873960897326
Epoch 176 Relative Error 0.0019362053135409951
Epoch 177 Relative Error 0.0013876347802579403
Epoch 178 Relative Error 0.0012045248877257109
Epoch 179 Relative Error 0.0013627904700115323
Epoch 180 Relative Error 0.001572623266838491
Epoch 181 Relative Error 0.001648247824050486
Epoch 182 Relative Error 0.0018193372525274754
Epoch 183 Relative Error 0.0014873991021886468
Epoch 184 Relative Error 0.0012423843145370483
Epoch 185 Relative Error 0.0009261040831916034
Epoch 186 Relative Error 0.0013507180847227573
Epoch 187 Relative Error 0.0012303756084293127
Epoch 188 Relative Error 0.0021604758221656084
Epoch 189 Relative Error 0.0015975763089954853
Epoch 190 Relative Error 0.0013976860791444778
Epoch 191 Relative Error 0.0011124623706564307
Epoch 192 Relative Error 0.0014251763932406902
Epoch 193 Relative Error 0.0019450121326372027
Epoch 194 Relative Error 0.0017898394726216793
Epoch 195 Relative Error 0.002362871542572975
Epoch 196 Relative Error 0.002486773766577244
Epoch 197 Relative Error 0.0021943501196801662
Epoch 198 Relative Error 0.00395633140578866
Epoch 199 Relative Error 0.004037317354232073
Epoch 200 Relative Error 0.002734122099354863
Epoch 201 Relative Error 0.003802016144618392
Epoch 202 Relative Error 0.0024785411078482866
Epoch 203 Relative Error 0.0023309674579650164
Epoch 204 Relative Error 0.002209324622526765
Epoch 205 Relative Error 0.002441255608573556
Epoch 206 Relative Error 0.002965370425954461
Epoch 207 Relative Error 0.004407128319144249
Epoch 208 Relative Error 0.005019718781113625
Epoch 209 Relative Error 0.004468414932489395
Epoch 210 Relative Error 0.003749840660020709
Epoch 211 Relative Error 0.00716966250911355
Epoch 212 Relative Error 0.009178671054542065
Epoch 213 Relative Error 0.013699738308787346
Epoch 214 Relative Error 0.03099086880683899
Epoch 215 Relative Error 0.03254291042685509
Epoch 216 Relative Error 0.03762161731719971
Epoch 217 Relative Error 0.031031113117933273
Epoch 218 Relative Error 0.03768782690167427
Epoch 219 Relative Error 0.05680542066693306
Epoch 220 Relative Error 0.08701255172491074
Epoch 221 Relative Error 0.038770582526922226
Epoch 222 Relative Error 0.06319499015808105
Epoch 223 Relative Error 0.05889866501092911
Epoch 224 Relative Error 0.07561704516410828
Epoch 225 Relative Error 0.07095791399478912
Epoch 226 Relative Error 0.08871375769376755
Epoch 227 Relative Error 0.09215932339429855
Epoch 228 Relative Error 0.07876144349575043
Epoch 229 Relative Error 0.09892558306455612
Epoch 230 Relative Error 0.10208829492330551
Epoch 231 Relative Error 0.07160170376300812
Epoch 232 Relative Error 0.06394034624099731
Epoch 233 Relative Error 0.07571835070848465
Epoch 234 Relative Error 0.09260609745979309
Epoch 235 Relative Error 0.10728241503238678
Epoch 236 Relative Error 0.10884051769971848
Epoch 237 Relative Error 0.09610886126756668
Epoch 238 Relative Error 0.09792173653841019
Epoch 239 Relative Error 0.08211157470941544
Epoch 240 Relative Error 0.05746208131313324
Epoch 241 Relative Error 0.04589046910405159
Epoch 242 Relative Error 0.040663059800863266
Epoch 243 Relative Error 0.036475203931331635
Epoch 244 Relative Error 0.03279370069503784
Epoch 245 Relative Error 0.02470305934548378
Epoch 246 Relative Error 0.01653539575636387
Epoch 247 Relative Error 0.020877789705991745
Epoch 248 Relative Error 0.017304114997386932
Epoch 249 Relative Error 0.016431735828518867
Epoch 250 Relative Error 0.017233433201909065
Epoch 251 Relative Error 0.01515677385032177
Epoch 252 Relative Error 0.01414274051785469
Epoch 253 Relative Error 0.013747849501669407
Epoch 254 Relative Error 0.019116437062621117
Epoch 255 Relative Error 0.015914443880319595
Epoch 256 Relative Error 0.015075662173330784
Epoch 257 Relative Error 0.01135235745459795
Epoch 258 Relative Error 0.009561133570969105
Epoch 259 Relative Error 0.008718895725905895
Epoch 260 Relative Error 0.009899802505970001
Epoch 261 Relative Error 0.008242817595601082
Epoch 262 Relative Error 0.009491181932389736
Epoch 263 Relative Error 0.011218397878110409
Epoch 264 Relative Error 0.009342098608613014
Epoch 265 Relative Error 0.006541275419294834
Epoch 266 Relative Error 0.011973213404417038
Epoch 267 Relative Error 0.01238628663122654
Epoch 268 Relative Error 0.014288404025137424
Epoch 269 Relative Error 0.011711657047271729
Epoch 270 Relative Error 0.010734946466982365
Epoch 271 Relative Error 0.011940510012209415
Epoch 272 Relative Error 0.010340218432247639
Epoch 273 Relative Error 0.013520466163754463
Epoch 274 Relative Error 0.0080598508939147
Epoch 275 Relative Error 0.010581090115010738
Epoch 276 Relative Error 0.012834484688937664
Epoch 277 Relative Error 0.011552965268492699
Epoch 278 Relative Error 0.009411729872226715
Epoch 279 Relative Error 0.010488993488252163
Epoch 280 Relative Error 0.01542689185589552
Epoch 281 Relative Error 0.014839781448245049
Epoch 282 Relative Error 0.02113729529082775
Epoch 283 Relative Error 0.012994259595870972
Epoch 284 Relative Error 0.009468115866184235
Epoch 285 Relative Error 0.01896781474351883
Epoch 286 Relative Error 0.018704533576965332
Epoch 287 Relative Error 0.02540762536227703
Epoch 288 Relative Error 0.02389802224934101
Epoch 289 Relative Error 0.014296835288405418
Epoch 290 Relative Error 0.018493106588721275
Epoch 291 Relative Error 0.03491166979074478
Epoch 292 Relative Error 0.021720176562666893
Epoch 293 Relative Error 0.033972322940826416
Epoch 294 Relative Error 0.03717995807528496
Epoch 295 Relative Error 0.025213968008756638
Epoch 296 Relative Error 0.022063573822379112
Epoch 297 Relative Error 0.022839657962322235
Epoch 298 Relative Error 0.01602652668952942
Epoch 299 Relative Error 0.021230654790997505
Epoch 300 Relative Error 0.02871883288025856
Epoch 301 Relative Error 0.0519588328897953
Epoch 302 Relative Error 0.031618881970644
Epoch 303 Relative Error 0.02240907773375511
Epoch 304 Relative Error 0.027198931202292442
Epoch 305 Relative Error 0.03910370171070099
Epoch 306 Relative Error 0.02906857244670391
Epoch 307 Relative Error 0.022138288244605064
Epoch 308 Relative Error 0.027384078130126
Epoch 309 Relative Error 0.031090589240193367
Epoch 310 Relative Error 0.03064313344657421
Epoch 311 Relative Error 0.03045586682856083
Epoch 312 Relative Error 0.03641454502940178
Epoch 313 Relative Error 0.0191483236849308
Epoch 314 Relative Error 0.017931288108229637
Epoch 315 Relative Error 0.026041192933917046
Epoch 316 Relative Error 0.033205531537532806
Epoch 317 Relative Error 0.0279361791908741
Epoch 318 Relative Error 0.044639043509960175
Epoch 319 Relative Error 0.04756483435630798
Epoch 320 Relative Error 0.031721487641334534
Epoch 321 Relative Error 0.03817324712872505
Epoch 322 Relative Error 0.04391668364405632
Epoch 323 Relative Error 0.041674379259347916
Epoch 324 Relative Error 0.04227631539106369
Epoch 325 Relative Error 0.04239195957779884
Epoch 326 Relative Error 0.03184724971652031
Epoch 327 Relative Error 0.03588749095797539
Epoch 328 Relative Error 0.04028647392988205
Epoch 329 Relative Error 0.03519394248723984
Epoch 330 Relative Error 0.028305046260356903
Epoch 331 Relative Error 0.018006831407546997
Epoch 332 Relative Error 0.022131990641355515
Epoch 333 Relative Error 0.01958690956234932
Epoch 334 Relative Error 0.023916134610772133
Epoch 335 Relative Error 0.019793197512626648
Epoch 336 Relative Error 0.016808990389108658
Epoch 337 Relative Error 0.017180146649479866
Epoch 338 Relative Error 0.017696445807814598
Epoch 339 Relative Error 0.017744578421115875
Epoch 340 Relative Error 0.019615070894360542
Epoch 341 Relative Error 0.019136184826493263
Epoch 342 Relative Error 0.02702709473669529
Epoch 343 Relative Error 0.022954639047384262
Epoch 344 Relative Error 0.018858803436160088
Epoch 345 Relative Error 0.028129853308200836
Epoch 346 Relative Error 0.025835182517766953
Epoch 347 Relative Error 0.026185568422079086
Epoch 348 Relative Error 0.02010672725737095
Epoch 349 Relative Error 0.025702714920043945
Epoch 350 Relative Error 0.012929943390190601
Epoch 351 Relative Error 0.012396917678415775
Epoch 352 Relative Error 0.012460158206522465
Epoch 353 Relative Error 0.009706796146929264
Epoch 354 Relative Error 0.009743977338075638
Epoch 355 Relative Error 0.0093352310359478
Epoch 356 Relative Error 0.006598128471523523
Epoch 357 Relative Error 0.007571302354335785
Epoch 358 Relative Error 0.012756910175085068
Epoch 359 Relative Error 0.015867745503783226
Epoch 360 Relative Error 0.011926150880753994
Epoch 361 Relative Error 0.008012102916836739
Epoch 362 Relative Error 0.007961204275488853
Epoch 363 Relative Error 0.004957455210387707
Epoch 364 Relative Error 0.007985236123204231
Epoch 365 Relative Error 0.008990420028567314
Epoch 366 Relative Error 0.009687691926956177
Epoch 367 Relative Error 0.009511816315352917
Epoch 368 Relative Error 0.013863549567759037
Epoch 369 Relative Error 0.010254050604999065
Epoch 370 Relative Error 0.017703525722026825
Epoch 371 Relative Error 0.013647700659930706
Epoch 372 Relative Error 0.02187902294099331
Epoch 373 Relative Error 0.019988032057881355
Epoch 374 Relative Error 0.010575192049145699
Epoch 375 Relative Error 0.013122974894940853
Epoch 376 Relative Error 0.011958889663219452
Epoch 377 Relative Error 0.01301400363445282
Epoch 378 Relative Error 0.011964533478021622
Epoch 379 Relative Error 0.011873132549226284
Epoch 380 Relative Error 0.016848744824528694
Epoch 381 Relative Error 0.014046968892216682
Epoch 382 Relative Error 0.014613833278417587
Epoch 383 Relative Error 0.010744287632405758
Epoch 384 Relative Error 0.014392121694982052
Epoch 385 Relative Error 0.024412017315626144
Epoch 386 Relative Error 0.01982169970870018
Epoch 387 Relative Error 0.02472572773694992
Epoch 388 Relative Error 0.02489372529089451
Epoch 389 Relative Error 0.0334557369351387
Epoch 390 Relative Error 0.032054051756858826
Epoch 391 Relative Error 0.034622929990291595
Epoch 392 Relative Error 0.022975407540798187
Epoch 393 Relative Error 0.021162519231438637
Epoch 394 Relative Error 0.032052408903837204
Epoch 395 Relative Error 0.02586924470961094
Epoch 396 Relative Error 0.01421941164880991
Epoch 397 Relative Error 0.014594108797609806
Epoch 398 Relative Error 0.01693519949913025
Epoch 399 Relative Error 0.01671326346695423
Epoch 400 Relative Error 0.02450213022530079
Epoch 401 Relative Error 0.024704134091734886
Epoch 402 Relative Error 0.015485092997550964
Epoch 403 Relative Error 0.019692739471793175
Epoch 404 Relative Error 0.015032813884317875
Epoch 405 Relative Error 0.014623748138546944
Epoch 406 Relative Error 0.022337475791573524
Epoch 407 Relative Error 0.02753339894115925
Epoch 408 Relative Error 0.02445884980261326
Epoch 409 Relative Error 0.033380355685949326
Epoch 410 Relative Error 0.02591010183095932
Epoch 411 Relative Error 0.03757264092564583
Epoch 412 Relative Error 0.021107109263539314
Epoch 413 Relative Error 0.025916319340467453
Epoch 414 Relative Error 0.03378120809793472
Epoch 415 Relative Error 0.04105241969227791
Epoch 416 Relative Error 0.031447675079107285
Epoch 417 Relative Error 0.04067111760377884
Epoch 418 Relative Error 0.051229964941740036
Epoch 419 Relative Error 0.03857516497373581
Epoch 420 Relative Error 0.04667315632104874
Epoch 421 Relative Error 0.050069790333509445
Epoch 422 Relative Error 0.06595038622617722
Epoch 423 Relative Error 0.04495454579591751
Epoch 424 Relative Error 0.05501663684844971
Epoch 425 Relative Error 0.05007822811603546
Epoch 426 Relative Error 0.0655585303902626
Epoch 427 Relative Error 0.06887340545654297
Epoch 428 Relative Error 0.0606984868645668
Epoch 429 Relative Error 0.05497487634420395
Epoch 430 Relative Error 0.050161972641944885
Epoch 431 Relative Error 0.04497319087386131
Epoch 432 Relative Error 0.05598084628582001
Epoch 433 Relative Error 0.11502702534198761
Epoch 434 Relative Error 0.1178186684846878
Epoch 435 Relative Error 0.07928688079118729
Epoch 436 Relative Error 0.05709489434957504
Epoch 437 Relative Error 0.037680596113204956
Epoch 438 Relative Error 0.03761448711156845
Epoch 439 Relative Error 0.04167000204324722
Epoch 440 Relative Error 0.06061705946922302
Epoch 441 Relative Error 0.05285150930285454
Epoch 442 Relative Error 0.04296863451600075
Epoch 443 Relative Error 0.035409484058618546
Epoch 444 Relative Error 0.031681645661592484
Epoch 445 Relative Error 0.030313242226839066
Epoch 446 Relative Error 0.03333291411399841
Epoch 447 Relative Error 0.02749756909906864
Epoch 448 Relative Error 0.027035903185606003
Epoch 449 Relative Error 0.03314780816435814
Epoch 450 Relative Error 0.03493426367640495
Epoch 451 Relative Error 0.018983595073223114
Epoch 452 Relative Error 0.016353880986571312
Epoch 453 Relative Error 0.017789918929338455
Epoch 454 Relative Error 0.020529814064502716
Epoch 455 Relative Error 0.024995872750878334
Epoch 456 Relative Error 0.022875620052218437
Epoch 457 Relative Error 0.020275700837373734
Epoch 458 Relative Error 0.01751876436173916
Epoch 459 Relative Error 0.014688373543322086
Epoch 460 Relative Error 0.017668815329670906
Epoch 461 Relative Error 0.01601683720946312
Epoch 462 Relative Error 0.014955930411815643
Epoch 463 Relative Error 0.013663839548826218
Epoch 464 Relative Error 0.00994887575507164
Epoch 465 Relative Error 0.005785475485026836
Epoch 466 Relative Error 0.00821258407086134
Epoch 467 Relative Error 0.009984917938709259
Epoch 468 Relative Error 0.01034613698720932
Epoch 469 Relative Error 0.007515852339565754
Epoch 470 Relative Error 0.007761038839817047
Epoch 471 Relative Error 0.009373665787279606
Epoch 472 Relative Error 0.005871326196938753
Epoch 473 Relative Error 0.005114593543112278
Epoch 474 Relative Error 0.004840681795030832
Epoch 475 Relative Error 0.0042297812178730965
Epoch 476 Relative Error 0.006632494740188122
Epoch 477 Relative Error 0.006046113558113575
Epoch 478 Relative Error 0.005850800778716803
Epoch 479 Relative Error 0.0039413245394825935
Epoch 480 Relative Error 0.004034142009913921
Epoch 481 Relative Error 0.004728663247078657
Epoch 482 Relative Error 0.006433624774217606
Epoch 483 Relative Error 0.005910821259021759
Epoch 484 Relative Error 0.005722525529563427
Epoch 485 Relative Error 0.0058383820578455925
Epoch 486 Relative Error 0.005770166404545307
Epoch 487 Relative Error 0.005017663352191448
Epoch 488 Relative Error 0.004598707426339388
Epoch 489 Relative Error 0.0031523765064775944
Epoch 490 Relative Error 0.006696073338389397
Epoch 491 Relative Error 0.004599065985530615
Epoch 492 Relative Error 0.0071287560276687145
Epoch 493 Relative Error 0.007313719484955072
Epoch 494 Relative Error 0.008271943777799606
Epoch 495 Relative Error 0.007209764793515205
Epoch 496 Relative Error 0.011764063499867916
Epoch 497 Relative Error 0.010120968334376812
Epoch 498 Relative Error 0.009106224402785301
Epoch 499 Relative Error 0.009546059183776379
Epoch 500 Relative Error 0.0091810068115592
Epoch 501 Relative Error 0.006169101223349571
Epoch 502 Relative Error 0.008805258199572563
Epoch 503 Relative Error 0.009983677417039871
Epoch 504 Relative Error 0.00810032244771719
Epoch 505 Relative Error 0.0061499085277318954
Epoch 506 Relative Error 0.006873694714158773
Epoch 507 Relative Error 0.0047920383512973785
Epoch 508 Relative Error 0.0055216713808476925
Epoch 509 Relative Error 0.005431669298559427
Epoch 510 Relative Error 0.002909688977524638
Epoch 511 Relative Error 0.0027824039570987225
Epoch 512 Relative Error 0.003313416615128517
Epoch 513 Relative Error 0.004101971630007029
Epoch 514 Relative Error 0.007182480301707983
Epoch 515 Relative Error 0.0043456363491714
Epoch 516 Relative Error 0.006629103794693947
Epoch 517 Relative Error 0.009695650078356266
Epoch 518 Relative Error 0.009472780860960484
Epoch 519 Relative Error 0.01030628103762865
Epoch 520 Relative Error 0.017221976071596146
Epoch 521 Relative Error 0.007914095185697079
Epoch 522 Relative Error 0.007996923290193081
Epoch 523 Relative Error 0.009247314184904099
Epoch 524 Relative Error 0.010664060711860657
Epoch 525 Relative Error 0.016652340069413185
Epoch 526 Relative Error 0.013248978182673454
Epoch 527 Relative Error 0.01724684052169323
Epoch 528 Relative Error 0.014618617482483387
Epoch 529 Relative Error 0.01620715670287609
Epoch 530 Relative Error 0.02251346781849861
Epoch 531 Relative Error 0.016352491453289986
Epoch 532 Relative Error 0.019586602225899696
Epoch 533 Relative Error 0.02272665500640869
Epoch 534 Relative Error 0.03931935876607895
Epoch 535 Relative Error 0.037733353674411774
Epoch 536 Relative Error 0.03907215967774391
Epoch 537 Relative Error 0.053542301058769226
Epoch 538 Relative Error 0.04566407948732376
Epoch 539 Relative Error 0.05531470477581024
Epoch 540 Relative Error 0.02500210888683796
Epoch 541 Relative Error 0.03448336571455002
Epoch 542 Relative Error 0.07674942910671234
Epoch 543 Relative Error 0.05432918295264244
Epoch 544 Relative Error 0.03588396683335304
Epoch 545 Relative Error 0.05838751047849655
Epoch 546 Relative Error 0.06920091807842255
Epoch 547 Relative Error 0.08630969375371933
Epoch 548 Relative Error 0.10177947580814362
Epoch 549 Relative Error 0.08673714101314545
Epoch 550 Relative Error 0.07762007415294647
Epoch 551 Relative Error 0.07595913112163544
Epoch 552 Relative Error 0.09458038210868835
Epoch 553 Relative Error 0.10205772519111633
Epoch 554 Relative Error 0.07507062703371048
Epoch 555 Relative Error 0.1458224207162857
Epoch 556 Relative Error 0.08193248510360718
Epoch 557 Relative Error 0.127838134765625
Epoch 558 Relative Error 0.11453274637460709
Epoch 559 Relative Error 0.12041815370321274
Epoch 560 Relative Error 0.09415656328201294
Epoch 561 Relative Error 0.07247770577669144
Epoch 562 Relative Error 0.07386443763971329
Epoch 563 Relative Error 0.07492001354694366
Epoch 564 Relative Error 0.04964105412364006
Epoch 565 Relative Error 0.07163545489311218
Epoch 566 Relative Error 0.04734165966510773
Epoch 567 Relative Error 0.04631848260760307
Epoch 568 Relative Error 0.044210035353899
Epoch 569 Relative Error 0.033967822790145874
Epoch 570 Relative Error 0.047864679247140884
Epoch 571 Relative Error 0.04463202506303787
Epoch 572 Relative Error 0.040105417370796204
Epoch 573 Relative Error 0.04786545783281326
Epoch 574 Relative Error 0.06414812058210373
Epoch 575 Relative Error 0.03917403146624565
Epoch 576 Relative Error 0.04578626528382301
Epoch 577 Relative Error 0.05606904998421669
Epoch 578 Relative Error 0.04044807702302933
Epoch 579 Relative Error 0.042590465396642685
Epoch 580 Relative Error 0.057378139346838
Epoch 581 Relative Error 0.03252594918012619
Epoch 582 Relative Error 0.0584208145737648
Epoch 583 Relative Error 0.051085226237773895
Epoch 584 Relative Error 0.04718679562211037
Epoch 585 Relative Error 0.023301981389522552
Epoch 586 Relative Error 0.03092477098107338
Epoch 587 Relative Error 0.0263532605022192
Epoch 588 Relative Error 0.034443482756614685
Epoch 589 Relative Error 0.053973834961652756
Epoch 590 Relative Error 0.043394602835178375
Epoch 591 Relative Error 0.045525141060352325
Epoch 592 Relative Error 0.07046189159154892
Epoch 593 Relative Error 0.05073018744587898
Epoch 594 Relative Error 0.07096399366855621
Epoch 595 Relative Error 0.14593155682086945
Epoch 596 Relative Error 0.08272416144609451
Epoch 597 Relative Error 0.09388277679681778
Epoch 598 Relative Error 0.11249315738677979
Epoch 599 Relative Error 0.1338941752910614
Epoch 600 Relative Error 0.11638845503330231
Epoch 601 Relative Error 0.09451542794704437
Epoch 602 Relative Error 0.09450915455818176
Epoch 603 Relative Error 0.08305443078279495
Epoch 604 Relative Error 0.08832186460494995
Epoch 605 Relative Error 0.06770909577608109
Epoch 606 Relative Error 0.06379684805870056
Epoch 607 Relative Error 0.06726226210594177
Epoch 608 Relative Error 0.05484684556722641
Epoch 609 Relative Error 0.05362795665860176
Epoch 610 Relative Error 0.052578121423721313
Epoch 611 Relative Error 0.05393899977207184
Epoch 612 Relative Error 0.055421244353055954
Epoch 613 Relative Error 0.05894950032234192
Epoch 614 Relative Error 0.04752681776881218
Epoch 615 Relative Error 0.039409175515174866
Epoch 616 Relative Error 0.04025033861398697
Epoch 617 Relative Error 0.06658151000738144
Epoch 618 Relative Error 0.056947674602270126
Epoch 619 Relative Error 0.09022195637226105
Epoch 620 Relative Error 0.0556320957839489
Epoch 621 Relative Error 0.055439114570617676
Epoch 622 Relative Error 0.06013638526201248
Epoch 623 Relative Error 0.06383808702230453
Epoch 624 Relative Error 0.07636751979589462
Epoch 625 Relative Error 0.06833049654960632
Epoch 626 Relative Error 0.06327203661203384
Epoch 627 Relative Error 0.08959076553583145
Epoch 628 Relative Error 0.11246366053819656
Epoch 629 Relative Error 0.08246796578168869
Epoch 630 Relative Error 0.08258675783872604
Epoch 631 Relative Error 0.07370364665985107
Epoch 632 Relative Error 0.05191877484321594
Epoch 633 Relative Error 0.06253610551357269
Epoch 634 Relative Error 0.07127278298139572
Epoch 635 Relative Error 0.07315773516893387
Epoch 636 Relative Error 0.07089517265558243
Epoch 637 Relative Error 0.0649658590555191
Epoch 638 Relative Error 0.050455376505851746
Epoch 639 Relative Error 0.06130697578191757
Epoch 640 Relative Error 0.05596669390797615
Epoch 641 Relative Error 0.08003383129835129
Epoch 642 Relative Error 0.07947861403226852
Epoch 643 Relative Error 0.09320514649152756
Epoch 644 Relative Error 0.11191979795694351
Epoch 645 Relative Error 0.08955931663513184
Epoch 646 Relative Error 0.08553582429885864
Epoch 647 Relative Error 0.16239336133003235
Epoch 648 Relative Error 0.08990970253944397
Epoch 649 Relative Error 0.10208369046449661
Epoch 650 Relative Error 0.1407633125782013
Epoch 651 Relative Error 0.142444908618927
Epoch 652 Relative Error 0.13732902705669403
Epoch 653 Relative Error 0.13535524904727936
Epoch 654 Relative Error 0.11604860424995422
Epoch 655 Relative Error 0.0881415456533432
Epoch 656 Relative Error 0.08871134370565414
Epoch 657 Relative Error 0.0685366839170456
Epoch 658 Relative Error 0.06781724840402603
Epoch 659 Relative Error 0.06405963748693466
Epoch 660 Relative Error 0.06900405883789062
Epoch 661 Relative Error 0.07886192202568054
Epoch 662 Relative Error 0.061401210725307465
Epoch 663 Relative Error 0.041721079498529434
Epoch 664 Relative Error 0.04790453612804413
Epoch 665 Relative Error 0.04639217257499695
Epoch 666 Relative Error 0.03902491182088852
Epoch 667 Relative Error 0.04075466841459274
Epoch 668 Relative Error 0.0361790768802166
Epoch 669 Relative Error 0.037897784262895584
Epoch 670 Relative Error 0.03828079253435135
Epoch 671 Relative Error 0.042385444045066833
Epoch 672 Relative Error 0.04666069149971008
Epoch 673 Relative Error 0.05174545571208
Epoch 674 Relative Error 0.04247867316007614
Epoch 675 Relative Error 0.04448819160461426
Epoch 676 Relative Error 0.05663978308439255
Epoch 677 Relative Error 0.03830142691731453
Epoch 678 Relative Error 0.04041784629225731
Epoch 679 Relative Error 0.042007435113191605
Epoch 680 Relative Error 0.04276250675320625
Epoch 681 Relative Error 0.03931500390172005
Epoch 682 Relative Error 0.03198566660284996
Epoch 683 Relative Error 0.037571679800748825
Epoch 684 Relative Error 0.03520677611231804
Epoch 685 Relative Error 0.03745242580771446
Epoch 686 Relative Error 0.03939289227128029
Epoch 687 Relative Error 0.038905102759599686
Epoch 688 Relative Error 0.0317804217338562
Epoch 689 Relative Error 0.0284138061106205
Epoch 690 Relative Error 0.027599740773439407
Epoch 691 Relative Error 0.020057905465364456
Epoch 692 Relative Error 0.020633013918995857
Epoch 693 Relative Error 0.01505334209650755
Epoch 694 Relative Error 0.018282437697052956
Epoch 695 Relative Error 0.017712967470288277
Epoch 696 Relative Error 0.017209142446517944
Epoch 697 Relative Error 0.021510062739253044
Epoch 698 Relative Error 0.0116210225969553
Epoch 699 Relative Error 0.012920421548187733
Epoch 700 Relative Error 0.008302808739244938
Epoch 701 Relative Error 0.0104100052267313
Epoch 702 Relative Error 0.009663200937211514
Epoch 703 Relative Error 0.012772003188729286
Epoch 704 Relative Error 0.012745479121804237
Epoch 705 Relative Error 0.009369130246341228
Epoch 706 Relative Error 0.017386605963110924
Epoch 707 Relative Error 0.01102961041033268
Epoch 708 Relative Error 0.009926673956215382
Epoch 709 Relative Error 0.006177667062729597
Epoch 710 Relative Error 0.010754109360277653
Epoch 711 Relative Error 0.007986810989677906
Epoch 712 Relative Error 0.007991616614162922
Epoch 713 Relative Error 0.006520899944007397
Epoch 714 Relative Error 0.011107668280601501
Epoch 715 Relative Error 0.011632508598268032
Epoch 716 Relative Error 0.01077240239828825
Epoch 717 Relative Error 0.011595884338021278
Epoch 718 Relative Error 0.009930766187608242
Epoch 719 Relative Error 0.012963498942553997
Epoch 720 Relative Error 0.011394030414521694
Epoch 721 Relative Error 0.007658173330128193
Epoch 722 Relative Error 0.00842029694467783
Epoch 723 Relative Error 0.010814394801855087
Epoch 724 Relative Error 0.008698055520653725
Epoch 725 Relative Error 0.013101293705403805
Epoch 726 Relative Error 0.012903544120490551
Epoch 727 Relative Error 0.01731865480542183
Epoch 728 Relative Error 0.01427461951971054
Epoch 729 Relative Error 0.016297385096549988
Epoch 730 Relative Error 0.013400545343756676
Epoch 731 Relative Error 0.021650992333889008
Epoch 732 Relative Error 0.02197246626019478
Epoch 733 Relative Error 0.028482584282755852
Epoch 734 Relative Error 0.03871312364935875
Epoch 735 Relative Error 0.04318118840456009
Epoch 736 Relative Error 0.02870163694024086
Epoch 737 Relative Error 0.053886834532022476
Epoch 738 Relative Error 0.051084551960229874
Epoch 739 Relative Error 0.0415462963283062
Epoch 740 Relative Error 0.03523607552051544
Epoch 741 Relative Error 0.03372614085674286
Epoch 742 Relative Error 0.02666611596941948
Epoch 743 Relative Error 0.04072025045752525
Epoch 744 Relative Error 0.02203712798655033
Epoch 745 Relative Error 0.03376283124089241
Epoch 746 Relative Error 0.02585286647081375
Epoch 747 Relative Error 0.027065571397542953
Epoch 748 Relative Error 0.026665175333619118
Epoch 749 Relative Error 0.02381949871778488
Epoch 750 Relative Error 0.022928552702069283
Epoch 751 Relative Error 0.026402991265058517
Epoch 752 Relative Error 0.018474139273166656
Epoch 753 Relative Error 0.013870544731616974
Epoch 754 Relative Error 0.014033243991434574
Epoch 755 Relative Error 0.010122244246304035
Epoch 756 Relative Error 0.013437025249004364
Epoch 757 Relative Error 0.012343286536633968
Epoch 758 Relative Error 0.01859750784933567
Epoch 759 Relative Error 0.02268640138208866
Epoch 760 Relative Error 0.027229059487581253
Epoch 761 Relative Error 0.026821862906217575
Epoch 762 Relative Error 0.02628822810947895
Epoch 763 Relative Error 0.031120670959353447
Epoch 764 Relative Error 0.020474480465054512
Epoch 765 Relative Error 0.014838683418929577
Epoch 766 Relative Error 0.018895316869020462
Epoch 767 Relative Error 0.019435087218880653
Epoch 768 Relative Error 0.017391439527273178
Epoch 769 Relative Error 0.012836001813411713
Epoch 770 Relative Error 0.009103245101869106
Epoch 771 Relative Error 0.008579210378229618
Epoch 772 Relative Error 0.010891326703131199
Epoch 773 Relative Error 0.012674935162067413
Epoch 774 Relative Error 0.008381112478673458
Epoch 775 Relative Error 0.009467768482863903
Epoch 776 Relative Error 0.0115424869582057
Epoch 777 Relative Error 0.010953305289149284
Epoch 778 Relative Error 0.009289978072047234
Epoch 779 Relative Error 0.008383533917367458
Epoch 780 Relative Error 0.009510457515716553
Epoch 781 Relative Error 0.008934489451348782
Epoch 782 Relative Error 0.007541910745203495
Epoch 783 Relative Error 0.0073707797564566135
Epoch 784 Relative Error 0.005424052011221647
Epoch 785 Relative Error 0.006461625453084707
Epoch 786 Relative Error 0.008778510615229607
Epoch 787 Relative Error 0.008424460887908936
Epoch 788 Relative Error 0.0065276431851089
Epoch 789 Relative Error 0.005480744875967503
Epoch 790 Relative Error 0.005721847992390394
Epoch 791 Relative Error 0.0056299432180821896
Epoch 792 Relative Error 0.004342528525739908
Epoch 793 Relative Error 0.004461825359612703
Epoch 794 Relative Error 0.002882910193875432
Epoch 795 Relative Error 0.003092844970524311
Epoch 796 Relative Error 0.0027875537052750587
Epoch 797 Relative Error 0.0027408674359321594
Epoch 798 Relative Error 0.0029019261710345745
Epoch 799 Relative Error 0.0034938000608235598
Epoch 800 Relative Error 0.0029279617592692375
Epoch 801 Relative Error 0.0026866889093071222
Epoch 802 Relative Error 0.002164629753679037
Epoch 803 Relative Error 0.0024053119122982025
Epoch 804 Relative Error 0.0023155459202826023
Epoch 805 Relative Error 0.0029338449239730835
Epoch 806 Relative Error 0.0030022887513041496
Epoch 807 Relative Error 0.0034346175380051136
Epoch 808 Relative Error 0.002875457750633359
Epoch 809 Relative Error 0.003276142757385969
Epoch 810 Relative Error 0.002288532443344593
Epoch 811 Relative Error 0.003646046854555607
Epoch 812 Relative Error 0.0037127600517123938
Epoch 813 Relative Error 0.0037929811514914036
Epoch 814 Relative Error 0.003066604258492589
Epoch 815 Relative Error 0.0033375166822224855
Epoch 816 Relative Error 0.00383127317763865
Epoch 817 Relative Error 0.002685003215447068
Epoch 818 Relative Error 0.0030000098049640656
Epoch 819 Relative Error 0.0031630650628358126
Epoch 820 Relative Error 0.004394213669002056
Epoch 821 Relative Error 0.0025342165026813745
Epoch 822 Relative Error 0.0032123136334121227
Epoch 823 Relative Error 0.0028209940064698458
Epoch 824 Relative Error 0.0025146857369691133
Epoch 825 Relative Error 0.002546796342357993
Epoch 826 Relative Error 0.001901937648653984
Epoch 827 Relative Error 0.0020930247846990824
Epoch 828 Relative Error 0.0033128238283097744
Epoch 829 Relative Error 0.0025411974638700485
Epoch 830 Relative Error 0.001925033750012517
Epoch 831 Relative Error 0.0023376173339784145
Epoch 832 Relative Error 0.001996277831494808
Epoch 833 Relative Error 0.0019987812265753746
Epoch 834 Relative Error 0.0048165516927838326
Epoch 835 Relative Error 0.0031711922492831945
Epoch 836 Relative Error 0.004225460346788168
Epoch 837 Relative Error 0.003778918879106641
Epoch 838 Relative Error 0.003228694899007678
Epoch 839 Relative Error 0.004165667574852705
Epoch 840 Relative Error 0.0031017118599265814
Epoch 841 Relative Error 0.002540380461141467
Epoch 842 Relative Error 0.002271860372275114
Epoch 843 Relative Error 0.0025488832034170628
Epoch 844 Relative Error 0.0031529045663774014
Epoch 845 Relative Error 0.0030589778907597065
Epoch 846 Relative Error 0.0036993478424847126
Epoch 847 Relative Error 0.004466136451810598
Epoch 848 Relative Error 0.002218808513134718
Epoch 849 Relative Error 0.0028230135794728994
Epoch 850 Relative Error 0.0028552880976349115
Epoch 851 Relative Error 0.0028559421189129353
Epoch 852 Relative Error 0.003181894076988101
Epoch 853 Relative Error 0.00407943082973361
Epoch 854 Relative Error 0.0031536943279206753
Epoch 855 Relative Error 0.004154819529503584
Epoch 856 Relative Error 0.0034808185882866383
Epoch 857 Relative Error 0.0028433743864297867
Epoch 858 Relative Error 0.003070145845413208
Epoch 859 Relative Error 0.003006238956004381
Epoch 860 Relative Error 0.0030327243730425835
Epoch 861 Relative Error 0.0026967537123709917
Epoch 862 Relative Error 0.0020940955728292465
Epoch 863 Relative Error 0.0025538464542478323
Epoch 864 Relative Error 0.002664911327883601
Epoch 865 Relative Error 0.0024642322678118944
Epoch 866 Relative Error 0.0031396490521728992
Epoch 867 Relative Error 0.002500578761100769
Epoch 868 Relative Error 0.0032287288922816515
Epoch 869 Relative Error 0.005208420567214489
Epoch 870 Relative Error 0.004939317237585783
Epoch 871 Relative Error 0.0038803559727966785
Epoch 872 Relative Error 0.004531687591224909
Epoch 873 Relative Error 0.0031929737888276577
Epoch 874 Relative Error 0.0025237146764993668
Epoch 875 Relative Error 0.0036441239062696695
Epoch 876 Relative Error 0.004763894248753786
Epoch 877 Relative Error 0.00828688032925129
Epoch 878 Relative Error 0.01068536564707756
Epoch 879 Relative Error 0.005473303608596325
Epoch 880 Relative Error 0.011002526618540287
Epoch 881 Relative Error 0.01032808143645525
Epoch 882 Relative Error 0.01364512275904417
Epoch 883 Relative Error 0.01226972695440054
Epoch 884 Relative Error 0.009236911311745644
Epoch 885 Relative Error 0.00959683209657669
Epoch 886 Relative Error 0.012898831628262997
Epoch 887 Relative Error 0.012822769582271576
Epoch 888 Relative Error 0.013838191516697407
Epoch 889 Relative Error 0.015766071155667305
Epoch 890 Relative Error 0.031107576563954353
Epoch 891 Relative Error 0.02398751489818096
Epoch 892 Relative Error 0.019547346979379654
Epoch 893 Relative Error 0.014161350205540657
Epoch 894 Relative Error 0.01738782227039337
Epoch 895 Relative Error 0.022627629339694977
Epoch 896 Relative Error 0.03888053074479103
Epoch 897 Relative Error 0.03857281804084778
Epoch 898 Relative Error 0.04414794221520424
Epoch 899 Relative Error 0.04383891820907593
Epoch 900 Relative Error 0.030815571546554565
Epoch 901 Relative Error 0.020977608859539032
Epoch 902 Relative Error 0.024997202679514885
Epoch 903 Relative Error 0.028258012607693672
Epoch 904 Relative Error 0.03024091012775898
Epoch 905 Relative Error 0.01304428931325674
Epoch 906 Relative Error 0.01438497006893158
Epoch 907 Relative Error 0.020325515419244766
Epoch 908 Relative Error 0.026777641847729683
Epoch 909 Relative Error 0.037202462553977966
Epoch 910 Relative Error 0.0349285826086998
Epoch 911 Relative Error 0.0450524277985096
Epoch 912 Relative Error 0.04033865034580231
Epoch 913 Relative Error 0.04182206094264984
Epoch 914 Relative Error 0.050209350883960724
Epoch 915 Relative Error 0.05593085661530495
Epoch 916 Relative Error 0.05804048851132393
Epoch 917 Relative Error 0.04699306562542915
Epoch 918 Relative Error 0.0380847305059433
Epoch 919 Relative Error 0.05057713761925697
Epoch 920 Relative Error 0.051786020398139954
Epoch 921 Relative Error 0.03702467307448387
Epoch 922 Relative Error 0.032447416335344315
Epoch 923 Relative Error 0.03016100637614727
Epoch 924 Relative Error 0.030219823122024536
Epoch 925 Relative Error 0.03326873481273651
Epoch 926 Relative Error 0.018504735082387924
Epoch 927 Relative Error 0.01960553042590618
Epoch 928 Relative Error 0.014570376835763454
Epoch 929 Relative Error 0.01538100652396679
Epoch 930 Relative Error 0.014346550218760967
Epoch 931 Relative Error 0.013475963845849037
Epoch 932 Relative Error 0.010751680471003056
Epoch 933 Relative Error 0.006048612296581268
Epoch 934 Relative Error 0.005646551959216595
Epoch 935 Relative Error 0.006830715108662844
Epoch 936 Relative Error 0.008660566993057728
Epoch 937 Relative Error 0.006198056507855654
Epoch 938 Relative Error 0.005970388650894165
Epoch 939 Relative Error 0.004259561188519001
Epoch 940 Relative Error 0.005505732260644436
Epoch 941 Relative Error 0.004066085442900658
Epoch 942 Relative Error 0.0038324729539453983
Epoch 943 Relative Error 0.0033986426424235106
Epoch 944 Relative Error 0.0032397261820733547
Epoch 945 Relative Error 0.0024066136684268713
Epoch 946 Relative Error 0.0017262758919969201
Epoch 947 Relative Error 0.001664845272898674
Epoch 948 Relative Error 0.0016225329600274563
Epoch 949 Relative Error 0.0009525833302177489
Epoch 950 Relative Error 0.0009994407882913947
Epoch 951 Relative Error 0.0010877286549657583
Epoch 952 Relative Error 0.0013332469388842583
Epoch 953 Relative Error 0.0009294906631112099
Epoch 954 Relative Error 0.0010402374900877476
Epoch 955 Relative Error 0.0015040080761536956
Epoch 956 Relative Error 0.000779000052716583
Epoch 957 Relative Error 0.0009048098581843078
Epoch 958 Relative Error 0.0015808840980753303
Epoch 959 Relative Error 0.0015610732370987535
Epoch 960 Relative Error 0.0012087957002222538
Epoch 961 Relative Error 0.0014110353076830506
Epoch 962 Relative Error 0.002288373652845621
Epoch 963 Relative Error 0.0015380560653284192
Epoch 964 Relative Error 0.0017426396952942014
Epoch 965 Relative Error 0.0016149772563949227
Epoch 966 Relative Error 0.0014395550824701786
Epoch 967 Relative Error 0.001978267217054963
Epoch 968 Relative Error 0.001807985594496131
Epoch 969 Relative Error 0.003135950304567814
Epoch 970 Relative Error 0.0025020185858011246
Epoch 971 Relative Error 0.0017145820893347263
Epoch 972 Relative Error 0.0029002937953919172
Epoch 973 Relative Error 0.004317441955208778
Epoch 974 Relative Error 0.004037765320390463
Epoch 975 Relative Error 0.0031825732439756393
Epoch 976 Relative Error 0.0026948030572384596
Epoch 977 Relative Error 0.0039226901717484
Epoch 978 Relative Error 0.002815838437527418
Epoch 979 Relative Error 0.0028092593420296907
Epoch 980 Relative Error 0.0037550819106400013
Epoch 981 Relative Error 0.003912793006747961
Epoch 982 Relative Error 0.0031710758339613676
Epoch 983 Relative Error 0.0036738296039402485
Epoch 984 Relative Error 0.00416012667119503
Epoch 985 Relative Error 0.006158833857625723
Epoch 986 Relative Error 0.00534558342769742
Epoch 987 Relative Error 0.0045031169429421425
Epoch 988 Relative Error 0.0034403069876134396
Epoch 989 Relative Error 0.0021355925127863884
Epoch 990 Relative Error 0.003231136128306389
Epoch 991 Relative Error 0.002699680160731077
Epoch 992 Relative Error 0.002973581198602915
Epoch 993 Relative Error 0.0037683267146348953
Epoch 994 Relative Error 0.0039024045690894127
Epoch 995 Relative Error 0.0031458071898669004
Epoch 996 Relative Error 0.0020414991304278374
Epoch 997 Relative Error 0.002584670903161168
Epoch 998 Relative Error 0.0029009124264121056
Epoch 999 Relative Error 0.002355222124606371
Epoch 1000 Relative Error 0.0038471503648906946
RE (2, 1, 6, 0): 9.900561417452991e-05
Green's Function RE (2, 1, 6, 0): 0.9050708413124084
Bias Term RE (2, 1, 6, 0): 0.7571456432342529
Combination (2, 1, 6, 0, 0): 0.885320782661438
Combination (2, 1, 6, 0, 1): 0.8860029578208923
Combination (2, 1, 6, 0, 2): 0.8862366676330566
Combination (2, 1, 6, 0, 3): 0.8863144516944885
Combination (2, 1, 6, 0, 4): 0.8863531947135925

/home/gridsan/gstepaniants/.local/lib/python3.8/site-packages/torch/functional.py:478: UserWarning: torch.meshgrid: in an upcoming release, it will be required to pass the indexing argument. (Triggered internally at  ../aten/src/ATen/native/TensorShape.cpp:2895.)
  return _VF.meshgrid(tensors, **kwargs)  # type: ignore[attr-defined]
