[KeOps] Warning : Cuda libraries were not detected on the system ; using cpu only mode
1
Kernel: Exponential
Weight Mesh: 100
RKHS Kernel Width: 0.002
Lambda: 1e-06
Green's Function Learning Rate: 100
Bias Term Learning Rate: 100
Epoch 1 Relative Error 454.730712890625
First epoch had re = 454.730712890625 > 1
Green's Function Learning Rate: 50
Bias Term Learning Rate: 50
Epoch 1 Relative Error 295.7782287597656
First epoch had re = 295.7782287597656 > 1
Green's Function Learning Rate: 10
Bias Term Learning Rate: 10
Epoch 1 Relative Error 59.93464660644531
First epoch had re = 59.93464660644531 > 1
Green's Function Learning Rate: 5
Bias Term Learning Rate: 5
Epoch 1 Relative Error 28.58820343017578
First epoch had re = 28.58820343017578 > 1
Green's Function Learning Rate: 1
Bias Term Learning Rate: 1
Epoch 1 Relative Error 5.328985214233398
First epoch had re = 5.328985214233398 > 1
Green's Function Learning Rate: 0.5
Bias Term Learning Rate: 0.5
Epoch 1 Relative Error 2.279263973236084
First epoch had re = 2.279263973236084 > 1
Green's Function Learning Rate: 0.1
Bias Term Learning Rate: 0.1
Epoch 1 Relative Error 0.6296635270118713
Epoch 2 Relative Error 0.5812283754348755
Epoch 3 Relative Error 0.4860842525959015
Epoch 4 Relative Error 0.40009167790412903
Epoch 5 Relative Error 0.2700355648994446
Epoch 6 Relative Error 0.25366201996803284
Epoch 7 Relative Error 0.17023402452468872
Epoch 8 Relative Error 0.15806357562541962
Epoch 9 Relative Error 0.10884834825992584
Epoch 10 Relative Error 0.08259779214859009
Epoch 11 Relative Error 0.06656535714864731
Epoch 12 Relative Error 0.04752485454082489
Epoch 13 Relative Error 0.04254968464374542
Epoch 14 Relative Error 0.029286643490195274
Epoch 15 Relative Error 0.02824237197637558
Epoch 16 Relative Error 0.018592335283756256
Epoch 17 Relative Error 0.01622445322573185
Epoch 18 Relative Error 0.012841753661632538
Epoch 19 Relative Error 0.011616838164627552
Epoch 20 Relative Error 0.008830798789858818
Epoch 21 Relative Error 0.006523441523313522
Epoch 22 Relative Error 0.0056841722689569
Epoch 23 Relative Error 0.004227085039019585
Epoch 24 Relative Error 0.003629794344305992
Epoch 25 Relative Error 0.003165224799886346
Epoch 26 Relative Error 0.0027788332663476467
Epoch 27 Relative Error 0.002382025122642517
Epoch 28 Relative Error 0.0021996425930410624
Epoch 29 Relative Error 0.0020223227329552174
Epoch 30 Relative Error 0.0018278463976457715
Epoch 31 Relative Error 0.001748229144141078
Epoch 32 Relative Error 0.0016692127101123333
Epoch 33 Relative Error 0.0016191040631383657
Epoch 34 Relative Error 0.0015592213021591306
Epoch 35 Relative Error 0.001509605091996491
Epoch 36 Relative Error 0.0014772694557905197
Epoch 37 Relative Error 0.0014234499540179968
Epoch 38 Relative Error 0.0013750006910413504
Epoch 39 Relative Error 0.0014157664263620973
Epoch 40 Relative Error 0.0013280538842082024
Epoch 41 Relative Error 0.001371104153804481
Epoch 42 Relative Error 0.0012963865883648396
Epoch 43 Relative Error 0.0012774543138220906
Epoch 44 Relative Error 0.0013501342618837953
Epoch 45 Relative Error 0.0012643778463825583
Epoch 46 Relative Error 0.001172237447462976
Epoch 47 Relative Error 0.0012454497627913952
Epoch 48 Relative Error 0.0011578998528420925
Epoch 49 Relative Error 0.0012089853407815099
Epoch 50 Relative Error 0.001314740744419396
Epoch 51 Relative Error 0.001236167037859559
Epoch 52 Relative Error 0.0011366404360160232
Epoch 53 Relative Error 0.001068944693543017
Epoch 54 Relative Error 0.0010289342608302832
Epoch 55 Relative Error 0.0010399227030575275
Epoch 56 Relative Error 0.0010335077531635761
Epoch 57 Relative Error 0.00102968979626894
Epoch 58 Relative Error 0.0010225202422589064
Epoch 59 Relative Error 0.0010128929279744625
Epoch 60 Relative Error 0.0009837185498327017
Epoch 61 Relative Error 0.0009873058879747987
Epoch 62 Relative Error 0.0010017865570262074
Epoch 63 Relative Error 0.0009646030375733972
Epoch 64 Relative Error 0.0009581259218975902
Epoch 65 Relative Error 0.000922193459700793
Epoch 66 Relative Error 0.0009270338341593742
Epoch 67 Relative Error 0.0009363710996694863
Epoch 68 Relative Error 0.0009336363873444498
Epoch 69 Relative Error 0.000992627115920186
Epoch 70 Relative Error 0.0009363054414279759
Epoch 71 Relative Error 0.0008625350892543793
Epoch 72 Relative Error 0.0009307577856816351
Epoch 73 Relative Error 0.0009260385413654149
Epoch 74 Relative Error 0.0008863460971042514
Epoch 75 Relative Error 0.0009017852135002613
Epoch 76 Relative Error 0.0008863785187713802
Epoch 77 Relative Error 0.0009192693396471441
Epoch 78 Relative Error 0.0008539257105439901
Epoch 79 Relative Error 0.0008502324926666915
Epoch 80 Relative Error 0.0009157400345429778
Epoch 81 Relative Error 0.0008801790536381304
Epoch 82 Relative Error 0.0008528769831173122
Epoch 83 Relative Error 0.0010263643926009536
Epoch 84 Relative Error 0.0008585185278207064
Epoch 85 Relative Error 0.0010119780199602246
Epoch 86 Relative Error 0.0008556867251172662
Epoch 87 Relative Error 0.0008364750538021326
Epoch 88 Relative Error 0.000816916988696903
Epoch 89 Relative Error 0.0008106668828986585
Epoch 90 Relative Error 0.0008688891539350152
Epoch 91 Relative Error 0.0008202053140848875
Epoch 92 Relative Error 0.0008516579982824624
Epoch 93 Relative Error 0.0007733771926723421
Epoch 94 Relative Error 0.0008808884886093438
Epoch 95 Relative Error 0.0007725939503870904
Epoch 96 Relative Error 0.0008917052182368934
Epoch 97 Relative Error 0.0008113636868074536
Epoch 98 Relative Error 0.0008044446003623307
Epoch 99 Relative Error 0.0008095442899502814
Epoch 100 Relative Error 0.0008349710842594504
Epoch 101 Relative Error 0.0008077615057118237
Epoch 102 Relative Error 0.0009088304359465837
Epoch 103 Relative Error 0.0008119933190755546
Epoch 104 Relative Error 0.0008632344543002546
Epoch 105 Relative Error 0.0007957026246003807
Epoch 106 Relative Error 0.0008404966210946441
Epoch 107 Relative Error 0.0007852904964238405
Epoch 108 Relative Error 0.0008051125914789736
Epoch 109 Relative Error 0.0007999531226232648
Epoch 110 Relative Error 0.0008163352613337338
Epoch 111 Relative Error 0.0007538076024502516
Epoch 112 Relative Error 0.0008063370478339493
Epoch 113 Relative Error 0.0008282572380267084
Epoch 114 Relative Error 0.0007837379234842956
Epoch 115 Relative Error 0.0007899746997281909
Epoch 116 Relative Error 0.0007307435153052211
Epoch 117 Relative Error 0.0007907220860943198
Epoch 118 Relative Error 0.0007319584838114679
Epoch 119 Relative Error 0.0007789328810758889
Epoch 120 Relative Error 0.0008209202205762267
Epoch 121 Relative Error 0.0008305802475661039
Epoch 122 Relative Error 0.0008308973629027605
Epoch 123 Relative Error 0.0007563327089883387
Epoch 124 Relative Error 0.0010160859674215317
Epoch 125 Relative Error 0.0007275413372553885
Epoch 126 Relative Error 0.0007716412073932588
Epoch 127 Relative Error 0.000798215507529676
Epoch 128 Relative Error 0.000907176174223423
Epoch 129 Relative Error 0.000747338926885277
Epoch 130 Relative Error 0.0008381502120755613
Epoch 131 Relative Error 0.0007708172779530287
Epoch 132 Relative Error 0.0009229191346094012
Epoch 133 Relative Error 0.0009161425405181944
Epoch 134 Relative Error 0.0008354336605407298
Epoch 135 Relative Error 0.0007873651338741183
Epoch 136 Relative Error 0.00076299998909235
Epoch 137 Relative Error 0.0009141904884018004
Epoch 138 Relative Error 0.0008069013711065054
Epoch 139 Relative Error 0.0007456156890839338
Epoch 140 Relative Error 0.0007512979791499674
Epoch 141 Relative Error 0.001017834059894085
Epoch 142 Relative Error 0.0007401809561997652
Epoch 143 Relative Error 0.0007885704981163144
Epoch 144 Relative Error 0.0007465997477993369
Epoch 145 Relative Error 0.0007585037383250892
Epoch 146 Relative Error 0.0008889446617104113
Epoch 147 Relative Error 0.0008131931535899639
Epoch 148 Relative Error 0.000751736864913255
Epoch 149 Relative Error 0.0008473544730804861
Epoch 150 Relative Error 0.000715109461452812
Epoch 151 Relative Error 0.0008703663479536772
Epoch 152 Relative Error 0.0007224514265544713
Epoch 153 Relative Error 0.0007180250831879675
Epoch 154 Relative Error 0.0007846421794965863
Epoch 155 Relative Error 0.0007222616695798934
Epoch 156 Relative Error 0.0006721539539285004
Epoch 157 Relative Error 0.0007466653478331864
Epoch 158 Relative Error 0.0007093001040630043
Epoch 159 Relative Error 0.0007392368861474097
Epoch 160 Relative Error 0.0007383122574537992
Epoch 161 Relative Error 0.000756752910092473
Epoch 162 Relative Error 0.0008480091346427798
Epoch 163 Relative Error 0.0007403525523841381
Epoch 164 Relative Error 0.0007279305136762559
Epoch 165 Relative Error 0.0007741148583590984
Epoch 166 Relative Error 0.0008885404677130282
Epoch 167 Relative Error 0.0007561119273304939
Epoch 168 Relative Error 0.0007259704289026558
Epoch 169 Relative Error 0.0007153708720579743
Epoch 170 Relative Error 0.000728315906599164
Epoch 171 Relative Error 0.0007224725559353828
Epoch 172 Relative Error 0.0008830959559418261
Epoch 173 Relative Error 0.0007221349515020847
Epoch 174 Relative Error 0.0008518107351846993
Epoch 175 Relative Error 0.0009943933691829443
Epoch 176 Relative Error 0.0007198723033070564
Epoch 177 Relative Error 0.000853298173751682
Epoch 178 Relative Error 0.0009119492024183273
Epoch 179 Relative Error 0.0007901026401668787
Epoch 180 Relative Error 0.0008554380619898438
Epoch 181 Relative Error 0.0007986242999322712
Epoch 182 Relative Error 0.0007532056188210845
Epoch 183 Relative Error 0.0009481912711635232
Epoch 184 Relative Error 0.0007865424850024283
Epoch 185 Relative Error 0.0010092934826388955
Epoch 186 Relative Error 0.0007475260063074529
Epoch 187 Relative Error 0.0007862852071411908
Epoch 188 Relative Error 0.000740684219636023
Epoch 189 Relative Error 0.0007309481152333319
Epoch 190 Relative Error 0.0007704402087256312
Epoch 191 Relative Error 0.0007015666924417019
Epoch 192 Relative Error 0.0008005527197383344
Epoch 193 Relative Error 0.0007036338793113828
Epoch 194 Relative Error 0.0008087008609436452
Epoch 195 Relative Error 0.0007686598692089319
Epoch 196 Relative Error 0.0007250553462654352
Epoch 197 Relative Error 0.0007680343114770949
Epoch 198 Relative Error 0.0007424447103403509
Epoch 199 Relative Error 0.0008354840101674199
Epoch 200 Relative Error 0.0007833013660274446
Epoch 201 Relative Error 0.0008138332050293684
Epoch 202 Relative Error 0.0008248104713857174
Epoch 203 Relative Error 0.0007781877066008747
Epoch 204 Relative Error 0.0007046336540952325
Epoch 205 Relative Error 0.0007802889449521899
Epoch 206 Relative Error 0.0007103651878423989
Epoch 207 Relative Error 0.0007367232465185225
Epoch 208 Relative Error 0.0007333586690947413
Epoch 209 Relative Error 0.0007567765424028039
Epoch 210 Relative Error 0.0007864661165513098
Epoch 211 Relative Error 0.0007476043538190424
Epoch 212 Relative Error 0.0009566289954818785
Epoch 213 Relative Error 0.0008522709831595421
Epoch 214 Relative Error 0.000752416264731437
Epoch 215 Relative Error 0.0008266083314083517
Epoch 216 Relative Error 0.0008496524533256888
Epoch 217 Relative Error 0.000775632681325078
Epoch 218 Relative Error 0.0007795640267431736
Epoch 219 Relative Error 0.0007836276199668646
Epoch 220 Relative Error 0.0008465365972369909
Epoch 221 Relative Error 0.0007509400020353496
Epoch 222 Relative Error 0.0007038367912173271
Epoch 223 Relative Error 0.0007759989821352065
Epoch 224 Relative Error 0.0006974542629905045
Epoch 225 Relative Error 0.0007989268051460385
Epoch 226 Relative Error 0.0008510970510542393
Epoch 227 Relative Error 0.0007069273851811886
Epoch 228 Relative Error 0.0008547606412321329
Epoch 229 Relative Error 0.0006348635070025921
Epoch 230 Relative Error 0.0007883679936639965
Epoch 231 Relative Error 0.0007500916835851967
Epoch 232 Relative Error 0.0008104422013275325
Epoch 233 Relative Error 0.0007651696214452386
Epoch 234 Relative Error 0.0008093920187093318
Epoch 235 Relative Error 0.0007545095286332071
Epoch 236 Relative Error 0.0007225207518786192
Epoch 237 Relative Error 0.0007183365523815155
Epoch 238 Relative Error 0.0007322683813981712
Epoch 239 Relative Error 0.0007454182486981153
Epoch 240 Relative Error 0.0008630540105514228
Epoch 241 Relative Error 0.0007691574282944202
Epoch 242 Relative Error 0.000832461635582149
Epoch 243 Relative Error 0.0006918534054420888
Epoch 244 Relative Error 0.0008170352666638792
Epoch 245 Relative Error 0.000827711948659271
Epoch 246 Relative Error 0.0007671379717066884
Epoch 247 Relative Error 0.0006829639314673841
Epoch 248 Relative Error 0.0007189968600869179
Epoch 249 Relative Error 0.0007667730678804219
Epoch 250 Relative Error 0.0007400906179100275
Epoch 251 Relative Error 0.0007364089251495898
Epoch 252 Relative Error 0.0007931201253086329
Epoch 253 Relative Error 0.0007217599777504802
Epoch 254 Relative Error 0.0007719426648691297
Epoch 255 Relative Error 0.000740670133382082
Epoch 256 Relative Error 0.0007072409498505294
Epoch 257 Relative Error 0.000732474320102483
Epoch 258 Relative Error 0.0006993679562583566
Epoch 259 Relative Error 0.00086097267922014
Epoch 260 Relative Error 0.0009484821348451078
Epoch 261 Relative Error 0.0007486228714697063
Epoch 262 Relative Error 0.000743313052225858
Epoch 263 Relative Error 0.0006854057428427041
Epoch 264 Relative Error 0.0007169449236243963
Epoch 265 Relative Error 0.0007561683305539191
Epoch 266 Relative Error 0.0007700659916736186
Epoch 267 Relative Error 0.000834272475913167
Epoch 268 Relative Error 0.0010473097208887339
Epoch 269 Relative Error 0.0009614248992875218
Epoch 270 Relative Error 0.0009243842796422541
Epoch 271 Relative Error 0.0007513052551075816
Epoch 272 Relative Error 0.0010296831605955958
Epoch 273 Relative Error 0.0007654631626792252
Epoch 274 Relative Error 0.0008265234646387398
Epoch 275 Relative Error 0.0007385661010630429
Epoch 276 Relative Error 0.0007221694104373455
Epoch 277 Relative Error 0.0007633231580257416
Epoch 278 Relative Error 0.0007573613547720015
Epoch 279 Relative Error 0.0007487721741199493
Epoch 280 Relative Error 0.0007786944624967873
Epoch 281 Relative Error 0.0007726250914856791
Epoch 282 Relative Error 0.000743916432838887
Epoch 283 Relative Error 0.0007330095395445824
Epoch 284 Relative Error 0.0006860243156552315
Epoch 285 Relative Error 0.0007971725426614285
Epoch 286 Relative Error 0.0007392477709800005
Epoch 287 Relative Error 0.0007595455390401185
Epoch 288 Relative Error 0.0009994751308113337
Epoch 289 Relative Error 0.0009700804948806763
Epoch 290 Relative Error 0.0008154372917488217
Epoch 291 Relative Error 0.0007382237818092108
Epoch 292 Relative Error 0.0007324253092519939
Epoch 293 Relative Error 0.0007315603434108198
Epoch 294 Relative Error 0.000822555972263217
Epoch 295 Relative Error 0.0008453853079117835
Epoch 296 Relative Error 0.0007975988555699587
Epoch 297 Relative Error 0.0007866254891268909
Epoch 298 Relative Error 0.0007250970229506493
Epoch 299 Relative Error 0.0007482856162823737
Epoch 300 Relative Error 0.0007873544818721712
Epoch 301 Relative Error 0.0007644905126653612
Epoch 302 Relative Error 0.0007511822041124105
Epoch 303 Relative Error 0.0007101271767169237
Epoch 304 Relative Error 0.0008030597236938775
Epoch 305 Relative Error 0.0007699964917264879
Epoch 306 Relative Error 0.0007446117815561593
Epoch 307 Relative Error 0.0006987135275267065
Epoch 308 Relative Error 0.0008136456599459052
Epoch 309 Relative Error 0.0007156716310419142
Epoch 310 Relative Error 0.0007146430434659123
Epoch 311 Relative Error 0.0007098672795109451
Epoch 312 Relative Error 0.0007608475279994309
Epoch 313 Relative Error 0.0008522683056071401
Epoch 314 Relative Error 0.0007819122401997447
Epoch 315 Relative Error 0.000767431512940675
Epoch 316 Relative Error 0.0008225234923884273
Epoch 317 Relative Error 0.0007100797956809402
Epoch 318 Relative Error 0.0007579172379337251
Epoch 319 Relative Error 0.0006998754688538611
Epoch 320 Relative Error 0.0007968943100422621
Epoch 321 Relative Error 0.0007247485336847603
Epoch 322 Relative Error 0.0008666157373227179
Epoch 323 Relative Error 0.0007906919927336276
Epoch 324 Relative Error 0.0008782771183177829
Epoch 325 Relative Error 0.0006922548054717481
Epoch 326 Relative Error 0.0007548056310042739
Epoch 327 Relative Error 0.0009164047078229487
Epoch 328 Relative Error 0.0008375238976441324
Epoch 329 Relative Error 0.0007516899495385587
Epoch 330 Relative Error 0.0007953509921208024
Epoch 331 Relative Error 0.0008421886595897377
Epoch 332 Relative Error 0.0008055275538936257
Epoch 333 Relative Error 0.0007740693399682641
Epoch 334 Relative Error 0.0008877390064299107
Epoch 335 Relative Error 0.0007190214819274843
Epoch 336 Relative Error 0.0008222260512411594
Epoch 337 Relative Error 0.000744350953027606
Epoch 338 Relative Error 0.0006934606353752315
Epoch 339 Relative Error 0.0008398126810789108
Epoch 340 Relative Error 0.0006985324434936047
Epoch 341 Relative Error 0.0007753173704259098
Epoch 342 Relative Error 0.0007834002608433366
Epoch 343 Relative Error 0.0007423023926094174
Epoch 344 Relative Error 0.0007114757318049669
Epoch 345 Relative Error 0.0007340177544392645
Epoch 346 Relative Error 0.0007723420858383179
Epoch 347 Relative Error 0.0008368177805095911
Epoch 348 Relative Error 0.0007962725940160453
Epoch 349 Relative Error 0.0007863290375098586
Epoch 350 Relative Error 0.0007215165533125401
Epoch 351 Relative Error 0.0007322583114728332
Epoch 352 Relative Error 0.0008309243712574244
Epoch 353 Relative Error 0.0007237069658003747
Epoch 354 Relative Error 0.000775843218434602
Epoch 355 Relative Error 0.0007797543657943606
Epoch 356 Relative Error 0.0007910820422694087
Epoch 357 Relative Error 0.0007728472119197249
Epoch 358 Relative Error 0.0007431230624206364
Epoch 359 Relative Error 0.0007979827933013439
Epoch 360 Relative Error 0.0007792847463861108
Epoch 361 Relative Error 0.0008289861143566668
Epoch 362 Relative Error 0.0007239431142807007
Epoch 363 Relative Error 0.0007565015694126487
Epoch 364 Relative Error 0.0007405054057016969
Epoch 365 Relative Error 0.0007308162748813629
Epoch 366 Relative Error 0.0007641104748472571
Epoch 367 Relative Error 0.0007780949235893786
Epoch 368 Relative Error 0.0008766725659370422
Epoch 369 Relative Error 0.0007450262201018631
Epoch 370 Relative Error 0.0007520815124735236
Epoch 371 Relative Error 0.0007226559100672603
Epoch 372 Relative Error 0.0007192753255367279
Epoch 373 Relative Error 0.00072613445809111
Epoch 374 Relative Error 0.0008455895585939288
Epoch 375 Relative Error 0.0007386657525785267
Epoch 376 Relative Error 0.0007048496627248824
Epoch 377 Relative Error 0.0007901776116341352
Epoch 378 Relative Error 0.0007145251147449017
Epoch 379 Relative Error 0.000745602126698941
Epoch 380 Relative Error 0.0010198935633525252
Epoch 381 Relative Error 0.001270058797672391
Epoch 382 Relative Error 0.0009202334913425148
Epoch 383 Relative Error 0.0008252179250121117
Epoch 384 Relative Error 0.0007841102196834981
Epoch 385 Relative Error 0.0007688681944273412
Epoch 386 Relative Error 0.0008533693617209792
Epoch 387 Relative Error 0.0007898230105638504
Epoch 388 Relative Error 0.0007818087469786406
Epoch 389 Relative Error 0.0007656313246116042
Epoch 390 Relative Error 0.0007538001518696547
Epoch 391 Relative Error 0.000785385665949434
Epoch 392 Relative Error 0.0007298265118151903
Epoch 393 Relative Error 0.0008414783515036106
Epoch 394 Relative Error 0.0009015638497658074
Epoch 395 Relative Error 0.000887978239916265
Epoch 396 Relative Error 0.0008127103792503476
Epoch 397 Relative Error 0.0006477358983829618
Epoch 398 Relative Error 0.0007997101056389511
Epoch 399 Relative Error 0.0007016033050604165
Epoch 400 Relative Error 0.0006870643119327724
Epoch 401 Relative Error 0.0008926361915655434
Epoch 402 Relative Error 0.0009306602878496051
Epoch 403 Relative Error 0.0008281733607873321
Epoch 404 Relative Error 0.0007580156088806689
Epoch 405 Relative Error 0.0007539125508628786
Epoch 406 Relative Error 0.0007501952350139618
Epoch 407 Relative Error 0.0007655943627469242
Epoch 408 Relative Error 0.0008915136568248272
Epoch 409 Relative Error 0.0007711128564551473
Epoch 410 Relative Error 0.0006950667011551559
Epoch 411 Relative Error 0.0007878504693508148
Epoch 412 Relative Error 0.0007754535763524473
Epoch 413 Relative Error 0.0007364428020082414
Epoch 414 Relative Error 0.0007210442563518882
Epoch 415 Relative Error 0.0007785226916894317
Epoch 416 Relative Error 0.0008578095003031194
Epoch 417 Relative Error 0.0008122355793602765
Epoch 418 Relative Error 0.0008764115045778453
Epoch 419 Relative Error 0.0009779680985957384
Epoch 420 Relative Error 0.0009700334048829973
Epoch 421 Relative Error 0.0007529844297096133
Epoch 422 Relative Error 0.000724465528037399
Epoch 423 Relative Error 0.0008046971634030342
Epoch 424 Relative Error 0.0009184865048155189
Epoch 425 Relative Error 0.0010516403708606958
Epoch 426 Relative Error 0.0010688969632610679
Epoch 427 Relative Error 0.0007442573551088572
Epoch 428 Relative Error 0.0007974711479619145
Epoch 429 Relative Error 0.0007522968808189034
Epoch 430 Relative Error 0.000902657222468406
Epoch 431 Relative Error 0.0007679326226934791
Epoch 432 Relative Error 0.0009607546380721033
Epoch 433 Relative Error 0.0007964256801642478
Epoch 434 Relative Error 0.0010076718172058463
Epoch 435 Relative Error 0.0010213812347501516
Epoch 436 Relative Error 0.0007305624312721193
Epoch 437 Relative Error 0.0007290742360055447
Epoch 438 Relative Error 0.0007356569985859096
Epoch 439 Relative Error 0.0009023273014463484
Epoch 440 Relative Error 0.0009391466155648232
Epoch 441 Relative Error 0.0007794981356710196
Epoch 442 Relative Error 0.0007610082975588739
Epoch 443 Relative Error 0.0008315356681123376
Epoch 444 Relative Error 0.0007425035582855344
Epoch 445 Relative Error 0.0007248807814903557
Epoch 446 Relative Error 0.0008503187564201653
Epoch 447 Relative Error 0.0006981014157645404
Epoch 448 Relative Error 0.0007502709049731493
Epoch 449 Relative Error 0.0008113165386021137
Epoch 450 Relative Error 0.0007827549707144499
Epoch 451 Relative Error 0.0008196487324312329
Epoch 452 Relative Error 0.0008327994146384299
Epoch 453 Relative Error 0.0006814002408646047
Epoch 454 Relative Error 0.0007482238579541445
Epoch 455 Relative Error 0.0007365852361544967
Epoch 456 Relative Error 0.0006927518406882882
Epoch 457 Relative Error 0.0007735071121715009
Epoch 458 Relative Error 0.0007266053580678999
Epoch 459 Relative Error 0.0007124147959984839
Epoch 460 Relative Error 0.0008361644577234983
Epoch 461 Relative Error 0.0007422810303978622
Epoch 462 Relative Error 0.0008004508563317358
Epoch 463 Relative Error 0.0007860892219468951
Epoch 464 Relative Error 0.0007591338362544775
Epoch 465 Relative Error 0.0008971131755970418
Epoch 466 Relative Error 0.0007708023767918348
Epoch 467 Relative Error 0.0007114787586033344
Epoch 468 Relative Error 0.0007744585745967925
Epoch 469 Relative Error 0.0007861347403377295
Epoch 470 Relative Error 0.0007952046580612659
Epoch 471 Relative Error 0.0008058628300204873
Epoch 472 Relative Error 0.0010321977315470576
Epoch 473 Relative Error 0.0008515133522450924
Epoch 474 Relative Error 0.0008697701850906014
Epoch 475 Relative Error 0.000686303828842938
Epoch 476 Relative Error 0.0008240250172093511
Epoch 477 Relative Error 0.0007277738768607378
Epoch 478 Relative Error 0.000724238867405802
Epoch 479 Relative Error 0.0006950401002541184
Epoch 480 Relative Error 0.0007858824683353305
Epoch 481 Relative Error 0.0008199884905479848
Epoch 482 Relative Error 0.0008917892700992525
Epoch 483 Relative Error 0.0008745445520617068
Epoch 484 Relative Error 0.0007542606326751411
Epoch 485 Relative Error 0.0007905834354460239
Epoch 486 Relative Error 0.0007275890675373375
Epoch 487 Relative Error 0.0007638664683327079
Epoch 488 Relative Error 0.0007262984872795641
Epoch 489 Relative Error 0.0008005893905647099
Epoch 490 Relative Error 0.000692797708325088
Epoch 491 Relative Error 0.0007293125963769853
Epoch 492 Relative Error 0.0007474047015421093
Epoch 493 Relative Error 0.0006940963794477284
Epoch 494 Relative Error 0.0007835850119590759
Epoch 495 Relative Error 0.0007247839239425957
Epoch 496 Relative Error 0.0007646330050192773
Epoch 497 Relative Error 0.0007880937773734331
Epoch 498 Relative Error 0.0007914456073194742
Epoch 499 Relative Error 0.0007115316111594439
Epoch 500 Relative Error 0.0008689392125234008
Epoch 501 Relative Error 0.0009034757385961711
Epoch 502 Relative Error 0.0009828555630519986
Epoch 503 Relative Error 0.0008475765353068709
Epoch 504 Relative Error 0.000838685198687017
Epoch 505 Relative Error 0.000825457158498466
Epoch 506 Relative Error 0.0008538016700185835
Epoch 507 Relative Error 0.0007720618741586804
Epoch 508 Relative Error 0.0007591200992465019
Epoch 509 Relative Error 0.0008945190347731113
Epoch 510 Relative Error 0.0008665955392643809
Epoch 511 Relative Error 0.0011913047637790442
Epoch 512 Relative Error 0.0008638075087219477
Epoch 513 Relative Error 0.0008640115847811103
Epoch 514 Relative Error 0.0008403926622122526
Epoch 515 Relative Error 0.0007594153867103159
Epoch 516 Relative Error 0.0007528975256718695
Epoch 517 Relative Error 0.0006982543272897601
Epoch 518 Relative Error 0.0007632094784639776
Epoch 519 Relative Error 0.0007286351174116135
Epoch 520 Relative Error 0.0008307814132422209
Epoch 521 Relative Error 0.0007597867515869439
Epoch 522 Relative Error 0.0006917041609995067
Epoch 523 Relative Error 0.0007892372668720782
Epoch 524 Relative Error 0.0006910594529472291
Epoch 525 Relative Error 0.0007851370028220117
Epoch 526 Relative Error 0.0007398200687021017
Epoch 527 Relative Error 0.0007118285866454244
Epoch 528 Relative Error 0.0009051718516275287
Epoch 529 Relative Error 0.0009231140720658004
Epoch 530 Relative Error 0.00088078947737813
Epoch 531 Relative Error 0.0008065477013587952
Epoch 532 Relative Error 0.0008289504912681878
Epoch 533 Relative Error 0.0007353382534347475
Epoch 534 Relative Error 0.0008162378217093647
Epoch 535 Relative Error 0.0007129664300009608
Epoch 536 Relative Error 0.0007424826035276055
Epoch 537 Relative Error 0.0007873850991018116
Epoch 538 Relative Error 0.0009340721881017089
Epoch 539 Relative Error 0.000830698583740741
Epoch 540 Relative Error 0.000731122971046716
Epoch 541 Relative Error 0.0007772137178108096
Epoch 542 Relative Error 0.0007758692954666913
Epoch 543 Relative Error 0.0007592036272399127
Epoch 544 Relative Error 0.0007514384342357516
Epoch 545 Relative Error 0.0007841085898689926
Epoch 546 Relative Error 0.0008878849330358207
Epoch 547 Relative Error 0.0008173046517185867
Epoch 548 Relative Error 0.0007885484956204891
Epoch 549 Relative Error 0.0008914660429582
Epoch 550 Relative Error 0.0009055872797034681
Epoch 551 Relative Error 0.0008983465377241373
Epoch 552 Relative Error 0.0009935613488778472
Epoch 553 Relative Error 0.0007841030601412058
Epoch 554 Relative Error 0.0008112086215987802
Epoch 555 Relative Error 0.0007629344472661614
Epoch 556 Relative Error 0.0008011103491298854
Epoch 557 Relative Error 0.0008628634386695921
Epoch 558 Relative Error 0.0007371373940259218
Epoch 559 Relative Error 0.0007809999515302479
Epoch 560 Relative Error 0.000768270343542099
Epoch 561 Relative Error 0.000752799678593874
Epoch 562 Relative Error 0.0008517631213180721
Epoch 563 Relative Error 0.0007681435672566295
Epoch 564 Relative Error 0.0007249822956509888
Epoch 565 Relative Error 0.0007701349095441401
Epoch 566 Relative Error 0.000841305241920054
Epoch 567 Relative Error 0.000804038776550442
Epoch 568 Relative Error 0.0008482282282784581
Epoch 569 Relative Error 0.0007438823813572526
Epoch 570 Relative Error 0.000786603894084692
Epoch 571 Relative Error 0.0010529531864449382
Epoch 572 Relative Error 0.0007956859190016985
Epoch 573 Relative Error 0.0010238811373710632
Epoch 574 Relative Error 0.0008711132104508579
Epoch 575 Relative Error 0.0007998268119990826
Epoch 576 Relative Error 0.0007889341213740408
Epoch 577 Relative Error 0.0009417523979209363
Epoch 578 Relative Error 0.0007480852655135095
Epoch 579 Relative Error 0.0008558796835131943
Epoch 580 Relative Error 0.0007584354607388377
Epoch 581 Relative Error 0.0007504051318392158
Epoch 582 Relative Error 0.0008308645919896662
Epoch 583 Relative Error 0.0008632101817056537
Epoch 584 Relative Error 0.000820038141682744
Epoch 585 Relative Error 0.0009168629767373204
Epoch 586 Relative Error 0.0008270790567621589
Epoch 587 Relative Error 0.0008358227787539363
Epoch 588 Relative Error 0.0007464778609573841
Epoch 589 Relative Error 0.0008306405507028103
Epoch 590 Relative Error 0.0010671056807041168
Epoch 591 Relative Error 0.0008546670433133841
Epoch 592 Relative Error 0.0008844833355396986
Epoch 593 Relative Error 0.0007290102657862008
Epoch 594 Relative Error 0.0008313962607644498
Epoch 595 Relative Error 0.000867883616592735
Epoch 596 Relative Error 0.0008710627444088459
Epoch 597 Relative Error 0.0012103455374017358
Epoch 598 Relative Error 0.0009929884690791368
Epoch 599 Relative Error 0.0007970784208737314
Epoch 600 Relative Error 0.0007559391087852418
Epoch 601 Relative Error 0.000964868871960789
Epoch 602 Relative Error 0.0007428745157085359
Epoch 603 Relative Error 0.0007835118449293077
Epoch 604 Relative Error 0.0007780095911584795
Epoch 605 Relative Error 0.000727635866496712
Epoch 606 Relative Error 0.0007051604334264994
Epoch 607 Relative Error 0.000800065346993506
Epoch 608 Relative Error 0.00078580342233181
Epoch 609 Relative Error 0.0006924578920006752
Epoch 610 Relative Error 0.0007597942021675408
Epoch 611 Relative Error 0.0008672644617035985
Epoch 612 Relative Error 0.0007357873837463558
Epoch 613 Relative Error 0.0007821602048352361
Epoch 614 Relative Error 0.0007702684379182756
Epoch 615 Relative Error 0.0007451043929904699
Epoch 616 Relative Error 0.000787018914707005
Epoch 617 Relative Error 0.0009577994351275265
Epoch 618 Relative Error 0.0009966864017769694
Epoch 619 Relative Error 0.0010042908834293485
Epoch 620 Relative Error 0.0009760493412613869
Epoch 621 Relative Error 0.0008465149439871311
Epoch 622 Relative Error 0.0008421273087151349
Epoch 623 Relative Error 0.0008679991587996483
Epoch 624 Relative Error 0.000774760264903307
Epoch 625 Relative Error 0.0008553211227990687
Epoch 626 Relative Error 0.0008659847662784159
Epoch 627 Relative Error 0.0008247313089668751
Epoch 628 Relative Error 0.0008522994467057288
Epoch 629 Relative Error 0.0007796012214384973
Epoch 630 Relative Error 0.0007988108554854989
Epoch 631 Relative Error 0.0007642472046427429
Epoch 632 Relative Error 0.0007569304434582591
Epoch 633 Relative Error 0.0008733159629628062
Epoch 634 Relative Error 0.0007833574782125652
Epoch 635 Relative Error 0.0008855802589096129
Epoch 636 Relative Error 0.0008894064812920988
Epoch 637 Relative Error 0.0008526865858584642
Epoch 638 Relative Error 0.000854341546073556
Epoch 639 Relative Error 0.0007687375182285905
Epoch 640 Relative Error 0.0008744653896428645
Epoch 641 Relative Error 0.0007902612560428679
Epoch 642 Relative Error 0.0007843609782867134
Epoch 643 Relative Error 0.0007723395247012377
Epoch 644 Relative Error 0.0009428554330952466
Epoch 645 Relative Error 0.000807464006356895
Epoch 646 Relative Error 0.0008803259115666151
Epoch 647 Relative Error 0.0009337437222711742
Epoch 648 Relative Error 0.0008724971557967365
Epoch 649 Relative Error 0.0010114143369719386
Epoch 650 Relative Error 0.0008009050507098436
Epoch 651 Relative Error 0.0008783522062003613
Epoch 652 Relative Error 0.0008018298540264368
Epoch 653 Relative Error 0.0008583661401644349
Epoch 654 Relative Error 0.0008071378106251359
Epoch 655 Relative Error 0.0009055853588506579
Epoch 656 Relative Error 0.0008142931619659066
Epoch 657 Relative Error 0.0009240981889888644
Epoch 658 Relative Error 0.001073244959115982
Epoch 659 Relative Error 0.0008068929309956729
Epoch 660 Relative Error 0.0010207494487985969
Epoch 661 Relative Error 0.0009978244779631495
Epoch 662 Relative Error 0.0010182688711211085
Epoch 663 Relative Error 0.0007742255111224949
Epoch 664 Relative Error 0.0007953188614919782
Epoch 665 Relative Error 0.0006993500282987952
Epoch 666 Relative Error 0.000795423926319927
Epoch 667 Relative Error 0.0007232128409668803
Epoch 668 Relative Error 0.0007654519868083298
Epoch 669 Relative Error 0.0007718261331319809
Epoch 670 Relative Error 0.0007206408772617579
Epoch 671 Relative Error 0.0006980210891924798
Epoch 672 Relative Error 0.0008298116154037416
Epoch 673 Relative Error 0.0008610115619376302
Epoch 674 Relative Error 0.001036807312630117
Epoch 675 Relative Error 0.0008766651735641062
Epoch 676 Relative Error 0.0007260699640028179
Epoch 677 Relative Error 0.0008073246572166681
Epoch 678 Relative Error 0.0007930619176477194
Epoch 679 Relative Error 0.0007706393953412771
Epoch 680 Relative Error 0.0007338773575611413
Epoch 681 Relative Error 0.0007463311194442213
Epoch 682 Relative Error 0.0008498194511048496
Epoch 683 Relative Error 0.0008464404963888228
Epoch 684 Relative Error 0.0008430707966908813
Epoch 685 Relative Error 0.0008088359609246254
Epoch 686 Relative Error 0.0008300970075652003
Epoch 687 Relative Error 0.0007273162482306361
Epoch 688 Relative Error 0.0007687300676479936
Epoch 689 Relative Error 0.0007877019234001637
Epoch 690 Relative Error 0.0008045743452385068
Epoch 691 Relative Error 0.000761208706535399
Epoch 692 Relative Error 0.0007422406342811882
Epoch 693 Relative Error 0.00084214675007388
Epoch 694 Relative Error 0.0009692151215858757
Epoch 695 Relative Error 0.0008082936401478946
Epoch 696 Relative Error 0.0008205702761188149
Epoch 697 Relative Error 0.000940762460231781
Epoch 698 Relative Error 0.0008922876440919936
Epoch 699 Relative Error 0.001003785990178585
Epoch 700 Relative Error 0.0008484907448291779
Epoch 701 Relative Error 0.0009940345771610737
Epoch 702 Relative Error 0.000880406703799963
Epoch 703 Relative Error 0.000745907484088093
Epoch 704 Relative Error 0.0007820262690074742
Epoch 705 Relative Error 0.0007816520519554615
Epoch 706 Relative Error 0.00078524777200073
Epoch 707 Relative Error 0.0007519660866819322
Epoch 708 Relative Error 0.000809586956165731
Epoch 709 Relative Error 0.0008229453233070672
Epoch 710 Relative Error 0.0007156263454817235
Epoch 711 Relative Error 0.0007501447107642889
Epoch 712 Relative Error 0.0007245641318149865
Epoch 713 Relative Error 0.0008283797651529312
Epoch 714 Relative Error 0.0007131987949833274
Epoch 715 Relative Error 0.0007179307285696268
Epoch 716 Relative Error 0.0007670347113162279
Epoch 717 Relative Error 0.0007964556571096182
Epoch 718 Relative Error 0.0006917213322594762
Epoch 719 Relative Error 0.0007480280473828316
Epoch 720 Relative Error 0.0007893451838754117
Epoch 721 Relative Error 0.0007657143869437277
Epoch 722 Relative Error 0.0008038780651986599
Epoch 723 Relative Error 0.0008757850155234337
Epoch 724 Relative Error 0.0008320853230543435
Epoch 725 Relative Error 0.000825663038995117
Epoch 726 Relative Error 0.0008125188178382814
Epoch 727 Relative Error 0.0008503049029968679
Epoch 728 Relative Error 0.0008312540012411773
Epoch 729 Relative Error 0.0008433964685536921
Epoch 730 Relative Error 0.0007731672376394272
Epoch 731 Relative Error 0.0007390353712253273
Epoch 732 Relative Error 0.0007454635924659669
Epoch 733 Relative Error 0.0007694096420891583
Epoch 734 Relative Error 0.0008707575034350157
Epoch 735 Relative Error 0.0007424057694151998
Epoch 736 Relative Error 0.0006857748958282173
Epoch 737 Relative Error 0.0007739863358438015
Epoch 738 Relative Error 0.0006786666926927865
Epoch 739 Relative Error 0.0009020120487548411
Epoch 740 Relative Error 0.0008851718157529831
Epoch 741 Relative Error 0.000727419275790453
Epoch 742 Relative Error 0.0007809278322383761
Epoch 743 Relative Error 0.000885508197825402
Epoch 744 Relative Error 0.0009586899541318417
Epoch 745 Relative Error 0.0009722354589030147
Epoch 746 Relative Error 0.0008542441064491868
Epoch 747 Relative Error 0.0009081969037652016
Epoch 748 Relative Error 0.0007567956927232444
Epoch 749 Relative Error 0.0008312087156809866
Epoch 750 Relative Error 0.0007405396900139749
Epoch 751 Relative Error 0.0008019096567295492
Epoch 752 Relative Error 0.0007592371548525989
Epoch 753 Relative Error 0.0008243984775617719
Epoch 754 Relative Error 0.0007969252183102071
Epoch 755 Relative Error 0.0007794871344231069
Epoch 756 Relative Error 0.0007090686121955514
Epoch 757 Relative Error 0.0007628732710145414
Epoch 758 Relative Error 0.0007556190248578787
Epoch 759 Relative Error 0.0008037490770220757
Epoch 760 Relative Error 0.0007180265965871513
Epoch 761 Relative Error 0.0007582443067803979
Epoch 762 Relative Error 0.0007039806805551052
Epoch 763 Relative Error 0.0007467177347280085
Epoch 764 Relative Error 0.0008644320769235492
Epoch 765 Relative Error 0.0009825760498642921
Epoch 766 Relative Error 0.0010374075500294566
Epoch 767 Relative Error 0.0007502677035517991
Epoch 768 Relative Error 0.0007484373636543751
Epoch 769 Relative Error 0.0007677110843360424
Epoch 770 Relative Error 0.000694727583322674
Epoch 771 Relative Error 0.0007439048495143652
Epoch 772 Relative Error 0.0008214411791414022
Epoch 773 Relative Error 0.0008057731902226806
Epoch 774 Relative Error 0.0008459631353616714
Epoch 775 Relative Error 0.0007509656716138124
Epoch 776 Relative Error 0.000719360657967627
Epoch 777 Relative Error 0.0007790031377226114
Epoch 778 Relative Error 0.0007605383871123195
Epoch 779 Relative Error 0.0007311781519092619
Epoch 780 Relative Error 0.0009309720480814576
Epoch 781 Relative Error 0.0008757904288358986
Epoch 782 Relative Error 0.0008780533098615706
Epoch 783 Relative Error 0.000759286864195019
Epoch 784 Relative Error 0.0007571763126179576
Epoch 785 Relative Error 0.0007233676151372492
Epoch 786 Relative Error 0.0007779864245094359
Epoch 787 Relative Error 0.0008244786295108497
Epoch 788 Relative Error 0.0007953147287480533
Epoch 789 Relative Error 0.0009981751209124923
Epoch 790 Relative Error 0.0010268631158396602
Epoch 791 Relative Error 0.0009502465836703777
Epoch 792 Relative Error 0.0009100239840336144
Epoch 793 Relative Error 0.0008868517470546067
Epoch 794 Relative Error 0.0008650101954117417
Epoch 795 Relative Error 0.0008113608928397298
Epoch 796 Relative Error 0.0008340959902852774
Epoch 797 Relative Error 0.000766327662859112
Epoch 798 Relative Error 0.0007317372946999967
Epoch 799 Relative Error 0.001058771857060492
Epoch 800 Relative Error 0.0007843367056921124
Epoch 801 Relative Error 0.0008135203388519585
Epoch 802 Relative Error 0.000848087074700743
Epoch 803 Relative Error 0.0007232351927086711
Epoch 804 Relative Error 0.0007807469228282571
Epoch 805 Relative Error 0.0007615426438860595
Epoch 806 Relative Error 0.0008119214326143265
Epoch 807 Relative Error 0.0007520994986407459
Epoch 808 Relative Error 0.0007922548684291542
Epoch 809 Relative Error 0.0008270792313851416
Epoch 810 Relative Error 0.000791724247392267
Epoch 811 Relative Error 0.000762971758376807
Epoch 812 Relative Error 0.0008771598222665489
Epoch 813 Relative Error 0.0007576827774755657
Epoch 814 Relative Error 0.0007624654681421816
Epoch 815 Relative Error 0.0007270446512848139
Epoch 816 Relative Error 0.0008548132609575987
Epoch 817 Relative Error 0.0010851611150428653
Epoch 818 Relative Error 0.0010059652850031853
Epoch 819 Relative Error 0.0007614786736667156
Epoch 820 Relative Error 0.0008173838723450899
Epoch 821 Relative Error 0.0007398949819616973
Epoch 822 Relative Error 0.0007678429828956723
Epoch 823 Relative Error 0.0008128042099997401
Epoch 824 Relative Error 0.0009157759486697614
Epoch 825 Relative Error 0.0008324951631948352
Epoch 826 Relative Error 0.0007919251802377403
Epoch 827 Relative Error 0.0007896991446614265
Epoch 828 Relative Error 0.0008577614207752049
Epoch 829 Relative Error 0.0006940754828974605
Epoch 830 Relative Error 0.0008214404224418104
Epoch 831 Relative Error 0.0007356712012551725
Epoch 832 Relative Error 0.0007214319775812328
Epoch 833 Relative Error 0.0007558952202089131
Epoch 834 Relative Error 0.0008013385231606662
Epoch 835 Relative Error 0.0008222407195717096
Epoch 836 Relative Error 0.0007825543871149421
Epoch 837 Relative Error 0.0008350518182851374
Epoch 838 Relative Error 0.0008986248285509646
Epoch 839 Relative Error 0.0009593714494258165
Epoch 840 Relative Error 0.0008307388634420931
Epoch 841 Relative Error 0.0008395639015361667
Epoch 842 Relative Error 0.0007786662899889052
Epoch 843 Relative Error 0.00079036207171157
Epoch 844 Relative Error 0.0007353720720857382
Epoch 845 Relative Error 0.0007297227275557816
Epoch 846 Relative Error 0.000807408127002418
Epoch 847 Relative Error 0.0008722490747459233
Epoch 848 Relative Error 0.0007751486846245825
Epoch 849 Relative Error 0.0007925376994535327
Epoch 850 Relative Error 0.0007902063080109656
Epoch 851 Relative Error 0.0007748280186206102
Epoch 852 Relative Error 0.0007616538205184042
Epoch 853 Relative Error 0.0007578316144645214
Epoch 854 Relative Error 0.0007168668671511114
Epoch 855 Relative Error 0.0008077527745626867
Epoch 856 Relative Error 0.0007401525508612394
Epoch 857 Relative Error 0.0007730123470537364
Epoch 858 Relative Error 0.0007152555626817048
Epoch 859 Relative Error 0.0007554969633929431
Epoch 860 Relative Error 0.0008294340223073959
Epoch 861 Relative Error 0.0008668285445310175
Epoch 862 Relative Error 0.0007732167723588645
Epoch 863 Relative Error 0.0007712045917287469
Epoch 864 Relative Error 0.0007931358995847404
Epoch 865 Relative Error 0.0007317505078390241
Epoch 866 Relative Error 0.0008209029329009354
Epoch 867 Relative Error 0.0007950089639052749
Epoch 868 Relative Error 0.0007385521894320846
Epoch 869 Relative Error 0.000714917085133493
Epoch 870 Relative Error 0.0007514565368182957
Epoch 871 Relative Error 0.0007317241979762912
Epoch 872 Relative Error 0.0007845901418477297
Epoch 873 Relative Error 0.0007086760015226901
Epoch 874 Relative Error 0.0008460783865302801
Epoch 875 Relative Error 0.000758616195525974
Epoch 876 Relative Error 0.0007972262101247907
Epoch 877 Relative Error 0.0007222933927550912
Epoch 878 Relative Error 0.0007907355902716517
Epoch 879 Relative Error 0.0006857425323687494
Epoch 880 Relative Error 0.0009213120792992413
Epoch 881 Relative Error 0.0008797376067377627
Epoch 882 Relative Error 0.0007644461002200842
Epoch 883 Relative Error 0.0008356856415048242
Epoch 884 Relative Error 0.0008425319683738053
Epoch 885 Relative Error 0.0008307139505632222
Epoch 886 Relative Error 0.0008544267038814723
Epoch 887 Relative Error 0.0007190440082922578
Epoch 888 Relative Error 0.000716312148142606
Epoch 889 Relative Error 0.0009248210699297488
Epoch 890 Relative Error 0.0008548774640075862
Epoch 891 Relative Error 0.0009159406763501465
Epoch 892 Relative Error 0.000890221621375531
Epoch 893 Relative Error 0.0009757746593095362
Epoch 894 Relative Error 0.0007792426040396094
Epoch 895 Relative Error 0.0010046144016087055
Epoch 896 Relative Error 0.0010402107145637274
Epoch 897 Relative Error 0.001050859340466559
Epoch 898 Relative Error 0.001066477270796895
Epoch 899 Relative Error 0.0008946287562139332
Epoch 900 Relative Error 0.0008767650579102337
Epoch 901 Relative Error 0.0008122588042169809
Epoch 902 Relative Error 0.0008754267473705113
Epoch 903 Relative Error 0.0007753552636131644
Epoch 904 Relative Error 0.0008157128468155861
Epoch 905 Relative Error 0.0008175417897291481
Epoch 906 Relative Error 0.0008848061552271247
Epoch 907 Relative Error 0.0009336930233985186
Epoch 908 Relative Error 0.0008241554023697972
Epoch 909 Relative Error 0.000812915968708694
Epoch 910 Relative Error 0.0008158863638527691
Epoch 911 Relative Error 0.000804978481028229
Epoch 912 Relative Error 0.0007286141626536846
Epoch 913 Relative Error 0.0008162384037859738
Epoch 914 Relative Error 0.0009835370583459735
Epoch 915 Relative Error 0.0009914905531331897
Epoch 916 Relative Error 0.0008449110900983214
Epoch 917 Relative Error 0.0011561658466234803
Epoch 918 Relative Error 0.0011619068682193756
Epoch 919 Relative Error 0.00093327701324597
Epoch 920 Relative Error 0.0008232340915128589
Epoch 921 Relative Error 0.0008010239689610898
Epoch 922 Relative Error 0.0007905844831839204
Epoch 923 Relative Error 0.000807573611382395
Epoch 924 Relative Error 0.000737598689738661
Epoch 925 Relative Error 0.0007206235895864666
Epoch 926 Relative Error 0.0007622964330948889
Epoch 927 Relative Error 0.0007584573468193412
Epoch 928 Relative Error 0.0007339612348005176
Epoch 929 Relative Error 0.0007750882068648934
Epoch 930 Relative Error 0.0007800874300301075
Epoch 931 Relative Error 0.0009840852580964565
Epoch 932 Relative Error 0.0008082304848358035
Epoch 933 Relative Error 0.0008060781983658671
Epoch 934 Relative Error 0.0007464935770258307
Epoch 935 Relative Error 0.000809241202659905
Epoch 936 Relative Error 0.0007137125940062106
Epoch 937 Relative Error 0.0008115944801829755
Epoch 938 Relative Error 0.0009049433865584433
Epoch 939 Relative Error 0.0008427875000052154
Epoch 940 Relative Error 0.0007180736283771694
Epoch 941 Relative Error 0.0009109490201808512
Epoch 942 Relative Error 0.0009843383450061083
Epoch 943 Relative Error 0.0009402459836564958
Epoch 944 Relative Error 0.0008010849123820662
Epoch 945 Relative Error 0.0007681979914195836
Epoch 946 Relative Error 0.0008037397055886686
Epoch 947 Relative Error 0.0007292422815226018
Epoch 948 Relative Error 0.0007301715668290854
Epoch 949 Relative Error 0.0008421490201726556
Epoch 950 Relative Error 0.000828930118586868
Epoch 951 Relative Error 0.0008310740813612938
Epoch 952 Relative Error 0.0009435839019715786
Epoch 953 Relative Error 0.0008817137568257749
Epoch 954 Relative Error 0.000891426985617727
Epoch 955 Relative Error 0.0007497707265429199
Epoch 956 Relative Error 0.0009469137876294553
Epoch 957 Relative Error 0.0008284870418719947
Epoch 958 Relative Error 0.0007166843279264867
Epoch 959 Relative Error 0.0007494040764868259
Epoch 960 Relative Error 0.0008435654453933239
Epoch 961 Relative Error 0.000987972947768867
Epoch 962 Relative Error 0.0007409914396703243
Epoch 963 Relative Error 0.0009482513414695859
Epoch 964 Relative Error 0.0007622729754075408
Epoch 965 Relative Error 0.0008418323122896254
Epoch 966 Relative Error 0.0007651203195564449
Epoch 967 Relative Error 0.0008273766725324094
Epoch 968 Relative Error 0.000766368058975786
Epoch 969 Relative Error 0.00079294852912426
Epoch 970 Relative Error 0.0007486979593522847
Epoch 971 Relative Error 0.0008964973967522383
Epoch 972 Relative Error 0.000782373477704823
Epoch 973 Relative Error 0.0011792300501838326
Epoch 974 Relative Error 0.0008768127299845219
Epoch 975 Relative Error 0.001004491583444178
Epoch 976 Relative Error 0.0011611435329541564
Epoch 977 Relative Error 0.0011757509782910347
Epoch 978 Relative Error 0.000958395772613585
Epoch 979 Relative Error 0.00084662064909935
Epoch 980 Relative Error 0.0008328852127306163
Epoch 981 Relative Error 0.0008862278191372752
Epoch 982 Relative Error 0.0010042408248409629
Epoch 983 Relative Error 0.0008600428700447083
Epoch 984 Relative Error 0.0010579287772998214
Epoch 985 Relative Error 0.0013608443550765514
Epoch 986 Relative Error 0.0014536809176206589
Epoch 987 Relative Error 0.001288633793592453
Epoch 988 Relative Error 0.0011999354464933276
Epoch 989 Relative Error 0.001092685153707862
Epoch 990 Relative Error 0.0008779228082858026
Epoch 991 Relative Error 0.0007344861514866352
Epoch 992 Relative Error 0.0007732531521469355
Epoch 993 Relative Error 0.0007850946858525276
Epoch 994 Relative Error 0.0007365914643742144
Epoch 995 Relative Error 0.0006704670377075672
Epoch 996 Relative Error 0.0008123314473778009
Epoch 997 Relative Error 0.0007389989332295954
Epoch 998 Relative Error 0.0009255672921426594
Epoch 999 Relative Error 0.0007794055272825062
Epoch 1000 Relative Error 0.0010050333803519607
RE (0, 9, 1, 0): 0.0006348635070025921
Green's Function RE (0, 9, 1, 0): 0.7730910778045654
Bias Term RE (0, 9, 1, 0): 0.6509404182434082
Combination (0, 9, 1, 0, 0): 0.0010108487913385034
Combination (0, 9, 1, 0, 1): 0.7605555057525635
Combination (0, 9, 1, 0, 2): 0.7607129216194153
Combination (0, 9, 1, 0, 3): 0.7608943581581116
Combination (0, 9, 1, 0, 4): 0.7609304189682007

/home/gridsan/gstepaniants/.local/lib/python3.8/site-packages/torch/functional.py:478: UserWarning: torch.meshgrid: in an upcoming release, it will be required to pass the indexing argument. (Triggered internally at  ../aten/src/ATen/native/TensorShape.cpp:2895.)
  return _VF.meshgrid(tensors, **kwargs)  # type: ignore[attr-defined]
