[KeOps] Warning : Cuda libraries were not detected on the system ; using cpu only mode
1
Kernel: SquaredExponential
Weight Mesh: 70
RKHS Kernel Width: 0.002
Lambda: 1e-06
Green's Function Learning Rate: 100
Bias Term Learning Rate: 100
Epoch 1 Relative Error 796.8098754882812
First epoch had re = 796.8098754882812 > 1
Green's Function Learning Rate: 50
Bias Term Learning Rate: 50
Epoch 1 Relative Error 319.636962890625
First epoch had re = 319.636962890625 > 1
Green's Function Learning Rate: 10
Bias Term Learning Rate: 10
Epoch 1 Relative Error 64.46137237548828
First epoch had re = 64.46137237548828 > 1
Green's Function Learning Rate: 5
Bias Term Learning Rate: 5
Epoch 1 Relative Error 42.846412658691406
First epoch had re = 42.846412658691406 > 1
Green's Function Learning Rate: 1
Bias Term Learning Rate: 1
Epoch 1 Relative Error 7.096991062164307
First epoch had re = 7.096991062164307 > 1
Green's Function Learning Rate: 0.5
Bias Term Learning Rate: 0.5
Epoch 1 Relative Error 3.1711697578430176
First epoch had re = 3.1711697578430176 > 1
Green's Function Learning Rate: 0.1
Bias Term Learning Rate: 0.1
Epoch 1 Relative Error 0.7563497424125671
Epoch 2 Relative Error 0.5543822646141052
Epoch 3 Relative Error 0.47938984632492065
Epoch 4 Relative Error 0.4183744490146637
Epoch 5 Relative Error 0.3075849413871765
Epoch 6 Relative Error 0.2407151758670807
Epoch 7 Relative Error 0.19905002415180206
Epoch 8 Relative Error 0.17738570272922516
Epoch 9 Relative Error 0.12208804488182068
Epoch 10 Relative Error 0.10826575756072998
Epoch 11 Relative Error 0.07791370153427124
Epoch 12 Relative Error 0.05732753127813339
Epoch 13 Relative Error 0.0545496940612793
Epoch 14 Relative Error 0.04198438674211502
Epoch 15 Relative Error 0.0326596163213253
Epoch 16 Relative Error 0.026998361572623253
Epoch 17 Relative Error 0.0211477093398571
Epoch 18 Relative Error 0.01772606186568737
Epoch 19 Relative Error 0.01506192795932293
Epoch 20 Relative Error 0.012205400504171848
Epoch 21 Relative Error 0.009493468329310417
Epoch 22 Relative Error 0.007863389328122139
Epoch 23 Relative Error 0.0064643314108252525
Epoch 24 Relative Error 0.005333644803613424
Epoch 25 Relative Error 0.004275924060493708
Epoch 26 Relative Error 0.0036533866077661514
Epoch 27 Relative Error 0.0029909468721598387
Epoch 28 Relative Error 0.002648868365213275
Epoch 29 Relative Error 0.0022900837939232588
Epoch 30 Relative Error 0.0021116312127560377
Epoch 31 Relative Error 0.0018906305776908994
Epoch 32 Relative Error 0.0018480754224583507
Epoch 33 Relative Error 0.0016446646768599749
Epoch 34 Relative Error 0.0015111577231436968
Epoch 35 Relative Error 0.0014457664219662547
Epoch 36 Relative Error 0.001378488028421998
Epoch 37 Relative Error 0.0013411754043772817
Epoch 38 Relative Error 0.0012974082492291927
Epoch 39 Relative Error 0.001245848718099296
Epoch 40 Relative Error 0.001163150300271809
Epoch 41 Relative Error 0.0011329998960718513
Epoch 42 Relative Error 0.0010985423577949405
Epoch 43 Relative Error 0.0010665729641914368
Epoch 44 Relative Error 0.001026561250910163
Epoch 45 Relative Error 0.0010195239447057247
Epoch 46 Relative Error 0.000994268455542624
Epoch 47 Relative Error 0.00109342229552567
Epoch 48 Relative Error 0.0010132649913430214
Epoch 49 Relative Error 0.0010125937405973673
Epoch 50 Relative Error 0.0009349468164145947
Epoch 51 Relative Error 0.0009068007348105311
Epoch 52 Relative Error 0.0009045182378031313
Epoch 53 Relative Error 0.0008617624407634139
Epoch 54 Relative Error 0.0008507677121087909
Epoch 55 Relative Error 0.0008316842140629888
Epoch 56 Relative Error 0.0008657051366753876
Epoch 57 Relative Error 0.000830223725643009
Epoch 58 Relative Error 0.0008209634688682854
Epoch 59 Relative Error 0.000832935213111341
Epoch 60 Relative Error 0.0007787183276377618
Epoch 61 Relative Error 0.0007845867658033967
Epoch 62 Relative Error 0.0007526671979576349
Epoch 63 Relative Error 0.0007654701475985348
Epoch 64 Relative Error 0.0007768215727992356
Epoch 65 Relative Error 0.0007141938549466431
Epoch 66 Relative Error 0.0007510219002142549
Epoch 67 Relative Error 0.0007077160989865661
Epoch 68 Relative Error 0.0007263438892550766
Epoch 69 Relative Error 0.0006693392642773688
Epoch 70 Relative Error 0.000690425222273916
Epoch 71 Relative Error 0.0006828575278632343
Epoch 72 Relative Error 0.0006485061603598297
Epoch 73 Relative Error 0.0006451157387346029
Epoch 74 Relative Error 0.0006535385618917644
Epoch 75 Relative Error 0.0006229191785678267
Epoch 76 Relative Error 0.0006846377509646118
Epoch 77 Relative Error 0.0006252070888876915
Epoch 78 Relative Error 0.0006652419688180089
Epoch 79 Relative Error 0.000636026612482965
Epoch 80 Relative Error 0.0006061121239326894
Epoch 81 Relative Error 0.0006014666287228465
Epoch 82 Relative Error 0.0005929707549512386
Epoch 83 Relative Error 0.0006120235193520784
Epoch 84 Relative Error 0.000587146554607898
Epoch 85 Relative Error 0.0005586422048509121
Epoch 86 Relative Error 0.0005511981435120106
Epoch 87 Relative Error 0.0005883146659471095
Epoch 88 Relative Error 0.0005758273764513433
Epoch 89 Relative Error 0.0005487526068463922
Epoch 90 Relative Error 0.000703062629327178
Epoch 91 Relative Error 0.0005666707293130457
Epoch 92 Relative Error 0.0006063660839572549
Epoch 93 Relative Error 0.0006455425173044205
Epoch 94 Relative Error 0.0006022240268066525
Epoch 95 Relative Error 0.0005557719268836081
Epoch 96 Relative Error 0.0005670175305567682
Epoch 97 Relative Error 0.0005630908417515457
Epoch 98 Relative Error 0.0005759314517490566
Epoch 99 Relative Error 0.0005923472926951945
Epoch 100 Relative Error 0.0006707380525767803
Epoch 101 Relative Error 0.0005675400607287884
Epoch 102 Relative Error 0.0006483457400463521
Epoch 103 Relative Error 0.0004958141944371164
Epoch 104 Relative Error 0.0005100925918668509
Epoch 105 Relative Error 0.0005190763040445745
Epoch 106 Relative Error 0.0005475863581523299
Epoch 107 Relative Error 0.0005181226879358292
Epoch 108 Relative Error 0.000532105506863445
Epoch 109 Relative Error 0.0005266122752800584
Epoch 110 Relative Error 0.000506033597048372
Epoch 111 Relative Error 0.000476149027235806
Epoch 112 Relative Error 0.0004726315091829747
Epoch 113 Relative Error 0.000455419096397236
Epoch 114 Relative Error 0.0005085405427962542
Epoch 115 Relative Error 0.00046669619041495025
Epoch 116 Relative Error 0.0004705311148427427
Epoch 117 Relative Error 0.00045241531915962696
Epoch 118 Relative Error 0.0005092964274808764
Epoch 119 Relative Error 0.00047698416165076196
Epoch 120 Relative Error 0.0005129697965458035
Epoch 121 Relative Error 0.0005396829801611602
Epoch 122 Relative Error 0.0005133399972692132
Epoch 123 Relative Error 0.0005122279981151223
Epoch 124 Relative Error 0.0005812455201521516
Epoch 125 Relative Error 0.0005198839353397489
Epoch 126 Relative Error 0.0004860821063630283
Epoch 127 Relative Error 0.0005267099477350712
Epoch 128 Relative Error 0.0005235678981989622
Epoch 129 Relative Error 0.0004783834738191217
Epoch 130 Relative Error 0.0004908044938929379
Epoch 131 Relative Error 0.00048798072384670377
Epoch 132 Relative Error 0.0004837899177800864
Epoch 133 Relative Error 0.0005529883201234043
Epoch 134 Relative Error 0.0004881822969764471
Epoch 135 Relative Error 0.00043724753777496517
Epoch 136 Relative Error 0.000554787227883935
Epoch 137 Relative Error 0.0004860229091718793
Epoch 138 Relative Error 0.00048746808897703886
Epoch 139 Relative Error 0.0005808518035337329
Epoch 140 Relative Error 0.0005374681204557419
Epoch 141 Relative Error 0.0005496179801411927
Epoch 142 Relative Error 0.0004679866833612323
Epoch 143 Relative Error 0.0004408176173456013
Epoch 144 Relative Error 0.0005538374534808099
Epoch 145 Relative Error 0.0004654167278204113
Epoch 146 Relative Error 0.0005639531882479787
Epoch 147 Relative Error 0.0004899800405837595
Epoch 148 Relative Error 0.0004936918849125504
Epoch 149 Relative Error 0.0005318024195730686
Epoch 150 Relative Error 0.0004860924673266709
Epoch 151 Relative Error 0.0004951955052092671
Epoch 152 Relative Error 0.00042930664494633675
Epoch 153 Relative Error 0.0004406841762829572
Epoch 154 Relative Error 0.0005112140788696706
Epoch 155 Relative Error 0.0003801214334089309
Epoch 156 Relative Error 0.00053316360572353
Epoch 157 Relative Error 0.00048814204637892544
Epoch 158 Relative Error 0.00043726005242206156
Epoch 159 Relative Error 0.00045736832544207573
Epoch 160 Relative Error 0.000442515971371904
Epoch 161 Relative Error 0.00043450878001749516
Epoch 162 Relative Error 0.0004227030149195343
Epoch 163 Relative Error 0.000458329712273553
Epoch 164 Relative Error 0.00045262163621373475
Epoch 165 Relative Error 0.0004258272529114038
Epoch 166 Relative Error 0.0004977481439709663
Epoch 167 Relative Error 0.0005800919025205076
Epoch 168 Relative Error 0.0005191483069211245
Epoch 169 Relative Error 0.0004718013806268573
Epoch 170 Relative Error 0.0005509114125743508
Epoch 171 Relative Error 0.00043059716699644923
Epoch 172 Relative Error 0.0004513387684710324
Epoch 173 Relative Error 0.0005388849531300366
Epoch 174 Relative Error 0.00043260204256512225
Epoch 175 Relative Error 0.0004180771065875888
Epoch 176 Relative Error 0.0005550050991587341
Epoch 177 Relative Error 0.0004363558255136013
Epoch 178 Relative Error 0.0004465680685825646
Epoch 179 Relative Error 0.00044211657950654626
Epoch 180 Relative Error 0.0004884466179646552
Epoch 181 Relative Error 0.0003980442706961185
Epoch 182 Relative Error 0.00041666949982754886
Epoch 183 Relative Error 0.0004150728927925229
Epoch 184 Relative Error 0.0004233052022755146
Epoch 185 Relative Error 0.00038391881389543414
Epoch 186 Relative Error 0.00047535798512399197
Epoch 187 Relative Error 0.00041657136171124876
Epoch 188 Relative Error 0.0004880013002548367
Epoch 189 Relative Error 0.0005446877330541611
Epoch 190 Relative Error 0.0004492611042223871
Epoch 191 Relative Error 0.00041983008850365877
Epoch 192 Relative Error 0.0005677429726347327
Epoch 193 Relative Error 0.0005848502041772008
Epoch 194 Relative Error 0.0005333682056516409
Epoch 195 Relative Error 0.0006134629365988076
Epoch 196 Relative Error 0.0005088463658466935
Epoch 197 Relative Error 0.0005380255752243102
Epoch 198 Relative Error 0.0005054474459029734
Epoch 199 Relative Error 0.0004094681062269956
Epoch 200 Relative Error 0.00042475207010284066
Epoch 201 Relative Error 0.0004705417377408594
Epoch 202 Relative Error 0.0004891433636657894
Epoch 203 Relative Error 0.0005680122994817793
Epoch 204 Relative Error 0.0005724870134145021
Epoch 205 Relative Error 0.0005045948782935739
Epoch 206 Relative Error 0.0005325873498804867
Epoch 207 Relative Error 0.0006050013471394777
Epoch 208 Relative Error 0.0005866785068064928
Epoch 209 Relative Error 0.0004477450274862349
Epoch 210 Relative Error 0.00048705367953516543
Epoch 211 Relative Error 0.0005264861392788589
Epoch 212 Relative Error 0.0005837359931319952
Epoch 213 Relative Error 0.0005138905253261328
Epoch 214 Relative Error 0.00045315161696635187
Epoch 215 Relative Error 0.00046162912622094154
Epoch 216 Relative Error 0.0004828430828638375
Epoch 217 Relative Error 0.0004118225770071149
Epoch 218 Relative Error 0.00042934363591484725
Epoch 219 Relative Error 0.0005049780593253672
Epoch 220 Relative Error 0.00045379242510534823
Epoch 221 Relative Error 0.0004639973631128669
Epoch 222 Relative Error 0.0004933121963404119
Epoch 223 Relative Error 0.00042625016067177057
Epoch 224 Relative Error 0.0004620311956387013
Epoch 225 Relative Error 0.0004181904951110482
Epoch 226 Relative Error 0.0004622305859811604
Epoch 227 Relative Error 0.00045102715375833213
Epoch 228 Relative Error 0.00045220687752589583
Epoch 229 Relative Error 0.00047461994108743966
Epoch 230 Relative Error 0.0005066229496151209
Epoch 231 Relative Error 0.0004091080918442458
Epoch 232 Relative Error 0.000483286363305524
Epoch 233 Relative Error 0.00048394061741419137
Epoch 234 Relative Error 0.0005076844827271998
Epoch 235 Relative Error 0.000399545970140025
Epoch 236 Relative Error 0.0005485735600814223
Epoch 237 Relative Error 0.00044319379958324134
Epoch 238 Relative Error 0.0004521876107901335
Epoch 239 Relative Error 0.00047419374459423125
Epoch 240 Relative Error 0.0004085675464011729
Epoch 241 Relative Error 0.00046060001477599144
Epoch 242 Relative Error 0.0004715295508503914
Epoch 243 Relative Error 0.00046128188841976225
Epoch 244 Relative Error 0.0005122444126754999
Epoch 245 Relative Error 0.0003774921933654696
Epoch 246 Relative Error 0.000461219489807263
Epoch 247 Relative Error 0.0005259872414171696
Epoch 248 Relative Error 0.0005596107221208513
Epoch 249 Relative Error 0.0005072046769782901
Epoch 250 Relative Error 0.0005527004250325263
Epoch 251 Relative Error 0.00043624418321996927
Epoch 252 Relative Error 0.0004111803718842566
Epoch 253 Relative Error 0.0004920415231026709
Epoch 254 Relative Error 0.00044596081716008484
Epoch 255 Relative Error 0.000577567087020725
Epoch 256 Relative Error 0.0005427728756330907
Epoch 257 Relative Error 0.0005184340989217162
Epoch 258 Relative Error 0.0005325490492396057
Epoch 259 Relative Error 0.000544461072422564
Epoch 260 Relative Error 0.0005025010323151946
Epoch 261 Relative Error 0.0004619470564648509
Epoch 262 Relative Error 0.00043569336412474513
Epoch 263 Relative Error 0.0004748400242533535
Epoch 264 Relative Error 0.0005928698228672147
Epoch 265 Relative Error 0.0005544808809645474
Epoch 266 Relative Error 0.0005011194152757525
Epoch 267 Relative Error 0.0005106256576254964
Epoch 268 Relative Error 0.0005233032279647887
Epoch 269 Relative Error 0.0004387916414998472
Epoch 270 Relative Error 0.0005141129367984831
Epoch 271 Relative Error 0.0004999737138859928
Epoch 272 Relative Error 0.00041909265564754605
Epoch 273 Relative Error 0.00041613043867982924
Epoch 274 Relative Error 0.0004664067237172276
Epoch 275 Relative Error 0.0004443792859092355
Epoch 276 Relative Error 0.0004167509905528277
Epoch 277 Relative Error 0.00044125516433268785
Epoch 278 Relative Error 0.0004182298434898257
Epoch 279 Relative Error 0.0004587905132211745
Epoch 280 Relative Error 0.00046417437260970473
Epoch 281 Relative Error 0.0004065234388690442
Epoch 282 Relative Error 0.0005045204889029264
Epoch 283 Relative Error 0.0005277145537547767
Epoch 284 Relative Error 0.0005153074744157493
Epoch 285 Relative Error 0.00042222841875627637
Epoch 286 Relative Error 0.00044794363202527165
Epoch 287 Relative Error 0.00046031136298552155
Epoch 288 Relative Error 0.0004588253505062312
Epoch 289 Relative Error 0.0005679110181517899
Epoch 290 Relative Error 0.0004241848655510694
Epoch 291 Relative Error 0.0005555062089115381
Epoch 292 Relative Error 0.00042282536742277443
Epoch 293 Relative Error 0.0004013011057395488
Epoch 294 Relative Error 0.0004927434492856264
Epoch 295 Relative Error 0.00040124106453731656
Epoch 296 Relative Error 0.00038648268673568964
Epoch 297 Relative Error 0.0004445986996870488
Epoch 298 Relative Error 0.0004776724672410637
Epoch 299 Relative Error 0.0003969028184656054
Epoch 300 Relative Error 0.00046801925054751337
Epoch 301 Relative Error 0.0004854436556342989
Epoch 302 Relative Error 0.0004946938715875149
Epoch 303 Relative Error 0.0004121907986700535
Epoch 304 Relative Error 0.0005037765367887914
Epoch 305 Relative Error 0.0004172332410234958
Epoch 306 Relative Error 0.0004772306128870696
Epoch 307 Relative Error 0.0004326774796936661
Epoch 308 Relative Error 0.000486968521727249
Epoch 309 Relative Error 0.00045249005779623985
Epoch 310 Relative Error 0.0004650707414839417
Epoch 311 Relative Error 0.0003785464505199343
Epoch 312 Relative Error 0.00042431929614394903
Epoch 313 Relative Error 0.0004111147718504071
Epoch 314 Relative Error 0.00047686800826340914
Epoch 315 Relative Error 0.0005585076287388802
Epoch 316 Relative Error 0.0004607789742294699
Epoch 317 Relative Error 0.0006101870094425976
Epoch 318 Relative Error 0.0005138248088769615
Epoch 319 Relative Error 0.0004235129745211452
Epoch 320 Relative Error 0.00045615850831381977
Epoch 321 Relative Error 0.0005127305048517883
Epoch 322 Relative Error 0.0006185993552207947
Epoch 323 Relative Error 0.0004956632619723678
Epoch 324 Relative Error 0.00048539935960434377
Epoch 325 Relative Error 0.00047330596134997904
Epoch 326 Relative Error 0.00047405861550942063
Epoch 327 Relative Error 0.0004387834924273193
Epoch 328 Relative Error 0.00047521732631139457
Epoch 329 Relative Error 0.00046994900912977755
Epoch 330 Relative Error 0.0004709739296231419
Epoch 331 Relative Error 0.0004278930719010532
Epoch 332 Relative Error 0.0003970523539464921
Epoch 333 Relative Error 0.00039022101555019617
Epoch 334 Relative Error 0.0004350225208327174
Epoch 335 Relative Error 0.0003767969610635191
Epoch 336 Relative Error 0.00043930287938565016
Epoch 337 Relative Error 0.00048208553926087916
Epoch 338 Relative Error 0.0004346438799984753
Epoch 339 Relative Error 0.00041082085226662457
Epoch 340 Relative Error 0.0004574052582029253
Epoch 341 Relative Error 0.00045629608212038875
Epoch 342 Relative Error 0.00051168876234442
Epoch 343 Relative Error 0.00039494072552770376
Epoch 344 Relative Error 0.0004858204920310527
Epoch 345 Relative Error 0.0004843166097998619
Epoch 346 Relative Error 0.0005408262368291616
Epoch 347 Relative Error 0.0004617695522028953
Epoch 348 Relative Error 0.00048570416402071714
Epoch 349 Relative Error 0.00047135280328802764
Epoch 350 Relative Error 0.0004685398889705539
Epoch 351 Relative Error 0.0004833034472540021
Epoch 352 Relative Error 0.00045017743832431734
Epoch 353 Relative Error 0.0005090920021757483
Epoch 354 Relative Error 0.0004260169807821512
Epoch 355 Relative Error 0.0004386899818200618
Epoch 356 Relative Error 0.0004605182621162385
Epoch 357 Relative Error 0.0005265219951979816
Epoch 358 Relative Error 0.00040280548273585737
Epoch 359 Relative Error 0.00043292081682011485
Epoch 360 Relative Error 0.0004914485616609454
Epoch 361 Relative Error 0.0003734034253284335
Epoch 362 Relative Error 0.00042406265856698155
Epoch 363 Relative Error 0.00038088724249973893
Epoch 364 Relative Error 0.0004562576941680163
Epoch 365 Relative Error 0.00046635555918328464
Epoch 366 Relative Error 0.0004524148243945092
Epoch 367 Relative Error 0.0004155529895797372
Epoch 368 Relative Error 0.0004074293829035014
Epoch 369 Relative Error 0.0004456786555238068
Epoch 370 Relative Error 0.0003822005237452686
Epoch 371 Relative Error 0.0003862296580336988
Epoch 372 Relative Error 0.0004024163354188204
Epoch 373 Relative Error 0.00035395644954405725
Epoch 374 Relative Error 0.0004604039713740349
Epoch 375 Relative Error 0.000419394375057891
Epoch 376 Relative Error 0.0004117415810469538
Epoch 377 Relative Error 0.0004847197560593486
Epoch 378 Relative Error 0.0004875805170740932
Epoch 379 Relative Error 0.00039239716716110706
Epoch 380 Relative Error 0.0004194744396954775
Epoch 381 Relative Error 0.0005294712609611452
Epoch 382 Relative Error 0.0005070785991847515
Epoch 383 Relative Error 0.0004687989130616188
Epoch 384 Relative Error 0.0004458100884221494
Epoch 385 Relative Error 0.00042658703750930727
Epoch 386 Relative Error 0.0004984021652489901
Epoch 387 Relative Error 0.000379872159101069
Epoch 388 Relative Error 0.0004098721838090569
Epoch 389 Relative Error 0.0004132288449909538
Epoch 390 Relative Error 0.00042170894448645413
Epoch 391 Relative Error 0.0004321859451010823
Epoch 392 Relative Error 0.0004783649928867817
Epoch 393 Relative Error 0.0004494395398069173
Epoch 394 Relative Error 0.0005006460705772042
Epoch 395 Relative Error 0.0005169328069314361
Epoch 396 Relative Error 0.0004493116866797209
Epoch 397 Relative Error 0.0004156427166890353
Epoch 398 Relative Error 0.0005101209389977157
Epoch 399 Relative Error 0.0003910335944965482
Epoch 400 Relative Error 0.0004303378809709102
Epoch 401 Relative Error 0.00041322835022583604
Epoch 402 Relative Error 0.0004945097607560456
Epoch 403 Relative Error 0.00043353205546736717
Epoch 404 Relative Error 0.000439703231677413
Epoch 405 Relative Error 0.00044625907321460545
Epoch 406 Relative Error 0.00043193489545956254
Epoch 407 Relative Error 0.0004849161487072706
Epoch 408 Relative Error 0.000597605190705508
Epoch 409 Relative Error 0.0006494484841823578
Epoch 410 Relative Error 0.0005557459080591798
Epoch 411 Relative Error 0.0005407505668699741
Epoch 412 Relative Error 0.00042410645983181894
Epoch 413 Relative Error 0.0004958728677593172
Epoch 414 Relative Error 0.0005825831321999431
Epoch 415 Relative Error 0.0004759703006129712
Epoch 416 Relative Error 0.0004489212587941438
Epoch 417 Relative Error 0.00043621924123726785
Epoch 418 Relative Error 0.00045414958731271327
Epoch 419 Relative Error 0.0004598477389663458
Epoch 420 Relative Error 0.00043530328548513353
Epoch 421 Relative Error 0.0004588897281792015
Epoch 422 Relative Error 0.0004318458086345345
Epoch 423 Relative Error 0.00047849310794845223
Epoch 424 Relative Error 0.00046478500007651746
Epoch 425 Relative Error 0.00040266726864501834
Epoch 426 Relative Error 0.0004793981206603348
Epoch 427 Relative Error 0.0006383279105648398
Epoch 428 Relative Error 0.0006342163542285562
Epoch 429 Relative Error 0.0005613878020085394
Epoch 430 Relative Error 0.0005013826303184032
Epoch 431 Relative Error 0.00044631361379288137
Epoch 432 Relative Error 0.00045066411257721484
Epoch 433 Relative Error 0.0004968862049281597
Epoch 434 Relative Error 0.0005764851230196655
Epoch 435 Relative Error 0.0005321269272826612
Epoch 436 Relative Error 0.000528830976691097
Epoch 437 Relative Error 0.0004372405237518251
Epoch 438 Relative Error 0.0004593046905938536
Epoch 439 Relative Error 0.0004707082698587328
Epoch 440 Relative Error 0.00036489253398030996
Epoch 441 Relative Error 0.0004122144018765539
Epoch 442 Relative Error 0.0004432759014889598
Epoch 443 Relative Error 0.0004322497989051044
Epoch 444 Relative Error 0.0005687912344001234
Epoch 445 Relative Error 0.0005043295677751303
Epoch 446 Relative Error 0.0006356410449370742
Epoch 447 Relative Error 0.0005195038393139839
Epoch 448 Relative Error 0.0005094219814054668
Epoch 449 Relative Error 0.0004755533009301871
Epoch 450 Relative Error 0.000521345529705286
Epoch 451 Relative Error 0.0005584997707046568
Epoch 452 Relative Error 0.0004709683998953551
Epoch 453 Relative Error 0.0004711979127023369
Epoch 454 Relative Error 0.0004919269122183323
Epoch 455 Relative Error 0.0005130583886057138
Epoch 456 Relative Error 0.0005899608368054032
Epoch 457 Relative Error 0.0006332905613817275
Epoch 458 Relative Error 0.0004386662330944091
Epoch 459 Relative Error 0.0004101901431567967
Epoch 460 Relative Error 0.0005838106735609472
Epoch 461 Relative Error 0.0004093775060027838
Epoch 462 Relative Error 0.0005059909308329225
Epoch 463 Relative Error 0.0006935667479410768
Epoch 464 Relative Error 0.0004855738952755928
Epoch 465 Relative Error 0.0005277132149785757
Epoch 466 Relative Error 0.000525887415278703
Epoch 467 Relative Error 0.0005549726774916053
Epoch 468 Relative Error 0.0005426970892585814
Epoch 469 Relative Error 0.0004691731301136315
Epoch 470 Relative Error 0.0005695715663023293
Epoch 471 Relative Error 0.0004860691842623055
Epoch 472 Relative Error 0.0004128331202082336
Epoch 473 Relative Error 0.00044925580732524395
Epoch 474 Relative Error 0.00044423501822166145
Epoch 475 Relative Error 0.00045752350706607103
Epoch 476 Relative Error 0.0004053293087054044
Epoch 477 Relative Error 0.00045691197738051414
Epoch 478 Relative Error 0.0004256331012584269
Epoch 479 Relative Error 0.00045235094148665667
Epoch 480 Relative Error 0.0004902033833786845
Epoch 481 Relative Error 0.0005541581776924431
Epoch 482 Relative Error 0.0004493985034059733
Epoch 483 Relative Error 0.0005073942593298852
Epoch 484 Relative Error 0.0005797171615995467
Epoch 485 Relative Error 0.00048395071644335985
Epoch 486 Relative Error 0.0004922474618069828
Epoch 487 Relative Error 0.00038858113111928105
Epoch 488 Relative Error 0.0004900130443274975
Epoch 489 Relative Error 0.000501768896356225
Epoch 490 Relative Error 0.0003624006058089435
Epoch 491 Relative Error 0.00048401844105683267
Epoch 492 Relative Error 0.0004886387032456696
Epoch 493 Relative Error 0.0005241255275905132
Epoch 494 Relative Error 0.0005201560561545193
Epoch 495 Relative Error 0.0005191368982195854
Epoch 496 Relative Error 0.0004720894794445485
Epoch 497 Relative Error 0.00041157848318107426
Epoch 498 Relative Error 0.00047413803986273706
Epoch 499 Relative Error 0.0004006301169283688
Epoch 500 Relative Error 0.0003732847108040005
Epoch 501 Relative Error 0.0004145194252487272
Epoch 502 Relative Error 0.0005096539971418679
Epoch 503 Relative Error 0.00046305422438308597
Epoch 504 Relative Error 0.0004127242136746645
Epoch 505 Relative Error 0.00046246955753304064
Epoch 506 Relative Error 0.00041571000474505126
Epoch 507 Relative Error 0.0005417483625933528
Epoch 508 Relative Error 0.0004516241606324911
Epoch 509 Relative Error 0.00046534286229871213
Epoch 510 Relative Error 0.0005374265019781888
Epoch 511 Relative Error 0.0004242274153511971
Epoch 512 Relative Error 0.0004231641360092908
Epoch 513 Relative Error 0.0005460653337650001
Epoch 514 Relative Error 0.0004044616362079978
Epoch 515 Relative Error 0.00047523051034659147
Epoch 516 Relative Error 0.0005406880518421531
Epoch 517 Relative Error 0.0005195972044020891
Epoch 518 Relative Error 0.00044597714440897107
Epoch 519 Relative Error 0.0004476364119909704
Epoch 520 Relative Error 0.00044121319660916924
Epoch 521 Relative Error 0.0005085925222374499
Epoch 522 Relative Error 0.00039295892929658294
Epoch 523 Relative Error 0.000469853199319914
Epoch 524 Relative Error 0.0006228376878425479
Epoch 525 Relative Error 0.000505469215568155
Epoch 526 Relative Error 0.0004685767344199121
Epoch 527 Relative Error 0.00038720006705261767
Epoch 528 Relative Error 0.0005678512388840318
Epoch 529 Relative Error 0.00045785176916979253
Epoch 530 Relative Error 0.0004539607325568795
Epoch 531 Relative Error 0.00046496299910359085
Epoch 532 Relative Error 0.0004193898639641702
Epoch 533 Relative Error 0.0004119817749597132
Epoch 534 Relative Error 0.00048193149268627167
Epoch 535 Relative Error 0.0004949740832671523
Epoch 536 Relative Error 0.0005182326422072947
Epoch 537 Relative Error 0.0005392800667323172
Epoch 538 Relative Error 0.0006431309739127755
Epoch 539 Relative Error 0.00046334302169270813
Epoch 540 Relative Error 0.0005319357151165605
Epoch 541 Relative Error 0.0005013993359170854
Epoch 542 Relative Error 0.000584299850743264
Epoch 543 Relative Error 0.000505242554936558
Epoch 544 Relative Error 0.00038719078293070197
Epoch 545 Relative Error 0.000463239848613739
Epoch 546 Relative Error 0.0004171490727458149
Epoch 547 Relative Error 0.0004964272957295179
Epoch 548 Relative Error 0.00046380676212720573
Epoch 549 Relative Error 0.0004333766410127282
Epoch 550 Relative Error 0.0005411960883066058
Epoch 551 Relative Error 0.0005106012686155736
Epoch 552 Relative Error 0.00043415650725364685
Epoch 553 Relative Error 0.00046953841228969395
Epoch 554 Relative Error 0.0005195229896344244
Epoch 555 Relative Error 0.0004974016919732094
Epoch 556 Relative Error 0.0004936295445077121
Epoch 557 Relative Error 0.00048271537525579333
Epoch 558 Relative Error 0.0005625759367831051
Epoch 559 Relative Error 0.0005270214751362801
Epoch 560 Relative Error 0.00045740147470496595
Epoch 561 Relative Error 0.00048518317635171115
Epoch 562 Relative Error 0.0004226066230330616
Epoch 563 Relative Error 0.00050451944116503
Epoch 564 Relative Error 0.00046931442921049893
Epoch 565 Relative Error 0.00039566479972563684
Epoch 566 Relative Error 0.00047793088015168905
Epoch 567 Relative Error 0.00046869326615706086
Epoch 568 Relative Error 0.0004449256230145693
Epoch 569 Relative Error 0.0004947939305566251
Epoch 570 Relative Error 0.0004330278898123652
Epoch 571 Relative Error 0.00046363502042368054
Epoch 572 Relative Error 0.0004434439179021865
Epoch 573 Relative Error 0.00042163667967543006
Epoch 574 Relative Error 0.00043276441283524036
Epoch 575 Relative Error 0.0004931281437166035
Epoch 576 Relative Error 0.0005069817416369915
Epoch 577 Relative Error 0.00045125745236873627
Epoch 578 Relative Error 0.000495350279379636
Epoch 579 Relative Error 0.0005725014489144087
Epoch 580 Relative Error 0.0004888216499239206
Epoch 581 Relative Error 0.0005763740045949817
Epoch 582 Relative Error 0.0004964670515619218
Epoch 583 Relative Error 0.00045957230031490326
Epoch 584 Relative Error 0.0004036584869027138
Epoch 585 Relative Error 0.0004246630996931344
Epoch 586 Relative Error 0.0005944357253611088
Epoch 587 Relative Error 0.0005696583539247513
Epoch 588 Relative Error 0.0004652726638596505
Epoch 589 Relative Error 0.0004906942485831678
Epoch 590 Relative Error 0.00045148193021304905
Epoch 591 Relative Error 0.0004936169716529548
Epoch 592 Relative Error 0.0004134477931074798
Epoch 593 Relative Error 0.0004946973058395088
Epoch 594 Relative Error 0.00044732578680850565
Epoch 595 Relative Error 0.0004407411615829915
Epoch 596 Relative Error 0.0005410731537267566
Epoch 597 Relative Error 0.00047653642832301557
Epoch 598 Relative Error 0.0005074214423075318
Epoch 599 Relative Error 0.0005078905960544944
Epoch 600 Relative Error 0.00045033753849565983
Epoch 601 Relative Error 0.0005357605405151844
Epoch 602 Relative Error 0.0004514130996540189
Epoch 603 Relative Error 0.00044790428364649415
Epoch 604 Relative Error 0.0004939181380905211
Epoch 605 Relative Error 0.0004941794322803617
Epoch 606 Relative Error 0.00048629718367010355
Epoch 607 Relative Error 0.00039724388625472784
Epoch 608 Relative Error 0.0004353258409537375
Epoch 609 Relative Error 0.00046904481132514775
Epoch 610 Relative Error 0.0004707379557657987
Epoch 611 Relative Error 0.0003777911188080907
Epoch 612 Relative Error 0.0004992642207071185
Epoch 613 Relative Error 0.0005183452158235013
Epoch 614 Relative Error 0.0004298806597944349
Epoch 615 Relative Error 0.0005439297528937459
Epoch 616 Relative Error 0.0004316008707974106
Epoch 617 Relative Error 0.0005244886851869524
Epoch 618 Relative Error 0.0004894998855888844
Epoch 619 Relative Error 0.0004595558566506952
Epoch 620 Relative Error 0.0003967374796047807
Epoch 621 Relative Error 0.0006191745633259416
Epoch 622 Relative Error 0.0004253918014001101
Epoch 623 Relative Error 0.00043667934369295835
Epoch 624 Relative Error 0.0005467484588734806
Epoch 625 Relative Error 0.000497850647661835
Epoch 626 Relative Error 0.0006533400155603886
Epoch 627 Relative Error 0.0006434963434003294
Epoch 628 Relative Error 0.0005685555515810847
Epoch 629 Relative Error 0.0005012394394725561
Epoch 630 Relative Error 0.0006116978474892676
Epoch 631 Relative Error 0.0005346873076632619
Epoch 632 Relative Error 0.0004877733008470386
Epoch 633 Relative Error 0.0004613825003616512
Epoch 634 Relative Error 0.0005431250901892781
Epoch 635 Relative Error 0.0004961118102073669
Epoch 636 Relative Error 0.0005438565276563168
Epoch 637 Relative Error 0.0005167842609807849
Epoch 638 Relative Error 0.000508642930071801
Epoch 639 Relative Error 0.0005026869475841522
Epoch 640 Relative Error 0.0004886974347755313
Epoch 641 Relative Error 0.0005402990500442684
Epoch 642 Relative Error 0.00048255917499773204
Epoch 643 Relative Error 0.00047693250235170126
Epoch 644 Relative Error 0.0005172525998204947
Epoch 645 Relative Error 0.0005103262374177575
Epoch 646 Relative Error 0.0004787705547641963
Epoch 647 Relative Error 0.0005623231991194189
Epoch 648 Relative Error 0.0005711610428988934
Epoch 649 Relative Error 0.0004975383635610342
Epoch 650 Relative Error 0.00048277038149535656
Epoch 651 Relative Error 0.0004949652939103544
Epoch 652 Relative Error 0.0005196505808271468
Epoch 653 Relative Error 0.00045625129132531583
Epoch 654 Relative Error 0.0005743789370171726
Epoch 655 Relative Error 0.0004891211865469813
Epoch 656 Relative Error 0.00048823608085513115
Epoch 657 Relative Error 0.0005661461618728936
Epoch 658 Relative Error 0.0005391356535255909
Epoch 659 Relative Error 0.0004516021581366658
Epoch 660 Relative Error 0.0004707123734988272
Epoch 661 Relative Error 0.00046938532614149153
Epoch 662 Relative Error 0.000595670600887388
Epoch 663 Relative Error 0.0004855568695347756
Epoch 664 Relative Error 0.000580953957978636
Epoch 665 Relative Error 0.00047714298125356436
Epoch 666 Relative Error 0.0005076696979813278
Epoch 667 Relative Error 0.0005723877111449838
Epoch 668 Relative Error 0.0005761412903666496
Epoch 669 Relative Error 0.0004881695203948766
Epoch 670 Relative Error 0.00045186385978013277
Epoch 671 Relative Error 0.00041167240124195814
Epoch 672 Relative Error 0.00043711959733627737
Epoch 673 Relative Error 0.00047483149683102965
Epoch 674 Relative Error 0.00047758538858033717
Epoch 675 Relative Error 0.00043942214688286185
Epoch 676 Relative Error 0.0004775023553520441
Epoch 677 Relative Error 0.0004651892522815615
Epoch 678 Relative Error 0.00047168449964374304
Epoch 679 Relative Error 0.000480311136925593
Epoch 680 Relative Error 0.00042308223783038557
Epoch 681 Relative Error 0.0005336272297427058
Epoch 682 Relative Error 0.000476547924336046
Epoch 683 Relative Error 0.00042538216803222895
Epoch 684 Relative Error 0.0004581443499773741
Epoch 685 Relative Error 0.0004937496851198375
Epoch 686 Relative Error 0.000512291444465518
Epoch 687 Relative Error 0.00046864128671586514
Epoch 688 Relative Error 0.00045522968866862357
Epoch 689 Relative Error 0.00046114742872305214
Epoch 690 Relative Error 0.00046294883941300213
Epoch 691 Relative Error 0.0005779288476333022
Epoch 692 Relative Error 0.0004343567416071892
Epoch 693 Relative Error 0.0005060717230662704
Epoch 694 Relative Error 0.0006680809310637414
Epoch 695 Relative Error 0.0005892810877412558
Epoch 696 Relative Error 0.000499558518640697
Epoch 697 Relative Error 0.00043732410995289683
Epoch 698 Relative Error 0.0004990975139662623
Epoch 699 Relative Error 0.0005688499077223241
Epoch 700 Relative Error 0.0006150536937639117
Epoch 701 Relative Error 0.0005769965355284512
Epoch 702 Relative Error 0.0005412126774899662
Epoch 703 Relative Error 0.0006233915337361395
Epoch 704 Relative Error 0.00046299234963953495
Epoch 705 Relative Error 0.00046469786320813
Epoch 706 Relative Error 0.0004409409884829074
Epoch 707 Relative Error 0.0005122687434777617
Epoch 708 Relative Error 0.0005255206488072872
Epoch 709 Relative Error 0.0004372144758235663
Epoch 710 Relative Error 0.0004398393793962896
Epoch 711 Relative Error 0.000515109219122678
Epoch 712 Relative Error 0.0005062283598817885
Epoch 713 Relative Error 0.0005865549319423735
Epoch 714 Relative Error 0.000540104229003191
Epoch 715 Relative Error 0.00045436416985467076
Epoch 716 Relative Error 0.0005805976106785238
Epoch 717 Relative Error 0.0005652703694067895
Epoch 718 Relative Error 0.0004914543242193758
Epoch 719 Relative Error 0.0004932936863042414
Epoch 720 Relative Error 0.00045767537085339427
Epoch 721 Relative Error 0.00048045485164038837
Epoch 722 Relative Error 0.000482461997307837
Epoch 723 Relative Error 0.0004300026339478791
Epoch 724 Relative Error 0.00046501215547323227
Epoch 725 Relative Error 0.00053543655667454
Epoch 726 Relative Error 0.0006272290484048426
Epoch 727 Relative Error 0.0007431106059812009
Epoch 728 Relative Error 0.0006249757716432214
Epoch 729 Relative Error 0.0006598285981453955
Epoch 730 Relative Error 0.0005266992375254631
Epoch 731 Relative Error 0.0005985625903122127
Epoch 732 Relative Error 0.00053028529509902
Epoch 733 Relative Error 0.0007163663394749165
Epoch 734 Relative Error 0.0005114382947795093
Epoch 735 Relative Error 0.000572531542275101
Epoch 736 Relative Error 0.00048538605915382504
Epoch 737 Relative Error 0.0005340843345038593
Epoch 738 Relative Error 0.0005751815042458475
Epoch 739 Relative Error 0.0007430451223626733
Epoch 740 Relative Error 0.0005215503042563796
Epoch 741 Relative Error 0.0004947888664901257
Epoch 742 Relative Error 0.0005206677014939487
Epoch 743 Relative Error 0.0005720090121030807
Epoch 744 Relative Error 0.00048521318240091205
Epoch 745 Relative Error 0.0004658643447328359
Epoch 746 Relative Error 0.00043089964310638607
Epoch 747 Relative Error 0.00042742135701701045
Epoch 748 Relative Error 0.00047027182881720364
Epoch 749 Relative Error 0.00042513676453381777
Epoch 750 Relative Error 0.0005470836767926812
Epoch 751 Relative Error 0.0005241502076387405
Epoch 752 Relative Error 0.0005435519269667566
Epoch 753 Relative Error 0.0004892555298283696
Epoch 754 Relative Error 0.0006075565470382571
Epoch 755 Relative Error 0.0005051459884271026
Epoch 756 Relative Error 0.0005013447953388095
Epoch 757 Relative Error 0.0005324662779457867
Epoch 758 Relative Error 0.00046887266216799617
Epoch 759 Relative Error 0.0005123185692355037
Epoch 760 Relative Error 0.0004543689137790352
Epoch 761 Relative Error 0.00047422689385712147
Epoch 762 Relative Error 0.00047220868873409927
Epoch 763 Relative Error 0.00048288414836861193
Epoch 764 Relative Error 0.0004684017621912062
Epoch 765 Relative Error 0.0005152635858394206
Epoch 766 Relative Error 0.00042476828093640506
Epoch 767 Relative Error 0.0005515210796147585
Epoch 768 Relative Error 0.0005371450679376721
Epoch 769 Relative Error 0.00044904896640218794
Epoch 770 Relative Error 0.0005255021387711167
Epoch 771 Relative Error 0.00043516093865036964
Epoch 772 Relative Error 0.0005131600191816688
Epoch 773 Relative Error 0.00045561656588688493
Epoch 774 Relative Error 0.0004506725526880473
Epoch 775 Relative Error 0.0005083687137812376
Epoch 776 Relative Error 0.0005498640821315348
Epoch 777 Relative Error 0.0004821990733034909
Epoch 778 Relative Error 0.0005969290505163372
Epoch 779 Relative Error 0.00041089585283771157
Epoch 780 Relative Error 0.00043816649122163653
Epoch 781 Relative Error 0.0005089451442472637
Epoch 782 Relative Error 0.000520695059094578
Epoch 783 Relative Error 0.0005820570513606071
Epoch 784 Relative Error 0.000449176412075758
Epoch 785 Relative Error 0.0004900129279121757
Epoch 786 Relative Error 0.0005502799758687615
Epoch 787 Relative Error 0.00048403674736618996
Epoch 788 Relative Error 0.0006425882456824183
Epoch 789 Relative Error 0.0004936486366204917
Epoch 790 Relative Error 0.0006304946728050709
Epoch 791 Relative Error 0.000495971878990531
Epoch 792 Relative Error 0.00046305160503834486
Epoch 793 Relative Error 0.0005638626753352582
Epoch 794 Relative Error 0.0005447060102596879
Epoch 795 Relative Error 0.0005295002483762801
Epoch 796 Relative Error 0.0004268033953849226
Epoch 797 Relative Error 0.0004499527858570218
Epoch 798 Relative Error 0.0005257008597254753
Epoch 799 Relative Error 0.00046278201625682414
Epoch 800 Relative Error 0.0005595379625447094
Epoch 801 Relative Error 0.0006345483707264066
Epoch 802 Relative Error 0.0005165425245650113
Epoch 803 Relative Error 0.00043835173710249364
Epoch 804 Relative Error 0.000452650070656091
Epoch 805 Relative Error 0.0004821225593332201
Epoch 806 Relative Error 0.0005355171160772443
Epoch 807 Relative Error 0.0005925273289903998
Epoch 808 Relative Error 0.0005269408575259149
Epoch 809 Relative Error 0.0004698321281466633
Epoch 810 Relative Error 0.0005264040664769709
Epoch 811 Relative Error 0.0005501109408214688
Epoch 812 Relative Error 0.0004542483948171139
Epoch 813 Relative Error 0.0005142625304870307
Epoch 814 Relative Error 0.0004956241464242339
Epoch 815 Relative Error 0.000538702413905412
Epoch 816 Relative Error 0.00042293546721339226
Epoch 817 Relative Error 0.0005084739532321692
Epoch 818 Relative Error 0.0004715852264780551
Epoch 819 Relative Error 0.0005435848725028336
Epoch 820 Relative Error 0.00039551343070343137
Epoch 821 Relative Error 0.0004896120517514646
Epoch 822 Relative Error 0.0005341247306205332
Epoch 823 Relative Error 0.0007061382057145238
Epoch 824 Relative Error 0.0006853253580629826
Epoch 825 Relative Error 0.0005375207983888686
Epoch 826 Relative Error 0.00043618696508929133
Epoch 827 Relative Error 0.0004412768466863781
Epoch 828 Relative Error 0.0004551599849946797
Epoch 829 Relative Error 0.0004175882786512375
Epoch 830 Relative Error 0.0004002127388957888
Epoch 831 Relative Error 0.00041962575051002204
Epoch 832 Relative Error 0.0004676248936448246
Epoch 833 Relative Error 0.00055331812473014
Epoch 834 Relative Error 0.00048476902884431183
Epoch 835 Relative Error 0.0004446075763553381
Epoch 836 Relative Error 0.0004858936881646514
Epoch 837 Relative Error 0.0004963326500728726
Epoch 838 Relative Error 0.0006104631465859711
Epoch 839 Relative Error 0.0005345232202671468
Epoch 840 Relative Error 0.00043391421786509454
Epoch 841 Relative Error 0.000480463175335899
Epoch 842 Relative Error 0.00046385853784158826
Epoch 843 Relative Error 0.00047030640416778624
Epoch 844 Relative Error 0.000593215343542397
Epoch 845 Relative Error 0.00045469970791600645
Epoch 846 Relative Error 0.0005214086850173771
Epoch 847 Relative Error 0.0005327757098712027
Epoch 848 Relative Error 0.0006143173086456954
Epoch 849 Relative Error 0.0006025811308063567
Epoch 850 Relative Error 0.0006372796487994492
Epoch 851 Relative Error 0.00046850513899698853
Epoch 852 Relative Error 0.0005392797174863517
Epoch 853 Relative Error 0.0005098648252896965
Epoch 854 Relative Error 0.0005151779623702168
Epoch 855 Relative Error 0.00044879314373247325
Epoch 856 Relative Error 0.0005440183449536562
Epoch 857 Relative Error 0.0004974367329850793
Epoch 858 Relative Error 0.00047256628749892116
Epoch 859 Relative Error 0.0005132493679411709
Epoch 860 Relative Error 0.0005802216473966837
Epoch 861 Relative Error 0.0005311014247126877
Epoch 862 Relative Error 0.0005382471717894077
Epoch 863 Relative Error 0.0004958385252393782
Epoch 864 Relative Error 0.000656721880659461
Epoch 865 Relative Error 0.0005713995196856558
Epoch 866 Relative Error 0.0005186157650314271
Epoch 867 Relative Error 0.0004668049223255366
Epoch 868 Relative Error 0.0004685749299824238
Epoch 869 Relative Error 0.00047157789231278
Epoch 870 Relative Error 0.0005298587493598461
Epoch 871 Relative Error 0.0005800681537948549
Epoch 872 Relative Error 0.0005295680020935833
Epoch 873 Relative Error 0.0005538939731195569
Epoch 874 Relative Error 0.000488606165163219
Epoch 875 Relative Error 0.0005510748596861959
Epoch 876 Relative Error 0.0004927462432533503
Epoch 877 Relative Error 0.00045721224159933627
Epoch 878 Relative Error 0.0004749190411530435
Epoch 879 Relative Error 0.0004675748059526086
Epoch 880 Relative Error 0.0004945555119775236
Epoch 881 Relative Error 0.0004597366787493229
Epoch 882 Relative Error 0.0003945764328818768
Epoch 883 Relative Error 0.0005225465865805745
Epoch 884 Relative Error 0.0005493552889674902
Epoch 885 Relative Error 0.0003858213312923908
Epoch 886 Relative Error 0.0005402420065365732
Epoch 887 Relative Error 0.000495658372528851
Epoch 888 Relative Error 0.0004482771619223058
Epoch 889 Relative Error 0.00048072481877170503
Epoch 890 Relative Error 0.0005104844458401203
Epoch 891 Relative Error 0.0005758226034231484
Epoch 892 Relative Error 0.0005341206560842693
Epoch 893 Relative Error 0.0004521694499999285
Epoch 894 Relative Error 0.0004964076215401292
Epoch 895 Relative Error 0.00046315835788846016
Epoch 896 Relative Error 0.0006798040121793747
Epoch 897 Relative Error 0.00046828974154777825
Epoch 898 Relative Error 0.0005360853392630816
Epoch 899 Relative Error 0.000621270970441401
Epoch 900 Relative Error 0.0006045615882612765
Epoch 901 Relative Error 0.0004527369455900043
Epoch 902 Relative Error 0.0004842948983423412
Epoch 903 Relative Error 0.0004875287995673716
Epoch 904 Relative Error 0.00045990600483492017
Epoch 905 Relative Error 0.000503044982906431
Epoch 906 Relative Error 0.0005137263797223568
Epoch 907 Relative Error 0.00048160264850594103
Epoch 908 Relative Error 0.0004723316233139485
Epoch 909 Relative Error 0.0004271984798833728
Epoch 910 Relative Error 0.0005156678962521255
Epoch 911 Relative Error 0.00048790473374538124
Epoch 912 Relative Error 0.00043607864063233137
Epoch 913 Relative Error 0.0004462072975002229
Epoch 914 Relative Error 0.0005073448992334306
Epoch 915 Relative Error 0.00048080450505949557
Epoch 916 Relative Error 0.0004498492635320872
Epoch 917 Relative Error 0.000449539627879858
Epoch 918 Relative Error 0.0004225513548590243
Epoch 919 Relative Error 0.00042806725832633674
Epoch 920 Relative Error 0.00035347227822057903
Epoch 921 Relative Error 0.0004679389821831137
Epoch 922 Relative Error 0.00044425646774470806
Epoch 923 Relative Error 0.00040317929233424366
Epoch 924 Relative Error 0.00039845152059569955
Epoch 925 Relative Error 0.0005177026032470167
Epoch 926 Relative Error 0.00045807985588908195
Epoch 927 Relative Error 0.00045246045920066535
Epoch 928 Relative Error 0.00046899134758859873
Epoch 929 Relative Error 0.0004695276147685945
Epoch 930 Relative Error 0.0005030087195336819
Epoch 931 Relative Error 0.0006023409077897668
Epoch 932 Relative Error 0.0004902117070741951
Epoch 933 Relative Error 0.0004960016231052577
Epoch 934 Relative Error 0.0005226776702329516
Epoch 935 Relative Error 0.0005119690322317183
Epoch 936 Relative Error 0.00047199666732922196
Epoch 937 Relative Error 0.0006383126601576805
Epoch 938 Relative Error 0.0005021806573495269
Epoch 939 Relative Error 0.00046459826990030706
Epoch 940 Relative Error 0.0005795655306428671
Epoch 941 Relative Error 0.0004081388469785452
Epoch 942 Relative Error 0.0004397570446599275
Epoch 943 Relative Error 0.0006478287978097796
Epoch 944 Relative Error 0.0004897332401014864
Epoch 945 Relative Error 0.000459675065940246
Epoch 946 Relative Error 0.0005267332307994366
Epoch 947 Relative Error 0.0005129156052134931
Epoch 948 Relative Error 0.0005563126178458333
Epoch 949 Relative Error 0.0005427052965387702
Epoch 950 Relative Error 0.0005515484954230487
Epoch 951 Relative Error 0.0005702145281247795
Epoch 952 Relative Error 0.000629113579634577
Epoch 953 Relative Error 0.000590769574046135
Epoch 954 Relative Error 0.0006071401876397431
Epoch 955 Relative Error 0.0006552375270985067
Epoch 956 Relative Error 0.0005994362290948629
Epoch 957 Relative Error 0.0006633135490119457
Epoch 958 Relative Error 0.000584733730647713
Epoch 959 Relative Error 0.0006044182810001075
Epoch 960 Relative Error 0.0006074191187508404
Epoch 961 Relative Error 0.0006190696731209755
Epoch 962 Relative Error 0.0005465487483888865
Epoch 963 Relative Error 0.0005674644489772618
Epoch 964 Relative Error 0.000529708166141063
Epoch 965 Relative Error 0.0004750582156702876
Epoch 966 Relative Error 0.0005017961957491934
Epoch 967 Relative Error 0.0004797954170498997
Epoch 968 Relative Error 0.00039236104930751026
Epoch 969 Relative Error 0.0004593937483150512
Epoch 970 Relative Error 0.00047792441910132766
Epoch 971 Relative Error 0.0004563610418699682
Epoch 972 Relative Error 0.0005089003825560212
Epoch 973 Relative Error 0.00041107431752607226
Epoch 974 Relative Error 0.0004174636851530522
Epoch 975 Relative Error 0.0004423578211572021
Epoch 976 Relative Error 0.00048023753333836794
Epoch 977 Relative Error 0.0003835886891465634
Epoch 978 Relative Error 0.0005275425501167774
Epoch 979 Relative Error 0.0004726613115053624
Epoch 980 Relative Error 0.00045781926019117236
Epoch 981 Relative Error 0.0003805873275268823
Epoch 982 Relative Error 0.0004286563489586115
Epoch 983 Relative Error 0.0005776576581411064
Epoch 984 Relative Error 0.000507425342220813
Epoch 985 Relative Error 0.0004412199486978352
Epoch 986 Relative Error 0.000452166423201561
Epoch 987 Relative Error 0.0005655345739796758
Epoch 988 Relative Error 0.0004912400036118925
Epoch 989 Relative Error 0.0005103902658447623
Epoch 990 Relative Error 0.000542878289707005
Epoch 991 Relative Error 0.000621438433881849
Epoch 992 Relative Error 0.0004586840223055333
Epoch 993 Relative Error 0.000573067634832114
Epoch 994 Relative Error 0.0005199304432608187
Epoch 995 Relative Error 0.0006083741900511086
Epoch 996 Relative Error 0.0006073840777389705
Epoch 997 Relative Error 0.00045355825568549335
Epoch 998 Relative Error 0.00047475125757046044
Epoch 999 Relative Error 0.00046740422840230167
Epoch 1000 Relative Error 0.00047074505710043013
RE (1, 6, 1, 0): 0.00035347227822057903
Green's Function RE (1, 6, 1, 0): 0.9058208465576172
Bias Term RE (1, 6, 1, 0): 0.7412118911743164
Combination (1, 6, 1, 0, 0): 0.8825475573539734
Combination (1, 6, 1, 0, 1): 0.8832831978797913
Combination (1, 6, 1, 0, 2): 0.8835224509239197
Combination (1, 6, 1, 0, 3): 0.8836026787757874
Combination (1, 6, 1, 0, 4): 0.8836426734924316

/home/gridsan/gstepaniants/.local/lib/python3.8/site-packages/torch/functional.py:478: UserWarning: torch.meshgrid: in an upcoming release, it will be required to pass the indexing argument. (Triggered internally at  ../aten/src/ATen/native/TensorShape.cpp:2895.)
  return _VF.meshgrid(tensors, **kwargs)  # type: ignore[attr-defined]
