[KeOps] Warning : Cuda libraries were not detected on the system ; using cpu only mode
1
Kernel: Exponential
Weight Mesh: 50
RKHS Kernel Width: 0.2
Lambda: 1e-06
Green's Function Learning Rate: 100
Bias Term Learning Rate: 100
Epoch 1 Relative Error 22902.37109375
First epoch had re = 22902.37109375 > 1
Green's Function Learning Rate: 50
Bias Term Learning Rate: 50
Epoch 1 Relative Error 10152.5361328125
First epoch had re = 10152.5361328125 > 1
Green's Function Learning Rate: 10
Bias Term Learning Rate: 10
Epoch 1 Relative Error 1745.585693359375
First epoch had re = 1745.585693359375 > 1
Green's Function Learning Rate: 5
Bias Term Learning Rate: 5
Epoch 1 Relative Error 1061.3839111328125
First epoch had re = 1061.3839111328125 > 1
Green's Function Learning Rate: 1
Bias Term Learning Rate: 1
Epoch 1 Relative Error 222.41680908203125
First epoch had re = 222.41680908203125 > 1
Green's Function Learning Rate: 0.5
Bias Term Learning Rate: 0.5
Epoch 1 Relative Error 113.17986297607422
First epoch had re = 113.17986297607422 > 1
Green's Function Learning Rate: 0.1
Bias Term Learning Rate: 0.1
Epoch 1 Relative Error 22.70696449279785
First epoch had re = 22.70696449279785 > 1
Green's Function Learning Rate: 0.05
Bias Term Learning Rate: 0.05
Epoch 1 Relative Error 10.466719627380371
First epoch had re = 10.466719627380371 > 1
Green's Function Learning Rate: 0.01
Bias Term Learning Rate: 0.01
Epoch 1 Relative Error 1.5663275718688965
First epoch had re = 1.5663275718688965 > 1
Green's Function Learning Rate: 0.005
Bias Term Learning Rate: 0.005
Epoch 1 Relative Error 0.6867451071739197
Epoch 2 Relative Error 0.6618645191192627
Epoch 3 Relative Error 0.5562154650688171
Epoch 4 Relative Error 0.366995632648468
Epoch 5 Relative Error 0.3110957741737366
Epoch 6 Relative Error 0.2767912447452545
Epoch 7 Relative Error 0.22698508203029633
Epoch 8 Relative Error 0.21274036169052124
Epoch 9 Relative Error 0.18884843587875366
Epoch 10 Relative Error 0.1844700276851654
Epoch 11 Relative Error 0.17651836574077606
Epoch 12 Relative Error 0.16620874404907227
Epoch 13 Relative Error 0.15792341530323029
Epoch 14 Relative Error 0.15380088984966278
Epoch 15 Relative Error 0.14517055451869965
Epoch 16 Relative Error 0.14076951146125793
Epoch 17 Relative Error 0.13658635318279266
Epoch 18 Relative Error 0.1324528604745865
Epoch 19 Relative Error 0.12889422476291656
Epoch 20 Relative Error 0.12604042887687683
Epoch 21 Relative Error 0.12285924702882767
Epoch 22 Relative Error 0.12049832940101624
Epoch 23 Relative Error 0.11829135566949844
Epoch 24 Relative Error 0.11572575569152832
Epoch 25 Relative Error 0.11371932923793793
Epoch 26 Relative Error 0.11161919683218002
Epoch 27 Relative Error 0.1100461333990097
Epoch 28 Relative Error 0.10830746591091156
Epoch 29 Relative Error 0.10656972229480743
Epoch 30 Relative Error 0.10505268722772598
Epoch 31 Relative Error 0.10358325392007828
Epoch 32 Relative Error 0.10233072191476822
Epoch 33 Relative Error 0.10086426883935928
Epoch 34 Relative Error 0.09937320649623871
Epoch 35 Relative Error 0.0982174277305603
Epoch 36 Relative Error 0.09703394770622253
Epoch 37 Relative Error 0.09612897783517838
Epoch 38 Relative Error 0.09481996297836304
Epoch 39 Relative Error 0.09353692084550858
Epoch 40 Relative Error 0.09242749959230423
Epoch 41 Relative Error 0.09132872521877289
Epoch 42 Relative Error 0.09042540937662125
Epoch 43 Relative Error 0.0893445834517479
Epoch 44 Relative Error 0.08825837075710297
Epoch 45 Relative Error 0.08747117221355438
Epoch 46 Relative Error 0.08634064346551895
Epoch 47 Relative Error 0.08573538810014725
Epoch 48 Relative Error 0.08453021943569183
Epoch 49 Relative Error 0.08370814472436905
Epoch 50 Relative Error 0.08301766961812973
Epoch 51 Relative Error 0.08222906291484833
Epoch 52 Relative Error 0.08144927024841309
Epoch 53 Relative Error 0.08055756986141205
Epoch 54 Relative Error 0.07971467822790146
Epoch 55 Relative Error 0.07899832725524902
Epoch 56 Relative Error 0.07835673540830612
Epoch 57 Relative Error 0.07766161859035492
Epoch 58 Relative Error 0.07704782485961914
Epoch 59 Relative Error 0.07634714245796204
Epoch 60 Relative Error 0.07589750736951828
Epoch 61 Relative Error 0.0752343088388443
Epoch 62 Relative Error 0.07462649792432785
Epoch 63 Relative Error 0.0739758163690567
Epoch 64 Relative Error 0.07337428629398346
Epoch 65 Relative Error 0.0729110836982727
Epoch 66 Relative Error 0.07235153019428253
Epoch 67 Relative Error 0.07190471142530441
Epoch 68 Relative Error 0.07143104821443558
Epoch 69 Relative Error 0.0709027498960495
Epoch 70 Relative Error 0.07058035582304001
Epoch 71 Relative Error 0.07005930691957474
Epoch 72 Relative Error 0.06956326961517334
Epoch 73 Relative Error 0.06896060705184937
Epoch 74 Relative Error 0.06849642843008041
Epoch 75 Relative Error 0.0680939257144928
Epoch 76 Relative Error 0.06766698509454727
Epoch 77 Relative Error 0.06724496185779572
Epoch 78 Relative Error 0.06690787523984909
Epoch 79 Relative Error 0.06666070222854614
Epoch 80 Relative Error 0.06617887318134308
Epoch 81 Relative Error 0.0658562034368515
Epoch 82 Relative Error 0.0655033141374588
Epoch 83 Relative Error 0.06510389596223831
Epoch 84 Relative Error 0.06472732871770859
Epoch 85 Relative Error 0.06431324779987335
Epoch 86 Relative Error 0.06408490240573883
Epoch 87 Relative Error 0.06366610527038574
Epoch 88 Relative Error 0.06333204358816147
Epoch 89 Relative Error 0.06304895877838135
Epoch 90 Relative Error 0.06282611191272736
Epoch 91 Relative Error 0.06251702457666397
Epoch 92 Relative Error 0.06228356808423996
Epoch 93 Relative Error 0.06187745928764343
Epoch 94 Relative Error 0.06158677488565445
Epoch 95 Relative Error 0.06145966798067093
Epoch 96 Relative Error 0.06102421507239342
Epoch 97 Relative Error 0.06073431298136711
Epoch 98 Relative Error 0.0604589469730854
Epoch 99 Relative Error 0.06024767458438873
Epoch 100 Relative Error 0.06005715951323509
Epoch 101 Relative Error 0.05990391597151756
Epoch 102 Relative Error 0.059492338448762894
Epoch 103 Relative Error 0.059182096272706985
Epoch 104 Relative Error 0.059124141931533813
Epoch 105 Relative Error 0.059008777141571045
Epoch 106 Relative Error 0.05860087648034096
Epoch 107 Relative Error 0.05817541852593422
Epoch 108 Relative Error 0.0582299679517746
Epoch 109 Relative Error 0.05858851969242096
Epoch 110 Relative Error 0.057874102145433426
Epoch 111 Relative Error 0.05728024244308472
Epoch 112 Relative Error 0.05721123144030571
Epoch 113 Relative Error 0.05688251182436943
Epoch 114 Relative Error 0.056625351309776306
Epoch 115 Relative Error 0.056421395391225815
Epoch 116 Relative Error 0.05615711957216263
Epoch 117 Relative Error 0.05592631176114082
Epoch 118 Relative Error 0.055681079626083374
Epoch 119 Relative Error 0.05556698516011238
Epoch 120 Relative Error 0.055286381393671036
Epoch 121 Relative Error 0.055135320872068405
Epoch 122 Relative Error 0.05496521294116974
Epoch 123 Relative Error 0.054776016622781754
Epoch 124 Relative Error 0.054660405963659286
Epoch 125 Relative Error 0.054337333887815475
Epoch 126 Relative Error 0.05424385517835617
Epoch 127 Relative Error 0.053923118859529495
Epoch 128 Relative Error 0.053905464708805084
Epoch 129 Relative Error 0.053602706640958786
Epoch 130 Relative Error 0.05337854102253914
Epoch 131 Relative Error 0.05393392592668533
Epoch 132 Relative Error 0.05315089970827103
Epoch 133 Relative Error 0.05311596393585205
Epoch 134 Relative Error 0.05269504338502884
Epoch 135 Relative Error 0.052446961402893066
Epoch 136 Relative Error 0.05281845107674599
Epoch 137 Relative Error 0.052211686968803406
Epoch 138 Relative Error 0.05192975327372551
Epoch 139 Relative Error 0.05188322067260742
Epoch 140 Relative Error 0.05166234076023102
Epoch 141 Relative Error 0.05176137387752533
Epoch 142 Relative Error 0.0515015535056591
Epoch 143 Relative Error 0.05109406262636185
Epoch 144 Relative Error 0.05102577432990074
Epoch 145 Relative Error 0.05097295343875885
Epoch 146 Relative Error 0.05096248537302017
Epoch 147 Relative Error 0.05044951289892197
Epoch 148 Relative Error 0.05028090626001358
Epoch 149 Relative Error 0.05033780261874199
Epoch 150 Relative Error 0.05010505020618439
Epoch 151 Relative Error 0.04998239129781723
Epoch 152 Relative Error 0.049869146198034286
Epoch 153 Relative Error 0.04996001347899437
Epoch 154 Relative Error 0.050138603895902634
Epoch 155 Relative Error 0.04922947660088539
Epoch 156 Relative Error 0.04922718182206154
Epoch 157 Relative Error 0.0490553118288517
Epoch 158 Relative Error 0.048989757895469666
Epoch 159 Relative Error 0.04890173673629761
Epoch 160 Relative Error 0.04868503287434578
Epoch 161 Relative Error 0.0488600954413414
Epoch 162 Relative Error 0.049066148698329926
Epoch 163 Relative Error 0.048268504440784454
Epoch 164 Relative Error 0.0481104701757431
Epoch 165 Relative Error 0.04791473224759102
Epoch 166 Relative Error 0.04803330823779106
Epoch 167 Relative Error 0.047655139118433
Epoch 168 Relative Error 0.04748145490884781
Epoch 169 Relative Error 0.04742652177810669
Epoch 170 Relative Error 0.04740477353334427
Epoch 171 Relative Error 0.047101426869630814
Epoch 172 Relative Error 0.047193869948387146
Epoch 173 Relative Error 0.046887896955013275
Epoch 174 Relative Error 0.04732362553477287
Epoch 175 Relative Error 0.04686451703310013
Epoch 176 Relative Error 0.046443913131952286
Epoch 177 Relative Error 0.046473316848278046
Epoch 178 Relative Error 0.046664174646139145
Epoch 179 Relative Error 0.04611822962760925
Epoch 180 Relative Error 0.04593709856271744
Epoch 181 Relative Error 0.046020302921533585
Epoch 182 Relative Error 0.045790236443281174
Epoch 183 Relative Error 0.04567904397845268
Epoch 184 Relative Error 0.045608457177877426
Epoch 185 Relative Error 0.04535263776779175
Epoch 186 Relative Error 0.045540280640125275
Epoch 187 Relative Error 0.04525346681475639
Epoch 188 Relative Error 0.0451456755399704
Epoch 189 Relative Error 0.044892098754644394
Epoch 190 Relative Error 0.04494557902216911
Epoch 191 Relative Error 0.04504874348640442
Epoch 192 Relative Error 0.04477925971150398
Epoch 193 Relative Error 0.04464654624462128
Epoch 194 Relative Error 0.04434172436594963
Epoch 195 Relative Error 0.04434138163924217
Epoch 196 Relative Error 0.044196777045726776
Epoch 197 Relative Error 0.04420224577188492
Epoch 198 Relative Error 0.04389381781220436
Epoch 199 Relative Error 0.043966930359601974
Epoch 200 Relative Error 0.04369301348924637
Epoch 201 Relative Error 0.04370180889964104
Epoch 202 Relative Error 0.043532442301511765
Epoch 203 Relative Error 0.043401654809713364
Epoch 204 Relative Error 0.04354646056890488
Epoch 205 Relative Error 0.043296314775943756
Epoch 206 Relative Error 0.04343201220035553
Epoch 207 Relative Error 0.043110862374305725
Epoch 208 Relative Error 0.0430602990090847
Epoch 209 Relative Error 0.042775411158800125
Epoch 210 Relative Error 0.04291236773133278
Epoch 211 Relative Error 0.04285753145813942
Epoch 212 Relative Error 0.04294329136610031
Epoch 213 Relative Error 0.04248202592134476
Epoch 214 Relative Error 0.04251962900161743
Epoch 215 Relative Error 0.04238506406545639
Epoch 216 Relative Error 0.04213446006178856
Epoch 217 Relative Error 0.04209447652101517
Epoch 218 Relative Error 0.042101792991161346
Epoch 219 Relative Error 0.041866980493068695
Epoch 220 Relative Error 0.0418812520802021
Epoch 221 Relative Error 0.04193400591611862
Epoch 222 Relative Error 0.04164208844304085
Epoch 223 Relative Error 0.04149718955159187
Epoch 224 Relative Error 0.041569784283638
Epoch 225 Relative Error 0.04205324500799179
Epoch 226 Relative Error 0.04151655733585358
Epoch 227 Relative Error 0.04153674840927124
Epoch 228 Relative Error 0.04120045527815819
Epoch 229 Relative Error 0.04100809991359711
Epoch 230 Relative Error 0.04131929203867912
Epoch 231 Relative Error 0.04081841558218002
Epoch 232 Relative Error 0.04076283425092697
Epoch 233 Relative Error 0.04097631573677063
Epoch 234 Relative Error 0.040552377700805664
Epoch 235 Relative Error 0.040718235075473785
Epoch 236 Relative Error 0.040394797921180725
Epoch 237 Relative Error 0.04038037732243538
Epoch 238 Relative Error 0.04050694406032562
Epoch 239 Relative Error 0.04014790803194046
Epoch 240 Relative Error 0.04008311405777931
Epoch 241 Relative Error 0.04009266570210457
Epoch 242 Relative Error 0.0399303212761879
Epoch 243 Relative Error 0.04015392065048218
Epoch 244 Relative Error 0.03986723721027374
Epoch 245 Relative Error 0.03980917111039162
Epoch 246 Relative Error 0.03986550122499466
Epoch 247 Relative Error 0.03981459140777588
Epoch 248 Relative Error 0.0398280955851078
Epoch 249 Relative Error 0.03961588442325592
Epoch 250 Relative Error 0.03979511559009552
Epoch 251 Relative Error 0.03935510665178299
Epoch 252 Relative Error 0.039209362119436264
Epoch 253 Relative Error 0.03943512961268425
Epoch 254 Relative Error 0.038994546979665756
Epoch 255 Relative Error 0.03901767358183861
Epoch 256 Relative Error 0.03896256536245346
Epoch 257 Relative Error 0.03897012770175934
Epoch 258 Relative Error 0.03883109614253044
Epoch 259 Relative Error 0.038713857531547546
Epoch 260 Relative Error 0.038791052997112274
Epoch 261 Relative Error 0.03884214162826538
Epoch 262 Relative Error 0.03841979429125786
Epoch 263 Relative Error 0.03834473714232445
Epoch 264 Relative Error 0.0384388267993927
Epoch 265 Relative Error 0.038277458399534225
Epoch 266 Relative Error 0.03828762099146843
Epoch 267 Relative Error 0.038093384355306625
Epoch 268 Relative Error 0.03818635642528534
Epoch 269 Relative Error 0.03794867545366287
Epoch 270 Relative Error 0.038266539573669434
Epoch 271 Relative Error 0.03794301673769951
Epoch 272 Relative Error 0.03778721019625664
Epoch 273 Relative Error 0.037952858954668045
Epoch 274 Relative Error 0.03772814944386482
Epoch 275 Relative Error 0.03788042068481445
Epoch 276 Relative Error 0.03783674165606499
Epoch 277 Relative Error 0.037401601672172546
Epoch 278 Relative Error 0.03762577846646309
Epoch 279 Relative Error 0.037308551371097565
Epoch 280 Relative Error 0.0372539758682251
Epoch 281 Relative Error 0.03720435872673988
Epoch 282 Relative Error 0.037286750972270966
Epoch 283 Relative Error 0.03712840378284454
Epoch 284 Relative Error 0.037130940705537796
Epoch 285 Relative Error 0.036994047462940216
Epoch 286 Relative Error 0.03691387176513672
Epoch 287 Relative Error 0.03681620582938194
Epoch 288 Relative Error 0.03759773075580597
Epoch 289 Relative Error 0.03674565255641937
Epoch 290 Relative Error 0.036765143275260925
Epoch 291 Relative Error 0.03680967912077904
Epoch 292 Relative Error 0.0365183986723423
Epoch 293 Relative Error 0.036516278982162476
Epoch 294 Relative Error 0.036646369844675064
Epoch 295 Relative Error 0.036419373005628586
Epoch 296 Relative Error 0.03631876781582832
Epoch 297 Relative Error 0.03622279688715935
Epoch 298 Relative Error 0.036193396896123886
Epoch 299 Relative Error 0.036213621497154236
Epoch 300 Relative Error 0.03600629046559334
Epoch 301 Relative Error 0.03643987327814102
Epoch 302 Relative Error 0.03596758097410202
Epoch 303 Relative Error 0.036208223551511765
Epoch 304 Relative Error 0.035882771015167236
Epoch 305 Relative Error 0.03615294396877289
Epoch 306 Relative Error 0.035953670740127563
Epoch 307 Relative Error 0.03589962422847748
Epoch 308 Relative Error 0.03594014793634415
Epoch 309 Relative Error 0.03554962947964668
Epoch 310 Relative Error 0.03563645854592323
Epoch 311 Relative Error 0.03551478683948517
Epoch 312 Relative Error 0.03534049540758133
Epoch 313 Relative Error 0.03545328974723816
Epoch 314 Relative Error 0.035696253180503845
Epoch 315 Relative Error 0.03518812730908394
Epoch 316 Relative Error 0.035191863775253296
Epoch 317 Relative Error 0.03516004607081413
Epoch 318 Relative Error 0.03522542864084244
Epoch 319 Relative Error 0.03498677909374237
Epoch 320 Relative Error 0.034976426512002945
Epoch 321 Relative Error 0.03515450656414032
Epoch 322 Relative Error 0.03488839790225029
Epoch 323 Relative Error 0.034745585173368454
Epoch 324 Relative Error 0.035002827644348145
Epoch 325 Relative Error 0.03485633432865143
Epoch 326 Relative Error 0.034628331661224365
Epoch 327 Relative Error 0.03484311327338219
Epoch 328 Relative Error 0.03459256887435913
Epoch 329 Relative Error 0.03449956700205803
Epoch 330 Relative Error 0.03453907370567322
Epoch 331 Relative Error 0.0344143845140934
Epoch 332 Relative Error 0.0343233123421669
Epoch 333 Relative Error 0.03431248292326927
Epoch 334 Relative Error 0.0345095619559288
Epoch 335 Relative Error 0.03419261798262596
Epoch 336 Relative Error 0.034251950681209564
Epoch 337 Relative Error 0.034190982580184937
Epoch 338 Relative Error 0.034000370651483536
Epoch 339 Relative Error 0.03400116786360741
Epoch 340 Relative Error 0.03393692523241043
Epoch 341 Relative Error 0.03406061604619026
Epoch 342 Relative Error 0.03384808450937271
Epoch 343 Relative Error 0.034197889268398285
Epoch 344 Relative Error 0.03378378599882126
Epoch 345 Relative Error 0.03377006575465202
Epoch 346 Relative Error 0.03385966271162033
Epoch 347 Relative Error 0.033689457923173904
Epoch 348 Relative Error 0.03383241593837738
Epoch 349 Relative Error 0.0337822362780571
Epoch 350 Relative Error 0.03359030932188034
Epoch 351 Relative Error 0.033591970801353455
Epoch 352 Relative Error 0.033443618565797806
Epoch 353 Relative Error 0.033625528216362
Epoch 354 Relative Error 0.033269982784986496
Epoch 355 Relative Error 0.033452365547418594
Epoch 356 Relative Error 0.033415865153074265
Epoch 357 Relative Error 0.03317365050315857
Epoch 358 Relative Error 0.03329910337924957
Epoch 359 Relative Error 0.03322870656847954
Epoch 360 Relative Error 0.03313717991113663
Epoch 361 Relative Error 0.0330524705350399
Epoch 362 Relative Error 0.03305627405643463
Epoch 363 Relative Error 0.03288991376757622
Epoch 364 Relative Error 0.0328151136636734
Epoch 365 Relative Error 0.03301725536584854
Epoch 366 Relative Error 0.032766543328762054
Epoch 367 Relative Error 0.03277307748794556
Epoch 368 Relative Error 0.03315460681915283
Epoch 369 Relative Error 0.0327075719833374
Epoch 370 Relative Error 0.03262495622038841
Epoch 371 Relative Error 0.03266149386763573
Epoch 372 Relative Error 0.03264167904853821
Epoch 373 Relative Error 0.033116791397333145
Epoch 374 Relative Error 0.03260582685470581
Epoch 375 Relative Error 0.03255830705165863
Epoch 376 Relative Error 0.032708946615457535
Epoch 377 Relative Error 0.03246520459651947
Epoch 378 Relative Error 0.03265983983874321
Epoch 379 Relative Error 0.03221331164240837
Epoch 380 Relative Error 0.03272717446088791
Epoch 381 Relative Error 0.03244002163410187
Epoch 382 Relative Error 0.032502684742212296
Epoch 383 Relative Error 0.03285820782184601
Epoch 384 Relative Error 0.032412704080343246
Epoch 385 Relative Error 0.03217141702771187
Epoch 386 Relative Error 0.03232898190617561
Epoch 387 Relative Error 0.03226371482014656
Epoch 388 Relative Error 0.03375161811709404
Epoch 389 Relative Error 0.032285843044519424
Epoch 390 Relative Error 0.032074492424726486
Epoch 391 Relative Error 0.031818367540836334
Epoch 392 Relative Error 0.03193014860153198
Epoch 393 Relative Error 0.03219592198729515
Epoch 394 Relative Error 0.031716812402009964
Epoch 395 Relative Error 0.03192395344376564
Epoch 396 Relative Error 0.03165014088153839
Epoch 397 Relative Error 0.03164210915565491
Epoch 398 Relative Error 0.0315474271774292
Epoch 399 Relative Error 0.031508199870586395
Epoch 400 Relative Error 0.03136827051639557
Epoch 401 Relative Error 0.03171970322728157
Epoch 402 Relative Error 0.03131406009197235
Epoch 403 Relative Error 0.031406909227371216
Epoch 404 Relative Error 0.031488172709941864
Epoch 405 Relative Error 0.031280115246772766
Epoch 406 Relative Error 0.031287070363759995
Epoch 407 Relative Error 0.03115461952984333
Epoch 408 Relative Error 0.031153135001659393
Epoch 409 Relative Error 0.03122379258275032
Epoch 410 Relative Error 0.03108285740017891
Epoch 411 Relative Error 0.0312848798930645
Epoch 412 Relative Error 0.030937448143959045
Epoch 413 Relative Error 0.0312909260392189
Epoch 414 Relative Error 0.030924830585718155
Epoch 415 Relative Error 0.0308474600315094
Epoch 416 Relative Error 0.031058741733431816
Epoch 417 Relative Error 0.030863847583532333
Epoch 418 Relative Error 0.03079836070537567
Epoch 419 Relative Error 0.03075948730111122
Epoch 420 Relative Error 0.030957192182540894
Epoch 421 Relative Error 0.030691925436258316
Epoch 422 Relative Error 0.030580444261431694
Epoch 423 Relative Error 0.030673829838633537
Epoch 424 Relative Error 0.030907604843378067
Epoch 425 Relative Error 0.03063756227493286
Epoch 426 Relative Error 0.030545923858880997
Epoch 427 Relative Error 0.030835019424557686
Epoch 428 Relative Error 0.0305916927754879
Epoch 429 Relative Error 0.030657494440674782
Epoch 430 Relative Error 0.030804365873336792
Epoch 431 Relative Error 0.030567413195967674
Epoch 432 Relative Error 0.031220488250255585
Epoch 433 Relative Error 0.030293481424450874
Epoch 434 Relative Error 0.03032822534441948
Epoch 435 Relative Error 0.03022817149758339
Epoch 436 Relative Error 0.03030446730554104
Epoch 437 Relative Error 0.030169306322932243
Epoch 438 Relative Error 0.030066577717661858
Epoch 439 Relative Error 0.030154816806316376
Epoch 440 Relative Error 0.030097536742687225
Epoch 441 Relative Error 0.03002803772687912
Epoch 442 Relative Error 0.030066734179854393
Epoch 443 Relative Error 0.030052974820137024
Epoch 444 Relative Error 0.029981356114149094
Epoch 445 Relative Error 0.030039353296160698
Epoch 446 Relative Error 0.029940800741314888
Epoch 447 Relative Error 0.03034367598593235
Epoch 448 Relative Error 0.030062740668654442
Epoch 449 Relative Error 0.03000865876674652
Epoch 450 Relative Error 0.029897691681981087
Epoch 451 Relative Error 0.0300193689763546
Epoch 452 Relative Error 0.030308978632092476
Epoch 453 Relative Error 0.030191747471690178
Epoch 454 Relative Error 0.030476214364171028
Epoch 455 Relative Error 0.030569300055503845
Epoch 456 Relative Error 0.031232602894306183
Epoch 457 Relative Error 0.02991008386015892
Epoch 458 Relative Error 0.029550405219197273
Epoch 459 Relative Error 0.02972313016653061
Epoch 460 Relative Error 0.029605649411678314
Epoch 461 Relative Error 0.029582003131508827
Epoch 462 Relative Error 0.029881972819566727
Epoch 463 Relative Error 0.0298201534897089
Epoch 464 Relative Error 0.029771713539958
Epoch 465 Relative Error 0.03022480010986328
Epoch 466 Relative Error 0.029730431735515594
Epoch 467 Relative Error 0.029354223981499672
Epoch 468 Relative Error 0.029557395726442337
Epoch 469 Relative Error 0.02927696518599987
Epoch 470 Relative Error 0.02914862148463726
Epoch 471 Relative Error 0.02927245944738388
Epoch 472 Relative Error 0.029101628810167313
Epoch 473 Relative Error 0.029407450929284096
Epoch 474 Relative Error 0.029162568971514702
Epoch 475 Relative Error 0.029539575800299644
Epoch 476 Relative Error 0.029089808464050293
Epoch 477 Relative Error 0.029858969151973724
Epoch 478 Relative Error 0.0293910913169384
Epoch 479 Relative Error 0.029446639120578766
Epoch 480 Relative Error 0.028931867331266403
Epoch 481 Relative Error 0.029125463217496872
Epoch 482 Relative Error 0.028761399909853935
Epoch 483 Relative Error 0.028968986123800278
Epoch 484 Relative Error 0.028826208785176277
Epoch 485 Relative Error 0.028733650222420692
Epoch 486 Relative Error 0.028826218098402023
Epoch 487 Relative Error 0.028642836958169937
Epoch 488 Relative Error 0.02869528718292713
Epoch 489 Relative Error 0.028653675690293312
Epoch 490 Relative Error 0.028567060828208923
Epoch 491 Relative Error 0.028630847111344337
Epoch 492 Relative Error 0.028492547571659088
Epoch 493 Relative Error 0.028532227501273155
Epoch 494 Relative Error 0.02845042385160923
Epoch 495 Relative Error 0.02849404327571392
Epoch 496 Relative Error 0.028530504554510117
Epoch 497 Relative Error 0.02837337553501129
Epoch 498 Relative Error 0.0283743254840374
Epoch 499 Relative Error 0.028370769694447517
Epoch 500 Relative Error 0.02833779715001583
Epoch 501 Relative Error 0.028320370241999626
Epoch 502 Relative Error 0.02829725854098797
Epoch 503 Relative Error 0.028264617547392845
Epoch 504 Relative Error 0.028247715905308723
Epoch 505 Relative Error 0.02837817557156086
Epoch 506 Relative Error 0.028165042400360107
Epoch 507 Relative Error 0.028219280764460564
Epoch 508 Relative Error 0.028103943914175034
Epoch 509 Relative Error 0.02818998508155346
Epoch 510 Relative Error 0.02803162857890129
Epoch 511 Relative Error 0.028103534132242203
Epoch 512 Relative Error 0.02864653430879116
Epoch 513 Relative Error 0.02899184450507164
Epoch 514 Relative Error 0.028717711567878723
Epoch 515 Relative Error 0.028380410745739937
Epoch 516 Relative Error 0.02815108373761177
Epoch 517 Relative Error 0.0279961246997118
Epoch 518 Relative Error 0.027896404266357422
Epoch 519 Relative Error 0.027876563370227814
Epoch 520 Relative Error 0.027818193659186363
Epoch 521 Relative Error 0.02787242829799652
Epoch 522 Relative Error 0.027790915220975876
Epoch 523 Relative Error 0.027747867628932
Epoch 524 Relative Error 0.02776188589632511
Epoch 525 Relative Error 0.02768346294760704
Epoch 526 Relative Error 0.027629375457763672
Epoch 527 Relative Error 0.027736635878682137
Epoch 528 Relative Error 0.027683019638061523
Epoch 529 Relative Error 0.02767927572131157
Epoch 530 Relative Error 0.027710190042853355
Epoch 531 Relative Error 0.02760574407875538
Epoch 532 Relative Error 0.027776502072811127
Epoch 533 Relative Error 0.027522025629878044
Epoch 534 Relative Error 0.027561230584979057
Epoch 535 Relative Error 0.02800132893025875
Epoch 536 Relative Error 0.027675053104758263
Epoch 537 Relative Error 0.02757672220468521
Epoch 538 Relative Error 0.02762938104569912
Epoch 539 Relative Error 0.027487048879265785
Epoch 540 Relative Error 0.027515945956110954
Epoch 541 Relative Error 0.027405012398958206
Epoch 542 Relative Error 0.02731083333492279
Epoch 543 Relative Error 0.027420055121183395
Epoch 544 Relative Error 0.027224402874708176
Epoch 545 Relative Error 0.02726050093770027
Epoch 546 Relative Error 0.027240538969635963
Epoch 547 Relative Error 0.027169127017259598
Epoch 548 Relative Error 0.027126606553792953
Epoch 549 Relative Error 0.027240699157118797
Epoch 550 Relative Error 0.027132615447044373
Epoch 551 Relative Error 0.02721061371266842
Epoch 552 Relative Error 0.027029534801840782
Epoch 553 Relative Error 0.02709456905722618
Epoch 554 Relative Error 0.027044951915740967
Epoch 555 Relative Error 0.027058668434619904
Epoch 556 Relative Error 0.02700055204331875
Epoch 557 Relative Error 0.026974424719810486
Epoch 558 Relative Error 0.027059467509388924
Epoch 559 Relative Error 0.026869555935263634
Epoch 560 Relative Error 0.026950206607580185
Epoch 561 Relative Error 0.026834644377231598
Epoch 562 Relative Error 0.027133896946907043
Epoch 563 Relative Error 0.026829291135072708
Epoch 564 Relative Error 0.02691062167286873
Epoch 565 Relative Error 0.02676563151180744
Epoch 566 Relative Error 0.026906346902251244
Epoch 567 Relative Error 0.026705775409936905
Epoch 568 Relative Error 0.026956113055348396
Epoch 569 Relative Error 0.026901789009571075
Epoch 570 Relative Error 0.02691987156867981
Epoch 571 Relative Error 0.02683144435286522
Epoch 572 Relative Error 0.02672547474503517
Epoch 573 Relative Error 0.026759900152683258
Epoch 574 Relative Error 0.02669571340084076
Epoch 575 Relative Error 0.026806283742189407
Epoch 576 Relative Error 0.026553146541118622
Epoch 577 Relative Error 0.026563389226794243
Epoch 578 Relative Error 0.026592904701828957
Epoch 579 Relative Error 0.026528043672442436
Epoch 580 Relative Error 0.026666205376386642
Epoch 581 Relative Error 0.026423752307891846
Epoch 582 Relative Error 0.02657136134803295
Epoch 583 Relative Error 0.026581313461065292
Epoch 584 Relative Error 0.02639702335000038
Epoch 585 Relative Error 0.026551440358161926
Epoch 586 Relative Error 0.026407793164253235
Epoch 587 Relative Error 0.026482010260224342
Epoch 588 Relative Error 0.02627047337591648
Epoch 589 Relative Error 0.02641080878674984
Epoch 590 Relative Error 0.0267264973372221
Epoch 591 Relative Error 0.026332532986998558
Epoch 592 Relative Error 0.02710937149822712
Epoch 593 Relative Error 0.02623800002038479
Epoch 594 Relative Error 0.026238152757287025
Epoch 595 Relative Error 0.026149263605475426
Epoch 596 Relative Error 0.026184115558862686
Epoch 597 Relative Error 0.02619088999927044
Epoch 598 Relative Error 0.026202943176031113
Epoch 599 Relative Error 0.02608318254351616
Epoch 600 Relative Error 0.026058049872517586
Epoch 601 Relative Error 0.026315903291106224
Epoch 602 Relative Error 0.026139628142118454
Epoch 603 Relative Error 0.026241155341267586
Epoch 604 Relative Error 0.026461629197001457
Epoch 605 Relative Error 0.02610735408961773
Epoch 606 Relative Error 0.026232324540615082
Epoch 607 Relative Error 0.025975912809371948
Epoch 608 Relative Error 0.026139220222830772
Epoch 609 Relative Error 0.0259443037211895
Epoch 610 Relative Error 0.026204656809568405
Epoch 611 Relative Error 0.025820724666118622
Epoch 612 Relative Error 0.025861447677016258
Epoch 613 Relative Error 0.02592986822128296
Epoch 614 Relative Error 0.02588237263262272
Epoch 615 Relative Error 0.02590377815067768
Epoch 616 Relative Error 0.025891810655593872
Epoch 617 Relative Error 0.02581861801445484
Epoch 618 Relative Error 0.025916140526533127
Epoch 619 Relative Error 0.025808732956647873
Epoch 620 Relative Error 0.02577832154929638
Epoch 621 Relative Error 0.025761375203728676
Epoch 622 Relative Error 0.025666380301117897
Epoch 623 Relative Error 0.025669531896710396
Epoch 624 Relative Error 0.02577304095029831
Epoch 625 Relative Error 0.025709455832839012
Epoch 626 Relative Error 0.025889622047543526
Epoch 627 Relative Error 0.025630522519350052
Epoch 628 Relative Error 0.025867871940135956
Epoch 629 Relative Error 0.02609066106379032
Epoch 630 Relative Error 0.025791501626372337
Epoch 631 Relative Error 0.027569076046347618
Epoch 632 Relative Error 0.027322402223944664
Epoch 633 Relative Error 0.02725391648709774
Epoch 634 Relative Error 0.026552656665444374
Epoch 635 Relative Error 0.02590738795697689
Epoch 636 Relative Error 0.02549700066447258
Epoch 637 Relative Error 0.02584940195083618
Epoch 638 Relative Error 0.02540699392557144
Epoch 639 Relative Error 0.025356093421578407
Epoch 640 Relative Error 0.025464016944169998
Epoch 641 Relative Error 0.02558104507625103
Epoch 642 Relative Error 0.025419771671295166
Epoch 643 Relative Error 0.025479866191744804
Epoch 644 Relative Error 0.025600777938961983
Epoch 645 Relative Error 0.02529357746243477
Epoch 646 Relative Error 0.025240546092391014
Epoch 647 Relative Error 0.0252489373087883
Epoch 648 Relative Error 0.02526729740202427
Epoch 649 Relative Error 0.025236355140805244
Epoch 650 Relative Error 0.025229020044207573
Epoch 651 Relative Error 0.025267791002988815
Epoch 652 Relative Error 0.025177733972668648
Epoch 653 Relative Error 0.02524847723543644
Epoch 654 Relative Error 0.02512187324464321
Epoch 655 Relative Error 0.025151561945676804
Epoch 656 Relative Error 0.025051238015294075
Epoch 657 Relative Error 0.025265125557780266
Epoch 658 Relative Error 0.025162819772958755
Epoch 659 Relative Error 0.025065824389457703
Epoch 660 Relative Error 0.025064699351787567
Epoch 661 Relative Error 0.025089479982852936
Epoch 662 Relative Error 0.024996517226099968
Epoch 663 Relative Error 0.025154244154691696
Epoch 664 Relative Error 0.02492031827569008
Epoch 665 Relative Error 0.024959346279501915
Epoch 666 Relative Error 0.024890422821044922
Epoch 667 Relative Error 0.025030793622136116
Epoch 668 Relative Error 0.024877257645130157
Epoch 669 Relative Error 0.025029925629496574
Epoch 670 Relative Error 0.02480369806289673
Epoch 671 Relative Error 0.025038471445441246
Epoch 672 Relative Error 0.024895889684557915
Epoch 673 Relative Error 0.024769332259893417
Epoch 674 Relative Error 0.02480575256049633
Epoch 675 Relative Error 0.024853575974702835
Epoch 676 Relative Error 0.025536132976412773
Epoch 677 Relative Error 0.02491373009979725
Epoch 678 Relative Error 0.02496722899377346
Epoch 679 Relative Error 0.024802036583423615
Epoch 680 Relative Error 0.024674903601408005
Epoch 681 Relative Error 0.024673422798514366
Epoch 682 Relative Error 0.024729909375309944
Epoch 683 Relative Error 0.024882927536964417
Epoch 684 Relative Error 0.02492244355380535
Epoch 685 Relative Error 0.025137215852737427
Epoch 686 Relative Error 0.025206495076417923
Epoch 687 Relative Error 0.026127789169549942
Epoch 688 Relative Error 0.025400659069418907
Epoch 689 Relative Error 0.02611246518790722
Epoch 690 Relative Error 0.025002451613545418
Epoch 691 Relative Error 0.025316739454865456
Epoch 692 Relative Error 0.024640267714858055
Epoch 693 Relative Error 0.024667343124747276
Epoch 694 Relative Error 0.024591727182269096
Epoch 695 Relative Error 0.024492613971233368
Epoch 696 Relative Error 0.024551354348659515
Epoch 697 Relative Error 0.025106197223067284
Epoch 698 Relative Error 0.024629537016153336
Epoch 699 Relative Error 0.024522271007299423
Epoch 700 Relative Error 0.024392008781433105
Epoch 701 Relative Error 0.024634383618831635
Epoch 702 Relative Error 0.02457319386303425
Epoch 703 Relative Error 0.024380149319767952
Epoch 704 Relative Error 0.024368450045585632
Epoch 705 Relative Error 0.024467023089528084
Epoch 706 Relative Error 0.02435389533638954
Epoch 707 Relative Error 0.024429667741060257
Epoch 708 Relative Error 0.02424531616270542
Epoch 709 Relative Error 0.024228880181908607
Epoch 710 Relative Error 0.02425352856516838
Epoch 711 Relative Error 0.024211818352341652
Epoch 712 Relative Error 0.024332795292139053
Epoch 713 Relative Error 0.024178199470043182
Epoch 714 Relative Error 0.02456873096525669
Epoch 715 Relative Error 0.024289900436997414
Epoch 716 Relative Error 0.024476874619722366
Epoch 717 Relative Error 0.024274544790387154
Epoch 718 Relative Error 0.024438401684165
Epoch 719 Relative Error 0.02411380223929882
Epoch 720 Relative Error 0.024295737966895103
Epoch 721 Relative Error 0.024084733799099922
Epoch 722 Relative Error 0.02425270713865757
Epoch 723 Relative Error 0.024367069825530052
Epoch 724 Relative Error 0.024324636906385422
Epoch 725 Relative Error 0.024321505799889565
Epoch 726 Relative Error 0.024044040590524673
Epoch 727 Relative Error 0.023994117975234985
Epoch 728 Relative Error 0.024150582030415535
Epoch 729 Relative Error 0.0240293238312006
Epoch 730 Relative Error 0.023947834968566895
Epoch 731 Relative Error 0.02390131540596485
Epoch 732 Relative Error 0.023983698338270187
Epoch 733 Relative Error 0.023976663127541542
Epoch 734 Relative Error 0.023936107754707336
Epoch 735 Relative Error 0.023866970092058182
Epoch 736 Relative Error 0.023867672309279442
Epoch 737 Relative Error 0.023979878053069115
Epoch 738 Relative Error 0.023874161764979362
Epoch 739 Relative Error 0.02384168654680252
Epoch 740 Relative Error 0.023852353915572166
Epoch 741 Relative Error 0.024362927302718163
Epoch 742 Relative Error 0.023804333060979843
Epoch 743 Relative Error 0.024021772667765617
Epoch 744 Relative Error 0.023821024224162102
Epoch 745 Relative Error 0.02389490231871605
Epoch 746 Relative Error 0.02377643622457981
Epoch 747 Relative Error 0.02399718016386032
Epoch 748 Relative Error 0.023774664849042892
Epoch 749 Relative Error 0.023669123649597168
Epoch 750 Relative Error 0.02369568683207035
Epoch 751 Relative Error 0.023663626983761787
Epoch 752 Relative Error 0.023628994822502136
Epoch 753 Relative Error 0.024611420929431915
Epoch 754 Relative Error 0.02388748526573181
Epoch 755 Relative Error 0.024482624605298042
Epoch 756 Relative Error 0.02404414862394333
Epoch 757 Relative Error 0.023703452199697495
Epoch 758 Relative Error 0.023890309035778046
Epoch 759 Relative Error 0.023622557520866394
Epoch 760 Relative Error 0.02426389791071415
Epoch 761 Relative Error 0.024689409881830215
Epoch 762 Relative Error 0.025732558220624924
Epoch 763 Relative Error 0.025702770799398422
Epoch 764 Relative Error 0.025665802881121635
Epoch 765 Relative Error 0.024873727932572365
Epoch 766 Relative Error 0.025033628568053246
Epoch 767 Relative Error 0.02370833046734333
Epoch 768 Relative Error 0.023510511964559555
Epoch 769 Relative Error 0.02360808663070202
Epoch 770 Relative Error 0.02348225936293602
Epoch 771 Relative Error 0.02363106794655323
Epoch 772 Relative Error 0.023429024964571
Epoch 773 Relative Error 0.0237866323441267
Epoch 774 Relative Error 0.0234303567558527
Epoch 775 Relative Error 0.023707233369350433
Epoch 776 Relative Error 0.02373312972486019
Epoch 777 Relative Error 0.023605942726135254
Epoch 778 Relative Error 0.023341024294495583
Epoch 779 Relative Error 0.023390866816043854
Epoch 780 Relative Error 0.023338837549090385
Epoch 781 Relative Error 0.02346089482307434
Epoch 782 Relative Error 0.02353479340672493
Epoch 783 Relative Error 0.023722462356090546
Epoch 784 Relative Error 0.02321820892393589
Epoch 785 Relative Error 0.023287130519747734
Epoch 786 Relative Error 0.023162951692938805
Epoch 787 Relative Error 0.023280953988432884
Epoch 788 Relative Error 0.02315562218427658
Epoch 789 Relative Error 0.023209987208247185
Epoch 790 Relative Error 0.023139098659157753
Epoch 791 Relative Error 0.023192815482616425
Epoch 792 Relative Error 0.023173343390226364
Epoch 793 Relative Error 0.02315494790673256
Epoch 794 Relative Error 0.02314358577132225
Epoch 795 Relative Error 0.023232655599713326
Epoch 796 Relative Error 0.023180771619081497
Epoch 797 Relative Error 0.02309258095920086
Epoch 798 Relative Error 0.02306954748928547
Epoch 799 Relative Error 0.02303164266049862
Epoch 800 Relative Error 0.023026371374726295
Epoch 801 Relative Error 0.023106649518013
Epoch 802 Relative Error 0.023018160834908485
Epoch 803 Relative Error 0.023281512781977654
Epoch 804 Relative Error 0.02304968796670437
Epoch 805 Relative Error 0.02318880893290043
Epoch 806 Relative Error 0.022964905947446823
Epoch 807 Relative Error 0.02330019511282444
Epoch 808 Relative Error 0.022912954911589622
Epoch 809 Relative Error 0.023443488404154778
Epoch 810 Relative Error 0.023020409047603607
Epoch 811 Relative Error 0.02311868779361248
Epoch 812 Relative Error 0.02286485955119133
Epoch 813 Relative Error 0.022966576740145683
Epoch 814 Relative Error 0.022828390821814537
Epoch 815 Relative Error 0.02309194579720497
Epoch 816 Relative Error 0.02282475307583809
Epoch 817 Relative Error 0.02281785197556019
Epoch 818 Relative Error 0.022851305082440376
Epoch 819 Relative Error 0.02282709628343582
Epoch 820 Relative Error 0.0231658723205328
Epoch 821 Relative Error 0.022774849086999893
Epoch 822 Relative Error 0.02275962010025978
Epoch 823 Relative Error 0.022737544029951096
Epoch 824 Relative Error 0.0228777714073658
Epoch 825 Relative Error 0.022931857034564018
Epoch 826 Relative Error 0.02288176119327545
Epoch 827 Relative Error 0.022749904543161392
Epoch 828 Relative Error 0.02274998277425766
Epoch 829 Relative Error 0.022715747356414795
Epoch 830 Relative Error 0.022761141881346703
Epoch 831 Relative Error 0.022669123485684395
Epoch 832 Relative Error 0.02271314710378647
Epoch 833 Relative Error 0.022712290287017822
Epoch 834 Relative Error 0.02266829088330269
Epoch 835 Relative Error 0.0226543378084898
Epoch 836 Relative Error 0.022572219371795654
Epoch 837 Relative Error 0.022630473598837852
Epoch 838 Relative Error 0.02257685549557209
Epoch 839 Relative Error 0.022612396627664566
Epoch 840 Relative Error 0.02256741188466549
Epoch 841 Relative Error 0.022564608603715897
Epoch 842 Relative Error 0.02296568639576435
Epoch 843 Relative Error 0.02279157191514969
Epoch 844 Relative Error 0.023003436625003815
Epoch 845 Relative Error 0.022614935413002968
Epoch 846 Relative Error 0.022550567984580994
Epoch 847 Relative Error 0.02257360890507698
Epoch 848 Relative Error 0.022580521181225777
Epoch 849 Relative Error 0.022506065666675568
Epoch 850 Relative Error 0.02262731082737446
Epoch 851 Relative Error 0.022554362192749977
Epoch 852 Relative Error 0.02249453216791153
Epoch 853 Relative Error 0.022426707670092583
Epoch 854 Relative Error 0.022389784455299377
Epoch 855 Relative Error 0.0223845262080431
Epoch 856 Relative Error 0.022527962923049927
Epoch 857 Relative Error 0.0224608201533556
Epoch 858 Relative Error 0.022716591134667397
Epoch 859 Relative Error 0.022313924506306648
Epoch 860 Relative Error 0.02240716479718685
Epoch 861 Relative Error 0.022547641769051552
Epoch 862 Relative Error 0.022426249459385872
Epoch 863 Relative Error 0.022587457671761513
Epoch 864 Relative Error 0.02273472212255001
Epoch 865 Relative Error 0.02265346609055996
Epoch 866 Relative Error 0.022520067170262337
Epoch 867 Relative Error 0.022422723472118378
Epoch 868 Relative Error 0.02237490750849247
Epoch 869 Relative Error 0.02262168936431408
Epoch 870 Relative Error 0.023099085316061974
Epoch 871 Relative Error 0.02329089120030403
Epoch 872 Relative Error 0.02259296551346779
Epoch 873 Relative Error 0.022633057087659836
Epoch 874 Relative Error 0.0222469512373209
Epoch 875 Relative Error 0.02221474051475525
Epoch 876 Relative Error 0.022375112399458885
Epoch 877 Relative Error 0.022175660356879234
Epoch 878 Relative Error 0.02220756560564041
Epoch 879 Relative Error 0.022170132026076317
Epoch 880 Relative Error 0.022208651527762413
Epoch 881 Relative Error 0.02216065116226673
Epoch 882 Relative Error 0.022133462131023407
Epoch 883 Relative Error 0.022105509415268898
Epoch 884 Relative Error 0.022123262286186218
Epoch 885 Relative Error 0.02214280143380165
Epoch 886 Relative Error 0.022083507850766182
Epoch 887 Relative Error 0.022167347371578217
Epoch 888 Relative Error 0.022024959325790405
Epoch 889 Relative Error 0.022177090868353844
Epoch 890 Relative Error 0.02201559580862522
Epoch 891 Relative Error 0.022140733897686005
Epoch 892 Relative Error 0.021955059841275215
Epoch 893 Relative Error 0.02203739807009697
Epoch 894 Relative Error 0.02194398269057274
Epoch 895 Relative Error 0.021953292191028595
Epoch 896 Relative Error 0.02196994237601757
Epoch 897 Relative Error 0.022068027406930923
Epoch 898 Relative Error 0.021962067112326622
Epoch 899 Relative Error 0.021988729014992714
Epoch 900 Relative Error 0.021977584809064865
Epoch 901 Relative Error 0.021899720653891563
Epoch 902 Relative Error 0.022083185613155365
Epoch 903 Relative Error 0.02187853679060936
Epoch 904 Relative Error 0.021898310631513596
Epoch 905 Relative Error 0.02189132757484913
Epoch 906 Relative Error 0.021834351122379303
Epoch 907 Relative Error 0.021918362006545067
Epoch 908 Relative Error 0.021816786378622055
Epoch 909 Relative Error 0.02182169444859028
Epoch 910 Relative Error 0.021903935819864273
Epoch 911 Relative Error 0.022007174789905548
Epoch 912 Relative Error 0.021928787231445312
Epoch 913 Relative Error 0.02183455042541027
Epoch 914 Relative Error 0.021904682740569115
Epoch 915 Relative Error 0.021762389689683914
Epoch 916 Relative Error 0.02176034078001976
Epoch 917 Relative Error 0.021783212199807167
Epoch 918 Relative Error 0.021940074861049652
Epoch 919 Relative Error 0.021837597712874413
Epoch 920 Relative Error 0.02198532409965992
Epoch 921 Relative Error 0.02166672796010971
Epoch 922 Relative Error 0.02178485132753849
Epoch 923 Relative Error 0.021908098831772804
Epoch 924 Relative Error 0.021666336804628372
Epoch 925 Relative Error 0.021718477830290794
Epoch 926 Relative Error 0.021762721240520477
Epoch 927 Relative Error 0.021736370399594307
Epoch 928 Relative Error 0.021671945229172707
Epoch 929 Relative Error 0.02181217633187771
Epoch 930 Relative Error 0.021768566220998764
Epoch 931 Relative Error 0.021609393879771233
Epoch 932 Relative Error 0.021683383733034134
Epoch 933 Relative Error 0.021599842235445976
Epoch 934 Relative Error 0.021654633805155754
Epoch 935 Relative Error 0.021646225824952126
Epoch 936 Relative Error 0.02153833396732807
Epoch 937 Relative Error 0.0216059647500515
Epoch 938 Relative Error 0.02151939831674099
Epoch 939 Relative Error 0.021497581154108047
Epoch 940 Relative Error 0.021759118884801865
Epoch 941 Relative Error 0.021543238312005997
Epoch 942 Relative Error 0.021571673452854156
Epoch 943 Relative Error 0.02146156318485737
Epoch 944 Relative Error 0.021498288959264755
Epoch 945 Relative Error 0.021461771801114082
Epoch 946 Relative Error 0.02156645432114601
Epoch 947 Relative Error 0.021490948274731636
Epoch 948 Relative Error 0.021480567753314972
Epoch 949 Relative Error 0.021749094128608704
Epoch 950 Relative Error 0.02141294814646244
Epoch 951 Relative Error 0.021422022953629494
Epoch 952 Relative Error 0.021470556035637856
Epoch 953 Relative Error 0.02145281806588173
Epoch 954 Relative Error 0.0214227344840765
Epoch 955 Relative Error 0.02153814770281315
Epoch 956 Relative Error 0.021683387458324432
Epoch 957 Relative Error 0.021412933245301247
Epoch 958 Relative Error 0.021503673866391182
Epoch 959 Relative Error 0.021573293954133987
Epoch 960 Relative Error 0.02133689634501934
Epoch 961 Relative Error 0.021579746156930923
Epoch 962 Relative Error 0.02137487567961216
Epoch 963 Relative Error 0.02212507091462612
Epoch 964 Relative Error 0.021645959466695786
Epoch 965 Relative Error 0.022391844540834427
Epoch 966 Relative Error 0.021474814042448997
Epoch 967 Relative Error 0.021577654406428337
Epoch 968 Relative Error 0.021386224776506424
Epoch 969 Relative Error 0.021567681804299355
Epoch 970 Relative Error 0.021260200068354607
Epoch 971 Relative Error 0.02125750482082367
Epoch 972 Relative Error 0.021260417997837067
Epoch 973 Relative Error 0.02117587998509407
Epoch 974 Relative Error 0.02122378535568714
Epoch 975 Relative Error 0.021196600049734116
Epoch 976 Relative Error 0.021164679899811745
Epoch 977 Relative Error 0.02127249166369438
Epoch 978 Relative Error 0.021329542621970177
Epoch 979 Relative Error 0.021365365013480186
Epoch 980 Relative Error 0.021185239776968956
Epoch 981 Relative Error 0.021389130502939224
Epoch 982 Relative Error 0.02115531638264656
Epoch 983 Relative Error 0.02118615061044693
Epoch 984 Relative Error 0.02130679413676262
Epoch 985 Relative Error 0.021118808537721634
Epoch 986 Relative Error 0.02125048264861107
Epoch 987 Relative Error 0.021150289103388786
Epoch 988 Relative Error 0.021214377135038376
Epoch 989 Relative Error 0.021089887246489525
Epoch 990 Relative Error 0.02108793891966343
Epoch 991 Relative Error 0.02115272730588913
Epoch 992 Relative Error 0.02100687474012375
Epoch 993 Relative Error 0.021032100543379784
Epoch 994 Relative Error 0.02099122665822506
Epoch 995 Relative Error 0.021115189418196678
Epoch 996 Relative Error 0.0209633931517601
Epoch 997 Relative Error 0.021152282133698463
Epoch 998 Relative Error 0.021060604602098465
Epoch 999 Relative Error 0.02129504270851612
Epoch 1000 Relative Error 0.021003568544983864
RE (0, 4, 19, 0): 0.0209633931517601
Green's Function RE (0, 4, 19, 0): 0.026666918769478798
Bias Term RE (0, 4, 19, 0): 0.007106650620698929
Combination (0, 4, 19, 0, 0): 0.019826749339699745
Combination (0, 4, 19, 0, 1): 0.019302858039736748
Combination (0, 4, 19, 0, 2): 0.01915183663368225
Combination (0, 4, 19, 0, 3): 0.01910335384309292
Combination (0, 4, 19, 0, 4): 0.019079076126217842

/home/gridsan/gstepaniants/.local/lib/python3.8/site-packages/torch/functional.py:478: UserWarning: torch.meshgrid: in an upcoming release, it will be required to pass the indexing argument. (Triggered internally at  ../aten/src/ATen/native/TensorShape.cpp:2895.)
  return _VF.meshgrid(tensors, **kwargs)  # type: ignore[attr-defined]
