[KeOps] Warning : Cuda libraries were not detected on the system ; using cpu only mode
1
Kernel: Exponential
Weight Mesh: 90
RKHS Kernel Width: 0.005
Lambda: 1e-06
Green's Function Learning Rate: 100
Bias Term Learning Rate: 100
Epoch 1 Relative Error 804.7957153320312
First epoch had re = 804.7957153320312 > 1
Green's Function Learning Rate: 50
Bias Term Learning Rate: 50
Epoch 1 Relative Error 651.4130249023438
First epoch had re = 651.4130249023438 > 1
Green's Function Learning Rate: 10
Bias Term Learning Rate: 10
Epoch 1 Relative Error 118.18486022949219
First epoch had re = 118.18486022949219 > 1
Green's Function Learning Rate: 5
Bias Term Learning Rate: 5
Epoch 1 Relative Error 47.29329299926758
First epoch had re = 47.29329299926758 > 1
Green's Function Learning Rate: 1
Bias Term Learning Rate: 1
Epoch 1 Relative Error 8.132805824279785
First epoch had re = 8.132805824279785 > 1
Green's Function Learning Rate: 0.5
Bias Term Learning Rate: 0.5
Epoch 1 Relative Error 5.053811073303223
First epoch had re = 5.053811073303223 > 1
Green's Function Learning Rate: 0.1
Bias Term Learning Rate: 0.1
Epoch 1 Relative Error 0.8719531893730164
Epoch 2 Relative Error 0.7300527691841125
Epoch 3 Relative Error 0.5773866176605225
Epoch 4 Relative Error 0.4787370562553406
Epoch 5 Relative Error 0.4334714114665985
Epoch 6 Relative Error 0.331929475069046
Epoch 7 Relative Error 0.2717074155807495
Epoch 8 Relative Error 0.22393381595611572
Epoch 9 Relative Error 0.1804506480693817
Epoch 10 Relative Error 0.13502897322177887
Epoch 11 Relative Error 0.1172252893447876
Epoch 12 Relative Error 0.09918331354856491
Epoch 13 Relative Error 0.07885152846574783
Epoch 14 Relative Error 0.05720081552863121
Epoch 15 Relative Error 0.043594107031822205
Epoch 16 Relative Error 0.03616311401128769
Epoch 17 Relative Error 0.03674209490418434
Epoch 18 Relative Error 0.028691167011857033
Epoch 19 Relative Error 0.023349331691861153
Epoch 20 Relative Error 0.01792832463979721
Epoch 21 Relative Error 0.015390903688967228
Epoch 22 Relative Error 0.013119865208864212
Epoch 23 Relative Error 0.010089583694934845
Epoch 24 Relative Error 0.008340061642229557
Epoch 25 Relative Error 0.007365957833826542
Epoch 26 Relative Error 0.0068822517059743404
Epoch 27 Relative Error 0.005184296518564224
Epoch 28 Relative Error 0.00393959553912282
Epoch 29 Relative Error 0.003689342178404331
Epoch 30 Relative Error 0.002978102769702673
Epoch 31 Relative Error 0.0028079396579414606
Epoch 32 Relative Error 0.0024148088414222
Epoch 33 Relative Error 0.0020632371306419373
Epoch 34 Relative Error 0.0019764541648328304
Epoch 35 Relative Error 0.0018123701447620988
Epoch 36 Relative Error 0.0017631107475608587
Epoch 37 Relative Error 0.0015273104654625058
Epoch 38 Relative Error 0.0015367957530543208
Epoch 39 Relative Error 0.0014737150631844997
Epoch 40 Relative Error 0.0013952424051240087
Epoch 41 Relative Error 0.0013522254303097725
Epoch 42 Relative Error 0.0012414391385391355
Epoch 43 Relative Error 0.0012838870752602816
Epoch 44 Relative Error 0.0012962580658495426
Epoch 45 Relative Error 0.0011901729740202427
Epoch 46 Relative Error 0.0011060633696615696
Epoch 47 Relative Error 0.00110716896597296
Epoch 48 Relative Error 0.001014104695059359
Epoch 49 Relative Error 0.0010132535826414824
Epoch 50 Relative Error 0.0010046029929071665
Epoch 51 Relative Error 0.000945129431784153
Epoch 52 Relative Error 0.0009550733375363052
Epoch 53 Relative Error 0.0009225468384101987
Epoch 54 Relative Error 0.0008706793305464089
Epoch 55 Relative Error 0.000852338271215558
Epoch 56 Relative Error 0.0008405667031183839
Epoch 57 Relative Error 0.0009996133157983422
Epoch 58 Relative Error 0.0008145570172928274
Epoch 59 Relative Error 0.0009125765063799918
Epoch 60 Relative Error 0.0008009043522179127
Epoch 61 Relative Error 0.00079366285353899
Epoch 62 Relative Error 0.0007440831977874041
Epoch 63 Relative Error 0.0007106558186933398
Epoch 64 Relative Error 0.000776117667555809
Epoch 65 Relative Error 0.0007061146898195148
Epoch 66 Relative Error 0.0007883049547672272
Epoch 67 Relative Error 0.0006929641822353005
Epoch 68 Relative Error 0.000832756981253624
Epoch 69 Relative Error 0.0007144703413359821
Epoch 70 Relative Error 0.000722193974070251
Epoch 71 Relative Error 0.0007673463551327586
Epoch 72 Relative Error 0.0007141617243178189
Epoch 73 Relative Error 0.0006497054127976298
Epoch 74 Relative Error 0.0006623083027079701
Epoch 75 Relative Error 0.0007055206806398928
Epoch 76 Relative Error 0.0006322150584310293
Epoch 77 Relative Error 0.0006361785344779491
Epoch 78 Relative Error 0.0006834710366092622
Epoch 79 Relative Error 0.0006042871973477304
Epoch 80 Relative Error 0.0006244665710255504
Epoch 81 Relative Error 0.0005866186693310738
Epoch 82 Relative Error 0.0007862678030505776
Epoch 83 Relative Error 0.0006682630628347397
Epoch 84 Relative Error 0.000644070387352258
Epoch 85 Relative Error 0.0006298437947407365
Epoch 86 Relative Error 0.0006472131353802979
Epoch 87 Relative Error 0.0007153241895139217
Epoch 88 Relative Error 0.0006227601552382112
Epoch 89 Relative Error 0.0006156954914331436
Epoch 90 Relative Error 0.0006524302298203111
Epoch 91 Relative Error 0.0006153705762699246
Epoch 92 Relative Error 0.0007302104495465755
Epoch 93 Relative Error 0.0006859949207864702
Epoch 94 Relative Error 0.0006862165173515677
Epoch 95 Relative Error 0.0006028129137121141
Epoch 96 Relative Error 0.0005769068375229836
Epoch 97 Relative Error 0.0005805323016829789
Epoch 98 Relative Error 0.0006028529023751616
Epoch 99 Relative Error 0.0005490198964253068
Epoch 100 Relative Error 0.0005318140028975904
Epoch 101 Relative Error 0.0006268449360504746
Epoch 102 Relative Error 0.000614203279837966
Epoch 103 Relative Error 0.0005381423979997635
Epoch 104 Relative Error 0.0006108747911639512
Epoch 105 Relative Error 0.0005301646306179464
Epoch 106 Relative Error 0.0004987732390873134
Epoch 107 Relative Error 0.000592984666582197
Epoch 108 Relative Error 0.0006480281590484083
Epoch 109 Relative Error 0.000759506830945611
Epoch 110 Relative Error 0.0005691349506378174
Epoch 111 Relative Error 0.0005898365052416921
Epoch 112 Relative Error 0.0005708324024453759
Epoch 113 Relative Error 0.0006286721909418702
Epoch 114 Relative Error 0.0005848034052178264
Epoch 115 Relative Error 0.000619524042122066
Epoch 116 Relative Error 0.0005031570908613503
Epoch 117 Relative Error 0.0007029573898762465
Epoch 118 Relative Error 0.0006445531034842134
Epoch 119 Relative Error 0.0005839921650476754
Epoch 120 Relative Error 0.0005909116589464247
Epoch 121 Relative Error 0.0005803105887025595
Epoch 122 Relative Error 0.0005006924620829523
Epoch 123 Relative Error 0.0005167718045413494
Epoch 124 Relative Error 0.0005182187305763364
Epoch 125 Relative Error 0.0005393202300183475
Epoch 126 Relative Error 0.0005294610164128244
Epoch 127 Relative Error 0.0005166969494894147
Epoch 128 Relative Error 0.0005418216460384429
Epoch 129 Relative Error 0.0005851194146089256
Epoch 130 Relative Error 0.0004266742034815252
Epoch 131 Relative Error 0.0005992100923322141
Epoch 132 Relative Error 0.0005511775962077081
Epoch 133 Relative Error 0.000522870512213558
Epoch 134 Relative Error 0.0005045889411121607
Epoch 135 Relative Error 0.0004448595573194325
Epoch 136 Relative Error 0.0006338206003420055
Epoch 137 Relative Error 0.0006949411472305655
Epoch 138 Relative Error 0.0006372619536705315
Epoch 139 Relative Error 0.00043691479368135333
Epoch 140 Relative Error 0.0004957477212883532
Epoch 141 Relative Error 0.0005325326346792281
Epoch 142 Relative Error 0.0005319477641023695
Epoch 143 Relative Error 0.00045854636118747294
Epoch 144 Relative Error 0.0005191562813706696
Epoch 145 Relative Error 0.0005876523209735751
Epoch 146 Relative Error 0.00048398468061350286
Epoch 147 Relative Error 0.0005344132077880204
Epoch 148 Relative Error 0.0005972974468022585
Epoch 149 Relative Error 0.0005708569078706205
Epoch 150 Relative Error 0.000667062122374773
Epoch 151 Relative Error 0.000595037650782615
Epoch 152 Relative Error 0.0005547126638703048
Epoch 153 Relative Error 0.0005426317802630365
Epoch 154 Relative Error 0.0004983156686648726
Epoch 155 Relative Error 0.0005047789891250432
Epoch 156 Relative Error 0.0005268534296192229
Epoch 157 Relative Error 0.0005382894887588918
Epoch 158 Relative Error 0.00047031970461830497
Epoch 159 Relative Error 0.0005458658561110497
Epoch 160 Relative Error 0.0005143494927324355
Epoch 161 Relative Error 0.000517824839334935
Epoch 162 Relative Error 0.0005292715504765511
Epoch 163 Relative Error 0.0006218753405846655
Epoch 164 Relative Error 0.000560495478566736
Epoch 165 Relative Error 0.0005562313017435372
Epoch 166 Relative Error 0.0005818049539811909
Epoch 167 Relative Error 0.0005624322802759707
Epoch 168 Relative Error 0.0005232446710579097
Epoch 169 Relative Error 0.0005666558863595128
Epoch 170 Relative Error 0.0004978079814463854
Epoch 171 Relative Error 0.0005655363202095032
Epoch 172 Relative Error 0.0005414775223471224
Epoch 173 Relative Error 0.0005149959470145404
Epoch 174 Relative Error 0.00047674530651420355
Epoch 175 Relative Error 0.0005257666343823075
Epoch 176 Relative Error 0.0005395921180024743
Epoch 177 Relative Error 0.0005248984671197832
Epoch 178 Relative Error 0.0005091369966976345
Epoch 179 Relative Error 0.0006247239653021097
Epoch 180 Relative Error 0.0005422465037554502
Epoch 181 Relative Error 0.0005614328547380865
Epoch 182 Relative Error 0.0006149151595309377
Epoch 183 Relative Error 0.000504278636071831
Epoch 184 Relative Error 0.0006000360590405762
Epoch 185 Relative Error 0.0005916174850426614
Epoch 186 Relative Error 0.00048244846402667463
Epoch 187 Relative Error 0.0007517425692640245
Epoch 188 Relative Error 0.0005165059119462967
Epoch 189 Relative Error 0.0005064316210336983
Epoch 190 Relative Error 0.0005312695284374058
Epoch 191 Relative Error 0.0005628622602671385
Epoch 192 Relative Error 0.0005621157470159233
Epoch 193 Relative Error 0.0006577434251084924
Epoch 194 Relative Error 0.0006226404220797122
Epoch 195 Relative Error 0.0006474792608059943
Epoch 196 Relative Error 0.0005730359698645771
Epoch 197 Relative Error 0.0005790849681943655
Epoch 198 Relative Error 0.00045519776176661253
Epoch 199 Relative Error 0.0005718844477087259
Epoch 200 Relative Error 0.0006034222315065563
Epoch 201 Relative Error 0.0005481864791363478
Epoch 202 Relative Error 0.0007779281004332006
Epoch 203 Relative Error 0.0005871314206160605
Epoch 204 Relative Error 0.000659364799503237
Epoch 205 Relative Error 0.0006525939679704607
Epoch 206 Relative Error 0.0007434976287186146
Epoch 207 Relative Error 0.0006850497447885573
Epoch 208 Relative Error 0.0007857820601202548
Epoch 209 Relative Error 0.0005531288916245103
Epoch 210 Relative Error 0.0006253540050238371
Epoch 211 Relative Error 0.0005988621269352734
Epoch 212 Relative Error 0.0006135933799669147
Epoch 213 Relative Error 0.00048336200416088104
Epoch 214 Relative Error 0.0005259186727926135
Epoch 215 Relative Error 0.00047855047159828246
Epoch 216 Relative Error 0.0006643496453762054
Epoch 217 Relative Error 0.0005819838843308389
Epoch 218 Relative Error 0.000587051676120609
Epoch 219 Relative Error 0.0006395747186616063
Epoch 220 Relative Error 0.0007085315883159637
Epoch 221 Relative Error 0.0006167365936562419
Epoch 222 Relative Error 0.0005515062948688865
Epoch 223 Relative Error 0.000545375922229141
Epoch 224 Relative Error 0.00045199680607765913
Epoch 225 Relative Error 0.0006082666805014014
Epoch 226 Relative Error 0.0004673197108786553
Epoch 227 Relative Error 0.0004918999038636684
Epoch 228 Relative Error 0.0005481601692736149
Epoch 229 Relative Error 0.0005618644063360989
Epoch 230 Relative Error 0.0004286629264242947
Epoch 231 Relative Error 0.00047605406143702567
Epoch 232 Relative Error 0.0006044835899956524
Epoch 233 Relative Error 0.0005466111470013857
Epoch 234 Relative Error 0.0006626070244237781
Epoch 235 Relative Error 0.0005022221594117582
Epoch 236 Relative Error 0.0006456916453316808
Epoch 237 Relative Error 0.000536643376108259
Epoch 238 Relative Error 0.00043504306813701987
Epoch 239 Relative Error 0.0005905497819185257
Epoch 240 Relative Error 0.0004599564417731017
Epoch 241 Relative Error 0.00044438859913498163
Epoch 242 Relative Error 0.0006962550105527043
Epoch 243 Relative Error 0.0005115304957143962
Epoch 244 Relative Error 0.0005397450877353549
Epoch 245 Relative Error 0.0007203905843198299
Epoch 246 Relative Error 0.0005920717376284301
Epoch 247 Relative Error 0.0005835175979882479
Epoch 248 Relative Error 0.0005488296155817807
Epoch 249 Relative Error 0.0005477320519275963
Epoch 250 Relative Error 0.0006063911714591086
Epoch 251 Relative Error 0.0005714872968383133
Epoch 252 Relative Error 0.00065522181103006
Epoch 253 Relative Error 0.0006088646478019655
Epoch 254 Relative Error 0.00045824103290215135
Epoch 255 Relative Error 0.0004995722556486726
Epoch 256 Relative Error 0.0005579052958637476
Epoch 257 Relative Error 0.0006568033713847399
Epoch 258 Relative Error 0.0006345530273392797
Epoch 259 Relative Error 0.0004758352297358215
Epoch 260 Relative Error 0.000559845706447959
Epoch 261 Relative Error 0.0006048373179510236
Epoch 262 Relative Error 0.0005353442393243313
Epoch 263 Relative Error 0.0004932404845021665
Epoch 264 Relative Error 0.0005886899889446795
Epoch 265 Relative Error 0.0005886396975256503
Epoch 266 Relative Error 0.0006066079367883503
Epoch 267 Relative Error 0.0007707744953222573
Epoch 268 Relative Error 0.0006585876690223813
Epoch 269 Relative Error 0.0008960427949205041
Epoch 270 Relative Error 0.0007675565429963171
Epoch 271 Relative Error 0.0008366286056116223
Epoch 272 Relative Error 0.0007494647870771587
Epoch 273 Relative Error 0.0007115172338671982
Epoch 274 Relative Error 0.000729854335077107
Epoch 275 Relative Error 0.000642512459307909
Epoch 276 Relative Error 0.000604489236138761
Epoch 277 Relative Error 0.0006116778822615743
Epoch 278 Relative Error 0.000594815646763891
Epoch 279 Relative Error 0.0006104427739046514
Epoch 280 Relative Error 0.0009471828234381974
Epoch 281 Relative Error 0.0007313558598980308
Epoch 282 Relative Error 0.0006640883511863649
Epoch 283 Relative Error 0.0007025697268545628
Epoch 284 Relative Error 0.0008944973815232515
Epoch 285 Relative Error 0.0007379421731457114
Epoch 286 Relative Error 0.0006469471263699234
Epoch 287 Relative Error 0.0007325616315938532
Epoch 288 Relative Error 0.0006598076433874667
Epoch 289 Relative Error 0.0007150088786147535
Epoch 290 Relative Error 0.0007697560940869153
Epoch 291 Relative Error 0.0005626653437502682
Epoch 292 Relative Error 0.000687731895595789
Epoch 293 Relative Error 0.0005456180078908801
Epoch 294 Relative Error 0.000586650799959898
Epoch 295 Relative Error 0.0005261358455754817
Epoch 296 Relative Error 0.0005474782083183527
Epoch 297 Relative Error 0.0006080193561501801
Epoch 298 Relative Error 0.0005325909005478024
Epoch 299 Relative Error 0.0005989678902551532
Epoch 300 Relative Error 0.0004973995382897556
Epoch 301 Relative Error 0.0006260207737796009
Epoch 302 Relative Error 0.0006151176057755947
Epoch 303 Relative Error 0.0006266096024774015
Epoch 304 Relative Error 0.0005416727508418262
Epoch 305 Relative Error 0.0006469553336501122
Epoch 306 Relative Error 0.0006201457581482828
Epoch 307 Relative Error 0.000602679792791605
Epoch 308 Relative Error 0.0006059597944840789
Epoch 309 Relative Error 0.0006299427477642894
Epoch 310 Relative Error 0.0006374060758389533
Epoch 311 Relative Error 0.0007134073530323803
Epoch 312 Relative Error 0.0005444752750918269
Epoch 313 Relative Error 0.0005924938595853746
Epoch 314 Relative Error 0.00048106571193784475
Epoch 315 Relative Error 0.0005528872716240585
Epoch 316 Relative Error 0.000637521967291832
Epoch 317 Relative Error 0.0005416523199528456
Epoch 318 Relative Error 0.0006208536215126514
Epoch 319 Relative Error 0.0005660463939420879
Epoch 320 Relative Error 0.0006204691017046571
Epoch 321 Relative Error 0.0005683056078851223
Epoch 322 Relative Error 0.000621057755779475
Epoch 323 Relative Error 0.0005268203094601631
Epoch 324 Relative Error 0.0005424981936812401
Epoch 325 Relative Error 0.0006223485106602311
Epoch 326 Relative Error 0.0005193972028791904
Epoch 327 Relative Error 0.0005191781674511731
Epoch 328 Relative Error 0.0004531566228251904
Epoch 329 Relative Error 0.0005908473394811153
Epoch 330 Relative Error 0.0005713903810828924
Epoch 331 Relative Error 0.0006228876300156116
Epoch 332 Relative Error 0.0006514109554700553
Epoch 333 Relative Error 0.0006459776195697486
Epoch 334 Relative Error 0.00051310466369614
Epoch 335 Relative Error 0.0006897563580423594
Epoch 336 Relative Error 0.0005542114959098399
Epoch 337 Relative Error 0.0005416558706201613
Epoch 338 Relative Error 0.0005080380942672491
Epoch 339 Relative Error 0.0005337615148164332
Epoch 340 Relative Error 0.00048144208267331123
Epoch 341 Relative Error 0.000523577444255352
Epoch 342 Relative Error 0.0006107158842496574
Epoch 343 Relative Error 0.0005008144653402269
Epoch 344 Relative Error 0.0005346150719560683
Epoch 345 Relative Error 0.0005394089967012405
Epoch 346 Relative Error 0.0005419219378381968
Epoch 347 Relative Error 0.0005606753402389586
Epoch 348 Relative Error 0.0004930819850414991
Epoch 349 Relative Error 0.0006190845742821693
Epoch 350 Relative Error 0.0006012890371493995
Epoch 351 Relative Error 0.0005437143263407052
Epoch 352 Relative Error 0.0004890587879344821
Epoch 353 Relative Error 0.0005998857086524367
Epoch 354 Relative Error 0.0005944773438386619
Epoch 355 Relative Error 0.000554909638594836
Epoch 356 Relative Error 0.0005858681397512555
Epoch 357 Relative Error 0.0006035884143784642
Epoch 358 Relative Error 0.0006175404414534569
Epoch 359 Relative Error 0.0007651267806068063
Epoch 360 Relative Error 0.0006690840236842632
Epoch 361 Relative Error 0.0006874195532873273
Epoch 362 Relative Error 0.0006689902511425316
Epoch 363 Relative Error 0.0009225691901519895
Epoch 364 Relative Error 0.0006918639992363751
Epoch 365 Relative Error 0.0007386095821857452
Epoch 366 Relative Error 0.0006637451588176191
Epoch 367 Relative Error 0.0006895459373481572
Epoch 368 Relative Error 0.000631119473837316
Epoch 369 Relative Error 0.0005365882534533739
Epoch 370 Relative Error 0.0006416086689569056
Epoch 371 Relative Error 0.0005298307514749467
Epoch 372 Relative Error 0.0007632803753949702
Epoch 373 Relative Error 0.0005815296899527311
Epoch 374 Relative Error 0.0005670429090969265
Epoch 375 Relative Error 0.00048507231986150146
Epoch 376 Relative Error 0.0005412427126429975
Epoch 377 Relative Error 0.000573452387470752
Epoch 378 Relative Error 0.0004522119415923953
Epoch 379 Relative Error 0.0005127166514284909
Epoch 380 Relative Error 0.0005870579043403268
Epoch 381 Relative Error 0.0006861041765660048
Epoch 382 Relative Error 0.0005492011550813913
Epoch 383 Relative Error 0.0005165706970728934
Epoch 384 Relative Error 0.0006644257227890193
Epoch 385 Relative Error 0.0006044769543223083
Epoch 386 Relative Error 0.0006686050328426063
Epoch 387 Relative Error 0.0007007289095781744
Epoch 388 Relative Error 0.0005654959240928292
Epoch 389 Relative Error 0.0005950055783614516
Epoch 390 Relative Error 0.0006322498084045947
Epoch 391 Relative Error 0.0006579707842320204
Epoch 392 Relative Error 0.0004997333744540811
Epoch 393 Relative Error 0.0007913353038020432
Epoch 394 Relative Error 0.0006486008642241359
Epoch 395 Relative Error 0.0007064267410896719
Epoch 396 Relative Error 0.000753891421481967
Epoch 397 Relative Error 0.0006037017446942627
Epoch 398 Relative Error 0.0006043858593329787
Epoch 399 Relative Error 0.0006342248525470495
Epoch 400 Relative Error 0.0007342531462199986
Epoch 401 Relative Error 0.0005518192774616182
Epoch 402 Relative Error 0.0005672562401741743
Epoch 403 Relative Error 0.0008059359388425946
Epoch 404 Relative Error 0.0007735550752840936
Epoch 405 Relative Error 0.0006563863717019558
Epoch 406 Relative Error 0.0006578573375009
Epoch 407 Relative Error 0.0006725059356540442
Epoch 408 Relative Error 0.0005619560834020376
Epoch 409 Relative Error 0.0006784754223190248
Epoch 410 Relative Error 0.0008071506163105369
Epoch 411 Relative Error 0.0006624824600294232
Epoch 412 Relative Error 0.0006178037729114294
Epoch 413 Relative Error 0.0007256068638525903
Epoch 414 Relative Error 0.0007290828507393599
Epoch 415 Relative Error 0.0007264497107826173
Epoch 416 Relative Error 0.0007695938111282885
Epoch 417 Relative Error 0.0007434955914504826
Epoch 418 Relative Error 0.0008528154576197267
Epoch 419 Relative Error 0.0006559870671480894
Epoch 420 Relative Error 0.0005930277984589338
Epoch 421 Relative Error 0.0006619602208957076
Epoch 422 Relative Error 0.0006423229933716357
Epoch 423 Relative Error 0.000640994287095964
Epoch 424 Relative Error 0.0007070471183396876
Epoch 425 Relative Error 0.0006480011506937444
Epoch 426 Relative Error 0.0007106646080501378
Epoch 427 Relative Error 0.0005495376535691321
Epoch 428 Relative Error 0.0005512507632374763
Epoch 429 Relative Error 0.000634016643743962
Epoch 430 Relative Error 0.0006738349911756814
Epoch 431 Relative Error 0.0005254079005680978
Epoch 432 Relative Error 0.0006800431874580681
Epoch 433 Relative Error 0.0007166130235418677
Epoch 434 Relative Error 0.0006792576750740409
Epoch 435 Relative Error 0.000694615242537111
Epoch 436 Relative Error 0.0009323130361735821
Epoch 437 Relative Error 0.000757046858780086
Epoch 438 Relative Error 0.0006823970470577478
Epoch 439 Relative Error 0.0005881123361177742
Epoch 440 Relative Error 0.0005942560965195298
Epoch 441 Relative Error 0.0006839563720859587
Epoch 442 Relative Error 0.0006309283198788762
Epoch 443 Relative Error 0.0005972939543426037
Epoch 444 Relative Error 0.0006304253474809229
Epoch 445 Relative Error 0.0006078011356294155
Epoch 446 Relative Error 0.0007244011503644288
Epoch 447 Relative Error 0.0006512468098662794
Epoch 448 Relative Error 0.0007090902072377503
Epoch 449 Relative Error 0.0007231815834529698
Epoch 450 Relative Error 0.0006659365608356893
Epoch 451 Relative Error 0.0006656282930634916
Epoch 452 Relative Error 0.0006422207225114107
Epoch 453 Relative Error 0.0006081314058974385
Epoch 454 Relative Error 0.0009641860378906131
Epoch 455 Relative Error 0.0007226640009321272
Epoch 456 Relative Error 0.000714057416189462
Epoch 457 Relative Error 0.0006833988009020686
Epoch 458 Relative Error 0.0006930395611561835
Epoch 459 Relative Error 0.0005489124450832605
Epoch 460 Relative Error 0.0007278943085111678
Epoch 461 Relative Error 0.0006155306473374367
Epoch 462 Relative Error 0.0006669475114904344
Epoch 463 Relative Error 0.0005995153915137053
Epoch 464 Relative Error 0.0006232905434444547
Epoch 465 Relative Error 0.0005499975522980094
Epoch 466 Relative Error 0.0006323175621218979
Epoch 467 Relative Error 0.0006686697597615421
Epoch 468 Relative Error 0.0006406169850379229
Epoch 469 Relative Error 0.0008483494748361409
Epoch 470 Relative Error 0.0006943487678654492
Epoch 471 Relative Error 0.0006059823208488524
Epoch 472 Relative Error 0.0005950336344540119
Epoch 473 Relative Error 0.0007511689909733832
Epoch 474 Relative Error 0.0006737455260008574
Epoch 475 Relative Error 0.0005816894117742777
Epoch 476 Relative Error 0.000613346986938268
Epoch 477 Relative Error 0.000656572578009218
Epoch 478 Relative Error 0.0006008434575051069
Epoch 479 Relative Error 0.0006805903394706547
Epoch 480 Relative Error 0.0005979047273285687
Epoch 481 Relative Error 0.0006979507743380964
Epoch 482 Relative Error 0.0005672390107065439
Epoch 483 Relative Error 0.0005973795778118074
Epoch 484 Relative Error 0.0005016510258428752
Epoch 485 Relative Error 0.0006474710535258055
Epoch 486 Relative Error 0.000658701523207128
Epoch 487 Relative Error 0.000610864779446274
Epoch 488 Relative Error 0.0004887092509306967
Epoch 489 Relative Error 0.0006552123231813312
Epoch 490 Relative Error 0.0005210957024246454
Epoch 491 Relative Error 0.0006897433777339756
Epoch 492 Relative Error 0.0005713011487387121
Epoch 493 Relative Error 0.000597665726672858
Epoch 494 Relative Error 0.0005694250576198101
Epoch 495 Relative Error 0.000604096450842917
Epoch 496 Relative Error 0.000529348268173635
Epoch 497 Relative Error 0.0005281294579617679
Epoch 498 Relative Error 0.000567538954783231
Epoch 499 Relative Error 0.0005307979299686849
Epoch 500 Relative Error 0.0005249381065368652
Epoch 501 Relative Error 0.0005589536740444601
Epoch 502 Relative Error 0.0005081802955828607
Epoch 503 Relative Error 0.0005844885599799454
Epoch 504 Relative Error 0.0005377863999456167
Epoch 505 Relative Error 0.000535939063411206
Epoch 506 Relative Error 0.0004557916836347431
Epoch 507 Relative Error 0.0006378485704772174
Epoch 508 Relative Error 0.0005569361383095384
Epoch 509 Relative Error 0.0005103822913952172
Epoch 510 Relative Error 0.0005680016474798322
Epoch 511 Relative Error 0.0006576597224920988
Epoch 512 Relative Error 0.0006725001730956137
Epoch 513 Relative Error 0.000577409053221345
Epoch 514 Relative Error 0.0006056461716070771
Epoch 515 Relative Error 0.0005789881106466055
Epoch 516 Relative Error 0.0006202016375027597
Epoch 517 Relative Error 0.0005810577422380447
Epoch 518 Relative Error 0.0005286189261823893
Epoch 519 Relative Error 0.0005662479670718312
Epoch 520 Relative Error 0.0007714261882938445
Epoch 521 Relative Error 0.0008099075057543814
Epoch 522 Relative Error 0.000736971094738692
Epoch 523 Relative Error 0.0006461169105023146
Epoch 524 Relative Error 0.0006271004094742239
Epoch 525 Relative Error 0.0006756763905286789
Epoch 526 Relative Error 0.0006770630134269595
Epoch 527 Relative Error 0.0006057191640138626
Epoch 528 Relative Error 0.0008290548576042056
Epoch 529 Relative Error 0.0007480467320419848
Epoch 530 Relative Error 0.0006802442949265242
Epoch 531 Relative Error 0.0006177117465995252
Epoch 532 Relative Error 0.0006030830554664135
Epoch 533 Relative Error 0.0006487893406301737
Epoch 534 Relative Error 0.0007558888755738735
Epoch 535 Relative Error 0.0007383867050521076
Epoch 536 Relative Error 0.000691190070938319
Epoch 537 Relative Error 0.0006736650830134749
Epoch 538 Relative Error 0.0005865510902367532
Epoch 539 Relative Error 0.0005739405169151723
Epoch 540 Relative Error 0.0005629914812743664
Epoch 541 Relative Error 0.0006620220956392586
Epoch 542 Relative Error 0.0007557946955785155
Epoch 543 Relative Error 0.0005477828672155738
Epoch 544 Relative Error 0.0006258824141696095
Epoch 545 Relative Error 0.0006850368808954954
Epoch 546 Relative Error 0.0006270964513532817
Epoch 547 Relative Error 0.0005402763490565121
Epoch 548 Relative Error 0.0006590536795556545
Epoch 549 Relative Error 0.0005658997688442469
Epoch 550 Relative Error 0.0005701931077055633
Epoch 551 Relative Error 0.00040699981036596
Epoch 552 Relative Error 0.0005097231478430331
Epoch 553 Relative Error 0.0005647441721521318
Epoch 554 Relative Error 0.0005584724131040275
Epoch 555 Relative Error 0.0005245027132332325
Epoch 556 Relative Error 0.0005963160656392574
Epoch 557 Relative Error 0.0005440210807137191
Epoch 558 Relative Error 0.0005148745840415359
Epoch 559 Relative Error 0.0006799977854825556
Epoch 560 Relative Error 0.0006614302983507514
Epoch 561 Relative Error 0.0006284712580963969
Epoch 562 Relative Error 0.0004362503532320261
Epoch 563 Relative Error 0.000645313470158726
Epoch 564 Relative Error 0.0005487905000336468
Epoch 565 Relative Error 0.0005319737829267979
Epoch 566 Relative Error 0.0005908051389269531
Epoch 567 Relative Error 0.000656701740808785
Epoch 568 Relative Error 0.0006767548620700836
Epoch 569 Relative Error 0.0005541633581742644
Epoch 570 Relative Error 0.00046832626685500145
Epoch 571 Relative Error 0.000608607369940728
Epoch 572 Relative Error 0.000589389877859503
Epoch 573 Relative Error 0.0006018642452545464
Epoch 574 Relative Error 0.0006871193181723356
Epoch 575 Relative Error 0.0007688599289394915
Epoch 576 Relative Error 0.0006911570089869201
Epoch 577 Relative Error 0.0006461524753831327
Epoch 578 Relative Error 0.0006461375160142779
Epoch 579 Relative Error 0.000669150787871331
Epoch 580 Relative Error 0.0007716556428931653
Epoch 581 Relative Error 0.0006895368569530547
Epoch 582 Relative Error 0.0006702025420963764
Epoch 583 Relative Error 0.000612376315984875
Epoch 584 Relative Error 0.0006876710685901344
Epoch 585 Relative Error 0.0006616038735955954
Epoch 586 Relative Error 0.0007211664924398065
Epoch 587 Relative Error 0.0007529224967584014
Epoch 588 Relative Error 0.000666910142172128
Epoch 589 Relative Error 0.0007198042585514486
Epoch 590 Relative Error 0.000524881121236831
Epoch 591 Relative Error 0.0005425518029369414
Epoch 592 Relative Error 0.0006262804963625968
Epoch 593 Relative Error 0.0007010789704509079
Epoch 594 Relative Error 0.0005781784420832992
Epoch 595 Relative Error 0.00043982165516354144
Epoch 596 Relative Error 0.0005488961469382048
Epoch 597 Relative Error 0.0004346070345491171
Epoch 598 Relative Error 0.0004968978464603424
Epoch 599 Relative Error 0.0005603671888820827
Epoch 600 Relative Error 0.0006859758286736906
Epoch 601 Relative Error 0.000698225514497608
Epoch 602 Relative Error 0.0006252801395021379
Epoch 603 Relative Error 0.0006197908660396934
Epoch 604 Relative Error 0.0006764044519513845
Epoch 605 Relative Error 0.0008397033088840544
Epoch 606 Relative Error 0.0006630449206568301
Epoch 607 Relative Error 0.0008090952760539949
Epoch 608 Relative Error 0.0007745249313302338
Epoch 609 Relative Error 0.0006334225763566792
Epoch 610 Relative Error 0.0007236670353449881
Epoch 611 Relative Error 0.000691975059453398
Epoch 612 Relative Error 0.0005623220349662006
Epoch 613 Relative Error 0.000535415078047663
Epoch 614 Relative Error 0.0005400825175456703
Epoch 615 Relative Error 0.0006876133265905082
Epoch 616 Relative Error 0.0005348598933778703
Epoch 617 Relative Error 0.00051956094102934
Epoch 618 Relative Error 0.0006101495819166303
Epoch 619 Relative Error 0.0005953265354037285
Epoch 620 Relative Error 0.0006404509767889977
Epoch 621 Relative Error 0.0006673382013104856
Epoch 622 Relative Error 0.0006618016632273793
Epoch 623 Relative Error 0.0006231822189874947
Epoch 624 Relative Error 0.0005407904973253608
Epoch 625 Relative Error 0.000725418038200587
Epoch 626 Relative Error 0.0005852296599186957
Epoch 627 Relative Error 0.0007311926456168294
Epoch 628 Relative Error 0.0006489771767519414
Epoch 629 Relative Error 0.0005340003408491611
Epoch 630 Relative Error 0.000503086019307375
Epoch 631 Relative Error 0.0005354914464987814
Epoch 632 Relative Error 0.0006538858870044351
Epoch 633 Relative Error 0.0005911297048442066
Epoch 634 Relative Error 0.0006969846435822546
Epoch 635 Relative Error 0.0007040785276331007
Epoch 636 Relative Error 0.0007402171613648534
Epoch 637 Relative Error 0.0005580010474659503
Epoch 638 Relative Error 0.0005484208231791854
Epoch 639 Relative Error 0.0005245344946160913
Epoch 640 Relative Error 0.0005758526385761797
Epoch 641 Relative Error 0.0005467458977364004
Epoch 642 Relative Error 0.0005043497076258063
Epoch 643 Relative Error 0.0006632893928326666
Epoch 644 Relative Error 0.0007249577320180833
Epoch 645 Relative Error 0.0006564531940966845
Epoch 646 Relative Error 0.0008302167407236993
Epoch 647 Relative Error 0.0008314475417137146
Epoch 648 Relative Error 0.0007702942821197212
Epoch 649 Relative Error 0.0007174991769716144
Epoch 650 Relative Error 0.0006852152291685343
Epoch 651 Relative Error 0.0007114635081961751
Epoch 652 Relative Error 0.00079547573113814
Epoch 653 Relative Error 0.0008312274003401399
Epoch 654 Relative Error 0.0007999707013368607
Epoch 655 Relative Error 0.0006817186367698014
Epoch 656 Relative Error 0.000770705402828753
Epoch 657 Relative Error 0.0007364891935139894
Epoch 658 Relative Error 0.0006443279562518001
Epoch 659 Relative Error 0.0006217239424586296
Epoch 660 Relative Error 0.0006316507351584733
Epoch 661 Relative Error 0.0004944936954416335
Epoch 662 Relative Error 0.0005541806458495557
Epoch 663 Relative Error 0.0005935733788646758
Epoch 664 Relative Error 0.0006815197411924601
Epoch 665 Relative Error 0.0005941084818914533
Epoch 666 Relative Error 0.0005844422266818583
Epoch 667 Relative Error 0.0005144471651874483
Epoch 668 Relative Error 0.0006030492950230837
Epoch 669 Relative Error 0.0006717544747516513
Epoch 670 Relative Error 0.0007022764184512198
Epoch 671 Relative Error 0.0009310851455666125
Epoch 672 Relative Error 0.0007524100365117192
Epoch 673 Relative Error 0.0007963445968925953
Epoch 674 Relative Error 0.0007709325291216373
Epoch 675 Relative Error 0.0006858681445010006
Epoch 676 Relative Error 0.0006947022047825158
Epoch 677 Relative Error 0.0006929340306669474
Epoch 678 Relative Error 0.0006235357141122222
Epoch 679 Relative Error 0.0005308652180247009
Epoch 680 Relative Error 0.0006780936382710934
Epoch 681 Relative Error 0.0007474994054064155
Epoch 682 Relative Error 0.0007302669109776616
Epoch 683 Relative Error 0.0006984984502196312
Epoch 684 Relative Error 0.0007267281180247664
Epoch 685 Relative Error 0.0006412338116206229
Epoch 686 Relative Error 0.0007698548724874854
Epoch 687 Relative Error 0.0006591831333935261
Epoch 688 Relative Error 0.0006612662691622972
Epoch 689 Relative Error 0.0007129170699045062
Epoch 690 Relative Error 0.0006088690715841949
Epoch 691 Relative Error 0.0008085753652267158
Epoch 692 Relative Error 0.0006756091024726629
Epoch 693 Relative Error 0.0007153862388804555
Epoch 694 Relative Error 0.0006656101322732866
Epoch 695 Relative Error 0.0007468851399607956
Epoch 696 Relative Error 0.0008475394570268691
Epoch 697 Relative Error 0.0007102546514943242
Epoch 698 Relative Error 0.0006900682346895337
Epoch 699 Relative Error 0.0006581953493878245
Epoch 700 Relative Error 0.0006180580239742994
Epoch 701 Relative Error 0.0006191516295075417
Epoch 702 Relative Error 0.0007749543292447925
Epoch 703 Relative Error 0.0005736449384130538
Epoch 704 Relative Error 0.0006907518254593015
Epoch 705 Relative Error 0.0006768742459826171
Epoch 706 Relative Error 0.0007371600368060172
Epoch 707 Relative Error 0.0006614993908442557
Epoch 708 Relative Error 0.0008173818932846189
Epoch 709 Relative Error 0.0006682590465061367
Epoch 710 Relative Error 0.0005700240144506097
Epoch 711 Relative Error 0.0005911602056585252
Epoch 712 Relative Error 0.0006335224024951458
Epoch 713 Relative Error 0.0006738427910022438
Epoch 714 Relative Error 0.0005876351497136056
Epoch 715 Relative Error 0.000610081129707396
Epoch 716 Relative Error 0.0006942534819245338
Epoch 717 Relative Error 0.0007500096107833087
Epoch 718 Relative Error 0.0006158645846880972
Epoch 719 Relative Error 0.0006206927937455475
Epoch 720 Relative Error 0.0005933748325332999
Epoch 721 Relative Error 0.0006436870316974819
Epoch 722 Relative Error 0.0006426320178434253
Epoch 723 Relative Error 0.0006046728231012821
Epoch 724 Relative Error 0.0005253516719676554
Epoch 725 Relative Error 0.000578294915612787
Epoch 726 Relative Error 0.000658170785754919
Epoch 727 Relative Error 0.0008212151587940753
Epoch 728 Relative Error 0.0006283993134275079
Epoch 729 Relative Error 0.000684936239849776
Epoch 730 Relative Error 0.000576587044633925
Epoch 731 Relative Error 0.0006348263705149293
Epoch 732 Relative Error 0.0005350360879674554
Epoch 733 Relative Error 0.0005646913195960224
Epoch 734 Relative Error 0.000549857912119478
Epoch 735 Relative Error 0.0005968964542262256
Epoch 736 Relative Error 0.0006269768928177655
Epoch 737 Relative Error 0.000617600919213146
Epoch 738 Relative Error 0.0005994273815304041
Epoch 739 Relative Error 0.0005325172678567469
Epoch 740 Relative Error 0.0005487760645337403
Epoch 741 Relative Error 0.0006185814272612333
Epoch 742 Relative Error 0.0005799566861242056
Epoch 743 Relative Error 0.0007138471119105816
Epoch 744 Relative Error 0.0007269710768014193
Epoch 745 Relative Error 0.0005035937647335231
Epoch 746 Relative Error 0.0005752063007093966
Epoch 747 Relative Error 0.0008757849573157728
Epoch 748 Relative Error 0.0008071360643953085
Epoch 749 Relative Error 0.0009206336108036339
Epoch 750 Relative Error 0.0007056092144921422
Epoch 751 Relative Error 0.0007687622564844787
Epoch 752 Relative Error 0.0007110913284122944
Epoch 753 Relative Error 0.0006762483390048146
Epoch 754 Relative Error 0.0006715268245898187
Epoch 755 Relative Error 0.0006701428210362792
Epoch 756 Relative Error 0.0006460525910370052
Epoch 757 Relative Error 0.0006538161542266607
Epoch 758 Relative Error 0.0007385198841802776
Epoch 759 Relative Error 0.0008224218618124723
Epoch 760 Relative Error 0.000743251817766577
Epoch 761 Relative Error 0.0006933102267794311
Epoch 762 Relative Error 0.0006948559894226491
Epoch 763 Relative Error 0.0006221458897925913
Epoch 764 Relative Error 0.0006198772462084889
Epoch 765 Relative Error 0.0005821672966703773
Epoch 766 Relative Error 0.0007233443902805448
Epoch 767 Relative Error 0.0007889929693192244
Epoch 768 Relative Error 0.0007820067694410682
Epoch 769 Relative Error 0.0005464549176394939
Epoch 770 Relative Error 0.0006391412462107837
Epoch 771 Relative Error 0.0006845822208561003
Epoch 772 Relative Error 0.0006565098301507533
Epoch 773 Relative Error 0.0005864602862857282
Epoch 774 Relative Error 0.0006415870739147067
Epoch 775 Relative Error 0.0005729378899559379
Epoch 776 Relative Error 0.0007313142996281385
Epoch 777 Relative Error 0.0006824663141742349
Epoch 778 Relative Error 0.00048425988643430173
Epoch 779 Relative Error 0.0006028600037097931
Epoch 780 Relative Error 0.0005667961086146533
Epoch 781 Relative Error 0.0005740502383559942
Epoch 782 Relative Error 0.0005607540369965136
Epoch 783 Relative Error 0.0005669231177307665
Epoch 784 Relative Error 0.0005834163748659194
Epoch 785 Relative Error 0.0005178736755624413
Epoch 786 Relative Error 0.0006488302024081349
Epoch 787 Relative Error 0.0005983577575534582
Epoch 788 Relative Error 0.0005697101005353034
Epoch 789 Relative Error 0.0006022502784617245
Epoch 790 Relative Error 0.0005852313479408622
Epoch 791 Relative Error 0.0007044430822134018
Epoch 792 Relative Error 0.0004956967895850539
Epoch 793 Relative Error 0.0006024081958457828
Epoch 794 Relative Error 0.0006800275878049433
Epoch 795 Relative Error 0.000563152483664453
Epoch 796 Relative Error 0.0005902067641727626
Epoch 797 Relative Error 0.0005672206752933562
Epoch 798 Relative Error 0.0005549225606955588
Epoch 799 Relative Error 0.0004896042519249022
Epoch 800 Relative Error 0.0005982736474834383
Epoch 801 Relative Error 0.0005757819162681699
Epoch 802 Relative Error 0.0006128967506811023
Epoch 803 Relative Error 0.0006996631273068488
Epoch 804 Relative Error 0.0007007097010500729
Epoch 805 Relative Error 0.0006210237042978406
Epoch 806 Relative Error 0.0007405343349091709
Epoch 807 Relative Error 0.0009030757355503738
Epoch 808 Relative Error 0.0007014665170572698
Epoch 809 Relative Error 0.0006645990069955587
Epoch 810 Relative Error 0.0007677965913899243
Epoch 811 Relative Error 0.0007568527362309396
Epoch 812 Relative Error 0.000812023354228586
Epoch 813 Relative Error 0.0008111544302664697
Epoch 814 Relative Error 0.0007360127638094127
Epoch 815 Relative Error 0.0007152495672926307
Epoch 816 Relative Error 0.0006353944772854447
Epoch 817 Relative Error 0.0006448751664720476
Epoch 818 Relative Error 0.000688465079292655
Epoch 819 Relative Error 0.0006648585549555719
Epoch 820 Relative Error 0.000615263415966183
Epoch 821 Relative Error 0.0006975747528485954
Epoch 822 Relative Error 0.0007810257375240326
Epoch 823 Relative Error 0.0006777987000532448
Epoch 824 Relative Error 0.0005725576775148511
Epoch 825 Relative Error 0.0007408252567984164
Epoch 826 Relative Error 0.0005101479473523796
Epoch 827 Relative Error 0.00047281343722715974
Epoch 828 Relative Error 0.0005899707321077585
Epoch 829 Relative Error 0.0005702638300135732
Epoch 830 Relative Error 0.0005736648454330862
Epoch 831 Relative Error 0.0005836686468683183
Epoch 832 Relative Error 0.0004787092620972544
Epoch 833 Relative Error 0.0006752873887307942
Epoch 834 Relative Error 0.0007663277210667729
Epoch 835 Relative Error 0.0006098938174545765
Epoch 836 Relative Error 0.0006112203118391335
Epoch 837 Relative Error 0.0005924429278820753
Epoch 838 Relative Error 0.00047194011858664453
Epoch 839 Relative Error 0.0005887545412406325
Epoch 840 Relative Error 0.0005789514980278909
Epoch 841 Relative Error 0.0005542878643609583
Epoch 842 Relative Error 0.0005903944256715477
Epoch 843 Relative Error 0.0005677706212736666
Epoch 844 Relative Error 0.0006103067426010966
Epoch 845 Relative Error 0.0005426849238574505
Epoch 846 Relative Error 0.0005596251576207578
Epoch 847 Relative Error 0.0005807295092381537
Epoch 848 Relative Error 0.0006029510986991227
Epoch 849 Relative Error 0.0006445717299357057
Epoch 850 Relative Error 0.0007670155609957874
Epoch 851 Relative Error 0.000629558926448226
Epoch 852 Relative Error 0.0005760882049798965
Epoch 853 Relative Error 0.0009687744313850999
Epoch 854 Relative Error 0.0006581508787348866
Epoch 855 Relative Error 0.0008998728008009493
Epoch 856 Relative Error 0.0006260789814405143
Epoch 857 Relative Error 0.000715985894203186
Epoch 858 Relative Error 0.0006223759846761823
Epoch 859 Relative Error 0.000589867471717298
Epoch 860 Relative Error 0.0006668322021141648
Epoch 861 Relative Error 0.0006281865644268692
Epoch 862 Relative Error 0.0006407399196177721
Epoch 863 Relative Error 0.0005323511431924999
Epoch 864 Relative Error 0.0005356676992960274
Epoch 865 Relative Error 0.000593819422647357
Epoch 866 Relative Error 0.0006450789514929056
Epoch 867 Relative Error 0.0006630586576648057
Epoch 868 Relative Error 0.0007447147509083152
Epoch 869 Relative Error 0.0008136192336678505
Epoch 870 Relative Error 0.0007954128086566925
Epoch 871 Relative Error 0.0006689474103040993
Epoch 872 Relative Error 0.0007710637291893363
Epoch 873 Relative Error 0.0007293684757314622
Epoch 874 Relative Error 0.0010280924616381526
Epoch 875 Relative Error 0.000762441661208868
Epoch 876 Relative Error 0.0007437180611304939
Epoch 877 Relative Error 0.0007957933703437448
Epoch 878 Relative Error 0.0007225892622955143
Epoch 879 Relative Error 0.0005928977043367922
Epoch 880 Relative Error 0.000770231825299561
Epoch 881 Relative Error 0.0006794254877604544
Epoch 882 Relative Error 0.0005872183828614652
Epoch 883 Relative Error 0.0005861558602191508
Epoch 884 Relative Error 0.000526790099684149
Epoch 885 Relative Error 0.0005330139538273215
Epoch 886 Relative Error 0.0006604978698305786
Epoch 887 Relative Error 0.0007358835428021848
Epoch 888 Relative Error 0.0005932761705480516
Epoch 889 Relative Error 0.0005367603152990341
Epoch 890 Relative Error 0.0007772259414196014
Epoch 891 Relative Error 0.000748522812500596
Epoch 892 Relative Error 0.0007872359710745513
Epoch 893 Relative Error 0.000625687069259584
Epoch 894 Relative Error 0.0007306241896003485
Epoch 895 Relative Error 0.000581223051995039
Epoch 896 Relative Error 0.0006704821134917438
Epoch 897 Relative Error 0.0006658326019532979
Epoch 898 Relative Error 0.0007147807045839727
Epoch 899 Relative Error 0.0007830823888070881
Epoch 900 Relative Error 0.0006239089416339993
Epoch 901 Relative Error 0.0008080101106315851
Epoch 902 Relative Error 0.000693750916980207
Epoch 903 Relative Error 0.0009031157242134213
Epoch 904 Relative Error 0.0006698720389977098
Epoch 905 Relative Error 0.0008663021726533771
Epoch 906 Relative Error 0.0006247740238904953
Epoch 907 Relative Error 0.0009361911797896028
Epoch 908 Relative Error 0.0006978301680646837
Epoch 909 Relative Error 0.0008413503528572619
Epoch 910 Relative Error 0.0006669502472504973
Epoch 911 Relative Error 0.0007043131627142429
Epoch 912 Relative Error 0.000612752337474376
Epoch 913 Relative Error 0.0008822139934636652
Epoch 914 Relative Error 0.0005871089524589479
Epoch 915 Relative Error 0.000722417316865176
Epoch 916 Relative Error 0.0006854475941509008
Epoch 917 Relative Error 0.0006252125022001565
Epoch 918 Relative Error 0.0006238887435756624
Epoch 919 Relative Error 0.0006086541689001024
Epoch 920 Relative Error 0.000765825214330107
Epoch 921 Relative Error 0.0005932996864430606
Epoch 922 Relative Error 0.0005935104563832283
Epoch 923 Relative Error 0.0006641967920586467
Epoch 924 Relative Error 0.0005483821150846779
Epoch 925 Relative Error 0.0006026993505656719
Epoch 926 Relative Error 0.0006840457208454609
Epoch 927 Relative Error 0.0005950363702140749
Epoch 928 Relative Error 0.0005565207684412599
Epoch 929 Relative Error 0.0006843251758255064
Epoch 930 Relative Error 0.0006556056323461235
Epoch 931 Relative Error 0.0006319032399915159
Epoch 932 Relative Error 0.0006375146913342178
Epoch 933 Relative Error 0.0007340711890719831
Epoch 934 Relative Error 0.0007092615705914795
Epoch 935 Relative Error 0.0006192638538777828
Epoch 936 Relative Error 0.0006119661265984178
Epoch 937 Relative Error 0.0006814147345721722
Epoch 938 Relative Error 0.0005397532950155437
Epoch 939 Relative Error 0.0005077834939584136
Epoch 940 Relative Error 0.0005846824496984482
Epoch 941 Relative Error 0.0005284996004775167
Epoch 942 Relative Error 0.0004902309156022966
Epoch 943 Relative Error 0.000647007254883647
Epoch 944 Relative Error 0.000566020782571286
Epoch 945 Relative Error 0.0006127223023213446
Epoch 946 Relative Error 0.0006615956663154066
Epoch 947 Relative Error 0.0006792076746933162
Epoch 948 Relative Error 0.000576784135773778
Epoch 949 Relative Error 0.0005725370720028877
Epoch 950 Relative Error 0.0004988207365386188
Epoch 951 Relative Error 0.000629875052254647
Epoch 952 Relative Error 0.0006782289128750563
Epoch 953 Relative Error 0.0006597809842787683
Epoch 954 Relative Error 0.0005448804004117846
Epoch 955 Relative Error 0.0006823705625720322
Epoch 956 Relative Error 0.0005874124472029507
Epoch 957 Relative Error 0.000593164877500385
Epoch 958 Relative Error 0.0006706632557325065
Epoch 959 Relative Error 0.0007526295958086848
Epoch 960 Relative Error 0.0006598000763915479
Epoch 961 Relative Error 0.0006735184579156339
Epoch 962 Relative Error 0.0006970782997086644
Epoch 963 Relative Error 0.0006252358434721828
Epoch 964 Relative Error 0.0006507366197183728
Epoch 965 Relative Error 0.0007149306475184858
Epoch 966 Relative Error 0.000632810581009835
Epoch 967 Relative Error 0.0005726966192014515
Epoch 968 Relative Error 0.0006238474161364138
Epoch 969 Relative Error 0.0006110674585215747
Epoch 970 Relative Error 0.0006387208122760057
Epoch 971 Relative Error 0.0005925687728449702
Epoch 972 Relative Error 0.0005257383454591036
Epoch 973 Relative Error 0.0007869206019677222
Epoch 974 Relative Error 0.0007531058508902788
Epoch 975 Relative Error 0.0007578286458738148
Epoch 976 Relative Error 0.000660990655887872
Epoch 977 Relative Error 0.0008735222509130836
Epoch 978 Relative Error 0.0008275684085674584
Epoch 979 Relative Error 0.0008282326743938029
Epoch 980 Relative Error 0.0007579934899695218
Epoch 981 Relative Error 0.0007019637851044536
Epoch 982 Relative Error 0.0007712724036537111
Epoch 983 Relative Error 0.0009523631888441741
Epoch 984 Relative Error 0.0008244097698479891
Epoch 985 Relative Error 0.0009325530845671892
Epoch 986 Relative Error 0.0008392389281652868
Epoch 987 Relative Error 0.0009475390543229878
Epoch 988 Relative Error 0.0007471300195902586
Epoch 989 Relative Error 0.0006709565059281886
Epoch 990 Relative Error 0.0007576560019515455
Epoch 991 Relative Error 0.0007707600016146898
Epoch 992 Relative Error 0.0006205706740729511
Epoch 993 Relative Error 0.0007137045613490045
Epoch 994 Relative Error 0.0006858064443804324
Epoch 995 Relative Error 0.0007302818121388555
Epoch 996 Relative Error 0.0006960317841731012
Epoch 997 Relative Error 0.0007015938754193485
Epoch 998 Relative Error 0.000702983234077692
Epoch 999 Relative Error 0.0007817480363883078
Epoch 1000 Relative Error 0.0006281540845520794
RE (0, 8, 4, 0): 0.00040699981036596
Green's Function RE (0, 8, 4, 0): 0.2792462110519409
Bias Term RE (0, 8, 4, 0): 0.3043605089187622
Combination (0, 8, 4, 0, 0): 0.2775539755821228
Combination (0, 8, 4, 0, 1): 0.27799174189567566
Combination (0, 8, 4, 0, 2): 0.27806639671325684
Combination (0, 8, 4, 0, 3): 0.27809715270996094
Combination (0, 8, 4, 0, 4): 0.2781118154525757

/home/gridsan/gstepaniants/.local/lib/python3.8/site-packages/torch/functional.py:478: UserWarning: torch.meshgrid: in an upcoming release, it will be required to pass the indexing argument. (Triggered internally at  ../aten/src/ATen/native/TensorShape.cpp:2895.)
  return _VF.meshgrid(tensors, **kwargs)  # type: ignore[attr-defined]
