[KeOps] Warning : Cuda libraries were not detected on the system ; using cpu only mode
1
Kernel: Matern3/2
Weight Mesh: 70
RKHS Kernel Width: 0.007
Lambda: 1e-06
Green's Function Learning Rate: 100
Bias Term Learning Rate: 100
Epoch 1 Relative Error 785.744384765625
First epoch had re = 785.744384765625 > 1
Green's Function Learning Rate: 50
Bias Term Learning Rate: 50
Epoch 1 Relative Error 590.98193359375
First epoch had re = 590.98193359375 > 1
Green's Function Learning Rate: 10
Bias Term Learning Rate: 10
Epoch 1 Relative Error 101.45915222167969
First epoch had re = 101.45915222167969 > 1
Green's Function Learning Rate: 5
Bias Term Learning Rate: 5
Epoch 1 Relative Error 57.92639923095703
First epoch had re = 57.92639923095703 > 1
Green's Function Learning Rate: 1
Bias Term Learning Rate: 1
Epoch 1 Relative Error 10.39161205291748
First epoch had re = 10.39161205291748 > 1
Green's Function Learning Rate: 0.5
Bias Term Learning Rate: 0.5
Epoch 1 Relative Error 4.524560451507568
First epoch had re = 4.524560451507568 > 1
Green's Function Learning Rate: 0.1
Bias Term Learning Rate: 0.1
Epoch 1 Relative Error 1.0293952226638794
First epoch had re = 1.0293952226638794 > 1
Green's Function Learning Rate: 0.05
Bias Term Learning Rate: 0.05
Epoch 1 Relative Error 0.6784716844558716
Epoch 2 Relative Error 0.5756124258041382
Epoch 3 Relative Error 0.4803055226802826
Epoch 4 Relative Error 0.4093135595321655
Epoch 5 Relative Error 0.3205108642578125
Epoch 6 Relative Error 0.2436792105436325
Epoch 7 Relative Error 0.19429761171340942
Epoch 8 Relative Error 0.1657523512840271
Epoch 9 Relative Error 0.1315096616744995
Epoch 10 Relative Error 0.08717317134141922
Epoch 11 Relative Error 0.07850378006696701
Epoch 12 Relative Error 0.06754421442747116
Epoch 13 Relative Error 0.046633701771497726
Epoch 14 Relative Error 0.03710540011525154
Epoch 15 Relative Error 0.03148104250431061
Epoch 16 Relative Error 0.025462862104177475
Epoch 17 Relative Error 0.01974414475262165
Epoch 18 Relative Error 0.0156236682087183
Epoch 19 Relative Error 0.013331149704754353
Epoch 20 Relative Error 0.011391839943826199
Epoch 21 Relative Error 0.008305298164486885
Epoch 22 Relative Error 0.006686098873615265
Epoch 23 Relative Error 0.005674278363585472
Epoch 24 Relative Error 0.004778529051691294
Epoch 25 Relative Error 0.003718246705830097
Epoch 26 Relative Error 0.00305288122035563
Epoch 27 Relative Error 0.0024222072679549456
Epoch 28 Relative Error 0.0020382979419082403
Epoch 29 Relative Error 0.0017816155450418591
Epoch 30 Relative Error 0.0016118210041895509
Epoch 31 Relative Error 0.0013690426712855697
Epoch 32 Relative Error 0.0012087611248716712
Epoch 33 Relative Error 0.001081982278265059
Epoch 34 Relative Error 0.0010316723491996527
Epoch 35 Relative Error 0.0009570809779688716
Epoch 36 Relative Error 0.0009176745661534369
Epoch 37 Relative Error 0.0008870269521139562
Epoch 38 Relative Error 0.0008151576621457934
Epoch 39 Relative Error 0.0008066077716648579
Epoch 40 Relative Error 0.0007659273687750101
Epoch 41 Relative Error 0.0007621138938702643
Epoch 42 Relative Error 0.0007169836899265647
Epoch 43 Relative Error 0.0007142729591578245
Epoch 44 Relative Error 0.0007099987124092877
Epoch 45 Relative Error 0.0006595572340302169
Epoch 46 Relative Error 0.0006844468880444765
Epoch 47 Relative Error 0.0006454551476053894
Epoch 48 Relative Error 0.0006395187810994685
Epoch 49 Relative Error 0.000632978044450283
Epoch 50 Relative Error 0.0006149974069558084
Epoch 51 Relative Error 0.0006119756726548076
Epoch 52 Relative Error 0.0006178131443448365
Epoch 53 Relative Error 0.0005705975345335901
Epoch 54 Relative Error 0.0005818153149448335
Epoch 55 Relative Error 0.0005645581404678524
Epoch 56 Relative Error 0.000555562088266015
Epoch 57 Relative Error 0.0005747279501520097
Epoch 58 Relative Error 0.0005594909889623523
Epoch 59 Relative Error 0.0005383059615269303
Epoch 60 Relative Error 0.000541267916560173
Epoch 61 Relative Error 0.000546159571968019
Epoch 62 Relative Error 0.0005260153557173908
Epoch 63 Relative Error 0.0005042016273364425
Epoch 64 Relative Error 0.0005163744208402932
Epoch 65 Relative Error 0.0005006607971154153
Epoch 66 Relative Error 0.0004924992099404335
Epoch 67 Relative Error 0.0004919503116980195
Epoch 68 Relative Error 0.0004909838899038732
Epoch 69 Relative Error 0.0005022186669521034
Epoch 70 Relative Error 0.0004764663171954453
Epoch 71 Relative Error 0.00047603403800167143
Epoch 72 Relative Error 0.00047493644524365664
Epoch 73 Relative Error 0.0004867543757427484
Epoch 74 Relative Error 0.000445369107183069
Epoch 75 Relative Error 0.0004966513952240348
Epoch 76 Relative Error 0.00046394660603255033
Epoch 77 Relative Error 0.00045089819468557835
Epoch 78 Relative Error 0.0004513119929470122
Epoch 79 Relative Error 0.0004504673706833273
Epoch 80 Relative Error 0.0004436648159753531
Epoch 81 Relative Error 0.00045292609138414264
Epoch 82 Relative Error 0.0004316255508456379
Epoch 83 Relative Error 0.00041116110514849424
Epoch 84 Relative Error 0.00044276448898017406
Epoch 85 Relative Error 0.0004300227446947247
Epoch 86 Relative Error 0.00045993903768248856
Epoch 87 Relative Error 0.0003970159450545907
Epoch 88 Relative Error 0.00043153969454579055
Epoch 89 Relative Error 0.0004271737125236541
Epoch 90 Relative Error 0.0004348740039858967
Epoch 91 Relative Error 0.0004057722690049559
Epoch 92 Relative Error 0.00040823640301823616
Epoch 93 Relative Error 0.0004153049667365849
Epoch 94 Relative Error 0.00041322296601720154
Epoch 95 Relative Error 0.00041853979928418994
Epoch 96 Relative Error 0.00038807274540886283
Epoch 97 Relative Error 0.00041125150164589286
Epoch 98 Relative Error 0.0003939000016544014
Epoch 99 Relative Error 0.0003858052077703178
Epoch 100 Relative Error 0.00035713426768779755
Epoch 101 Relative Error 0.0003945851931348443
Epoch 102 Relative Error 0.0003892172535415739
Epoch 103 Relative Error 0.0003832315851468593
Epoch 104 Relative Error 0.00037269110907800496
Epoch 105 Relative Error 0.0003933063126169145
Epoch 106 Relative Error 0.00039252243004739285
Epoch 107 Relative Error 0.00038691263762302697
Epoch 108 Relative Error 0.0003865287872031331
Epoch 109 Relative Error 0.0003720940731000155
Epoch 110 Relative Error 0.00036178104346618056
Epoch 111 Relative Error 0.0003478656872175634
Epoch 112 Relative Error 0.0003427807823754847
Epoch 113 Relative Error 0.0003417920379433781
Epoch 114 Relative Error 0.0003431976365391165
Epoch 115 Relative Error 0.00035796407610177994
Epoch 116 Relative Error 0.000345312844729051
Epoch 117 Relative Error 0.0003551635018084198
Epoch 118 Relative Error 0.0003365613520145416
Epoch 119 Relative Error 0.0003389874764252454
Epoch 120 Relative Error 0.00033494687522761524
Epoch 121 Relative Error 0.0003320825635455549
Epoch 122 Relative Error 0.0003639147034846246
Epoch 123 Relative Error 0.00034668270382098854
Epoch 124 Relative Error 0.0003605343808885664
Epoch 125 Relative Error 0.0003449067589826882
Epoch 126 Relative Error 0.0003300999233033508
Epoch 127 Relative Error 0.0003335138608235866
Epoch 128 Relative Error 0.0003534574352670461
Epoch 129 Relative Error 0.0003276814823038876
Epoch 130 Relative Error 0.00032090506283566356
Epoch 131 Relative Error 0.00035262087476439774
Epoch 132 Relative Error 0.00035209691850468516
Epoch 133 Relative Error 0.00034375666291452944
Epoch 134 Relative Error 0.00032225713948719203
Epoch 135 Relative Error 0.0003477580030448735
Epoch 136 Relative Error 0.000316494406433776
Epoch 137 Relative Error 0.00032952369656413794
Epoch 138 Relative Error 0.0003747353330254555
Epoch 139 Relative Error 0.0003276585484854877
Epoch 140 Relative Error 0.0003472915559541434
Epoch 141 Relative Error 0.00030377559596672654
Epoch 142 Relative Error 0.0003161694621667266
Epoch 143 Relative Error 0.0003854882379528135
Epoch 144 Relative Error 0.0003233725728932768
Epoch 145 Relative Error 0.0002842555695679039
Epoch 146 Relative Error 0.00034694006899371743
Epoch 147 Relative Error 0.0003192676813341677
Epoch 148 Relative Error 0.00034534709993749857
Epoch 149 Relative Error 0.00029616765095852315
Epoch 150 Relative Error 0.0003099851601291448
Epoch 151 Relative Error 0.00030300457729026675
Epoch 152 Relative Error 0.00029882349190302193
Epoch 153 Relative Error 0.0003033512912224978
Epoch 154 Relative Error 0.0003238994686398655
Epoch 155 Relative Error 0.00029899057699367404
Epoch 156 Relative Error 0.00029952547629363835
Epoch 157 Relative Error 0.00031922347261570394
Epoch 158 Relative Error 0.00030467400210909545
Epoch 159 Relative Error 0.0002986110339406878
Epoch 160 Relative Error 0.00026955120847560465
Epoch 161 Relative Error 0.00031031446997076273
Epoch 162 Relative Error 0.0003371913044247776
Epoch 163 Relative Error 0.0003185437817592174
Epoch 164 Relative Error 0.0003348075260873884
Epoch 165 Relative Error 0.000325294240610674
Epoch 166 Relative Error 0.0002778354100883007
Epoch 167 Relative Error 0.0003217826597392559
Epoch 168 Relative Error 0.0002964589511975646
Epoch 169 Relative Error 0.0003047605569008738
Epoch 170 Relative Error 0.0003476576821412891
Epoch 171 Relative Error 0.00030353484908118844
Epoch 172 Relative Error 0.0003106390649918467
Epoch 173 Relative Error 0.00030697608599439263
Epoch 174 Relative Error 0.0002868715673685074
Epoch 175 Relative Error 0.0003173743316438049
Epoch 176 Relative Error 0.00029926339630037546
Epoch 177 Relative Error 0.00029777977033518255
Epoch 178 Relative Error 0.0002913509088102728
Epoch 179 Relative Error 0.0002724964579101652
Epoch 180 Relative Error 0.0002938050602097064
Epoch 181 Relative Error 0.00029069476295262575
Epoch 182 Relative Error 0.0002999858115799725
Epoch 183 Relative Error 0.00027979916194453835
Epoch 184 Relative Error 0.00027976639103144407
Epoch 185 Relative Error 0.0002889198949560523
Epoch 186 Relative Error 0.00028906611260026693
Epoch 187 Relative Error 0.00030720356153324246
Epoch 188 Relative Error 0.00029345109942369163
Epoch 189 Relative Error 0.00031765594030730426
Epoch 190 Relative Error 0.0003032251261174679
Epoch 191 Relative Error 0.0002664615458343178
Epoch 192 Relative Error 0.00029042482492513955
Epoch 193 Relative Error 0.0003054026747122407
Epoch 194 Relative Error 0.0003057175490539521
Epoch 195 Relative Error 0.000293594814138487
Epoch 196 Relative Error 0.0002957550750579685
Epoch 197 Relative Error 0.0003172083233948797
Epoch 198 Relative Error 0.0003273360780440271
Epoch 199 Relative Error 0.0003115202416665852
Epoch 200 Relative Error 0.0002934282529167831
Epoch 201 Relative Error 0.0003053148102480918
Epoch 202 Relative Error 0.0003986522788181901
Epoch 203 Relative Error 0.00031525164376944304
Epoch 204 Relative Error 0.00027790028252638876
Epoch 205 Relative Error 0.000323090614983812
Epoch 206 Relative Error 0.0002932489733211696
Epoch 207 Relative Error 0.0002869545132853091
Epoch 208 Relative Error 0.0003023740719072521
Epoch 209 Relative Error 0.0002973102673422545
Epoch 210 Relative Error 0.00028716519591398537
Epoch 211 Relative Error 0.0003513771516736597
Epoch 212 Relative Error 0.00028849634691141546
Epoch 213 Relative Error 0.0003032996610272676
Epoch 214 Relative Error 0.0003155460290145129
Epoch 215 Relative Error 0.000359465746441856
Epoch 216 Relative Error 0.0002656201249919832
Epoch 217 Relative Error 0.00034458155278116465
Epoch 218 Relative Error 0.00030556818819604814
Epoch 219 Relative Error 0.0003602937504183501
Epoch 220 Relative Error 0.0002960979181807488
Epoch 221 Relative Error 0.00029942786204628646
Epoch 222 Relative Error 0.0003132956335321069
Epoch 223 Relative Error 0.0003129126562271267
Epoch 224 Relative Error 0.00032497430220246315
Epoch 225 Relative Error 0.0003089646343141794
Epoch 226 Relative Error 0.00030327506829053164
Epoch 227 Relative Error 0.00030762809910811484
Epoch 228 Relative Error 0.00027913099620491266
Epoch 229 Relative Error 0.0003520506725180894
Epoch 230 Relative Error 0.0003240188234485686
Epoch 231 Relative Error 0.00033653274294920266
Epoch 232 Relative Error 0.0003171685675624758
Epoch 233 Relative Error 0.0003235459444113076
Epoch 234 Relative Error 0.00030630233231931925
Epoch 235 Relative Error 0.00031979253981262445
Epoch 236 Relative Error 0.0003105008217971772
Epoch 237 Relative Error 0.0003099643508903682
Epoch 238 Relative Error 0.0002964303712360561
Epoch 239 Relative Error 0.0002845656417775899
Epoch 240 Relative Error 0.00028829078655689955
Epoch 241 Relative Error 0.00030751683516427875
Epoch 242 Relative Error 0.00027969517395831645
Epoch 243 Relative Error 0.00029811629792675376
Epoch 244 Relative Error 0.0003685906413011253
Epoch 245 Relative Error 0.00025542150251567364
Epoch 246 Relative Error 0.0002795014006551355
Epoch 247 Relative Error 0.0002695741131901741
Epoch 248 Relative Error 0.0002967421314679086
Epoch 249 Relative Error 0.00029937850194983184
Epoch 250 Relative Error 0.00031019042944535613
Epoch 251 Relative Error 0.00027937840786762536
Epoch 252 Relative Error 0.00029600708512589335
Epoch 253 Relative Error 0.000300813524518162
Epoch 254 Relative Error 0.00028215296333655715
Epoch 255 Relative Error 0.00031167277484200895
Epoch 256 Relative Error 0.0002817008935380727
Epoch 257 Relative Error 0.0002949945046566427
Epoch 258 Relative Error 0.0002892963821068406
Epoch 259 Relative Error 0.00030440647969953716
Epoch 260 Relative Error 0.00033224435173906386
Epoch 261 Relative Error 0.0003462632594164461
Epoch 262 Relative Error 0.0003627728146966547
Epoch 263 Relative Error 0.0003335721848998219
Epoch 264 Relative Error 0.00028348309569992125
Epoch 265 Relative Error 0.0003155034501105547
Epoch 266 Relative Error 0.0003088953671976924
Epoch 267 Relative Error 0.00032921801903285086
Epoch 268 Relative Error 0.00028456345899030566
Epoch 269 Relative Error 0.0003120126493740827
Epoch 270 Relative Error 0.00032566397567279637
Epoch 271 Relative Error 0.00031578060588799417
Epoch 272 Relative Error 0.0003276633797213435
Epoch 273 Relative Error 0.0003224661631975323
Epoch 274 Relative Error 0.0002834197657648474
Epoch 275 Relative Error 0.0003217540215700865
Epoch 276 Relative Error 0.00028567886329256
Epoch 277 Relative Error 0.0002650819660630077
Epoch 278 Relative Error 0.00028133392333984375
Epoch 279 Relative Error 0.0002935969387181103
Epoch 280 Relative Error 0.0003427265619393438
Epoch 281 Relative Error 0.0002707411185838282
Epoch 282 Relative Error 0.0002639080339577049
Epoch 283 Relative Error 0.00031703521381132305
Epoch 284 Relative Error 0.0002934649237431586
Epoch 285 Relative Error 0.0002713959547691047
Epoch 286 Relative Error 0.00033277092734351754
Epoch 287 Relative Error 0.00032859647762961686
Epoch 288 Relative Error 0.00034583828528411686
Epoch 289 Relative Error 0.0003269129665568471
Epoch 290 Relative Error 0.00034320889972150326
Epoch 291 Relative Error 0.00027896073879674077
Epoch 292 Relative Error 0.0003131917619612068
Epoch 293 Relative Error 0.0002892559568863362
Epoch 294 Relative Error 0.0003408749180380255
Epoch 295 Relative Error 0.00032996395020745695
Epoch 296 Relative Error 0.0003443165624048561
Epoch 297 Relative Error 0.0003212986048310995
Epoch 298 Relative Error 0.0003078570880461484
Epoch 299 Relative Error 0.00032929625012911856
Epoch 300 Relative Error 0.0002840121742337942
Epoch 301 Relative Error 0.00027591377147473395
Epoch 302 Relative Error 0.0002874282654374838
Epoch 303 Relative Error 0.0003050674858968705
Epoch 304 Relative Error 0.0002660052268765867
Epoch 305 Relative Error 0.00029832907603122294
Epoch 306 Relative Error 0.0002780545619316399
Epoch 307 Relative Error 0.0002927951281890273
Epoch 308 Relative Error 0.00029871202423237264
Epoch 309 Relative Error 0.00030277649057097733
Epoch 310 Relative Error 0.0002925964363384992
Epoch 311 Relative Error 0.00032132636988535523
Epoch 312 Relative Error 0.00032043896499089897
Epoch 313 Relative Error 0.0003079930320382118
Epoch 314 Relative Error 0.00033363758120685816
Epoch 315 Relative Error 0.0003022806777153164
Epoch 316 Relative Error 0.0002940678095910698
Epoch 317 Relative Error 0.0003359247057233006
Epoch 318 Relative Error 0.00030212957062758505
Epoch 319 Relative Error 0.0002856329665519297
Epoch 320 Relative Error 0.00031324359588325024
Epoch 321 Relative Error 0.00025054014986380935
Epoch 322 Relative Error 0.00026914096088148654
Epoch 323 Relative Error 0.0002947158645838499
Epoch 324 Relative Error 0.0003576439048629254
Epoch 325 Relative Error 0.00032394728623330593
Epoch 326 Relative Error 0.0002765941899269819
Epoch 327 Relative Error 0.00029142596758902073
Epoch 328 Relative Error 0.0003198256017640233
Epoch 329 Relative Error 0.00026826938847079873
Epoch 330 Relative Error 0.0003277748473919928
Epoch 331 Relative Error 0.00028854524134658277
Epoch 332 Relative Error 0.0003250408626627177
Epoch 333 Relative Error 0.0003149104886688292
Epoch 334 Relative Error 0.0002734352310653776
Epoch 335 Relative Error 0.0002904385619331151
Epoch 336 Relative Error 0.00031143802334554493
Epoch 337 Relative Error 0.0002862862020265311
Epoch 338 Relative Error 0.0002900762774515897
Epoch 339 Relative Error 0.0002689075190573931
Epoch 340 Relative Error 0.0003005139296874404
Epoch 341 Relative Error 0.0003020448493771255
Epoch 342 Relative Error 0.00027939610299654305
Epoch 343 Relative Error 0.00033878153772093356
Epoch 344 Relative Error 0.00028931256383657455
Epoch 345 Relative Error 0.0002565393806435168
Epoch 346 Relative Error 0.0003032880777027458
Epoch 347 Relative Error 0.00029768343665637076
Epoch 348 Relative Error 0.0003443692985456437
Epoch 349 Relative Error 0.0003137013118248433
Epoch 350 Relative Error 0.0002479219401720911
Epoch 351 Relative Error 0.000306981906760484
Epoch 352 Relative Error 0.0003150366828776896
Epoch 353 Relative Error 0.0003205831453669816
Epoch 354 Relative Error 0.00031579018104821444
Epoch 355 Relative Error 0.00033530633663758636
Epoch 356 Relative Error 0.00032286072382703424
Epoch 357 Relative Error 0.0003456597332842648
Epoch 358 Relative Error 0.00028918401221744716
Epoch 359 Relative Error 0.00030859053367748857
Epoch 360 Relative Error 0.00029279422597028315
Epoch 361 Relative Error 0.0003301466931588948
Epoch 362 Relative Error 0.00031382209272123873
Epoch 363 Relative Error 0.00032244116300716996
Epoch 364 Relative Error 0.0003321728727314621
Epoch 365 Relative Error 0.00031243267585523427
Epoch 366 Relative Error 0.00031934172147884965
Epoch 367 Relative Error 0.00028673987253569067
Epoch 368 Relative Error 0.00033736982732079923
Epoch 369 Relative Error 0.0003664654213935137
Epoch 370 Relative Error 0.0002949975314550102
Epoch 371 Relative Error 0.00031153298914432526
Epoch 372 Relative Error 0.00031793981906957924
Epoch 373 Relative Error 0.00027170914108864963
Epoch 374 Relative Error 0.00026750535471364856
Epoch 375 Relative Error 0.00027287998818792403
Epoch 376 Relative Error 0.0002691080735530704
Epoch 377 Relative Error 0.0002930846530944109
Epoch 378 Relative Error 0.0003090403915848583
Epoch 379 Relative Error 0.00028438642038963735
Epoch 380 Relative Error 0.00027381579275242984
Epoch 381 Relative Error 0.0002966148895211518
Epoch 382 Relative Error 0.0003309898602310568
Epoch 383 Relative Error 0.00030508398776873946
Epoch 384 Relative Error 0.00033794372575357556
Epoch 385 Relative Error 0.0003297157527413219
Epoch 386 Relative Error 0.0002987327170558274
Epoch 387 Relative Error 0.0002455179637763649
Epoch 388 Relative Error 0.00026423807139508426
Epoch 389 Relative Error 0.00032071510213427246
Epoch 390 Relative Error 0.00029583676951006055
Epoch 391 Relative Error 0.00028168424614705145
Epoch 392 Relative Error 0.0002474004286341369
Epoch 393 Relative Error 0.0002985124883707613
Epoch 394 Relative Error 0.0002784377138596028
Epoch 395 Relative Error 0.00031153744203038514
Epoch 396 Relative Error 0.00033930252538993955
Epoch 397 Relative Error 0.00031933962600305676
Epoch 398 Relative Error 0.0002861367247533053
Epoch 399 Relative Error 0.00028571352595463395
Epoch 400 Relative Error 0.00028086264501325786
Epoch 401 Relative Error 0.00027119903825223446
Epoch 402 Relative Error 0.00031398102873936296
Epoch 403 Relative Error 0.00030385798891074955
Epoch 404 Relative Error 0.0002600453735794872
Epoch 405 Relative Error 0.0003323635901324451
Epoch 406 Relative Error 0.00028386307531036437
Epoch 407 Relative Error 0.0003180608036927879
Epoch 408 Relative Error 0.00031013728585094213
Epoch 409 Relative Error 0.000289775402052328
Epoch 410 Relative Error 0.00026377703761681914
Epoch 411 Relative Error 0.00032697644201107323
Epoch 412 Relative Error 0.00029988528694957495
Epoch 413 Relative Error 0.0003460899752099067
Epoch 414 Relative Error 0.00033643495407886803
Epoch 415 Relative Error 0.0002858509251382202
Epoch 416 Relative Error 0.00033474501105956733
Epoch 417 Relative Error 0.00032568007009103894
Epoch 418 Relative Error 0.00032562180422246456
Epoch 419 Relative Error 0.0002870715979952365
Epoch 420 Relative Error 0.000322779145790264
Epoch 421 Relative Error 0.0003175998863298446
Epoch 422 Relative Error 0.0002796680782921612
Epoch 423 Relative Error 0.00030653103021904826
Epoch 424 Relative Error 0.0003135974402539432
Epoch 425 Relative Error 0.0002944952866528183
Epoch 426 Relative Error 0.0002910264884121716
Epoch 427 Relative Error 0.0002590431540738791
Epoch 428 Relative Error 0.00026498365332372487
Epoch 429 Relative Error 0.0002998730924446136
Epoch 430 Relative Error 0.0002644761698320508
Epoch 431 Relative Error 0.0003042509488295764
Epoch 432 Relative Error 0.0002751305582933128
Epoch 433 Relative Error 0.00029857398476451635
Epoch 434 Relative Error 0.0002677223237697035
Epoch 435 Relative Error 0.0003048857906833291
Epoch 436 Relative Error 0.0003201895742677152
Epoch 437 Relative Error 0.0004033939039800316
Epoch 438 Relative Error 0.00034862945904023945
Epoch 439 Relative Error 0.0003057231951970607
Epoch 440 Relative Error 0.0003608789120335132
Epoch 441 Relative Error 0.00030412193154916167
Epoch 442 Relative Error 0.0002849574957508594
Epoch 443 Relative Error 0.0002738995826803148
Epoch 444 Relative Error 0.0003073227999266237
Epoch 445 Relative Error 0.00028618864598684013
Epoch 446 Relative Error 0.00027154371491633356
Epoch 447 Relative Error 0.00030375851201824844
Epoch 448 Relative Error 0.0002725478552747518
Epoch 449 Relative Error 0.0002991356886923313
Epoch 450 Relative Error 0.0003042715252377093
Epoch 451 Relative Error 0.00030328508000820875
Epoch 452 Relative Error 0.00030801116372458637
Epoch 453 Relative Error 0.00031827515340410173
Epoch 454 Relative Error 0.00025481265038251877
Epoch 455 Relative Error 0.000295216275844723
Epoch 456 Relative Error 0.0003080086025875062
Epoch 457 Relative Error 0.0002982061996590346
Epoch 458 Relative Error 0.00034765928285196424
Epoch 459 Relative Error 0.000339123624144122
Epoch 460 Relative Error 0.00031709836912341416
Epoch 461 Relative Error 0.00027986124041490257
Epoch 462 Relative Error 0.00030417193192988634
Epoch 463 Relative Error 0.00030583233456127346
Epoch 464 Relative Error 0.00026082308613695204
Epoch 465 Relative Error 0.0003256488125771284
Epoch 466 Relative Error 0.0002866068098228425
Epoch 467 Relative Error 0.00032856149482540786
Epoch 468 Relative Error 0.00026793888537213206
Epoch 469 Relative Error 0.0003373048093635589
Epoch 470 Relative Error 0.0003305839200038463
Epoch 471 Relative Error 0.00030974423862062395
Epoch 472 Relative Error 0.0002868999436032027
Epoch 473 Relative Error 0.0002677049196790904
Epoch 474 Relative Error 0.00025552563602104783
Epoch 475 Relative Error 0.0003283080004621297
Epoch 476 Relative Error 0.00031200458761304617
Epoch 477 Relative Error 0.00032796437153592706
Epoch 478 Relative Error 0.0004083650710526854
Epoch 479 Relative Error 0.0003547550004441291
Epoch 480 Relative Error 0.0003123901260551065
Epoch 481 Relative Error 0.0002935794764198363
Epoch 482 Relative Error 0.00029852843726985157
Epoch 483 Relative Error 0.00028236632351763546
Epoch 484 Relative Error 0.0002681850746739656
Epoch 485 Relative Error 0.00026869194698520005
Epoch 486 Relative Error 0.00032318226294592023
Epoch 487 Relative Error 0.00031191055313684046
Epoch 488 Relative Error 0.0003185288223903626
Epoch 489 Relative Error 0.0002719377516768873
Epoch 490 Relative Error 0.0003696907951962203
Epoch 491 Relative Error 0.00036846500006504357
Epoch 492 Relative Error 0.0002854643389582634
Epoch 493 Relative Error 0.00032380633638240397
Epoch 494 Relative Error 0.0002991907822433859
Epoch 495 Relative Error 0.00029654905665665865
Epoch 496 Relative Error 0.00031855248380452394
Epoch 497 Relative Error 0.00030641135526821017
Epoch 498 Relative Error 0.0003142461646348238
Epoch 499 Relative Error 0.000290433585178107
Epoch 500 Relative Error 0.0003054172557312995
Epoch 501 Relative Error 0.00030137368594296277
Epoch 502 Relative Error 0.0003185365640092641
Epoch 503 Relative Error 0.00028455923893488944
Epoch 504 Relative Error 0.00034083097125403583
Epoch 505 Relative Error 0.00025704436120577157
Epoch 506 Relative Error 0.00026705293566919863
Epoch 507 Relative Error 0.000257699575740844
Epoch 508 Relative Error 0.0002561616711318493
Epoch 509 Relative Error 0.0002537823747843504
Epoch 510 Relative Error 0.0002638743899296969
Epoch 511 Relative Error 0.00027059862622991204
Epoch 512 Relative Error 0.0003200060164090246
Epoch 513 Relative Error 0.0003300622047390789
Epoch 514 Relative Error 0.0003452778037171811
Epoch 515 Relative Error 0.00028719569672830403
Epoch 516 Relative Error 0.00031622755341231823
Epoch 517 Relative Error 0.00031651181052438915
Epoch 518 Relative Error 0.00029167093452997506
Epoch 519 Relative Error 0.00032290941453538835
Epoch 520 Relative Error 0.0002409155567875132
Epoch 521 Relative Error 0.00029298337176442146
Epoch 522 Relative Error 0.00036411898327060044
Epoch 523 Relative Error 0.00025826899218373
Epoch 524 Relative Error 0.0003370941267348826
Epoch 525 Relative Error 0.0003586077073123306
Epoch 526 Relative Error 0.0003060736053157598
Epoch 527 Relative Error 0.00032844417728483677
Epoch 528 Relative Error 0.0002909483155235648
Epoch 529 Relative Error 0.00029011021251790226
Epoch 530 Relative Error 0.00029397287289611995
Epoch 531 Relative Error 0.0002712994464673102
Epoch 532 Relative Error 0.00029193374211899936
Epoch 533 Relative Error 0.00031634734477847815
Epoch 534 Relative Error 0.00031547315302304924
Epoch 535 Relative Error 0.00035530232707969844
Epoch 536 Relative Error 0.00036533729871734977
Epoch 537 Relative Error 0.0003444927278906107
Epoch 538 Relative Error 0.00028428135556168854
Epoch 539 Relative Error 0.00034774531377479434
Epoch 540 Relative Error 0.0003719738742802292
Epoch 541 Relative Error 0.0002603346947580576
Epoch 542 Relative Error 0.00034235251951031387
Epoch 543 Relative Error 0.00029076464124955237
Epoch 544 Relative Error 0.000346454355167225
Epoch 545 Relative Error 0.0002852692559827119
Epoch 546 Relative Error 0.0002982704318128526
Epoch 547 Relative Error 0.0003072676481679082
Epoch 548 Relative Error 0.00029556607478298247
Epoch 549 Relative Error 0.00034466737997718155
Epoch 550 Relative Error 0.0003288149309810251
Epoch 551 Relative Error 0.0003613134613260627
Epoch 552 Relative Error 0.0003459239669609815
Epoch 553 Relative Error 0.00035651377402246
Epoch 554 Relative Error 0.00040265516145154834
Epoch 555 Relative Error 0.00032587387249805033
Epoch 556 Relative Error 0.00028929213294759393
Epoch 557 Relative Error 0.0003747048613149673
Epoch 558 Relative Error 0.0002968337794300169
Epoch 559 Relative Error 0.0003407238400541246
Epoch 560 Relative Error 0.00031530330306850374
Epoch 561 Relative Error 0.0003407587355468422
Epoch 562 Relative Error 0.00029742668266408145
Epoch 563 Relative Error 0.0003350487968418747
Epoch 564 Relative Error 0.0003081385511904955
Epoch 565 Relative Error 0.0002956154348794371
Epoch 566 Relative Error 0.000277903483947739
Epoch 567 Relative Error 0.0003277980722486973
Epoch 568 Relative Error 0.00030840124236419797
Epoch 569 Relative Error 0.0003474500263109803
Epoch 570 Relative Error 0.00031247790320776403
Epoch 571 Relative Error 0.00028954457957297564
Epoch 572 Relative Error 0.00030495686223730445
Epoch 573 Relative Error 0.00034956325544044375
Epoch 574 Relative Error 0.0003431549994274974
Epoch 575 Relative Error 0.0002822423994075507
Epoch 576 Relative Error 0.0002735169546213001
Epoch 577 Relative Error 0.00032250594813376665
Epoch 578 Relative Error 0.0003186241665389389
Epoch 579 Relative Error 0.0002551910001784563
Epoch 580 Relative Error 0.00025752626243047416
Epoch 581 Relative Error 0.00032493198523297906
Epoch 582 Relative Error 0.00031206736457534134
Epoch 583 Relative Error 0.00030831730691716075
Epoch 584 Relative Error 0.0002806390984915197
Epoch 585 Relative Error 0.00030373380286619067
Epoch 586 Relative Error 0.0003255179326515645
Epoch 587 Relative Error 0.00028874821146018803
Epoch 588 Relative Error 0.00035784218925982714
Epoch 589 Relative Error 0.0003346082230564207
Epoch 590 Relative Error 0.0003005281323567033
Epoch 591 Relative Error 0.0002961974823847413
Epoch 592 Relative Error 0.00025353010278195143
Epoch 593 Relative Error 0.0003070910752285272
Epoch 594 Relative Error 0.0003376425302121788
Epoch 595 Relative Error 0.0003122066264040768
Epoch 596 Relative Error 0.0003342671552672982
Epoch 597 Relative Error 0.0003458853461779654
Epoch 598 Relative Error 0.0003251151356380433
Epoch 599 Relative Error 0.00031033114646561444
Epoch 600 Relative Error 0.0002802584785968065
Epoch 601 Relative Error 0.00031260240939445794
Epoch 602 Relative Error 0.00026286591310054064
Epoch 603 Relative Error 0.00030133238760754466
Epoch 604 Relative Error 0.000296259910101071
Epoch 605 Relative Error 0.0003208014531992376
Epoch 606 Relative Error 0.00035045217373408377
Epoch 607 Relative Error 0.00044033071026206017
Epoch 608 Relative Error 0.0003605381934903562
Epoch 609 Relative Error 0.00035971857141703367
Epoch 610 Relative Error 0.00033648990211077034
Epoch 611 Relative Error 0.00031464308267459273
Epoch 612 Relative Error 0.00032119418028742075
Epoch 613 Relative Error 0.00029999748221598566
Epoch 614 Relative Error 0.00028271469636820257
Epoch 615 Relative Error 0.00030264086672104895
Epoch 616 Relative Error 0.0002979347773361951
Epoch 617 Relative Error 0.0002810038859024644
Epoch 618 Relative Error 0.00025860281311906874
Epoch 619 Relative Error 0.000321688101394102
Epoch 620 Relative Error 0.00028113657026551664
Epoch 621 Relative Error 0.00028032963746227324
Epoch 622 Relative Error 0.0002752346626948565
Epoch 623 Relative Error 0.0003334046923555434
Epoch 624 Relative Error 0.0002661623293533921
Epoch 625 Relative Error 0.0002862676919903606
Epoch 626 Relative Error 0.00032651054789312184
Epoch 627 Relative Error 0.00030884193256497383
Epoch 628 Relative Error 0.00028332581860013306
Epoch 629 Relative Error 0.0003260076919104904
Epoch 630 Relative Error 0.0002798739878926426
Epoch 631 Relative Error 0.00026404004893265665
Epoch 632 Relative Error 0.00030011104536242783
Epoch 633 Relative Error 0.00026503746630623937
Epoch 634 Relative Error 0.0002995131362695247
Epoch 635 Relative Error 0.00027838576352223754
Epoch 636 Relative Error 0.0002799256471917033
Epoch 637 Relative Error 0.0002890531613957137
Epoch 638 Relative Error 0.00030606368090957403
Epoch 639 Relative Error 0.00029630601056851447
Epoch 640 Relative Error 0.000291497417492792
Epoch 641 Relative Error 0.0002925526350736618
Epoch 642 Relative Error 0.0002868223818950355
Epoch 643 Relative Error 0.0003075642162002623
Epoch 644 Relative Error 0.0002716134476941079
Epoch 645 Relative Error 0.00026321312179788947
Epoch 646 Relative Error 0.00024969899095594883
Epoch 647 Relative Error 0.0002520758716855198
Epoch 648 Relative Error 0.0002719704352784902
Epoch 649 Relative Error 0.00029473952599801123
Epoch 650 Relative Error 0.00026264553889632225
Epoch 651 Relative Error 0.00024060533905867487
Epoch 652 Relative Error 0.0002967293548863381
Epoch 653 Relative Error 0.0002719757321756333
Epoch 654 Relative Error 0.0003365567827131599
Epoch 655 Relative Error 0.0003131246194243431
Epoch 656 Relative Error 0.000271368509856984
Epoch 657 Relative Error 0.0002557513944339007
Epoch 658 Relative Error 0.0002753334993030876
Epoch 659 Relative Error 0.0002863569825422019
Epoch 660 Relative Error 0.00026295738643966615
Epoch 661 Relative Error 0.0002538324042689055
Epoch 662 Relative Error 0.00029881851514801383
Epoch 663 Relative Error 0.00033076253021135926
Epoch 664 Relative Error 0.0002933904470410198
Epoch 665 Relative Error 0.0003562719211913645
Epoch 666 Relative Error 0.00039756353362463415
Epoch 667 Relative Error 0.0003291931643616408
Epoch 668 Relative Error 0.000320927967550233
Epoch 669 Relative Error 0.0002839934022631496
Epoch 670 Relative Error 0.00028686714358627796
Epoch 671 Relative Error 0.00032659730641171336
Epoch 672 Relative Error 0.00029531330801546574
Epoch 673 Relative Error 0.00030272759613581
Epoch 674 Relative Error 0.0002962371800094843
Epoch 675 Relative Error 0.0002840250381268561
Epoch 676 Relative Error 0.00027545320335775614
Epoch 677 Relative Error 0.00026982423150911927
Epoch 678 Relative Error 0.00026587926549836993
Epoch 679 Relative Error 0.00023707257059868425
Epoch 680 Relative Error 0.0002965589228551835
Epoch 681 Relative Error 0.0003628404811024666
Epoch 682 Relative Error 0.0002979931596200913
Epoch 683 Relative Error 0.000299658888252452
Epoch 684 Relative Error 0.0002692150592338294
Epoch 685 Relative Error 0.0003021583252120763
Epoch 686 Relative Error 0.00032092173933051527
Epoch 687 Relative Error 0.00027717670309357345
Epoch 688 Relative Error 0.00026984556461684406
Epoch 689 Relative Error 0.0002809160796459764
Epoch 690 Relative Error 0.00031260252580977976
Epoch 691 Relative Error 0.000261299021076411
Epoch 692 Relative Error 0.00027920890715904534
Epoch 693 Relative Error 0.00030162144685164094
Epoch 694 Relative Error 0.00026459991931915283
Epoch 695 Relative Error 0.000250316719757393
Epoch 696 Relative Error 0.0002982307632919401
Epoch 697 Relative Error 0.000313937955070287
Epoch 698 Relative Error 0.00026730328681878746
Epoch 699 Relative Error 0.00029934884514659643
Epoch 700 Relative Error 0.0003415786777622998
Epoch 701 Relative Error 0.00033743205131031573
Epoch 702 Relative Error 0.00036491535138338804
Epoch 703 Relative Error 0.00032364195794798434
Epoch 704 Relative Error 0.0003359994734637439
Epoch 705 Relative Error 0.00038118509110063314
Epoch 706 Relative Error 0.0002877603401429951
Epoch 707 Relative Error 0.00032991840271279216
Epoch 708 Relative Error 0.0003317940281704068
Epoch 709 Relative Error 0.0003028363862540573
Epoch 710 Relative Error 0.0003158314502798021
Epoch 711 Relative Error 0.0003119832254014909
Epoch 712 Relative Error 0.00035082362592220306
Epoch 713 Relative Error 0.00033428968163207173
Epoch 714 Relative Error 0.0004030199197586626
Epoch 715 Relative Error 0.000347085326211527
Epoch 716 Relative Error 0.0003265584819018841
Epoch 717 Relative Error 0.00035667416523210704
Epoch 718 Relative Error 0.0003317188238725066
Epoch 719 Relative Error 0.0003202138177584857
Epoch 720 Relative Error 0.00033584426273591816
Epoch 721 Relative Error 0.00026691838866099715
Epoch 722 Relative Error 0.00029914735932834446
Epoch 723 Relative Error 0.000327225134242326
Epoch 724 Relative Error 0.00032703380566090345
Epoch 725 Relative Error 0.0003091896651312709
Epoch 726 Relative Error 0.0003335226501803845
Epoch 727 Relative Error 0.0003243408282287419
Epoch 728 Relative Error 0.0003584561054594815
Epoch 729 Relative Error 0.0003141386841889471
Epoch 730 Relative Error 0.0002855681232176721
Epoch 731 Relative Error 0.0002675883879419416
Epoch 732 Relative Error 0.0002994724491145462
Epoch 733 Relative Error 0.0003200456267222762
Epoch 734 Relative Error 0.0003436574770603329
Epoch 735 Relative Error 0.00035925424890592694
Epoch 736 Relative Error 0.0003252133319620043
Epoch 737 Relative Error 0.0002962839789688587
Epoch 738 Relative Error 0.0002735751331783831
Epoch 739 Relative Error 0.0002926043816842139
Epoch 740 Relative Error 0.000290179654257372
Epoch 741 Relative Error 0.0002821050875354558
Epoch 742 Relative Error 0.00027488250634633005
Epoch 743 Relative Error 0.0002748027618508786
Epoch 744 Relative Error 0.0003054640837945044
Epoch 745 Relative Error 0.00028716039378196
Epoch 746 Relative Error 0.00027665396919474006
Epoch 747 Relative Error 0.0003466543275862932
Epoch 748 Relative Error 0.00033264310332015157
Epoch 749 Relative Error 0.00033588308724574745
Epoch 750 Relative Error 0.00032986613223329186
Epoch 751 Relative Error 0.0002561861474532634
Epoch 752 Relative Error 0.00025215218192897737
Epoch 753 Relative Error 0.0002935347147285938
Epoch 754 Relative Error 0.000288463692413643
Epoch 755 Relative Error 0.0002650845854077488
Epoch 756 Relative Error 0.0002885397698264569
Epoch 757 Relative Error 0.0002826298587024212
Epoch 758 Relative Error 0.0002584333124104887
Epoch 759 Relative Error 0.0002848160220310092
Epoch 760 Relative Error 0.0003092520637437701
Epoch 761 Relative Error 0.0002807050186675042
Epoch 762 Relative Error 0.00026233226526528597
Epoch 763 Relative Error 0.00028148412820883095
Epoch 764 Relative Error 0.00025879006716422737
Epoch 765 Relative Error 0.00034237978979945183
Epoch 766 Relative Error 0.0003518888261169195
Epoch 767 Relative Error 0.000328274181811139
Epoch 768 Relative Error 0.0003439759311731905
Epoch 769 Relative Error 0.00035010805004276335
Epoch 770 Relative Error 0.00028581745573319495
Epoch 771 Relative Error 0.0003547648957464844
Epoch 772 Relative Error 0.00024413326173089445
Epoch 773 Relative Error 0.00026194803649559617
Epoch 774 Relative Error 0.00031109192059375346
Epoch 775 Relative Error 0.000273428886430338
Epoch 776 Relative Error 0.00027870701160281897
Epoch 777 Relative Error 0.0002671763068065047
Epoch 778 Relative Error 0.0002919242833741009
Epoch 779 Relative Error 0.00034265749854967
Epoch 780 Relative Error 0.0002759718045126647
Epoch 781 Relative Error 0.00026763626374304295
Epoch 782 Relative Error 0.00028397716232575476
Epoch 783 Relative Error 0.00029669838841073215
Epoch 784 Relative Error 0.0002529770717956126
Epoch 785 Relative Error 0.0003478576254565269
Epoch 786 Relative Error 0.00032038672361522913
Epoch 787 Relative Error 0.0003101016045548022
Epoch 788 Relative Error 0.0002583694877102971
Epoch 789 Relative Error 0.00028666655998677015
Epoch 790 Relative Error 0.00028821435989812016
Epoch 791 Relative Error 0.0002798067289404571
Epoch 792 Relative Error 0.000301047955872491
Epoch 793 Relative Error 0.0003060318704228848
Epoch 794 Relative Error 0.00028666635625995696
Epoch 795 Relative Error 0.00028577158809639513
Epoch 796 Relative Error 0.00027540631708689034
Epoch 797 Relative Error 0.0003511043614707887
Epoch 798 Relative Error 0.0002780100330710411
Epoch 799 Relative Error 0.000310661387629807
Epoch 800 Relative Error 0.00036060306592844427
Epoch 801 Relative Error 0.00032662192825227976
Epoch 802 Relative Error 0.0003603233490139246
Epoch 803 Relative Error 0.00032962163095362484
Epoch 804 Relative Error 0.00035980838583782315
Epoch 805 Relative Error 0.00033427870948798954
Epoch 806 Relative Error 0.0003539854660630226
Epoch 807 Relative Error 0.00034257941297255456
Epoch 808 Relative Error 0.00031832142849452794
Epoch 809 Relative Error 0.00035460168146528304
Epoch 810 Relative Error 0.00038020205101929605
Epoch 811 Relative Error 0.0003122276975773275
Epoch 812 Relative Error 0.0003308808372821659
Epoch 813 Relative Error 0.00030455179512500763
Epoch 814 Relative Error 0.0002928214380517602
Epoch 815 Relative Error 0.0002752468571998179
Epoch 816 Relative Error 0.0002799959620460868
Epoch 817 Relative Error 0.00025393813848495483
Epoch 818 Relative Error 0.00032442479277960956
Epoch 819 Relative Error 0.00030331569723784924
Epoch 820 Relative Error 0.00030256278114393353
Epoch 821 Relative Error 0.0003323628334328532
Epoch 822 Relative Error 0.0003362717980053276
Epoch 823 Relative Error 0.00029376885504461825
Epoch 824 Relative Error 0.0003194868622813374
Epoch 825 Relative Error 0.0002933075011242181
Epoch 826 Relative Error 0.00032076542265713215
Epoch 827 Relative Error 0.00033572662505321205
Epoch 828 Relative Error 0.0002956620301119983
Epoch 829 Relative Error 0.0003659743524622172
Epoch 830 Relative Error 0.00041201082058250904
Epoch 831 Relative Error 0.0003769753675442189
Epoch 832 Relative Error 0.0003426345356274396
Epoch 833 Relative Error 0.00035453063901513815
Epoch 834 Relative Error 0.0003668030258268118
Epoch 835 Relative Error 0.00035245902836322784
Epoch 836 Relative Error 0.00036713562440127134
Epoch 837 Relative Error 0.00032725208438932896
Epoch 838 Relative Error 0.0003586685343179852
Epoch 839 Relative Error 0.0003253433096688241
Epoch 840 Relative Error 0.00032419711351394653
Epoch 841 Relative Error 0.0003034427063539624
Epoch 842 Relative Error 0.00033335149055346847
Epoch 843 Relative Error 0.0002443179546389729
Epoch 844 Relative Error 0.00032336910953745246
Epoch 845 Relative Error 0.00039320261566899717
Epoch 846 Relative Error 0.0002875496575143188
Epoch 847 Relative Error 0.00029067747527733445
Epoch 848 Relative Error 0.00030061035067774355
Epoch 849 Relative Error 0.00022605431149713695
Epoch 850 Relative Error 0.0002831093443091959
Epoch 851 Relative Error 0.00035528649459593
Epoch 852 Relative Error 0.0003798371471930295
Epoch 853 Relative Error 0.0003304760030005127
Epoch 854 Relative Error 0.00029390776762738824
Epoch 855 Relative Error 0.00037094554863870144
Epoch 856 Relative Error 0.0003301282413303852
Epoch 857 Relative Error 0.00030667809187434614
Epoch 858 Relative Error 0.0002978596603497863
Epoch 859 Relative Error 0.0003010178916156292
Epoch 860 Relative Error 0.00033472900395281613
Epoch 861 Relative Error 0.0002867947914637625
Epoch 862 Relative Error 0.00030548268114216626
Epoch 863 Relative Error 0.00030414501088671386
Epoch 864 Relative Error 0.00029936013743281364
Epoch 865 Relative Error 0.00034545856760814786
Epoch 866 Relative Error 0.0003336453519295901
Epoch 867 Relative Error 0.00030074556707404554
Epoch 868 Relative Error 0.00033914687810465693
Epoch 869 Relative Error 0.0003723945701494813
Epoch 870 Relative Error 0.0003951092658098787
Epoch 871 Relative Error 0.0003381019632797688
Epoch 872 Relative Error 0.00031640715315006673
Epoch 873 Relative Error 0.0002904804714489728
Epoch 874 Relative Error 0.0002994753303937614
Epoch 875 Relative Error 0.0002859076193999499
Epoch 876 Relative Error 0.0003366743912920356
Epoch 877 Relative Error 0.00031541427597403526
Epoch 878 Relative Error 0.00032383386860601604
Epoch 879 Relative Error 0.000304261629935354
Epoch 880 Relative Error 0.0002509846817702055
Epoch 881 Relative Error 0.0003124345385003835
Epoch 882 Relative Error 0.00026186127797700465
Epoch 883 Relative Error 0.0002563488087616861
Epoch 884 Relative Error 0.0002872330660466105
Epoch 885 Relative Error 0.0003015609399881214
Epoch 886 Relative Error 0.00026512579643167555
Epoch 887 Relative Error 0.0003351312770973891
Epoch 888 Relative Error 0.00029639009153470397
Epoch 889 Relative Error 0.0002529541961848736
Epoch 890 Relative Error 0.00026498816441744566
Epoch 891 Relative Error 0.00030727710691280663
Epoch 892 Relative Error 0.0002602679014671594
Epoch 893 Relative Error 0.0002857951621990651
Epoch 894 Relative Error 0.0003010959189850837
Epoch 895 Relative Error 0.00030925095779821277
Epoch 896 Relative Error 0.00027813485939987004
Epoch 897 Relative Error 0.00028605241095647216
Epoch 898 Relative Error 0.00028292168281041086
Epoch 899 Relative Error 0.00036211669794283807
Epoch 900 Relative Error 0.00032839603954926133
Epoch 901 Relative Error 0.0002874318743124604
Epoch 902 Relative Error 0.000295006058877334
Epoch 903 Relative Error 0.00026124727446585894
Epoch 904 Relative Error 0.00027243822114542127
Epoch 905 Relative Error 0.0003044214681722224
Epoch 906 Relative Error 0.00024895224487408996
Epoch 907 Relative Error 0.0003372452629264444
Epoch 908 Relative Error 0.0003517430159263313
Epoch 909 Relative Error 0.0002663822378963232
Epoch 910 Relative Error 0.00026263727340847254
Epoch 911 Relative Error 0.00030153495026752353
Epoch 912 Relative Error 0.0003533156414050609
Epoch 913 Relative Error 0.0002834289625752717
Epoch 914 Relative Error 0.00032614258816465735
Epoch 915 Relative Error 0.0003162074717693031
Epoch 916 Relative Error 0.0003013609675690532
Epoch 917 Relative Error 0.00029435555916279554
Epoch 918 Relative Error 0.0002958165714517236
Epoch 919 Relative Error 0.00028868598747067153
Epoch 920 Relative Error 0.00035902895615436137
Epoch 921 Relative Error 0.0003395817766431719
Epoch 922 Relative Error 0.00030702067306265235
Epoch 923 Relative Error 0.0003080599126406014
Epoch 924 Relative Error 0.0002923796128015965
Epoch 925 Relative Error 0.00033535275724716485
Epoch 926 Relative Error 0.0003760065883398056
Epoch 927 Relative Error 0.00038367119850590825
Epoch 928 Relative Error 0.0003062174073420465
Epoch 929 Relative Error 0.00031559279887005687
Epoch 930 Relative Error 0.0003069125523325056
Epoch 931 Relative Error 0.00028283343999646604
Epoch 932 Relative Error 0.0002802947710733861
Epoch 933 Relative Error 0.00032115355134010315
Epoch 934 Relative Error 0.0003116212028544396
Epoch 935 Relative Error 0.0002880356041714549
Epoch 936 Relative Error 0.0002790445287246257
Epoch 937 Relative Error 0.00032017467310652137
Epoch 938 Relative Error 0.0002797540801111609
Epoch 939 Relative Error 0.00030061419238336384
Epoch 940 Relative Error 0.0003283418482169509
Epoch 941 Relative Error 0.00026766228256747127
Epoch 942 Relative Error 0.0002572107478044927
Epoch 943 Relative Error 0.00032631817157380283
Epoch 944 Relative Error 0.0003091642283834517
Epoch 945 Relative Error 0.0002688186359591782
Epoch 946 Relative Error 0.0002624618646223098
Epoch 947 Relative Error 0.0002664111088961363
Epoch 948 Relative Error 0.00025639464729465544
Epoch 949 Relative Error 0.00032484138500876725
Epoch 950 Relative Error 0.00024372425104957074
Epoch 951 Relative Error 0.0003161892818752676
Epoch 952 Relative Error 0.00030842694104649127
Epoch 953 Relative Error 0.0002855339553207159
Epoch 954 Relative Error 0.0003358724061399698
Epoch 955 Relative Error 0.00027717341436073184
Epoch 956 Relative Error 0.00030054498347453773
Epoch 957 Relative Error 0.00033725539105944335
Epoch 958 Relative Error 0.00031675660284236073
Epoch 959 Relative Error 0.00035386293893679976
Epoch 960 Relative Error 0.00041637991671450436
Epoch 961 Relative Error 0.00041803831118158996
Epoch 962 Relative Error 0.00037886493373662233
Epoch 963 Relative Error 0.00041720649460330606
Epoch 964 Relative Error 0.0003425346512813121
Epoch 965 Relative Error 0.0003682590031530708
Epoch 966 Relative Error 0.00037292338674888015
Epoch 967 Relative Error 0.00033193553099408746
Epoch 968 Relative Error 0.000273695623036474
Epoch 969 Relative Error 0.0003246697597205639
Epoch 970 Relative Error 0.0002842725662048906
Epoch 971 Relative Error 0.0002889044408220798
Epoch 972 Relative Error 0.0003182683722116053
Epoch 973 Relative Error 0.0002981661818921566
Epoch 974 Relative Error 0.00027554528787732124
Epoch 975 Relative Error 0.00036457349779084325
Epoch 976 Relative Error 0.00030767207499593496
Epoch 977 Relative Error 0.00029296238790266216
Epoch 978 Relative Error 0.0003186244866810739
Epoch 979 Relative Error 0.0003204542736057192
Epoch 980 Relative Error 0.00027323298854753375
Epoch 981 Relative Error 0.0003229704743716866
Epoch 982 Relative Error 0.00031310698250308633
Epoch 983 Relative Error 0.0004200267721898854
Epoch 984 Relative Error 0.0003570564149413258
Epoch 985 Relative Error 0.00030830962350592017
Epoch 986 Relative Error 0.0002693384885787964
Epoch 987 Relative Error 0.00032433748128823936
Epoch 988 Relative Error 0.00036296609323471785
Epoch 989 Relative Error 0.00034394118119962513
Epoch 990 Relative Error 0.0003525189822539687
Epoch 991 Relative Error 0.00033073703525587916
Epoch 992 Relative Error 0.0003604838566388935
Epoch 993 Relative Error 0.00029921199893578887
Epoch 994 Relative Error 0.00033352876198478043
Epoch 995 Relative Error 0.00034817957202903926
Epoch 996 Relative Error 0.00038178733666427433
Epoch 997 Relative Error 0.0003987542004324496
Epoch 998 Relative Error 0.0003209503192920238
Epoch 999 Relative Error 0.0003108076343778521
Epoch 1000 Relative Error 0.00032827717950567603
RE (2, 6, 6, 0): 0.00022605431149713695
Green's Function RE (2, 6, 6, 0): 0.15427656471729279
Bias Term RE (2, 6, 6, 0): 0.13987621665000916
Combination (2, 6, 6, 0, 0): 0.14915648102760315
Combination (2, 6, 6, 0, 1): 0.14921946823596954
Combination (2, 6, 6, 0, 2): 0.14926204085350037
Combination (2, 6, 6, 0, 3): 0.14927594363689423
Combination (2, 6, 6, 0, 4): 0.14928282797336578

/home/gridsan/gstepaniants/.local/lib/python3.8/site-packages/torch/functional.py:478: UserWarning: torch.meshgrid: in an upcoming release, it will be required to pass the indexing argument. (Triggered internally at  ../aten/src/ATen/native/TensorShape.cpp:2895.)
  return _VF.meshgrid(tensors, **kwargs)  # type: ignore[attr-defined]
