[KeOps] Warning : Cuda libraries were not detected on the system ; using cpu only mode
1
Kernel: SquaredExponential
Weight Mesh: 100
RKHS Kernel Width: 1.0
Lambda: 1e-06
Green's Function Learning Rate: 100
Bias Term Learning Rate: 100
Epoch 1 Relative Error 71741.5859375
First epoch had re = 71741.5859375 > 1
Green's Function Learning Rate: 50
Bias Term Learning Rate: 50
Epoch 1 Relative Error 34711.0703125
First epoch had re = 34711.0703125 > 1
Green's Function Learning Rate: 10
Bias Term Learning Rate: 10
Epoch 1 Relative Error 6272.90283203125
First epoch had re = 6272.90283203125 > 1
Green's Function Learning Rate: 5
Bias Term Learning Rate: 5
Epoch 1 Relative Error 3541.3056640625
First epoch had re = 3541.3056640625 > 1
Green's Function Learning Rate: 1
Bias Term Learning Rate: 1
Epoch 1 Relative Error 542.2822265625
First epoch had re = 542.2822265625 > 1
Green's Function Learning Rate: 0.5
Bias Term Learning Rate: 0.5
Epoch 1 Relative Error 372.74725341796875
First epoch had re = 372.74725341796875 > 1
Green's Function Learning Rate: 0.1
Bias Term Learning Rate: 0.1
Epoch 1 Relative Error 61.82209777832031
First epoch had re = 61.82209777832031 > 1
Green's Function Learning Rate: 0.05
Bias Term Learning Rate: 0.05
Epoch 1 Relative Error 35.510005950927734
First epoch had re = 35.510005950927734 > 1
Green's Function Learning Rate: 0.01
Bias Term Learning Rate: 0.01
Epoch 1 Relative Error 3.7676095962524414
First epoch had re = 3.7676095962524414 > 1
Green's Function Learning Rate: 0.005
Bias Term Learning Rate: 0.005
Epoch 1 Relative Error 2.617736577987671
First epoch had re = 2.617736577987671 > 1
Green's Function Learning Rate: 0.001
Bias Term Learning Rate: 0.001
Epoch 1 Relative Error 0.7973086833953857
Epoch 2 Relative Error 0.8984946608543396
Epoch 3 Relative Error 0.8123234510421753
Epoch 4 Relative Error 0.8441587090492249
Epoch 5 Relative Error 0.8416550159454346
Epoch 6 Relative Error 0.828146755695343
Epoch 7 Relative Error 0.8334507942199707
Epoch 8 Relative Error 0.8342686295509338
Epoch 9 Relative Error 0.8269359469413757
Epoch 10 Relative Error 0.8545515537261963
Epoch 11 Relative Error 0.8066796064376831
Epoch 12 Relative Error 0.8497930765151978
Epoch 13 Relative Error 0.8160638213157654
Epoch 14 Relative Error 0.8353919386863708
Epoch 15 Relative Error 0.8276870250701904
Epoch 16 Relative Error 0.8224102854728699
Epoch 17 Relative Error 0.827482283115387
Epoch 18 Relative Error 0.8196592926979065
Epoch 19 Relative Error 0.8400965332984924
Epoch 20 Relative Error 0.8122302889823914
Epoch 21 Relative Error 0.7973437309265137
Epoch 22 Relative Error 0.8734577298164368
Epoch 23 Relative Error 0.7932397127151489
Epoch 24 Relative Error 0.8251708149909973
Epoch 25 Relative Error 0.874249279499054
Epoch 26 Relative Error 0.7998339533805847
Epoch 27 Relative Error 0.7972828149795532
Epoch 28 Relative Error 0.8561670184135437
Epoch 29 Relative Error 0.8514297604560852
Epoch 30 Relative Error 0.7741265892982483
Epoch 31 Relative Error 0.7952479720115662
Epoch 32 Relative Error 0.8848099112510681
Epoch 33 Relative Error 0.8339664936065674
Epoch 34 Relative Error 0.7759749293327332
Epoch 35 Relative Error 0.8292422890663147
Epoch 36 Relative Error 0.8287562131881714
Epoch 37 Relative Error 0.8041027784347534
Epoch 38 Relative Error 0.7907614707946777
Epoch 39 Relative Error 0.8152983784675598
Epoch 40 Relative Error 0.8377522230148315
Epoch 41 Relative Error 0.8030322790145874
Epoch 42 Relative Error 0.7799355983734131
Epoch 43 Relative Error 0.8106846213340759
Epoch 44 Relative Error 0.8400513529777527
Epoch 45 Relative Error 0.8070129752159119
Epoch 46 Relative Error 0.799174964427948
Epoch 47 Relative Error 0.7886567711830139
Epoch 48 Relative Error 0.7918872833251953
Epoch 49 Relative Error 0.800348162651062
Epoch 50 Relative Error 0.840465247631073
Epoch 51 Relative Error 0.8547952175140381
Epoch 52 Relative Error 0.8468776941299438
Epoch 53 Relative Error 0.8232412338256836
Epoch 54 Relative Error 0.7918964624404907
Epoch 55 Relative Error 0.7966676950454712
Epoch 56 Relative Error 0.8260744214057922
Epoch 57 Relative Error 0.8385854959487915
Epoch 58 Relative Error 0.811799943447113
Epoch 59 Relative Error 0.799985945224762
Epoch 60 Relative Error 0.8240564465522766
Epoch 61 Relative Error 0.8214276432991028
Epoch 62 Relative Error 0.8023481369018555
Epoch 63 Relative Error 0.7892159819602966
Epoch 64 Relative Error 0.855034351348877
Epoch 65 Relative Error 0.8136113286018372
Epoch 66 Relative Error 0.7763257026672363
Epoch 67 Relative Error 0.78973788022995
Epoch 68 Relative Error 0.8345825672149658
Epoch 69 Relative Error 0.8389385342597961
Epoch 70 Relative Error 0.8143182992935181
Epoch 71 Relative Error 0.7848367094993591
Epoch 72 Relative Error 0.7684245109558105
Epoch 73 Relative Error 0.7554481029510498
Epoch 74 Relative Error 0.842820942401886
Epoch 75 Relative Error 0.869933009147644
Epoch 76 Relative Error 0.833172619342804
Epoch 77 Relative Error 0.7781644463539124
Epoch 78 Relative Error 0.8148328065872192
Epoch 79 Relative Error 0.816640317440033
Epoch 80 Relative Error 0.8145254254341125
Epoch 81 Relative Error 0.8236007690429688
Epoch 82 Relative Error 0.8407803177833557
Epoch 83 Relative Error 0.8487184047698975
Epoch 84 Relative Error 0.7963857650756836
Epoch 85 Relative Error 0.7747712731361389
Epoch 86 Relative Error 0.7621697187423706
Epoch 87 Relative Error 0.771121621131897
Epoch 88 Relative Error 0.8065733909606934
Epoch 89 Relative Error 0.8878750801086426
Epoch 90 Relative Error 0.8368035554885864
Epoch 91 Relative Error 0.8346548676490784
Epoch 92 Relative Error 0.8603542447090149
Epoch 93 Relative Error 0.8134211301803589
Epoch 94 Relative Error 0.7602323293685913
Epoch 95 Relative Error 0.75840824842453
Epoch 96 Relative Error 0.7710151672363281
Epoch 97 Relative Error 0.8323737382888794
Epoch 98 Relative Error 0.8206159472465515
Epoch 99 Relative Error 0.8064625263214111
Epoch 100 Relative Error 0.8192479014396667
Epoch 101 Relative Error 0.789206326007843
Epoch 102 Relative Error 0.7925837635993958
Epoch 103 Relative Error 0.7992032170295715
Epoch 104 Relative Error 0.8659303784370422
Epoch 105 Relative Error 0.8433668613433838
Epoch 106 Relative Error 0.7593244314193726
Epoch 107 Relative Error 0.7582865357398987
Epoch 108 Relative Error 0.762097179889679
Epoch 109 Relative Error 0.7711953520774841
Epoch 110 Relative Error 0.8163052797317505
Epoch 111 Relative Error 0.8347769379615784
Epoch 112 Relative Error 0.841492235660553
Epoch 113 Relative Error 0.7825927734375
Epoch 114 Relative Error 0.754318356513977
Epoch 115 Relative Error 0.7656533122062683
Epoch 116 Relative Error 0.7904537320137024
Epoch 117 Relative Error 0.8307701349258423
Epoch 118 Relative Error 0.8336352705955505
Epoch 119 Relative Error 0.8009309768676758
Epoch 120 Relative Error 0.7719991207122803
Epoch 121 Relative Error 0.7706761360168457
Epoch 122 Relative Error 0.7513810992240906
Epoch 123 Relative Error 0.7722156643867493
Epoch 124 Relative Error 0.8024284243583679
Epoch 125 Relative Error 0.824276864528656
Epoch 126 Relative Error 0.8127179145812988
Epoch 127 Relative Error 0.8067383766174316
Epoch 128 Relative Error 0.8013071417808533
Epoch 129 Relative Error 0.7797219157218933
Epoch 130 Relative Error 0.8051370978355408
Epoch 131 Relative Error 0.8218886852264404
Epoch 132 Relative Error 0.7968719005584717
Epoch 133 Relative Error 0.7826976180076599
Epoch 134 Relative Error 0.7857173681259155
Epoch 135 Relative Error 0.7757247686386108
Epoch 136 Relative Error 0.7682241797447205
Epoch 137 Relative Error 0.7683066129684448
Epoch 138 Relative Error 0.8035126328468323
Epoch 139 Relative Error 0.7565860152244568
Epoch 140 Relative Error 0.7556812167167664
Epoch 141 Relative Error 0.7697004675865173
Epoch 142 Relative Error 0.7664907574653625
Epoch 143 Relative Error 0.8087558746337891
Epoch 144 Relative Error 0.8288902640342712
Epoch 145 Relative Error 0.829147219657898
Epoch 146 Relative Error 0.8175690770149231
Epoch 147 Relative Error 0.7874398231506348
Epoch 148 Relative Error 0.7664222717285156
Epoch 149 Relative Error 0.7898865938186646
Epoch 150 Relative Error 0.785014808177948
Epoch 151 Relative Error 0.8222716450691223
Epoch 152 Relative Error 0.8692520260810852
Epoch 153 Relative Error 0.8579545617103577
Epoch 154 Relative Error 0.8309875130653381
Epoch 155 Relative Error 0.790923535823822
Epoch 156 Relative Error 0.7795062065124512
Epoch 157 Relative Error 0.7879325747489929
Epoch 158 Relative Error 0.7845108509063721
Epoch 159 Relative Error 0.7684873938560486
Epoch 160 Relative Error 0.7756521105766296
Epoch 161 Relative Error 0.7607095241546631
Epoch 162 Relative Error 0.7930994033813477
Epoch 163 Relative Error 0.8202866911888123
Epoch 164 Relative Error 0.7992672324180603
Epoch 165 Relative Error 0.7828686833381653
Epoch 166 Relative Error 0.7742735147476196
Epoch 167 Relative Error 0.7750378251075745
Epoch 168 Relative Error 0.7861617207527161
Epoch 169 Relative Error 0.847395658493042
Epoch 170 Relative Error 0.8322064876556396
Epoch 171 Relative Error 0.7894923686981201
Epoch 172 Relative Error 0.790669858455658
Epoch 173 Relative Error 0.7677676677703857
Epoch 174 Relative Error 0.7634692192077637
Epoch 175 Relative Error 0.7566612958908081
Epoch 176 Relative Error 0.7645367980003357
Epoch 177 Relative Error 0.7906115651130676
Epoch 178 Relative Error 0.7899071574211121
Epoch 179 Relative Error 0.7835451364517212
Epoch 180 Relative Error 0.7696783542633057
Epoch 181 Relative Error 0.7903048396110535
Epoch 182 Relative Error 0.7949919700622559
Epoch 183 Relative Error 0.8038141131401062
Epoch 184 Relative Error 0.7939170598983765
Epoch 185 Relative Error 0.7822250723838806
Epoch 186 Relative Error 0.7648128867149353
Epoch 187 Relative Error 0.7945812940597534
Epoch 188 Relative Error 0.7826904058456421
Epoch 189 Relative Error 0.792680025100708
Epoch 190 Relative Error 0.7847947478294373
Epoch 191 Relative Error 0.7822583913803101
Epoch 192 Relative Error 0.7779415845870972
Epoch 193 Relative Error 0.7433494329452515
Epoch 194 Relative Error 0.7344309687614441
Epoch 195 Relative Error 0.7360082268714905
Epoch 196 Relative Error 0.7918413281440735
Epoch 197 Relative Error 0.8039037585258484
Epoch 198 Relative Error 0.7833935618400574
Epoch 199 Relative Error 0.8120743036270142
Epoch 200 Relative Error 0.810880720615387
Epoch 201 Relative Error 0.7829277515411377
Epoch 202 Relative Error 0.7631935477256775
Epoch 203 Relative Error 0.7474274635314941
Epoch 204 Relative Error 0.7804889678955078
Epoch 205 Relative Error 0.7686676383018494
Epoch 206 Relative Error 0.781345784664154
Epoch 207 Relative Error 0.7945165038108826
Epoch 208 Relative Error 0.7777316570281982
Epoch 209 Relative Error 0.808656632900238
Epoch 210 Relative Error 0.8271186947822571
Epoch 211 Relative Error 0.7840622663497925
Epoch 212 Relative Error 0.7960614562034607
Epoch 213 Relative Error 0.8113599419593811
Epoch 214 Relative Error 0.8360562324523926
Epoch 215 Relative Error 0.7873514294624329
Epoch 216 Relative Error 0.7645896077156067
Epoch 217 Relative Error 0.7461889386177063
Epoch 218 Relative Error 0.7530314326286316
Epoch 219 Relative Error 0.7411428093910217
Epoch 220 Relative Error 0.7358147501945496
Epoch 221 Relative Error 0.7356316447257996
Epoch 222 Relative Error 0.7455697059631348
Epoch 223 Relative Error 0.7254263162612915
Epoch 224 Relative Error 0.7569078803062439
Epoch 225 Relative Error 0.7495406270027161
Epoch 226 Relative Error 0.7586408853530884
Epoch 227 Relative Error 0.756289541721344
Epoch 228 Relative Error 0.789962112903595
Epoch 229 Relative Error 0.7856185436248779
Epoch 230 Relative Error 0.7804244160652161
Epoch 231 Relative Error 0.7720014452934265
Epoch 232 Relative Error 0.7450147271156311
Epoch 233 Relative Error 0.7534247636795044
Epoch 234 Relative Error 0.770694375038147
Epoch 235 Relative Error 0.7827327251434326
Epoch 236 Relative Error 0.7626761794090271
Epoch 237 Relative Error 0.8018760681152344
Epoch 238 Relative Error 0.7948343753814697
Epoch 239 Relative Error 0.7880311608314514
Epoch 240 Relative Error 0.8066772222518921
Epoch 241 Relative Error 0.8165619373321533
Epoch 242 Relative Error 0.7650760412216187
Epoch 243 Relative Error 0.765475332736969
Epoch 244 Relative Error 0.7817410230636597
Epoch 245 Relative Error 0.7841424942016602
Epoch 246 Relative Error 0.795047402381897
Epoch 247 Relative Error 0.7584400773048401
Epoch 248 Relative Error 0.7798174619674683
Epoch 249 Relative Error 0.816011369228363
Epoch 250 Relative Error 0.7662930488586426
Epoch 251 Relative Error 0.7631112337112427
Epoch 252 Relative Error 0.7596057057380676
Epoch 253 Relative Error 0.7575184106826782
Epoch 254 Relative Error 0.7683651447296143
Epoch 255 Relative Error 0.7653359174728394
Epoch 256 Relative Error 0.7583590745925903
Epoch 257 Relative Error 0.766000509262085
Epoch 258 Relative Error 0.7477864027023315
Epoch 259 Relative Error 0.7782522439956665
Epoch 260 Relative Error 0.7375058531761169
Epoch 261 Relative Error 0.7282718420028687
Epoch 262 Relative Error 0.711733341217041
Epoch 263 Relative Error 0.7103566527366638
Epoch 264 Relative Error 0.7171914577484131
Epoch 265 Relative Error 0.7379615902900696
Epoch 266 Relative Error 0.7525935173034668
Epoch 267 Relative Error 0.7496898770332336
Epoch 268 Relative Error 0.7438998222351074
Epoch 269 Relative Error 0.7615154981613159
Epoch 270 Relative Error 0.7535663843154907
Epoch 271 Relative Error 0.7445399761199951
Epoch 272 Relative Error 0.7288917303085327
Epoch 273 Relative Error 0.7478117942810059
Epoch 274 Relative Error 0.7360607981681824
Epoch 275 Relative Error 0.7591985464096069
Epoch 276 Relative Error 0.7951082587242126
Epoch 277 Relative Error 0.8960397839546204
Epoch 278 Relative Error 0.8389329314231873
Epoch 279 Relative Error 0.782593846321106
Epoch 280 Relative Error 0.7868552207946777
Epoch 281 Relative Error 0.7962018251419067
Epoch 282 Relative Error 0.7696754336357117
Epoch 283 Relative Error 0.7777609825134277
Epoch 284 Relative Error 0.7733482718467712
Epoch 285 Relative Error 0.7718093395233154
Epoch 286 Relative Error 0.7846465706825256
Epoch 287 Relative Error 0.7868621945381165
Epoch 288 Relative Error 0.7890477180480957
Epoch 289 Relative Error 0.7755559086799622
Epoch 290 Relative Error 0.7592918872833252
Epoch 291 Relative Error 0.7325493097305298
Epoch 292 Relative Error 0.7190889120101929
Epoch 293 Relative Error 0.743651807308197
Epoch 294 Relative Error 0.7912644743919373
Epoch 295 Relative Error 0.7800083160400391
Epoch 296 Relative Error 0.7708261609077454
Epoch 297 Relative Error 0.7831237316131592
Epoch 298 Relative Error 0.7552106380462646
Epoch 299 Relative Error 0.752040445804596
Epoch 300 Relative Error 0.7111948132514954
Epoch 301 Relative Error 0.7154616713523865
Epoch 302 Relative Error 0.7320540547370911
Epoch 303 Relative Error 0.7365922331809998
Epoch 304 Relative Error 0.7349461913108826
Epoch 305 Relative Error 0.7376923561096191
Epoch 306 Relative Error 0.7120373249053955
Epoch 307 Relative Error 0.702620804309845
Epoch 308 Relative Error 0.6995565295219421
Epoch 309 Relative Error 0.7360206842422485
Epoch 310 Relative Error 0.7516387104988098
Epoch 311 Relative Error 0.7419308423995972
Epoch 312 Relative Error 0.7388942241668701
Epoch 313 Relative Error 0.7352738976478577
Epoch 314 Relative Error 0.786014199256897
Epoch 315 Relative Error 0.77353835105896
Epoch 316 Relative Error 0.7957484722137451
Epoch 317 Relative Error 0.7664199471473694
Epoch 318 Relative Error 0.770075798034668
Epoch 319 Relative Error 0.772186815738678
Epoch 320 Relative Error 0.7662856578826904
Epoch 321 Relative Error 0.776466965675354
Epoch 322 Relative Error 0.7836799025535583
Epoch 323 Relative Error 0.7459962964057922
Epoch 324 Relative Error 0.7444557547569275
Epoch 325 Relative Error 0.743931770324707
Epoch 326 Relative Error 0.7483578324317932
Epoch 327 Relative Error 0.8001346588134766
Epoch 328 Relative Error 0.792608380317688
Epoch 329 Relative Error 0.7937065362930298
Epoch 330 Relative Error 0.7725008130073547
Epoch 331 Relative Error 0.7772782444953918
Epoch 332 Relative Error 0.7917047142982483
Epoch 333 Relative Error 0.7856405973434448
Epoch 334 Relative Error 0.7929685115814209
Epoch 335 Relative Error 0.7915518879890442
Epoch 336 Relative Error 0.8024574518203735
Epoch 337 Relative Error 0.760588526725769
Epoch 338 Relative Error 0.7434297204017639
Epoch 339 Relative Error 0.7235164642333984
Epoch 340 Relative Error 0.7380717396736145
Epoch 341 Relative Error 0.7268312573432922
Epoch 342 Relative Error 0.6974883675575256
Epoch 343 Relative Error 0.7121672630310059
Epoch 344 Relative Error 0.6998685598373413
Epoch 345 Relative Error 0.6914187073707581
Epoch 346 Relative Error 0.7003740668296814
Epoch 347 Relative Error 0.7005800604820251
Epoch 348 Relative Error 0.7221807837486267
Epoch 349 Relative Error 0.7149026393890381
Epoch 350 Relative Error 0.7202823162078857
Epoch 351 Relative Error 0.7195734977722168
Epoch 352 Relative Error 0.7408427596092224
Epoch 353 Relative Error 0.764896810054779
Epoch 354 Relative Error 0.74335777759552
Epoch 355 Relative Error 0.7629185318946838
Epoch 356 Relative Error 0.7566198110580444
Epoch 357 Relative Error 0.7466351389884949
Epoch 358 Relative Error 0.7417476773262024
Epoch 359 Relative Error 0.7772666811943054
Epoch 360 Relative Error 0.7589765191078186
Epoch 361 Relative Error 0.7523701786994934
Epoch 362 Relative Error 0.7733905911445618
Epoch 363 Relative Error 0.7804370522499084
Epoch 364 Relative Error 0.8498011231422424
Epoch 365 Relative Error 0.7793567776679993
Epoch 366 Relative Error 0.7567770481109619
Epoch 367 Relative Error 0.7243271470069885
Epoch 368 Relative Error 0.7361720204353333
Epoch 369 Relative Error 0.7243707776069641
Epoch 370 Relative Error 0.7209180593490601
Epoch 371 Relative Error 0.7151051163673401
Epoch 372 Relative Error 0.7048913836479187
Epoch 373 Relative Error 0.6961926817893982
Epoch 374 Relative Error 0.7059838175773621
Epoch 375 Relative Error 0.7275329828262329
Epoch 376 Relative Error 0.7581096291542053
Epoch 377 Relative Error 0.7405654788017273
Epoch 378 Relative Error 0.721422553062439
Epoch 379 Relative Error 0.7521895170211792
Epoch 380 Relative Error 0.7255787253379822
Epoch 381 Relative Error 0.7524573802947998
Epoch 382 Relative Error 0.7151852250099182
Epoch 383 Relative Error 0.7051705121994019
Epoch 384 Relative Error 0.7099434733390808
Epoch 385 Relative Error 0.7105870246887207
Epoch 386 Relative Error 0.7185078859329224
Epoch 387 Relative Error 0.7281551957130432
Epoch 388 Relative Error 0.7311802506446838
Epoch 389 Relative Error 0.7446408867835999
Epoch 390 Relative Error 0.7101873159408569
Epoch 391 Relative Error 0.7146552801132202
Epoch 392 Relative Error 0.7025631070137024
Epoch 393 Relative Error 0.710777223110199
Epoch 394 Relative Error 0.7044900059700012
Epoch 395 Relative Error 0.7120857834815979
Epoch 396 Relative Error 0.7118191719055176
Epoch 397 Relative Error 0.6983416676521301
Epoch 398 Relative Error 0.683647871017456
Epoch 399 Relative Error 0.6839350461959839
Epoch 400 Relative Error 0.6866016983985901
Epoch 401 Relative Error 0.691293478012085
Epoch 402 Relative Error 0.7079638838768005
Epoch 403 Relative Error 0.7182163000106812
Epoch 404 Relative Error 0.7489596009254456
Epoch 405 Relative Error 0.7364376783370972
Epoch 406 Relative Error 0.7291032671928406
Epoch 407 Relative Error 0.6986802220344543
Epoch 408 Relative Error 0.6905581951141357
Epoch 409 Relative Error 0.7000012397766113
Epoch 410 Relative Error 0.7086302638053894
Epoch 411 Relative Error 0.7020042538642883
Epoch 412 Relative Error 0.7039734125137329
Epoch 413 Relative Error 0.7196230888366699
Epoch 414 Relative Error 0.7467357516288757
Epoch 415 Relative Error 0.7532988786697388
Epoch 416 Relative Error 0.7364654541015625
Epoch 417 Relative Error 0.7593133449554443
Epoch 418 Relative Error 0.7900021076202393
Epoch 419 Relative Error 0.7456512451171875
Epoch 420 Relative Error 0.7429588437080383
Epoch 421 Relative Error 0.7849612832069397
Epoch 422 Relative Error 0.796531617641449
Epoch 423 Relative Error 0.8134437203407288
Epoch 424 Relative Error 0.7660318613052368
Epoch 425 Relative Error 0.7620805501937866
Epoch 426 Relative Error 0.7473344206809998
Epoch 427 Relative Error 0.7720283269882202
Epoch 428 Relative Error 0.7729013562202454
Epoch 429 Relative Error 0.7728750109672546
Epoch 430 Relative Error 0.7503986358642578
Epoch 431 Relative Error 0.7450964450836182
Epoch 432 Relative Error 0.7466001510620117
Epoch 433 Relative Error 0.7129496932029724
Epoch 434 Relative Error 0.7065340876579285
Epoch 435 Relative Error 0.7020905613899231
Epoch 436 Relative Error 0.7302677631378174
Epoch 437 Relative Error 0.744521975517273
Epoch 438 Relative Error 0.7367523908615112
Epoch 439 Relative Error 0.7366889715194702
Epoch 440 Relative Error 0.7316877841949463
Epoch 441 Relative Error 0.7317153215408325
Epoch 442 Relative Error 0.7356175780296326
Epoch 443 Relative Error 0.7340651154518127
Epoch 444 Relative Error 0.7581164240837097
Epoch 445 Relative Error 0.7304977774620056
Epoch 446 Relative Error 0.7645795345306396
Epoch 447 Relative Error 0.771122395992279
Epoch 448 Relative Error 0.7808866500854492
Epoch 449 Relative Error 0.7742595076560974
Epoch 450 Relative Error 0.7353550791740417
Epoch 451 Relative Error 0.7129088044166565
Epoch 452 Relative Error 0.7268173694610596
Epoch 453 Relative Error 0.7322617769241333
Epoch 454 Relative Error 0.7164019346237183
Epoch 455 Relative Error 0.7117294669151306
Epoch 456 Relative Error 0.6955766081809998
Epoch 457 Relative Error 0.6770846247673035
Epoch 458 Relative Error 0.700478196144104
Epoch 459 Relative Error 0.7563733458518982
Epoch 460 Relative Error 0.7712603807449341
Epoch 461 Relative Error 0.7324182987213135
Epoch 462 Relative Error 0.7531318664550781
Epoch 463 Relative Error 0.7868075966835022
Epoch 464 Relative Error 0.7520287036895752
Epoch 465 Relative Error 0.7254579663276672
Epoch 466 Relative Error 0.6950000524520874
Epoch 467 Relative Error 0.686732292175293
Epoch 468 Relative Error 0.6958987712860107
Epoch 469 Relative Error 0.7318503856658936
Epoch 470 Relative Error 0.7480648159980774
Epoch 471 Relative Error 0.7223671078681946
Epoch 472 Relative Error 0.7206017971038818
Epoch 473 Relative Error 0.6913276314735413
Epoch 474 Relative Error 0.6936032176017761
Epoch 475 Relative Error 0.7093703150749207
Epoch 476 Relative Error 0.701260507106781
Epoch 477 Relative Error 0.7131879329681396
Epoch 478 Relative Error 0.7254440784454346
Epoch 479 Relative Error 0.7454378008842468
Epoch 480 Relative Error 0.7186628580093384
Epoch 481 Relative Error 0.6999973058700562
Epoch 482 Relative Error 0.7092123627662659
Epoch 483 Relative Error 0.6940213441848755
Epoch 484 Relative Error 0.6794202923774719
Epoch 485 Relative Error 0.6937455534934998
Epoch 486 Relative Error 0.6993574500083923
Epoch 487 Relative Error 0.6958219408988953
Epoch 488 Relative Error 0.6934900879859924
Epoch 489 Relative Error 0.7093361616134644
Epoch 490 Relative Error 0.7152730822563171
Epoch 491 Relative Error 0.7221438884735107
Epoch 492 Relative Error 0.7595725059509277
Epoch 493 Relative Error 0.7646791934967041
Epoch 494 Relative Error 0.7291328310966492
Epoch 495 Relative Error 0.6975306272506714
Epoch 496 Relative Error 0.686288058757782
Epoch 497 Relative Error 0.6785245537757874
Epoch 498 Relative Error 0.6827817559242249
Epoch 499 Relative Error 0.6693270802497864
Epoch 500 Relative Error 0.6778470873832703
Epoch 501 Relative Error 0.7053844928741455
Epoch 502 Relative Error 0.6992647051811218
Epoch 503 Relative Error 0.740841269493103
Epoch 504 Relative Error 0.7277690768241882
Epoch 505 Relative Error 0.746064305305481
Epoch 506 Relative Error 0.7694301605224609
Epoch 507 Relative Error 0.743064284324646
Epoch 508 Relative Error 0.7387959957122803
Epoch 509 Relative Error 0.7886711359024048
Epoch 510 Relative Error 0.7654467225074768
Epoch 511 Relative Error 0.7642221450805664
Epoch 512 Relative Error 0.7355729937553406
Epoch 513 Relative Error 0.693063497543335
Epoch 514 Relative Error 0.7016068696975708
Epoch 515 Relative Error 0.7014269232749939
Epoch 516 Relative Error 0.6979854702949524
Epoch 517 Relative Error 0.7175215482711792
Epoch 518 Relative Error 0.7113968729972839
Epoch 519 Relative Error 0.7221894860267639
Epoch 520 Relative Error 0.7548292875289917
Epoch 521 Relative Error 0.78815096616745
Epoch 522 Relative Error 0.8356038928031921
Epoch 523 Relative Error 0.8051906824111938
Epoch 524 Relative Error 0.7760767936706543
Epoch 525 Relative Error 0.7409991025924683
Epoch 526 Relative Error 0.7218887805938721
Epoch 527 Relative Error 0.6866270303726196
Epoch 528 Relative Error 0.6648047566413879
Epoch 529 Relative Error 0.6705458760261536
Epoch 530 Relative Error 0.6768044233322144
Epoch 531 Relative Error 0.6859104633331299
Epoch 532 Relative Error 0.6692037582397461
Epoch 533 Relative Error 0.6749953627586365
Epoch 534 Relative Error 0.6943527460098267
Epoch 535 Relative Error 0.6863476037979126
Epoch 536 Relative Error 0.7194893956184387
Epoch 537 Relative Error 0.684123694896698
Epoch 538 Relative Error 0.6970832943916321
Epoch 539 Relative Error 0.7317295074462891
Epoch 540 Relative Error 0.7654531002044678
Epoch 541 Relative Error 0.7593562006950378
Epoch 542 Relative Error 0.7244201302528381
Epoch 543 Relative Error 0.7020819187164307
Epoch 544 Relative Error 0.7006620168685913
Epoch 545 Relative Error 0.7139308452606201
Epoch 546 Relative Error 0.7502149939537048
Epoch 547 Relative Error 0.7763724327087402
Epoch 548 Relative Error 0.7812110781669617
Epoch 549 Relative Error 0.7381103038787842
Epoch 550 Relative Error 0.6935696601867676
Epoch 551 Relative Error 0.6907415986061096
Epoch 552 Relative Error 0.7013633847236633
Epoch 553 Relative Error 0.6877450346946716
Epoch 554 Relative Error 0.6591565608978271
Epoch 555 Relative Error 0.6637330055236816
Epoch 556 Relative Error 0.6859579682350159
Epoch 557 Relative Error 0.694646954536438
Epoch 558 Relative Error 0.7218095660209656
Epoch 559 Relative Error 0.6852272152900696
Epoch 560 Relative Error 0.7001212239265442
Epoch 561 Relative Error 0.7343937754631042
Epoch 562 Relative Error 0.7768232226371765
Epoch 563 Relative Error 0.7879151701927185
Epoch 564 Relative Error 0.7382537722587585
Epoch 565 Relative Error 0.6872352957725525
Epoch 566 Relative Error 0.670009195804596
Epoch 567 Relative Error 0.6724656820297241
Epoch 568 Relative Error 0.6602175831794739
Epoch 569 Relative Error 0.6822799444198608
Epoch 570 Relative Error 0.6873574256896973
Epoch 571 Relative Error 0.6938844919204712
Epoch 572 Relative Error 0.7151404619216919
Epoch 573 Relative Error 0.7496221661567688
Epoch 574 Relative Error 0.7305856943130493
Epoch 575 Relative Error 0.7277101278305054
Epoch 576 Relative Error 0.735835075378418
Epoch 577 Relative Error 0.6995923519134521
Epoch 578 Relative Error 0.7167826294898987
Epoch 579 Relative Error 0.7057385444641113
Epoch 580 Relative Error 0.724765419960022
Epoch 581 Relative Error 0.714114248752594
Epoch 582 Relative Error 0.7015703320503235
Epoch 583 Relative Error 0.7084307074546814
Epoch 584 Relative Error 0.7264342904090881
Epoch 585 Relative Error 0.7189806699752808
Epoch 586 Relative Error 0.7131555080413818
Epoch 587 Relative Error 0.7315374612808228
Epoch 588 Relative Error 0.68630450963974
Epoch 589 Relative Error 0.7573549747467041
Epoch 590 Relative Error 0.7157341241836548
Epoch 591 Relative Error 0.7188080549240112
Epoch 592 Relative Error 0.6874082684516907
Epoch 593 Relative Error 0.6795557737350464
Epoch 594 Relative Error 0.6942293047904968
Epoch 595 Relative Error 0.6732068061828613
Epoch 596 Relative Error 0.7112165093421936
Epoch 597 Relative Error 0.6967666149139404
Epoch 598 Relative Error 0.6712713837623596
Epoch 599 Relative Error 0.6758168935775757
Epoch 600 Relative Error 0.6823674440383911
Epoch 601 Relative Error 0.6707563400268555
Epoch 602 Relative Error 0.6982346773147583
Epoch 603 Relative Error 0.7161235809326172
Epoch 604 Relative Error 0.6891683340072632
Epoch 605 Relative Error 0.6703784465789795
Epoch 606 Relative Error 0.6585258841514587
Epoch 607 Relative Error 0.6874852776527405
Epoch 608 Relative Error 0.6935096979141235
Epoch 609 Relative Error 0.6780036091804504
Epoch 610 Relative Error 0.6764810085296631
Epoch 611 Relative Error 0.711436927318573
Epoch 612 Relative Error 0.6950038075447083
Epoch 613 Relative Error 0.7183144688606262
Epoch 614 Relative Error 0.7076117992401123
Epoch 615 Relative Error 0.7518171668052673
Epoch 616 Relative Error 0.7192426919937134
Epoch 617 Relative Error 0.7566066980361938
Epoch 618 Relative Error 0.7009949684143066
Epoch 619 Relative Error 0.6940843462944031
Epoch 620 Relative Error 0.7009279727935791
Epoch 621 Relative Error 0.7006509304046631
Epoch 622 Relative Error 0.6943930387496948
Epoch 623 Relative Error 0.6810927391052246
Epoch 624 Relative Error 0.6724230051040649
Epoch 625 Relative Error 0.6925602555274963
Epoch 626 Relative Error 0.6874729990959167
Epoch 627 Relative Error 0.7004519701004028
Epoch 628 Relative Error 0.6703943014144897
Epoch 629 Relative Error 0.6607888340950012
Epoch 630 Relative Error 0.657503068447113
Epoch 631 Relative Error 0.6658848524093628
Epoch 632 Relative Error 0.6759997010231018
Epoch 633 Relative Error 0.7001469135284424
Epoch 634 Relative Error 0.735201895236969
Epoch 635 Relative Error 0.727837085723877
Epoch 636 Relative Error 0.7139636874198914
Epoch 637 Relative Error 0.7054149508476257
Epoch 638 Relative Error 0.6969429850578308
Epoch 639 Relative Error 0.6741901636123657
Epoch 640 Relative Error 0.6847800016403198
Epoch 641 Relative Error 0.6771687865257263
Epoch 642 Relative Error 0.6813264489173889
Epoch 643 Relative Error 0.6960108876228333
Epoch 644 Relative Error 0.672668993473053
Epoch 645 Relative Error 0.6964793801307678
Epoch 646 Relative Error 0.6912841796875
Epoch 647 Relative Error 0.6960785388946533
Epoch 648 Relative Error 0.6658252477645874
Epoch 649 Relative Error 0.6717890501022339
Epoch 650 Relative Error 0.6781997680664062
Epoch 651 Relative Error 0.6726546287536621
Epoch 652 Relative Error 0.6815723776817322
Epoch 653 Relative Error 0.6868174076080322
Epoch 654 Relative Error 0.6893773078918457
Epoch 655 Relative Error 0.7090052366256714
Epoch 656 Relative Error 0.7073101997375488
Epoch 657 Relative Error 0.7141770720481873
Epoch 658 Relative Error 0.7492185235023499
Epoch 659 Relative Error 0.7197533249855042
Epoch 660 Relative Error 0.709314227104187
Epoch 661 Relative Error 0.6786700487136841
Epoch 662 Relative Error 0.696488618850708
Epoch 663 Relative Error 0.7384841442108154
Epoch 664 Relative Error 0.7150924801826477
Epoch 665 Relative Error 0.7206667065620422
Epoch 666 Relative Error 0.7118022441864014
Epoch 667 Relative Error 0.7063075304031372
Epoch 668 Relative Error 0.6682252883911133
Epoch 669 Relative Error 0.6667814254760742
Epoch 670 Relative Error 0.7023070454597473
Epoch 671 Relative Error 0.708493709564209
Epoch 672 Relative Error 0.6945518851280212
Epoch 673 Relative Error 0.7187744975090027
Epoch 674 Relative Error 0.6982170343399048
Epoch 675 Relative Error 0.7155867218971252
Epoch 676 Relative Error 0.722161591053009
Epoch 677 Relative Error 0.7195771932601929
Epoch 678 Relative Error 0.7281473278999329
Epoch 679 Relative Error 0.7598280310630798
Epoch 680 Relative Error 0.7467489838600159
Epoch 681 Relative Error 0.7082645893096924
Epoch 682 Relative Error 0.6918184161186218
Epoch 683 Relative Error 0.7039166688919067
Epoch 684 Relative Error 0.7084198594093323
Epoch 685 Relative Error 0.7558274865150452
Epoch 686 Relative Error 0.7504157423973083
Epoch 687 Relative Error 0.7081515192985535
Epoch 688 Relative Error 0.6520354151725769
Epoch 689 Relative Error 0.6455191969871521
Epoch 690 Relative Error 0.641697883605957
Epoch 691 Relative Error 0.6499621272087097
Epoch 692 Relative Error 0.6799873113632202
Epoch 693 Relative Error 0.698383092880249
Epoch 694 Relative Error 0.6830418109893799
Epoch 695 Relative Error 0.68797367811203
Epoch 696 Relative Error 0.6778666973114014
Epoch 697 Relative Error 0.6716905832290649
Epoch 698 Relative Error 0.6667757630348206
Epoch 699 Relative Error 0.7013767957687378
Epoch 700 Relative Error 0.7021493315696716
Epoch 701 Relative Error 0.6837507486343384
Epoch 702 Relative Error 0.6919039487838745
Epoch 703 Relative Error 0.7185858488082886
Epoch 704 Relative Error 0.7253285050392151
Epoch 705 Relative Error 0.7781897783279419
Epoch 706 Relative Error 0.7745103240013123
Epoch 707 Relative Error 0.7313059568405151
Epoch 708 Relative Error 0.7431023716926575
Epoch 709 Relative Error 0.6926209926605225
Epoch 710 Relative Error 0.6730124354362488
Epoch 711 Relative Error 0.6724059581756592
Epoch 712 Relative Error 0.6698461174964905
Epoch 713 Relative Error 0.6741210222244263
Epoch 714 Relative Error 0.7062342166900635
Epoch 715 Relative Error 0.6796976923942566
Epoch 716 Relative Error 0.6584697365760803
Epoch 717 Relative Error 0.6501293182373047
Epoch 718 Relative Error 0.6574819684028625
Epoch 719 Relative Error 0.6636469960212708
Epoch 720 Relative Error 0.6616215705871582
Epoch 721 Relative Error 0.6409528255462646
Epoch 722 Relative Error 0.6454184055328369
Epoch 723 Relative Error 0.6428925395011902
Epoch 724 Relative Error 0.6755065321922302
Epoch 725 Relative Error 0.6695468425750732
Epoch 726 Relative Error 0.688590407371521
Epoch 727 Relative Error 0.6913602352142334
Epoch 728 Relative Error 0.6986955404281616
Epoch 729 Relative Error 0.7074872851371765
Epoch 730 Relative Error 0.7272186875343323
Epoch 731 Relative Error 0.7431653141975403
Epoch 732 Relative Error 0.7026580572128296
Epoch 733 Relative Error 0.7071401476860046
Epoch 734 Relative Error 0.7350006103515625
Epoch 735 Relative Error 0.7231780886650085
Epoch 736 Relative Error 0.7294726371765137
Epoch 737 Relative Error 0.6751590967178345
Epoch 738 Relative Error 0.6973341107368469
Epoch 739 Relative Error 0.6863846182823181
Epoch 740 Relative Error 0.7067524194717407
Epoch 741 Relative Error 0.7038013935089111
Epoch 742 Relative Error 0.709697425365448
Epoch 743 Relative Error 0.6858459711074829
Epoch 744 Relative Error 0.676537275314331
Epoch 745 Relative Error 0.6782228350639343
Epoch 746 Relative Error 0.6849868893623352
Epoch 747 Relative Error 0.6668488383293152
Epoch 748 Relative Error 0.6610224843025208
Epoch 749 Relative Error 0.6581353545188904
Epoch 750 Relative Error 0.676692545413971
Epoch 751 Relative Error 0.666599690914154
Epoch 752 Relative Error 0.68999183177948
Epoch 753 Relative Error 0.6894691586494446
Epoch 754 Relative Error 0.688864529132843
Epoch 755 Relative Error 0.7129740118980408
Epoch 756 Relative Error 0.6779659390449524
Epoch 757 Relative Error 0.6616057753562927
Epoch 758 Relative Error 0.6804987192153931
Epoch 759 Relative Error 0.6872115731239319
Epoch 760 Relative Error 0.670910120010376
Epoch 761 Relative Error 0.6735365390777588
Epoch 762 Relative Error 0.6763002276420593
Epoch 763 Relative Error 0.6845431327819824
Epoch 764 Relative Error 0.6716558337211609
Epoch 765 Relative Error 0.6890710592269897
Epoch 766 Relative Error 0.7000148892402649
Epoch 767 Relative Error 0.6542574763298035
Epoch 768 Relative Error 0.6595244407653809
Epoch 769 Relative Error 0.6701715588569641
Epoch 770 Relative Error 0.6900357007980347
Epoch 771 Relative Error 0.6705955266952515
Epoch 772 Relative Error 0.6628624200820923
Epoch 773 Relative Error 0.6738274693489075
Epoch 774 Relative Error 0.6756855845451355
Epoch 775 Relative Error 0.69321608543396
Epoch 776 Relative Error 0.684806227684021
Epoch 777 Relative Error 0.6856180429458618
Epoch 778 Relative Error 0.6730356812477112
Epoch 779 Relative Error 0.670863687992096
Epoch 780 Relative Error 0.6700274348258972
Epoch 781 Relative Error 0.6793709993362427
Epoch 782 Relative Error 0.6521009802818298
Epoch 783 Relative Error 0.6466806530952454
Epoch 784 Relative Error 0.672639012336731
Epoch 785 Relative Error 0.6685471534729004
Epoch 786 Relative Error 0.661339521408081
Epoch 787 Relative Error 0.6893098950386047
Epoch 788 Relative Error 0.6652021408081055
Epoch 789 Relative Error 0.6980726718902588
Epoch 790 Relative Error 0.6838284134864807
Epoch 791 Relative Error 0.6689062714576721
Epoch 792 Relative Error 0.6616984009742737
Epoch 793 Relative Error 0.6919552087783813
Epoch 794 Relative Error 0.6871427893638611
Epoch 795 Relative Error 0.6552896499633789
Epoch 796 Relative Error 0.6418184638023376
Epoch 797 Relative Error 0.6531578898429871
Epoch 798 Relative Error 0.6529876589775085
Epoch 799 Relative Error 0.6510835886001587
Epoch 800 Relative Error 0.6534581780433655
Epoch 801 Relative Error 0.6565809845924377
Epoch 802 Relative Error 0.6507426500320435
Epoch 803 Relative Error 0.6615287661552429
Epoch 804 Relative Error 0.6662663221359253
Epoch 805 Relative Error 0.670124351978302
Epoch 806 Relative Error 0.660277783870697
Epoch 807 Relative Error 0.6810508966445923
Epoch 808 Relative Error 0.6792910695075989
Epoch 809 Relative Error 0.703201413154602
Epoch 810 Relative Error 0.6788063645362854
Epoch 811 Relative Error 0.6886308193206787
Epoch 812 Relative Error 0.7010714411735535
Epoch 813 Relative Error 0.6745812296867371
Epoch 814 Relative Error 0.682558000087738
Epoch 815 Relative Error 0.6871427893638611
Epoch 816 Relative Error 0.6859510540962219
Epoch 817 Relative Error 0.6922297477722168
Epoch 818 Relative Error 0.6781813502311707
Epoch 819 Relative Error 0.6747603416442871
Epoch 820 Relative Error 0.670626699924469
Epoch 821 Relative Error 0.6788413524627686
Epoch 822 Relative Error 0.6659972071647644
Epoch 823 Relative Error 0.6580274701118469
Epoch 824 Relative Error 0.6565299034118652
Epoch 825 Relative Error 0.6554623246192932
Epoch 826 Relative Error 0.6657686233520508
Epoch 827 Relative Error 0.6598617434501648
Epoch 828 Relative Error 0.6485549807548523
Epoch 829 Relative Error 0.6465692520141602
Epoch 830 Relative Error 0.6567683815956116
Epoch 831 Relative Error 0.6638110876083374
Epoch 832 Relative Error 0.6668230891227722
Epoch 833 Relative Error 0.7062925696372986
Epoch 834 Relative Error 0.698796272277832
Epoch 835 Relative Error 0.6757985353469849
Epoch 836 Relative Error 0.6713542938232422
Epoch 837 Relative Error 0.6989036798477173
Epoch 838 Relative Error 0.710239052772522
Epoch 839 Relative Error 0.6924560070037842
Epoch 840 Relative Error 0.6710304617881775
Epoch 841 Relative Error 0.6558976769447327
Epoch 842 Relative Error 0.6697958111763
Epoch 843 Relative Error 0.6995906233787537
Epoch 844 Relative Error 0.6747795343399048
Epoch 845 Relative Error 0.6535856127738953
Epoch 846 Relative Error 0.6722376942634583
Epoch 847 Relative Error 0.6564492583274841
Epoch 848 Relative Error 0.660286009311676
Epoch 849 Relative Error 0.7127236127853394
Epoch 850 Relative Error 0.7256293892860413
Epoch 851 Relative Error 0.677558422088623
Epoch 852 Relative Error 0.6695119142532349
Epoch 853 Relative Error 0.6547021269798279
Epoch 854 Relative Error 0.6426870226860046
Epoch 855 Relative Error 0.6575745940208435
Epoch 856 Relative Error 0.6410888433456421
Epoch 857 Relative Error 0.652167558670044
Epoch 858 Relative Error 0.6836887001991272
Epoch 859 Relative Error 0.7185600996017456
Epoch 860 Relative Error 0.7073187232017517
Epoch 861 Relative Error 0.7120429277420044
Epoch 862 Relative Error 0.6984301209449768
Epoch 863 Relative Error 0.6747174859046936
Epoch 864 Relative Error 0.6395398378372192
Epoch 865 Relative Error 0.6425649523735046
Epoch 866 Relative Error 0.6532876491546631
Epoch 867 Relative Error 0.6478363871574402
Epoch 868 Relative Error 0.6516320109367371
Epoch 869 Relative Error 0.6866161823272705
Epoch 870 Relative Error 0.6915871500968933
Epoch 871 Relative Error 0.7210707068443298
Epoch 872 Relative Error 0.7395382523536682
Epoch 873 Relative Error 0.7022866606712341
Epoch 874 Relative Error 0.7368217706680298
Epoch 875 Relative Error 0.6837566494941711
Epoch 876 Relative Error 0.6955894827842712
Epoch 877 Relative Error 0.6712807416915894
Epoch 878 Relative Error 0.6779482960700989
Epoch 879 Relative Error 0.6709828972816467
Epoch 880 Relative Error 0.6451952457427979
Epoch 881 Relative Error 0.676916241645813
Epoch 882 Relative Error 0.6625474095344543
Epoch 883 Relative Error 0.6811085343360901
Epoch 884 Relative Error 0.676303505897522
Epoch 885 Relative Error 0.671140193939209
Epoch 886 Relative Error 0.6433623433113098
Epoch 887 Relative Error 0.6353065371513367
Epoch 888 Relative Error 0.6317100524902344
Epoch 889 Relative Error 0.6306557655334473
Epoch 890 Relative Error 0.6400551795959473
Epoch 891 Relative Error 0.6529385447502136
Epoch 892 Relative Error 0.644141674041748
Epoch 893 Relative Error 0.6516481041908264
Epoch 894 Relative Error 0.6580452919006348
Epoch 895 Relative Error 0.6671247482299805
Epoch 896 Relative Error 0.6669421195983887
Epoch 897 Relative Error 0.6652223467826843
Epoch 898 Relative Error 0.6386846899986267
Epoch 899 Relative Error 0.6609691381454468
Epoch 900 Relative Error 0.670220673084259
Epoch 901 Relative Error 0.6520754098892212
Epoch 902 Relative Error 0.6589120030403137
Epoch 903 Relative Error 0.6654305458068848
Epoch 904 Relative Error 0.6605039834976196
Epoch 905 Relative Error 0.6475904583930969
Epoch 906 Relative Error 0.6567696332931519
Epoch 907 Relative Error 0.7003570795059204
Epoch 908 Relative Error 0.6684125661849976
Epoch 909 Relative Error 0.6581472158432007
Epoch 910 Relative Error 0.6684198975563049
Epoch 911 Relative Error 0.6830060482025146
Epoch 912 Relative Error 0.6956192851066589
Epoch 913 Relative Error 0.71413654088974
Epoch 914 Relative Error 0.706852912902832
Epoch 915 Relative Error 0.7105756998062134
Epoch 916 Relative Error 0.7282000780105591
Epoch 917 Relative Error 0.7273956537246704
Epoch 918 Relative Error 0.7099230885505676
Epoch 919 Relative Error 0.716856837272644
Epoch 920 Relative Error 0.72154301404953
Epoch 921 Relative Error 0.7011416554450989
Epoch 922 Relative Error 0.6920532584190369
Epoch 923 Relative Error 0.6684162616729736
Epoch 924 Relative Error 0.6826406717300415
Epoch 925 Relative Error 0.6812947988510132
Epoch 926 Relative Error 0.7212443947792053
Epoch 927 Relative Error 0.6733492016792297
Epoch 928 Relative Error 0.6580710411071777
Epoch 929 Relative Error 0.6648116707801819
Epoch 930 Relative Error 0.6434670090675354
Epoch 931 Relative Error 0.6311472654342651
Epoch 932 Relative Error 0.6286811828613281
Epoch 933 Relative Error 0.6423237323760986
Epoch 934 Relative Error 0.6703246831893921
Epoch 935 Relative Error 0.6755340695381165
Epoch 936 Relative Error 0.6866887807846069
Epoch 937 Relative Error 0.6582438945770264
Epoch 938 Relative Error 0.6675869226455688
Epoch 939 Relative Error 0.6665081977844238
Epoch 940 Relative Error 0.6808049082756042
Epoch 941 Relative Error 0.7001059055328369
Epoch 942 Relative Error 0.6829193234443665
Epoch 943 Relative Error 0.6747743487358093
Epoch 944 Relative Error 0.6786813139915466
Epoch 945 Relative Error 0.6707301735877991
Epoch 946 Relative Error 0.6752307415008545
Epoch 947 Relative Error 0.675101101398468
Epoch 948 Relative Error 0.6572742462158203
Epoch 949 Relative Error 0.6323227882385254
Epoch 950 Relative Error 0.6330173015594482
Epoch 951 Relative Error 0.6476708650588989
Epoch 952 Relative Error 0.6705276370048523
Epoch 953 Relative Error 0.6789102554321289
Epoch 954 Relative Error 0.690214991569519
Epoch 955 Relative Error 0.6766789555549622
Epoch 956 Relative Error 0.6998343467712402
Epoch 957 Relative Error 0.6516628265380859
Epoch 958 Relative Error 0.6432473659515381
Epoch 959 Relative Error 0.6454631090164185
Epoch 960 Relative Error 0.6402116417884827
Epoch 961 Relative Error 0.641728401184082
Epoch 962 Relative Error 0.644546389579773
Epoch 963 Relative Error 0.6640599370002747
Epoch 964 Relative Error 0.664487361907959
Epoch 965 Relative Error 0.6887667179107666
Epoch 966 Relative Error 0.6933422088623047
Epoch 967 Relative Error 0.6990571022033691
Epoch 968 Relative Error 0.6807452440261841
Epoch 969 Relative Error 0.664270281791687
Epoch 970 Relative Error 0.6467130780220032
Epoch 971 Relative Error 0.6770501136779785
Epoch 972 Relative Error 0.6456122994422913
Epoch 973 Relative Error 0.6382139325141907
Epoch 974 Relative Error 0.641168475151062
Epoch 975 Relative Error 0.6520256996154785
Epoch 976 Relative Error 0.6464892625808716
Epoch 977 Relative Error 0.6806510090827942
Epoch 978 Relative Error 0.7040838003158569
Epoch 979 Relative Error 0.6495261192321777
Epoch 980 Relative Error 0.6484728455543518
Epoch 981 Relative Error 0.6599016785621643
Epoch 982 Relative Error 0.6428005695343018
Epoch 983 Relative Error 0.6385629177093506
Epoch 984 Relative Error 0.6440764665603638
Epoch 985 Relative Error 0.6362562775611877
Epoch 986 Relative Error 0.6628943085670471
Epoch 987 Relative Error 0.6616543531417847
Epoch 988 Relative Error 0.6688798069953918
Epoch 989 Relative Error 0.6786958575248718
Epoch 990 Relative Error 0.6483913064002991
Epoch 991 Relative Error 0.6533821225166321
Epoch 992 Relative Error 0.6935443878173828
Epoch 993 Relative Error 0.6602878570556641
Epoch 994 Relative Error 0.6646997332572937
Epoch 995 Relative Error 0.6672898530960083
Epoch 996 Relative Error 0.6558343768119812
Epoch 997 Relative Error 0.6470107436180115
Epoch 998 Relative Error 0.6413905620574951
Epoch 999 Relative Error 0.6557142734527588
Epoch 1000 Relative Error 0.6394914984703064
RE (1, 9, 27, 0): 0.6286811828613281
Green's Function RE (1, 9, 27, 0): 0.468819260597229
Bias Term RE (1, 9, 27, 0): 0.09674330055713654
Combination (1, 9, 27, 0, 0): 0.6394914984703064
Combination (1, 9, 27, 0, 1): 0.6386669874191284
Combination (1, 9, 27, 0, 2): 0.6383816599845886
Combination (1, 9, 27, 0, 3): 0.6382821202278137
Combination (1, 9, 27, 0, 4): 0.6382336020469666

/home/gridsan/gstepaniants/.local/lib/python3.8/site-packages/torch/functional.py:478: UserWarning: torch.meshgrid: in an upcoming release, it will be required to pass the indexing argument. (Triggered internally at  ../aten/src/ATen/native/TensorShape.cpp:2895.)
  return _VF.meshgrid(tensors, **kwargs)  # type: ignore[attr-defined]
