[KeOps] Warning : Cuda libraries were not detected on the system ; using cpu only mode
1
Kernel: Matern5/2
Weight Mesh: 100
RKHS Kernel Width: 0.01
Lambda: 1e-06
Green's Function Learning Rate: 100
Bias Term Learning Rate: 100
Epoch 1 Relative Error 3112.1923828125
First epoch had re = 3112.1923828125 > 1
Green's Function Learning Rate: 50
Bias Term Learning Rate: 50
Epoch 1 Relative Error 1272.2403564453125
First epoch had re = 1272.2403564453125 > 1
Green's Function Learning Rate: 10
Bias Term Learning Rate: 10
Epoch 1 Relative Error 296.21612548828125
First epoch had re = 296.21612548828125 > 1
Green's Function Learning Rate: 5
Bias Term Learning Rate: 5
Epoch 1 Relative Error 115.86346435546875
First epoch had re = 115.86346435546875 > 1
Green's Function Learning Rate: 1
Bias Term Learning Rate: 1
Epoch 1 Relative Error 17.816532135009766
First epoch had re = 17.816532135009766 > 1
Green's Function Learning Rate: 0.5
Bias Term Learning Rate: 0.5
Epoch 1 Relative Error 8.791808128356934
First epoch had re = 8.791808128356934 > 1
Green's Function Learning Rate: 0.1
Bias Term Learning Rate: 0.1
Epoch 1 Relative Error 2.471958637237549
First epoch had re = 2.471958637237549 > 1
Green's Function Learning Rate: 0.05
Bias Term Learning Rate: 0.05
Epoch 1 Relative Error 1.258821725845337
First epoch had re = 1.258821725845337 > 1
Green's Function Learning Rate: 0.01
Bias Term Learning Rate: 0.01
Epoch 1 Relative Error 0.5654143691062927
Epoch 2 Relative Error 0.5027542114257812
Epoch 3 Relative Error 0.5016784071922302
Epoch 4 Relative Error 0.3861578404903412
Epoch 5 Relative Error 0.3050491511821747
Epoch 6 Relative Error 0.2700453996658325
Epoch 7 Relative Error 0.19194753468036652
Epoch 8 Relative Error 0.14552244544029236
Epoch 9 Relative Error 0.11957592517137527
Epoch 10 Relative Error 0.07808312773704529
Epoch 11 Relative Error 0.06925434619188309
Epoch 12 Relative Error 0.05043232813477516
Epoch 13 Relative Error 0.039352092891931534
Epoch 14 Relative Error 0.03237251564860344
Epoch 15 Relative Error 0.02440703846514225
Epoch 16 Relative Error 0.020401623100042343
Epoch 17 Relative Error 0.016091620549559593
Epoch 18 Relative Error 0.012814885005354881
Epoch 19 Relative Error 0.01083330437541008
Epoch 20 Relative Error 0.008233074098825455
Epoch 21 Relative Error 0.007285914849489927
Epoch 22 Relative Error 0.005499216262251139
Epoch 23 Relative Error 0.004797028843313456
Epoch 24 Relative Error 0.004039932508021593
Epoch 25 Relative Error 0.0033942912705242634
Epoch 26 Relative Error 0.0031914100982248783
Epoch 27 Relative Error 0.0027137170545756817
Epoch 28 Relative Error 0.0025576180778443813
Epoch 29 Relative Error 0.0023563664872199297
Epoch 30 Relative Error 0.002208204008638859
Epoch 31 Relative Error 0.0020495792850852013
Epoch 32 Relative Error 0.0019318092381581664
Epoch 33 Relative Error 0.0018199133919551969
Epoch 34 Relative Error 0.0017277917359024286
Epoch 35 Relative Error 0.001656579552218318
Epoch 36 Relative Error 0.0015745902201160789
Epoch 37 Relative Error 0.0015000795247033238
Epoch 38 Relative Error 0.0014539911644533277
Epoch 39 Relative Error 0.0013945165555924177
Epoch 40 Relative Error 0.001330976840108633
Epoch 41 Relative Error 0.0012943518813699484
Epoch 42 Relative Error 0.0012484631733968854
Epoch 43 Relative Error 0.0012037944979965687
Epoch 44 Relative Error 0.001171136274933815
Epoch 45 Relative Error 0.0011304141953587532
Epoch 46 Relative Error 0.0010910555720329285
Epoch 47 Relative Error 0.0010704316664487123
Epoch 48 Relative Error 0.0010330909863114357
Epoch 49 Relative Error 0.0010044174268841743
Epoch 50 Relative Error 0.00098179851192981
Epoch 51 Relative Error 0.0009567445958964527
Epoch 52 Relative Error 0.0009341853437945247
Epoch 53 Relative Error 0.0009109407546930015
Epoch 54 Relative Error 0.0008948100148700178
Epoch 55 Relative Error 0.0008715969161130488
Epoch 56 Relative Error 0.0008496132213622332
Epoch 57 Relative Error 0.00083163968520239
Epoch 58 Relative Error 0.0008148847846314311
Epoch 59 Relative Error 0.0007999628433026373
Epoch 60 Relative Error 0.0007876769523136318
Epoch 61 Relative Error 0.0007700853748247027
Epoch 62 Relative Error 0.0007540080696344376
Epoch 63 Relative Error 0.0007441347697749734
Epoch 64 Relative Error 0.0007327792118303478
Epoch 65 Relative Error 0.0007196251535788178
Epoch 66 Relative Error 0.0007048558327369392
Epoch 67 Relative Error 0.0006893561803735793
Epoch 68 Relative Error 0.0006840385613031685
Epoch 69 Relative Error 0.000669906847178936
Epoch 70 Relative Error 0.0006627366528846323
Epoch 71 Relative Error 0.0006503859185613692
Epoch 72 Relative Error 0.0006425431347452104
Epoch 73 Relative Error 0.0006317425868473947
Epoch 74 Relative Error 0.0006265872507356107
Epoch 75 Relative Error 0.000614864460658282
Epoch 76 Relative Error 0.000609330483712256
Epoch 77 Relative Error 0.000601878622546792
Epoch 78 Relative Error 0.0005944726290181279
Epoch 79 Relative Error 0.0005919844843447208
Epoch 80 Relative Error 0.0005756440805271268
Epoch 81 Relative Error 0.0005738735781051219
Epoch 82 Relative Error 0.0005638062139041722
Epoch 83 Relative Error 0.0005564954481087625
Epoch 84 Relative Error 0.0005517075187526643
Epoch 85 Relative Error 0.0005454276106320322
Epoch 86 Relative Error 0.0005395638290792704
Epoch 87 Relative Error 0.000534150458406657
Epoch 88 Relative Error 0.0005281512858346105
Epoch 89 Relative Error 0.0005247884546406567
Epoch 90 Relative Error 0.0005172850796952844
Epoch 91 Relative Error 0.0005067222518846393
Epoch 92 Relative Error 0.0005021903780288994
Epoch 93 Relative Error 0.0005081311683170497
Epoch 94 Relative Error 0.0004941168008372188
Epoch 95 Relative Error 0.0004929861752316356
Epoch 96 Relative Error 0.00048516225069761276
Epoch 97 Relative Error 0.00048042359412647784
Epoch 98 Relative Error 0.00047605260624550283
Epoch 99 Relative Error 0.00047061650548130274
Epoch 100 Relative Error 0.00046981009654700756
Epoch 101 Relative Error 0.0004670486378017813
Epoch 102 Relative Error 0.00045860838145017624
Epoch 103 Relative Error 0.00046446191845461726
Epoch 104 Relative Error 0.00045157482963986695
Epoch 105 Relative Error 0.0004530955047812313
Epoch 106 Relative Error 0.00044411435374058783
Epoch 107 Relative Error 0.00043822944280691445
Epoch 108 Relative Error 0.0004396868171170354
Epoch 109 Relative Error 0.00043584403465501964
Epoch 110 Relative Error 0.0004274906241334975
Epoch 111 Relative Error 0.0004295873804949224
Epoch 112 Relative Error 0.0004242629511281848
Epoch 113 Relative Error 0.0004208244208712131
Epoch 114 Relative Error 0.000419094372773543
Epoch 115 Relative Error 0.00041675788816064596
Epoch 116 Relative Error 0.0004150437016505748
Epoch 117 Relative Error 0.0004080904182046652
Epoch 118 Relative Error 0.00040515317232348025
Epoch 119 Relative Error 0.00040496501605957747
Epoch 120 Relative Error 0.000398295494960621
Epoch 121 Relative Error 0.00039824674604460597
Epoch 122 Relative Error 0.0003958884917665273
Epoch 123 Relative Error 0.00039187257061712444
Epoch 124 Relative Error 0.0003925687924493104
Epoch 125 Relative Error 0.00038681284058839083
Epoch 126 Relative Error 0.00038560963002964854
Epoch 127 Relative Error 0.0003844147140625864
Epoch 128 Relative Error 0.0003789440088439733
Epoch 129 Relative Error 0.0003812198410741985
Epoch 130 Relative Error 0.0003734415804501623
Epoch 131 Relative Error 0.0003811960050370544
Epoch 132 Relative Error 0.00036997173447161913
Epoch 133 Relative Error 0.00037182841333560646
Epoch 134 Relative Error 0.0003689687291625887
Epoch 135 Relative Error 0.00036342316889204085
Epoch 136 Relative Error 0.0003636257315520197
Epoch 137 Relative Error 0.0003589515690691769
Epoch 138 Relative Error 0.00035904889227822423
Epoch 139 Relative Error 0.0003566655213944614
Epoch 140 Relative Error 0.00035421951906755567
Epoch 141 Relative Error 0.0003521337639540434
Epoch 142 Relative Error 0.00034973755828104913
Epoch 143 Relative Error 0.0003511458053253591
Epoch 144 Relative Error 0.0003460354055278003
Epoch 145 Relative Error 0.00034380238503217697
Epoch 146 Relative Error 0.00034436662099324167
Epoch 147 Relative Error 0.0003426203620620072
Epoch 148 Relative Error 0.00033922726288437843
Epoch 149 Relative Error 0.0003361273556947708
Epoch 150 Relative Error 0.0003413692757021636
Epoch 151 Relative Error 0.000332823081407696
Epoch 152 Relative Error 0.0003342352865729481
Epoch 153 Relative Error 0.0003359502006787807
Epoch 154 Relative Error 0.00032865910907275975
Epoch 155 Relative Error 0.0003295072237960994
Epoch 156 Relative Error 0.0003284387930762023
Epoch 157 Relative Error 0.00032394053414463997
Epoch 158 Relative Error 0.0003266481508035213
Epoch 159 Relative Error 0.0003191323485225439
Epoch 160 Relative Error 0.00032670143991708755
Epoch 161 Relative Error 0.00031845184275880456
Epoch 162 Relative Error 0.0003176256432197988
Epoch 163 Relative Error 0.0003185102541465312
Epoch 164 Relative Error 0.0003148950054310262
Epoch 165 Relative Error 0.0003167568938806653
Epoch 166 Relative Error 0.00031056487932801247
Epoch 167 Relative Error 0.0003106840595137328
Epoch 168 Relative Error 0.00031328736804425716
Epoch 169 Relative Error 0.0003077177389059216
Epoch 170 Relative Error 0.0003081436443608254
Epoch 171 Relative Error 0.00030472263460978866
Epoch 172 Relative Error 0.0003073268453590572
Epoch 173 Relative Error 0.0003000485885422677
Epoch 174 Relative Error 0.0003003131423611194
Epoch 175 Relative Error 0.00030304546817205846
Epoch 176 Relative Error 0.00029904948314651847
Epoch 177 Relative Error 0.0002989773347508162
Epoch 178 Relative Error 0.0002942766295745969
Epoch 179 Relative Error 0.00029539738898165524
Epoch 180 Relative Error 0.00029412764706648886
Epoch 181 Relative Error 0.00029068035655654967
Epoch 182 Relative Error 0.0002948418550658971
Epoch 183 Relative Error 0.0002906389709096402
Epoch 184 Relative Error 0.00028887615189887583
Epoch 185 Relative Error 0.00028794220997951925
Epoch 186 Relative Error 0.0002899036044254899
Epoch 187 Relative Error 0.00028603384271264076
Epoch 188 Relative Error 0.0002858561638277024
Epoch 189 Relative Error 0.0002858055231627077
Epoch 190 Relative Error 0.00028409328660927713
Epoch 191 Relative Error 0.0002828453725669533
Epoch 192 Relative Error 0.0002887582522816956
Epoch 193 Relative Error 0.0002768579579424113
Epoch 194 Relative Error 0.00028218794614076614
Epoch 195 Relative Error 0.00028166561969555914
Epoch 196 Relative Error 0.00027550742379389703
Epoch 197 Relative Error 0.00028074922738596797
Epoch 198 Relative Error 0.0002768535923678428
Epoch 199 Relative Error 0.00027483212761580944
Epoch 200 Relative Error 0.0002795076579786837
Epoch 201 Relative Error 0.0002735278394538909
Epoch 202 Relative Error 0.00027347810100764036
Epoch 203 Relative Error 0.00027317224885337055
Epoch 204 Relative Error 0.000272465986199677
Epoch 205 Relative Error 0.0002665926585905254
Epoch 206 Relative Error 0.00026732511469163
Epoch 207 Relative Error 0.00027141624013893306
Epoch 208 Relative Error 0.00026512882323004305
Epoch 209 Relative Error 0.0002653344999998808
Epoch 210 Relative Error 0.00026575609808787704
Epoch 211 Relative Error 0.0002631795359775424
Epoch 212 Relative Error 0.0002677894663065672
Epoch 213 Relative Error 0.0002680776815395802
Epoch 214 Relative Error 0.00026252216775901616
Epoch 215 Relative Error 0.0002631709212437272
Epoch 216 Relative Error 0.00026147367316298187
Epoch 217 Relative Error 0.00026348806568421423
Epoch 218 Relative Error 0.00026131788035854697
Epoch 219 Relative Error 0.0002582782763056457
Epoch 220 Relative Error 0.0002580577856861055
Epoch 221 Relative Error 0.0002587336639408022
Epoch 222 Relative Error 0.00026233168318867683
Epoch 223 Relative Error 0.00025290765915997326
Epoch 224 Relative Error 0.0002605138288345188
Epoch 225 Relative Error 0.0002550442877691239
Epoch 226 Relative Error 0.000248026626650244
Epoch 227 Relative Error 0.0002563665620982647
Epoch 228 Relative Error 0.00025635361089371145
Epoch 229 Relative Error 0.0002494639775250107
Epoch 230 Relative Error 0.0002553121012169868
Epoch 231 Relative Error 0.0002538447151891887
Epoch 232 Relative Error 0.0002464714925736189
Epoch 233 Relative Error 0.0002480524708516896
Epoch 234 Relative Error 0.00024793596821837127
Epoch 235 Relative Error 0.00025153474416583776
Epoch 236 Relative Error 0.0002489210164640099
Epoch 237 Relative Error 0.00024912107619456947
Epoch 238 Relative Error 0.0002457160735502839
Epoch 239 Relative Error 0.00024792656768113375
Epoch 240 Relative Error 0.00024675310123711824
Epoch 241 Relative Error 0.00024359287635888904
Epoch 242 Relative Error 0.0002488104801159352
Epoch 243 Relative Error 0.0002470530744176358
Epoch 244 Relative Error 0.000245465780608356
Epoch 245 Relative Error 0.00024577800650149584
Epoch 246 Relative Error 0.00024100202426780015
Epoch 247 Relative Error 0.00024012781796045601
Epoch 248 Relative Error 0.00023742577468510717
Epoch 249 Relative Error 0.00024193320132326335
Epoch 250 Relative Error 0.0002414155751466751
Epoch 251 Relative Error 0.00023890784359537065
Epoch 252 Relative Error 0.0002374316391069442
Epoch 253 Relative Error 0.000239332061028108
Epoch 254 Relative Error 0.00024599782773293555
Epoch 255 Relative Error 0.00023534958017989993
Epoch 256 Relative Error 0.00023488688748329878
Epoch 257 Relative Error 0.00024240459606517106
Epoch 258 Relative Error 0.00023288458760362118
Epoch 259 Relative Error 0.0002372738963458687
Epoch 260 Relative Error 0.0002360200887778774
Epoch 261 Relative Error 0.0002345152897760272
Epoch 262 Relative Error 0.00023439133656211197
Epoch 263 Relative Error 0.00023035767662804574
Epoch 264 Relative Error 0.00023429433349519968
Epoch 265 Relative Error 0.00023166820756159723
Epoch 266 Relative Error 0.00023305982176680118
Epoch 267 Relative Error 0.00022860006720293313
Epoch 268 Relative Error 0.0002340807841392234
Epoch 269 Relative Error 0.000230085919611156
Epoch 270 Relative Error 0.00023232919920701534
Epoch 271 Relative Error 0.00022670530597679317
Epoch 272 Relative Error 0.00022959435591474175
Epoch 273 Relative Error 0.00022933899890631437
Epoch 274 Relative Error 0.00022257253294810653
Epoch 275 Relative Error 0.00023286139185074717
Epoch 276 Relative Error 0.0002260320179630071
Epoch 277 Relative Error 0.00022108147095423192
Epoch 278 Relative Error 0.0002294993173563853
Epoch 279 Relative Error 0.00022617958893533796
Epoch 280 Relative Error 0.00022757072292733938
Epoch 281 Relative Error 0.0002245700015919283
Epoch 282 Relative Error 0.00022548023844137788
Epoch 283 Relative Error 0.0002259705652249977
Epoch 284 Relative Error 0.00022581806115340441
Epoch 285 Relative Error 0.0002279673790326342
Epoch 286 Relative Error 0.00022577114577870816
Epoch 287 Relative Error 0.00022166696726344526
Epoch 288 Relative Error 0.00022302003344520926
Epoch 289 Relative Error 0.00022079840709920973
Epoch 290 Relative Error 0.0002237068983959034
Epoch 291 Relative Error 0.0002183334727305919
Epoch 292 Relative Error 0.00022164668189361691
Epoch 293 Relative Error 0.00022177549544721842
Epoch 294 Relative Error 0.00021701413788832724
Epoch 295 Relative Error 0.0002213991101598367
Epoch 296 Relative Error 0.00021979962184559554
Epoch 297 Relative Error 0.0002204833726864308
Epoch 298 Relative Error 0.00021475223184097558
Epoch 299 Relative Error 0.0002187322243116796
Epoch 300 Relative Error 0.00021876140090171248
Epoch 301 Relative Error 0.00022391615493688732
Epoch 302 Relative Error 0.0002185741759603843
Epoch 303 Relative Error 0.00022258423268795013
Epoch 304 Relative Error 0.00020986073650419712
Epoch 305 Relative Error 0.0002239303576061502
Epoch 306 Relative Error 0.0002192030515288934
Epoch 307 Relative Error 0.00021578167797997594
Epoch 308 Relative Error 0.0002156974223908037
Epoch 309 Relative Error 0.00021462285076268017
Epoch 310 Relative Error 0.0002106528845615685
Epoch 311 Relative Error 0.00021644897060468793
Epoch 312 Relative Error 0.00021516122797038406
Epoch 313 Relative Error 0.000214174302527681
Epoch 314 Relative Error 0.0002115034294547513
Epoch 315 Relative Error 0.00021281567751429975
Epoch 316 Relative Error 0.00021049314818810672
Epoch 317 Relative Error 0.00020998821128159761
Epoch 318 Relative Error 0.0002080394042422995
Epoch 319 Relative Error 0.00021094629482831806
Epoch 320 Relative Error 0.00020672378013841808
Epoch 321 Relative Error 0.0002069983456749469
Epoch 322 Relative Error 0.00020696144201792777
Epoch 323 Relative Error 0.00020551490888465196
Epoch 324 Relative Error 0.00021905993344262242
Epoch 325 Relative Error 0.00021124040358699858
Epoch 326 Relative Error 0.00021134612325113267
Epoch 327 Relative Error 0.0002048672758974135
Epoch 328 Relative Error 0.00020645145559683442
Epoch 329 Relative Error 0.00020683246839325875
Epoch 330 Relative Error 0.00021070796356070787
Epoch 331 Relative Error 0.00020301643235143274
Epoch 332 Relative Error 0.00020779202168341726
Epoch 333 Relative Error 0.00020288101222831756
Epoch 334 Relative Error 0.00020588896586559713
Epoch 335 Relative Error 0.00020769480033777654
Epoch 336 Relative Error 0.00020089912868570536
Epoch 337 Relative Error 0.00020816578762605786
Epoch 338 Relative Error 0.0002012038603425026
Epoch 339 Relative Error 0.0002043550630332902
Epoch 340 Relative Error 0.00020216475240886211
Epoch 341 Relative Error 0.00020182642037980258
Epoch 342 Relative Error 0.0002015165373450145
Epoch 343 Relative Error 0.00020230052177794278
Epoch 344 Relative Error 0.00020060707174707204
Epoch 345 Relative Error 0.00020357636094558984
Epoch 346 Relative Error 0.00020111081539653242
Epoch 347 Relative Error 0.00019928991969209164
Epoch 348 Relative Error 0.00020460769883356988
Epoch 349 Relative Error 0.00019791968225035816
Epoch 350 Relative Error 0.00020323370699770749
Epoch 351 Relative Error 0.0002030149771599099
Epoch 352 Relative Error 0.0002031960611930117
Epoch 353 Relative Error 0.00020403388771228492
Epoch 354 Relative Error 0.00020492864132393152
Epoch 355 Relative Error 0.00019437610171735287
Epoch 356 Relative Error 0.00020729862444568425
Epoch 357 Relative Error 0.00019403040641918778
Epoch 358 Relative Error 0.00020205741748213768
Epoch 359 Relative Error 0.0002070025948341936
Epoch 360 Relative Error 0.0001986653805943206
Epoch 361 Relative Error 0.00020486224093474448
Epoch 362 Relative Error 0.00019992745365016162
Epoch 363 Relative Error 0.00019437875016592443
Epoch 364 Relative Error 0.0001983727270271629
Epoch 365 Relative Error 0.0002001380198635161
Epoch 366 Relative Error 0.00019483460346236825
Epoch 367 Relative Error 0.00019598596554715186
Epoch 368 Relative Error 0.00019781867740675807
Epoch 369 Relative Error 0.0001952896564034745
Epoch 370 Relative Error 0.00019790470832958817
Epoch 371 Relative Error 0.00020109256729483604
Epoch 372 Relative Error 0.0001942639210028574
Epoch 373 Relative Error 0.00019460899056866765
Epoch 374 Relative Error 0.00019604670524131507
Epoch 375 Relative Error 0.0001960021909326315
Epoch 376 Relative Error 0.00019170617451891303
Epoch 377 Relative Error 0.00019818902364932
Epoch 378 Relative Error 0.00020247427164576948
Epoch 379 Relative Error 0.00019375825650058687
Epoch 380 Relative Error 0.00019904221699107438
Epoch 381 Relative Error 0.00019455722940620035
Epoch 382 Relative Error 0.00020082241098862141
Epoch 383 Relative Error 0.00019992829766124487
Epoch 384 Relative Error 0.00020968590979464352
Epoch 385 Relative Error 0.00019859055464621633
Epoch 386 Relative Error 0.00019613401673268527
Epoch 387 Relative Error 0.000196064414922148
Epoch 388 Relative Error 0.00019179671653546393
Epoch 389 Relative Error 0.00019610424351412803
Epoch 390 Relative Error 0.0001854251604527235
Epoch 391 Relative Error 0.00019240396795794368
Epoch 392 Relative Error 0.00018920048023574054
Epoch 393 Relative Error 0.00019101443467661738
Epoch 394 Relative Error 0.00019112446170765907
Epoch 395 Relative Error 0.0001953024184331298
Epoch 396 Relative Error 0.00018890752107836306
Epoch 397 Relative Error 0.00018938648281618953
Epoch 398 Relative Error 0.0001952743623405695
Epoch 399 Relative Error 0.00019048427930101752
Epoch 400 Relative Error 0.00019253473146818578
Epoch 401 Relative Error 0.0001912211737362668
Epoch 402 Relative Error 0.00019109679851680994
Epoch 403 Relative Error 0.00018766321591101587
Epoch 404 Relative Error 0.00019224827701691538
Epoch 405 Relative Error 0.00018811129848472774
Epoch 406 Relative Error 0.00018959434237331152
Epoch 407 Relative Error 0.00018941424787044525
Epoch 408 Relative Error 0.00018573748820926994
Epoch 409 Relative Error 0.0001960277877515182
Epoch 410 Relative Error 0.00018924025062005967
Epoch 411 Relative Error 0.00018922668823506683
Epoch 412 Relative Error 0.00018858883413486183
Epoch 413 Relative Error 0.00018995899881701916
Epoch 414 Relative Error 0.00019017147133126855
Epoch 415 Relative Error 0.0001891842548502609
Epoch 416 Relative Error 0.00018365314463153481
Epoch 417 Relative Error 0.00019062624778598547
Epoch 418 Relative Error 0.00019103684462606907
Epoch 419 Relative Error 0.00017965423467103392
Epoch 420 Relative Error 0.00018608545360621065
Epoch 421 Relative Error 0.00018617913883645087
Epoch 422 Relative Error 0.00018512910173740238
Epoch 423 Relative Error 0.00018224901577923447
Epoch 424 Relative Error 0.00019447850354481488
Epoch 425 Relative Error 0.0001812431582948193
Epoch 426 Relative Error 0.00018762305262498558
Epoch 427 Relative Error 0.0001855477603385225
Epoch 428 Relative Error 0.00018324601114727557
Epoch 429 Relative Error 0.00018400269618723541
Epoch 430 Relative Error 0.00018557037401478738
Epoch 431 Relative Error 0.00018662282673176378
Epoch 432 Relative Error 0.00018332275794818997
Epoch 433 Relative Error 0.00018203527724836022
Epoch 434 Relative Error 0.00018269565771333873
Epoch 435 Relative Error 0.00018302140233572572
Epoch 436 Relative Error 0.00018790179456118494
Epoch 437 Relative Error 0.00018260249635204673
Epoch 438 Relative Error 0.00017864657274913043
Epoch 439 Relative Error 0.00018384613213129342
Epoch 440 Relative Error 0.00018070251098833978
Epoch 441 Relative Error 0.00018656114116311073
Epoch 442 Relative Error 0.0001789196248864755
Epoch 443 Relative Error 0.0001845270162448287
Epoch 444 Relative Error 0.00018618162721395493
Epoch 445 Relative Error 0.00018007474136538804
Epoch 446 Relative Error 0.00018290209118276834
Epoch 447 Relative Error 0.00018090252706315368
Epoch 448 Relative Error 0.00018104161426890641
Epoch 449 Relative Error 0.00017874085460789502
Epoch 450 Relative Error 0.0001793355622794479
Epoch 451 Relative Error 0.00018332830222789198
Epoch 452 Relative Error 0.00017981317068915814
Epoch 453 Relative Error 0.00018394281505607069
Epoch 454 Relative Error 0.00018366800213698298
Epoch 455 Relative Error 0.00017890729941427708
Epoch 456 Relative Error 0.0001789217203622684
Epoch 457 Relative Error 0.00018414451915305108
Epoch 458 Relative Error 0.00017998139082919806
Epoch 459 Relative Error 0.00017517262313049287
Epoch 460 Relative Error 0.00018905317119788378
Epoch 461 Relative Error 0.00017934512288775295
Epoch 462 Relative Error 0.00018197666213382035
Epoch 463 Relative Error 0.00018299983639735729
Epoch 464 Relative Error 0.00017997639952227473
Epoch 465 Relative Error 0.00018148506933357567
Epoch 466 Relative Error 0.00017619304708205163
Epoch 467 Relative Error 0.0001806041836971417
Epoch 468 Relative Error 0.00017818766355048865
Epoch 469 Relative Error 0.00017446995479986072
Epoch 470 Relative Error 0.00017809003475122154
Epoch 471 Relative Error 0.00018305824778508395
Epoch 472 Relative Error 0.0001687131152721122
Epoch 473 Relative Error 0.00018512422684580088
Epoch 474 Relative Error 0.00017396043404005468
Epoch 475 Relative Error 0.0001788288791431114
Epoch 476 Relative Error 0.00018348214507568628
Epoch 477 Relative Error 0.0001775422424543649
Epoch 478 Relative Error 0.000179437585757114
Epoch 479 Relative Error 0.00017902995750773698
Epoch 480 Relative Error 0.00017299660248681903
Epoch 481 Relative Error 0.00018645476666279137
Epoch 482 Relative Error 0.00018121898756362498
Epoch 483 Relative Error 0.00018228149565402418
Epoch 484 Relative Error 0.00017869049042928964
Epoch 485 Relative Error 0.00017710278916638345
Epoch 486 Relative Error 0.0001723336026770994
Epoch 487 Relative Error 0.00018210674170404673
Epoch 488 Relative Error 0.0001743404718581587
Epoch 489 Relative Error 0.000176750443642959
Epoch 490 Relative Error 0.0001780415332177654
Epoch 491 Relative Error 0.00017275498248636723
Epoch 492 Relative Error 0.00018254917813465
Epoch 493 Relative Error 0.0001754652039380744
Epoch 494 Relative Error 0.0001706504845060408
Epoch 495 Relative Error 0.00018140170141123235
Epoch 496 Relative Error 0.0001769898517522961
Epoch 497 Relative Error 0.00018410869233775884
Epoch 498 Relative Error 0.000181326933670789
Epoch 499 Relative Error 0.00017592625226825476
Epoch 500 Relative Error 0.00017877394566312432
Epoch 501 Relative Error 0.00018139863095711917
Epoch 502 Relative Error 0.0001730103831505403
Epoch 503 Relative Error 0.00017646618653088808
Epoch 504 Relative Error 0.00017843533714767545
Epoch 505 Relative Error 0.00017581098654773086
Epoch 506 Relative Error 0.0001787582295946777
Epoch 507 Relative Error 0.0001827822852646932
Epoch 508 Relative Error 0.00017432591994293034
Epoch 509 Relative Error 0.0001833849964896217
Epoch 510 Relative Error 0.0001792930852388963
Epoch 511 Relative Error 0.00019047049863729626
Epoch 512 Relative Error 0.000171620849869214
Epoch 513 Relative Error 0.00018037146946880966
Epoch 514 Relative Error 0.00017348313122056425
Epoch 515 Relative Error 0.00017680444580037147
Epoch 516 Relative Error 0.0001689952187007293
Epoch 517 Relative Error 0.00017460448725614697
Epoch 518 Relative Error 0.00017387367552146316
Epoch 519 Relative Error 0.00017785246018320322
Epoch 520 Relative Error 0.00017626078624743968
Epoch 521 Relative Error 0.00017269051750190556
Epoch 522 Relative Error 0.0001754484255798161
Epoch 523 Relative Error 0.0001698876585578546
Epoch 524 Relative Error 0.00017131723870988935
Epoch 525 Relative Error 0.0001747736387187615
Epoch 526 Relative Error 0.0001732341042952612
Epoch 527 Relative Error 0.00016768548812251538
Epoch 528 Relative Error 0.0001705960457911715
Epoch 529 Relative Error 0.00017817027401179075
Epoch 530 Relative Error 0.0001690269127720967
Epoch 531 Relative Error 0.00017548969481140375
Epoch 532 Relative Error 0.00017158122500404716
Epoch 533 Relative Error 0.00017735421715769917
Epoch 534 Relative Error 0.00017498400120530277
Epoch 535 Relative Error 0.00017395040777046233
Epoch 536 Relative Error 0.00017488760931883007
Epoch 537 Relative Error 0.00017412894521839917
Epoch 538 Relative Error 0.00016821123426780105
Epoch 539 Relative Error 0.0001739341823849827
Epoch 540 Relative Error 0.0001727212656987831
Epoch 541 Relative Error 0.00017161409778054804
Epoch 542 Relative Error 0.00016958461492322385
Epoch 543 Relative Error 0.0001769369700923562
Epoch 544 Relative Error 0.00016850788961164653
Epoch 545 Relative Error 0.0001749861694406718
Epoch 546 Relative Error 0.00016901428170967847
Epoch 547 Relative Error 0.0001725761976558715
Epoch 548 Relative Error 0.0001739531144266948
Epoch 549 Relative Error 0.00017413277237210423
Epoch 550 Relative Error 0.00016836465511005372
Epoch 551 Relative Error 0.0001717105187708512
Epoch 552 Relative Error 0.00017567566828802228
Epoch 553 Relative Error 0.0001692166697466746
Epoch 554 Relative Error 0.00017745709919836372
Epoch 555 Relative Error 0.0001825474901124835
Epoch 556 Relative Error 0.00018653042207006365
Epoch 557 Relative Error 0.00018707485287450254
Epoch 558 Relative Error 0.0001727062917780131
Epoch 559 Relative Error 0.0001753091928549111
Epoch 560 Relative Error 0.00017366409883834422
Epoch 561 Relative Error 0.0001714080135570839
Epoch 562 Relative Error 0.00017142701835837215
Epoch 563 Relative Error 0.0001630359620321542
Epoch 564 Relative Error 0.00017102432320825756
Epoch 565 Relative Error 0.00017122320423368365
Epoch 566 Relative Error 0.00016985091497190297
Epoch 567 Relative Error 0.00017469646991230547
Epoch 568 Relative Error 0.00016531713481526822
Epoch 569 Relative Error 0.00017372168076690286
Epoch 570 Relative Error 0.0001744710170896724
Epoch 571 Relative Error 0.0001792219845810905
Epoch 572 Relative Error 0.00017720968753565103
Epoch 573 Relative Error 0.00017137649410869926
Epoch 574 Relative Error 0.00017261621542274952
Epoch 575 Relative Error 0.00016907301323954016
Epoch 576 Relative Error 0.00017047120491042733
Epoch 577 Relative Error 0.00016410766693297774
Epoch 578 Relative Error 0.00016607792349532247
Epoch 579 Relative Error 0.00016916310414671898
Epoch 580 Relative Error 0.0001662496943026781
Epoch 581 Relative Error 0.00017350813141092658
Epoch 582 Relative Error 0.0001690115313977003
Epoch 583 Relative Error 0.00017666557687334716
Epoch 584 Relative Error 0.0001682115689618513
Epoch 585 Relative Error 0.00016789879009593278
Epoch 586 Relative Error 0.0001670232304604724
Epoch 587 Relative Error 0.00016844621859490871
Epoch 588 Relative Error 0.0001691384386504069
Epoch 589 Relative Error 0.00016831548418849707
Epoch 590 Relative Error 0.0001677035033935681
Epoch 591 Relative Error 0.00017109095642808825
Epoch 592 Relative Error 0.0001714959944365546
Epoch 593 Relative Error 0.00017520719848107547
Epoch 594 Relative Error 0.0001687252806732431
Epoch 595 Relative Error 0.00017294453573413193
Epoch 596 Relative Error 0.00017660144658293575
Epoch 597 Relative Error 0.0001716387050691992
Epoch 598 Relative Error 0.0001683473092271015
Epoch 599 Relative Error 0.00016667609452269971
Epoch 600 Relative Error 0.00016894028522074223
Epoch 601 Relative Error 0.00016762278391979635
Epoch 602 Relative Error 0.00016320410941261798
Epoch 603 Relative Error 0.00016944327217061073
Epoch 604 Relative Error 0.00016687561583239585
Epoch 605 Relative Error 0.00016934634186327457
Epoch 606 Relative Error 0.00017937232041731477
Epoch 607 Relative Error 0.00017075952200684696
Epoch 608 Relative Error 0.0001688538322923705
Epoch 609 Relative Error 0.000163484422955662
Epoch 610 Relative Error 0.00017037379438988864
Epoch 611 Relative Error 0.0001607276062713936
Epoch 612 Relative Error 0.00016601048992015421
Epoch 613 Relative Error 0.00016734746168367565
Epoch 614 Relative Error 0.00016646937001496553
Epoch 615 Relative Error 0.00016539081116206944
Epoch 616 Relative Error 0.00016894846339710057
Epoch 617 Relative Error 0.0001763250766089186
Epoch 618 Relative Error 0.0001714968093438074
Epoch 619 Relative Error 0.00017536839004606009
Epoch 620 Relative Error 0.00016366399358958006
Epoch 621 Relative Error 0.00017076657968573272
Epoch 622 Relative Error 0.00016396178398281336
Epoch 623 Relative Error 0.00016653977218084037
Epoch 624 Relative Error 0.00016922979557421058
Epoch 625 Relative Error 0.00016641730326227844
Epoch 626 Relative Error 0.00016584884724579751
Epoch 627 Relative Error 0.00016418207087554038
Epoch 628 Relative Error 0.00017276049766223878
Epoch 629 Relative Error 0.0001722467568470165
Epoch 630 Relative Error 0.00016716003301553428
Epoch 631 Relative Error 0.00016639741079416126
Epoch 632 Relative Error 0.00017431357991881669
Epoch 633 Relative Error 0.00016066939861048013
Epoch 634 Relative Error 0.0001714250392979011
Epoch 635 Relative Error 0.00016125437105074525
Epoch 636 Relative Error 0.0001663809671299532
Epoch 637 Relative Error 0.00016459374455735087
Epoch 638 Relative Error 0.0001594037312315777
Epoch 639 Relative Error 0.00017017702339217067
Epoch 640 Relative Error 0.0001698042033240199
Epoch 641 Relative Error 0.00016094115562736988
Epoch 642 Relative Error 0.00016649159078951925
Epoch 643 Relative Error 0.00016213467461057007
Epoch 644 Relative Error 0.0001660567504586652
Epoch 645 Relative Error 0.00015789773897267878
Epoch 646 Relative Error 0.00016987021081149578
Epoch 647 Relative Error 0.00016489495465066284
Epoch 648 Relative Error 0.00016321554721798748
Epoch 649 Relative Error 0.0001637190580368042
Epoch 650 Relative Error 0.00016686711751390249
Epoch 651 Relative Error 0.0001599775132490322
Epoch 652 Relative Error 0.00016786667401902378
Epoch 653 Relative Error 0.00016997617785818875
Epoch 654 Relative Error 0.00016402409528382123
Epoch 655 Relative Error 0.0001653048093430698
Epoch 656 Relative Error 0.00017279638268519193
Epoch 657 Relative Error 0.00016808397776912898
Epoch 658 Relative Error 0.00016944216622505337
Epoch 659 Relative Error 0.00016523549857083708
Epoch 660 Relative Error 0.00016409576346632093
Epoch 661 Relative Error 0.0001623701537027955
Epoch 662 Relative Error 0.00016451517876703292
Epoch 663 Relative Error 0.00017316378944087774
Epoch 664 Relative Error 0.00016699313709978014
Epoch 665 Relative Error 0.0001634600048419088
Epoch 666 Relative Error 0.00016333222447428852
Epoch 667 Relative Error 0.00017102999845519662
Epoch 668 Relative Error 0.00016947617405094206
Epoch 669 Relative Error 0.00016309400962200016
Epoch 670 Relative Error 0.00016010567196644843
Epoch 671 Relative Error 0.0001680639252299443
Epoch 672 Relative Error 0.00015568136586807668
Epoch 673 Relative Error 0.00016917985340114683
Epoch 674 Relative Error 0.00015598417667206377
Epoch 675 Relative Error 0.00017032881441991776
Epoch 676 Relative Error 0.0001648374745855108
Epoch 677 Relative Error 0.0001608525781193748
Epoch 678 Relative Error 0.00016151090676430613
Epoch 679 Relative Error 0.00017127234605140984
Epoch 680 Relative Error 0.00016268834588117898
Epoch 681 Relative Error 0.0001628424652153626
Epoch 682 Relative Error 0.00016108811541926116
Epoch 683 Relative Error 0.00015704880934208632
Epoch 684 Relative Error 0.0001668454788159579
Epoch 685 Relative Error 0.00015891838120296597
Epoch 686 Relative Error 0.000159862291184254
Epoch 687 Relative Error 0.00016197409422602504
Epoch 688 Relative Error 0.00015867796901147813
Epoch 689 Relative Error 0.0001578262890689075
Epoch 690 Relative Error 0.00017458487127441913
Epoch 691 Relative Error 0.0001631637423997745
Epoch 692 Relative Error 0.00015918081044219434
Epoch 693 Relative Error 0.00017015199409797788
Epoch 694 Relative Error 0.0001598848612047732
Epoch 695 Relative Error 0.00016156597121153027
Epoch 696 Relative Error 0.00016155268531292677
Epoch 697 Relative Error 0.00015850654745008796
Epoch 698 Relative Error 0.00016505285748280585
Epoch 699 Relative Error 0.00016005834913812578
Epoch 700 Relative Error 0.00015888958296272904
Epoch 701 Relative Error 0.00016689689073245972
Epoch 702 Relative Error 0.00015647936379536986
Epoch 703 Relative Error 0.0001680743444012478
Epoch 704 Relative Error 0.00015751650789752603
Epoch 705 Relative Error 0.00016425740614067763
Epoch 706 Relative Error 0.00017271631804760545
Epoch 707 Relative Error 0.00016673891514074057
Epoch 708 Relative Error 0.0001684657618170604
Epoch 709 Relative Error 0.0001640336704440415
Epoch 710 Relative Error 0.00017265445785596967
Epoch 711 Relative Error 0.00016360002337023616
Epoch 712 Relative Error 0.00016165962733794004
Epoch 713 Relative Error 0.0001671187492320314
Epoch 714 Relative Error 0.0001630824845051393
Epoch 715 Relative Error 0.00016438530292361975
Epoch 716 Relative Error 0.00016978908388409764
Epoch 717 Relative Error 0.000157686197781004
Epoch 718 Relative Error 0.00016795008559711277
Epoch 719 Relative Error 0.00015689547581132501
Epoch 720 Relative Error 0.00016488222172483802
Epoch 721 Relative Error 0.00016351831436622888
Epoch 722 Relative Error 0.00015781812544446439
Epoch 723 Relative Error 0.0001632583444006741
Epoch 724 Relative Error 0.00016028097888920456
Epoch 725 Relative Error 0.00015816590166650712
Epoch 726 Relative Error 0.00015994903515093029
Epoch 727 Relative Error 0.0001541032688692212
Epoch 728 Relative Error 0.00016437859449069947
Epoch 729 Relative Error 0.00016049617261160165
Epoch 730 Relative Error 0.00016072677681222558
Epoch 731 Relative Error 0.00016409758245572448
Epoch 732 Relative Error 0.00016055094602052122
Epoch 733 Relative Error 0.0001562322286190465
Epoch 734 Relative Error 0.00016524759121239185
Epoch 735 Relative Error 0.00015416443056892604
Epoch 736 Relative Error 0.00016280073032248765
Epoch 737 Relative Error 0.00017034074699040502
Epoch 738 Relative Error 0.0001539192599011585
Epoch 739 Relative Error 0.00016657783999107778
Epoch 740 Relative Error 0.00016037753084674478
Epoch 741 Relative Error 0.0001582402182975784
Epoch 742 Relative Error 0.00015839592379052192
Epoch 743 Relative Error 0.00017105862207245082
Epoch 744 Relative Error 0.0001581196702318266
Epoch 745 Relative Error 0.00015874439850449562
Epoch 746 Relative Error 0.00016307459736708552
Epoch 747 Relative Error 0.00015667367551941425
Epoch 748 Relative Error 0.0001556301285745576
Epoch 749 Relative Error 0.00016369359218515456
Epoch 750 Relative Error 0.00015662776422686875
Epoch 751 Relative Error 0.00016408134251832962
Epoch 752 Relative Error 0.00016521189536433667
Epoch 753 Relative Error 0.00015603248903062195
Epoch 754 Relative Error 0.0001621782867005095
Epoch 755 Relative Error 0.00016203422273974866
Epoch 756 Relative Error 0.00015594008436892182
Epoch 757 Relative Error 0.00016111544391606003
Epoch 758 Relative Error 0.00016922192298807204
Epoch 759 Relative Error 0.00016306721954606473
Epoch 760 Relative Error 0.00016380823217332363
Epoch 761 Relative Error 0.0001687804760877043
Epoch 762 Relative Error 0.00016865672660060227
Epoch 763 Relative Error 0.00015989663370419294
Epoch 764 Relative Error 0.00015832249482627958
Epoch 765 Relative Error 0.0001572854962432757
Epoch 766 Relative Error 0.00015957311552483588
Epoch 767 Relative Error 0.00016141895321197808
Epoch 768 Relative Error 0.00015472728409804404
Epoch 769 Relative Error 0.00015899540449026972
Epoch 770 Relative Error 0.00015925751358736306
Epoch 771 Relative Error 0.00016143899119924754
Epoch 772 Relative Error 0.00015735896886326373
Epoch 773 Relative Error 0.00016209481691475958
Epoch 774 Relative Error 0.00015594965952914208
Epoch 775 Relative Error 0.00015627585526090115
Epoch 776 Relative Error 0.00016198965022340417
Epoch 777 Relative Error 0.00016071322897914797
Epoch 778 Relative Error 0.00015503376198466867
Epoch 779 Relative Error 0.00016395896091125906
Epoch 780 Relative Error 0.00016020679322537035
Epoch 781 Relative Error 0.00016114792379084975
Epoch 782 Relative Error 0.00015896135300863534
Epoch 783 Relative Error 0.00016176265489775687
Epoch 784 Relative Error 0.00015315681230276823
Epoch 785 Relative Error 0.00016334526299033314
Epoch 786 Relative Error 0.00015061117301229388
Epoch 787 Relative Error 0.00016025691002141684
Epoch 788 Relative Error 0.000161387215484865
Epoch 789 Relative Error 0.0001547537831356749
Epoch 790 Relative Error 0.00015396546223200858
Epoch 791 Relative Error 0.0001630928018130362
Epoch 792 Relative Error 0.00015486056508962065
Epoch 793 Relative Error 0.00015782071568537503
Epoch 794 Relative Error 0.00015649931447114795
Epoch 795 Relative Error 0.00015902337327133864
Epoch 796 Relative Error 0.00015574163990095258
Epoch 797 Relative Error 0.00016348263307008892
Epoch 798 Relative Error 0.00015154032735154033
Epoch 799 Relative Error 0.00015915474796202034
Epoch 800 Relative Error 0.000161737683811225
Epoch 801 Relative Error 0.00015525211347267032
Epoch 802 Relative Error 0.00015651136345695704
Epoch 803 Relative Error 0.00016174741904251277
Epoch 804 Relative Error 0.00015976208669599146
Epoch 805 Relative Error 0.00015629900735802948
Epoch 806 Relative Error 0.00015990377869457006
Epoch 807 Relative Error 0.00015588245878461748
Epoch 808 Relative Error 0.00015870531206019223
Epoch 809 Relative Error 0.00015929176879581064
Epoch 810 Relative Error 0.00015783328854013234
Epoch 811 Relative Error 0.00016458188474643975
Epoch 812 Relative Error 0.00015793507918715477
Epoch 813 Relative Error 0.00016284527373500168
Epoch 814 Relative Error 0.0001749800576362759
Epoch 815 Relative Error 0.00016536038310732692
Epoch 816 Relative Error 0.00016666599549353123
Epoch 817 Relative Error 0.00016847004008013755
Epoch 818 Relative Error 0.00015111995162442327
Epoch 819 Relative Error 0.0001648915495024994
Epoch 820 Relative Error 0.00016760564176365733
Epoch 821 Relative Error 0.0001636521628824994
Epoch 822 Relative Error 0.00016770757792983204
Epoch 823 Relative Error 0.0001564609119668603
Epoch 824 Relative Error 0.00015911053924355656
Epoch 825 Relative Error 0.00015184088260866702
Epoch 826 Relative Error 0.00015725233242847025
Epoch 827 Relative Error 0.00015719427028670907
Epoch 828 Relative Error 0.00015320480451919138
Epoch 829 Relative Error 0.0001562443794682622
Epoch 830 Relative Error 0.00015781082038301975
Epoch 831 Relative Error 0.00015379856631625444
Epoch 832 Relative Error 0.00015709330909885466
Epoch 833 Relative Error 0.00015381418052129447
Epoch 834 Relative Error 0.00015488189819734544
Epoch 835 Relative Error 0.0001565136044519022
Epoch 836 Relative Error 0.00016028019308578223
Epoch 837 Relative Error 0.00016374212282244116
Epoch 838 Relative Error 0.00015924856415949762
Epoch 839 Relative Error 0.00016242443234659731
Epoch 840 Relative Error 0.00016358314314857125
Epoch 841 Relative Error 0.00014898963854648173
Epoch 842 Relative Error 0.0001615580840734765
Epoch 843 Relative Error 0.00016753189265727997
Epoch 844 Relative Error 0.00015318684745579958
Epoch 845 Relative Error 0.00016376172425225377
Epoch 846 Relative Error 0.00016308482736349106
Epoch 847 Relative Error 0.00015895647811703384
Epoch 848 Relative Error 0.0001564616395626217
Epoch 849 Relative Error 0.00015484947653021663
Epoch 850 Relative Error 0.00015468886704184115
Epoch 851 Relative Error 0.0001592027401784435
Epoch 852 Relative Error 0.00015257394989021122
Epoch 853 Relative Error 0.0001644312433199957
Epoch 854 Relative Error 0.0001631042396184057
Epoch 855 Relative Error 0.00015489042561966926
Epoch 856 Relative Error 0.0001600337418494746
Epoch 857 Relative Error 0.0001582382683409378
Epoch 858 Relative Error 0.0001583560515427962
Epoch 859 Relative Error 0.0001619052345631644
Epoch 860 Relative Error 0.00015714953769929707
Epoch 861 Relative Error 0.00015150288527365774
Epoch 862 Relative Error 0.00015574879944324493
Epoch 863 Relative Error 0.00015413628716487437
Epoch 864 Relative Error 0.00015400734264403582
Epoch 865 Relative Error 0.00015237097977660596
Epoch 866 Relative Error 0.00015888235066086054
Epoch 867 Relative Error 0.00015678713680244982
Epoch 868 Relative Error 0.0001599172392161563
Epoch 869 Relative Error 0.0001591134787304327
Epoch 870 Relative Error 0.00015461619477719069
Epoch 871 Relative Error 0.00015556017751805484
Epoch 872 Relative Error 0.00015674518363084644
Epoch 873 Relative Error 0.00015244376845657825
Epoch 874 Relative Error 0.00015355367213487625
Epoch 875 Relative Error 0.00015660790086258203
Epoch 876 Relative Error 0.00015476335829589516
Epoch 877 Relative Error 0.00015720467490609735
Epoch 878 Relative Error 0.00015260465443134308
Epoch 879 Relative Error 0.00015789178723935038
Epoch 880 Relative Error 0.00016318558482453227
Epoch 881 Relative Error 0.00015003726002760231
Epoch 882 Relative Error 0.00016622431576251984
Epoch 883 Relative Error 0.00015383923891931772
Epoch 884 Relative Error 0.0001543226244393736
Epoch 885 Relative Error 0.00016000638424884528
Epoch 886 Relative Error 0.0001634048530831933
Epoch 887 Relative Error 0.00015373295173048973
Epoch 888 Relative Error 0.0001575662608956918
Epoch 889 Relative Error 0.0001659748231759295
Epoch 890 Relative Error 0.0001540649391245097
Epoch 891 Relative Error 0.00016060509369708598
Epoch 892 Relative Error 0.0001564525009598583
Epoch 893 Relative Error 0.0001558207004563883
Epoch 894 Relative Error 0.00015703093959018588
Epoch 895 Relative Error 0.00015699295909143984
Epoch 896 Relative Error 0.00015656380855944008
Epoch 897 Relative Error 0.0001547666179249063
Epoch 898 Relative Error 0.0001554525806568563
Epoch 899 Relative Error 0.00015007544425316155
Epoch 900 Relative Error 0.0001566207647556439
Epoch 901 Relative Error 0.000164692712132819
Epoch 902 Relative Error 0.0001578990340931341
Epoch 903 Relative Error 0.00017257827857974917
Epoch 904 Relative Error 0.00015538951265625656
Epoch 905 Relative Error 0.0001518142962595448
Epoch 906 Relative Error 0.00015995066496543586
Epoch 907 Relative Error 0.00015769735909998417
Epoch 908 Relative Error 0.00015166400407906622
Epoch 909 Relative Error 0.00015430216444656253
Epoch 910 Relative Error 0.00015819414693396538
Epoch 911 Relative Error 0.00015067640924826264
Epoch 912 Relative Error 0.00016527660773135722
Epoch 913 Relative Error 0.000157184389536269
Epoch 914 Relative Error 0.0001562185207149014
Epoch 915 Relative Error 0.00016201076505240053
Epoch 916 Relative Error 0.00016078473709058017
Epoch 917 Relative Error 0.00015942177560646087
Epoch 918 Relative Error 0.00015520847227890044
Epoch 919 Relative Error 0.00016310533101204783
Epoch 920 Relative Error 0.00015010341303423047
Epoch 921 Relative Error 0.00016494948067702353
Epoch 922 Relative Error 0.00016327468620147556
Epoch 923 Relative Error 0.00015730135783087462
Epoch 924 Relative Error 0.00015940207231324166
Epoch 925 Relative Error 0.0001521574886282906
Epoch 926 Relative Error 0.00015588736278004944
Epoch 927 Relative Error 0.00015825193258933723
Epoch 928 Relative Error 0.00015937584976200014
Epoch 929 Relative Error 0.00015288522990886122
Epoch 930 Relative Error 0.00016178294026758522
Epoch 931 Relative Error 0.00015619104669895023
Epoch 932 Relative Error 0.00015349595923908055
Epoch 933 Relative Error 0.00014782135258428752
Epoch 934 Relative Error 0.00016030474216677248
Epoch 935 Relative Error 0.00015586419613100588
Epoch 936 Relative Error 0.00015107238141354173
Epoch 937 Relative Error 0.0001542030368000269
Epoch 938 Relative Error 0.00015345297288149595
Epoch 939 Relative Error 0.0001512614981038496
Epoch 940 Relative Error 0.00015510337834712118
Epoch 941 Relative Error 0.0001549626758787781
Epoch 942 Relative Error 0.00014792231377214193
Epoch 943 Relative Error 0.0001579034433234483
Epoch 944 Relative Error 0.00015338145021814853
Epoch 945 Relative Error 0.00015597892343066633
Epoch 946 Relative Error 0.00016570194566156715
Epoch 947 Relative Error 0.00015517708379775286
Epoch 948 Relative Error 0.0001580733514856547
Epoch 949 Relative Error 0.00016370606317650527
Epoch 950 Relative Error 0.00016020555631257594
Epoch 951 Relative Error 0.0001627442252356559
Epoch 952 Relative Error 0.00016437047452200204
Epoch 953 Relative Error 0.00015306498971767724
Epoch 954 Relative Error 0.00015901408914942294
Epoch 955 Relative Error 0.0001585627323947847
Epoch 956 Relative Error 0.00015719512884970754
Epoch 957 Relative Error 0.0001524531253380701
Epoch 958 Relative Error 0.00015967020590323955
Epoch 959 Relative Error 0.0001580509851919487
Epoch 960 Relative Error 0.00015412519860547036
Epoch 961 Relative Error 0.00015031071961857378
Epoch 962 Relative Error 0.0001579854724695906
Epoch 963 Relative Error 0.00015468835772480816
Epoch 964 Relative Error 0.0001455793099012226
Epoch 965 Relative Error 0.00016124871035572141
Epoch 966 Relative Error 0.0001574811467435211
Epoch 967 Relative Error 0.00015058355347719043
Epoch 968 Relative Error 0.00016105764370877296
Epoch 969 Relative Error 0.0001604849094292149
Epoch 970 Relative Error 0.00015501178859267384
Epoch 971 Relative Error 0.00015875432291068137
Epoch 972 Relative Error 0.00015463490854017437
Epoch 973 Relative Error 0.0001555290655232966
Epoch 974 Relative Error 0.00015710067236796021
Epoch 975 Relative Error 0.00015791130135767162
Epoch 976 Relative Error 0.00015037416596896946
Epoch 977 Relative Error 0.00016508363478351384
Epoch 978 Relative Error 0.0001571294997120276
Epoch 979 Relative Error 0.00015544862253591418
Epoch 980 Relative Error 0.00015366787556558847
Epoch 981 Relative Error 0.0001526480191387236
Epoch 982 Relative Error 0.0001529552391730249
Epoch 983 Relative Error 0.00015690375585108995
Epoch 984 Relative Error 0.00015548444935120642
Epoch 985 Relative Error 0.00015532599354628474
Epoch 986 Relative Error 0.00015430423081852496
Epoch 987 Relative Error 0.00015269128198269755
Epoch 988 Relative Error 0.00015659010387025774
Epoch 989 Relative Error 0.00014994278899393976
Epoch 990 Relative Error 0.00015564759087283164
Epoch 991 Relative Error 0.00015299231745302677
Epoch 992 Relative Error 0.0001529379514977336
Epoch 993 Relative Error 0.00015642651123926044
Epoch 994 Relative Error 0.00015285491826944053
Epoch 995 Relative Error 0.0001543111720820889
Epoch 996 Relative Error 0.00015653976879548281
Epoch 997 Relative Error 0.00015326347784139216
Epoch 998 Relative Error 0.00014735263539478183
Epoch 999 Relative Error 0.00015687460836488754
Epoch 1000 Relative Error 0.00014542153803631663
RE (3, 9, 9, 0): 0.00014542153803631663
Green's Function RE (3, 9, 9, 0): 0.007327128667384386
Bias Term RE (3, 9, 9, 0): 0.008850086480379105
Combination (3, 9, 9, 0, 0): 0.00014542047574650496
Combination (3, 9, 9, 0, 1): 0.0036341031081974506
Combination (3, 9, 9, 0, 2): 0.0036930188070982695
Combination (3, 9, 9, 0, 3): 0.003695886814966798
Combination (3, 9, 9, 0, 4): 0.0036970621440559626

/home/gridsan/gstepaniants/.local/lib/python3.8/site-packages/torch/functional.py:478: UserWarning: torch.meshgrid: in an upcoming release, it will be required to pass the indexing argument. (Triggered internally at  ../aten/src/ATen/native/TensorShape.cpp:2895.)
  return _VF.meshgrid(tensors, **kwargs)  # type: ignore[attr-defined]
