[KeOps] Warning : Cuda libraries were not detected on the system ; using cpu only mode
1
Kernel: Matern5/2
Weight Mesh: 70
RKHS Kernel Width: 0.6000000000000001
Lambda: 1e-06
Green's Function Learning Rate: 100
Bias Term Learning Rate: 100
Epoch 1 Relative Error 44213.44921875
First epoch had re = 44213.44921875 > 1
Green's Function Learning Rate: 50
Bias Term Learning Rate: 50
Epoch 1 Relative Error 22256.119140625
First epoch had re = 22256.119140625 > 1
Green's Function Learning Rate: 10
Bias Term Learning Rate: 10
Epoch 1 Relative Error 5752.45751953125
First epoch had re = 5752.45751953125 > 1
Green's Function Learning Rate: 5
Bias Term Learning Rate: 5
Epoch 1 Relative Error 2438.563720703125
First epoch had re = 2438.563720703125 > 1
Green's Function Learning Rate: 1
Bias Term Learning Rate: 1
Epoch 1 Relative Error 462.0287780761719
First epoch had re = 462.0287780761719 > 1
Green's Function Learning Rate: 0.5
Bias Term Learning Rate: 0.5
Epoch 1 Relative Error 214.5935516357422
First epoch had re = 214.5935516357422 > 1
Green's Function Learning Rate: 0.1
Bias Term Learning Rate: 0.1
Epoch 1 Relative Error 44.79795455932617
First epoch had re = 44.79795455932617 > 1
Green's Function Learning Rate: 0.05
Bias Term Learning Rate: 0.05
Epoch 1 Relative Error 16.32110595703125
First epoch had re = 16.32110595703125 > 1
Green's Function Learning Rate: 0.01
Bias Term Learning Rate: 0.01
Epoch 1 Relative Error 2.1346421241760254
First epoch had re = 2.1346421241760254 > 1
Green's Function Learning Rate: 0.005
Bias Term Learning Rate: 0.005
Epoch 1 Relative Error 1.1379543542861938
First epoch had re = 1.1379543542861938 > 1
Green's Function Learning Rate: 0.001
Bias Term Learning Rate: 0.001
Epoch 1 Relative Error 1.033983826637268
First epoch had re = 1.033983826637268 > 1
Green's Function Learning Rate: 0.0005
Bias Term Learning Rate: 0.0005
Epoch 1 Relative Error 1.0186554193496704
First epoch had re = 1.0186554193496704 > 1
Green's Function Learning Rate: 0.0001
Bias Term Learning Rate: 0.0001
Epoch 1 Relative Error 0.8169248104095459
Epoch 2 Relative Error 0.7442221641540527
Epoch 3 Relative Error 0.7758999466896057
Epoch 4 Relative Error 0.8408626317977905
Epoch 5 Relative Error 0.87516188621521
Epoch 6 Relative Error 0.8645249009132385
Epoch 7 Relative Error 0.8298711180686951
Epoch 8 Relative Error 0.795276403427124
Epoch 9 Relative Error 0.7740718722343445
Epoch 10 Relative Error 0.7662070393562317
Epoch 11 Relative Error 0.7688996195793152
Epoch 12 Relative Error 0.7762465476989746
Epoch 13 Relative Error 0.7833303809165955
Epoch 14 Relative Error 0.7847200632095337
Epoch 15 Relative Error 0.7830482721328735
Epoch 16 Relative Error 0.7782379388809204
Epoch 17 Relative Error 0.7743527293205261
Epoch 18 Relative Error 0.7712523341178894
Epoch 19 Relative Error 0.7688742280006409
Epoch 20 Relative Error 0.7675729990005493
Epoch 21 Relative Error 0.7659637928009033
Epoch 22 Relative Error 0.7667662501335144
Epoch 23 Relative Error 0.7674990892410278
Epoch 24 Relative Error 0.7656946778297424
Epoch 25 Relative Error 0.7614092826843262
Epoch 26 Relative Error 0.7567705512046814
Epoch 27 Relative Error 0.7558950781822205
Epoch 28 Relative Error 0.7542607188224792
Epoch 29 Relative Error 0.7535775303840637
Epoch 30 Relative Error 0.7537373304367065
Epoch 31 Relative Error 0.7519811987876892
Epoch 32 Relative Error 0.7488235831260681
Epoch 33 Relative Error 0.7459798455238342
Epoch 34 Relative Error 0.7445167899131775
Epoch 35 Relative Error 0.7451207637786865
Epoch 36 Relative Error 0.7421150803565979
Epoch 37 Relative Error 0.7409374117851257
Epoch 38 Relative Error 0.7372106909751892
Epoch 39 Relative Error 0.736437976360321
Epoch 40 Relative Error 0.7342487573623657
Epoch 41 Relative Error 0.7330526113510132
Epoch 42 Relative Error 0.732035219669342
Epoch 43 Relative Error 0.729745626449585
Epoch 44 Relative Error 0.7273576855659485
Epoch 45 Relative Error 0.7248062491416931
Epoch 46 Relative Error 0.724651038646698
Epoch 47 Relative Error 0.722367525100708
Epoch 48 Relative Error 0.7204792499542236
Epoch 49 Relative Error 0.7190296053886414
Epoch 50 Relative Error 0.7175548672676086
Epoch 51 Relative Error 0.7159816026687622
Epoch 52 Relative Error 0.7130089998245239
Epoch 53 Relative Error 0.7112452983856201
Epoch 54 Relative Error 0.7092508673667908
Epoch 55 Relative Error 0.7086130380630493
Epoch 56 Relative Error 0.7061290144920349
Epoch 57 Relative Error 0.705828070640564
Epoch 58 Relative Error 0.7035380601882935
Epoch 59 Relative Error 0.7023595571517944
Epoch 60 Relative Error 0.6992274522781372
Epoch 61 Relative Error 0.6978737711906433
Epoch 62 Relative Error 0.6952709555625916
Epoch 63 Relative Error 0.6943995952606201
Epoch 64 Relative Error 0.69432133436203
Epoch 65 Relative Error 0.6920933723449707
Epoch 66 Relative Error 0.6886422634124756
Epoch 67 Relative Error 0.6881144046783447
Epoch 68 Relative Error 0.685121476650238
Epoch 69 Relative Error 0.6859927177429199
Epoch 70 Relative Error 0.6833560466766357
Epoch 71 Relative Error 0.6790817379951477
Epoch 72 Relative Error 0.6786509156227112
Epoch 73 Relative Error 0.6795912981033325
Epoch 74 Relative Error 0.6763836145401001
Epoch 75 Relative Error 0.6745179295539856
Epoch 76 Relative Error 0.6723020076751709
Epoch 77 Relative Error 0.671012818813324
Epoch 78 Relative Error 0.6694496870040894
Epoch 79 Relative Error 0.6673830151557922
Epoch 80 Relative Error 0.667598307132721
Epoch 81 Relative Error 0.6645206809043884
Epoch 82 Relative Error 0.6621178984642029
Epoch 83 Relative Error 0.6614319086074829
Epoch 84 Relative Error 0.6582869291305542
Epoch 85 Relative Error 0.6592007875442505
Epoch 86 Relative Error 0.6598762273788452
Epoch 87 Relative Error 0.6539340019226074
Epoch 88 Relative Error 0.6519368886947632
Epoch 89 Relative Error 0.6521037817001343
Epoch 90 Relative Error 0.6507516503334045
Epoch 91 Relative Error 0.6487643718719482
Epoch 92 Relative Error 0.647487998008728
Epoch 93 Relative Error 0.645272433757782
Epoch 94 Relative Error 0.6452363729476929
Epoch 95 Relative Error 0.6444624662399292
Epoch 96 Relative Error 0.6405435800552368
Epoch 97 Relative Error 0.6407128572463989
Epoch 98 Relative Error 0.6379935145378113
Epoch 99 Relative Error 0.6351758241653442
Epoch 100 Relative Error 0.6377173662185669
Epoch 101 Relative Error 0.6360384821891785
Epoch 102 Relative Error 0.6307897567749023
Epoch 103 Relative Error 0.6293451189994812
Epoch 104 Relative Error 0.6293960213661194
Epoch 105 Relative Error 0.6287002563476562
Epoch 106 Relative Error 0.627299427986145
Epoch 107 Relative Error 0.6261623501777649
Epoch 108 Relative Error 0.6245115995407104
Epoch 109 Relative Error 0.6228458881378174
Epoch 110 Relative Error 0.6194440722465515
Epoch 111 Relative Error 0.6196867823600769
Epoch 112 Relative Error 0.6196238398551941
Epoch 113 Relative Error 0.6173006892204285
Epoch 114 Relative Error 0.6156384348869324
Epoch 115 Relative Error 0.6157457232475281
Epoch 116 Relative Error 0.6133990287780762
Epoch 117 Relative Error 0.6133421659469604
Epoch 118 Relative Error 0.6089898347854614
Epoch 119 Relative Error 0.6077901124954224
Epoch 120 Relative Error 0.6076326370239258
Epoch 121 Relative Error 0.6068679690361023
Epoch 122 Relative Error 0.6046586632728577
Epoch 123 Relative Error 0.6043086647987366
Epoch 124 Relative Error 0.6055995225906372
Epoch 125 Relative Error 0.6012818813323975
Epoch 126 Relative Error 0.5979887247085571
Epoch 127 Relative Error 0.5984644293785095
Epoch 128 Relative Error 0.5986924767494202
Epoch 129 Relative Error 0.5978474617004395
Epoch 130 Relative Error 0.596039354801178
Epoch 131 Relative Error 0.5912970900535583
Epoch 132 Relative Error 0.5916562676429749
Epoch 133 Relative Error 0.5951200127601624
Epoch 134 Relative Error 0.5904980897903442
Epoch 135 Relative Error 0.5869845151901245
Epoch 136 Relative Error 0.5875585675239563
Epoch 137 Relative Error 0.5883004069328308
Epoch 138 Relative Error 0.586915910243988
Epoch 139 Relative Error 0.5834291577339172
Epoch 140 Relative Error 0.581972062587738
Epoch 141 Relative Error 0.58389812707901
Epoch 142 Relative Error 0.5825585722923279
Epoch 143 Relative Error 0.5774720311164856
Epoch 144 Relative Error 0.5797196626663208
Epoch 145 Relative Error 0.5804730653762817
Epoch 146 Relative Error 0.5769650936126709
Epoch 147 Relative Error 0.5743957161903381
Epoch 148 Relative Error 0.5740092396736145
Epoch 149 Relative Error 0.5731005072593689
Epoch 150 Relative Error 0.5726206302642822
Epoch 151 Relative Error 0.5731565952301025
Epoch 152 Relative Error 0.5705430507659912
Epoch 153 Relative Error 0.5681386590003967
Epoch 154 Relative Error 0.5687514543533325
Epoch 155 Relative Error 0.5657227039337158
Epoch 156 Relative Error 0.5658843517303467
Epoch 157 Relative Error 0.5651766061782837
Epoch 158 Relative Error 0.5651964545249939
Epoch 159 Relative Error 0.562813937664032
Epoch 160 Relative Error 0.5624784231185913
Epoch 161 Relative Error 0.5597324371337891
Epoch 162 Relative Error 0.5604811310768127
Epoch 163 Relative Error 0.558487594127655
Epoch 164 Relative Error 0.5610068440437317
Epoch 165 Relative Error 0.5566291809082031
Epoch 166 Relative Error 0.5540328025817871
Epoch 167 Relative Error 0.5559689402580261
Epoch 168 Relative Error 0.5559322237968445
Epoch 169 Relative Error 0.5534493923187256
Epoch 170 Relative Error 0.5513880848884583
Epoch 171 Relative Error 0.5516062378883362
Epoch 172 Relative Error 0.5527924299240112
Epoch 173 Relative Error 0.548878014087677
Epoch 174 Relative Error 0.5478341579437256
Epoch 175 Relative Error 0.5483914017677307
Epoch 176 Relative Error 0.5477746725082397
Epoch 177 Relative Error 0.5475322604179382
Epoch 178 Relative Error 0.5438156127929688
Epoch 179 Relative Error 0.5431421399116516
Epoch 180 Relative Error 0.5435582995414734
Epoch 181 Relative Error 0.5436083078384399
Epoch 182 Relative Error 0.5427327156066895
Epoch 183 Relative Error 0.5399673581123352
Epoch 184 Relative Error 0.5391079187393188
Epoch 185 Relative Error 0.5412421822547913
Epoch 186 Relative Error 0.5404316186904907
Epoch 187 Relative Error 0.5375595092773438
Epoch 188 Relative Error 0.5351258516311646
Epoch 189 Relative Error 0.5351226329803467
Epoch 190 Relative Error 0.5363852977752686
Epoch 191 Relative Error 0.5349358320236206
Epoch 192 Relative Error 0.5323532223701477
Epoch 193 Relative Error 0.5325962901115417
Epoch 194 Relative Error 0.5323842763900757
Epoch 195 Relative Error 0.5330237746238708
Epoch 196 Relative Error 0.5306468605995178
Epoch 197 Relative Error 0.5284513831138611
Epoch 198 Relative Error 0.5295253396034241
Epoch 199 Relative Error 0.527352511882782
Epoch 200 Relative Error 0.5277736186981201
Epoch 201 Relative Error 0.5284265279769897
Epoch 202 Relative Error 0.5259510278701782
Epoch 203 Relative Error 0.5246614813804626
Epoch 204 Relative Error 0.5248205661773682
Epoch 205 Relative Error 0.5243968963623047
Epoch 206 Relative Error 0.5230605602264404
Epoch 207 Relative Error 0.5235328674316406
Epoch 208 Relative Error 0.5212597846984863
Epoch 209 Relative Error 0.5204529762268066
Epoch 210 Relative Error 0.5197532773017883
Epoch 211 Relative Error 0.5215746164321899
Epoch 212 Relative Error 0.5202993750572205
Epoch 213 Relative Error 0.5168812870979309
Epoch 214 Relative Error 0.5164596438407898
Epoch 215 Relative Error 0.5181384682655334
Epoch 216 Relative Error 0.5171195864677429
Epoch 217 Relative Error 0.5163416266441345
Epoch 218 Relative Error 0.5144510865211487
Epoch 219 Relative Error 0.514441192150116
Epoch 220 Relative Error 0.5146258473396301
Epoch 221 Relative Error 0.5137161016464233
Epoch 222 Relative Error 0.5116374492645264
Epoch 223 Relative Error 0.511385977268219
Epoch 224 Relative Error 0.5128055214881897
Epoch 225 Relative Error 0.5103393793106079
Epoch 226 Relative Error 0.5097690224647522
Epoch 227 Relative Error 0.5101878046989441
Epoch 228 Relative Error 0.510502815246582
Epoch 229 Relative Error 0.5064992904663086
Epoch 230 Relative Error 0.5066391229629517
Epoch 231 Relative Error 0.5100508332252502
Epoch 232 Relative Error 0.5083466172218323
Epoch 233 Relative Error 0.5045024752616882
Epoch 234 Relative Error 0.5037615299224854
Epoch 235 Relative Error 0.5066419243812561
Epoch 236 Relative Error 0.5069646239280701
Epoch 237 Relative Error 0.5019837021827698
Epoch 238 Relative Error 0.5019502639770508
Epoch 239 Relative Error 0.5032112002372742
Epoch 240 Relative Error 0.5034980177879333
Epoch 241 Relative Error 0.5022326111793518
Epoch 242 Relative Error 0.5004778504371643
Epoch 243 Relative Error 0.49954697489738464
Epoch 244 Relative Error 0.5002686381340027
Epoch 245 Relative Error 0.5017261505126953
Epoch 246 Relative Error 0.4980239272117615
Epoch 247 Relative Error 0.49810028076171875
Epoch 248 Relative Error 0.4970165193080902
Epoch 249 Relative Error 0.4980056583881378
Epoch 250 Relative Error 0.4974963068962097
Epoch 251 Relative Error 0.496055006980896
Epoch 252 Relative Error 0.49528002738952637
Epoch 253 Relative Error 0.49679461121559143
Epoch 254 Relative Error 0.4952907860279083
Epoch 255 Relative Error 0.49353790283203125
Epoch 256 Relative Error 0.49441033601760864
Epoch 257 Relative Error 0.4939011037349701
Epoch 258 Relative Error 0.49267882108688354
Epoch 259 Relative Error 0.4931372106075287
Epoch 260 Relative Error 0.49259114265441895
Epoch 261 Relative Error 0.49178725481033325
Epoch 262 Relative Error 0.4914316236972809
Epoch 263 Relative Error 0.4906198978424072
Epoch 264 Relative Error 0.4907824695110321
Epoch 265 Relative Error 0.4898812770843506
Epoch 266 Relative Error 0.4892507791519165
Epoch 267 Relative Error 0.48871469497680664
Epoch 268 Relative Error 0.48974278569221497
Epoch 269 Relative Error 0.4882574677467346
Epoch 270 Relative Error 0.48787179589271545
Epoch 271 Relative Error 0.4871746599674225
Epoch 272 Relative Error 0.4889622926712036
Epoch 273 Relative Error 0.4863261580467224
Epoch 274 Relative Error 0.48520204424858093
Epoch 275 Relative Error 0.4858797490596771
Epoch 276 Relative Error 0.48556485772132874
Epoch 277 Relative Error 0.48492762446403503
Epoch 278 Relative Error 0.4836730659008026
Epoch 279 Relative Error 0.4848351776599884
Epoch 280 Relative Error 0.4849429726600647
Epoch 281 Relative Error 0.4826546907424927
Epoch 282 Relative Error 0.4829865097999573
Epoch 283 Relative Error 0.4835731089115143
Epoch 284 Relative Error 0.48260247707366943
Epoch 285 Relative Error 0.4814141094684601
Epoch 286 Relative Error 0.4814824163913727
Epoch 287 Relative Error 0.48207512497901917
Epoch 288 Relative Error 0.4809842109680176
Epoch 289 Relative Error 0.47981247305870056
Epoch 290 Relative Error 0.4805259704589844
Epoch 291 Relative Error 0.47969093918800354
Epoch 292 Relative Error 0.47939348220825195
Epoch 293 Relative Error 0.4798103868961334
Epoch 294 Relative Error 0.4785766899585724
Epoch 295 Relative Error 0.4788321256637573
Epoch 296 Relative Error 0.47821593284606934
Epoch 297 Relative Error 0.47812923789024353
Epoch 298 Relative Error 0.47737812995910645
Epoch 299 Relative Error 0.4761508107185364
Epoch 300 Relative Error 0.4768947660923004
Epoch 301 Relative Error 0.47776445746421814
Epoch 302 Relative Error 0.4762566089630127
Epoch 303 Relative Error 0.475117027759552
Epoch 304 Relative Error 0.475066214799881
Epoch 305 Relative Error 0.476064532995224
Epoch 306 Relative Error 0.4753153622150421
Epoch 307 Relative Error 0.4739172160625458
Epoch 308 Relative Error 0.4743511974811554
Epoch 309 Relative Error 0.4745442867279053
Epoch 310 Relative Error 0.47390660643577576
Epoch 311 Relative Error 0.47274336218833923
Epoch 312 Relative Error 0.472912460565567
Epoch 313 Relative Error 0.47292855381965637
Epoch 314 Relative Error 0.4728001058101654
Epoch 315 Relative Error 0.47224676609039307
Epoch 316 Relative Error 0.47142094373703003
Epoch 317 Relative Error 0.47233912348747253
Epoch 318 Relative Error 0.4716155230998993
Epoch 319 Relative Error 0.47071534395217896
Epoch 320 Relative Error 0.47030019760131836
Epoch 321 Relative Error 0.47107428312301636
Epoch 322 Relative Error 0.4706052839756012
Epoch 323 Relative Error 0.47045162320137024
Epoch 324 Relative Error 0.469771146774292
Epoch 325 Relative Error 0.4694162607192993
Epoch 326 Relative Error 0.4690691828727722
Epoch 327 Relative Error 0.4691108763217926
Epoch 328 Relative Error 0.46924257278442383
Epoch 329 Relative Error 0.4684826135635376
Epoch 330 Relative Error 0.46850407123565674
Epoch 331 Relative Error 0.46779337525367737
Epoch 332 Relative Error 0.46754008531570435
Epoch 333 Relative Error 0.4679088294506073
Epoch 334 Relative Error 0.467583566904068
Epoch 335 Relative Error 0.467289000749588
Epoch 336 Relative Error 0.46696823835372925
Epoch 337 Relative Error 0.4667498469352722
Epoch 338 Relative Error 0.46612483263015747
Epoch 339 Relative Error 0.46621572971343994
Epoch 340 Relative Error 0.4664837121963501
Epoch 341 Relative Error 0.465804785490036
Epoch 342 Relative Error 0.4653782844543457
Epoch 343 Relative Error 0.46502941846847534
Epoch 344 Relative Error 0.4646989405155182
Epoch 345 Relative Error 0.4655691683292389
Epoch 346 Relative Error 0.46498721837997437
Epoch 347 Relative Error 0.4636819660663605
Epoch 348 Relative Error 0.4642038643360138
Epoch 349 Relative Error 0.46421781182289124
Epoch 350 Relative Error 0.46427422761917114
Epoch 351 Relative Error 0.46369075775146484
Epoch 352 Relative Error 0.46299242973327637
Epoch 353 Relative Error 0.46354609727859497
Epoch 354 Relative Error 0.46350109577178955
Epoch 355 Relative Error 0.46244311332702637
Epoch 356 Relative Error 0.46241626143455505
Epoch 357 Relative Error 0.46296170353889465
Epoch 358 Relative Error 0.4622951149940491
Epoch 359 Relative Error 0.46171867847442627
Epoch 360 Relative Error 0.46180492639541626
Epoch 361 Relative Error 0.46208855509757996
Epoch 362 Relative Error 0.46195587515830994
Epoch 363 Relative Error 0.461177796125412
Epoch 364 Relative Error 0.4607512652873993
Epoch 365 Relative Error 0.4611596167087555
Epoch 366 Relative Error 0.46121057868003845
Epoch 367 Relative Error 0.4604234993457794
Epoch 368 Relative Error 0.4603026807308197
Epoch 369 Relative Error 0.4607234001159668
Epoch 370 Relative Error 0.4601956605911255
Epoch 371 Relative Error 0.4597332179546356
Epoch 372 Relative Error 0.46020403504371643
Epoch 373 Relative Error 0.4596211612224579
Epoch 374 Relative Error 0.45904719829559326
Epoch 375 Relative Error 0.4599494934082031
Epoch 376 Relative Error 0.4588100016117096
Epoch 377 Relative Error 0.4588058888912201
Epoch 378 Relative Error 0.4589059054851532
Epoch 379 Relative Error 0.458553284406662
Epoch 380 Relative Error 0.4587513506412506
Epoch 381 Relative Error 0.4581364095211029
Epoch 382 Relative Error 0.4584726393222809
Epoch 383 Relative Error 0.45829397439956665
Epoch 384 Relative Error 0.45786252617836
Epoch 385 Relative Error 0.45777562260627747
Epoch 386 Relative Error 0.4579077661037445
Epoch 387 Relative Error 0.4576682150363922
Epoch 388 Relative Error 0.457019180059433
Epoch 389 Relative Error 0.4571110010147095
Epoch 390 Relative Error 0.45729371905326843
Epoch 391 Relative Error 0.4570639133453369
Epoch 392 Relative Error 0.4569459557533264
Epoch 393 Relative Error 0.4563196003437042
Epoch 394 Relative Error 0.45610564947128296
Epoch 395 Relative Error 0.4564811587333679
Epoch 396 Relative Error 0.4567452371120453
Epoch 397 Relative Error 0.45589035749435425
Epoch 398 Relative Error 0.4560818374156952
Epoch 399 Relative Error 0.4559721052646637
Epoch 400 Relative Error 0.4556960165500641
Epoch 401 Relative Error 0.4557119607925415
Epoch 402 Relative Error 0.455915629863739
Epoch 403 Relative Error 0.4552289545536041
Epoch 404 Relative Error 0.45525988936424255
Epoch 405 Relative Error 0.45519036054611206
Epoch 406 Relative Error 0.454993337392807
Epoch 407 Relative Error 0.4552445411682129
Epoch 408 Relative Error 0.45452380180358887
Epoch 409 Relative Error 0.4547848105430603
Epoch 410 Relative Error 0.45483922958374023
Epoch 411 Relative Error 0.45427706837654114
Epoch 412 Relative Error 0.4543955624103546
Epoch 413 Relative Error 0.45435306429862976
Epoch 414 Relative Error 0.45411840081214905
Epoch 415 Relative Error 0.4538697600364685
Epoch 416 Relative Error 0.45389366149902344
Epoch 417 Relative Error 0.45394283533096313
Epoch 418 Relative Error 0.4541611075401306
Epoch 419 Relative Error 0.45371583104133606
Epoch 420 Relative Error 0.45289063453674316
Epoch 421 Relative Error 0.4536934792995453
Epoch 422 Relative Error 0.4539087116718292
Epoch 423 Relative Error 0.453095406293869
Epoch 424 Relative Error 0.45275312662124634
Epoch 425 Relative Error 0.4530152380466461
Epoch 426 Relative Error 0.45321717858314514
Epoch 427 Relative Error 0.45278769731521606
Epoch 428 Relative Error 0.4525284171104431
Epoch 429 Relative Error 0.45256680250167847
Epoch 430 Relative Error 0.4526704251766205
Epoch 431 Relative Error 0.45268091559410095
Epoch 432 Relative Error 0.4522991478443146
Epoch 433 Relative Error 0.45196542143821716
Epoch 434 Relative Error 0.45243993401527405
Epoch 435 Relative Error 0.4522295594215393
Epoch 436 Relative Error 0.451769083738327
Epoch 437 Relative Error 0.4518026113510132
Epoch 438 Relative Error 0.4518120288848877
Epoch 439 Relative Error 0.45176073908805847
Epoch 440 Relative Error 0.4517643451690674
Epoch 441 Relative Error 0.45170941948890686
Epoch 442 Relative Error 0.4515904188156128
Epoch 443 Relative Error 0.45097607374191284
Epoch 444 Relative Error 0.4513404965400696
Epoch 445 Relative Error 0.45150837302207947
Epoch 446 Relative Error 0.45115697383880615
Epoch 447 Relative Error 0.45091792941093445
Epoch 448 Relative Error 0.4512527883052826
Epoch 449 Relative Error 0.4511815309524536
Epoch 450 Relative Error 0.450705885887146
Epoch 451 Relative Error 0.45059746503829956
Epoch 452 Relative Error 0.4507341682910919
Epoch 453 Relative Error 0.4507695734500885
Epoch 454 Relative Error 0.4505062699317932
Epoch 455 Relative Error 0.4505482316017151
Epoch 456 Relative Error 0.45022740960121155
Epoch 457 Relative Error 0.4505472183227539
Epoch 458 Relative Error 0.45040345191955566
Epoch 459 Relative Error 0.45015883445739746
Epoch 460 Relative Error 0.45006561279296875
Epoch 461 Relative Error 0.45009422302246094
Epoch 462 Relative Error 0.45017725229263306
Epoch 463 Relative Error 0.44977331161499023
Epoch 464 Relative Error 0.44994232058525085
Epoch 465 Relative Error 0.4498898983001709
Epoch 466 Relative Error 0.44968998432159424
Epoch 467 Relative Error 0.4496920704841614
Epoch 468 Relative Error 0.4495689868927002
Epoch 469 Relative Error 0.44952359795570374
Epoch 470 Relative Error 0.44977036118507385
Epoch 471 Relative Error 0.4494171142578125
Epoch 472 Relative Error 0.4493181109428406
Epoch 473 Relative Error 0.4494624733924866
Epoch 474 Relative Error 0.4491996169090271
Epoch 475 Relative Error 0.4490891695022583
Epoch 476 Relative Error 0.4490564167499542
Epoch 477 Relative Error 0.4492432773113251
Epoch 478 Relative Error 0.44895660877227783
Epoch 479 Relative Error 0.4490378201007843
Epoch 480 Relative Error 0.4489910304546356
Epoch 481 Relative Error 0.4487918019294739
Epoch 482 Relative Error 0.4486943185329437
Epoch 483 Relative Error 0.44880741834640503
Epoch 484 Relative Error 0.4487132132053375
Epoch 485 Relative Error 0.44863593578338623
Epoch 486 Relative Error 0.44857633113861084
Epoch 487 Relative Error 0.4485657215118408
Epoch 488 Relative Error 0.44828397035598755
Epoch 489 Relative Error 0.4485241770744324
Epoch 490 Relative Error 0.4486677348613739
Epoch 491 Relative Error 0.44813141226768494
Epoch 492 Relative Error 0.44806936383247375
Epoch 493 Relative Error 0.448514461517334
Epoch 494 Relative Error 0.44848015904426575
Epoch 495 Relative Error 0.44799622893333435
Epoch 496 Relative Error 0.44777894020080566
Epoch 497 Relative Error 0.4480574429035187
Epoch 498 Relative Error 0.4481163024902344
Epoch 499 Relative Error 0.4479949474334717
Epoch 500 Relative Error 0.44778573513031006
Epoch 501 Relative Error 0.44785985350608826
Epoch 502 Relative Error 0.44778504967689514
Epoch 503 Relative Error 0.4476734697818756
Epoch 504 Relative Error 0.44760170578956604
Epoch 505 Relative Error 0.4479890465736389
Epoch 506 Relative Error 0.44740816950798035
Epoch 507 Relative Error 0.4474039375782013
Epoch 508 Relative Error 0.4477490782737732
Epoch 509 Relative Error 0.4475443661212921
Epoch 510 Relative Error 0.447439044713974
Epoch 511 Relative Error 0.4473719298839569
Epoch 512 Relative Error 0.4472326338291168
Epoch 513 Relative Error 0.44751524925231934
Epoch 514 Relative Error 0.4473317563533783
Epoch 515 Relative Error 0.4472186267375946
Epoch 516 Relative Error 0.44713109731674194
Epoch 517 Relative Error 0.44716110825538635
Epoch 518 Relative Error 0.4471600353717804
Epoch 519 Relative Error 0.44700273871421814
Epoch 520 Relative Error 0.4470708966255188
Epoch 521 Relative Error 0.44700801372528076
Epoch 522 Relative Error 0.4468407928943634
Epoch 523 Relative Error 0.4470255374908447
Epoch 524 Relative Error 0.4469092786312103
Epoch 525 Relative Error 0.446918785572052
Epoch 526 Relative Error 0.4467960596084595
Epoch 527 Relative Error 0.446792334318161
Epoch 528 Relative Error 0.4467181861400604
Epoch 529 Relative Error 0.446525901556015
Epoch 530 Relative Error 0.4467238783836365
Epoch 531 Relative Error 0.44684547185897827
Epoch 532 Relative Error 0.44659972190856934
Epoch 533 Relative Error 0.4463793635368347
Epoch 534 Relative Error 0.4464922845363617
Epoch 535 Relative Error 0.44664254784584045
Epoch 536 Relative Error 0.4465448260307312
Epoch 537 Relative Error 0.4464595913887024
Epoch 538 Relative Error 0.44625282287597656
Epoch 539 Relative Error 0.4464408755302429
Epoch 540 Relative Error 0.4464785158634186
Epoch 541 Relative Error 0.4463483691215515
Epoch 542 Relative Error 0.4462009072303772
Epoch 543 Relative Error 0.44624677300453186
Epoch 544 Relative Error 0.4462853670120239
Epoch 545 Relative Error 0.44609376788139343
Epoch 546 Relative Error 0.4462263882160187
Epoch 547 Relative Error 0.4462858736515045
Epoch 548 Relative Error 0.4460843503475189
Epoch 549 Relative Error 0.44589224457740784
Epoch 550 Relative Error 0.4461763799190521
Epoch 551 Relative Error 0.4460144340991974
Epoch 552 Relative Error 0.44595611095428467
Epoch 553 Relative Error 0.4460699260234833
Epoch 554 Relative Error 0.44588136672973633
Epoch 555 Relative Error 0.4458162784576416
Epoch 556 Relative Error 0.44604402780532837
Epoch 557 Relative Error 0.4458163380622864
Epoch 558 Relative Error 0.44580066204071045
Epoch 559 Relative Error 0.44584137201309204
Epoch 560 Relative Error 0.44573459029197693
Epoch 561 Relative Error 0.44567549228668213
Epoch 562 Relative Error 0.4458179175853729
Epoch 563 Relative Error 0.4457342326641083
Epoch 564 Relative Error 0.4455040991306305
Epoch 565 Relative Error 0.4456457197666168
Epoch 566 Relative Error 0.4456929862499237
Epoch 567 Relative Error 0.4455982744693756
Epoch 568 Relative Error 0.44541698694229126
Epoch 569 Relative Error 0.4456625282764435
Epoch 570 Relative Error 0.44563814997673035
Epoch 571 Relative Error 0.44542214274406433
Epoch 572 Relative Error 0.4453808665275574
Epoch 573 Relative Error 0.4455145299434662
Epoch 574 Relative Error 0.4455212950706482
Epoch 575 Relative Error 0.44535914063453674
Epoch 576 Relative Error 0.4454481303691864
Epoch 577 Relative Error 0.44523492455482483
Epoch 578 Relative Error 0.44533124566078186
Epoch 579 Relative Error 0.44533571600914
Epoch 580 Relative Error 0.4452747404575348
Epoch 581 Relative Error 0.44515466690063477
Epoch 582 Relative Error 0.4453263282775879
Epoch 583 Relative Error 0.44525885581970215
Epoch 584 Relative Error 0.44516074657440186
Epoch 585 Relative Error 0.4451499581336975
Epoch 586 Relative Error 0.44523948431015015
Epoch 587 Relative Error 0.4451431930065155
Epoch 588 Relative Error 0.4449777603149414
Epoch 589 Relative Error 0.4450620114803314
Epoch 590 Relative Error 0.44512704014778137
Epoch 591 Relative Error 0.4450594484806061
Epoch 592 Relative Error 0.44497165083885193
Epoch 593 Relative Error 0.4450882077217102
Epoch 594 Relative Error 0.44502726197242737
Epoch 595 Relative Error 0.44492587447166443
Epoch 596 Relative Error 0.44484177231788635
Epoch 597 Relative Error 0.4449496269226074
Epoch 598 Relative Error 0.4448346495628357
Epoch 599 Relative Error 0.44503527879714966
Epoch 600 Relative Error 0.44478070735931396
Epoch 601 Relative Error 0.4448253810405731
Epoch 602 Relative Error 0.4447879493236542
Epoch 603 Relative Error 0.4448302686214447
Epoch 604 Relative Error 0.4448419511318207
Epoch 605 Relative Error 0.4446571171283722
Epoch 606 Relative Error 0.4448552429676056
Epoch 607 Relative Error 0.4447336196899414
Epoch 608 Relative Error 0.44466713070869446
Epoch 609 Relative Error 0.44468918442726135
Epoch 610 Relative Error 0.4446358382701874
Epoch 611 Relative Error 0.44455868005752563
Epoch 612 Relative Error 0.4446289837360382
Epoch 613 Relative Error 0.4447081983089447
Epoch 614 Relative Error 0.4445631206035614
Epoch 615 Relative Error 0.44461655616760254
Epoch 616 Relative Error 0.44454923272132874
Epoch 617 Relative Error 0.44450807571411133
Epoch 618 Relative Error 0.44461295008659363
Epoch 619 Relative Error 0.444546639919281
Epoch 620 Relative Error 0.4444124400615692
Epoch 621 Relative Error 0.44443240761756897
Epoch 622 Relative Error 0.4444849193096161
Epoch 623 Relative Error 0.44450584053993225
Epoch 624 Relative Error 0.44442328810691833
Epoch 625 Relative Error 0.44428130984306335
Epoch 626 Relative Error 0.44444403052330017
Epoch 627 Relative Error 0.4443746507167816
Epoch 628 Relative Error 0.4443642497062683
Epoch 629 Relative Error 0.4443252682685852
Epoch 630 Relative Error 0.4442988932132721
Epoch 631 Relative Error 0.4443666934967041
Epoch 632 Relative Error 0.4443263113498688
Epoch 633 Relative Error 0.44429200887680054
Epoch 634 Relative Error 0.44417285919189453
Epoch 635 Relative Error 0.44428637623786926
Epoch 636 Relative Error 0.44423621892929077
Epoch 637 Relative Error 0.4441440999507904
Epoch 638 Relative Error 0.444210410118103
Epoch 639 Relative Error 0.4442523121833801
Epoch 640 Relative Error 0.4442008137702942
Epoch 641 Relative Error 0.4440983831882477
Epoch 642 Relative Error 0.444120854139328
Epoch 643 Relative Error 0.44413310289382935
Epoch 644 Relative Error 0.4441475570201874
Epoch 645 Relative Error 0.44409579038619995
Epoch 646 Relative Error 0.4440988600254059
Epoch 647 Relative Error 0.4440758526325226
Epoch 648 Relative Error 0.4440727233886719
Epoch 649 Relative Error 0.44400161504745483
Epoch 650 Relative Error 0.44400355219841003
Epoch 651 Relative Error 0.44401174783706665
Epoch 652 Relative Error 0.4440380036830902
Epoch 653 Relative Error 0.44403842091560364
Epoch 654 Relative Error 0.44393467903137207
Epoch 655 Relative Error 0.4438486397266388
Epoch 656 Relative Error 0.4440321922302246
Epoch 657 Relative Error 0.44401970505714417
Epoch 658 Relative Error 0.4438569247722626
Epoch 659 Relative Error 0.44377702474594116
Epoch 660 Relative Error 0.4440338909626007
Epoch 661 Relative Error 0.4438207149505615
Epoch 662 Relative Error 0.44384726881980896
Epoch 663 Relative Error 0.44382965564727783
Epoch 664 Relative Error 0.4437863230705261
Epoch 665 Relative Error 0.4438468813896179
Epoch 666 Relative Error 0.4438297748565674
Epoch 667 Relative Error 0.4437907934188843
Epoch 668 Relative Error 0.4437093734741211
Epoch 669 Relative Error 0.4437935948371887
Epoch 670 Relative Error 0.44375213980674744
Epoch 671 Relative Error 0.4436686635017395
Epoch 672 Relative Error 0.4437093138694763
Epoch 673 Relative Error 0.44376030564308167
Epoch 674 Relative Error 0.4436730146408081
Epoch 675 Relative Error 0.4436103403568268
Epoch 676 Relative Error 0.443695068359375
Epoch 677 Relative Error 0.44363531470298767
Epoch 678 Relative Error 0.44360464811325073
Epoch 679 Relative Error 0.44358986616134644
Epoch 680 Relative Error 0.44365525245666504
Epoch 681 Relative Error 0.44367143511772156
Epoch 682 Relative Error 0.44351786375045776
Epoch 683 Relative Error 0.4435458183288574
Epoch 684 Relative Error 0.4435719847679138
Epoch 685 Relative Error 0.44356316328048706
Epoch 686 Relative Error 0.4435274302959442
Epoch 687 Relative Error 0.4435279667377472
Epoch 688 Relative Error 0.44345858693122864
Epoch 689 Relative Error 0.44347909092903137
Epoch 690 Relative Error 0.4435620903968811
Epoch 691 Relative Error 0.4434153735637665
Epoch 692 Relative Error 0.4434483051300049
Epoch 693 Relative Error 0.4434483051300049
Epoch 694 Relative Error 0.44344446063041687
Epoch 695 Relative Error 0.44336554408073425
Epoch 696 Relative Error 0.44344887137413025
Epoch 697 Relative Error 0.44339242577552795
Epoch 698 Relative Error 0.4433317482471466
Epoch 699 Relative Error 0.44342222809791565
Epoch 700 Relative Error 0.443397581577301
Epoch 701 Relative Error 0.44330620765686035
Epoch 702 Relative Error 0.44327154755592346
Epoch 703 Relative Error 0.4433939754962921
Epoch 704 Relative Error 0.44332489371299744
Epoch 705 Relative Error 0.4432189464569092
Epoch 706 Relative Error 0.4432835578918457
Epoch 707 Relative Error 0.44333383440971375
Epoch 708 Relative Error 0.44323575496673584
Epoch 709 Relative Error 0.44321584701538086
Epoch 710 Relative Error 0.44328072667121887
Epoch 711 Relative Error 0.44323647022247314
Epoch 712 Relative Error 0.4432179927825928
Epoch 713 Relative Error 0.4431687593460083
Epoch 714 Relative Error 0.4431546926498413
Epoch 715 Relative Error 0.44317904114723206
Epoch 716 Relative Error 0.44321152567863464
Epoch 717 Relative Error 0.443158358335495
Epoch 718 Relative Error 0.4431026577949524
Epoch 719 Relative Error 0.4431118965148926
Epoch 720 Relative Error 0.44310787320137024
Epoch 721 Relative Error 0.443116158246994
Epoch 722 Relative Error 0.44312143325805664
Epoch 723 Relative Error 0.4430987536907196
Epoch 724 Relative Error 0.4430117905139923
Epoch 725 Relative Error 0.44301605224609375
Epoch 726 Relative Error 0.4430749714374542
Epoch 727 Relative Error 0.44308140873908997
Epoch 728 Relative Error 0.4429616332054138
Epoch 729 Relative Error 0.4430183470249176
Epoch 730 Relative Error 0.44303426146507263
Epoch 731 Relative Error 0.4429605305194855
Epoch 732 Relative Error 0.44292768836021423
Epoch 733 Relative Error 0.44305092096328735
Epoch 734 Relative Error 0.44292888045310974
Epoch 735 Relative Error 0.4428677558898926
Epoch 736 Relative Error 0.44295534491539
Epoch 737 Relative Error 0.442979097366333
Epoch 738 Relative Error 0.44293317198753357
Epoch 739 Relative Error 0.44284021854400635
Epoch 740 Relative Error 0.4428791105747223
Epoch 741 Relative Error 0.4428867697715759
Epoch 742 Relative Error 0.44287511706352234
Epoch 743 Relative Error 0.4428733289241791
Epoch 744 Relative Error 0.4428015947341919
Epoch 745 Relative Error 0.44287076592445374
Epoch 746 Relative Error 0.4428090751171112
Epoch 747 Relative Error 0.4428051710128784
Epoch 748 Relative Error 0.44276148080825806
Epoch 749 Relative Error 0.4427371323108673
Epoch 750 Relative Error 0.44278019666671753
Epoch 751 Relative Error 0.4428296983242035
Epoch 752 Relative Error 0.4427437484264374
Epoch 753 Relative Error 0.4426553249359131
Epoch 754 Relative Error 0.44274383783340454
Epoch 755 Relative Error 0.44278982281684875
Epoch 756 Relative Error 0.4426935613155365
Epoch 757 Relative Error 0.44262176752090454
Epoch 758 Relative Error 0.44269832968711853
Epoch 759 Relative Error 0.4427189528942108
Epoch 760 Relative Error 0.44265738129615784
Epoch 761 Relative Error 0.442609965801239
Epoch 762 Relative Error 0.44265180826187134
Epoch 763 Relative Error 0.4426809549331665
Epoch 764 Relative Error 0.44257649779319763
Epoch 765 Relative Error 0.44258761405944824
Epoch 766 Relative Error 0.4426153004169464
Epoch 767 Relative Error 0.4425937235355377
Epoch 768 Relative Error 0.44260916113853455
Epoch 769 Relative Error 0.4425160884857178
Epoch 770 Relative Error 0.44254836440086365
Epoch 771 Relative Error 0.442511647939682
Epoch 772 Relative Error 0.44252175092697144
Epoch 773 Relative Error 0.44253116846084595
Epoch 774 Relative Error 0.44246727228164673
Epoch 775 Relative Error 0.44249874353408813
Epoch 776 Relative Error 0.4424822926521301
Epoch 777 Relative Error 0.4424591362476349
Epoch 778 Relative Error 0.44245678186416626
Epoch 779 Relative Error 0.44248345494270325
Epoch 780 Relative Error 0.4424220323562622
Epoch 781 Relative Error 0.4423956871032715
Epoch 782 Relative Error 0.4423893690109253
Epoch 783 Relative Error 0.4424385726451874
Epoch 784 Relative Error 0.4423842132091522
Epoch 785 Relative Error 0.4423595368862152
Epoch 786 Relative Error 0.44240444898605347
Epoch 787 Relative Error 0.4423691928386688
Epoch 788 Relative Error 0.44230395555496216
Epoch 789 Relative Error 0.4423430860042572
Epoch 790 Relative Error 0.4423697888851166
Epoch 791 Relative Error 0.4423066973686218
Epoch 792 Relative Error 0.4422473907470703
Epoch 793 Relative Error 0.44232526421546936
Epoch 794 Relative Error 0.4423125982284546
Epoch 795 Relative Error 0.44225120544433594
Epoch 796 Relative Error 0.44222214818000793
Epoch 797 Relative Error 0.4422677755355835
Epoch 798 Relative Error 0.44224271178245544
Epoch 799 Relative Error 0.4422377645969391
Epoch 800 Relative Error 0.44215476512908936
Epoch 801 Relative Error 0.4422301650047302
Epoch 802 Relative Error 0.44222497940063477
Epoch 803 Relative Error 0.4422050714492798
Epoch 804 Relative Error 0.44212326407432556
Epoch 805 Relative Error 0.44211462140083313
Epoch 806 Relative Error 0.4421766400337219
Epoch 807 Relative Error 0.4421580135822296
Epoch 808 Relative Error 0.4421435594558716
Epoch 809 Relative Error 0.44206878542900085
Epoch 810 Relative Error 0.4420836567878723
Epoch 811 Relative Error 0.44216907024383545
Epoch 812 Relative Error 0.4420417547225952
Epoch 813 Relative Error 0.44206103682518005
Epoch 814 Relative Error 0.4420456290245056
Epoch 815 Relative Error 0.44205477833747864
Epoch 816 Relative Error 0.44205647706985474
Epoch 817 Relative Error 0.4419906735420227
Epoch 818 Relative Error 0.4419943392276764
Epoch 819 Relative Error 0.4420149028301239
Epoch 820 Relative Error 0.44201424717903137
Epoch 821 Relative Error 0.4419897794723511
Epoch 822 Relative Error 0.44195008277893066
Epoch 823 Relative Error 0.44194579124450684
Epoch 824 Relative Error 0.4419807493686676
Epoch 825 Relative Error 0.4419555068016052
Epoch 826 Relative Error 0.4419146180152893
Epoch 827 Relative Error 0.44191262125968933
Epoch 828 Relative Error 0.44188663363456726
Epoch 829 Relative Error 0.44189465045928955
Epoch 830 Relative Error 0.4419061839580536
Epoch 831 Relative Error 0.4418613314628601
Epoch 832 Relative Error 0.44187289476394653
Epoch 833 Relative Error 0.44184669852256775
Epoch 834 Relative Error 0.44180575013160706
Epoch 835 Relative Error 0.4418225884437561
Epoch 836 Relative Error 0.4418337643146515
Epoch 837 Relative Error 0.4417668581008911
Epoch 838 Relative Error 0.44180119037628174
Epoch 839 Relative Error 0.4418422281742096
Epoch 840 Relative Error 0.4417455792427063
Epoch 841 Relative Error 0.44170650839805603
Epoch 842 Relative Error 0.44179096817970276
Epoch 843 Relative Error 0.44178375601768494
Epoch 844 Relative Error 0.4416898190975189
Epoch 845 Relative Error 0.4416870176792145
Epoch 846 Relative Error 0.44171300530433655
Epoch 847 Relative Error 0.4417148530483246
Epoch 848 Relative Error 0.441672146320343
Epoch 849 Relative Error 0.44165298342704773
Epoch 850 Relative Error 0.44165322184562683
Epoch 851 Relative Error 0.441685289144516
Epoch 852 Relative Error 0.4416230618953705
Epoch 853 Relative Error 0.44159752130508423
Epoch 854 Relative Error 0.4416210353374481
Epoch 855 Relative Error 0.44160187244415283
Epoch 856 Relative Error 0.441611111164093
Epoch 857 Relative Error 0.44159477949142456
Epoch 858 Relative Error 0.44155123829841614
Epoch 859 Relative Error 0.4415460526943207
Epoch 860 Relative Error 0.44155576825141907
Epoch 861 Relative Error 0.44156405329704285
Epoch 862 Relative Error 0.44152748584747314
Epoch 863 Relative Error 0.4415028989315033
Epoch 864 Relative Error 0.4414655566215515
Epoch 865 Relative Error 0.44151371717453003
Epoch 866 Relative Error 0.4415057897567749
Epoch 867 Relative Error 0.44147762656211853
Epoch 868 Relative Error 0.4414110481739044
Epoch 869 Relative Error 0.4414345622062683
Epoch 870 Relative Error 0.44147539138793945
Epoch 871 Relative Error 0.4414369761943817
Epoch 872 Relative Error 0.4413769543170929
Epoch 873 Relative Error 0.44138428568840027
Epoch 874 Relative Error 0.4414435625076294
Epoch 875 Relative Error 0.44138339161872864
Epoch 876 Relative Error 0.4413396120071411
Epoch 877 Relative Error 0.44136175513267517
Epoch 878 Relative Error 0.4413774311542511
Epoch 879 Relative Error 0.4413078725337982
Epoch 880 Relative Error 0.4413130581378937
Epoch 881 Relative Error 0.44133272767066956
Epoch 882 Relative Error 0.4412817656993866
Epoch 883 Relative Error 0.44129058718681335
Epoch 884 Relative Error 0.4412813186645508
Epoch 885 Relative Error 0.4412741959095001
Epoch 886 Relative Error 0.44125592708587646
Epoch 887 Relative Error 0.44123637676239014
Epoch 888 Relative Error 0.44125857949256897
Epoch 889 Relative Error 0.4412178099155426
Epoch 890 Relative Error 0.44117915630340576
Epoch 891 Relative Error 0.44120126962661743
Epoch 892 Relative Error 0.4411955773830414
Epoch 893 Relative Error 0.44115689396858215
Epoch 894 Relative Error 0.44115686416625977
Epoch 895 Relative Error 0.4411516487598419
Epoch 896 Relative Error 0.4411256015300751
Epoch 897 Relative Error 0.44112950563430786
Epoch 898 Relative Error 0.44115757942199707
Epoch 899 Relative Error 0.44109055399894714
Epoch 900 Relative Error 0.44108015298843384
Epoch 901 Relative Error 0.4410713315010071
Epoch 902 Relative Error 0.441097229719162
Epoch 903 Relative Error 0.44107890129089355
Epoch 904 Relative Error 0.4410320222377777
Epoch 905 Relative Error 0.44104376435279846
Epoch 906 Relative Error 0.4410403370857239
Epoch 907 Relative Error 0.4410211145877838
Epoch 908 Relative Error 0.4409899115562439
Epoch 909 Relative Error 0.44098225235939026
Epoch 910 Relative Error 0.44099706411361694
Epoch 911 Relative Error 0.4409557282924652
Epoch 912 Relative Error 0.4409445524215698
Epoch 913 Relative Error 0.4409503638744354
Epoch 914 Relative Error 0.4409753978252411
Epoch 915 Relative Error 0.44091200828552246
Epoch 916 Relative Error 0.44089657068252563
Epoch 917 Relative Error 0.4409096837043762
Epoch 918 Relative Error 0.4408910274505615
Epoch 919 Relative Error 0.44087496399879456
Epoch 920 Relative Error 0.4408881664276123
Epoch 921 Relative Error 0.44084203243255615
Epoch 922 Relative Error 0.4408346116542816
Epoch 923 Relative Error 0.44085219502449036
Epoch 924 Relative Error 0.4408060312271118
Epoch 925 Relative Error 0.4407990276813507
Epoch 926 Relative Error 0.4408186674118042
Epoch 927 Relative Error 0.44076740741729736
Epoch 928 Relative Error 0.4407522678375244
Epoch 929 Relative Error 0.440768301486969
Epoch 930 Relative Error 0.4407765865325928
Epoch 931 Relative Error 0.4407537877559662
Epoch 932 Relative Error 0.4407194256782532
Epoch 933 Relative Error 0.44069698452949524
Epoch 934 Relative Error 0.44069868326187134
Epoch 935 Relative Error 0.44071242213249207
Epoch 936 Relative Error 0.44070127606391907
Epoch 937 Relative Error 0.44065162539482117
Epoch 938 Relative Error 0.4406467378139496
Epoch 939 Relative Error 0.4406594932079315
Epoch 940 Relative Error 0.4406346380710602
Epoch 941 Relative Error 0.44061318039894104
Epoch 942 Relative Error 0.44062095880508423
Epoch 943 Relative Error 0.44058388471603394
Epoch 944 Relative Error 0.4405909776687622
Epoch 945 Relative Error 0.4405883848667145
Epoch 946 Relative Error 0.44056400656700134
Epoch 947 Relative Error 0.4405463933944702
Epoch 948 Relative Error 0.44053688645362854
Epoch 949 Relative Error 0.44053253531455994
Epoch 950 Relative Error 0.44052359461784363
Epoch 951 Relative Error 0.4404999613761902
Epoch 952 Relative Error 0.44050461053848267
Epoch 953 Relative Error 0.4404802620410919
Epoch 954 Relative Error 0.4404556453227997
Epoch 955 Relative Error 0.44046664237976074
Epoch 956 Relative Error 0.44045138359069824
Epoch 957 Relative Error 0.4404219090938568
Epoch 958 Relative Error 0.44043639302253723
Epoch 959 Relative Error 0.44042035937309265
Epoch 960 Relative Error 0.4403860867023468
Epoch 961 Relative Error 0.44040846824645996
Epoch 962 Relative Error 0.44037824869155884
Epoch 963 Relative Error 0.44036003947257996
Epoch 964 Relative Error 0.44034597277641296
Epoch 965 Relative Error 0.4403505325317383
Epoch 966 Relative Error 0.4403427541255951
Epoch 967 Relative Error 0.4403272867202759
Epoch 968 Relative Error 0.4402971565723419
Epoch 969 Relative Error 0.44029727578163147
Epoch 970 Relative Error 0.44028717279434204
Epoch 971 Relative Error 0.4402947425842285
Epoch 972 Relative Error 0.44026151299476624
Epoch 973 Relative Error 0.44022896885871887
Epoch 974 Relative Error 0.4402622580528259
Epoch 975 Relative Error 0.4402279853820801
Epoch 976 Relative Error 0.44019633531570435
Epoch 977 Relative Error 0.44021284580230713
Epoch 978 Relative Error 0.4401814341545105
Epoch 979 Relative Error 0.4401859641075134
Epoch 980 Relative Error 0.44015178084373474
Epoch 981 Relative Error 0.44015899300575256
Epoch 982 Relative Error 0.44015073776245117
Epoch 983 Relative Error 0.44012361764907837
Epoch 984 Relative Error 0.44010934233665466
Epoch 985 Relative Error 0.44011974334716797
Epoch 986 Relative Error 0.4401099681854248
Epoch 987 Relative Error 0.4400690495967865
Epoch 988 Relative Error 0.44006863236427307
Epoch 989 Relative Error 0.4400705099105835
Epoch 990 Relative Error 0.44005581736564636
Epoch 991 Relative Error 0.44003888964653015
Epoch 992 Relative Error 0.4400143027305603
Epoch 993 Relative Error 0.44002339243888855
Epoch 994 Relative Error 0.43999049067497253
Epoch 995 Relative Error 0.43999621272087097
Epoch 996 Relative Error 0.4399915933609009
Epoch 997 Relative Error 0.43997275829315186
Epoch 998 Relative Error 0.43994858860969543
Epoch 999 Relative Error 0.4399392306804657
Epoch 1000 Relative Error 0.4399403929710388
RE (3, 6, 23, 0): 0.4399392306804657
Green's Function RE (3, 6, 23, 0): 0.24938783049583435
Bias Term RE (3, 6, 23, 0): 0.1257881373167038
Combination (3, 6, 23, 0, 0): 0.4387286603450775
Combination (3, 6, 23, 0, 1): 0.43739184737205505
Combination (3, 6, 23, 0, 2): 0.4369339048862457
Combination (3, 6, 23, 0, 3): 0.43678000569343567
Combination (3, 6, 23, 0, 4): 0.4367029666900635

/home/gridsan/gstepaniants/.local/lib/python3.8/site-packages/torch/functional.py:478: UserWarning: torch.meshgrid: in an upcoming release, it will be required to pass the indexing argument. (Triggered internally at  ../aten/src/ATen/native/TensorShape.cpp:2895.)
  return _VF.meshgrid(tensors, **kwargs)  # type: ignore[attr-defined]
