[KeOps] Warning : Cuda libraries were not detected on the system ; using cpu only mode
1
Kernel: Exponential
Weight Mesh: 100
RKHS Kernel Width: 0.004
Lambda: 1e-06
Green's Function Learning Rate: 100
Bias Term Learning Rate: 100
Epoch 1 Relative Error 989.7860107421875
First epoch had re = 989.7860107421875 > 1
Green's Function Learning Rate: 50
Bias Term Learning Rate: 50
Epoch 1 Relative Error 412.05804443359375
First epoch had re = 412.05804443359375 > 1
Green's Function Learning Rate: 10
Bias Term Learning Rate: 10
Epoch 1 Relative Error 83.38420104980469
First epoch had re = 83.38420104980469 > 1
Green's Function Learning Rate: 5
Bias Term Learning Rate: 5
Epoch 1 Relative Error 45.2352180480957
First epoch had re = 45.2352180480957 > 1
Green's Function Learning Rate: 1
Bias Term Learning Rate: 1
Epoch 1 Relative Error 8.277860641479492
First epoch had re = 8.277860641479492 > 1
Green's Function Learning Rate: 0.5
Bias Term Learning Rate: 0.5
Epoch 1 Relative Error 3.9904158115386963
First epoch had re = 3.9904158115386963 > 1
Green's Function Learning Rate: 0.1
Bias Term Learning Rate: 0.1
Epoch 1 Relative Error 0.9225912094116211
Epoch 2 Relative Error 0.6600998640060425
Epoch 3 Relative Error 0.5164397358894348
Epoch 4 Relative Error 0.48219725489616394
Epoch 5 Relative Error 0.3727310299873352
Epoch 6 Relative Error 0.3050033748149872
Epoch 7 Relative Error 0.23969723284244537
Epoch 8 Relative Error 0.16501769423484802
Epoch 9 Relative Error 0.15762446820735931
Epoch 10 Relative Error 0.1278870850801468
Epoch 11 Relative Error 0.07744023948907852
Epoch 12 Relative Error 0.0756935402750969
Epoch 13 Relative Error 0.06963680684566498
Epoch 14 Relative Error 0.046218812465667725
Epoch 15 Relative Error 0.03952481970191002
Epoch 16 Relative Error 0.033563993871212006
Epoch 17 Relative Error 0.02637682482600212
Epoch 18 Relative Error 0.021468326449394226
Epoch 19 Relative Error 0.01577642932534218
Epoch 20 Relative Error 0.013571894727647305
Epoch 21 Relative Error 0.011126303113996983
Epoch 22 Relative Error 0.009839732199907303
Epoch 23 Relative Error 0.007915355265140533
Epoch 24 Relative Error 0.006119819357991219
Epoch 25 Relative Error 0.004755948670208454
Epoch 26 Relative Error 0.004180627409368753
Epoch 27 Relative Error 0.00367391062900424
Epoch 28 Relative Error 0.002926245564594865
Epoch 29 Relative Error 0.0027668860275298357
Epoch 30 Relative Error 0.0022113709710538387
Epoch 31 Relative Error 0.0019772928208112717
Epoch 32 Relative Error 0.0018183537758886814
Epoch 33 Relative Error 0.0016201726393774152
Epoch 34 Relative Error 0.0014666742645204067
Epoch 35 Relative Error 0.0013556100893765688
Epoch 36 Relative Error 0.0012164127547293901
Epoch 37 Relative Error 0.0011690574465319514
Epoch 38 Relative Error 0.0010706974426284432
Epoch 39 Relative Error 0.001039771712385118
Epoch 40 Relative Error 0.0009785016300156713
Epoch 41 Relative Error 0.0010033809812739491
Epoch 42 Relative Error 0.0009738215012475848
Epoch 43 Relative Error 0.000937101838644594
Epoch 44 Relative Error 0.0008950012852437794
Epoch 45 Relative Error 0.0009340943652205169
Epoch 46 Relative Error 0.0008504076395183802
Epoch 47 Relative Error 0.0008896260405890644
Epoch 48 Relative Error 0.0008984075393527746
Epoch 49 Relative Error 0.0008491355110891163
Epoch 50 Relative Error 0.0008721243939362466
Epoch 51 Relative Error 0.0008554640808142722
Epoch 52 Relative Error 0.0008039841195568442
Epoch 53 Relative Error 0.0008333266596309841
Epoch 54 Relative Error 0.0007507138652727008
Epoch 55 Relative Error 0.0007753625977784395
Epoch 56 Relative Error 0.0007360887248069048
Epoch 57 Relative Error 0.0007801688625477254
Epoch 58 Relative Error 0.0007271583890542388
Epoch 59 Relative Error 0.0007650436600670218
Epoch 60 Relative Error 0.0006557315937243402
Epoch 61 Relative Error 0.0007105894619598985
Epoch 62 Relative Error 0.0007194699137471616
Epoch 63 Relative Error 0.0007238104590214789
Epoch 64 Relative Error 0.0007198249222710729
Epoch 65 Relative Error 0.0007040510536171496
Epoch 66 Relative Error 0.0006650465657003224
Epoch 67 Relative Error 0.0007536884513683617
Epoch 68 Relative Error 0.0006923520704731345
Epoch 69 Relative Error 0.0007174963247962296
Epoch 70 Relative Error 0.0006724104750901461
Epoch 71 Relative Error 0.0006618046318180859
Epoch 72 Relative Error 0.0006135308649390936
Epoch 73 Relative Error 0.0006190737476572394
Epoch 74 Relative Error 0.0006148917600512505
Epoch 75 Relative Error 0.0006209106650203466
Epoch 76 Relative Error 0.0005552300717681646
Epoch 77 Relative Error 0.0006843516603112221
Epoch 78 Relative Error 0.000573391153011471
Epoch 79 Relative Error 0.0005934244836680591
Epoch 80 Relative Error 0.0005837441422045231
Epoch 81 Relative Error 0.0006734580383636057
Epoch 82 Relative Error 0.0005533953662961721
Epoch 83 Relative Error 0.0006222209194675088
Epoch 84 Relative Error 0.0005736849852837622
Epoch 85 Relative Error 0.0006129386019892991
Epoch 86 Relative Error 0.0005986429750919342
Epoch 87 Relative Error 0.0006057713180780411
Epoch 88 Relative Error 0.0005768263945356011
Epoch 89 Relative Error 0.0005880175740458071
Epoch 90 Relative Error 0.0006537591107189655
Epoch 91 Relative Error 0.0005977505934424698
Epoch 92 Relative Error 0.0006055666599422693
Epoch 93 Relative Error 0.0006210086867213249
Epoch 94 Relative Error 0.0005977568798698485
Epoch 95 Relative Error 0.0005653693806380033
Epoch 96 Relative Error 0.0006443166057579219
Epoch 97 Relative Error 0.0006561143673025072
Epoch 98 Relative Error 0.0006282596732489765
Epoch 99 Relative Error 0.0006035314290784299
Epoch 100 Relative Error 0.00063018046785146
Epoch 101 Relative Error 0.0006604359368793666
Epoch 102 Relative Error 0.0006106037762947381
Epoch 103 Relative Error 0.0006008936907164752
Epoch 104 Relative Error 0.0005626183119602501
Epoch 105 Relative Error 0.0005533441435545683
Epoch 106 Relative Error 0.0006354256765916944
Epoch 107 Relative Error 0.0005568735068663955
Epoch 108 Relative Error 0.0005946396267972887
Epoch 109 Relative Error 0.0006416182732209563
Epoch 110 Relative Error 0.0005938838003203273
Epoch 111 Relative Error 0.0005674618296325207
Epoch 112 Relative Error 0.0005942463758401573
Epoch 113 Relative Error 0.000558071187697351
Epoch 114 Relative Error 0.0006201560609042645
Epoch 115 Relative Error 0.0005995192914269865
Epoch 116 Relative Error 0.0007049048435874283
Epoch 117 Relative Error 0.0005535108502954245
Epoch 118 Relative Error 0.0006856687250547111
Epoch 119 Relative Error 0.000568749790545553
Epoch 120 Relative Error 0.0006592855206690729
Epoch 121 Relative Error 0.0005714514409191906
Epoch 122 Relative Error 0.0007430798141285777
Epoch 123 Relative Error 0.0007036011083982885
Epoch 124 Relative Error 0.0005638427101075649
Epoch 125 Relative Error 0.0006500330055132508
Epoch 126 Relative Error 0.0005905807483941317
Epoch 127 Relative Error 0.0006888004136271775
Epoch 128 Relative Error 0.0005831087473779917
Epoch 129 Relative Error 0.0005673187552019954
Epoch 130 Relative Error 0.0005459790700115263
Epoch 131 Relative Error 0.0006593806319870055
Epoch 132 Relative Error 0.0006037556449882686
Epoch 133 Relative Error 0.0005651867249980569
Epoch 134 Relative Error 0.0006281787646003067
Epoch 135 Relative Error 0.0006277815555222332
Epoch 136 Relative Error 0.0006219753413461149
Epoch 137 Relative Error 0.0006569933611899614
Epoch 138 Relative Error 0.000559683539904654
Epoch 139 Relative Error 0.0005863955011591315
Epoch 140 Relative Error 0.0006089005619287491
Epoch 141 Relative Error 0.000623213651124388
Epoch 142 Relative Error 0.0005504430737346411
Epoch 143 Relative Error 0.0006019998108968139
Epoch 144 Relative Error 0.000579636194743216
Epoch 145 Relative Error 0.0005601310986094177
Epoch 146 Relative Error 0.0006438885466195643
Epoch 147 Relative Error 0.0005807479610666633
Epoch 148 Relative Error 0.0005916973459534347
Epoch 149 Relative Error 0.0006010078359395266
Epoch 150 Relative Error 0.0006438198033720255
Epoch 151 Relative Error 0.0006136561860330403
Epoch 152 Relative Error 0.0006951256655156612
Epoch 153 Relative Error 0.0005900767864659429
Epoch 154 Relative Error 0.0006069152150303125
Epoch 155 Relative Error 0.0005590723594650626
Epoch 156 Relative Error 0.0005746177630499005
Epoch 157 Relative Error 0.0006624698871746659
Epoch 158 Relative Error 0.0006814570515416563
Epoch 159 Relative Error 0.000916460354346782
Epoch 160 Relative Error 0.0007168474257923663
Epoch 161 Relative Error 0.000712054141331464
Epoch 162 Relative Error 0.0007405848009511828
Epoch 163 Relative Error 0.0006129000685177743
Epoch 164 Relative Error 0.0006040254957042634
Epoch 165 Relative Error 0.0006830993806943297
Epoch 166 Relative Error 0.0005660079186782241
Epoch 167 Relative Error 0.0005685227806679904
Epoch 168 Relative Error 0.0006727069267071784
Epoch 169 Relative Error 0.0006242657545953989
Epoch 170 Relative Error 0.0006103763007558882
Epoch 171 Relative Error 0.0006128345848992467
Epoch 172 Relative Error 0.000539554632268846
Epoch 173 Relative Error 0.0006094196578487754
Epoch 174 Relative Error 0.0005878506344743073
Epoch 175 Relative Error 0.0005409609875641763
Epoch 176 Relative Error 0.0006786536541767418
Epoch 177 Relative Error 0.0006499617011286318
Epoch 178 Relative Error 0.0005807389388792217
Epoch 179 Relative Error 0.0006298513617366552
Epoch 180 Relative Error 0.0006734719499945641
Epoch 181 Relative Error 0.0006029432988725603
Epoch 182 Relative Error 0.0005566321779042482
Epoch 183 Relative Error 0.0007028518011793494
Epoch 184 Relative Error 0.0005451526376418769
Epoch 185 Relative Error 0.0005861165118403733
Epoch 186 Relative Error 0.0006276143249124289
Epoch 187 Relative Error 0.0006386103923432529
Epoch 188 Relative Error 0.0006082984036765993
Epoch 189 Relative Error 0.0006559042958542705
Epoch 190 Relative Error 0.0005624229088425636
Epoch 191 Relative Error 0.0005367573467083275
Epoch 192 Relative Error 0.0005821833619847894
Epoch 193 Relative Error 0.0005907581653445959
Epoch 194 Relative Error 0.0005836458876729012
Epoch 195 Relative Error 0.0006692575407214463
Epoch 196 Relative Error 0.0005712084821425378
Epoch 197 Relative Error 0.0006829628255218267
Epoch 198 Relative Error 0.0005925035802647471
Epoch 199 Relative Error 0.0005865015555173159
Epoch 200 Relative Error 0.0005843733670189977
Epoch 201 Relative Error 0.0006450382643379271
Epoch 202 Relative Error 0.0006186542450450361
Epoch 203 Relative Error 0.0005752404103986919
Epoch 204 Relative Error 0.0006254585459828377
Epoch 205 Relative Error 0.0007507624686695635
Epoch 206 Relative Error 0.0006135160219855607
Epoch 207 Relative Error 0.000642515835352242
Epoch 208 Relative Error 0.0006121041369624436
Epoch 209 Relative Error 0.0005974882515147328
Epoch 210 Relative Error 0.000642490282189101
Epoch 211 Relative Error 0.0006512899417430162
Epoch 212 Relative Error 0.000696763745509088
Epoch 213 Relative Error 0.0007101575029082596
Epoch 214 Relative Error 0.000602633401285857
Epoch 215 Relative Error 0.0005842644022777677
Epoch 216 Relative Error 0.0007058331393636763
Epoch 217 Relative Error 0.0005851886235177517
Epoch 218 Relative Error 0.0006724788690917194
Epoch 219 Relative Error 0.0005784460227005184
Epoch 220 Relative Error 0.0006976646836847067
Epoch 221 Relative Error 0.0007190046017058194
Epoch 222 Relative Error 0.0006295072380453348
Epoch 223 Relative Error 0.0007253460353240371
Epoch 224 Relative Error 0.0007060336647555232
Epoch 225 Relative Error 0.0006359568214975297
Epoch 226 Relative Error 0.0007495892350561917
Epoch 227 Relative Error 0.0007082279771566391
Epoch 228 Relative Error 0.0006379574188031256
Epoch 229 Relative Error 0.0006356448284350336
Epoch 230 Relative Error 0.0006027632625773549
Epoch 231 Relative Error 0.0005466265720315278
Epoch 232 Relative Error 0.0006509249215014279
Epoch 233 Relative Error 0.0005437420331873
Epoch 234 Relative Error 0.000717382354196161
Epoch 235 Relative Error 0.0006566374213434756
Epoch 236 Relative Error 0.0006070681847631931
Epoch 237 Relative Error 0.000700099510140717
Epoch 238 Relative Error 0.0005895720678381622
Epoch 239 Relative Error 0.0006481129676103592
Epoch 240 Relative Error 0.000610065006185323
Epoch 241 Relative Error 0.00060251698596403
Epoch 242 Relative Error 0.0006378694670274854
Epoch 243 Relative Error 0.0005936145316809416
Epoch 244 Relative Error 0.0005750276613980532
Epoch 245 Relative Error 0.0006111065158620477
Epoch 246 Relative Error 0.0005826778360642493
Epoch 247 Relative Error 0.0005407205899246037
Epoch 248 Relative Error 0.0006116526783443987
Epoch 249 Relative Error 0.0006816578679718077
Epoch 250 Relative Error 0.0005656859721057117
Epoch 251 Relative Error 0.0005687933880835772
Epoch 252 Relative Error 0.0005987069453112781
Epoch 253 Relative Error 0.000551482371520251
Epoch 254 Relative Error 0.0006403040024451911
Epoch 255 Relative Error 0.0006119295721873641
Epoch 256 Relative Error 0.0005687023513019085
Epoch 257 Relative Error 0.0005947118625044823
Epoch 258 Relative Error 0.0005472369375638664
Epoch 259 Relative Error 0.0006381960702128708
Epoch 260 Relative Error 0.0006799393449909985
Epoch 261 Relative Error 0.000549423391930759
Epoch 262 Relative Error 0.0007977832574397326
Epoch 263 Relative Error 0.0006470329826697707
Epoch 264 Relative Error 0.0006877167616039515
Epoch 265 Relative Error 0.0006376368110068142
Epoch 266 Relative Error 0.0006752203335054219
Epoch 267 Relative Error 0.0006775882793590426
Epoch 268 Relative Error 0.0006185197271406651
Epoch 269 Relative Error 0.0005743838846683502
Epoch 270 Relative Error 0.0005842792452313006
Epoch 271 Relative Error 0.0006388856563717127
Epoch 272 Relative Error 0.0005349019193090498
Epoch 273 Relative Error 0.0006116704316809773
Epoch 274 Relative Error 0.000676563533488661
Epoch 275 Relative Error 0.0006652793963439763
Epoch 276 Relative Error 0.0005537184188142419
Epoch 277 Relative Error 0.0006909971707500517
Epoch 278 Relative Error 0.0006750744068995118
Epoch 279 Relative Error 0.0006218452472239733
Epoch 280 Relative Error 0.0007369309314526618
Epoch 281 Relative Error 0.0005496421945281327
Epoch 282 Relative Error 0.0006069641094654799
Epoch 283 Relative Error 0.0005680284230038524
Epoch 284 Relative Error 0.0004970634472556412
Epoch 285 Relative Error 0.0006416161777451634
Epoch 286 Relative Error 0.0005321790231391788
Epoch 287 Relative Error 0.0005380309303291142
Epoch 288 Relative Error 0.000605412176810205
Epoch 289 Relative Error 0.0005466397269628942
Epoch 290 Relative Error 0.0005831507733091712
Epoch 291 Relative Error 0.0006064683548174798
Epoch 292 Relative Error 0.0006067721988074481
Epoch 293 Relative Error 0.0006360627594403923
Epoch 294 Relative Error 0.0005917507223784924
Epoch 295 Relative Error 0.000565144931897521
Epoch 296 Relative Error 0.0005616791313514113
Epoch 297 Relative Error 0.0007022881181910634
Epoch 298 Relative Error 0.0005907929735258222
Epoch 299 Relative Error 0.0007503824308514595
Epoch 300 Relative Error 0.0006404666346497834
Epoch 301 Relative Error 0.000769097066950053
Epoch 302 Relative Error 0.0007499684579670429
Epoch 303 Relative Error 0.0006889864453114569
Epoch 304 Relative Error 0.0007088231504894793
Epoch 305 Relative Error 0.0007140940288081765
Epoch 306 Relative Error 0.0006086896173655987
Epoch 307 Relative Error 0.0006883542519062757
Epoch 308 Relative Error 0.0005413803155533969
Epoch 309 Relative Error 0.0006053150282241404
Epoch 310 Relative Error 0.0006676434422843158
Epoch 311 Relative Error 0.0006500764866359532
Epoch 312 Relative Error 0.0006219440256245434
Epoch 313 Relative Error 0.0006210276624187827
Epoch 314 Relative Error 0.0006457085837610066
Epoch 315 Relative Error 0.0007190057658590376
Epoch 316 Relative Error 0.0005604039179161191
Epoch 317 Relative Error 0.0005513051291927695
Epoch 318 Relative Error 0.0006604561931453645
Epoch 319 Relative Error 0.0006010939250700176
Epoch 320 Relative Error 0.0006343480199575424
Epoch 321 Relative Error 0.0006493190303444862
Epoch 322 Relative Error 0.000603638996835798
Epoch 323 Relative Error 0.0006474483525380492
Epoch 324 Relative Error 0.0006516739958897233
Epoch 325 Relative Error 0.0006281457026489079
Epoch 326 Relative Error 0.0007495583267882466
Epoch 327 Relative Error 0.0007874417351558805
Epoch 328 Relative Error 0.0006379171973094344
Epoch 329 Relative Error 0.0006299956585280597
Epoch 330 Relative Error 0.0006554160499945283
Epoch 331 Relative Error 0.0005707141244783998
Epoch 332 Relative Error 0.000611963274423033
Epoch 333 Relative Error 0.0006278869113884866
Epoch 334 Relative Error 0.0004936090554110706
Epoch 335 Relative Error 0.0006851803627796471
Epoch 336 Relative Error 0.0005546066095121205
Epoch 337 Relative Error 0.0006381100392900407
Epoch 338 Relative Error 0.0007246179739013314
Epoch 339 Relative Error 0.000747963204048574
Epoch 340 Relative Error 0.0007149822195060551
Epoch 341 Relative Error 0.0007864956860430539
Epoch 342 Relative Error 0.000659175799228251
Epoch 343 Relative Error 0.000676751893479377
Epoch 344 Relative Error 0.0006381563725881279
Epoch 345 Relative Error 0.000562321103643626
Epoch 346 Relative Error 0.00072458729846403
Epoch 347 Relative Error 0.0006939442828297615
Epoch 348 Relative Error 0.0006247955025173724
Epoch 349 Relative Error 0.0005770770367234945
Epoch 350 Relative Error 0.0006533454870805144
Epoch 351 Relative Error 0.0006901514134369791
Epoch 352 Relative Error 0.0006132806884124875
Epoch 353 Relative Error 0.0006109507521614432
Epoch 354 Relative Error 0.0006249143625609577
Epoch 355 Relative Error 0.0006204043165780604
Epoch 356 Relative Error 0.0005875775241293013
Epoch 357 Relative Error 0.0006316565559245646
Epoch 358 Relative Error 0.0006958165904507041
Epoch 359 Relative Error 0.000577990198507905
Epoch 360 Relative Error 0.0006336186779662967
Epoch 361 Relative Error 0.0006548873498104513
Epoch 362 Relative Error 0.0006382690626196563
Epoch 363 Relative Error 0.000646666856482625
Epoch 364 Relative Error 0.000582616135943681
Epoch 365 Relative Error 0.0006645451649092138
Epoch 366 Relative Error 0.0005675343563780189
Epoch 367 Relative Error 0.0006451236549764872
Epoch 368 Relative Error 0.0006652826559729874
Epoch 369 Relative Error 0.0005166688933968544
Epoch 370 Relative Error 0.0005855776253156364
Epoch 371 Relative Error 0.0006296337232924998
Epoch 372 Relative Error 0.0005167763447389007
Epoch 373 Relative Error 0.0006413385272026062
Epoch 374 Relative Error 0.0005906573496758938
Epoch 375 Relative Error 0.0006995453150011599
Epoch 376 Relative Error 0.0005534008960239589
Epoch 377 Relative Error 0.0007029313710518181
Epoch 378 Relative Error 0.0006008833879604936
Epoch 379 Relative Error 0.0006760850083082914
Epoch 380 Relative Error 0.0006092714611440897
Epoch 381 Relative Error 0.00060417375061661
Epoch 382 Relative Error 0.0006413722294382751
Epoch 383 Relative Error 0.0006105689681135118
Epoch 384 Relative Error 0.0006567640230059624
Epoch 385 Relative Error 0.0006025481852702796
Epoch 386 Relative Error 0.0006741832476109266
Epoch 387 Relative Error 0.0005920567200519145
Epoch 388 Relative Error 0.0006568679236806929
Epoch 389 Relative Error 0.0006808105390518904
Epoch 390 Relative Error 0.00065074727172032
Epoch 391 Relative Error 0.0007166413706727326
Epoch 392 Relative Error 0.0005861950339749455
Epoch 393 Relative Error 0.0006411595968529582
Epoch 394 Relative Error 0.0006338931270875037
Epoch 395 Relative Error 0.0005545141757465899
Epoch 396 Relative Error 0.0005583458114415407
Epoch 397 Relative Error 0.0006269472651183605
Epoch 398 Relative Error 0.000597473990637809
Epoch 399 Relative Error 0.0006740749813616276
Epoch 400 Relative Error 0.0006353930220939219
Epoch 401 Relative Error 0.0006100993487052619
Epoch 402 Relative Error 0.0006433012895286083
Epoch 403 Relative Error 0.0005834371550008655
Epoch 404 Relative Error 0.0006473997491411865
Epoch 405 Relative Error 0.0005851429305039346
Epoch 406 Relative Error 0.0006248127901926637
Epoch 407 Relative Error 0.0005633222754113376
Epoch 408 Relative Error 0.0005885569844394922
Epoch 409 Relative Error 0.0005119279376231134
Epoch 410 Relative Error 0.000550881668459624
Epoch 411 Relative Error 0.0005338216433301568
Epoch 412 Relative Error 0.0006842107977718115
Epoch 413 Relative Error 0.0006304286071099341
Epoch 414 Relative Error 0.0006030555232428014
Epoch 415 Relative Error 0.0006290245801210403
Epoch 416 Relative Error 0.0005834558978676796
Epoch 417 Relative Error 0.0006713367765769362
Epoch 418 Relative Error 0.0005231307586655021
Epoch 419 Relative Error 0.0006461623124778271
Epoch 420 Relative Error 0.0006359542021527886
Epoch 421 Relative Error 0.0006725306157022715
Epoch 422 Relative Error 0.0006039986619725823
Epoch 423 Relative Error 0.0007005051011219621
Epoch 424 Relative Error 0.0006510363891720772
Epoch 425 Relative Error 0.0007247371249832213
Epoch 426 Relative Error 0.0008382070809602737
Epoch 427 Relative Error 0.000830214296001941
Epoch 428 Relative Error 0.0007070348365232348
Epoch 429 Relative Error 0.0006538031157106161
Epoch 430 Relative Error 0.0006462291930802166
Epoch 431 Relative Error 0.0006063097971491516
Epoch 432 Relative Error 0.0006744227721355855
Epoch 433 Relative Error 0.0006256755441427231
Epoch 434 Relative Error 0.0006239736103452742
Epoch 435 Relative Error 0.0006749857566319406
Epoch 436 Relative Error 0.0005944034783169627
Epoch 437 Relative Error 0.0006623805384151638
Epoch 438 Relative Error 0.0006028985371813178
Epoch 439 Relative Error 0.0006416121614165604
Epoch 440 Relative Error 0.0007420054753310978
Epoch 441 Relative Error 0.0007144241826608777
Epoch 442 Relative Error 0.0006107261870056391
Epoch 443 Relative Error 0.0007240837439894676
Epoch 444 Relative Error 0.0006248571444302797
Epoch 445 Relative Error 0.0006766204605810344
Epoch 446 Relative Error 0.0005584179307334125
Epoch 447 Relative Error 0.0006027975468896329
Epoch 448 Relative Error 0.0006157176685519516
Epoch 449 Relative Error 0.0006478941068053246
Epoch 450 Relative Error 0.0006159030017443001
Epoch 451 Relative Error 0.0005490227486006916
Epoch 452 Relative Error 0.0006611492135562003
Epoch 453 Relative Error 0.0005295586888678372
Epoch 454 Relative Error 0.0006172637804411352
Epoch 455 Relative Error 0.0005459036328829825
Epoch 456 Relative Error 0.000645534775685519
Epoch 457 Relative Error 0.000620087084826082
Epoch 458 Relative Error 0.0006348665920086205
Epoch 459 Relative Error 0.0006163853104226291
Epoch 460 Relative Error 0.0006693837349303067
Epoch 461 Relative Error 0.0005748677649535239
Epoch 462 Relative Error 0.0006099965539760888
Epoch 463 Relative Error 0.0006761084659956396
Epoch 464 Relative Error 0.0006912857643328607
Epoch 465 Relative Error 0.0005914379726164043
Epoch 466 Relative Error 0.0005765537498518825
Epoch 467 Relative Error 0.0006056791171431541
Epoch 468 Relative Error 0.000515914405696094
Epoch 469 Relative Error 0.0007268630433827639
Epoch 470 Relative Error 0.0006223614327609539
Epoch 471 Relative Error 0.0006740479730069637
Epoch 472 Relative Error 0.0005640032468363643
Epoch 473 Relative Error 0.0005930126062594354
Epoch 474 Relative Error 0.0006272098398767412
Epoch 475 Relative Error 0.0005658230511471629
Epoch 476 Relative Error 0.0005734743317589164
Epoch 477 Relative Error 0.0006971654947847128
Epoch 478 Relative Error 0.0006402595317922533
Epoch 479 Relative Error 0.0005574714159592986
Epoch 480 Relative Error 0.0006014526006765664
Epoch 481 Relative Error 0.0005864728009328246
Epoch 482 Relative Error 0.0005726796807721257
Epoch 483 Relative Error 0.0006378268008120358
Epoch 484 Relative Error 0.0007015836308710277
Epoch 485 Relative Error 0.0005843311082571745
Epoch 486 Relative Error 0.0007325190235860646
Epoch 487 Relative Error 0.0006491202511824667
Epoch 488 Relative Error 0.0006626146496273577
Epoch 489 Relative Error 0.0006536972359754145
Epoch 490 Relative Error 0.0005917248781770468
Epoch 491 Relative Error 0.000682141981087625
Epoch 492 Relative Error 0.0006287747528403997
Epoch 493 Relative Error 0.0005641403840854764
Epoch 494 Relative Error 0.0006710819434374571
Epoch 495 Relative Error 0.0005267933011054993
Epoch 496 Relative Error 0.0005824564141221344
Epoch 497 Relative Error 0.00064086850034073
Epoch 498 Relative Error 0.0006486434722319245
Epoch 499 Relative Error 0.0006838128319941461
Epoch 500 Relative Error 0.0006720201345160604
Epoch 501 Relative Error 0.000582158041652292
Epoch 502 Relative Error 0.0006344758439809084
Epoch 503 Relative Error 0.0006087564397603273
Epoch 504 Relative Error 0.0006981916376389563
Epoch 505 Relative Error 0.0006147933891043067
Epoch 506 Relative Error 0.000621365150436759
Epoch 507 Relative Error 0.0005866170977242291
Epoch 508 Relative Error 0.0006534786662086844
Epoch 509 Relative Error 0.0006710750749334693
Epoch 510 Relative Error 0.0005908365710638463
Epoch 511 Relative Error 0.0006905114278197289
Epoch 512 Relative Error 0.0007801989559084177
Epoch 513 Relative Error 0.0007738988497294486
Epoch 514 Relative Error 0.0006821172428317368
Epoch 515 Relative Error 0.0006116305594332516
Epoch 516 Relative Error 0.000784791714977473
Epoch 517 Relative Error 0.0008369836141355336
Epoch 518 Relative Error 0.0006260727532207966
Epoch 519 Relative Error 0.0007288766209967434
Epoch 520 Relative Error 0.0007170206517912447
Epoch 521 Relative Error 0.0005802827654406428
Epoch 522 Relative Error 0.0008041160763241351
Epoch 523 Relative Error 0.0007082798983901739
Epoch 524 Relative Error 0.0006515104323625565
Epoch 525 Relative Error 0.0009210737189278007
Epoch 526 Relative Error 0.0007617209339514375
Epoch 527 Relative Error 0.0008930511539801955
Epoch 528 Relative Error 0.0007782457396388054
Epoch 529 Relative Error 0.0007569813751615584
Epoch 530 Relative Error 0.0006674737087450922
Epoch 531 Relative Error 0.0007098540081642568
Epoch 532 Relative Error 0.0006669259164482355
Epoch 533 Relative Error 0.0007404240313917398
Epoch 534 Relative Error 0.0006754623609595001
Epoch 535 Relative Error 0.0007388122612610459
Epoch 536 Relative Error 0.0005775433382950723
Epoch 537 Relative Error 0.000797836750280112
Epoch 538 Relative Error 0.0005909833125770092
Epoch 539 Relative Error 0.000686108076479286
Epoch 540 Relative Error 0.0006010874640196562
Epoch 541 Relative Error 0.0006972437840886414
Epoch 542 Relative Error 0.0005737695028074086
Epoch 543 Relative Error 0.0007129590376280248
Epoch 544 Relative Error 0.0005750334239564836
Epoch 545 Relative Error 0.0006239731446839869
Epoch 546 Relative Error 0.0006400282145477831
Epoch 547 Relative Error 0.0007575590279884636
Epoch 548 Relative Error 0.0005832700408063829
Epoch 549 Relative Error 0.0007073445594869554
Epoch 550 Relative Error 0.0006250945734791458
Epoch 551 Relative Error 0.0006310824537649751
Epoch 552 Relative Error 0.0005379632348194718
Epoch 553 Relative Error 0.0006611295975744724
Epoch 554 Relative Error 0.0006029676296748221
Epoch 555 Relative Error 0.0005765667883679271
Epoch 556 Relative Error 0.0005150299984961748
Epoch 557 Relative Error 0.0006387992179952562
Epoch 558 Relative Error 0.0006200365605764091
Epoch 559 Relative Error 0.0005658378358930349
Epoch 560 Relative Error 0.0005944044678471982
Epoch 561 Relative Error 0.0007385582430288196
Epoch 562 Relative Error 0.0006708511500619352
Epoch 563 Relative Error 0.0006149661494418979
Epoch 564 Relative Error 0.000739104812964797
Epoch 565 Relative Error 0.0007341696764342487
Epoch 566 Relative Error 0.0006776999216526747
Epoch 567 Relative Error 0.0006239681970328093
Epoch 568 Relative Error 0.0006223064265213907
Epoch 569 Relative Error 0.0005917220842093229
Epoch 570 Relative Error 0.000602113432250917
Epoch 571 Relative Error 0.0006263480172492564
Epoch 572 Relative Error 0.0006460064323619008
Epoch 573 Relative Error 0.000582842796575278
Epoch 574 Relative Error 0.0005431711906567216
Epoch 575 Relative Error 0.0005998850683681667
Epoch 576 Relative Error 0.0006533113191835582
Epoch 577 Relative Error 0.0006059102015569806
Epoch 578 Relative Error 0.000549204763956368
Epoch 579 Relative Error 0.0006634719902649522
Epoch 580 Relative Error 0.0005554829258471727
Epoch 581 Relative Error 0.0006154020666144788
Epoch 582 Relative Error 0.0006075414130464196
Epoch 583 Relative Error 0.00053896609460935
Epoch 584 Relative Error 0.0006850871141068637
Epoch 585 Relative Error 0.0005200854502618313
Epoch 586 Relative Error 0.0006868788623251021
Epoch 587 Relative Error 0.0008209108491428196
Epoch 588 Relative Error 0.0007446759846061468
Epoch 589 Relative Error 0.0007764301262795925
Epoch 590 Relative Error 0.0007151856552809477
Epoch 591 Relative Error 0.0007612814079038799
Epoch 592 Relative Error 0.000782803981564939
Epoch 593 Relative Error 0.0007657746900804341
Epoch 594 Relative Error 0.000626326072961092
Epoch 595 Relative Error 0.0006475015543401241
Epoch 596 Relative Error 0.0006625010864809155
Epoch 597 Relative Error 0.0007284156745299697
Epoch 598 Relative Error 0.0006439276621676981
Epoch 599 Relative Error 0.0005051258485764265
Epoch 600 Relative Error 0.0005907384329475462
Epoch 601 Relative Error 0.0006417370168492198
Epoch 602 Relative Error 0.0005966133903712034
Epoch 603 Relative Error 0.0007026881794445217
Epoch 604 Relative Error 0.0007219345425255597
Epoch 605 Relative Error 0.0006757045048289001
Epoch 606 Relative Error 0.0006422997685149312
Epoch 607 Relative Error 0.0006484198966063559
Epoch 608 Relative Error 0.0005041838739998639
Epoch 609 Relative Error 0.000596112513449043
Epoch 610 Relative Error 0.0006947807851247489
Epoch 611 Relative Error 0.0005514831282198429
Epoch 612 Relative Error 0.0006771903135813773
Epoch 613 Relative Error 0.0005786634283140302
Epoch 614 Relative Error 0.0006214424502104521
Epoch 615 Relative Error 0.0006557136075571179
Epoch 616 Relative Error 0.0005913861677981913
Epoch 617 Relative Error 0.0007111878949217498
Epoch 618 Relative Error 0.0006678868667222559
Epoch 619 Relative Error 0.0006029270007275045
Epoch 620 Relative Error 0.0006517641595564783
Epoch 621 Relative Error 0.0007045064703561366
Epoch 622 Relative Error 0.0006089745438657701
Epoch 623 Relative Error 0.0006283890106715262
Epoch 624 Relative Error 0.0006253764731809497
Epoch 625 Relative Error 0.0006737174117006361
Epoch 626 Relative Error 0.000771279213950038
Epoch 627 Relative Error 0.0008566574542783201
Epoch 628 Relative Error 0.0007052332512103021
Epoch 629 Relative Error 0.0009422340081073344
Epoch 630 Relative Error 0.0006674591568298638
Epoch 631 Relative Error 0.0007919750642031431
Epoch 632 Relative Error 0.000591099786106497
Epoch 633 Relative Error 0.0007063312223181129
Epoch 634 Relative Error 0.0007276213145814836
Epoch 635 Relative Error 0.0006522749899886549
Epoch 636 Relative Error 0.0006613098084926605
Epoch 637 Relative Error 0.0007469484698958695
Epoch 638 Relative Error 0.000703458848875016
Epoch 639 Relative Error 0.0007412995328195393
Epoch 640 Relative Error 0.0006131455884315073
Epoch 641 Relative Error 0.0006353689823299646
Epoch 642 Relative Error 0.0006827792385593057
Epoch 643 Relative Error 0.0007096171611919999
Epoch 644 Relative Error 0.0007028481923043728
Epoch 645 Relative Error 0.0007224904256872833
Epoch 646 Relative Error 0.0007458885665982962
Epoch 647 Relative Error 0.0007033203146420419
Epoch 648 Relative Error 0.0006630329880863428
Epoch 649 Relative Error 0.0006132425623945892
Epoch 650 Relative Error 0.0005817706696689129
Epoch 651 Relative Error 0.000640411744825542
Epoch 652 Relative Error 0.0006622315268032253
Epoch 653 Relative Error 0.0005376375047490001
Epoch 654 Relative Error 0.0007133646286092699
Epoch 655 Relative Error 0.0006390161579474807
Epoch 656 Relative Error 0.0007117448840290308
Epoch 657 Relative Error 0.0006568155949935317
Epoch 658 Relative Error 0.000614118471276015
Epoch 659 Relative Error 0.0006438757409341633
Epoch 660 Relative Error 0.0005652488907799125
Epoch 661 Relative Error 0.0006246939883567393
Epoch 662 Relative Error 0.0005763359949924052
Epoch 663 Relative Error 0.0007991867023520172
Epoch 664 Relative Error 0.000579250801820308
Epoch 665 Relative Error 0.0006975948344916105
Epoch 666 Relative Error 0.000716257665771991
Epoch 667 Relative Error 0.0006084992201067507
Epoch 668 Relative Error 0.0006991999689489603
Epoch 669 Relative Error 0.0007280482677742839
Epoch 670 Relative Error 0.0006235956680029631
Epoch 671 Relative Error 0.0006317974184639752
Epoch 672 Relative Error 0.000640041078440845
Epoch 673 Relative Error 0.0007258194382302463
Epoch 674 Relative Error 0.0007038784096948802
Epoch 675 Relative Error 0.0007555854390375316
Epoch 676 Relative Error 0.0005892245681025088
Epoch 677 Relative Error 0.0004982303362339735
Epoch 678 Relative Error 0.0006501502357423306
Epoch 679 Relative Error 0.0006341463886201382
Epoch 680 Relative Error 0.0008465313003398478
Epoch 681 Relative Error 0.0008101973799057305
Epoch 682 Relative Error 0.0007164391572587192
Epoch 683 Relative Error 0.0007223492139019072
Epoch 684 Relative Error 0.0006988156819716096
Epoch 685 Relative Error 0.0006324828136712313
Epoch 686 Relative Error 0.0007156324572861195
Epoch 687 Relative Error 0.0006242399103939533
Epoch 688 Relative Error 0.0006379720871336758
Epoch 689 Relative Error 0.0006301536923274398
Epoch 690 Relative Error 0.0006405366002582014
Epoch 691 Relative Error 0.0005911682383157313
Epoch 692 Relative Error 0.0006450457731261849
Epoch 693 Relative Error 0.0006007894407957792
Epoch 694 Relative Error 0.000701175769791007
Epoch 695 Relative Error 0.0005762058426626027
Epoch 696 Relative Error 0.0006588581018149853
Epoch 697 Relative Error 0.0006971127586439252
Epoch 698 Relative Error 0.0007014380535110831
Epoch 699 Relative Error 0.000601995037868619
Epoch 700 Relative Error 0.0007428143289871514
Epoch 701 Relative Error 0.000721098855137825
Epoch 702 Relative Error 0.0007760333246551454
Epoch 703 Relative Error 0.0006818018737249076
Epoch 704 Relative Error 0.0006883947062306106
Epoch 705 Relative Error 0.0006127043161541224
Epoch 706 Relative Error 0.0006033866666257381
Epoch 707 Relative Error 0.000656955293379724
Epoch 708 Relative Error 0.0005920378025621176
Epoch 709 Relative Error 0.0006153004360385239
Epoch 710 Relative Error 0.0006961527396924794
Epoch 711 Relative Error 0.0006505726487375796
Epoch 712 Relative Error 0.000594302371609956
Epoch 713 Relative Error 0.0006302031106315553
Epoch 714 Relative Error 0.0006572824204340577
Epoch 715 Relative Error 0.0006543377530761063
Epoch 716 Relative Error 0.0005374049069359899
Epoch 717 Relative Error 0.0006758036906830966
Epoch 718 Relative Error 0.0005882723489776254
Epoch 719 Relative Error 0.00057699327589944
Epoch 720 Relative Error 0.0007108248537406325
Epoch 721 Relative Error 0.0006094925920479
Epoch 722 Relative Error 0.0005856213392689824
Epoch 723 Relative Error 0.0006716692005284131
Epoch 724 Relative Error 0.0007097995257936418
Epoch 725 Relative Error 0.0007343193283304572
Epoch 726 Relative Error 0.0006346654263325036
Epoch 727 Relative Error 0.0006827292963862419
Epoch 728 Relative Error 0.000711919623427093
Epoch 729 Relative Error 0.000641060818452388
Epoch 730 Relative Error 0.0006735387723892927
Epoch 731 Relative Error 0.0006361192208714783
Epoch 732 Relative Error 0.000562862551305443
Epoch 733 Relative Error 0.0006813916843384504
Epoch 734 Relative Error 0.0007559608202427626
Epoch 735 Relative Error 0.0005963584990240633
Epoch 736 Relative Error 0.0006196170579642057
Epoch 737 Relative Error 0.0006356376106850803
Epoch 738 Relative Error 0.0006514914566650987
Epoch 739 Relative Error 0.0006187125691212714
Epoch 740 Relative Error 0.000602295040152967
Epoch 741 Relative Error 0.0006779065006412566
Epoch 742 Relative Error 0.0005988239427097142
Epoch 743 Relative Error 0.0006563073839060962
Epoch 744 Relative Error 0.0005012405454181135
Epoch 745 Relative Error 0.000680543715134263
Epoch 746 Relative Error 0.0005561959114857018
Epoch 747 Relative Error 0.0008199070580303669
Epoch 748 Relative Error 0.0007339919684454799
Epoch 749 Relative Error 0.0006373767391778529
Epoch 750 Relative Error 0.0007540049846284091
Epoch 751 Relative Error 0.0005751208518631756
Epoch 752 Relative Error 0.0006985000800341368
Epoch 753 Relative Error 0.000680977595038712
Epoch 754 Relative Error 0.000637432502117008
Epoch 755 Relative Error 0.0006396740791387856
Epoch 756 Relative Error 0.0006555430591106415
Epoch 757 Relative Error 0.0007267649634741247
Epoch 758 Relative Error 0.0006043282919563353
Epoch 759 Relative Error 0.0007042360375635326
Epoch 760 Relative Error 0.0006182911456562579
Epoch 761 Relative Error 0.0006637641927227378
Epoch 762 Relative Error 0.0007912200526334345
Epoch 763 Relative Error 0.0008845226257108152
Epoch 764 Relative Error 0.0008132467046380043
Epoch 765 Relative Error 0.0007515238830819726
Epoch 766 Relative Error 0.0006580044282600284
Epoch 767 Relative Error 0.0006671214359812438
Epoch 768 Relative Error 0.0006314671481959522
Epoch 769 Relative Error 0.0005710209952667356
Epoch 770 Relative Error 0.000824565882794559
Epoch 771 Relative Error 0.0006251782178878784
Epoch 772 Relative Error 0.0008374039898626506
Epoch 773 Relative Error 0.0008210694650188088
Epoch 774 Relative Error 0.0006810803897678852
Epoch 775 Relative Error 0.0007389150559902191
Epoch 776 Relative Error 0.0006999381585046649
Epoch 777 Relative Error 0.0005866184365004301
Epoch 778 Relative Error 0.0007859861943870783
Epoch 779 Relative Error 0.000752427033148706
Epoch 780 Relative Error 0.0007362713804468513
Epoch 781 Relative Error 0.0006063230684958398
Epoch 782 Relative Error 0.0006506325444206595
Epoch 783 Relative Error 0.0006388370529748499
Epoch 784 Relative Error 0.0006128078675828874
Epoch 785 Relative Error 0.0006421881262212992
Epoch 786 Relative Error 0.0006788640166632831
Epoch 787 Relative Error 0.0005968516343273222
Epoch 788 Relative Error 0.0007054875022731721
Epoch 789 Relative Error 0.0005803416133858263
Epoch 790 Relative Error 0.0005992872174829245
Epoch 791 Relative Error 0.0007213481585495174
Epoch 792 Relative Error 0.0006912238313816488
Epoch 793 Relative Error 0.0006727362633682787
Epoch 794 Relative Error 0.0007126727141439915
Epoch 795 Relative Error 0.0006735772476531565
Epoch 796 Relative Error 0.0006218861090019345
Epoch 797 Relative Error 0.0007500239880755544
Epoch 798 Relative Error 0.0005962215946055949
Epoch 799 Relative Error 0.0007113923202268779
Epoch 800 Relative Error 0.0007439192850142717
Epoch 801 Relative Error 0.0008042546105571091
Epoch 802 Relative Error 0.0006330281030386686
Epoch 803 Relative Error 0.0006981772603467107
Epoch 804 Relative Error 0.0006044346373528242
Epoch 805 Relative Error 0.0006628022529184818
Epoch 806 Relative Error 0.000787966710049659
Epoch 807 Relative Error 0.0006816017557866871
Epoch 808 Relative Error 0.0006331431213766336
Epoch 809 Relative Error 0.0006150624249130487
Epoch 810 Relative Error 0.0006415477255359292
Epoch 811 Relative Error 0.0006505456985905766
Epoch 812 Relative Error 0.000567309616599232
Epoch 813 Relative Error 0.0006299673113971949
Epoch 814 Relative Error 0.0007414643187075853
Epoch 815 Relative Error 0.000685278617311269
Epoch 816 Relative Error 0.0006700108642689884
Epoch 817 Relative Error 0.0005770898424088955
Epoch 818 Relative Error 0.0005989989149384201
Epoch 819 Relative Error 0.0007542972452938557
Epoch 820 Relative Error 0.0007096332847140729
Epoch 821 Relative Error 0.0006045964546501637
Epoch 822 Relative Error 0.0006382465944625437
Epoch 823 Relative Error 0.0005785409011878073
Epoch 824 Relative Error 0.000616616802290082
Epoch 825 Relative Error 0.0005654316046275198
Epoch 826 Relative Error 0.0005819085636176169
Epoch 827 Relative Error 0.0005906805163249373
Epoch 828 Relative Error 0.0006525383796542883
Epoch 829 Relative Error 0.0005920929834246635
Epoch 830 Relative Error 0.0005967255565337837
Epoch 831 Relative Error 0.0005725498194806278
Epoch 832 Relative Error 0.0006955559947527945
Epoch 833 Relative Error 0.0005680114263668656
Epoch 834 Relative Error 0.0005638440488837659
Epoch 835 Relative Error 0.0006201415089890361
Epoch 836 Relative Error 0.0005778780905529857
Epoch 837 Relative Error 0.0005617361166514456
Epoch 838 Relative Error 0.0005152399535290897
Epoch 839 Relative Error 0.000603952445089817
Epoch 840 Relative Error 0.000584219757001847
Epoch 841 Relative Error 0.0006194196175783873
Epoch 842 Relative Error 0.0008493534405715764
Epoch 843 Relative Error 0.00075481366366148
Epoch 844 Relative Error 0.0006350124604068696
Epoch 845 Relative Error 0.000766088895034045
Epoch 846 Relative Error 0.0005940760020166636
Epoch 847 Relative Error 0.00065581378294155
Epoch 848 Relative Error 0.0007145590498112142
Epoch 849 Relative Error 0.0006799783441238105
Epoch 850 Relative Error 0.0006630494026467204
Epoch 851 Relative Error 0.0006960296886973083
Epoch 852 Relative Error 0.0006685686530545354
Epoch 853 Relative Error 0.0007879291661083698
Epoch 854 Relative Error 0.00088710174895823
Epoch 855 Relative Error 0.0007554887561127543
Epoch 856 Relative Error 0.0007213991484604776
Epoch 857 Relative Error 0.000704609090462327
Epoch 858 Relative Error 0.0006425988394767046
Epoch 859 Relative Error 0.0006595432059839368
Epoch 860 Relative Error 0.0005965485470369458
Epoch 861 Relative Error 0.000572792487218976
Epoch 862 Relative Error 0.0005487819435074925
Epoch 863 Relative Error 0.0006074702832847834
Epoch 864 Relative Error 0.0006106862565502524
Epoch 865 Relative Error 0.0006084622000344098
Epoch 866 Relative Error 0.0006824806914664805
Epoch 867 Relative Error 0.0007618938107043505
Epoch 868 Relative Error 0.0006490278174169362
Epoch 869 Relative Error 0.0007261255523189902
Epoch 870 Relative Error 0.0006976909353397787
Epoch 871 Relative Error 0.0005830417503602803
Epoch 872 Relative Error 0.0006703236722387373
Epoch 873 Relative Error 0.0006625001551583409
Epoch 874 Relative Error 0.0006092565017752349
Epoch 875 Relative Error 0.0007527621928602457
Epoch 876 Relative Error 0.0006587716052308679
Epoch 877 Relative Error 0.0007479283376596868
Epoch 878 Relative Error 0.0007358776638284326
Epoch 879 Relative Error 0.000691273424308747
Epoch 880 Relative Error 0.0007416476146318018
Epoch 881 Relative Error 0.0006321552209556103
Epoch 882 Relative Error 0.000597146397922188
Epoch 883 Relative Error 0.0006243970710784197
Epoch 884 Relative Error 0.0006462733144871891
Epoch 885 Relative Error 0.0007177722873166203
Epoch 886 Relative Error 0.0008042861591093242
Epoch 887 Relative Error 0.0005973285296931863
Epoch 888 Relative Error 0.0005739668267779052
Epoch 889 Relative Error 0.0006866686744615436
Epoch 890 Relative Error 0.0007035425514914095
Epoch 891 Relative Error 0.000727278646081686
Epoch 892 Relative Error 0.0005663228221237659
Epoch 893 Relative Error 0.0007508377893827856
Epoch 894 Relative Error 0.0006903302273713052
Epoch 895 Relative Error 0.0006333873607218266
Epoch 896 Relative Error 0.0006487172795459628
Epoch 897 Relative Error 0.0007268706103786826
Epoch 898 Relative Error 0.0006676011253148317
Epoch 899 Relative Error 0.0006482374155893922
Epoch 900 Relative Error 0.000796506239566952
Epoch 901 Relative Error 0.000672309601213783
Epoch 902 Relative Error 0.000655028794426471
Epoch 903 Relative Error 0.0005678833113051951
Epoch 904 Relative Error 0.0006683891406282783
Epoch 905 Relative Error 0.0006104045314714313
Epoch 906 Relative Error 0.0006911730160936713
Epoch 907 Relative Error 0.000596202036831528
Epoch 908 Relative Error 0.0005928330356255174
Epoch 909 Relative Error 0.0006461671437136829
Epoch 910 Relative Error 0.0006871739169582725
Epoch 911 Relative Error 0.0005644327611662447
Epoch 912 Relative Error 0.0006124380161054432
Epoch 913 Relative Error 0.0005972463986836374
Epoch 914 Relative Error 0.0006549068493768573
Epoch 915 Relative Error 0.0006105209467932582
Epoch 916 Relative Error 0.0005827125860378146
Epoch 917 Relative Error 0.0006411028443835676
Epoch 918 Relative Error 0.0006075962446630001
Epoch 919 Relative Error 0.0006248399731703103
Epoch 920 Relative Error 0.0006520553724840283
Epoch 921 Relative Error 0.0006283401744440198
Epoch 922 Relative Error 0.0006265373667702079
Epoch 923 Relative Error 0.000601631065364927
Epoch 924 Relative Error 0.0006067959475331008
Epoch 925 Relative Error 0.0007035908638499677
Epoch 926 Relative Error 0.0006273327744565904
Epoch 927 Relative Error 0.0007776780985295773
Epoch 928 Relative Error 0.0006649848655797541
Epoch 929 Relative Error 0.0008026255527511239
Epoch 930 Relative Error 0.0007893970469012856
Epoch 931 Relative Error 0.0007141705136746168
Epoch 932 Relative Error 0.0007506306283175945
Epoch 933 Relative Error 0.0007492334698326886
Epoch 934 Relative Error 0.0006749726017005742
Epoch 935 Relative Error 0.000790783145930618
Epoch 936 Relative Error 0.0007097845082171261
Epoch 937 Relative Error 0.0008448148728348315
Epoch 938 Relative Error 0.0007357873837463558
Epoch 939 Relative Error 0.0006404842715710402
Epoch 940 Relative Error 0.0005376149783842266
Epoch 941 Relative Error 0.0007616092334501445
Epoch 942 Relative Error 0.0006787979509681463
Epoch 943 Relative Error 0.000613747863098979
Epoch 944 Relative Error 0.0008050534524954855
Epoch 945 Relative Error 0.000707512313965708
Epoch 946 Relative Error 0.0006966335931792855
Epoch 947 Relative Error 0.0007770462543703616
Epoch 948 Relative Error 0.0007392932893708348
Epoch 949 Relative Error 0.000752694031689316
Epoch 950 Relative Error 0.0006587156094610691
Epoch 951 Relative Error 0.0006736140348948538
Epoch 952 Relative Error 0.000745600089430809
Epoch 953 Relative Error 0.0006731684552505612
Epoch 954 Relative Error 0.0007250267080962658
Epoch 955 Relative Error 0.0008241315372288227
Epoch 956 Relative Error 0.0007696686661802232
Epoch 957 Relative Error 0.0007540921214967966
Epoch 958 Relative Error 0.0007445474620908499
Epoch 959 Relative Error 0.0007338637369684875
Epoch 960 Relative Error 0.0007906699902378023
Epoch 961 Relative Error 0.0006768369930796325
Epoch 962 Relative Error 0.0007135558407753706
Epoch 963 Relative Error 0.00068587192799896
Epoch 964 Relative Error 0.0006243275129236281
Epoch 965 Relative Error 0.0007333995890803635
Epoch 966 Relative Error 0.0007484043017029762
Epoch 967 Relative Error 0.0006552604609169066
Epoch 968 Relative Error 0.000751288840547204
Epoch 969 Relative Error 0.0008413358591496944
Epoch 970 Relative Error 0.0006437025731429458
Epoch 971 Relative Error 0.0006106679211370647
Epoch 972 Relative Error 0.0007314417161978781
Epoch 973 Relative Error 0.0006713218754157424
Epoch 974 Relative Error 0.0006176045280881226
Epoch 975 Relative Error 0.0006524607888422906
Epoch 976 Relative Error 0.0005931565538048744
Epoch 977 Relative Error 0.0006237575435079634
Epoch 978 Relative Error 0.0006722896359860897
Epoch 979 Relative Error 0.0006070164381526411
Epoch 980 Relative Error 0.0005963656585663557
Epoch 981 Relative Error 0.0005687077646143734
Epoch 982 Relative Error 0.0005929814651608467
Epoch 983 Relative Error 0.0006607768591493368
Epoch 984 Relative Error 0.0006561571499332786
Epoch 985 Relative Error 0.0005684932111762464
Epoch 986 Relative Error 0.0005748140392825007
Epoch 987 Relative Error 0.0005390798323787749
Epoch 988 Relative Error 0.0005752933211624622
Epoch 989 Relative Error 0.0006247931160032749
Epoch 990 Relative Error 0.0005369134596548975
Epoch 991 Relative Error 0.0005502647254616022
Epoch 992 Relative Error 0.0005280886543914676
Epoch 993 Relative Error 0.0006030001095496118
Epoch 994 Relative Error 0.0005500243278220296
Epoch 995 Relative Error 0.0005399596993811429
Epoch 996 Relative Error 0.0006465542828664184
Epoch 997 Relative Error 0.0005677590961568058
Epoch 998 Relative Error 0.0005740637425333261
Epoch 999 Relative Error 0.0006122401100583375
Epoch 1000 Relative Error 0.0005759411724284291
RE (0, 9, 3, 0): 0.0004936090554110706
Green's Function RE (0, 9, 3, 0): 0.3498755395412445
Bias Term RE (0, 9, 3, 0): 0.35298120975494385
Combination (0, 9, 3, 0, 0): 0.0005779705825261772
Combination (0, 9, 3, 0, 1): 0.3460293114185333
Combination (0, 9, 3, 0, 2): 0.34610986709594727
Combination (0, 9, 3, 0, 3): 0.34618648886680603
Combination (0, 9, 3, 0, 4): 0.34620338678359985

/home/gridsan/gstepaniants/.local/lib/python3.8/site-packages/torch/functional.py:478: UserWarning: torch.meshgrid: in an upcoming release, it will be required to pass the indexing argument. (Triggered internally at  ../aten/src/ATen/native/TensorShape.cpp:2895.)
  return _VF.meshgrid(tensors, **kwargs)  # type: ignore[attr-defined]
