[KeOps] Warning : Cuda libraries were not detected on the system ; using cpu only mode
1
Kernel: Exponential
Weight Mesh: 20
RKHS Kernel Width: 0.02
Lambda: 1e-06
Green's Function Learning Rate: 100
Bias Term Learning Rate: 100
Epoch 1 Relative Error 1016.9916381835938
First epoch had re = 1016.9916381835938 > 1
Green's Function Learning Rate: 50
Bias Term Learning Rate: 50
Epoch 1 Relative Error 495.7255859375
First epoch had re = 495.7255859375 > 1
Green's Function Learning Rate: 10
Bias Term Learning Rate: 10
Epoch 1 Relative Error 105.40233612060547
First epoch had re = 105.40233612060547 > 1
Green's Function Learning Rate: 5
Bias Term Learning Rate: 5
Epoch 1 Relative Error 49.23868179321289
First epoch had re = 49.23868179321289 > 1
Green's Function Learning Rate: 1
Bias Term Learning Rate: 1
Epoch 1 Relative Error 10.064780235290527
First epoch had re = 10.064780235290527 > 1
Green's Function Learning Rate: 0.5
Bias Term Learning Rate: 0.5
Epoch 1 Relative Error 4.768054962158203
First epoch had re = 4.768054962158203 > 1
Green's Function Learning Rate: 0.1
Bias Term Learning Rate: 0.1
Epoch 1 Relative Error 0.8677258491516113
Epoch 2 Relative Error 0.6980816125869751
Epoch 3 Relative Error 0.6146208643913269
Epoch 4 Relative Error 0.5109430551528931
Epoch 5 Relative Error 0.4291061758995056
Epoch 6 Relative Error 0.40477487444877625
Epoch 7 Relative Error 0.3541860580444336
Epoch 8 Relative Error 0.27970919013023376
Epoch 9 Relative Error 0.19992338120937347
Epoch 10 Relative Error 0.16933304071426392
Epoch 11 Relative Error 0.12999700009822845
Epoch 12 Relative Error 0.10085200518369675
Epoch 13 Relative Error 0.08267558366060257
Epoch 14 Relative Error 0.06758595257997513
Epoch 15 Relative Error 0.055343955755233765
Epoch 16 Relative Error 0.04686931520700455
Epoch 17 Relative Error 0.037960901856422424
Epoch 18 Relative Error 0.030621198937296867
Epoch 19 Relative Error 0.023290356621146202
Epoch 20 Relative Error 0.01965513825416565
Epoch 21 Relative Error 0.016157642006874084
Epoch 22 Relative Error 0.013065645471215248
Epoch 23 Relative Error 0.010425410233438015
Epoch 24 Relative Error 0.008872429840266705
Epoch 25 Relative Error 0.007545068394392729
Epoch 26 Relative Error 0.0054180435836315155
Epoch 27 Relative Error 0.004911801777780056
Epoch 28 Relative Error 0.0044518825598061085
Epoch 29 Relative Error 0.0042433529160916805
Epoch 30 Relative Error 0.003886779537424445
Epoch 31 Relative Error 0.003450654214248061
Epoch 32 Relative Error 0.0031805485486984253
Epoch 33 Relative Error 0.0029123343992978334
Epoch 34 Relative Error 0.0026134636718779802
Epoch 35 Relative Error 0.0025754040107131004
Epoch 36 Relative Error 0.0024290462024509907
Epoch 37 Relative Error 0.00239938055165112
Epoch 38 Relative Error 0.0023301769979298115
Epoch 39 Relative Error 0.0022554243914783
Epoch 40 Relative Error 0.0022256956435739994
Epoch 41 Relative Error 0.002123553305864334
Epoch 42 Relative Error 0.0021469113416969776
Epoch 43 Relative Error 0.002049301518127322
Epoch 44 Relative Error 0.0020117079839110374
Epoch 45 Relative Error 0.0019221989205107093
Epoch 46 Relative Error 0.0019146158592775464
Epoch 47 Relative Error 0.001941073453053832
Epoch 48 Relative Error 0.001837101299315691
Epoch 49 Relative Error 0.0019083681982010603
Epoch 50 Relative Error 0.0018195152515545487
Epoch 51 Relative Error 0.0017928220331668854
Epoch 52 Relative Error 0.0017305692890658975
Epoch 53 Relative Error 0.0016860009636729956
Epoch 54 Relative Error 0.0016394304111599922
Epoch 55 Relative Error 0.0016424857312813401
Epoch 56 Relative Error 0.00156880309805274
Epoch 57 Relative Error 0.0015585195505991578
Epoch 58 Relative Error 0.0015187171520665288
Epoch 59 Relative Error 0.0015038764104247093
Epoch 60 Relative Error 0.0014378728810697794
Epoch 61 Relative Error 0.0014559432165697217
Epoch 62 Relative Error 0.001511325128376484
Epoch 63 Relative Error 0.0014245320344343781
Epoch 64 Relative Error 0.0013684844598174095
Epoch 65 Relative Error 0.001336724846623838
Epoch 66 Relative Error 0.0012956431601196527
Epoch 67 Relative Error 0.0012949435040354729
Epoch 68 Relative Error 0.0012615507002919912
Epoch 69 Relative Error 0.0012288216967135668
Epoch 70 Relative Error 0.0012474998366087675
Epoch 71 Relative Error 0.001203410909511149
Epoch 72 Relative Error 0.0011797004844993353
Epoch 73 Relative Error 0.0011796016478911042
Epoch 74 Relative Error 0.00110155763104558
Epoch 75 Relative Error 0.0010951032163575292
Epoch 76 Relative Error 0.0010978253558278084
Epoch 77 Relative Error 0.0010737857082858682
Epoch 78 Relative Error 0.0010655553778633475
Epoch 79 Relative Error 0.001014439039863646
Epoch 80 Relative Error 0.0010194814531132579
Epoch 81 Relative Error 0.0010147965513169765
Epoch 82 Relative Error 0.0009775941725820303
Epoch 83 Relative Error 0.0009637034381739795
Epoch 84 Relative Error 0.0009519615559838712
Epoch 85 Relative Error 0.0009207275579683483
Epoch 86 Relative Error 0.0009135502041317523
Epoch 87 Relative Error 0.0009048269130289555
Epoch 88 Relative Error 0.0008770040003582835
Epoch 89 Relative Error 0.0008757223840802908
Epoch 90 Relative Error 0.0008523025899194181
Epoch 91 Relative Error 0.0008567129261791706
Epoch 92 Relative Error 0.0008319980697706342
Epoch 93 Relative Error 0.0008415066986344755
Epoch 94 Relative Error 0.0008024153648875654
Epoch 95 Relative Error 0.000825012568384409
Epoch 96 Relative Error 0.0007926832768134773
Epoch 97 Relative Error 0.0007701264694333076
Epoch 98 Relative Error 0.000748848426155746
Epoch 99 Relative Error 0.0007520844228565693
Epoch 100 Relative Error 0.0007536641205660999
Epoch 101 Relative Error 0.0007642841665074229
Epoch 102 Relative Error 0.000758386857341975
Epoch 103 Relative Error 0.000731013307813555
Epoch 104 Relative Error 0.0007335248519666493
Epoch 105 Relative Error 0.0006810285267420113
Epoch 106 Relative Error 0.000676210387609899
Epoch 107 Relative Error 0.0006735676433891058
Epoch 108 Relative Error 0.0006408237386494875
Epoch 109 Relative Error 0.0006445496692322195
Epoch 110 Relative Error 0.0006279690423980355
Epoch 111 Relative Error 0.0006368199246935546
Epoch 112 Relative Error 0.0006092533003538847
Epoch 113 Relative Error 0.0006229063146747649
Epoch 114 Relative Error 0.0006420951685868204
Epoch 115 Relative Error 0.0006045021000318229
Epoch 116 Relative Error 0.0006090370588935912
Epoch 117 Relative Error 0.000583267246838659
Epoch 118 Relative Error 0.000605032779276371
Epoch 119 Relative Error 0.0005573541857302189
Epoch 120 Relative Error 0.0005636360147036612
Epoch 121 Relative Error 0.0005299356416799128
Epoch 122 Relative Error 0.0005559375858865678
Epoch 123 Relative Error 0.000535114377271384
Epoch 124 Relative Error 0.0005407593562267721
Epoch 125 Relative Error 0.0005170759395696223
Epoch 126 Relative Error 0.000520167057402432
Epoch 127 Relative Error 0.0004936368786729872
Epoch 128 Relative Error 0.000494650739710778
Epoch 129 Relative Error 0.0004919915227219462
Epoch 130 Relative Error 0.00048056250670924783
Epoch 131 Relative Error 0.00048005569260567427
Epoch 132 Relative Error 0.000472501473268494
Epoch 133 Relative Error 0.0004845224611926824
Epoch 134 Relative Error 0.00047045681276358664
Epoch 135 Relative Error 0.00045527631300501525
Epoch 136 Relative Error 0.000454007153166458
Epoch 137 Relative Error 0.00044602135312743485
Epoch 138 Relative Error 0.00044656608952209353
Epoch 139 Relative Error 0.0004426203959155828
Epoch 140 Relative Error 0.0004393350100144744
Epoch 141 Relative Error 0.00044306489871814847
Epoch 142 Relative Error 0.0004232134378980845
Epoch 143 Relative Error 0.0004181013209745288
Epoch 144 Relative Error 0.0004181451222393662
Epoch 145 Relative Error 0.000400273478589952
Epoch 146 Relative Error 0.00040251019527204335
Epoch 147 Relative Error 0.00040111871203407645
Epoch 148 Relative Error 0.0003937257861252874
Epoch 149 Relative Error 0.00038665829924866557
Epoch 150 Relative Error 0.0003785344597417861
Epoch 151 Relative Error 0.00036893741344101727
Epoch 152 Relative Error 0.00038355952710844576
Epoch 153 Relative Error 0.0003630622522905469
Epoch 154 Relative Error 0.0003533629351295531
Epoch 155 Relative Error 0.0003561605990398675
Epoch 156 Relative Error 0.00035421981010586023
Epoch 157 Relative Error 0.00034706771839410067
Epoch 158 Relative Error 0.0003501420724205673
Epoch 159 Relative Error 0.00032823250512592494
Epoch 160 Relative Error 0.00033176798024214804
Epoch 161 Relative Error 0.00032539968378841877
Epoch 162 Relative Error 0.00032621584250591695
Epoch 163 Relative Error 0.0003188090049661696
Epoch 164 Relative Error 0.0003279926022514701
Epoch 165 Relative Error 0.00030587500077672303
Epoch 166 Relative Error 0.00031849805964156985
Epoch 167 Relative Error 0.0003051632083952427
Epoch 168 Relative Error 0.00032079106313176453
Epoch 169 Relative Error 0.00031152486917562783
Epoch 170 Relative Error 0.0003082556650042534
Epoch 171 Relative Error 0.0002936812525149435
Epoch 172 Relative Error 0.0002972091606352478
Epoch 173 Relative Error 0.00029085890855640173
Epoch 174 Relative Error 0.00030187194352038205
Epoch 175 Relative Error 0.0002764576638583094
Epoch 176 Relative Error 0.0002876266953535378
Epoch 177 Relative Error 0.00026432896265760064
Epoch 178 Relative Error 0.0002656004799064249
Epoch 179 Relative Error 0.0002741496718954295
Epoch 180 Relative Error 0.00027696960023604333
Epoch 181 Relative Error 0.00027153160772286355
Epoch 182 Relative Error 0.00025950264534913003
Epoch 183 Relative Error 0.00027059062267653644
Epoch 184 Relative Error 0.0002596554404590279
Epoch 185 Relative Error 0.0002786576224025339
Epoch 186 Relative Error 0.00024934441898949444
Epoch 187 Relative Error 0.0002585169568192214
Epoch 188 Relative Error 0.0002456663642078638
Epoch 189 Relative Error 0.0002553658268880099
Epoch 190 Relative Error 0.00025480013573542237
Epoch 191 Relative Error 0.00026712819817475975
Epoch 192 Relative Error 0.00024290553119499236
Epoch 193 Relative Error 0.00023996016534511
Epoch 194 Relative Error 0.00025593143072910607
Epoch 195 Relative Error 0.0002558994456194341
Epoch 196 Relative Error 0.00024884066078811884
Epoch 197 Relative Error 0.0002450939209666103
Epoch 198 Relative Error 0.0002516654785722494
Epoch 199 Relative Error 0.00021868632757104933
Epoch 200 Relative Error 0.00023090193280950189
Epoch 201 Relative Error 0.0002079918049275875
Epoch 202 Relative Error 0.0002152900560759008
Epoch 203 Relative Error 0.00021105713676661253
Epoch 204 Relative Error 0.0002009810268646106
Epoch 205 Relative Error 0.0002193374530179426
Epoch 206 Relative Error 0.00021433265646919608
Epoch 207 Relative Error 0.0002052151830866933
Epoch 208 Relative Error 0.00018978722800966352
Epoch 209 Relative Error 0.00019015881116501987
Epoch 210 Relative Error 0.0001965857663890347
Epoch 211 Relative Error 0.0001848103856900707
Epoch 212 Relative Error 0.00019949708075728267
Epoch 213 Relative Error 0.00018902384908869863
Epoch 214 Relative Error 0.00019567558774724603
Epoch 215 Relative Error 0.00018931619706563652
Epoch 216 Relative Error 0.000185330311069265
Epoch 217 Relative Error 0.0001818936289055273
Epoch 218 Relative Error 0.00017432065214961767
Epoch 219 Relative Error 0.00017929237219505012
Epoch 220 Relative Error 0.00017488918092567474
Epoch 221 Relative Error 0.00017422906239517033
Epoch 222 Relative Error 0.00017895636847242713
Epoch 223 Relative Error 0.00017026478599291295
Epoch 224 Relative Error 0.00016969649004749954
Epoch 225 Relative Error 0.00016839790623635054
Epoch 226 Relative Error 0.00016651296755298972
Epoch 227 Relative Error 0.00016510930436197668
Epoch 228 Relative Error 0.00015994276327546686
Epoch 229 Relative Error 0.00016940142086241394
Epoch 230 Relative Error 0.0001529526780359447
Epoch 231 Relative Error 0.00017141670105047524
Epoch 232 Relative Error 0.00015469065692741424
Epoch 233 Relative Error 0.00016080611385405064
Epoch 234 Relative Error 0.00014897601795382798
Epoch 235 Relative Error 0.0001458722836105153
Epoch 236 Relative Error 0.00014518460375256836
Epoch 237 Relative Error 0.00015420967247337103
Epoch 238 Relative Error 0.00014258536975830793
Epoch 239 Relative Error 0.0001467197434976697
Epoch 240 Relative Error 0.0001402690977556631
Epoch 241 Relative Error 0.0001483632659073919
Epoch 242 Relative Error 0.00013444935029838234
Epoch 243 Relative Error 0.00013540303916670382
Epoch 244 Relative Error 0.00014171555812936276
Epoch 245 Relative Error 0.00014628240023739636
Epoch 246 Relative Error 0.00013919963384978473
Epoch 247 Relative Error 0.00013202495756559074
Epoch 248 Relative Error 0.0001390362303936854
Epoch 249 Relative Error 0.0001540755620226264
Epoch 250 Relative Error 0.00014564771845471114
Epoch 251 Relative Error 0.00014162232400849462
Epoch 252 Relative Error 0.00013542661326937377
Epoch 253 Relative Error 0.00012860415154136717
Epoch 254 Relative Error 0.00012883730232715607
Epoch 255 Relative Error 0.00012063672329531983
Epoch 256 Relative Error 0.00011952484055655077
Epoch 257 Relative Error 0.00012240199430380017
Epoch 258 Relative Error 0.0001182539708679542
Epoch 259 Relative Error 0.00011729869584087282
Epoch 260 Relative Error 0.00012595433508977294
Epoch 261 Relative Error 0.0001240247074747458
Epoch 262 Relative Error 0.00012259333743713796
Epoch 263 Relative Error 0.0001233490911545232
Epoch 264 Relative Error 0.00011816555343102664
Epoch 265 Relative Error 0.00011618612188613042
Epoch 266 Relative Error 0.00011474364146124572
Epoch 267 Relative Error 0.00012483439058996737
Epoch 268 Relative Error 0.00011392552551114932
Epoch 269 Relative Error 0.0001227616739924997
Epoch 270 Relative Error 0.00011606449697865173
Epoch 271 Relative Error 0.00012375874212011695
Epoch 272 Relative Error 0.00011397433991078287
Epoch 273 Relative Error 0.00011434769839979708
Epoch 274 Relative Error 0.00011567209003260359
Epoch 275 Relative Error 0.00011309434194117785
Epoch 276 Relative Error 0.00012288623838685453
Epoch 277 Relative Error 0.00011524045112309977
Epoch 278 Relative Error 0.00011463400005595759
Epoch 279 Relative Error 0.00012024854368064553
Epoch 280 Relative Error 0.00010882580681936815
Epoch 281 Relative Error 0.00010408931848360226
Epoch 282 Relative Error 0.00010692558134905994
Epoch 283 Relative Error 0.00011459978122729808
Epoch 284 Relative Error 0.00010761152225313708
Epoch 285 Relative Error 0.00010724108142312616
Epoch 286 Relative Error 0.00011269850074313581
Epoch 287 Relative Error 0.00010681679850677028
Epoch 288 Relative Error 0.00013066898100078106
Epoch 289 Relative Error 0.0001146882277680561
Epoch 290 Relative Error 0.00012466862972360104
Epoch 291 Relative Error 0.00013129899161867797
Epoch 292 Relative Error 0.00016561883967369795
Epoch 293 Relative Error 0.00015055584663059562
Epoch 294 Relative Error 0.00012958128354512155
Epoch 295 Relative Error 0.00012777074880432338
Epoch 296 Relative Error 0.00013736666005570441
Epoch 297 Relative Error 0.00013043500075582415
Epoch 298 Relative Error 0.00012838159454986453
Epoch 299 Relative Error 9.603690705262125e-05
Epoch 300 Relative Error 0.00010145782289328054
Epoch 301 Relative Error 0.00010097459016833454
Epoch 302 Relative Error 9.788266470422968e-05
Epoch 303 Relative Error 8.613734098616987e-05
Epoch 304 Relative Error 9.086500358534977e-05
Epoch 305 Relative Error 8.635616541141644e-05
Epoch 306 Relative Error 8.990517380880192e-05
Epoch 307 Relative Error 8.946215530158952e-05
Epoch 308 Relative Error 8.466848521493375e-05
Epoch 309 Relative Error 8.523819997208193e-05
Epoch 310 Relative Error 8.095948578557e-05
Epoch 311 Relative Error 8.614703256171197e-05
Epoch 312 Relative Error 8.24704475235194e-05
Epoch 313 Relative Error 9.002698061522096e-05
Epoch 314 Relative Error 8.545313176000491e-05
Epoch 315 Relative Error 8.587870979681611e-05
Epoch 316 Relative Error 8.117660036077723e-05
Epoch 317 Relative Error 8.032419282244518e-05
Epoch 318 Relative Error 7.864824874559417e-05
Epoch 319 Relative Error 8.564369636587799e-05
Epoch 320 Relative Error 8.559884008718655e-05
Epoch 321 Relative Error 8.268666715594009e-05
Epoch 322 Relative Error 8.584938768763095e-05
Epoch 323 Relative Error 8.520024857716635e-05
Epoch 324 Relative Error 7.638707029400393e-05
Epoch 325 Relative Error 8.003654511412606e-05
Epoch 326 Relative Error 7.794778503011912e-05
Epoch 327 Relative Error 7.419108442263678e-05
Epoch 328 Relative Error 7.87399840191938e-05
Epoch 329 Relative Error 9.410463826498017e-05
Epoch 330 Relative Error 9.435020183445886e-05
Epoch 331 Relative Error 8.348604751517996e-05
Epoch 332 Relative Error 8.14050217741169e-05
Epoch 333 Relative Error 7.918935443740338e-05
Epoch 334 Relative Error 7.894839654909447e-05
Epoch 335 Relative Error 7.666232704650611e-05
Epoch 336 Relative Error 8.099204569589347e-05
Epoch 337 Relative Error 7.328663195949048e-05
Epoch 338 Relative Error 7.384052878478542e-05
Epoch 339 Relative Error 8.140093268593773e-05
Epoch 340 Relative Error 8.278695167973638e-05
Epoch 341 Relative Error 7.895972521509975e-05
Epoch 342 Relative Error 7.891350833233446e-05
Epoch 343 Relative Error 7.825702778063715e-05
Epoch 344 Relative Error 8.146686013787985e-05
Epoch 345 Relative Error 8.005763083929196e-05
Epoch 346 Relative Error 8.061268454184756e-05
Epoch 347 Relative Error 7.662972348043695e-05
Epoch 348 Relative Error 7.964488031575456e-05
Epoch 349 Relative Error 7.207944145193323e-05
Epoch 350 Relative Error 7.716367690591142e-05
Epoch 351 Relative Error 7.364608609350398e-05
Epoch 352 Relative Error 8.003319089766592e-05
Epoch 353 Relative Error 7.39130555302836e-05
Epoch 354 Relative Error 8.104371227091178e-05
Epoch 355 Relative Error 8.472007175441831e-05
Epoch 356 Relative Error 7.90565536590293e-05
Epoch 357 Relative Error 7.272962102433667e-05
Epoch 358 Relative Error 8.355312456842512e-05
Epoch 359 Relative Error 7.10295862518251e-05
Epoch 360 Relative Error 6.739597301930189e-05
Epoch 361 Relative Error 6.471448432421312e-05
Epoch 362 Relative Error 6.540584581671283e-05
Epoch 363 Relative Error 7.03998957760632e-05
Epoch 364 Relative Error 7.213059870991856e-05
Epoch 365 Relative Error 7.398499292321503e-05
Epoch 366 Relative Error 7.022909994702786e-05
Epoch 367 Relative Error 6.680002115899697e-05
Epoch 368 Relative Error 7.129743607947603e-05
Epoch 369 Relative Error 6.82844765833579e-05
Epoch 370 Relative Error 6.472227687481791e-05
Epoch 371 Relative Error 6.529381062136963e-05
Epoch 372 Relative Error 6.487248174380511e-05
Epoch 373 Relative Error 7.804833148838952e-05
Epoch 374 Relative Error 6.51141454000026e-05
Epoch 375 Relative Error 7.841956539778039e-05
Epoch 376 Relative Error 7.459741027560085e-05
Epoch 377 Relative Error 7.151628233259544e-05
Epoch 378 Relative Error 7.107605779310688e-05
Epoch 379 Relative Error 6.596177263418213e-05
Epoch 380 Relative Error 6.815902452217415e-05
Epoch 381 Relative Error 5.9876616433029994e-05
Epoch 382 Relative Error 5.8249268477084115e-05
Epoch 383 Relative Error 6.145450606709346e-05
Epoch 384 Relative Error 6.104367639636621e-05
Epoch 385 Relative Error 6.6286331275478e-05
Epoch 386 Relative Error 7.303048187168315e-05
Epoch 387 Relative Error 7.402915798593313e-05
Epoch 388 Relative Error 7.413471030304208e-05
Epoch 389 Relative Error 6.70033332426101e-05
Epoch 390 Relative Error 7.570727029815316e-05
Epoch 391 Relative Error 7.43462223908864e-05
Epoch 392 Relative Error 0.00011544652807060629
Epoch 393 Relative Error 7.857725722715259e-05
Epoch 394 Relative Error 0.00010098761413246393
Epoch 395 Relative Error 0.00011059844837291166
Epoch 396 Relative Error 9.83939680736512e-05
Epoch 397 Relative Error 0.0001070073849405162
Epoch 398 Relative Error 0.00010083838424179703
Epoch 399 Relative Error 9.862861770670861e-05
Epoch 400 Relative Error 9.434702224098146e-05
Epoch 401 Relative Error 8.231626998167485e-05
Epoch 402 Relative Error 7.79065303504467e-05
Epoch 403 Relative Error 7.188416930148378e-05
Epoch 404 Relative Error 7.766488124616444e-05
Epoch 405 Relative Error 7.523693784605712e-05
Epoch 406 Relative Error 5.974879240966402e-05
Epoch 407 Relative Error 5.81490239710547e-05
Epoch 408 Relative Error 6.705395207973197e-05
Epoch 409 Relative Error 5.774019155069254e-05
Epoch 410 Relative Error 6.750946340616792e-05
Epoch 411 Relative Error 6.455245602410287e-05
Epoch 412 Relative Error 6.51927330181934e-05
Epoch 413 Relative Error 7.146348070818931e-05
Epoch 414 Relative Error 6.787425081711262e-05
Epoch 415 Relative Error 7.562353130197152e-05
Epoch 416 Relative Error 6.919055886100978e-05
Epoch 417 Relative Error 7.291109795914963e-05
Epoch 418 Relative Error 7.698291301494464e-05
Epoch 419 Relative Error 6.247995042940602e-05
Epoch 420 Relative Error 7.330903463298455e-05
Epoch 421 Relative Error 6.223422678885981e-05
Epoch 422 Relative Error 7.077267946442589e-05
Epoch 423 Relative Error 6.549634417751804e-05
Epoch 424 Relative Error 6.870322249596938e-05
Epoch 425 Relative Error 7.315211405511945e-05
Epoch 426 Relative Error 7.37413065508008e-05
Epoch 427 Relative Error 6.750136526534334e-05
Epoch 428 Relative Error 6.467557977885008e-05
Epoch 429 Relative Error 6.539257447002456e-05
Epoch 430 Relative Error 6.195803871378303e-05
Epoch 431 Relative Error 6.172696157591417e-05
Epoch 432 Relative Error 6.800622213631868e-05
Epoch 433 Relative Error 6.742822006344795e-05
Epoch 434 Relative Error 6.149917317088693e-05
Epoch 435 Relative Error 5.823467290611006e-05
Epoch 436 Relative Error 5.756798418588005e-05
Epoch 437 Relative Error 5.848763248650357e-05
Epoch 438 Relative Error 6.262553506530821e-05
Epoch 439 Relative Error 7.141742389649153e-05
Epoch 440 Relative Error 7.07315412000753e-05
Epoch 441 Relative Error 6.547416705871001e-05
Epoch 442 Relative Error 5.89081464568153e-05
Epoch 443 Relative Error 7.318233110709116e-05
Epoch 444 Relative Error 6.624684465350583e-05
Epoch 445 Relative Error 7.322927558561787e-05
Epoch 446 Relative Error 6.759879033779725e-05
Epoch 447 Relative Error 6.722845864715055e-05
Epoch 448 Relative Error 5.969775156700052e-05
Epoch 449 Relative Error 5.902128395973705e-05
Epoch 450 Relative Error 5.3933974413666874e-05
Epoch 451 Relative Error 6.4716165070422e-05
Epoch 452 Relative Error 6.240500806597993e-05
Epoch 453 Relative Error 6.220780778676271e-05
Epoch 454 Relative Error 5.603230601991527e-05
Epoch 455 Relative Error 6.146525993244722e-05
Epoch 456 Relative Error 6.613769801333547e-05
Epoch 457 Relative Error 7.231527706608176e-05
Epoch 458 Relative Error 7.124839612515643e-05
Epoch 459 Relative Error 7.000174082349986e-05
Epoch 460 Relative Error 6.61693120491691e-05
Epoch 461 Relative Error 5.900255200685933e-05
Epoch 462 Relative Error 6.268993456615135e-05
Epoch 463 Relative Error 5.703118222299963e-05
Epoch 464 Relative Error 5.233187403064221e-05
Epoch 465 Relative Error 5.537983452086337e-05
Epoch 466 Relative Error 6.115566793596372e-05
Epoch 467 Relative Error 6.443508755182847e-05
Epoch 468 Relative Error 6.615363236051053e-05
Epoch 469 Relative Error 6.11522191320546e-05
Epoch 470 Relative Error 6.123334605945274e-05
Epoch 471 Relative Error 5.656037319567986e-05
Epoch 472 Relative Error 6.169066909933463e-05
Epoch 473 Relative Error 6.670088623650372e-05
Epoch 474 Relative Error 6.735778151778504e-05
Epoch 475 Relative Error 6.351149204419926e-05
Epoch 476 Relative Error 6.680263322778046e-05
Epoch 477 Relative Error 6.137258606031537e-05
Epoch 478 Relative Error 7.009448745520785e-05
Epoch 479 Relative Error 6.035002297721803e-05
Epoch 480 Relative Error 6.811571074649692e-05
Epoch 481 Relative Error 6.736580689903349e-05
Epoch 482 Relative Error 6.453842070186511e-05
Epoch 483 Relative Error 7.287690095836297e-05
Epoch 484 Relative Error 8.848196739563718e-05
Epoch 485 Relative Error 8.105693996185437e-05
Epoch 486 Relative Error 7.608961459482089e-05
Epoch 487 Relative Error 8.201354648917913e-05
Epoch 488 Relative Error 9.313857299275696e-05
Epoch 489 Relative Error 8.425831038039178e-05
Epoch 490 Relative Error 0.00010040634515462443
Epoch 491 Relative Error 9.439470886718482e-05
Epoch 492 Relative Error 9.396670066053048e-05
Epoch 493 Relative Error 8.315916056744754e-05
Epoch 494 Relative Error 7.800883759045973e-05
Epoch 495 Relative Error 7.629771425854415e-05
Epoch 496 Relative Error 7.124728290364146e-05
Epoch 497 Relative Error 7.436791929649189e-05
Epoch 498 Relative Error 7.326402555918321e-05
Epoch 499 Relative Error 8.442539547104388e-05
Epoch 500 Relative Error 8.017407526494935e-05
Epoch 501 Relative Error 6.47654160275124e-05
Epoch 502 Relative Error 6.65846309857443e-05
Epoch 503 Relative Error 6.921158637851477e-05
Epoch 504 Relative Error 6.38172059552744e-05
Epoch 505 Relative Error 7.163962436607108e-05
Epoch 506 Relative Error 7.172137702582404e-05
Epoch 507 Relative Error 6.811222556279972e-05
Epoch 508 Relative Error 6.819922418799251e-05
Epoch 509 Relative Error 6.483474862761796e-05
Epoch 510 Relative Error 5.4103369620861486e-05
Epoch 511 Relative Error 6.148476677481085e-05
Epoch 512 Relative Error 6.460675649577752e-05
Epoch 513 Relative Error 6.027354902471416e-05
Epoch 514 Relative Error 5.942898860666901e-05
Epoch 515 Relative Error 6.950132228666916e-05
Epoch 516 Relative Error 6.69697838020511e-05
Epoch 517 Relative Error 6.386490713339299e-05
Epoch 518 Relative Error 6.559947360074148e-05
Epoch 519 Relative Error 6.86359780956991e-05
Epoch 520 Relative Error 6.309054879238829e-05
Epoch 521 Relative Error 8.716646698303521e-05
Epoch 522 Relative Error 7.874448056099936e-05
Epoch 523 Relative Error 7.829201786080375e-05
Epoch 524 Relative Error 9.325137943960726e-05
Epoch 525 Relative Error 0.00011271318362560123
Epoch 526 Relative Error 0.00011561495193745941
Epoch 527 Relative Error 0.00012603754294104874
Epoch 528 Relative Error 8.760387572692707e-05
Epoch 529 Relative Error 9.650475840317085e-05
Epoch 530 Relative Error 0.0001324397890130058
Epoch 531 Relative Error 9.772368503035977e-05
Epoch 532 Relative Error 0.00010077661863761023
Epoch 533 Relative Error 0.00010078914783662185
Epoch 534 Relative Error 0.00010766550985863432
Epoch 535 Relative Error 0.00010586600546957925
Epoch 536 Relative Error 0.0001188461683341302
Epoch 537 Relative Error 0.00010488607949810103
Epoch 538 Relative Error 0.00010089419083669782
Epoch 539 Relative Error 8.287630771519616e-05
Epoch 540 Relative Error 9.345356374979019e-05
Epoch 541 Relative Error 8.815887122182176e-05
Epoch 542 Relative Error 7.810488023096696e-05
Epoch 543 Relative Error 7.533355528721586e-05
Epoch 544 Relative Error 8.696722215972841e-05
Epoch 545 Relative Error 7.90981575846672e-05
Epoch 546 Relative Error 8.09949851827696e-05
Epoch 547 Relative Error 8.624423207947984e-05
Epoch 548 Relative Error 7.568618457298726e-05
Epoch 549 Relative Error 7.469637057511136e-05
Epoch 550 Relative Error 7.732780795777217e-05
Epoch 551 Relative Error 7.483562512788922e-05
Epoch 552 Relative Error 6.871634832350537e-05
Epoch 553 Relative Error 6.629720883211121e-05
Epoch 554 Relative Error 6.442328594857827e-05
Epoch 555 Relative Error 6.893887621117756e-05
Epoch 556 Relative Error 6.979983299970627e-05
Epoch 557 Relative Error 8.843440446071327e-05
Epoch 558 Relative Error 0.0001265829778276384
Epoch 559 Relative Error 0.00012585235526785254
Epoch 560 Relative Error 0.00010183382255490869
Epoch 561 Relative Error 0.0001320156588917598
Epoch 562 Relative Error 0.00011176709085702896
Epoch 563 Relative Error 0.00011515456571942195
Epoch 564 Relative Error 0.00016602502728346735
Epoch 565 Relative Error 0.00013240377302281559
Epoch 566 Relative Error 0.00013588582805823535
Epoch 567 Relative Error 9.462676825933158e-05
Epoch 568 Relative Error 0.00010560241207713261
Epoch 569 Relative Error 9.111616964219138e-05
Epoch 570 Relative Error 9.5410730864387e-05
Epoch 571 Relative Error 0.00011379000352462754
Epoch 572 Relative Error 8.436846837867051e-05
Epoch 573 Relative Error 8.586055628256872e-05
Epoch 574 Relative Error 0.00010343503527110443
Epoch 575 Relative Error 7.54118591430597e-05
Epoch 576 Relative Error 7.911343709565699e-05
Epoch 577 Relative Error 8.68984279804863e-05
Epoch 578 Relative Error 9.961533214664087e-05
Epoch 579 Relative Error 8.447591244475916e-05
Epoch 580 Relative Error 8.151406655088067e-05
Epoch 581 Relative Error 7.541065861005336e-05
Epoch 582 Relative Error 7.291088695637882e-05
Epoch 583 Relative Error 8.642564353067428e-05
Epoch 584 Relative Error 8.02339127403684e-05
Epoch 585 Relative Error 8.026575233088806e-05
Epoch 586 Relative Error 0.00010422452032798901
Epoch 587 Relative Error 0.0001341407623840496
Epoch 588 Relative Error 0.00019366986816748977
Epoch 589 Relative Error 0.00013258832041174173
Epoch 590 Relative Error 0.00016741370200179517
Epoch 591 Relative Error 0.00017313183343503624
Epoch 592 Relative Error 0.0001349988888250664
Epoch 593 Relative Error 9.53722556005232e-05
Epoch 594 Relative Error 0.00013646048319060355
Epoch 595 Relative Error 0.00015765642456244677
Epoch 596 Relative Error 0.0001153754346887581
Epoch 597 Relative Error 0.00011104513396276161
Epoch 598 Relative Error 0.00014940464461687952
Epoch 599 Relative Error 0.00014258631563279778
Epoch 600 Relative Error 0.00016313904779963195
Epoch 601 Relative Error 0.00022356487170327455
Epoch 602 Relative Error 0.00016061619680840522
Epoch 603 Relative Error 0.00015544876805506647
Epoch 604 Relative Error 0.0001246028405148536
Epoch 605 Relative Error 0.0001107451316784136
Epoch 606 Relative Error 0.00011859533697133884
Epoch 607 Relative Error 0.00010795052367029712
Epoch 608 Relative Error 8.758830517763272e-05
Epoch 609 Relative Error 7.935264147818089e-05
Epoch 610 Relative Error 8.479392272420228e-05
Epoch 611 Relative Error 0.00010264193406328559
Epoch 612 Relative Error 8.867175347404554e-05
Epoch 613 Relative Error 8.641285967314616e-05
Epoch 614 Relative Error 0.00011651512613752857
Epoch 615 Relative Error 0.0001131405369960703
Epoch 616 Relative Error 0.00011172137601533905
Epoch 617 Relative Error 7.739601278444752e-05
Epoch 618 Relative Error 8.221652387874201e-05
Epoch 619 Relative Error 8.552677900297567e-05
Epoch 620 Relative Error 9.344790305476636e-05
Epoch 621 Relative Error 0.00010233089415123686
Epoch 622 Relative Error 0.00012211031571496278
Epoch 623 Relative Error 0.00012230267748236656
Epoch 624 Relative Error 9.637311450205743e-05
Epoch 625 Relative Error 0.00011192809324711561
Epoch 626 Relative Error 8.242102194344625e-05
Epoch 627 Relative Error 8.427017746726051e-05
Epoch 628 Relative Error 7.843401544960216e-05
Epoch 629 Relative Error 7.442824426107109e-05
Epoch 630 Relative Error 7.49039973015897e-05
Epoch 631 Relative Error 9.685627446742728e-05
Epoch 632 Relative Error 7.444223592756316e-05
Epoch 633 Relative Error 8.261148468591273e-05
Epoch 634 Relative Error 0.0001053790474543348
Epoch 635 Relative Error 8.768136467551813e-05
Epoch 636 Relative Error 6.581249908776954e-05
Epoch 637 Relative Error 7.671189814573154e-05
Epoch 638 Relative Error 7.576435746159405e-05
Epoch 639 Relative Error 6.890988152008504e-05
Epoch 640 Relative Error 8.075249206740409e-05
Epoch 641 Relative Error 6.690604641335085e-05
Epoch 642 Relative Error 7.197714148787782e-05
Epoch 643 Relative Error 7.185761933214962e-05
Epoch 644 Relative Error 6.241967639653012e-05
Epoch 645 Relative Error 7.742489106021821e-05
Epoch 646 Relative Error 7.275698590092361e-05
Epoch 647 Relative Error 6.909299554536119e-05
Epoch 648 Relative Error 8.36133913253434e-05
Epoch 649 Relative Error 8.810534927761182e-05
Epoch 650 Relative Error 9.602867066860199e-05
Epoch 651 Relative Error 0.00010376772115705535
Epoch 652 Relative Error 0.00010230896441498771
Epoch 653 Relative Error 0.00010328066855436191
Epoch 654 Relative Error 0.00012069353397237137
Epoch 655 Relative Error 0.00010454370203660801
Epoch 656 Relative Error 7.943796663312241e-05
Epoch 657 Relative Error 8.635041012894362e-05
Epoch 658 Relative Error 8.872439502738416e-05
Epoch 659 Relative Error 0.00011108613398391753
Epoch 660 Relative Error 9.277775097871199e-05
Epoch 661 Relative Error 0.00011026496940758079
Epoch 662 Relative Error 0.00011463597184047103
Epoch 663 Relative Error 0.00011343434744048864
Epoch 664 Relative Error 0.00010604132694425061
Epoch 665 Relative Error 9.207880066242069e-05
Epoch 666 Relative Error 0.00010572330211289227
Epoch 667 Relative Error 0.00012309862358961254
Epoch 668 Relative Error 0.0001036815665429458
Epoch 669 Relative Error 9.071633394341916e-05
Epoch 670 Relative Error 9.479010623181239e-05
Epoch 671 Relative Error 0.00010745423787739128
Epoch 672 Relative Error 0.00010506337275728583
Epoch 673 Relative Error 8.943455759435892e-05
Epoch 674 Relative Error 8.855237683746964e-05
Epoch 675 Relative Error 7.823536725481972e-05
Epoch 676 Relative Error 9.613751899451017e-05
Epoch 677 Relative Error 7.839839963708073e-05
Epoch 678 Relative Error 7.296352850971743e-05
Epoch 679 Relative Error 6.475830741692334e-05
Epoch 680 Relative Error 9.805567970033735e-05
Epoch 681 Relative Error 9.087245416594669e-05
Epoch 682 Relative Error 8.977299148682505e-05
Epoch 683 Relative Error 8.678837184561417e-05
Epoch 684 Relative Error 8.501602133037522e-05
Epoch 685 Relative Error 8.621886081527919e-05
Epoch 686 Relative Error 8.359061030205339e-05
Epoch 687 Relative Error 7.87073076935485e-05
Epoch 688 Relative Error 7.373205153271556e-05
Epoch 689 Relative Error 8.131527283694595e-05
Epoch 690 Relative Error 7.112613820936531e-05
Epoch 691 Relative Error 7.24819183233194e-05
Epoch 692 Relative Error 8.184115722542629e-05
Epoch 693 Relative Error 9.919553122017533e-05
Epoch 694 Relative Error 0.00010407831723568961
Epoch 695 Relative Error 8.931339834816754e-05
Epoch 696 Relative Error 8.857248030835763e-05
Epoch 697 Relative Error 0.00010810200910782441
Epoch 698 Relative Error 8.726021042093635e-05
Epoch 699 Relative Error 8.456619252683595e-05
Epoch 700 Relative Error 7.205882866401225e-05
Epoch 701 Relative Error 7.122891111066565e-05
Epoch 702 Relative Error 6.873094389447942e-05
Epoch 703 Relative Error 7.471281423931941e-05
Epoch 704 Relative Error 8.898587839212269e-05
Epoch 705 Relative Error 0.0001005853118840605
Epoch 706 Relative Error 8.547360630473122e-05
Epoch 707 Relative Error 0.0001134199119405821
Epoch 708 Relative Error 0.00010820647003129125
Epoch 709 Relative Error 7.834480493329465e-05
Epoch 710 Relative Error 0.0001065376345650293
Epoch 711 Relative Error 0.00010067479888675734
Epoch 712 Relative Error 0.00010457028838573024
Epoch 713 Relative Error 0.00010903288784902543
Epoch 714 Relative Error 0.00011130890197819099
Epoch 715 Relative Error 8.905400318326429e-05
Epoch 716 Relative Error 0.00017992292123381048
Epoch 717 Relative Error 0.0001529329310869798
Epoch 718 Relative Error 0.00013978354400023818
Epoch 719 Relative Error 0.00014267759979702532
Epoch 720 Relative Error 0.00013437286543194205
Epoch 721 Relative Error 0.00016864287317730486
Epoch 722 Relative Error 0.00015326809079851955
Epoch 723 Relative Error 0.00024775974452495575
Epoch 724 Relative Error 0.00018016314425040036
Epoch 725 Relative Error 0.00014056204236112535
Epoch 726 Relative Error 0.00014671878307126462
Epoch 727 Relative Error 0.00014695437857881188
Epoch 728 Relative Error 0.00019697613606695086
Epoch 729 Relative Error 0.0001431529817637056
Epoch 730 Relative Error 0.00012218023766763508
Epoch 731 Relative Error 0.00018674223974812776
Epoch 732 Relative Error 0.00020021750242449343
Epoch 733 Relative Error 0.00013867557572666556
Epoch 734 Relative Error 0.00016407885414082557
Epoch 735 Relative Error 0.0001196811135741882
Epoch 736 Relative Error 0.00014235980052035302
Epoch 737 Relative Error 0.0001431523123756051
Epoch 738 Relative Error 0.00014061642286833376
Epoch 739 Relative Error 0.00014249472587835044
Epoch 740 Relative Error 0.00016002402117010206
Epoch 741 Relative Error 0.0001268839550903067
Epoch 742 Relative Error 0.00020314044377300888
Epoch 743 Relative Error 0.00018999366147909313
Epoch 744 Relative Error 0.00018915190594270825
Epoch 745 Relative Error 0.0001312070817220956
Epoch 746 Relative Error 0.0001691512588877231
Epoch 747 Relative Error 0.00017584188026376069
Epoch 748 Relative Error 0.00019761059957090765
Epoch 749 Relative Error 0.00017911521717905998
Epoch 750 Relative Error 0.00013510468124877661
Epoch 751 Relative Error 0.000103531259810552
Epoch 752 Relative Error 9.028307977132499e-05
Epoch 753 Relative Error 8.281311602331698e-05
Epoch 754 Relative Error 9.752879850566387e-05
Epoch 755 Relative Error 7.521113730035722e-05
Epoch 756 Relative Error 7.86421078373678e-05
Epoch 757 Relative Error 6.746906001353636e-05
Epoch 758 Relative Error 9.779766696738079e-05
Epoch 759 Relative Error 9.678670903667808e-05
Epoch 760 Relative Error 9.663085802458227e-05
Epoch 761 Relative Error 9.815987141337246e-05
Epoch 762 Relative Error 9.495999256614596e-05
Epoch 763 Relative Error 0.0001060436261468567
Epoch 764 Relative Error 8.52702432894148e-05
Epoch 765 Relative Error 9.486226917942986e-05
Epoch 766 Relative Error 0.00012277143832761794
Epoch 767 Relative Error 0.0001277120172744617
Epoch 768 Relative Error 8.76985359354876e-05
Epoch 769 Relative Error 0.00010676762758521363
Epoch 770 Relative Error 0.00010656829545041546
Epoch 771 Relative Error 9.217565093422309e-05
Epoch 772 Relative Error 8.508202154189348e-05
Epoch 773 Relative Error 9.833741205511615e-05
Epoch 774 Relative Error 8.665684435982257e-05
Epoch 775 Relative Error 8.733599679544568e-05
Epoch 776 Relative Error 9.876496915239841e-05
Epoch 777 Relative Error 8.506399899488315e-05
Epoch 778 Relative Error 9.50197791098617e-05
Epoch 779 Relative Error 7.907528924988583e-05
Epoch 780 Relative Error 9.432591468794271e-05
Epoch 781 Relative Error 7.846354128560051e-05
Epoch 782 Relative Error 7.114423351595178e-05
Epoch 783 Relative Error 8.01255227997899e-05
Epoch 784 Relative Error 7.500553329009563e-05
Epoch 785 Relative Error 6.838793342467397e-05
Epoch 786 Relative Error 9.218647755915299e-05
Epoch 787 Relative Error 7.268502668011934e-05
Epoch 788 Relative Error 7.353510591201484e-05
Epoch 789 Relative Error 8.435805648332462e-05
Epoch 790 Relative Error 8.395585609832779e-05
Epoch 791 Relative Error 8.568722842028365e-05
Epoch 792 Relative Error 7.668862235732377e-05
Epoch 793 Relative Error 7.344396726693958e-05
Epoch 794 Relative Error 6.882920570205897e-05
Epoch 795 Relative Error 7.562137034256011e-05
Epoch 796 Relative Error 6.428324559237808e-05
Epoch 797 Relative Error 5.850795787409879e-05
Epoch 798 Relative Error 7.053957233438268e-05
Epoch 799 Relative Error 7.898295734776184e-05
Epoch 800 Relative Error 8.94609111128375e-05
Epoch 801 Relative Error 7.35997236915864e-05
Epoch 802 Relative Error 8.75141195137985e-05
Epoch 803 Relative Error 9.132265404332429e-05
Epoch 804 Relative Error 0.00011259245366090909
Epoch 805 Relative Error 9.396617679158226e-05
Epoch 806 Relative Error 9.208649134961888e-05
Epoch 807 Relative Error 9.712981409393251e-05
Epoch 808 Relative Error 0.00010264803131576627
Epoch 809 Relative Error 0.00010476959141669795
Epoch 810 Relative Error 7.225810986710712e-05
Epoch 811 Relative Error 9.053156827576458e-05
Epoch 812 Relative Error 8.315857849083841e-05
Epoch 813 Relative Error 9.9882461654488e-05
Epoch 814 Relative Error 7.860647019697353e-05
Epoch 815 Relative Error 9.142676572082564e-05
Epoch 816 Relative Error 0.00012475281255319715
Epoch 817 Relative Error 0.00010699269478209317
Epoch 818 Relative Error 0.00013245329319033772
Epoch 819 Relative Error 0.00010019663750426844
Epoch 820 Relative Error 9.140541078522801e-05
Epoch 821 Relative Error 8.47265764605254e-05
Epoch 822 Relative Error 9.044590115081519e-05
Epoch 823 Relative Error 0.00010140549420611933
Epoch 824 Relative Error 7.647280290257186e-05
Epoch 825 Relative Error 8.097168029053137e-05
Epoch 826 Relative Error 7.395174907287583e-05
Epoch 827 Relative Error 7.736289262538776e-05
Epoch 828 Relative Error 7.350317173404619e-05
Epoch 829 Relative Error 7.796436693752185e-05
Epoch 830 Relative Error 8.067680028034374e-05
Epoch 831 Relative Error 7.662834832444787e-05
Epoch 832 Relative Error 7.661296695005149e-05
Epoch 833 Relative Error 7.841132901376113e-05
Epoch 834 Relative Error 7.527450361521915e-05
Epoch 835 Relative Error 7.325520709855482e-05
Epoch 836 Relative Error 8.874972263583913e-05
Epoch 837 Relative Error 8.364993846043944e-05
Epoch 838 Relative Error 7.48153033782728e-05
Epoch 839 Relative Error 6.529239180963486e-05
Epoch 840 Relative Error 7.308729982469231e-05
Epoch 841 Relative Error 7.23004704923369e-05
Epoch 842 Relative Error 8.364147652173415e-05
Epoch 843 Relative Error 9.066696657100692e-05
Epoch 844 Relative Error 9.23249899642542e-05
Epoch 845 Relative Error 0.00012367486488074064
Epoch 846 Relative Error 0.00012438285921234637
Epoch 847 Relative Error 0.00010639090032782406
Epoch 848 Relative Error 0.00011094962246716022
Epoch 849 Relative Error 9.985303768189624e-05
Epoch 850 Relative Error 7.729785284027457e-05
Epoch 851 Relative Error 8.323453948833048e-05
Epoch 852 Relative Error 7.60527909733355e-05
Epoch 853 Relative Error 7.333229586947709e-05
Epoch 854 Relative Error 7.35908470232971e-05
Epoch 855 Relative Error 8.230499224737287e-05
Epoch 856 Relative Error 6.851754005765542e-05
Epoch 857 Relative Error 6.546780787175521e-05
Epoch 858 Relative Error 6.315563950920478e-05
Epoch 859 Relative Error 6.906298222020268e-05
Epoch 860 Relative Error 5.9367986978031695e-05
Epoch 861 Relative Error 7.029048720141873e-05
Epoch 862 Relative Error 7.322090823436156e-05
Epoch 863 Relative Error 7.544379332102835e-05
Epoch 864 Relative Error 7.192399789346382e-05
Epoch 865 Relative Error 6.56301126582548e-05
Epoch 866 Relative Error 5.6552922615082934e-05
Epoch 867 Relative Error 6.925461639184505e-05
Epoch 868 Relative Error 5.6249216868309304e-05
Epoch 869 Relative Error 6.797943206038326e-05
Epoch 870 Relative Error 5.866936407983303e-05
Epoch 871 Relative Error 6.548882083734497e-05
Epoch 872 Relative Error 6.210960418684408e-05
Epoch 873 Relative Error 6.969657988520339e-05
Epoch 874 Relative Error 8.010984311113134e-05
Epoch 875 Relative Error 9.648805280448869e-05
Epoch 876 Relative Error 9.080169547814876e-05
Epoch 877 Relative Error 0.00010119252692675218
Epoch 878 Relative Error 8.955329394666478e-05
Epoch 879 Relative Error 9.020804282044992e-05
Epoch 880 Relative Error 7.580232340842485e-05
Epoch 881 Relative Error 0.00010479813499841839
Epoch 882 Relative Error 0.00012527863145805895
Epoch 883 Relative Error 0.00011508643365232274
Epoch 884 Relative Error 9.920643060468137e-05
Epoch 885 Relative Error 0.00012554162822198123
Epoch 886 Relative Error 0.00011602728045545518
Epoch 887 Relative Error 0.0001302570744883269
Epoch 888 Relative Error 0.0001429734256817028
Epoch 889 Relative Error 0.00017005954578053206
Epoch 890 Relative Error 0.00014695619756821543
Epoch 891 Relative Error 0.00017049655434675515
Epoch 892 Relative Error 0.0002104045415762812
Epoch 893 Relative Error 0.0002538032131269574
Epoch 894 Relative Error 0.0002368276473134756
Epoch 895 Relative Error 0.00031562504591420293
Epoch 896 Relative Error 0.00028953354922123253
Epoch 897 Relative Error 0.00022672703198622912
Epoch 898 Relative Error 0.00023084113490767777
Epoch 899 Relative Error 0.00016676144150551409
Epoch 900 Relative Error 0.0002739176561590284
Epoch 901 Relative Error 0.00024394041975028813
Epoch 902 Relative Error 0.00031415774719789624
Epoch 903 Relative Error 0.0002278296451549977
Epoch 904 Relative Error 0.0002789102727547288
Epoch 905 Relative Error 0.00029602431459352374
Epoch 906 Relative Error 0.00024671072605997324
Epoch 907 Relative Error 0.00017540024418849498
Epoch 908 Relative Error 0.0002997836854774505
Epoch 909 Relative Error 0.00032309567905031145
Epoch 910 Relative Error 0.00027661098283715546
Epoch 911 Relative Error 0.00026617851108312607
Epoch 912 Relative Error 0.00016779154248069972
Epoch 913 Relative Error 0.00016277068061754107
Epoch 914 Relative Error 0.0002255428407806903
Epoch 915 Relative Error 0.00026408940902911127
Epoch 916 Relative Error 0.0003028492210432887
Epoch 917 Relative Error 0.0003037506830878556
Epoch 918 Relative Error 0.0002676520962268114
Epoch 919 Relative Error 0.00022375966364052147
Epoch 920 Relative Error 0.00020746984228026122
Epoch 921 Relative Error 0.00023064632841851562
Epoch 922 Relative Error 0.0002631537790875882
Epoch 923 Relative Error 0.00028078167815692723
Epoch 924 Relative Error 0.00021600925538223237
Epoch 925 Relative Error 0.0002441757242195308
Epoch 926 Relative Error 0.00017286311776842922
Epoch 927 Relative Error 0.00014637575077358633
Epoch 928 Relative Error 0.0001409647084074095
Epoch 929 Relative Error 0.0001409505057381466
Epoch 930 Relative Error 0.00015019824786577374
Epoch 931 Relative Error 0.0001587706065038219
Epoch 932 Relative Error 0.00015718016948085278
Epoch 933 Relative Error 0.000155867644934915
Epoch 934 Relative Error 0.00014413321332540363
Epoch 935 Relative Error 0.0001510393340140581
Epoch 936 Relative Error 0.0001242738653672859
Epoch 937 Relative Error 0.0001156487051048316
Epoch 938 Relative Error 0.00013911264250054955
Epoch 939 Relative Error 9.662685624789447e-05
Epoch 940 Relative Error 8.673084084875882e-05
Epoch 941 Relative Error 9.008052438730374e-05
Epoch 942 Relative Error 8.133001392707229e-05
Epoch 943 Relative Error 9.293030598200858e-05
Epoch 944 Relative Error 8.807114500086755e-05
Epoch 945 Relative Error 8.562800212530419e-05
Epoch 946 Relative Error 8.418010111199692e-05
Epoch 947 Relative Error 7.772516255499795e-05
Epoch 948 Relative Error 7.669972546864301e-05
Epoch 949 Relative Error 7.514955359511077e-05
Epoch 950 Relative Error 8.647495997138321e-05
Epoch 951 Relative Error 0.00010982167441397905
Epoch 952 Relative Error 9.480083826929331e-05
Epoch 953 Relative Error 7.675372762605548e-05
Epoch 954 Relative Error 8.070129115367308e-05
Epoch 955 Relative Error 7.356906280620024e-05
Epoch 956 Relative Error 7.249230111483485e-05
Epoch 957 Relative Error 7.719867426203564e-05
Epoch 958 Relative Error 7.131221354939044e-05
Epoch 959 Relative Error 6.680789374513552e-05
Epoch 960 Relative Error 7.356402784353122e-05
Epoch 961 Relative Error 6.683778337901458e-05
Epoch 962 Relative Error 6.357438542181626e-05
Epoch 963 Relative Error 6.869072240078822e-05
Epoch 964 Relative Error 6.142282654764131e-05
Epoch 965 Relative Error 5.9931717260042205e-05
Epoch 966 Relative Error 7.254569209180772e-05
Epoch 967 Relative Error 6.016414408804849e-05
Epoch 968 Relative Error 6.019460488460027e-05
Epoch 969 Relative Error 6.73077956889756e-05
Epoch 970 Relative Error 7.202514098025858e-05
Epoch 971 Relative Error 6.160001794341952e-05
Epoch 972 Relative Error 6.573175051016733e-05
Epoch 973 Relative Error 6.655850302195176e-05
Epoch 974 Relative Error 7.80877671786584e-05
Epoch 975 Relative Error 7.551041926490143e-05
Epoch 976 Relative Error 7.302250014618039e-05
Epoch 977 Relative Error 6.344675057334825e-05
Epoch 978 Relative Error 6.036896593286656e-05
Epoch 979 Relative Error 6.732573092449456e-05
Epoch 980 Relative Error 6.877793202875182e-05
Epoch 981 Relative Error 6.730817403877154e-05
Epoch 982 Relative Error 6.93752954248339e-05
Epoch 983 Relative Error 7.205733709270135e-05
Epoch 984 Relative Error 8.087840978987515e-05
Epoch 985 Relative Error 7.728931086603552e-05
Epoch 986 Relative Error 7.074916356941685e-05
Epoch 987 Relative Error 9.304253762820736e-05
Epoch 988 Relative Error 0.00010075384489027783
Epoch 989 Relative Error 0.00011764626833610237
Epoch 990 Relative Error 0.00015644228551536798
Epoch 991 Relative Error 0.00021184484648983926
Epoch 992 Relative Error 0.00016525307728443295
Epoch 993 Relative Error 0.0001749602670315653
Epoch 994 Relative Error 0.00017149705672636628
Epoch 995 Relative Error 0.0002050452312687412
Epoch 996 Relative Error 0.00013334283721633255
Epoch 997 Relative Error 0.00013416587898973376
Epoch 998 Relative Error 0.00012609416444320232
Epoch 999 Relative Error 0.00013863878848496825
Epoch 1000 Relative Error 0.0001499192148912698
RE (0, 1, 10, 0): 5.233187403064221e-05
Green's Function RE (0, 1, 10, 0): 0.37875428795814514
Bias Term RE (0, 1, 10, 0): 0.3703595995903015
Combination (0, 1, 10, 0, 0): 0.37633436918258667
Combination (0, 1, 10, 0, 1): 0.376631498336792
Combination (0, 1, 10, 0, 2): 0.37674468755722046
Combination (0, 1, 10, 0, 3): 0.3767802119255066
Combination (0, 1, 10, 0, 4): 0.37679773569107056

/home/gridsan/gstepaniants/.local/lib/python3.8/site-packages/torch/functional.py:478: UserWarning: torch.meshgrid: in an upcoming release, it will be required to pass the indexing argument. (Triggered internally at  ../aten/src/ATen/native/TensorShape.cpp:2895.)
  return _VF.meshgrid(tensors, **kwargs)  # type: ignore[attr-defined]
