[KeOps] Warning : Cuda libraries were not detected on the system ; using cpu only mode
1
Kernel: SquaredExponential
Weight Mesh: 60
RKHS Kernel Width: 0.001
Lambda: 1e-06
Green's Function Learning Rate: 100
Bias Term Learning Rate: 100
Epoch 1 Relative Error 645.2451782226562
First epoch had re = 645.2451782226562 > 1
Green's Function Learning Rate: 50
Bias Term Learning Rate: 50
Epoch 1 Relative Error 381.57135009765625
First epoch had re = 381.57135009765625 > 1
Green's Function Learning Rate: 10
Bias Term Learning Rate: 10
Epoch 1 Relative Error 79.08036041259766
First epoch had re = 79.08036041259766 > 1
Green's Function Learning Rate: 5
Bias Term Learning Rate: 5
Epoch 1 Relative Error 32.717960357666016
First epoch had re = 32.717960357666016 > 1
Green's Function Learning Rate: 1
Bias Term Learning Rate: 1
Epoch 1 Relative Error 7.404781341552734
First epoch had re = 7.404781341552734 > 1
Green's Function Learning Rate: 0.5
Bias Term Learning Rate: 0.5
Epoch 1 Relative Error 2.459099769592285
First epoch had re = 2.459099769592285 > 1
Green's Function Learning Rate: 0.1
Bias Term Learning Rate: 0.1
Epoch 1 Relative Error 0.8511627912521362
Epoch 2 Relative Error 0.5619941353797913
Epoch 3 Relative Error 0.5933472514152527
Epoch 4 Relative Error 0.4833642542362213
Epoch 5 Relative Error 0.36441248655319214
Epoch 6 Relative Error 0.33083754777908325
Epoch 7 Relative Error 0.23196744918823242
Epoch 8 Relative Error 0.18787525594234467
Epoch 9 Relative Error 0.17472584545612335
Epoch 10 Relative Error 0.1252918392419815
Epoch 11 Relative Error 0.09050201624631882
Epoch 12 Relative Error 0.09232038259506226
Epoch 13 Relative Error 0.07333941012620926
Epoch 14 Relative Error 0.04669571295380592
Epoch 15 Relative Error 0.0382174551486969
Epoch 16 Relative Error 0.03685658052563667
Epoch 17 Relative Error 0.02828267216682434
Epoch 18 Relative Error 0.021432170644402504
Epoch 19 Relative Error 0.016381528228521347
Epoch 20 Relative Error 0.01344573125243187
Epoch 21 Relative Error 0.010972571559250355
Epoch 22 Relative Error 0.008847605437040329
Epoch 23 Relative Error 0.007374617271125317
Epoch 24 Relative Error 0.005458624102175236
Epoch 25 Relative Error 0.004462363664060831
Epoch 26 Relative Error 0.004020655062049627
Epoch 27 Relative Error 0.003441557753831148
Epoch 28 Relative Error 0.0027644899673759937
Epoch 29 Relative Error 0.0024855276569724083
Epoch 30 Relative Error 0.002311855321750045
Epoch 31 Relative Error 0.002133155008777976
Epoch 32 Relative Error 0.0018840804696083069
Epoch 33 Relative Error 0.0017346593085676432
Epoch 34 Relative Error 0.001541744451969862
Epoch 35 Relative Error 0.0014433331089094281
Epoch 36 Relative Error 0.0015278382925316691
Epoch 37 Relative Error 0.0013324767351150513
Epoch 38 Relative Error 0.0012845686869695783
Epoch 39 Relative Error 0.001305235899053514
Epoch 40 Relative Error 0.0012806106824427843
Epoch 41 Relative Error 0.0011529711773619056
Epoch 42 Relative Error 0.001127689378336072
Epoch 43 Relative Error 0.0011378568597137928
Epoch 44 Relative Error 0.001150876865722239
Epoch 45 Relative Error 0.00103923084679991
Epoch 46 Relative Error 0.0010503976373001933
Epoch 47 Relative Error 0.001057848334312439
Epoch 48 Relative Error 0.0009963951306417584
Epoch 49 Relative Error 0.0009086733916774392
Epoch 50 Relative Error 0.001021099160425365
Epoch 51 Relative Error 0.0009917158167809248
Epoch 52 Relative Error 0.0009494777768850327
Epoch 53 Relative Error 0.0008361004292964935
Epoch 54 Relative Error 0.0008735955925658345
Epoch 55 Relative Error 0.0008946350426413119
Epoch 56 Relative Error 0.0008514330256730318
Epoch 57 Relative Error 0.0008405133266933262
Epoch 58 Relative Error 0.0007833297713659704
Epoch 59 Relative Error 0.0008818795904517174
Epoch 60 Relative Error 0.0008415281190536916
Epoch 61 Relative Error 0.0008214518893510103
Epoch 62 Relative Error 0.0008488867315463722
Epoch 63 Relative Error 0.0008816879126243293
Epoch 64 Relative Error 0.0007211808697320521
Epoch 65 Relative Error 0.0007004236103966832
Epoch 66 Relative Error 0.0007043983787298203
Epoch 67 Relative Error 0.0007194612408056855
Epoch 68 Relative Error 0.0007254377123899758
Epoch 69 Relative Error 0.0006974695133976638
Epoch 70 Relative Error 0.0006906011840328574
Epoch 71 Relative Error 0.0006344543653540313
Epoch 72 Relative Error 0.0006596716120839119
Epoch 73 Relative Error 0.0006463442696258426
Epoch 74 Relative Error 0.000604375556576997
Epoch 75 Relative Error 0.0006265451083891094
Epoch 76 Relative Error 0.0005940394476056099
Epoch 77 Relative Error 0.0006066545029170811
Epoch 78 Relative Error 0.000673295755404979
Epoch 79 Relative Error 0.0006380483973771334
Epoch 80 Relative Error 0.0006596664898097515
Epoch 81 Relative Error 0.0005713473656214774
Epoch 82 Relative Error 0.0006207827827893198
Epoch 83 Relative Error 0.000578627863433212
Epoch 84 Relative Error 0.000547650852240622
Epoch 85 Relative Error 0.0005108744953759015
Epoch 86 Relative Error 0.0005257351440377533
Epoch 87 Relative Error 0.0005694738356396556
Epoch 88 Relative Error 0.0005161190638318658
Epoch 89 Relative Error 0.0004921802319586277
Epoch 90 Relative Error 0.0005238704034127295
Epoch 91 Relative Error 0.0005131635698489845
Epoch 92 Relative Error 0.0004839380271732807
Epoch 93 Relative Error 0.0005627797218039632
Epoch 94 Relative Error 0.0004922786029055715
Epoch 95 Relative Error 0.0005151134100742638
Epoch 96 Relative Error 0.0005402758833952248
Epoch 97 Relative Error 0.0005357366753742099
Epoch 98 Relative Error 0.0005096141831018031
Epoch 99 Relative Error 0.0005158736603334546
Epoch 100 Relative Error 0.00048217340372502804
Epoch 101 Relative Error 0.0005175540572963655
Epoch 102 Relative Error 0.0004687268228735775
Epoch 103 Relative Error 0.0004451837739907205
Epoch 104 Relative Error 0.00047156642540358007
Epoch 105 Relative Error 0.00047181264380924404
Epoch 106 Relative Error 0.00045736803440377116
Epoch 107 Relative Error 0.0004668809415306896
Epoch 108 Relative Error 0.0004513536987360567
Epoch 109 Relative Error 0.0005284486687742174
Epoch 110 Relative Error 0.0004987797583453357
Epoch 111 Relative Error 0.0004892164724878967
Epoch 112 Relative Error 0.0004680418933276087
Epoch 113 Relative Error 0.00044351673568598926
Epoch 114 Relative Error 0.00041683175368234515
Epoch 115 Relative Error 0.0004828582750633359
Epoch 116 Relative Error 0.0004106335691176355
Epoch 117 Relative Error 0.00040413415990769863
Epoch 118 Relative Error 0.00040287169395014644
Epoch 119 Relative Error 0.0004033957957290113
Epoch 120 Relative Error 0.0004316900158300996
Epoch 121 Relative Error 0.0004177232040092349
Epoch 122 Relative Error 0.00041333562694489956
Epoch 123 Relative Error 0.00040326936868950725
Epoch 124 Relative Error 0.00041116157080978155
Epoch 125 Relative Error 0.00038557787775062025
Epoch 126 Relative Error 0.0005400720401667058
Epoch 127 Relative Error 0.00043032740359194577
Epoch 128 Relative Error 0.00042735616443678737
Epoch 129 Relative Error 0.00038362632039934397
Epoch 130 Relative Error 0.00038299537845887244
Epoch 131 Relative Error 0.0004387986846268177
Epoch 132 Relative Error 0.0003686914569698274
Epoch 133 Relative Error 0.00038270727964118123
Epoch 134 Relative Error 0.00038325192872434855
Epoch 135 Relative Error 0.00035027912235818803
Epoch 136 Relative Error 0.0004012915014754981
Epoch 137 Relative Error 0.00040378046105615795
Epoch 138 Relative Error 0.0003638051566667855
Epoch 139 Relative Error 0.00041736397542990744
Epoch 140 Relative Error 0.00040107843233272433
Epoch 141 Relative Error 0.0004296409315429628
Epoch 142 Relative Error 0.0003730093303602189
Epoch 143 Relative Error 0.0003676563501358032
Epoch 144 Relative Error 0.0003893619286827743
Epoch 145 Relative Error 0.00037844409234821796
Epoch 146 Relative Error 0.00041479719220660627
Epoch 147 Relative Error 0.0003753712517209351
Epoch 148 Relative Error 0.00046570191625505686
Epoch 149 Relative Error 0.00043542031198740005
Epoch 150 Relative Error 0.0003627887344919145
Epoch 151 Relative Error 0.0003810916969086975
Epoch 152 Relative Error 0.00040568551048636436
Epoch 153 Relative Error 0.0003525995707605034
Epoch 154 Relative Error 0.0004489336861297488
Epoch 155 Relative Error 0.0003642572555691004
Epoch 156 Relative Error 0.0004341237072367221
Epoch 157 Relative Error 0.0004415218427311629
Epoch 158 Relative Error 0.0004054089658893645
Epoch 159 Relative Error 0.0004333505348768085
Epoch 160 Relative Error 0.0003900403098668903
Epoch 161 Relative Error 0.0004266415780875832
Epoch 162 Relative Error 0.00041350084939040244
Epoch 163 Relative Error 0.0003411486395634711
Epoch 164 Relative Error 0.0003568963147699833
Epoch 165 Relative Error 0.0004230169579386711
Epoch 166 Relative Error 0.00039052721695043147
Epoch 167 Relative Error 0.000383871840313077
Epoch 168 Relative Error 0.00034081534249708056
Epoch 169 Relative Error 0.00037910405080765486
Epoch 170 Relative Error 0.0003819468547590077
Epoch 171 Relative Error 0.00038344087079167366
Epoch 172 Relative Error 0.0004147696599829942
Epoch 173 Relative Error 0.00034835271071642637
Epoch 174 Relative Error 0.00042543018935248256
Epoch 175 Relative Error 0.00041297663119621575
Epoch 176 Relative Error 0.0003634163294918835
Epoch 177 Relative Error 0.0004221048438921571
Epoch 178 Relative Error 0.00036009412724524736
Epoch 179 Relative Error 0.00038019445491954684
Epoch 180 Relative Error 0.0004748521314468235
Epoch 181 Relative Error 0.0004112432070542127
Epoch 182 Relative Error 0.00039224207284860313
Epoch 183 Relative Error 0.00032712932443246245
Epoch 184 Relative Error 0.00038128672167658806
Epoch 185 Relative Error 0.0003757466620299965
Epoch 186 Relative Error 0.0003749494790099561
Epoch 187 Relative Error 0.0004575270286295563
Epoch 188 Relative Error 0.0003615369205363095
Epoch 189 Relative Error 0.0003725961723830551
Epoch 190 Relative Error 0.00044604751747101545
Epoch 191 Relative Error 0.0003168464172631502
Epoch 192 Relative Error 0.00039008830208331347
Epoch 193 Relative Error 0.00037275516660884023
Epoch 194 Relative Error 0.00040642436943016946
Epoch 195 Relative Error 0.00037787447217851877
Epoch 196 Relative Error 0.000388950138585642
Epoch 197 Relative Error 0.0004171080363448709
Epoch 198 Relative Error 0.00034172763116657734
Epoch 199 Relative Error 0.0003868492494802922
Epoch 200 Relative Error 0.00044202123535797
Epoch 201 Relative Error 0.00041620738920755684
Epoch 202 Relative Error 0.0003986045194324106
Epoch 203 Relative Error 0.0004208938335068524
Epoch 204 Relative Error 0.00045790753210894763
Epoch 205 Relative Error 0.00044424625230021775
Epoch 206 Relative Error 0.00042242350173182786
Epoch 207 Relative Error 0.00040182247175835073
Epoch 208 Relative Error 0.0004135354538448155
Epoch 209 Relative Error 0.00041264010360464454
Epoch 210 Relative Error 0.0004294986429158598
Epoch 211 Relative Error 0.00035499047953635454
Epoch 212 Relative Error 0.00044971986790187657
Epoch 213 Relative Error 0.0004196820082142949
Epoch 214 Relative Error 0.0004205153090879321
Epoch 215 Relative Error 0.00041936931665986776
Epoch 216 Relative Error 0.00043691330938600004
Epoch 217 Relative Error 0.00042629061499610543
Epoch 218 Relative Error 0.00043197875493206084
Epoch 219 Relative Error 0.0003952082770410925
Epoch 220 Relative Error 0.0003825780295301229
Epoch 221 Relative Error 0.00037289969623088837
Epoch 222 Relative Error 0.00039073219522833824
Epoch 223 Relative Error 0.0004192399501334876
Epoch 224 Relative Error 0.0003805608721449971
Epoch 225 Relative Error 0.000350840826286003
Epoch 226 Relative Error 0.00034745942684821784
Epoch 227 Relative Error 0.00037179284845478833
Epoch 228 Relative Error 0.00037402677116915584
Epoch 229 Relative Error 0.00035421864595264196
Epoch 230 Relative Error 0.0003570960834622383
Epoch 231 Relative Error 0.0004462767392396927
Epoch 232 Relative Error 0.0004580608510877937
Epoch 233 Relative Error 0.00036426493898034096
Epoch 234 Relative Error 0.00038789137033745646
Epoch 235 Relative Error 0.00035191132337786257
Epoch 236 Relative Error 0.00036373568582348526
Epoch 237 Relative Error 0.0004306446644477546
Epoch 238 Relative Error 0.0003601560601964593
Epoch 239 Relative Error 0.0003999668115284294
Epoch 240 Relative Error 0.0003557876334525645
Epoch 241 Relative Error 0.0003730463213287294
Epoch 242 Relative Error 0.00037212076131254435
Epoch 243 Relative Error 0.0003297467192169279
Epoch 244 Relative Error 0.00038408723776228726
Epoch 245 Relative Error 0.00035580730764195323
Epoch 246 Relative Error 0.00038793962448835373
Epoch 247 Relative Error 0.00038645087624900043
Epoch 248 Relative Error 0.0003829966008197516
Epoch 249 Relative Error 0.0003971773840021342
Epoch 250 Relative Error 0.00044661699212156236
Epoch 251 Relative Error 0.00036864264984615147
Epoch 252 Relative Error 0.0004157599760219455
Epoch 253 Relative Error 0.00036306105903349817
Epoch 254 Relative Error 0.00045512436190620065
Epoch 255 Relative Error 0.0003929523518308997
Epoch 256 Relative Error 0.00040331107447855175
Epoch 257 Relative Error 0.0004962889361195266
Epoch 258 Relative Error 0.0003683311224449426
Epoch 259 Relative Error 0.00037763078580610454
Epoch 260 Relative Error 0.00036712843575514853
Epoch 261 Relative Error 0.00044782113400287926
Epoch 262 Relative Error 0.000354869436705485
Epoch 263 Relative Error 0.0003954124986194074
Epoch 264 Relative Error 0.000397654453990981
Epoch 265 Relative Error 0.00035685577313415706
Epoch 266 Relative Error 0.0003988849639426917
Epoch 267 Relative Error 0.00039364752592518926
Epoch 268 Relative Error 0.00041704412433318794
Epoch 269 Relative Error 0.0003689205623231828
Epoch 270 Relative Error 0.00036871759220957756
Epoch 271 Relative Error 0.0004890813725069165
Epoch 272 Relative Error 0.00037149188574403524
Epoch 273 Relative Error 0.00040545297088101506
Epoch 274 Relative Error 0.00035455331089906394
Epoch 275 Relative Error 0.0004290082724764943
Epoch 276 Relative Error 0.00040239878580905497
Epoch 277 Relative Error 0.00049690151354298
Epoch 278 Relative Error 0.00041318859439343214
Epoch 279 Relative Error 0.0003944865020457655
Epoch 280 Relative Error 0.00041463831439614296
Epoch 281 Relative Error 0.00042463387944735587
Epoch 282 Relative Error 0.00040895483107306063
Epoch 283 Relative Error 0.00045321902143768966
Epoch 284 Relative Error 0.0003668351855594665
Epoch 285 Relative Error 0.0003820254059974104
Epoch 286 Relative Error 0.00037399522261694074
Epoch 287 Relative Error 0.00045940469135530293
Epoch 288 Relative Error 0.00038781343027949333
Epoch 289 Relative Error 0.00040127625106833875
Epoch 290 Relative Error 0.00038825799128971994
Epoch 291 Relative Error 0.0003374231746420264
Epoch 292 Relative Error 0.0003847324405796826
Epoch 293 Relative Error 0.0004137656360398978
Epoch 294 Relative Error 0.0004075703036505729
Epoch 295 Relative Error 0.0004675264935940504
Epoch 296 Relative Error 0.0005083301803097129
Epoch 297 Relative Error 0.000448200007667765
Epoch 298 Relative Error 0.0003892517415806651
Epoch 299 Relative Error 0.0003823265724349767
Epoch 300 Relative Error 0.00041758257430046797
Epoch 301 Relative Error 0.0003732305485755205
Epoch 302 Relative Error 0.0004450804553925991
Epoch 303 Relative Error 0.000419155927374959
Epoch 304 Relative Error 0.00044223133591003716
Epoch 305 Relative Error 0.0003962271730415523
Epoch 306 Relative Error 0.000432432017987594
Epoch 307 Relative Error 0.00045872267219237983
Epoch 308 Relative Error 0.0004228880861774087
Epoch 309 Relative Error 0.00039916872628964484
Epoch 310 Relative Error 0.0003692792961373925
Epoch 311 Relative Error 0.00037723444984294474
Epoch 312 Relative Error 0.0005219596205279231
Epoch 313 Relative Error 0.0003647940466180444
Epoch 314 Relative Error 0.0004081592778675258
Epoch 315 Relative Error 0.0004366201173979789
Epoch 316 Relative Error 0.0003724898269865662
Epoch 317 Relative Error 0.0005021285614930093
Epoch 318 Relative Error 0.00045096606481820345
Epoch 319 Relative Error 0.0004283310263417661
Epoch 320 Relative Error 0.0004093640309292823
Epoch 321 Relative Error 0.0004695993266068399
Epoch 322 Relative Error 0.00042605726048350334
Epoch 323 Relative Error 0.0004058463964611292
Epoch 324 Relative Error 0.0003946306533180177
Epoch 325 Relative Error 0.0003730951575562358
Epoch 326 Relative Error 0.0004251414502505213
Epoch 327 Relative Error 0.00037844915641471744
Epoch 328 Relative Error 0.0003747377195395529
Epoch 329 Relative Error 0.00031806633342057467
Epoch 330 Relative Error 0.0003917629655916244
Epoch 331 Relative Error 0.0004154156777076423
Epoch 332 Relative Error 0.00042284076334908605
Epoch 333 Relative Error 0.00043336692033335567
Epoch 334 Relative Error 0.000456368230516091
Epoch 335 Relative Error 0.00047192900092341006
Epoch 336 Relative Error 0.0005488451570272446
Epoch 337 Relative Error 0.0005648781661875546
Epoch 338 Relative Error 0.0005845923442393541
Epoch 339 Relative Error 0.0006043736939318478
Epoch 340 Relative Error 0.0005031549371778965
Epoch 341 Relative Error 0.0005419171648100019
Epoch 342 Relative Error 0.0005259251920506358
Epoch 343 Relative Error 0.0005640425952151418
Epoch 344 Relative Error 0.0005700337351299822
Epoch 345 Relative Error 0.0005506855086423457
Epoch 346 Relative Error 0.0004922100924886763
Epoch 347 Relative Error 0.0005333191365934908
Epoch 348 Relative Error 0.0004563579859677702
Epoch 349 Relative Error 0.0004182333068456501
Epoch 350 Relative Error 0.0005203299806453288
Epoch 351 Relative Error 0.00040641656960360706
Epoch 352 Relative Error 0.0004151154716964811
Epoch 353 Relative Error 0.0003724571142811328
Epoch 354 Relative Error 0.00046286918222904205
Epoch 355 Relative Error 0.0003935883869417012
Epoch 356 Relative Error 0.0004886605893261731
Epoch 357 Relative Error 0.000428967789048329
Epoch 358 Relative Error 0.0003428612253628671
Epoch 359 Relative Error 0.00035284535260871053
Epoch 360 Relative Error 0.00043217247002758086
Epoch 361 Relative Error 0.0004966515698470175
Epoch 362 Relative Error 0.00043283021659590304
Epoch 363 Relative Error 0.0004980372032150626
Epoch 364 Relative Error 0.00045697714085690677
Epoch 365 Relative Error 0.0003776522644329816
Epoch 366 Relative Error 0.00045151732047088444
Epoch 367 Relative Error 0.0004516724729910493
Epoch 368 Relative Error 0.00042202448821626604
Epoch 369 Relative Error 0.0004451300192158669
Epoch 370 Relative Error 0.00043293600901961327
Epoch 371 Relative Error 0.0005042243283241987
Epoch 372 Relative Error 0.0004399560857564211
Epoch 373 Relative Error 0.0005114494124427438
Epoch 374 Relative Error 0.0003825005842372775
Epoch 375 Relative Error 0.00043092004489153624
Epoch 376 Relative Error 0.00044948834693059325
Epoch 377 Relative Error 0.0005278773023746908
Epoch 378 Relative Error 0.0004672905779443681
Epoch 379 Relative Error 0.00040343779255636036
Epoch 380 Relative Error 0.0003641775983851403
Epoch 381 Relative Error 0.00045882005360908806
Epoch 382 Relative Error 0.0003491608367767185
Epoch 383 Relative Error 0.0004425693186931312
Epoch 384 Relative Error 0.0004359549202490598
Epoch 385 Relative Error 0.00041619129478931427
Epoch 386 Relative Error 0.000425724865635857
Epoch 387 Relative Error 0.000526177289430052
Epoch 388 Relative Error 0.00047039249329827726
Epoch 389 Relative Error 0.00038147944724187255
Epoch 390 Relative Error 0.00033612505649216473
Epoch 391 Relative Error 0.0003642709052655846
Epoch 392 Relative Error 0.00040976100717671216
Epoch 393 Relative Error 0.00037988537224009633
Epoch 394 Relative Error 0.0003718116204254329
Epoch 395 Relative Error 0.00045973388478159904
Epoch 396 Relative Error 0.0004261252179276198
Epoch 397 Relative Error 0.00036409954191185534
Epoch 398 Relative Error 0.0003700255183503032
Epoch 399 Relative Error 0.00035791390109807253
Epoch 400 Relative Error 0.000339880702085793
Epoch 401 Relative Error 0.00039112335070967674
Epoch 402 Relative Error 0.00040541007183492184
Epoch 403 Relative Error 0.0003560096665751189
Epoch 404 Relative Error 0.000378890399588272
Epoch 405 Relative Error 0.00040923975757323205
Epoch 406 Relative Error 0.00034819854772649705
Epoch 407 Relative Error 0.0003440018626861274
Epoch 408 Relative Error 0.000365987594705075
Epoch 409 Relative Error 0.0004682909930124879
Epoch 410 Relative Error 0.0004434584407135844
Epoch 411 Relative Error 0.00048036716179922223
Epoch 412 Relative Error 0.0004981815000064671
Epoch 413 Relative Error 0.0005401778616942465
Epoch 414 Relative Error 0.0004617421654984355
Epoch 415 Relative Error 0.00043378680129535496
Epoch 416 Relative Error 0.0004175867070443928
Epoch 417 Relative Error 0.00039662732160650194
Epoch 418 Relative Error 0.00041734776459634304
Epoch 419 Relative Error 0.0005439208471216261
Epoch 420 Relative Error 0.00045316372415982187
Epoch 421 Relative Error 0.0004137656942475587
Epoch 422 Relative Error 0.00044535609777085483
Epoch 423 Relative Error 0.00048253327258862555
Epoch 424 Relative Error 0.0005013176123611629
Epoch 425 Relative Error 0.0005511814379133284
Epoch 426 Relative Error 0.0004829134850297123
Epoch 427 Relative Error 0.0005173804820515215
Epoch 428 Relative Error 0.0004424401849973947
Epoch 429 Relative Error 0.0003634137101471424
Epoch 430 Relative Error 0.00040773197542876005
Epoch 431 Relative Error 0.0003854794194921851
Epoch 432 Relative Error 0.0003975863801315427
Epoch 433 Relative Error 0.00042843681876547635
Epoch 434 Relative Error 0.00036119038122706115
Epoch 435 Relative Error 0.00039554666727781296
Epoch 436 Relative Error 0.0003583583456929773
Epoch 437 Relative Error 0.0003778904501814395
Epoch 438 Relative Error 0.00043272439506836236
Epoch 439 Relative Error 0.0004024294321425259
Epoch 440 Relative Error 0.0004997668438591063
Epoch 441 Relative Error 0.00041484172106720507
Epoch 442 Relative Error 0.00046729485620744526
Epoch 443 Relative Error 0.0004329181683715433
Epoch 444 Relative Error 0.00042212585685774684
Epoch 445 Relative Error 0.0004039015620946884
Epoch 446 Relative Error 0.000368772802175954
Epoch 447 Relative Error 0.0003869702049996704
Epoch 448 Relative Error 0.0003652337472885847
Epoch 449 Relative Error 0.0003399787819944322
Epoch 450 Relative Error 0.00038331380346789956
Epoch 451 Relative Error 0.00032875678152777255
Epoch 452 Relative Error 0.0003634872555267066
Epoch 453 Relative Error 0.00041099783265963197
Epoch 454 Relative Error 0.00048410947783850133
Epoch 455 Relative Error 0.00044779008021578193
Epoch 456 Relative Error 0.00045918821706436574
Epoch 457 Relative Error 0.0004336777492426336
Epoch 458 Relative Error 0.00048774536116980016
Epoch 459 Relative Error 0.0005763543886132538
Epoch 460 Relative Error 0.0004480833886191249
Epoch 461 Relative Error 0.0005787675036117435
Epoch 462 Relative Error 0.0004977634525857866
Epoch 463 Relative Error 0.0004626004956662655
Epoch 464 Relative Error 0.00045772138400934637
Epoch 465 Relative Error 0.00043349896441213787
Epoch 466 Relative Error 0.0004919448401778936
Epoch 467 Relative Error 0.0004220066184643656
Epoch 468 Relative Error 0.0003812120121438056
Epoch 469 Relative Error 0.0004276893159840256
Epoch 470 Relative Error 0.0004631306219380349
Epoch 471 Relative Error 0.0005183890461921692
Epoch 472 Relative Error 0.0004615418438334018
Epoch 473 Relative Error 0.0005425249109975994
Epoch 474 Relative Error 0.0004921025829389691
Epoch 475 Relative Error 0.0005304529913701117
Epoch 476 Relative Error 0.0004688100889325142
Epoch 477 Relative Error 0.0005147119518369436
Epoch 478 Relative Error 0.0005625917110592127
Epoch 479 Relative Error 0.0004247582983225584
Epoch 480 Relative Error 0.00043245890992693603
Epoch 481 Relative Error 0.0004886758397333324
Epoch 482 Relative Error 0.000512988306581974
Epoch 483 Relative Error 0.0004931293078698218
Epoch 484 Relative Error 0.000440617703134194
Epoch 485 Relative Error 0.0004359060840215534
Epoch 486 Relative Error 0.0005376751068979502
Epoch 487 Relative Error 0.0004627707239706069
Epoch 488 Relative Error 0.0003749984025489539
Epoch 489 Relative Error 0.00036729173734784126
Epoch 490 Relative Error 0.0003555740404408425
Epoch 491 Relative Error 0.00042043381836265326
Epoch 492 Relative Error 0.00038764337659813464
Epoch 493 Relative Error 0.00037538394099101424
Epoch 494 Relative Error 0.00041614254587329924
Epoch 495 Relative Error 0.0004731024382635951
Epoch 496 Relative Error 0.00045107799815014005
Epoch 497 Relative Error 0.00042156019480898976
Epoch 498 Relative Error 0.00043036157148890197
Epoch 499 Relative Error 0.0004869889817200601
Epoch 500 Relative Error 0.00045304905506782234
Epoch 501 Relative Error 0.00043873724644072354
Epoch 502 Relative Error 0.0004138524236623198
Epoch 503 Relative Error 0.00039766757981851697
Epoch 504 Relative Error 0.00046330122859217227
Epoch 505 Relative Error 0.00044787765364162624
Epoch 506 Relative Error 0.00042674774886108935
Epoch 507 Relative Error 0.0004365398781374097
Epoch 508 Relative Error 0.0003951246035285294
Epoch 509 Relative Error 0.00047264975728467107
Epoch 510 Relative Error 0.0005542032886296511
Epoch 511 Relative Error 0.00039943185402080417
Epoch 512 Relative Error 0.0004998584627173841
Epoch 513 Relative Error 0.00047436929889954627
Epoch 514 Relative Error 0.0005355894681997597
Epoch 515 Relative Error 0.00042067092726938426
Epoch 516 Relative Error 0.0004864484944846481
Epoch 517 Relative Error 0.00040654095937497914
Epoch 518 Relative Error 0.000507670920342207
Epoch 519 Relative Error 0.00046974385622888803
Epoch 520 Relative Error 0.00046464218758046627
Epoch 521 Relative Error 0.0004649927723221481
Epoch 522 Relative Error 0.0004247618780937046
Epoch 523 Relative Error 0.0004689420748036355
Epoch 524 Relative Error 0.00046137781464494765
Epoch 525 Relative Error 0.0005195984849706292
Epoch 526 Relative Error 0.00047203857684507966
Epoch 527 Relative Error 0.000546103052329272
Epoch 528 Relative Error 0.00042787950951606035
Epoch 529 Relative Error 0.0005179319414310157
Epoch 530 Relative Error 0.0005677269655279815
Epoch 531 Relative Error 0.0005279580364003778
Epoch 532 Relative Error 0.0005121675203554332
Epoch 533 Relative Error 0.00046010379446670413
Epoch 534 Relative Error 0.0005037071532569826
Epoch 535 Relative Error 0.00044174049980938435
Epoch 536 Relative Error 0.0005626792553812265
Epoch 537 Relative Error 0.0005340990028344095
Epoch 538 Relative Error 0.00044383405474945903
Epoch 539 Relative Error 0.0004768168437294662
Epoch 540 Relative Error 0.0005083488649688661
Epoch 541 Relative Error 0.0004455264424905181
Epoch 542 Relative Error 0.0004446360981091857
Epoch 543 Relative Error 0.00044913514284417033
Epoch 544 Relative Error 0.00039962769369594753
Epoch 545 Relative Error 0.000495631480589509
Epoch 546 Relative Error 0.0004463684745132923
Epoch 547 Relative Error 0.0004449554835446179
Epoch 548 Relative Error 0.0004314401594456285
Epoch 549 Relative Error 0.0005148935015313327
Epoch 550 Relative Error 0.00043947863741777837
Epoch 551 Relative Error 0.0004947144188918173
Epoch 552 Relative Error 0.0004269278724677861
Epoch 553 Relative Error 0.0004480693314690143
Epoch 554 Relative Error 0.0004803484189324081
Epoch 555 Relative Error 0.00045569957001134753
Epoch 556 Relative Error 0.00045966103789396584
Epoch 557 Relative Error 0.00043946714140474796
Epoch 558 Relative Error 0.0003604999219533056
Epoch 559 Relative Error 0.00038876099279150367
Epoch 560 Relative Error 0.00041112519102171063
Epoch 561 Relative Error 0.00040174758760258555
Epoch 562 Relative Error 0.000399023323552683
Epoch 563 Relative Error 0.0003974435676354915
Epoch 564 Relative Error 0.00041926378617063165
Epoch 565 Relative Error 0.0004210831830278039
Epoch 566 Relative Error 0.00033547935890965164
Epoch 567 Relative Error 0.0003535963478498161
Epoch 568 Relative Error 0.0003917292633559555
Epoch 569 Relative Error 0.00039024613215588033
Epoch 570 Relative Error 0.00045986741315573454
Epoch 571 Relative Error 0.00042910693446174264
Epoch 572 Relative Error 0.00037470468669198453
Epoch 573 Relative Error 0.00039338876376859844
Epoch 574 Relative Error 0.00037538199103437364
Epoch 575 Relative Error 0.0003977398155257106
Epoch 576 Relative Error 0.0004195694928057492
Epoch 577 Relative Error 0.0004237649554852396
Epoch 578 Relative Error 0.0004151837492827326
Epoch 579 Relative Error 0.00042375680641271174
Epoch 580 Relative Error 0.0004896176978945732
Epoch 581 Relative Error 0.00041794197750277817
Epoch 582 Relative Error 0.000451531755970791
Epoch 583 Relative Error 0.0004244206356815994
Epoch 584 Relative Error 0.0004721684381365776
Epoch 585 Relative Error 0.0003945555945392698
Epoch 586 Relative Error 0.0004254980885889381
Epoch 587 Relative Error 0.00047446548705920577
Epoch 588 Relative Error 0.0003664283431135118
Epoch 589 Relative Error 0.00041700308793224394
Epoch 590 Relative Error 0.0004259621782694012
Epoch 591 Relative Error 0.0004639917751774192
Epoch 592 Relative Error 0.0003628573613241315
Epoch 593 Relative Error 0.0005049624596722424
Epoch 594 Relative Error 0.00041114864870905876
Epoch 595 Relative Error 0.0004542236856650561
Epoch 596 Relative Error 0.00046031290548853576
Epoch 597 Relative Error 0.0004535857297014445
Epoch 598 Relative Error 0.0004477388574741781
Epoch 599 Relative Error 0.000490371196065098
Epoch 600 Relative Error 0.0004847825039178133
Epoch 601 Relative Error 0.0004943969543091953
Epoch 602 Relative Error 0.0004496836627367884
Epoch 603 Relative Error 0.0003779761027544737
Epoch 604 Relative Error 0.0004757967253681272
Epoch 605 Relative Error 0.00042898135143332183
Epoch 606 Relative Error 0.0003960980975534767
Epoch 607 Relative Error 0.00041645157034508884
Epoch 608 Relative Error 0.0004538042703643441
Epoch 609 Relative Error 0.0004114297917112708
Epoch 610 Relative Error 0.0005022404948249459
Epoch 611 Relative Error 0.0004465767997317016
Epoch 612 Relative Error 0.00044020425411872566
Epoch 613 Relative Error 0.0004377556615509093
Epoch 614 Relative Error 0.0004554878978524357
Epoch 615 Relative Error 0.0003364372532814741
Epoch 616 Relative Error 0.00038078203215263784
Epoch 617 Relative Error 0.00043342317803762853
Epoch 618 Relative Error 0.00040313744102604687
Epoch 619 Relative Error 0.0004304406465962529
Epoch 620 Relative Error 0.00035660373396240175
Epoch 621 Relative Error 0.0004202177806291729
Epoch 622 Relative Error 0.00036149530205875635
Epoch 623 Relative Error 0.0004177302762400359
Epoch 624 Relative Error 0.0003927032230421901
Epoch 625 Relative Error 0.00045566546032205224
Epoch 626 Relative Error 0.0004699449928011745
Epoch 627 Relative Error 0.0004248168261256069
Epoch 628 Relative Error 0.0004184940771665424
Epoch 629 Relative Error 0.00044003938091918826
Epoch 630 Relative Error 0.0003903858014382422
Epoch 631 Relative Error 0.00046038872096687555
Epoch 632 Relative Error 0.00045760441571474075
Epoch 633 Relative Error 0.0003899109724443406
Epoch 634 Relative Error 0.0004380586324259639
Epoch 635 Relative Error 0.0003828365879599005
Epoch 636 Relative Error 0.000442167220171541
Epoch 637 Relative Error 0.0004616873920895159
Epoch 638 Relative Error 0.00041548488661646843
Epoch 639 Relative Error 0.0005185053450986743
Epoch 640 Relative Error 0.00038796773878857493
Epoch 641 Relative Error 0.0004359037266112864
Epoch 642 Relative Error 0.0004905470996163785
Epoch 643 Relative Error 0.000452524924185127
Epoch 644 Relative Error 0.00045938650146126747
Epoch 645 Relative Error 0.00039456927333958447
Epoch 646 Relative Error 0.0004026300448458642
Epoch 647 Relative Error 0.0004459309275262058
Epoch 648 Relative Error 0.0003781178966164589
Epoch 649 Relative Error 0.0003992825513705611
Epoch 650 Relative Error 0.0005047399317845702
Epoch 651 Relative Error 0.0005389198195189238
Epoch 652 Relative Error 0.000530887336935848
Epoch 653 Relative Error 0.000584424240514636
Epoch 654 Relative Error 0.0005134173552505672
Epoch 655 Relative Error 0.0004915090976282954
Epoch 656 Relative Error 0.00043758886749856174
Epoch 657 Relative Error 0.00042055724770762026
Epoch 658 Relative Error 0.00039741845102980733
Epoch 659 Relative Error 0.0004147250729147345
Epoch 660 Relative Error 0.0005685714422725141
Epoch 661 Relative Error 0.0005491074407473207
Epoch 662 Relative Error 0.00044401726336218417
Epoch 663 Relative Error 0.00043181635555811226
Epoch 664 Relative Error 0.000431146560003981
Epoch 665 Relative Error 0.00043389081838540733
Epoch 666 Relative Error 0.0004263650916982442
Epoch 667 Relative Error 0.0004109452129341662
Epoch 668 Relative Error 0.00046766753075644374
Epoch 669 Relative Error 0.0003652975137811154
Epoch 670 Relative Error 0.00038309633964672685
Epoch 671 Relative Error 0.00040376605466008186
Epoch 672 Relative Error 0.0004430257831700146
Epoch 673 Relative Error 0.00037930518737994134
Epoch 674 Relative Error 0.0003938355657737702
Epoch 675 Relative Error 0.00042050855699926615
Epoch 676 Relative Error 0.0004488028644118458
Epoch 677 Relative Error 0.0004379531310405582
Epoch 678 Relative Error 0.0004315399273764342
Epoch 679 Relative Error 0.00042113507515750825
Epoch 680 Relative Error 0.000395623326767236
Epoch 681 Relative Error 0.00035444670356810093
Epoch 682 Relative Error 0.00039440346881747246
Epoch 683 Relative Error 0.0005386753473430872
Epoch 684 Relative Error 0.00048110244097188115
Epoch 685 Relative Error 0.0004967554705217481
Epoch 686 Relative Error 0.0005351025611162186
Epoch 687 Relative Error 0.0004426430386956781
Epoch 688 Relative Error 0.00045719879562966526
Epoch 689 Relative Error 0.00048309011617675424
Epoch 690 Relative Error 0.000510494108311832
Epoch 691 Relative Error 0.00047880224883556366
Epoch 692 Relative Error 0.0004447685496415943
Epoch 693 Relative Error 0.00047184957657009363
Epoch 694 Relative Error 0.00042346728150732815
Epoch 695 Relative Error 0.0004035566234961152
Epoch 696 Relative Error 0.000440032163169235
Epoch 697 Relative Error 0.0004477148177102208
Epoch 698 Relative Error 0.0004957698984071612
Epoch 699 Relative Error 0.0004566262650769204
Epoch 700 Relative Error 0.00041873284499160945
Epoch 701 Relative Error 0.000378718163119629
Epoch 702 Relative Error 0.00041944000986404717
Epoch 703 Relative Error 0.0004336595011409372
Epoch 704 Relative Error 0.0004396964213810861
Epoch 705 Relative Error 0.0003908132784999907
Epoch 706 Relative Error 0.00042511793435551226
Epoch 707 Relative Error 0.00034334123483859
Epoch 708 Relative Error 0.00041223023436032236
Epoch 709 Relative Error 0.0003981500049121678
Epoch 710 Relative Error 0.00042181514436379075
Epoch 711 Relative Error 0.0004182310658507049
Epoch 712 Relative Error 0.0003924335178453475
Epoch 713 Relative Error 0.0003570973640307784
Epoch 714 Relative Error 0.0004165500577073544
Epoch 715 Relative Error 0.0004048590490128845
Epoch 716 Relative Error 0.0004106268461328
Epoch 717 Relative Error 0.00043653821921907365
Epoch 718 Relative Error 0.00043118890607729554
Epoch 719 Relative Error 0.0004589199961628765
Epoch 720 Relative Error 0.0005153407109901309
Epoch 721 Relative Error 0.00041066418634727597
Epoch 722 Relative Error 0.0004832831327803433
Epoch 723 Relative Error 0.00042006949661299586
Epoch 724 Relative Error 0.00048299008631147444
Epoch 725 Relative Error 0.0004691550275310874
Epoch 726 Relative Error 0.0005295636365190148
Epoch 727 Relative Error 0.0005669363308697939
Epoch 728 Relative Error 0.0005895071080885828
Epoch 729 Relative Error 0.0006196406320668757
Epoch 730 Relative Error 0.0005751336575485766
Epoch 731 Relative Error 0.0005493757780641317
Epoch 732 Relative Error 0.0005524956504814327
Epoch 733 Relative Error 0.000548782292753458
Epoch 734 Relative Error 0.0004914666642434895
Epoch 735 Relative Error 0.000580215360969305
Epoch 736 Relative Error 0.0005954663502052426
Epoch 737 Relative Error 0.0005409205914475024
Epoch 738 Relative Error 0.0005024872370995581
Epoch 739 Relative Error 0.00043757451931014657
Epoch 740 Relative Error 0.0005176537088118494
Epoch 741 Relative Error 0.0004706141771748662
Epoch 742 Relative Error 0.0005352860316634178
Epoch 743 Relative Error 0.0005099092377349734
Epoch 744 Relative Error 0.0005192393437027931
Epoch 745 Relative Error 0.0005231056711636484
Epoch 746 Relative Error 0.0004880808701273054
Epoch 747 Relative Error 0.00045781731023453176
Epoch 748 Relative Error 0.0004919555503875017
Epoch 749 Relative Error 0.00037570923450402915
Epoch 750 Relative Error 0.0005311229615472257
Epoch 751 Relative Error 0.0004807023797184229
Epoch 752 Relative Error 0.0005367501289583743
Epoch 753 Relative Error 0.0004813158593606204
Epoch 754 Relative Error 0.0005597351118922234
Epoch 755 Relative Error 0.0006468829233199358
Epoch 756 Relative Error 0.0005882763070985675
Epoch 757 Relative Error 0.0006422265432775021
Epoch 758 Relative Error 0.0005622747703455389
Epoch 759 Relative Error 0.0006365329609252512
Epoch 760 Relative Error 0.0005116233951412141
Epoch 761 Relative Error 0.0004923769156448543
Epoch 762 Relative Error 0.00041911733569577336
Epoch 763 Relative Error 0.0005004655686207116
Epoch 764 Relative Error 0.000507642631419003
Epoch 765 Relative Error 0.0004216880479361862
Epoch 766 Relative Error 0.0005456655053421855
Epoch 767 Relative Error 0.0005122200818732381
Epoch 768 Relative Error 0.00047050879220478237
Epoch 769 Relative Error 0.0005074703949503601
Epoch 770 Relative Error 0.00047323087346740067
Epoch 771 Relative Error 0.00046631298027932644
Epoch 772 Relative Error 0.0004976015770807862
Epoch 773 Relative Error 0.00039286218816414475
Epoch 774 Relative Error 0.0004703956947196275
Epoch 775 Relative Error 0.0005304989754222333
Epoch 776 Relative Error 0.00044192050700075924
Epoch 777 Relative Error 0.0004093309980817139
Epoch 778 Relative Error 0.000473652733489871
Epoch 779 Relative Error 0.0005160780856385827
Epoch 780 Relative Error 0.00043719407403841615
Epoch 781 Relative Error 0.0004021192726213485
Epoch 782 Relative Error 0.0004275947285350412
Epoch 783 Relative Error 0.00046466500498354435
Epoch 784 Relative Error 0.0005275210714899004
Epoch 785 Relative Error 0.00043870729859918356
Epoch 786 Relative Error 0.00042977885459549725
Epoch 787 Relative Error 0.00044989262823946774
Epoch 788 Relative Error 0.0005291599663905799
Epoch 789 Relative Error 0.0006316673825494945
Epoch 790 Relative Error 0.0005342187359929085
Epoch 791 Relative Error 0.0004424876533448696
Epoch 792 Relative Error 0.0005481911357492208
Epoch 793 Relative Error 0.00042965690954588354
Epoch 794 Relative Error 0.000451157393399626
Epoch 795 Relative Error 0.0004173755878582597
Epoch 796 Relative Error 0.0004195502551738173
Epoch 797 Relative Error 0.0004083481035195291
Epoch 798 Relative Error 0.00047034406452439725
Epoch 799 Relative Error 0.00039371888851746917
Epoch 800 Relative Error 0.0004073475720360875
Epoch 801 Relative Error 0.0004602234112098813
Epoch 802 Relative Error 0.0004266441392246634
Epoch 803 Relative Error 0.0004839254543185234
Epoch 804 Relative Error 0.0003905498015228659
Epoch 805 Relative Error 0.0005455562495626509
Epoch 806 Relative Error 0.000475246284622699
Epoch 807 Relative Error 0.0004680631391238421
Epoch 808 Relative Error 0.00045116295223124325
Epoch 809 Relative Error 0.00039953229133971035
Epoch 810 Relative Error 0.00042982969898730516
Epoch 811 Relative Error 0.0004698015982285142
Epoch 812 Relative Error 0.0005156775005161762
Epoch 813 Relative Error 0.0005742596695199609
Epoch 814 Relative Error 0.0004566260031424463
Epoch 815 Relative Error 0.0005154272657819092
Epoch 816 Relative Error 0.0004460148047655821
Epoch 817 Relative Error 0.00043148521217517555
Epoch 818 Relative Error 0.0004778187721967697
Epoch 819 Relative Error 0.0004648505710065365
Epoch 820 Relative Error 0.0004027574323117733
Epoch 821 Relative Error 0.000454008171800524
Epoch 822 Relative Error 0.0004943482927046716
Epoch 823 Relative Error 0.0004900936619378626
Epoch 824 Relative Error 0.0005008371663279831
Epoch 825 Relative Error 0.0005519121186807752
Epoch 826 Relative Error 0.0005451634642668068
Epoch 827 Relative Error 0.0004703351587522775
Epoch 828 Relative Error 0.0004523782117757946
Epoch 829 Relative Error 0.00043205032125115395
Epoch 830 Relative Error 0.00043824801105074584
Epoch 831 Relative Error 0.0004132683970965445
Epoch 832 Relative Error 0.0004230676859151572
Epoch 833 Relative Error 0.0004361418541520834
Epoch 834 Relative Error 0.0004223671858198941
Epoch 835 Relative Error 0.0003744779678527266
Epoch 836 Relative Error 0.0004706884501501918
Epoch 837 Relative Error 0.000512083584908396
Epoch 838 Relative Error 0.0005224135820753872
Epoch 839 Relative Error 0.0005080259288661182
Epoch 840 Relative Error 0.0004632692434825003
Epoch 841 Relative Error 0.0004943045787513256
Epoch 842 Relative Error 0.0005319227930158377
Epoch 843 Relative Error 0.0004784126067534089
Epoch 844 Relative Error 0.0004728490312118083
Epoch 845 Relative Error 0.0004329186922404915
Epoch 846 Relative Error 0.0004665710439439863
Epoch 847 Relative Error 0.0004137067880947143
Epoch 848 Relative Error 0.0004311611701268703
Epoch 849 Relative Error 0.0004481041105464101
Epoch 850 Relative Error 0.0004265028110239655
Epoch 851 Relative Error 0.0004830970719922334
Epoch 852 Relative Error 0.0004795209097210318
Epoch 853 Relative Error 0.0005266949301585555
Epoch 854 Relative Error 0.00043101489427499473
Epoch 855 Relative Error 0.0006166308303363621
Epoch 856 Relative Error 0.0005253327544778585
Epoch 857 Relative Error 0.0004839621833525598
Epoch 858 Relative Error 0.0004509322461672127
Epoch 859 Relative Error 0.00038127656443975866
Epoch 860 Relative Error 0.00044005032395944
Epoch 861 Relative Error 0.0004173610359430313
Epoch 862 Relative Error 0.0004524177056737244
Epoch 863 Relative Error 0.0004957572091370821
Epoch 864 Relative Error 0.0005471601034514606
Epoch 865 Relative Error 0.00047824543435126543
Epoch 866 Relative Error 0.0004914231831207871
Epoch 867 Relative Error 0.00045058882096782327
Epoch 868 Relative Error 0.0004485802783165127
Epoch 869 Relative Error 0.00036652025301009417
Epoch 870 Relative Error 0.0004106025444343686
Epoch 871 Relative Error 0.0003509192611090839
Epoch 872 Relative Error 0.00039201826439239085
Epoch 873 Relative Error 0.00041931652231141925
Epoch 874 Relative Error 0.0004491755971685052
Epoch 875 Relative Error 0.00048259267350658774
Epoch 876 Relative Error 0.0004310547956265509
Epoch 877 Relative Error 0.000543261063285172
Epoch 878 Relative Error 0.00042422907426953316
Epoch 879 Relative Error 0.0005222918116487563
Epoch 880 Relative Error 0.00047843140782788396
Epoch 881 Relative Error 0.00048542983131483197
Epoch 882 Relative Error 0.0005613896646536887
Epoch 883 Relative Error 0.0004501611983869225
Epoch 884 Relative Error 0.0004311996162869036
Epoch 885 Relative Error 0.0005330881685949862
Epoch 886 Relative Error 0.0004916393081657588
Epoch 887 Relative Error 0.00047538557555526495
Epoch 888 Relative Error 0.00042467802995815873
Epoch 889 Relative Error 0.0003847568586934358
Epoch 890 Relative Error 0.00041904504178091884
Epoch 891 Relative Error 0.000428960396675393
Epoch 892 Relative Error 0.0003945290227420628
Epoch 893 Relative Error 0.0004479978233575821
Epoch 894 Relative Error 0.0004406571970321238
Epoch 895 Relative Error 0.000407510029617697
Epoch 896 Relative Error 0.0004080267099197954
Epoch 897 Relative Error 0.0003878059214912355
Epoch 898 Relative Error 0.00034882905310951173
Epoch 899 Relative Error 0.0004368097288534045
Epoch 900 Relative Error 0.00041228800546377897
Epoch 901 Relative Error 0.0003898512222804129
Epoch 902 Relative Error 0.0003375619708094746
Epoch 903 Relative Error 0.0004722694866359234
Epoch 904 Relative Error 0.0004990905872546136
Epoch 905 Relative Error 0.00046894160914234817
Epoch 906 Relative Error 0.0005805782857351005
Epoch 907 Relative Error 0.0006064876797609031
Epoch 908 Relative Error 0.0005672609549947083
Epoch 909 Relative Error 0.00045389370643533766
Epoch 910 Relative Error 0.000503220537211746
Epoch 911 Relative Error 0.0004940945073030889
Epoch 912 Relative Error 0.00040792583604343235
Epoch 913 Relative Error 0.0004866950330324471
Epoch 914 Relative Error 0.00044626195449382067
Epoch 915 Relative Error 0.00046376173850148916
Epoch 916 Relative Error 0.0004719944263342768
Epoch 917 Relative Error 0.0003728310111910105
Epoch 918 Relative Error 0.00039135865517891943
Epoch 919 Relative Error 0.00037544118822552264
Epoch 920 Relative Error 0.0004014555015601218
Epoch 921 Relative Error 0.00041076471097767353
Epoch 922 Relative Error 0.0003381980932317674
Epoch 923 Relative Error 0.000365309213520959
Epoch 924 Relative Error 0.00041743912152014673
Epoch 925 Relative Error 0.00036903045838698745
Epoch 926 Relative Error 0.0003787522146012634
Epoch 927 Relative Error 0.00044873199658468366
Epoch 928 Relative Error 0.0004949629073962569
Epoch 929 Relative Error 0.00042743736412376165
Epoch 930 Relative Error 0.0004335064732003957
Epoch 931 Relative Error 0.0004202427517157048
Epoch 932 Relative Error 0.00046572068822570145
Epoch 933 Relative Error 0.0005222108447924256
Epoch 934 Relative Error 0.000386509345844388
Epoch 935 Relative Error 0.00043012993410229683
Epoch 936 Relative Error 0.000451281841378659
Epoch 937 Relative Error 0.0004608028684742749
Epoch 938 Relative Error 0.00041680343565531075
Epoch 939 Relative Error 0.0004591604811139405
Epoch 940 Relative Error 0.0004681152349803597
Epoch 941 Relative Error 0.00044982394319958985
Epoch 942 Relative Error 0.00044730285299010575
Epoch 943 Relative Error 0.00046041852328926325
Epoch 944 Relative Error 0.0004316118429414928
Epoch 945 Relative Error 0.000416169612435624
Epoch 946 Relative Error 0.0004196693771518767
Epoch 947 Relative Error 0.0003693832259159535
Epoch 948 Relative Error 0.00046159367775544524
Epoch 949 Relative Error 0.000391374429455027
Epoch 950 Relative Error 0.0004161468823440373
Epoch 951 Relative Error 0.00037784050800837576
Epoch 952 Relative Error 0.00035428436240181327
Epoch 953 Relative Error 0.0004330380470491946
Epoch 954 Relative Error 0.00037051941035315394
Epoch 955 Relative Error 0.00037810724461451173
Epoch 956 Relative Error 0.0004237063694745302
Epoch 957 Relative Error 0.0004392669361550361
Epoch 958 Relative Error 0.00047590158646926284
Epoch 959 Relative Error 0.00041988870361819863
Epoch 960 Relative Error 0.00039440771797671914
Epoch 961 Relative Error 0.00037866970524191856
Epoch 962 Relative Error 0.000490712933242321
Epoch 963 Relative Error 0.0004700809658970684
Epoch 964 Relative Error 0.00046837670379318297
Epoch 965 Relative Error 0.00045920483535155654
Epoch 966 Relative Error 0.00043785860179923475
Epoch 967 Relative Error 0.0004684890154749155
Epoch 968 Relative Error 0.00044184172293171287
Epoch 969 Relative Error 0.0004215388325974345
Epoch 970 Relative Error 0.00043675638153217733
Epoch 971 Relative Error 0.0004803400079254061
Epoch 972 Relative Error 0.00043797711259685457
Epoch 973 Relative Error 0.0004554378683678806
Epoch 974 Relative Error 0.0003647998091764748
Epoch 975 Relative Error 0.0004201317497063428
Epoch 976 Relative Error 0.0004572819161694497
Epoch 977 Relative Error 0.0004397648444864899
Epoch 978 Relative Error 0.000405045022489503
Epoch 979 Relative Error 0.0004418061871547252
Epoch 980 Relative Error 0.0003619127382989973
Epoch 981 Relative Error 0.00039700669003650546
Epoch 982 Relative Error 0.00045657181181013584
Epoch 983 Relative Error 0.00038053965545259416
Epoch 984 Relative Error 0.00041331577813252807
Epoch 985 Relative Error 0.0004969274159520864
Epoch 986 Relative Error 0.0004004150105174631
Epoch 987 Relative Error 0.0004222312127240002
Epoch 988 Relative Error 0.0004742743039969355
Epoch 989 Relative Error 0.0003743535780813545
Epoch 990 Relative Error 0.0004746581253129989
Epoch 991 Relative Error 0.0004567875002976507
Epoch 992 Relative Error 0.000487932818941772
Epoch 993 Relative Error 0.0005235155113041401
Epoch 994 Relative Error 0.00046063889749348164
Epoch 995 Relative Error 0.0004729934735223651
Epoch 996 Relative Error 0.000417785020545125
Epoch 997 Relative Error 0.0004073197196703404
Epoch 998 Relative Error 0.00042712982394732535
Epoch 999 Relative Error 0.0004573639016598463
Epoch 1000 Relative Error 0.0004669397312682122
RE (1, 5, 0, 0): 0.0003168464172631502
Green's Function RE (1, 5, 0, 0): 0.9834527373313904
Bias Term RE (1, 5, 0, 0): 0.8966046571731567
Combination (1, 5, 0, 0, 0): 0.9755317568778992
Combination (1, 5, 0, 0, 1): 0.9756661057472229
Combination (1, 5, 0, 0, 2): 0.9759843349456787
Combination (1, 5, 0, 0, 3): 0.9760765433311462
Combination (1, 5, 0, 0, 4): 0.9761228561401367

/home/gridsan/gstepaniants/.local/lib/python3.8/site-packages/torch/functional.py:478: UserWarning: torch.meshgrid: in an upcoming release, it will be required to pass the indexing argument. (Triggered internally at  ../aten/src/ATen/native/TensorShape.cpp:2895.)
  return _VF.meshgrid(tensors, **kwargs)  # type: ignore[attr-defined]
