[KeOps] Warning : Cuda libraries were not detected on the system ; using cpu only mode
1
Kernel: Matern5/2
Weight Mesh: 100
RKHS Kernel Width: 0.05
Lambda: 1e-06
Green's Function Learning Rate: 100
Bias Term Learning Rate: 100
Epoch 1 Relative Error 13330.5234375
First epoch had re = 13330.5234375 > 1
Green's Function Learning Rate: 50
Bias Term Learning Rate: 50
Epoch 1 Relative Error 5040.2451171875
First epoch had re = 5040.2451171875 > 1
Green's Function Learning Rate: 10
Bias Term Learning Rate: 10
Epoch 1 Relative Error 1093.3717041015625
First epoch had re = 1093.3717041015625 > 1
Green's Function Learning Rate: 5
Bias Term Learning Rate: 5
Epoch 1 Relative Error 683.0004272460938
First epoch had re = 683.0004272460938 > 1
Green's Function Learning Rate: 1
Bias Term Learning Rate: 1
Epoch 1 Relative Error 127.98399353027344
First epoch had re = 127.98399353027344 > 1
Green's Function Learning Rate: 0.5
Bias Term Learning Rate: 0.5
Epoch 1 Relative Error 59.662139892578125
First epoch had re = 59.662139892578125 > 1
Green's Function Learning Rate: 0.1
Bias Term Learning Rate: 0.1
Epoch 1 Relative Error 11.222607612609863
First epoch had re = 11.222607612609863 > 1
Green's Function Learning Rate: 0.05
Bias Term Learning Rate: 0.05
Epoch 1 Relative Error 6.735167503356934
First epoch had re = 6.735167503356934 > 1
Green's Function Learning Rate: 0.01
Bias Term Learning Rate: 0.01
Epoch 1 Relative Error 1.3340450525283813
First epoch had re = 1.3340450525283813 > 1
Green's Function Learning Rate: 0.005
Bias Term Learning Rate: 0.005
Epoch 1 Relative Error 0.6718988418579102
Epoch 2 Relative Error 0.6739367842674255
Epoch 3 Relative Error 0.5611213445663452
Epoch 4 Relative Error 0.35915160179138184
Epoch 5 Relative Error 0.31660589575767517
Epoch 6 Relative Error 0.2584911286830902
Epoch 7 Relative Error 0.20233362913131714
Epoch 8 Relative Error 0.1705790013074875
Epoch 9 Relative Error 0.10237740725278854
Epoch 10 Relative Error 0.09892081469297409
Epoch 11 Relative Error 0.07159748673439026
Epoch 12 Relative Error 0.0718315914273262
Epoch 13 Relative Error 0.06132614240050316
Epoch 14 Relative Error 0.044496867805719376
Epoch 15 Relative Error 0.03764393553137779
Epoch 16 Relative Error 0.030807502567768097
Epoch 17 Relative Error 0.02760292962193489
Epoch 18 Relative Error 0.024939293041825294
Epoch 19 Relative Error 0.023451393470168114
Epoch 20 Relative Error 0.022663962095975876
Epoch 21 Relative Error 0.021727757528424263
Epoch 22 Relative Error 0.02127177082002163
Epoch 23 Relative Error 0.020801372826099396
Epoch 24 Relative Error 0.020308908075094223
Epoch 25 Relative Error 0.019838595762848854
Epoch 26 Relative Error 0.019528131932020187
Epoch 27 Relative Error 0.01921979710459709
Epoch 28 Relative Error 0.018908852711319923
Epoch 29 Relative Error 0.018597368150949478
Epoch 30 Relative Error 0.01837564818561077
Epoch 31 Relative Error 0.018151480704545975
Epoch 32 Relative Error 0.01790735498070717
Epoch 33 Relative Error 0.017681602388620377
Epoch 34 Relative Error 0.017460785806179047
Epoch 35 Relative Error 0.017276428639888763
Epoch 36 Relative Error 0.017093749716877937
Epoch 37 Relative Error 0.016893040388822556
Epoch 38 Relative Error 0.016723040491342545
Epoch 39 Relative Error 0.016531264409422874
Epoch 40 Relative Error 0.016389723867177963
Epoch 41 Relative Error 0.016213195398449898
Epoch 42 Relative Error 0.0160426776856184
Epoch 43 Relative Error 0.015898387879133224
Epoch 44 Relative Error 0.015755120664834976
Epoch 45 Relative Error 0.01558948028832674
Epoch 46 Relative Error 0.01545264758169651
Epoch 47 Relative Error 0.01534958090633154
Epoch 48 Relative Error 0.015187826007604599
Epoch 49 Relative Error 0.015084220096468925
Epoch 50 Relative Error 0.01494755782186985
Epoch 51 Relative Error 0.014820815995335579
Epoch 52 Relative Error 0.01472253818064928
Epoch 53 Relative Error 0.014583995565772057
Epoch 54 Relative Error 0.014492933638393879
Epoch 55 Relative Error 0.014363465830683708
Epoch 56 Relative Error 0.014259968884289265
Epoch 57 Relative Error 0.014170738868415356
Epoch 58 Relative Error 0.014059237204492092
Epoch 59 Relative Error 0.01396134402602911
Epoch 60 Relative Error 0.013880402781069279
Epoch 61 Relative Error 0.013762098737061024
Epoch 62 Relative Error 0.01366700790822506
Epoch 63 Relative Error 0.013591642491519451
Epoch 64 Relative Error 0.013494143262505531
Epoch 65 Relative Error 0.01341108325868845
Epoch 66 Relative Error 0.013331301510334015
Epoch 67 Relative Error 0.013249495066702366
Epoch 68 Relative Error 0.01315296720713377
Epoch 69 Relative Error 0.013083583675324917
Epoch 70 Relative Error 0.013006100431084633
Epoch 71 Relative Error 0.012931209988892078
Epoch 72 Relative Error 0.012850903905928135
Epoch 73 Relative Error 0.012767673470079899
Epoch 74 Relative Error 0.012707825750112534
Epoch 75 Relative Error 0.01262261625379324
Epoch 76 Relative Error 0.012555023655295372
Epoch 77 Relative Error 0.012496456503868103
Epoch 78 Relative Error 0.012433947063982487
Epoch 79 Relative Error 0.012354269623756409
Epoch 80 Relative Error 0.012312343344092369
Epoch 81 Relative Error 0.01223710086196661
Epoch 82 Relative Error 0.012165896594524384
Epoch 83 Relative Error 0.012104136869311333
Epoch 84 Relative Error 0.012042957358062267
Epoch 85 Relative Error 0.011986481957137585
Epoch 86 Relative Error 0.011930879205465317
Epoch 87 Relative Error 0.011885730549693108
Epoch 88 Relative Error 0.011823379434645176
Epoch 89 Relative Error 0.011777867563068867
Epoch 90 Relative Error 0.011707508936524391
Epoch 91 Relative Error 0.011652491986751556
Epoch 92 Relative Error 0.011613641865551472
Epoch 93 Relative Error 0.011550838127732277
Epoch 94 Relative Error 0.011490309610962868
Epoch 95 Relative Error 0.01144686434417963
Epoch 96 Relative Error 0.011416119523346424
Epoch 97 Relative Error 0.011351166293025017
Epoch 98 Relative Error 0.011294489726424217
Epoch 99 Relative Error 0.011247511953115463
Epoch 100 Relative Error 0.011213282123208046
Epoch 101 Relative Error 0.011149449273943901
Epoch 102 Relative Error 0.011125405319035053
Epoch 103 Relative Error 0.011071383021771908
Epoch 104 Relative Error 0.011035067029297352
Epoch 105 Relative Error 0.010970494709908962
Epoch 106 Relative Error 0.010938500985503197
Epoch 107 Relative Error 0.010895534418523312
Epoch 108 Relative Error 0.010845500975847244
Epoch 109 Relative Error 0.01080259494483471
Epoch 110 Relative Error 0.01077403873205185
Epoch 111 Relative Error 0.010716872289776802
Epoch 112 Relative Error 0.010683577507734299
Epoch 113 Relative Error 0.010654684156179428
Epoch 114 Relative Error 0.010610097087919712
Epoch 115 Relative Error 0.010567727498710155
Epoch 116 Relative Error 0.010528931394219398
Epoch 117 Relative Error 0.010492134839296341
Epoch 118 Relative Error 0.010465697385370731
Epoch 119 Relative Error 0.010425053536891937
Epoch 120 Relative Error 0.010373295284807682
Epoch 121 Relative Error 0.01035056822001934
Epoch 122 Relative Error 0.010321210138499737
Epoch 123 Relative Error 0.010288979858160019
Epoch 124 Relative Error 0.01025323010981083
Epoch 125 Relative Error 0.010224022902548313
Epoch 126 Relative Error 0.010190855711698532
Epoch 127 Relative Error 0.01014386210590601
Epoch 128 Relative Error 0.010128069669008255
Epoch 129 Relative Error 0.010090547613799572
Epoch 130 Relative Error 0.010075341910123825
Epoch 131 Relative Error 0.010044916532933712
Epoch 132 Relative Error 0.010002555325627327
Epoch 133 Relative Error 0.009967547841370106
Epoch 134 Relative Error 0.009925231337547302
Epoch 135 Relative Error 0.009898139163851738
Epoch 136 Relative Error 0.009864136576652527
Epoch 137 Relative Error 0.009844934567809105
Epoch 138 Relative Error 0.009824033826589584
Epoch 139 Relative Error 0.00978093035519123
Epoch 140 Relative Error 0.009751481004059315
Epoch 141 Relative Error 0.009724803268909454
Epoch 142 Relative Error 0.009701849892735481
Epoch 143 Relative Error 0.009681705385446548
Epoch 144 Relative Error 0.009646372869610786
Epoch 145 Relative Error 0.009637379087507725
Epoch 146 Relative Error 0.009588958695530891
Epoch 147 Relative Error 0.009559046477079391
Epoch 148 Relative Error 0.009535831399261951
Epoch 149 Relative Error 0.00950866099447012
Epoch 150 Relative Error 0.009484924376010895
Epoch 151 Relative Error 0.00946731399744749
Epoch 152 Relative Error 0.009442233480513096
Epoch 153 Relative Error 0.00940464623272419
Epoch 154 Relative Error 0.009395301342010498
Epoch 155 Relative Error 0.009356506168842316
Epoch 156 Relative Error 0.009340353310108185
Epoch 157 Relative Error 0.009312424808740616
Epoch 158 Relative Error 0.00929175689816475
Epoch 159 Relative Error 0.009259608574211597
Epoch 160 Relative Error 0.009236522018909454
Epoch 161 Relative Error 0.00921888742595911
Epoch 162 Relative Error 0.009193035773932934
Epoch 163 Relative Error 0.009169111959636211
Epoch 164 Relative Error 0.009146285243332386
Epoch 165 Relative Error 0.00912886206060648
Epoch 166 Relative Error 0.009108932688832283
Epoch 167 Relative Error 0.009097814559936523
Epoch 168 Relative Error 0.009059391915798187
Epoch 169 Relative Error 0.009043306112289429
Epoch 170 Relative Error 0.009021034464240074
Epoch 171 Relative Error 0.009012496098876
Epoch 172 Relative Error 0.00899581890553236
Epoch 173 Relative Error 0.008965966291725636
Epoch 174 Relative Error 0.008938508108258247
Epoch 175 Relative Error 0.008923091925680637
Epoch 176 Relative Error 0.008896902203559875
Epoch 177 Relative Error 0.008876348845660686
Epoch 178 Relative Error 0.008856939151883125
Epoch 179 Relative Error 0.008829399012029171
Epoch 180 Relative Error 0.008812843821942806
Epoch 181 Relative Error 0.008790024556219578
Epoch 182 Relative Error 0.008785645477473736
Epoch 183 Relative Error 0.008747955784201622
Epoch 184 Relative Error 0.008740709163248539
Epoch 185 Relative Error 0.008710711263120174
Epoch 186 Relative Error 0.008695697411894798
Epoch 187 Relative Error 0.008687406778335571
Epoch 188 Relative Error 0.008657359518110752
Epoch 189 Relative Error 0.00864476803690195
Epoch 190 Relative Error 0.008628485724329948
Epoch 191 Relative Error 0.00860717985779047
Epoch 192 Relative Error 0.008592833764851093
Epoch 193 Relative Error 0.008568520657718182
Epoch 194 Relative Error 0.008567512966692448
Epoch 195 Relative Error 0.008542519062757492
Epoch 196 Relative Error 0.008533202111721039
Epoch 197 Relative Error 0.00851289089769125
Epoch 198 Relative Error 0.008498153649270535
Epoch 199 Relative Error 0.008490553125739098
Epoch 200 Relative Error 0.008459780365228653
Epoch 201 Relative Error 0.008431206457316875
Epoch 202 Relative Error 0.008434400893747807
Epoch 203 Relative Error 0.008403497748076916
Epoch 204 Relative Error 0.008402512408792973
Epoch 205 Relative Error 0.008389623835682869
Epoch 206 Relative Error 0.008346754126250744
Epoch 207 Relative Error 0.00833879690617323
Epoch 208 Relative Error 0.008324174210429192
Epoch 209 Relative Error 0.0083063505589962
Epoch 210 Relative Error 0.008293951861560345
Epoch 211 Relative Error 0.00827630516141653
Epoch 212 Relative Error 0.00826325360685587
Epoch 213 Relative Error 0.008242588490247726
Epoch 214 Relative Error 0.008236964233219624
Epoch 215 Relative Error 0.008215879090130329
Epoch 216 Relative Error 0.008203627541661263
Epoch 217 Relative Error 0.008176584728062153
Epoch 218 Relative Error 0.008176605217158794
Epoch 219 Relative Error 0.008153572678565979
Epoch 220 Relative Error 0.008134176023304462
Epoch 221 Relative Error 0.00812825933098793
Epoch 222 Relative Error 0.008112658746540546
Epoch 223 Relative Error 0.008090616203844547
Epoch 224 Relative Error 0.00807586032897234
Epoch 225 Relative Error 0.008062439039349556
Epoch 226 Relative Error 0.008049912750720978
Epoch 227 Relative Error 0.008050836622714996
Epoch 228 Relative Error 0.008027954027056694
Epoch 229 Relative Error 0.008016873151063919
Epoch 230 Relative Error 0.007998142391443253
Epoch 231 Relative Error 0.007984881289303303
Epoch 232 Relative Error 0.007975053042173386
Epoch 233 Relative Error 0.007953624241054058
Epoch 234 Relative Error 0.007941343821585178
Epoch 235 Relative Error 0.00792807899415493
Epoch 236 Relative Error 0.007911602035164833
Epoch 237 Relative Error 0.007905186153948307
Epoch 238 Relative Error 0.007895119488239288
Epoch 239 Relative Error 0.007880764082074165
Epoch 240 Relative Error 0.007869764231145382
Epoch 241 Relative Error 0.007845844142138958
Epoch 242 Relative Error 0.007840522564947605
Epoch 243 Relative Error 0.007819614373147488
Epoch 244 Relative Error 0.007817071862518787
Epoch 245 Relative Error 0.007801361847668886
Epoch 246 Relative Error 0.007789704017341137
Epoch 247 Relative Error 0.00778784416615963
Epoch 248 Relative Error 0.007775035686790943
Epoch 249 Relative Error 0.007748304400593042
Epoch 250 Relative Error 0.007749747019261122
Epoch 251 Relative Error 0.007729235105216503
Epoch 252 Relative Error 0.007721483241766691
Epoch 253 Relative Error 0.007712056860327721
Epoch 254 Relative Error 0.007690009195357561
Epoch 255 Relative Error 0.007689245510846376
Epoch 256 Relative Error 0.0076639167964458466
Epoch 257 Relative Error 0.007662518881261349
Epoch 258 Relative Error 0.0076523046009242535
Epoch 259 Relative Error 0.007635274901986122
Epoch 260 Relative Error 0.007634298875927925
Epoch 261 Relative Error 0.007617666386067867
Epoch 262 Relative Error 0.007606469094753265
Epoch 263 Relative Error 0.007591887377202511
Epoch 264 Relative Error 0.007576997857540846
Epoch 265 Relative Error 0.007576672825962305
Epoch 266 Relative Error 0.007552081719040871
Epoch 267 Relative Error 0.0075444551184773445
Epoch 268 Relative Error 0.007526572328060865
Epoch 269 Relative Error 0.007526817265897989
Epoch 270 Relative Error 0.007509064394980669
Epoch 271 Relative Error 0.007503677159547806
Epoch 272 Relative Error 0.007491676602512598
Epoch 273 Relative Error 0.007486309390515089
Epoch 274 Relative Error 0.007487367372959852
Epoch 275 Relative Error 0.007466863840818405
Epoch 276 Relative Error 0.007459485437721014
Epoch 277 Relative Error 0.007451147772371769
Epoch 278 Relative Error 0.007454310078173876
Epoch 279 Relative Error 0.00742910522967577
Epoch 280 Relative Error 0.007417155429720879
Epoch 281 Relative Error 0.007400499656796455
Epoch 282 Relative Error 0.007383652962744236
Epoch 283 Relative Error 0.007366951555013657
Epoch 284 Relative Error 0.007357301656156778
Epoch 285 Relative Error 0.007350428495556116
Epoch 286 Relative Error 0.007337319198995829
Epoch 287 Relative Error 0.007337043061852455
Epoch 288 Relative Error 0.007332789711654186
Epoch 289 Relative Error 0.007328232750296593
Epoch 290 Relative Error 0.007316103205084801
Epoch 291 Relative Error 0.0073098731227219105
Epoch 292 Relative Error 0.007311707362532616
Epoch 293 Relative Error 0.007291445974260569
Epoch 294 Relative Error 0.00728817842900753
Epoch 295 Relative Error 0.007256744895130396
Epoch 296 Relative Error 0.00725599518045783
Epoch 297 Relative Error 0.00723756430670619
Epoch 298 Relative Error 0.007234637625515461
Epoch 299 Relative Error 0.0072127655148506165
Epoch 300 Relative Error 0.007219168357551098
Epoch 301 Relative Error 0.00719588715583086
Epoch 302 Relative Error 0.007183627691119909
Epoch 303 Relative Error 0.007187459152191877
Epoch 304 Relative Error 0.007169036660343409
Epoch 305 Relative Error 0.007163085043430328
Epoch 306 Relative Error 0.007150720804929733
Epoch 307 Relative Error 0.007142200134694576
Epoch 308 Relative Error 0.007143112830817699
Epoch 309 Relative Error 0.0071275196969509125
Epoch 310 Relative Error 0.007117078173905611
Epoch 311 Relative Error 0.007104156073182821
Epoch 312 Relative Error 0.007100922521203756
Epoch 313 Relative Error 0.007093086838722229
Epoch 314 Relative Error 0.007085578050464392
Epoch 315 Relative Error 0.0070708319544792175
Epoch 316 Relative Error 0.007065485697239637
Epoch 317 Relative Error 0.0070569259114563465
Epoch 318 Relative Error 0.007058607414364815
Epoch 319 Relative Error 0.00705491378903389
Epoch 320 Relative Error 0.0070341359823942184
Epoch 321 Relative Error 0.007046803366392851
Epoch 322 Relative Error 0.007025456987321377
Epoch 323 Relative Error 0.007014524191617966
Epoch 324 Relative Error 0.0070136431604623795
Epoch 325 Relative Error 0.0069978307001292706
Epoch 326 Relative Error 0.006991986185312271
Epoch 327 Relative Error 0.006982263643294573
Epoch 328 Relative Error 0.00697477487847209
Epoch 329 Relative Error 0.0069643170572817326
Epoch 330 Relative Error 0.0069529213942587376
Epoch 331 Relative Error 0.006936755962669849
Epoch 332 Relative Error 0.006935021840035915
Epoch 333 Relative Error 0.006929992698132992
Epoch 334 Relative Error 0.0069289118982851505
Epoch 335 Relative Error 0.006905684247612953
Epoch 336 Relative Error 0.006895469501614571
Epoch 337 Relative Error 0.006893857382237911
Epoch 338 Relative Error 0.006885640788823366
Epoch 339 Relative Error 0.00688236765563488
Epoch 340 Relative Error 0.00689103314653039
Epoch 341 Relative Error 0.006868710275739431
Epoch 342 Relative Error 0.006858396343886852
Epoch 343 Relative Error 0.006851553451269865
Epoch 344 Relative Error 0.006849673576653004
Epoch 345 Relative Error 0.006833817809820175
Epoch 346 Relative Error 0.0068234470672905445
Epoch 347 Relative Error 0.006821559742093086
Epoch 348 Relative Error 0.006810779217630625
Epoch 349 Relative Error 0.006802065297961235
Epoch 350 Relative Error 0.006802248302847147
Epoch 351 Relative Error 0.006785337347537279
Epoch 352 Relative Error 0.006790020037442446
Epoch 353 Relative Error 0.006778018083423376
Epoch 354 Relative Error 0.006761080585420132
Epoch 355 Relative Error 0.0067626419477164745
Epoch 356 Relative Error 0.006745325867086649
Epoch 357 Relative Error 0.006742972880601883
Epoch 358 Relative Error 0.006733364425599575
Epoch 359 Relative Error 0.006733475718647242
Epoch 360 Relative Error 0.006730294320732355
Epoch 361 Relative Error 0.006718633230775595
Epoch 362 Relative Error 0.006710162851959467
Epoch 363 Relative Error 0.006701183971017599
Epoch 364 Relative Error 0.0066984426230192184
Epoch 365 Relative Error 0.0066902730613946915
Epoch 366 Relative Error 0.006682592444121838
Epoch 367 Relative Error 0.0066805025562644005
Epoch 368 Relative Error 0.006674833595752716
Epoch 369 Relative Error 0.006657104007899761
Epoch 370 Relative Error 0.006655597127974033
Epoch 371 Relative Error 0.0066481688991189
Epoch 372 Relative Error 0.006642530672252178
Epoch 373 Relative Error 0.006664628628641367
Epoch 374 Relative Error 0.006631002761423588
Epoch 375 Relative Error 0.006622137501835823
Epoch 376 Relative Error 0.006614319980144501
Epoch 377 Relative Error 0.006602779030799866
Epoch 378 Relative Error 0.006593063473701477
Epoch 379 Relative Error 0.006593880243599415
Epoch 380 Relative Error 0.006584900431334972
Epoch 381 Relative Error 0.006575285457074642
Epoch 382 Relative Error 0.006568562239408493
Epoch 383 Relative Error 0.006562433671206236
Epoch 384 Relative Error 0.006559252273291349
Epoch 385 Relative Error 0.006555784493684769
Epoch 386 Relative Error 0.0065483348444104195
Epoch 387 Relative Error 0.006534446030855179
Epoch 388 Relative Error 0.0065290420316159725
Epoch 389 Relative Error 0.006529086269438267
Epoch 390 Relative Error 0.006522113457322121
Epoch 391 Relative Error 0.006528665777295828
Epoch 392 Relative Error 0.0065162633545696735
Epoch 393 Relative Error 0.006507027428597212
Epoch 394 Relative Error 0.006495264824479818
Epoch 395 Relative Error 0.0064896708354353905
Epoch 396 Relative Error 0.006476862821727991
Epoch 397 Relative Error 0.006475464440882206
Epoch 398 Relative Error 0.006467857863754034
Epoch 399 Relative Error 0.006463092751801014
Epoch 400 Relative Error 0.006461896933615208
Epoch 401 Relative Error 0.00645529106259346
Epoch 402 Relative Error 0.00645177299156785
Epoch 403 Relative Error 0.006447732914239168
Epoch 404 Relative Error 0.006447720807045698
Epoch 405 Relative Error 0.006425871513783932
Epoch 406 Relative Error 0.006424278020858765
Epoch 407 Relative Error 0.00642173970118165
Epoch 408 Relative Error 0.006409281399101019
Epoch 409 Relative Error 0.006408901885151863
Epoch 410 Relative Error 0.006396858487278223
Epoch 411 Relative Error 0.0064110239036381245
Epoch 412 Relative Error 0.006392701528966427
Epoch 413 Relative Error 0.006400011479854584
Epoch 414 Relative Error 0.00639580050483346
Epoch 415 Relative Error 0.006371988914906979
Epoch 416 Relative Error 0.006363944616168737
Epoch 417 Relative Error 0.006362651474773884
Epoch 418 Relative Error 0.006353867705911398
Epoch 419 Relative Error 0.006340934429317713
Epoch 420 Relative Error 0.006341163069009781
Epoch 421 Relative Error 0.006333052180707455
Epoch 422 Relative Error 0.0063324784860014915
Epoch 423 Relative Error 0.006328957621008158
Epoch 424 Relative Error 0.006321853958070278
Epoch 425 Relative Error 0.006317202467471361
Epoch 426 Relative Error 0.006301898509263992
Epoch 427 Relative Error 0.006299312226474285
Epoch 428 Relative Error 0.006292451173067093
Epoch 429 Relative Error 0.006285395473241806
Epoch 430 Relative Error 0.0062850951217114925
Epoch 431 Relative Error 0.006278117187321186
Epoch 432 Relative Error 0.0062801046296954155
Epoch 433 Relative Error 0.006275285501033068
Epoch 434 Relative Error 0.006263193674385548
Epoch 435 Relative Error 0.006259814836084843
Epoch 436 Relative Error 0.0062534562312066555
Epoch 437 Relative Error 0.0062467376701533794
Epoch 438 Relative Error 0.006247013807296753
Epoch 439 Relative Error 0.006240202113986015
Epoch 440 Relative Error 0.006239656358957291
Epoch 441 Relative Error 0.006218342576175928
Epoch 442 Relative Error 0.006221435032784939
Epoch 443 Relative Error 0.006219582632184029
Epoch 444 Relative Error 0.006213430315256119
Epoch 445 Relative Error 0.006208112929016352
Epoch 446 Relative Error 0.006200497969985008
Epoch 447 Relative Error 0.006199069321155548
Epoch 448 Relative Error 0.00621091527864337
Epoch 449 Relative Error 0.006200081203132868
Epoch 450 Relative Error 0.006196506787091494
Epoch 451 Relative Error 0.006210887338966131
Epoch 452 Relative Error 0.006183657329529524
Epoch 453 Relative Error 0.00616469094529748
Epoch 454 Relative Error 0.006169515196233988
Epoch 455 Relative Error 0.006167956627905369
Epoch 456 Relative Error 0.0061528682708740234
Epoch 457 Relative Error 0.006158654112368822
Epoch 458 Relative Error 0.0061374506913125515
Epoch 459 Relative Error 0.006134840659797192
Epoch 460 Relative Error 0.006123820785433054
Epoch 461 Relative Error 0.006121458951383829
Epoch 462 Relative Error 0.006115364842116833
Epoch 463 Relative Error 0.006116082426160574
Epoch 464 Relative Error 0.0060984231531620026
Epoch 465 Relative Error 0.006097590550780296
Epoch 466 Relative Error 0.0060983276925981045
Epoch 467 Relative Error 0.006092310883104801
Epoch 468 Relative Error 0.006081350147724152
Epoch 469 Relative Error 0.006078906822949648
Epoch 470 Relative Error 0.006080224644392729
Epoch 471 Relative Error 0.006069505587220192
Epoch 472 Relative Error 0.006062022410333157
Epoch 473 Relative Error 0.006062654312700033
Epoch 474 Relative Error 0.0060583786107599735
Epoch 475 Relative Error 0.006053744815289974
Epoch 476 Relative Error 0.006047668866813183
Epoch 477 Relative Error 0.006037786602973938
Epoch 478 Relative Error 0.006036549340933561
Epoch 479 Relative Error 0.0060349516570568085
Epoch 480 Relative Error 0.006027465686202049
Epoch 481 Relative Error 0.006020925007760525
Epoch 482 Relative Error 0.006015384569764137
Epoch 483 Relative Error 0.006018140818923712
Epoch 484 Relative Error 0.00601669866591692
Epoch 485 Relative Error 0.006011840421706438
Epoch 486 Relative Error 0.006003780756145716
Epoch 487 Relative Error 0.006006624549627304
Epoch 488 Relative Error 0.006005185656249523
Epoch 489 Relative Error 0.005984264891594648
Epoch 490 Relative Error 0.005983950104564428
Epoch 491 Relative Error 0.005983338691294193
Epoch 492 Relative Error 0.005969279911369085
Epoch 493 Relative Error 0.00597126642242074
Epoch 494 Relative Error 0.005975464824587107
Epoch 495 Relative Error 0.005966934375464916
Epoch 496 Relative Error 0.005956772714853287
Epoch 497 Relative Error 0.005958263762295246
Epoch 498 Relative Error 0.005953910760581493
Epoch 499 Relative Error 0.005946747958660126
Epoch 500 Relative Error 0.005935564637184143
Epoch 501 Relative Error 0.005941491574048996
Epoch 502 Relative Error 0.005939999595284462
Epoch 503 Relative Error 0.005924598313868046
Epoch 504 Relative Error 0.0059263817965984344
Epoch 505 Relative Error 0.005915643647313118
Epoch 506 Relative Error 0.005917752627283335
Epoch 507 Relative Error 0.005906533449888229
Epoch 508 Relative Error 0.005901421885937452
Epoch 509 Relative Error 0.005893070716410875
Epoch 510 Relative Error 0.00589681975543499
Epoch 511 Relative Error 0.005887449719011784
Epoch 512 Relative Error 0.005892408080399036
Epoch 513 Relative Error 0.005889642518013716
Epoch 514 Relative Error 0.005887135397642851
Epoch 515 Relative Error 0.005877879448235035
Epoch 516 Relative Error 0.0058778258971869946
Epoch 517 Relative Error 0.005867817439138889
Epoch 518 Relative Error 0.005866250954568386
Epoch 519 Relative Error 0.0058567035011947155
Epoch 520 Relative Error 0.005846104118973017
Epoch 521 Relative Error 0.005842872429639101
Epoch 522 Relative Error 0.005838792771100998
Epoch 523 Relative Error 0.005831215530633926
Epoch 524 Relative Error 0.005837212782353163
Epoch 525 Relative Error 0.005828235298395157
Epoch 526 Relative Error 0.005825203377753496
Epoch 527 Relative Error 0.005827792454510927
Epoch 528 Relative Error 0.005814879201352596
Epoch 529 Relative Error 0.005820635240525007
Epoch 530 Relative Error 0.005806172266602516
Epoch 531 Relative Error 0.005812101066112518
Epoch 532 Relative Error 0.0058050211519002914
Epoch 533 Relative Error 0.005805355031043291
Epoch 534 Relative Error 0.005804401822388172
Epoch 535 Relative Error 0.005808016750961542
Epoch 536 Relative Error 0.005811962764710188
Epoch 537 Relative Error 0.005797818768769503
Epoch 538 Relative Error 0.005778565537184477
Epoch 539 Relative Error 0.00577362347394228
Epoch 540 Relative Error 0.0057663694024086
Epoch 541 Relative Error 0.005765870213508606
Epoch 542 Relative Error 0.005760065745562315
Epoch 543 Relative Error 0.005759866442531347
Epoch 544 Relative Error 0.0057538896799087524
Epoch 545 Relative Error 0.005769527051597834
Epoch 546 Relative Error 0.005750028416514397
Epoch 547 Relative Error 0.005742428824305534
Epoch 548 Relative Error 0.005760618951171637
Epoch 549 Relative Error 0.00575281074270606
Epoch 550 Relative Error 0.005747620016336441
Epoch 551 Relative Error 0.005755471996963024
Epoch 552 Relative Error 0.005730632692575455
Epoch 553 Relative Error 0.005727097392082214
Epoch 554 Relative Error 0.005717054009437561
Epoch 555 Relative Error 0.005714801140129566
Epoch 556 Relative Error 0.005718391854315996
Epoch 557 Relative Error 0.0057072145864367485
Epoch 558 Relative Error 0.005709892604500055
Epoch 559 Relative Error 0.005694786552339792
Epoch 560 Relative Error 0.005693910177797079
Epoch 561 Relative Error 0.005686321295797825
Epoch 562 Relative Error 0.005694374442100525
Epoch 563 Relative Error 0.005679046269506216
Epoch 564 Relative Error 0.0056848423555493355
Epoch 565 Relative Error 0.005676112603396177
Epoch 566 Relative Error 0.005676577799022198
Epoch 567 Relative Error 0.005673515610396862
Epoch 568 Relative Error 0.0056664058938622475
Epoch 569 Relative Error 0.00566644174978137
Epoch 570 Relative Error 0.005657483357936144
Epoch 571 Relative Error 0.0056523969396948814
Epoch 572 Relative Error 0.0056480905041098595
Epoch 573 Relative Error 0.005644242744892836
Epoch 574 Relative Error 0.0056469435803592205
Epoch 575 Relative Error 0.005668926984071732
Epoch 576 Relative Error 0.0056436555460095406
Epoch 577 Relative Error 0.005629680119454861
Epoch 578 Relative Error 0.005645920056849718
Epoch 579 Relative Error 0.005632947664707899
Epoch 580 Relative Error 0.005622556898742914
Epoch 581 Relative Error 0.005616319365799427
Epoch 582 Relative Error 0.005616652779281139
Epoch 583 Relative Error 0.005608567502349615
Epoch 584 Relative Error 0.005605302285403013
Epoch 585 Relative Error 0.005600434727966785
Epoch 586 Relative Error 0.0055954186245799065
Epoch 587 Relative Error 0.005592177156358957
Epoch 588 Relative Error 0.005589094012975693
Epoch 589 Relative Error 0.005592687055468559
Epoch 590 Relative Error 0.005590637214481831
Epoch 591 Relative Error 0.0055840094573795795
Epoch 592 Relative Error 0.005580820143222809
Epoch 593 Relative Error 0.005579811055213213
Epoch 594 Relative Error 0.005567435175180435
Epoch 595 Relative Error 0.005565885454416275
Epoch 596 Relative Error 0.0055678957141935825
Epoch 597 Relative Error 0.005562015809118748
Epoch 598 Relative Error 0.0055535039864480495
Epoch 599 Relative Error 0.005550198256969452
Epoch 600 Relative Error 0.0055512068793177605
Epoch 601 Relative Error 0.00554257445037365
Epoch 602 Relative Error 0.005542341154068708
Epoch 603 Relative Error 0.005541019607335329
Epoch 604 Relative Error 0.005537135060876608
Epoch 605 Relative Error 0.005540742073208094
Epoch 606 Relative Error 0.005532210227102041
Epoch 607 Relative Error 0.005523763131350279
Epoch 608 Relative Error 0.005527858156710863
Epoch 609 Relative Error 0.005529070273041725
Epoch 610 Relative Error 0.005528466776013374
Epoch 611 Relative Error 0.005521130748093128
Epoch 612 Relative Error 0.005509794689714909
Epoch 613 Relative Error 0.005506351590156555
Epoch 614 Relative Error 0.005506392102688551
Epoch 615 Relative Error 0.005498253274708986
Epoch 616 Relative Error 0.005500158295035362
Epoch 617 Relative Error 0.005500232335180044
Epoch 618 Relative Error 0.0055075231939554214
Epoch 619 Relative Error 0.005495539866387844
Epoch 620 Relative Error 0.00549312774091959
Epoch 621 Relative Error 0.005515200551599264
Epoch 622 Relative Error 0.00549966748803854
Epoch 623 Relative Error 0.005479506682604551
Epoch 624 Relative Error 0.005499689839780331
Epoch 625 Relative Error 0.005484141409397125
Epoch 626 Relative Error 0.005494396202266216
Epoch 627 Relative Error 0.005497951991856098
Epoch 628 Relative Error 0.005467589944601059
Epoch 629 Relative Error 0.005471465177834034
Epoch 630 Relative Error 0.0054565672762691975
Epoch 631 Relative Error 0.005456831771880388
Epoch 632 Relative Error 0.005459981970489025
Epoch 633 Relative Error 0.005455374252051115
Epoch 634 Relative Error 0.005442021414637566
Epoch 635 Relative Error 0.0054414053447544575
Epoch 636 Relative Error 0.00542944623157382
Epoch 637 Relative Error 0.005423360504209995
Epoch 638 Relative Error 0.005425089038908482
Epoch 639 Relative Error 0.005423370748758316
Epoch 640 Relative Error 0.005422332789748907
Epoch 641 Relative Error 0.005420648958534002
Epoch 642 Relative Error 0.005418694112449884
Epoch 643 Relative Error 0.005410775076597929
Epoch 644 Relative Error 0.005406270269304514
Epoch 645 Relative Error 0.00540646817535162
Epoch 646 Relative Error 0.005404765717685223
Epoch 647 Relative Error 0.005400911904871464
Epoch 648 Relative Error 0.005394535604864359
Epoch 649 Relative Error 0.005399572663009167
Epoch 650 Relative Error 0.005395380314439535
Epoch 651 Relative Error 0.005393790081143379
Epoch 652 Relative Error 0.005390319973230362
Epoch 653 Relative Error 0.005389522761106491
Epoch 654 Relative Error 0.005387540441006422
Epoch 655 Relative Error 0.005392094142735004
Epoch 656 Relative Error 0.005384763702750206
Epoch 657 Relative Error 0.005384647753089666
Epoch 658 Relative Error 0.005369349382817745
Epoch 659 Relative Error 0.005365936551243067
Epoch 660 Relative Error 0.005371762905269861
Epoch 661 Relative Error 0.005358285270631313
Epoch 662 Relative Error 0.0053550987504422665
Epoch 663 Relative Error 0.005359737202525139
Epoch 664 Relative Error 0.005359819624572992
Epoch 665 Relative Error 0.005350415129214525
Epoch 666 Relative Error 0.0053459578193724155
Epoch 667 Relative Error 0.0053417435847222805
Epoch 668 Relative Error 0.00534157594665885
Epoch 669 Relative Error 0.005339569412171841
Epoch 670 Relative Error 0.005332517437636852
Epoch 671 Relative Error 0.005327065475285053
Epoch 672 Relative Error 0.005343287717550993
Epoch 673 Relative Error 0.005335526075214148
Epoch 674 Relative Error 0.005327934864908457
Epoch 675 Relative Error 0.005317848641425371
Epoch 676 Relative Error 0.005317080765962601
Epoch 677 Relative Error 0.005311185028403997
Epoch 678 Relative Error 0.005313731264322996
Epoch 679 Relative Error 0.00530413119122386
Epoch 680 Relative Error 0.005303581710904837
Epoch 681 Relative Error 0.005305376835167408
Epoch 682 Relative Error 0.005300846882164478
Epoch 683 Relative Error 0.005298500414937735
Epoch 684 Relative Error 0.005297686439007521
Epoch 685 Relative Error 0.005294065922498703
Epoch 686 Relative Error 0.005299754906445742
Epoch 687 Relative Error 0.005289006512612104
Epoch 688 Relative Error 0.005280725192278624
Epoch 689 Relative Error 0.0052772811613976955
Epoch 690 Relative Error 0.005272619426250458
Epoch 691 Relative Error 0.005276055075228214
Epoch 692 Relative Error 0.005273051094263792
Epoch 693 Relative Error 0.00527588278055191
Epoch 694 Relative Error 0.005263940431177616
Epoch 695 Relative Error 0.00527179753407836
Epoch 696 Relative Error 0.005259765777736902
Epoch 697 Relative Error 0.005255101714283228
Epoch 698 Relative Error 0.005267563741654158
Epoch 699 Relative Error 0.005256317090243101
Epoch 700 Relative Error 0.005249626003205776
Epoch 701 Relative Error 0.005251782946288586
Epoch 702 Relative Error 0.005246335174888372
Epoch 703 Relative Error 0.0052434285171329975
Epoch 704 Relative Error 0.005240404978394508
Epoch 705 Relative Error 0.0052487715147435665
Epoch 706 Relative Error 0.0052465819753706455
Epoch 707 Relative Error 0.005236353725194931
Epoch 708 Relative Error 0.0052350349724292755
Epoch 709 Relative Error 0.005227694753557444
Epoch 710 Relative Error 0.005216195248067379
Epoch 711 Relative Error 0.005220894236117601
Epoch 712 Relative Error 0.005216882564127445
Epoch 713 Relative Error 0.005215626675635576
Epoch 714 Relative Error 0.005209869705140591
Epoch 715 Relative Error 0.0052039953880012035
Epoch 716 Relative Error 0.005205187480896711
Epoch 717 Relative Error 0.005201756022870541
Epoch 718 Relative Error 0.005200942978262901
Epoch 719 Relative Error 0.005197613500058651
Epoch 720 Relative Error 0.0051984405145049095
Epoch 721 Relative Error 0.005193579010665417
Epoch 722 Relative Error 0.0051919156685471535
Epoch 723 Relative Error 0.005188291426748037
Epoch 724 Relative Error 0.005186115857213736
Epoch 725 Relative Error 0.0051853894256055355
Epoch 726 Relative Error 0.005180675536394119
Epoch 727 Relative Error 0.005182225722819567
Epoch 728 Relative Error 0.005174650344997644
Epoch 729 Relative Error 0.005169834941625595
Epoch 730 Relative Error 0.005164628848433495
Epoch 731 Relative Error 0.00516493059694767
Epoch 732 Relative Error 0.005163258872926235
Epoch 733 Relative Error 0.005163810681551695
Epoch 734 Relative Error 0.005154897458851337
Epoch 735 Relative Error 0.005156046710908413
Epoch 736 Relative Error 0.00516042485833168
Epoch 737 Relative Error 0.0051545677706599236
Epoch 738 Relative Error 0.0051563810557127
Epoch 739 Relative Error 0.005163515917956829
Epoch 740 Relative Error 0.005141684785485268
Epoch 741 Relative Error 0.005151017569005489
Epoch 742 Relative Error 0.005143242422491312
Epoch 743 Relative Error 0.0051366426050662994
Epoch 744 Relative Error 0.005136130843311548
Epoch 745 Relative Error 0.005131377372890711
Epoch 746 Relative Error 0.005130671430379152
Epoch 747 Relative Error 0.005128100514411926
Epoch 748 Relative Error 0.005125127732753754
Epoch 749 Relative Error 0.005124132614582777
Epoch 750 Relative Error 0.005121426656842232
Epoch 751 Relative Error 0.00512553658336401
Epoch 752 Relative Error 0.00512534799054265
Epoch 753 Relative Error 0.005126907955855131
Epoch 754 Relative Error 0.005134905688464642
Epoch 755 Relative Error 0.005115139298141003
Epoch 756 Relative Error 0.0051142447628080845
Epoch 757 Relative Error 0.005100468639284372
Epoch 758 Relative Error 0.005119495093822479
Epoch 759 Relative Error 0.005104564130306244
Epoch 760 Relative Error 0.0050989664159715176
Epoch 761 Relative Error 0.005092006176710129
Epoch 762 Relative Error 0.005086093675345182
Epoch 763 Relative Error 0.005086471326649189
Epoch 764 Relative Error 0.005088997073471546
Epoch 765 Relative Error 0.0050839572213590145
Epoch 766 Relative Error 0.0050766379572451115
Epoch 767 Relative Error 0.005080441012978554
Epoch 768 Relative Error 0.005072209518402815
Epoch 769 Relative Error 0.005070036742836237
Epoch 770 Relative Error 0.005068938713520765
Epoch 771 Relative Error 0.005069966893643141
Epoch 772 Relative Error 0.005070021841675043
Epoch 773 Relative Error 0.005066811107099056
Epoch 774 Relative Error 0.005057347938418388
Epoch 775 Relative Error 0.0050577097572386265
Epoch 776 Relative Error 0.00506193283945322
Epoch 777 Relative Error 0.005057713016867638
Epoch 778 Relative Error 0.005051064770668745
Epoch 779 Relative Error 0.005055676214396954
Epoch 780 Relative Error 0.005050587002187967
Epoch 781 Relative Error 0.005053785629570484
Epoch 782 Relative Error 0.005045234691351652
Epoch 783 Relative Error 0.005049767903983593
Epoch 784 Relative Error 0.005037793889641762
Epoch 785 Relative Error 0.005035194102674723
Epoch 786 Relative Error 0.0050401692278683186
Epoch 787 Relative Error 0.005031723994761705
Epoch 788 Relative Error 0.005031059496104717
Epoch 789 Relative Error 0.00503357220441103
Epoch 790 Relative Error 0.005029781721532345
Epoch 791 Relative Error 0.00502313207834959
Epoch 792 Relative Error 0.005019855685532093
Epoch 793 Relative Error 0.005017003510147333
Epoch 794 Relative Error 0.005011937115341425
Epoch 795 Relative Error 0.005010900553315878
Epoch 796 Relative Error 0.005010121967643499
Epoch 797 Relative Error 0.005015222355723381
Epoch 798 Relative Error 0.005006471183151007
Epoch 799 Relative Error 0.005003517027944326
Epoch 800 Relative Error 0.005005641374737024
Epoch 801 Relative Error 0.004999930039048195
Epoch 802 Relative Error 0.005003088153898716
Epoch 803 Relative Error 0.0049937996082007885
Epoch 804 Relative Error 0.004999599885195494
Epoch 805 Relative Error 0.004998719319701195
Epoch 806 Relative Error 0.004988945554941893
Epoch 807 Relative Error 0.004991554655134678
Epoch 808 Relative Error 0.004982600454241037
Epoch 809 Relative Error 0.004979858640581369
Epoch 810 Relative Error 0.004975613206624985
Epoch 811 Relative Error 0.004973595961928368
Epoch 812 Relative Error 0.004980346653610468
Epoch 813 Relative Error 0.004968161229044199
Epoch 814 Relative Error 0.004973462782800198
Epoch 815 Relative Error 0.004967416170984507
Epoch 816 Relative Error 0.004979810211807489
Epoch 817 Relative Error 0.004971866030246019
Epoch 818 Relative Error 0.004964220803231001
Epoch 819 Relative Error 0.004971988499164581
Epoch 820 Relative Error 0.004960136022418737
Epoch 821 Relative Error 0.0049678063951432705
Epoch 822 Relative Error 0.004953259136527777
Epoch 823 Relative Error 0.004958659410476685
Epoch 824 Relative Error 0.004952535964548588
Epoch 825 Relative Error 0.0049526202492415905
Epoch 826 Relative Error 0.004953278694301844
Epoch 827 Relative Error 0.004945000633597374
Epoch 828 Relative Error 0.0049401456490159035
Epoch 829 Relative Error 0.004949658177793026
Epoch 830 Relative Error 0.0049440027214586735
Epoch 831 Relative Error 0.0049531967379152775
Epoch 832 Relative Error 0.004944026470184326
Epoch 833 Relative Error 0.004940887913107872
Epoch 834 Relative Error 0.004932076670229435
Epoch 835 Relative Error 0.0049270945601165295
Epoch 836 Relative Error 0.004925106652081013
Epoch 837 Relative Error 0.004932647105306387
Epoch 838 Relative Error 0.00491848960518837
Epoch 839 Relative Error 0.004915973637253046
Epoch 840 Relative Error 0.004912613891065121
Epoch 841 Relative Error 0.004914051853120327
Epoch 842 Relative Error 0.004912183620035648
Epoch 843 Relative Error 0.004906483925879002
Epoch 844 Relative Error 0.004913341719657183
Epoch 845 Relative Error 0.004907594528049231
Epoch 846 Relative Error 0.004904603585600853
Epoch 847 Relative Error 0.00490680243819952
Epoch 848 Relative Error 0.004913530312478542
Epoch 849 Relative Error 0.0048966300673782825
Epoch 850 Relative Error 0.004897234495729208
Epoch 851 Relative Error 0.004916595760732889
Epoch 852 Relative Error 0.004895430989563465
Epoch 853 Relative Error 0.004903941880911589
Epoch 854 Relative Error 0.004900333937257528
Epoch 855 Relative Error 0.004895449616014957
Epoch 856 Relative Error 0.004897374659776688
Epoch 857 Relative Error 0.004906866233795881
Epoch 858 Relative Error 0.0048873405903577805
Epoch 859 Relative Error 0.0048785037361085415
Epoch 860 Relative Error 0.004891093820333481
Epoch 861 Relative Error 0.004880727734416723
Epoch 862 Relative Error 0.004869883880019188
Epoch 863 Relative Error 0.004871574696153402
Epoch 864 Relative Error 0.004870586097240448
Epoch 865 Relative Error 0.0048670112155377865
Epoch 866 Relative Error 0.004870750941336155
Epoch 867 Relative Error 0.004865131340920925
Epoch 868 Relative Error 0.004867195151746273
Epoch 869 Relative Error 0.004861569032073021
Epoch 870 Relative Error 0.004860954824835062
Epoch 871 Relative Error 0.004853310063481331
Epoch 872 Relative Error 0.004852077458053827
Epoch 873 Relative Error 0.0048528327606618404
Epoch 874 Relative Error 0.004854929633438587
Epoch 875 Relative Error 0.004855728708207607
Epoch 876 Relative Error 0.004845626652240753
Epoch 877 Relative Error 0.004839936271309853
Epoch 878 Relative Error 0.0048366812989115715
Epoch 879 Relative Error 0.00484207458794117
Epoch 880 Relative Error 0.004839238245040178
Epoch 881 Relative Error 0.0048334961757063866
Epoch 882 Relative Error 0.004842792637646198
Epoch 883 Relative Error 0.004837841261178255
Epoch 884 Relative Error 0.004845110699534416
Epoch 885 Relative Error 0.004844408482313156
Epoch 886 Relative Error 0.004832067992538214
Epoch 887 Relative Error 0.0048338184133172035
Epoch 888 Relative Error 0.004822827409952879
Epoch 889 Relative Error 0.004819849040359259
Epoch 890 Relative Error 0.00482130516320467
Epoch 891 Relative Error 0.004812947474420071
Epoch 892 Relative Error 0.004813683219254017
Epoch 893 Relative Error 0.004809629637748003
Epoch 894 Relative Error 0.004807968158274889
Epoch 895 Relative Error 0.004813963081687689
Epoch 896 Relative Error 0.004812595900148153
Epoch 897 Relative Error 0.0048134056851267815
Epoch 898 Relative Error 0.004807575605809689
Epoch 899 Relative Error 0.004818167071789503
Epoch 900 Relative Error 0.0048085846938192844
Epoch 901 Relative Error 0.004816786386072636
Epoch 902 Relative Error 0.004807751160115004
Epoch 903 Relative Error 0.004797360859811306
Epoch 904 Relative Error 0.004800410475581884
Epoch 905 Relative Error 0.004792524501681328
Epoch 906 Relative Error 0.004788348916918039
Epoch 907 Relative Error 0.0047922017984092236
Epoch 908 Relative Error 0.004784202203154564
Epoch 909 Relative Error 0.004780848976224661
Epoch 910 Relative Error 0.004780582617968321
Epoch 911 Relative Error 0.004779278766363859
Epoch 912 Relative Error 0.0047785439528524876
Epoch 913 Relative Error 0.0047775693237781525
Epoch 914 Relative Error 0.004770034458488226
Epoch 915 Relative Error 0.004775189328938723
Epoch 916 Relative Error 0.00476709334179759
Epoch 917 Relative Error 0.004768244922161102
Epoch 918 Relative Error 0.004772007931023836
Epoch 919 Relative Error 0.004764871206134558
Epoch 920 Relative Error 0.004761755000799894
Epoch 921 Relative Error 0.004764023702591658
Epoch 922 Relative Error 0.0047632846981287
Epoch 923 Relative Error 0.0047591812908649445
Epoch 924 Relative Error 0.004753002431243658
Epoch 925 Relative Error 0.0047598946839571
Epoch 926 Relative Error 0.004754283931106329
Epoch 927 Relative Error 0.004755677189677954
Epoch 928 Relative Error 0.004754144232720137
Epoch 929 Relative Error 0.004752559587359428
Epoch 930 Relative Error 0.004746820777654648
Epoch 931 Relative Error 0.004742378834635019
Epoch 932 Relative Error 0.004736499860882759
Epoch 933 Relative Error 0.0047402228228747845
Epoch 934 Relative Error 0.004737506620585918
Epoch 935 Relative Error 0.004734042566269636
Epoch 936 Relative Error 0.00473781069740653
Epoch 937 Relative Error 0.004728372674435377
Epoch 938 Relative Error 0.004730049055069685
Epoch 939 Relative Error 0.004734791349619627
Epoch 940 Relative Error 0.004728499799966812
Epoch 941 Relative Error 0.004722569137811661
Epoch 942 Relative Error 0.00472527788951993
Epoch 943 Relative Error 0.004718339070677757
Epoch 944 Relative Error 0.004723914433270693
Epoch 945 Relative Error 0.004718199372291565
Epoch 946 Relative Error 0.004721710924059153
Epoch 947 Relative Error 0.0047133443877100945
Epoch 948 Relative Error 0.004716789815574884
Epoch 949 Relative Error 0.004710735287517309
Epoch 950 Relative Error 0.004707335960119963
Epoch 951 Relative Error 0.004712153226137161
Epoch 952 Relative Error 0.0047105709090828896
Epoch 953 Relative Error 0.004714749753475189
Epoch 954 Relative Error 0.0047251153737306595
Epoch 955 Relative Error 0.004718329757452011
Epoch 956 Relative Error 0.004731075372546911
Epoch 957 Relative Error 0.004709549713879824
Epoch 958 Relative Error 0.004712529480457306
Epoch 959 Relative Error 0.004697961732745171
Epoch 960 Relative Error 0.0047059571370482445
Epoch 961 Relative Error 0.0046900068409740925
Epoch 962 Relative Error 0.004684234969317913
Epoch 963 Relative Error 0.004689126741141081
Epoch 964 Relative Error 0.004682433325797319
Epoch 965 Relative Error 0.004684836138039827
Epoch 966 Relative Error 0.004683573264628649
Epoch 967 Relative Error 0.0046765003353357315
Epoch 968 Relative Error 0.004673645831644535
Epoch 969 Relative Error 0.0046791876666247845
Epoch 970 Relative Error 0.004676696378737688
Epoch 971 Relative Error 0.004671897739171982
Epoch 972 Relative Error 0.004670601338148117
Epoch 973 Relative Error 0.004666738677769899
Epoch 974 Relative Error 0.004667625762522221
Epoch 975 Relative Error 0.004662142600864172
Epoch 976 Relative Error 0.0046606650575995445
Epoch 977 Relative Error 0.004664162639528513
Epoch 978 Relative Error 0.00466191628947854
Epoch 979 Relative Error 0.004657100420445204
Epoch 980 Relative Error 0.0046629030257463455
Epoch 981 Relative Error 0.004668323788791895
Epoch 982 Relative Error 0.004663656931370497
Epoch 983 Relative Error 0.0046614366583526134
Epoch 984 Relative Error 0.004655257798731327
Epoch 985 Relative Error 0.004649382550269365
Epoch 986 Relative Error 0.004648866131901741
Epoch 987 Relative Error 0.00464582908898592
Epoch 988 Relative Error 0.004647788591682911
Epoch 989 Relative Error 0.004641133826225996
Epoch 990 Relative Error 0.004653234034776688
Epoch 991 Relative Error 0.004644706379622221
Epoch 992 Relative Error 0.004640886094421148
Epoch 993 Relative Error 0.004636524245142937
Epoch 994 Relative Error 0.0046394276432693005
Epoch 995 Relative Error 0.004628253635019064
Epoch 996 Relative Error 0.0046279169619083405
Epoch 997 Relative Error 0.00463112024590373
Epoch 998 Relative Error 0.004625450819730759
Epoch 999 Relative Error 0.004629293456673622
Epoch 1000 Relative Error 0.004624325782060623
RE (3, 9, 13, 0): 0.004624325782060623
Green's Function RE (3, 9, 13, 0): 0.011773747391998768
Bias Term RE (3, 9, 13, 0): 0.00777271157130599
Combination (3, 9, 13, 0, 0): 0.004624327179044485
Combination (3, 9, 13, 0, 1): 0.0037912826519459486
Combination (3, 9, 13, 0, 2): 0.0035456912592053413
Combination (3, 9, 13, 0, 3): 0.003465942107141018
Combination (3, 9, 13, 0, 4): 0.003429075703024864

/home/gridsan/gstepaniants/.local/lib/python3.8/site-packages/torch/functional.py:478: UserWarning: torch.meshgrid: in an upcoming release, it will be required to pass the indexing argument. (Triggered internally at  ../aten/src/ATen/native/TensorShape.cpp:2895.)
  return _VF.meshgrid(tensors, **kwargs)  # type: ignore[attr-defined]
