[KeOps] Warning : Cuda libraries were not detected on the system ; using cpu only mode
1
Kernel: Exponential
Weight Mesh: 60
RKHS Kernel Width: 0.004
Lambda: 1e-06
Green's Function Learning Rate: 100
Bias Term Learning Rate: 100
Epoch 1 Relative Error 698.5338134765625
First epoch had re = 698.5338134765625 > 1
Green's Function Learning Rate: 50
Bias Term Learning Rate: 50
Epoch 1 Relative Error 401.6447448730469
First epoch had re = 401.6447448730469 > 1
Green's Function Learning Rate: 10
Bias Term Learning Rate: 10
Epoch 1 Relative Error 79.08899688720703
First epoch had re = 79.08899688720703 > 1
Green's Function Learning Rate: 5
Bias Term Learning Rate: 5
Epoch 1 Relative Error 43.760093688964844
First epoch had re = 43.760093688964844 > 1
Green's Function Learning Rate: 1
Bias Term Learning Rate: 1
Epoch 1 Relative Error 7.547739028930664
First epoch had re = 7.547739028930664 > 1
Green's Function Learning Rate: 0.5
Bias Term Learning Rate: 0.5
Epoch 1 Relative Error 2.8575093746185303
First epoch had re = 2.8575093746185303 > 1
Green's Function Learning Rate: 0.1
Bias Term Learning Rate: 0.1
Epoch 1 Relative Error 0.9024865627288818
Epoch 2 Relative Error 0.6870729923248291
Epoch 3 Relative Error 0.5012241005897522
Epoch 4 Relative Error 0.43722373247146606
Epoch 5 Relative Error 0.32830899953842163
Epoch 6 Relative Error 0.25133541226387024
Epoch 7 Relative Error 0.231962189078331
Epoch 8 Relative Error 0.1694534420967102
Epoch 9 Relative Error 0.1450410634279251
Epoch 10 Relative Error 0.11364098638296127
Epoch 11 Relative Error 0.0996808186173439
Epoch 12 Relative Error 0.07321108877658844
Epoch 13 Relative Error 0.06668057292699814
Epoch 14 Relative Error 0.057889342308044434
Epoch 15 Relative Error 0.041326094418764114
Epoch 16 Relative Error 0.03246879205107689
Epoch 17 Relative Error 0.02674003131687641
Epoch 18 Relative Error 0.02108755148947239
Epoch 19 Relative Error 0.018610382452607155
Epoch 20 Relative Error 0.01734955795109272
Epoch 21 Relative Error 0.013736856169998646
Epoch 22 Relative Error 0.01003661286085844
Epoch 23 Relative Error 0.009166265837848186
Epoch 24 Relative Error 0.006659955717623234
Epoch 25 Relative Error 0.005817071534693241
Epoch 26 Relative Error 0.0053380336612463
Epoch 27 Relative Error 0.004496297799050808
Epoch 28 Relative Error 0.00396106019616127
Epoch 29 Relative Error 0.0037826774641871452
Epoch 30 Relative Error 0.00318060046993196
Epoch 31 Relative Error 0.002883528359234333
Epoch 32 Relative Error 0.0025917987804859877
Epoch 33 Relative Error 0.0024385235738009214
Epoch 34 Relative Error 0.0023698508739471436
Epoch 35 Relative Error 0.0021954707335680723
Epoch 36 Relative Error 0.0020445159170776606
Epoch 37 Relative Error 0.0020227590575814247
Epoch 38 Relative Error 0.0019054239382967353
Epoch 39 Relative Error 0.0018741064704954624
Epoch 40 Relative Error 0.0017624323954805732
Epoch 41 Relative Error 0.001785663072951138
Epoch 42 Relative Error 0.0016613490879535675
Epoch 43 Relative Error 0.0017219324363395572
Epoch 44 Relative Error 0.0016445976216346025
Epoch 45 Relative Error 0.0016094323946163058
Epoch 46 Relative Error 0.001649060402996838
Epoch 47 Relative Error 0.0015481055015698075
Epoch 48 Relative Error 0.0015534240519627929
Epoch 49 Relative Error 0.001421630848199129
Epoch 50 Relative Error 0.0014357884647324681
Epoch 51 Relative Error 0.0013487288961187005
Epoch 52 Relative Error 0.0013820737367495894
Epoch 53 Relative Error 0.0013299889396876097
Epoch 54 Relative Error 0.0012897219276055694
Epoch 55 Relative Error 0.0012522406177595258
Epoch 56 Relative Error 0.0011972516076639295
Epoch 57 Relative Error 0.0012229746207594872
Epoch 58 Relative Error 0.0011361230863258243
Epoch 59 Relative Error 0.0011799255153164268
Epoch 60 Relative Error 0.0011280645849183202
Epoch 61 Relative Error 0.001048691337928176
Epoch 62 Relative Error 0.0010905246017500758
Epoch 63 Relative Error 0.0010305872419849038
Epoch 64 Relative Error 0.0010085894027724862
Epoch 65 Relative Error 0.0010109187569469213
Epoch 66 Relative Error 0.0009903998579829931
Epoch 67 Relative Error 0.000977668329142034
Epoch 68 Relative Error 0.001000507501885295
Epoch 69 Relative Error 0.0010529912542551756
Epoch 70 Relative Error 0.001006903126835823
Epoch 71 Relative Error 0.0010529792634770274
Epoch 72 Relative Error 0.0009421431459486485
Epoch 73 Relative Error 0.0009602480567991734
Epoch 74 Relative Error 0.0009356921073049307
Epoch 75 Relative Error 0.0008043911075219512
Epoch 76 Relative Error 0.0008504972793161869
Epoch 77 Relative Error 0.0008342319051735103
Epoch 78 Relative Error 0.0008037699153646827
Epoch 79 Relative Error 0.0007915302412584424
Epoch 80 Relative Error 0.0008088641334325075
Epoch 81 Relative Error 0.0007726688054390252
Epoch 82 Relative Error 0.0007496065809391439
Epoch 83 Relative Error 0.000780609785579145
Epoch 84 Relative Error 0.0007101194933056831
Epoch 85 Relative Error 0.0007270164787769318
Epoch 86 Relative Error 0.00072757329326123
Epoch 87 Relative Error 0.0007772108656354249
Epoch 88 Relative Error 0.0008301598718389869
Epoch 89 Relative Error 0.0007376893772743642
Epoch 90 Relative Error 0.0007517999620176852
Epoch 91 Relative Error 0.0007343947654590011
Epoch 92 Relative Error 0.0006865807226859033
Epoch 93 Relative Error 0.0006661423831246793
Epoch 94 Relative Error 0.000676889787428081
Epoch 95 Relative Error 0.0006615218590013683
Epoch 96 Relative Error 0.00063380814390257
Epoch 97 Relative Error 0.0006154250004328787
Epoch 98 Relative Error 0.0006297112558968365
Epoch 99 Relative Error 0.0005856396164745092
Epoch 100 Relative Error 0.0005468823947012424
Epoch 101 Relative Error 0.0005499300314113498
Epoch 102 Relative Error 0.0006208344711922109
Epoch 103 Relative Error 0.0005805506953038275
Epoch 104 Relative Error 0.0006398705299943686
Epoch 105 Relative Error 0.0006227712146937847
Epoch 106 Relative Error 0.0005916726076975465
Epoch 107 Relative Error 0.0005726073868572712
Epoch 108 Relative Error 0.0005621003801934421
Epoch 109 Relative Error 0.0005427840515039861
Epoch 110 Relative Error 0.0005139626446180046
Epoch 111 Relative Error 0.000534872233401984
Epoch 112 Relative Error 0.0005498859682120383
Epoch 113 Relative Error 0.0005435423809103668
Epoch 114 Relative Error 0.0004964049439877272
Epoch 115 Relative Error 0.000503960472997278
Epoch 116 Relative Error 0.0005175119731575251
Epoch 117 Relative Error 0.0005376659682951868
Epoch 118 Relative Error 0.0005558159318752587
Epoch 119 Relative Error 0.0005053336499258876
Epoch 120 Relative Error 0.0005346674588508904
Epoch 121 Relative Error 0.0005237587029114366
Epoch 122 Relative Error 0.0005237040459178388
Epoch 123 Relative Error 0.00048151201917789876
Epoch 124 Relative Error 0.0005385666154325008
Epoch 125 Relative Error 0.0005503462161868811
Epoch 126 Relative Error 0.0005686537479050457
Epoch 127 Relative Error 0.0005386737757362425
Epoch 128 Relative Error 0.0005188221111893654
Epoch 129 Relative Error 0.0004937842604704201
Epoch 130 Relative Error 0.0005205222405493259
Epoch 131 Relative Error 0.0005340850329957902
Epoch 132 Relative Error 0.0005610851221717894
Epoch 133 Relative Error 0.0005320823402144015
Epoch 134 Relative Error 0.0005898640374653041
Epoch 135 Relative Error 0.0005202153697609901
Epoch 136 Relative Error 0.0005486936424858868
Epoch 137 Relative Error 0.0005727401003241539
Epoch 138 Relative Error 0.0004554195620585233
Epoch 139 Relative Error 0.0004938672645948827
Epoch 140 Relative Error 0.0005172725068405271
Epoch 141 Relative Error 0.0004698997363448143
Epoch 142 Relative Error 0.00040425537736155093
Epoch 143 Relative Error 0.00043567930697463453
Epoch 144 Relative Error 0.0004110693989787251
Epoch 145 Relative Error 0.0004258787666913122
Epoch 146 Relative Error 0.00042922503780573606
Epoch 147 Relative Error 0.00044859826448373497
Epoch 148 Relative Error 0.0004922033986076713
Epoch 149 Relative Error 0.0005873267655260861
Epoch 150 Relative Error 0.00047374266432598233
Epoch 151 Relative Error 0.0004654509830288589
Epoch 152 Relative Error 0.00044603756396099925
Epoch 153 Relative Error 0.0004044180968776345
Epoch 154 Relative Error 0.0004200187395326793
Epoch 155 Relative Error 0.00041264790343120694
Epoch 156 Relative Error 0.0004135071358177811
Epoch 157 Relative Error 0.0004709243366960436
Epoch 158 Relative Error 0.00045712117571383715
Epoch 159 Relative Error 0.0004551761085167527
Epoch 160 Relative Error 0.00046423461753875017
Epoch 161 Relative Error 0.0003914752451237291
Epoch 162 Relative Error 0.0003728753072209656
Epoch 163 Relative Error 0.00041331761167384684
Epoch 164 Relative Error 0.00038810164551250637
Epoch 165 Relative Error 0.0003816263924818486
Epoch 166 Relative Error 0.0004402783524710685
Epoch 167 Relative Error 0.0004093386232852936
Epoch 168 Relative Error 0.0004297498380765319
Epoch 169 Relative Error 0.00046828959602862597
Epoch 170 Relative Error 0.0004616503429133445
Epoch 171 Relative Error 0.0005118842818774283
Epoch 172 Relative Error 0.0004837123560719192
Epoch 173 Relative Error 0.0004434727306943387
Epoch 174 Relative Error 0.0005011774483136833
Epoch 175 Relative Error 0.00045062400749884546
Epoch 176 Relative Error 0.0006250924780033529
Epoch 177 Relative Error 0.0006008573691360652
Epoch 178 Relative Error 0.0004560945671983063
Epoch 179 Relative Error 0.00044843036448583007
Epoch 180 Relative Error 0.00043232276220805943
Epoch 181 Relative Error 0.0004238717374391854
Epoch 182 Relative Error 0.0004628262249752879
Epoch 183 Relative Error 0.0006212350563146174
Epoch 184 Relative Error 0.0006360275438055396
Epoch 185 Relative Error 0.0005495936493389308
Epoch 186 Relative Error 0.0005005315761081874
Epoch 187 Relative Error 0.00047343928599730134
Epoch 188 Relative Error 0.0003736028156708926
Epoch 189 Relative Error 0.0003685604315251112
Epoch 190 Relative Error 0.00042346990085206926
Epoch 191 Relative Error 0.00037531746784225106
Epoch 192 Relative Error 0.00038738272269256413
Epoch 193 Relative Error 0.00039104916504584253
Epoch 194 Relative Error 0.0003285479615442455
Epoch 195 Relative Error 0.00042374845361337066
Epoch 196 Relative Error 0.0003953726845793426
Epoch 197 Relative Error 0.0004304217000026256
Epoch 198 Relative Error 0.00034314891672693193
Epoch 199 Relative Error 0.0004195084038656205
Epoch 200 Relative Error 0.0004510172293521464
Epoch 201 Relative Error 0.0004599258827511221
Epoch 202 Relative Error 0.0003591519489418715
Epoch 203 Relative Error 0.00043533905409276485
Epoch 204 Relative Error 0.00045557896373793483
Epoch 205 Relative Error 0.0004042716172989458
Epoch 206 Relative Error 0.0004239876288920641
Epoch 207 Relative Error 0.00041908942512236536
Epoch 208 Relative Error 0.0004716163093689829
Epoch 209 Relative Error 0.000493328261654824
Epoch 210 Relative Error 0.00039051412022672594
Epoch 211 Relative Error 0.0003903501492459327
Epoch 212 Relative Error 0.00037619579234160483
Epoch 213 Relative Error 0.00039696964086033404
Epoch 214 Relative Error 0.00044916581828147173
Epoch 215 Relative Error 0.0004213998909108341
Epoch 216 Relative Error 0.000434260320616886
Epoch 217 Relative Error 0.00044777669245377183
Epoch 218 Relative Error 0.00034116438473574817
Epoch 219 Relative Error 0.0004573516780510545
Epoch 220 Relative Error 0.00046030612429603934
Epoch 221 Relative Error 0.0003599133633542806
Epoch 222 Relative Error 0.0004413618007674813
Epoch 223 Relative Error 0.00044426225940696895
Epoch 224 Relative Error 0.00037526999949477613
Epoch 225 Relative Error 0.0003753888886421919
Epoch 226 Relative Error 0.00044169797911308706
Epoch 227 Relative Error 0.0004748362407553941
Epoch 228 Relative Error 0.0004301041190046817
Epoch 229 Relative Error 0.0003846575564239174
Epoch 230 Relative Error 0.0003941329778172076
Epoch 231 Relative Error 0.0005246865912340581
Epoch 232 Relative Error 0.00046089154784567654
Epoch 233 Relative Error 0.0005260181496851146
Epoch 234 Relative Error 0.00043790446943603456
Epoch 235 Relative Error 0.00044609137694351375
Epoch 236 Relative Error 0.0004291688383091241
Epoch 237 Relative Error 0.0005091705825179815
Epoch 238 Relative Error 0.0004475936875678599
Epoch 239 Relative Error 0.000534654944203794
Epoch 240 Relative Error 0.0004699316923506558
Epoch 241 Relative Error 0.00047476383042521775
Epoch 242 Relative Error 0.0005322687211446464
Epoch 243 Relative Error 0.00045282195787876844
Epoch 244 Relative Error 0.0004384330823086202
Epoch 245 Relative Error 0.0005411861347965896
Epoch 246 Relative Error 0.0005109985359013081
Epoch 247 Relative Error 0.0005091962520964444
Epoch 248 Relative Error 0.00044543325202539563
Epoch 249 Relative Error 0.0004377230361569673
Epoch 250 Relative Error 0.00041884504025802016
Epoch 251 Relative Error 0.000457493937574327
Epoch 252 Relative Error 0.0005001233657822013
Epoch 253 Relative Error 0.0004254358063917607
Epoch 254 Relative Error 0.0004403775092214346
Epoch 255 Relative Error 0.00035051742452196777
Epoch 256 Relative Error 0.0003763119748327881
Epoch 257 Relative Error 0.0004586217401083559
Epoch 258 Relative Error 0.0003872651723213494
Epoch 259 Relative Error 0.0003512675466481596
Epoch 260 Relative Error 0.000361611892003566
Epoch 261 Relative Error 0.0003839769633486867
Epoch 262 Relative Error 0.0004313155950512737
Epoch 263 Relative Error 0.0004510382132139057
Epoch 264 Relative Error 0.0003528603701852262
Epoch 265 Relative Error 0.0003858583513647318
Epoch 266 Relative Error 0.0003538882883731276
Epoch 267 Relative Error 0.0003983149363193661
Epoch 268 Relative Error 0.0004261645663063973
Epoch 269 Relative Error 0.0003812034847214818
Epoch 270 Relative Error 0.00042231808765791357
Epoch 271 Relative Error 0.00039941558497957885
Epoch 272 Relative Error 0.00045160306035541
Epoch 273 Relative Error 0.00035333013511262834
Epoch 274 Relative Error 0.0003655232139863074
Epoch 275 Relative Error 0.00036793388426303864
Epoch 276 Relative Error 0.00039022971759550273
Epoch 277 Relative Error 0.0003453365352470428
Epoch 278 Relative Error 0.0003756096411962062
Epoch 279 Relative Error 0.00034848033101297915
Epoch 280 Relative Error 0.0003939905727747828
Epoch 281 Relative Error 0.0004924966488033533
Epoch 282 Relative Error 0.0003825992171186954
Epoch 283 Relative Error 0.00044504267862066627
Epoch 284 Relative Error 0.000341567094437778
Epoch 285 Relative Error 0.0005186541238799691
Epoch 286 Relative Error 0.0005393948522396386
Epoch 287 Relative Error 0.0004941587685607374
Epoch 288 Relative Error 0.0004584545094985515
Epoch 289 Relative Error 0.0005200882442295551
Epoch 290 Relative Error 0.00045008782763034105
Epoch 291 Relative Error 0.00040455692214891315
Epoch 292 Relative Error 0.00044843819341622293
Epoch 293 Relative Error 0.0004735536058433354
Epoch 294 Relative Error 0.0003967314842157066
Epoch 295 Relative Error 0.0004128023865632713
Epoch 296 Relative Error 0.0004272375663276762
Epoch 297 Relative Error 0.00054125243332237
Epoch 298 Relative Error 0.00046810065396130085
Epoch 299 Relative Error 0.00044342176988720894
Epoch 300 Relative Error 0.000422538782004267
Epoch 301 Relative Error 0.00045672713895328343
Epoch 302 Relative Error 0.0004508534912019968
Epoch 303 Relative Error 0.0004343993787188083
Epoch 304 Relative Error 0.000498722365591675
Epoch 305 Relative Error 0.0004238333785906434
Epoch 306 Relative Error 0.00040671235183253884
Epoch 307 Relative Error 0.0004240996204316616
Epoch 308 Relative Error 0.00038364005740731955
Epoch 309 Relative Error 0.000436251750215888
Epoch 310 Relative Error 0.0003938981972169131
Epoch 311 Relative Error 0.0004178879607934505
Epoch 312 Relative Error 0.0004301104636397213
Epoch 313 Relative Error 0.0004214888613205403
Epoch 314 Relative Error 0.0004565691342577338
Epoch 315 Relative Error 0.00044365940266288817
Epoch 316 Relative Error 0.00041559021337889135
Epoch 317 Relative Error 0.0003846379113383591
Epoch 318 Relative Error 0.00042083256994374096
Epoch 319 Relative Error 0.0004379523452371359
Epoch 320 Relative Error 0.00046333923819474876
Epoch 321 Relative Error 0.00045929435873404145
Epoch 322 Relative Error 0.00044251608778722584
Epoch 323 Relative Error 0.00048077572137117386
Epoch 324 Relative Error 0.0005234776763245463
Epoch 325 Relative Error 0.0004308821226004511
Epoch 326 Relative Error 0.0004683257720898837
Epoch 327 Relative Error 0.0005093157524242997
Epoch 328 Relative Error 0.000480426853755489
Epoch 329 Relative Error 0.0004949005669914186
Epoch 330 Relative Error 0.0005348497652448714
Epoch 331 Relative Error 0.000509684148710221
Epoch 332 Relative Error 0.00043705914868041873
Epoch 333 Relative Error 0.0005443213740363717
Epoch 334 Relative Error 0.0005003361729905009
Epoch 335 Relative Error 0.0005607093335129321
Epoch 336 Relative Error 0.0004911089199595153
Epoch 337 Relative Error 0.0005427580326795578
Epoch 338 Relative Error 0.000424162921262905
Epoch 339 Relative Error 0.0004257434920873493
Epoch 340 Relative Error 0.00046717957593500614
Epoch 341 Relative Error 0.000412999332183972
Epoch 342 Relative Error 0.0005687967641279101
Epoch 343 Relative Error 0.0004112904716748744
Epoch 344 Relative Error 0.00039903316064737737
Epoch 345 Relative Error 0.00043300612014718354
Epoch 346 Relative Error 0.0005730550619773567
Epoch 347 Relative Error 0.0004881872737314552
Epoch 348 Relative Error 0.0004441042256075889
Epoch 349 Relative Error 0.0004540290974546224
Epoch 350 Relative Error 0.0004220283299218863
Epoch 351 Relative Error 0.0004716578696388751
Epoch 352 Relative Error 0.00042111461516469717
Epoch 353 Relative Error 0.0004395376017782837
Epoch 354 Relative Error 0.0003857910924125463
Epoch 355 Relative Error 0.0003730611060746014
Epoch 356 Relative Error 0.0003585797094274312
Epoch 357 Relative Error 0.00045646080980077386
Epoch 358 Relative Error 0.0004259787092451006
Epoch 359 Relative Error 0.00042198094888590276
Epoch 360 Relative Error 0.0005002910038456321
Epoch 361 Relative Error 0.00044302252354100347
Epoch 362 Relative Error 0.0004941249499097466
Epoch 363 Relative Error 0.00044125091517344117
Epoch 364 Relative Error 0.00043559251935221255
Epoch 365 Relative Error 0.00042688686517067254
Epoch 366 Relative Error 0.00044010524288751185
Epoch 367 Relative Error 0.0005141894216649234
Epoch 368 Relative Error 0.00041797629091888666
Epoch 369 Relative Error 0.00044847396202385426
Epoch 370 Relative Error 0.0004988341825082898
Epoch 371 Relative Error 0.000417222996475175
Epoch 372 Relative Error 0.00043445845949463546
Epoch 373 Relative Error 0.0004356349818408489
Epoch 374 Relative Error 0.00041154312202706933
Epoch 375 Relative Error 0.0004561863897833973
Epoch 376 Relative Error 0.0004306362534407526
Epoch 377 Relative Error 0.00040221630479209125
Epoch 378 Relative Error 0.00036491031642071903
Epoch 379 Relative Error 0.0005476713995449245
Epoch 380 Relative Error 0.0004936718032695353
Epoch 381 Relative Error 0.0004268100019544363
Epoch 382 Relative Error 0.0004851261037401855
Epoch 383 Relative Error 0.00046515915892086923
Epoch 384 Relative Error 0.0004499770584516227
Epoch 385 Relative Error 0.00043351243948563933
Epoch 386 Relative Error 0.00039174992707557976
Epoch 387 Relative Error 0.00039655904402025044
Epoch 388 Relative Error 0.00041651868377812207
Epoch 389 Relative Error 0.0004709317290689796
Epoch 390 Relative Error 0.0005253353156149387
Epoch 391 Relative Error 0.0005008543375879526
Epoch 392 Relative Error 0.0005081521230749786
Epoch 393 Relative Error 0.00043340594856999815
Epoch 394 Relative Error 0.00041276260162703693
Epoch 395 Relative Error 0.0003692394820973277
Epoch 396 Relative Error 0.0005452596815302968
Epoch 397 Relative Error 0.0005728761898353696
Epoch 398 Relative Error 0.0004500828799791634
Epoch 399 Relative Error 0.0006594915175810456
Epoch 400 Relative Error 0.0006530638784170151
Epoch 401 Relative Error 0.0006414791569113731
Epoch 402 Relative Error 0.0005588221829384565
Epoch 403 Relative Error 0.0005231443792581558
Epoch 404 Relative Error 0.000571673212107271
Epoch 405 Relative Error 0.00044107268331572413
Epoch 406 Relative Error 0.0005276604788377881
Epoch 407 Relative Error 0.000467791804112494
Epoch 408 Relative Error 0.00046048787771724164
Epoch 409 Relative Error 0.0005562772275879979
Epoch 410 Relative Error 0.000468243146315217
Epoch 411 Relative Error 0.00044746111962012947
Epoch 412 Relative Error 0.00042181138996966183
Epoch 413 Relative Error 0.0003671118465717882
Epoch 414 Relative Error 0.00043893296970054507
Epoch 415 Relative Error 0.0004363610059954226
Epoch 416 Relative Error 0.0005247097578831017
Epoch 417 Relative Error 0.00044625496957451105
Epoch 418 Relative Error 0.00044687671470455825
Epoch 419 Relative Error 0.00045832135947421193
Epoch 420 Relative Error 0.0005184971378184855
Epoch 421 Relative Error 0.0005553209339268506
Epoch 422 Relative Error 0.00043784434092231095
Epoch 423 Relative Error 0.0005036691436544061
Epoch 424 Relative Error 0.0004262873553670943
Epoch 425 Relative Error 0.0005084379808977246
Epoch 426 Relative Error 0.0005024315323680639
Epoch 427 Relative Error 0.00048549548955634236
Epoch 428 Relative Error 0.0004895200254395604
Epoch 429 Relative Error 0.0004819876339752227
Epoch 430 Relative Error 0.0005232957191765308
Epoch 431 Relative Error 0.0004196861991658807
Epoch 432 Relative Error 0.0004136102506890893
Epoch 433 Relative Error 0.00047717647976242006
Epoch 434 Relative Error 0.0005972389481030405
Epoch 435 Relative Error 0.0005413736798800528
Epoch 436 Relative Error 0.0005031026084907353
Epoch 437 Relative Error 0.0004886284586973488
Epoch 438 Relative Error 0.0004645789449568838
Epoch 439 Relative Error 0.00046910796663723886
Epoch 440 Relative Error 0.00048623670591041446
Epoch 441 Relative Error 0.0005241570179350674
Epoch 442 Relative Error 0.0005740602500736713
Epoch 443 Relative Error 0.0005131294601596892
Epoch 444 Relative Error 0.0005107810138724744
Epoch 445 Relative Error 0.0004189315077383071
Epoch 446 Relative Error 0.000471205246867612
Epoch 447 Relative Error 0.00042369792936369777
Epoch 448 Relative Error 0.0004550263984128833
Epoch 449 Relative Error 0.00038088479777798057
Epoch 450 Relative Error 0.00042680295882746577
Epoch 451 Relative Error 0.0004276709514670074
Epoch 452 Relative Error 0.00042503702570684254
Epoch 453 Relative Error 0.00038369884714484215
Epoch 454 Relative Error 0.0003786228771787137
Epoch 455 Relative Error 0.0004072193696629256
Epoch 456 Relative Error 0.00041690649231895804
Epoch 457 Relative Error 0.0005710464902222157
Epoch 458 Relative Error 0.0005461343098431826
Epoch 459 Relative Error 0.00045314020826481283
Epoch 460 Relative Error 0.000515699852257967
Epoch 461 Relative Error 0.0005233720876276493
Epoch 462 Relative Error 0.0005472397315315902
Epoch 463 Relative Error 0.0005090332706458867
Epoch 464 Relative Error 0.0005480930558405817
Epoch 465 Relative Error 0.00047395049477927387
Epoch 466 Relative Error 0.0005427925498224795
Epoch 467 Relative Error 0.000454547320259735
Epoch 468 Relative Error 0.00046069794916547835
Epoch 469 Relative Error 0.0005643324111588299
Epoch 470 Relative Error 0.0005314747104421258
Epoch 471 Relative Error 0.0006288545555435121
Epoch 472 Relative Error 0.0005727044772356749
Epoch 473 Relative Error 0.0005823508254252374
Epoch 474 Relative Error 0.0004980482044629753
Epoch 475 Relative Error 0.0005436840583570302
Epoch 476 Relative Error 0.0004879262996837497
Epoch 477 Relative Error 0.0005206222995184362
Epoch 478 Relative Error 0.0004822180781047791
Epoch 479 Relative Error 0.0006255634943954647
Epoch 480 Relative Error 0.0006161564961075783
Epoch 481 Relative Error 0.0006983552593737841
Epoch 482 Relative Error 0.000640724552795291
Epoch 483 Relative Error 0.0004746854829136282
Epoch 484 Relative Error 0.0004504401294980198
Epoch 485 Relative Error 0.00047653293586336076
Epoch 486 Relative Error 0.00043907121289521456
Epoch 487 Relative Error 0.0004615352372638881
Epoch 488 Relative Error 0.0004829210229218006
Epoch 489 Relative Error 0.0005211567622609437
Epoch 490 Relative Error 0.0005229866947047412
Epoch 491 Relative Error 0.0005428105941973627
Epoch 492 Relative Error 0.0005122835864312947
Epoch 493 Relative Error 0.0005158287240192294
Epoch 494 Relative Error 0.0005286845262162387
Epoch 495 Relative Error 0.000510153011418879
Epoch 496 Relative Error 0.0005154167884029448
Epoch 497 Relative Error 0.00045033221249468625
Epoch 498 Relative Error 0.0004647362802643329
Epoch 499 Relative Error 0.0004592837067320943
Epoch 500 Relative Error 0.0004737491544801742
Epoch 501 Relative Error 0.0004980169469490647
Epoch 502 Relative Error 0.0005334672168828547
Epoch 503 Relative Error 0.000663016689941287
Epoch 504 Relative Error 0.0005207014037296176
Epoch 505 Relative Error 0.0005387216224335134
Epoch 506 Relative Error 0.000527758791577071
Epoch 507 Relative Error 0.0005023956764489412
Epoch 508 Relative Error 0.0005598664283752441
Epoch 509 Relative Error 0.0005109423655085266
Epoch 510 Relative Error 0.0007879625190980732
Epoch 511 Relative Error 0.0007033908041194081
Epoch 512 Relative Error 0.0007407386437989771
Epoch 513 Relative Error 0.000655590440146625
Epoch 514 Relative Error 0.0006579826003871858
Epoch 515 Relative Error 0.0005298214964568615
Epoch 516 Relative Error 0.0006719716475345194
Epoch 517 Relative Error 0.0005981817375868559
Epoch 518 Relative Error 0.0005390478763729334
Epoch 519 Relative Error 0.00055904989130795
Epoch 520 Relative Error 0.0005511866766028106
Epoch 521 Relative Error 0.0005150447250343859
Epoch 522 Relative Error 0.0004917315091006458
Epoch 523 Relative Error 0.0006054980913177133
Epoch 524 Relative Error 0.0005702895577996969
Epoch 525 Relative Error 0.0005524346488527954
Epoch 526 Relative Error 0.0005293092108331621
Epoch 527 Relative Error 0.0005623057950288057
Epoch 528 Relative Error 0.00051092728972435
Epoch 529 Relative Error 0.0004979094373993576
Epoch 530 Relative Error 0.00044606716255657375
Epoch 531 Relative Error 0.000549269956536591
Epoch 532 Relative Error 0.0004829802201129496
Epoch 533 Relative Error 0.00046410830691456795
Epoch 534 Relative Error 0.00048693627468310297
Epoch 535 Relative Error 0.0005373560125008225
Epoch 536 Relative Error 0.0006272290484048426
Epoch 537 Relative Error 0.0005031540058553219
Epoch 538 Relative Error 0.0005826621782034636
Epoch 539 Relative Error 0.0005952682113274932
Epoch 540 Relative Error 0.0006147456006146967
Epoch 541 Relative Error 0.000746163830626756
Epoch 542 Relative Error 0.00048081029672175646
Epoch 543 Relative Error 0.000659139477647841
Epoch 544 Relative Error 0.0005907221930101514
Epoch 545 Relative Error 0.0004578687949106097
Epoch 546 Relative Error 0.00041594315553084016
Epoch 547 Relative Error 0.0004806506331078708
Epoch 548 Relative Error 0.0005014669732190669
Epoch 549 Relative Error 0.00048756980686448514
Epoch 550 Relative Error 0.0004611583426594734
Epoch 551 Relative Error 0.0003754499484784901
Epoch 552 Relative Error 0.0004551930178422481
Epoch 553 Relative Error 0.00047493819147348404
Epoch 554 Relative Error 0.00045530995703302324
Epoch 555 Relative Error 0.0005150167271494865
Epoch 556 Relative Error 0.0004904144443571568
Epoch 557 Relative Error 0.0005392353632487357
Epoch 558 Relative Error 0.0004454942827578634
Epoch 559 Relative Error 0.0004713981761597097
Epoch 560 Relative Error 0.0005541861755773425
Epoch 561 Relative Error 0.0005394691252149642
Epoch 562 Relative Error 0.0005636517307721078
Epoch 563 Relative Error 0.000497717410326004
Epoch 564 Relative Error 0.0005258202436380088
Epoch 565 Relative Error 0.0006527287187054753
Epoch 566 Relative Error 0.0006744681159034371
Epoch 567 Relative Error 0.0006822457071393728
Epoch 568 Relative Error 0.0005980575224384665
Epoch 569 Relative Error 0.000566527247428894
Epoch 570 Relative Error 0.0004989083390682936
Epoch 571 Relative Error 0.0004217310925014317
Epoch 572 Relative Error 0.0003935371059924364
Epoch 573 Relative Error 0.000499516783747822
Epoch 574 Relative Error 0.00047147940495051444
Epoch 575 Relative Error 0.00052526785293594
Epoch 576 Relative Error 0.0005265576182864606
Epoch 577 Relative Error 0.0005993679515086114
Epoch 578 Relative Error 0.0004489538841880858
Epoch 579 Relative Error 0.0005361136863939464
Epoch 580 Relative Error 0.0005920219700783491
Epoch 581 Relative Error 0.0005985942552797496
Epoch 582 Relative Error 0.0005266974912956357
Epoch 583 Relative Error 0.0005921942065469921
Epoch 584 Relative Error 0.0005093446234241128
Epoch 585 Relative Error 0.0005729137337766588
Epoch 586 Relative Error 0.0004759554867632687
Epoch 587 Relative Error 0.0004833599377889186
Epoch 588 Relative Error 0.0005008309963159263
Epoch 589 Relative Error 0.00045558635611087084
Epoch 590 Relative Error 0.0005434583290480077
Epoch 591 Relative Error 0.000518395914696157
Epoch 592 Relative Error 0.0006111390539444983
Epoch 593 Relative Error 0.0005917780799791217
Epoch 594 Relative Error 0.0006340097752399743
Epoch 595 Relative Error 0.0005388036370277405
Epoch 596 Relative Error 0.0005871489993296564
Epoch 597 Relative Error 0.0005098914843983948
Epoch 598 Relative Error 0.0006064505432732403
Epoch 599 Relative Error 0.0005357894115149975
Epoch 600 Relative Error 0.0005182308377698064
Epoch 601 Relative Error 0.000522222020663321
Epoch 602 Relative Error 0.0005249229725450277
Epoch 603 Relative Error 0.00047368291416205466
Epoch 604 Relative Error 0.0005351746222004294
Epoch 605 Relative Error 0.0005282099009491503
Epoch 606 Relative Error 0.0005229347152635455
Epoch 607 Relative Error 0.0005960603011772037
Epoch 608 Relative Error 0.0005919741233810782
Epoch 609 Relative Error 0.0005641910247504711
Epoch 610 Relative Error 0.0005315305897966027
Epoch 611 Relative Error 0.0005158214480616152
Epoch 612 Relative Error 0.0005566365434788167
Epoch 613 Relative Error 0.0005067845922894776
Epoch 614 Relative Error 0.0005530065391212702
Epoch 615 Relative Error 0.0005074865184724331
Epoch 616 Relative Error 0.0005640837480314076
Epoch 617 Relative Error 0.0005687287775799632
Epoch 618 Relative Error 0.0005644236807711422
Epoch 619 Relative Error 0.0005317859468050301
Epoch 620 Relative Error 0.0005694949068129063
Epoch 621 Relative Error 0.000589708739425987
Epoch 622 Relative Error 0.0004972557653672993
Epoch 623 Relative Error 0.0005102865397930145
Epoch 624 Relative Error 0.00047711897059343755
Epoch 625 Relative Error 0.00051034742500633
Epoch 626 Relative Error 0.000463109026895836
Epoch 627 Relative Error 0.0005543464212678373
Epoch 628 Relative Error 0.0005755581078119576
Epoch 629 Relative Error 0.0005710505647584796
Epoch 630 Relative Error 0.000519414315931499
Epoch 631 Relative Error 0.000500243972055614
Epoch 632 Relative Error 0.00043093026033602655
Epoch 633 Relative Error 0.0005063792923465371
Epoch 634 Relative Error 0.0005170230870135128
Epoch 635 Relative Error 0.0005660508759319782
Epoch 636 Relative Error 0.0005246885702945292
Epoch 637 Relative Error 0.0004879996704403311
Epoch 638 Relative Error 0.0004747721250168979
Epoch 639 Relative Error 0.0005155715043656528
Epoch 640 Relative Error 0.00048305458039976656
Epoch 641 Relative Error 0.00043835773249156773
Epoch 642 Relative Error 0.0004433283465914428
Epoch 643 Relative Error 0.00040466131758876145
Epoch 644 Relative Error 0.0004093397001270205
Epoch 645 Relative Error 0.0004095804470125586
Epoch 646 Relative Error 0.00040256427018903196
Epoch 647 Relative Error 0.000479036447359249
Epoch 648 Relative Error 0.0005136310937814415
Epoch 649 Relative Error 0.0004317212151363492
Epoch 650 Relative Error 0.0004477736947592348
Epoch 651 Relative Error 0.00048306415555998683
Epoch 652 Relative Error 0.00045090250205248594
Epoch 653 Relative Error 0.00043398444540798664
Epoch 654 Relative Error 0.0004486716352403164
Epoch 655 Relative Error 0.0004657875106204301
Epoch 656 Relative Error 0.0005042365519329906
Epoch 657 Relative Error 0.00043799568084068596
Epoch 658 Relative Error 0.0005416357889771461
Epoch 659 Relative Error 0.0005156223196536303
Epoch 660 Relative Error 0.0004895325982943177
Epoch 661 Relative Error 0.0005173846147954464
Epoch 662 Relative Error 0.0004306537739466876
Epoch 663 Relative Error 0.0004947386914864182
Epoch 664 Relative Error 0.0005881311371922493
Epoch 665 Relative Error 0.0005751613643951714
Epoch 666 Relative Error 0.0005659142625518143
Epoch 667 Relative Error 0.0005262771737761796
Epoch 668 Relative Error 0.0005158321000635624
Epoch 669 Relative Error 0.0007371395477093756
Epoch 670 Relative Error 0.0006767087616026402
Epoch 671 Relative Error 0.0007723795715719461
Epoch 672 Relative Error 0.0008846903219819069
Epoch 673 Relative Error 0.0008137163822539151
Epoch 674 Relative Error 0.0006459109717980027
Epoch 675 Relative Error 0.0006814599619247019
Epoch 676 Relative Error 0.000560365675482899
Epoch 677 Relative Error 0.000636589655186981
Epoch 678 Relative Error 0.0006689740112051368
Epoch 679 Relative Error 0.0005420238594524562
Epoch 680 Relative Error 0.0005084759905003011
Epoch 681 Relative Error 0.0004902690998278558
Epoch 682 Relative Error 0.0005362576921470463
Epoch 683 Relative Error 0.0005206511123105884
Epoch 684 Relative Error 0.0004737444978673011
Epoch 685 Relative Error 0.0005038445815443993
Epoch 686 Relative Error 0.0004539058427326381
Epoch 687 Relative Error 0.0005092198261991143
Epoch 688 Relative Error 0.000524180824868381
Epoch 689 Relative Error 0.00047373416600748897
Epoch 690 Relative Error 0.0004733554378617555
Epoch 691 Relative Error 0.0005954622756689787
Epoch 692 Relative Error 0.00053976388880983
Epoch 693 Relative Error 0.000528820208273828
Epoch 694 Relative Error 0.0005533560179173946
Epoch 695 Relative Error 0.0005031042383052409
Epoch 696 Relative Error 0.00040904266643337905
Epoch 697 Relative Error 0.00041090475860983133
Epoch 698 Relative Error 0.000518818327691406
Epoch 699 Relative Error 0.000460986775578931
Epoch 700 Relative Error 0.00046589624253101647
Epoch 701 Relative Error 0.0005307457759045064
Epoch 702 Relative Error 0.0005056019290350378
Epoch 703 Relative Error 0.00043440598528832197
Epoch 704 Relative Error 0.0004477948241401464
Epoch 705 Relative Error 0.00048753400915302336
Epoch 706 Relative Error 0.00044454613816924393
Epoch 707 Relative Error 0.00041533829062245786
Epoch 708 Relative Error 0.0004275176615919918
Epoch 709 Relative Error 0.0004433362337294966
Epoch 710 Relative Error 0.0004315772675909102
Epoch 711 Relative Error 0.0004263959126546979
Epoch 712 Relative Error 0.0004027860995847732
Epoch 713 Relative Error 0.0004725801118183881
Epoch 714 Relative Error 0.000441970129031688
Epoch 715 Relative Error 0.0005489863106049597
Epoch 716 Relative Error 0.000587527931202203
Epoch 717 Relative Error 0.0006028427742421627
Epoch 718 Relative Error 0.0005536590470001101
Epoch 719 Relative Error 0.000516726344358176
Epoch 720 Relative Error 0.00044699202408082783
Epoch 721 Relative Error 0.00040706785512156785
Epoch 722 Relative Error 0.00039102567825466394
Epoch 723 Relative Error 0.0004834447172470391
Epoch 724 Relative Error 0.00040251071914099157
Epoch 725 Relative Error 0.0003678284410852939
Epoch 726 Relative Error 0.0004076919867657125
Epoch 727 Relative Error 0.00045145387412048876
Epoch 728 Relative Error 0.00037766946479678154
Epoch 729 Relative Error 0.00045925856102257967
Epoch 730 Relative Error 0.0003847760381177068
Epoch 731 Relative Error 0.00040662780520506203
Epoch 732 Relative Error 0.00044492955203168094
Epoch 733 Relative Error 0.00045122942538000643
Epoch 734 Relative Error 0.0004678149416577071
Epoch 735 Relative Error 0.0004304886097088456
Epoch 736 Relative Error 0.00044760547461919487
Epoch 737 Relative Error 0.00044386027730070055
Epoch 738 Relative Error 0.0004352924006525427
Epoch 739 Relative Error 0.00047672505024820566
Epoch 740 Relative Error 0.0004875303420703858
Epoch 741 Relative Error 0.0005499990074895322
Epoch 742 Relative Error 0.0005157288978807628
Epoch 743 Relative Error 0.0005002579418942332
Epoch 744 Relative Error 0.00042600242886692286
Epoch 745 Relative Error 0.000497723463922739
Epoch 746 Relative Error 0.00048696843441575766
Epoch 747 Relative Error 0.00046930229291319847
Epoch 748 Relative Error 0.00049022730672732
Epoch 749 Relative Error 0.00046819288400001824
Epoch 750 Relative Error 0.00044836095185019076
Epoch 751 Relative Error 0.00043924691271968186
Epoch 752 Relative Error 0.00040954913129098713
Epoch 753 Relative Error 0.00040314471698366106
Epoch 754 Relative Error 0.00043612829176709056
Epoch 755 Relative Error 0.0004298568528611213
Epoch 756 Relative Error 0.0004883777000941336
Epoch 757 Relative Error 0.0004971098387613893
Epoch 758 Relative Error 0.0005087109166197479
Epoch 759 Relative Error 0.000573661585804075
Epoch 760 Relative Error 0.0006079195882193744
Epoch 761 Relative Error 0.0006101332837715745
Epoch 762 Relative Error 0.0005592943052761257
Epoch 763 Relative Error 0.0005210569361224771
Epoch 764 Relative Error 0.000566539354622364
Epoch 765 Relative Error 0.0005118250846862793
Epoch 766 Relative Error 0.0005535650998353958
Epoch 767 Relative Error 0.0006272795144468546
Epoch 768 Relative Error 0.000516274943947792
Epoch 769 Relative Error 0.0004869380791205913
Epoch 770 Relative Error 0.0005071713821962476
Epoch 771 Relative Error 0.0005135462852194905
Epoch 772 Relative Error 0.00045597596908919513
Epoch 773 Relative Error 0.0005297652096487582
Epoch 774 Relative Error 0.0005139944842085242
Epoch 775 Relative Error 0.0005788063281215727
Epoch 776 Relative Error 0.000603650463744998
Epoch 777 Relative Error 0.0005720598273910582
Epoch 778 Relative Error 0.0004965064581483603
Epoch 779 Relative Error 0.000503398769069463
Epoch 780 Relative Error 0.00045214203419163823
Epoch 781 Relative Error 0.0005914616631343961
Epoch 782 Relative Error 0.0005051123443990946
Epoch 783 Relative Error 0.0004946735571138561
Epoch 784 Relative Error 0.00045785753172822297
Epoch 785 Relative Error 0.000429831154178828
Epoch 786 Relative Error 0.0005056735244579613
Epoch 787 Relative Error 0.0005150856450200081
Epoch 788 Relative Error 0.0005042086122557521
Epoch 789 Relative Error 0.00043120034388266504
Epoch 790 Relative Error 0.0004801384056918323
Epoch 791 Relative Error 0.0004714262031484395
Epoch 792 Relative Error 0.0003799447149503976
Epoch 793 Relative Error 0.000535700237378478
Epoch 794 Relative Error 0.0004994250484742224
Epoch 795 Relative Error 0.000530017598066479
Epoch 796 Relative Error 0.0005592090892605484
Epoch 797 Relative Error 0.0004764104087371379
Epoch 798 Relative Error 0.000502914423123002
Epoch 799 Relative Error 0.0004383446939755231
Epoch 800 Relative Error 0.0004268178599886596
Epoch 801 Relative Error 0.0004267746116966009
Epoch 802 Relative Error 0.00046508247032761574
Epoch 803 Relative Error 0.00045278214383870363
Epoch 804 Relative Error 0.0004107641871087253
Epoch 805 Relative Error 0.00047411644482053816
Epoch 806 Relative Error 0.0005453004268929362
Epoch 807 Relative Error 0.00047458033077418804
Epoch 808 Relative Error 0.0004476133326534182
Epoch 809 Relative Error 0.00040738109964877367
Epoch 810 Relative Error 0.0003692240861710161
Epoch 811 Relative Error 0.0004078072088304907
Epoch 812 Relative Error 0.0004156990326009691
Epoch 813 Relative Error 0.00039385395939461887
Epoch 814 Relative Error 0.0004926488036289811
Epoch 815 Relative Error 0.0004932858282700181
Epoch 816 Relative Error 0.0004732420202344656
Epoch 817 Relative Error 0.0005795448087155819
Epoch 818 Relative Error 0.0005845054984092712
Epoch 819 Relative Error 0.0005014499183744192
Epoch 820 Relative Error 0.0005796045297756791
Epoch 821 Relative Error 0.00048495756345801055
Epoch 822 Relative Error 0.0005050394684076309
Epoch 823 Relative Error 0.0005819605430588126
Epoch 824 Relative Error 0.00047064590035006404
Epoch 825 Relative Error 0.00040051969699561596
Epoch 826 Relative Error 0.0004226375313010067
Epoch 827 Relative Error 0.00039647502126172185
Epoch 828 Relative Error 0.000526613206602633
Epoch 829 Relative Error 0.0005682276096194983
Epoch 830 Relative Error 0.0004939779173582792
Epoch 831 Relative Error 0.0005040442920289934
Epoch 832 Relative Error 0.0004391747934278101
Epoch 833 Relative Error 0.00045574811520054936
Epoch 834 Relative Error 0.0005856154602952302
Epoch 835 Relative Error 0.0004972111782990396
Epoch 836 Relative Error 0.0005092138308100402
Epoch 837 Relative Error 0.0005683112540282309
Epoch 838 Relative Error 0.00067723891697824
Epoch 839 Relative Error 0.0006656232289969921
Epoch 840 Relative Error 0.0006285381969064474
Epoch 841 Relative Error 0.000633543124422431
Epoch 842 Relative Error 0.0006053614197298884
Epoch 843 Relative Error 0.0006100619211792946
Epoch 844 Relative Error 0.0004953937022946775
Epoch 845 Relative Error 0.0005742245120927691
Epoch 846 Relative Error 0.0005578499985858798
Epoch 847 Relative Error 0.0006203907541930676
Epoch 848 Relative Error 0.0007520277285948396
Epoch 849 Relative Error 0.0006325605208985507
Epoch 850 Relative Error 0.0005618429277092218
Epoch 851 Relative Error 0.0006998734315857291
Epoch 852 Relative Error 0.0006242750678211451
Epoch 853 Relative Error 0.0005589061183854938
Epoch 854 Relative Error 0.0005795814795419574
Epoch 855 Relative Error 0.0006203826633282006
Epoch 856 Relative Error 0.0005131550715304911
Epoch 857 Relative Error 0.000689587090164423
Epoch 858 Relative Error 0.0006663720705546439
Epoch 859 Relative Error 0.0006282951799221337
Epoch 860 Relative Error 0.0006061427993699908
Epoch 861 Relative Error 0.0005689667304977775
Epoch 862 Relative Error 0.000603391497861594
Epoch 863 Relative Error 0.0006158502073958516
Epoch 864 Relative Error 0.0005034838686697185
Epoch 865 Relative Error 0.0005837618955411017
Epoch 866 Relative Error 0.0005751469871029258
Epoch 867 Relative Error 0.0007152177859097719
Epoch 868 Relative Error 0.0005870868335478008
Epoch 869 Relative Error 0.0004900598432868719
Epoch 870 Relative Error 0.0006159889744594693
Epoch 871 Relative Error 0.000618606514763087
Epoch 872 Relative Error 0.000702570250723511
Epoch 873 Relative Error 0.0005533763905987144
Epoch 874 Relative Error 0.0005135209648869932
Epoch 875 Relative Error 0.0005534626543521881
Epoch 876 Relative Error 0.0005927692400291562
Epoch 877 Relative Error 0.00045837051584385335
Epoch 878 Relative Error 0.0004483636002987623
Epoch 879 Relative Error 0.0004335769626777619
Epoch 880 Relative Error 0.0004981255624443293
Epoch 881 Relative Error 0.00046028554788790643
Epoch 882 Relative Error 0.00044385576620697975
Epoch 883 Relative Error 0.0005045976722612977
Epoch 884 Relative Error 0.0005248088855296373
Epoch 885 Relative Error 0.0005412482423707843
Epoch 886 Relative Error 0.00047308276407420635
Epoch 887 Relative Error 0.0004828088858630508
Epoch 888 Relative Error 0.00048365857219323516
Epoch 889 Relative Error 0.0004926100955344737
Epoch 890 Relative Error 0.0005683834315277636
Epoch 891 Relative Error 0.0004945721593685448
Epoch 892 Relative Error 0.00047354347771033645
Epoch 893 Relative Error 0.0005274596624076366
Epoch 894 Relative Error 0.0004837398009840399
Epoch 895 Relative Error 0.0004930468276143074
Epoch 896 Relative Error 0.0005098737310618162
Epoch 897 Relative Error 0.0005835445481352508
Epoch 898 Relative Error 0.0006847059121355414
Epoch 899 Relative Error 0.0004968511639162898
Epoch 900 Relative Error 0.000486849487060681
Epoch 901 Relative Error 0.0004750956723000854
Epoch 902 Relative Error 0.0004742353339679539
Epoch 903 Relative Error 0.0005993425147607923
Epoch 904 Relative Error 0.0005440152599476278
Epoch 905 Relative Error 0.000590496463701129
Epoch 906 Relative Error 0.0005101163988001645
Epoch 907 Relative Error 0.000476962944958359
Epoch 908 Relative Error 0.00044705119216814637
Epoch 909 Relative Error 0.0005118558183312416
Epoch 910 Relative Error 0.00044638419058173895
Epoch 911 Relative Error 0.00044182766578160226
Epoch 912 Relative Error 0.0006011580117046833
Epoch 913 Relative Error 0.0005369111313484609
Epoch 914 Relative Error 0.0005079143447801471
Epoch 915 Relative Error 0.0005175130208954215
Epoch 916 Relative Error 0.000506858981680125
Epoch 917 Relative Error 0.0005264723440632224
Epoch 918 Relative Error 0.0005140460561960936
Epoch 919 Relative Error 0.00047987361904233694
Epoch 920 Relative Error 0.000505804899148643
Epoch 921 Relative Error 0.000503498362377286
Epoch 922 Relative Error 0.0005194431287236512
Epoch 923 Relative Error 0.0005319016636349261
Epoch 924 Relative Error 0.00045865337597206235
Epoch 925 Relative Error 0.00044814858119934797
Epoch 926 Relative Error 0.00041140802204608917
Epoch 927 Relative Error 0.00046957857557572424
Epoch 928 Relative Error 0.00046280125388875604
Epoch 929 Relative Error 0.0004750864172820002
Epoch 930 Relative Error 0.00044098770013079047
Epoch 931 Relative Error 0.0005263619241304696
Epoch 932 Relative Error 0.0004416371521074325
Epoch 933 Relative Error 0.0004555890045594424
Epoch 934 Relative Error 0.00043490598909556866
Epoch 935 Relative Error 0.00042263715295121074
Epoch 936 Relative Error 0.0004201742121949792
Epoch 937 Relative Error 0.0004702004953287542
Epoch 938 Relative Error 0.0004951173323206604
Epoch 939 Relative Error 0.000511553545948118
Epoch 940 Relative Error 0.0005669324309565127
Epoch 941 Relative Error 0.0005286376690492034
Epoch 942 Relative Error 0.0005220772582106292
Epoch 943 Relative Error 0.0006780634867027402
Epoch 944 Relative Error 0.0006559318862855434
Epoch 945 Relative Error 0.0006061089807190001
Epoch 946 Relative Error 0.0005697160959243774
Epoch 947 Relative Error 0.0005285752122290432
Epoch 948 Relative Error 0.00047727685887366533
Epoch 949 Relative Error 0.00045644378405995667
Epoch 950 Relative Error 0.00039494215161539614
Epoch 951 Relative Error 0.00046913797268643975
Epoch 952 Relative Error 0.0004323955799918622
Epoch 953 Relative Error 0.000432653003372252
Epoch 954 Relative Error 0.0003995604638475925
Epoch 955 Relative Error 0.0005293910508044064
Epoch 956 Relative Error 0.0005219024023972452
Epoch 957 Relative Error 0.00045030616456642747
Epoch 958 Relative Error 0.0005761770880781114
Epoch 959 Relative Error 0.0005014716880396008
Epoch 960 Relative Error 0.000707794155459851
Epoch 961 Relative Error 0.0006701064412482083
Epoch 962 Relative Error 0.0006696521304547787
Epoch 963 Relative Error 0.0006165019585750997
Epoch 964 Relative Error 0.000524283095728606
Epoch 965 Relative Error 0.0004834856663364917
Epoch 966 Relative Error 0.000540138513315469
Epoch 967 Relative Error 0.00048503431025892496
Epoch 968 Relative Error 0.0006153825088404119
Epoch 969 Relative Error 0.0006283216644078493
Epoch 970 Relative Error 0.0006346082664094865
Epoch 971 Relative Error 0.0006882377783767879
Epoch 972 Relative Error 0.0006638038903474808
Epoch 973 Relative Error 0.0008067156304605305
Epoch 974 Relative Error 0.0006748271989636123
Epoch 975 Relative Error 0.0006549624959006906
Epoch 976 Relative Error 0.0006330626783892512
Epoch 977 Relative Error 0.0005400561494752765
Epoch 978 Relative Error 0.0005889945896342397
Epoch 979 Relative Error 0.000601061328779906
Epoch 980 Relative Error 0.0005582367884926498
Epoch 981 Relative Error 0.0006509634549729526
Epoch 982 Relative Error 0.0006559781613759696
Epoch 983 Relative Error 0.00047956433263607323
Epoch 984 Relative Error 0.00045470180339179933
Epoch 985 Relative Error 0.0004863065551035106
Epoch 986 Relative Error 0.0005007236613892019
Epoch 987 Relative Error 0.0005280168843455613
Epoch 988 Relative Error 0.000576874939724803
Epoch 989 Relative Error 0.0005929001490585506
Epoch 990 Relative Error 0.0006145586958155036
Epoch 991 Relative Error 0.0006024210597388446
Epoch 992 Relative Error 0.0004854404251091182
Epoch 993 Relative Error 0.0005304174846969545
Epoch 994 Relative Error 0.0006446662009693682
Epoch 995 Relative Error 0.0007205744623206556
Epoch 996 Relative Error 0.0006089871167205274
Epoch 997 Relative Error 0.0005588358035311103
Epoch 998 Relative Error 0.0006016659899614751
Epoch 999 Relative Error 0.0005526094464585185
Epoch 1000 Relative Error 0.0006508215446956456
RE (0, 5, 3, 0): 0.0003285479615442455
Green's Function RE (0, 5, 3, 0): 0.6854121088981628
Bias Term RE (0, 5, 3, 0): 0.5814771056175232
Combination (0, 5, 3, 0, 0): 0.6730644702911377
Combination (0, 5, 3, 0, 1): 0.673697292804718
Combination (0, 5, 3, 0, 2): 0.6738920211791992
Combination (0, 5, 3, 0, 3): 0.6739574074745178
Combination (0, 5, 3, 0, 4): 0.6739841103553772

/home/gridsan/gstepaniants/.local/lib/python3.8/site-packages/torch/functional.py:478: UserWarning: torch.meshgrid: in an upcoming release, it will be required to pass the indexing argument. (Triggered internally at  ../aten/src/ATen/native/TensorShape.cpp:2895.)
  return _VF.meshgrid(tensors, **kwargs)  # type: ignore[attr-defined]
