[KeOps] Warning : Cuda libraries were not detected on the system ; using cpu only mode
1
Kernel: Exponential
Weight Mesh: 50
RKHS Kernel Width: 1.0
Lambda: 1e-06
Green's Function Learning Rate: 100
Bias Term Learning Rate: 100
Epoch 1 Relative Error 45254.41015625
First epoch had re = 45254.41015625 > 1
Green's Function Learning Rate: 50
Bias Term Learning Rate: 50
Epoch 1 Relative Error 15489.86328125
First epoch had re = 15489.86328125 > 1
Green's Function Learning Rate: 10
Bias Term Learning Rate: 10
Epoch 1 Relative Error 2885.519775390625
First epoch had re = 2885.519775390625 > 1
Green's Function Learning Rate: 5
Bias Term Learning Rate: 5
Epoch 1 Relative Error 1476.599365234375
First epoch had re = 1476.599365234375 > 1
Green's Function Learning Rate: 1
Bias Term Learning Rate: 1
Epoch 1 Relative Error 250.2250518798828
First epoch had re = 250.2250518798828 > 1
Green's Function Learning Rate: 0.5
Bias Term Learning Rate: 0.5
Epoch 1 Relative Error 171.03237915039062
First epoch had re = 171.03237915039062 > 1
Green's Function Learning Rate: 0.1
Bias Term Learning Rate: 0.1
Epoch 1 Relative Error 34.59284210205078
First epoch had re = 34.59284210205078 > 1
Green's Function Learning Rate: 0.05
Bias Term Learning Rate: 0.05
Epoch 1 Relative Error 16.670753479003906
First epoch had re = 16.670753479003906 > 1
Green's Function Learning Rate: 0.01
Bias Term Learning Rate: 0.01
Epoch 1 Relative Error 1.7508479356765747
First epoch had re = 1.7508479356765747 > 1
Green's Function Learning Rate: 0.005
Bias Term Learning Rate: 0.005
Epoch 1 Relative Error 1.130353331565857
First epoch had re = 1.130353331565857 > 1
Green's Function Learning Rate: 0.001
Bias Term Learning Rate: 0.001
Epoch 1 Relative Error 1.136385202407837
First epoch had re = 1.136385202407837 > 1
Green's Function Learning Rate: 0.0005
Bias Term Learning Rate: 0.0005
Epoch 1 Relative Error 0.924111008644104
Epoch 2 Relative Error 1.0100082159042358
Epoch 3 Relative Error 0.7911080718040466
Epoch 4 Relative Error 0.7608814835548401
Epoch 5 Relative Error 0.8016191720962524
Epoch 6 Relative Error 0.8640880584716797
Epoch 7 Relative Error 0.8060728311538696
Epoch 8 Relative Error 0.7622956037521362
Epoch 9 Relative Error 0.7802999019622803
Epoch 10 Relative Error 0.8022162914276123
Epoch 11 Relative Error 0.7746309041976929
Epoch 12 Relative Error 0.7542980313301086
Epoch 13 Relative Error 0.7689071893692017
Epoch 14 Relative Error 0.768586277961731
Epoch 15 Relative Error 0.743912935256958
Epoch 16 Relative Error 0.7403416633605957
Epoch 17 Relative Error 0.7491558194160461
Epoch 18 Relative Error 0.7330306768417358
Epoch 19 Relative Error 0.7240105867385864
Epoch 20 Relative Error 0.7250231504440308
Epoch 21 Relative Error 0.7218666076660156
Epoch 22 Relative Error 0.7077365517616272
Epoch 23 Relative Error 0.7031293511390686
Epoch 24 Relative Error 0.7056616544723511
Epoch 25 Relative Error 0.6917237639427185
Epoch 26 Relative Error 0.6858488321304321
Epoch 27 Relative Error 0.6878431439399719
Epoch 28 Relative Error 0.6744971871376038
Epoch 29 Relative Error 0.6730722188949585
Epoch 30 Relative Error 0.6699867248535156
Epoch 31 Relative Error 0.6614522933959961
Epoch 32 Relative Error 0.6551929116249084
Epoch 33 Relative Error 0.6497994065284729
Epoch 34 Relative Error 0.6435404419898987
Epoch 35 Relative Error 0.6395975351333618
Epoch 36 Relative Error 0.6360048055648804
Epoch 37 Relative Error 0.6273107528686523
Epoch 38 Relative Error 0.6273002028465271
Epoch 39 Relative Error 0.6181938648223877
Epoch 40 Relative Error 0.6143397688865662
Epoch 41 Relative Error 0.6094711422920227
Epoch 42 Relative Error 0.6072036027908325
Epoch 43 Relative Error 0.5967525839805603
Epoch 44 Relative Error 0.599964439868927
Epoch 45 Relative Error 0.5894631147384644
Epoch 46 Relative Error 0.5788434147834778
Epoch 47 Relative Error 0.5898275971412659
Epoch 48 Relative Error 0.5751495361328125
Epoch 49 Relative Error 0.5688384771347046
Epoch 50 Relative Error 0.5732991099357605
Epoch 51 Relative Error 0.5606196522712708
Epoch 52 Relative Error 0.5601248741149902
Epoch 53 Relative Error 0.5573937296867371
Epoch 54 Relative Error 0.5492147207260132
Epoch 55 Relative Error 0.5447338819503784
Epoch 56 Relative Error 0.5480205416679382
Epoch 57 Relative Error 0.5385207533836365
Epoch 58 Relative Error 0.5373536348342896
Epoch 59 Relative Error 0.5304379463195801
Epoch 60 Relative Error 0.5282662510871887
Epoch 61 Relative Error 0.5221699476242065
Epoch 62 Relative Error 0.5195224285125732
Epoch 63 Relative Error 0.5174538493156433
Epoch 64 Relative Error 0.511914849281311
Epoch 65 Relative Error 0.5125111937522888
Epoch 66 Relative Error 0.5057978630065918
Epoch 67 Relative Error 0.5068973302841187
Epoch 68 Relative Error 0.5039956569671631
Epoch 69 Relative Error 0.4931265711784363
Epoch 70 Relative Error 0.5036166906356812
Epoch 71 Relative Error 0.4836704730987549
Epoch 72 Relative Error 0.49515318870544434
Epoch 73 Relative Error 0.48104971647262573
Epoch 74 Relative Error 0.48221006989479065
Epoch 75 Relative Error 0.4851450026035309
Epoch 76 Relative Error 0.47447994351387024
Epoch 77 Relative Error 0.4778098464012146
Epoch 78 Relative Error 0.4726395905017853
Epoch 79 Relative Error 0.4728887379169464
Epoch 80 Relative Error 0.4688968062400818
Epoch 81 Relative Error 0.4636862874031067
Epoch 82 Relative Error 0.46424400806427
Epoch 83 Relative Error 0.46017804741859436
Epoch 84 Relative Error 0.4600050747394562
Epoch 85 Relative Error 0.45605558156967163
Epoch 86 Relative Error 0.45851245522499084
Epoch 87 Relative Error 0.44899487495422363
Epoch 88 Relative Error 0.4528437852859497
Epoch 89 Relative Error 0.4493939280509949
Epoch 90 Relative Error 0.4451318085193634
Epoch 91 Relative Error 0.4481578767299652
Epoch 92 Relative Error 0.4402249753475189
Epoch 93 Relative Error 0.4435689449310303
Epoch 94 Relative Error 0.43973204493522644
Epoch 95 Relative Error 0.4373985826969147
Epoch 96 Relative Error 0.436976820230484
Epoch 97 Relative Error 0.4357796907424927
Epoch 98 Relative Error 0.432399183511734
Epoch 99 Relative Error 0.4322963356971741
Epoch 100 Relative Error 0.4308391511440277
Epoch 101 Relative Error 0.42877131700515747
Epoch 102 Relative Error 0.42790549993515015
Epoch 103 Relative Error 0.42722252011299133
Epoch 104 Relative Error 0.42396366596221924
Epoch 105 Relative Error 0.4259108006954193
Epoch 106 Relative Error 0.42119306325912476
Epoch 107 Relative Error 0.4239034354686737
Epoch 108 Relative Error 0.418922483921051
Epoch 109 Relative Error 0.42160311341285706
Epoch 110 Relative Error 0.4163171350955963
Epoch 111 Relative Error 0.4197957515716553
Epoch 112 Relative Error 0.41420304775238037
Epoch 113 Relative Error 0.4152519106864929
Epoch 114 Relative Error 0.4137862026691437
Epoch 115 Relative Error 0.41361603140830994
Epoch 116 Relative Error 0.4120274484157562
Epoch 117 Relative Error 0.4119957983493805
Epoch 118 Relative Error 0.40968233346939087
Epoch 119 Relative Error 0.4098065197467804
Epoch 120 Relative Error 0.4075799882411957
Epoch 121 Relative Error 0.40831783413887024
Epoch 122 Relative Error 0.40648379921913147
Epoch 123 Relative Error 0.4068108797073364
Epoch 124 Relative Error 0.40469902753829956
Epoch 125 Relative Error 0.4052903652191162
Epoch 126 Relative Error 0.40332818031311035
Epoch 127 Relative Error 0.40313521027565
Epoch 128 Relative Error 0.40287187695503235
Epoch 129 Relative Error 0.4019348621368408
Epoch 130 Relative Error 0.4012003242969513
Epoch 131 Relative Error 0.40047958493232727
Epoch 132 Relative Error 0.400395929813385
Epoch 133 Relative Error 0.3995274007320404
Epoch 134 Relative Error 0.39793214201927185
Epoch 135 Relative Error 0.39793941378593445
Epoch 136 Relative Error 0.3980126678943634
Epoch 137 Relative Error 0.39621952176094055
Epoch 138 Relative Error 0.3965636193752289
Epoch 139 Relative Error 0.3958832025527954
Epoch 140 Relative Error 0.3955484926700592
Epoch 141 Relative Error 0.3941887319087982
Epoch 142 Relative Error 0.39492273330688477
Epoch 143 Relative Error 0.3931606113910675
Epoch 144 Relative Error 0.3941397964954376
Epoch 145 Relative Error 0.39293280243873596
Epoch 146 Relative Error 0.39199715852737427
Epoch 147 Relative Error 0.3919958174228668
Epoch 148 Relative Error 0.3910512626171112
Epoch 149 Relative Error 0.3915497660636902
Epoch 150 Relative Error 0.39039790630340576
Epoch 151 Relative Error 0.3904157876968384
Epoch 152 Relative Error 0.3892698884010315
Epoch 153 Relative Error 0.38903242349624634
Epoch 154 Relative Error 0.38897112011909485
Epoch 155 Relative Error 0.38878706097602844
Epoch 156 Relative Error 0.3881569504737854
Epoch 157 Relative Error 0.38767334818840027
Epoch 158 Relative Error 0.3870594799518585
Epoch 159 Relative Error 0.3874574899673462
Epoch 160 Relative Error 0.38603466749191284
Epoch 161 Relative Error 0.38662445545196533
Epoch 162 Relative Error 0.3855205476284027
Epoch 163 Relative Error 0.38601577281951904
Epoch 164 Relative Error 0.38469889760017395
Epoch 165 Relative Error 0.3846323490142822
Epoch 166 Relative Error 0.38395288586616516
Epoch 167 Relative Error 0.3841624855995178
Epoch 168 Relative Error 0.3831718862056732
Epoch 169 Relative Error 0.3837772607803345
Epoch 170 Relative Error 0.382551372051239
Epoch 171 Relative Error 0.3825682997703552
Epoch 172 Relative Error 0.3824036419391632
Epoch 173 Relative Error 0.38155847787857056
Epoch 174 Relative Error 0.381744921207428
Epoch 175 Relative Error 0.3811451196670532
Epoch 176 Relative Error 0.38086003065109253
Epoch 177 Relative Error 0.3805066645145416
Epoch 178 Relative Error 0.3803960978984833
Epoch 179 Relative Error 0.3798322081565857
Epoch 180 Relative Error 0.37964683771133423
Epoch 181 Relative Error 0.37910738587379456
Epoch 182 Relative Error 0.37885555624961853
Epoch 183 Relative Error 0.3789213001728058
Epoch 184 Relative Error 0.3780069947242737
Epoch 185 Relative Error 0.3779820501804352
Epoch 186 Relative Error 0.37801671028137207
Epoch 187 Relative Error 0.37717539072036743
Epoch 188 Relative Error 0.37743568420410156
Epoch 189 Relative Error 0.3764137923717499
Epoch 190 Relative Error 0.3773893713951111
Epoch 191 Relative Error 0.37604278326034546
Epoch 192 Relative Error 0.3761211633682251
Epoch 193 Relative Error 0.3753761351108551
Epoch 194 Relative Error 0.37560954689979553
Epoch 195 Relative Error 0.37478068470954895
Epoch 196 Relative Error 0.37545689940452576
Epoch 197 Relative Error 0.3743814527988434
Epoch 198 Relative Error 0.3741731643676758
Epoch 199 Relative Error 0.3739408850669861
Epoch 200 Relative Error 0.3734707236289978
Epoch 201 Relative Error 0.3733208477497101
Epoch 202 Relative Error 0.373014360666275
Epoch 203 Relative Error 0.37260717153549194
Epoch 204 Relative Error 0.37261295318603516
Epoch 205 Relative Error 0.37204501032829285
Epoch 206 Relative Error 0.371796578168869
Epoch 207 Relative Error 0.37182411551475525
Epoch 208 Relative Error 0.3712542653083801
Epoch 209 Relative Error 0.3711974620819092
Epoch 210 Relative Error 0.3705878257751465
Epoch 211 Relative Error 0.3704800307750702
Epoch 212 Relative Error 0.370201975107193
Epoch 213 Relative Error 0.3696651756763458
Epoch 214 Relative Error 0.3692789077758789
Epoch 215 Relative Error 0.3696941137313843
Epoch 216 Relative Error 0.3686688244342804
Epoch 217 Relative Error 0.36913082003593445
Epoch 218 Relative Error 0.36822062730789185
Epoch 219 Relative Error 0.36816805601119995
Epoch 220 Relative Error 0.36758753657341003
Epoch 221 Relative Error 0.36779019236564636
Epoch 222 Relative Error 0.36711710691452026
Epoch 223 Relative Error 0.36720022559165955
Epoch 224 Relative Error 0.3665202558040619
Epoch 225 Relative Error 0.3664594888687134
Epoch 226 Relative Error 0.366069495677948
Epoch 227 Relative Error 0.36591625213623047
Epoch 228 Relative Error 0.36545422673225403
Epoch 229 Relative Error 0.3653618395328522
Epoch 230 Relative Error 0.3649718463420868
Epoch 231 Relative Error 0.36458343267440796
Epoch 232 Relative Error 0.36459416151046753
Epoch 233 Relative Error 0.3640206456184387
Epoch 234 Relative Error 0.36394867300987244
Epoch 235 Relative Error 0.36344045400619507
Epoch 236 Relative Error 0.3632791042327881
Epoch 237 Relative Error 0.36283954977989197
Epoch 238 Relative Error 0.3628067672252655
Epoch 239 Relative Error 0.3625546395778656
Epoch 240 Relative Error 0.3623448312282562
Epoch 241 Relative Error 0.36172956228256226
Epoch 242 Relative Error 0.3619482219219208
Epoch 243 Relative Error 0.36110037565231323
Epoch 244 Relative Error 0.36139434576034546
Epoch 245 Relative Error 0.3606051206588745
Epoch 246 Relative Error 0.3606607913970947
Epoch 247 Relative Error 0.3600667119026184
Epoch 248 Relative Error 0.3598320484161377
Epoch 249 Relative Error 0.35982969403266907
Epoch 250 Relative Error 0.3593582808971405
Epoch 251 Relative Error 0.3593326807022095
Epoch 252 Relative Error 0.3588331639766693
Epoch 253 Relative Error 0.35858258605003357
Epoch 254 Relative Error 0.3581308424472809
Epoch 255 Relative Error 0.35802730917930603
Epoch 256 Relative Error 0.35767480731010437
Epoch 257 Relative Error 0.35737526416778564
Epoch 258 Relative Error 0.35715916752815247
Epoch 259 Relative Error 0.35669785737991333
Epoch 260 Relative Error 0.3567325472831726
Epoch 261 Relative Error 0.356071412563324
Epoch 262 Relative Error 0.35623571276664734
Epoch 263 Relative Error 0.3555879592895508
Epoch 264 Relative Error 0.35595813393592834
Epoch 265 Relative Error 0.3550218343734741
Epoch 266 Relative Error 0.35486310720443726
Epoch 267 Relative Error 0.3546341359615326
Epoch 268 Relative Error 0.3544709384441376
Epoch 269 Relative Error 0.35393857955932617
Epoch 270 Relative Error 0.35373687744140625
Epoch 271 Relative Error 0.35366687178611755
Epoch 272 Relative Error 0.35310444235801697
Epoch 273 Relative Error 0.3530557155609131
Epoch 274 Relative Error 0.3526414930820465
Epoch 275 Relative Error 0.35240331292152405
Epoch 276 Relative Error 0.35205456614494324
Epoch 277 Relative Error 0.3517119586467743
Epoch 278 Relative Error 0.35177603363990784
Epoch 279 Relative Error 0.3512427806854248
Epoch 280 Relative Error 0.3510262370109558
Epoch 281 Relative Error 0.3507598042488098
Epoch 282 Relative Error 0.35063445568084717
Epoch 283 Relative Error 0.35005298256874084
Epoch 284 Relative Error 0.34986114501953125
Epoch 285 Relative Error 0.3497556447982788
Epoch 286 Relative Error 0.3492022752761841
Epoch 287 Relative Error 0.34984251856803894
Epoch 288 Relative Error 0.34879377484321594
Epoch 289 Relative Error 0.3492773175239563
Epoch 290 Relative Error 0.34817877411842346
Epoch 291 Relative Error 0.34858790040016174
Epoch 292 Relative Error 0.34757378697395325
Epoch 293 Relative Error 0.3475596308708191
Epoch 294 Relative Error 0.34702834486961365
Epoch 295 Relative Error 0.3473055064678192
Epoch 296 Relative Error 0.34649550914764404
Epoch 297 Relative Error 0.3467823565006256
Epoch 298 Relative Error 0.345954954624176
Epoch 299 Relative Error 0.345865398645401
Epoch 300 Relative Error 0.3454574644565582
Epoch 301 Relative Error 0.3452276885509491
Epoch 302 Relative Error 0.34547168016433716
Epoch 303 Relative Error 0.3446187973022461
Epoch 304 Relative Error 0.3449024558067322
Epoch 305 Relative Error 0.3440846800804138
Epoch 306 Relative Error 0.34466519951820374
Epoch 307 Relative Error 0.34354737401008606
Epoch 308 Relative Error 0.34387150406837463
Epoch 309 Relative Error 0.34302735328674316
Epoch 310 Relative Error 0.34299927949905396
Epoch 311 Relative Error 0.34253939986228943
Epoch 312 Relative Error 0.3422226011753082
Epoch 313 Relative Error 0.3422708511352539
Epoch 314 Relative Error 0.34165313839912415
Epoch 315 Relative Error 0.34168553352355957
Epoch 316 Relative Error 0.3410972058773041
Epoch 317 Relative Error 0.3414885699748993
Epoch 318 Relative Error 0.3405696451663971
Epoch 319 Relative Error 0.340699166059494
Epoch 320 Relative Error 0.3401575982570648
Epoch 321 Relative Error 0.3398079574108124
Epoch 322 Relative Error 0.3397010564804077
Epoch 323 Relative Error 0.3393073081970215
Epoch 324 Relative Error 0.3393964469432831
Epoch 325 Relative Error 0.3387330174446106
Epoch 326 Relative Error 0.33875787258148193
Epoch 327 Relative Error 0.3382103443145752
Epoch 328 Relative Error 0.33818626403808594
Epoch 329 Relative Error 0.3377256691455841
Epoch 330 Relative Error 0.3374899625778198
Epoch 331 Relative Error 0.3372843265533447
Epoch 332 Relative Error 0.33704861998558044
Epoch 333 Relative Error 0.33682379126548767
Epoch 334 Relative Error 0.3363896906375885
Epoch 335 Relative Error 0.3364276587963104
Epoch 336 Relative Error 0.3359162509441376
Epoch 337 Relative Error 0.33576422929763794
Epoch 338 Relative Error 0.3353804349899292
Epoch 339 Relative Error 0.33535024523735046
Epoch 340 Relative Error 0.33485373854637146
Epoch 341 Relative Error 0.33478307723999023
Epoch 342 Relative Error 0.33430778980255127
Epoch 343 Relative Error 0.33418604731559753
Epoch 344 Relative Error 0.333853155374527
Epoch 345 Relative Error 0.33355942368507385
Epoch 346 Relative Error 0.333297997713089
Epoch 347 Relative Error 0.3332917392253876
Epoch 348 Relative Error 0.33281952142715454
Epoch 349 Relative Error 0.33247146010398865
Epoch 350 Relative Error 0.3323173522949219
Epoch 351 Relative Error 0.3320288062095642
Epoch 352 Relative Error 0.3318966031074524
Epoch 353 Relative Error 0.33167675137519836
Epoch 354 Relative Error 0.3311901390552521
Epoch 355 Relative Error 0.3313359320163727
Epoch 356 Relative Error 0.3306712806224823
Epoch 357 Relative Error 0.33092615008354187
Epoch 358 Relative Error 0.33016231656074524
Epoch 359 Relative Error 0.3304579555988312
Epoch 360 Relative Error 0.32971858978271484
Epoch 361 Relative Error 0.32954657077789307
Epoch 362 Relative Error 0.3293553590774536
Epoch 363 Relative Error 0.3288964033126831
Epoch 364 Relative Error 0.32896602153778076
Epoch 365 Relative Error 0.3284282684326172
Epoch 366 Relative Error 0.3283349573612213
Epoch 367 Relative Error 0.3278805613517761
Epoch 368 Relative Error 0.32836368680000305
Epoch 369 Relative Error 0.3273642063140869
Epoch 370 Relative Error 0.32741832733154297
Epoch 371 Relative Error 0.3269118368625641
Epoch 372 Relative Error 0.3267260491847992
Epoch 373 Relative Error 0.3265226483345032
Epoch 374 Relative Error 0.32613685727119446
Epoch 375 Relative Error 0.3264690637588501
Epoch 376 Relative Error 0.32567569613456726
Epoch 377 Relative Error 0.3259524703025818
Epoch 378 Relative Error 0.3251698613166809
Epoch 379 Relative Error 0.3250148892402649
Epoch 380 Relative Error 0.32472842931747437
Epoch 381 Relative Error 0.3245798647403717
Epoch 382 Relative Error 0.3243051767349243
Epoch 383 Relative Error 0.3239537179470062
Epoch 384 Relative Error 0.32424312829971313
Epoch 385 Relative Error 0.3233972489833832
Epoch 386 Relative Error 0.32333236932754517
Epoch 387 Relative Error 0.32311806082725525
Epoch 388 Relative Error 0.3227549195289612
Epoch 389 Relative Error 0.32266855239868164
Epoch 390 Relative Error 0.32222262024879456
Epoch 391 Relative Error 0.32225820422172546
Epoch 392 Relative Error 0.32176193594932556
Epoch 393 Relative Error 0.3217257261276245
Epoch 394 Relative Error 0.32122376561164856
Epoch 395 Relative Error 0.3210764229297638
Epoch 396 Relative Error 0.3207240700721741
Epoch 397 Relative Error 0.32086673378944397
Epoch 398 Relative Error 0.32032310962677
Epoch 399 Relative Error 0.3202487826347351
Epoch 400 Relative Error 0.31975844502449036
Epoch 401 Relative Error 0.31981292366981506
Epoch 402 Relative Error 0.3194047212600708
Epoch 403 Relative Error 0.31924062967300415
Epoch 404 Relative Error 0.31886348128318787
Epoch 405 Relative Error 0.3188078999519348
Epoch 406 Relative Error 0.318521112203598
Epoch 407 Relative Error 0.31822407245635986
Epoch 408 Relative Error 0.3181084394454956
Epoch 409 Relative Error 0.3176347315311432
Epoch 410 Relative Error 0.3177565038204193
Epoch 411 Relative Error 0.31713157892227173
Epoch 412 Relative Error 0.31782951951026917
Epoch 413 Relative Error 0.3166741728782654
Epoch 414 Relative Error 0.3169494867324829
Epoch 415 Relative Error 0.31624433398246765
Epoch 416 Relative Error 0.31627339124679565
Epoch 417 Relative Error 0.315873920917511
Epoch 418 Relative Error 0.3154910206794739
Epoch 419 Relative Error 0.3157258927822113
Epoch 420 Relative Error 0.31502795219421387
Epoch 421 Relative Error 0.3150162100791931
Epoch 422 Relative Error 0.31470441818237305
Epoch 423 Relative Error 0.31443116068840027
Epoch 424 Relative Error 0.3143155574798584
Epoch 425 Relative Error 0.31407618522644043
Epoch 426 Relative Error 0.3136918544769287
Epoch 427 Relative Error 0.31387782096862793
Epoch 428 Relative Error 0.3131657838821411
Epoch 429 Relative Error 0.31343287229537964
Epoch 430 Relative Error 0.3127908408641815
Epoch 431 Relative Error 0.3125854432582855
Epoch 432 Relative Error 0.31272879242897034
Epoch 433 Relative Error 0.31200480461120605
Epoch 434 Relative Error 0.3121975362300873
Epoch 435 Relative Error 0.3116121292114258
Epoch 436 Relative Error 0.31168729066848755
Epoch 437 Relative Error 0.3111454248428345
Epoch 438 Relative Error 0.31121471524238586
Epoch 439 Relative Error 0.3107147514820099
Epoch 440 Relative Error 0.31054815649986267
Epoch 441 Relative Error 0.3103126585483551
Epoch 442 Relative Error 0.3099862337112427
Epoch 443 Relative Error 0.3103961944580078
Epoch 444 Relative Error 0.3095492422580719
Epoch 445 Relative Error 0.31011560559272766
Epoch 446 Relative Error 0.3090898096561432
Epoch 447 Relative Error 0.30941036343574524
Epoch 448 Relative Error 0.308660089969635
Epoch 449 Relative Error 0.30845555663108826
Epoch 450 Relative Error 0.3085581064224243
Epoch 451 Relative Error 0.3079741299152374
Epoch 452 Relative Error 0.30845901370048523
Epoch 453 Relative Error 0.30752214789390564
Epoch 454 Relative Error 0.3081681430339813
Epoch 455 Relative Error 0.3070823550224304
Epoch 456 Relative Error 0.3070252537727356
Epoch 457 Relative Error 0.30671805143356323
Epoch 458 Relative Error 0.30665338039398193
Epoch 459 Relative Error 0.30623725056648254
Epoch 460 Relative Error 0.30629920959472656
Epoch 461 Relative Error 0.3058573305606842
Epoch 462 Relative Error 0.3058182895183563
Epoch 463 Relative Error 0.30543702840805054
Epoch 464 Relative Error 0.30537548661231995
Epoch 465 Relative Error 0.30503520369529724
Epoch 466 Relative Error 0.304877907037735
Epoch 467 Relative Error 0.3044578731060028
Epoch 468 Relative Error 0.3045017719268799
Epoch 469 Relative Error 0.3042343854904175
Epoch 470 Relative Error 0.30396008491516113
Epoch 471 Relative Error 0.3038181662559509
Epoch 472 Relative Error 0.30352410674095154
Epoch 473 Relative Error 0.303325355052948
Epoch 474 Relative Error 0.30305370688438416
Epoch 475 Relative Error 0.30287593603134155
Epoch 476 Relative Error 0.30266132950782776
Epoch 477 Relative Error 0.3024469017982483
Epoch 478 Relative Error 0.3021531105041504
Epoch 479 Relative Error 0.30235207080841064
Epoch 480 Relative Error 0.3016890287399292
Epoch 481 Relative Error 0.30186015367507935
Epoch 482 Relative Error 0.3012334406375885
Epoch 483 Relative Error 0.30147606134414673
Epoch 484 Relative Error 0.3009635806083679
Epoch 485 Relative Error 0.30059024691581726
Epoch 486 Relative Error 0.3009975850582123
Epoch 487 Relative Error 0.3001894950866699
Epoch 488 Relative Error 0.30140119791030884
Epoch 489 Relative Error 0.29981523752212524
Epoch 490 Relative Error 0.30104443430900574
Epoch 491 Relative Error 0.29935047030448914
Epoch 492 Relative Error 0.30011191964149475
Epoch 493 Relative Error 0.29893413186073303
Epoch 494 Relative Error 0.29924488067626953
Epoch 495 Relative Error 0.29850655794143677
Epoch 496 Relative Error 0.2987669110298157
Epoch 497 Relative Error 0.29812029004096985
Epoch 498 Relative Error 0.29844117164611816
Epoch 499 Relative Error 0.29768505692481995
Epoch 500 Relative Error 0.29822224378585815
Epoch 501 Relative Error 0.2972736060619354
Epoch 502 Relative Error 0.29706478118896484
Epoch 503 Relative Error 0.29769784212112427
Epoch 504 Relative Error 0.29663822054862976
Epoch 505 Relative Error 0.2967878580093384
Epoch 506 Relative Error 0.2963016629219055
Epoch 507 Relative Error 0.2962260842323303
Epoch 508 Relative Error 0.29612961411476135
Epoch 509 Relative Error 0.29560545086860657
Epoch 510 Relative Error 0.2958955764770508
Epoch 511 Relative Error 0.2952105700969696
Epoch 512 Relative Error 0.29528677463531494
Epoch 513 Relative Error 0.29491379857063293
Epoch 514 Relative Error 0.2946992516517639
Epoch 515 Relative Error 0.29495128989219666
Epoch 516 Relative Error 0.2942494750022888
Epoch 517 Relative Error 0.2941749393939972
Epoch 518 Relative Error 0.294005423784256
Epoch 519 Relative Error 0.293666273355484
Epoch 520 Relative Error 0.2936975955963135
Epoch 521 Relative Error 0.2934624254703522
Epoch 522 Relative Error 0.29315638542175293
Epoch 523 Relative Error 0.293391615152359
Epoch 524 Relative Error 0.2927444875240326
Epoch 525 Relative Error 0.29400449991226196
Epoch 526 Relative Error 0.2923215329647064
Epoch 527 Relative Error 0.29273751378059387
Epoch 528 Relative Error 0.29185453057289124
Epoch 529 Relative Error 0.29189157485961914
Epoch 530 Relative Error 0.2915093004703522
Epoch 531 Relative Error 0.29149141907691956
Epoch 532 Relative Error 0.2911526560783386
Epoch 533 Relative Error 0.29088684916496277
Epoch 534 Relative Error 0.2911975085735321
Epoch 535 Relative Error 0.2904522716999054
Epoch 536 Relative Error 0.2910497784614563
Epoch 537 Relative Error 0.29011964797973633
Epoch 538 Relative Error 0.29036855697631836
Epoch 539 Relative Error 0.2897256314754486
Epoch 540 Relative Error 0.2896612882614136
Epoch 541 Relative Error 0.28964248299598694
Epoch 542 Relative Error 0.2891990542411804
Epoch 543 Relative Error 0.2892252802848816
Epoch 544 Relative Error 0.28882041573524475
Epoch 545 Relative Error 0.2885327637195587
Epoch 546 Relative Error 0.2895454168319702
Epoch 547 Relative Error 0.28820616006851196
Epoch 548 Relative Error 0.28922951221466064
Epoch 549 Relative Error 0.2877994179725647
Epoch 550 Relative Error 0.2880565822124481
Epoch 551 Relative Error 0.2874564528465271
Epoch 552 Relative Error 0.28742095828056335
Epoch 553 Relative Error 0.28712111711502075
Epoch 554 Relative Error 0.28728291392326355
Epoch 555 Relative Error 0.2866593301296234
Epoch 556 Relative Error 0.2865747809410095
Epoch 557 Relative Error 0.28686925768852234
Epoch 558 Relative Error 0.28613194823265076
Epoch 559 Relative Error 0.2862614393234253
Epoch 560 Relative Error 0.28577736020088196
Epoch 561 Relative Error 0.28584912419319153
Epoch 562 Relative Error 0.2856619358062744
Epoch 563 Relative Error 0.28528520464897156
Epoch 564 Relative Error 0.2850702404975891
Epoch 565 Relative Error 0.2854706048965454
Epoch 566 Relative Error 0.2846909165382385
Epoch 567 Relative Error 0.2845925986766815
Epoch 568 Relative Error 0.2843764126300812
Epoch 569 Relative Error 0.2843887507915497
Epoch 570 Relative Error 0.28408271074295044
Epoch 571 Relative Error 0.28407052159309387
Epoch 572 Relative Error 0.2835180163383484
Epoch 573 Relative Error 0.2838395833969116
Epoch 574 Relative Error 0.2831445038318634
Epoch 575 Relative Error 0.28332147002220154
Epoch 576 Relative Error 0.28283458948135376
Epoch 577 Relative Error 0.28276053071022034
Epoch 578 Relative Error 0.2831808924674988
Epoch 579 Relative Error 0.28226208686828613
Epoch 580 Relative Error 0.28262966871261597
Epoch 581 Relative Error 0.28188133239746094
Epoch 582 Relative Error 0.2818925678730011
Epoch 583 Relative Error 0.28186023235321045
Epoch 584 Relative Error 0.28144538402557373
Epoch 585 Relative Error 0.2817554771900177
Epoch 586 Relative Error 0.28106218576431274
Epoch 587 Relative Error 0.2812369763851166
Epoch 588 Relative Error 0.2807285189628601
Epoch 589 Relative Error 0.28072988986968994
Epoch 590 Relative Error 0.2804233133792877
Epoch 591 Relative Error 0.28036290407180786
Epoch 592 Relative Error 0.28024038672447205
Epoch 593 Relative Error 0.2801987826824188
Epoch 594 Relative Error 0.27970579266548157
Epoch 595 Relative Error 0.27954480051994324
Epoch 596 Relative Error 0.279580682516098
Epoch 597 Relative Error 0.27910315990448
Epoch 598 Relative Error 0.27919498085975647
Epoch 599 Relative Error 0.2790336310863495
Epoch 600 Relative Error 0.27874600887298584
Epoch 601 Relative Error 0.27846482396125793
Epoch 602 Relative Error 0.2784689664840698
Epoch 603 Relative Error 0.27812933921813965
Epoch 604 Relative Error 0.27821189165115356
Epoch 605 Relative Error 0.2777431011199951
Epoch 606 Relative Error 0.278268426656723
Epoch 607 Relative Error 0.2773541808128357
Epoch 608 Relative Error 0.2781676948070526
Epoch 609 Relative Error 0.27700281143188477
Epoch 610 Relative Error 0.2772074341773987
Epoch 611 Relative Error 0.2767637372016907
Epoch 612 Relative Error 0.27672484517097473
Epoch 613 Relative Error 0.27640506625175476
Epoch 614 Relative Error 0.2761792838573456
Epoch 615 Relative Error 0.2769737243652344
Epoch 616 Relative Error 0.27582526206970215
Epoch 617 Relative Error 0.27716848254203796
Epoch 618 Relative Error 0.2755393385887146
Epoch 619 Relative Error 0.2762281894683838
Epoch 620 Relative Error 0.27528122067451477
Epoch 621 Relative Error 0.27539780735969543
Epoch 622 Relative Error 0.27506527304649353
Epoch 623 Relative Error 0.27471503615379333
Epoch 624 Relative Error 0.2748977839946747
Epoch 625 Relative Error 0.2744969129562378
Epoch 626 Relative Error 0.2743545472621918
Epoch 627 Relative Error 0.27444013953208923
Epoch 628 Relative Error 0.2740600109100342
Epoch 629 Relative Error 0.27387794852256775
Epoch 630 Relative Error 0.273561954498291
Epoch 631 Relative Error 0.27372413873672485
Epoch 632 Relative Error 0.27317366003990173
Epoch 633 Relative Error 0.2736539840698242
Epoch 634 Relative Error 0.2729773223400116
Epoch 635 Relative Error 0.2731699049472809
Epoch 636 Relative Error 0.27249497175216675
Epoch 637 Relative Error 0.2733153700828552
Epoch 638 Relative Error 0.27224478125572205
Epoch 639 Relative Error 0.27260032296180725
Epoch 640 Relative Error 0.2719484567642212
Epoch 641 Relative Error 0.27195894718170166
Epoch 642 Relative Error 0.27163782715797424
Epoch 643 Relative Error 0.27247413992881775
Epoch 644 Relative Error 0.2712731659412384
Epoch 645 Relative Error 0.2718748152256012
Epoch 646 Relative Error 0.27088239789009094
Epoch 647 Relative Error 0.27136510610580444
Epoch 648 Relative Error 0.2706240713596344
Epoch 649 Relative Error 0.27055624127388
Epoch 650 Relative Error 0.27055731415748596
Epoch 651 Relative Error 0.27023327350616455
Epoch 652 Relative Error 0.27035656571388245
Epoch 653 Relative Error 0.2698625326156616
Epoch 654 Relative Error 0.2698116600513458
Epoch 655 Relative Error 0.2698434889316559
Epoch 656 Relative Error 0.2694151997566223
Epoch 657 Relative Error 0.26949024200439453
Epoch 658 Relative Error 0.2691152095794678
Epoch 659 Relative Error 0.26913172006607056
Epoch 660 Relative Error 0.26893866062164307
Epoch 661 Relative Error 0.26867592334747314
Epoch 662 Relative Error 0.2687384784221649
Epoch 663 Relative Error 0.2686545252799988
Epoch 664 Relative Error 0.26813364028930664
Epoch 665 Relative Error 0.2683296203613281
Epoch 666 Relative Error 0.2677667737007141
Epoch 667 Relative Error 0.2684635818004608
Epoch 668 Relative Error 0.2674543261528015
Epoch 669 Relative Error 0.2676536440849304
Epoch 670 Relative Error 0.26720672845840454
Epoch 671 Relative Error 0.2673131227493286
Epoch 672 Relative Error 0.2669544219970703
Epoch 673 Relative Error 0.26736417412757874
Epoch 674 Relative Error 0.26673632860183716
Epoch 675 Relative Error 0.266512006521225
Epoch 676 Relative Error 0.26656603813171387
Epoch 677 Relative Error 0.26643243432044983
Epoch 678 Relative Error 0.26631447672843933
Epoch 679 Relative Error 0.2658342719078064
Epoch 680 Relative Error 0.26593732833862305
Epoch 681 Relative Error 0.26551610231399536
Epoch 682 Relative Error 0.26611438393592834
Epoch 683 Relative Error 0.26520633697509766
Epoch 684 Relative Error 0.2659125328063965
Epoch 685 Relative Error 0.26493263244628906
Epoch 686 Relative Error 0.2653678059577942
Epoch 687 Relative Error 0.26462486386299133
Epoch 688 Relative Error 0.26468756794929504
Epoch 689 Relative Error 0.2644195258617401
Epoch 690 Relative Error 0.26450681686401367
Epoch 691 Relative Error 0.26437240839004517
Epoch 692 Relative Error 0.263849675655365
Epoch 693 Relative Error 0.26452624797821045
Epoch 694 Relative Error 0.26365983486175537
Epoch 695 Relative Error 0.26352664828300476
Epoch 696 Relative Error 0.2637118995189667
Epoch 697 Relative Error 0.26327043771743774
Epoch 698 Relative Error 0.2631196677684784
Epoch 699 Relative Error 0.2631525695323944
Epoch 700 Relative Error 0.26304832100868225
Epoch 701 Relative Error 0.26271897554397583
Epoch 702 Relative Error 0.2625294327735901
Epoch 703 Relative Error 0.26265209913253784
Epoch 704 Relative Error 0.2622237205505371
Epoch 705 Relative Error 0.26258668303489685
Epoch 706 Relative Error 0.2618541717529297
Epoch 707 Relative Error 0.2619342803955078
Epoch 708 Relative Error 0.2619478106498718
Epoch 709 Relative Error 0.26149213314056396
Epoch 710 Relative Error 0.26190370321273804
Epoch 711 Relative Error 0.26140815019607544
Epoch 712 Relative Error 0.26113376021385193
Epoch 713 Relative Error 0.2611372768878937
Epoch 714 Relative Error 0.2609589993953705
Epoch 715 Relative Error 0.26078546047210693
Epoch 716 Relative Error 0.2607736885547638
Epoch 717 Relative Error 0.26113900542259216
Epoch 718 Relative Error 0.2603614032268524
Epoch 719 Relative Error 0.2600778639316559
Epoch 720 Relative Error 0.26066645979881287
Epoch 721 Relative Error 0.25976380705833435
Epoch 722 Relative Error 0.26030758023262024
Epoch 723 Relative Error 0.2595880925655365
Epoch 724 Relative Error 0.2598605155944824
Epoch 725 Relative Error 0.25929081439971924
Epoch 726 Relative Error 0.2590597867965698
Epoch 727 Relative Error 0.2598657011985779
Epoch 728 Relative Error 0.25876736640930176
Epoch 729 Relative Error 0.25993916392326355
Epoch 730 Relative Error 0.25857728719711304
Epoch 731 Relative Error 0.2584514021873474
Epoch 732 Relative Error 0.2585306763648987
Epoch 733 Relative Error 0.25812065601348877
Epoch 734 Relative Error 0.258463591337204
Epoch 735 Relative Error 0.2578822076320648
Epoch 736 Relative Error 0.25831693410873413
Epoch 737 Relative Error 0.2576083838939667
Epoch 738 Relative Error 0.25784599781036377
Epoch 739 Relative Error 0.2572820782661438
Epoch 740 Relative Error 0.2578360438346863
Epoch 741 Relative Error 0.2570217251777649
Epoch 742 Relative Error 0.2573833465576172
Epoch 743 Relative Error 0.2567232847213745
Epoch 744 Relative Error 0.25687599182128906
Epoch 745 Relative Error 0.2568982243537903
Epoch 746 Relative Error 0.25639331340789795
Epoch 747 Relative Error 0.2568592131137848
Epoch 748 Relative Error 0.2560666799545288
Epoch 749 Relative Error 0.25684550404548645
Epoch 750 Relative Error 0.2559400498867035
Epoch 751 Relative Error 0.25588279962539673
Epoch 752 Relative Error 0.25565916299819946
Epoch 753 Relative Error 0.255412757396698
Epoch 754 Relative Error 0.25598716735839844
Epoch 755 Relative Error 0.255217045545578
Epoch 756 Relative Error 0.2553873360157013
Epoch 757 Relative Error 0.25512459874153137
Epoch 758 Relative Error 0.25495460629463196
Epoch 759 Relative Error 0.2548138201236725
Epoch 760 Relative Error 0.2552306652069092
Epoch 761 Relative Error 0.25434714555740356
Epoch 762 Relative Error 0.2546934485435486
Epoch 763 Relative Error 0.2541092038154602
Epoch 764 Relative Error 0.2544257640838623
Epoch 765 Relative Error 0.2538805902004242
Epoch 766 Relative Error 0.25397738814353943
Epoch 767 Relative Error 0.25377383828163147
Epoch 768 Relative Error 0.2537555992603302
Epoch 769 Relative Error 0.253483384847641
Epoch 770 Relative Error 0.25351184606552124
Epoch 771 Relative Error 0.2531457841396332
Epoch 772 Relative Error 0.2536149024963379
Epoch 773 Relative Error 0.2528029978275299
Epoch 774 Relative Error 0.2533791661262512
Epoch 775 Relative Error 0.2529912292957306
Epoch 776 Relative Error 0.2525360584259033
Epoch 777 Relative Error 0.25308915972709656
Epoch 778 Relative Error 0.25224068760871887
Epoch 779 Relative Error 0.2529815435409546
Epoch 780 Relative Error 0.2519555389881134
Epoch 781 Relative Error 0.25263604521751404
Epoch 782 Relative Error 0.2519060969352722
Epoch 783 Relative Error 0.25182631611824036
Epoch 784 Relative Error 0.251576691865921
Epoch 785 Relative Error 0.2515748143196106
Epoch 786 Relative Error 0.25179341435432434
Epoch 787 Relative Error 0.25107017159461975
Epoch 788 Relative Error 0.25245046615600586
Epoch 789 Relative Error 0.2509973645210266
Epoch 790 Relative Error 0.2519240081310272
Epoch 791 Relative Error 0.2505941390991211
Epoch 792 Relative Error 0.2514963150024414
Epoch 793 Relative Error 0.25040921568870544
Epoch 794 Relative Error 0.250797837972641
Epoch 795 Relative Error 0.2501024007797241
Epoch 796 Relative Error 0.2506144046783447
Epoch 797 Relative Error 0.2501276135444641
Epoch 798 Relative Error 0.2498294860124588
Epoch 799 Relative Error 0.2501541078090668
Epoch 800 Relative Error 0.24977503716945648
Epoch 801 Relative Error 0.24969686567783356
Epoch 802 Relative Error 0.24943244457244873
Epoch 803 Relative Error 0.24958905577659607
Epoch 804 Relative Error 0.249079629778862
Epoch 805 Relative Error 0.24958011507987976
Epoch 806 Relative Error 0.2487637847661972
Epoch 807 Relative Error 0.24949397146701813
Epoch 808 Relative Error 0.24855726957321167
Epoch 809 Relative Error 0.24876675009727478
Epoch 810 Relative Error 0.2489076554775238
Epoch 811 Relative Error 0.24818438291549683
Epoch 812 Relative Error 0.24869756400585175
Epoch 813 Relative Error 0.24834272265434265
Epoch 814 Relative Error 0.2478598952293396
Epoch 815 Relative Error 0.24827159941196442
Epoch 816 Relative Error 0.24762582778930664
Epoch 817 Relative Error 0.24823281168937683
Epoch 818 Relative Error 0.2474086433649063
Epoch 819 Relative Error 0.2475719004869461
Epoch 820 Relative Error 0.24719397723674774
Epoch 821 Relative Error 0.2479746788740158
Epoch 822 Relative Error 0.24691587686538696
Epoch 823 Relative Error 0.247328519821167
Epoch 824 Relative Error 0.24698202311992645
Epoch 825 Relative Error 0.24667087197303772
Epoch 826 Relative Error 0.24711009860038757
Epoch 827 Relative Error 0.24637369811534882
Epoch 828 Relative Error 0.24679793417453766
Epoch 829 Relative Error 0.24618680775165558
Epoch 830 Relative Error 0.2469915896654129
Epoch 831 Relative Error 0.2458648979663849
Epoch 832 Relative Error 0.24618716537952423
Epoch 833 Relative Error 0.24580955505371094
Epoch 834 Relative Error 0.24561552703380585
Epoch 835 Relative Error 0.2461623102426529
Epoch 836 Relative Error 0.24546410143375397
Epoch 837 Relative Error 0.2456430196762085
Epoch 838 Relative Error 0.24542729556560516
Epoch 839 Relative Error 0.24507564306259155
Epoch 840 Relative Error 0.24546581506729126
Epoch 841 Relative Error 0.2448565512895584
Epoch 842 Relative Error 0.24492506682872772
Epoch 843 Relative Error 0.2449999302625656
Epoch 844 Relative Error 0.2444130778312683
Epoch 845 Relative Error 0.24580815434455872
Epoch 846 Relative Error 0.2443181425333023
Epoch 847 Relative Error 0.24583473801612854
Epoch 848 Relative Error 0.24394211173057556
Epoch 849 Relative Error 0.24426963925361633
Epoch 850 Relative Error 0.24398979544639587
Epoch 851 Relative Error 0.24372045695781708
Epoch 852 Relative Error 0.24401505291461945
Epoch 853 Relative Error 0.24345362186431885
Epoch 854 Relative Error 0.2439342737197876
Epoch 855 Relative Error 0.24332387745380402
Epoch 856 Relative Error 0.24315229058265686
Epoch 857 Relative Error 0.24391934275627136
Epoch 858 Relative Error 0.24288666248321533
Epoch 859 Relative Error 0.24397557973861694
Epoch 860 Relative Error 0.2427683025598526
Epoch 861 Relative Error 0.24258792400360107
Epoch 862 Relative Error 0.2436804622411728
Epoch 863 Relative Error 0.2423602193593979
Epoch 864 Relative Error 0.24287459254264832
Epoch 865 Relative Error 0.24216462671756744
Epoch 866 Relative Error 0.2423768937587738
Epoch 867 Relative Error 0.24215421080589294
Epoch 868 Relative Error 0.24245186150074005
Epoch 869 Relative Error 0.24190931022167206
Epoch 870 Relative Error 0.2420903742313385
Epoch 871 Relative Error 0.24193888902664185
Epoch 872 Relative Error 0.24141298234462738
Epoch 873 Relative Error 0.2421480268239975
Epoch 874 Relative Error 0.24168208241462708
Epoch 875 Relative Error 0.24109946191310883
Epoch 876 Relative Error 0.24118202924728394
Epoch 877 Relative Error 0.2412259429693222
Epoch 878 Relative Error 0.24080701172351837
Epoch 879 Relative Error 0.2411777526140213
Epoch 880 Relative Error 0.2406328171491623
Epoch 881 Relative Error 0.24152298271656036
Epoch 882 Relative Error 0.2403155416250229
Epoch 883 Relative Error 0.24154670536518097
Epoch 884 Relative Error 0.2401302307844162
Epoch 885 Relative Error 0.24058139324188232
Epoch 886 Relative Error 0.2402189075946808
Epoch 887 Relative Error 0.2399192899465561
Epoch 888 Relative Error 0.2402656525373459
Epoch 889 Relative Error 0.2397354245185852
Epoch 890 Relative Error 0.2398635894060135
Epoch 891 Relative Error 0.23967081308364868
Epoch 892 Relative Error 0.2395673394203186
Epoch 893 Relative Error 0.23979143798351288
Epoch 894 Relative Error 0.2390964925289154
Epoch 895 Relative Error 0.24005471169948578
Epoch 896 Relative Error 0.2391294538974762
Epoch 897 Relative Error 0.23895063996315002
Epoch 898 Relative Error 0.23912620544433594
Epoch 899 Relative Error 0.23858647048473358
Epoch 900 Relative Error 0.23935717344284058
Epoch 901 Relative Error 0.23847301304340363
Epoch 902 Relative Error 0.2385825663805008
Epoch 903 Relative Error 0.23876696825027466
Epoch 904 Relative Error 0.23813676834106445
Epoch 905 Relative Error 0.23848722875118256
Epoch 906 Relative Error 0.2391635626554489
Epoch 907 Relative Error 0.23782622814178467
Epoch 908 Relative Error 0.23861408233642578
Epoch 909 Relative Error 0.2376500815153122
Epoch 910 Relative Error 0.2377549111843109
Epoch 911 Relative Error 0.23788993060588837
Epoch 912 Relative Error 0.23742987215518951
Epoch 913 Relative Error 0.23803386092185974
Epoch 914 Relative Error 0.23711787164211273
Epoch 915 Relative Error 0.23793461918830872
Epoch 916 Relative Error 0.2370772659778595
Epoch 917 Relative Error 0.2372022122144699
Epoch 918 Relative Error 0.2370886355638504
Epoch 919 Relative Error 0.2369200438261032
Epoch 920 Relative Error 0.2368185967206955
Epoch 921 Relative Error 0.23666420578956604
Epoch 922 Relative Error 0.236491397023201
Epoch 923 Relative Error 0.2369183450937271
Epoch 924 Relative Error 0.23612664639949799
Epoch 925 Relative Error 0.23676541447639465
Epoch 926 Relative Error 0.23613274097442627
Epoch 927 Relative Error 0.23613618314266205
Epoch 928 Relative Error 0.23584716022014618
Epoch 929 Relative Error 0.23599180579185486
Epoch 930 Relative Error 0.23598302900791168
Epoch 931 Relative Error 0.23556557297706604
Epoch 932 Relative Error 0.23603610694408417
Epoch 933 Relative Error 0.23578952252864838
Epoch 934 Relative Error 0.23545818030834198
Epoch 935 Relative Error 0.23517736792564392
Epoch 936 Relative Error 0.2355463057756424
Epoch 937 Relative Error 0.235098198056221
Epoch 938 Relative Error 0.23526236414909363
Epoch 939 Relative Error 0.23532195389270782
Epoch 940 Relative Error 0.23499596118927002
Epoch 941 Relative Error 0.23460756242275238
Epoch 942 Relative Error 0.23492926359176636
Epoch 943 Relative Error 0.234403595328331
Epoch 944 Relative Error 0.23504921793937683
Epoch 945 Relative Error 0.23428849875926971
Epoch 946 Relative Error 0.23424756526947021
Epoch 947 Relative Error 0.23436497151851654
Epoch 948 Relative Error 0.23422454297542572
Epoch 949 Relative Error 0.23401881754398346
Epoch 950 Relative Error 0.23372846841812134
Epoch 951 Relative Error 0.2340034395456314
Epoch 952 Relative Error 0.23369614779949188
Epoch 953 Relative Error 0.23409828543663025
Epoch 954 Relative Error 0.23346923291683197
Epoch 955 Relative Error 0.23390130698680878
Epoch 956 Relative Error 0.2331562340259552
Epoch 957 Relative Error 0.23415915668010712
Epoch 958 Relative Error 0.23300111293792725
Epoch 959 Relative Error 0.2330414056777954
Epoch 960 Relative Error 0.23303139209747314
Epoch 961 Relative Error 0.23307709395885468
Epoch 962 Relative Error 0.2330663502216339
Epoch 963 Relative Error 0.23257650434970856
Epoch 964 Relative Error 0.23313841223716736
Epoch 965 Relative Error 0.23251746594905853
Epoch 966 Relative Error 0.23254331946372986
Epoch 967 Relative Error 0.23241761326789856
Epoch 968 Relative Error 0.23247165977954865
Epoch 969 Relative Error 0.23227721452713013
Epoch 970 Relative Error 0.23196573555469513
Epoch 971 Relative Error 0.23216001689434052
Epoch 972 Relative Error 0.23197926580905914
Epoch 973 Relative Error 0.23221756517887115
Epoch 974 Relative Error 0.2315906286239624
Epoch 975 Relative Error 0.23245279490947723
Epoch 976 Relative Error 0.23136372864246368
Epoch 977 Relative Error 0.23227189481258392
Epoch 978 Relative Error 0.2312210202217102
Epoch 979 Relative Error 0.23189902305603027
Epoch 980 Relative Error 0.23116326332092285
Epoch 981 Relative Error 0.2310963124036789
Epoch 982 Relative Error 0.23135022819042206
Epoch 983 Relative Error 0.23073403537273407
Epoch 984 Relative Error 0.2322189211845398
Epoch 985 Relative Error 0.23059652745723724
Epoch 986 Relative Error 0.23199565708637238
Epoch 987 Relative Error 0.23039142787456512
Epoch 988 Relative Error 0.23131783306598663
Epoch 989 Relative Error 0.2305242121219635
Epoch 990 Relative Error 0.23042410612106323
Epoch 991 Relative Error 0.2302907258272171
Epoch 992 Relative Error 0.23033371567726135
Epoch 993 Relative Error 0.2304695099592209
Epoch 994 Relative Error 0.22980383038520813
Epoch 995 Relative Error 0.23057885468006134
Epoch 996 Relative Error 0.2297096848487854
Epoch 997 Relative Error 0.2300667017698288
Epoch 998 Relative Error 0.22971798479557037
Epoch 999 Relative Error 0.22953689098358154
Epoch 1000 Relative Error 0.2294914424419403
RE (0, 4, 27, 0): 0.2294914424419403
Green's Function RE (0, 4, 27, 0): 0.13932417333126068
Bias Term RE (0, 4, 27, 0): 0.06831108033657074
Combination (0, 4, 27, 0, 0): 0.22760291397571564
Combination (0, 4, 27, 0, 1): 0.22664645314216614
Combination (0, 4, 27, 0, 2): 0.22636596858501434
Combination (0, 4, 27, 0, 3): 0.2262687236070633
Combination (0, 4, 27, 0, 4): 0.2262202501296997

/home/gridsan/gstepaniants/.local/lib/python3.8/site-packages/torch/functional.py:478: UserWarning: torch.meshgrid: in an upcoming release, it will be required to pass the indexing argument. (Triggered internally at  ../aten/src/ATen/native/TensorShape.cpp:2895.)
  return _VF.meshgrid(tensors, **kwargs)  # type: ignore[attr-defined]
