[KeOps] Warning : Cuda libraries were not detected on the system ; using cpu only mode
1
Kernel: SquaredExponential
Weight Mesh: 80
RKHS Kernel Width: 0.02
Lambda: 1e-06
Green's Function Learning Rate: 100
Bias Term Learning Rate: 100
Epoch 1 Relative Error 4546.724609375
First epoch had re = 4546.724609375 > 1
Green's Function Learning Rate: 50
Bias Term Learning Rate: 50
Epoch 1 Relative Error 2388.02490234375
First epoch had re = 2388.02490234375 > 1
Green's Function Learning Rate: 10
Bias Term Learning Rate: 10
Epoch 1 Relative Error 361.9617004394531
First epoch had re = 361.9617004394531 > 1
Green's Function Learning Rate: 5
Bias Term Learning Rate: 5
Epoch 1 Relative Error 211.28338623046875
First epoch had re = 211.28338623046875 > 1
Green's Function Learning Rate: 1
Bias Term Learning Rate: 1
Epoch 1 Relative Error 38.6197395324707
First epoch had re = 38.6197395324707 > 1
Green's Function Learning Rate: 0.5
Bias Term Learning Rate: 0.5
Epoch 1 Relative Error 18.708528518676758
First epoch had re = 18.708528518676758 > 1
Green's Function Learning Rate: 0.1
Bias Term Learning Rate: 0.1
Epoch 1 Relative Error 3.327334403991699
First epoch had re = 3.327334403991699 > 1
Green's Function Learning Rate: 0.05
Bias Term Learning Rate: 0.05
Epoch 1 Relative Error 1.4429632425308228
First epoch had re = 1.4429632425308228 > 1
Green's Function Learning Rate: 0.01
Bias Term Learning Rate: 0.01
Epoch 1 Relative Error 0.5746623277664185
Epoch 2 Relative Error 0.6182560324668884
Epoch 3 Relative Error 0.4492994546890259
Epoch 4 Relative Error 0.38347676396369934
Epoch 5 Relative Error 0.33104726672172546
Epoch 6 Relative Error 0.24539192020893097
Epoch 7 Relative Error 0.21557965874671936
Epoch 8 Relative Error 0.16128714382648468
Epoch 9 Relative Error 0.1098242849111557
Epoch 10 Relative Error 0.09651392698287964
Epoch 11 Relative Error 0.06816139072179794
Epoch 12 Relative Error 0.056243278086185455
Epoch 13 Relative Error 0.04444023594260216
Epoch 14 Relative Error 0.03909006342291832
Epoch 15 Relative Error 0.028337838128209114
Epoch 16 Relative Error 0.026730075478553772
Epoch 17 Relative Error 0.02404322847723961
Epoch 18 Relative Error 0.020402269437909126
Epoch 19 Relative Error 0.01686721481382847
Epoch 20 Relative Error 0.01533556543290615
Epoch 21 Relative Error 0.014534485526382923
Epoch 22 Relative Error 0.013228117488324642
Epoch 23 Relative Error 0.012629487551748753
Epoch 24 Relative Error 0.012208346277475357
Epoch 25 Relative Error 0.011618771590292454
Epoch 26 Relative Error 0.011335676535964012
Epoch 27 Relative Error 0.011012871749699116
Epoch 28 Relative Error 0.0107346186414361
Epoch 29 Relative Error 0.01051175594329834
Epoch 30 Relative Error 0.010298787616193295
Epoch 31 Relative Error 0.010100724175572395
Epoch 32 Relative Error 0.009910817258059978
Epoch 33 Relative Error 0.009728710167109966
Epoch 34 Relative Error 0.009576083160936832
Epoch 35 Relative Error 0.009429464116692543
Epoch 36 Relative Error 0.009268482215702534
Epoch 37 Relative Error 0.00914018228650093
Epoch 38 Relative Error 0.008998533710837364
Epoch 39 Relative Error 0.008884221315383911
Epoch 40 Relative Error 0.008744431659579277
Epoch 41 Relative Error 0.008638312108814716
Epoch 42 Relative Error 0.008526833727955818
Epoch 43 Relative Error 0.008408796042203903
Epoch 44 Relative Error 0.0083002969622612
Epoch 45 Relative Error 0.008205943740904331
Epoch 46 Relative Error 0.008099398575723171
Epoch 47 Relative Error 0.008012304082512856
Epoch 48 Relative Error 0.007912667468190193
Epoch 49 Relative Error 0.007832342758774757
Epoch 50 Relative Error 0.007747984956949949
Epoch 51 Relative Error 0.007664041128009558
Epoch 52 Relative Error 0.007583972066640854
Epoch 53 Relative Error 0.0075089894235134125
Epoch 54 Relative Error 0.0074422904290258884
Epoch 55 Relative Error 0.0073654125444591045
Epoch 56 Relative Error 0.007295543327927589
Epoch 57 Relative Error 0.007221817970275879
Epoch 58 Relative Error 0.007159058935940266
Epoch 59 Relative Error 0.0070970081724226475
Epoch 60 Relative Error 0.007029772736132145
Epoch 61 Relative Error 0.006973309442400932
Epoch 62 Relative Error 0.006915908306837082
Epoch 63 Relative Error 0.006850793957710266
Epoch 64 Relative Error 0.006797063630074263
Epoch 65 Relative Error 0.006743553094565868
Epoch 66 Relative Error 0.006683964282274246
Epoch 67 Relative Error 0.006621381267905235
Epoch 68 Relative Error 0.006589310709387064
Epoch 69 Relative Error 0.006529411766678095
Epoch 70 Relative Error 0.0064893001690506935
Epoch 71 Relative Error 0.006440113298594952
Epoch 72 Relative Error 0.006386052817106247
Epoch 73 Relative Error 0.006332186982035637
Epoch 74 Relative Error 0.006292268633842468
Epoch 75 Relative Error 0.0062472098506987095
Epoch 76 Relative Error 0.006204735022038221
Epoch 77 Relative Error 0.006151840090751648
Epoch 78 Relative Error 0.006122631952166557
Epoch 79 Relative Error 0.006073938682675362
Epoch 80 Relative Error 0.0060368794947862625
Epoch 81 Relative Error 0.005994790233671665
Epoch 82 Relative Error 0.005960995331406593
Epoch 83 Relative Error 0.00591557240113616
Epoch 84 Relative Error 0.005879572127014399
Epoch 85 Relative Error 0.005852233152836561
Epoch 86 Relative Error 0.005809865426272154
Epoch 87 Relative Error 0.0057768733240664005
Epoch 88 Relative Error 0.0057401955127716064
Epoch 89 Relative Error 0.005705337505787611
Epoch 90 Relative Error 0.005677370820194483
Epoch 91 Relative Error 0.005642157979309559
Epoch 92 Relative Error 0.005615535192191601
Epoch 93 Relative Error 0.005572963040322065
Epoch 94 Relative Error 0.005545113701373339
Epoch 95 Relative Error 0.005530864931643009
Epoch 96 Relative Error 0.0054836273193359375
Epoch 97 Relative Error 0.005461030639708042
Epoch 98 Relative Error 0.0054295784793794155
Epoch 99 Relative Error 0.005394126754254103
Epoch 100 Relative Error 0.005372460465878248
Epoch 101 Relative Error 0.005337388254702091
Epoch 102 Relative Error 0.005314071662724018
Epoch 103 Relative Error 0.005288489628583193
Epoch 104 Relative Error 0.005257811397314072
Epoch 105 Relative Error 0.005235807970166206
Epoch 106 Relative Error 0.005205518566071987
Epoch 107 Relative Error 0.005183443892747164
Epoch 108 Relative Error 0.005155202001333237
Epoch 109 Relative Error 0.005133675877004862
Epoch 110 Relative Error 0.00512173306196928
Epoch 111 Relative Error 0.005085019860416651
Epoch 112 Relative Error 0.005062706768512726
Epoch 113 Relative Error 0.005041765049099922
Epoch 114 Relative Error 0.005016245413571596
Epoch 115 Relative Error 0.004993276204913855
Epoch 116 Relative Error 0.004975610878318548
Epoch 117 Relative Error 0.004946674685925245
Epoch 118 Relative Error 0.004925628658384085
Epoch 119 Relative Error 0.004906340502202511
Epoch 120 Relative Error 0.0048909056931734085
Epoch 121 Relative Error 0.004866813775151968
Epoch 122 Relative Error 0.004844714421778917
Epoch 123 Relative Error 0.004824492614716291
Epoch 124 Relative Error 0.004803832154721022
Epoch 125 Relative Error 0.004782604519277811
Epoch 126 Relative Error 0.004763478878885508
Epoch 127 Relative Error 0.004742175806313753
Epoch 128 Relative Error 0.004724974278360605
Epoch 129 Relative Error 0.004706270061433315
Epoch 130 Relative Error 0.004695287439972162
Epoch 131 Relative Error 0.004671366419643164
Epoch 132 Relative Error 0.0046522654592990875
Epoch 133 Relative Error 0.004634769633412361
Epoch 134 Relative Error 0.004615819547325373
Epoch 135 Relative Error 0.004601552151143551
Epoch 136 Relative Error 0.004580285400152206
Epoch 137 Relative Error 0.004562743939459324
Epoch 138 Relative Error 0.004554951563477516
Epoch 139 Relative Error 0.004532037302851677
Epoch 140 Relative Error 0.004515052307397127
Epoch 141 Relative Error 0.004498651716858149
Epoch 142 Relative Error 0.004478163551539183
Epoch 143 Relative Error 0.004468755796551704
Epoch 144 Relative Error 0.004450161941349506
Epoch 145 Relative Error 0.004433923866599798
Epoch 146 Relative Error 0.004424216225743294
Epoch 147 Relative Error 0.004406782798469067
Epoch 148 Relative Error 0.004386649467051029
Epoch 149 Relative Error 0.004382609855383635
Epoch 150 Relative Error 0.004360579885542393
Epoch 151 Relative Error 0.004344870802015066
Epoch 152 Relative Error 0.004331221804022789
Epoch 153 Relative Error 0.004317121114581823
Epoch 154 Relative Error 0.004304354544728994
Epoch 155 Relative Error 0.004285155795514584
Epoch 156 Relative Error 0.004273971542716026
Epoch 157 Relative Error 0.004267502576112747
Epoch 158 Relative Error 0.004245704971253872
Epoch 159 Relative Error 0.004234596621245146
Epoch 160 Relative Error 0.004225693177431822
Epoch 161 Relative Error 0.004204892553389072
Epoch 162 Relative Error 0.00419130502268672
Epoch 163 Relative Error 0.004181232303380966
Epoch 164 Relative Error 0.004164834972470999
Epoch 165 Relative Error 0.00416001258417964
Epoch 166 Relative Error 0.004138800781220198
Epoch 167 Relative Error 0.0041300393640995026
Epoch 168 Relative Error 0.004119426943361759
Epoch 169 Relative Error 0.00410551019012928
Epoch 170 Relative Error 0.004092397168278694
Epoch 171 Relative Error 0.004081628751009703
Epoch 172 Relative Error 0.004069233778864145
Epoch 173 Relative Error 0.00405918201431632
Epoch 174 Relative Error 0.004047015681862831
Epoch 175 Relative Error 0.0040350547060370445
Epoch 176 Relative Error 0.004020117688924074
Epoch 177 Relative Error 0.004010349046438932
Epoch 178 Relative Error 0.003997451160103083
Epoch 179 Relative Error 0.003988125827163458
Epoch 180 Relative Error 0.0039762528613209724
Epoch 181 Relative Error 0.0039626965299248695
Epoch 182 Relative Error 0.003952029161155224
Epoch 183 Relative Error 0.00394110893830657
Epoch 184 Relative Error 0.0039327978156507015
Epoch 185 Relative Error 0.003920468967407942
Epoch 186 Relative Error 0.003911963663995266
Epoch 187 Relative Error 0.0039026157464832067
Epoch 188 Relative Error 0.0038905784022063017
Epoch 189 Relative Error 0.0038791901897639036
Epoch 190 Relative Error 0.0038709749933332205
Epoch 191 Relative Error 0.0038608419708907604
Epoch 192 Relative Error 0.0038499655202031136
Epoch 193 Relative Error 0.0038415011949837208
Epoch 194 Relative Error 0.0038309451192617416
Epoch 195 Relative Error 0.0038210018537938595
Epoch 196 Relative Error 0.0038103479892015457
Epoch 197 Relative Error 0.00380255957134068
Epoch 198 Relative Error 0.003792685689404607
Epoch 199 Relative Error 0.0037838127464056015
Epoch 200 Relative Error 0.003774837823584676
Epoch 201 Relative Error 0.003764268709346652
Epoch 202 Relative Error 0.0037535016890615225
Epoch 203 Relative Error 0.00374985090456903
Epoch 204 Relative Error 0.003737241495400667
Epoch 205 Relative Error 0.003732001641765237
Epoch 206 Relative Error 0.0037222292739897966
Epoch 207 Relative Error 0.0037113616708666086
Epoch 208 Relative Error 0.0037059085443615913
Epoch 209 Relative Error 0.0036964514292776585
Epoch 210 Relative Error 0.0036842443514615297
Epoch 211 Relative Error 0.003679967252537608
Epoch 212 Relative Error 0.0036684342194348574
Epoch 213 Relative Error 0.003657319350168109
Epoch 214 Relative Error 0.003651824314147234
Epoch 215 Relative Error 0.0036436233203858137
Epoch 216 Relative Error 0.0036353638861328363
Epoch 217 Relative Error 0.003627374302595854
Epoch 218 Relative Error 0.003620427567511797
Epoch 219 Relative Error 0.003614036599174142
Epoch 220 Relative Error 0.003601850476115942
Epoch 221 Relative Error 0.0035945982672274113
Epoch 222 Relative Error 0.0035854929592460394
Epoch 223 Relative Error 0.0035802354104816914
Epoch 224 Relative Error 0.0035684513859450817
Epoch 225 Relative Error 0.0035606035962700844
Epoch 226 Relative Error 0.0035566010046750307
Epoch 227 Relative Error 0.003549454268068075
Epoch 228 Relative Error 0.0035385703667998314
Epoch 229 Relative Error 0.0035339645110070705
Epoch 230 Relative Error 0.003524736501276493
Epoch 231 Relative Error 0.003517170436680317
Epoch 232 Relative Error 0.00350935198366642
Epoch 233 Relative Error 0.003503337036818266
Epoch 234 Relative Error 0.003496546996757388
Epoch 235 Relative Error 0.0034885636996477842
Epoch 236 Relative Error 0.0034809699282050133
Epoch 237 Relative Error 0.0034740357659757137
Epoch 238 Relative Error 0.0034655046183615923
Epoch 239 Relative Error 0.0034587797708809376
Epoch 240 Relative Error 0.0034529571421444416
Epoch 241 Relative Error 0.0034462870098650455
Epoch 242 Relative Error 0.0034408767241984606
Epoch 243 Relative Error 0.0034313492942601442
Epoch 244 Relative Error 0.0034240589011460543
Epoch 245 Relative Error 0.0034184956457465887
Epoch 246 Relative Error 0.0034113209694623947
Epoch 247 Relative Error 0.003404327668249607
Epoch 248 Relative Error 0.0034005201887339354
Epoch 249 Relative Error 0.00339196203276515
Epoch 250 Relative Error 0.0033861116971820593
Epoch 251 Relative Error 0.0033793835900723934
Epoch 252 Relative Error 0.003371891099959612
Epoch 253 Relative Error 0.0033675178419798613
Epoch 254 Relative Error 0.003357173874974251
Epoch 255 Relative Error 0.003352280706167221
Epoch 256 Relative Error 0.00334882247261703
Epoch 257 Relative Error 0.0033397413790225983
Epoch 258 Relative Error 0.0033344661351293325
Epoch 259 Relative Error 0.0033296423498541117
Epoch 260 Relative Error 0.0033222725614905357
Epoch 261 Relative Error 0.003319687442854047
Epoch 262 Relative Error 0.003309572348371148
Epoch 263 Relative Error 0.0033031259663403034
Epoch 264 Relative Error 0.0032998714596033096
Epoch 265 Relative Error 0.0032912036404013634
Epoch 266 Relative Error 0.003284832928329706
Epoch 267 Relative Error 0.0032821176573634148
Epoch 268 Relative Error 0.0032738654408603907
Epoch 269 Relative Error 0.0032696190755814314
Epoch 270 Relative Error 0.0032647131010890007
Epoch 271 Relative Error 0.0032570648472756147
Epoch 272 Relative Error 0.003250434994697571
Epoch 273 Relative Error 0.003249012166634202
Epoch 274 Relative Error 0.003240286372601986
Epoch 275 Relative Error 0.003234618343412876
Epoch 276 Relative Error 0.003230449976399541
Epoch 277 Relative Error 0.003226473229005933
Epoch 278 Relative Error 0.003218532307073474
Epoch 279 Relative Error 0.003215864533558488
Epoch 280 Relative Error 0.0032086509745568037
Epoch 281 Relative Error 0.0032020744401961565
Epoch 282 Relative Error 0.003197659272700548
Epoch 283 Relative Error 0.0031925018411129713
Epoch 284 Relative Error 0.0031867744401097298
Epoch 285 Relative Error 0.003182017710059881
Epoch 286 Relative Error 0.0031765492167323828
Epoch 287 Relative Error 0.0031697144731879234
Epoch 288 Relative Error 0.0031646264251321554
Epoch 289 Relative Error 0.003159457352012396
Epoch 290 Relative Error 0.0031537399627268314
Epoch 291 Relative Error 0.0031493038404732943
Epoch 292 Relative Error 0.0031457669101655483
Epoch 293 Relative Error 0.0031391095835715532
Epoch 294 Relative Error 0.0031335754320025444
Epoch 295 Relative Error 0.0031322564464062452
Epoch 296 Relative Error 0.003129747463390231
Epoch 297 Relative Error 0.00312001327984035
Epoch 298 Relative Error 0.0031148851849138737
Epoch 299 Relative Error 0.003111007157713175
Epoch 300 Relative Error 0.003106155898422003
Epoch 301 Relative Error 0.003099089488387108
Epoch 302 Relative Error 0.0030957921408116817
Epoch 303 Relative Error 0.0030910479836165905
Epoch 304 Relative Error 0.003085480537265539
Epoch 305 Relative Error 0.003084240248426795
Epoch 306 Relative Error 0.00307713751681149
Epoch 307 Relative Error 0.003073124447837472
Epoch 308 Relative Error 0.003070346312597394
Epoch 309 Relative Error 0.0030638158787041903
Epoch 310 Relative Error 0.0030591702088713646
Epoch 311 Relative Error 0.0030543061438947916
Epoch 312 Relative Error 0.0030488623306155205
Epoch 313 Relative Error 0.003043689066544175
Epoch 314 Relative Error 0.0030394557397812605
Epoch 315 Relative Error 0.0030329402070492506
Epoch 316 Relative Error 0.0030306121334433556
Epoch 317 Relative Error 0.0030253587756305933
Epoch 318 Relative Error 0.003021990181878209
Epoch 319 Relative Error 0.0030186763033270836
Epoch 320 Relative Error 0.003012562869116664
Epoch 321 Relative Error 0.003009149571880698
Epoch 322 Relative Error 0.0030060105491429567
Epoch 323 Relative Error 0.00299932062625885
Epoch 324 Relative Error 0.002996517810970545
Epoch 325 Relative Error 0.002990791341289878
Epoch 326 Relative Error 0.002987922402098775
Epoch 327 Relative Error 0.002981609897688031
Epoch 328 Relative Error 0.002978038042783737
Epoch 329 Relative Error 0.002973295049741864
Epoch 330 Relative Error 0.0029707641806453466
Epoch 331 Relative Error 0.0029659410938620567
Epoch 332 Relative Error 0.0029642432928085327
Epoch 333 Relative Error 0.0029588330071419477
Epoch 334 Relative Error 0.002953728660941124
Epoch 335 Relative Error 0.0029518520459532738
Epoch 336 Relative Error 0.0029462864622473717
Epoch 337 Relative Error 0.002941844519227743
Epoch 338 Relative Error 0.0029374854639172554
Epoch 339 Relative Error 0.0029345103539526463
Epoch 340 Relative Error 0.0029310514219105244
Epoch 341 Relative Error 0.0029249077197164297
Epoch 342 Relative Error 0.0029236525297164917
Epoch 343 Relative Error 0.0029186836909502745
Epoch 344 Relative Error 0.0029155199881643057
Epoch 345 Relative Error 0.002910994691774249
Epoch 346 Relative Error 0.0029082137625664473
Epoch 347 Relative Error 0.0029048181604593992
Epoch 348 Relative Error 0.0029000737704336643
Epoch 349 Relative Error 0.0028942860662937164
Epoch 350 Relative Error 0.002893748925998807
Epoch 351 Relative Error 0.002886644098907709
Epoch 352 Relative Error 0.0028845174238085747
Epoch 353 Relative Error 0.002879874547943473
Epoch 354 Relative Error 0.0028756046667695045
Epoch 355 Relative Error 0.002871898701414466
Epoch 356 Relative Error 0.0028668823651969433
Epoch 357 Relative Error 0.0028649144805967808
Epoch 358 Relative Error 0.0028606250416487455
Epoch 359 Relative Error 0.002856388222426176
Epoch 360 Relative Error 0.0028543733060359955
Epoch 361 Relative Error 0.002849919255822897
Epoch 362 Relative Error 0.002845785580575466
Epoch 363 Relative Error 0.0028436246793717146
Epoch 364 Relative Error 0.0028417843859642744
Epoch 365 Relative Error 0.0028381089214235544
Epoch 366 Relative Error 0.0028332392685115337
Epoch 367 Relative Error 0.0028270648326724768
Epoch 368 Relative Error 0.0028259349055588245
Epoch 369 Relative Error 0.0028228508308529854
Epoch 370 Relative Error 0.002820219611749053
Epoch 371 Relative Error 0.0028155974578112364
Epoch 372 Relative Error 0.0028114328160881996
Epoch 373 Relative Error 0.0028076902963221073
Epoch 374 Relative Error 0.0028056250885128975
Epoch 375 Relative Error 0.002802047645673156
Epoch 376 Relative Error 0.0027977274730801582
Epoch 377 Relative Error 0.0027939199935644865
Epoch 378 Relative Error 0.0027920047286897898
Epoch 379 Relative Error 0.002787563018500805
Epoch 380 Relative Error 0.0027852796483784914
Epoch 381 Relative Error 0.0027808493468910456
Epoch 382 Relative Error 0.00277852825820446
Epoch 383 Relative Error 0.0027738776989281178
Epoch 384 Relative Error 0.0027716688346117735
Epoch 385 Relative Error 0.002768378471955657
Epoch 386 Relative Error 0.0027658299077302217
Epoch 387 Relative Error 0.0027617572341114283
Epoch 388 Relative Error 0.0027598277665674686
Epoch 389 Relative Error 0.00275534950196743
Epoch 390 Relative Error 0.0027510507497936487
Epoch 391 Relative Error 0.002748756902292371
Epoch 392 Relative Error 0.002744637429714203
Epoch 393 Relative Error 0.0027424555737525225
Epoch 394 Relative Error 0.0027396511286497116
Epoch 395 Relative Error 0.002738163573667407
Epoch 396 Relative Error 0.0027342489920556545
Epoch 397 Relative Error 0.0027315313927829266
Epoch 398 Relative Error 0.002728183288127184
Epoch 399 Relative Error 0.002726046135649085
Epoch 400 Relative Error 0.0027227390091866255
Epoch 401 Relative Error 0.002719507087022066
Epoch 402 Relative Error 0.0027165873907506466
Epoch 403 Relative Error 0.00271246419288218
Epoch 404 Relative Error 0.0027098192367702723
Epoch 405 Relative Error 0.0027060136198997498
Epoch 406 Relative Error 0.0027042159345000982
Epoch 407 Relative Error 0.002701275981962681
Epoch 408 Relative Error 0.002697812160477042
Epoch 409 Relative Error 0.0026948030572384596
Epoch 410 Relative Error 0.0026901939418166876
Epoch 411 Relative Error 0.0026882861275225878
Epoch 412 Relative Error 0.002687065862119198
Epoch 413 Relative Error 0.002683270489796996
Epoch 414 Relative Error 0.002678536344319582
Epoch 415 Relative Error 0.002676516305655241
Epoch 416 Relative Error 0.0026744829956442118
Epoch 417 Relative Error 0.002672272501513362
Epoch 418 Relative Error 0.0026679611764848232
Epoch 419 Relative Error 0.002667676657438278
Epoch 420 Relative Error 0.0026638845447450876
Epoch 421 Relative Error 0.0026617583353072405
Epoch 422 Relative Error 0.002657927805557847
Epoch 423 Relative Error 0.0026540635153651237
Epoch 424 Relative Error 0.0026515102945268154
Epoch 425 Relative Error 0.0026497873477637768
Epoch 426 Relative Error 0.002646337728947401
Epoch 427 Relative Error 0.002644899068400264
Epoch 428 Relative Error 0.002640550723299384
Epoch 429 Relative Error 0.0026378585025668144
Epoch 430 Relative Error 0.0026346268132328987
Epoch 431 Relative Error 0.00263252854347229
Epoch 432 Relative Error 0.0026304475031793118
Epoch 433 Relative Error 0.0026266227941960096
Epoch 434 Relative Error 0.0026252588722854853
Epoch 435 Relative Error 0.0026209393981844187
Epoch 436 Relative Error 0.0026203126180917025
Epoch 437 Relative Error 0.002617652527987957
Epoch 438 Relative Error 0.002617056481540203
Epoch 439 Relative Error 0.0026165915187448263
Epoch 440 Relative Error 0.0026104573626071215
Epoch 441 Relative Error 0.0026081588584929705
Epoch 442 Relative Error 0.0026060263626277447
Epoch 443 Relative Error 0.002603467321023345
Epoch 444 Relative Error 0.0025979194324463606
Epoch 445 Relative Error 0.00259505701251328
Epoch 446 Relative Error 0.002593841403722763
Epoch 447 Relative Error 0.002591140102595091
Epoch 448 Relative Error 0.0025885910727083683
Epoch 449 Relative Error 0.002585834125056863
Epoch 450 Relative Error 0.0025827588979154825
Epoch 451 Relative Error 0.0025802345480769873
Epoch 452 Relative Error 0.0025778450071811676
Epoch 453 Relative Error 0.0025762266013771296
Epoch 454 Relative Error 0.0025725902523845434
Epoch 455 Relative Error 0.00256873806938529
Epoch 456 Relative Error 0.0025677599478513002
Epoch 457 Relative Error 0.002566050738096237
Epoch 458 Relative Error 0.002563110087066889
Epoch 459 Relative Error 0.002561802975833416
Epoch 460 Relative Error 0.0025580585934221745
Epoch 461 Relative Error 0.0025559484492987394
Epoch 462 Relative Error 0.002553461119532585
Epoch 463 Relative Error 0.002551349112764001
Epoch 464 Relative Error 0.002548887161538005
Epoch 465 Relative Error 0.0025454906281083822
Epoch 466 Relative Error 0.0025432570837438107
Epoch 467 Relative Error 0.0025420738384127617
Epoch 468 Relative Error 0.0025403941981494427
Epoch 469 Relative Error 0.0025366395711898804
Epoch 470 Relative Error 0.0025339359417557716
Epoch 471 Relative Error 0.002532560843974352
Epoch 472 Relative Error 0.0025301489513367414
Epoch 473 Relative Error 0.002527567557990551
Epoch 474 Relative Error 0.0025267028249800205
Epoch 475 Relative Error 0.002522219205275178
Epoch 476 Relative Error 0.0025219356175512075
Epoch 477 Relative Error 0.0025189260486513376
Epoch 478 Relative Error 0.002515963511541486
Epoch 479 Relative Error 0.002513814950361848
Epoch 480 Relative Error 0.002510878024622798
Epoch 481 Relative Error 0.0025095760356634855
Epoch 482 Relative Error 0.0025078433100134134
Epoch 483 Relative Error 0.002507287310436368
Epoch 484 Relative Error 0.0025030856486409903
Epoch 485 Relative Error 0.002500234404578805
Epoch 486 Relative Error 0.0024975009728223085
Epoch 487 Relative Error 0.002495876979082823
Epoch 488 Relative Error 0.002492667641490698
Epoch 489 Relative Error 0.0024905565660446882
Epoch 490 Relative Error 0.0024885733146220446
Epoch 491 Relative Error 0.0024899214040488005
Epoch 492 Relative Error 0.0024844638537615538
Epoch 493 Relative Error 0.0024822906125336885
Epoch 494 Relative Error 0.0024797043297439814
Epoch 495 Relative Error 0.0024796659126877785
Epoch 496 Relative Error 0.0024757906794548035
Epoch 497 Relative Error 0.0024722691159695387
Epoch 498 Relative Error 0.0024719510693103075
Epoch 499 Relative Error 0.0024699107743799686
Epoch 500 Relative Error 0.002467293757945299
Epoch 501 Relative Error 0.0024649580009281635
Epoch 502 Relative Error 0.002462602686136961
Epoch 503 Relative Error 0.0024620210751891136
Epoch 504 Relative Error 0.0024604778736829758
Epoch 505 Relative Error 0.0024569358211010695
Epoch 506 Relative Error 0.002457767492160201
Epoch 507 Relative Error 0.0024532123934477568
Epoch 508 Relative Error 0.0024519730359315872
Epoch 509 Relative Error 0.002448428189381957
Epoch 510 Relative Error 0.0024469206109642982
Epoch 511 Relative Error 0.002444205805659294
Epoch 512 Relative Error 0.002442567376419902
Epoch 513 Relative Error 0.002440468408167362
Epoch 514 Relative Error 0.0024396590888500214
Epoch 515 Relative Error 0.002437519608065486
Epoch 516 Relative Error 0.002434374764561653
Epoch 517 Relative Error 0.0024324306286871433
Epoch 518 Relative Error 0.0024298829957842827
Epoch 519 Relative Error 0.0024283623788505793
Epoch 520 Relative Error 0.002426363527774811
Epoch 521 Relative Error 0.002423069905489683
Epoch 522 Relative Error 0.0024223686195909977
Epoch 523 Relative Error 0.002421471057459712
Epoch 524 Relative Error 0.002417058451101184
Epoch 525 Relative Error 0.002415521303191781
Epoch 526 Relative Error 0.0024135042913258076
Epoch 527 Relative Error 0.0024118528235703707
Epoch 528 Relative Error 0.0024095699191093445
Epoch 529 Relative Error 0.0024083657190203667
Epoch 530 Relative Error 0.002406070474535227
Epoch 531 Relative Error 0.0024038718547672033
Epoch 532 Relative Error 0.002402285113930702
Epoch 533 Relative Error 0.0024008993059396744
Epoch 534 Relative Error 0.0023977719247341156
Epoch 535 Relative Error 0.002397962613031268
Epoch 536 Relative Error 0.002393048722296953
Epoch 537 Relative Error 0.002393104135990143
Epoch 538 Relative Error 0.002390040550380945
Epoch 539 Relative Error 0.0023887946736067533
Epoch 540 Relative Error 0.002387181157246232
Epoch 541 Relative Error 0.002385259373113513
Epoch 542 Relative Error 0.0023840968497097492
Epoch 543 Relative Error 0.0023822588846087456
Epoch 544 Relative Error 0.0023814307060092688
Epoch 545 Relative Error 0.00237957458011806
Epoch 546 Relative Error 0.00237682624720037
Epoch 547 Relative Error 0.00237420666962862
Epoch 548 Relative Error 0.002372988499701023
Epoch 549 Relative Error 0.0023716555442661047
Epoch 550 Relative Error 0.0023683737963438034
Epoch 551 Relative Error 0.002366831758990884
Epoch 552 Relative Error 0.0023652641102671623
Epoch 553 Relative Error 0.002363392850384116
Epoch 554 Relative Error 0.0023612743243575096
Epoch 555 Relative Error 0.0023594575468450785
Epoch 556 Relative Error 0.002357826568186283
Epoch 557 Relative Error 0.0023573795333504677
Epoch 558 Relative Error 0.002353747608140111
Epoch 559 Relative Error 0.0023523462004959583
Epoch 560 Relative Error 0.0023509894963353872
Epoch 561 Relative Error 0.00235041999258101
Epoch 562 Relative Error 0.002348797395825386
Epoch 563 Relative Error 0.0023454059846699238
Epoch 564 Relative Error 0.0023446702398359776
Epoch 565 Relative Error 0.002343470696359873
Epoch 566 Relative Error 0.0023407102562487125
Epoch 567 Relative Error 0.0023387728724628687
Epoch 568 Relative Error 0.002338042017072439
Epoch 569 Relative Error 0.0023370387498289347
Epoch 570 Relative Error 0.002334162825718522
Epoch 571 Relative Error 0.002331417053937912
Epoch 572 Relative Error 0.0023293690755963326
Epoch 573 Relative Error 0.0023283460177481174
Epoch 574 Relative Error 0.0023264926858246326
Epoch 575 Relative Error 0.0023251113016158342
Epoch 576 Relative Error 0.0023237382993102074
Epoch 577 Relative Error 0.0023231967352330685
Epoch 578 Relative Error 0.0023207322228699923
Epoch 579 Relative Error 0.0023202011361718178
Epoch 580 Relative Error 0.002317587146535516
Epoch 581 Relative Error 0.002315813908353448
Epoch 582 Relative Error 0.0023141764104366302
Epoch 583 Relative Error 0.0023124387953430414
Epoch 584 Relative Error 0.0023095118813216686
Epoch 585 Relative Error 0.002307852962985635
Epoch 586 Relative Error 0.002306862035766244
Epoch 587 Relative Error 0.002304774010553956
Epoch 588 Relative Error 0.002303431974723935
Epoch 589 Relative Error 0.002301122061908245
Epoch 590 Relative Error 0.002299428917467594
Epoch 591 Relative Error 0.002297359751537442
Epoch 592 Relative Error 0.002296808874234557
Epoch 593 Relative Error 0.002294253557920456
Epoch 594 Relative Error 0.0022930619306862354
Epoch 595 Relative Error 0.0022919680923223495
Epoch 596 Relative Error 0.002289912896230817
Epoch 597 Relative Error 0.0022894705180078745
Epoch 598 Relative Error 0.0022882986813783646
Epoch 599 Relative Error 0.0022861985489726067
Epoch 600 Relative Error 0.002285083755850792
Epoch 601 Relative Error 0.00228231237269938
Epoch 602 Relative Error 0.00228107045404613
Epoch 603 Relative Error 0.0022807824425399303
Epoch 604 Relative Error 0.002278211759403348
Epoch 605 Relative Error 0.0022765924222767353
Epoch 606 Relative Error 0.002274230821058154
Epoch 607 Relative Error 0.0022728764452040195
Epoch 608 Relative Error 0.0022711623460054398
Epoch 609 Relative Error 0.0022702664136886597
Epoch 610 Relative Error 0.002267509698867798
Epoch 611 Relative Error 0.002266697119921446
Epoch 612 Relative Error 0.0022671453189104795
Epoch 613 Relative Error 0.0022635976783931255
Epoch 614 Relative Error 0.0022613327018916607
Epoch 615 Relative Error 0.0022599913645535707
Epoch 616 Relative Error 0.002259259345009923
Epoch 617 Relative Error 0.0022572767920792103
Epoch 618 Relative Error 0.002255870494991541
Epoch 619 Relative Error 0.0022537228651344776
Epoch 620 Relative Error 0.002252534730359912
Epoch 621 Relative Error 0.002251391066238284
Epoch 622 Relative Error 0.0022501007188111544
Epoch 623 Relative Error 0.0022478390019387007
Epoch 624 Relative Error 0.002246860647574067
Epoch 625 Relative Error 0.0022449856624007225
Epoch 626 Relative Error 0.0022438690066337585
Epoch 627 Relative Error 0.0022424685303121805
Epoch 628 Relative Error 0.002240752335637808
Epoch 629 Relative Error 0.002238311106339097
Epoch 630 Relative Error 0.002237659180536866
Epoch 631 Relative Error 0.0022360822185873985
Epoch 632 Relative Error 0.0022344414610415697
Epoch 633 Relative Error 0.0022331078071147203
Epoch 634 Relative Error 0.002231380669400096
Epoch 635 Relative Error 0.002232078928500414
Epoch 636 Relative Error 0.002229544799774885
Epoch 637 Relative Error 0.0022274476941674948
Epoch 638 Relative Error 0.002225586911663413
Epoch 639 Relative Error 0.0022243091370910406
Epoch 640 Relative Error 0.0022232478950172663
Epoch 641 Relative Error 0.002221205970272422
Epoch 642 Relative Error 0.0022197295911610126
Epoch 643 Relative Error 0.002218828070908785
Epoch 644 Relative Error 0.002217574045062065
Epoch 645 Relative Error 0.002215505111962557
Epoch 646 Relative Error 0.002214608481153846
Epoch 647 Relative Error 0.0022130331490188837
Epoch 648 Relative Error 0.0022117500193417072
Epoch 649 Relative Error 0.0022106231190264225
Epoch 650 Relative Error 0.002209706697613001
Epoch 651 Relative Error 0.0022087416145950556
Epoch 652 Relative Error 0.0022066279780119658
Epoch 653 Relative Error 0.0022051099222153425
Epoch 654 Relative Error 0.002204619348049164
Epoch 655 Relative Error 0.0022017969749867916
Epoch 656 Relative Error 0.0022009641397744417
Epoch 657 Relative Error 0.0021992442198097706
Epoch 658 Relative Error 0.0021980339661240578
Epoch 659 Relative Error 0.0021965336054563522
Epoch 660 Relative Error 0.002195372711867094
Epoch 661 Relative Error 0.0021935589611530304
Epoch 662 Relative Error 0.002192994114011526
Epoch 663 Relative Error 0.0021924625616520643
Epoch 664 Relative Error 0.0021893340162932873
Epoch 665 Relative Error 0.0021879556588828564
Epoch 666 Relative Error 0.0021875251550227404
Epoch 667 Relative Error 0.0021856287494301796
Epoch 668 Relative Error 0.0021850892808288336
Epoch 669 Relative Error 0.002182906726375222
Epoch 670 Relative Error 0.0021819723770022392
Epoch 671 Relative Error 0.002180269453674555
Epoch 672 Relative Error 0.0021787339355796576
Epoch 673 Relative Error 0.0021768584847450256
Epoch 674 Relative Error 0.002176153939217329
Epoch 675 Relative Error 0.002175720175728202
Epoch 676 Relative Error 0.0021731581073254347
Epoch 677 Relative Error 0.002172749489545822
Epoch 678 Relative Error 0.002170926658436656
Epoch 679 Relative Error 0.002169483108446002
Epoch 680 Relative Error 0.002168690087273717
Epoch 681 Relative Error 0.0021687254775315523
Epoch 682 Relative Error 0.002166361315175891
Epoch 683 Relative Error 0.002164897508919239
Epoch 684 Relative Error 0.002163390628993511
Epoch 685 Relative Error 0.002162887714803219
Epoch 686 Relative Error 0.002160461386665702
Epoch 687 Relative Error 0.002161002717912197
Epoch 688 Relative Error 0.0021593605633825064
Epoch 689 Relative Error 0.002157368464395404
Epoch 690 Relative Error 0.0021567612420767546
Epoch 691 Relative Error 0.00215536798350513
Epoch 692 Relative Error 0.002153420355170965
Epoch 693 Relative Error 0.0021526790224015713
Epoch 694 Relative Error 0.0021506978664547205
Epoch 695 Relative Error 0.0021496813278645277
Epoch 696 Relative Error 0.0021472983062267303
Epoch 697 Relative Error 0.0021477455738931894
Epoch 698 Relative Error 0.002145254286006093
Epoch 699 Relative Error 0.0021461148280650377
Epoch 700 Relative Error 0.0021429636981338263
Epoch 701 Relative Error 0.0021415292285382748
Epoch 702 Relative Error 0.0021404833532869816
Epoch 703 Relative Error 0.0021394139621406794
Epoch 704 Relative Error 0.00213758647441864
Epoch 705 Relative Error 0.002137185772880912
Epoch 706 Relative Error 0.0021357466466724873
Epoch 707 Relative Error 0.0021342767868191004
Epoch 708 Relative Error 0.0021335252095013857
Epoch 709 Relative Error 0.0021311715245246887
Epoch 710 Relative Error 0.0021311817690730095
Epoch 711 Relative Error 0.0021307675633579493
Epoch 712 Relative Error 0.0021284748800098896
Epoch 713 Relative Error 0.002127312356606126
Epoch 714 Relative Error 0.0021264252718538046
Epoch 715 Relative Error 0.002125220140442252
Epoch 716 Relative Error 0.0021238187327980995
Epoch 717 Relative Error 0.002121945610269904
Epoch 718 Relative Error 0.002121355151757598
Epoch 719 Relative Error 0.0021196359302848577
Epoch 720 Relative Error 0.0021187446545809507
Epoch 721 Relative Error 0.0021173646673560143
Epoch 722 Relative Error 0.0021159911993891
Epoch 723 Relative Error 0.0021151183173060417
Epoch 724 Relative Error 0.0021142722107470036
Epoch 725 Relative Error 0.0021131543908268213
Epoch 726 Relative Error 0.002112007699906826
Epoch 727 Relative Error 0.0021104381885379553
Epoch 728 Relative Error 0.0021098137367516756
Epoch 729 Relative Error 0.00210804445669055
Epoch 730 Relative Error 0.0021077084820717573
Epoch 731 Relative Error 0.002105118939653039
Epoch 732 Relative Error 0.0021050586365163326
Epoch 733 Relative Error 0.0021049347706139088
Epoch 734 Relative Error 0.002103230683133006
Epoch 735 Relative Error 0.0021010651253163815
Epoch 736 Relative Error 0.002099493984133005
Epoch 737 Relative Error 0.002099087694659829
Epoch 738 Relative Error 0.0020993573125451803
Epoch 739 Relative Error 0.002095942385494709
Epoch 740 Relative Error 0.002096187323331833
Epoch 741 Relative Error 0.0020936212968081236
Epoch 742 Relative Error 0.0020937169902026653
Epoch 743 Relative Error 0.002093481831252575
Epoch 744 Relative Error 0.0020914385095238686
Epoch 745 Relative Error 0.0020897299982607365
Epoch 746 Relative Error 0.0020895644556730986
Epoch 747 Relative Error 0.002088411943987012
Epoch 748 Relative Error 0.0020861683879047632
Epoch 749 Relative Error 0.0020861104130744934
Epoch 750 Relative Error 0.0020840901415795088
Epoch 751 Relative Error 0.0020841583609580994
Epoch 752 Relative Error 0.0020822184160351753
Epoch 753 Relative Error 0.0020810700953006744
Epoch 754 Relative Error 0.0020799008198082447
Epoch 755 Relative Error 0.0020783650688827038
Epoch 756 Relative Error 0.00207751477137208
Epoch 757 Relative Error 0.0020758947357535362
Epoch 758 Relative Error 0.0020754397846758366
Epoch 759 Relative Error 0.0020736721344292164
Epoch 760 Relative Error 0.002073163166642189
Epoch 761 Relative Error 0.002071594586595893
Epoch 762 Relative Error 0.0020714825950562954
Epoch 763 Relative Error 0.002070450922474265
Epoch 764 Relative Error 0.0020685638301074505
Epoch 765 Relative Error 0.0020678378641605377
Epoch 766 Relative Error 0.0020663549657911062
Epoch 767 Relative Error 0.002065045991912484
Epoch 768 Relative Error 0.002063886495307088
Epoch 769 Relative Error 0.0020635409746319056
Epoch 770 Relative Error 0.0020619742572307587
Epoch 771 Relative Error 0.0020601400174200535
Epoch 772 Relative Error 0.002060292288661003
Epoch 773 Relative Error 0.002058539306744933
Epoch 774 Relative Error 0.002058281097561121
Epoch 775 Relative Error 0.0020556270610541105
Epoch 776 Relative Error 0.0020562768913805485
Epoch 777 Relative Error 0.0020550277549773455
Epoch 778 Relative Error 0.002054166980087757
Epoch 779 Relative Error 0.0020530682522803545
Epoch 780 Relative Error 0.0020527257584035397
Epoch 781 Relative Error 0.0020505795255303383
Epoch 782 Relative Error 0.0020505860447883606
Epoch 783 Relative Error 0.0020480675157159567
Epoch 784 Relative Error 0.002048064488917589
Epoch 785 Relative Error 0.0020469320006668568
Epoch 786 Relative Error 0.0020458886865526438
Epoch 787 Relative Error 0.0020452174358069897
Epoch 788 Relative Error 0.002045391360297799
Epoch 789 Relative Error 0.002043640473857522
Epoch 790 Relative Error 0.0020408497657626867
Epoch 791 Relative Error 0.0020415927283465862
Epoch 792 Relative Error 0.002039447193965316
Epoch 793 Relative Error 0.002037599915638566
Epoch 794 Relative Error 0.002039174782112241
Epoch 795 Relative Error 0.00203599501401186
Epoch 796 Relative Error 0.0020358467008918524
Epoch 797 Relative Error 0.002033069496974349
Epoch 798 Relative Error 0.00203316961415112
Epoch 799 Relative Error 0.0020327107049524784
Epoch 800 Relative Error 0.002031047362834215
Epoch 801 Relative Error 0.002030497882515192
Epoch 802 Relative Error 0.0020302420016378164
Epoch 803 Relative Error 0.002031176583841443
Epoch 804 Relative Error 0.00202881614677608
Epoch 805 Relative Error 0.0020270959939807653
Epoch 806 Relative Error 0.0020273812115192413
Epoch 807 Relative Error 0.002024642890319228
Epoch 808 Relative Error 0.0020237364806234837
Epoch 809 Relative Error 0.0020227511413395405
Epoch 810 Relative Error 0.002022737404331565
Epoch 811 Relative Error 0.002020075684413314
Epoch 812 Relative Error 0.0020203732419759035
Epoch 813 Relative Error 0.0020180644933134317
Epoch 814 Relative Error 0.002017164370045066
Epoch 815 Relative Error 0.002017006743699312
Epoch 816 Relative Error 0.0020152737852185965
Epoch 817 Relative Error 0.002014636993408203
Epoch 818 Relative Error 0.0020129180047661066
Epoch 819 Relative Error 0.0020126691088080406
Epoch 820 Relative Error 0.002011448610574007
Epoch 821 Relative Error 0.0020102530252188444
Epoch 822 Relative Error 0.0020089757163077593
Epoch 823 Relative Error 0.002008837880566716
Epoch 824 Relative Error 0.0020073160994797945
Epoch 825 Relative Error 0.002005918649956584
Epoch 826 Relative Error 0.0020057386718690395
Epoch 827 Relative Error 0.002004785230383277
Epoch 828 Relative Error 0.0020038567017763853
Epoch 829 Relative Error 0.0020023442339152098
Epoch 830 Relative Error 0.0020014126785099506
Epoch 831 Relative Error 0.002000510459765792
Epoch 832 Relative Error 0.0020000466611236334
Epoch 833 Relative Error 0.0019986142870038748
Epoch 834 Relative Error 0.001998279243707657
Epoch 835 Relative Error 0.001997204963117838
Epoch 836 Relative Error 0.0019959236960858107
Epoch 837 Relative Error 0.0019947122782468796
Epoch 838 Relative Error 0.0019935695454478264
Epoch 839 Relative Error 0.0019934987649321556
Epoch 840 Relative Error 0.001992397243157029
Epoch 841 Relative Error 0.001991534372791648
Epoch 842 Relative Error 0.0019912044517695904
Epoch 843 Relative Error 0.0019902808126062155
Epoch 844 Relative Error 0.001987905940040946
Epoch 845 Relative Error 0.0019881404004991055
Epoch 846 Relative Error 0.001987562282010913
Epoch 847 Relative Error 0.001985998125746846
Epoch 848 Relative Error 0.0019841769244521856
Epoch 849 Relative Error 0.0019845745991915464
Epoch 850 Relative Error 0.0019835219718515873
Epoch 851 Relative Error 0.001982431160286069
Epoch 852 Relative Error 0.0019821717869490385
Epoch 853 Relative Error 0.0019801142625510693
Epoch 854 Relative Error 0.001978980377316475
Epoch 855 Relative Error 0.0019785987678915262
Epoch 856 Relative Error 0.0019770702347159386
Epoch 857 Relative Error 0.0019771710503846407
Epoch 858 Relative Error 0.0019749130588024855
Epoch 859 Relative Error 0.001974973361939192
Epoch 860 Relative Error 0.001974258106201887
Epoch 861 Relative Error 0.0019742732401937246
Epoch 862 Relative Error 0.0019716534297913313
Epoch 863 Relative Error 0.001971150515601039
Epoch 864 Relative Error 0.0019700375851243734
Epoch 865 Relative Error 0.0019698189571499825
Epoch 866 Relative Error 0.0019693225622177124
Epoch 867 Relative Error 0.001968241762369871
Epoch 868 Relative Error 0.001967409625649452
Epoch 869 Relative Error 0.0019660189282149076
Epoch 870 Relative Error 0.0019651371985673904
Epoch 871 Relative Error 0.0019638610538095236
Epoch 872 Relative Error 0.0019637690857052803
Epoch 873 Relative Error 0.0019621169194579124
Epoch 874 Relative Error 0.0019620100501924753
Epoch 875 Relative Error 0.001960703870281577
Epoch 876 Relative Error 0.0019598351791501045
Epoch 877 Relative Error 0.0019589769653975964
Epoch 878 Relative Error 0.0019579515792429447
Epoch 879 Relative Error 0.0019570644944906235
Epoch 880 Relative Error 0.001956602791324258
Epoch 881 Relative Error 0.0019556444603949785
Epoch 882 Relative Error 0.00195417832583189
Epoch 883 Relative Error 0.0019543503876775503
Epoch 884 Relative Error 0.0019528931006789207
Epoch 885 Relative Error 0.0019519452471286058
Epoch 886 Relative Error 0.0019509912235662341
Epoch 887 Relative Error 0.0019506985554471612
Epoch 888 Relative Error 0.0019491181010380387
Epoch 889 Relative Error 0.0019483368378132582
Epoch 890 Relative Error 0.0019475342705845833
Epoch 891 Relative Error 0.0019476815359666944
Epoch 892 Relative Error 0.001945900614373386
Epoch 893 Relative Error 0.0019452075939625502
Epoch 894 Relative Error 0.0019444366917014122
Epoch 895 Relative Error 0.0019437882583588362
Epoch 896 Relative Error 0.0019433811539784074
Epoch 897 Relative Error 0.0019421434262767434
Epoch 898 Relative Error 0.0019411238608881831
Epoch 899 Relative Error 0.0019398024305701256
Epoch 900 Relative Error 0.0019393868278712034
Epoch 901 Relative Error 0.0019390443339943886
Epoch 902 Relative Error 0.00193802232388407
Epoch 903 Relative Error 0.001937974477186799
Epoch 904 Relative Error 0.0019354944815859199
Epoch 905 Relative Error 0.0019347851630300283
Epoch 906 Relative Error 0.0019340907456353307
Epoch 907 Relative Error 0.0019335136748850346
Epoch 908 Relative Error 0.0019321050494909286
Epoch 909 Relative Error 0.001932219136506319
Epoch 910 Relative Error 0.0019315358949825168
Epoch 911 Relative Error 0.0019298417028039694
Epoch 912 Relative Error 0.0019295811653137207
Epoch 913 Relative Error 0.001929526450112462
Epoch 914 Relative Error 0.0019285400630906224
Epoch 915 Relative Error 0.0019273540237918496
Epoch 916 Relative Error 0.0019272600766271353
Epoch 917 Relative Error 0.0019250910263508558
Epoch 918 Relative Error 0.0019248109310865402
Epoch 919 Relative Error 0.001924599171616137
Epoch 920 Relative Error 0.001923006260767579
Epoch 921 Relative Error 0.0019213301129639149
Epoch 922 Relative Error 0.0019209823803976178
Epoch 923 Relative Error 0.001920487149618566
Epoch 924 Relative Error 0.0019201370887458324
Epoch 925 Relative Error 0.0019182059913873672
Epoch 926 Relative Error 0.001918286900036037
Epoch 927 Relative Error 0.00191829155664891
Epoch 928 Relative Error 0.0019170629093423486
Epoch 929 Relative Error 0.0019158583600074053
Epoch 930 Relative Error 0.0019152958411723375
Epoch 931 Relative Error 0.0019144084071740508
Epoch 932 Relative Error 0.0019135024631395936
Epoch 933 Relative Error 0.0019125789403915405
Epoch 934 Relative Error 0.0019117176998406649
Epoch 935 Relative Error 0.0019096428295597434
Epoch 936 Relative Error 0.0019100570352748036
Epoch 937 Relative Error 0.0019095037132501602
Epoch 938 Relative Error 0.001908562728203833
Epoch 939 Relative Error 0.0019073751755058765
Epoch 940 Relative Error 0.0019062208011746407
Epoch 941 Relative Error 0.0019063896033912897
Epoch 942 Relative Error 0.0019049622351303697
Epoch 943 Relative Error 0.0019050661940127611
Epoch 944 Relative Error 0.0019035639706999063
Epoch 945 Relative Error 0.001903804950416088
Epoch 946 Relative Error 0.0019020928302779794
Epoch 947 Relative Error 0.0019012835109606385
Epoch 948 Relative Error 0.0019012719858437777
Epoch 949 Relative Error 0.0018997580045834184
Epoch 950 Relative Error 0.0018992936238646507
Epoch 951 Relative Error 0.0018979726592078805
Epoch 952 Relative Error 0.0018973832484334707
Epoch 953 Relative Error 0.0018965877825394273
Epoch 954 Relative Error 0.0018957158317789435
Epoch 955 Relative Error 0.0018947336357086897
Epoch 956 Relative Error 0.0018937666900455952
Epoch 957 Relative Error 0.0018934824038296938
Epoch 958 Relative Error 0.001892540487460792
Epoch 959 Relative Error 0.00189224595669657
Epoch 960 Relative Error 0.001890665153041482
Epoch 961 Relative Error 0.001890805782750249
Epoch 962 Relative Error 0.0018893432570621371
Epoch 963 Relative Error 0.0018891184590756893
Epoch 964 Relative Error 0.001888452679850161
Epoch 965 Relative Error 0.0018873800290748477
Epoch 966 Relative Error 0.001886837650090456
Epoch 967 Relative Error 0.0018862022552639246
Epoch 968 Relative Error 0.001885426347143948
Epoch 969 Relative Error 0.0018840187694877386
Epoch 970 Relative Error 0.0018831753404811025
Epoch 971 Relative Error 0.0018833527574315667
Epoch 972 Relative Error 0.0018825923325493932
Epoch 973 Relative Error 0.0018817621748894453
Epoch 974 Relative Error 0.0018809045432135463
Epoch 975 Relative Error 0.0018799504032358527
Epoch 976 Relative Error 0.0018799243262037635
Epoch 977 Relative Error 0.0018780642421916127
Epoch 978 Relative Error 0.0018781493417918682
Epoch 979 Relative Error 0.0018772230250760913
Epoch 980 Relative Error 0.0018766002031043172
Epoch 981 Relative Error 0.001875759451650083
Epoch 982 Relative Error 0.0018745793495327234
Epoch 983 Relative Error 0.001874845358543098
Epoch 984 Relative Error 0.0018738016951829195
Epoch 985 Relative Error 0.0018730324227362871
Epoch 986 Relative Error 0.0018718619830906391
Epoch 987 Relative Error 0.0018710754811763763
Epoch 988 Relative Error 0.0018701166845858097
Epoch 989 Relative Error 0.0018697957275435328
Epoch 990 Relative Error 0.001869242638349533
Epoch 991 Relative Error 0.001868131454102695
Epoch 992 Relative Error 0.0018671114230528474
Epoch 993 Relative Error 0.0018662585644051433
Epoch 994 Relative Error 0.0018660326022654772
Epoch 995 Relative Error 0.0018653913866728544
Epoch 996 Relative Error 0.0018645564559847116
Epoch 997 Relative Error 0.0018638934707269073
Epoch 998 Relative Error 0.0018633176805451512
Epoch 999 Relative Error 0.001862571225501597
Epoch 1000 Relative Error 0.001862471690401435
RE (1, 7, 10, 0): 0.001862471690401435
Green's Function RE (1, 7, 10, 0): 0.008715305477380753
Bias Term RE (1, 7, 10, 0): 0.005522788967937231
Combination (1, 7, 10, 0, 0): 0.0020899130031466484
Combination (1, 7, 10, 0, 1): 0.0020710851531475782
Combination (1, 7, 10, 0, 2): 0.0020417345222085714
Combination (1, 7, 10, 0, 3): 0.0020331330597400665
Combination (1, 7, 10, 0, 4): 0.002029840601608157

/home/gridsan/gstepaniants/.local/lib/python3.8/site-packages/torch/functional.py:478: UserWarning: torch.meshgrid: in an upcoming release, it will be required to pass the indexing argument. (Triggered internally at  ../aten/src/ATen/native/TensorShape.cpp:2895.)
  return _VF.meshgrid(tensors, **kwargs)  # type: ignore[attr-defined]
