[KeOps] Warning : Cuda libraries were not detected on the system ; using cpu only mode
1
Kernel: Matern5/2
Weight Mesh: 100
RKHS Kernel Width: 0.06
Lambda: 1e-06
Green's Function Learning Rate: 100
Bias Term Learning Rate: 100
Epoch 1 Relative Error 17249.4921875
First epoch had re = 17249.4921875 > 1
Green's Function Learning Rate: 50
Bias Term Learning Rate: 50
Epoch 1 Relative Error 9726.8623046875
First epoch had re = 9726.8623046875 > 1
Green's Function Learning Rate: 10
Bias Term Learning Rate: 10
Epoch 1 Relative Error 1373.0628662109375
First epoch had re = 1373.0628662109375 > 1
Green's Function Learning Rate: 5
Bias Term Learning Rate: 5
Epoch 1 Relative Error 768.32275390625
First epoch had re = 768.32275390625 > 1
Green's Function Learning Rate: 1
Bias Term Learning Rate: 1
Epoch 1 Relative Error 167.25160217285156
First epoch had re = 167.25160217285156 > 1
Green's Function Learning Rate: 0.5
Bias Term Learning Rate: 0.5
Epoch 1 Relative Error 88.15110778808594
First epoch had re = 88.15110778808594 > 1
Green's Function Learning Rate: 0.1
Bias Term Learning Rate: 0.1
Epoch 1 Relative Error 16.66134262084961
First epoch had re = 16.66134262084961 > 1
Green's Function Learning Rate: 0.05
Bias Term Learning Rate: 0.05
Epoch 1 Relative Error 6.441176414489746
First epoch had re = 6.441176414489746 > 1
Green's Function Learning Rate: 0.01
Bias Term Learning Rate: 0.01
Epoch 1 Relative Error 1.4076029062271118
First epoch had re = 1.4076029062271118 > 1
Green's Function Learning Rate: 0.005
Bias Term Learning Rate: 0.005
Epoch 1 Relative Error 0.7787367105484009
Epoch 2 Relative Error 0.6015405058860779
Epoch 3 Relative Error 0.5205766558647156
Epoch 4 Relative Error 0.4276861250400543
Epoch 5 Relative Error 0.33640623092651367
Epoch 6 Relative Error 0.27768146991729736
Epoch 7 Relative Error 0.21179822087287903
Epoch 8 Relative Error 0.1489080935716629
Epoch 9 Relative Error 0.11631491780281067
Epoch 10 Relative Error 0.10694439709186554
Epoch 11 Relative Error 0.08754466474056244
Epoch 12 Relative Error 0.07119164615869522
Epoch 13 Relative Error 0.0638580396771431
Epoch 14 Relative Error 0.0540112629532814
Epoch 15 Relative Error 0.04476258531212807
Epoch 16 Relative Error 0.034928761422634125
Epoch 17 Relative Error 0.0305204875767231
Epoch 18 Relative Error 0.030754465609788895
Epoch 19 Relative Error 0.02898435667157173
Epoch 20 Relative Error 0.02747209742665291
Epoch 21 Relative Error 0.025933140888810158
Epoch 22 Relative Error 0.024728350341320038
Epoch 23 Relative Error 0.024044755846261978
Epoch 24 Relative Error 0.02363746054470539
Epoch 25 Relative Error 0.023147882893681526
Epoch 26 Relative Error 0.022735003381967545
Epoch 27 Relative Error 0.022407902404665947
Epoch 28 Relative Error 0.022036856040358543
Epoch 29 Relative Error 0.021709036082029343
Epoch 30 Relative Error 0.0214308463037014
Epoch 31 Relative Error 0.021114159375429153
Epoch 32 Relative Error 0.020854802802205086
Epoch 33 Relative Error 0.020587148144841194
Epoch 34 Relative Error 0.020339585840702057
Epoch 35 Relative Error 0.020112693309783936
Epoch 36 Relative Error 0.019887948408722878
Epoch 37 Relative Error 0.01969590038061142
Epoch 38 Relative Error 0.019472405314445496
Epoch 39 Relative Error 0.01926414482295513
Epoch 40 Relative Error 0.01905502751469612
Epoch 41 Relative Error 0.01886620558798313
Epoch 42 Relative Error 0.018712488934397697
Epoch 43 Relative Error 0.018514089286327362
Epoch 44 Relative Error 0.018361642956733704
Epoch 45 Relative Error 0.018193580210208893
Epoch 46 Relative Error 0.018076512962579727
Epoch 47 Relative Error 0.017906438559293747
Epoch 48 Relative Error 0.017761297523975372
Epoch 49 Relative Error 0.017592351883649826
Epoch 50 Relative Error 0.01747751235961914
Epoch 51 Relative Error 0.017313528805971146
Epoch 52 Relative Error 0.017196275293827057
Epoch 53 Relative Error 0.017069196328520775
Epoch 54 Relative Error 0.016924884170293808
Epoch 55 Relative Error 0.016814369708299637
Epoch 56 Relative Error 0.016697514802217484
Epoch 57 Relative Error 0.016585899516940117
Epoch 58 Relative Error 0.01648608036339283
Epoch 59 Relative Error 0.016353324055671692
Epoch 60 Relative Error 0.016232293099164963
Epoch 61 Relative Error 0.016142109408974648
Epoch 62 Relative Error 0.01607334427535534
Epoch 63 Relative Error 0.015941765159368515
Epoch 64 Relative Error 0.015837736427783966
Epoch 65 Relative Error 0.01574234664440155
Epoch 66 Relative Error 0.01568937674164772
Epoch 67 Relative Error 0.015574649907648563
Epoch 68 Relative Error 0.015499820001423359
Epoch 69 Relative Error 0.015393923968076706
Epoch 70 Relative Error 0.015310910530388355
Epoch 71 Relative Error 0.015226379968225956
Epoch 72 Relative Error 0.015133386477828026
Epoch 73 Relative Error 0.015048697590827942
Epoch 74 Relative Error 0.014955959282815456
Epoch 75 Relative Error 0.014896583743393421
Epoch 76 Relative Error 0.014809888787567616
Epoch 77 Relative Error 0.01475213747471571
Epoch 78 Relative Error 0.014654851518571377
Epoch 79 Relative Error 0.01458350196480751
Epoch 80 Relative Error 0.014526590704917908
Epoch 81 Relative Error 0.014476729556918144
Epoch 82 Relative Error 0.014377673156559467
Epoch 83 Relative Error 0.014317145571112633
Epoch 84 Relative Error 0.014258557930588722
Epoch 85 Relative Error 0.014182055369019508
Epoch 86 Relative Error 0.014105099253356457
Epoch 87 Relative Error 0.014040181413292885
Epoch 88 Relative Error 0.014012259431183338
Epoch 89 Relative Error 0.013966402970254421
Epoch 90 Relative Error 0.013886845670640469
Epoch 91 Relative Error 0.013799052685499191
Epoch 92 Relative Error 0.013731712475419044
Epoch 93 Relative Error 0.013702154159545898
Epoch 94 Relative Error 0.013608556240797043
Epoch 95 Relative Error 0.013563043437898159
Epoch 96 Relative Error 0.013536045327782631
Epoch 97 Relative Error 0.013480124063789845
Epoch 98 Relative Error 0.013394474051892757
Epoch 99 Relative Error 0.013364738784730434
Epoch 100 Relative Error 0.01341208815574646
Epoch 101 Relative Error 0.013335706666111946
Epoch 102 Relative Error 0.013265840709209442
Epoch 103 Relative Error 0.01312579307705164
Epoch 104 Relative Error 0.013067897409200668
Epoch 105 Relative Error 0.013042661361396313
Epoch 106 Relative Error 0.01299415621906519
Epoch 107 Relative Error 0.012936771847307682
Epoch 108 Relative Error 0.012955177575349808
Epoch 109 Relative Error 0.01288230624049902
Epoch 110 Relative Error 0.012790254317224026
Epoch 111 Relative Error 0.01274577435106039
Epoch 112 Relative Error 0.01271266583353281
Epoch 113 Relative Error 0.012641065753996372
Epoch 114 Relative Error 0.012599393725395203
Epoch 115 Relative Error 0.01254864502698183
Epoch 116 Relative Error 0.012514866888523102
Epoch 117 Relative Error 0.012470749206840992
Epoch 118 Relative Error 0.012422681786119938
Epoch 119 Relative Error 0.01238810084760189
Epoch 120 Relative Error 0.012343804351985455
Epoch 121 Relative Error 0.012313119135797024
Epoch 122 Relative Error 0.012266505509614944
Epoch 123 Relative Error 0.01221382711082697
Epoch 124 Relative Error 0.01218187715858221
Epoch 125 Relative Error 0.01213314849883318
Epoch 126 Relative Error 0.012109941802918911
Epoch 127 Relative Error 0.012079078704118729
Epoch 128 Relative Error 0.012094664387404919
Epoch 129 Relative Error 0.012098114006221294
Epoch 130 Relative Error 0.011978027410805225
Epoch 131 Relative Error 0.01191587932407856
Epoch 132 Relative Error 0.011898317374289036
Epoch 133 Relative Error 0.011845756322145462
Epoch 134 Relative Error 0.01180045772343874
Epoch 135 Relative Error 0.011783144436776638
Epoch 136 Relative Error 0.01175761129707098
Epoch 137 Relative Error 0.01171731948852539
Epoch 138 Relative Error 0.011721392162144184
Epoch 139 Relative Error 0.01163815800100565
Epoch 140 Relative Error 0.011603283695876598
Epoch 141 Relative Error 0.01158171333372593
Epoch 142 Relative Error 0.011584756895899773
Epoch 143 Relative Error 0.011502062901854515
Epoch 144 Relative Error 0.011498050764203072
Epoch 145 Relative Error 0.011446346528828144
Epoch 146 Relative Error 0.011447849683463573
Epoch 147 Relative Error 0.01136307418346405
Epoch 148 Relative Error 0.011347867548465729
Epoch 149 Relative Error 0.01132098026573658
Epoch 150 Relative Error 0.01130081620067358
Epoch 151 Relative Error 0.011255767196416855
Epoch 152 Relative Error 0.011223126202821732
Epoch 153 Relative Error 0.011205499060451984
Epoch 154 Relative Error 0.011172848753631115
Epoch 155 Relative Error 0.011142559349536896
Epoch 156 Relative Error 0.011158132925629616
Epoch 157 Relative Error 0.011088076047599316
Epoch 158 Relative Error 0.01104675978422165
Epoch 159 Relative Error 0.011018798686563969
Epoch 160 Relative Error 0.0109867500141263
Epoch 161 Relative Error 0.010948681272566319
Epoch 162 Relative Error 0.010932477191090584
Epoch 163 Relative Error 0.01090126484632492
Epoch 164 Relative Error 0.010885311290621758
Epoch 165 Relative Error 0.010836879722774029
Epoch 166 Relative Error 0.010814814828336239
Epoch 167 Relative Error 0.010807756334543228
Epoch 168 Relative Error 0.010769438929855824
Epoch 169 Relative Error 0.010750497691333294
Epoch 170 Relative Error 0.010743713937699795
Epoch 171 Relative Error 0.01070486381649971
Epoch 172 Relative Error 0.0106655927374959
Epoch 173 Relative Error 0.0106870848685503
Epoch 174 Relative Error 0.010666060261428356
Epoch 175 Relative Error 0.010601731017231941
Epoch 176 Relative Error 0.01057670172303915
Epoch 177 Relative Error 0.010555960237979889
Epoch 178 Relative Error 0.01058229710906744
Epoch 179 Relative Error 0.010516535490751266
Epoch 180 Relative Error 0.010470670647919178
Epoch 181 Relative Error 0.01045322511345148
Epoch 182 Relative Error 0.010434621013700962
Epoch 183 Relative Error 0.010402841493487358
Epoch 184 Relative Error 0.010372582823038101
Epoch 185 Relative Error 0.010363993234932423
Epoch 186 Relative Error 0.010333951562643051
Epoch 187 Relative Error 0.010339213535189629
Epoch 188 Relative Error 0.010294322855770588
Epoch 189 Relative Error 0.0102994404733181
Epoch 190 Relative Error 0.010242770425975323
Epoch 191 Relative Error 0.010240628384053707
Epoch 192 Relative Error 0.010185953229665756
Epoch 193 Relative Error 0.010197148658335209
Epoch 194 Relative Error 0.010184325277805328
Epoch 195 Relative Error 0.010163994506001472
Epoch 196 Relative Error 0.010120166465640068
Epoch 197 Relative Error 0.010102353058755398
Epoch 198 Relative Error 0.010079522617161274
Epoch 199 Relative Error 0.01005543302744627
Epoch 200 Relative Error 0.01003061980009079
Epoch 201 Relative Error 0.01001704204827547
Epoch 202 Relative Error 0.00999485608190298
Epoch 203 Relative Error 0.009974936954677105
Epoch 204 Relative Error 0.00997200421988964
Epoch 205 Relative Error 0.009950465522706509
Epoch 206 Relative Error 0.009922769851982594
Epoch 207 Relative Error 0.00994387548416853
Epoch 208 Relative Error 0.009904289618134499
Epoch 209 Relative Error 0.009870649315416813
Epoch 210 Relative Error 0.009851270355284214
Epoch 211 Relative Error 0.009836492128670216
Epoch 212 Relative Error 0.009837489575147629
Epoch 213 Relative Error 0.0098144905641675
Epoch 214 Relative Error 0.009804842993617058
Epoch 215 Relative Error 0.00978571455925703
Epoch 216 Relative Error 0.009782078675925732
Epoch 217 Relative Error 0.009723077528178692
Epoch 218 Relative Error 0.009719259105622768
Epoch 219 Relative Error 0.00970442034304142
Epoch 220 Relative Error 0.00970963854342699
Epoch 221 Relative Error 0.009659905917942524
Epoch 222 Relative Error 0.009634999558329582
Epoch 223 Relative Error 0.009618652984499931
Epoch 224 Relative Error 0.009631069377064705
Epoch 225 Relative Error 0.009581801481544971
Epoch 226 Relative Error 0.009561638347804546
Epoch 227 Relative Error 0.009558655321598053
Epoch 228 Relative Error 0.009531970135867596
Epoch 229 Relative Error 0.009553113952279091
Epoch 230 Relative Error 0.009522180072963238
Epoch 231 Relative Error 0.00948498398065567
Epoch 232 Relative Error 0.009497610852122307
Epoch 233 Relative Error 0.009473052807152271
Epoch 234 Relative Error 0.009440441615879536
Epoch 235 Relative Error 0.009417878463864326
Epoch 236 Relative Error 0.009403165429830551
Epoch 237 Relative Error 0.009401164948940277
Epoch 238 Relative Error 0.009455881081521511
Epoch 239 Relative Error 0.009365871548652649
Epoch 240 Relative Error 0.009389141574501991
Epoch 241 Relative Error 0.009328583255410194
Epoch 242 Relative Error 0.009343127720057964
Epoch 243 Relative Error 0.0092883026227355
Epoch 244 Relative Error 0.009276270866394043
Epoch 245 Relative Error 0.009306316263973713
Epoch 246 Relative Error 0.009269599802792072
Epoch 247 Relative Error 0.009250142611563206
Epoch 248 Relative Error 0.009263280779123306
Epoch 249 Relative Error 0.009215865284204483
Epoch 250 Relative Error 0.009192811325192451
Epoch 251 Relative Error 0.009210286661982536
Epoch 252 Relative Error 0.009262342937290668
Epoch 253 Relative Error 0.009168770164251328
Epoch 254 Relative Error 0.009186048991978168
Epoch 255 Relative Error 0.009365027770400047
Epoch 256 Relative Error 0.009171439334750175
Epoch 257 Relative Error 0.009126839227974415
Epoch 258 Relative Error 0.009120927192270756
Epoch 259 Relative Error 0.009098372422158718
Epoch 260 Relative Error 0.009159411303699017
Epoch 261 Relative Error 0.009106311947107315
Epoch 262 Relative Error 0.009260343387722969
Epoch 263 Relative Error 0.009114263579249382
Epoch 264 Relative Error 0.009099990129470825
Epoch 265 Relative Error 0.009105725213885307
Epoch 266 Relative Error 0.009069426916539669
Epoch 267 Relative Error 0.009009843692183495
Epoch 268 Relative Error 0.009013845585286617
Epoch 269 Relative Error 0.008981315419077873
Epoch 270 Relative Error 0.00896582379937172
Epoch 271 Relative Error 0.008990037254989147
Epoch 272 Relative Error 0.008923730812966824
Epoch 273 Relative Error 0.008920197375118732
Epoch 274 Relative Error 0.008894979022443295
Epoch 275 Relative Error 0.008876119740307331
Epoch 276 Relative Error 0.00887989066541195
Epoch 277 Relative Error 0.008847882971167564
Epoch 278 Relative Error 0.008834119886159897
Epoch 279 Relative Error 0.008827155455946922
Epoch 280 Relative Error 0.008801931515336037
Epoch 281 Relative Error 0.008797438815236092
Epoch 282 Relative Error 0.008779707364737988
Epoch 283 Relative Error 0.00877932645380497
Epoch 284 Relative Error 0.008749269880354404
Epoch 285 Relative Error 0.00874279160052538
Epoch 286 Relative Error 0.008733932860195637
Epoch 287 Relative Error 0.00874025747179985
Epoch 288 Relative Error 0.008729204535484314
Epoch 289 Relative Error 0.00869678147137165
Epoch 290 Relative Error 0.008710796944797039
Epoch 291 Relative Error 0.008752129040658474
Epoch 292 Relative Error 0.008681212551891804
Epoch 293 Relative Error 0.008751669898629189
Epoch 294 Relative Error 0.008695905096828938
Epoch 295 Relative Error 0.00868453923612833
Epoch 296 Relative Error 0.008676226250827312
Epoch 297 Relative Error 0.00862935371696949
Epoch 298 Relative Error 0.008643499575555325
Epoch 299 Relative Error 0.008581318892538548
Epoch 300 Relative Error 0.008592745289206505
Epoch 301 Relative Error 0.0085685383528471
Epoch 302 Relative Error 0.008562345057725906
Epoch 303 Relative Error 0.008544005453586578
Epoch 304 Relative Error 0.008535269647836685
Epoch 305 Relative Error 0.008523436263203621
Epoch 306 Relative Error 0.008554290048778057
Epoch 307 Relative Error 0.008533615618944168
Epoch 308 Relative Error 0.008556127548217773
Epoch 309 Relative Error 0.008483486250042915
Epoch 310 Relative Error 0.008494469337165356
Epoch 311 Relative Error 0.008479788899421692
Epoch 312 Relative Error 0.008525230921804905
Epoch 313 Relative Error 0.008455903269350529
Epoch 314 Relative Error 0.00844156090170145
Epoch 315 Relative Error 0.008427861146628857
Epoch 316 Relative Error 0.008406872861087322
Epoch 317 Relative Error 0.008398598060011864
Epoch 318 Relative Error 0.008379597216844559
Epoch 319 Relative Error 0.008375626057386398
Epoch 320 Relative Error 0.008379274979233742
Epoch 321 Relative Error 0.00835643894970417
Epoch 322 Relative Error 0.008352731354534626
Epoch 323 Relative Error 0.00833305437117815
Epoch 324 Relative Error 0.008324140682816505
Epoch 325 Relative Error 0.00834385585039854
Epoch 326 Relative Error 0.008319322019815445
Epoch 327 Relative Error 0.008316591382026672
Epoch 328 Relative Error 0.00832679308950901
Epoch 329 Relative Error 0.00829972792416811
Epoch 330 Relative Error 0.008283830247819424
Epoch 331 Relative Error 0.008264333941042423
Epoch 332 Relative Error 0.008287806063890457
Epoch 333 Relative Error 0.008271713741123676
Epoch 334 Relative Error 0.008262459188699722
Epoch 335 Relative Error 0.00824983324855566
Epoch 336 Relative Error 0.008278860710561275
Epoch 337 Relative Error 0.008244089782238007
Epoch 338 Relative Error 0.008254041895270348
Epoch 339 Relative Error 0.008200757205486298
Epoch 340 Relative Error 0.008179220370948315
Epoch 341 Relative Error 0.00820200052112341
Epoch 342 Relative Error 0.008160615339875221
Epoch 343 Relative Error 0.008151666261255741
Epoch 344 Relative Error 0.00814525131136179
Epoch 345 Relative Error 0.00812743790447712
Epoch 346 Relative Error 0.008122052997350693
Epoch 347 Relative Error 0.008118225261569023
Epoch 348 Relative Error 0.008103220723569393
Epoch 349 Relative Error 0.008094241842627525
Epoch 350 Relative Error 0.00808653049170971
Epoch 351 Relative Error 0.008077328093349934
Epoch 352 Relative Error 0.00807170383632183
Epoch 353 Relative Error 0.008070144802331924
Epoch 354 Relative Error 0.008056044578552246
Epoch 355 Relative Error 0.008042632602155209
Epoch 356 Relative Error 0.008040877059102058
Epoch 357 Relative Error 0.008029220625758171
Epoch 358 Relative Error 0.008028997108340263
Epoch 359 Relative Error 0.008018418215215206
Epoch 360 Relative Error 0.008019314147531986
Epoch 361 Relative Error 0.007992559112608433
Epoch 362 Relative Error 0.007993675768375397
Epoch 363 Relative Error 0.007990331389009953
Epoch 364 Relative Error 0.00798470713198185
Epoch 365 Relative Error 0.008006755262613297
Epoch 366 Relative Error 0.007969255559146404
Epoch 367 Relative Error 0.007952343672513962
Epoch 368 Relative Error 0.0079575190320611
Epoch 369 Relative Error 0.0079617565497756
Epoch 370 Relative Error 0.007953145541250706
Epoch 371 Relative Error 0.007970659993588924
Epoch 372 Relative Error 0.007933283224701881
Epoch 373 Relative Error 0.007932697422802448
Epoch 374 Relative Error 0.007916942238807678
Epoch 375 Relative Error 0.00804342981427908
Epoch 376 Relative Error 0.008076476864516735
Epoch 377 Relative Error 0.007928339764475822
Epoch 378 Relative Error 0.007881560362875462
Epoch 379 Relative Error 0.00785835925489664
Epoch 380 Relative Error 0.00787352304905653
Epoch 381 Relative Error 0.0078487079590559
Epoch 382 Relative Error 0.007843556813895702
Epoch 383 Relative Error 0.007826833054423332
Epoch 384 Relative Error 0.007828525267541409
Epoch 385 Relative Error 0.0078054433688521385
Epoch 386 Relative Error 0.007824668660759926
Epoch 387 Relative Error 0.00782843865454197
Epoch 388 Relative Error 0.007857900112867355
Epoch 389 Relative Error 0.007860411889851093
Epoch 390 Relative Error 0.007781376130878925
Epoch 391 Relative Error 0.007781459949910641
Epoch 392 Relative Error 0.007773307617753744
Epoch 393 Relative Error 0.007792636286467314
Epoch 394 Relative Error 0.00778816407546401
Epoch 395 Relative Error 0.007809971459209919
Epoch 396 Relative Error 0.007748367264866829
Epoch 397 Relative Error 0.00773815531283617
Epoch 398 Relative Error 0.007743216119706631
Epoch 399 Relative Error 0.0077392724342644215
Epoch 400 Relative Error 0.007763833738863468
Epoch 401 Relative Error 0.007763238623738289
Epoch 402 Relative Error 0.007709217257797718
Epoch 403 Relative Error 0.0076980446465313435
Epoch 404 Relative Error 0.007676243782043457
Epoch 405 Relative Error 0.00768654840067029
Epoch 406 Relative Error 0.0076744211837649345
Epoch 407 Relative Error 0.007690147962421179
Epoch 408 Relative Error 0.007645140867680311
Epoch 409 Relative Error 0.007653952110558748
Epoch 410 Relative Error 0.0076482114382088184
Epoch 411 Relative Error 0.00765498261898756
Epoch 412 Relative Error 0.007611540611833334
Epoch 413 Relative Error 0.007621590979397297
Epoch 414 Relative Error 0.007606916595250368
Epoch 415 Relative Error 0.0076066493056714535
Epoch 416 Relative Error 0.007597263902425766
Epoch 417 Relative Error 0.007611038628965616
Epoch 418 Relative Error 0.007605315651744604
Epoch 419 Relative Error 0.007576800417155027
Epoch 420 Relative Error 0.00759961549192667
Epoch 421 Relative Error 0.007574680261313915
Epoch 422 Relative Error 0.0075541832484304905
Epoch 423 Relative Error 0.007598059251904488
Epoch 424 Relative Error 0.00759831303730607
Epoch 425 Relative Error 0.007568172179162502
Epoch 426 Relative Error 0.007549676578491926
Epoch 427 Relative Error 0.007575065828859806
Epoch 428 Relative Error 0.0075331819243729115
Epoch 429 Relative Error 0.007529549300670624
Epoch 430 Relative Error 0.007510671392083168
Epoch 431 Relative Error 0.0074925851076841354
Epoch 432 Relative Error 0.0074961320497095585
Epoch 433 Relative Error 0.0074828071519732475
Epoch 434 Relative Error 0.007505829446017742
Epoch 435 Relative Error 0.007483471184968948
Epoch 436 Relative Error 0.007475778926163912
Epoch 437 Relative Error 0.007482422050088644
Epoch 438 Relative Error 0.007508817594498396
Epoch 439 Relative Error 0.0074591850861907005
Epoch 440 Relative Error 0.007448556832969189
Epoch 441 Relative Error 0.0074424222111701965
Epoch 442 Relative Error 0.007424340583384037
Epoch 443 Relative Error 0.007444354705512524
Epoch 444 Relative Error 0.007411125581711531
Epoch 445 Relative Error 0.007432948797941208
Epoch 446 Relative Error 0.007447388023138046
Epoch 447 Relative Error 0.007433014921844006
Epoch 448 Relative Error 0.007403947412967682
Epoch 449 Relative Error 0.007397935260087252
Epoch 450 Relative Error 0.0074150837026536465
Epoch 451 Relative Error 0.0073828259482979774
Epoch 452 Relative Error 0.007372495252639055
Epoch 453 Relative Error 0.007376397959887981
Epoch 454 Relative Error 0.007387636695057154
Epoch 455 Relative Error 0.007352160289883614
Epoch 456 Relative Error 0.007347196340560913
Epoch 457 Relative Error 0.007345047313719988
Epoch 458 Relative Error 0.007328609470278025
Epoch 459 Relative Error 0.0073279691860079765
Epoch 460 Relative Error 0.007319514639675617
Epoch 461 Relative Error 0.00731734000146389
Epoch 462 Relative Error 0.007312049623578787
Epoch 463 Relative Error 0.007314225658774376
Epoch 464 Relative Error 0.007310858927667141
Epoch 465 Relative Error 0.007301699835807085
Epoch 466 Relative Error 0.007286774460226297
Epoch 467 Relative Error 0.0073094055987894535
Epoch 468 Relative Error 0.007336956448853016
Epoch 469 Relative Error 0.007334171328693628
Epoch 470 Relative Error 0.007295914459973574
Epoch 471 Relative Error 0.00729385344311595
Epoch 472 Relative Error 0.00728503568097949
Epoch 473 Relative Error 0.00725984200835228
Epoch 474 Relative Error 0.007246130146086216
Epoch 475 Relative Error 0.007287790533155203
Epoch 476 Relative Error 0.007338014431297779
Epoch 477 Relative Error 0.007222174201160669
Epoch 478 Relative Error 0.007232065312564373
Epoch 479 Relative Error 0.007234123069792986
Epoch 480 Relative Error 0.007222361862659454
Epoch 481 Relative Error 0.007221175357699394
Epoch 482 Relative Error 0.007206630427390337
Epoch 483 Relative Error 0.007207656279206276
Epoch 484 Relative Error 0.007203203625977039
Epoch 485 Relative Error 0.007196794729679823
Epoch 486 Relative Error 0.00720549700781703
Epoch 487 Relative Error 0.007204204797744751
Epoch 488 Relative Error 0.007190424017608166
Epoch 489 Relative Error 0.007179837208241224
Epoch 490 Relative Error 0.007161090150475502
Epoch 491 Relative Error 0.007202901877462864
Epoch 492 Relative Error 0.007196866907179356
Epoch 493 Relative Error 0.007164437789469957
Epoch 494 Relative Error 0.007158234249800444
Epoch 495 Relative Error 0.007191689219325781
Epoch 496 Relative Error 0.0071494304575026035
Epoch 497 Relative Error 0.007174895144999027
Epoch 498 Relative Error 0.007144610397517681
Epoch 499 Relative Error 0.0071309455670416355
Epoch 500 Relative Error 0.007149041164666414
Epoch 501 Relative Error 0.007107859011739492
Epoch 502 Relative Error 0.007102747447788715
Epoch 503 Relative Error 0.007092358078807592
Epoch 504 Relative Error 0.007093476131558418
Epoch 505 Relative Error 0.007081336807459593
Epoch 506 Relative Error 0.007081193383783102
Epoch 507 Relative Error 0.0070813666097819805
Epoch 508 Relative Error 0.007073776796460152
Epoch 509 Relative Error 0.007064963690936565
Epoch 510 Relative Error 0.00707019679248333
Epoch 511 Relative Error 0.0070725916884839535
Epoch 512 Relative Error 0.007053844165056944
Epoch 513 Relative Error 0.007064340636134148
Epoch 514 Relative Error 0.0070738401263952255
Epoch 515 Relative Error 0.0070404973812401295
Epoch 516 Relative Error 0.007071290165185928
Epoch 517 Relative Error 0.007045302540063858
Epoch 518 Relative Error 0.007055174559354782
Epoch 519 Relative Error 0.007031660992652178
Epoch 520 Relative Error 0.007046314887702465
Epoch 521 Relative Error 0.007033899892121553
Epoch 522 Relative Error 0.007025882601737976
Epoch 523 Relative Error 0.007025711704045534
Epoch 524 Relative Error 0.007034127600491047
Epoch 525 Relative Error 0.007018836215138435
Epoch 526 Relative Error 0.007084949873387814
Epoch 527 Relative Error 0.007031648885458708
Epoch 528 Relative Error 0.006987845990806818
Epoch 529 Relative Error 0.006993248127400875
Epoch 530 Relative Error 0.007013821974396706
Epoch 531 Relative Error 0.006956062279641628
Epoch 532 Relative Error 0.006949608214199543
Epoch 533 Relative Error 0.006955164950340986
Epoch 534 Relative Error 0.006959824822843075
Epoch 535 Relative Error 0.006936564575880766
Epoch 536 Relative Error 0.0069364747032523155
Epoch 537 Relative Error 0.006950681563466787
Epoch 538 Relative Error 0.00692938594147563
Epoch 539 Relative Error 0.006929532624781132
Epoch 540 Relative Error 0.006922784727066755
Epoch 541 Relative Error 0.006954350974410772
Epoch 542 Relative Error 0.006935873068869114
Epoch 543 Relative Error 0.006903464440256357
Epoch 544 Relative Error 0.006925376132130623
Epoch 545 Relative Error 0.006912131328135729
Epoch 546 Relative Error 0.006922299042344093
Epoch 547 Relative Error 0.007002033293247223
Epoch 548 Relative Error 0.006888508331030607
Epoch 549 Relative Error 0.006887226831167936
Epoch 550 Relative Error 0.006892094388604164
Epoch 551 Relative Error 0.006902703549712896
Epoch 552 Relative Error 0.00691576162353158
Epoch 553 Relative Error 0.006883657071739435
Epoch 554 Relative Error 0.006918418221175671
Epoch 555 Relative Error 0.006909910123795271
Epoch 556 Relative Error 0.006864719558507204
Epoch 557 Relative Error 0.0068981945514678955
Epoch 558 Relative Error 0.006832159124314785
Epoch 559 Relative Error 0.006847691722214222
Epoch 560 Relative Error 0.006840563844889402
Epoch 561 Relative Error 0.006826684344559908
Epoch 562 Relative Error 0.006828438024967909
Epoch 563 Relative Error 0.0068327137269079685
Epoch 564 Relative Error 0.006808748468756676
Epoch 565 Relative Error 0.006807519588619471
Epoch 566 Relative Error 0.006812921725213528
Epoch 567 Relative Error 0.006805048324167728
Epoch 568 Relative Error 0.006797130685299635
Epoch 569 Relative Error 0.00679183192551136
Epoch 570 Relative Error 0.006810319144278765
Epoch 571 Relative Error 0.006788621656596661
Epoch 572 Relative Error 0.006797325797379017
Epoch 573 Relative Error 0.006778585724532604
Epoch 574 Relative Error 0.006781707052141428
Epoch 575 Relative Error 0.006810410879552364
Epoch 576 Relative Error 0.006786418613046408
Epoch 577 Relative Error 0.006790810264647007
Epoch 578 Relative Error 0.0067963064648211
Epoch 579 Relative Error 0.006796272471547127
Epoch 580 Relative Error 0.006796696223318577
Epoch 581 Relative Error 0.006766594015061855
Epoch 582 Relative Error 0.006759611889719963
Epoch 583 Relative Error 0.006794321350753307
Epoch 584 Relative Error 0.0067304037511348724
Epoch 585 Relative Error 0.006749002728611231
Epoch 586 Relative Error 0.006736064795404673
Epoch 587 Relative Error 0.006732444278895855
Epoch 588 Relative Error 0.006740999408066273
Epoch 589 Relative Error 0.0067116813734173775
Epoch 590 Relative Error 0.006722638849169016
Epoch 591 Relative Error 0.006714404094964266
Epoch 592 Relative Error 0.006699832621961832
Epoch 593 Relative Error 0.006693260744214058
Epoch 594 Relative Error 0.006716109346598387
Epoch 595 Relative Error 0.0066991583444178104
Epoch 596 Relative Error 0.006750546395778656
Epoch 597 Relative Error 0.0066844141110777855
Epoch 598 Relative Error 0.006728421896696091
Epoch 599 Relative Error 0.00669845612719655
Epoch 600 Relative Error 0.006720231845974922
Epoch 601 Relative Error 0.006686428561806679
Epoch 602 Relative Error 0.0066862464882433414
Epoch 603 Relative Error 0.006691218353807926
Epoch 604 Relative Error 0.006680467166006565
Epoch 605 Relative Error 0.006660977844148874
Epoch 606 Relative Error 0.006656740792095661
Epoch 607 Relative Error 0.006688317283987999
Epoch 608 Relative Error 0.006670431699603796
Epoch 609 Relative Error 0.0066782343201339245
Epoch 610 Relative Error 0.00669309264048934
Epoch 611 Relative Error 0.00668037123978138
Epoch 612 Relative Error 0.006679615005850792
Epoch 613 Relative Error 0.0066545503214001656
Epoch 614 Relative Error 0.006815351080149412
Epoch 615 Relative Error 0.006629039999097586
Epoch 616 Relative Error 0.006638404913246632
Epoch 617 Relative Error 0.006673676427453756
Epoch 618 Relative Error 0.006642630323767662
Epoch 619 Relative Error 0.006682835053652525
Epoch 620 Relative Error 0.006613461300730705
Epoch 621 Relative Error 0.006659889593720436
Epoch 622 Relative Error 0.006591747980564833
Epoch 623 Relative Error 0.006596037186682224
Epoch 624 Relative Error 0.006708856206387281
Epoch 625 Relative Error 0.006601438391953707
Epoch 626 Relative Error 0.006655540317296982
Epoch 627 Relative Error 0.006593366153538227
Epoch 628 Relative Error 0.006586370058357716
Epoch 629 Relative Error 0.0065641761757433414
Epoch 630 Relative Error 0.006568601820617914
Epoch 631 Relative Error 0.006626056041568518
Epoch 632 Relative Error 0.006589936092495918
Epoch 633 Relative Error 0.0065726772882044315
Epoch 634 Relative Error 0.006557617336511612
Epoch 635 Relative Error 0.006554014515131712
Epoch 636 Relative Error 0.006536263506859541
Epoch 637 Relative Error 0.006529700011014938
Epoch 638 Relative Error 0.006576148327440023
Epoch 639 Relative Error 0.006561212707310915
Epoch 640 Relative Error 0.006533924490213394
Epoch 641 Relative Error 0.006531147751957178
Epoch 642 Relative Error 0.006532149389386177
Epoch 643 Relative Error 0.00654830364510417
Epoch 644 Relative Error 0.006507583428174257
Epoch 645 Relative Error 0.0065103694796562195
Epoch 646 Relative Error 0.006532497704029083
Epoch 647 Relative Error 0.006548394914716482
Epoch 648 Relative Error 0.006518038455396891
Epoch 649 Relative Error 0.006542813032865524
Epoch 650 Relative Error 0.006540398113429546
Epoch 651 Relative Error 0.006528996396809816
Epoch 652 Relative Error 0.006505522411316633
Epoch 653 Relative Error 0.006492722779512405
Epoch 654 Relative Error 0.00648151570931077
Epoch 655 Relative Error 0.00649580592289567
Epoch 656 Relative Error 0.006488187238574028
Epoch 657 Relative Error 0.0064803301356732845
Epoch 658 Relative Error 0.006473108660429716
Epoch 659 Relative Error 0.006465841084718704
Epoch 660 Relative Error 0.006481802556663752
Epoch 661 Relative Error 0.006452649831771851
Epoch 662 Relative Error 0.00645824521780014
Epoch 663 Relative Error 0.006473829969763756
Epoch 664 Relative Error 0.00644853338599205
Epoch 665 Relative Error 0.006430412642657757
Epoch 666 Relative Error 0.006449585314840078
Epoch 667 Relative Error 0.0064881728030741215
Epoch 668 Relative Error 0.006452859845012426
Epoch 669 Relative Error 0.006441829260438681
Epoch 670 Relative Error 0.006423990707844496
Epoch 671 Relative Error 0.006421343423426151
Epoch 672 Relative Error 0.0064262161031365395
Epoch 673 Relative Error 0.006411262787878513
Epoch 674 Relative Error 0.006416191812604666
Epoch 675 Relative Error 0.006415183190256357
Epoch 676 Relative Error 0.006418873090296984
Epoch 677 Relative Error 0.006398517172783613
Epoch 678 Relative Error 0.006401816848665476
Epoch 679 Relative Error 0.006417464930564165
Epoch 680 Relative Error 0.006407295819371939
Epoch 681 Relative Error 0.0063846055418252945
Epoch 682 Relative Error 0.006414036266505718
Epoch 683 Relative Error 0.006385925225913525
Epoch 684 Relative Error 0.006409280467778444
Epoch 685 Relative Error 0.006397212855517864
Epoch 686 Relative Error 0.0063752662390470505
Epoch 687 Relative Error 0.006392529234290123
Epoch 688 Relative Error 0.006411021109670401
Epoch 689 Relative Error 0.006357643753290176
Epoch 690 Relative Error 0.006375590804964304
Epoch 691 Relative Error 0.006347461603581905
Epoch 692 Relative Error 0.006366252899169922
Epoch 693 Relative Error 0.0063417768105864525
Epoch 694 Relative Error 0.006346873473376036
Epoch 695 Relative Error 0.006358146667480469
Epoch 696 Relative Error 0.006339215207844973
Epoch 697 Relative Error 0.00634155236184597
Epoch 698 Relative Error 0.006333702709525824
Epoch 699 Relative Error 0.006326230708509684
Epoch 700 Relative Error 0.0063527231104671955
Epoch 701 Relative Error 0.006330183707177639
Epoch 702 Relative Error 0.006333138793706894
Epoch 703 Relative Error 0.006322701461613178
Epoch 704 Relative Error 0.006322551518678665
Epoch 705 Relative Error 0.006327216047793627
Epoch 706 Relative Error 0.006336405407637358
Epoch 707 Relative Error 0.006313081830739975
Epoch 708 Relative Error 0.006315074861049652
Epoch 709 Relative Error 0.0062989527359604836
Epoch 710 Relative Error 0.00630820170044899
Epoch 711 Relative Error 0.006287727039307356
Epoch 712 Relative Error 0.006289072334766388
Epoch 713 Relative Error 0.00629838090389967
Epoch 714 Relative Error 0.006295598112046719
Epoch 715 Relative Error 0.006276352796703577
Epoch 716 Relative Error 0.006274116691201925
Epoch 717 Relative Error 0.006274675019085407
Epoch 718 Relative Error 0.006288912612944841
Epoch 719 Relative Error 0.006281003355979919
Epoch 720 Relative Error 0.006294144317507744
Epoch 721 Relative Error 0.006269851699471474
Epoch 722 Relative Error 0.006297378800809383
Epoch 723 Relative Error 0.00626307912170887
Epoch 724 Relative Error 0.006251657847315073
Epoch 725 Relative Error 0.006254521198570728
Epoch 726 Relative Error 0.0062418109737336636
Epoch 727 Relative Error 0.006248601712286472
Epoch 728 Relative Error 0.0062385546043515205
Epoch 729 Relative Error 0.006231638137251139
Epoch 730 Relative Error 0.006252317223697901
Epoch 731 Relative Error 0.00623518880456686
Epoch 732 Relative Error 0.006236869376152754
Epoch 733 Relative Error 0.006243554409593344
Epoch 734 Relative Error 0.0062303729355335236
Epoch 735 Relative Error 0.006237409543246031
Epoch 736 Relative Error 0.006226629950106144
Epoch 737 Relative Error 0.006215231958776712
Epoch 738 Relative Error 0.006208308041095734
Epoch 739 Relative Error 0.006210408639162779
Epoch 740 Relative Error 0.0062042297795414925
Epoch 741 Relative Error 0.00620391545817256
Epoch 742 Relative Error 0.006206362508237362
Epoch 743 Relative Error 0.006238136440515518
Epoch 744 Relative Error 0.006222830619663
Epoch 745 Relative Error 0.006210437044501305
Epoch 746 Relative Error 0.006212866399437189
Epoch 747 Relative Error 0.006195463240146637
Epoch 748 Relative Error 0.006180956028401852
Epoch 749 Relative Error 0.006188935600221157
Epoch 750 Relative Error 0.006172646302729845
Epoch 751 Relative Error 0.006181833799928427
Epoch 752 Relative Error 0.006172596476972103
Epoch 753 Relative Error 0.006178366951644421
Epoch 754 Relative Error 0.0061743906699121
Epoch 755 Relative Error 0.006163985002785921
Epoch 756 Relative Error 0.006174135487526655
Epoch 757 Relative Error 0.0061769019812345505
Epoch 758 Relative Error 0.006161765661090612
Epoch 759 Relative Error 0.0061678700149059296
Epoch 760 Relative Error 0.0061589451506733894
Epoch 761 Relative Error 0.006160021293908358
Epoch 762 Relative Error 0.006183551158756018
Epoch 763 Relative Error 0.006158987991511822
Epoch 764 Relative Error 0.006146862171590328
Epoch 765 Relative Error 0.0061811041086912155
Epoch 766 Relative Error 0.0061400821432471275
Epoch 767 Relative Error 0.006128428503870964
Epoch 768 Relative Error 0.00613286392763257
Epoch 769 Relative Error 0.0061353230848908424
Epoch 770 Relative Error 0.00612608389928937
Epoch 771 Relative Error 0.006121749058365822
Epoch 772 Relative Error 0.006112684961408377
Epoch 773 Relative Error 0.006115015596151352
Epoch 774 Relative Error 0.0061081331223249435
Epoch 775 Relative Error 0.006107051391154528
Epoch 776 Relative Error 0.006109278183430433
Epoch 777 Relative Error 0.006101230625063181
Epoch 778 Relative Error 0.006109567824751139
Epoch 779 Relative Error 0.006103063467890024
Epoch 780 Relative Error 0.006096100900322199
Epoch 781 Relative Error 0.006099368911236525
Epoch 782 Relative Error 0.006114416290074587
Epoch 783 Relative Error 0.006106539163738489
Epoch 784 Relative Error 0.006086826790124178
Epoch 785 Relative Error 0.006087729707360268
Epoch 786 Relative Error 0.0060786297544837
Epoch 787 Relative Error 0.006083761807531118
Epoch 788 Relative Error 0.006073176860809326
Epoch 789 Relative Error 0.006078346166759729
Epoch 790 Relative Error 0.006086539011448622
Epoch 791 Relative Error 0.006085820961743593
Epoch 792 Relative Error 0.006075832527130842
Epoch 793 Relative Error 0.006066522095352411
Epoch 794 Relative Error 0.006064009387046099
Epoch 795 Relative Error 0.0060530309565365314
Epoch 796 Relative Error 0.0060575418174266815
Epoch 797 Relative Error 0.0060656447894871235
Epoch 798 Relative Error 0.00608038529753685
Epoch 799 Relative Error 0.006066633854061365
Epoch 800 Relative Error 0.006054497789591551
Epoch 801 Relative Error 0.00603585597127676
Epoch 802 Relative Error 0.006053123157471418
Epoch 803 Relative Error 0.006045800633728504
Epoch 804 Relative Error 0.006043878383934498
Epoch 805 Relative Error 0.006052850745618343
Epoch 806 Relative Error 0.006051185075193644
Epoch 807 Relative Error 0.0060321562923491
Epoch 808 Relative Error 0.0060256486758589745
Epoch 809 Relative Error 0.006044583860784769
Epoch 810 Relative Error 0.006053089164197445
Epoch 811 Relative Error 0.006044328678399324
Epoch 812 Relative Error 0.0060597872361540794
Epoch 813 Relative Error 0.006003497168421745
Epoch 814 Relative Error 0.006008796859532595
Epoch 815 Relative Error 0.006003856658935547
Epoch 816 Relative Error 0.006010034587234259
Epoch 817 Relative Error 0.006046627182513475
Epoch 818 Relative Error 0.006051288451999426
Epoch 819 Relative Error 0.006001161877065897
Epoch 820 Relative Error 0.006044943816959858
Epoch 821 Relative Error 0.006035805679857731
Epoch 822 Relative Error 0.006055029109120369
Epoch 823 Relative Error 0.005996752995997667
Epoch 824 Relative Error 0.006019505672156811
Epoch 825 Relative Error 0.006006885319948196
Epoch 826 Relative Error 0.005979582201689482
Epoch 827 Relative Error 0.00598572613671422
Epoch 828 Relative Error 0.005993989761918783
Epoch 829 Relative Error 0.005975622683763504
Epoch 830 Relative Error 0.00597349414601922
Epoch 831 Relative Error 0.005975109059363604
Epoch 832 Relative Error 0.005971282254904509
Epoch 833 Relative Error 0.005963198374956846
Epoch 834 Relative Error 0.005980303976684809
Epoch 835 Relative Error 0.005981079302728176
Epoch 836 Relative Error 0.0059682633727788925
Epoch 837 Relative Error 0.005966033320873976
Epoch 838 Relative Error 0.005948496982455254
Epoch 839 Relative Error 0.005956501699984074
Epoch 840 Relative Error 0.005958602298051119
Epoch 841 Relative Error 0.0059483349323272705
Epoch 842 Relative Error 0.00593814579769969
Epoch 843 Relative Error 0.005935734137892723
Epoch 844 Relative Error 0.0059423805214464664
Epoch 845 Relative Error 0.005988407880067825
Epoch 846 Relative Error 0.005944807548075914
Epoch 847 Relative Error 0.005933036096394062
Epoch 848 Relative Error 0.005929138511419296
Epoch 849 Relative Error 0.005925016477704048
Epoch 850 Relative Error 0.005920150317251682
Epoch 851 Relative Error 0.005927676800638437
Epoch 852 Relative Error 0.005917544011026621
Epoch 853 Relative Error 0.0059127104468643665
Epoch 854 Relative Error 0.005944295320659876
Epoch 855 Relative Error 0.005910615436732769
Epoch 856 Relative Error 0.005907315295189619
Epoch 857 Relative Error 0.005900930613279343
Epoch 858 Relative Error 0.005899104755371809
Epoch 859 Relative Error 0.005909883417189121
Epoch 860 Relative Error 0.005894084461033344
Epoch 861 Relative Error 0.0059023103676736355
Epoch 862 Relative Error 0.005905890371650457
Epoch 863 Relative Error 0.005897643510252237
Epoch 864 Relative Error 0.00589801836758852
Epoch 865 Relative Error 0.005894767586141825
Epoch 866 Relative Error 0.005883083678781986
Epoch 867 Relative Error 0.005876230541616678
Epoch 868 Relative Error 0.005873903166502714
Epoch 869 Relative Error 0.005874612368643284
Epoch 870 Relative Error 0.0058728852309286594
Epoch 871 Relative Error 0.005871179047971964
Epoch 872 Relative Error 0.005885303020477295
Epoch 873 Relative Error 0.005870268680155277
Epoch 874 Relative Error 0.005872819107025862
Epoch 875 Relative Error 0.005865458864718676
Epoch 876 Relative Error 0.005885038524866104
Epoch 877 Relative Error 0.005853353533893824
Epoch 878 Relative Error 0.005855747498571873
Epoch 879 Relative Error 0.005851058755069971
Epoch 880 Relative Error 0.0058481451123952866
Epoch 881 Relative Error 0.005849772598594427
Epoch 882 Relative Error 0.005858603399246931
Epoch 883 Relative Error 0.005851902067661285
Epoch 884 Relative Error 0.005839463323354721
Epoch 885 Relative Error 0.005862968973815441
Epoch 886 Relative Error 0.0058905319310724735
Epoch 887 Relative Error 0.005859591532498598
Epoch 888 Relative Error 0.005863665137439966
Epoch 889 Relative Error 0.005854845978319645
Epoch 890 Relative Error 0.0058532413095235825
Epoch 891 Relative Error 0.005954406689852476
Epoch 892 Relative Error 0.005888027139008045
Epoch 893 Relative Error 0.0059908595867455006
Epoch 894 Relative Error 0.005869696848094463
Epoch 895 Relative Error 0.005869015119969845
Epoch 896 Relative Error 0.005839893594384193
Epoch 897 Relative Error 0.005855276249349117
Epoch 898 Relative Error 0.00582696869969368
Epoch 899 Relative Error 0.005810207687318325
Epoch 900 Relative Error 0.005826420150697231
Epoch 901 Relative Error 0.0058157313615083694
Epoch 902 Relative Error 0.005815406329929829
Epoch 903 Relative Error 0.005807679612189531
Epoch 904 Relative Error 0.005814717151224613
Epoch 905 Relative Error 0.005832419730722904
Epoch 906 Relative Error 0.005879127886146307
Epoch 907 Relative Error 0.00581631762906909
Epoch 908 Relative Error 0.005820063408464193
Epoch 909 Relative Error 0.0057900031097233295
Epoch 910 Relative Error 0.005790949333459139
Epoch 911 Relative Error 0.005785100162029266
Epoch 912 Relative Error 0.005805442109704018
Epoch 913 Relative Error 0.005809851922094822
Epoch 914 Relative Error 0.005780670326203108
Epoch 915 Relative Error 0.005784286186099052
Epoch 916 Relative Error 0.005791688337922096
Epoch 917 Relative Error 0.005774641875177622
Epoch 918 Relative Error 0.00575972767546773
Epoch 919 Relative Error 0.005769297014921904
Epoch 920 Relative Error 0.00576465018093586
Epoch 921 Relative Error 0.005765416659414768
Epoch 922 Relative Error 0.005763804540038109
Epoch 923 Relative Error 0.005760044325143099
Epoch 924 Relative Error 0.0057671573013067245
Epoch 925 Relative Error 0.005750520154833794
Epoch 926 Relative Error 0.005763533059507608
Epoch 927 Relative Error 0.005748857744038105
Epoch 928 Relative Error 0.005748184397816658
Epoch 929 Relative Error 0.005748495925217867
Epoch 930 Relative Error 0.005753218196332455
Epoch 931 Relative Error 0.00574552733451128
Epoch 932 Relative Error 0.005762817803770304
Epoch 933 Relative Error 0.005747152026742697
Epoch 934 Relative Error 0.005735961254686117
Epoch 935 Relative Error 0.005743330344557762
Epoch 936 Relative Error 0.00573485903441906
Epoch 937 Relative Error 0.005780478939414024
Epoch 938 Relative Error 0.005740796681493521
Epoch 939 Relative Error 0.005727325100451708
Epoch 940 Relative Error 0.005730138625949621
Epoch 941 Relative Error 0.005724130664020777
Epoch 942 Relative Error 0.005739300977438688
Epoch 943 Relative Error 0.005727111827582121
Epoch 944 Relative Error 0.005748219788074493
Epoch 945 Relative Error 0.005837364587932825
Epoch 946 Relative Error 0.005737968720495701
Epoch 947 Relative Error 0.005753315053880215
Epoch 948 Relative Error 0.005726822651922703
Epoch 949 Relative Error 0.005727633833885193
Epoch 950 Relative Error 0.005749547854065895
Epoch 951 Relative Error 0.005721669644117355
Epoch 952 Relative Error 0.005736120045185089
Epoch 953 Relative Error 0.005737973377108574
Epoch 954 Relative Error 0.005736274644732475
Epoch 955 Relative Error 0.005690436810255051
Epoch 956 Relative Error 0.005685816053301096
Epoch 957 Relative Error 0.005693431012332439
Epoch 958 Relative Error 0.00570975337177515
Epoch 959 Relative Error 0.005691966973245144
Epoch 960 Relative Error 0.005683512426912785
Epoch 961 Relative Error 0.005678545217961073
Epoch 962 Relative Error 0.005678660236299038
Epoch 963 Relative Error 0.005674873013049364
Epoch 964 Relative Error 0.0056892032735049725
Epoch 965 Relative Error 0.005679794121533632
Epoch 966 Relative Error 0.005696570035070181
Epoch 967 Relative Error 0.0056731789372861385
Epoch 968 Relative Error 0.005667525343596935
Epoch 969 Relative Error 0.005669144447892904
Epoch 970 Relative Error 0.005665939301252365
Epoch 971 Relative Error 0.0056618331000208855
Epoch 972 Relative Error 0.005694406107068062
Epoch 973 Relative Error 0.005676316097378731
Epoch 974 Relative Error 0.0057099685072898865
Epoch 975 Relative Error 0.005686595104634762
Epoch 976 Relative Error 0.005662418901920319
Epoch 977 Relative Error 0.005672168917953968
Epoch 978 Relative Error 0.005680343601852655
Epoch 979 Relative Error 0.0056687830947339535
Epoch 980 Relative Error 0.0056600370444357395
Epoch 981 Relative Error 0.005653195548802614
Epoch 982 Relative Error 0.0056424010545015335
Epoch 983 Relative Error 0.005642730742692947
Epoch 984 Relative Error 0.005652226507663727
Epoch 985 Relative Error 0.005640558432787657
Epoch 986 Relative Error 0.005672312341630459
Epoch 987 Relative Error 0.005633407272398472
Epoch 988 Relative Error 0.0056482236832380295
Epoch 989 Relative Error 0.0056387498043477535
Epoch 990 Relative Error 0.005635049659758806
Epoch 991 Relative Error 0.005643097683787346
Epoch 992 Relative Error 0.00564073259010911
Epoch 993 Relative Error 0.005629329010844231
Epoch 994 Relative Error 0.005644317250698805
Epoch 995 Relative Error 0.005631031468510628
Epoch 996 Relative Error 0.005623848643153906
Epoch 997 Relative Error 0.005610853899270296
Epoch 998 Relative Error 0.005617109127342701
Epoch 999 Relative Error 0.005636705085635185
Epoch 1000 Relative Error 0.005633988417685032
RE (3, 9, 14, 0): 0.005610853899270296
Green's Function RE (3, 9, 14, 0): 0.01336727850139141
Bias Term RE (3, 9, 14, 0): 0.008704321458935738
Combination (3, 9, 14, 0, 0): 0.0056339893490076065
Combination (3, 9, 14, 0, 1): 0.004815333057194948
Combination (3, 9, 14, 0, 2): 0.0045771109871566296
Combination (3, 9, 14, 0, 3): 0.0044958400540053844
Combination (3, 9, 14, 0, 4): 0.004459075164049864

/home/gridsan/gstepaniants/.local/lib/python3.8/site-packages/torch/functional.py:478: UserWarning: torch.meshgrid: in an upcoming release, it will be required to pass the indexing argument. (Triggered internally at  ../aten/src/ATen/native/TensorShape.cpp:2895.)
  return _VF.meshgrid(tensors, **kwargs)  # type: ignore[attr-defined]
