[KeOps] Warning : Cuda libraries were not detected on the system ; using cpu only mode
1
Kernel: Matern5/2
Weight Mesh: 40
RKHS Kernel Width: 0.06
Lambda: 1e-06
Green's Function Learning Rate: 100
Bias Term Learning Rate: 100
Epoch 1 Relative Error 5499.556640625
First epoch had re = 5499.556640625 > 1
Green's Function Learning Rate: 50
Bias Term Learning Rate: 50
Epoch 1 Relative Error 2978.887451171875
First epoch had re = 2978.887451171875 > 1
Green's Function Learning Rate: 10
Bias Term Learning Rate: 10
Epoch 1 Relative Error 627.007568359375
First epoch had re = 627.007568359375 > 1
Green's Function Learning Rate: 5
Bias Term Learning Rate: 5
Epoch 1 Relative Error 356.8789978027344
First epoch had re = 356.8789978027344 > 1
Green's Function Learning Rate: 1
Bias Term Learning Rate: 1
Epoch 1 Relative Error 68.37247467041016
First epoch had re = 68.37247467041016 > 1
Green's Function Learning Rate: 0.5
Bias Term Learning Rate: 0.5
Epoch 1 Relative Error 31.801671981811523
First epoch had re = 31.801671981811523 > 1
Green's Function Learning Rate: 0.1
Bias Term Learning Rate: 0.1
Epoch 1 Relative Error 4.914257049560547
First epoch had re = 4.914257049560547 > 1
Green's Function Learning Rate: 0.05
Bias Term Learning Rate: 0.05
Epoch 1 Relative Error 1.99089515209198
First epoch had re = 1.99089515209198 > 1
Green's Function Learning Rate: 0.01
Bias Term Learning Rate: 0.01
Epoch 1 Relative Error 0.5954629778862
Epoch 2 Relative Error 0.5683540105819702
Epoch 3 Relative Error 0.5222620964050293
Epoch 4 Relative Error 0.2985035181045532
Epoch 5 Relative Error 0.22474126517772675
Epoch 6 Relative Error 0.269182950258255
Epoch 7 Relative Error 0.15872840583324432
Epoch 8 Relative Error 0.13023599982261658
Epoch 9 Relative Error 0.08491241186857224
Epoch 10 Relative Error 0.06866336613893509
Epoch 11 Relative Error 0.06368914246559143
Epoch 12 Relative Error 0.058199264109134674
Epoch 13 Relative Error 0.04560401663184166
Epoch 14 Relative Error 0.04049082472920418
Epoch 15 Relative Error 0.042156949639320374
Epoch 16 Relative Error 0.036819301545619965
Epoch 17 Relative Error 0.03206022456288338
Epoch 18 Relative Error 0.02961287833750248
Epoch 19 Relative Error 0.027197036892175674
Epoch 20 Relative Error 0.026094593107700348
Epoch 21 Relative Error 0.025862745940685272
Epoch 22 Relative Error 0.024954335764050484
Epoch 23 Relative Error 0.0244018342345953
Epoch 24 Relative Error 0.023762866854667664
Epoch 25 Relative Error 0.02323889173567295
Epoch 26 Relative Error 0.02267267368733883
Epoch 27 Relative Error 0.02231353521347046
Epoch 28 Relative Error 0.022002695128321648
Epoch 29 Relative Error 0.021524714305996895
Epoch 30 Relative Error 0.021206282079219818
Epoch 31 Relative Error 0.02089008316397667
Epoch 32 Relative Error 0.020536988973617554
Epoch 33 Relative Error 0.02023342438042164
Epoch 34 Relative Error 0.01995072513818741
Epoch 35 Relative Error 0.019642464816570282
Epoch 36 Relative Error 0.019384102895855904
Epoch 37 Relative Error 0.019139721989631653
Epoch 38 Relative Error 0.01887374185025692
Epoch 39 Relative Error 0.01867661066353321
Epoch 40 Relative Error 0.018410945311188698
Epoch 41 Relative Error 0.018223829567432404
Epoch 42 Relative Error 0.01800156570971012
Epoch 43 Relative Error 0.01778717152774334
Epoch 44 Relative Error 0.01761414110660553
Epoch 45 Relative Error 0.017406495288014412
Epoch 46 Relative Error 0.017222406342625618
Epoch 47 Relative Error 0.017014460638165474
Epoch 48 Relative Error 0.016884079203009605
Epoch 49 Relative Error 0.016644958406686783
Epoch 50 Relative Error 0.016508745029568672
Epoch 51 Relative Error 0.01637020893394947
Epoch 52 Relative Error 0.016181359067559242
Epoch 53 Relative Error 0.016051923856139183
Epoch 54 Relative Error 0.015889039263129234
Epoch 55 Relative Error 0.01572790928184986
Epoch 56 Relative Error 0.015603319741785526
Epoch 57 Relative Error 0.015454143285751343
Epoch 58 Relative Error 0.015381152741611004
Epoch 59 Relative Error 0.015292585827410221
Epoch 60 Relative Error 0.015188924968242645
Epoch 61 Relative Error 0.015057467855513096
Epoch 62 Relative Error 0.014935181476175785
Epoch 63 Relative Error 0.014749494381248951
Epoch 64 Relative Error 0.014585141092538834
Epoch 65 Relative Error 0.014469107612967491
Epoch 66 Relative Error 0.014322085306048393
Epoch 67 Relative Error 0.014230339787900448
Epoch 68 Relative Error 0.014101584441959858
Epoch 69 Relative Error 0.014019835740327835
Epoch 70 Relative Error 0.01388216856867075
Epoch 71 Relative Error 0.01383629534393549
Epoch 72 Relative Error 0.013696125708520412
Epoch 73 Relative Error 0.013595418073236942
Epoch 74 Relative Error 0.013582120649516582
Epoch 75 Relative Error 0.013399990275502205
Epoch 76 Relative Error 0.013321692124009132
Epoch 77 Relative Error 0.01327441819012165
Epoch 78 Relative Error 0.01314045861363411
Epoch 79 Relative Error 0.01305464468896389
Epoch 80 Relative Error 0.01302225049585104
Epoch 81 Relative Error 0.012884553521871567
Epoch 82 Relative Error 0.012782913632690907
Epoch 83 Relative Error 0.012744431383907795
Epoch 84 Relative Error 0.012701369822025299
Epoch 85 Relative Error 0.012595243752002716
Epoch 86 Relative Error 0.012479732744395733
Epoch 87 Relative Error 0.01241299044340849
Epoch 88 Relative Error 0.01236249040812254
Epoch 89 Relative Error 0.012273070402443409
Epoch 90 Relative Error 0.012195023708045483
Epoch 91 Relative Error 0.012133688665926456
Epoch 92 Relative Error 0.012073171325027943
Epoch 93 Relative Error 0.01199095044285059
Epoch 94 Relative Error 0.011904395185410976
Epoch 95 Relative Error 0.011866272427141666
Epoch 96 Relative Error 0.011791050434112549
Epoch 97 Relative Error 0.01174012478441
Epoch 98 Relative Error 0.011659408919513226
Epoch 99 Relative Error 0.011590060777962208
Epoch 100 Relative Error 0.011564486660063267
Epoch 101 Relative Error 0.011475255712866783
Epoch 102 Relative Error 0.011424783617258072
Epoch 103 Relative Error 0.011348921805620193
Epoch 104 Relative Error 0.011293679475784302
Epoch 105 Relative Error 0.011242306791245937
Epoch 106 Relative Error 0.01117564644664526
Epoch 107 Relative Error 0.01117812842130661
Epoch 108 Relative Error 0.011089565232396126
Epoch 109 Relative Error 0.011041643097996712
Epoch 110 Relative Error 0.010963525623083115
Epoch 111 Relative Error 0.010978693142533302
Epoch 112 Relative Error 0.010901705361902714
Epoch 113 Relative Error 0.010892528109252453
Epoch 114 Relative Error 0.010762223973870277
Epoch 115 Relative Error 0.010720819234848022
Epoch 116 Relative Error 0.010679538361728191
Epoch 117 Relative Error 0.010626393370330334
Epoch 118 Relative Error 0.010612471029162407
Epoch 119 Relative Error 0.010532285086810589
Epoch 120 Relative Error 0.010514228604733944
Epoch 121 Relative Error 0.01043839193880558
Epoch 122 Relative Error 0.01039112638682127
Epoch 123 Relative Error 0.010363508947193623
Epoch 124 Relative Error 0.010317404754459858
Epoch 125 Relative Error 0.01024820376187563
Epoch 126 Relative Error 0.010246486403048038
Epoch 127 Relative Error 0.010193923488259315
Epoch 128 Relative Error 0.01015862263739109
Epoch 129 Relative Error 0.010150316171348095
Epoch 130 Relative Error 0.010089458897709846
Epoch 131 Relative Error 0.01005351822823286
Epoch 132 Relative Error 0.010020543821156025
Epoch 133 Relative Error 0.009959692135453224
Epoch 134 Relative Error 0.009922696277499199
Epoch 135 Relative Error 0.009841497987508774
Epoch 136 Relative Error 0.009862298145890236
Epoch 137 Relative Error 0.009801479056477547
Epoch 138 Relative Error 0.009769381955265999
Epoch 139 Relative Error 0.009772773832082748
Epoch 140 Relative Error 0.009678947739303112
Epoch 141 Relative Error 0.009678187780082226
Epoch 142 Relative Error 0.009632379747927189
Epoch 143 Relative Error 0.009593888185918331
Epoch 144 Relative Error 0.009522155858576298
Epoch 145 Relative Error 0.00948997400701046
Epoch 146 Relative Error 0.00947971735149622
Epoch 147 Relative Error 0.009446816518902779
Epoch 148 Relative Error 0.009384761564433575
Epoch 149 Relative Error 0.009388834238052368
Epoch 150 Relative Error 0.009345137514173985
Epoch 151 Relative Error 0.009305897168815136
Epoch 152 Relative Error 0.009278052486479282
Epoch 153 Relative Error 0.009274010546505451
Epoch 154 Relative Error 0.009238573722541332
Epoch 155 Relative Error 0.009163850918412209
Epoch 156 Relative Error 0.009185854345560074
Epoch 157 Relative Error 0.00921734981238842
Epoch 158 Relative Error 0.009100576862692833
Epoch 159 Relative Error 0.009060804732143879
Epoch 160 Relative Error 0.009037780575454235
Epoch 161 Relative Error 0.009014048613607883
Epoch 162 Relative Error 0.009012163616716862
Epoch 163 Relative Error 0.008967272005975246
Epoch 164 Relative Error 0.008952077478170395
Epoch 165 Relative Error 0.008886209689080715
Epoch 166 Relative Error 0.008862009271979332
Epoch 167 Relative Error 0.008874521590769291
Epoch 168 Relative Error 0.008794921450316906
Epoch 169 Relative Error 0.00876742321997881
Epoch 170 Relative Error 0.008725091814994812
Epoch 171 Relative Error 0.008753709495067596
Epoch 172 Relative Error 0.008689881302416325
Epoch 173 Relative Error 0.008680559694766998
Epoch 174 Relative Error 0.008646427653729916
Epoch 175 Relative Error 0.008640286512672901
Epoch 176 Relative Error 0.008628780022263527
Epoch 177 Relative Error 0.00854889489710331
Epoch 178 Relative Error 0.008549951016902924
Epoch 179 Relative Error 0.008512497879564762
Epoch 180 Relative Error 0.008499007672071457
Epoch 181 Relative Error 0.00845151487737894
Epoch 182 Relative Error 0.008437175303697586
Epoch 183 Relative Error 0.008404905907809734
Epoch 184 Relative Error 0.008396301418542862
Epoch 185 Relative Error 0.008360203355550766
Epoch 186 Relative Error 0.00834430381655693
Epoch 187 Relative Error 0.008327142335474491
Epoch 188 Relative Error 0.008281659334897995
Epoch 189 Relative Error 0.00828417856246233
Epoch 190 Relative Error 0.008260570466518402
Epoch 191 Relative Error 0.008221659809350967
Epoch 192 Relative Error 0.008219118230044842
Epoch 193 Relative Error 0.008207735605537891
Epoch 194 Relative Error 0.008174971677362919
Epoch 195 Relative Error 0.008131399750709534
Epoch 196 Relative Error 0.008132059127092361
Epoch 197 Relative Error 0.008111037313938141
Epoch 198 Relative Error 0.008077387697994709
Epoch 199 Relative Error 0.008060828782618046
Epoch 200 Relative Error 0.008054605685174465
Epoch 201 Relative Error 0.00803073588758707
Epoch 202 Relative Error 0.008010219782590866
Epoch 203 Relative Error 0.007970154285430908
Epoch 204 Relative Error 0.007954043336212635
Epoch 205 Relative Error 0.007923640310764313
Epoch 206 Relative Error 0.007902121171355247
Epoch 207 Relative Error 0.007915398105978966
Epoch 208 Relative Error 0.007895678281784058
Epoch 209 Relative Error 0.00794647354632616
Epoch 210 Relative Error 0.008010010235011578
Epoch 211 Relative Error 0.007846535183489323
Epoch 212 Relative Error 0.007849772460758686
Epoch 213 Relative Error 0.007799182552844286
Epoch 214 Relative Error 0.00780986063182354
Epoch 215 Relative Error 0.007837178185582161
Epoch 216 Relative Error 0.0077924844808876514
Epoch 217 Relative Error 0.007771411910653114
Epoch 218 Relative Error 0.007871284149587154
Epoch 219 Relative Error 0.007749063894152641
Epoch 220 Relative Error 0.007684233598411083
Epoch 221 Relative Error 0.0078005436807870865
Epoch 222 Relative Error 0.007790760602802038
Epoch 223 Relative Error 0.007636447437107563
Epoch 224 Relative Error 0.00764037948101759
Epoch 225 Relative Error 0.007695231586694717
Epoch 226 Relative Error 0.007620602380484343
Epoch 227 Relative Error 0.007546626031398773
Epoch 228 Relative Error 0.007535289041697979
Epoch 229 Relative Error 0.007509629242122173
Epoch 230 Relative Error 0.007508355192840099
Epoch 231 Relative Error 0.00748550845310092
Epoch 232 Relative Error 0.007468081079423428
Epoch 233 Relative Error 0.007519628386944532
Epoch 234 Relative Error 0.007457548286765814
Epoch 235 Relative Error 0.007426136173307896
Epoch 236 Relative Error 0.007399574387818575
Epoch 237 Relative Error 0.0073746019043028355
Epoch 238 Relative Error 0.007391444873064756
Epoch 239 Relative Error 0.0074158343486487865
Epoch 240 Relative Error 0.007366441655904055
Epoch 241 Relative Error 0.007320291828364134
Epoch 242 Relative Error 0.007296946831047535
Epoch 243 Relative Error 0.007264146115630865
Epoch 244 Relative Error 0.007261485327035189
Epoch 245 Relative Error 0.007287083193659782
Epoch 246 Relative Error 0.007238911930471659
Epoch 247 Relative Error 0.007286715321242809
Epoch 248 Relative Error 0.007235412485897541
Epoch 249 Relative Error 0.00719823781400919
Epoch 250 Relative Error 0.007173746824264526
Epoch 251 Relative Error 0.007218469399958849
Epoch 252 Relative Error 0.007185542490333319
Epoch 253 Relative Error 0.007186729460954666
Epoch 254 Relative Error 0.007142014801502228
Epoch 255 Relative Error 0.007100660819560289
Epoch 256 Relative Error 0.007151467259973288
Epoch 257 Relative Error 0.007104532793164253
Epoch 258 Relative Error 0.007250207010656595
Epoch 259 Relative Error 0.0073056891560554504
Epoch 260 Relative Error 0.007175436243414879
Epoch 261 Relative Error 0.007092101965099573
Epoch 262 Relative Error 0.007017596159130335
Epoch 263 Relative Error 0.0070357793010771275
Epoch 264 Relative Error 0.00712199043482542
Epoch 265 Relative Error 0.0069828638806939125
Epoch 266 Relative Error 0.006975967902690172
Epoch 267 Relative Error 0.006991193629801273
Epoch 268 Relative Error 0.006990732625126839
Epoch 269 Relative Error 0.00690382719039917
Epoch 270 Relative Error 0.00690502068027854
Epoch 271 Relative Error 0.0068832822144031525
Epoch 272 Relative Error 0.0068829115480184555
Epoch 273 Relative Error 0.006911697797477245
Epoch 274 Relative Error 0.006868199910968542
Epoch 275 Relative Error 0.006836355663836002
Epoch 276 Relative Error 0.006829209625720978
Epoch 277 Relative Error 0.006828365847468376
Epoch 278 Relative Error 0.006804405711591244
Epoch 279 Relative Error 0.006794988643378019
Epoch 280 Relative Error 0.006758237257599831
Epoch 281 Relative Error 0.006762121804058552
Epoch 282 Relative Error 0.006723229307681322
Epoch 283 Relative Error 0.006725678686052561
Epoch 284 Relative Error 0.006736526731401682
Epoch 285 Relative Error 0.006701161619275808
Epoch 286 Relative Error 0.006700659170746803
Epoch 287 Relative Error 0.006675540003925562
Epoch 288 Relative Error 0.0066796173341572285
Epoch 289 Relative Error 0.006658115424215794
Epoch 290 Relative Error 0.006640149746090174
Epoch 291 Relative Error 0.006632355507463217
Epoch 292 Relative Error 0.006625807378441095
Epoch 293 Relative Error 0.006599221844226122
Epoch 294 Relative Error 0.006603074260056019
Epoch 295 Relative Error 0.0065900650806725025
Epoch 296 Relative Error 0.0065570711158216
Epoch 297 Relative Error 0.006566413678228855
Epoch 298 Relative Error 0.006539295893162489
Epoch 299 Relative Error 0.0065490687265992165
Epoch 300 Relative Error 0.006524393334984779
Epoch 301 Relative Error 0.006515725515782833
Epoch 302 Relative Error 0.006548590492457151
Epoch 303 Relative Error 0.006586697418242693
Epoch 304 Relative Error 0.006506762001663446
Epoch 305 Relative Error 0.006494856905192137
Epoch 306 Relative Error 0.006465669255703688
Epoch 307 Relative Error 0.00645395927131176
Epoch 308 Relative Error 0.0064475960098207
Epoch 309 Relative Error 0.006465589627623558
Epoch 310 Relative Error 0.006468428764492273
Epoch 311 Relative Error 0.006565469782799482
Epoch 312 Relative Error 0.0064444392919540405
Epoch 313 Relative Error 0.006408854387700558
Epoch 314 Relative Error 0.00640246644616127
Epoch 315 Relative Error 0.006367319729179144
Epoch 316 Relative Error 0.006358231417834759
Epoch 317 Relative Error 0.006343816872686148
Epoch 318 Relative Error 0.006385479588061571
Epoch 319 Relative Error 0.006332864053547382
Epoch 320 Relative Error 0.006310734897851944
Epoch 321 Relative Error 0.006315999198704958
Epoch 322 Relative Error 0.006295842118561268
Epoch 323 Relative Error 0.006295776925981045
Epoch 324 Relative Error 0.006340081803500652
Epoch 325 Relative Error 0.006353078875690699
Epoch 326 Relative Error 0.006285375449806452
Epoch 327 Relative Error 0.006278466433286667
Epoch 328 Relative Error 0.006313403137028217
Epoch 329 Relative Error 0.006306931842118502
Epoch 330 Relative Error 0.006263992749154568
Epoch 331 Relative Error 0.0062306649051606655
Epoch 332 Relative Error 0.006223802920430899
Epoch 333 Relative Error 0.006204113829880953
Epoch 334 Relative Error 0.0061906627379357815
Epoch 335 Relative Error 0.0061745597049593925
Epoch 336 Relative Error 0.0061841364949941635
Epoch 337 Relative Error 0.006173781584948301
Epoch 338 Relative Error 0.00616214144974947
Epoch 339 Relative Error 0.006184205878525972
Epoch 340 Relative Error 0.006152571178972721
Epoch 341 Relative Error 0.006155069917440414
Epoch 342 Relative Error 0.006130505818873644
Epoch 343 Relative Error 0.006118686869740486
Epoch 344 Relative Error 0.006107269786298275
Epoch 345 Relative Error 0.006122557446360588
Epoch 346 Relative Error 0.006226861849427223
Epoch 347 Relative Error 0.00619730306789279
Epoch 348 Relative Error 0.00619301525875926
Epoch 349 Relative Error 0.00617928896099329
Epoch 350 Relative Error 0.006177615374326706
Epoch 351 Relative Error 0.006114142015576363
Epoch 352 Relative Error 0.006111315451562405
Epoch 353 Relative Error 0.006075466983020306
Epoch 354 Relative Error 0.006066442001610994
Epoch 355 Relative Error 0.006114928517490625
Epoch 356 Relative Error 0.006056969054043293
Epoch 357 Relative Error 0.006267564371228218
Epoch 358 Relative Error 0.006100361235439777
Epoch 359 Relative Error 0.0060690343379974365
Epoch 360 Relative Error 0.005967958364635706
Epoch 361 Relative Error 0.005975000094622374
Epoch 362 Relative Error 0.005998337175697088
Epoch 363 Relative Error 0.005983024835586548
Epoch 364 Relative Error 0.006000270135700703
Epoch 365 Relative Error 0.005940319504588842
Epoch 366 Relative Error 0.005917262751609087
Epoch 367 Relative Error 0.005895946640521288
Epoch 368 Relative Error 0.005958497524261475
Epoch 369 Relative Error 0.0058997138403356075
Epoch 370 Relative Error 0.005957799963653088
Epoch 371 Relative Error 0.005985741503536701
Epoch 372 Relative Error 0.005958898458629847
Epoch 373 Relative Error 0.005918453447520733
Epoch 374 Relative Error 0.005954210180789232
Epoch 375 Relative Error 0.0059057073667645454
Epoch 376 Relative Error 0.005987655837088823
Epoch 377 Relative Error 0.006079959217458963
Epoch 378 Relative Error 0.006074783392250538
Epoch 379 Relative Error 0.006053902208805084
Epoch 380 Relative Error 0.005911290645599365
Epoch 381 Relative Error 0.006065084133297205
Epoch 382 Relative Error 0.006151207722723484
Epoch 383 Relative Error 0.005957434419542551
Epoch 384 Relative Error 0.00599944032728672
Epoch 385 Relative Error 0.006110704969614744
Epoch 386 Relative Error 0.00584455206990242
Epoch 387 Relative Error 0.0059649148024618626
Epoch 388 Relative Error 0.0059991939924657345
Epoch 389 Relative Error 0.0059190657921135426
Epoch 390 Relative Error 0.0060182055458426476
Epoch 391 Relative Error 0.0058662244118750095
Epoch 392 Relative Error 0.0059262714348733425
Epoch 393 Relative Error 0.005858058109879494
Epoch 394 Relative Error 0.0058982111513614655
Epoch 395 Relative Error 0.00607397360727191
Epoch 396 Relative Error 0.005761654581874609
Epoch 397 Relative Error 0.005778382532298565
Epoch 398 Relative Error 0.005743458867073059
Epoch 399 Relative Error 0.005751808173954487
Epoch 400 Relative Error 0.005694309249520302
Epoch 401 Relative Error 0.005700298119336367
Epoch 402 Relative Error 0.005681915208697319
Epoch 403 Relative Error 0.005815695971250534
Epoch 404 Relative Error 0.005812513642013073
Epoch 405 Relative Error 0.005895885638892651
Epoch 406 Relative Error 0.005705910734832287
Epoch 407 Relative Error 0.005645963363349438
Epoch 408 Relative Error 0.005639303009957075
Epoch 409 Relative Error 0.005616592708975077
Epoch 410 Relative Error 0.005617582239210606
Epoch 411 Relative Error 0.005602162331342697
Epoch 412 Relative Error 0.0055955518037080765
Epoch 413 Relative Error 0.005583607126027346
Epoch 414 Relative Error 0.005576958414167166
Epoch 415 Relative Error 0.005557947792112827
Epoch 416 Relative Error 0.0055266134440898895
Epoch 417 Relative Error 0.0055321212857961655
Epoch 418 Relative Error 0.005541711580008268
Epoch 419 Relative Error 0.005528740584850311
Epoch 420 Relative Error 0.00551660405471921
Epoch 421 Relative Error 0.005565717816352844
Epoch 422 Relative Error 0.005512411240488291
Epoch 423 Relative Error 0.00550868920981884
Epoch 424 Relative Error 0.005485581699758768
Epoch 425 Relative Error 0.005502823740243912
Epoch 426 Relative Error 0.005492770113050938
Epoch 427 Relative Error 0.005520218517631292
Epoch 428 Relative Error 0.005591811612248421
Epoch 429 Relative Error 0.00551215186715126
Epoch 430 Relative Error 0.0055312891490757465
Epoch 431 Relative Error 0.005459495820105076
Epoch 432 Relative Error 0.005511419847607613
Epoch 433 Relative Error 0.005475313868373632
Epoch 434 Relative Error 0.0054620676673948765
Epoch 435 Relative Error 0.0054144165478646755
Epoch 436 Relative Error 0.005418275482952595
Epoch 437 Relative Error 0.005406113341450691
Epoch 438 Relative Error 0.005394738167524338
Epoch 439 Relative Error 0.005391899961978197
Epoch 440 Relative Error 0.005382725037634373
Epoch 441 Relative Error 0.00537083437666297
Epoch 442 Relative Error 0.005409299861639738
Epoch 443 Relative Error 0.00551251508295536
Epoch 444 Relative Error 0.005435218568891287
Epoch 445 Relative Error 0.005382087081670761
Epoch 446 Relative Error 0.005380983464419842
Epoch 447 Relative Error 0.00542182382196188
Epoch 448 Relative Error 0.005429267417639494
Epoch 449 Relative Error 0.005423830356448889
Epoch 450 Relative Error 0.005382893141359091
Epoch 451 Relative Error 0.0053169396705925465
Epoch 452 Relative Error 0.005328758154064417
Epoch 453 Relative Error 0.0053314040414988995
Epoch 454 Relative Error 0.005346950143575668
Epoch 455 Relative Error 0.005307779647409916
Epoch 456 Relative Error 0.005335730966180563
Epoch 457 Relative Error 0.005360526032745838
Epoch 458 Relative Error 0.0053628841415047646
Epoch 459 Relative Error 0.005366072524338961
Epoch 460 Relative Error 0.00533851096406579
Epoch 461 Relative Error 0.005275018513202667
Epoch 462 Relative Error 0.005271997302770615
Epoch 463 Relative Error 0.005260629579424858
Epoch 464 Relative Error 0.005262146238237619
Epoch 465 Relative Error 0.005342045333236456
Epoch 466 Relative Error 0.00601964071393013
Epoch 467 Relative Error 0.005847794469445944
Epoch 468 Relative Error 0.005622976925224066
Epoch 469 Relative Error 0.0052672093734145164
Epoch 470 Relative Error 0.0052354284562170506
Epoch 471 Relative Error 0.005286550149321556
Epoch 472 Relative Error 0.0052251932211220264
Epoch 473 Relative Error 0.00523398956283927
Epoch 474 Relative Error 0.00521867536008358
Epoch 475 Relative Error 0.005206326954066753
Epoch 476 Relative Error 0.00520726852118969
Epoch 477 Relative Error 0.0052132681012153625
Epoch 478 Relative Error 0.0053014750592410564
Epoch 479 Relative Error 0.005438554100692272
Epoch 480 Relative Error 0.005869816988706589
Epoch 481 Relative Error 0.00534317409619689
Epoch 482 Relative Error 0.005708577577024698
Epoch 483 Relative Error 0.005582800135016441
Epoch 484 Relative Error 0.005236519500613213
Epoch 485 Relative Error 0.005195509642362595
Epoch 486 Relative Error 0.005242005921900272
Epoch 487 Relative Error 0.005188061390072107
Epoch 488 Relative Error 0.005203308537602425
Epoch 489 Relative Error 0.005150559823960066
Epoch 490 Relative Error 0.005129962228238583
Epoch 491 Relative Error 0.005111600738018751
Epoch 492 Relative Error 0.0051153735257685184
Epoch 493 Relative Error 0.005148851312696934
Epoch 494 Relative Error 0.005185276735574007
Epoch 495 Relative Error 0.005300780758261681
Epoch 496 Relative Error 0.005246687680482864
Epoch 497 Relative Error 0.005240042693912983
Epoch 498 Relative Error 0.005365361925214529
Epoch 499 Relative Error 0.005311531946063042
Epoch 500 Relative Error 0.0051783788949251175
Epoch 501 Relative Error 0.005130439531058073
Epoch 502 Relative Error 0.005135204643011093
Epoch 503 Relative Error 0.005102289840579033
Epoch 504 Relative Error 0.005109123419970274
Epoch 505 Relative Error 0.005052885506302118
Epoch 506 Relative Error 0.00506516033783555
Epoch 507 Relative Error 0.005082666873931885
Epoch 508 Relative Error 0.005016109440475702
Epoch 509 Relative Error 0.005031093955039978
Epoch 510 Relative Error 0.005009728949517012
Epoch 511 Relative Error 0.0050355964340269566
Epoch 512 Relative Error 0.005014529451727867
Epoch 513 Relative Error 0.004992177709937096
Epoch 514 Relative Error 0.005011420696973801
Epoch 515 Relative Error 0.005001090932637453
Epoch 516 Relative Error 0.005016107112169266
Epoch 517 Relative Error 0.005014038644731045
Epoch 518 Relative Error 0.004991637542843819
Epoch 519 Relative Error 0.005009757820516825
Epoch 520 Relative Error 0.005072352476418018
Epoch 521 Relative Error 0.004966807086020708
Epoch 522 Relative Error 0.0049687460996210575
Epoch 523 Relative Error 0.004969611298292875
Epoch 524 Relative Error 0.004957412835210562
Epoch 525 Relative Error 0.004939217120409012
Epoch 526 Relative Error 0.0049405707977712154
Epoch 527 Relative Error 0.004935089964419603
Epoch 528 Relative Error 0.004963182844221592
Epoch 529 Relative Error 0.005067727528512478
Epoch 530 Relative Error 0.00508665619418025
Epoch 531 Relative Error 0.005062795709818602
Epoch 532 Relative Error 0.005126171745359898
Epoch 533 Relative Error 0.005116364452987909
Epoch 534 Relative Error 0.00496031204238534
Epoch 535 Relative Error 0.005069018807262182
Epoch 536 Relative Error 0.004977352451533079
Epoch 537 Relative Error 0.0050431424751877785
Epoch 538 Relative Error 0.004914559423923492
Epoch 539 Relative Error 0.004896185826510191
Epoch 540 Relative Error 0.0049115377478301525
Epoch 541 Relative Error 0.004929643590003252
Epoch 542 Relative Error 0.004990031942725182
Epoch 543 Relative Error 0.004909463692456484
Epoch 544 Relative Error 0.004906967747956514
Epoch 545 Relative Error 0.00487170135602355
Epoch 546 Relative Error 0.0049139512702822685
Epoch 547 Relative Error 0.004997944924980402
Epoch 548 Relative Error 0.004952615592628717
Epoch 549 Relative Error 0.005088816862553358
Epoch 550 Relative Error 0.005050450097769499
Epoch 551 Relative Error 0.004988377448171377
Epoch 552 Relative Error 0.005003931932151318
Epoch 553 Relative Error 0.005114921368658543
Epoch 554 Relative Error 0.004908368457108736
Epoch 555 Relative Error 0.004943440202623606
Epoch 556 Relative Error 0.00489656301215291
Epoch 557 Relative Error 0.00494703883305192
Epoch 558 Relative Error 0.004925163462758064
Epoch 559 Relative Error 0.00482889823615551
Epoch 560 Relative Error 0.004808345809578896
Epoch 561 Relative Error 0.004851044155657291
Epoch 562 Relative Error 0.004788503982126713
Epoch 563 Relative Error 0.004878977779299021
Epoch 564 Relative Error 0.004790063947439194
Epoch 565 Relative Error 0.0047884066589176655
Epoch 566 Relative Error 0.0047758533619344234
Epoch 567 Relative Error 0.004811679013073444
Epoch 568 Relative Error 0.0047980365343391895
Epoch 569 Relative Error 0.0047672949731349945
Epoch 570 Relative Error 0.004753145854920149
Epoch 571 Relative Error 0.004781389608979225
Epoch 572 Relative Error 0.004802566021680832
Epoch 573 Relative Error 0.004760158713907003
Epoch 574 Relative Error 0.004748784936964512
Epoch 575 Relative Error 0.004819442518055439
Epoch 576 Relative Error 0.00474682217463851
Epoch 577 Relative Error 0.004707298241555691
Epoch 578 Relative Error 0.004712417721748352
Epoch 579 Relative Error 0.004762927070260048
Epoch 580 Relative Error 0.004804543219506741
Epoch 581 Relative Error 0.004784346092492342
Epoch 582 Relative Error 0.004780778661370277
Epoch 583 Relative Error 0.0047078668139874935
Epoch 584 Relative Error 0.004699829500168562
Epoch 585 Relative Error 0.004687367007136345
Epoch 586 Relative Error 0.004680759273469448
Epoch 587 Relative Error 0.0046762628480792046
Epoch 588 Relative Error 0.0046687196008861065
Epoch 589 Relative Error 0.004665395710617304
Epoch 590 Relative Error 0.00467186002060771
Epoch 591 Relative Error 0.0046521625481545925
Epoch 592 Relative Error 0.004676868207752705
Epoch 593 Relative Error 0.004667948465794325
Epoch 594 Relative Error 0.004640013445168734
Epoch 595 Relative Error 0.004641719628125429
Epoch 596 Relative Error 0.004648664966225624
Epoch 597 Relative Error 0.00464564748108387
Epoch 598 Relative Error 0.004637506324797869
Epoch 599 Relative Error 0.004630264826118946
Epoch 600 Relative Error 0.004651701543480158
Epoch 601 Relative Error 0.004649132024496794
Epoch 602 Relative Error 0.004620821215212345
Epoch 603 Relative Error 0.004654322285205126
Epoch 604 Relative Error 0.004642120096832514
Epoch 605 Relative Error 0.004620569292455912
Epoch 606 Relative Error 0.004646447952836752
Epoch 607 Relative Error 0.004656554665416479
Epoch 608 Relative Error 0.004642229527235031
Epoch 609 Relative Error 0.004620555322617292
Epoch 610 Relative Error 0.004699680022895336
Epoch 611 Relative Error 0.004667509347200394
Epoch 612 Relative Error 0.004637764301151037
Epoch 613 Relative Error 0.004641388077288866
Epoch 614 Relative Error 0.004762408323585987
Epoch 615 Relative Error 0.004725966602563858
Epoch 616 Relative Error 0.004734196234494448
Epoch 617 Relative Error 0.004872103687375784
Epoch 618 Relative Error 0.004637858830392361
Epoch 619 Relative Error 0.00476886285468936
Epoch 620 Relative Error 0.0047126165591180325
Epoch 621 Relative Error 0.00462440587580204
Epoch 622 Relative Error 0.004588096868246794
Epoch 623 Relative Error 0.004576947074383497
Epoch 624 Relative Error 0.0045408583246171474
Epoch 625 Relative Error 0.004541662055999041
Epoch 626 Relative Error 0.004583514761179686
Epoch 627 Relative Error 0.004555779043585062
Epoch 628 Relative Error 0.004566092509776354
Epoch 629 Relative Error 0.00454616267234087
Epoch 630 Relative Error 0.004586101975291967
Epoch 631 Relative Error 0.004523049108684063
Epoch 632 Relative Error 0.004527165554463863
Epoch 633 Relative Error 0.004545348230749369
Epoch 634 Relative Error 0.004558014217764139
Epoch 635 Relative Error 0.004526060540229082
Epoch 636 Relative Error 0.004511507693678141
Epoch 637 Relative Error 0.004700887948274612
Epoch 638 Relative Error 0.004787213634699583
Epoch 639 Relative Error 0.004745896905660629
Epoch 640 Relative Error 0.004803997930139303
Epoch 641 Relative Error 0.005459875334054232
Epoch 642 Relative Error 0.00667449040338397
Epoch 643 Relative Error 0.006364726461470127
Epoch 644 Relative Error 0.005484739318490028
Epoch 645 Relative Error 0.0049827815964818
Epoch 646 Relative Error 0.005720607470721006
Epoch 647 Relative Error 0.005691754166036844
Epoch 648 Relative Error 0.005018474534153938
Epoch 649 Relative Error 0.00485290726646781
Epoch 650 Relative Error 0.004756166599690914
Epoch 651 Relative Error 0.004582431633025408
Epoch 652 Relative Error 0.00459660729393363
Epoch 653 Relative Error 0.00493288179859519
Epoch 654 Relative Error 0.004780848976224661
Epoch 655 Relative Error 0.004656853154301643
Epoch 656 Relative Error 0.004539338406175375
Epoch 657 Relative Error 0.00466802017763257
Epoch 658 Relative Error 0.004581515211611986
Epoch 659 Relative Error 0.004519912414252758
Epoch 660 Relative Error 0.0044966815039515495
Epoch 661 Relative Error 0.004472570028156042
Epoch 662 Relative Error 0.004441743716597557
Epoch 663 Relative Error 0.00449239369481802
Epoch 664 Relative Error 0.004516392480581999
Epoch 665 Relative Error 0.00449680769816041
Epoch 666 Relative Error 0.004484829027205706
Epoch 667 Relative Error 0.004434789996594191
Epoch 668 Relative Error 0.004437937401235104
Epoch 669 Relative Error 0.004428565036505461
Epoch 670 Relative Error 0.0043991380371153355
Epoch 671 Relative Error 0.004389145411550999
Epoch 672 Relative Error 0.004397282376885414
Epoch 673 Relative Error 0.00440136156976223
Epoch 674 Relative Error 0.00447663152590394
Epoch 675 Relative Error 0.00439041992649436
Epoch 676 Relative Error 0.004402374383062124
Epoch 677 Relative Error 0.004386973101645708
Epoch 678 Relative Error 0.004399382043629885
Epoch 679 Relative Error 0.0044275326654314995
Epoch 680 Relative Error 0.004498421214520931
Epoch 681 Relative Error 0.0045597851276397705
Epoch 682 Relative Error 0.004631325602531433
Epoch 683 Relative Error 0.0047415937297046185
Epoch 684 Relative Error 0.004419317934662104
Epoch 685 Relative Error 0.004418180789798498
Epoch 686 Relative Error 0.0043660481460392475
Epoch 687 Relative Error 0.004373481962829828
Epoch 688 Relative Error 0.004355621058493853
Epoch 689 Relative Error 0.004362483508884907
Epoch 690 Relative Error 0.004429790657013655
Epoch 691 Relative Error 0.004798825364559889
Epoch 692 Relative Error 0.005019384436309338
Epoch 693 Relative Error 0.0052134934812784195
Epoch 694 Relative Error 0.00459293881431222
Epoch 695 Relative Error 0.004758879076689482
Epoch 696 Relative Error 0.004812339320778847
Epoch 697 Relative Error 0.004501964431256056
Epoch 698 Relative Error 0.004700617864727974
Epoch 699 Relative Error 0.00475099915638566
Epoch 700 Relative Error 0.004537125583738089
Epoch 701 Relative Error 0.004784812219440937
Epoch 702 Relative Error 0.005916137248277664
Epoch 703 Relative Error 0.007007101085036993
Epoch 704 Relative Error 0.0065209874883294106
Epoch 705 Relative Error 0.011129606515169144
Epoch 706 Relative Error 0.008938484825193882
Epoch 707 Relative Error 0.007888467982411385
Epoch 708 Relative Error 0.007325754500925541
Epoch 709 Relative Error 0.006175200920552015
Epoch 710 Relative Error 0.005884787067770958
Epoch 711 Relative Error 0.005195053294301033
Epoch 712 Relative Error 0.004810580518096685
Epoch 713 Relative Error 0.004542521666735411
Epoch 714 Relative Error 0.004505987744778395
Epoch 715 Relative Error 0.004521988332271576
Epoch 716 Relative Error 0.004323241766542196
Epoch 717 Relative Error 0.004322010558098555
Epoch 718 Relative Error 0.004320062696933746
Epoch 719 Relative Error 0.004291648976504803
Epoch 720 Relative Error 0.004278299864381552
Epoch 721 Relative Error 0.004252438433468342
Epoch 722 Relative Error 0.0042730662971735
Epoch 723 Relative Error 0.00424177385866642
Epoch 724 Relative Error 0.004262255504727364
Epoch 725 Relative Error 0.0042484225705266
Epoch 726 Relative Error 0.004236939828842878
Epoch 727 Relative Error 0.00425185589119792
Epoch 728 Relative Error 0.004222875460982323
Epoch 729 Relative Error 0.00421623419970274
Epoch 730 Relative Error 0.004227336496114731
Epoch 731 Relative Error 0.004205374047160149
Epoch 732 Relative Error 0.00423114188015461
Epoch 733 Relative Error 0.004205799195915461
Epoch 734 Relative Error 0.004207321908324957
Epoch 735 Relative Error 0.0042183478362858295
Epoch 736 Relative Error 0.0042422376573085785
Epoch 737 Relative Error 0.004205368924885988
Epoch 738 Relative Error 0.00426257262006402
Epoch 739 Relative Error 0.004294192418456078
Epoch 740 Relative Error 0.0042640757746994495
Epoch 741 Relative Error 0.004223652649670839
Epoch 742 Relative Error 0.004220254253596067
Epoch 743 Relative Error 0.0041867587715387344
Epoch 744 Relative Error 0.004192305728793144
Epoch 745 Relative Error 0.004185547586530447
Epoch 746 Relative Error 0.004171900451183319
Epoch 747 Relative Error 0.004170660860836506
Epoch 748 Relative Error 0.004165106453001499
Epoch 749 Relative Error 0.004178009927272797
Epoch 750 Relative Error 0.004197177477180958
Epoch 751 Relative Error 0.00420644786208868
Epoch 752 Relative Error 0.004175680689513683
Epoch 753 Relative Error 0.004162511322647333
Epoch 754 Relative Error 0.004161807242780924
Epoch 755 Relative Error 0.004159504547715187
Epoch 756 Relative Error 0.004189931321889162
Epoch 757 Relative Error 0.0041519771330058575
Epoch 758 Relative Error 0.0041810194961726665
Epoch 759 Relative Error 0.004173646681010723
Epoch 760 Relative Error 0.00416606804355979
Epoch 761 Relative Error 0.004137761890888214
Epoch 762 Relative Error 0.0041469973511993885
Epoch 763 Relative Error 0.004145955201238394
Epoch 764 Relative Error 0.004203137941658497
Epoch 765 Relative Error 0.004386847838759422
Epoch 766 Relative Error 0.005142484325915575
Epoch 767 Relative Error 0.004887488204985857
Epoch 768 Relative Error 0.004411445464938879
Epoch 769 Relative Error 0.004276281222701073
Epoch 770 Relative Error 0.004275980405509472
Epoch 771 Relative Error 0.004232742357999086
Epoch 772 Relative Error 0.004181947559118271
Epoch 773 Relative Error 0.004178774077445269
Epoch 774 Relative Error 0.004179187584668398
Epoch 775 Relative Error 0.004122679587453604
Epoch 776 Relative Error 0.0041579268872737885
Epoch 777 Relative Error 0.004168394487351179
Epoch 778 Relative Error 0.0041298833675682545
Epoch 779 Relative Error 0.004129079636186361
Epoch 780 Relative Error 0.0041091362945735455
Epoch 781 Relative Error 0.00416607828810811
Epoch 782 Relative Error 0.004112774506211281
Epoch 783 Relative Error 0.004069191403687
Epoch 784 Relative Error 0.00410386361181736
Epoch 785 Relative Error 0.004146154038608074
Epoch 786 Relative Error 0.004106130916625261
Epoch 787 Relative Error 0.004116834606975317
Epoch 788 Relative Error 0.004090865142643452
Epoch 789 Relative Error 0.004074494354426861
Epoch 790 Relative Error 0.004097608383744955
Epoch 791 Relative Error 0.0041159274987876415
Epoch 792 Relative Error 0.0041642701253294945
Epoch 793 Relative Error 0.004106672015041113
Epoch 794 Relative Error 0.004229855258017778
Epoch 795 Relative Error 0.004077091813087463
Epoch 796 Relative Error 0.004090682603418827
Epoch 797 Relative Error 0.004080192651599646
Epoch 798 Relative Error 0.004117615055292845
Epoch 799 Relative Error 0.004037834238260984
Epoch 800 Relative Error 0.0040808734484016895
Epoch 801 Relative Error 0.004087481182068586
Epoch 802 Relative Error 0.004061919171363115
Epoch 803 Relative Error 0.004040638916194439
Epoch 804 Relative Error 0.004065369721502066
Epoch 805 Relative Error 0.004065888933837414
Epoch 806 Relative Error 0.004070015624165535
Epoch 807 Relative Error 0.0040617031045258045
Epoch 808 Relative Error 0.004024078603833914
Epoch 809 Relative Error 0.004021618515253067
Epoch 810 Relative Error 0.004016331396996975
Epoch 811 Relative Error 0.004010452888906002
Epoch 812 Relative Error 0.004001852590590715
Epoch 813 Relative Error 0.004006619099527597
Epoch 814 Relative Error 0.003992687910795212
Epoch 815 Relative Error 0.00399710051715374
Epoch 816 Relative Error 0.004005099646747112
Epoch 817 Relative Error 0.0040076724253594875
Epoch 818 Relative Error 0.0040172915905714035
Epoch 819 Relative Error 0.004045283421874046
Epoch 820 Relative Error 0.004016413819044828
Epoch 821 Relative Error 0.004002400673925877
Epoch 822 Relative Error 0.004013499710708857
Epoch 823 Relative Error 0.004058994818478823
Epoch 824 Relative Error 0.00399873498827219
Epoch 825 Relative Error 0.00398637680336833
Epoch 826 Relative Error 0.003977267071604729
Epoch 827 Relative Error 0.003989669494330883
Epoch 828 Relative Error 0.003987649921327829
Epoch 829 Relative Error 0.00395945506170392
Epoch 830 Relative Error 0.003975740168243647
Epoch 831 Relative Error 0.0039629810489714146
Epoch 832 Relative Error 0.003975361119955778
Epoch 833 Relative Error 0.003982692025601864
Epoch 834 Relative Error 0.003966455813497305
Epoch 835 Relative Error 0.004008674994111061
Epoch 836 Relative Error 0.003996340557932854
Epoch 837 Relative Error 0.0041458201594650745
Epoch 838 Relative Error 0.004010958597064018
Epoch 839 Relative Error 0.003975469619035721
Epoch 840 Relative Error 0.0039798421785235405
Epoch 841 Relative Error 0.003970186226069927
Epoch 842 Relative Error 0.0039938888512551785
Epoch 843 Relative Error 0.003966757096350193
Epoch 844 Relative Error 0.003949905280023813
Epoch 845 Relative Error 0.003940930590033531
Epoch 846 Relative Error 0.003959104418754578
Epoch 847 Relative Error 0.003961287438869476
Epoch 848 Relative Error 0.00397301884368062
Epoch 849 Relative Error 0.003936474211513996
Epoch 850 Relative Error 0.003964300733059645
Epoch 851 Relative Error 0.004053461831063032
Epoch 852 Relative Error 0.003990500699728727
Epoch 853 Relative Error 0.003967289812862873
Epoch 854 Relative Error 0.004116025287657976
Epoch 855 Relative Error 0.003965177107602358
Epoch 856 Relative Error 0.003987261559814215
Epoch 857 Relative Error 0.0039764754474163055
Epoch 858 Relative Error 0.003989705815911293
Epoch 859 Relative Error 0.004005014896392822
Epoch 860 Relative Error 0.003945135045796633
Epoch 861 Relative Error 0.003957223147153854
Epoch 862 Relative Error 0.003936500754207373
Epoch 863 Relative Error 0.003927042707800865
Epoch 864 Relative Error 0.0038913246244192123
Epoch 865 Relative Error 0.0038988920859992504
Epoch 866 Relative Error 0.003916479181498289
Epoch 867 Relative Error 0.003916926681995392
Epoch 868 Relative Error 0.0038860556669533253
Epoch 869 Relative Error 0.003896288573741913
Epoch 870 Relative Error 0.003889822866767645
Epoch 871 Relative Error 0.003905502613633871
Epoch 872 Relative Error 0.003916497807949781
Epoch 873 Relative Error 0.003952283412218094
Epoch 874 Relative Error 0.0039414032362401485
Epoch 875 Relative Error 0.004017277155071497
Epoch 876 Relative Error 0.004260520916432142
Epoch 877 Relative Error 0.004276516381651163
Epoch 878 Relative Error 0.004172538407146931
Epoch 879 Relative Error 0.004062910098582506
Epoch 880 Relative Error 0.003896626876667142
Epoch 881 Relative Error 0.0038900699000805616
Epoch 882 Relative Error 0.0038811133708804846
Epoch 883 Relative Error 0.003959260880947113
Epoch 884 Relative Error 0.003955255728214979
Epoch 885 Relative Error 0.003931714221835136
Epoch 886 Relative Error 0.0038686844054609537
Epoch 887 Relative Error 0.003860131371766329
Epoch 888 Relative Error 0.0038530868478119373
Epoch 889 Relative Error 0.003883517812937498
Epoch 890 Relative Error 0.003903771284967661
Epoch 891 Relative Error 0.003865207312628627
Epoch 892 Relative Error 0.003858376294374466
Epoch 893 Relative Error 0.0038268493954092264
Epoch 894 Relative Error 0.003847600193694234
Epoch 895 Relative Error 0.003851386019960046
Epoch 896 Relative Error 0.0038759256713092327
Epoch 897 Relative Error 0.003840790130198002
Epoch 898 Relative Error 0.0038483203388750553
Epoch 899 Relative Error 0.0038448695559054613
Epoch 900 Relative Error 0.0038259997963905334
Epoch 901 Relative Error 0.003917398396879435
Epoch 902 Relative Error 0.004052252508699894
Epoch 903 Relative Error 0.0040824334137141705
Epoch 904 Relative Error 0.003888068487867713
Epoch 905 Relative Error 0.0038444828242063522
Epoch 906 Relative Error 0.0039953915402293205
Epoch 907 Relative Error 0.003960634581744671
Epoch 908 Relative Error 0.003916485235095024
Epoch 909 Relative Error 0.0038804118521511555
Epoch 910 Relative Error 0.003919886890798807
Epoch 911 Relative Error 0.003866330487653613
Epoch 912 Relative Error 0.0038289057556539774
Epoch 913 Relative Error 0.003830189350992441
Epoch 914 Relative Error 0.0038866556715220213
Epoch 915 Relative Error 0.003870275802910328
Epoch 916 Relative Error 0.003821568563580513
Epoch 917 Relative Error 0.003806496039032936
Epoch 918 Relative Error 0.003828213084489107
Epoch 919 Relative Error 0.0038685076870024204
Epoch 920 Relative Error 0.0038698306307196617
Epoch 921 Relative Error 0.004026881419122219
Epoch 922 Relative Error 0.0038841806817799807
Epoch 923 Relative Error 0.003818321507424116
Epoch 924 Relative Error 0.0038759110029786825
Epoch 925 Relative Error 0.003855328541249037
Epoch 926 Relative Error 0.0038231920916587114
Epoch 927 Relative Error 0.003827998647466302
Epoch 928 Relative Error 0.0037847128696739674
Epoch 929 Relative Error 0.003805659245699644
Epoch 930 Relative Error 0.0038074918556958437
Epoch 931 Relative Error 0.0038385980296880007
Epoch 932 Relative Error 0.003846278414130211
Epoch 933 Relative Error 0.0037610474973917007
Epoch 934 Relative Error 0.0037745239678770304
Epoch 935 Relative Error 0.0037856665439903736
Epoch 936 Relative Error 0.0037733532954007387
Epoch 937 Relative Error 0.0038052017334848642
Epoch 938 Relative Error 0.0037467568181455135
Epoch 939 Relative Error 0.00374246621504426
Epoch 940 Relative Error 0.003743414068594575
Epoch 941 Relative Error 0.0037339297123253345
Epoch 942 Relative Error 0.0037649364676326513
Epoch 943 Relative Error 0.003806055523455143
Epoch 944 Relative Error 0.003775967052206397
Epoch 945 Relative Error 0.003812186885625124
Epoch 946 Relative Error 0.003739566309377551
Epoch 947 Relative Error 0.0037385900504887104
Epoch 948 Relative Error 0.0037373562809079885
Epoch 949 Relative Error 0.0037440196610987186
Epoch 950 Relative Error 0.0037442902103066444
Epoch 951 Relative Error 0.0037549214903265238
Epoch 952 Relative Error 0.0037380647845566273
Epoch 953 Relative Error 0.003723252797499299
Epoch 954 Relative Error 0.0037690296303480864
Epoch 955 Relative Error 0.003778826678171754
Epoch 956 Relative Error 0.0037606179248541594
Epoch 957 Relative Error 0.0038298428989946842
Epoch 958 Relative Error 0.0038119025994092226
Epoch 959 Relative Error 0.003863201243802905
Epoch 960 Relative Error 0.0037188995629549026
Epoch 961 Relative Error 0.0037373146042227745
Epoch 962 Relative Error 0.00374153652228415
Epoch 963 Relative Error 0.0037129700649529696
Epoch 964 Relative Error 0.0037164208479225636
Epoch 965 Relative Error 0.003727091709151864
Epoch 966 Relative Error 0.0036993182729929686
Epoch 967 Relative Error 0.003703464288264513
Epoch 968 Relative Error 0.003735015168786049
Epoch 969 Relative Error 0.003721422515809536
Epoch 970 Relative Error 0.003702429123222828
Epoch 971 Relative Error 0.0037034014239907265
Epoch 972 Relative Error 0.0036981513258069754
Epoch 973 Relative Error 0.00368659314699471
Epoch 974 Relative Error 0.0037166683468967676
Epoch 975 Relative Error 0.0037301036063581705
Epoch 976 Relative Error 0.0037055436987429857
Epoch 977 Relative Error 0.0037369797937572002
Epoch 978 Relative Error 0.0037191950250416994
Epoch 979 Relative Error 0.0036819293163716793
Epoch 980 Relative Error 0.0036936865653842688
Epoch 981 Relative Error 0.003706582123413682
Epoch 982 Relative Error 0.0037969460245221853
Epoch 983 Relative Error 0.0038699901197105646
Epoch 984 Relative Error 0.0037076103035360575
Epoch 985 Relative Error 0.0037012246903032064
Epoch 986 Relative Error 0.0037373434752225876
Epoch 987 Relative Error 0.003713201032951474
Epoch 988 Relative Error 0.0036846469156444073
Epoch 989 Relative Error 0.0036921650171279907
Epoch 990 Relative Error 0.0036904355511069298
Epoch 991 Relative Error 0.003715895116329193
Epoch 992 Relative Error 0.0037003241013735533
Epoch 993 Relative Error 0.0038029502611607313
Epoch 994 Relative Error 0.0038092148024588823
Epoch 995 Relative Error 0.0037982382345944643
Epoch 996 Relative Error 0.0037428750656545162
Epoch 997 Relative Error 0.003719296073541045
Epoch 998 Relative Error 0.0037593243177980185
Epoch 999 Relative Error 0.0037387239281088114
Epoch 1000 Relative Error 0.0037142913788557053
RE (3, 3, 14, 0): 0.0036819293163716793
Green's Function RE (3, 3, 14, 0): 0.013345398008823395
Bias Term RE (3, 3, 14, 0): 0.00637654447928071
Combination (3, 3, 14, 0, 0): 0.004968701396137476
Combination (3, 3, 14, 0, 1): 0.0049547175876796246
Combination (3, 3, 14, 0, 2): 0.004961456172168255
Combination (3, 3, 14, 0, 3): 0.004959706217050552
Combination (3, 3, 14, 0, 4): 0.00495811877772212

/home/gridsan/gstepaniants/.local/lib/python3.8/site-packages/torch/functional.py:478: UserWarning: torch.meshgrid: in an upcoming release, it will be required to pass the indexing argument. (Triggered internally at  ../aten/src/ATen/native/TensorShape.cpp:2895.)
  return _VF.meshgrid(tensors, **kwargs)  # type: ignore[attr-defined]
