[KeOps] Warning : Cuda libraries were not detected on the system ; using cpu only mode
1
Kernel: Matern5/2
Weight Mesh: 100
RKHS Kernel Width: 0.007
Lambda: 1e-06
Green's Function Learning Rate: 100
Bias Term Learning Rate: 100
Epoch 1 Relative Error 1457.568115234375
First epoch had re = 1457.568115234375 > 1
Green's Function Learning Rate: 50
Bias Term Learning Rate: 50
Epoch 1 Relative Error 956.0337524414062
First epoch had re = 956.0337524414062 > 1
Green's Function Learning Rate: 10
Bias Term Learning Rate: 10
Epoch 1 Relative Error 140.36717224121094
First epoch had re = 140.36717224121094 > 1
Green's Function Learning Rate: 5
Bias Term Learning Rate: 5
Epoch 1 Relative Error 79.17314147949219
First epoch had re = 79.17314147949219 > 1
Green's Function Learning Rate: 1
Bias Term Learning Rate: 1
Epoch 1 Relative Error 15.224017143249512
First epoch had re = 15.224017143249512 > 1
Green's Function Learning Rate: 0.5
Bias Term Learning Rate: 0.5
Epoch 1 Relative Error 6.60910177230835
First epoch had re = 6.60910177230835 > 1
Green's Function Learning Rate: 0.1
Bias Term Learning Rate: 0.1
Epoch 1 Relative Error 1.301876187324524
First epoch had re = 1.301876187324524 > 1
Green's Function Learning Rate: 0.05
Bias Term Learning Rate: 0.05
Epoch 1 Relative Error 0.8824642896652222
Epoch 2 Relative Error 0.6513788104057312
Epoch 3 Relative Error 0.5019281506538391
Epoch 4 Relative Error 0.43285268545150757
Epoch 5 Relative Error 0.3298206031322479
Epoch 6 Relative Error 0.26057714223861694
Epoch 7 Relative Error 0.1992352455854416
Epoch 8 Relative Error 0.1536274552345276
Epoch 9 Relative Error 0.11893853545188904
Epoch 10 Relative Error 0.10285057127475739
Epoch 11 Relative Error 0.07021556049585342
Epoch 12 Relative Error 0.05557660758495331
Epoch 13 Relative Error 0.04776541888713837
Epoch 14 Relative Error 0.037130605429410934
Epoch 15 Relative Error 0.030070384964346886
Epoch 16 Relative Error 0.028088513761758804
Epoch 17 Relative Error 0.02360176108777523
Epoch 18 Relative Error 0.01845547929406166
Epoch 19 Relative Error 0.014963324181735516
Epoch 20 Relative Error 0.012677410617470741
Epoch 21 Relative Error 0.010143606923520565
Epoch 22 Relative Error 0.00718893576413393
Epoch 23 Relative Error 0.006222492083907127
Epoch 24 Relative Error 0.005323135294020176
Epoch 25 Relative Error 0.004224480129778385
Epoch 26 Relative Error 0.0037182981614023447
Epoch 27 Relative Error 0.003056359477341175
Epoch 28 Relative Error 0.002843960653990507
Epoch 29 Relative Error 0.002465016907081008
Epoch 30 Relative Error 0.002205390715971589
Epoch 31 Relative Error 0.0021398828830569983
Epoch 32 Relative Error 0.0019059403566643596
Epoch 33 Relative Error 0.0016584444092586637
Epoch 34 Relative Error 0.0016876375302672386
Epoch 35 Relative Error 0.0016037864843383431
Epoch 36 Relative Error 0.0015604104846715927
Epoch 37 Relative Error 0.001478728954680264
Epoch 38 Relative Error 0.0013975220499560237
Epoch 39 Relative Error 0.001403729896992445
Epoch 40 Relative Error 0.00131544831674546
Epoch 41 Relative Error 0.0013879211619496346
Epoch 42 Relative Error 0.00128767522983253
Epoch 43 Relative Error 0.001220362144522369
Epoch 44 Relative Error 0.0012386763701215386
Epoch 45 Relative Error 0.0011376532493159175
Epoch 46 Relative Error 0.0012676541227847338
Epoch 47 Relative Error 0.0011579747078940272
Epoch 48 Relative Error 0.001108352793380618
Epoch 49 Relative Error 0.0011037244694307446
Epoch 50 Relative Error 0.0010581043316051364
Epoch 51 Relative Error 0.0010220917174592614
Epoch 52 Relative Error 0.0010736463591456413
Epoch 53 Relative Error 0.00096328608924523
Epoch 54 Relative Error 0.001052278676070273
Epoch 55 Relative Error 0.0010244529694318771
Epoch 56 Relative Error 0.0009373759967274964
Epoch 57 Relative Error 0.0009375052177347243
Epoch 58 Relative Error 0.0009396775858476758
Epoch 59 Relative Error 0.000933267583604902
Epoch 60 Relative Error 0.0008700109319761395
Epoch 61 Relative Error 0.0009223958477377892
Epoch 62 Relative Error 0.0008971355273388326
Epoch 63 Relative Error 0.0008552299113944173
Epoch 64 Relative Error 0.0008538348483853042
Epoch 65 Relative Error 0.00081704615149647
Epoch 66 Relative Error 0.000785434152930975
Epoch 67 Relative Error 0.0008257682202383876
Epoch 68 Relative Error 0.0008037370280362666
Epoch 69 Relative Error 0.0007858609897084534
Epoch 70 Relative Error 0.0007468864205293357
Epoch 71 Relative Error 0.0008237260044552386
Epoch 72 Relative Error 0.0007870771223679185
Epoch 73 Relative Error 0.0007454374572262168
Epoch 74 Relative Error 0.0007648166501894593
Epoch 75 Relative Error 0.0007388953235931695
Epoch 76 Relative Error 0.0007366265053860843
Epoch 77 Relative Error 0.0007207211456261575
Epoch 78 Relative Error 0.0006980819744057953
Epoch 79 Relative Error 0.0007318026036955416
Epoch 80 Relative Error 0.0007117697387002409
Epoch 81 Relative Error 0.0006409556372091174
Epoch 82 Relative Error 0.0006964703788980842
Epoch 83 Relative Error 0.0006661241059191525
Epoch 84 Relative Error 0.0006725505227223039
Epoch 85 Relative Error 0.0006252840394154191
Epoch 86 Relative Error 0.000647016684524715
Epoch 87 Relative Error 0.0006503926706500351
Epoch 88 Relative Error 0.0006484530749730766
Epoch 89 Relative Error 0.0006393995718099177
Epoch 90 Relative Error 0.0006227497360669076
Epoch 91 Relative Error 0.0005906028673052788
Epoch 92 Relative Error 0.0006574109429493546
Epoch 93 Relative Error 0.0006172258290462196
Epoch 94 Relative Error 0.000651228881906718
Epoch 95 Relative Error 0.0006026647170074284
Epoch 96 Relative Error 0.0005925368750467896
Epoch 97 Relative Error 0.0005594454705715179
Epoch 98 Relative Error 0.0005729025579057634
Epoch 99 Relative Error 0.0005583080346696079
Epoch 100 Relative Error 0.0005588316707871854
Epoch 101 Relative Error 0.0005010745953768492
Epoch 102 Relative Error 0.0005556211690418422
Epoch 103 Relative Error 0.0006078089936636388
Epoch 104 Relative Error 0.0006022658781148493
Epoch 105 Relative Error 0.000579043582547456
Epoch 106 Relative Error 0.0006500462186522782
Epoch 107 Relative Error 0.0005729507538489997
Epoch 108 Relative Error 0.0005620343144983053
Epoch 109 Relative Error 0.0005482782144099474
Epoch 110 Relative Error 0.0005028329323977232
Epoch 111 Relative Error 0.0005276237498037517
Epoch 112 Relative Error 0.0004995264462195337
Epoch 113 Relative Error 0.0005413861363194883
Epoch 114 Relative Error 0.0005454802885651588
Epoch 115 Relative Error 0.0004721743753179908
Epoch 116 Relative Error 0.0005066939047537744
Epoch 117 Relative Error 0.00048497202806174755
Epoch 118 Relative Error 0.0004903480294160545
Epoch 119 Relative Error 0.0005741046625189483
Epoch 120 Relative Error 0.0005299976328387856
Epoch 121 Relative Error 0.0004861782945226878
Epoch 122 Relative Error 0.00043718970846384764
Epoch 123 Relative Error 0.0005430831224657595
Epoch 124 Relative Error 0.0005206060595810413
Epoch 125 Relative Error 0.000514468178153038
Epoch 126 Relative Error 0.0004677273391280323
Epoch 127 Relative Error 0.0004698249395005405
Epoch 128 Relative Error 0.0005011892062611878
Epoch 129 Relative Error 0.0004671401111409068
Epoch 130 Relative Error 0.0004518821369856596
Epoch 131 Relative Error 0.00044959524529986084
Epoch 132 Relative Error 0.0004334833356551826
Epoch 133 Relative Error 0.00040879365405999124
Epoch 134 Relative Error 0.0004582474648486823
Epoch 135 Relative Error 0.0004447517858352512
Epoch 136 Relative Error 0.000488387537188828
Epoch 137 Relative Error 0.00044155234354548156
Epoch 138 Relative Error 0.0004205277073197067
Epoch 139 Relative Error 0.0004678934346884489
Epoch 140 Relative Error 0.0004366751527413726
Epoch 141 Relative Error 0.00042730572749860585
Epoch 142 Relative Error 0.0004146397695876658
Epoch 143 Relative Error 0.00043063503107987344
Epoch 144 Relative Error 0.00042730715358629823
Epoch 145 Relative Error 0.0003789878683164716
Epoch 146 Relative Error 0.0004027342074550688
Epoch 147 Relative Error 0.00037566947867162526
Epoch 148 Relative Error 0.0003933016851078719
Epoch 149 Relative Error 0.00041325713391415775
Epoch 150 Relative Error 0.0003968540404457599
Epoch 151 Relative Error 0.00038886896800249815
Epoch 152 Relative Error 0.00038636953104287386
Epoch 153 Relative Error 0.00043325938167981803
Epoch 154 Relative Error 0.00040751375490799546
Epoch 155 Relative Error 0.0004952785093337297
Epoch 156 Relative Error 0.00043670530430972576
Epoch 157 Relative Error 0.00047735421685501933
Epoch 158 Relative Error 0.00039473274955525994
Epoch 159 Relative Error 0.0005151910590939224
Epoch 160 Relative Error 0.0005213050171732903
Epoch 161 Relative Error 0.00044527172576636076
Epoch 162 Relative Error 0.0003958717279601842
Epoch 163 Relative Error 0.00043166722753085196
Epoch 164 Relative Error 0.00036676920717582107
Epoch 165 Relative Error 0.000382296449970454
Epoch 166 Relative Error 0.0003659841313492507
Epoch 167 Relative Error 0.00042578557622618973
Epoch 168 Relative Error 0.0003701826208271086
Epoch 169 Relative Error 0.00039724636008031666
Epoch 170 Relative Error 0.0004617026716005057
Epoch 171 Relative Error 0.0003406989562790841
Epoch 172 Relative Error 0.0005348747945390642
Epoch 173 Relative Error 0.0003906950878445059
Epoch 174 Relative Error 0.00042278494220227003
Epoch 175 Relative Error 0.00038778010639362037
Epoch 176 Relative Error 0.00042252085404470563
Epoch 177 Relative Error 0.00039127207128331065
Epoch 178 Relative Error 0.0004117458302062005
Epoch 179 Relative Error 0.0003855093673337251
Epoch 180 Relative Error 0.00044574166531674564
Epoch 181 Relative Error 0.00038018578197807074
Epoch 182 Relative Error 0.00037098058965057135
Epoch 183 Relative Error 0.00043795054079964757
Epoch 184 Relative Error 0.00035745874629355967
Epoch 185 Relative Error 0.00035490974551066756
Epoch 186 Relative Error 0.00039321425720117986
Epoch 187 Relative Error 0.0003817343385890126
Epoch 188 Relative Error 0.0003442763409111649
Epoch 189 Relative Error 0.00037137645995244384
Epoch 190 Relative Error 0.00033520342549309134
Epoch 191 Relative Error 0.00038597226375713944
Epoch 192 Relative Error 0.0003382427676115185
Epoch 193 Relative Error 0.00037691378383897245
Epoch 194 Relative Error 0.0003761516127269715
Epoch 195 Relative Error 0.0003614685556385666
Epoch 196 Relative Error 0.00041673623491078615
Epoch 197 Relative Error 0.0004077465273439884
Epoch 198 Relative Error 0.00035136565566062927
Epoch 199 Relative Error 0.00033488459303043783
Epoch 200 Relative Error 0.00037999480264261365
Epoch 201 Relative Error 0.0003827574837487191
Epoch 202 Relative Error 0.0004016062302980572
Epoch 203 Relative Error 0.00045393104664981365
Epoch 204 Relative Error 0.0003599257906898856
Epoch 205 Relative Error 0.00034509474062360823
Epoch 206 Relative Error 0.0004034172452520579
Epoch 207 Relative Error 0.00037571502616629004
Epoch 208 Relative Error 0.0003455968981143087
Epoch 209 Relative Error 0.0003840683784801513
Epoch 210 Relative Error 0.00034819034044630826
Epoch 211 Relative Error 0.0003314141358714551
Epoch 212 Relative Error 0.0004228040634188801
Epoch 213 Relative Error 0.0004128148721065372
Epoch 214 Relative Error 0.00034850279917009175
Epoch 215 Relative Error 0.00040178585913963616
Epoch 216 Relative Error 0.0003329184837639332
Epoch 217 Relative Error 0.0003526636864989996
Epoch 218 Relative Error 0.0003792505885940045
Epoch 219 Relative Error 0.0002993240486830473
Epoch 220 Relative Error 0.0003584385849535465
Epoch 221 Relative Error 0.00037126391544006765
Epoch 222 Relative Error 0.00035043616662733257
Epoch 223 Relative Error 0.0003254201728850603
Epoch 224 Relative Error 0.00040586883551441133
Epoch 225 Relative Error 0.0003954678541049361
Epoch 226 Relative Error 0.0003704564878717065
Epoch 227 Relative Error 0.00033715530298650265
Epoch 228 Relative Error 0.00036070882924832404
Epoch 229 Relative Error 0.0004118422220926732
Epoch 230 Relative Error 0.0004012058489024639
Epoch 231 Relative Error 0.00037258860538713634
Epoch 232 Relative Error 0.00041904905810952187
Epoch 233 Relative Error 0.00037828131462447345
Epoch 234 Relative Error 0.0003899159491993487
Epoch 235 Relative Error 0.00036944361636415124
Epoch 236 Relative Error 0.00046491032117046416
Epoch 237 Relative Error 0.0004349672526586801
Epoch 238 Relative Error 0.00044664990855380893
Epoch 239 Relative Error 0.0004330600786488503
Epoch 240 Relative Error 0.00037198749487288296
Epoch 241 Relative Error 0.0003861592267639935
Epoch 242 Relative Error 0.0003667349519673735
Epoch 243 Relative Error 0.0003907912177965045
Epoch 244 Relative Error 0.00040012566023506224
Epoch 245 Relative Error 0.00036125010228715837
Epoch 246 Relative Error 0.00037390284705907106
Epoch 247 Relative Error 0.0003436424594838172
Epoch 248 Relative Error 0.000348065048456192
Epoch 249 Relative Error 0.0003956141008529812
Epoch 250 Relative Error 0.0003509146627038717
Epoch 251 Relative Error 0.00029447226552292705
Epoch 252 Relative Error 0.0003434723475947976
Epoch 253 Relative Error 0.00035567281884141266
Epoch 254 Relative Error 0.0004148776060901582
Epoch 255 Relative Error 0.0003652387240435928
Epoch 256 Relative Error 0.0003870262298732996
Epoch 257 Relative Error 0.0003906098718289286
Epoch 258 Relative Error 0.00032329573878087103
Epoch 259 Relative Error 0.0003075809217989445
Epoch 260 Relative Error 0.00034701311960816383
Epoch 261 Relative Error 0.0003549130342435092
Epoch 262 Relative Error 0.0003424599999561906
Epoch 263 Relative Error 0.00033052958315238357
Epoch 264 Relative Error 0.00036216681473888457
Epoch 265 Relative Error 0.00035018453490920365
Epoch 266 Relative Error 0.00036099847056902945
Epoch 267 Relative Error 0.0002860012755263597
Epoch 268 Relative Error 0.0003245120751671493
Epoch 269 Relative Error 0.00033267223625443876
Epoch 270 Relative Error 0.0003742304106708616
Epoch 271 Relative Error 0.00037684134440496564
Epoch 272 Relative Error 0.0003936913562938571
Epoch 273 Relative Error 0.00040152223664335907
Epoch 274 Relative Error 0.0003954051644541323
Epoch 275 Relative Error 0.0003179819614160806
Epoch 276 Relative Error 0.0004993340699002147
Epoch 277 Relative Error 0.0003622818039730191
Epoch 278 Relative Error 0.00036529102362692356
Epoch 279 Relative Error 0.0003763193089980632
Epoch 280 Relative Error 0.00031975877936929464
Epoch 281 Relative Error 0.0003364152507856488
Epoch 282 Relative Error 0.0003561234916560352
Epoch 283 Relative Error 0.00040749169420450926
Epoch 284 Relative Error 0.00039511240902356803
Epoch 285 Relative Error 0.00036159055889584124
Epoch 286 Relative Error 0.00038725786725990474
Epoch 287 Relative Error 0.00037137579056434333
Epoch 288 Relative Error 0.0003046770580112934
Epoch 289 Relative Error 0.00033967115450650454
Epoch 290 Relative Error 0.0004053315205965191
Epoch 291 Relative Error 0.0003408425545785576
Epoch 292 Relative Error 0.000306934118270874
Epoch 293 Relative Error 0.00037596430047415197
Epoch 294 Relative Error 0.0003765599394682795
Epoch 295 Relative Error 0.00041543622501194477
Epoch 296 Relative Error 0.0003606672980822623
Epoch 297 Relative Error 0.00033887370955199003
Epoch 298 Relative Error 0.0003993412246927619
Epoch 299 Relative Error 0.00039247519453056157
Epoch 300 Relative Error 0.0004092337912879884
Epoch 301 Relative Error 0.00036067343899048865
Epoch 302 Relative Error 0.0004454888985492289
Epoch 303 Relative Error 0.0003667970886453986
Epoch 304 Relative Error 0.0003724830748979002
Epoch 305 Relative Error 0.0003367857716511935
Epoch 306 Relative Error 0.0003495151177048683
Epoch 307 Relative Error 0.0003248940338380635
Epoch 308 Relative Error 0.0004442771605681628
Epoch 309 Relative Error 0.00038035764009691775
Epoch 310 Relative Error 0.0003996507730334997
Epoch 311 Relative Error 0.00038741377647966146
Epoch 312 Relative Error 0.00043729261960834265
Epoch 313 Relative Error 0.00038954359479248524
Epoch 314 Relative Error 0.00032370578264817595
Epoch 315 Relative Error 0.0003650900616776198
Epoch 316 Relative Error 0.0003479387960396707
Epoch 317 Relative Error 0.0003818828263320029
Epoch 318 Relative Error 0.0003571636916603893
Epoch 319 Relative Error 0.0003766189038287848
Epoch 320 Relative Error 0.00033581239404156804
Epoch 321 Relative Error 0.0003460200678091496
Epoch 322 Relative Error 0.0002624571498017758
Epoch 323 Relative Error 0.00039617824950255454
Epoch 324 Relative Error 0.00033009593607857823
Epoch 325 Relative Error 0.0003745666181202978
Epoch 326 Relative Error 0.0003540336329024285
Epoch 327 Relative Error 0.0003650321450550109
Epoch 328 Relative Error 0.0003598372859414667
Epoch 329 Relative Error 0.00034966538078151643
Epoch 330 Relative Error 0.00033483156585134566
Epoch 331 Relative Error 0.0003465944610070437
Epoch 332 Relative Error 0.00038015018799342215
Epoch 333 Relative Error 0.00028313396614976227
Epoch 334 Relative Error 0.00031536686583422124
Epoch 335 Relative Error 0.0003004619211424142
Epoch 336 Relative Error 0.0003074607811868191
Epoch 337 Relative Error 0.000304280809359625
Epoch 338 Relative Error 0.00029686192283406854
Epoch 339 Relative Error 0.000319236220093444
Epoch 340 Relative Error 0.0004263960290700197
Epoch 341 Relative Error 0.00032527136499993503
Epoch 342 Relative Error 0.00033515336690470576
Epoch 343 Relative Error 0.00042704338557086885
Epoch 344 Relative Error 0.000385070510674268
Epoch 345 Relative Error 0.0004329771618358791
Epoch 346 Relative Error 0.000374338764231652
Epoch 347 Relative Error 0.0003805799351539463
Epoch 348 Relative Error 0.00033434739452786744
Epoch 349 Relative Error 0.0003970726393163204
Epoch 350 Relative Error 0.00035841227509081364
Epoch 351 Relative Error 0.000356124306563288
Epoch 352 Relative Error 0.00043490430107340217
Epoch 353 Relative Error 0.00035749023663811386
Epoch 354 Relative Error 0.00029748439555987716
Epoch 355 Relative Error 0.0002919059479609132
Epoch 356 Relative Error 0.0003262806567363441
Epoch 357 Relative Error 0.00039845716673880816
Epoch 358 Relative Error 0.00033337113563902676
Epoch 359 Relative Error 0.0003609721316024661
Epoch 360 Relative Error 0.0004019079788122326
Epoch 361 Relative Error 0.0003672119928523898
Epoch 362 Relative Error 0.0003514683630783111
Epoch 363 Relative Error 0.0004171878972556442
Epoch 364 Relative Error 0.00040387880289927125
Epoch 365 Relative Error 0.0003683700051624328
Epoch 366 Relative Error 0.00039845090941525996
Epoch 367 Relative Error 0.0004074562748428434
Epoch 368 Relative Error 0.00044462669757194817
Epoch 369 Relative Error 0.00035572360502555966
Epoch 370 Relative Error 0.00033846034784801304
Epoch 371 Relative Error 0.0003911659005098045
Epoch 372 Relative Error 0.0003959444002248347
Epoch 373 Relative Error 0.0003980835899710655
Epoch 374 Relative Error 0.00030630073160864413
Epoch 375 Relative Error 0.0003984660725109279
Epoch 376 Relative Error 0.0004247810284141451
Epoch 377 Relative Error 0.0003977027372457087
Epoch 378 Relative Error 0.0003115144791081548
Epoch 379 Relative Error 0.0003830950881820172
Epoch 380 Relative Error 0.00034634911571629345
Epoch 381 Relative Error 0.00039723669760860503
Epoch 382 Relative Error 0.0004083345993421972
Epoch 383 Relative Error 0.00031927734380587935
Epoch 384 Relative Error 0.00032551586627960205
Epoch 385 Relative Error 0.00037765654269605875
Epoch 386 Relative Error 0.00034131488064303994
Epoch 387 Relative Error 0.0003275133785791695
Epoch 388 Relative Error 0.00033696761238388717
Epoch 389 Relative Error 0.0003195660247001797
Epoch 390 Relative Error 0.0003184043162036687
Epoch 391 Relative Error 0.0003494807460810989
Epoch 392 Relative Error 0.00032380252378061414
Epoch 393 Relative Error 0.00033004945726133883
Epoch 394 Relative Error 0.00039697001921013
Epoch 395 Relative Error 0.00039598398143425584
Epoch 396 Relative Error 0.00034170609433203936
Epoch 397 Relative Error 0.00029418975464068353
Epoch 398 Relative Error 0.0003409755590837449
Epoch 399 Relative Error 0.00030532042728736997
Epoch 400 Relative Error 0.000344762927852571
Epoch 401 Relative Error 0.0003403977898415178
Epoch 402 Relative Error 0.0003957629087381065
Epoch 403 Relative Error 0.0002811962040141225
Epoch 404 Relative Error 0.000419171730754897
Epoch 405 Relative Error 0.00035986563307233155
Epoch 406 Relative Error 0.0003458198334556073
Epoch 407 Relative Error 0.00036473918589763343
Epoch 408 Relative Error 0.00039331524749286473
Epoch 409 Relative Error 0.000399300450226292
Epoch 410 Relative Error 0.0003327913291286677
Epoch 411 Relative Error 0.00038165145087987185
Epoch 412 Relative Error 0.00035057810600847006
Epoch 413 Relative Error 0.0003779831458814442
Epoch 414 Relative Error 0.0003557379241101444
Epoch 415 Relative Error 0.00037014528061263263
Epoch 416 Relative Error 0.00035088445292785764
Epoch 417 Relative Error 0.0003853247908409685
Epoch 418 Relative Error 0.0003329071041662246
Epoch 419 Relative Error 0.0003270308079663664
Epoch 420 Relative Error 0.0003914824628736824
Epoch 421 Relative Error 0.0003650130529422313
Epoch 422 Relative Error 0.00035142991691827774
Epoch 423 Relative Error 0.00034082462661899626
Epoch 424 Relative Error 0.00035208597546443343
Epoch 425 Relative Error 0.00041721778688952327
Epoch 426 Relative Error 0.00042073760414496064
Epoch 427 Relative Error 0.0003607801045291126
Epoch 428 Relative Error 0.00034311841591261327
Epoch 429 Relative Error 0.0003147113020531833
Epoch 430 Relative Error 0.00031311807106249034
Epoch 431 Relative Error 0.00033817492658272386
Epoch 432 Relative Error 0.00028794369427487254
Epoch 433 Relative Error 0.0003299044328741729
Epoch 434 Relative Error 0.00036214757710695267
Epoch 435 Relative Error 0.00039289690903387964
Epoch 436 Relative Error 0.00034832642995752394
Epoch 437 Relative Error 0.00035770636168308556
Epoch 438 Relative Error 0.0004008599207736552
Epoch 439 Relative Error 0.00042309900163672864
Epoch 440 Relative Error 0.000410972919780761
Epoch 441 Relative Error 0.0003830277419183403
Epoch 442 Relative Error 0.00039164270856417716
Epoch 443 Relative Error 0.0002993303060065955
Epoch 444 Relative Error 0.00036281009670346975
Epoch 445 Relative Error 0.00036870650365017354
Epoch 446 Relative Error 0.0003659510985016823
Epoch 447 Relative Error 0.0003099353925790638
Epoch 448 Relative Error 0.0004434486909303814
Epoch 449 Relative Error 0.00045382152893580496
Epoch 450 Relative Error 0.0003568778047338128
Epoch 451 Relative Error 0.00041530016460455954
Epoch 452 Relative Error 0.00038763071643188596
Epoch 453 Relative Error 0.0002918537938967347
Epoch 454 Relative Error 0.00033829157473519444
Epoch 455 Relative Error 0.0004009058466181159
Epoch 456 Relative Error 0.00033933762460947037
Epoch 457 Relative Error 0.00043201292282901704
Epoch 458 Relative Error 0.0003385186137165874
Epoch 459 Relative Error 0.0003424519090913236
Epoch 460 Relative Error 0.0003868598723784089
Epoch 461 Relative Error 0.00038076911005191505
Epoch 462 Relative Error 0.0003676065243780613
Epoch 463 Relative Error 0.0003379336267244071
Epoch 464 Relative Error 0.0003782655985560268
Epoch 465 Relative Error 0.00040927264490164816
Epoch 466 Relative Error 0.00046598678454756737
Epoch 467 Relative Error 0.0003772286872845143
Epoch 468 Relative Error 0.000342922838171944
Epoch 469 Relative Error 0.0003106591466348618
Epoch 470 Relative Error 0.0004898968618363142
Epoch 471 Relative Error 0.00037615466862916946
Epoch 472 Relative Error 0.00036243314389139414
Epoch 473 Relative Error 0.000448424689238891
Epoch 474 Relative Error 0.00032985786674544215
Epoch 475 Relative Error 0.0004196949303150177
Epoch 476 Relative Error 0.00041469489224255085
Epoch 477 Relative Error 0.0004010471166111529
Epoch 478 Relative Error 0.00041187714668922126
Epoch 479 Relative Error 0.0004193098866380751
Epoch 480 Relative Error 0.0004863735812250525
Epoch 481 Relative Error 0.00037642414099536836
Epoch 482 Relative Error 0.0003545393410604447
Epoch 483 Relative Error 0.00041636134847067297
Epoch 484 Relative Error 0.0003992408746853471
Epoch 485 Relative Error 0.00036887434544041753
Epoch 486 Relative Error 0.00040275981882587075
Epoch 487 Relative Error 0.00036098883720114827
Epoch 488 Relative Error 0.00045058352407068014
Epoch 489 Relative Error 0.00042058053077198565
Epoch 490 Relative Error 0.00037279288517311215
Epoch 491 Relative Error 0.00041558031807653606
Epoch 492 Relative Error 0.00043958306196145713
Epoch 493 Relative Error 0.00035666374606080353
Epoch 494 Relative Error 0.00037170629366301
Epoch 495 Relative Error 0.0003667820419650525
Epoch 496 Relative Error 0.0003996583982370794
Epoch 497 Relative Error 0.00033073744270950556
Epoch 498 Relative Error 0.0004423347127158195
Epoch 499 Relative Error 0.0003880148578900844
Epoch 500 Relative Error 0.00042784170364029706
Epoch 501 Relative Error 0.00033466570312157273
Epoch 502 Relative Error 0.0003634399618022144
Epoch 503 Relative Error 0.00037057852023281157
Epoch 504 Relative Error 0.00036643166095018387
Epoch 505 Relative Error 0.00036304330569691956
Epoch 506 Relative Error 0.0004181907861493528
Epoch 507 Relative Error 0.00038957572542130947
Epoch 508 Relative Error 0.0006136195152066648
Epoch 509 Relative Error 0.0004150685272179544
Epoch 510 Relative Error 0.00039364732219837606
Epoch 511 Relative Error 0.0003231479204259813
Epoch 512 Relative Error 0.0003908821090590209
Epoch 513 Relative Error 0.0003521145263221115
Epoch 514 Relative Error 0.0003538800810929388
Epoch 515 Relative Error 0.0003643890959210694
Epoch 516 Relative Error 0.00031284149736166
Epoch 517 Relative Error 0.00040783488657325506
Epoch 518 Relative Error 0.0003822119615506381
Epoch 519 Relative Error 0.0003884049947373569
Epoch 520 Relative Error 0.0004209609469398856
Epoch 521 Relative Error 0.0003557266609277576
Epoch 522 Relative Error 0.0004337870341259986
Epoch 523 Relative Error 0.0004509199352469295
Epoch 524 Relative Error 0.0003920672170352191
Epoch 525 Relative Error 0.0003473249962553382
Epoch 526 Relative Error 0.000355848838808015
Epoch 527 Relative Error 0.00036066563916392624
Epoch 528 Relative Error 0.0002880060055758804
Epoch 529 Relative Error 0.00034603526000864804
Epoch 530 Relative Error 0.00029255199478939176
Epoch 531 Relative Error 0.0003645083634182811
Epoch 532 Relative Error 0.0003766898298636079
Epoch 533 Relative Error 0.0003606705868151039
Epoch 534 Relative Error 0.00046669819857925177
Epoch 535 Relative Error 0.00029097587685100734
Epoch 536 Relative Error 0.0003756282676476985
Epoch 537 Relative Error 0.00039261821075342596
Epoch 538 Relative Error 0.00033983291359618306
Epoch 539 Relative Error 0.00033904911833815277
Epoch 540 Relative Error 0.00037395351682789624
Epoch 541 Relative Error 0.0004095678450539708
Epoch 542 Relative Error 0.0004052276781294495
Epoch 543 Relative Error 0.00036552012898027897
Epoch 544 Relative Error 0.0003783463907893747
Epoch 545 Relative Error 0.0003925871569663286
Epoch 546 Relative Error 0.00039678605389781296
Epoch 547 Relative Error 0.00034378949203528464
Epoch 548 Relative Error 0.0003108475939370692
Epoch 549 Relative Error 0.0003927894285880029
Epoch 550 Relative Error 0.0004007828247267753
Epoch 551 Relative Error 0.00034070693072862923
Epoch 552 Relative Error 0.00045692650019191206
Epoch 553 Relative Error 0.0003090041864197701
Epoch 554 Relative Error 0.0003203670203220099
Epoch 555 Relative Error 0.00036613200791180134
Epoch 556 Relative Error 0.00035983725683763623
Epoch 557 Relative Error 0.00037588283885270357
Epoch 558 Relative Error 0.0003895136760547757
Epoch 559 Relative Error 0.000355737836798653
Epoch 560 Relative Error 0.00042706989916041493
Epoch 561 Relative Error 0.0004746292543131858
Epoch 562 Relative Error 0.00041556410724297166
Epoch 563 Relative Error 0.0004454636655282229
Epoch 564 Relative Error 0.00039776702760718763
Epoch 565 Relative Error 0.0005153739475645125
Epoch 566 Relative Error 0.0004492357838898897
Epoch 567 Relative Error 0.0003722109831869602
Epoch 568 Relative Error 0.0005365682882256806
Epoch 569 Relative Error 0.00035087805008515716
Epoch 570 Relative Error 0.00045256639714352787
Epoch 571 Relative Error 0.00037693625199608505
Epoch 572 Relative Error 0.00035821596975438297
Epoch 573 Relative Error 0.000398489210056141
Epoch 574 Relative Error 0.00045251817209646106
Epoch 575 Relative Error 0.00041446497198194265
Epoch 576 Relative Error 0.0003629967395681888
Epoch 577 Relative Error 0.0003384249866940081
Epoch 578 Relative Error 0.00041082740062847733
Epoch 579 Relative Error 0.0003224070242140442
Epoch 580 Relative Error 0.00031750567723065615
Epoch 581 Relative Error 0.00039255726733244956
Epoch 582 Relative Error 0.0003738596278708428
Epoch 583 Relative Error 0.00038493183092214167
Epoch 584 Relative Error 0.00031657813815400004
Epoch 585 Relative Error 0.0004586334980558604
Epoch 586 Relative Error 0.0004261007998138666
Epoch 587 Relative Error 0.0004409468383528292
Epoch 588 Relative Error 0.0003778504906222224
Epoch 589 Relative Error 0.0003166992391925305
Epoch 590 Relative Error 0.00048726508975960314
Epoch 591 Relative Error 0.00047366018407046795
Epoch 592 Relative Error 0.0003796523960772902
Epoch 593 Relative Error 0.0004030554846394807
Epoch 594 Relative Error 0.0004475112073123455
Epoch 595 Relative Error 0.00045787871931679547
Epoch 596 Relative Error 0.0004089393187314272
Epoch 597 Relative Error 0.00044006467214785516
Epoch 598 Relative Error 0.00036388187436386943
Epoch 599 Relative Error 0.0003978083550464362
Epoch 600 Relative Error 0.0003756207588594407
Epoch 601 Relative Error 0.00036549317883327603
Epoch 602 Relative Error 0.00041809544200077653
Epoch 603 Relative Error 0.0004958451609127223
Epoch 604 Relative Error 0.0005129248602315784
Epoch 605 Relative Error 0.0004482857184484601
Epoch 606 Relative Error 0.0003745072172023356
Epoch 607 Relative Error 0.0003425944014452398
Epoch 608 Relative Error 0.0003970545076299459
Epoch 609 Relative Error 0.00040567005635239184
Epoch 610 Relative Error 0.00038359692553058267
Epoch 611 Relative Error 0.0002856153005268425
Epoch 612 Relative Error 0.0003385900054126978
Epoch 613 Relative Error 0.00039887259481474757
Epoch 614 Relative Error 0.0003934251726604998
Epoch 615 Relative Error 0.0003431505465414375
Epoch 616 Relative Error 0.00045274579315446317
Epoch 617 Relative Error 0.0003921298775821924
Epoch 618 Relative Error 0.00036289170384407043
Epoch 619 Relative Error 0.0003580105840228498
Epoch 620 Relative Error 0.0003384516458027065
Epoch 621 Relative Error 0.0003753084456548095
Epoch 622 Relative Error 0.0004677965771406889
Epoch 623 Relative Error 0.0003957368026021868
Epoch 624 Relative Error 0.0003514590789563954
Epoch 625 Relative Error 0.0003400056448299438
Epoch 626 Relative Error 0.00031911712721921504
Epoch 627 Relative Error 0.00037822555168531835
Epoch 628 Relative Error 0.00035755158751271665
Epoch 629 Relative Error 0.0004121695819776505
Epoch 630 Relative Error 0.00034142061485908926
Epoch 631 Relative Error 0.0003788964240811765
Epoch 632 Relative Error 0.0003035235858988017
Epoch 633 Relative Error 0.00038201725692488253
Epoch 634 Relative Error 0.00035813197609968483
Epoch 635 Relative Error 0.00034826138289645314
Epoch 636 Relative Error 0.00040581924258731306
Epoch 637 Relative Error 0.0003725186688825488
Epoch 638 Relative Error 0.0003710924065671861
Epoch 639 Relative Error 0.00036162781179882586
Epoch 640 Relative Error 0.00035949493758380413
Epoch 641 Relative Error 0.0003299360687378794
Epoch 642 Relative Error 0.00035163984284736216
Epoch 643 Relative Error 0.00033851945772767067
Epoch 644 Relative Error 0.0003358034009579569
Epoch 645 Relative Error 0.00043882097816094756
Epoch 646 Relative Error 0.0003257372591178864
Epoch 647 Relative Error 0.00043450697558000684
Epoch 648 Relative Error 0.00033170703682117164
Epoch 649 Relative Error 0.0004267649201210588
Epoch 650 Relative Error 0.00042960565770044923
Epoch 651 Relative Error 0.0004761960881296545
Epoch 652 Relative Error 0.000390842353226617
Epoch 653 Relative Error 0.0003351735940668732
Epoch 654 Relative Error 0.00035280329757370055
Epoch 655 Relative Error 0.00034153665183112025
Epoch 656 Relative Error 0.0003254383918829262
Epoch 657 Relative Error 0.0002939284313470125
Epoch 658 Relative Error 0.00042802284588105977
Epoch 659 Relative Error 0.00037225824780762196
Epoch 660 Relative Error 0.0003508375957608223
Epoch 661 Relative Error 0.00043152112630195916
Epoch 662 Relative Error 0.0004471352440305054
Epoch 663 Relative Error 0.0004404243372846395
Epoch 664 Relative Error 0.00048764111124910414
Epoch 665 Relative Error 0.0003727670118678361
Epoch 666 Relative Error 0.0004422212077770382
Epoch 667 Relative Error 0.000510935380589217
Epoch 668 Relative Error 0.00042922954889945686
Epoch 669 Relative Error 0.0003868369967676699
Epoch 670 Relative Error 0.00048545977915637195
Epoch 671 Relative Error 0.0004483274242375046
Epoch 672 Relative Error 0.0004082196101080626
Epoch 673 Relative Error 0.0003996214654762298
Epoch 674 Relative Error 0.00042754775495268404
Epoch 675 Relative Error 0.0003992911078967154
Epoch 676 Relative Error 0.0003799102851189673
Epoch 677 Relative Error 0.00035454294993542135
Epoch 678 Relative Error 0.0003503825864754617
Epoch 679 Relative Error 0.00032356649171561003
Epoch 680 Relative Error 0.0003577762399800122
Epoch 681 Relative Error 0.0003737017686944455
Epoch 682 Relative Error 0.0003839870623778552
Epoch 683 Relative Error 0.0003896266862284392
Epoch 684 Relative Error 0.000355076597770676
Epoch 685 Relative Error 0.000380482932087034
Epoch 686 Relative Error 0.0004247782053425908
Epoch 687 Relative Error 0.00029285644995979965
Epoch 688 Relative Error 0.00044940810767002404
Epoch 689 Relative Error 0.0003688884316943586
Epoch 690 Relative Error 0.00043710958561860025
Epoch 691 Relative Error 0.0003418847918510437
Epoch 692 Relative Error 0.00039754033787176013
Epoch 693 Relative Error 0.0003633405140135437
Epoch 694 Relative Error 0.00037654166226275265
Epoch 695 Relative Error 0.00032717009889893234
Epoch 696 Relative Error 0.00034874770790338516
Epoch 697 Relative Error 0.0003426700714044273
Epoch 698 Relative Error 0.0003438045678194612
Epoch 699 Relative Error 0.00031600348302163184
Epoch 700 Relative Error 0.00033992284443229437
Epoch 701 Relative Error 0.00033017134410329163
Epoch 702 Relative Error 0.00030200686887837946
Epoch 703 Relative Error 0.0003192369476892054
Epoch 704 Relative Error 0.00032640242716297507
Epoch 705 Relative Error 0.00032365380320698023
Epoch 706 Relative Error 0.00042208394734188914
Epoch 707 Relative Error 0.0003795269294641912
Epoch 708 Relative Error 0.0002958034456241876
Epoch 709 Relative Error 0.0003170239506289363
Epoch 710 Relative Error 0.0003718793741427362
Epoch 711 Relative Error 0.0003792511997744441
Epoch 712 Relative Error 0.0003756991063710302
Epoch 713 Relative Error 0.00035974502679891884
Epoch 714 Relative Error 0.00038464265526272357
Epoch 715 Relative Error 0.0003113205311819911
Epoch 716 Relative Error 0.0004440752964001149
Epoch 717 Relative Error 0.0004989970475435257
Epoch 718 Relative Error 0.00037072921986691654
Epoch 719 Relative Error 0.00032100759563036263
Epoch 720 Relative Error 0.00043979595648124814
Epoch 721 Relative Error 0.0004520523943938315
Epoch 722 Relative Error 0.0004230533668305725
Epoch 723 Relative Error 0.00043625006219372153
Epoch 724 Relative Error 0.0003731897450052202
Epoch 725 Relative Error 0.0003518197045195848
Epoch 726 Relative Error 0.0003641804214566946
Epoch 727 Relative Error 0.000408345164032653
Epoch 728 Relative Error 0.0004477784677874297
Epoch 729 Relative Error 0.00036131544038653374
Epoch 730 Relative Error 0.0003656455664895475
Epoch 731 Relative Error 0.0003746255242731422
Epoch 732 Relative Error 0.0004653020587284118
Epoch 733 Relative Error 0.00038815735024400055
Epoch 734 Relative Error 0.00043505110079422593
Epoch 735 Relative Error 0.0004144166596233845
Epoch 736 Relative Error 0.0003632204025052488
Epoch 737 Relative Error 0.00038497440982609987
Epoch 738 Relative Error 0.0003760092076845467
Epoch 739 Relative Error 0.00034398966818116605
Epoch 740 Relative Error 0.0004091312875971198
Epoch 741 Relative Error 0.00044230985804460943
Epoch 742 Relative Error 0.00038836465682834387
Epoch 743 Relative Error 0.00033757759956642985
Epoch 744 Relative Error 0.00036723443190567195
Epoch 745 Relative Error 0.00035804836079478264
Epoch 746 Relative Error 0.00035032673622481525
Epoch 747 Relative Error 0.0003738207451533526
Epoch 748 Relative Error 0.0004952562157995999
Epoch 749 Relative Error 0.0004619566025212407
Epoch 750 Relative Error 0.0004608425369951874
Epoch 751 Relative Error 0.000446051504695788
Epoch 752 Relative Error 0.0005828647408634424
Epoch 753 Relative Error 0.00043103634379804134
Epoch 754 Relative Error 0.00044615039951168
Epoch 755 Relative Error 0.0004709920904133469
Epoch 756 Relative Error 0.0005009759333916008
Epoch 757 Relative Error 0.00041979417437687516
Epoch 758 Relative Error 0.0005033889319747686
Epoch 759 Relative Error 0.0005269226967357099
Epoch 760 Relative Error 0.00040136740426532924
Epoch 761 Relative Error 0.00042985929758287966
Epoch 762 Relative Error 0.00041737419087439775
Epoch 763 Relative Error 0.0003791915369220078
Epoch 764 Relative Error 0.00036695561720989645
Epoch 765 Relative Error 0.000395990937249735
Epoch 766 Relative Error 0.00037862203316763043
Epoch 767 Relative Error 0.0004500630311667919
Epoch 768 Relative Error 0.0004160097159910947
Epoch 769 Relative Error 0.0004883516230620444
Epoch 770 Relative Error 0.0004789430822711438
Epoch 771 Relative Error 0.00045373986358754337
Epoch 772 Relative Error 0.0004721290897578001
Epoch 773 Relative Error 0.00041860053897835314
Epoch 774 Relative Error 0.0003649872960522771
Epoch 775 Relative Error 0.000318031816277653
Epoch 776 Relative Error 0.00034439252340234816
Epoch 777 Relative Error 0.0004014501173514873
Epoch 778 Relative Error 0.0003490114177111536
Epoch 779 Relative Error 0.0003090788668487221
Epoch 780 Relative Error 0.000338264973834157
Epoch 781 Relative Error 0.00030547400820069015
Epoch 782 Relative Error 0.00042320959619246423
Epoch 783 Relative Error 0.00043173955054953694
Epoch 784 Relative Error 0.00045498035615310073
Epoch 785 Relative Error 0.00045478029642254114
Epoch 786 Relative Error 0.0004171254695393145
Epoch 787 Relative Error 0.00043047533836215734
Epoch 788 Relative Error 0.0004601060936693102
Epoch 789 Relative Error 0.0004409203538671136
Epoch 790 Relative Error 0.00037194552714936435
Epoch 791 Relative Error 0.00038968154694885015
Epoch 792 Relative Error 0.0003804508305620402
Epoch 793 Relative Error 0.00037359216366894543
Epoch 794 Relative Error 0.00035989616299048066
Epoch 795 Relative Error 0.00036800786620005965
Epoch 796 Relative Error 0.00037863285979256034
Epoch 797 Relative Error 0.000327807356370613
Epoch 798 Relative Error 0.00039286783430725336
Epoch 799 Relative Error 0.0003630553837865591
Epoch 800 Relative Error 0.00041339852032251656
Epoch 801 Relative Error 0.0005022455006837845
Epoch 802 Relative Error 0.0004345453926362097
Epoch 803 Relative Error 0.0004758271970786154
Epoch 804 Relative Error 0.00043758732499554753
Epoch 805 Relative Error 0.0003590240376070142
Epoch 806 Relative Error 0.0004065748944412917
Epoch 807 Relative Error 0.000387175299692899
Epoch 808 Relative Error 0.0003823684237431735
Epoch 809 Relative Error 0.0003809286281466484
Epoch 810 Relative Error 0.000345054519129917
Epoch 811 Relative Error 0.00036145199555903673
Epoch 812 Relative Error 0.00040438291034661233
Epoch 813 Relative Error 0.00034629341098479927
Epoch 814 Relative Error 0.0004164577112533152
Epoch 815 Relative Error 0.0005441221874207258
Epoch 816 Relative Error 0.00047050596913322806
Epoch 817 Relative Error 0.00046861168812029064
Epoch 818 Relative Error 0.0004034810699522495
Epoch 819 Relative Error 0.0003698171640280634
Epoch 820 Relative Error 0.00045155081897974014
Epoch 821 Relative Error 0.00032895541517063975
Epoch 822 Relative Error 0.000414579757489264
Epoch 823 Relative Error 0.000378919969080016
Epoch 824 Relative Error 0.0003532460250426084
Epoch 825 Relative Error 0.00034111615968868136
Epoch 826 Relative Error 0.00036487806937657297
Epoch 827 Relative Error 0.0004096243064850569
Epoch 828 Relative Error 0.0003498888108879328
Epoch 829 Relative Error 0.000420403725001961
Epoch 830 Relative Error 0.00032762138289399445
Epoch 831 Relative Error 0.0003239979560021311
Epoch 832 Relative Error 0.000485569064039737
Epoch 833 Relative Error 0.00042499625124037266
Epoch 834 Relative Error 0.0003950305108446628
Epoch 835 Relative Error 0.0004288146737962961
Epoch 836 Relative Error 0.0005427353898994625
Epoch 837 Relative Error 0.00040438331780023873
Epoch 838 Relative Error 0.0004595257923938334
Epoch 839 Relative Error 0.0004310736258048564
Epoch 840 Relative Error 0.00041992697515524924
Epoch 841 Relative Error 0.0003667059645522386
Epoch 842 Relative Error 0.00033228404936380684
Epoch 843 Relative Error 0.0003844337188638747
Epoch 844 Relative Error 0.00037257515941746533
Epoch 845 Relative Error 0.0004715868562925607
Epoch 846 Relative Error 0.0003723844129126519
Epoch 847 Relative Error 0.0003388551704119891
Epoch 848 Relative Error 0.00038193061482161283
Epoch 849 Relative Error 0.0003969192912336439
Epoch 850 Relative Error 0.00043609284330159426
Epoch 851 Relative Error 0.0004225997254252434
Epoch 852 Relative Error 0.0004415180010255426
Epoch 853 Relative Error 0.0003298937517683953
Epoch 854 Relative Error 0.00036362206446938217
Epoch 855 Relative Error 0.0004246225580573082
Epoch 856 Relative Error 0.0003487304784357548
Epoch 857 Relative Error 0.00042325109825469553
Epoch 858 Relative Error 0.00048684258945286274
Epoch 859 Relative Error 0.00038162959390319884
Epoch 860 Relative Error 0.00040795892709866166
Epoch 861 Relative Error 0.00035408485564403236
Epoch 862 Relative Error 0.0003931006067432463
Epoch 863 Relative Error 0.0003365541633684188
Epoch 864 Relative Error 0.0003894802648574114
Epoch 865 Relative Error 0.00038903081440366805
Epoch 866 Relative Error 0.00038560148095712066
Epoch 867 Relative Error 0.0003902190364897251
Epoch 868 Relative Error 0.0004441267519723624
Epoch 869 Relative Error 0.0003825613239314407
Epoch 870 Relative Error 0.0003226736735086888
Epoch 871 Relative Error 0.0003418305714149028
Epoch 872 Relative Error 0.0004001809284090996
Epoch 873 Relative Error 0.0003613342414610088
Epoch 874 Relative Error 0.00044419284677132964
Epoch 875 Relative Error 0.00040458288276568055
Epoch 876 Relative Error 0.00042028934694826603
Epoch 877 Relative Error 0.0004535704501904547
Epoch 878 Relative Error 0.00043731793994084
Epoch 879 Relative Error 0.00039618328446522355
Epoch 880 Relative Error 0.0003891851520165801
Epoch 881 Relative Error 0.0005837353528477252
Epoch 882 Relative Error 0.0004181494587101042
Epoch 883 Relative Error 0.0003914446569979191
Epoch 884 Relative Error 0.0003896135604009032
Epoch 885 Relative Error 0.00033866072772070765
Epoch 886 Relative Error 0.0003238178032916039
Epoch 887 Relative Error 0.000413760804804042
Epoch 888 Relative Error 0.0003976372827310115
Epoch 889 Relative Error 0.00047335229464806616
Epoch 890 Relative Error 0.00041912650340236723
Epoch 891 Relative Error 0.00039995103725232184
Epoch 892 Relative Error 0.00046961152111180127
Epoch 893 Relative Error 0.0004641057748813182
Epoch 894 Relative Error 0.00042679894249886274
Epoch 895 Relative Error 0.0004008053510915488
Epoch 896 Relative Error 0.00033214333234354854
Epoch 897 Relative Error 0.0003347959718666971
Epoch 898 Relative Error 0.0004076850018464029
Epoch 899 Relative Error 0.00037281596451066434
Epoch 900 Relative Error 0.0003752749471459538
Epoch 901 Relative Error 0.0004642607527785003
Epoch 902 Relative Error 0.0004164929559919983
Epoch 903 Relative Error 0.00043140118941664696
Epoch 904 Relative Error 0.000372989074094221
Epoch 905 Relative Error 0.00046074652345851064
Epoch 906 Relative Error 0.0004037486214656383
Epoch 907 Relative Error 0.0004219444817863405
Epoch 908 Relative Error 0.00046903634211048484
Epoch 909 Relative Error 0.0004055286117363721
Epoch 910 Relative Error 0.0004277445550542325
Epoch 911 Relative Error 0.00037578833871521056
Epoch 912 Relative Error 0.0004884968511760235
Epoch 913 Relative Error 0.00042254445725120604
Epoch 914 Relative Error 0.0003988851385656744
Epoch 915 Relative Error 0.0004299980937503278
Epoch 916 Relative Error 0.0003902862372342497
Epoch 917 Relative Error 0.0003088694647885859
Epoch 918 Relative Error 0.0004433957801666111
Epoch 919 Relative Error 0.0004572080506477505
Epoch 920 Relative Error 0.000384155340725556
Epoch 921 Relative Error 0.0003089711826760322
Epoch 922 Relative Error 0.0004049380368087441
Epoch 923 Relative Error 0.0003636270994320512
Epoch 924 Relative Error 0.00033910354250110686
Epoch 925 Relative Error 0.00031128234695643187
Epoch 926 Relative Error 0.0003413603699300438
Epoch 927 Relative Error 0.0003395790117792785
Epoch 928 Relative Error 0.00035628455225378275
Epoch 929 Relative Error 0.0003425085742492229
Epoch 930 Relative Error 0.0003096080617979169
Epoch 931 Relative Error 0.00030557121499441564
Epoch 932 Relative Error 0.0003203385276719928
Epoch 933 Relative Error 0.00037174264434725046
Epoch 934 Relative Error 0.0003274043556302786
Epoch 935 Relative Error 0.0003772621275857091
Epoch 936 Relative Error 0.0003802015562541783
Epoch 937 Relative Error 0.00032857476617209613
Epoch 938 Relative Error 0.000397083000279963
Epoch 939 Relative Error 0.00035921065136790276
Epoch 940 Relative Error 0.00031013699481263757
Epoch 941 Relative Error 0.0003657624765764922
Epoch 942 Relative Error 0.0003300786775071174
Epoch 943 Relative Error 0.00035529679735191166
Epoch 944 Relative Error 0.0004019663610961288
Epoch 945 Relative Error 0.00037969936965964735
Epoch 946 Relative Error 0.0003617025795392692
Epoch 947 Relative Error 0.0003903830365743488
Epoch 948 Relative Error 0.00031248622690327466
Epoch 949 Relative Error 0.0004517201741691679
Epoch 950 Relative Error 0.0003702821268234402
Epoch 951 Relative Error 0.00034371696528978646
Epoch 952 Relative Error 0.00030540238367393613
Epoch 953 Relative Error 0.00043859670404344797
Epoch 954 Relative Error 0.00036408304003998637
Epoch 955 Relative Error 0.00042973223025910556
Epoch 956 Relative Error 0.0004426419618539512
Epoch 957 Relative Error 0.0003783380670938641
Epoch 958 Relative Error 0.0003886948397848755
Epoch 959 Relative Error 0.00036814191844314337
Epoch 960 Relative Error 0.00029791888664476573
Epoch 961 Relative Error 0.0003215727920178324
Epoch 962 Relative Error 0.0003958001616410911
Epoch 963 Relative Error 0.000294107390800491
Epoch 964 Relative Error 0.0003289470332674682
Epoch 965 Relative Error 0.0003579232725314796
Epoch 966 Relative Error 0.0003531102556735277
Epoch 967 Relative Error 0.0003840741701424122
Epoch 968 Relative Error 0.0003661683585960418
Epoch 969 Relative Error 0.00039145638584159315
Epoch 970 Relative Error 0.00037531880661845207
Epoch 971 Relative Error 0.0004067768168170005
Epoch 972 Relative Error 0.0003525863285176456
Epoch 973 Relative Error 0.00035753531847149134
Epoch 974 Relative Error 0.00039142853347584605
Epoch 975 Relative Error 0.0003637118497863412
Epoch 976 Relative Error 0.00033874608925543725
Epoch 977 Relative Error 0.0004139346710871905
Epoch 978 Relative Error 0.0003895125992130488
Epoch 979 Relative Error 0.00042111158836632967
Epoch 980 Relative Error 0.0004254403174854815
Epoch 981 Relative Error 0.0004184951540082693
Epoch 982 Relative Error 0.00040842723683454096
Epoch 983 Relative Error 0.0005080976989120245
Epoch 984 Relative Error 0.0004752351378556341
Epoch 985 Relative Error 0.0005030767642892897
Epoch 986 Relative Error 0.0004299693100620061
Epoch 987 Relative Error 0.00036315195029601455
Epoch 988 Relative Error 0.0003225450636819005
Epoch 989 Relative Error 0.0003598971525207162
Epoch 990 Relative Error 0.0004091166192665696
Epoch 991 Relative Error 0.00037783014704473317
Epoch 992 Relative Error 0.0004272946680430323
Epoch 993 Relative Error 0.00035155966179445386
Epoch 994 Relative Error 0.000368709908798337
Epoch 995 Relative Error 0.000354822666849941
Epoch 996 Relative Error 0.0003929115482605994
Epoch 997 Relative Error 0.0003573270805645734
Epoch 998 Relative Error 0.00033579394221305847
Epoch 999 Relative Error 0.0003905864432454109
Epoch 1000 Relative Error 0.00034549893462099135
RE (3, 9, 6, 0): 0.0002624571498017758
Green's Function RE (3, 9, 6, 0): 0.02238844521343708
Bias Term RE (3, 9, 6, 0): 0.022558674216270447
Combination (3, 9, 6, 0, 0): 0.00034548999974504113
Combination (3, 9, 6, 0, 1): 0.020148755982518196
Combination (3, 9, 6, 0, 2): 0.020172448828816414
Combination (3, 9, 6, 0, 3): 0.0201779305934906
Combination (3, 9, 6, 0, 4): 0.02017921395599842

/home/gridsan/gstepaniants/.local/lib/python3.8/site-packages/torch/functional.py:478: UserWarning: torch.meshgrid: in an upcoming release, it will be required to pass the indexing argument. (Triggered internally at  ../aten/src/ATen/native/TensorShape.cpp:2895.)
  return _VF.meshgrid(tensors, **kwargs)  # type: ignore[attr-defined]
