[KeOps] Warning : Cuda libraries were not detected on the system ; using cpu only mode
1
Kernel: Matern5/2
Weight Mesh: 50
RKHS Kernel Width: 0.003
Lambda: 1e-06
Green's Function Learning Rate: 100
Bias Term Learning Rate: 100
Epoch 1 Relative Error 756.1206665039062
First epoch had re = 756.1206665039062 > 1
Green's Function Learning Rate: 50
Bias Term Learning Rate: 50
Epoch 1 Relative Error 305.83245849609375
First epoch had re = 305.83245849609375 > 1
Green's Function Learning Rate: 10
Bias Term Learning Rate: 10
Epoch 1 Relative Error 74.22061920166016
First epoch had re = 74.22061920166016 > 1
Green's Function Learning Rate: 5
Bias Term Learning Rate: 5
Epoch 1 Relative Error 27.122329711914062
First epoch had re = 27.122329711914062 > 1
Green's Function Learning Rate: 1
Bias Term Learning Rate: 1
Epoch 1 Relative Error 6.491692066192627
First epoch had re = 6.491692066192627 > 1
Green's Function Learning Rate: 0.5
Bias Term Learning Rate: 0.5
Epoch 1 Relative Error 3.300586700439453
First epoch had re = 3.300586700439453 > 1
Green's Function Learning Rate: 0.1
Bias Term Learning Rate: 0.1
Epoch 1 Relative Error 0.8348545432090759
Epoch 2 Relative Error 0.5353063344955444
Epoch 3 Relative Error 0.5399962067604065
Epoch 4 Relative Error 0.48159539699554443
Epoch 5 Relative Error 0.32699382305145264
Epoch 6 Relative Error 0.2646775543689728
Epoch 7 Relative Error 0.22753074765205383
Epoch 8 Relative Error 0.16665586829185486
Epoch 9 Relative Error 0.13381418585777283
Epoch 10 Relative Error 0.10943281650543213
Epoch 11 Relative Error 0.08128563314676285
Epoch 12 Relative Error 0.0626891702413559
Epoch 13 Relative Error 0.05247332528233528
Epoch 14 Relative Error 0.043409306555986404
Epoch 15 Relative Error 0.033815957605838776
Epoch 16 Relative Error 0.025107985362410545
Epoch 17 Relative Error 0.02008853480219841
Epoch 18 Relative Error 0.01750974729657173
Epoch 19 Relative Error 0.015148898586630821
Epoch 20 Relative Error 0.012936864979565144
Epoch 21 Relative Error 0.011121796444058418
Epoch 22 Relative Error 0.009064259007573128
Epoch 23 Relative Error 0.007035624235868454
Epoch 24 Relative Error 0.006161962635815144
Epoch 25 Relative Error 0.005344172939658165
Epoch 26 Relative Error 0.004342914093285799
Epoch 27 Relative Error 0.003630442311987281
Epoch 28 Relative Error 0.002996312454342842
Epoch 29 Relative Error 0.00268009421415627
Epoch 30 Relative Error 0.0022024561185389757
Epoch 31 Relative Error 0.002018314553424716
Epoch 32 Relative Error 0.0017648030770942569
Epoch 33 Relative Error 0.001595849054865539
Epoch 34 Relative Error 0.001694585313089192
Epoch 35 Relative Error 0.0013938428601250052
Epoch 36 Relative Error 0.0013780974550172687
Epoch 37 Relative Error 0.0012191488640382886
Epoch 38 Relative Error 0.001150478725321591
Epoch 39 Relative Error 0.0010795319685712457
Epoch 40 Relative Error 0.0010081660002470016
Epoch 41 Relative Error 0.000999320182017982
Epoch 42 Relative Error 0.000920452584978193
Epoch 43 Relative Error 0.0009301516111008823
Epoch 44 Relative Error 0.0008707769447937608
Epoch 45 Relative Error 0.000832209421787411
Epoch 46 Relative Error 0.0008185227634385228
Epoch 47 Relative Error 0.00076816335786134
Epoch 48 Relative Error 0.0007408655364997685
Epoch 49 Relative Error 0.0007155746570788324
Epoch 50 Relative Error 0.0007568178116343915
Epoch 51 Relative Error 0.0007166957366280258
Epoch 52 Relative Error 0.0007159456145018339
Epoch 53 Relative Error 0.0006649384158663452
Epoch 54 Relative Error 0.0006238643545657396
Epoch 55 Relative Error 0.0006192937726154923
Epoch 56 Relative Error 0.0005618446157313883
Epoch 57 Relative Error 0.0005868574371561408
Epoch 58 Relative Error 0.0005450784810818732
Epoch 59 Relative Error 0.0005166258197277784
Epoch 60 Relative Error 0.000508463301230222
Epoch 61 Relative Error 0.0005364764365367591
Epoch 62 Relative Error 0.0005253947456367314
Epoch 63 Relative Error 0.0004924782551825047
Epoch 64 Relative Error 0.00044506980339065194
Epoch 65 Relative Error 0.0004653132345993072
Epoch 66 Relative Error 0.00048514438094571233
Epoch 67 Relative Error 0.0004679722769651562
Epoch 68 Relative Error 0.0004448185791261494
Epoch 69 Relative Error 0.0004462499055080116
Epoch 70 Relative Error 0.00046162671060301363
Epoch 71 Relative Error 0.00043427859782241285
Epoch 72 Relative Error 0.0004137694777455181
Epoch 73 Relative Error 0.00043672052561305463
Epoch 74 Relative Error 0.0004172688932158053
Epoch 75 Relative Error 0.00041415795567445457
Epoch 76 Relative Error 0.00043343176366761327
Epoch 77 Relative Error 0.0004154725465923548
Epoch 78 Relative Error 0.00042531784856691957
Epoch 79 Relative Error 0.0003799714322667569
Epoch 80 Relative Error 0.00038189408951438963
Epoch 81 Relative Error 0.000404343445552513
Epoch 82 Relative Error 0.00039070003549568355
Epoch 83 Relative Error 0.0004149644810240716
Epoch 84 Relative Error 0.0003890128282364458
Epoch 85 Relative Error 0.00037763823638670146
Epoch 86 Relative Error 0.0003804737061727792
Epoch 87 Relative Error 0.0003508531954139471
Epoch 88 Relative Error 0.00037104624789208174
Epoch 89 Relative Error 0.0003649267309810966
Epoch 90 Relative Error 0.00035724390181712806
Epoch 91 Relative Error 0.00036656830343417823
Epoch 92 Relative Error 0.0004132736357860267
Epoch 93 Relative Error 0.00032309521338902414
Epoch 94 Relative Error 0.0003939844900742173
Epoch 95 Relative Error 0.00037688869633711874
Epoch 96 Relative Error 0.00034840265288949013
Epoch 97 Relative Error 0.00042917864629998803
Epoch 98 Relative Error 0.0003489153168629855
Epoch 99 Relative Error 0.00032889447174966335
Epoch 100 Relative Error 0.00032255801488645375
Epoch 101 Relative Error 0.0003383200673852116
Epoch 102 Relative Error 0.0003122021444141865
Epoch 103 Relative Error 0.0003209581773262471
Epoch 104 Relative Error 0.00032261412707157433
Epoch 105 Relative Error 0.00031298171961680055
Epoch 106 Relative Error 0.00031196558848023415
Epoch 107 Relative Error 0.0003237447526771575
Epoch 108 Relative Error 0.0002940036356449127
Epoch 109 Relative Error 0.00032102741533890367
Epoch 110 Relative Error 0.0003438593994360417
Epoch 111 Relative Error 0.00030947738559916615
Epoch 112 Relative Error 0.00036835341597907245
Epoch 113 Relative Error 0.000309271301375702
Epoch 114 Relative Error 0.0003314860805403441
Epoch 115 Relative Error 0.000323917658533901
Epoch 116 Relative Error 0.00034407651401124895
Epoch 117 Relative Error 0.00029781076591461897
Epoch 118 Relative Error 0.00039415014907717705
Epoch 119 Relative Error 0.0003861997101921588
Epoch 120 Relative Error 0.00038559798849746585
Epoch 121 Relative Error 0.00035593280335888267
Epoch 122 Relative Error 0.0003896876878570765
Epoch 123 Relative Error 0.00033994932891801
Epoch 124 Relative Error 0.00041789922397583723
Epoch 125 Relative Error 0.0003982074267696589
Epoch 126 Relative Error 0.0003785451699513942
Epoch 127 Relative Error 0.00029509648447856307
Epoch 128 Relative Error 0.0003276254574302584
Epoch 129 Relative Error 0.000391167908674106
Epoch 130 Relative Error 0.00032367283711209893
Epoch 131 Relative Error 0.0003640641807578504
Epoch 132 Relative Error 0.00038612098433077335
Epoch 133 Relative Error 0.0003540758916642517
Epoch 134 Relative Error 0.000403023324906826
Epoch 135 Relative Error 0.0003441792796365917
Epoch 136 Relative Error 0.0003232683811802417
Epoch 137 Relative Error 0.0003240898950025439
Epoch 138 Relative Error 0.0003358898393344134
Epoch 139 Relative Error 0.0003266233252361417
Epoch 140 Relative Error 0.0002988499472849071
Epoch 141 Relative Error 0.00029987411107867956
Epoch 142 Relative Error 0.0003475561970844865
Epoch 143 Relative Error 0.00029633668600581586
Epoch 144 Relative Error 0.00035318449954502285
Epoch 145 Relative Error 0.00033687561517581344
Epoch 146 Relative Error 0.00031452783150598407
Epoch 147 Relative Error 0.0003006097977049649
Epoch 148 Relative Error 0.00037380497087724507
Epoch 149 Relative Error 0.0003470941446721554
Epoch 150 Relative Error 0.000400359247578308
Epoch 151 Relative Error 0.000326150213368237
Epoch 152 Relative Error 0.00033724989043548703
Epoch 153 Relative Error 0.0003115620056632906
Epoch 154 Relative Error 0.0002988474734593183
Epoch 155 Relative Error 0.00033592191175557673
Epoch 156 Relative Error 0.0003334005596116185
Epoch 157 Relative Error 0.00028512501739896834
Epoch 158 Relative Error 0.00032053672475740314
Epoch 159 Relative Error 0.0003985788207501173
Epoch 160 Relative Error 0.0003364930162206292
Epoch 161 Relative Error 0.0002908841706812382
Epoch 162 Relative Error 0.00035470296279527247
Epoch 163 Relative Error 0.0003323923738207668
Epoch 164 Relative Error 0.0002856575301848352
Epoch 165 Relative Error 0.00037105599767528474
Epoch 166 Relative Error 0.00033033109502866864
Epoch 167 Relative Error 0.000300156680168584
Epoch 168 Relative Error 0.00036252831341698766
Epoch 169 Relative Error 0.00034850434167310596
Epoch 170 Relative Error 0.0003291924949735403
Epoch 171 Relative Error 0.0003966137592215091
Epoch 172 Relative Error 0.00034549288102425635
Epoch 173 Relative Error 0.00031363219022750854
Epoch 174 Relative Error 0.0003715382481459528
Epoch 175 Relative Error 0.00037229221197776496
Epoch 176 Relative Error 0.0002805024560075253
Epoch 177 Relative Error 0.00038963352562859654
Epoch 178 Relative Error 0.00036018487298861146
Epoch 179 Relative Error 0.0003753041382879019
Epoch 180 Relative Error 0.0003278602962382138
Epoch 181 Relative Error 0.00032295373966917396
Epoch 182 Relative Error 0.0003122279013041407
Epoch 183 Relative Error 0.0003218529454898089
Epoch 184 Relative Error 0.0003066939243581146
Epoch 185 Relative Error 0.0003472404205240309
Epoch 186 Relative Error 0.00035744483466260135
Epoch 187 Relative Error 0.0003105364157818258
Epoch 188 Relative Error 0.0003344223368912935
Epoch 189 Relative Error 0.0003709831216838211
Epoch 190 Relative Error 0.0002715812879614532
Epoch 191 Relative Error 0.0002997775445692241
Epoch 192 Relative Error 0.00038579877582378685
Epoch 193 Relative Error 0.00031906794174574316
Epoch 194 Relative Error 0.00045703828800469637
Epoch 195 Relative Error 0.00039464220753870904
Epoch 196 Relative Error 0.00035717905848287046
Epoch 197 Relative Error 0.00037435555714182556
Epoch 198 Relative Error 0.00036346502020023763
Epoch 199 Relative Error 0.0002865831775125116
Epoch 200 Relative Error 0.0003226218104828149
Epoch 201 Relative Error 0.00037520652404055
Epoch 202 Relative Error 0.0003353516513016075
Epoch 203 Relative Error 0.0002895303477998823
Epoch 204 Relative Error 0.00034181925002485514
Epoch 205 Relative Error 0.0003264207043685019
Epoch 206 Relative Error 0.00038007661351002753
Epoch 207 Relative Error 0.0003654429456219077
Epoch 208 Relative Error 0.0003459594736341387
Epoch 209 Relative Error 0.0003229954745620489
Epoch 210 Relative Error 0.00042580251465551555
Epoch 211 Relative Error 0.00040089531103149056
Epoch 212 Relative Error 0.0004592450277414173
Epoch 213 Relative Error 0.0004389422247186303
Epoch 214 Relative Error 0.00047132340841926634
Epoch 215 Relative Error 0.0003638188645709306
Epoch 216 Relative Error 0.00036703646765090525
Epoch 217 Relative Error 0.0004252962244208902
Epoch 218 Relative Error 0.00038593841600231826
Epoch 219 Relative Error 0.00036408702726475894
Epoch 220 Relative Error 0.00034797078114934266
Epoch 221 Relative Error 0.00035568687599152327
Epoch 222 Relative Error 0.0003751303593162447
Epoch 223 Relative Error 0.00034158214111812413
Epoch 224 Relative Error 0.00038995762588456273
Epoch 225 Relative Error 0.00040407507913187146
Epoch 226 Relative Error 0.0003778034879360348
Epoch 227 Relative Error 0.0003582198987714946
Epoch 228 Relative Error 0.0003373183717485517
Epoch 229 Relative Error 0.0004406974767334759
Epoch 230 Relative Error 0.00037128152325749397
Epoch 231 Relative Error 0.00035020208451896906
Epoch 232 Relative Error 0.00035163993015885353
Epoch 233 Relative Error 0.0003648145648185164
Epoch 234 Relative Error 0.0003039435832761228
Epoch 235 Relative Error 0.0003015751135535538
Epoch 236 Relative Error 0.00034454697743058205
Epoch 237 Relative Error 0.00035022199153900146
Epoch 238 Relative Error 0.000435339956311509
Epoch 239 Relative Error 0.0003900594892911613
Epoch 240 Relative Error 0.0004161608521826565
Epoch 241 Relative Error 0.00045430008322000504
Epoch 242 Relative Error 0.0003731227479875088
Epoch 243 Relative Error 0.0004473063163459301
Epoch 244 Relative Error 0.0004090053553227335
Epoch 245 Relative Error 0.00035305132041685283
Epoch 246 Relative Error 0.00045077488175593317
Epoch 247 Relative Error 0.0003705240960698575
Epoch 248 Relative Error 0.0003158499312121421
Epoch 249 Relative Error 0.0003968339296989143
Epoch 250 Relative Error 0.000381997786462307
Epoch 251 Relative Error 0.0003527655790094286
Epoch 252 Relative Error 0.0003963200142607093
Epoch 253 Relative Error 0.0003834138042293489
Epoch 254 Relative Error 0.00032661721343174577
Epoch 255 Relative Error 0.000307697628159076
Epoch 256 Relative Error 0.0003761676780413836
Epoch 257 Relative Error 0.0003746496222447604
Epoch 258 Relative Error 0.00037167896516621113
Epoch 259 Relative Error 0.0004001022025477141
Epoch 260 Relative Error 0.000357968732714653
Epoch 261 Relative Error 0.0004341888998169452
Epoch 262 Relative Error 0.0004326055641286075
Epoch 263 Relative Error 0.0003704474656842649
Epoch 264 Relative Error 0.00039316675974987447
Epoch 265 Relative Error 0.0004144868580624461
Epoch 266 Relative Error 0.0004099976213183254
Epoch 267 Relative Error 0.0003647234116215259
Epoch 268 Relative Error 0.00036160461604595184
Epoch 269 Relative Error 0.0003547084634192288
Epoch 270 Relative Error 0.0003761332482099533
Epoch 271 Relative Error 0.0003494343254715204
Epoch 272 Relative Error 0.0003595686866901815
Epoch 273 Relative Error 0.0004262484726496041
Epoch 274 Relative Error 0.0003575137525331229
Epoch 275 Relative Error 0.0003512641997076571
Epoch 276 Relative Error 0.00039820122765377164
Epoch 277 Relative Error 0.00037196013727225363
Epoch 278 Relative Error 0.0003766668087337166
Epoch 279 Relative Error 0.00033669607364572585
Epoch 280 Relative Error 0.0003346724552102387
Epoch 281 Relative Error 0.0004197983071208
Epoch 282 Relative Error 0.0004052412696182728
Epoch 283 Relative Error 0.0003641212824732065
Epoch 284 Relative Error 0.00043545436346903443
Epoch 285 Relative Error 0.0003724276612047106
Epoch 286 Relative Error 0.0003603066725190729
Epoch 287 Relative Error 0.00041153738857246935
Epoch 288 Relative Error 0.00036555720726028085
Epoch 289 Relative Error 0.0003667818382382393
Epoch 290 Relative Error 0.00038149053580127656
Epoch 291 Relative Error 0.00035376654705032706
Epoch 292 Relative Error 0.0004066716064698994
Epoch 293 Relative Error 0.0003554566064849496
Epoch 294 Relative Error 0.0003105907526332885
Epoch 295 Relative Error 0.00036771377199329436
Epoch 296 Relative Error 0.0003347759193275124
Epoch 297 Relative Error 0.00032200224814005196
Epoch 298 Relative Error 0.00036412780173122883
Epoch 299 Relative Error 0.000341746024787426
Epoch 300 Relative Error 0.00037618837086483836
Epoch 301 Relative Error 0.0003849140484817326
Epoch 302 Relative Error 0.0003696769999805838
Epoch 303 Relative Error 0.0003880102594848722
Epoch 304 Relative Error 0.00037037322181276977
Epoch 305 Relative Error 0.0003407775657251477
Epoch 306 Relative Error 0.0003350214974489063
Epoch 307 Relative Error 0.0003545454528648406
Epoch 308 Relative Error 0.00033594577689655125
Epoch 309 Relative Error 0.0003203718224540353
Epoch 310 Relative Error 0.00035793776623904705
Epoch 311 Relative Error 0.0003316490037832409
Epoch 312 Relative Error 0.00037073265411891043
Epoch 313 Relative Error 0.00042183828190900385
Epoch 314 Relative Error 0.0003952064143959433
Epoch 315 Relative Error 0.000431572028901428
Epoch 316 Relative Error 0.00037801472353748977
Epoch 317 Relative Error 0.00029932500910945237
Epoch 318 Relative Error 0.00039390954771079123
Epoch 319 Relative Error 0.00043821329018101096
Epoch 320 Relative Error 0.000417837843997404
Epoch 321 Relative Error 0.00036743926466442645
Epoch 322 Relative Error 0.0003707836731337011
Epoch 323 Relative Error 0.000358042074367404
Epoch 324 Relative Error 0.0004086016851942986
Epoch 325 Relative Error 0.0004725273756776005
Epoch 326 Relative Error 0.0004183283308520913
Epoch 327 Relative Error 0.00040726500446908176
Epoch 328 Relative Error 0.00040391655056737363
Epoch 329 Relative Error 0.0003565123479347676
Epoch 330 Relative Error 0.00037888227961957455
Epoch 331 Relative Error 0.00037027004873380065
Epoch 332 Relative Error 0.00035557083901949227
Epoch 333 Relative Error 0.00042177221621386707
Epoch 334 Relative Error 0.0004868549294769764
Epoch 335 Relative Error 0.0004645230364985764
Epoch 336 Relative Error 0.00047181372065097094
Epoch 337 Relative Error 0.00043701971299014986
Epoch 338 Relative Error 0.0005103419534862041
Epoch 339 Relative Error 0.0004305810434743762
Epoch 340 Relative Error 0.0004741533484775573
Epoch 341 Relative Error 0.0004892278811894357
Epoch 342 Relative Error 0.00039283462683670223
Epoch 343 Relative Error 0.000417479983298108
Epoch 344 Relative Error 0.00037308729952201247
Epoch 345 Relative Error 0.00037085474468767643
Epoch 346 Relative Error 0.00039732397999614477
Epoch 347 Relative Error 0.0004120886733289808
Epoch 348 Relative Error 0.00039664003998041153
Epoch 349 Relative Error 0.0004252404614817351
Epoch 350 Relative Error 0.00047198517131619155
Epoch 351 Relative Error 0.0004934530006721616
Epoch 352 Relative Error 0.0004317252023611218
Epoch 353 Relative Error 0.0004278792184777558
Epoch 354 Relative Error 0.0004575767379719764
Epoch 355 Relative Error 0.0003866792831104249
Epoch 356 Relative Error 0.0004003697831649333
Epoch 357 Relative Error 0.0004017501778434962
Epoch 358 Relative Error 0.00044010052806697786
Epoch 359 Relative Error 0.0003769722825381905
Epoch 360 Relative Error 0.00041036689071916044
Epoch 361 Relative Error 0.00042085800669156015
Epoch 362 Relative Error 0.000370070367353037
Epoch 363 Relative Error 0.00034944972139783204
Epoch 364 Relative Error 0.0004223457654006779
Epoch 365 Relative Error 0.00040701814577914774
Epoch 366 Relative Error 0.0003923963522538543
Epoch 367 Relative Error 0.0004010709235444665
Epoch 368 Relative Error 0.0004024798981845379
Epoch 369 Relative Error 0.00041495845653116703
Epoch 370 Relative Error 0.0004056297184433788
Epoch 371 Relative Error 0.0003707084688358009
Epoch 372 Relative Error 0.00047508542775176466
Epoch 373 Relative Error 0.000475320644909516
Epoch 374 Relative Error 0.00047105507110245526
Epoch 375 Relative Error 0.0005265264771878719
Epoch 376 Relative Error 0.0005009799497202039
Epoch 377 Relative Error 0.0004607779555954039
Epoch 378 Relative Error 0.0004827321390621364
Epoch 379 Relative Error 0.0004193519416730851
Epoch 380 Relative Error 0.0004919419880025089
Epoch 381 Relative Error 0.00039820600068196654
Epoch 382 Relative Error 0.00042606459464877844
Epoch 383 Relative Error 0.0004710833600256592
Epoch 384 Relative Error 0.0005049975006841123
Epoch 385 Relative Error 0.0004780745366588235
Epoch 386 Relative Error 0.0004768303770106286
Epoch 387 Relative Error 0.0004412597627379
Epoch 388 Relative Error 0.00038644997403025627
Epoch 389 Relative Error 0.0004747537022922188
Epoch 390 Relative Error 0.0004138218646403402
Epoch 391 Relative Error 0.0004537980421446264
Epoch 392 Relative Error 0.00046422897139564157
Epoch 393 Relative Error 0.00040114918374456465
Epoch 394 Relative Error 0.0004648274334613234
Epoch 395 Relative Error 0.00044025591341778636
Epoch 396 Relative Error 0.0005058040260337293
Epoch 397 Relative Error 0.0005430737510323524
Epoch 398 Relative Error 0.0004944663378410041
Epoch 399 Relative Error 0.0006309552118182182
Epoch 400 Relative Error 0.0005938870017416775
Epoch 401 Relative Error 0.0006409800262190402
Epoch 402 Relative Error 0.0006575672305189073
Epoch 403 Relative Error 0.0008397414931096137
Epoch 404 Relative Error 0.0006804608274251223
Epoch 405 Relative Error 0.0007071719155646861
Epoch 406 Relative Error 0.0006773727363906801
Epoch 407 Relative Error 0.0005156229599379003
Epoch 408 Relative Error 0.0005784478853456676
Epoch 409 Relative Error 0.0005288187530823052
Epoch 410 Relative Error 0.00044986800639890134
Epoch 411 Relative Error 0.00038776922156102955
Epoch 412 Relative Error 0.0004744313773699105
Epoch 413 Relative Error 0.0004215521039441228
Epoch 414 Relative Error 0.0004474198503885418
Epoch 415 Relative Error 0.0004498082853388041
Epoch 416 Relative Error 0.00042249573743902147
Epoch 417 Relative Error 0.0004092172021046281
Epoch 418 Relative Error 0.00042840131209231913
Epoch 419 Relative Error 0.000415649963542819
Epoch 420 Relative Error 0.0004069486749358475
Epoch 421 Relative Error 0.00040625323890708387
Epoch 422 Relative Error 0.0004570257733576
Epoch 423 Relative Error 0.0005370519938878715
Epoch 424 Relative Error 0.00048717137542553246
Epoch 425 Relative Error 0.0004741958691738546
Epoch 426 Relative Error 0.0004543069517239928
Epoch 427 Relative Error 0.00042521010618656874
Epoch 428 Relative Error 0.00045446064905263484
Epoch 429 Relative Error 0.00043722311966121197
Epoch 430 Relative Error 0.0005082963034510612
Epoch 431 Relative Error 0.0005101857823319733
Epoch 432 Relative Error 0.0005349377752281725
Epoch 433 Relative Error 0.0004357258148957044
Epoch 434 Relative Error 0.00044752133544534445
Epoch 435 Relative Error 0.0004428268875926733
Epoch 436 Relative Error 0.0004036148311570287
Epoch 437 Relative Error 0.00037526365485973656
Epoch 438 Relative Error 0.0003792658098973334
Epoch 439 Relative Error 0.00038832510472275317
Epoch 440 Relative Error 0.0004026777169201523
Epoch 441 Relative Error 0.00041895415051840246
Epoch 442 Relative Error 0.00045589025830850005
Epoch 443 Relative Error 0.0005506272427737713
Epoch 444 Relative Error 0.0004237766261212528
Epoch 445 Relative Error 0.00044479724601842463
Epoch 446 Relative Error 0.0004663071595132351
Epoch 447 Relative Error 0.0005207472713664174
Epoch 448 Relative Error 0.0004775594570674002
Epoch 449 Relative Error 0.0004319963336456567
Epoch 450 Relative Error 0.0004022447392344475
Epoch 451 Relative Error 0.0004013621946796775
Epoch 452 Relative Error 0.00046221583033911884
Epoch 453 Relative Error 0.00035364885115996003
Epoch 454 Relative Error 0.0004332955868449062
Epoch 455 Relative Error 0.0004369680827949196
Epoch 456 Relative Error 0.00038615273660980165
Epoch 457 Relative Error 0.0003958760353270918
Epoch 458 Relative Error 0.0004362931358627975
Epoch 459 Relative Error 0.00041376950684934855
Epoch 460 Relative Error 0.00038734317058697343
Epoch 461 Relative Error 0.0003973525599576533
Epoch 462 Relative Error 0.00039930333150550723
Epoch 463 Relative Error 0.0005143154412508011
Epoch 464 Relative Error 0.00048816329217515886
Epoch 465 Relative Error 0.00042664140346460044
Epoch 466 Relative Error 0.00046736994409002364
Epoch 467 Relative Error 0.0004990393645130098
Epoch 468 Relative Error 0.0005533043295145035
Epoch 469 Relative Error 0.0004870051343459636
Epoch 470 Relative Error 0.0005423703114502132
Epoch 471 Relative Error 0.0004962589591741562
Epoch 472 Relative Error 0.0004996772040612996
Epoch 473 Relative Error 0.0004535484767984599
Epoch 474 Relative Error 0.00048277879250235856
Epoch 475 Relative Error 0.00046810926869511604
Epoch 476 Relative Error 0.00043160642962902784
Epoch 477 Relative Error 0.00042662621126510203
Epoch 478 Relative Error 0.0004985253908671439
Epoch 479 Relative Error 0.0004438850446604192
Epoch 480 Relative Error 0.0004185806028544903
Epoch 481 Relative Error 0.00041483461973257363
Epoch 482 Relative Error 0.0004480716888792813
Epoch 483 Relative Error 0.0004911902942694724
Epoch 484 Relative Error 0.0004349132068455219
Epoch 485 Relative Error 0.0003990336263086647
Epoch 486 Relative Error 0.00044910202268511057
Epoch 487 Relative Error 0.0005641587194986641
Epoch 488 Relative Error 0.00044539201189763844
Epoch 489 Relative Error 0.0004390373360365629
Epoch 490 Relative Error 0.0004448940744623542
Epoch 491 Relative Error 0.00044500650255940855
Epoch 492 Relative Error 0.0004029453848488629
Epoch 493 Relative Error 0.0004946254193782806
Epoch 494 Relative Error 0.00045784065150655806
Epoch 495 Relative Error 0.000459664617665112
Epoch 496 Relative Error 0.0004238533438183367
Epoch 497 Relative Error 0.0004534610197879374
Epoch 498 Relative Error 0.00042613770347088575
Epoch 499 Relative Error 0.0004453407891560346
Epoch 500 Relative Error 0.0004223474534228444
Epoch 501 Relative Error 0.00047994503984227777
Epoch 502 Relative Error 0.0005145987961441278
Epoch 503 Relative Error 0.0005489886971190572
Epoch 504 Relative Error 0.0004928018315695226
Epoch 505 Relative Error 0.0004999761586077511
Epoch 506 Relative Error 0.0005137508269399405
Epoch 507 Relative Error 0.0004690876812674105
Epoch 508 Relative Error 0.0004457180912140757
Epoch 509 Relative Error 0.0005220026941969991
Epoch 510 Relative Error 0.0006008981144987047
Epoch 511 Relative Error 0.0006897018174640834
Epoch 512 Relative Error 0.0006444628234021366
Epoch 513 Relative Error 0.000693212728947401
Epoch 514 Relative Error 0.0011257765581831336
Epoch 515 Relative Error 0.0007175452192313969
Epoch 516 Relative Error 0.0006073170225135982
Epoch 517 Relative Error 0.0009243566892109811
Epoch 518 Relative Error 0.0006358884274959564
Epoch 519 Relative Error 0.0005857986398041248
Epoch 520 Relative Error 0.0006158966571092606
Epoch 521 Relative Error 0.000682823418173939
Epoch 522 Relative Error 0.0005236035212874413
Epoch 523 Relative Error 0.0006088672671467066
Epoch 524 Relative Error 0.0008867403375916183
Epoch 525 Relative Error 0.0007386161014437675
Epoch 526 Relative Error 0.00093403912615031
Epoch 527 Relative Error 0.0007904446683824062
Epoch 528 Relative Error 0.0007132902974262834
Epoch 529 Relative Error 0.0006577025051228702
Epoch 530 Relative Error 0.000633639981970191
Epoch 531 Relative Error 0.0006700600497424603
Epoch 532 Relative Error 0.0006351468618959188
Epoch 533 Relative Error 0.0006512904074043036
Epoch 534 Relative Error 0.0006070497329346836
Epoch 535 Relative Error 0.0006281629321165383
Epoch 536 Relative Error 0.0006268135621212423
Epoch 537 Relative Error 0.0006365014705806971
Epoch 538 Relative Error 0.0006961213075555861
Epoch 539 Relative Error 0.0007473318255506456
Epoch 540 Relative Error 0.0011247096117585897
Epoch 541 Relative Error 0.0014787076506763697
Epoch 542 Relative Error 0.0014586664037778974
Epoch 543 Relative Error 0.001564060221426189
Epoch 544 Relative Error 0.0017426450503990054
Epoch 545 Relative Error 0.0017366636311635375
Epoch 546 Relative Error 0.0015011109644547105
Epoch 547 Relative Error 0.0016454138094559312
Epoch 548 Relative Error 0.0018730711890384555
Epoch 549 Relative Error 0.001760837621986866
Epoch 550 Relative Error 0.0019105812534689903
Epoch 551 Relative Error 0.0015896192053332925
Epoch 552 Relative Error 0.0014333917060866952
Epoch 553 Relative Error 0.001461356645449996
Epoch 554 Relative Error 0.001135892467573285
Epoch 555 Relative Error 0.001024772645905614
Epoch 556 Relative Error 0.0012124894419685006
Epoch 557 Relative Error 0.0011326528619974852
Epoch 558 Relative Error 0.000955604191403836
Epoch 559 Relative Error 0.001420852029696107
Epoch 560 Relative Error 0.0016420038882642984
Epoch 561 Relative Error 0.0014139690902084112
Epoch 562 Relative Error 0.0016077774344012141
Epoch 563 Relative Error 0.0015307458816096187
Epoch 564 Relative Error 0.001780857564881444
Epoch 565 Relative Error 0.0012353453785181046
Epoch 566 Relative Error 0.00166655657812953
Epoch 567 Relative Error 0.0017097361851483583
Epoch 568 Relative Error 0.001613607513718307
Epoch 569 Relative Error 0.0017737440066412091
Epoch 570 Relative Error 0.0016091021243482828
Epoch 571 Relative Error 0.001637754961848259
Epoch 572 Relative Error 0.0013445160584524274
Epoch 573 Relative Error 0.0012047187192365527
Epoch 574 Relative Error 0.0015076168347150087
Epoch 575 Relative Error 0.0014002721291035414
Epoch 576 Relative Error 0.0015702397795394063
Epoch 577 Relative Error 0.0015096872812137008
Epoch 578 Relative Error 0.001347400713711977
Epoch 579 Relative Error 0.0017173591768369079
Epoch 580 Relative Error 0.0018130148528143764
Epoch 581 Relative Error 0.002156097674742341
Epoch 582 Relative Error 0.0012562922202050686
Epoch 583 Relative Error 0.0015773741761222482
Epoch 584 Relative Error 0.0014799457276239991
Epoch 585 Relative Error 0.0013455851003527641
Epoch 586 Relative Error 0.0015353220514953136
Epoch 587 Relative Error 0.0021526296623051167
Epoch 588 Relative Error 0.0023904009722173214
Epoch 589 Relative Error 0.0020692930556833744
Epoch 590 Relative Error 0.0014495083596557379
Epoch 591 Relative Error 0.0015318116638809443
Epoch 592 Relative Error 0.0015932340174913406
Epoch 593 Relative Error 0.0019811741076409817
Epoch 594 Relative Error 0.0016863065538927913
Epoch 595 Relative Error 0.0014528374886140227
Epoch 596 Relative Error 0.0012622348731383681
Epoch 597 Relative Error 0.0015002582222223282
Epoch 598 Relative Error 0.0021032881923019886
Epoch 599 Relative Error 0.0021627056412398815
Epoch 600 Relative Error 0.0022747390903532505
Epoch 601 Relative Error 0.002661623526364565
Epoch 602 Relative Error 0.0020855378825217485
Epoch 603 Relative Error 0.0018733312608674169
Epoch 604 Relative Error 0.0016765312757343054
Epoch 605 Relative Error 0.0025910597760230303
Epoch 606 Relative Error 0.002330861520022154
Epoch 607 Relative Error 0.0018718430073931813
Epoch 608 Relative Error 0.0026040449738502502
Epoch 609 Relative Error 0.003080632770434022
Epoch 610 Relative Error 0.0029959073290228844
Epoch 611 Relative Error 0.004521127790212631
Epoch 612 Relative Error 0.005470049101859331
Epoch 613 Relative Error 0.003989068325608969
Epoch 614 Relative Error 0.0024962800089269876
Epoch 615 Relative Error 0.0033222849015146494
Epoch 616 Relative Error 0.0028202892281115055
Epoch 617 Relative Error 0.0024792298208922148
Epoch 618 Relative Error 0.004231906030327082
Epoch 619 Relative Error 0.005339259281754494
Epoch 620 Relative Error 0.006056224927306175
Epoch 621 Relative Error 0.005790251772850752
Epoch 622 Relative Error 0.0042177471332252026
Epoch 623 Relative Error 0.005484515801072121
Epoch 624 Relative Error 0.0054160491563379765
Epoch 625 Relative Error 0.00382004352286458
Epoch 626 Relative Error 0.002418726682662964
Epoch 627 Relative Error 0.003373041981831193
Epoch 628 Relative Error 0.00392773374915123
Epoch 629 Relative Error 0.0038918647915124893
Epoch 630 Relative Error 0.0040436130948364735
Epoch 631 Relative Error 0.004803947173058987
Epoch 632 Relative Error 0.004587460774928331
Epoch 633 Relative Error 0.003575309179723263
Epoch 634 Relative Error 0.003566791070625186
Epoch 635 Relative Error 0.002277965657413006
Epoch 636 Relative Error 0.0032109757885336876
Epoch 637 Relative Error 0.0044819992035627365
Epoch 638 Relative Error 0.00363206141628325
Epoch 639 Relative Error 0.0046224817633628845
Epoch 640 Relative Error 0.004219513852149248
Epoch 641 Relative Error 0.006030130200088024
Epoch 642 Relative Error 0.004158069845288992
Epoch 643 Relative Error 0.006645406596362591
Epoch 644 Relative Error 0.005510663613677025
Epoch 645 Relative Error 0.004211899358779192
Epoch 646 Relative Error 0.0037511372938752174
Epoch 647 Relative Error 0.004359901417046785
Epoch 648 Relative Error 0.0071409340016543865
Epoch 649 Relative Error 0.0050901081413030624
Epoch 650 Relative Error 0.005229875445365906
Epoch 651 Relative Error 0.006225151941180229
Epoch 652 Relative Error 0.011894997209310532
Epoch 653 Relative Error 0.010165617801249027
Epoch 654 Relative Error 0.010593804530799389
Epoch 655 Relative Error 0.011564141139388084
Epoch 656 Relative Error 0.01060781255364418
Epoch 657 Relative Error 0.007965664379298687
Epoch 658 Relative Error 0.007903013378381729
Epoch 659 Relative Error 0.006960556376725435
Epoch 660 Relative Error 0.004356355872005224
Epoch 661 Relative Error 0.005907829385250807
Epoch 662 Relative Error 0.006052587181329727
Epoch 663 Relative Error 0.006987076252698898
Epoch 664 Relative Error 0.0073511176742613316
Epoch 665 Relative Error 0.004939773119986057
Epoch 666 Relative Error 0.002556899329647422
Epoch 667 Relative Error 0.0037546949461102486
Epoch 668 Relative Error 0.004281218629330397
Epoch 669 Relative Error 0.0031851809471845627
Epoch 670 Relative Error 0.003920665942132473
Epoch 671 Relative Error 0.003743078326806426
Epoch 672 Relative Error 0.0035297118593007326
Epoch 673 Relative Error 0.003200205974280834
Epoch 674 Relative Error 0.006637208163738251
Epoch 675 Relative Error 0.005397215485572815
Epoch 676 Relative Error 0.006046078633517027
Epoch 677 Relative Error 0.006780904717743397
Epoch 678 Relative Error 0.0061498405411839485
Epoch 679 Relative Error 0.0069504836574196815
Epoch 680 Relative Error 0.006419020239263773
Epoch 681 Relative Error 0.006471007596701384
Epoch 682 Relative Error 0.007591636385768652
Epoch 683 Relative Error 0.009736909531056881
Epoch 684 Relative Error 0.00954662449657917
Epoch 685 Relative Error 0.007208642084151506
Epoch 686 Relative Error 0.009648539125919342
Epoch 687 Relative Error 0.013557041063904762
Epoch 688 Relative Error 0.013924453407526016
Epoch 689 Relative Error 0.01790916733443737
Epoch 690 Relative Error 0.02154812403023243
Epoch 691 Relative Error 0.028015660122036934
Epoch 692 Relative Error 0.0380714014172554
Epoch 693 Relative Error 0.03001486510038376
Epoch 694 Relative Error 0.060686852782964706
Epoch 695 Relative Error 0.04928354173898697
Epoch 696 Relative Error 0.05760396271944046
Epoch 697 Relative Error 0.068072609603405
Epoch 698 Relative Error 0.07956839352846146
Epoch 699 Relative Error 0.09890857338905334
Epoch 700 Relative Error 0.05495439097285271
Epoch 701 Relative Error 0.07422410696744919
Epoch 702 Relative Error 0.046082112938165665
Epoch 703 Relative Error 0.04653745889663696
Epoch 704 Relative Error 0.051889918744564056
Epoch 705 Relative Error 0.04197162017226219
Epoch 706 Relative Error 0.03761979192495346
Epoch 707 Relative Error 0.026422373950481415
Epoch 708 Relative Error 0.04121890291571617
Epoch 709 Relative Error 0.03284520283341408
Epoch 710 Relative Error 0.03239017724990845
Epoch 711 Relative Error 0.036540355533361435
Epoch 712 Relative Error 0.0409720279276371
Epoch 713 Relative Error 0.034214310348033905
Epoch 714 Relative Error 0.03862068057060242
Epoch 715 Relative Error 0.050490520894527435
Epoch 716 Relative Error 0.06949196755886078
Epoch 717 Relative Error 0.07629122585058212
Epoch 718 Relative Error 0.07247505336999893
Epoch 719 Relative Error 0.06170934811234474
Epoch 720 Relative Error 0.04248197004199028
Epoch 721 Relative Error 0.036285869777202606
Epoch 722 Relative Error 0.03004731610417366
Epoch 723 Relative Error 0.051347751170396805
Epoch 724 Relative Error 0.04080513119697571
Epoch 725 Relative Error 0.05434384196996689
Epoch 726 Relative Error 0.057230863720178604
Epoch 727 Relative Error 0.07243363559246063
Epoch 728 Relative Error 0.07492813467979431
Epoch 729 Relative Error 0.07580386847257614
Epoch 730 Relative Error 0.04118802398443222
Epoch 731 Relative Error 0.07058966159820557
Epoch 732 Relative Error 0.09705422073602676
Epoch 733 Relative Error 0.05528481677174568
Epoch 734 Relative Error 0.04959538206458092
Epoch 735 Relative Error 0.05013866350054741
Epoch 736 Relative Error 0.054797329008579254
Epoch 737 Relative Error 0.03983481600880623
Epoch 738 Relative Error 0.023803578689694405
Epoch 739 Relative Error 0.04160161688923836
Epoch 740 Relative Error 0.025508830323815346
Epoch 741 Relative Error 0.020119478926062584
Epoch 742 Relative Error 0.02430642396211624
Epoch 743 Relative Error 0.017383510246872902
Epoch 744 Relative Error 0.020131850615143776
Epoch 745 Relative Error 0.0221254900097847
Epoch 746 Relative Error 0.010783480480313301
Epoch 747 Relative Error 0.014746624045073986
Epoch 748 Relative Error 0.011968797072768211
Epoch 749 Relative Error 0.010619409382343292
Epoch 750 Relative Error 0.010377539321780205
Epoch 751 Relative Error 0.008902315981686115
Epoch 752 Relative Error 0.0070240674540400505
Epoch 753 Relative Error 0.007031125482171774
Epoch 754 Relative Error 0.0061281342059373856
Epoch 755 Relative Error 0.004616330843418837
Epoch 756 Relative Error 0.004219898954033852
Epoch 757 Relative Error 0.005936973728239536
Epoch 758 Relative Error 0.004306018818169832
Epoch 759 Relative Error 0.004606469999998808
Epoch 760 Relative Error 0.004426325671374798
Epoch 761 Relative Error 0.0043198405764997005
Epoch 762 Relative Error 0.003535436699166894
Epoch 763 Relative Error 0.002864329144358635
Epoch 764 Relative Error 0.0025745423045009375
Epoch 765 Relative Error 0.003485387656837702
Epoch 766 Relative Error 0.0024216892197728157
Epoch 767 Relative Error 0.002244334202259779
Epoch 768 Relative Error 0.002462510485202074
Epoch 769 Relative Error 0.0017578273545950651
Epoch 770 Relative Error 0.001299499999731779
Epoch 771 Relative Error 0.0013039861805737019
Epoch 772 Relative Error 0.0011621422600001097
Epoch 773 Relative Error 0.0011055116774514318
Epoch 774 Relative Error 0.0013269042829051614
Epoch 775 Relative Error 0.0014074724167585373
Epoch 776 Relative Error 0.0013593592448160052
Epoch 777 Relative Error 0.0015523872571066022
Epoch 778 Relative Error 0.0011424639960750937
Epoch 779 Relative Error 0.0015355909708887339
Epoch 780 Relative Error 0.0012696507619693875
Epoch 781 Relative Error 0.0011024978011846542
Epoch 782 Relative Error 0.0011045875726267695
Epoch 783 Relative Error 0.001276551280170679
Epoch 784 Relative Error 0.001009221887215972
Epoch 785 Relative Error 0.0008928817696869373
Epoch 786 Relative Error 0.0011275558499619365
Epoch 787 Relative Error 0.0012238838244229555
Epoch 788 Relative Error 0.001042403164319694
Epoch 789 Relative Error 0.0008943634456954896
Epoch 790 Relative Error 0.0007731185760349035
Epoch 791 Relative Error 0.0009063235484063625
Epoch 792 Relative Error 0.0008751700515858829
Epoch 793 Relative Error 0.0010129592847079039
Epoch 794 Relative Error 0.0007267626351676881
Epoch 795 Relative Error 0.0008039012900553644
Epoch 796 Relative Error 0.0005597634008154273
Epoch 797 Relative Error 0.0005209066439419985
Epoch 798 Relative Error 0.0005340715288184583
Epoch 799 Relative Error 0.00048758237971924245
Epoch 800 Relative Error 0.0004681639838963747
Epoch 801 Relative Error 0.0004079731006640941
Epoch 802 Relative Error 0.0004277659172657877
Epoch 803 Relative Error 0.0004804116615559906
Epoch 804 Relative Error 0.0004058112681377679
Epoch 805 Relative Error 0.00043061687028966844
Epoch 806 Relative Error 0.00042256308370269835
Epoch 807 Relative Error 0.0003448830102570355
Epoch 808 Relative Error 0.0003838825214188546
Epoch 809 Relative Error 0.0003774183860514313
Epoch 810 Relative Error 0.0003818075929302722
Epoch 811 Relative Error 0.0004000424814876169
Epoch 812 Relative Error 0.00038202834548428655
Epoch 813 Relative Error 0.00044533784966915846
Epoch 814 Relative Error 0.00047755264677107334
Epoch 815 Relative Error 0.0004199494142085314
Epoch 816 Relative Error 0.00041173017234541476
Epoch 817 Relative Error 0.000472487008664757
Epoch 818 Relative Error 0.0004542251699604094
Epoch 819 Relative Error 0.000422012060880661
Epoch 820 Relative Error 0.00038754407432861626
Epoch 821 Relative Error 0.00039965915493667126
Epoch 822 Relative Error 0.00041716621490195394
Epoch 823 Relative Error 0.0003721002140082419
Epoch 824 Relative Error 0.0003915359848178923
Epoch 825 Relative Error 0.0004629965696949512
Epoch 826 Relative Error 0.00043806800385937095
Epoch 827 Relative Error 0.0004295702383387834
Epoch 828 Relative Error 0.0005293890135362744
Epoch 829 Relative Error 0.0005057211965322495
Epoch 830 Relative Error 0.0004353105614427477
Epoch 831 Relative Error 0.0003926333738490939
Epoch 832 Relative Error 0.00039935941458679736
Epoch 833 Relative Error 0.000439195689978078
Epoch 834 Relative Error 0.0004169305902905762
Epoch 835 Relative Error 0.00044156081276014447
Epoch 836 Relative Error 0.0004408222157508135
Epoch 837 Relative Error 0.0004679498670157045
Epoch 838 Relative Error 0.00041155031067319214
Epoch 839 Relative Error 0.0003938334994018078
Epoch 840 Relative Error 0.00042189567466266453
Epoch 841 Relative Error 0.000437204260379076
Epoch 842 Relative Error 0.00038213806692510843
Epoch 843 Relative Error 0.00038855455932207406
Epoch 844 Relative Error 0.0004251550999470055
Epoch 845 Relative Error 0.00042117206612601876
Epoch 846 Relative Error 0.0003630135324783623
Epoch 847 Relative Error 0.00036553197423927486
Epoch 848 Relative Error 0.00036330625880509615
Epoch 849 Relative Error 0.00045035130460746586
Epoch 850 Relative Error 0.00032653732341714203
Epoch 851 Relative Error 0.0003703438560478389
Epoch 852 Relative Error 0.00039932908839546144
Epoch 853 Relative Error 0.0004323881585150957
Epoch 854 Relative Error 0.0004246650787536055
Epoch 855 Relative Error 0.0004680784768424928
Epoch 856 Relative Error 0.0004608418676070869
Epoch 857 Relative Error 0.00046891201054677367
Epoch 858 Relative Error 0.000471860432298854
Epoch 859 Relative Error 0.00041143351700156927
Epoch 860 Relative Error 0.00043605093378573656
Epoch 861 Relative Error 0.00041392073035240173
Epoch 862 Relative Error 0.0004689869820140302
Epoch 863 Relative Error 0.0004206520097795874
Epoch 864 Relative Error 0.0004208527971059084
Epoch 865 Relative Error 0.0004909088020212948
Epoch 866 Relative Error 0.0004826868243981153
Epoch 867 Relative Error 0.00047346216160804033
Epoch 868 Relative Error 0.0004831473052036017
Epoch 869 Relative Error 0.0003971597761847079
Epoch 870 Relative Error 0.0004034282173961401
Epoch 871 Relative Error 0.0004382935003377497
Epoch 872 Relative Error 0.0004053045413456857
Epoch 873 Relative Error 0.00040626036934554577
Epoch 874 Relative Error 0.00038636772660538554
Epoch 875 Relative Error 0.00038789588143117726
Epoch 876 Relative Error 0.0003946172073483467
Epoch 877 Relative Error 0.00034780779969878495
Epoch 878 Relative Error 0.000423210090957582
Epoch 879 Relative Error 0.0005020771641284227
Epoch 880 Relative Error 0.00035513582406565547
Epoch 881 Relative Error 0.00042593840043991804
Epoch 882 Relative Error 0.00043812248622998595
Epoch 883 Relative Error 0.0003908537910319865
Epoch 884 Relative Error 0.00048800534568727016
Epoch 885 Relative Error 0.00045317085459828377
Epoch 886 Relative Error 0.0003750711912289262
Epoch 887 Relative Error 0.00043652989552356303
Epoch 888 Relative Error 0.0004963128012605011
Epoch 889 Relative Error 0.0004760183801408857
Epoch 890 Relative Error 0.0004476101603358984
Epoch 891 Relative Error 0.00039293852751143277
Epoch 892 Relative Error 0.0003872103989124298
Epoch 893 Relative Error 0.00036141255986876786
Epoch 894 Relative Error 0.0003345169825479388
Epoch 895 Relative Error 0.0003534496354404837
Epoch 896 Relative Error 0.0004127268912270665
Epoch 897 Relative Error 0.0004420692566782236
Epoch 898 Relative Error 0.0003918241709470749
Epoch 899 Relative Error 0.000420619995566085
Epoch 900 Relative Error 0.0004587288131006062
Epoch 901 Relative Error 0.00041496107587590814
Epoch 902 Relative Error 0.0004765808116644621
Epoch 903 Relative Error 0.00041795571451075375
Epoch 904 Relative Error 0.0004705774481408298
Epoch 905 Relative Error 0.0004531382001005113
Epoch 906 Relative Error 0.000470775063149631
Epoch 907 Relative Error 0.00047641966375522316
Epoch 908 Relative Error 0.00039563648169860244
Epoch 909 Relative Error 0.0004503109084907919
Epoch 910 Relative Error 0.00042527096229605377
Epoch 911 Relative Error 0.0005048303864896297
Epoch 912 Relative Error 0.0004539818037301302
Epoch 913 Relative Error 0.0004678673285525292
Epoch 914 Relative Error 0.0004022008797619492
Epoch 915 Relative Error 0.0004258466651663184
Epoch 916 Relative Error 0.000404041085857898
Epoch 917 Relative Error 0.0003745855938177556
Epoch 918 Relative Error 0.0004151166940573603
Epoch 919 Relative Error 0.0004311312222853303
Epoch 920 Relative Error 0.00045129499631002545
Epoch 921 Relative Error 0.0004024005320388824
Epoch 922 Relative Error 0.000562922446988523
Epoch 923 Relative Error 0.000543970731087029
Epoch 924 Relative Error 0.0004917229525744915
Epoch 925 Relative Error 0.00042811193270608783
Epoch 926 Relative Error 0.0005121266003698111
Epoch 927 Relative Error 0.000506709679029882
Epoch 928 Relative Error 0.00042159133590757847
Epoch 929 Relative Error 0.00041126381256617606
Epoch 930 Relative Error 0.0003656477201730013
Epoch 931 Relative Error 0.0004403502680361271
Epoch 932 Relative Error 0.0003991270496044308
Epoch 933 Relative Error 0.00037775287637487054
Epoch 934 Relative Error 0.00041184169822372496
Epoch 935 Relative Error 0.0004008281393907964
Epoch 936 Relative Error 0.0003914721601177007
Epoch 937 Relative Error 0.000440271949628368
Epoch 938 Relative Error 0.0003538927994668484
Epoch 939 Relative Error 0.00036384459235705435
Epoch 940 Relative Error 0.0003775732475332916
Epoch 941 Relative Error 0.0004654117801692337
Epoch 942 Relative Error 0.00044309196528047323
Epoch 943 Relative Error 0.0004608591552823782
Epoch 944 Relative Error 0.0005044175777584314
Epoch 945 Relative Error 0.00048474271898157895
Epoch 946 Relative Error 0.00041812710696831346
Epoch 947 Relative Error 0.00041703679016791284
Epoch 948 Relative Error 0.0005745943635702133
Epoch 949 Relative Error 0.0005787342670373619
Epoch 950 Relative Error 0.0005733813741244376
Epoch 951 Relative Error 0.0005801364895887673
Epoch 952 Relative Error 0.0005630162777379155
Epoch 953 Relative Error 0.0005839974037371576
Epoch 954 Relative Error 0.00048543367302045226
Epoch 955 Relative Error 0.0005556091200560331
Epoch 956 Relative Error 0.0004319177533034235
Epoch 957 Relative Error 0.00047955731861293316
Epoch 958 Relative Error 0.0005408119177445769
Epoch 959 Relative Error 0.0005612882669083774
Epoch 960 Relative Error 0.0005218254518695176
Epoch 961 Relative Error 0.000579443178139627
Epoch 962 Relative Error 0.0006708184955641627
Epoch 963 Relative Error 0.0005092350183986127
Epoch 964 Relative Error 0.000498782901559025
Epoch 965 Relative Error 0.0004844388458877802
Epoch 966 Relative Error 0.0005141426809132099
Epoch 967 Relative Error 0.0004703390004578978
Epoch 968 Relative Error 0.0005537536926567554
Epoch 969 Relative Error 0.0005342654185369611
Epoch 970 Relative Error 0.0004891970311291516
Epoch 971 Relative Error 0.0005157999112270772
Epoch 972 Relative Error 0.0004431910056155175
Epoch 973 Relative Error 0.00047038047341629863
Epoch 974 Relative Error 0.0004839447501581162
Epoch 975 Relative Error 0.00047149151214398444
Epoch 976 Relative Error 0.000419874006183818
Epoch 977 Relative Error 0.0004250351630616933
Epoch 978 Relative Error 0.0005416043568402529
Epoch 979 Relative Error 0.0006046284106560051
Epoch 980 Relative Error 0.0005774044548161328
Epoch 981 Relative Error 0.0005209261435084045
Epoch 982 Relative Error 0.0005723361973650753
Epoch 983 Relative Error 0.0006528595695272088
Epoch 984 Relative Error 0.0006087291403673589
Epoch 985 Relative Error 0.0006138461176306009
Epoch 986 Relative Error 0.0005793446907773614
Epoch 987 Relative Error 0.000558847445063293
Epoch 988 Relative Error 0.0005454947240650654
Epoch 989 Relative Error 0.0004893146106041968
Epoch 990 Relative Error 0.000616099510807544
Epoch 991 Relative Error 0.0005429899320006371
Epoch 992 Relative Error 0.0007010136032477021
Epoch 993 Relative Error 0.0006381234852597117
Epoch 994 Relative Error 0.0005658695590682328
Epoch 995 Relative Error 0.0006610628333874047
Epoch 996 Relative Error 0.0006220466457307339
Epoch 997 Relative Error 0.0005656492430716753
Epoch 998 Relative Error 0.0006233254680410028
Epoch 999 Relative Error 0.0005752102588303387
Epoch 1000 Relative Error 0.0006845063762739301
RE (3, 4, 2, 0): 0.0002715812879614532
Green's Function RE (3, 4, 2, 0): 0.8861059546470642
Bias Term RE (3, 4, 2, 0): 0.7251111268997192
Combination (3, 4, 2, 0, 0): 0.8806935548782349
Combination (3, 4, 2, 0, 1): 0.8625421524047852
Combination (3, 4, 2, 0, 2): 0.8627793192863464
Combination (3, 4, 2, 0, 3): 0.8628584146499634
Combination (3, 4, 2, 0, 4): 0.8628976345062256

/home/gridsan/gstepaniants/.local/lib/python3.8/site-packages/torch/functional.py:478: UserWarning: torch.meshgrid: in an upcoming release, it will be required to pass the indexing argument. (Triggered internally at  ../aten/src/ATen/native/TensorShape.cpp:2895.)
  return _VF.meshgrid(tensors, **kwargs)  # type: ignore[attr-defined]
