[KeOps] Warning : Cuda libraries were not detected on the system ; using cpu only mode
1
Kernel: Exponential
Weight Mesh: 40
RKHS Kernel Width: 0.6000000000000001
Lambda: 1e-06
Green's Function Learning Rate: 100
Bias Term Learning Rate: 100
Epoch 1 Relative Error 25919.521484375
First epoch had re = 25919.521484375 > 1
Green's Function Learning Rate: 50
Bias Term Learning Rate: 50
Epoch 1 Relative Error 14231.2177734375
First epoch had re = 14231.2177734375 > 1
Green's Function Learning Rate: 10
Bias Term Learning Rate: 10
Epoch 1 Relative Error 1993.0218505859375
First epoch had re = 1993.0218505859375 > 1
Green's Function Learning Rate: 5
Bias Term Learning Rate: 5
Epoch 1 Relative Error 1223.2828369140625
First epoch had re = 1223.2828369140625 > 1
Green's Function Learning Rate: 1
Bias Term Learning Rate: 1
Epoch 1 Relative Error 240.83447265625
First epoch had re = 240.83447265625 > 1
Green's Function Learning Rate: 0.5
Bias Term Learning Rate: 0.5
Epoch 1 Relative Error 111.36055755615234
First epoch had re = 111.36055755615234 > 1
Green's Function Learning Rate: 0.1
Bias Term Learning Rate: 0.1
Epoch 1 Relative Error 22.534568786621094
First epoch had re = 22.534568786621094 > 1
Green's Function Learning Rate: 0.05
Bias Term Learning Rate: 0.05
Epoch 1 Relative Error 9.482802391052246
First epoch had re = 9.482802391052246 > 1
Green's Function Learning Rate: 0.01
Bias Term Learning Rate: 0.01
Epoch 1 Relative Error 1.6577366590499878
First epoch had re = 1.6577366590499878 > 1
Green's Function Learning Rate: 0.005
Bias Term Learning Rate: 0.005
Epoch 1 Relative Error 0.8454344272613525
Epoch 2 Relative Error 0.9005072116851807
Epoch 3 Relative Error 0.643468976020813
Epoch 4 Relative Error 0.6262257099151611
Epoch 5 Relative Error 0.6028057932853699
Epoch 6 Relative Error 0.5221473574638367
Epoch 7 Relative Error 0.5484227538108826
Epoch 8 Relative Error 0.4687657058238983
Epoch 9 Relative Error 0.46326208114624023
Epoch 10 Relative Error 0.4526931345462799
Epoch 11 Relative Error 0.41837847232818604
Epoch 12 Relative Error 0.4185425639152527
Epoch 13 Relative Error 0.407914400100708
Epoch 14 Relative Error 0.3940379023551941
Epoch 15 Relative Error 0.39117226004600525
Epoch 16 Relative Error 0.3870193064212799
Epoch 17 Relative Error 0.38131949305534363
Epoch 18 Relative Error 0.37652459740638733
Epoch 19 Relative Error 0.3732620179653168
Epoch 20 Relative Error 0.37089070677757263
Epoch 21 Relative Error 0.3690042197704315
Epoch 22 Relative Error 0.36290985345840454
Epoch 23 Relative Error 0.3594970405101776
Epoch 24 Relative Error 0.35593947768211365
Epoch 25 Relative Error 0.3536551892757416
Epoch 26 Relative Error 0.3495306670665741
Epoch 27 Relative Error 0.34495994448661804
Epoch 28 Relative Error 0.3435700535774231
Epoch 29 Relative Error 0.3378264307975769
Epoch 30 Relative Error 0.33543121814727783
Epoch 31 Relative Error 0.33505043387413025
Epoch 32 Relative Error 0.3310694098472595
Epoch 33 Relative Error 0.3246385157108307
Epoch 34 Relative Error 0.319947212934494
Epoch 35 Relative Error 0.3175205588340759
Epoch 36 Relative Error 0.31330588459968567
Epoch 37 Relative Error 0.30981209874153137
Epoch 38 Relative Error 0.30635103583335876
Epoch 39 Relative Error 0.3033231198787689
Epoch 40 Relative Error 0.3008231222629547
Epoch 41 Relative Error 0.29693156480789185
Epoch 42 Relative Error 0.29389703273773193
Epoch 43 Relative Error 0.29197245836257935
Epoch 44 Relative Error 0.2883186340332031
Epoch 45 Relative Error 0.28552213311195374
Epoch 46 Relative Error 0.2849212884902954
Epoch 47 Relative Error 0.285495400428772
Epoch 48 Relative Error 0.2867572605609894
Epoch 49 Relative Error 0.2805086374282837
Epoch 50 Relative Error 0.27371156215667725
Epoch 51 Relative Error 0.27010801434516907
Epoch 52 Relative Error 0.26711541414260864
Epoch 53 Relative Error 0.26537710428237915
Epoch 54 Relative Error 0.26300811767578125
Epoch 55 Relative Error 0.25958824157714844
Epoch 56 Relative Error 0.2563859820365906
Epoch 57 Relative Error 0.25446173548698425
Epoch 58 Relative Error 0.2520330548286438
Epoch 59 Relative Error 0.2497418373823166
Epoch 60 Relative Error 0.24738293886184692
Epoch 61 Relative Error 0.24903838336467743
Epoch 62 Relative Error 0.24493616819381714
Epoch 63 Relative Error 0.2427138239145279
Epoch 64 Relative Error 0.24351774156093597
Epoch 65 Relative Error 0.24231493473052979
Epoch 66 Relative Error 0.24129875004291534
Epoch 67 Relative Error 0.23464779555797577
Epoch 68 Relative Error 0.23251000046730042
Epoch 69 Relative Error 0.23032379150390625
Epoch 70 Relative Error 0.22884288430213928
Epoch 71 Relative Error 0.22716577351093292
Epoch 72 Relative Error 0.2258608341217041
Epoch 73 Relative Error 0.22520411014556885
Epoch 74 Relative Error 0.22323577105998993
Epoch 75 Relative Error 0.2217104583978653
Epoch 76 Relative Error 0.2198091596364975
Epoch 77 Relative Error 0.21857114136219025
Epoch 78 Relative Error 0.2178768813610077
Epoch 79 Relative Error 0.21961098909378052
Epoch 80 Relative Error 0.21784868836402893
Epoch 81 Relative Error 0.21636556088924408
Epoch 82 Relative Error 0.21464158594608307
Epoch 83 Relative Error 0.21120932698249817
Epoch 84 Relative Error 0.20975105464458466
Epoch 85 Relative Error 0.20861408114433289
Epoch 86 Relative Error 0.20889267325401306
Epoch 87 Relative Error 0.20815138518810272
Epoch 88 Relative Error 0.20598165690898895
Epoch 89 Relative Error 0.2047678530216217
Epoch 90 Relative Error 0.2041023224592209
Epoch 91 Relative Error 0.2028343677520752
Epoch 92 Relative Error 0.20229370892047882
Epoch 93 Relative Error 0.20062567293643951
Epoch 94 Relative Error 0.1998092234134674
Epoch 95 Relative Error 0.19937366247177124
Epoch 96 Relative Error 0.19817540049552917
Epoch 97 Relative Error 0.19709396362304688
Epoch 98 Relative Error 0.1961744874715805
Epoch 99 Relative Error 0.19648565351963043
Epoch 100 Relative Error 0.19552063941955566
Epoch 101 Relative Error 0.19588905572891235
Epoch 102 Relative Error 0.19338780641555786
Epoch 103 Relative Error 0.19310356676578522
Epoch 104 Relative Error 0.1922176033258438
Epoch 105 Relative Error 0.1915082037448883
Epoch 106 Relative Error 0.19207803905010223
Epoch 107 Relative Error 0.19085313379764557
Epoch 108 Relative Error 0.18874627351760864
Epoch 109 Relative Error 0.18814818561077118
Epoch 110 Relative Error 0.1875331550836563
Epoch 111 Relative Error 0.1876954734325409
Epoch 112 Relative Error 0.1860560029745102
Epoch 113 Relative Error 0.1854720264673233
Epoch 114 Relative Error 0.18698982894420624
Epoch 115 Relative Error 0.1846550703048706
Epoch 116 Relative Error 0.18387676775455475
Epoch 117 Relative Error 0.18318428099155426
Epoch 118 Relative Error 0.18304294347763062
Epoch 119 Relative Error 0.18197058141231537
Epoch 120 Relative Error 0.18183960020542145
Epoch 121 Relative Error 0.1825300008058548
Epoch 122 Relative Error 0.18296995759010315
Epoch 123 Relative Error 0.1821790337562561
Epoch 124 Relative Error 0.17946277558803558
Epoch 125 Relative Error 0.17903704941272736
Epoch 126 Relative Error 0.1786915361881256
Epoch 127 Relative Error 0.1787467896938324
Epoch 128 Relative Error 0.17758753895759583
Epoch 129 Relative Error 0.17706534266471863
Epoch 130 Relative Error 0.17702439427375793
Epoch 131 Relative Error 0.17612482607364655
Epoch 132 Relative Error 0.18239213526248932
Epoch 133 Relative Error 0.17655888199806213
Epoch 134 Relative Error 0.17554590106010437
Epoch 135 Relative Error 0.1743774116039276
Epoch 136 Relative Error 0.1762552261352539
Epoch 137 Relative Error 0.17717687785625458
Epoch 138 Relative Error 0.17288078367710114
Epoch 139 Relative Error 0.1717209368944168
Epoch 140 Relative Error 0.17439086735248566
Epoch 141 Relative Error 0.1743963658809662
Epoch 142 Relative Error 0.1705421805381775
Epoch 143 Relative Error 0.16994957625865936
Epoch 144 Relative Error 0.17023295164108276
Epoch 145 Relative Error 0.16918066143989563
Epoch 146 Relative Error 0.16861237585544586
Epoch 147 Relative Error 0.1690514236688614
Epoch 148 Relative Error 0.17192406952381134
Epoch 149 Relative Error 0.16745653748512268
Epoch 150 Relative Error 0.16779333353042603
Epoch 151 Relative Error 0.16663280129432678
Epoch 152 Relative Error 0.16834665834903717
Epoch 153 Relative Error 0.1669660359621048
Epoch 154 Relative Error 0.1658230721950531
Epoch 155 Relative Error 0.16496513783931732
Epoch 156 Relative Error 0.16555166244506836
Epoch 157 Relative Error 0.1673288196325302
Epoch 158 Relative Error 0.16427089273929596
Epoch 159 Relative Error 0.16336922347545624
Epoch 160 Relative Error 0.16325685381889343
Epoch 161 Relative Error 0.16336320340633392
Epoch 162 Relative Error 0.16391022503376007
Epoch 163 Relative Error 0.16467469930648804
Epoch 164 Relative Error 0.1616443395614624
Epoch 165 Relative Error 0.16141697764396667
Epoch 166 Relative Error 0.1629306972026825
Epoch 167 Relative Error 0.16058118641376495
Epoch 168 Relative Error 0.16011150181293488
Epoch 169 Relative Error 0.15983958542346954
Epoch 170 Relative Error 0.16147638857364655
Epoch 171 Relative Error 0.15894368290901184
Epoch 172 Relative Error 0.15998585522174835
Epoch 173 Relative Error 0.15980497002601624
Epoch 174 Relative Error 0.1577463001012802
Epoch 175 Relative Error 0.15751060843467712
Epoch 176 Relative Error 0.15872754156589508
Epoch 177 Relative Error 0.15685154497623444
Epoch 178 Relative Error 0.15739062428474426
Epoch 179 Relative Error 0.15786229074001312
Epoch 180 Relative Error 0.15585599839687347
Epoch 181 Relative Error 0.1556684970855713
Epoch 182 Relative Error 0.15576651692390442
Epoch 183 Relative Error 0.15487203001976013
Epoch 184 Relative Error 0.15489991009235382
Epoch 185 Relative Error 0.15415173768997192
Epoch 186 Relative Error 0.15378020703792572
Epoch 187 Relative Error 0.1535147726535797
Epoch 188 Relative Error 0.1537996381521225
Epoch 189 Relative Error 0.15278112888336182
Epoch 190 Relative Error 0.15361668169498444
Epoch 191 Relative Error 0.15233652293682098
Epoch 192 Relative Error 0.15180768072605133
Epoch 193 Relative Error 0.1518004685640335
Epoch 194 Relative Error 0.15337026119232178
Epoch 195 Relative Error 0.15225622057914734
Epoch 196 Relative Error 0.15108460187911987
Epoch 197 Relative Error 0.151987224817276
Epoch 198 Relative Error 0.15114936232566833
Epoch 199 Relative Error 0.15086431801319122
Epoch 200 Relative Error 0.15220430493354797
Epoch 201 Relative Error 0.14941918849945068
Epoch 202 Relative Error 0.14887826144695282
Epoch 203 Relative Error 0.15163008868694305
Epoch 204 Relative Error 0.14815577864646912
Epoch 205 Relative Error 0.1481981873512268
Epoch 206 Relative Error 0.14851295948028564
Epoch 207 Relative Error 0.14790351688861847
Epoch 208 Relative Error 0.14759953320026398
Epoch 209 Relative Error 0.1471172273159027
Epoch 210 Relative Error 0.1476886123418808
Epoch 211 Relative Error 0.14658604562282562
Epoch 212 Relative Error 0.1459912359714508
Epoch 213 Relative Error 0.14739035069942474
Epoch 214 Relative Error 0.14542289078235626
Epoch 215 Relative Error 0.14572776854038239
Epoch 216 Relative Error 0.147877499461174
Epoch 217 Relative Error 0.14549942314624786
Epoch 218 Relative Error 0.14492085576057434
Epoch 219 Relative Error 0.15714605152606964
Epoch 220 Relative Error 0.14526164531707764
Epoch 221 Relative Error 0.1436532586812973
Epoch 222 Relative Error 0.14978432655334473
Epoch 223 Relative Error 0.1444304883480072
Epoch 224 Relative Error 0.14405417442321777
Epoch 225 Relative Error 0.14488975703716278
Epoch 226 Relative Error 0.14323005080223083
Epoch 227 Relative Error 0.14338742196559906
Epoch 228 Relative Error 0.1450410932302475
Epoch 229 Relative Error 0.14162981510162354
Epoch 230 Relative Error 0.14127950370311737
Epoch 231 Relative Error 0.14133213460445404
Epoch 232 Relative Error 0.14098934829235077
Epoch 233 Relative Error 0.14261862635612488
Epoch 234 Relative Error 0.14023934304714203
Epoch 235 Relative Error 0.14168325066566467
Epoch 236 Relative Error 0.14038817584514618
Epoch 237 Relative Error 0.13994145393371582
Epoch 238 Relative Error 0.13925686478614807
Epoch 239 Relative Error 0.1390710026025772
Epoch 240 Relative Error 0.13884495198726654
Epoch 241 Relative Error 0.141548752784729
Epoch 242 Relative Error 0.13974064588546753
Epoch 243 Relative Error 0.14139322936534882
Epoch 244 Relative Error 0.13803665339946747
Epoch 245 Relative Error 0.13817794620990753
Epoch 246 Relative Error 0.13797543942928314
Epoch 247 Relative Error 0.13739405572414398
Epoch 248 Relative Error 0.13703759014606476
Epoch 249 Relative Error 0.1373710185289383
Epoch 250 Relative Error 0.13723379373550415
Epoch 251 Relative Error 0.1374649554491043
Epoch 252 Relative Error 0.13737650215625763
Epoch 253 Relative Error 0.1371878683567047
Epoch 254 Relative Error 0.13665783405303955
Epoch 255 Relative Error 0.13617601990699768
Epoch 256 Relative Error 0.13609085977077484
Epoch 257 Relative Error 0.13646218180656433
Epoch 258 Relative Error 0.1347973644733429
Epoch 259 Relative Error 0.13471809029579163
Epoch 260 Relative Error 0.13580165803432465
Epoch 261 Relative Error 0.1344214379787445
Epoch 262 Relative Error 0.13411174714565277
Epoch 263 Relative Error 0.13384264707565308
Epoch 264 Relative Error 0.13400007784366608
Epoch 265 Relative Error 0.1342245191335678
Epoch 266 Relative Error 0.13402758538722992
Epoch 267 Relative Error 0.1337764859199524
Epoch 268 Relative Error 0.13461799919605255
Epoch 269 Relative Error 0.13321098685264587
Epoch 270 Relative Error 0.13431131839752197
Epoch 271 Relative Error 0.13280440866947174
Epoch 272 Relative Error 0.13282757997512817
Epoch 273 Relative Error 0.1320381611585617
Epoch 274 Relative Error 0.13165827095508575
Epoch 275 Relative Error 0.1319090574979782
Epoch 276 Relative Error 0.13171891868114471
Epoch 277 Relative Error 0.13745565712451935
Epoch 278 Relative Error 0.13150645792484283
Epoch 279 Relative Error 0.13106487691402435
Epoch 280 Relative Error 0.1314818561077118
Epoch 281 Relative Error 0.13084280490875244
Epoch 282 Relative Error 0.13593389093875885
Epoch 283 Relative Error 0.13387185335159302
Epoch 284 Relative Error 0.13283464312553406
Epoch 285 Relative Error 0.13030575215816498
Epoch 286 Relative Error 0.12940780818462372
Epoch 287 Relative Error 0.13022541999816895
Epoch 288 Relative Error 0.12908178567886353
Epoch 289 Relative Error 0.12959334254264832
Epoch 290 Relative Error 0.12880824506282806
Epoch 291 Relative Error 0.12869426608085632
Epoch 292 Relative Error 0.12831546366214752
Epoch 293 Relative Error 0.12831081449985504
Epoch 294 Relative Error 0.12857326865196228
Epoch 295 Relative Error 0.12813736498355865
Epoch 296 Relative Error 0.12785682082176208
Epoch 297 Relative Error 0.1280018836259842
Epoch 298 Relative Error 0.12872464954853058
Epoch 299 Relative Error 0.12718796730041504
Epoch 300 Relative Error 0.12705498933792114
Epoch 301 Relative Error 0.12674325704574585
Epoch 302 Relative Error 0.1273762285709381
Epoch 303 Relative Error 0.12672141194343567
Epoch 304 Relative Error 0.1267126053571701
Epoch 305 Relative Error 0.12650254368782043
Epoch 306 Relative Error 0.12645559012889862
Epoch 307 Relative Error 0.12592048943042755
Epoch 308 Relative Error 0.1259511560201645
Epoch 309 Relative Error 0.12665387988090515
Epoch 310 Relative Error 0.12648725509643555
Epoch 311 Relative Error 0.12641020119190216
Epoch 312 Relative Error 0.1265590339899063
Epoch 313 Relative Error 0.12525925040245056
Epoch 314 Relative Error 0.1252141147851944
Epoch 315 Relative Error 0.12479663640260696
Epoch 316 Relative Error 0.1259402334690094
Epoch 317 Relative Error 0.12479046732187271
Epoch 318 Relative Error 0.12566718459129333
Epoch 319 Relative Error 0.12426085025072098
Epoch 320 Relative Error 0.12405763566493988
Epoch 321 Relative Error 0.12393133342266083
Epoch 322 Relative Error 0.12355028092861176
Epoch 323 Relative Error 0.12344521284103394
Epoch 324 Relative Error 0.12320481985807419
Epoch 325 Relative Error 0.12300615012645721
Epoch 326 Relative Error 0.12329619377851486
Epoch 327 Relative Error 0.12325632572174072
Epoch 328 Relative Error 0.12319479882717133
Epoch 329 Relative Error 0.12249995768070221
Epoch 330 Relative Error 0.12228918820619583
Epoch 331 Relative Error 0.12216678261756897
Epoch 332 Relative Error 0.12294234335422516
Epoch 333 Relative Error 0.1219540387392044
Epoch 334 Relative Error 0.12379243969917297
Epoch 335 Relative Error 0.12181113660335541
Epoch 336 Relative Error 0.12154076248407364
Epoch 337 Relative Error 0.12134405225515366
Epoch 338 Relative Error 0.12115246057510376
Epoch 339 Relative Error 0.1234552338719368
Epoch 340 Relative Error 0.12421092391014099
Epoch 341 Relative Error 0.12276194244623184
Epoch 342 Relative Error 0.1208127811551094
Epoch 343 Relative Error 0.1220836266875267
Epoch 344 Relative Error 0.1205325648188591
Epoch 345 Relative Error 0.12110287696123123
Epoch 346 Relative Error 0.1203741729259491
Epoch 347 Relative Error 0.12050016969442368
Epoch 348 Relative Error 0.12023036926984787
Epoch 349 Relative Error 0.11980640888214111
Epoch 350 Relative Error 0.12003574520349503
Epoch 351 Relative Error 0.12012563645839691
Epoch 352 Relative Error 0.11948056519031525
Epoch 353 Relative Error 0.12072353065013885
Epoch 354 Relative Error 0.11932476609945297
Epoch 355 Relative Error 0.11962903290987015
Epoch 356 Relative Error 0.11953582614660263
Epoch 357 Relative Error 0.11991982907056808
Epoch 358 Relative Error 0.12071414291858673
Epoch 359 Relative Error 0.11919967085123062
Epoch 360 Relative Error 0.12153349071741104
Epoch 361 Relative Error 0.12706010043621063
Epoch 362 Relative Error 0.11877717077732086
Epoch 363 Relative Error 0.1194777712225914
Epoch 364 Relative Error 0.12128519266843796
Epoch 365 Relative Error 0.1183241605758667
Epoch 366 Relative Error 0.11873838305473328
Epoch 367 Relative Error 0.11827755719423294
Epoch 368 Relative Error 0.11881310492753983
Epoch 369 Relative Error 0.11751672625541687
Epoch 370 Relative Error 0.1174011304974556
Epoch 371 Relative Error 0.11734417080879211
Epoch 372 Relative Error 0.11736337095499039
Epoch 373 Relative Error 0.1175229400396347
Epoch 374 Relative Error 0.11663434654474258
Epoch 375 Relative Error 0.11670981347560883
Epoch 376 Relative Error 0.11642131209373474
Epoch 377 Relative Error 0.11678294837474823
Epoch 378 Relative Error 0.1166539117693901
Epoch 379 Relative Error 0.11648290604352951
Epoch 380 Relative Error 0.11709164828062057
Epoch 381 Relative Error 0.12167093902826309
Epoch 382 Relative Error 0.11739145964384079
Epoch 383 Relative Error 0.12513110041618347
Epoch 384 Relative Error 0.12172684073448181
Epoch 385 Relative Error 0.12811453640460968
Epoch 386 Relative Error 0.12640103697776794
Epoch 387 Relative Error 0.12566378712654114
Epoch 388 Relative Error 0.11786296963691711
Epoch 389 Relative Error 0.11700289696455002
Epoch 390 Relative Error 0.11623033881187439
Epoch 391 Relative Error 0.11504540592432022
Epoch 392 Relative Error 0.11482074856758118
Epoch 393 Relative Error 0.11514175683259964
Epoch 394 Relative Error 0.11570441722869873
Epoch 395 Relative Error 0.11496158689260483
Epoch 396 Relative Error 0.11589283496141434
Epoch 397 Relative Error 0.1181461438536644
Epoch 398 Relative Error 0.11655202507972717
Epoch 399 Relative Error 0.11777491122484207
Epoch 400 Relative Error 0.11792796105146408
Epoch 401 Relative Error 0.1167696863412857
Epoch 402 Relative Error 0.11471864581108093
Epoch 403 Relative Error 0.11400982737541199
Epoch 404 Relative Error 0.11574768275022507
Epoch 405 Relative Error 0.11416728049516678
Epoch 406 Relative Error 0.11367025971412659
Epoch 407 Relative Error 0.11494365334510803
Epoch 408 Relative Error 0.11321129649877548
Epoch 409 Relative Error 0.11299566924571991
Epoch 410 Relative Error 0.11278172582387924
Epoch 411 Relative Error 0.1136457622051239
Epoch 412 Relative Error 0.11504334956407547
Epoch 413 Relative Error 0.11804045736789703
Epoch 414 Relative Error 0.11291853338479996
Epoch 415 Relative Error 0.11239473521709442
Epoch 416 Relative Error 0.11359836906194687
Epoch 417 Relative Error 0.11218630522489548
Epoch 418 Relative Error 0.1122083067893982
Epoch 419 Relative Error 0.11204501241445541
Epoch 420 Relative Error 0.11220391094684601
Epoch 421 Relative Error 0.11242856830358505
Epoch 422 Relative Error 0.11178262531757355
Epoch 423 Relative Error 0.11173975467681885
Epoch 424 Relative Error 0.11178573966026306
Epoch 425 Relative Error 0.11151143908500671
Epoch 426 Relative Error 0.11163952201604843
Epoch 427 Relative Error 0.11199810355901718
Epoch 428 Relative Error 0.11181391775608063
Epoch 429 Relative Error 0.11117734760046005
Epoch 430 Relative Error 0.11110112071037292
Epoch 431 Relative Error 0.11128778010606766
Epoch 432 Relative Error 0.11122250556945801
Epoch 433 Relative Error 0.11081423610448837
Epoch 434 Relative Error 0.11073377728462219
Epoch 435 Relative Error 0.11106206476688385
Epoch 436 Relative Error 0.11042474210262299
Epoch 437 Relative Error 0.11024520546197891
Epoch 438 Relative Error 0.11038634181022644
Epoch 439 Relative Error 0.11009741574525833
Epoch 440 Relative Error 0.11090035736560822
Epoch 441 Relative Error 0.10994338244199753
Epoch 442 Relative Error 0.11025058478116989
Epoch 443 Relative Error 0.1098136231303215
Epoch 444 Relative Error 0.11282636225223541
Epoch 445 Relative Error 0.11194866895675659
Epoch 446 Relative Error 0.1098974198102951
Epoch 447 Relative Error 0.10973735898733139
Epoch 448 Relative Error 0.10990358889102936
Epoch 449 Relative Error 0.11015177518129349
Epoch 450 Relative Error 0.11003229767084122
Epoch 451 Relative Error 0.10920161008834839
Epoch 452 Relative Error 0.11013714969158173
Epoch 453 Relative Error 0.1092972680926323
Epoch 454 Relative Error 0.11032931506633759
Epoch 455 Relative Error 0.10914120078086853
Epoch 456 Relative Error 0.10877466946840286
Epoch 457 Relative Error 0.10858771950006485
Epoch 458 Relative Error 0.10973955690860748
Epoch 459 Relative Error 0.10861174762248993
Epoch 460 Relative Error 0.10961800813674927
Epoch 461 Relative Error 0.10990083962678909
Epoch 462 Relative Error 0.11082134395837784
Epoch 463 Relative Error 0.11144841462373734
Epoch 464 Relative Error 0.1099085658788681
Epoch 465 Relative Error 0.10945425182580948
Epoch 466 Relative Error 0.10895828157663345
Epoch 467 Relative Error 0.10780956596136093
Epoch 468 Relative Error 0.10782836377620697
Epoch 469 Relative Error 0.10767100751399994
Epoch 470 Relative Error 0.10755019634962082
Epoch 471 Relative Error 0.10758194327354431
Epoch 472 Relative Error 0.10750678926706314
Epoch 473 Relative Error 0.10800866037607193
Epoch 474 Relative Error 0.10746590048074722
Epoch 475 Relative Error 0.10742565989494324
Epoch 476 Relative Error 0.1074720248579979
Epoch 477 Relative Error 0.10721347481012344
Epoch 478 Relative Error 0.10684048384428024
Epoch 479 Relative Error 0.1077682226896286
Epoch 480 Relative Error 0.10851889103651047
Epoch 481 Relative Error 0.10918276757001877
Epoch 482 Relative Error 0.10883250087499619
Epoch 483 Relative Error 0.10722659528255463
Epoch 484 Relative Error 0.10644631087779999
Epoch 485 Relative Error 0.10648933798074722
Epoch 486 Relative Error 0.10643202811479568
Epoch 487 Relative Error 0.1068481057882309
Epoch 488 Relative Error 0.10607758164405823
Epoch 489 Relative Error 0.1065916195511818
Epoch 490 Relative Error 0.10599101334810257
Epoch 491 Relative Error 0.1058579757809639
Epoch 492 Relative Error 0.10624482482671738
Epoch 493 Relative Error 0.10696281492710114
Epoch 494 Relative Error 0.10565656423568726
Epoch 495 Relative Error 0.10579001158475876
Epoch 496 Relative Error 0.10595954209566116
Epoch 497 Relative Error 0.10927603393793106
Epoch 498 Relative Error 0.10792103409767151
Epoch 499 Relative Error 0.10606123507022858
Epoch 500 Relative Error 0.10628412663936615
Epoch 501 Relative Error 0.10802570730447769
Epoch 502 Relative Error 0.1064436212182045
Epoch 503 Relative Error 0.10642820596694946
Epoch 504 Relative Error 0.105257049202919
Epoch 505 Relative Error 0.10515069216489792
Epoch 506 Relative Error 0.1048225536942482
Epoch 507 Relative Error 0.10698412358760834
Epoch 508 Relative Error 0.10542170703411102
Epoch 509 Relative Error 0.10613439232110977
Epoch 510 Relative Error 0.10503342002630234
Epoch 511 Relative Error 0.10479602217674255
Epoch 512 Relative Error 0.10441385209560394
Epoch 513 Relative Error 0.10450845956802368
Epoch 514 Relative Error 0.10506576299667358
Epoch 515 Relative Error 0.1042102798819542
Epoch 516 Relative Error 0.10476485639810562
Epoch 517 Relative Error 0.10472489893436432
Epoch 518 Relative Error 0.10542695224285126
Epoch 519 Relative Error 0.10512124001979828
Epoch 520 Relative Error 0.1057574599981308
Epoch 521 Relative Error 0.10773704946041107
Epoch 522 Relative Error 0.11227370798587799
Epoch 523 Relative Error 0.10829637944698334
Epoch 524 Relative Error 0.10548833757638931
Epoch 525 Relative Error 0.1060790866613388
Epoch 526 Relative Error 0.10371044278144836
Epoch 527 Relative Error 0.10528222471475601
Epoch 528 Relative Error 0.10562719404697418
Epoch 529 Relative Error 0.10385369509458542
Epoch 530 Relative Error 0.1034201979637146
Epoch 531 Relative Error 0.103209488093853
Epoch 532 Relative Error 0.10327854007482529
Epoch 533 Relative Error 0.10339709371328354
Epoch 534 Relative Error 0.10330507904291153
Epoch 535 Relative Error 0.10315261036157608
Epoch 536 Relative Error 0.1030079647898674
Epoch 537 Relative Error 0.1034737154841423
Epoch 538 Relative Error 0.10282717645168304
Epoch 539 Relative Error 0.1026415154337883
Epoch 540 Relative Error 0.10261104255914688
Epoch 541 Relative Error 0.10306213796138763
Epoch 542 Relative Error 0.10296208411455154
Epoch 543 Relative Error 0.10267624258995056
Epoch 544 Relative Error 0.10238656401634216
Epoch 545 Relative Error 0.10221786051988602
Epoch 546 Relative Error 0.10316648334264755
Epoch 547 Relative Error 0.10261495411396027
Epoch 548 Relative Error 0.10241401940584183
Epoch 549 Relative Error 0.10199223458766937
Epoch 550 Relative Error 0.10205861181020737
Epoch 551 Relative Error 0.10192816704511642
Epoch 552 Relative Error 0.10190131515264511
Epoch 553 Relative Error 0.10254506021738052
Epoch 554 Relative Error 0.102525994181633
Epoch 555 Relative Error 0.1017506867647171
Epoch 556 Relative Error 0.10161226242780685
Epoch 557 Relative Error 0.10174115747213364
Epoch 558 Relative Error 0.10143030434846878
Epoch 559 Relative Error 0.10135786235332489
Epoch 560 Relative Error 0.10150842368602753
Epoch 561 Relative Error 0.10172031074762344
Epoch 562 Relative Error 0.10131923854351044
Epoch 563 Relative Error 0.10125281661748886
Epoch 564 Relative Error 0.1010553240776062
Epoch 565 Relative Error 0.10136255621910095
Epoch 566 Relative Error 0.10138224065303802
Epoch 567 Relative Error 0.10153301805257797
Epoch 568 Relative Error 0.1015077754855156
Epoch 569 Relative Error 0.1007639691233635
Epoch 570 Relative Error 0.1010497659444809
Epoch 571 Relative Error 0.1009003221988678
Epoch 572 Relative Error 0.10090789943933487
Epoch 573 Relative Error 0.10359890013933182
Epoch 574 Relative Error 0.10118862986564636
Epoch 575 Relative Error 0.10089203715324402
Epoch 576 Relative Error 0.10040828585624695
Epoch 577 Relative Error 0.10074643790721893
Epoch 578 Relative Error 0.10049464553594589
Epoch 579 Relative Error 0.10044264793395996
Epoch 580 Relative Error 0.1005815789103508
Epoch 581 Relative Error 0.10195436328649521
Epoch 582 Relative Error 0.10010582208633423
Epoch 583 Relative Error 0.10063690692186356
Epoch 584 Relative Error 0.10128669440746307
Epoch 585 Relative Error 0.09985079616308212
Epoch 586 Relative Error 0.10010510683059692
Epoch 587 Relative Error 0.09984267503023148
Epoch 588 Relative Error 0.09967566281557083
Epoch 589 Relative Error 0.1001732274889946
Epoch 590 Relative Error 0.09980246424674988
Epoch 591 Relative Error 0.09965865314006805
Epoch 592 Relative Error 0.10070644319057465
Epoch 593 Relative Error 0.09948956966400146
Epoch 594 Relative Error 0.09941612184047699
Epoch 595 Relative Error 0.09970057010650635
Epoch 596 Relative Error 0.09925144165754318
Epoch 597 Relative Error 0.0994919091463089
Epoch 598 Relative Error 0.101280577480793
Epoch 599 Relative Error 0.10178608447313309
Epoch 600 Relative Error 0.10196512192487717
Epoch 601 Relative Error 0.1018662229180336
Epoch 602 Relative Error 0.1043114960193634
Epoch 603 Relative Error 0.10047566890716553
Epoch 604 Relative Error 0.10242001712322235
Epoch 605 Relative Error 0.0996379628777504
Epoch 606 Relative Error 0.0989774614572525
Epoch 607 Relative Error 0.09886978566646576
Epoch 608 Relative Error 0.0988176092505455
Epoch 609 Relative Error 0.0987144485116005
Epoch 610 Relative Error 0.09854743629693985
Epoch 611 Relative Error 0.09841311722993851
Epoch 612 Relative Error 0.09834638983011246
Epoch 613 Relative Error 0.09834205359220505
Epoch 614 Relative Error 0.0987698882818222
Epoch 615 Relative Error 0.09836674481630325
Epoch 616 Relative Error 0.0988827496767044
Epoch 617 Relative Error 0.09841959923505783
Epoch 618 Relative Error 0.09842463582754135
Epoch 619 Relative Error 0.09804179519414902
Epoch 620 Relative Error 0.09804685413837433
Epoch 621 Relative Error 0.09810348600149155
Epoch 622 Relative Error 0.09831664711236954
Epoch 623 Relative Error 0.1012643352150917
Epoch 624 Relative Error 0.09805672615766525
Epoch 625 Relative Error 0.09768933802843094
Epoch 626 Relative Error 0.097895048558712
Epoch 627 Relative Error 0.0980667918920517
Epoch 628 Relative Error 0.09769867360591888
Epoch 629 Relative Error 0.09750840812921524
Epoch 630 Relative Error 0.09878724068403244
Epoch 631 Relative Error 0.0977860763669014
Epoch 632 Relative Error 0.09740855544805527
Epoch 633 Relative Error 0.09744833409786224
Epoch 634 Relative Error 0.09744887053966522
Epoch 635 Relative Error 0.09734136611223221
Epoch 636 Relative Error 0.0971553847193718
Epoch 637 Relative Error 0.09745769947767258
Epoch 638 Relative Error 0.09717603772878647
Epoch 639 Relative Error 0.097240149974823
Epoch 640 Relative Error 0.09693358093500137
Epoch 641 Relative Error 0.097005695104599
Epoch 642 Relative Error 0.09691360592842102
Epoch 643 Relative Error 0.09690142422914505
Epoch 644 Relative Error 0.09681730717420578
Epoch 645 Relative Error 0.09691216051578522
Epoch 646 Relative Error 0.09720983356237411
Epoch 647 Relative Error 0.09684198349714279
Epoch 648 Relative Error 0.09797795116901398
Epoch 649 Relative Error 0.098910853266716
Epoch 650 Relative Error 0.09653041511774063
Epoch 651 Relative Error 0.0974356159567833
Epoch 652 Relative Error 0.096669502556324
Epoch 653 Relative Error 0.09722457826137543
Epoch 654 Relative Error 0.0966283306479454
Epoch 655 Relative Error 0.09669040888547897
Epoch 656 Relative Error 0.09791146963834763
Epoch 657 Relative Error 0.09697021543979645
Epoch 658 Relative Error 0.09631709009408951
Epoch 659 Relative Error 0.09594717621803284
Epoch 660 Relative Error 0.09630760550498962
Epoch 661 Relative Error 0.09590183943510056
Epoch 662 Relative Error 0.09653713554143906
Epoch 663 Relative Error 0.09585225582122803
Epoch 664 Relative Error 0.0961279422044754
Epoch 665 Relative Error 0.09657817333936691
Epoch 666 Relative Error 0.09751711040735245
Epoch 667 Relative Error 0.09836068004369736
Epoch 668 Relative Error 0.09717632085084915
Epoch 669 Relative Error 0.09592864662408829
Epoch 670 Relative Error 0.09972057491540909
Epoch 671 Relative Error 0.0997386947274208
Epoch 672 Relative Error 0.0996784046292305
Epoch 673 Relative Error 0.09747353196144104
Epoch 674 Relative Error 0.09635694324970245
Epoch 675 Relative Error 0.09588449448347092
Epoch 676 Relative Error 0.09719562530517578
Epoch 677 Relative Error 0.09566976875066757
Epoch 678 Relative Error 0.09524239599704742
Epoch 679 Relative Error 0.09640911966562271
Epoch 680 Relative Error 0.09508510679006577
Epoch 681 Relative Error 0.09514985233545303
Epoch 682 Relative Error 0.09500779956579208
Epoch 683 Relative Error 0.09516192972660065
Epoch 684 Relative Error 0.09477107971906662
Epoch 685 Relative Error 0.09508654475212097
Epoch 686 Relative Error 0.09495778381824493
Epoch 687 Relative Error 0.09511599689722061
Epoch 688 Relative Error 0.09523873776197433
Epoch 689 Relative Error 0.09474368393421173
Epoch 690 Relative Error 0.09474672377109528
Epoch 691 Relative Error 0.09539689123630524
Epoch 692 Relative Error 0.09522074460983276
Epoch 693 Relative Error 0.09474962204694748
Epoch 694 Relative Error 0.09795258194208145
Epoch 695 Relative Error 0.09478949755430222
Epoch 696 Relative Error 0.09427550435066223
Epoch 697 Relative Error 0.09499480575323105
Epoch 698 Relative Error 0.0942966490983963
Epoch 699 Relative Error 0.09478703141212463
Epoch 700 Relative Error 0.09419115632772446
Epoch 701 Relative Error 0.09431041032075882
Epoch 702 Relative Error 0.09415930509567261
Epoch 703 Relative Error 0.09402631968259811
Epoch 704 Relative Error 0.09451983869075775
Epoch 705 Relative Error 0.09385845810174942
Epoch 706 Relative Error 0.09374851733446121
Epoch 707 Relative Error 0.09403488785028458
Epoch 708 Relative Error 0.09503502398729324
Epoch 709 Relative Error 0.09890025109052658
Epoch 710 Relative Error 0.12663589417934418
Epoch 711 Relative Error 0.10988502204418182
Epoch 712 Relative Error 0.1083604022860527
Epoch 713 Relative Error 0.0940880998969078
Epoch 714 Relative Error 0.09925729036331177
Epoch 715 Relative Error 0.09902767091989517
Epoch 716 Relative Error 0.09356425702571869
Epoch 717 Relative Error 0.0949447974562645
Epoch 718 Relative Error 0.09572207182645798
Epoch 719 Relative Error 0.0944613665342331
Epoch 720 Relative Error 0.09432711452245712
Epoch 721 Relative Error 0.09371969103813171
Epoch 722 Relative Error 0.09311836957931519
Epoch 723 Relative Error 0.0932491198182106
Epoch 724 Relative Error 0.09320105612277985
Epoch 725 Relative Error 0.09304425865411758
Epoch 726 Relative Error 0.0933699905872345
Epoch 727 Relative Error 0.09316930919885635
Epoch 728 Relative Error 0.0936286672949791
Epoch 729 Relative Error 0.0933009535074234
Epoch 730 Relative Error 0.09281624108552933
Epoch 731 Relative Error 0.09410900622606277
Epoch 732 Relative Error 0.09297146648168564
Epoch 733 Relative Error 0.09270797669887543
Epoch 734 Relative Error 0.09366988390684128
Epoch 735 Relative Error 0.09336605668067932
Epoch 736 Relative Error 0.0928833931684494
Epoch 737 Relative Error 0.09239745140075684
Epoch 738 Relative Error 0.09306201338768005
Epoch 739 Relative Error 0.0923691838979721
Epoch 740 Relative Error 0.09326060861349106
Epoch 741 Relative Error 0.09318221360445023
Epoch 742 Relative Error 0.09245648980140686
Epoch 743 Relative Error 0.09274224191904068
Epoch 744 Relative Error 0.09271219372749329
Epoch 745 Relative Error 0.09314733743667603
Epoch 746 Relative Error 0.09243252128362656
Epoch 747 Relative Error 0.09239473193883896
Epoch 748 Relative Error 0.09269186854362488
Epoch 749 Relative Error 0.09357445687055588
Epoch 750 Relative Error 0.09236164391040802
Epoch 751 Relative Error 0.09206779301166534
Epoch 752 Relative Error 0.09280454367399216
Epoch 753 Relative Error 0.09262847900390625
Epoch 754 Relative Error 0.09202979505062103
Epoch 755 Relative Error 0.09183240681886673
Epoch 756 Relative Error 0.09174210578203201
Epoch 757 Relative Error 0.09182056784629822
Epoch 758 Relative Error 0.0917535349726677
Epoch 759 Relative Error 0.09309613704681396
Epoch 760 Relative Error 0.09296049177646637
Epoch 761 Relative Error 0.09264390170574188
Epoch 762 Relative Error 0.09149739146232605
Epoch 763 Relative Error 0.09206977486610413
Epoch 764 Relative Error 0.0927179604768753
Epoch 765 Relative Error 0.09145766496658325
Epoch 766 Relative Error 0.09212196618318558
Epoch 767 Relative Error 0.09169547259807587
Epoch 768 Relative Error 0.09195313602685928
Epoch 769 Relative Error 0.0911569595336914
Epoch 770 Relative Error 0.09117976576089859
Epoch 771 Relative Error 0.09133734554052353
Epoch 772 Relative Error 0.09151601046323776
Epoch 773 Relative Error 0.09152237325906754
Epoch 774 Relative Error 0.09102470427751541
Epoch 775 Relative Error 0.09108889847993851
Epoch 776 Relative Error 0.09134253859519958
Epoch 777 Relative Error 0.09089295566082001
Epoch 778 Relative Error 0.09090124070644379
Epoch 779 Relative Error 0.09329070150852203
Epoch 780 Relative Error 0.09252168983221054
Epoch 781 Relative Error 0.09203626960515976
Epoch 782 Relative Error 0.09726541489362717
Epoch 783 Relative Error 0.09141700714826584
Epoch 784 Relative Error 0.09105086326599121
Epoch 785 Relative Error 0.09047368913888931
Epoch 786 Relative Error 0.09101264923810959
Epoch 787 Relative Error 0.09038751572370529
Epoch 788 Relative Error 0.09109419584274292
Epoch 789 Relative Error 0.09045084565877914
Epoch 790 Relative Error 0.09037129580974579
Epoch 791 Relative Error 0.0911090075969696
Epoch 792 Relative Error 0.0904638022184372
Epoch 793 Relative Error 0.0905415266752243
Epoch 794 Relative Error 0.09020791202783585
Epoch 795 Relative Error 0.09035766124725342
Epoch 796 Relative Error 0.09135172516107559
Epoch 797 Relative Error 0.09043427556753159
Epoch 798 Relative Error 0.09010911732912064
Epoch 799 Relative Error 0.0904918685555458
Epoch 800 Relative Error 0.0902562141418457
Epoch 801 Relative Error 0.0899505466222763
Epoch 802 Relative Error 0.08981649577617645
Epoch 803 Relative Error 0.09012745320796967
Epoch 804 Relative Error 0.08973425626754761
Epoch 805 Relative Error 0.09042704105377197
Epoch 806 Relative Error 0.09026281535625458
Epoch 807 Relative Error 0.09335476905107498
Epoch 808 Relative Error 0.09639712423086166
Epoch 809 Relative Error 0.09478315711021423
Epoch 810 Relative Error 0.09017853438854218
Epoch 811 Relative Error 0.08989609777927399
Epoch 812 Relative Error 0.08989187330007553
Epoch 813 Relative Error 0.0897679552435875
Epoch 814 Relative Error 0.09029558300971985
Epoch 815 Relative Error 0.08938596397638321
Epoch 816 Relative Error 0.08928005397319794
Epoch 817 Relative Error 0.08934757858514786
Epoch 818 Relative Error 0.08945077657699585
Epoch 819 Relative Error 0.08953864127397537
Epoch 820 Relative Error 0.09281832724809647
Epoch 821 Relative Error 0.0898289754986763
Epoch 822 Relative Error 0.08970697224140167
Epoch 823 Relative Error 0.08971086144447327
Epoch 824 Relative Error 0.08899004012346268
Epoch 825 Relative Error 0.089138463139534
Epoch 826 Relative Error 0.089108906686306
Epoch 827 Relative Error 0.08893465995788574
Epoch 828 Relative Error 0.08994390070438385
Epoch 829 Relative Error 0.08954848349094391
Epoch 830 Relative Error 0.08919135481119156
Epoch 831 Relative Error 0.08893650770187378
Epoch 832 Relative Error 0.08889790624380112
Epoch 833 Relative Error 0.08889873325824738
Epoch 834 Relative Error 0.08893480896949768
Epoch 835 Relative Error 0.08858555555343628
Epoch 836 Relative Error 0.08898556977510452
Epoch 837 Relative Error 0.08865053951740265
Epoch 838 Relative Error 0.0884968638420105
Epoch 839 Relative Error 0.08928953856229782
Epoch 840 Relative Error 0.08858765661716461
Epoch 841 Relative Error 0.08855918794870377
Epoch 842 Relative Error 0.08852218091487885
Epoch 843 Relative Error 0.08834989368915558
Epoch 844 Relative Error 0.08847973495721817
Epoch 845 Relative Error 0.08882880955934525
Epoch 846 Relative Error 0.08820147812366486
Epoch 847 Relative Error 0.0883551687002182
Epoch 848 Relative Error 0.08856745064258575
Epoch 849 Relative Error 0.08811745792627335
Epoch 850 Relative Error 0.08804617822170258
Epoch 851 Relative Error 0.08808697760105133
Epoch 852 Relative Error 0.08808161318302155
Epoch 853 Relative Error 0.0880822166800499
Epoch 854 Relative Error 0.08885546773672104
Epoch 855 Relative Error 0.08802808076143265
Epoch 856 Relative Error 0.08805486559867859
Epoch 857 Relative Error 0.08788026124238968
Epoch 858 Relative Error 0.08841338753700256
Epoch 859 Relative Error 0.08784203976392746
Epoch 860 Relative Error 0.08769568055868149
Epoch 861 Relative Error 0.08795324712991714
Epoch 862 Relative Error 0.08942898362874985
Epoch 863 Relative Error 0.08762294799089432
Epoch 864 Relative Error 0.08762229979038239
Epoch 865 Relative Error 0.08751226961612701
Epoch 866 Relative Error 0.08784230798482895
Epoch 867 Relative Error 0.08790406584739685
Epoch 868 Relative Error 0.0882478877902031
Epoch 869 Relative Error 0.08737501502037048
Epoch 870 Relative Error 0.08744817972183228
Epoch 871 Relative Error 0.08737608045339584
Epoch 872 Relative Error 0.08760711550712585
Epoch 873 Relative Error 0.08874031156301498
Epoch 874 Relative Error 0.08815640956163406
Epoch 875 Relative Error 0.08793521672487259
Epoch 876 Relative Error 0.08821163326501846
Epoch 877 Relative Error 0.08721964061260223
Epoch 878 Relative Error 0.08705367892980576
Epoch 879 Relative Error 0.08717965334653854
Epoch 880 Relative Error 0.08755368739366531
Epoch 881 Relative Error 0.08732900023460388
Epoch 882 Relative Error 0.08730388432741165
Epoch 883 Relative Error 0.08719256520271301
Epoch 884 Relative Error 0.08709196001291275
Epoch 885 Relative Error 0.0875166803598404
Epoch 886 Relative Error 0.09025832265615463
Epoch 887 Relative Error 0.09210322052240372
Epoch 888 Relative Error 0.09047143161296844
Epoch 889 Relative Error 0.088533915579319
Epoch 890 Relative Error 0.08773977309465408
Epoch 891 Relative Error 0.08883737772703171
Epoch 892 Relative Error 0.09066756069660187
Epoch 893 Relative Error 0.1138688325881958
Epoch 894 Relative Error 0.14817003905773163
Epoch 895 Relative Error 0.1601458340883255
Epoch 896 Relative Error 0.10232345759868622
Epoch 897 Relative Error 0.08912433683872223
Epoch 898 Relative Error 0.08940032869577408
Epoch 899 Relative Error 0.0873945951461792
Epoch 900 Relative Error 0.08672679215669632
Epoch 901 Relative Error 0.08654843270778656
Epoch 902 Relative Error 0.08680420368909836
Epoch 903 Relative Error 0.08700051158666611
Epoch 904 Relative Error 0.08621352165937424
Epoch 905 Relative Error 0.08618701994419098
Epoch 906 Relative Error 0.08643905818462372
Epoch 907 Relative Error 0.08625354617834091
Epoch 908 Relative Error 0.08615937829017639
Epoch 909 Relative Error 0.08731789886951447
Epoch 910 Relative Error 0.08687683194875717
Epoch 911 Relative Error 0.08847112953662872
Epoch 912 Relative Error 0.08720080554485321
Epoch 913 Relative Error 0.08667915314435959
Epoch 914 Relative Error 0.08622858673334122
Epoch 915 Relative Error 0.08606775850057602
Epoch 916 Relative Error 0.08576828986406326
Epoch 917 Relative Error 0.08665580302476883
Epoch 918 Relative Error 0.08709336817264557
Epoch 919 Relative Error 0.08671890199184418
Epoch 920 Relative Error 0.08574693650007248
Epoch 921 Relative Error 0.08579517900943756
Epoch 922 Relative Error 0.08636201918125153
Epoch 923 Relative Error 0.0881541296839714
Epoch 924 Relative Error 0.0866113156080246
Epoch 925 Relative Error 0.08707943558692932
Epoch 926 Relative Error 0.09005770087242126
Epoch 927 Relative Error 0.11874827742576599
Epoch 928 Relative Error 0.10644354671239853
Epoch 929 Relative Error 0.10144741833209991
Epoch 930 Relative Error 0.08975948393344879
Epoch 931 Relative Error 0.08757638931274414
Epoch 932 Relative Error 0.08828919380903244
Epoch 933 Relative Error 0.08644786477088928
Epoch 934 Relative Error 0.0891280323266983
Epoch 935 Relative Error 0.08748088032007217
Epoch 936 Relative Error 0.08587878197431564
Epoch 937 Relative Error 0.08721799403429031
Epoch 938 Relative Error 0.09152599424123764
Epoch 939 Relative Error 0.08873019367456436
Epoch 940 Relative Error 0.08642399311065674
Epoch 941 Relative Error 0.08701134473085403
Epoch 942 Relative Error 0.08593274652957916
Epoch 943 Relative Error 0.0853358656167984
Epoch 944 Relative Error 0.09608937054872513
Epoch 945 Relative Error 0.09098397195339203
Epoch 946 Relative Error 0.08840226382017136
Epoch 947 Relative Error 0.09784583747386932
Epoch 948 Relative Error 0.09355997294187546
Epoch 949 Relative Error 0.0891014039516449
Epoch 950 Relative Error 0.08726660162210464
Epoch 951 Relative Error 0.0856400728225708
Epoch 952 Relative Error 0.08540848642587662
Epoch 953 Relative Error 0.08595429360866547
Epoch 954 Relative Error 0.08534663170576096
Epoch 955 Relative Error 0.08592857420444489
Epoch 956 Relative Error 0.08591368794441223
Epoch 957 Relative Error 0.085103340446949
Epoch 958 Relative Error 0.08558052778244019
Epoch 959 Relative Error 0.08525911718606949
Epoch 960 Relative Error 0.08506173640489578
Epoch 961 Relative Error 0.08506247401237488
Epoch 962 Relative Error 0.08451330661773682
Epoch 963 Relative Error 0.08565526455640793
Epoch 964 Relative Error 0.08604240417480469
Epoch 965 Relative Error 0.08436278998851776
Epoch 966 Relative Error 0.0846751481294632
Epoch 967 Relative Error 0.08434568345546722
Epoch 968 Relative Error 0.08425343781709671
Epoch 969 Relative Error 0.08526051044464111
Epoch 970 Relative Error 0.08519427478313446
Epoch 971 Relative Error 0.08416341990232468
Epoch 972 Relative Error 0.08398019522428513
Epoch 973 Relative Error 0.08396493643522263
Epoch 974 Relative Error 0.08457369357347488
Epoch 975 Relative Error 0.08403518795967102
Epoch 976 Relative Error 0.08387964963912964
Epoch 977 Relative Error 0.083930604159832
Epoch 978 Relative Error 0.08488626033067703
Epoch 979 Relative Error 0.085019052028656
Epoch 980 Relative Error 0.08469457179307938
Epoch 981 Relative Error 0.0841774195432663
Epoch 982 Relative Error 0.08379704505205154
Epoch 983 Relative Error 0.0842512845993042
Epoch 984 Relative Error 0.08446507155895233
Epoch 985 Relative Error 0.08388491719961166
Epoch 986 Relative Error 0.08367934823036194
Epoch 987 Relative Error 0.08408752828836441
Epoch 988 Relative Error 0.08550410717725754
Epoch 989 Relative Error 0.08586141467094421
Epoch 990 Relative Error 0.0885392352938652
Epoch 991 Relative Error 0.08768510818481445
Epoch 992 Relative Error 0.08536440134048462
Epoch 993 Relative Error 0.08665858954191208
Epoch 994 Relative Error 0.08522243052721024
Epoch 995 Relative Error 0.08419172465801239
Epoch 996 Relative Error 0.08441390097141266
Epoch 997 Relative Error 0.08355550467967987
Epoch 998 Relative Error 0.08357194811105728
Epoch 999 Relative Error 0.08650416880846024
Epoch 1000 Relative Error 0.08642393350601196
RE (0, 3, 23, 0): 0.08355550467967987
Green's Function RE (0, 3, 23, 0): 0.06236439198255539
Bias Term RE (0, 3, 23, 0): 0.0333525650203228
Combination (0, 3, 23, 0, 0): 0.08382496982812881
Combination (0, 3, 23, 0, 1): 0.08290479332208633
Combination (0, 3, 23, 0, 2): 0.08263355493545532
Combination (0, 3, 23, 0, 3): 0.08254536241292953
Combination (0, 3, 23, 0, 4): 0.08250170201063156

/home/gridsan/gstepaniants/.local/lib/python3.8/site-packages/torch/functional.py:478: UserWarning: torch.meshgrid: in an upcoming release, it will be required to pass the indexing argument. (Triggered internally at  ../aten/src/ATen/native/TensorShape.cpp:2895.)
  return _VF.meshgrid(tensors, **kwargs)  # type: ignore[attr-defined]
