[KeOps] Warning : Cuda libraries were not detected on the system ; using cpu only mode
1
Kernel: SquaredExponential
Weight Mesh: 40
RKHS Kernel Width: 0.009000000000000001
Lambda: 1e-06
Green's Function Learning Rate: 100
Bias Term Learning Rate: 100
Epoch 1 Relative Error 867.5579223632812
First epoch had re = 867.5579223632812 > 1
Green's Function Learning Rate: 50
Bias Term Learning Rate: 50
Epoch 1 Relative Error 347.8769226074219
First epoch had re = 347.8769226074219 > 1
Green's Function Learning Rate: 10
Bias Term Learning Rate: 10
Epoch 1 Relative Error 80.49244689941406
First epoch had re = 80.49244689941406 > 1
Green's Function Learning Rate: 5
Bias Term Learning Rate: 5
Epoch 1 Relative Error 40.45537185668945
First epoch had re = 40.45537185668945 > 1
Green's Function Learning Rate: 1
Bias Term Learning Rate: 1
Epoch 1 Relative Error 7.280444145202637
First epoch had re = 7.280444145202637 > 1
Green's Function Learning Rate: 0.5
Bias Term Learning Rate: 0.5
Epoch 1 Relative Error 3.068277597427368
First epoch had re = 3.068277597427368 > 1
Green's Function Learning Rate: 0.1
Bias Term Learning Rate: 0.1
Epoch 1 Relative Error 0.8420389890670776
Epoch 2 Relative Error 0.6370036005973816
Epoch 3 Relative Error 0.5112552642822266
Epoch 4 Relative Error 0.41742652654647827
Epoch 5 Relative Error 0.3755093812942505
Epoch 6 Relative Error 0.25666534900665283
Epoch 7 Relative Error 0.22659216821193695
Epoch 8 Relative Error 0.21954725682735443
Epoch 9 Relative Error 0.15554986894130707
Epoch 10 Relative Error 0.12070332467556
Epoch 11 Relative Error 0.09820902347564697
Epoch 12 Relative Error 0.08261356502771378
Epoch 13 Relative Error 0.06673036515712738
Epoch 14 Relative Error 0.04992901161313057
Epoch 15 Relative Error 0.04291228950023651
Epoch 16 Relative Error 0.035615500062704086
Epoch 17 Relative Error 0.029395949095487595
Epoch 18 Relative Error 0.0231381393969059
Epoch 19 Relative Error 0.01921978034079075
Epoch 20 Relative Error 0.016142098233103752
Epoch 21 Relative Error 0.013228649273514748
Epoch 22 Relative Error 0.011293014511466026
Epoch 23 Relative Error 0.009337333030998707
Epoch 24 Relative Error 0.008255505934357643
Epoch 25 Relative Error 0.006692312192171812
Epoch 26 Relative Error 0.0063440827652812
Epoch 27 Relative Error 0.00557369738817215
Epoch 28 Relative Error 0.0047423564828932285
Epoch 29 Relative Error 0.004525881726294756
Epoch 30 Relative Error 0.0039591058157384396
Epoch 31 Relative Error 0.0038136644288897514
Epoch 32 Relative Error 0.0036616839934140444
Epoch 33 Relative Error 0.0032401939388364553
Epoch 34 Relative Error 0.0030158241279423237
Epoch 35 Relative Error 0.002757955575361848
Epoch 36 Relative Error 0.002602990483865142
Epoch 37 Relative Error 0.002544024959206581
Epoch 38 Relative Error 0.002513574669137597
Epoch 39 Relative Error 0.002525635762140155
Epoch 40 Relative Error 0.002426628954708576
Epoch 41 Relative Error 0.0022267133463174105
Epoch 42 Relative Error 0.002153953304514289
Epoch 43 Relative Error 0.001980210654437542
Epoch 44 Relative Error 0.001954481704160571
Epoch 45 Relative Error 0.0017843433888629079
Epoch 46 Relative Error 0.001843789592385292
Epoch 47 Relative Error 0.0017345384694635868
Epoch 48 Relative Error 0.0017685056664049625
Epoch 49 Relative Error 0.0016358563443645835
Epoch 50 Relative Error 0.0016569795552641153
Epoch 51 Relative Error 0.0017558707622811198
Epoch 52 Relative Error 0.0017137444810941815
Epoch 53 Relative Error 0.001803992548957467
Epoch 54 Relative Error 0.0016244491562247276
Epoch 55 Relative Error 0.001512901857495308
Epoch 56 Relative Error 0.0014737012097612023
Epoch 57 Relative Error 0.001429479569196701
Epoch 58 Relative Error 0.001374799758195877
Epoch 59 Relative Error 0.001385292736813426
Epoch 60 Relative Error 0.0013257868122309446
Epoch 61 Relative Error 0.0012588964309543371
Epoch 62 Relative Error 0.0013418805319815874
Epoch 63 Relative Error 0.0012078318977728486
Epoch 64 Relative Error 0.0013447108212858438
Epoch 65 Relative Error 0.0013516242615878582
Epoch 66 Relative Error 0.0012083071051165462
Epoch 67 Relative Error 0.0012604297371581197
Epoch 68 Relative Error 0.00121297687292099
Epoch 69 Relative Error 0.001175164943560958
Epoch 70 Relative Error 0.0011152614606544375
Epoch 71 Relative Error 0.0011145955650135875
Epoch 72 Relative Error 0.00118231400847435
Epoch 73 Relative Error 0.0010893195867538452
Epoch 74 Relative Error 0.0011175177060067654
Epoch 75 Relative Error 0.001079568057321012
Epoch 76 Relative Error 0.001041337032802403
Epoch 77 Relative Error 0.0010104652028530836
Epoch 78 Relative Error 0.0010012303246185184
Epoch 79 Relative Error 0.001008735504001379
Epoch 80 Relative Error 0.0009819106198847294
Epoch 81 Relative Error 0.0009421234135515988
Epoch 82 Relative Error 0.0009276542696170509
Epoch 83 Relative Error 0.0009570286492817104
Epoch 84 Relative Error 0.0009416590910404921
Epoch 85 Relative Error 0.0009063605102710426
Epoch 86 Relative Error 0.0009110530372709036
Epoch 87 Relative Error 0.0009432966471649706
Epoch 88 Relative Error 0.0009311800822615623
Epoch 89 Relative Error 0.0009053091052919626
Epoch 90 Relative Error 0.0008763045771047473
Epoch 91 Relative Error 0.0008681192412041128
Epoch 92 Relative Error 0.0009197195759043097
Epoch 93 Relative Error 0.0008704044739715755
Epoch 94 Relative Error 0.0009079416049644351
Epoch 95 Relative Error 0.0009022005251608789
Epoch 96 Relative Error 0.0009003396262414753
Epoch 97 Relative Error 0.0008989390335045755
Epoch 98 Relative Error 0.0008846808923408389
Epoch 99 Relative Error 0.0008101962739601731
Epoch 100 Relative Error 0.0007964162505231798
Epoch 101 Relative Error 0.0008290403638966382
Epoch 102 Relative Error 0.0007766836206428707
Epoch 103 Relative Error 0.0008968351758085191
Epoch 104 Relative Error 0.0008400119841098785
Epoch 105 Relative Error 0.0007655069348402321
Epoch 106 Relative Error 0.000782050599809736
Epoch 107 Relative Error 0.0007433494902215898
Epoch 108 Relative Error 0.0007689227350056171
Epoch 109 Relative Error 0.0007382560870610178
Epoch 110 Relative Error 0.0007471867138519883
Epoch 111 Relative Error 0.0007451617857441306
Epoch 112 Relative Error 0.0007509920978918672
Epoch 113 Relative Error 0.0007872340502217412
Epoch 114 Relative Error 0.0007197129307314754
Epoch 115 Relative Error 0.0007167885778471828
Epoch 116 Relative Error 0.0006677209166809916
Epoch 117 Relative Error 0.0006871408550068736
Epoch 118 Relative Error 0.0006979050813242793
Epoch 119 Relative Error 0.0006824193405918777
Epoch 120 Relative Error 0.0006595281884074211
Epoch 121 Relative Error 0.0006796371308155358
Epoch 122 Relative Error 0.0006843080627731979
Epoch 123 Relative Error 0.0007005678489804268
Epoch 124 Relative Error 0.0006414906238205731
Epoch 125 Relative Error 0.0006680621299892664
Epoch 126 Relative Error 0.000725646736100316
Epoch 127 Relative Error 0.0007265666499733925
Epoch 128 Relative Error 0.0006944136111997068
Epoch 129 Relative Error 0.0007175443461164832
Epoch 130 Relative Error 0.0006241197697818279
Epoch 131 Relative Error 0.0006801941781304777
Epoch 132 Relative Error 0.0006274646148085594
Epoch 133 Relative Error 0.000594676355831325
Epoch 134 Relative Error 0.0006013258825987577
Epoch 135 Relative Error 0.0006382023566402495
Epoch 136 Relative Error 0.0006192759028635919
Epoch 137 Relative Error 0.0006109036621637642
Epoch 138 Relative Error 0.0005966220051050186
Epoch 139 Relative Error 0.0005548765766434371
Epoch 140 Relative Error 0.0005769487470388412
Epoch 141 Relative Error 0.0005458490923047066
Epoch 142 Relative Error 0.000550519791431725
Epoch 143 Relative Error 0.0006099125603213906
Epoch 144 Relative Error 0.000701884797308594
Epoch 145 Relative Error 0.0005803293897770345
Epoch 146 Relative Error 0.0006341890548355877
Epoch 147 Relative Error 0.0005823113606311381
Epoch 148 Relative Error 0.0006124443607404828
Epoch 149 Relative Error 0.0005643157055601478
Epoch 150 Relative Error 0.0005642889300361276
Epoch 151 Relative Error 0.0005727751413360238
Epoch 152 Relative Error 0.0005910068866796792
Epoch 153 Relative Error 0.0005582852172665298
Epoch 154 Relative Error 0.0006453160312958062
Epoch 155 Relative Error 0.0005590070504695177
Epoch 156 Relative Error 0.0005362110678106546
Epoch 157 Relative Error 0.0005527231842279434
Epoch 158 Relative Error 0.0005754737067036331
Epoch 159 Relative Error 0.0005220179446041584
Epoch 160 Relative Error 0.0005429577431641519
Epoch 161 Relative Error 0.0005404966068454087
Epoch 162 Relative Error 0.0005721524939872324
Epoch 163 Relative Error 0.0005022608092986047
Epoch 164 Relative Error 0.000557559251319617
Epoch 165 Relative Error 0.0005978362169116735
Epoch 166 Relative Error 0.0006188267143443227
Epoch 167 Relative Error 0.0005879347445443273
Epoch 168 Relative Error 0.000592400087043643
Epoch 169 Relative Error 0.000580565829295665
Epoch 170 Relative Error 0.0005497111706063151
Epoch 171 Relative Error 0.0005988108459860086
Epoch 172 Relative Error 0.0006378278485499322
Epoch 173 Relative Error 0.0006371820345520973
Epoch 174 Relative Error 0.0007819365127943456
Epoch 175 Relative Error 0.0007347376085817814
Epoch 176 Relative Error 0.0006338245584629476
Epoch 177 Relative Error 0.0007375903660431504
Epoch 178 Relative Error 0.0007341888849623501
Epoch 179 Relative Error 0.0007023959769867361
Epoch 180 Relative Error 0.000626632128842175
Epoch 181 Relative Error 0.0006378261605277658
Epoch 182 Relative Error 0.0006081828032620251
Epoch 183 Relative Error 0.0006661181105300784
Epoch 184 Relative Error 0.0005674729472957551
Epoch 185 Relative Error 0.0005782060907222331
Epoch 186 Relative Error 0.0005751563003286719
Epoch 187 Relative Error 0.0005786649999208748
Epoch 188 Relative Error 0.0005524755688384175
Epoch 189 Relative Error 0.0005632109241560102
Epoch 190 Relative Error 0.0005639044684357941
Epoch 191 Relative Error 0.0004970070440322161
Epoch 192 Relative Error 0.000498664565384388
Epoch 193 Relative Error 0.0005005717393942177
Epoch 194 Relative Error 0.0005083599826321006
Epoch 195 Relative Error 0.00047898036427795887
Epoch 196 Relative Error 0.0005068674799986184
Epoch 197 Relative Error 0.0005398061475716531
Epoch 198 Relative Error 0.000522651884239167
Epoch 199 Relative Error 0.000589958974160254
Epoch 200 Relative Error 0.0006124629871919751
Epoch 201 Relative Error 0.0005028716404922307
Epoch 202 Relative Error 0.000527599360793829
Epoch 203 Relative Error 0.0005637326976284385
Epoch 204 Relative Error 0.0006359895342029631
Epoch 205 Relative Error 0.0005184169276617467
Epoch 206 Relative Error 0.0006127110682427883
Epoch 207 Relative Error 0.0006899770232848823
Epoch 208 Relative Error 0.0005596973351202905
Epoch 209 Relative Error 0.0005568714695982635
Epoch 210 Relative Error 0.000767114048358053
Epoch 211 Relative Error 0.0008323719957843423
Epoch 212 Relative Error 0.0007155126077122986
Epoch 213 Relative Error 0.000701572687830776
Epoch 214 Relative Error 0.0006805879529565573
Epoch 215 Relative Error 0.0007789888186380267
Epoch 216 Relative Error 0.0007984846015460789
Epoch 217 Relative Error 0.0009059777949005365
Epoch 218 Relative Error 0.001041350536979735
Epoch 219 Relative Error 0.0008388384012505412
Epoch 220 Relative Error 0.0009575471049174666
Epoch 221 Relative Error 0.0008884463459253311
Epoch 222 Relative Error 0.0010414592688903213
Epoch 223 Relative Error 0.0007013113354332745
Epoch 224 Relative Error 0.0008716468000784516
Epoch 225 Relative Error 0.0010171955218538642
Epoch 226 Relative Error 0.0010154425399377942
Epoch 227 Relative Error 0.0013654138892889023
Epoch 228 Relative Error 0.0014224721817299724
Epoch 229 Relative Error 0.0009944409830495715
Epoch 230 Relative Error 0.0009228638955391943
Epoch 231 Relative Error 0.0015980226453393698
Epoch 232 Relative Error 0.0012786869192495942
Epoch 233 Relative Error 0.001134517602622509
Epoch 234 Relative Error 0.001771570648998022
Epoch 235 Relative Error 0.0020087994635105133
Epoch 236 Relative Error 0.0018345632124692202
Epoch 237 Relative Error 0.002919821534305811
Epoch 238 Relative Error 0.00414891866967082
Epoch 239 Relative Error 0.002413811394944787
Epoch 240 Relative Error 0.0028343102894723415
Epoch 241 Relative Error 0.00380909931845963
Epoch 242 Relative Error 0.0030990024097263813
Epoch 243 Relative Error 0.0028841947205364704
Epoch 244 Relative Error 0.002797365188598633
Epoch 245 Relative Error 0.00307449116371572
Epoch 246 Relative Error 0.003183602588251233
Epoch 247 Relative Error 0.0038455468602478504
Epoch 248 Relative Error 0.003227867418900132
Epoch 249 Relative Error 0.003562810132279992
Epoch 250 Relative Error 0.0036701045464724302
Epoch 251 Relative Error 0.0036731816362589598
Epoch 252 Relative Error 0.0047102198004722595
Epoch 253 Relative Error 0.0047697145491838455
Epoch 254 Relative Error 0.004403650760650635
Epoch 255 Relative Error 0.004335119854658842
Epoch 256 Relative Error 0.004370050970464945
Epoch 257 Relative Error 0.004303463734686375
Epoch 258 Relative Error 0.003763288026675582
Epoch 259 Relative Error 0.004300294443964958
Epoch 260 Relative Error 0.004509317222982645
Epoch 261 Relative Error 0.004652807954698801
Epoch 262 Relative Error 0.004068387672305107
Epoch 263 Relative Error 0.0042874934151768684
Epoch 264 Relative Error 0.0025736878160387278
Epoch 265 Relative Error 0.003146709641441703
Epoch 266 Relative Error 0.004518739879131317
Epoch 267 Relative Error 0.005930553190410137
Epoch 268 Relative Error 0.006887593772262335
Epoch 269 Relative Error 0.005858483258634806
Epoch 270 Relative Error 0.005541772581636906
Epoch 271 Relative Error 0.006083840969949961
Epoch 272 Relative Error 0.0049872025847435
Epoch 273 Relative Error 0.006273913662880659
Epoch 274 Relative Error 0.005546095781028271
Epoch 275 Relative Error 0.006505701690912247
Epoch 276 Relative Error 0.008416387252509594
Epoch 277 Relative Error 0.0069744763895869255
Epoch 278 Relative Error 0.007690430618822575
Epoch 279 Relative Error 0.00705270329490304
Epoch 280 Relative Error 0.005631689447909594
Epoch 281 Relative Error 0.006564688868820667
Epoch 282 Relative Error 0.006548292934894562
Epoch 283 Relative Error 0.0069264620542526245
Epoch 284 Relative Error 0.007648963015526533
Epoch 285 Relative Error 0.009797372855246067
Epoch 286 Relative Error 0.012339149601757526
Epoch 287 Relative Error 0.012480580247938633
Epoch 288 Relative Error 0.014088951982557774
Epoch 289 Relative Error 0.01361840683966875
Epoch 290 Relative Error 0.015695523470640182
Epoch 291 Relative Error 0.015489018522202969
Epoch 292 Relative Error 0.019010938704013824
Epoch 293 Relative Error 0.018886251375079155
Epoch 294 Relative Error 0.020280303433537483
Epoch 295 Relative Error 0.025386042892932892
Epoch 296 Relative Error 0.021957414224743843
Epoch 297 Relative Error 0.026932979002594948
Epoch 298 Relative Error 0.026293283328413963
Epoch 299 Relative Error 0.028523040935397148
Epoch 300 Relative Error 0.0254011619836092
Epoch 301 Relative Error 0.029196929186582565
Epoch 302 Relative Error 0.042367249727249146
Epoch 303 Relative Error 0.03456397354602814
Epoch 304 Relative Error 0.03523123636841774
Epoch 305 Relative Error 0.03572876378893852
Epoch 306 Relative Error 0.03096829541027546
Epoch 307 Relative Error 0.03372925892472267
Epoch 308 Relative Error 0.058164022862911224
Epoch 309 Relative Error 0.050087444484233856
Epoch 310 Relative Error 0.06817904114723206
Epoch 311 Relative Error 0.08331138640642166
Epoch 312 Relative Error 0.13582028448581696
Epoch 313 Relative Error 0.10652485489845276
Epoch 314 Relative Error 0.11675365269184113
Epoch 315 Relative Error 0.1280263364315033
Epoch 316 Relative Error 0.1260366290807724
Epoch 317 Relative Error 0.11116184294223785
Epoch 318 Relative Error 0.10977602750062943
Epoch 319 Relative Error 0.0884350836277008
Epoch 320 Relative Error 0.08814701437950134
Epoch 321 Relative Error 0.11113899201154709
Epoch 322 Relative Error 0.1632160246372223
Epoch 323 Relative Error 0.21492327749729156
Epoch 324 Relative Error 0.24943917989730835
Epoch 325 Relative Error 0.18643727898597717
Epoch 326 Relative Error 0.14002178609371185
Epoch 327 Relative Error 0.13017870485782623
Epoch 328 Relative Error 0.11517785489559174
Epoch 329 Relative Error 0.10129955410957336
Epoch 330 Relative Error 0.11253796517848969
Epoch 331 Relative Error 0.08414430171251297
Epoch 332 Relative Error 0.08902290463447571
Epoch 333 Relative Error 0.08404135704040527
Epoch 334 Relative Error 0.06192777678370476
Epoch 335 Relative Error 0.06359189748764038
Epoch 336 Relative Error 0.05736038088798523
Epoch 337 Relative Error 0.04330967366695404
Epoch 338 Relative Error 0.04889116436243057
Epoch 339 Relative Error 0.049427762627601624
Epoch 340 Relative Error 0.05421224981546402
Epoch 341 Relative Error 0.04541522637009621
Epoch 342 Relative Error 0.04526284709572792
Epoch 343 Relative Error 0.04354878515005112
Epoch 344 Relative Error 0.042675118893384933
Epoch 345 Relative Error 0.04240768030285835
Epoch 346 Relative Error 0.04240347817540169
Epoch 347 Relative Error 0.043046802282333374
Epoch 348 Relative Error 0.05335986986756325
Epoch 349 Relative Error 0.05099015682935715
Epoch 350 Relative Error 0.05942143127322197
Epoch 351 Relative Error 0.0747326985001564
Epoch 352 Relative Error 0.06061552092432976
Epoch 353 Relative Error 0.07410895824432373
Epoch 354 Relative Error 0.07231058180332184
Epoch 355 Relative Error 0.08708404749631882
Epoch 356 Relative Error 0.11356982588768005
Epoch 357 Relative Error 0.09744296967983246
Epoch 358 Relative Error 0.11537078022956848
Epoch 359 Relative Error 0.10448385030031204
Epoch 360 Relative Error 0.09093523770570755
Epoch 361 Relative Error 0.13977907598018646
Epoch 362 Relative Error 0.1498822271823883
Epoch 363 Relative Error 0.0843815878033638
Epoch 364 Relative Error 0.1067214086651802
Epoch 365 Relative Error 0.11181606352329254
Epoch 366 Relative Error 0.11220148205757141
Epoch 367 Relative Error 0.09801393002271652
Epoch 368 Relative Error 0.09355856478214264
Epoch 369 Relative Error 0.11890123784542084
Epoch 370 Relative Error 0.11392088979482651
Epoch 371 Relative Error 0.11087431013584137
Epoch 372 Relative Error 0.08278421312570572
Epoch 373 Relative Error 0.07933197170495987
Epoch 374 Relative Error 0.08939740806818008
Epoch 375 Relative Error 0.09036407619714737
Epoch 376 Relative Error 0.08736611902713776
Epoch 377 Relative Error 0.08629456162452698
Epoch 378 Relative Error 0.08409497141838074
Epoch 379 Relative Error 0.07575917989015579
Epoch 380 Relative Error 0.07516103237867355
Epoch 381 Relative Error 0.08435457944869995
Epoch 382 Relative Error 0.09438388794660568
Epoch 383 Relative Error 0.10298050194978714
Epoch 384 Relative Error 0.07514477521181107
Epoch 385 Relative Error 0.07325752079486847
Epoch 386 Relative Error 0.07479503005743027
Epoch 387 Relative Error 0.06751741468906403
Epoch 388 Relative Error 0.07321083545684814
Epoch 389 Relative Error 0.06335128843784332
Epoch 390 Relative Error 0.06250601261854172
Epoch 391 Relative Error 0.06268782168626785
Epoch 392 Relative Error 0.05776496231555939
Epoch 393 Relative Error 0.053793758153915405
Epoch 394 Relative Error 0.06698452681303024
Epoch 395 Relative Error 0.0531371608376503
Epoch 396 Relative Error 0.03929204121232033
Epoch 397 Relative Error 0.03589248284697533
Epoch 398 Relative Error 0.0396074578166008
Epoch 399 Relative Error 0.04351693391799927
Epoch 400 Relative Error 0.034947335720062256
Epoch 401 Relative Error 0.04456279054284096
Epoch 402 Relative Error 0.03023022972047329
Epoch 403 Relative Error 0.02856486290693283
Epoch 404 Relative Error 0.02281920798122883
Epoch 405 Relative Error 0.021359093487262726
Epoch 406 Relative Error 0.021905751898884773
Epoch 407 Relative Error 0.016017019748687744
Epoch 408 Relative Error 0.01768362894654274
Epoch 409 Relative Error 0.016060318797826767
Epoch 410 Relative Error 0.014268354512751102
Epoch 411 Relative Error 0.014930248260498047
Epoch 412 Relative Error 0.016535798087716103
Epoch 413 Relative Error 0.012494091875851154
Epoch 414 Relative Error 0.013369989581406116
Epoch 415 Relative Error 0.015169544145464897
Epoch 416 Relative Error 0.015437896363437176
Epoch 417 Relative Error 0.016858108341693878
Epoch 418 Relative Error 0.015139179304242134
Epoch 419 Relative Error 0.01469382829964161
Epoch 420 Relative Error 0.01644127629697323
Epoch 421 Relative Error 0.017629528418183327
Epoch 422 Relative Error 0.01782217249274254
Epoch 423 Relative Error 0.015813162550330162
Epoch 424 Relative Error 0.01693766564130783
Epoch 425 Relative Error 0.019266709685325623
Epoch 426 Relative Error 0.017368515953421593
Epoch 427 Relative Error 0.021699968725442886
Epoch 428 Relative Error 0.013796664774417877
Epoch 429 Relative Error 0.01808501034975052
Epoch 430 Relative Error 0.014643930830061436
Epoch 431 Relative Error 0.018754756078124046
Epoch 432 Relative Error 0.01691415160894394
Epoch 433 Relative Error 0.018107732757925987
Epoch 434 Relative Error 0.012393912300467491
Epoch 435 Relative Error 0.01921420358121395
Epoch 436 Relative Error 0.018140604719519615
Epoch 437 Relative Error 0.014948508702218533
Epoch 438 Relative Error 0.013214081525802612
Epoch 439 Relative Error 0.011912498623132706
Epoch 440 Relative Error 0.011094197630882263
Epoch 441 Relative Error 0.014115894213318825
Epoch 442 Relative Error 0.008264471776783466
Epoch 443 Relative Error 0.011172933503985405
Epoch 444 Relative Error 0.015272787772119045
Epoch 445 Relative Error 0.013737696222960949
Epoch 446 Relative Error 0.016286024823784828
Epoch 447 Relative Error 0.01393190585076809
Epoch 448 Relative Error 0.014233510009944439
Epoch 449 Relative Error 0.009855647571384907
Epoch 450 Relative Error 0.013020907528698444
Epoch 451 Relative Error 0.008232408203184605
Epoch 452 Relative Error 0.008933945558965206
Epoch 453 Relative Error 0.010413629934191704
Epoch 454 Relative Error 0.010015789419412613
Epoch 455 Relative Error 0.011425787582993507
Epoch 456 Relative Error 0.018122971057891846
Epoch 457 Relative Error 0.017464440315961838
Epoch 458 Relative Error 0.017321089282631874
Epoch 459 Relative Error 0.014247997663915157
Epoch 460 Relative Error 0.011337632313370705
Epoch 461 Relative Error 0.015427853912115097
Epoch 462 Relative Error 0.011299733072519302
Epoch 463 Relative Error 0.01171375997364521
Epoch 464 Relative Error 0.01362756546586752
Epoch 465 Relative Error 0.011352122761309147
Epoch 466 Relative Error 0.00895617064088583
Epoch 467 Relative Error 0.013078643940389156
Epoch 468 Relative Error 0.013745465315878391
Epoch 469 Relative Error 0.010999193415045738
Epoch 470 Relative Error 0.01472224947065115
Epoch 471 Relative Error 0.010707841254770756
Epoch 472 Relative Error 0.01652446761727333
Epoch 473 Relative Error 0.01159286592155695
Epoch 474 Relative Error 0.014343115501105785
Epoch 475 Relative Error 0.01564229466021061
Epoch 476 Relative Error 0.015876630321145058
Epoch 477 Relative Error 0.01890195906162262
Epoch 478 Relative Error 0.016812587156891823
Epoch 479 Relative Error 0.018031073734164238
Epoch 480 Relative Error 0.019993387162685394
Epoch 481 Relative Error 0.024877995252609253
Epoch 482 Relative Error 0.01202323567122221
Epoch 483 Relative Error 0.012833885848522186
Epoch 484 Relative Error 0.012173039838671684
Epoch 485 Relative Error 0.010932331904768944
Epoch 486 Relative Error 0.010806317441165447
Epoch 487 Relative Error 0.013588612899184227
Epoch 488 Relative Error 0.010923217050731182
Epoch 489 Relative Error 0.011830313131213188
Epoch 490 Relative Error 0.007859370671212673
Epoch 491 Relative Error 0.00858029630035162
Epoch 492 Relative Error 0.0060202982276678085
Epoch 493 Relative Error 0.006814266089349985
Epoch 494 Relative Error 0.007070280611515045
Epoch 495 Relative Error 0.0072975438088178635
Epoch 496 Relative Error 0.007636459078639746
Epoch 497 Relative Error 0.007411525584757328
Epoch 498 Relative Error 0.005670571234077215
Epoch 499 Relative Error 0.0050019617192447186
Epoch 500 Relative Error 0.005778561811894178
Epoch 501 Relative Error 0.005293010268360376
Epoch 502 Relative Error 0.005790742114186287
Epoch 503 Relative Error 0.005292752292007208
Epoch 504 Relative Error 0.004724081605672836
Epoch 505 Relative Error 0.005756848491728306
Epoch 506 Relative Error 0.004777691792696714
Epoch 507 Relative Error 0.0051687248051166534
Epoch 508 Relative Error 0.004571371246129274
Epoch 509 Relative Error 0.0036181495524942875
Epoch 510 Relative Error 0.005312931723892689
Epoch 511 Relative Error 0.006001202389597893
Epoch 512 Relative Error 0.00950596109032631
Epoch 513 Relative Error 0.012875014916062355
Epoch 514 Relative Error 0.01469007320702076
Epoch 515 Relative Error 0.013233518227934837
Epoch 516 Relative Error 0.014927647076547146
Epoch 517 Relative Error 0.016474921256303787
Epoch 518 Relative Error 0.017239367589354515
Epoch 519 Relative Error 0.015215304680168629
Epoch 520 Relative Error 0.013819568790495396
Epoch 521 Relative Error 0.015772487968206406
Epoch 522 Relative Error 0.019987884908914566
Epoch 523 Relative Error 0.016593504697084427
Epoch 524 Relative Error 0.01551511324942112
Epoch 525 Relative Error 0.01268540695309639
Epoch 526 Relative Error 0.013187233358621597
Epoch 527 Relative Error 0.012750410474836826
Epoch 528 Relative Error 0.01513729803264141
Epoch 529 Relative Error 0.014115532860159874
Epoch 530 Relative Error 0.017323754727840424
Epoch 531 Relative Error 0.01434200070798397
Epoch 532 Relative Error 0.010130055248737335
Epoch 533 Relative Error 0.010571069084107876
Epoch 534 Relative Error 0.00639278395101428
Epoch 535 Relative Error 0.008087853901088238
Epoch 536 Relative Error 0.0077880085445940495
Epoch 537 Relative Error 0.007187206298112869
Epoch 538 Relative Error 0.00535950530320406
Epoch 539 Relative Error 0.006238007918000221
Epoch 540 Relative Error 0.0048560043796896935
Epoch 541 Relative Error 0.004960677586495876
Epoch 542 Relative Error 0.004504202865064144
Epoch 543 Relative Error 0.0047293417155742645
Epoch 544 Relative Error 0.004805323667824268
Epoch 545 Relative Error 0.005051561631262302
Epoch 546 Relative Error 0.004024409223347902
Epoch 547 Relative Error 0.004926059395074844
Epoch 548 Relative Error 0.004766351543366909
Epoch 549 Relative Error 0.004246931988745928
Epoch 550 Relative Error 0.0036534476093947887
Epoch 551 Relative Error 0.003694887040182948
Epoch 552 Relative Error 0.004112025257200003
Epoch 553 Relative Error 0.003408636199310422
Epoch 554 Relative Error 0.003967617638409138
Epoch 555 Relative Error 0.004156746901571751
Epoch 556 Relative Error 0.0035893877502530813
Epoch 557 Relative Error 0.003521496895700693
Epoch 558 Relative Error 0.0036732887383550406
Epoch 559 Relative Error 0.0028949552215635777
Epoch 560 Relative Error 0.0037681390531361103
Epoch 561 Relative Error 0.0035379361361265182
Epoch 562 Relative Error 0.0038050550501793623
Epoch 563 Relative Error 0.003496283432468772
Epoch 564 Relative Error 0.003133723046630621
Epoch 565 Relative Error 0.0033198671881109476
Epoch 566 Relative Error 0.0031777156982570887
Epoch 567 Relative Error 0.003592435270547867
Epoch 568 Relative Error 0.00399310328066349
Epoch 569 Relative Error 0.0027026229072362185
Epoch 570 Relative Error 0.0034252172335982323
Epoch 571 Relative Error 0.004253769759088755
Epoch 572 Relative Error 0.0042550344951450825
Epoch 573 Relative Error 0.004108588211238384
Epoch 574 Relative Error 0.005474881734699011
Epoch 575 Relative Error 0.004407002590596676
Epoch 576 Relative Error 0.003846408100798726
Epoch 577 Relative Error 0.0041892314329743385
Epoch 578 Relative Error 0.0038977095391601324
Epoch 579 Relative Error 0.0031353095546364784
Epoch 580 Relative Error 0.0029846702236682177
Epoch 581 Relative Error 0.00389587739482522
Epoch 582 Relative Error 0.003109690034762025
Epoch 583 Relative Error 0.0028423068579286337
Epoch 584 Relative Error 0.0022340493742376566
Epoch 585 Relative Error 0.002909769071266055
Epoch 586 Relative Error 0.002566688694059849
Epoch 587 Relative Error 0.0034199615474790335
Epoch 588 Relative Error 0.0021524091716855764
Epoch 589 Relative Error 0.0022638188675045967
Epoch 590 Relative Error 0.002197559690102935
Epoch 591 Relative Error 0.002047233982011676
Epoch 592 Relative Error 0.0022169717121869326
Epoch 593 Relative Error 0.0023313125129789114
Epoch 594 Relative Error 0.004272866528481245
Epoch 595 Relative Error 0.004917287267744541
Epoch 596 Relative Error 0.00483738025650382
Epoch 597 Relative Error 0.0032153551001101732
Epoch 598 Relative Error 0.004026495851576328
Epoch 599 Relative Error 0.003395416773855686
Epoch 600 Relative Error 0.003335513873025775
Epoch 601 Relative Error 0.0026359327603131533
Epoch 602 Relative Error 0.0027379437815397978
Epoch 603 Relative Error 0.003342015901580453
Epoch 604 Relative Error 0.0025089317932724953
Epoch 605 Relative Error 0.002478879876434803
Epoch 606 Relative Error 0.0024575863499194384
Epoch 607 Relative Error 0.0026792611461132765
Epoch 608 Relative Error 0.0026722378097474575
Epoch 609 Relative Error 0.002312655095010996
Epoch 610 Relative Error 0.0021372647024691105
Epoch 611 Relative Error 0.0018857361283153296
Epoch 612 Relative Error 0.0019390875240787864
Epoch 613 Relative Error 0.001723933732137084
Epoch 614 Relative Error 0.0015674099558964372
Epoch 615 Relative Error 0.0018094975966960192
Epoch 616 Relative Error 0.0018578242743387818
Epoch 617 Relative Error 0.0023025856353342533
Epoch 618 Relative Error 0.003364037722349167
Epoch 619 Relative Error 0.002816094784066081
Epoch 620 Relative Error 0.0018022863660007715
Epoch 621 Relative Error 0.002032563788816333
Epoch 622 Relative Error 0.002005180576816201
Epoch 623 Relative Error 0.0015659003984183073
Epoch 624 Relative Error 0.0015971745597198606
Epoch 625 Relative Error 0.0017276671715080738
Epoch 626 Relative Error 0.0014689755626022816
Epoch 627 Relative Error 0.001406705705448985
Epoch 628 Relative Error 0.0010325266048312187
Epoch 629 Relative Error 0.0011490231845527887
Epoch 630 Relative Error 0.0013411962427198887
Epoch 631 Relative Error 0.0009488225332461298
Epoch 632 Relative Error 0.0011089920299127698
Epoch 633 Relative Error 0.0011435553897172213
Epoch 634 Relative Error 0.0009187632822431624
Epoch 635 Relative Error 0.0010547968558967113
Epoch 636 Relative Error 0.000994297326542437
Epoch 637 Relative Error 0.000820731685962528
Epoch 638 Relative Error 0.0009543102933093905
Epoch 639 Relative Error 0.0010597604559734464
Epoch 640 Relative Error 0.001175719196908176
Epoch 641 Relative Error 0.0014220066368579865
Epoch 642 Relative Error 0.0010942263761535287
Epoch 643 Relative Error 0.0018618552712723613
Epoch 644 Relative Error 0.00195674248971045
Epoch 645 Relative Error 0.002172852400690317
Epoch 646 Relative Error 0.0021554231643676758
Epoch 647 Relative Error 0.0019741642754524946
Epoch 648 Relative Error 0.001665408373810351
Epoch 649 Relative Error 0.0016190779861062765
Epoch 650 Relative Error 0.0017548940377309918
Epoch 651 Relative Error 0.0015957853756844997
Epoch 652 Relative Error 0.0016399396117776632
Epoch 653 Relative Error 0.0014817571500316262
Epoch 654 Relative Error 0.0014224487822502851
Epoch 655 Relative Error 0.0013408958911895752
Epoch 656 Relative Error 0.0015779691748321056
Epoch 657 Relative Error 0.0015995270805433393
Epoch 658 Relative Error 0.0013388548977673054
Epoch 659 Relative Error 0.0012746925931423903
Epoch 660 Relative Error 0.0010755242547020316
Epoch 661 Relative Error 0.0012609506957232952
Epoch 662 Relative Error 0.0011811312288045883
Epoch 663 Relative Error 0.0010747704654932022
Epoch 664 Relative Error 0.0011542071588337421
Epoch 665 Relative Error 0.0009266636916436255
Epoch 666 Relative Error 0.001125436625443399
Epoch 667 Relative Error 0.0009665869874879718
Epoch 668 Relative Error 0.0015018392587080598
Epoch 669 Relative Error 0.001393134705722332
Epoch 670 Relative Error 0.0012442218139767647
Epoch 671 Relative Error 0.0011550432536751032
Epoch 672 Relative Error 0.0010040313936769962
Epoch 673 Relative Error 0.000941781559959054
Epoch 674 Relative Error 0.0010776424314826727
Epoch 675 Relative Error 0.0009467366035096347
Epoch 676 Relative Error 0.001054094871506095
Epoch 677 Relative Error 0.0008643650216981769
Epoch 678 Relative Error 0.0008106543682515621
Epoch 679 Relative Error 0.000623403349891305
Epoch 680 Relative Error 0.0005987828481011093
Epoch 681 Relative Error 0.000604268629103899
Epoch 682 Relative Error 0.000531952187884599
Epoch 683 Relative Error 0.00045924881123937666
Epoch 684 Relative Error 0.0005483334534801543
Epoch 685 Relative Error 0.0005340349161997437
Epoch 686 Relative Error 0.0004696434480138123
Epoch 687 Relative Error 0.0005221813335083425
Epoch 688 Relative Error 0.00045975876855663955
Epoch 689 Relative Error 0.0005715653533115983
Epoch 690 Relative Error 0.0006075347773730755
Epoch 691 Relative Error 0.0005003796541132033
Epoch 692 Relative Error 0.0006176858441904187
Epoch 693 Relative Error 0.0007097537745721638
Epoch 694 Relative Error 0.0010688414331525564
Epoch 695 Relative Error 0.0008090912597253919
Epoch 696 Relative Error 0.001068528858013451
Epoch 697 Relative Error 0.0009912936948239803
Epoch 698 Relative Error 0.000806645373813808
Epoch 699 Relative Error 0.00080584961688146
Epoch 700 Relative Error 0.0007690885104238987
Epoch 701 Relative Error 0.0006248666904866695
Epoch 702 Relative Error 0.0006692323368042707
Epoch 703 Relative Error 0.0005909878527745605
Epoch 704 Relative Error 0.0008323254878632724
Epoch 705 Relative Error 0.0006534808198921382
Epoch 706 Relative Error 0.0006350199691951275
Epoch 707 Relative Error 0.0007073586457408965
Epoch 708 Relative Error 0.0005690872203558683
Epoch 709 Relative Error 0.0005158078856766224
Epoch 710 Relative Error 0.0004480830393731594
Epoch 711 Relative Error 0.0004922159132547677
Epoch 712 Relative Error 0.0004129794833716005
Epoch 713 Relative Error 0.00041674094973132014
Epoch 714 Relative Error 0.0004944855463691056
Epoch 715 Relative Error 0.00046481864410452545
Epoch 716 Relative Error 0.00039123842725530267
Epoch 717 Relative Error 0.00040453404653817415
Epoch 718 Relative Error 0.00045263516949489713
Epoch 719 Relative Error 0.0004130337038077414
Epoch 720 Relative Error 0.00034193944884464145
Epoch 721 Relative Error 0.0003657866909634322
Epoch 722 Relative Error 0.0003881296725012362
Epoch 723 Relative Error 0.0003695403866004199
Epoch 724 Relative Error 0.00035399507032707334
Epoch 725 Relative Error 0.00033788042492233217
Epoch 726 Relative Error 0.00035372114507481456
Epoch 727 Relative Error 0.000429723208071664
Epoch 728 Relative Error 0.000392898335121572
Epoch 729 Relative Error 0.0005285724182613194
Epoch 730 Relative Error 0.0004905364476144314
Epoch 731 Relative Error 0.0004771401290781796
Epoch 732 Relative Error 0.00048526746104471385
Epoch 733 Relative Error 0.00043159766937606037
Epoch 734 Relative Error 0.00042134308023378253
Epoch 735 Relative Error 0.00045259823673404753
Epoch 736 Relative Error 0.000453361397376284
Epoch 737 Relative Error 0.0004217992536723614
Epoch 738 Relative Error 0.0004285015456844121
Epoch 739 Relative Error 0.0003545379440765828
Epoch 740 Relative Error 0.00037235842319205403
Epoch 741 Relative Error 0.0003324706922285259
Epoch 742 Relative Error 0.00042372499592602253
Epoch 743 Relative Error 0.00040556720341555774
Epoch 744 Relative Error 0.00042284728260710835
Epoch 745 Relative Error 0.0003946776851080358
Epoch 746 Relative Error 0.0004194720822852105
Epoch 747 Relative Error 0.0005246971850283444
Epoch 748 Relative Error 0.0005923327407799661
Epoch 749 Relative Error 0.00045679256436415017
Epoch 750 Relative Error 0.00039913796354085207
Epoch 751 Relative Error 0.00042722333455458283
Epoch 752 Relative Error 0.00042223127093166113
Epoch 753 Relative Error 0.00038810312980785966
Epoch 754 Relative Error 0.0004048609989695251
Epoch 755 Relative Error 0.0004173434863332659
Epoch 756 Relative Error 0.00034679303644225
Epoch 757 Relative Error 0.000354030285961926
Epoch 758 Relative Error 0.000329513888573274
Epoch 759 Relative Error 0.0003304658748675138
Epoch 760 Relative Error 0.00038610759656876326
Epoch 761 Relative Error 0.0003643059462774545
Epoch 762 Relative Error 0.00042136249248869717
Epoch 763 Relative Error 0.00047894110321067274
Epoch 764 Relative Error 0.0004877149476669729
Epoch 765 Relative Error 0.0004730028158519417
Epoch 766 Relative Error 0.000452074920758605
Epoch 767 Relative Error 0.0003960313042625785
Epoch 768 Relative Error 0.00041256193071603775
Epoch 769 Relative Error 0.0004327695642132312
Epoch 770 Relative Error 0.00044734636321663857
Epoch 771 Relative Error 0.0003940852184314281
Epoch 772 Relative Error 0.00042122331797145307
Epoch 773 Relative Error 0.00046677136560902
Epoch 774 Relative Error 0.0004375324060674757
Epoch 775 Relative Error 0.00040573946898803115
Epoch 776 Relative Error 0.0003983276546932757
Epoch 777 Relative Error 0.0004424935032147914
Epoch 778 Relative Error 0.0003399249690119177
Epoch 779 Relative Error 0.0003914911358151585
Epoch 780 Relative Error 0.0004198260430712253
Epoch 781 Relative Error 0.00038837408646941185
Epoch 782 Relative Error 0.00039819703670218587
Epoch 783 Relative Error 0.00037291759508661926
Epoch 784 Relative Error 0.0003589220577850938
Epoch 785 Relative Error 0.0003902357420884073
Epoch 786 Relative Error 0.0003456916310824454
Epoch 787 Relative Error 0.0003084240306634456
Epoch 788 Relative Error 0.0003423600282985717
Epoch 789 Relative Error 0.0003747296577785164
Epoch 790 Relative Error 0.00039808452129364014
Epoch 791 Relative Error 0.0003500827879179269
Epoch 792 Relative Error 0.0005053233471699059
Epoch 793 Relative Error 0.0006419102428480983
Epoch 794 Relative Error 0.0006894151447340846
Epoch 795 Relative Error 0.0007394867134280503
Epoch 796 Relative Error 0.000778796209488064
Epoch 797 Relative Error 0.0008392926538363099
Epoch 798 Relative Error 0.0007921761134639382
Epoch 799 Relative Error 0.0008824779652059078
Epoch 800 Relative Error 0.0008251655963249505
Epoch 801 Relative Error 0.0007094622123986483
Epoch 802 Relative Error 0.0006555294385179877
Epoch 803 Relative Error 0.0006396346725523472
Epoch 804 Relative Error 0.0006501419120468199
Epoch 805 Relative Error 0.0006833062507212162
Epoch 806 Relative Error 0.001009374507702887
Epoch 807 Relative Error 0.0008008719305507839
Epoch 808 Relative Error 0.0008939070976339281
Epoch 809 Relative Error 0.0011107611935585737
Epoch 810 Relative Error 0.0008098910329863429
Epoch 811 Relative Error 0.0009108484955504537
Epoch 812 Relative Error 0.0008063841960392892
Epoch 813 Relative Error 0.0007890124106779695
Epoch 814 Relative Error 0.0009795214282348752
Epoch 815 Relative Error 0.00093318079598248
Epoch 816 Relative Error 0.00080650340532884
Epoch 817 Relative Error 0.0008524543954990804
Epoch 818 Relative Error 0.0008997433469630778
Epoch 819 Relative Error 0.0008050769683904946
Epoch 820 Relative Error 0.0009445130126550794
Epoch 821 Relative Error 0.0009458064450882375
Epoch 822 Relative Error 0.0007157832733355463
Epoch 823 Relative Error 0.0008255164138972759
Epoch 824 Relative Error 0.0009842043509706855
Epoch 825 Relative Error 0.000743126031011343
Epoch 826 Relative Error 0.000641672988422215
Epoch 827 Relative Error 0.0007678953115828335
Epoch 828 Relative Error 0.0007258430123329163
Epoch 829 Relative Error 0.000802952388767153
Epoch 830 Relative Error 0.0007690225029364228
Epoch 831 Relative Error 0.0007240211707539856
Epoch 832 Relative Error 0.0006965899956412613
Epoch 833 Relative Error 0.0007104349788278341
Epoch 834 Relative Error 0.0007024546503089368
Epoch 835 Relative Error 0.0007490725256502628
Epoch 836 Relative Error 0.0007390495156869292
Epoch 837 Relative Error 0.0008325498783960938
Epoch 838 Relative Error 0.0008091506897471845
Epoch 839 Relative Error 0.0007391338003799319
Epoch 840 Relative Error 0.0007775389240123332
Epoch 841 Relative Error 0.0006618342595174909
Epoch 842 Relative Error 0.0009114175336435437
Epoch 843 Relative Error 0.000678615877404809
Epoch 844 Relative Error 0.0006870495853945613
Epoch 845 Relative Error 0.0007401177426800132
Epoch 846 Relative Error 0.0006459781434386969
Epoch 847 Relative Error 0.0005638198344968259
Epoch 848 Relative Error 0.0006106633227318525
Epoch 849 Relative Error 0.0006515285349451005
Epoch 850 Relative Error 0.0007739460561424494
Epoch 851 Relative Error 0.0007146462448872626
Epoch 852 Relative Error 0.0006320838583633304
Epoch 853 Relative Error 0.0005822834791615605
Epoch 854 Relative Error 0.0006186881219036877
Epoch 855 Relative Error 0.000505056930705905
Epoch 856 Relative Error 0.0004926086403429508
Epoch 857 Relative Error 0.0005020448006689548
Epoch 858 Relative Error 0.0004645039443857968
Epoch 859 Relative Error 0.0004744409816339612
Epoch 860 Relative Error 0.0004949598805978894
Epoch 861 Relative Error 0.0004001167544629425
Epoch 862 Relative Error 0.0004313176905270666
Epoch 863 Relative Error 0.0004208328318782151
Epoch 864 Relative Error 0.00045550326467491686
Epoch 865 Relative Error 0.000437139009591192
Epoch 866 Relative Error 0.00042646334622986615
Epoch 867 Relative Error 0.00042453064816072583
Epoch 868 Relative Error 0.0004534593317657709
Epoch 869 Relative Error 0.00041595837683416903
Epoch 870 Relative Error 0.0005455865757539868
Epoch 871 Relative Error 0.00043424442992545664
Epoch 872 Relative Error 0.0005113037186674774
Epoch 873 Relative Error 0.000442833814304322
Epoch 874 Relative Error 0.0005162249435670674
Epoch 875 Relative Error 0.00048461646656505764
Epoch 876 Relative Error 0.00045926481834612787
Epoch 877 Relative Error 0.0003845987666863948
Epoch 878 Relative Error 0.00053932995069772
Epoch 879 Relative Error 0.0005532136419788003
Epoch 880 Relative Error 0.00047461705980822444
Epoch 881 Relative Error 0.0005493100616149604
Epoch 882 Relative Error 0.0005002405378036201
Epoch 883 Relative Error 0.0005116444663144648
Epoch 884 Relative Error 0.0005388439167290926
Epoch 885 Relative Error 0.0005373257445171475
Epoch 886 Relative Error 0.00046478211879730225
Epoch 887 Relative Error 0.0005230222595855594
Epoch 888 Relative Error 0.00038272119127213955
Epoch 889 Relative Error 0.00039090256905183196
Epoch 890 Relative Error 0.00039762782398611307
Epoch 891 Relative Error 0.00046957560698501766
Epoch 892 Relative Error 0.00038494556793011725
Epoch 893 Relative Error 0.0004033713776152581
Epoch 894 Relative Error 0.00040204013930633664
Epoch 895 Relative Error 0.00042366120032966137
Epoch 896 Relative Error 0.00042495550587773323
Epoch 897 Relative Error 0.0003298530064057559
Epoch 898 Relative Error 0.00044161983532831073
Epoch 899 Relative Error 0.0003999916079919785
Epoch 900 Relative Error 0.0004599840031005442
Epoch 901 Relative Error 0.0004566167190205306
Epoch 902 Relative Error 0.0006889450014568865
Epoch 903 Relative Error 0.000902796455193311
Epoch 904 Relative Error 0.000605981913395226
Epoch 905 Relative Error 0.00056814169511199
Epoch 906 Relative Error 0.0006380561389960349
Epoch 907 Relative Error 0.0005335721070878208
Epoch 908 Relative Error 0.0005464809364639223
Epoch 909 Relative Error 0.00045431635226123035
Epoch 910 Relative Error 0.0004168307641521096
Epoch 911 Relative Error 0.0004536304040811956
Epoch 912 Relative Error 0.0004037804901599884
Epoch 913 Relative Error 0.00044247068581171334
Epoch 914 Relative Error 0.0004339778679423034
Epoch 915 Relative Error 0.0004337388090789318
Epoch 916 Relative Error 0.0004409120592754334
Epoch 917 Relative Error 0.0003733101475518197
Epoch 918 Relative Error 0.00038064763066358864
Epoch 919 Relative Error 0.00042418320663273335
Epoch 920 Relative Error 0.00038318769657053053
Epoch 921 Relative Error 0.00040476067806594074
Epoch 922 Relative Error 0.000377507385564968
Epoch 923 Relative Error 0.00033220183104276657
Epoch 924 Relative Error 0.00042308244155719876
Epoch 925 Relative Error 0.0004032401484437287
Epoch 926 Relative Error 0.0004998405347578228
Epoch 927 Relative Error 0.0005853940965607762
Epoch 928 Relative Error 0.0004183750716038048
Epoch 929 Relative Error 0.0005124791641719639
Epoch 930 Relative Error 0.0004789173253811896
Epoch 931 Relative Error 0.00045644145575352013
Epoch 932 Relative Error 0.0003988612734246999
Epoch 933 Relative Error 0.0004897261969745159
Epoch 934 Relative Error 0.00047305558109655976
Epoch 935 Relative Error 0.00043187191477045417
Epoch 936 Relative Error 0.00045857191435061395
Epoch 937 Relative Error 0.000466724275611341
Epoch 938 Relative Error 0.0004379368619993329
Epoch 939 Relative Error 0.00043859364814125
Epoch 940 Relative Error 0.0004218385729473084
Epoch 941 Relative Error 0.0004833604034502059
Epoch 942 Relative Error 0.00046412949450314045
Epoch 943 Relative Error 0.00041687407065182924
Epoch 944 Relative Error 0.00047937280032783747
Epoch 945 Relative Error 0.00042985528125427663
Epoch 946 Relative Error 0.0004895035526715219
Epoch 947 Relative Error 0.0004568117728922516
Epoch 948 Relative Error 0.0005445102578960359
Epoch 949 Relative Error 0.0005589768989011645
Epoch 950 Relative Error 0.00048784929094836116
Epoch 951 Relative Error 0.0005542431026697159
Epoch 952 Relative Error 0.0005077255773358047
Epoch 953 Relative Error 0.0004911908181384206
Epoch 954 Relative Error 0.0004451218119356781
Epoch 955 Relative Error 0.0005170435179024935
Epoch 956 Relative Error 0.0006108399829827249
Epoch 957 Relative Error 0.0005535329692065716
Epoch 958 Relative Error 0.0007306889747269452
Epoch 959 Relative Error 0.0005941092967987061
Epoch 960 Relative Error 0.0006658248603343964
Epoch 961 Relative Error 0.0005653555854223669
Epoch 962 Relative Error 0.0006963501218706369
Epoch 963 Relative Error 0.0006295975181274116
Epoch 964 Relative Error 0.0005634557455778122
Epoch 965 Relative Error 0.0005871776957064867
Epoch 966 Relative Error 0.0005535405362024903
Epoch 967 Relative Error 0.0006386710447259247
Epoch 968 Relative Error 0.0005765857640653849
Epoch 969 Relative Error 0.0006000058492645621
Epoch 970 Relative Error 0.0006429980276152492
Epoch 971 Relative Error 0.0006323583656921983
Epoch 972 Relative Error 0.0006740132812410593
Epoch 973 Relative Error 0.0007146950229071081
Epoch 974 Relative Error 0.0006600228371098638
Epoch 975 Relative Error 0.0006122195045463741
Epoch 976 Relative Error 0.0007313949754461646
Epoch 977 Relative Error 0.000924495339859277
Epoch 978 Relative Error 0.0009174749138765037
Epoch 979 Relative Error 0.0008433849434368312
Epoch 980 Relative Error 0.0008649156661704183
Epoch 981 Relative Error 0.0008815397741273046
Epoch 982 Relative Error 0.0006508978549391031
Epoch 983 Relative Error 0.0008941860869526863
Epoch 984 Relative Error 0.0008836383931338787
Epoch 985 Relative Error 0.0008469756576232612
Epoch 986 Relative Error 0.0012292428873479366
Epoch 987 Relative Error 0.0011452583130449057
Epoch 988 Relative Error 0.0014806080143898726
Epoch 989 Relative Error 0.0011654958361759782
Epoch 990 Relative Error 0.0010839829919859767
Epoch 991 Relative Error 0.0011980454437434673
Epoch 992 Relative Error 0.0011623689206317067
Epoch 993 Relative Error 0.0012035737745463848
Epoch 994 Relative Error 0.001849417109042406
Epoch 995 Relative Error 0.0020276810973882675
Epoch 996 Relative Error 0.001534164883196354
Epoch 997 Relative Error 0.002616827841848135
Epoch 998 Relative Error 0.002908919705078006
Epoch 999 Relative Error 0.003794338321313262
Epoch 1000 Relative Error 0.004851479083299637
RE (1, 3, 8, 0): 0.0003084240306634456
Green's Function RE (1, 3, 8, 0): 0.3051997423171997
Bias Term RE (1, 3, 8, 0): 0.18187940120697021
Combination (1, 3, 8, 0, 0): 0.28699347376823425
Combination (1, 3, 8, 0, 1): 0.2872096002101898
Combination (1, 3, 8, 0, 2): 0.28728294372558594
Combination (1, 3, 8, 0, 3): 0.2873065173625946
Combination (1, 3, 8, 0, 4): 0.28731808066368103

/home/gridsan/gstepaniants/.local/lib/python3.8/site-packages/torch/functional.py:478: UserWarning: torch.meshgrid: in an upcoming release, it will be required to pass the indexing argument. (Triggered internally at  ../aten/src/ATen/native/TensorShape.cpp:2895.)
  return _VF.meshgrid(tensors, **kwargs)  # type: ignore[attr-defined]
