[KeOps] Warning : Cuda libraries were not detected on the system ; using cpu only mode
1
Kernel: Matern5/2
Weight Mesh: 10
RKHS Kernel Width: 0.1
Lambda: 1e-06
Green's Function Learning Rate: 100
Bias Term Learning Rate: 100
Epoch 1 Relative Error 2325.94384765625
First epoch had re = 2325.94384765625 > 1
Green's Function Learning Rate: 50
Bias Term Learning Rate: 50
Epoch 1 Relative Error 997.55517578125
First epoch had re = 997.55517578125 > 1
Green's Function Learning Rate: 10
Bias Term Learning Rate: 10
Epoch 1 Relative Error 222.7383575439453
First epoch had re = 222.7383575439453 > 1
Green's Function Learning Rate: 5
Bias Term Learning Rate: 5
Epoch 1 Relative Error 117.94009399414062
First epoch had re = 117.94009399414062 > 1
Green's Function Learning Rate: 1
Bias Term Learning Rate: 1
Epoch 1 Relative Error 22.8012752532959
First epoch had re = 22.8012752532959 > 1
Green's Function Learning Rate: 0.5
Bias Term Learning Rate: 0.5
Epoch 1 Relative Error 12.740621566772461
First epoch had re = 12.740621566772461 > 1
Green's Function Learning Rate: 0.1
Bias Term Learning Rate: 0.1
Epoch 1 Relative Error 1.2381216287612915
First epoch had re = 1.2381216287612915 > 1
Green's Function Learning Rate: 0.05
Bias Term Learning Rate: 0.05
Epoch 1 Relative Error 0.8475567102432251
Epoch 2 Relative Error 0.4506899118423462
Epoch 3 Relative Error 0.3101736605167389
Epoch 4 Relative Error 0.3401331305503845
Epoch 5 Relative Error 0.32020458579063416
Epoch 6 Relative Error 0.22964560985565186
Epoch 7 Relative Error 0.13620203733444214
Epoch 8 Relative Error 0.11590025573968887
Epoch 9 Relative Error 0.15389393270015717
Epoch 10 Relative Error 0.12191541492938995
Epoch 11 Relative Error 0.09182359278202057
Epoch 12 Relative Error 0.08151689916849136
Epoch 13 Relative Error 0.06738606840372086
Epoch 14 Relative Error 0.0643240213394165
Epoch 15 Relative Error 0.05780069902539253
Epoch 16 Relative Error 0.055128924548625946
Epoch 17 Relative Error 0.05292234569787979
Epoch 18 Relative Error 0.05007825419306755
Epoch 19 Relative Error 0.04867197573184967
Epoch 20 Relative Error 0.04756512865424156
Epoch 21 Relative Error 0.045923829078674316
Epoch 22 Relative Error 0.04471511393785477
Epoch 23 Relative Error 0.04345352575182915
Epoch 24 Relative Error 0.04238218441605568
Epoch 25 Relative Error 0.0413808710873127
Epoch 26 Relative Error 0.040357787162065506
Epoch 27 Relative Error 0.039354123175144196
Epoch 28 Relative Error 0.03844089061021805
Epoch 29 Relative Error 0.03753538057208061
Epoch 30 Relative Error 0.03666634485125542
Epoch 31 Relative Error 0.03580387309193611
Epoch 32 Relative Error 0.03498423099517822
Epoch 33 Relative Error 0.03418359160423279
Epoch 34 Relative Error 0.03340151906013489
Epoch 35 Relative Error 0.03264715149998665
Epoch 36 Relative Error 0.031911011785268784
Epoch 37 Relative Error 0.031196976080536842
Epoch 38 Relative Error 0.030500078573822975
Epoch 39 Relative Error 0.0298298392444849
Epoch 40 Relative Error 0.029167540371418
Epoch 41 Relative Error 0.028525078669190407
Epoch 42 Relative Error 0.027893122285604477
Epoch 43 Relative Error 0.027277138084173203
Epoch 44 Relative Error 0.02667175978422165
Epoch 45 Relative Error 0.02607284113764763
Epoch 46 Relative Error 0.025493692606687546
Epoch 47 Relative Error 0.024930091574788094
Epoch 48 Relative Error 0.02438565529882908
Epoch 49 Relative Error 0.023840952664613724
Epoch 50 Relative Error 0.023303333669900894
Epoch 51 Relative Error 0.022789649665355682
Epoch 52 Relative Error 0.02229280397295952
Epoch 53 Relative Error 0.02178839035332203
Epoch 54 Relative Error 0.02130400948226452
Epoch 55 Relative Error 0.020822681486606598
Epoch 56 Relative Error 0.020357312634587288
Epoch 57 Relative Error 0.019893234595656395
Epoch 58 Relative Error 0.01945343241095543
Epoch 59 Relative Error 0.019017960876226425
Epoch 60 Relative Error 0.01858762837946415
Epoch 61 Relative Error 0.018163995817303658
Epoch 62 Relative Error 0.017753683030605316
Epoch 63 Relative Error 0.017356259748339653
Epoch 64 Relative Error 0.01695946231484413
Epoch 65 Relative Error 0.01657537743449211
Epoch 66 Relative Error 0.01619446463882923
Epoch 67 Relative Error 0.01581648364663124
Epoch 68 Relative Error 0.015451720915734768
Epoch 69 Relative Error 0.01509994175285101
Epoch 70 Relative Error 0.014753718860447407
Epoch 71 Relative Error 0.014413365162909031
Epoch 72 Relative Error 0.014086061157286167
Epoch 73 Relative Error 0.013756375759840012
Epoch 74 Relative Error 0.01343853585422039
Epoch 75 Relative Error 0.01312664058059454
Epoch 76 Relative Error 0.012823396362364292
Epoch 77 Relative Error 0.012516275979578495
Epoch 78 Relative Error 0.012224596925079823
Epoch 79 Relative Error 0.01194020826369524
Epoch 80 Relative Error 0.011659658513963223
Epoch 81 Relative Error 0.011386499740183353
Epoch 82 Relative Error 0.011116537265479565
Epoch 83 Relative Error 0.010855892673134804
Epoch 84 Relative Error 0.010599923320114613
Epoch 85 Relative Error 0.0103480014950037
Epoch 86 Relative Error 0.0101071298122406
Epoch 87 Relative Error 0.009861593134701252
Epoch 88 Relative Error 0.009629488922655582
Epoch 89 Relative Error 0.009400402195751667
Epoch 90 Relative Error 0.009171629324555397
Epoch 91 Relative Error 0.008954031392931938
Epoch 92 Relative Error 0.008742300793528557
Epoch 93 Relative Error 0.008529297076165676
Epoch 94 Relative Error 0.008322005160152912
Epoch 95 Relative Error 0.008122931234538555
Epoch 96 Relative Error 0.007924764417111874
Epoch 97 Relative Error 0.007729689124971628
Epoch 98 Relative Error 0.00754286115989089
Epoch 99 Relative Error 0.007360014133155346
Epoch 100 Relative Error 0.007187885697931051
Epoch 101 Relative Error 0.00701524131000042
Epoch 102 Relative Error 0.0068409861996769905
Epoch 103 Relative Error 0.0066726780496537685
Epoch 104 Relative Error 0.006506509147584438
Epoch 105 Relative Error 0.0063417586497962475
Epoch 106 Relative Error 0.006185619626194239
Epoch 107 Relative Error 0.006031711120158434
Epoch 108 Relative Error 0.005880662240087986
Epoch 109 Relative Error 0.005736516322940588
Epoch 110 Relative Error 0.005596354138106108
Epoch 111 Relative Error 0.005461393389850855
Epoch 112 Relative Error 0.005323793273419142
Epoch 113 Relative Error 0.005185692571103573
Epoch 114 Relative Error 0.005053972825407982
Epoch 115 Relative Error 0.004927428439259529
Epoch 116 Relative Error 0.004804434720426798
Epoch 117 Relative Error 0.004681915510445833
Epoch 118 Relative Error 0.004566136747598648
Epoch 119 Relative Error 0.004449350759387016
Epoch 120 Relative Error 0.004334652796387672
Epoch 121 Relative Error 0.004224794916808605
Epoch 122 Relative Error 0.00411808118224144
Epoch 123 Relative Error 0.004010390490293503
Epoch 124 Relative Error 0.003910227213054895
Epoch 125 Relative Error 0.003808600129559636
Epoch 126 Relative Error 0.0037090457044541836
Epoch 127 Relative Error 0.0036132207605987787
Epoch 128 Relative Error 0.0035210829228162766
Epoch 129 Relative Error 0.0034309779293835163
Epoch 130 Relative Error 0.003340925555676222
Epoch 131 Relative Error 0.0032547872979193926
Epoch 132 Relative Error 0.003169974312186241
Epoch 133 Relative Error 0.0030882018618285656
Epoch 134 Relative Error 0.003007663879543543
Epoch 135 Relative Error 0.0029270241502672434
Epoch 136 Relative Error 0.0028505795635282993
Epoch 137 Relative Error 0.0027765671256929636
Epoch 138 Relative Error 0.0027043449226766825
Epoch 139 Relative Error 0.0026345818769186735
Epoch 140 Relative Error 0.0025650663301348686
Epoch 141 Relative Error 0.0024971773382276297
Epoch 142 Relative Error 0.002430344931781292
Epoch 143 Relative Error 0.0023644412867724895
Epoch 144 Relative Error 0.0023014198523014784
Epoch 145 Relative Error 0.0022400468587875366
Epoch 146 Relative Error 0.0021811933256685734
Epoch 147 Relative Error 0.002122111851349473
Epoch 148 Relative Error 0.0020661267917603254
Epoch 149 Relative Error 0.0020114679355174303
Epoch 150 Relative Error 0.0019592037424445152
Epoch 151 Relative Error 0.001905599725432694
Epoch 152 Relative Error 0.0018532037502154708
Epoch 153 Relative Error 0.0018039823044091463
Epoch 154 Relative Error 0.0017550666816532612
Epoch 155 Relative Error 0.0017071054317057133
Epoch 156 Relative Error 0.0016613035695627332
Epoch 157 Relative Error 0.0016155026387423277
Epoch 158 Relative Error 0.0015716059133410454
Epoch 159 Relative Error 0.0015304116532206535
Epoch 160 Relative Error 0.0014888397417962551
Epoch 161 Relative Error 0.001448065391741693
Epoch 162 Relative Error 0.0014080428518354893
Epoch 163 Relative Error 0.0013694530352950096
Epoch 164 Relative Error 0.001331430277787149
Epoch 165 Relative Error 0.0012954393168911338
Epoch 166 Relative Error 0.0012592996936291456
Epoch 167 Relative Error 0.001225489773787558
Epoch 168 Relative Error 0.0011915573850274086
Epoch 169 Relative Error 0.0011580436257645488
Epoch 170 Relative Error 0.001126047340221703
Epoch 171 Relative Error 0.001095263403840363
Epoch 172 Relative Error 0.0010647656163200736
Epoch 173 Relative Error 0.0010356931015849113
Epoch 174 Relative Error 0.0010078102350234985
Epoch 175 Relative Error 0.0009794096695259213
Epoch 176 Relative Error 0.0009524249471724033
Epoch 177 Relative Error 0.0009253766038455069
Epoch 178 Relative Error 0.0008995339157991111
Epoch 179 Relative Error 0.0008740013581700623
Epoch 180 Relative Error 0.0008499613031744957
Epoch 181 Relative Error 0.0008260974427685142
Epoch 182 Relative Error 0.0008027227595448494
Epoch 183 Relative Error 0.0007802783511579037
Epoch 184 Relative Error 0.0007586224819533527
Epoch 185 Relative Error 0.0007370959501713514
Epoch 186 Relative Error 0.000716563081368804
Epoch 187 Relative Error 0.0006966416840441525
Epoch 188 Relative Error 0.0006768670864403248
Epoch 189 Relative Error 0.0006579292239621282
Epoch 190 Relative Error 0.0006399877020157874
Epoch 191 Relative Error 0.0006213865126483142
Epoch 192 Relative Error 0.0006040053558535874
Epoch 193 Relative Error 0.0005862794350832701
Epoch 194 Relative Error 0.0005697822198271751
Epoch 195 Relative Error 0.0005531361675821245
Epoch 196 Relative Error 0.0005373384337872267
Epoch 197 Relative Error 0.0005223756888881326
Epoch 198 Relative Error 0.0005078918184153736
Epoch 199 Relative Error 0.0004933869349770248
Epoch 200 Relative Error 0.00047999279922805727
Epoch 201 Relative Error 0.0004657963290810585
Epoch 202 Relative Error 0.00045233385753817856
Epoch 203 Relative Error 0.00043988809920847416
Epoch 204 Relative Error 0.0004266494943294674
Epoch 205 Relative Error 0.0004144542326685041
Epoch 206 Relative Error 0.00040311558404937387
Epoch 207 Relative Error 0.0003915871202480048
Epoch 208 Relative Error 0.00038025082903914154
Epoch 209 Relative Error 0.0003690855810418725
Epoch 210 Relative Error 0.00035854909219779074
Epoch 211 Relative Error 0.0003483544278424233
Epoch 212 Relative Error 0.0003382749273441732
Epoch 213 Relative Error 0.00032867127447389066
Epoch 214 Relative Error 0.00031926025985740125
Epoch 215 Relative Error 0.0003097721782978624
Epoch 216 Relative Error 0.000300843792501837
Epoch 217 Relative Error 0.00029235793044790626
Epoch 218 Relative Error 0.0002839587687049061
Epoch 219 Relative Error 0.0002758365008048713
Epoch 220 Relative Error 0.0002680493053048849
Epoch 221 Relative Error 0.00026023166719824076
Epoch 222 Relative Error 0.0002524963056202978
Epoch 223 Relative Error 0.00024555891286581755
Epoch 224 Relative Error 0.00023820431670174003
Epoch 225 Relative Error 0.0002315048623131588
Epoch 226 Relative Error 0.00022468504903372377
Epoch 227 Relative Error 0.00021804387506563216
Epoch 228 Relative Error 0.00021173623099457473
Epoch 229 Relative Error 0.00020543400023598224
Epoch 230 Relative Error 0.00019955335301347077
Epoch 231 Relative Error 0.00019383903418201953
Epoch 232 Relative Error 0.00018816931697074324
Epoch 233 Relative Error 0.00018271812587045133
Epoch 234 Relative Error 0.000177469351910986
Epoch 235 Relative Error 0.00017235091945622116
Epoch 236 Relative Error 0.0001673982769716531
Epoch 237 Relative Error 0.00016255065565928817
Epoch 238 Relative Error 0.00015783913841005415
Epoch 239 Relative Error 0.0001531224261270836
Epoch 240 Relative Error 0.00014867472054902464
Epoch 241 Relative Error 0.00014435411139857024
Epoch 242 Relative Error 0.00014008753350935876
Epoch 243 Relative Error 0.0001361625618301332
Epoch 244 Relative Error 0.0001322149037150666
Epoch 245 Relative Error 0.0001283733145100996
Epoch 246 Relative Error 0.0001247541804332286
Epoch 247 Relative Error 0.00012100229650968686
Epoch 248 Relative Error 0.00011750931298593059
Epoch 249 Relative Error 0.00011411488958401605
Epoch 250 Relative Error 0.00011074163921875879
Epoch 251 Relative Error 0.00010757441486930475
Epoch 252 Relative Error 0.00010458994074724615
Epoch 253 Relative Error 0.00010149506124434993
Epoch 254 Relative Error 9.877201955532655e-05
Epoch 255 Relative Error 9.582052734913304e-05
Epoch 256 Relative Error 9.309696179116145e-05
Epoch 257 Relative Error 9.02984756976366e-05
Epoch 258 Relative Error 8.759776392253116e-05
Epoch 259 Relative Error 8.52445446071215e-05
Epoch 260 Relative Error 8.277496817754582e-05
Epoch 261 Relative Error 8.040214015636593e-05
Epoch 262 Relative Error 7.814097625669092e-05
Epoch 263 Relative Error 7.603495032526553e-05
Epoch 264 Relative Error 7.389077654806897e-05
Epoch 265 Relative Error 7.202701817732304e-05
Epoch 266 Relative Error 6.984308129176497e-05
Epoch 267 Relative Error 6.78072901791893e-05
Epoch 268 Relative Error 6.594619480893016e-05
Epoch 269 Relative Error 6.389109330484644e-05
Epoch 270 Relative Error 6.196803587954491e-05
Epoch 271 Relative Error 6.0181548178661615e-05
Epoch 272 Relative Error 5.8651545259635895e-05
Epoch 273 Relative Error 5.714265353162773e-05
Epoch 274 Relative Error 5.5705510021653026e-05
Epoch 275 Relative Error 5.38054846401792e-05
Epoch 276 Relative Error 5.224063352216035e-05
Epoch 277 Relative Error 5.072124258731492e-05
Epoch 278 Relative Error 4.956509656039998e-05
Epoch 279 Relative Error 4.826830263482407e-05
Epoch 280 Relative Error 4.693277151091024e-05
Epoch 281 Relative Error 4.592791083268821e-05
Epoch 282 Relative Error 4.426134910318069e-05
Epoch 283 Relative Error 4.3166557588847354e-05
Epoch 284 Relative Error 4.170437387074344e-05
Epoch 285 Relative Error 4.054691453347914e-05
Epoch 286 Relative Error 3.952554106945172e-05
Epoch 287 Relative Error 3.846243635052815e-05
Epoch 288 Relative Error 3.736651342478581e-05
Epoch 289 Relative Error 3.6312769225332886e-05
Epoch 290 Relative Error 3.537062366376631e-05
Epoch 291 Relative Error 3.439228021306917e-05
Epoch 292 Relative Error 3.339798058732413e-05
Epoch 293 Relative Error 3.247363565606065e-05
Epoch 294 Relative Error 3.163689325447194e-05
Epoch 295 Relative Error 3.088254379690625e-05
Epoch 296 Relative Error 3.021606244146824e-05
Epoch 297 Relative Error 2.934220538008958e-05
Epoch 298 Relative Error 2.8797900085919537e-05
Epoch 299 Relative Error 2.815823972923681e-05
Epoch 300 Relative Error 2.742496144492179e-05
Epoch 301 Relative Error 2.6723404516815208e-05
Epoch 302 Relative Error 2.6554866053629667e-05
Epoch 303 Relative Error 2.561522887845058e-05
Epoch 304 Relative Error 2.5320072381873615e-05
Epoch 305 Relative Error 2.4752191166044213e-05
Epoch 306 Relative Error 2.3733769921818748e-05
Epoch 307 Relative Error 2.3696593416389078e-05
Epoch 308 Relative Error 2.2511159841087647e-05
Epoch 309 Relative Error 2.265331022499595e-05
Epoch 310 Relative Error 2.19457688217517e-05
Epoch 311 Relative Error 2.1000427295803092e-05
Epoch 312 Relative Error 2.065105945803225e-05
Epoch 313 Relative Error 1.9843517293338664e-05
Epoch 314 Relative Error 1.9511920982040465e-05
Epoch 315 Relative Error 1.942571543622762e-05
Epoch 316 Relative Error 1.879601586551871e-05
Epoch 317 Relative Error 1.8166882000514306e-05
Epoch 318 Relative Error 1.7990347259910777e-05
Epoch 319 Relative Error 1.773037001839839e-05
Epoch 320 Relative Error 1.7540098269819282e-05
Epoch 321 Relative Error 1.6990728909149766e-05
Epoch 322 Relative Error 1.659096233197488e-05
Epoch 323 Relative Error 1.6436621081084013e-05
Epoch 324 Relative Error 1.586317921464797e-05
Epoch 325 Relative Error 1.5446094039361924e-05
Epoch 326 Relative Error 1.5283010725397617e-05
Epoch 327 Relative Error 1.490208614995936e-05
Epoch 328 Relative Error 1.4692064723931253e-05
Epoch 329 Relative Error 1.466843514208449e-05
Epoch 330 Relative Error 1.4289417777035851e-05
Epoch 331 Relative Error 1.4194143659551628e-05
Epoch 332 Relative Error 1.4555999769072514e-05
Epoch 333 Relative Error 1.3932039109931793e-05
Epoch 334 Relative Error 1.4365472452482209e-05
Epoch 335 Relative Error 1.4368819392984733e-05
Epoch 336 Relative Error 1.366902233712608e-05
Epoch 337 Relative Error 1.3510049029719085e-05
Epoch 338 Relative Error 1.3525040230888408e-05
Epoch 339 Relative Error 1.2887638149550185e-05
Epoch 340 Relative Error 1.3116856280248612e-05
Epoch 341 Relative Error 1.2263769349374343e-05
Epoch 342 Relative Error 1.1954452020290773e-05
Epoch 343 Relative Error 1.200132192025194e-05
Epoch 344 Relative Error 1.2157151104474906e-05
Epoch 345 Relative Error 1.228289238497382e-05
Epoch 346 Relative Error 1.2385907211864833e-05
Epoch 347 Relative Error 1.115482155000791e-05
Epoch 348 Relative Error 1.186147619591793e-05
Epoch 349 Relative Error 1.1523652574396692e-05
Epoch 350 Relative Error 1.1347953659424093e-05
Epoch 351 Relative Error 1.2114134733565152e-05
Epoch 352 Relative Error 1.1294956493657082e-05
Epoch 353 Relative Error 1.1571422874112613e-05
Epoch 354 Relative Error 1.1295152944512665e-05
Epoch 355 Relative Error 1.0946631846309174e-05
Epoch 356 Relative Error 1.0397311598353554e-05
Epoch 357 Relative Error 1.0426109838590492e-05
Epoch 358 Relative Error 1.0316543921362609e-05
Epoch 359 Relative Error 1.0171515896217898e-05
Epoch 360 Relative Error 1.026275731419446e-05
Epoch 361 Relative Error 1.2061605957569554e-05
Epoch 362 Relative Error 1.1163695489813108e-05
Epoch 363 Relative Error 1.2083168257959187e-05
Epoch 364 Relative Error 1.1414660548325628e-05
Epoch 365 Relative Error 1.0857316738110967e-05
Epoch 366 Relative Error 1.0885491064982489e-05
Epoch 367 Relative Error 9.905164006340783e-06
Epoch 368 Relative Error 9.696660526969936e-06
Epoch 369 Relative Error 9.323492122348398e-06
Epoch 370 Relative Error 9.70373184827622e-06
Epoch 371 Relative Error 9.26883876672946e-06
Epoch 372 Relative Error 9.316466275777202e-06
Epoch 373 Relative Error 9.213592420564964e-06
Epoch 374 Relative Error 9.521616448182613e-06
Epoch 375 Relative Error 9.100195711653214e-06
Epoch 376 Relative Error 9.192925972456578e-06
Epoch 377 Relative Error 9.308793778473046e-06
Epoch 378 Relative Error 8.760408491070848e-06
Epoch 379 Relative Error 9.008774213725701e-06
Epoch 380 Relative Error 9.5624955065432e-06
Epoch 381 Relative Error 9.487677743891254e-06
Epoch 382 Relative Error 1.0029016266344115e-05
Epoch 383 Relative Error 9.021423466037959e-06
Epoch 384 Relative Error 9.280175618187059e-06
Epoch 385 Relative Error 9.453389793634415e-06
Epoch 386 Relative Error 9.122170922637451e-06
Epoch 387 Relative Error 9.471541488892399e-06
Epoch 388 Relative Error 9.084477824217174e-06
Epoch 389 Relative Error 8.440063538728282e-06
Epoch 390 Relative Error 8.483562851324677e-06
Epoch 391 Relative Error 8.600196451880038e-06
Epoch 392 Relative Error 9.02429201232735e-06
Epoch 393 Relative Error 9.430101272300817e-06
Epoch 394 Relative Error 1.0501375982130412e-05
Epoch 395 Relative Error 1.143260578828631e-05
Epoch 396 Relative Error 1.072981467586942e-05
Epoch 397 Relative Error 1.1934119356737938e-05
Epoch 398 Relative Error 1.2135062206652947e-05
Epoch 399 Relative Error 9.615626368031371e-06
Epoch 400 Relative Error 9.663113814895041e-06
Epoch 401 Relative Error 9.819275874178857e-06
Epoch 402 Relative Error 1.2157635865150951e-05
Epoch 403 Relative Error 1.0290144928148948e-05
Epoch 404 Relative Error 9.980953109334223e-06
Epoch 405 Relative Error 1.2085128219041508e-05
Epoch 406 Relative Error 1.0445030966366176e-05
Epoch 407 Relative Error 1.0913171536230948e-05
Epoch 408 Relative Error 1.0579881745798048e-05
Epoch 409 Relative Error 9.785492693481501e-06
Epoch 410 Relative Error 1.0006453521782532e-05
Epoch 411 Relative Error 1.2407904250721913e-05
Epoch 412 Relative Error 1.2621510904864408e-05
Epoch 413 Relative Error 1.1096505659224931e-05
Epoch 414 Relative Error 1.0387179827375803e-05
Epoch 415 Relative Error 1.3185825991968159e-05
Epoch 416 Relative Error 1.3449587640934624e-05
Epoch 417 Relative Error 1.0298158485966269e-05
Epoch 418 Relative Error 1.1114993867522571e-05
Epoch 419 Relative Error 1.2482723832363263e-05
Epoch 420 Relative Error 1.1992569852736779e-05
Epoch 421 Relative Error 1.4827679478912614e-05
Epoch 422 Relative Error 1.6454416254418902e-05
Epoch 423 Relative Error 1.7153237422462553e-05
Epoch 424 Relative Error 1.414576490788022e-05
Epoch 425 Relative Error 1.3835960999131203e-05
Epoch 426 Relative Error 1.2620320376299787e-05
Epoch 427 Relative Error 1.1485054528748151e-05
Epoch 428 Relative Error 1.1190476470801514e-05
Epoch 429 Relative Error 1.1424173862906173e-05
Epoch 430 Relative Error 1.4919646673661191e-05
Epoch 431 Relative Error 9.894662071019411e-06
Epoch 432 Relative Error 1.3912957001593895e-05
Epoch 433 Relative Error 1.4285692486737389e-05
Epoch 434 Relative Error 1.54906610987382e-05
Epoch 435 Relative Error 1.0862228918995243e-05
Epoch 436 Relative Error 1.046347006194992e-05
Epoch 437 Relative Error 1.1543091204657685e-05
Epoch 438 Relative Error 1.5167659512371756e-05
Epoch 439 Relative Error 1.7247868527192622e-05
Epoch 440 Relative Error 1.212657934956951e-05
Epoch 441 Relative Error 1.700585926300846e-05
Epoch 442 Relative Error 1.2724472071568016e-05
Epoch 443 Relative Error 1.98484085558448e-05
Epoch 444 Relative Error 1.2106944268452935e-05
Epoch 445 Relative Error 1.7102613128372468e-05
Epoch 446 Relative Error 2.547245276218746e-05
Epoch 447 Relative Error 1.4460810234595556e-05
Epoch 448 Relative Error 1.6162681276910007e-05
Epoch 449 Relative Error 2.2268533939495683e-05
Epoch 450 Relative Error 1.828915083024185e-05
Epoch 451 Relative Error 1.9651586626423523e-05
Epoch 452 Relative Error 1.8291959349880926e-05
Epoch 453 Relative Error 2.1924837710685097e-05
Epoch 454 Relative Error 1.486013934481889e-05
Epoch 455 Relative Error 1.5360774341388606e-05
Epoch 456 Relative Error 1.8844157239072956e-05
Epoch 457 Relative Error 1.5232863916025963e-05
Epoch 458 Relative Error 1.1756924322980922e-05
Epoch 459 Relative Error 1.0625035429256968e-05
Epoch 460 Relative Error 1.122638423112221e-05
Epoch 461 Relative Error 1.368019002256915e-05
Epoch 462 Relative Error 9.748458069225308e-06
Epoch 463 Relative Error 9.067768587556202e-06
Epoch 464 Relative Error 9.294187293562572e-06
Epoch 465 Relative Error 9.593219147063792e-06
Epoch 466 Relative Error 8.269836143881548e-06
Epoch 467 Relative Error 9.176170351565816e-06
Epoch 468 Relative Error 9.303985279984772e-06
Epoch 469 Relative Error 8.515033186995424e-06
Epoch 470 Relative Error 9.202291948895436e-06
Epoch 471 Relative Error 8.562780749343801e-06
Epoch 472 Relative Error 8.723806786292698e-06
Epoch 473 Relative Error 8.450892892142292e-06
Epoch 474 Relative Error 8.273585990536958e-06
Epoch 475 Relative Error 8.412747774855234e-06
Epoch 476 Relative Error 8.254858585132752e-06
Epoch 477 Relative Error 8.128628905978985e-06
Epoch 478 Relative Error 8.561606591683812e-06
Epoch 479 Relative Error 8.325484486704227e-06
Epoch 480 Relative Error 8.684618478582706e-06
Epoch 481 Relative Error 8.129191883199383e-06
Epoch 482 Relative Error 8.761800927459262e-06
Epoch 483 Relative Error 8.549923222744837e-06
Epoch 484 Relative Error 8.342324690602254e-06
Epoch 485 Relative Error 8.894302482076455e-06
Epoch 486 Relative Error 8.48935087560676e-06
Epoch 487 Relative Error 8.842484021442942e-06
Epoch 488 Relative Error 8.604672984802164e-06
Epoch 489 Relative Error 8.04913361207582e-06
Epoch 490 Relative Error 8.38930736790644e-06
Epoch 491 Relative Error 8.266134500445332e-06
Epoch 492 Relative Error 8.324155714944936e-06
Epoch 493 Relative Error 8.895774044503924e-06
Epoch 494 Relative Error 9.262646017305087e-06
Epoch 495 Relative Error 9.457642590859905e-06
Epoch 496 Relative Error 9.05811793927569e-06
Epoch 497 Relative Error 8.737584721529856e-06
Epoch 498 Relative Error 8.405467269767541e-06
Epoch 499 Relative Error 8.991467439045664e-06
Epoch 500 Relative Error 1.2480262739700265e-05
Epoch 501 Relative Error 1.503805469837971e-05
Epoch 502 Relative Error 1.8398672182229348e-05
Epoch 503 Relative Error 1.4101116903475486e-05
Epoch 504 Relative Error 1.2247443919477519e-05
Epoch 505 Relative Error 1.071168571797898e-05
Epoch 506 Relative Error 1.3825362657371443e-05
Epoch 507 Relative Error 1.2783139027305879e-05
Epoch 508 Relative Error 1.4121994354354683e-05
Epoch 509 Relative Error 1.1906967301911209e-05
Epoch 510 Relative Error 9.594802577339578e-06
Epoch 511 Relative Error 1.3761149602942169e-05
Epoch 512 Relative Error 1.3459605725074653e-05
Epoch 513 Relative Error 1.743209759297315e-05
Epoch 514 Relative Error 1.1649942280200776e-05
Epoch 515 Relative Error 1.230307861987967e-05
Epoch 516 Relative Error 1.1494952559587546e-05
Epoch 517 Relative Error 9.706003766041249e-06
Epoch 518 Relative Error 1.5226886716845911e-05
Epoch 519 Relative Error 2.2676566004520282e-05
Epoch 520 Relative Error 2.65607832261594e-05
Epoch 521 Relative Error 1.5205589988909196e-05
Epoch 522 Relative Error 2.020266401814297e-05
Epoch 523 Relative Error 1.9877077647834085e-05
Epoch 524 Relative Error 2.2952557628741488e-05
Epoch 525 Relative Error 2.5368997739860788e-05
Epoch 526 Relative Error 2.970901914522983e-05
Epoch 527 Relative Error 2.9712749892496504e-05
Epoch 528 Relative Error 2.9550035833381116e-05
Epoch 529 Relative Error 2.5157254640362225e-05
Epoch 530 Relative Error 2.4266966647701338e-05
Epoch 531 Relative Error 2.6376486857770942e-05
Epoch 532 Relative Error 2.900037361541763e-05
Epoch 533 Relative Error 2.0439734726096503e-05
Epoch 534 Relative Error 2.2126389012555592e-05
Epoch 535 Relative Error 2.07921057153726e-05
Epoch 536 Relative Error 1.422671448381152e-05
Epoch 537 Relative Error 1.9644989151856862e-05
Epoch 538 Relative Error 1.600438918103464e-05
Epoch 539 Relative Error 1.2489674190874211e-05
Epoch 540 Relative Error 1.3392416803981178e-05
Epoch 541 Relative Error 1.3754040992353112e-05
Epoch 542 Relative Error 1.1523320608830545e-05
Epoch 543 Relative Error 1.1711720617313404e-05
Epoch 544 Relative Error 1.6402647815993987e-05
Epoch 545 Relative Error 1.0610846402414609e-05
Epoch 546 Relative Error 9.201688044413459e-06
Epoch 547 Relative Error 9.890395631373394e-06
Epoch 548 Relative Error 9.142403541773092e-06
Epoch 549 Relative Error 8.747074389248155e-06
Epoch 550 Relative Error 8.448047992715146e-06
Epoch 551 Relative Error 9.44498424360063e-06
Epoch 552 Relative Error 1.0709604794101324e-05
Epoch 553 Relative Error 1.2352416888461448e-05
Epoch 554 Relative Error 9.917646821122617e-06
Epoch 555 Relative Error 1.1717045708792284e-05
Epoch 556 Relative Error 8.950929441198241e-06
Epoch 557 Relative Error 8.575750143791083e-06
Epoch 558 Relative Error 8.919065294321626e-06
Epoch 559 Relative Error 8.97406971489545e-06
Epoch 560 Relative Error 8.72861437528627e-06
Epoch 561 Relative Error 8.232812433561776e-06
Epoch 562 Relative Error 8.726160558580887e-06
Epoch 563 Relative Error 9.409256563230883e-06
Epoch 564 Relative Error 8.860487469064537e-06
Epoch 565 Relative Error 9.13561598281376e-06
Epoch 566 Relative Error 8.736302334000356e-06
Epoch 567 Relative Error 8.535609595128335e-06
Epoch 568 Relative Error 8.986139619082678e-06
Epoch 569 Relative Error 9.056790077011101e-06
Epoch 570 Relative Error 9.157377462543081e-06
Epoch 571 Relative Error 9.199725354847033e-06
Epoch 572 Relative Error 9.088776096177753e-06
Epoch 573 Relative Error 8.807262020127382e-06
Epoch 574 Relative Error 1.042235362547217e-05
Epoch 575 Relative Error 9.359704563394189e-06
Epoch 576 Relative Error 9.7981119324686e-06
Epoch 577 Relative Error 1.0439367542858236e-05
Epoch 578 Relative Error 9.482818313699681e-06
Epoch 579 Relative Error 9.654697350924835e-06
Epoch 580 Relative Error 8.945218723965809e-06
Epoch 581 Relative Error 9.435852916794829e-06
Epoch 582 Relative Error 9.363664503325708e-06
Epoch 583 Relative Error 1.0892098543990869e-05
Epoch 584 Relative Error 9.279156984121073e-06
Epoch 585 Relative Error 1.0389647286501713e-05
Epoch 586 Relative Error 9.712428436614573e-06
Epoch 587 Relative Error 1.0762708370748442e-05
Epoch 588 Relative Error 9.485486771154683e-06
Epoch 589 Relative Error 9.490214324614499e-06
Epoch 590 Relative Error 1.2049307770212181e-05
Epoch 591 Relative Error 1.065598007699009e-05
Epoch 592 Relative Error 9.358683200844098e-06
Epoch 593 Relative Error 1.0177521289733704e-05
Epoch 594 Relative Error 8.73510907695163e-06
Epoch 595 Relative Error 8.180582881323062e-06
Epoch 596 Relative Error 8.65527727000881e-06
Epoch 597 Relative Error 9.33193223318085e-06
Epoch 598 Relative Error 9.064502592082135e-06
Epoch 599 Relative Error 9.500944543106016e-06
Epoch 600 Relative Error 1.0846441909961868e-05
Epoch 601 Relative Error 1.2150034308433533e-05
Epoch 602 Relative Error 1.2437006262189243e-05
Epoch 603 Relative Error 1.3936455616203602e-05
Epoch 604 Relative Error 1.9861796317854896e-05
Epoch 605 Relative Error 1.602153315616306e-05
Epoch 606 Relative Error 1.8260223441757262e-05
Epoch 607 Relative Error 1.7652915630606003e-05
Epoch 608 Relative Error 1.530381450720597e-05
Epoch 609 Relative Error 1.5155543223954737e-05
Epoch 610 Relative Error 1.5228057236527093e-05
Epoch 611 Relative Error 1.0504087185836397e-05
Epoch 612 Relative Error 1.4294453649199568e-05
Epoch 613 Relative Error 1.0082922926812898e-05
Epoch 614 Relative Error 1.2968458577233832e-05
Epoch 615 Relative Error 1.4217215721146204e-05
Epoch 616 Relative Error 1.0605094757920597e-05
Epoch 617 Relative Error 9.2184327513678e-06
Epoch 618 Relative Error 1.0832392945303582e-05
Epoch 619 Relative Error 8.685253305884544e-06
Epoch 620 Relative Error 8.403687388636172e-06
Epoch 621 Relative Error 9.09517166292062e-06
Epoch 622 Relative Error 9.176918865705375e-06
Epoch 623 Relative Error 8.516624802723527e-06
Epoch 624 Relative Error 8.48702165967552e-06
Epoch 625 Relative Error 9.438489541935269e-06
Epoch 626 Relative Error 9.225452231476083e-06
Epoch 627 Relative Error 8.408171197515912e-06
Epoch 628 Relative Error 8.626926501165144e-06
Epoch 629 Relative Error 9.808521099330392e-06
Epoch 630 Relative Error 8.833311767375562e-06
Epoch 631 Relative Error 9.482753739575855e-06
Epoch 632 Relative Error 9.206479262502398e-06
Epoch 633 Relative Error 8.726173291506711e-06
Epoch 634 Relative Error 8.734132279641926e-06
Epoch 635 Relative Error 9.265098924515769e-06
Epoch 636 Relative Error 9.715011401567608e-06
Epoch 637 Relative Error 9.073301043827087e-06
Epoch 638 Relative Error 8.63075638335431e-06
Epoch 639 Relative Error 9.436957043362781e-06
Epoch 640 Relative Error 8.646885362395551e-06
Epoch 641 Relative Error 8.518715731042903e-06
Epoch 642 Relative Error 9.357599083159585e-06
Epoch 643 Relative Error 1.1436693057476077e-05
Epoch 644 Relative Error 1.1140738024550956e-05
Epoch 645 Relative Error 9.862756996881217e-06
Epoch 646 Relative Error 9.074824447452556e-06
Epoch 647 Relative Error 1.0533269232837483e-05
Epoch 648 Relative Error 9.496343409409747e-06
Epoch 649 Relative Error 1.099176824936876e-05
Epoch 650 Relative Error 1.1269106835243292e-05
Epoch 651 Relative Error 9.534724995319266e-06
Epoch 652 Relative Error 9.389517799718305e-06
Epoch 653 Relative Error 1.04671016742941e-05
Epoch 654 Relative Error 1.0588361874397378e-05
Epoch 655 Relative Error 1.1479727618279867e-05
Epoch 656 Relative Error 1.16446708489093e-05
Epoch 657 Relative Error 1.048247122525936e-05
Epoch 658 Relative Error 8.992878065328114e-06
Epoch 659 Relative Error 1.0889809345826507e-05
Epoch 660 Relative Error 9.04766875464702e-06
Epoch 661 Relative Error 1.0199162716162391e-05
Epoch 662 Relative Error 1.23495710795396e-05
Epoch 663 Relative Error 1.886600148282014e-05
Epoch 664 Relative Error 2.4293742171721533e-05
Epoch 665 Relative Error 2.6935082132695243e-05
Epoch 666 Relative Error 2.2305079255602323e-05
Epoch 667 Relative Error 1.861435521277599e-05
Epoch 668 Relative Error 3.915709021384828e-05
Epoch 669 Relative Error 5.539008998312056e-05
Epoch 670 Relative Error 6.973965355427936e-05
Epoch 671 Relative Error 5.026734288549051e-05
Epoch 672 Relative Error 4.481342693907209e-05
Epoch 673 Relative Error 4.691964204539545e-05
Epoch 674 Relative Error 3.0173345294315368e-05
Epoch 675 Relative Error 2.9939421438029967e-05
Epoch 676 Relative Error 8.01498899818398e-05
Epoch 677 Relative Error 6.580676563316956e-05
Epoch 678 Relative Error 5.604990656138398e-05
Epoch 679 Relative Error 6.378201942425221e-05
Epoch 680 Relative Error 6.702998507535085e-05
Epoch 681 Relative Error 7.522568193962798e-05
Epoch 682 Relative Error 7.665397424716502e-05
Epoch 683 Relative Error 0.00010937777551589534
Epoch 684 Relative Error 8.434316259808838e-05
Epoch 685 Relative Error 9.059065632754937e-05
Epoch 686 Relative Error 0.0001735730329528451
Epoch 687 Relative Error 0.0001463205408072099
Epoch 688 Relative Error 0.0001652292994549498
Epoch 689 Relative Error 0.00014744284271728247
Epoch 690 Relative Error 0.0002285121736349538
Epoch 691 Relative Error 0.00030748179415240884
Epoch 692 Relative Error 0.0003090942627750337
Epoch 693 Relative Error 0.00013509095879271626
Epoch 694 Relative Error 0.00020322691125329584
Epoch 695 Relative Error 0.000292645680019632
Epoch 696 Relative Error 0.0002514442312531173
Epoch 697 Relative Error 0.00015012401854619384
Epoch 698 Relative Error 0.00017813955491874367
Epoch 699 Relative Error 0.0002677223819773644
Epoch 700 Relative Error 0.0002969389024656266
Epoch 701 Relative Error 0.0004786364734172821
Epoch 702 Relative Error 0.00018541913595981896
Epoch 703 Relative Error 0.00031512591522186995
Epoch 704 Relative Error 0.00031408568611368537
Epoch 705 Relative Error 0.0004075842152815312
Epoch 706 Relative Error 0.0005274746217764914
Epoch 707 Relative Error 0.0006030949298292398
Epoch 708 Relative Error 0.0004624352150131017
Epoch 709 Relative Error 0.0005665321368724108
Epoch 710 Relative Error 0.0007675507804378867
Epoch 711 Relative Error 0.0004003875656053424
Epoch 712 Relative Error 0.0004460456839296967
Epoch 713 Relative Error 0.0004069353162776679
Epoch 714 Relative Error 0.00037531336420215666
Epoch 715 Relative Error 0.00045830546878278255
Epoch 716 Relative Error 0.0003003580204676837
Epoch 717 Relative Error 0.00038741540629416704
Epoch 718 Relative Error 0.000429253006586805
Epoch 719 Relative Error 0.00027144578052684665
Epoch 720 Relative Error 0.0003304168058093637
Epoch 721 Relative Error 0.00024162663612514734
Epoch 722 Relative Error 0.00037168379640206695
Epoch 723 Relative Error 0.00046873779501765966
Epoch 724 Relative Error 0.0006664033280685544
Epoch 725 Relative Error 0.0005399341462180018
Epoch 726 Relative Error 0.00032296552672050893
Epoch 727 Relative Error 0.0008787796832621098
Epoch 728 Relative Error 0.0007106998818926513
Epoch 729 Relative Error 0.0005615680711343884
Epoch 730 Relative Error 0.0003918496076948941
Epoch 731 Relative Error 0.0005285850493237376
Epoch 732 Relative Error 0.0005464024725370109
Epoch 733 Relative Error 0.000414700189139694
Epoch 734 Relative Error 0.00038863217923790216
Epoch 735 Relative Error 0.0003837112453766167
Epoch 736 Relative Error 0.0003396513347979635
Epoch 737 Relative Error 0.0004303573223296553
Epoch 738 Relative Error 0.00034785812022164464
Epoch 739 Relative Error 0.00024092085368465632
Epoch 740 Relative Error 0.00019388437794987112
Epoch 741 Relative Error 0.0003329267492517829
Epoch 742 Relative Error 0.0003270900924690068
Epoch 743 Relative Error 0.00018421505228616297
Epoch 744 Relative Error 0.0002771265571936965
Epoch 745 Relative Error 0.00018723744142334908
Epoch 746 Relative Error 0.00012643449008464813
Epoch 747 Relative Error 0.00017398002091795206
Epoch 748 Relative Error 0.0001522798847872764
Epoch 749 Relative Error 8.908963354770094e-05
Epoch 750 Relative Error 0.00013927542022429407
Epoch 751 Relative Error 0.0001555719063617289
Epoch 752 Relative Error 0.0001199861872009933
Epoch 753 Relative Error 0.00012252018495928496
Epoch 754 Relative Error 8.750514825806022e-05
Epoch 755 Relative Error 5.402636816143058e-05
Epoch 756 Relative Error 9.521442552795634e-05
Epoch 757 Relative Error 9.79675751295872e-05
Epoch 758 Relative Error 7.73184365243651e-05
Epoch 759 Relative Error 4.825234645977616e-05
Epoch 760 Relative Error 4.506116601987742e-05
Epoch 761 Relative Error 3.9847676816862077e-05
Epoch 762 Relative Error 4.3391879444243386e-05
Epoch 763 Relative Error 4.569832526613027e-05
Epoch 764 Relative Error 4.7878063924144953e-05
Epoch 765 Relative Error 3.9688125980319455e-05
Epoch 766 Relative Error 3.496593126328662e-05
Epoch 767 Relative Error 2.558992309786845e-05
Epoch 768 Relative Error 1.9181698007741943e-05
Epoch 769 Relative Error 3.286475475761108e-05
Epoch 770 Relative Error 2.3750295440549962e-05
Epoch 771 Relative Error 2.1589268726529554e-05
Epoch 772 Relative Error 2.7524838515091687e-05
Epoch 773 Relative Error 1.7579795894562267e-05
Epoch 774 Relative Error 1.7728931197780184e-05
Epoch 775 Relative Error 1.8397891835775226e-05
Epoch 776 Relative Error 1.3075821698294021e-05
Epoch 777 Relative Error 1.2063218491675798e-05
Epoch 778 Relative Error 1.1148334124300163e-05
Epoch 779 Relative Error 1.0070849384646863e-05
Epoch 780 Relative Error 1.548265208839439e-05
Epoch 781 Relative Error 1.0406994078948628e-05
Epoch 782 Relative Error 1.2445240827219095e-05
Epoch 783 Relative Error 9.62916874414077e-06
Epoch 784 Relative Error 1.0672887583496049e-05
Epoch 785 Relative Error 9.87185921985656e-06
Epoch 786 Relative Error 1.0206492333963979e-05
Epoch 787 Relative Error 9.313866030424833e-06
Epoch 788 Relative Error 9.711111488286406e-06
Epoch 789 Relative Error 1.0805076271935832e-05
Epoch 790 Relative Error 9.283829967898782e-06
Epoch 791 Relative Error 9.738277185533661e-06
Epoch 792 Relative Error 9.57055453909561e-06
Epoch 793 Relative Error 8.630815500509925e-06
Epoch 794 Relative Error 8.814154170977417e-06
Epoch 795 Relative Error 9.976331966754515e-06
Epoch 796 Relative Error 1.0091496733366512e-05
Epoch 797 Relative Error 8.37853440316394e-06
Epoch 798 Relative Error 8.881807843863498e-06
Epoch 799 Relative Error 8.212133252527565e-06
Epoch 800 Relative Error 8.827428246149793e-06
Epoch 801 Relative Error 8.662463187647518e-06
Epoch 802 Relative Error 8.582671398471575e-06
Epoch 803 Relative Error 1.0012409802584443e-05
Epoch 804 Relative Error 8.99942187970737e-06
Epoch 805 Relative Error 1.1912314221262932e-05
Epoch 806 Relative Error 1.1837685633508954e-05
Epoch 807 Relative Error 1.37001197799691e-05
Epoch 808 Relative Error 1.561782119097188e-05
Epoch 809 Relative Error 1.9297336621093564e-05
Epoch 810 Relative Error 3.744974674191326e-05
Epoch 811 Relative Error 1.3768433746008668e-05
Epoch 812 Relative Error 2.2601485397899523e-05
Epoch 813 Relative Error 2.959769881272223e-05
Epoch 814 Relative Error 1.536175659566652e-05
Epoch 815 Relative Error 1.8131167962565087e-05
Epoch 816 Relative Error 1.831798545026686e-05
Epoch 817 Relative Error 2.348871566937305e-05
Epoch 818 Relative Error 2.0382705770316534e-05
Epoch 819 Relative Error 2.0412779122125357e-05
Epoch 820 Relative Error 2.485954792064149e-05
Epoch 821 Relative Error 1.8257393094245344e-05
Epoch 822 Relative Error 1.6690562915755436e-05
Epoch 823 Relative Error 2.2976260879659094e-05
Epoch 824 Relative Error 1.954837716766633e-05
Epoch 825 Relative Error 2.4523311367374845e-05
Epoch 826 Relative Error 1.5721077943453565e-05
Epoch 827 Relative Error 1.561596945975907e-05
Epoch 828 Relative Error 2.4218728867708705e-05
Epoch 829 Relative Error 1.8511684174882248e-05
Epoch 830 Relative Error 3.1023198971524835e-05
Epoch 831 Relative Error 4.351798997959122e-05
Epoch 832 Relative Error 2.1656132958014496e-05
Epoch 833 Relative Error 3.365559678059071e-05
Epoch 834 Relative Error 7.296157127711922e-05
Epoch 835 Relative Error 3.6785662814509124e-05
Epoch 836 Relative Error 5.180809966986999e-05
Epoch 837 Relative Error 5.451867400552146e-05
Epoch 838 Relative Error 4.64693657704629e-05
Epoch 839 Relative Error 5.470489486469887e-05
Epoch 840 Relative Error 7.157275103963912e-05
Epoch 841 Relative Error 4.157021612627432e-05
Epoch 842 Relative Error 4.1698775021359324e-05
Epoch 843 Relative Error 2.5145738618448377e-05
Epoch 844 Relative Error 2.8703960197162814e-05
Epoch 845 Relative Error 2.4863935323082842e-05
Epoch 846 Relative Error 2.5150042347377166e-05
Epoch 847 Relative Error 1.781294122338295e-05
Epoch 848 Relative Error 2.277308885823004e-05
Epoch 849 Relative Error 2.2827642169431783e-05
Epoch 850 Relative Error 2.244994175271131e-05
Epoch 851 Relative Error 1.9752296793740243e-05
Epoch 852 Relative Error 2.5567916964064352e-05
Epoch 853 Relative Error 2.731155836954713e-05
Epoch 854 Relative Error 1.4824355275777634e-05
Epoch 855 Relative Error 1.8993723642779514e-05
Epoch 856 Relative Error 1.561154749651905e-05
Epoch 857 Relative Error 1.70928833540529e-05
Epoch 858 Relative Error 2.447440601827111e-05
Epoch 859 Relative Error 1.672334474278614e-05
Epoch 860 Relative Error 1.8535070921643637e-05
Epoch 861 Relative Error 1.585598147357814e-05
Epoch 862 Relative Error 1.119705666496884e-05
Epoch 863 Relative Error 1.724608227959834e-05
Epoch 864 Relative Error 1.4397809536603745e-05
Epoch 865 Relative Error 1.3409185157797765e-05
Epoch 866 Relative Error 1.570764470670838e-05
Epoch 867 Relative Error 1.8511862435843796e-05
Epoch 868 Relative Error 2.182120078941807e-05
Epoch 869 Relative Error 1.4818730051047169e-05
Epoch 870 Relative Error 1.8456899852026254e-05
Epoch 871 Relative Error 1.4140456187305972e-05
Epoch 872 Relative Error 1.2449101632228121e-05
Epoch 873 Relative Error 1.2821257769246586e-05
Epoch 874 Relative Error 1.3960978321847506e-05
Epoch 875 Relative Error 1.524132676422596e-05
Epoch 876 Relative Error 1.4986010683060158e-05
Epoch 877 Relative Error 1.2799153410014696e-05
Epoch 878 Relative Error 1.5794876162544824e-05
Epoch 879 Relative Error 9.567620509187691e-06
Epoch 880 Relative Error 1.2095713827875443e-05
Epoch 881 Relative Error 1.1781299690483138e-05
Epoch 882 Relative Error 1.59027968038572e-05
Epoch 883 Relative Error 1.1346040082571562e-05
Epoch 884 Relative Error 1.1044870916521177e-05
Epoch 885 Relative Error 1.0761223165900446e-05
Epoch 886 Relative Error 1.0632094017637428e-05
Epoch 887 Relative Error 8.918117600842379e-06
Epoch 888 Relative Error 9.42084352573147e-06
Epoch 889 Relative Error 8.905845788831357e-06
Epoch 890 Relative Error 9.311001122114249e-06
Epoch 891 Relative Error 9.907063940772787e-06
Epoch 892 Relative Error 9.037325071403757e-06
Epoch 893 Relative Error 9.196980499837082e-06
Epoch 894 Relative Error 8.972830983111635e-06
Epoch 895 Relative Error 8.903062735043932e-06
Epoch 896 Relative Error 9.386089914187323e-06
Epoch 897 Relative Error 8.872460966813378e-06
Epoch 898 Relative Error 8.947105925471988e-06
Epoch 899 Relative Error 8.688177331350744e-06
Epoch 900 Relative Error 9.302046237280592e-06
Epoch 901 Relative Error 8.064147550612688e-06
Epoch 902 Relative Error 8.297055501316208e-06
Epoch 903 Relative Error 8.107765097520314e-06
Epoch 904 Relative Error 8.290131518151611e-06
Epoch 905 Relative Error 8.564644303987734e-06
Epoch 906 Relative Error 1.1309620276733767e-05
Epoch 907 Relative Error 8.87784335645847e-06
Epoch 908 Relative Error 9.227966074831784e-06
Epoch 909 Relative Error 9.647848855820484e-06
Epoch 910 Relative Error 8.232287655118853e-06
Epoch 911 Relative Error 9.005417268781457e-06
Epoch 912 Relative Error 8.341725333593786e-06
Epoch 913 Relative Error 8.334282028954476e-06
Epoch 914 Relative Error 8.54068548505893e-06
Epoch 915 Relative Error 8.247120604210068e-06
Epoch 916 Relative Error 9.055936970980838e-06
Epoch 917 Relative Error 8.982789950096048e-06
Epoch 918 Relative Error 8.914381396607496e-06
Epoch 919 Relative Error 9.078614311874844e-06
Epoch 920 Relative Error 8.726713531359565e-06
Epoch 921 Relative Error 8.983332008938305e-06
Epoch 922 Relative Error 9.486428098171018e-06
Epoch 923 Relative Error 8.609022188466042e-06
Epoch 924 Relative Error 9.41550842981087e-06
Epoch 925 Relative Error 1.0567182471277192e-05
Epoch 926 Relative Error 8.365698704437818e-06
Epoch 927 Relative Error 8.367625014216173e-06
Epoch 928 Relative Error 8.338810403074604e-06
Epoch 929 Relative Error 9.875939213088714e-06
Epoch 930 Relative Error 9.058418982021976e-06
Epoch 931 Relative Error 8.274681931652594e-06
Epoch 932 Relative Error 1.0010599908127915e-05
Epoch 933 Relative Error 8.635933227196801e-06
Epoch 934 Relative Error 8.727855856704991e-06
Epoch 935 Relative Error 9.733874321682379e-06
Epoch 936 Relative Error 9.186393072013743e-06
Epoch 937 Relative Error 8.35661467135651e-06
Epoch 938 Relative Error 8.575277206546161e-06
Epoch 939 Relative Error 8.360070751223247e-06
Epoch 940 Relative Error 8.385016371903475e-06
Epoch 941 Relative Error 8.238260306825396e-06
Epoch 942 Relative Error 8.117374818539247e-06
Epoch 943 Relative Error 8.252335646830034e-06
Epoch 944 Relative Error 8.409772817685734e-06
Epoch 945 Relative Error 8.804664503259119e-06
Epoch 946 Relative Error 8.768742191023193e-06
Epoch 947 Relative Error 8.776398317422718e-06
Epoch 948 Relative Error 9.660708201408852e-06
Epoch 949 Relative Error 1.3036315067438409e-05
Epoch 950 Relative Error 9.431212674826384e-06
Epoch 951 Relative Error 9.470550139667466e-06
Epoch 952 Relative Error 9.121627044805791e-06
Epoch 953 Relative Error 8.896824510884471e-06
Epoch 954 Relative Error 9.779068022908177e-06
Epoch 955 Relative Error 9.597969437891152e-06
Epoch 956 Relative Error 1.047004116117023e-05
Epoch 957 Relative Error 1.2223930752952583e-05
Epoch 958 Relative Error 1.2080097803846002e-05
Epoch 959 Relative Error 9.44057319429703e-06
Epoch 960 Relative Error 8.528047146683093e-06
Epoch 961 Relative Error 8.349379641003907e-06
Epoch 962 Relative Error 8.638340659672394e-06
Epoch 963 Relative Error 8.75083696882939e-06
Epoch 964 Relative Error 8.871207683114335e-06
Epoch 965 Relative Error 8.325923772645183e-06
Epoch 966 Relative Error 8.600495675636921e-06
Epoch 967 Relative Error 8.227461876231246e-06
Epoch 968 Relative Error 8.720005098439287e-06
Epoch 969 Relative Error 8.164645805663895e-06
Epoch 970 Relative Error 8.474214155285154e-06
Epoch 971 Relative Error 8.66028949531028e-06
Epoch 972 Relative Error 8.606593837612309e-06
Epoch 973 Relative Error 8.568200428271666e-06
Epoch 974 Relative Error 9.06520745047601e-06
Epoch 975 Relative Error 8.070298463280778e-06
Epoch 976 Relative Error 8.728547072678339e-06
Epoch 977 Relative Error 8.95091397978831e-06
Epoch 978 Relative Error 9.495190170127898e-06
Epoch 979 Relative Error 9.899684300762601e-06
Epoch 980 Relative Error 8.894100574252661e-06
Epoch 981 Relative Error 8.762208381085657e-06
Epoch 982 Relative Error 8.434986739302985e-06
Epoch 983 Relative Error 8.288994649774395e-06
Epoch 984 Relative Error 8.514088222000282e-06
Epoch 985 Relative Error 8.83388474903768e-06
Epoch 986 Relative Error 8.621857887192164e-06
Epoch 987 Relative Error 8.789465937297791e-06
Epoch 988 Relative Error 8.588775017415173e-06
Epoch 989 Relative Error 9.064864570973441e-06
Epoch 990 Relative Error 8.00077395979315e-06
Epoch 991 Relative Error 8.565943971916568e-06
Epoch 992 Relative Error 8.731587513466366e-06
Epoch 993 Relative Error 8.6150539573282e-06
Epoch 994 Relative Error 9.079446499526966e-06
Epoch 995 Relative Error 8.480121323373169e-06
Epoch 996 Relative Error 9.374785804538988e-06
Epoch 997 Relative Error 8.99968836165499e-06
Epoch 998 Relative Error 8.63826153363334e-06
Epoch 999 Relative Error 9.727671567816287e-06
Epoch 1000 Relative Error 1.044599230226595e-05
RE (3, 0, 18, 0): 8.00077395979315e-06
Green's Function RE (3, 0, 18, 0): 0.03384585678577423
Bias Term RE (3, 0, 18, 0): 0.035903897136449814
Combination (3, 0, 18, 0, 0): 0.07332713901996613
Combination (3, 0, 18, 0, 1): 0.0738808661699295
Combination (3, 0, 18, 0, 2): 0.07399474084377289
Combination (3, 0, 18, 0, 3): 0.07402952760457993
Combination (3, 0, 18, 0, 4): 0.07404544949531555

/home/gridsan/gstepaniants/.local/lib/python3.8/site-packages/torch/functional.py:478: UserWarning: torch.meshgrid: in an upcoming release, it will be required to pass the indexing argument. (Triggered internally at  ../aten/src/ATen/native/TensorShape.cpp:2895.)
  return _VF.meshgrid(tensors, **kwargs)  # type: ignore[attr-defined]
