[KeOps] Warning : Cuda libraries were not detected on the system ; using cpu only mode
1
Kernel: Exponential
Weight Mesh: 10
RKHS Kernel Width: 0.009000000000000001
Lambda: 1e-06
Green's Function Learning Rate: 100
Bias Term Learning Rate: 100
Epoch 1 Relative Error 703.2064208984375
First epoch had re = 703.2064208984375 > 1
Green's Function Learning Rate: 50
Bias Term Learning Rate: 50
Epoch 1 Relative Error 445.7769470214844
First epoch had re = 445.7769470214844 > 1
Green's Function Learning Rate: 10
Bias Term Learning Rate: 10
Epoch 1 Relative Error 90.8954849243164
First epoch had re = 90.8954849243164 > 1
Green's Function Learning Rate: 5
Bias Term Learning Rate: 5
Epoch 1 Relative Error 37.223976135253906
First epoch had re = 37.223976135253906 > 1
Green's Function Learning Rate: 1
Bias Term Learning Rate: 1
Epoch 1 Relative Error 7.785871505737305
First epoch had re = 7.785871505737305 > 1
Green's Function Learning Rate: 0.5
Bias Term Learning Rate: 0.5
Epoch 1 Relative Error 3.4007492065429688
First epoch had re = 3.4007492065429688 > 1
Green's Function Learning Rate: 0.1
Bias Term Learning Rate: 0.1
Epoch 1 Relative Error 0.786668062210083
Epoch 2 Relative Error 0.6383644938468933
Epoch 3 Relative Error 0.49796319007873535
Epoch 4 Relative Error 0.43826690316200256
Epoch 5 Relative Error 0.31872808933258057
Epoch 6 Relative Error 0.24508173763751984
Epoch 7 Relative Error 0.22129757702350616
Epoch 8 Relative Error 0.19472895562648773
Epoch 9 Relative Error 0.1350560188293457
Epoch 10 Relative Error 0.1062379702925682
Epoch 11 Relative Error 0.09240762144327164
Epoch 12 Relative Error 0.06832700222730637
Epoch 13 Relative Error 0.05790960043668747
Epoch 14 Relative Error 0.04620839282870293
Epoch 15 Relative Error 0.03934734687209129
Epoch 16 Relative Error 0.031494710594415665
Epoch 17 Relative Error 0.026370935142040253
Epoch 18 Relative Error 0.02218850888311863
Epoch 19 Relative Error 0.01884462684392929
Epoch 20 Relative Error 0.013255832716822624
Epoch 21 Relative Error 0.011739666573703289
Epoch 22 Relative Error 0.010300064459443092
Epoch 23 Relative Error 0.007620866410434246
Epoch 24 Relative Error 0.006647129543125629
Epoch 25 Relative Error 0.006529331207275391
Epoch 26 Relative Error 0.005303266458213329
Epoch 27 Relative Error 0.004055432043969631
Epoch 28 Relative Error 0.003881352487951517
Epoch 29 Relative Error 0.0027510307263582945
Epoch 30 Relative Error 0.0021866948809474707
Epoch 31 Relative Error 0.0018090473022311926
Epoch 32 Relative Error 0.0012573861749842763
Epoch 33 Relative Error 0.0009926912607625127
Epoch 34 Relative Error 0.000871452793944627
Epoch 35 Relative Error 0.000828051008284092
Epoch 36 Relative Error 0.0006447532796300948
Epoch 37 Relative Error 0.0004490397113841027
Epoch 38 Relative Error 0.0003609141567721963
Epoch 39 Relative Error 0.0002844173868652433
Epoch 40 Relative Error 0.00026956689544022083
Epoch 41 Relative Error 0.00021251573343761265
Epoch 42 Relative Error 0.00015558039012830704
Epoch 43 Relative Error 0.00015107874060049653
Epoch 44 Relative Error 0.00011466106661828235
Epoch 45 Relative Error 0.0001158520026365295
Epoch 46 Relative Error 8.980130951385945e-05
Epoch 47 Relative Error 6.962959741940722e-05
Epoch 48 Relative Error 6.615793972741812e-05
Epoch 49 Relative Error 5.575795512413606e-05
Epoch 50 Relative Error 4.240074849803932e-05
Epoch 51 Relative Error 3.672249295050278e-05
Epoch 52 Relative Error 3.2819571060827e-05
Epoch 53 Relative Error 2.5381114028277807e-05
Epoch 54 Relative Error 2.734145527938381e-05
Epoch 55 Relative Error 2.118851443810854e-05
Epoch 56 Relative Error 2.3495986170019023e-05
Epoch 57 Relative Error 1.644461190153379e-05
Epoch 58 Relative Error 1.4446420209424105e-05
Epoch 59 Relative Error 1.2681171938311309e-05
Epoch 60 Relative Error 1.1082071068813093e-05
Epoch 61 Relative Error 1.0167652362724766e-05
Epoch 62 Relative Error 1.0022789865615778e-05
Epoch 63 Relative Error 9.907684216159396e-06
Epoch 64 Relative Error 1.0252823813061696e-05
Epoch 65 Relative Error 9.83242080110358e-06
Epoch 66 Relative Error 9.254186807083897e-06
Epoch 67 Relative Error 9.319547643826809e-06
Epoch 68 Relative Error 9.064931873581372e-06
Epoch 69 Relative Error 8.970120688900352e-06
Epoch 70 Relative Error 8.886701834853739e-06
Epoch 71 Relative Error 7.6106794040242676e-06
Epoch 72 Relative Error 8.837522727844771e-06
Epoch 73 Relative Error 8.57993472891394e-06
Epoch 74 Relative Error 8.698474630364217e-06
Epoch 75 Relative Error 7.816375727998093e-06
Epoch 76 Relative Error 7.907275175966788e-06
Epoch 77 Relative Error 8.623870598967187e-06
Epoch 78 Relative Error 9.133756975643337e-06
Epoch 79 Relative Error 9.39096662477823e-06
Epoch 80 Relative Error 1.0086739166581538e-05
Epoch 81 Relative Error 9.431444595975336e-06
Epoch 82 Relative Error 1.0199092685070354e-05
Epoch 83 Relative Error 9.94771471596323e-06
Epoch 84 Relative Error 9.512654287391342e-06
Epoch 85 Relative Error 8.440370947937481e-06
Epoch 86 Relative Error 8.395446457143407e-06
Epoch 87 Relative Error 9.266329470847268e-06
Epoch 88 Relative Error 9.045820661413018e-06
Epoch 89 Relative Error 9.632721230445895e-06
Epoch 90 Relative Error 9.369593499286566e-06
Epoch 91 Relative Error 8.51766799314646e-06
Epoch 92 Relative Error 8.724432518647518e-06
Epoch 93 Relative Error 7.625945727340877e-06
Epoch 94 Relative Error 9.72128600551514e-06
Epoch 95 Relative Error 9.156336091109551e-06
Epoch 96 Relative Error 1.0692478099372238e-05
Epoch 97 Relative Error 9.166602467303164e-06
Epoch 98 Relative Error 9.00965642358642e-06
Epoch 99 Relative Error 9.406373465026263e-06
Epoch 100 Relative Error 8.193383109755814e-06
Epoch 101 Relative Error 9.951789252227172e-06
Epoch 102 Relative Error 1.0317248779756483e-05
Epoch 103 Relative Error 9.207657967635896e-06
Epoch 104 Relative Error 9.686191333457828e-06
Epoch 105 Relative Error 1.0329029464628547e-05
Epoch 106 Relative Error 9.347017112304457e-06
Epoch 107 Relative Error 9.81459379545413e-06
Epoch 108 Relative Error 8.904156857170165e-06
Epoch 109 Relative Error 1.1469655873952433e-05
Epoch 110 Relative Error 9.97910501610022e-06
Epoch 111 Relative Error 9.007610060507432e-06
Epoch 112 Relative Error 8.219222763727885e-06
Epoch 113 Relative Error 1.038316622725688e-05
Epoch 114 Relative Error 1.0099959581566509e-05
Epoch 115 Relative Error 8.650451491121203e-06
Epoch 116 Relative Error 9.88753618003102e-06
Epoch 117 Relative Error 1.0794578884087969e-05
Epoch 118 Relative Error 1.0860469046747312e-05
Epoch 119 Relative Error 1.2068205251125619e-05
Epoch 120 Relative Error 1.0294753337802831e-05
Epoch 121 Relative Error 9.534826858725864e-06
Epoch 122 Relative Error 1.0128772373718675e-05
Epoch 123 Relative Error 1.0550375009188429e-05
Epoch 124 Relative Error 8.948199138103519e-06
Epoch 125 Relative Error 9.6569365268806e-06
Epoch 126 Relative Error 9.960402167052962e-06
Epoch 127 Relative Error 8.463705853500869e-06
Epoch 128 Relative Error 1.0452309652464464e-05
Epoch 129 Relative Error 8.67703329276992e-06
Epoch 130 Relative Error 8.656330464873463e-06
Epoch 131 Relative Error 9.970309292839374e-06
Epoch 132 Relative Error 8.937374332163017e-06
Epoch 133 Relative Error 9.940989002643619e-06
Epoch 134 Relative Error 1.0221738193649799e-05
Epoch 135 Relative Error 1.160843294201186e-05
Epoch 136 Relative Error 1.1471193829493131e-05
Epoch 137 Relative Error 1.3203132766648196e-05
Epoch 138 Relative Error 1.3088727428112179e-05
Epoch 139 Relative Error 1.391434943798231e-05
Epoch 140 Relative Error 1.4151778486848343e-05
Epoch 141 Relative Error 1.6833790141390637e-05
Epoch 142 Relative Error 1.3811358257953543e-05
Epoch 143 Relative Error 1.410800359735731e-05
Epoch 144 Relative Error 1.2721076927846298e-05
Epoch 145 Relative Error 1.0435352123749908e-05
Epoch 146 Relative Error 1.1110767445643432e-05
Epoch 147 Relative Error 1.0550410479481798e-05
Epoch 148 Relative Error 1.3685650628758594e-05
Epoch 149 Relative Error 1.243879978574114e-05
Epoch 150 Relative Error 1.4391794138646219e-05
Epoch 151 Relative Error 1.2913794307678472e-05
Epoch 152 Relative Error 1.4516673218167853e-05
Epoch 153 Relative Error 1.1834495126095135e-05
Epoch 154 Relative Error 1.0952976481348742e-05
Epoch 155 Relative Error 1.2409152986947447e-05
Epoch 156 Relative Error 1.2522054021246731e-05
Epoch 157 Relative Error 1.1846944289573003e-05
Epoch 158 Relative Error 1.2090116797480732e-05
Epoch 159 Relative Error 1.1498259482323192e-05
Epoch 160 Relative Error 1.0505260434001684e-05
Epoch 161 Relative Error 1.2945496564498171e-05
Epoch 162 Relative Error 1.1706020814017393e-05
Epoch 163 Relative Error 9.591878551873378e-06
Epoch 164 Relative Error 1.0912589459621813e-05
Epoch 165 Relative Error 1.3746985132456757e-05
Epoch 166 Relative Error 1.299683117395034e-05
Epoch 167 Relative Error 1.1895047464349773e-05
Epoch 168 Relative Error 1.3203067283029668e-05
Epoch 169 Relative Error 1.3538885468733497e-05
Epoch 170 Relative Error 1.3989902072353289e-05
Epoch 171 Relative Error 1.2806953236577101e-05
Epoch 172 Relative Error 1.4202725651557557e-05
Epoch 173 Relative Error 1.238653658219846e-05
Epoch 174 Relative Error 9.92025979940081e-06
Epoch 175 Relative Error 1.1728205208783038e-05
Epoch 176 Relative Error 9.801765372685622e-06
Epoch 177 Relative Error 1.0115892109752167e-05
Epoch 178 Relative Error 1.0109488357556984e-05
Epoch 179 Relative Error 1.1157676453876775e-05
Epoch 180 Relative Error 1.0236558409815188e-05
Epoch 181 Relative Error 1.3014346222917084e-05
Epoch 182 Relative Error 1.302202417718945e-05
Epoch 183 Relative Error 1.0537952221056912e-05
Epoch 184 Relative Error 9.393664186063688e-06
Epoch 185 Relative Error 1.2063406757079065e-05
Epoch 186 Relative Error 1.3589659829449374e-05
Epoch 187 Relative Error 1.3455615771817975e-05
Epoch 188 Relative Error 1.4184591236698907e-05
Epoch 189 Relative Error 1.3131060768500902e-05
Epoch 190 Relative Error 1.0657566235749982e-05
Epoch 191 Relative Error 1.2681712178164162e-05
Epoch 192 Relative Error 1.0816111171152443e-05
Epoch 193 Relative Error 1.237451760971453e-05
Epoch 194 Relative Error 1.129989504988771e-05
Epoch 195 Relative Error 1.1390487088647205e-05
Epoch 196 Relative Error 1.2350982615316752e-05
Epoch 197 Relative Error 1.2897171473014168e-05
Epoch 198 Relative Error 1.231313854077598e-05
Epoch 199 Relative Error 1.3491770005202852e-05
Epoch 200 Relative Error 1.4346702300827019e-05
Epoch 201 Relative Error 1.5990275642252527e-05
Epoch 202 Relative Error 1.2177476492070127e-05
Epoch 203 Relative Error 1.3663680874742568e-05
Epoch 204 Relative Error 1.106706986320205e-05
Epoch 205 Relative Error 1.0576505701465067e-05
Epoch 206 Relative Error 1.2990761206310708e-05
Epoch 207 Relative Error 1.178545608127024e-05
Epoch 208 Relative Error 1.4275656212703325e-05
Epoch 209 Relative Error 1.2853030057158321e-05
Epoch 210 Relative Error 1.273030193260638e-05
Epoch 211 Relative Error 1.2223403246025555e-05
Epoch 212 Relative Error 1.3079800737614278e-05
Epoch 213 Relative Error 1.1138509762531612e-05
Epoch 214 Relative Error 1.2573400454130024e-05
Epoch 215 Relative Error 1.2772527043125592e-05
Epoch 216 Relative Error 1.4761656530026812e-05
Epoch 217 Relative Error 1.198989775730297e-05
Epoch 218 Relative Error 1.2890428479295224e-05
Epoch 219 Relative Error 1.0783121069835033e-05
Epoch 220 Relative Error 1.1524492038006429e-05
Epoch 221 Relative Error 1.1859062396979425e-05
Epoch 222 Relative Error 1.2404126209730748e-05
Epoch 223 Relative Error 1.0956217010971159e-05
Epoch 224 Relative Error 1.0610497156449128e-05
Epoch 225 Relative Error 1.4611989172408357e-05
Epoch 226 Relative Error 1.1997809451713692e-05
Epoch 227 Relative Error 1.1877856195496861e-05
Epoch 228 Relative Error 1.2712809621007182e-05
Epoch 229 Relative Error 1.1925123544642702e-05
Epoch 230 Relative Error 1.5289726434275508e-05
Epoch 231 Relative Error 1.3901941201766022e-05
Epoch 232 Relative Error 1.4177866432873998e-05
Epoch 233 Relative Error 1.5487241398659535e-05
Epoch 234 Relative Error 1.7638492863625288e-05
Epoch 235 Relative Error 1.547608735563699e-05
Epoch 236 Relative Error 1.605540637683589e-05
Epoch 237 Relative Error 1.3877107448934112e-05
Epoch 238 Relative Error 1.2682568922173232e-05
Epoch 239 Relative Error 1.2116108337067999e-05
Epoch 240 Relative Error 1.20917420645128e-05
Epoch 241 Relative Error 1.4416749763768166e-05
Epoch 242 Relative Error 1.2705156223091763e-05
Epoch 243 Relative Error 1.442073789803544e-05
Epoch 244 Relative Error 1.7097594536608085e-05
Epoch 245 Relative Error 1.5136336514842696e-05
Epoch 246 Relative Error 1.2539082490548026e-05
Epoch 247 Relative Error 1.1678553164529148e-05
Epoch 248 Relative Error 1.3531756849261e-05
Epoch 249 Relative Error 1.4081682820688002e-05
Epoch 250 Relative Error 1.4509416359942406e-05
Epoch 251 Relative Error 1.6667481759213842e-05
Epoch 252 Relative Error 1.3457887689583004e-05
Epoch 253 Relative Error 1.5233844351314474e-05
Epoch 254 Relative Error 1.574427187733818e-05
Epoch 255 Relative Error 1.4332620594359469e-05
Epoch 256 Relative Error 1.4531198758049868e-05
Epoch 257 Relative Error 1.1138966328871902e-05
Epoch 258 Relative Error 1.4264413039200008e-05
Epoch 259 Relative Error 1.3424075405055191e-05
Epoch 260 Relative Error 1.2887170669273473e-05
Epoch 261 Relative Error 1.5520021406700835e-05
Epoch 262 Relative Error 1.6956064428086393e-05
Epoch 263 Relative Error 1.4352594916999806e-05
Epoch 264 Relative Error 1.2771341971529182e-05
Epoch 265 Relative Error 1.4903388546372298e-05
Epoch 266 Relative Error 1.3894275070924778e-05
Epoch 267 Relative Error 1.7247915820917115e-05
Epoch 268 Relative Error 1.5277555576176383e-05
Epoch 269 Relative Error 1.6453217540401965e-05
Epoch 270 Relative Error 1.7105729057220742e-05
Epoch 271 Relative Error 1.675362182140816e-05
Epoch 272 Relative Error 1.7814414604799822e-05
Epoch 273 Relative Error 1.96649634744972e-05
Epoch 274 Relative Error 1.8712778910412453e-05
Epoch 275 Relative Error 1.8007771359407343e-05
Epoch 276 Relative Error 1.7262480469071306e-05
Epoch 277 Relative Error 1.8955850464408286e-05
Epoch 278 Relative Error 1.588293889653869e-05
Epoch 279 Relative Error 2.1930376533418894e-05
Epoch 280 Relative Error 1.5223878108372446e-05
Epoch 281 Relative Error 1.89422626135638e-05
Epoch 282 Relative Error 1.8427188479108736e-05
Epoch 283 Relative Error 2.069073343591299e-05
Epoch 284 Relative Error 2.1205774828558788e-05
Epoch 285 Relative Error 1.770710150594823e-05
Epoch 286 Relative Error 2.1150442989892326e-05
Epoch 287 Relative Error 1.810912726796232e-05
Epoch 288 Relative Error 1.6478734323754907e-05
Epoch 289 Relative Error 1.9530865756678395e-05
Epoch 290 Relative Error 1.7719257812132128e-05
Epoch 291 Relative Error 1.663456168898847e-05
Epoch 292 Relative Error 1.707948831608519e-05
Epoch 293 Relative Error 1.7647111235419288e-05
Epoch 294 Relative Error 1.4449758054979611e-05
Epoch 295 Relative Error 1.4431297131523024e-05
Epoch 296 Relative Error 1.4213064787327312e-05
Epoch 297 Relative Error 1.726966365822591e-05
Epoch 298 Relative Error 1.7825021132011898e-05
Epoch 299 Relative Error 1.6252899513347074e-05
Epoch 300 Relative Error 1.9810891899396665e-05
Epoch 301 Relative Error 1.7375879906467162e-05
Epoch 302 Relative Error 2.166240847145673e-05
Epoch 303 Relative Error 2.064464206341654e-05
Epoch 304 Relative Error 2.1106756321387365e-05
Epoch 305 Relative Error 2.2385316697182134e-05
Epoch 306 Relative Error 2.265301372972317e-05
Epoch 307 Relative Error 2.2125221221358515e-05
Epoch 308 Relative Error 1.9868397430400364e-05
Epoch 309 Relative Error 1.869075458671432e-05
Epoch 310 Relative Error 2.3469721782021224e-05
Epoch 311 Relative Error 1.9377635908313096e-05
Epoch 312 Relative Error 2.0462090105866082e-05
Epoch 313 Relative Error 2.4893501176848076e-05
Epoch 314 Relative Error 2.3160031560109928e-05
Epoch 315 Relative Error 2.5433058908674866e-05
Epoch 316 Relative Error 2.285485425090883e-05
Epoch 317 Relative Error 2.329638482478913e-05
Epoch 318 Relative Error 1.759143196977675e-05
Epoch 319 Relative Error 1.6300095012411475e-05
Epoch 320 Relative Error 1.5790947145433165e-05
Epoch 321 Relative Error 1.350900038232794e-05
Epoch 322 Relative Error 1.4927527445252053e-05
Epoch 323 Relative Error 1.531872658233624e-05
Epoch 324 Relative Error 1.9420147509663366e-05
Epoch 325 Relative Error 2.266268347739242e-05
Epoch 326 Relative Error 1.8659613488125615e-05
Epoch 327 Relative Error 1.7017584468703717e-05
Epoch 328 Relative Error 2.04625102924183e-05
Epoch 329 Relative Error 1.9811030142591335e-05
Epoch 330 Relative Error 1.5261557564372197e-05
Epoch 331 Relative Error 1.8591317711980082e-05
Epoch 332 Relative Error 1.6675186998327263e-05
Epoch 333 Relative Error 1.3892550668970216e-05
Epoch 334 Relative Error 1.2796852388419211e-05
Epoch 335 Relative Error 1.3356739145820029e-05
Epoch 336 Relative Error 1.4844250472378917e-05
Epoch 337 Relative Error 1.2431468348950148e-05
Epoch 338 Relative Error 1.1700265531544574e-05
Epoch 339 Relative Error 1.412260826327838e-05
Epoch 340 Relative Error 1.3762119124294259e-05
Epoch 341 Relative Error 1.7398730051354505e-05
Epoch 342 Relative Error 1.7837059203884564e-05
Epoch 343 Relative Error 1.9712197172339074e-05
Epoch 344 Relative Error 2.1148083760635927e-05
Epoch 345 Relative Error 2.1438980184029788e-05
Epoch 346 Relative Error 2.3454553229385056e-05
Epoch 347 Relative Error 1.9905401131836697e-05
Epoch 348 Relative Error 2.2445747163146734e-05
Epoch 349 Relative Error 2.08038527489407e-05
Epoch 350 Relative Error 1.9060074919252656e-05
Epoch 351 Relative Error 1.4263292541727424e-05
Epoch 352 Relative Error 1.6855961803230457e-05
Epoch 353 Relative Error 1.7957172531168908e-05
Epoch 354 Relative Error 1.6829613741720095e-05
Epoch 355 Relative Error 1.947626515175216e-05
Epoch 356 Relative Error 1.6097053958219476e-05
Epoch 357 Relative Error 1.912312836793717e-05
Epoch 358 Relative Error 1.5174680811469443e-05
Epoch 359 Relative Error 2.156019581889268e-05
Epoch 360 Relative Error 1.8907820049207658e-05
Epoch 361 Relative Error 1.9690483895828947e-05
Epoch 362 Relative Error 1.3095291251374874e-05
Epoch 363 Relative Error 2.3934666387503967e-05
Epoch 364 Relative Error 1.8834578440873884e-05
Epoch 365 Relative Error 1.812905611586757e-05
Epoch 366 Relative Error 1.7481526811025105e-05
Epoch 367 Relative Error 1.3143557225703262e-05
Epoch 368 Relative Error 1.663166949583683e-05
Epoch 369 Relative Error 1.7836762708611786e-05
Epoch 370 Relative Error 1.707588671706617e-05
Epoch 371 Relative Error 1.2978603081137408e-05
Epoch 372 Relative Error 1.3910741472500376e-05
Epoch 373 Relative Error 1.6928101103985682e-05
Epoch 374 Relative Error 1.5049705325509422e-05
Epoch 375 Relative Error 1.5183558389253449e-05
Epoch 376 Relative Error 1.735779551381711e-05
Epoch 377 Relative Error 1.3898453289584722e-05
Epoch 378 Relative Error 1.46477150337887e-05
Epoch 379 Relative Error 1.5723253454780206e-05
Epoch 380 Relative Error 1.7403763195034117e-05
Epoch 381 Relative Error 1.7143331206170842e-05
Epoch 382 Relative Error 1.9469460312393494e-05
Epoch 383 Relative Error 1.8877835827879608e-05
Epoch 384 Relative Error 2.2003268895787187e-05
Epoch 385 Relative Error 3.083760748268105e-05
Epoch 386 Relative Error 3.576574817998335e-05
Epoch 387 Relative Error 3.306491271359846e-05
Epoch 388 Relative Error 2.9034752515144646e-05
Epoch 389 Relative Error 2.4021192075451836e-05
Epoch 390 Relative Error 2.8047312298440374e-05
Epoch 391 Relative Error 2.1243889932520688e-05
Epoch 392 Relative Error 2.7991771275992505e-05
Epoch 393 Relative Error 2.0697749278042465e-05
Epoch 394 Relative Error 2.779895112325903e-05
Epoch 395 Relative Error 2.161443990189582e-05
Epoch 396 Relative Error 2.9898099455749616e-05
Epoch 397 Relative Error 2.753051921899896e-05
Epoch 398 Relative Error 3.053669570363127e-05
Epoch 399 Relative Error 2.6347452148911543e-05
Epoch 400 Relative Error 2.380241494392976e-05
Epoch 401 Relative Error 2.052385752904229e-05
Epoch 402 Relative Error 3.224181637051515e-05
Epoch 403 Relative Error 2.529324046918191e-05
Epoch 404 Relative Error 3.805000596912578e-05
Epoch 405 Relative Error 4.2256215238012373e-05
Epoch 406 Relative Error 5.0865251978393644e-05
Epoch 407 Relative Error 4.546168202068657e-05
Epoch 408 Relative Error 3.955459033022635e-05
Epoch 409 Relative Error 5.360638533602469e-05
Epoch 410 Relative Error 7.48688617022708e-05
Epoch 411 Relative Error 6.968495290493593e-05
Epoch 412 Relative Error 4.654021540773101e-05
Epoch 413 Relative Error 4.689670095103793e-05
Epoch 414 Relative Error 6.135880539659411e-05
Epoch 415 Relative Error 5.4481355618918315e-05
Epoch 416 Relative Error 3.230684160371311e-05
Epoch 417 Relative Error 3.645185279310681e-05
Epoch 418 Relative Error 4.3019161239499226e-05
Epoch 419 Relative Error 4.1767121729208156e-05
Epoch 420 Relative Error 4.0345137676922604e-05
Epoch 421 Relative Error 4.900673229712993e-05
Epoch 422 Relative Error 5.773739394498989e-05
Epoch 423 Relative Error 5.005497587262653e-05
Epoch 424 Relative Error 6.601759378099814e-05
Epoch 425 Relative Error 4.8049161705421284e-05
Epoch 426 Relative Error 4.668452311307192e-05
Epoch 427 Relative Error 4.6672168537043035e-05
Epoch 428 Relative Error 6.780320109101012e-05
Epoch 429 Relative Error 7.72560088080354e-05
Epoch 430 Relative Error 8.009798330022022e-05
Epoch 431 Relative Error 8.627974602859467e-05
Epoch 432 Relative Error 0.00010228555038338527
Epoch 433 Relative Error 8.2512924564071e-05
Epoch 434 Relative Error 9.979240712709725e-05
Epoch 435 Relative Error 6.922716420376673e-05
Epoch 436 Relative Error 0.00010253624350298196
Epoch 437 Relative Error 5.8888115745503455e-05
Epoch 438 Relative Error 7.511771400459111e-05
Epoch 439 Relative Error 7.362525502685457e-05
Epoch 440 Relative Error 7.049548003124073e-05
Epoch 441 Relative Error 9.021888399729505e-05
Epoch 442 Relative Error 6.803206633776426e-05
Epoch 443 Relative Error 8.183463796740398e-05
Epoch 444 Relative Error 4.7889232519082725e-05
Epoch 445 Relative Error 6.416685209842399e-05
Epoch 446 Relative Error 7.179515523603186e-05
Epoch 447 Relative Error 9.016061085276306e-05
Epoch 448 Relative Error 7.492599252145737e-05
Epoch 449 Relative Error 5.8790858020074666e-05
Epoch 450 Relative Error 9.471035446040332e-05
Epoch 451 Relative Error 7.103550888132304e-05
Epoch 452 Relative Error 8.180128497770056e-05
Epoch 453 Relative Error 5.5504155170638114e-05
Epoch 454 Relative Error 5.339145354810171e-05
Epoch 455 Relative Error 9.959427552530542e-05
Epoch 456 Relative Error 8.589771459810436e-05
Epoch 457 Relative Error 6.301281246123835e-05
Epoch 458 Relative Error 4.732146408059634e-05
Epoch 459 Relative Error 5.845499617862515e-05
Epoch 460 Relative Error 4.798597365152091e-05
Epoch 461 Relative Error 5.127012627781369e-05
Epoch 462 Relative Error 3.5323784686625004e-05
Epoch 463 Relative Error 4.1529263398842886e-05
Epoch 464 Relative Error 4.5491804485209286e-05
Epoch 465 Relative Error 3.9111961086746305e-05
Epoch 466 Relative Error 4.705786341219209e-05
Epoch 467 Relative Error 4.881873610429466e-05
Epoch 468 Relative Error 5.487489397637546e-05
Epoch 469 Relative Error 5.868916559848003e-05
Epoch 470 Relative Error 5.005792627343908e-05
Epoch 471 Relative Error 6.118213786976412e-05
Epoch 472 Relative Error 5.8594665460987017e-05
Epoch 473 Relative Error 5.842810787726194e-05
Epoch 474 Relative Error 5.3719344577984884e-05
Epoch 475 Relative Error 4.380372047307901e-05
Epoch 476 Relative Error 6.138098251540214e-05
Epoch 477 Relative Error 3.7564161175396293e-05
Epoch 478 Relative Error 5.4833635658724234e-05
Epoch 479 Relative Error 5.2663977839984e-05
Epoch 480 Relative Error 7.83959767431952e-05
Epoch 481 Relative Error 6.229431892279536e-05
Epoch 482 Relative Error 4.503404488787055e-05
Epoch 483 Relative Error 4.3796386307803914e-05
Epoch 484 Relative Error 4.80849266750738e-05
Epoch 485 Relative Error 3.3999567676801234e-05
Epoch 486 Relative Error 4.084338797838427e-05
Epoch 487 Relative Error 5.448011143016629e-05
Epoch 488 Relative Error 3.316309812362306e-05
Epoch 489 Relative Error 4.1577761294320226e-05
Epoch 490 Relative Error 5.1360784709686413e-05
Epoch 491 Relative Error 4.260921195964329e-05
Epoch 492 Relative Error 4.910160350846127e-05
Epoch 493 Relative Error 4.20349751948379e-05
Epoch 494 Relative Error 3.863598976749927e-05
Epoch 495 Relative Error 3.989769902545959e-05
Epoch 496 Relative Error 3.816167009063065e-05
Epoch 497 Relative Error 4.235063533997163e-05
Epoch 498 Relative Error 2.8911172194057144e-05
Epoch 499 Relative Error 4.286281546228565e-05
Epoch 500 Relative Error 4.6830384235363454e-05
Epoch 501 Relative Error 6.436347757698968e-05
Epoch 502 Relative Error 7.944839308038354e-05
Epoch 503 Relative Error 9.779748506844044e-05
Epoch 504 Relative Error 0.00013940103235654533
Epoch 505 Relative Error 0.0001044130913214758
Epoch 506 Relative Error 7.767039642203599e-05
Epoch 507 Relative Error 8.36850013001822e-05
Epoch 508 Relative Error 7.590624591102824e-05
Epoch 509 Relative Error 4.971430462319404e-05
Epoch 510 Relative Error 6.581026536878198e-05
Epoch 511 Relative Error 6.561298505403101e-05
Epoch 512 Relative Error 6.491297972388566e-05
Epoch 513 Relative Error 6.667991692665964e-05
Epoch 514 Relative Error 7.065714453347027e-05
Epoch 515 Relative Error 9.787972521735355e-05
Epoch 516 Relative Error 0.00011395467299735174
Epoch 517 Relative Error 0.00011476241343189031
Epoch 518 Relative Error 0.00011387187259970233
Epoch 519 Relative Error 0.00010428534733364359
Epoch 520 Relative Error 7.14754278305918e-05
Epoch 521 Relative Error 8.922261622501537e-05
Epoch 522 Relative Error 8.005095151020214e-05
Epoch 523 Relative Error 0.00014327920507639647
Epoch 524 Relative Error 9.912422683555633e-05
Epoch 525 Relative Error 9.544424392515793e-05
Epoch 526 Relative Error 0.00013752366066910326
Epoch 527 Relative Error 0.00014919669774826616
Epoch 528 Relative Error 0.00013478555774781853
Epoch 529 Relative Error 0.00013758351269643754
Epoch 530 Relative Error 0.0001483925589127466
Epoch 531 Relative Error 0.00013449776452034712
Epoch 532 Relative Error 0.00014061536057852209
Epoch 533 Relative Error 0.00015916347911115736
Epoch 534 Relative Error 0.0001689128257567063
Epoch 535 Relative Error 0.00020734815916512161
Epoch 536 Relative Error 0.00017512748308945447
Epoch 537 Relative Error 0.0001885191013570875
Epoch 538 Relative Error 0.00019289492047391832
Epoch 539 Relative Error 0.00019016352598555386
Epoch 540 Relative Error 0.00016133231110870838
Epoch 541 Relative Error 0.00017487266450189054
Epoch 542 Relative Error 0.00016001345647964627
Epoch 543 Relative Error 0.00013646877778228372
Epoch 544 Relative Error 0.00011856394849019125
Epoch 545 Relative Error 0.00012103436893085018
Epoch 546 Relative Error 0.00018303778779227287
Epoch 547 Relative Error 0.00015564226487185806
Epoch 548 Relative Error 0.00012850042548961937
Epoch 549 Relative Error 0.0001378135639242828
Epoch 550 Relative Error 0.00014284886128734797
Epoch 551 Relative Error 0.00010357104474678636
Epoch 552 Relative Error 0.0001314379187533632
Epoch 553 Relative Error 0.00010309724893886596
Epoch 554 Relative Error 0.00010971575102303177
Epoch 555 Relative Error 0.00011794629244832322
Epoch 556 Relative Error 0.0001259130222024396
Epoch 557 Relative Error 0.00011812125012511387
Epoch 558 Relative Error 0.0001343417097814381
Epoch 559 Relative Error 0.00011715656000887975
Epoch 560 Relative Error 0.0001843885111156851
Epoch 561 Relative Error 0.00013541884254664183
Epoch 562 Relative Error 0.0001127245050156489
Epoch 563 Relative Error 0.00011452180478954688
Epoch 564 Relative Error 0.00010046663373941556
Epoch 565 Relative Error 8.201220043702051e-05
Epoch 566 Relative Error 0.00012083751789759845
Epoch 567 Relative Error 8.940996485762298e-05
Epoch 568 Relative Error 0.00011590348003664985
Epoch 569 Relative Error 8.725489169592038e-05
Epoch 570 Relative Error 0.00010717668919824064
Epoch 571 Relative Error 9.101779141929e-05
Epoch 572 Relative Error 6.559569737873971e-05
Epoch 573 Relative Error 6.89469525241293e-05
Epoch 574 Relative Error 7.045512029435486e-05
Epoch 575 Relative Error 7.151386671466753e-05
Epoch 576 Relative Error 5.0535902119008824e-05
Epoch 577 Relative Error 5.327251346898265e-05
Epoch 578 Relative Error 4.544853436527774e-05
Epoch 579 Relative Error 6.239665526663885e-05
Epoch 580 Relative Error 5.3452014981303364e-05
Epoch 581 Relative Error 4.46994454250671e-05
Epoch 582 Relative Error 5.491241972777061e-05
Epoch 583 Relative Error 5.3574676712742075e-05
Epoch 584 Relative Error 4.300200453144498e-05
Epoch 585 Relative Error 5.824376057717018e-05
Epoch 586 Relative Error 6.367474270518869e-05
Epoch 587 Relative Error 3.562795609468594e-05
Epoch 588 Relative Error 4.7574430936947465e-05
Epoch 589 Relative Error 5.418149885372259e-05
Epoch 590 Relative Error 4.954564064973965e-05
Epoch 591 Relative Error 3.687216667458415e-05
Epoch 592 Relative Error 5.61537999601569e-05
Epoch 593 Relative Error 9.693214087747037e-05
Epoch 594 Relative Error 0.0001217207609442994
Epoch 595 Relative Error 7.76650122134015e-05
Epoch 596 Relative Error 8.17993059172295e-05
Epoch 597 Relative Error 8.85241970536299e-05
Epoch 598 Relative Error 6.422357546398416e-05
Epoch 599 Relative Error 9.344252612208948e-05
Epoch 600 Relative Error 6.15391691098921e-05
Epoch 601 Relative Error 7.861208723625168e-05
Epoch 602 Relative Error 7.435045699821785e-05
Epoch 603 Relative Error 7.446088420692831e-05
Epoch 604 Relative Error 0.00011603894381551072
Epoch 605 Relative Error 0.00011484800052130595
Epoch 606 Relative Error 0.00010475375893292949
Epoch 607 Relative Error 8.38660416775383e-05
Epoch 608 Relative Error 9.802593558561057e-05
Epoch 609 Relative Error 0.00019910625996999443
Epoch 610 Relative Error 0.00017407762061338872
Epoch 611 Relative Error 0.0001273478555958718
Epoch 612 Relative Error 0.00012841878924518824
Epoch 613 Relative Error 0.0001220711856149137
Epoch 614 Relative Error 0.00013526371913030744
Epoch 615 Relative Error 0.0001779968006303534
Epoch 616 Relative Error 0.00014253555855248123
Epoch 617 Relative Error 0.00012851312931161374
Epoch 618 Relative Error 0.00018559866293799132
Epoch 619 Relative Error 0.00044418525067158043
Epoch 620 Relative Error 0.0002863813133444637
Epoch 621 Relative Error 0.0003738304949365556
Epoch 622 Relative Error 0.0003068897349294275
Epoch 623 Relative Error 0.000264907197561115
Epoch 624 Relative Error 0.0002643992775119841
Epoch 625 Relative Error 0.00022499002807307988
Epoch 626 Relative Error 0.0002444004057906568
Epoch 627 Relative Error 0.00016830684035085142
Epoch 628 Relative Error 0.00027464888989925385
Epoch 629 Relative Error 0.0002204120100941509
Epoch 630 Relative Error 0.000236678053624928
Epoch 631 Relative Error 0.0004314571851864457
Epoch 632 Relative Error 0.00044680910650640726
Epoch 633 Relative Error 0.0007131632883101702
Epoch 634 Relative Error 0.000789855548646301
Epoch 635 Relative Error 0.0009847746696323156
Epoch 636 Relative Error 0.0007473203586414456
Epoch 637 Relative Error 0.0008507086313329637
Epoch 638 Relative Error 0.0009011075017042458
Epoch 639 Relative Error 0.0009836455574259162
Epoch 640 Relative Error 0.0007871532579883933
Epoch 641 Relative Error 0.0007853438146412373
Epoch 642 Relative Error 0.0008347026887349784
Epoch 643 Relative Error 0.000671624206006527
Epoch 644 Relative Error 0.0004906686372123659
Epoch 645 Relative Error 0.0004957233322784305
Epoch 646 Relative Error 0.0006085223285481334
Epoch 647 Relative Error 0.0004911578726023436
Epoch 648 Relative Error 0.0007411068072542548
Epoch 649 Relative Error 0.0008933673379942775
Epoch 650 Relative Error 0.0008156056283041835
Epoch 651 Relative Error 0.0007180226966738701
Epoch 652 Relative Error 0.0005779057973995805
Epoch 653 Relative Error 0.0005901018739677966
Epoch 654 Relative Error 0.0006357620586641133
Epoch 655 Relative Error 0.000601686246227473
Epoch 656 Relative Error 0.00046648053103126585
Epoch 657 Relative Error 0.0004700295103248209
Epoch 658 Relative Error 0.0007017044117674232
Epoch 659 Relative Error 0.000565137539524585
Epoch 660 Relative Error 0.0006347826565615833
Epoch 661 Relative Error 0.0005740529741160572
Epoch 662 Relative Error 0.0006627659313380718
Epoch 663 Relative Error 0.0009332574554719031
Epoch 664 Relative Error 0.0005269249086268246
Epoch 665 Relative Error 0.0008771610446274281
Epoch 666 Relative Error 0.0007371596293523908
Epoch 667 Relative Error 0.0006122863851487637
Epoch 668 Relative Error 0.0006217626505531371
Epoch 669 Relative Error 0.0006105173379182816
Epoch 670 Relative Error 0.0005953772342763841
Epoch 671 Relative Error 0.0005104360752739012
Epoch 672 Relative Error 0.0008080331608653069
Epoch 673 Relative Error 0.0008834656910039485
Epoch 674 Relative Error 0.0009905336191877723
Epoch 675 Relative Error 0.0007384076016023755
Epoch 676 Relative Error 0.0007356823771260679
Epoch 677 Relative Error 0.0007975414046086371
Epoch 678 Relative Error 0.0004936809418722987
Epoch 679 Relative Error 0.00042676037992350757
Epoch 680 Relative Error 0.0004920163191854954
Epoch 681 Relative Error 0.0007295390241779387
Epoch 682 Relative Error 0.0008059283718466759
Epoch 683 Relative Error 0.0012016197433695197
Epoch 684 Relative Error 0.0008428440778516233
Epoch 685 Relative Error 0.0012957886792719364
Epoch 686 Relative Error 0.0012596468441188335
Epoch 687 Relative Error 0.0007844117935746908
Epoch 688 Relative Error 0.001411004108376801
Epoch 689 Relative Error 0.0011660574236884713
Epoch 690 Relative Error 0.0007531020673923194
Epoch 691 Relative Error 0.0005600439617410302
Epoch 692 Relative Error 0.0008379751816391945
Epoch 693 Relative Error 0.0009989045793190598
Epoch 694 Relative Error 0.0009060495649464428
Epoch 695 Relative Error 0.0007313755922950804
Epoch 696 Relative Error 0.0005805449327453971
Epoch 697 Relative Error 0.0007564927800558507
Epoch 698 Relative Error 0.00045966473408043385
Epoch 699 Relative Error 0.0008272662525996566
Epoch 700 Relative Error 0.0006094523123465478
Epoch 701 Relative Error 0.0005105354357510805
Epoch 702 Relative Error 0.00060171919176355
Epoch 703 Relative Error 0.00039929698687046766
Epoch 704 Relative Error 0.00032774845021776855
Epoch 705 Relative Error 0.0004449290572665632
Epoch 706 Relative Error 0.0003577579918783158
Epoch 707 Relative Error 0.00042554878746159375
Epoch 708 Relative Error 0.0003162139910273254
Epoch 709 Relative Error 0.00026661448646336794
Epoch 710 Relative Error 0.00024338711227755994
Epoch 711 Relative Error 0.000174687709659338
Epoch 712 Relative Error 0.00013919640332460403
Epoch 713 Relative Error 0.0001423416251782328
Epoch 714 Relative Error 9.447817137697712e-05
Epoch 715 Relative Error 0.00010546083649387583
Epoch 716 Relative Error 9.339884854853153e-05
Epoch 717 Relative Error 0.00010847097291843966
Epoch 718 Relative Error 0.00023695759591646492
Epoch 719 Relative Error 0.0002534275990910828
Epoch 720 Relative Error 0.000365605199476704
Epoch 721 Relative Error 0.00034105099621228874
Epoch 722 Relative Error 0.000572281307540834
Epoch 723 Relative Error 0.0006798856193199754
Epoch 724 Relative Error 0.00047529744915664196
Epoch 725 Relative Error 0.0007830876857042313
Epoch 726 Relative Error 0.0007779758307151496
Epoch 727 Relative Error 0.0015504681505262852
Epoch 728 Relative Error 0.0008032852783799171
Epoch 729 Relative Error 0.0009729096200317144
Epoch 730 Relative Error 0.0007897590403445065
Epoch 731 Relative Error 0.001566797262057662
Epoch 732 Relative Error 0.0007275748648680747
Epoch 733 Relative Error 0.0009011624497361481
Epoch 734 Relative Error 0.0009044173057191074
Epoch 735 Relative Error 0.0013245430309325457
Epoch 736 Relative Error 0.0009297915385104716
Epoch 737 Relative Error 0.0011275114957243204
Epoch 738 Relative Error 0.0016610067104920745
Epoch 739 Relative Error 0.0014979956904426217
Epoch 740 Relative Error 0.0015205213567242026
Epoch 741 Relative Error 0.0015570730902254581
Epoch 742 Relative Error 0.0024724400136619806
Epoch 743 Relative Error 0.002474929206073284
Epoch 744 Relative Error 0.002207020064815879
Epoch 745 Relative Error 0.001712885801680386
Epoch 746 Relative Error 0.0014512089546769857
Epoch 747 Relative Error 0.002350661437958479
Epoch 748 Relative Error 0.00140085956081748
Epoch 749 Relative Error 0.0011916165240108967
Epoch 750 Relative Error 0.0014657499268651009
Epoch 751 Relative Error 0.0006615917081944644
Epoch 752 Relative Error 0.0015027098124846816
Epoch 753 Relative Error 0.0014200423611328006
Epoch 754 Relative Error 0.0014752900460734963
Epoch 755 Relative Error 0.0010056003229692578
Epoch 756 Relative Error 0.0006724382401444018
Epoch 757 Relative Error 0.0008309928234666586
Epoch 758 Relative Error 0.0009990313556045294
Epoch 759 Relative Error 0.0007280174177139997
Epoch 760 Relative Error 0.001169478753581643
Epoch 761 Relative Error 0.000730744912289083
Epoch 762 Relative Error 0.0008462839759886265
Epoch 763 Relative Error 0.0009509597439318895
Epoch 764 Relative Error 0.0009232100564986467
Epoch 765 Relative Error 0.0012783135753124952
Epoch 766 Relative Error 0.0020344515796750784
Epoch 767 Relative Error 0.0011707416269928217
Epoch 768 Relative Error 0.001640190603211522
Epoch 769 Relative Error 0.0015864202287048101
Epoch 770 Relative Error 0.0008268015808425844
Epoch 771 Relative Error 0.0011373349698260427
Epoch 772 Relative Error 0.0018427848117426038
Epoch 773 Relative Error 0.0015974973794072866
Epoch 774 Relative Error 0.001788618043065071
Epoch 775 Relative Error 0.0017955380026251078
Epoch 776 Relative Error 0.0013050073757767677
Epoch 777 Relative Error 0.0011305975494906306
Epoch 778 Relative Error 0.0011591585353016853
Epoch 779 Relative Error 0.0014155989047139883
Epoch 780 Relative Error 0.0016437744488939643
Epoch 781 Relative Error 0.0015205660602077842
Epoch 782 Relative Error 0.0014875191263854504
Epoch 783 Relative Error 0.001356637803837657
Epoch 784 Relative Error 0.0016952567966654897
Epoch 785 Relative Error 0.0008542758878320456
Epoch 786 Relative Error 0.0012155231088399887
Epoch 787 Relative Error 0.0014336417661979795
Epoch 788 Relative Error 0.0018160127801820636
Epoch 789 Relative Error 0.002021570224314928
Epoch 790 Relative Error 0.0013090751599520445
Epoch 791 Relative Error 0.0010776441777125
Epoch 792 Relative Error 0.001662945724092424
Epoch 793 Relative Error 0.002510601421818137
Epoch 794 Relative Error 0.0011246739886701107
Epoch 795 Relative Error 0.003064528340473771
Epoch 796 Relative Error 0.004767761565744877
Epoch 797 Relative Error 0.0015279294457286596
Epoch 798 Relative Error 0.0028730942867696285
Epoch 799 Relative Error 0.0021845840383321047
Epoch 800 Relative Error 0.0015111869433894753
Epoch 801 Relative Error 0.002490060403943062
Epoch 802 Relative Error 0.0033823649864643812
Epoch 803 Relative Error 0.004206982906907797
Epoch 804 Relative Error 0.0027326704002916813
Epoch 805 Relative Error 0.003934184089303017
Epoch 806 Relative Error 0.004295715130865574
Epoch 807 Relative Error 0.004368961323052645
Epoch 808 Relative Error 0.00411901343613863
Epoch 809 Relative Error 0.002624209737405181
Epoch 810 Relative Error 0.004096348769962788
Epoch 811 Relative Error 0.003059999318793416
Epoch 812 Relative Error 0.003493745345622301
Epoch 813 Relative Error 0.00265939487144351
Epoch 814 Relative Error 0.0026478623040020466
Epoch 815 Relative Error 0.003365789307281375
Epoch 816 Relative Error 0.004289872944355011
Epoch 817 Relative Error 0.005120478570461273
Epoch 818 Relative Error 0.005512405652552843
Epoch 819 Relative Error 0.004842433612793684
Epoch 820 Relative Error 0.0047569735907018185
Epoch 821 Relative Error 0.004665256477892399
Epoch 822 Relative Error 0.005009308457374573
Epoch 823 Relative Error 0.004793438129127026
Epoch 824 Relative Error 0.004920118022710085
Epoch 825 Relative Error 0.002853771671652794
Epoch 826 Relative Error 0.0035914471372962
Epoch 827 Relative Error 0.0035617430694401264
Epoch 828 Relative Error 0.0017338895704597235
Epoch 829 Relative Error 0.0021141895558685064
Epoch 830 Relative Error 0.0027427361346781254
Epoch 831 Relative Error 0.0022570595610886812
Epoch 832 Relative Error 0.002425310667604208
Epoch 833 Relative Error 0.0029351699631661177
Epoch 834 Relative Error 0.0023492597974836826
Epoch 835 Relative Error 0.0020288489758968353
Epoch 836 Relative Error 0.0016099208733066916
Epoch 837 Relative Error 0.0014399561332538724
Epoch 838 Relative Error 0.0012272328604012728
Epoch 839 Relative Error 0.0008253594278357923
Epoch 840 Relative Error 0.0009013880626298487
Epoch 841 Relative Error 0.000962953083217144
Epoch 842 Relative Error 0.0009215163299813867
Epoch 843 Relative Error 0.0014054322382435203
Epoch 844 Relative Error 0.0016462276689708233
Epoch 845 Relative Error 0.0019692883361130953
Epoch 846 Relative Error 0.002187086036428809
Epoch 847 Relative Error 0.00360261183232069
Epoch 848 Relative Error 0.0030705141834914684
Epoch 849 Relative Error 0.005247859284281731
Epoch 850 Relative Error 0.005683813244104385
Epoch 851 Relative Error 0.003682975424453616
Epoch 852 Relative Error 0.0027086397167295218
Epoch 853 Relative Error 0.00423088762909174
Epoch 854 Relative Error 0.0064534456469118595
Epoch 855 Relative Error 0.0039719329215586185
Epoch 856 Relative Error 0.0062212045304477215
Epoch 857 Relative Error 0.005401984788477421
Epoch 858 Relative Error 0.004590042866766453
Epoch 859 Relative Error 0.005126485601067543
Epoch 860 Relative Error 0.0034309178590774536
Epoch 861 Relative Error 0.007029848638921976
Epoch 862 Relative Error 0.006695703137665987
Epoch 863 Relative Error 0.00830394309014082
Epoch 864 Relative Error 0.006619973108172417
Epoch 865 Relative Error 0.00813903845846653
Epoch 866 Relative Error 0.010214368812739849
Epoch 867 Relative Error 0.006627561990171671
Epoch 868 Relative Error 0.009180482476949692
Epoch 869 Relative Error 0.009338059462606907
Epoch 870 Relative Error 0.011734063737094402
Epoch 871 Relative Error 0.011214888654649258
Epoch 872 Relative Error 0.010872999206185341
Epoch 873 Relative Error 0.013808430172502995
Epoch 874 Relative Error 0.015634428709745407
Epoch 875 Relative Error 0.01802380383014679
Epoch 876 Relative Error 0.018797453492879868
Epoch 877 Relative Error 0.015185854397714138
Epoch 878 Relative Error 0.016439026221632957
Epoch 879 Relative Error 0.01232910342514515
Epoch 880 Relative Error 0.010813826695084572
Epoch 881 Relative Error 0.010331951081752777
Epoch 882 Relative Error 0.016101613640785217
Epoch 883 Relative Error 0.017104528844356537
Epoch 884 Relative Error 0.01738128624856472
Epoch 885 Relative Error 0.014259355142712593
Epoch 886 Relative Error 0.01985866017639637
Epoch 887 Relative Error 0.018718432635068893
Epoch 888 Relative Error 0.017981834709644318
Epoch 889 Relative Error 0.021798331290483475
Epoch 890 Relative Error 0.016752617433667183
Epoch 891 Relative Error 0.013152671977877617
Epoch 892 Relative Error 0.015532785095274448
Epoch 893 Relative Error 0.022946029901504517
Epoch 894 Relative Error 0.02795735001564026
Epoch 895 Relative Error 0.018924972042441368
Epoch 896 Relative Error 0.02002635784447193
Epoch 897 Relative Error 0.012166694737970829
Epoch 898 Relative Error 0.02924659289419651
Epoch 899 Relative Error 0.01944408379495144
Epoch 900 Relative Error 0.017395759001374245
Epoch 901 Relative Error 0.01199506688863039
Epoch 902 Relative Error 0.015766216441988945
Epoch 903 Relative Error 0.013433069922029972
Epoch 904 Relative Error 0.017098674550652504
Epoch 905 Relative Error 0.012384004890918732
Epoch 906 Relative Error 0.020475732162594795
Epoch 907 Relative Error 0.02908387780189514
Epoch 908 Relative Error 0.025417475029826164
Epoch 909 Relative Error 0.02744607999920845
Epoch 910 Relative Error 0.013429627753794193
Epoch 911 Relative Error 0.01276983693242073
Epoch 912 Relative Error 0.012799914926290512
Epoch 913 Relative Error 0.014053999446332455
Epoch 914 Relative Error 0.01897478848695755
Epoch 915 Relative Error 0.01720951870083809
Epoch 916 Relative Error 0.02012534625828266
Epoch 917 Relative Error 0.022172294557094574
Epoch 918 Relative Error 0.0063352505676448345
Epoch 919 Relative Error 0.016042212024331093
Epoch 920 Relative Error 0.0211204644292593
Epoch 921 Relative Error 0.012569147162139416
Epoch 922 Relative Error 0.013194224797189236
Epoch 923 Relative Error 0.023852156475186348
Epoch 924 Relative Error 0.014951045624911785
Epoch 925 Relative Error 0.018849030137062073
Epoch 926 Relative Error 0.02997647598385811
Epoch 927 Relative Error 0.02414831332862377
Epoch 928 Relative Error 0.029006414115428925
Epoch 929 Relative Error 0.029162641614675522
Epoch 930 Relative Error 0.024232428520917892
Epoch 931 Relative Error 0.021649418398737907
Epoch 932 Relative Error 0.030880216509103775
Epoch 933 Relative Error 0.04520720615983009
Epoch 934 Relative Error 0.04384784772992134
Epoch 935 Relative Error 0.01920922100543976
Epoch 936 Relative Error 0.04177074879407883
Epoch 937 Relative Error 0.039552800357341766
Epoch 938 Relative Error 0.055959463119506836
Epoch 939 Relative Error 0.03388312831521034
Epoch 940 Relative Error 0.055983543395996094
Epoch 941 Relative Error 0.05469132214784622
Epoch 942 Relative Error 0.03936290740966797
Epoch 943 Relative Error 0.05343620106577873
Epoch 944 Relative Error 0.02585470862686634
Epoch 945 Relative Error 0.04274015128612518
Epoch 946 Relative Error 0.03178960829973221
Epoch 947 Relative Error 0.042319219559431076
Epoch 948 Relative Error 0.0963762104511261
Epoch 949 Relative Error 0.07647796720266342
Epoch 950 Relative Error 0.09665004909038544
Epoch 951 Relative Error 0.13495944440364838
Epoch 952 Relative Error 0.16558696329593658
Epoch 953 Relative Error 0.19530677795410156
Epoch 954 Relative Error 0.1442280113697052
Epoch 955 Relative Error 0.19371454417705536
Epoch 956 Relative Error 0.2117079496383667
Epoch 957 Relative Error 0.15723468363285065
Epoch 958 Relative Error 0.16475766897201538
Epoch 959 Relative Error 0.14274904131889343
Epoch 960 Relative Error 0.14679649472236633
Epoch 961 Relative Error 0.16854014992713928
Epoch 962 Relative Error 0.07161262631416321
Epoch 963 Relative Error 0.06392424553632736
Epoch 964 Relative Error 0.06615910679101944
Epoch 965 Relative Error 0.07438157498836517
Epoch 966 Relative Error 0.0850171372294426
Epoch 967 Relative Error 0.052829496562480927
Epoch 968 Relative Error 0.04969500005245209
Epoch 969 Relative Error 0.039617039263248444
Epoch 970 Relative Error 0.03409608080983162
Epoch 971 Relative Error 0.054117895662784576
Epoch 972 Relative Error 0.03495921567082405
Epoch 973 Relative Error 0.02256959304213524
Epoch 974 Relative Error 0.021189721301198006
Epoch 975 Relative Error 0.02472841925919056
Epoch 976 Relative Error 0.015161608345806599
Epoch 977 Relative Error 0.01885824277997017
Epoch 978 Relative Error 0.02753586322069168
Epoch 979 Relative Error 0.023259082809090614
Epoch 980 Relative Error 0.016243258491158485
Epoch 981 Relative Error 0.02585294470191002
Epoch 982 Relative Error 0.020346907898783684
Epoch 983 Relative Error 0.01718652807176113
Epoch 984 Relative Error 0.020014699548482895
Epoch 985 Relative Error 0.013267860747873783
Epoch 986 Relative Error 0.01539007667452097
Epoch 987 Relative Error 0.015349522233009338
Epoch 988 Relative Error 0.012275323271751404
Epoch 989 Relative Error 0.008400049060583115
Epoch 990 Relative Error 0.012164846993982792
Epoch 991 Relative Error 0.00987277552485466
Epoch 992 Relative Error 0.008358519524335861
Epoch 993 Relative Error 0.01538784522563219
Epoch 994 Relative Error 0.012618293054401875
Epoch 995 Relative Error 0.011229387484490871
Epoch 996 Relative Error 0.0091697471216321
Epoch 997 Relative Error 0.009198327548801899
Epoch 998 Relative Error 0.009794897399842739
Epoch 999 Relative Error 0.008652037009596825
Epoch 1000 Relative Error 0.006722560618072748
RE (0, 0, 8, 0): 7.6106794040242676e-06
Green's Function RE (0, 0, 8, 0): 0.9626922607421875
Bias Term RE (0, 0, 8, 0): 0.8651302456855774
Combination (0, 0, 8, 0, 0): 0.9512940049171448
Combination (0, 0, 8, 0, 1): 0.9535878300666809
Combination (0, 0, 8, 0, 2): 0.9538842439651489
Combination (0, 0, 8, 0, 3): 0.9539777040481567
Combination (0, 0, 8, 0, 4): 0.9540298581123352

/home/gridsan/gstepaniants/.local/lib/python3.8/site-packages/torch/functional.py:478: UserWarning: torch.meshgrid: in an upcoming release, it will be required to pass the indexing argument. (Triggered internally at  ../aten/src/ATen/native/TensorShape.cpp:2895.)
  return _VF.meshgrid(tensors, **kwargs)  # type: ignore[attr-defined]
