[KeOps] Warning : Cuda libraries were not detected on the system ; using cpu only mode
1
Kernel: Matern5/2
Weight Mesh: 30
RKHS Kernel Width: 0.2
Lambda: 1e-06
Green's Function Learning Rate: 100
Bias Term Learning Rate: 100
Epoch 1 Relative Error 15155.34375
First epoch had re = 15155.34375 > 1
Green's Function Learning Rate: 50
Bias Term Learning Rate: 50
Epoch 1 Relative Error 5135.77294921875
First epoch had re = 5135.77294921875 > 1
Green's Function Learning Rate: 10
Bias Term Learning Rate: 10
Epoch 1 Relative Error 955.4511108398438
First epoch had re = 955.4511108398438 > 1
Green's Function Learning Rate: 5
Bias Term Learning Rate: 5
Epoch 1 Relative Error 520.5209350585938
First epoch had re = 520.5209350585938 > 1
Green's Function Learning Rate: 1
Bias Term Learning Rate: 1
Epoch 1 Relative Error 125.26128387451172
First epoch had re = 125.26128387451172 > 1
Green's Function Learning Rate: 0.5
Bias Term Learning Rate: 0.5
Epoch 1 Relative Error 68.06346893310547
First epoch had re = 68.06346893310547 > 1
Green's Function Learning Rate: 0.1
Bias Term Learning Rate: 0.1
Epoch 1 Relative Error 10.3019437789917
First epoch had re = 10.3019437789917 > 1
Green's Function Learning Rate: 0.05
Bias Term Learning Rate: 0.05
Epoch 1 Relative Error 5.046390533447266
First epoch had re = 5.046390533447266 > 1
Green's Function Learning Rate: 0.01
Bias Term Learning Rate: 0.01
Epoch 1 Relative Error 0.8205819725990295
Epoch 2 Relative Error 0.6978707909584045
Epoch 3 Relative Error 0.6439309120178223
Epoch 4 Relative Error 0.4372812807559967
Epoch 5 Relative Error 0.34343576431274414
Epoch 6 Relative Error 0.3595413863658905
Epoch 7 Relative Error 0.27036213874816895
Epoch 8 Relative Error 0.24316297471523285
Epoch 9 Relative Error 0.22048607468605042
Epoch 10 Relative Error 0.20909899473190308
Epoch 11 Relative Error 0.20335382223129272
Epoch 12 Relative Error 0.19447167217731476
Epoch 13 Relative Error 0.18889063596725464
Epoch 14 Relative Error 0.17924220860004425
Epoch 15 Relative Error 0.1742154061794281
Epoch 16 Relative Error 0.17501303553581238
Epoch 17 Relative Error 0.16681897640228271
Epoch 18 Relative Error 0.16378547251224518
Epoch 19 Relative Error 0.1622585952281952
Epoch 20 Relative Error 0.1582670956850052
Epoch 21 Relative Error 0.1555989533662796
Epoch 22 Relative Error 0.15390576422214508
Epoch 23 Relative Error 0.15132541954517365
Epoch 24 Relative Error 0.149150550365448
Epoch 25 Relative Error 0.14733648300170898
Epoch 26 Relative Error 0.14567029476165771
Epoch 27 Relative Error 0.14388123154640198
Epoch 28 Relative Error 0.142487034201622
Epoch 29 Relative Error 0.140984907746315
Epoch 30 Relative Error 0.13987816870212555
Epoch 31 Relative Error 0.138633131980896
Epoch 32 Relative Error 0.13721208274364471
Epoch 33 Relative Error 0.13634292781352997
Epoch 34 Relative Error 0.13552138209342957
Epoch 35 Relative Error 0.1342562884092331
Epoch 36 Relative Error 0.1330885887145996
Epoch 37 Relative Error 0.13216136395931244
Epoch 38 Relative Error 0.1313723772764206
Epoch 39 Relative Error 0.13095973432064056
Epoch 40 Relative Error 0.12999258935451508
Epoch 41 Relative Error 0.1289186179637909
Epoch 42 Relative Error 0.1280587613582611
Epoch 43 Relative Error 0.12742966413497925
Epoch 44 Relative Error 0.12709398567676544
Epoch 45 Relative Error 0.12666919827461243
Epoch 46 Relative Error 0.12542042136192322
Epoch 47 Relative Error 0.12465844303369522
Epoch 48 Relative Error 0.1238250583410263
Epoch 49 Relative Error 0.12312230467796326
Epoch 50 Relative Error 0.12257491052150726
Epoch 51 Relative Error 0.1221977174282074
Epoch 52 Relative Error 0.1213211938738823
Epoch 53 Relative Error 0.12060727924108505
Epoch 54 Relative Error 0.11992494016885757
Epoch 55 Relative Error 0.11933992803096771
Epoch 56 Relative Error 0.11864397674798965
Epoch 57 Relative Error 0.1179366186261177
Epoch 58 Relative Error 0.11761470884084702
Epoch 59 Relative Error 0.11729659885168076
Epoch 60 Relative Error 0.116365946829319
Epoch 61 Relative Error 0.11607013642787933
Epoch 62 Relative Error 0.11549478769302368
Epoch 63 Relative Error 0.1144813820719719
Epoch 64 Relative Error 0.11407142877578735
Epoch 65 Relative Error 0.1133292093873024
Epoch 66 Relative Error 0.11276955157518387
Epoch 67 Relative Error 0.11226435005664825
Epoch 68 Relative Error 0.11185052990913391
Epoch 69 Relative Error 0.11134269833564758
Epoch 70 Relative Error 0.1109275370836258
Epoch 71 Relative Error 0.11040864884853363
Epoch 72 Relative Error 0.1097605749964714
Epoch 73 Relative Error 0.10915754735469818
Epoch 74 Relative Error 0.10867758095264435
Epoch 75 Relative Error 0.10820552706718445
Epoch 76 Relative Error 0.10771283507347107
Epoch 77 Relative Error 0.10734235495328903
Epoch 78 Relative Error 0.10672120004892349
Epoch 79 Relative Error 0.10633674263954163
Epoch 80 Relative Error 0.10572058707475662
Epoch 81 Relative Error 0.10563801229000092
Epoch 82 Relative Error 0.10535028576850891
Epoch 83 Relative Error 0.10452296584844589
Epoch 84 Relative Error 0.1041417270898819
Epoch 85 Relative Error 0.10388205945491791
Epoch 86 Relative Error 0.10327184200286865
Epoch 87 Relative Error 0.10268955677747726
Epoch 88 Relative Error 0.10241156071424484
Epoch 89 Relative Error 0.10193447768688202
Epoch 90 Relative Error 0.10155896842479706
Epoch 91 Relative Error 0.1010625809431076
Epoch 92 Relative Error 0.10058153420686722
Epoch 93 Relative Error 0.10039079189300537
Epoch 94 Relative Error 0.1000610962510109
Epoch 95 Relative Error 0.09989303350448608
Epoch 96 Relative Error 0.09915643185377121
Epoch 97 Relative Error 0.09872033447027206
Epoch 98 Relative Error 0.09835400432348251
Epoch 99 Relative Error 0.09816593676805496
Epoch 100 Relative Error 0.09783116728067398
Epoch 101 Relative Error 0.09738389402627945
Epoch 102 Relative Error 0.09747129678726196
Epoch 103 Relative Error 0.09676609933376312
Epoch 104 Relative Error 0.09629140794277191
Epoch 105 Relative Error 0.0960548147559166
Epoch 106 Relative Error 0.09558013081550598
Epoch 107 Relative Error 0.09525489062070847
Epoch 108 Relative Error 0.09514191746711731
Epoch 109 Relative Error 0.09474731236696243
Epoch 110 Relative Error 0.0945138931274414
Epoch 111 Relative Error 0.09415492415428162
Epoch 112 Relative Error 0.09376538544893265
Epoch 113 Relative Error 0.09350337088108063
Epoch 114 Relative Error 0.09310332685709
Epoch 115 Relative Error 0.09280538558959961
Epoch 116 Relative Error 0.0927729532122612
Epoch 117 Relative Error 0.09223199635744095
Epoch 118 Relative Error 0.09191971272230148
Epoch 119 Relative Error 0.0916142538189888
Epoch 120 Relative Error 0.09153122454881668
Epoch 121 Relative Error 0.09104295819997787
Epoch 122 Relative Error 0.09076689183712006
Epoch 123 Relative Error 0.09044836461544037
Epoch 124 Relative Error 0.09024471789598465
Epoch 125 Relative Error 0.09014347940683365
Epoch 126 Relative Error 0.08967123180627823
Epoch 127 Relative Error 0.08956292271614075
Epoch 128 Relative Error 0.08954781293869019
Epoch 129 Relative Error 0.08926959335803986
Epoch 130 Relative Error 0.08898606151342392
Epoch 131 Relative Error 0.08863285928964615
Epoch 132 Relative Error 0.08857990801334381
Epoch 133 Relative Error 0.08846160024404526
Epoch 134 Relative Error 0.08817712217569351
Epoch 135 Relative Error 0.08764345943927765
Epoch 136 Relative Error 0.08741737902164459
Epoch 137 Relative Error 0.08719812333583832
Epoch 138 Relative Error 0.08704383671283722
Epoch 139 Relative Error 0.08680053055286407
Epoch 140 Relative Error 0.08653663843870163
Epoch 141 Relative Error 0.08637145906686783
Epoch 142 Relative Error 0.08602550625801086
Epoch 143 Relative Error 0.08604943007230759
Epoch 144 Relative Error 0.08583428710699081
Epoch 145 Relative Error 0.08567102998495102
Epoch 146 Relative Error 0.08547309786081314
Epoch 147 Relative Error 0.08507522195577621
Epoch 148 Relative Error 0.08489693701267242
Epoch 149 Relative Error 0.08493521809577942
Epoch 150 Relative Error 0.08498182892799377
Epoch 151 Relative Error 0.08449525386095047
Epoch 152 Relative Error 0.08439090102910995
Epoch 153 Relative Error 0.08410757035017014
Epoch 154 Relative Error 0.08392741531133652
Epoch 155 Relative Error 0.08369368314743042
Epoch 156 Relative Error 0.08391574770212173
Epoch 157 Relative Error 0.08340340107679367
Epoch 158 Relative Error 0.08340686559677124
Epoch 159 Relative Error 0.08346537500619888
Epoch 160 Relative Error 0.08339781314134598
Epoch 161 Relative Error 0.0827191025018692
Epoch 162 Relative Error 0.08266989141702652
Epoch 163 Relative Error 0.08231839537620544
Epoch 164 Relative Error 0.08235719054937363
Epoch 165 Relative Error 0.082431361079216
Epoch 166 Relative Error 0.08311080187559128
Epoch 167 Relative Error 0.08194312453269958
Epoch 168 Relative Error 0.08235574513673782
Epoch 169 Relative Error 0.08191853016614914
Epoch 170 Relative Error 0.08195655047893524
Epoch 171 Relative Error 0.0815592035651207
Epoch 172 Relative Error 0.08132240176200867
Epoch 173 Relative Error 0.08125918358564377
Epoch 174 Relative Error 0.08124051243066788
Epoch 175 Relative Error 0.08082764595746994
Epoch 176 Relative Error 0.08063584566116333
Epoch 177 Relative Error 0.08097971975803375
Epoch 178 Relative Error 0.08038114011287689
Epoch 179 Relative Error 0.08019781112670898
Epoch 180 Relative Error 0.08045052736997604
Epoch 181 Relative Error 0.07991409301757812
Epoch 182 Relative Error 0.08017563819885254
Epoch 183 Relative Error 0.08103661984205246
Epoch 184 Relative Error 0.08013247698545456
Epoch 185 Relative Error 0.08010856807231903
Epoch 186 Relative Error 0.07963607460260391
Epoch 187 Relative Error 0.07948494702577591
Epoch 188 Relative Error 0.07959328591823578
Epoch 189 Relative Error 0.07929814606904984
Epoch 190 Relative Error 0.07891417294740677
Epoch 191 Relative Error 0.07878750562667847
Epoch 192 Relative Error 0.07875796407461166
Epoch 193 Relative Error 0.07855288684368134
Epoch 194 Relative Error 0.07869020104408264
Epoch 195 Relative Error 0.07866086810827255
Epoch 196 Relative Error 0.0781787782907486
Epoch 197 Relative Error 0.07816813886165619
Epoch 198 Relative Error 0.07801726460456848
Epoch 199 Relative Error 0.07792103290557861
Epoch 200 Relative Error 0.07791965454816818
Epoch 201 Relative Error 0.0777108371257782
Epoch 202 Relative Error 0.07767052203416824
Epoch 203 Relative Error 0.07757221907377243
Epoch 204 Relative Error 0.07763776928186417
Epoch 205 Relative Error 0.07741991430521011
Epoch 206 Relative Error 0.07755165547132492
Epoch 207 Relative Error 0.07721689343452454
Epoch 208 Relative Error 0.07733958214521408
Epoch 209 Relative Error 0.07713428884744644
Epoch 210 Relative Error 0.07696057856082916
Epoch 211 Relative Error 0.07681192457675934
Epoch 212 Relative Error 0.07678965479135513
Epoch 213 Relative Error 0.07667906582355499
Epoch 214 Relative Error 0.07716870307922363
Epoch 215 Relative Error 0.07648935168981552
Epoch 216 Relative Error 0.07649024575948715
Epoch 217 Relative Error 0.07630597054958344
Epoch 218 Relative Error 0.07638741284608841
Epoch 219 Relative Error 0.07616706937551498
Epoch 220 Relative Error 0.07601816952228546
Epoch 221 Relative Error 0.0762118250131607
Epoch 222 Relative Error 0.07607758045196533
Epoch 223 Relative Error 0.07612651586532593
Epoch 224 Relative Error 0.07604875415563583
Epoch 225 Relative Error 0.07600811868906021
Epoch 226 Relative Error 0.07605268061161041
Epoch 227 Relative Error 0.07549901306629181
Epoch 228 Relative Error 0.07569897919893265
Epoch 229 Relative Error 0.07533163577318192
Epoch 230 Relative Error 0.07534290105104446
Epoch 231 Relative Error 0.07533496618270874
Epoch 232 Relative Error 0.07510555535554886
Epoch 233 Relative Error 0.07505666464567184
Epoch 234 Relative Error 0.07497971504926682
Epoch 235 Relative Error 0.07516839355230331
Epoch 236 Relative Error 0.07507431507110596
Epoch 237 Relative Error 0.07485773414373398
Epoch 238 Relative Error 0.07489851117134094
Epoch 239 Relative Error 0.07487627118825912
Epoch 240 Relative Error 0.07459096610546112
Epoch 241 Relative Error 0.07452666759490967
Epoch 242 Relative Error 0.07455511391162872
Epoch 243 Relative Error 0.0744469091296196
Epoch 244 Relative Error 0.07436997443437576
Epoch 245 Relative Error 0.0742543414235115
Epoch 246 Relative Error 0.07417711615562439
Epoch 247 Relative Error 0.07436146587133408
Epoch 248 Relative Error 0.0739997923374176
Epoch 249 Relative Error 0.0739615187048912
Epoch 250 Relative Error 0.0739489421248436
Epoch 251 Relative Error 0.07394655793905258
Epoch 252 Relative Error 0.07388886064291
Epoch 253 Relative Error 0.07389101386070251
Epoch 254 Relative Error 0.07364761084318161
Epoch 255 Relative Error 0.07382939010858536
Epoch 256 Relative Error 0.0735538974404335
Epoch 257 Relative Error 0.07357950508594513
Epoch 258 Relative Error 0.07337107509374619
Epoch 259 Relative Error 0.07346921414136887
Epoch 260 Relative Error 0.07372831553220749
Epoch 261 Relative Error 0.07324948161840439
Epoch 262 Relative Error 0.07317622005939484
Epoch 263 Relative Error 0.07310337573289871
Epoch 264 Relative Error 0.0730176642537117
Epoch 265 Relative Error 0.07312548905611038
Epoch 266 Relative Error 0.07301025837659836
Epoch 267 Relative Error 0.07287795841693878
Epoch 268 Relative Error 0.07281067222356796
Epoch 269 Relative Error 0.0727820098400116
Epoch 270 Relative Error 0.0726356953382492
Epoch 271 Relative Error 0.07284220308065414
Epoch 272 Relative Error 0.07257271558046341
Epoch 273 Relative Error 0.07259227335453033
Epoch 274 Relative Error 0.07262138277292252
Epoch 275 Relative Error 0.07285578548908234
Epoch 276 Relative Error 0.07278265804052353
Epoch 277 Relative Error 0.07240550220012665
Epoch 278 Relative Error 0.07234995067119598
Epoch 279 Relative Error 0.07237071543931961
Epoch 280 Relative Error 0.07235588878393173
Epoch 281 Relative Error 0.07247935235500336
Epoch 282 Relative Error 0.07215383648872375
Epoch 283 Relative Error 0.07211165875196457
Epoch 284 Relative Error 0.07219260185956955
Epoch 285 Relative Error 0.07194056361913681
Epoch 286 Relative Error 0.071823351085186
Epoch 287 Relative Error 0.0719132050871849
Epoch 288 Relative Error 0.07193608582019806
Epoch 289 Relative Error 0.07156655937433243
Epoch 290 Relative Error 0.07158629596233368
Epoch 291 Relative Error 0.07143904268741608
Epoch 292 Relative Error 0.07153436541557312
Epoch 293 Relative Error 0.07157345116138458
Epoch 294 Relative Error 0.07128828763961792
Epoch 295 Relative Error 0.07134389877319336
Epoch 296 Relative Error 0.07134522497653961
Epoch 297 Relative Error 0.07116660475730896
Epoch 298 Relative Error 0.07112743705511093
Epoch 299 Relative Error 0.07104283571243286
Epoch 300 Relative Error 0.07144278287887573
Epoch 301 Relative Error 0.07113955914974213
Epoch 302 Relative Error 0.07102019339799881
Epoch 303 Relative Error 0.07081455737352371
Epoch 304 Relative Error 0.07090778648853302
Epoch 305 Relative Error 0.0712236687541008
Epoch 306 Relative Error 0.07090970128774643
Epoch 307 Relative Error 0.07064426690340042
Epoch 308 Relative Error 0.07077552378177643
Epoch 309 Relative Error 0.07066826522350311
Epoch 310 Relative Error 0.07061026990413666
Epoch 311 Relative Error 0.07057778537273407
Epoch 312 Relative Error 0.07045157998800278
Epoch 313 Relative Error 0.07047121971845627
Epoch 314 Relative Error 0.07036922127008438
Epoch 315 Relative Error 0.07057897001504898
Epoch 316 Relative Error 0.07022804021835327
Epoch 317 Relative Error 0.07033808529376984
Epoch 318 Relative Error 0.07013920694589615
Epoch 319 Relative Error 0.07044805586338043
Epoch 320 Relative Error 0.07010555267333984
Epoch 321 Relative Error 0.07008782774209976
Epoch 322 Relative Error 0.07010950148105621
Epoch 323 Relative Error 0.07000172138214111
Epoch 324 Relative Error 0.06980320811271667
Epoch 325 Relative Error 0.06996704638004303
Epoch 326 Relative Error 0.06972593814134598
Epoch 327 Relative Error 0.07020050287246704
Epoch 328 Relative Error 0.06969422101974487
Epoch 329 Relative Error 0.06967540830373764
Epoch 330 Relative Error 0.06950368732213974
Epoch 331 Relative Error 0.06950037181377411
Epoch 332 Relative Error 0.06955457478761673
Epoch 333 Relative Error 0.06945594400167465
Epoch 334 Relative Error 0.06950952857732773
Epoch 335 Relative Error 0.06992501765489578
Epoch 336 Relative Error 0.06976642459630966
Epoch 337 Relative Error 0.06920341402292252
Epoch 338 Relative Error 0.06921737641096115
Epoch 339 Relative Error 0.0690670982003212
Epoch 340 Relative Error 0.06902775913476944
Epoch 341 Relative Error 0.06905358284711838
Epoch 342 Relative Error 0.0689217671751976
Epoch 343 Relative Error 0.06893116235733032
Epoch 344 Relative Error 0.068890281021595
Epoch 345 Relative Error 0.0689200684428215
Epoch 346 Relative Error 0.06880765408277512
Epoch 347 Relative Error 0.06910189241170883
Epoch 348 Relative Error 0.06870445609092712
Epoch 349 Relative Error 0.06875711679458618
Epoch 350 Relative Error 0.06859324127435684
Epoch 351 Relative Error 0.06880517303943634
Epoch 352 Relative Error 0.06858111917972565
Epoch 353 Relative Error 0.06842400133609772
Epoch 354 Relative Error 0.0684596449136734
Epoch 355 Relative Error 0.0683899000287056
Epoch 356 Relative Error 0.0683683454990387
Epoch 357 Relative Error 0.06830622255802155
Epoch 358 Relative Error 0.06823548674583435
Epoch 359 Relative Error 0.06830459833145142
Epoch 360 Relative Error 0.06823589652776718
Epoch 361 Relative Error 0.06816107034683228
Epoch 362 Relative Error 0.06825734674930573
Epoch 363 Relative Error 0.06800113618373871
Epoch 364 Relative Error 0.06835602968931198
Epoch 365 Relative Error 0.06812305003404617
Epoch 366 Relative Error 0.06798069179058075
Epoch 367 Relative Error 0.0678243637084961
Epoch 368 Relative Error 0.06786146014928818
Epoch 369 Relative Error 0.0678243488073349
Epoch 370 Relative Error 0.06777236610651016
Epoch 371 Relative Error 0.06767664849758148
Epoch 372 Relative Error 0.06773734092712402
Epoch 373 Relative Error 0.06776195019483566
Epoch 374 Relative Error 0.06769708544015884
Epoch 375 Relative Error 0.0676572397351265
Epoch 376 Relative Error 0.06806983798742294
Epoch 377 Relative Error 0.06777933239936829
Epoch 378 Relative Error 0.06750093400478363
Epoch 379 Relative Error 0.06759382039308548
Epoch 380 Relative Error 0.06865738332271576
Epoch 381 Relative Error 0.06811434030532837
Epoch 382 Relative Error 0.06797751784324646
Epoch 383 Relative Error 0.06745211035013199
Epoch 384 Relative Error 0.06897874921560287
Epoch 385 Relative Error 0.06836891174316406
Epoch 386 Relative Error 0.06806673854589462
Epoch 387 Relative Error 0.06714598089456558
Epoch 388 Relative Error 0.06738553196191788
Epoch 389 Relative Error 0.06705588102340698
Epoch 390 Relative Error 0.0670899748802185
Epoch 391 Relative Error 0.0671050101518631
Epoch 392 Relative Error 0.06705980002880096
Epoch 393 Relative Error 0.0671020895242691
Epoch 394 Relative Error 0.06696834415197372
Epoch 395 Relative Error 0.06760110706090927
Epoch 396 Relative Error 0.06797537207603455
Epoch 397 Relative Error 0.06688963621854782
Epoch 398 Relative Error 0.06671345978975296
Epoch 399 Relative Error 0.06699483841657639
Epoch 400 Relative Error 0.06654465198516846
Epoch 401 Relative Error 0.06675880402326584
Epoch 402 Relative Error 0.0666426494717598
Epoch 403 Relative Error 0.06649500876665115
Epoch 404 Relative Error 0.06701726466417313
Epoch 405 Relative Error 0.0665426030755043
Epoch 406 Relative Error 0.06623612344264984
Epoch 407 Relative Error 0.066212497651577
Epoch 408 Relative Error 0.06635820865631104
Epoch 409 Relative Error 0.06621193140745163
Epoch 410 Relative Error 0.06631030142307281
Epoch 411 Relative Error 0.06615669280290604
Epoch 412 Relative Error 0.06638415157794952
Epoch 413 Relative Error 0.06619768589735031
Epoch 414 Relative Error 0.0663113221526146
Epoch 415 Relative Error 0.06656372547149658
Epoch 416 Relative Error 0.0662887915968895
Epoch 417 Relative Error 0.06603632867336273
Epoch 418 Relative Error 0.06600004434585571
Epoch 419 Relative Error 0.06633156538009644
Epoch 420 Relative Error 0.06597281247377396
Epoch 421 Relative Error 0.06591402739286423
Epoch 422 Relative Error 0.06607420742511749
Epoch 423 Relative Error 0.0656101331114769
Epoch 424 Relative Error 0.06579805165529251
Epoch 425 Relative Error 0.06575947254896164
Epoch 426 Relative Error 0.06567614525556564
Epoch 427 Relative Error 0.0656181275844574
Epoch 428 Relative Error 0.06588385254144669
Epoch 429 Relative Error 0.06545060873031616
Epoch 430 Relative Error 0.06536667793989182
Epoch 431 Relative Error 0.06561947613954544
Epoch 432 Relative Error 0.06526606529951096
Epoch 433 Relative Error 0.06531907618045807
Epoch 434 Relative Error 0.06515174359083176
Epoch 435 Relative Error 0.06536229699850082
Epoch 436 Relative Error 0.06515930593013763
Epoch 437 Relative Error 0.06526826322078705
Epoch 438 Relative Error 0.06556624174118042
Epoch 439 Relative Error 0.06511518359184265
Epoch 440 Relative Error 0.06494986265897751
Epoch 441 Relative Error 0.06496425718069077
Epoch 442 Relative Error 0.06492508947849274
Epoch 443 Relative Error 0.0650656446814537
Epoch 444 Relative Error 0.06502421200275421
Epoch 445 Relative Error 0.06475664675235748
Epoch 446 Relative Error 0.06496747583150864
Epoch 447 Relative Error 0.06504769623279572
Epoch 448 Relative Error 0.06474367529153824
Epoch 449 Relative Error 0.06504826247692108
Epoch 450 Relative Error 0.06480281054973602
Epoch 451 Relative Error 0.0647071823477745
Epoch 452 Relative Error 0.06457339972257614
Epoch 453 Relative Error 0.06482779234647751
Epoch 454 Relative Error 0.0646461546421051
Epoch 455 Relative Error 0.06454014033079147
Epoch 456 Relative Error 0.06446734070777893
Epoch 457 Relative Error 0.06442113220691681
Epoch 458 Relative Error 0.06440529972314835
Epoch 459 Relative Error 0.06424480676651001
Epoch 460 Relative Error 0.06479287892580032
Epoch 461 Relative Error 0.06425955891609192
Epoch 462 Relative Error 0.06425787508487701
Epoch 463 Relative Error 0.0645981952548027
Epoch 464 Relative Error 0.0640767365694046
Epoch 465 Relative Error 0.06423727422952652
Epoch 466 Relative Error 0.06415238976478577
Epoch 467 Relative Error 0.06395044177770615
Epoch 468 Relative Error 0.06459235399961472
Epoch 469 Relative Error 0.06392522156238556
Epoch 470 Relative Error 0.06396656483411789
Epoch 471 Relative Error 0.06388366967439651
Epoch 472 Relative Error 0.06385812908411026
Epoch 473 Relative Error 0.06379177421331406
Epoch 474 Relative Error 0.06382066756486893
Epoch 475 Relative Error 0.06370089203119278
Epoch 476 Relative Error 0.06374124437570572
Epoch 477 Relative Error 0.06387944519519806
Epoch 478 Relative Error 0.06359505653381348
Epoch 479 Relative Error 0.06381805986166
Epoch 480 Relative Error 0.0635465756058693
Epoch 481 Relative Error 0.06400378793478012
Epoch 482 Relative Error 0.06367139518260956
Epoch 483 Relative Error 0.0634474977850914
Epoch 484 Relative Error 0.06398694217205048
Epoch 485 Relative Error 0.06363193690776825
Epoch 486 Relative Error 0.06349358707666397
Epoch 487 Relative Error 0.06370145827531815
Epoch 488 Relative Error 0.06346797198057175
Epoch 489 Relative Error 0.06323737651109695
Epoch 490 Relative Error 0.06334301084280014
Epoch 491 Relative Error 0.06318329274654388
Epoch 492 Relative Error 0.06316179037094116
Epoch 493 Relative Error 0.06330588459968567
Epoch 494 Relative Error 0.06314893811941147
Epoch 495 Relative Error 0.06307921558618546
Epoch 496 Relative Error 0.06301416456699371
Epoch 497 Relative Error 0.06299427151679993
Epoch 498 Relative Error 0.06305458396673203
Epoch 499 Relative Error 0.06301905959844589
Epoch 500 Relative Error 0.06349743157625198
Epoch 501 Relative Error 0.06286449730396271
Epoch 502 Relative Error 0.06290870904922485
Epoch 503 Relative Error 0.06288307905197144
Epoch 504 Relative Error 0.06278438866138458
Epoch 505 Relative Error 0.06284306198358536
Epoch 506 Relative Error 0.06281302869319916
Epoch 507 Relative Error 0.0627061203122139
Epoch 508 Relative Error 0.06300315260887146
Epoch 509 Relative Error 0.06279568374156952
Epoch 510 Relative Error 0.0626833587884903
Epoch 511 Relative Error 0.06254594773054123
Epoch 512 Relative Error 0.06278985738754272
Epoch 513 Relative Error 0.06250444054603577
Epoch 514 Relative Error 0.06248871609568596
Epoch 515 Relative Error 0.06268121302127838
Epoch 516 Relative Error 0.06244395673274994
Epoch 517 Relative Error 0.062437865883111954
Epoch 518 Relative Error 0.062361862510442734
Epoch 519 Relative Error 0.06255026906728745
Epoch 520 Relative Error 0.06237385421991348
Epoch 521 Relative Error 0.06226037070155144
Epoch 522 Relative Error 0.062320057302713394
Epoch 523 Relative Error 0.06230274960398674
Epoch 524 Relative Error 0.06224731355905533
Epoch 525 Relative Error 0.0624394454061985
Epoch 526 Relative Error 0.06217906251549721
Epoch 527 Relative Error 0.062153175473213196
Epoch 528 Relative Error 0.06238438934087753
Epoch 529 Relative Error 0.06212223321199417
Epoch 530 Relative Error 0.0619877465069294
Epoch 531 Relative Error 0.06254217028617859
Epoch 532 Relative Error 0.06206447631120682
Epoch 533 Relative Error 0.06188644841313362
Epoch 534 Relative Error 0.0628761351108551
Epoch 535 Relative Error 0.06195061653852463
Epoch 536 Relative Error 0.06185504421591759
Epoch 537 Relative Error 0.061865996569395065
Epoch 538 Relative Error 0.06176679581403732
Epoch 539 Relative Error 0.06198740750551224
Epoch 540 Relative Error 0.061750344932079315
Epoch 541 Relative Error 0.06179875507950783
Epoch 542 Relative Error 0.06161137670278549
Epoch 543 Relative Error 0.061929475516080856
Epoch 544 Relative Error 0.06161865219473839
Epoch 545 Relative Error 0.06164097785949707
Epoch 546 Relative Error 0.06185581907629967
Epoch 547 Relative Error 0.06143980100750923
Epoch 548 Relative Error 0.06151331216096878
Epoch 549 Relative Error 0.061360228806734085
Epoch 550 Relative Error 0.06179375201463699
Epoch 551 Relative Error 0.06135125830769539
Epoch 552 Relative Error 0.06131848320364952
Epoch 553 Relative Error 0.0614282488822937
Epoch 554 Relative Error 0.061222270131111145
Epoch 555 Relative Error 0.06150747090578079
Epoch 556 Relative Error 0.0613156221807003
Epoch 557 Relative Error 0.06189762055873871
Epoch 558 Relative Error 0.06151415407657623
Epoch 559 Relative Error 0.06159336492419243
Epoch 560 Relative Error 0.061177078634500504
Epoch 561 Relative Error 0.06121337041258812
Epoch 562 Relative Error 0.06102848798036575
Epoch 563 Relative Error 0.06122012063860893
Epoch 564 Relative Error 0.0613323450088501
Epoch 565 Relative Error 0.06096327304840088
Epoch 566 Relative Error 0.06111352518200874
Epoch 567 Relative Error 0.0608321912586689
Epoch 568 Relative Error 0.060900334268808365
Epoch 569 Relative Error 0.06078730523586273
Epoch 570 Relative Error 0.0609215684235096
Epoch 571 Relative Error 0.060815535485744476
Epoch 572 Relative Error 0.06085037440061569
Epoch 573 Relative Error 0.0608094148337841
Epoch 574 Relative Error 0.060873761773109436
Epoch 575 Relative Error 0.060770802199840546
Epoch 576 Relative Error 0.06077662855386734
Epoch 577 Relative Error 0.060988232493400574
Epoch 578 Relative Error 0.06069851666688919
Epoch 579 Relative Error 0.06062658131122589
Epoch 580 Relative Error 0.0606926828622818
Epoch 581 Relative Error 0.060774192214012146
Epoch 582 Relative Error 0.060489535331726074
Epoch 583 Relative Error 0.06062162667512894
Epoch 584 Relative Error 0.06062259525060654
Epoch 585 Relative Error 0.0605219341814518
Epoch 586 Relative Error 0.060441263020038605
Epoch 587 Relative Error 0.06036641448736191
Epoch 588 Relative Error 0.0604158490896225
Epoch 589 Relative Error 0.060244120657444
Epoch 590 Relative Error 0.060374196618795395
Epoch 591 Relative Error 0.06042647361755371
Epoch 592 Relative Error 0.06046659126877785
Epoch 593 Relative Error 0.06031498685479164
Epoch 594 Relative Error 0.06030987203121185
Epoch 595 Relative Error 0.060254186391830444
Epoch 596 Relative Error 0.06011077016592026
Epoch 597 Relative Error 0.0600852444767952
Epoch 598 Relative Error 0.06006215140223503
Epoch 599 Relative Error 0.06014981120824814
Epoch 600 Relative Error 0.0601101852953434
Epoch 601 Relative Error 0.06004131957888603
Epoch 602 Relative Error 0.060062848031520844
Epoch 603 Relative Error 0.05997650325298309
Epoch 604 Relative Error 0.0600193627178669
Epoch 605 Relative Error 0.05991097539663315
Epoch 606 Relative Error 0.059982117265462875
Epoch 607 Relative Error 0.060126110911369324
Epoch 608 Relative Error 0.05978688225150108
Epoch 609 Relative Error 0.0597163625061512
Epoch 610 Relative Error 0.05975108966231346
Epoch 611 Relative Error 0.05966399982571602
Epoch 612 Relative Error 0.05966591089963913
Epoch 613 Relative Error 0.059757258743047714
Epoch 614 Relative Error 0.05955700948834419
Epoch 615 Relative Error 0.0598532073199749
Epoch 616 Relative Error 0.05957083776593208
Epoch 617 Relative Error 0.059574972838163376
Epoch 618 Relative Error 0.059737157076597214
Epoch 619 Relative Error 0.05953448638319969
Epoch 620 Relative Error 0.05956587195396423
Epoch 621 Relative Error 0.059462014585733414
Epoch 622 Relative Error 0.059545617550611496
Epoch 623 Relative Error 0.05946686863899231
Epoch 624 Relative Error 0.05939590930938721
Epoch 625 Relative Error 0.05952583998441696
Epoch 626 Relative Error 0.059388671070337296
Epoch 627 Relative Error 0.05949905887246132
Epoch 628 Relative Error 0.05959465354681015
Epoch 629 Relative Error 0.059619706124067307
Epoch 630 Relative Error 0.05927293747663498
Epoch 631 Relative Error 0.05948513373732567
Epoch 632 Relative Error 0.05956389382481575
Epoch 633 Relative Error 0.05983896553516388
Epoch 634 Relative Error 0.059534166008234024
Epoch 635 Relative Error 0.05921870097517967
Epoch 636 Relative Error 0.05952295660972595
Epoch 637 Relative Error 0.059314582496881485
Epoch 638 Relative Error 0.05938871577382088
Epoch 639 Relative Error 0.0589975044131279
Epoch 640 Relative Error 0.05907219648361206
Epoch 641 Relative Error 0.059001632034778595
Epoch 642 Relative Error 0.05903266742825508
Epoch 643 Relative Error 0.05893682315945625
Epoch 644 Relative Error 0.05907036364078522
Epoch 645 Relative Error 0.05894067883491516
Epoch 646 Relative Error 0.05905020609498024
Epoch 647 Relative Error 0.05904145538806915
Epoch 648 Relative Error 0.059002671390771866
Epoch 649 Relative Error 0.05903230234980583
Epoch 650 Relative Error 0.05899311229586601
Epoch 651 Relative Error 0.05890295282006264
Epoch 652 Relative Error 0.05866770073771477
Epoch 653 Relative Error 0.05874105542898178
Epoch 654 Relative Error 0.05867239832878113
Epoch 655 Relative Error 0.05864328891038895
Epoch 656 Relative Error 0.05869125947356224
Epoch 657 Relative Error 0.05851983278989792
Epoch 658 Relative Error 0.05880540609359741
Epoch 659 Relative Error 0.058563318103551865
Epoch 660 Relative Error 0.05861793830990791
Epoch 661 Relative Error 0.05852857232093811
Epoch 662 Relative Error 0.058443427085876465
Epoch 663 Relative Error 0.05855725705623627
Epoch 664 Relative Error 0.05843505263328552
Epoch 665 Relative Error 0.05835108086466789
Epoch 666 Relative Error 0.05905532091856003
Epoch 667 Relative Error 0.058722835034132004
Epoch 668 Relative Error 0.05843842774629593
Epoch 669 Relative Error 0.05837509408593178
Epoch 670 Relative Error 0.05855467543005943
Epoch 671 Relative Error 0.058577194809913635
Epoch 672 Relative Error 0.05851917341351509
Epoch 673 Relative Error 0.05835770070552826
Epoch 674 Relative Error 0.05835239961743355
Epoch 675 Relative Error 0.0584319606423378
Epoch 676 Relative Error 0.05814972519874573
Epoch 677 Relative Error 0.05810167267918587
Epoch 678 Relative Error 0.05813294276595116
Epoch 679 Relative Error 0.05813566967844963
Epoch 680 Relative Error 0.05806215852499008
Epoch 681 Relative Error 0.058225683867931366
Epoch 682 Relative Error 0.05801190808415413
Epoch 683 Relative Error 0.05796842649579048
Epoch 684 Relative Error 0.05794399231672287
Epoch 685 Relative Error 0.0579371340572834
Epoch 686 Relative Error 0.05842654034495354
Epoch 687 Relative Error 0.058384671807289124
Epoch 688 Relative Error 0.058133818209171295
Epoch 689 Relative Error 0.058414358645677567
Epoch 690 Relative Error 0.05785400792956352
Epoch 691 Relative Error 0.058092210441827774
Epoch 692 Relative Error 0.057760126888751984
Epoch 693 Relative Error 0.05822743475437164
Epoch 694 Relative Error 0.057705458253622055
Epoch 695 Relative Error 0.05786919593811035
Epoch 696 Relative Error 0.057892024517059326
Epoch 697 Relative Error 0.05797295644879341
Epoch 698 Relative Error 0.05787155404686928
Epoch 699 Relative Error 0.05771908536553383
Epoch 700 Relative Error 0.05758588761091232
Epoch 701 Relative Error 0.05767734348773956
Epoch 702 Relative Error 0.057908400893211365
Epoch 703 Relative Error 0.057589005678892136
Epoch 704 Relative Error 0.05763779953122139
Epoch 705 Relative Error 0.0578632690012455
Epoch 706 Relative Error 0.0575019046664238
Epoch 707 Relative Error 0.05772799998521805
Epoch 708 Relative Error 0.05760297179222107
Epoch 709 Relative Error 0.057407889515161514
Epoch 710 Relative Error 0.057893287390470505
Epoch 711 Relative Error 0.05748236924409866
Epoch 712 Relative Error 0.057324592024087906
Epoch 713 Relative Error 0.05756210535764694
Epoch 714 Relative Error 0.05734264850616455
Epoch 715 Relative Error 0.05722846835851669
Epoch 716 Relative Error 0.0573771707713604
Epoch 717 Relative Error 0.05739326775074005
Epoch 718 Relative Error 0.05743887275457382
Epoch 719 Relative Error 0.05716567859053612
Epoch 720 Relative Error 0.057199712842702866
Epoch 721 Relative Error 0.05722539499402046
Epoch 722 Relative Error 0.05725632607936859
Epoch 723 Relative Error 0.0571131706237793
Epoch 724 Relative Error 0.05713354051113129
Epoch 725 Relative Error 0.0572105273604393
Epoch 726 Relative Error 0.057045552879571915
Epoch 727 Relative Error 0.057123806327581406
Epoch 728 Relative Error 0.05713397637009621
Epoch 729 Relative Error 0.05715709552168846
Epoch 730 Relative Error 0.05705175921320915
Epoch 731 Relative Error 0.057167209684848785
Epoch 732 Relative Error 0.05690412595868111
Epoch 733 Relative Error 0.05702155455946922
Epoch 734 Relative Error 0.05694442614912987
Epoch 735 Relative Error 0.05684998631477356
Epoch 736 Relative Error 0.05700984224677086
Epoch 737 Relative Error 0.056842803955078125
Epoch 738 Relative Error 0.056941501796245575
Epoch 739 Relative Error 0.056800998747348785
Epoch 740 Relative Error 0.05694270506501198
Epoch 741 Relative Error 0.05683450773358345
Epoch 742 Relative Error 0.056722771376371384
Epoch 743 Relative Error 0.056806646287441254
Epoch 744 Relative Error 0.0567711777985096
Epoch 745 Relative Error 0.05666971579194069
Epoch 746 Relative Error 0.05671343207359314
Epoch 747 Relative Error 0.056732382625341415
Epoch 748 Relative Error 0.056579191237688065
Epoch 749 Relative Error 0.05677774176001549
Epoch 750 Relative Error 0.05671727657318115
Epoch 751 Relative Error 0.05665513873100281
Epoch 752 Relative Error 0.05655251443386078
Epoch 753 Relative Error 0.056962329894304276
Epoch 754 Relative Error 0.0574839748442173
Epoch 755 Relative Error 0.0568079948425293
Epoch 756 Relative Error 0.056949835270643234
Epoch 757 Relative Error 0.05723128467798233
Epoch 758 Relative Error 0.05699150636792183
Epoch 759 Relative Error 0.056406740099191666
Epoch 760 Relative Error 0.056487955152988434
Epoch 761 Relative Error 0.05631863698363304
Epoch 762 Relative Error 0.05643410608172417
Epoch 763 Relative Error 0.05642877519130707
Epoch 764 Relative Error 0.05657351016998291
Epoch 765 Relative Error 0.056849539279937744
Epoch 766 Relative Error 0.056335754692554474
Epoch 767 Relative Error 0.05622854083776474
Epoch 768 Relative Error 0.056251656264066696
Epoch 769 Relative Error 0.056232139468193054
Epoch 770 Relative Error 0.05626469478011131
Epoch 771 Relative Error 0.056668978184461594
Epoch 772 Relative Error 0.05623673275113106
Epoch 773 Relative Error 0.05619197338819504
Epoch 774 Relative Error 0.056243278086185455
Epoch 775 Relative Error 0.05614595487713814
Epoch 776 Relative Error 0.05633925646543503
Epoch 777 Relative Error 0.05628206953406334
Epoch 778 Relative Error 0.05607803165912628
Epoch 779 Relative Error 0.0563834086060524
Epoch 780 Relative Error 0.05627857521176338
Epoch 781 Relative Error 0.05600585788488388
Epoch 782 Relative Error 0.05599081888794899
Epoch 783 Relative Error 0.0561225526034832
Epoch 784 Relative Error 0.05604593828320503
Epoch 785 Relative Error 0.05586763471364975
Epoch 786 Relative Error 0.05648975074291229
Epoch 787 Relative Error 0.055824410170316696
Epoch 788 Relative Error 0.05588061735033989
Epoch 789 Relative Error 0.0559382289648056
Epoch 790 Relative Error 0.0559740848839283
Epoch 791 Relative Error 0.05594562366604805
Epoch 792 Relative Error 0.056023117154836655
Epoch 793 Relative Error 0.055847421288490295
Epoch 794 Relative Error 0.05620240420103073
Epoch 795 Relative Error 0.055970918387174606
Epoch 796 Relative Error 0.056155044585466385
Epoch 797 Relative Error 0.05617200583219528
Epoch 798 Relative Error 0.0562056228518486
Epoch 799 Relative Error 0.05572390928864479
Epoch 800 Relative Error 0.05609411001205444
Epoch 801 Relative Error 0.0556730218231678
Epoch 802 Relative Error 0.05570388212800026
Epoch 803 Relative Error 0.05579008907079697
Epoch 804 Relative Error 0.05555307865142822
Epoch 805 Relative Error 0.05555596947669983
Epoch 806 Relative Error 0.05596344918012619
Epoch 807 Relative Error 0.05575628578662872
Epoch 808 Relative Error 0.05566220358014107
Epoch 809 Relative Error 0.056123796850442886
Epoch 810 Relative Error 0.05611404776573181
Epoch 811 Relative Error 0.056310560554265976
Epoch 812 Relative Error 0.056260544806718826
Epoch 813 Relative Error 0.055951930582523346
Epoch 814 Relative Error 0.05570735037326813
Epoch 815 Relative Error 0.05598586052656174
Epoch 816 Relative Error 0.055458806455135345
Epoch 817 Relative Error 0.05591479316353798
Epoch 818 Relative Error 0.056457653641700745
Epoch 819 Relative Error 0.0553337037563324
Epoch 820 Relative Error 0.05528039112687111
Epoch 821 Relative Error 0.055577583611011505
Epoch 822 Relative Error 0.055432047694921494
Epoch 823 Relative Error 0.05522314831614494
Epoch 824 Relative Error 0.0553823746740818
Epoch 825 Relative Error 0.055963605642318726
Epoch 826 Relative Error 0.055306464433670044
Epoch 827 Relative Error 0.05540024861693382
Epoch 828 Relative Error 0.05513674020767212
Epoch 829 Relative Error 0.05512646958231926
Epoch 830 Relative Error 0.05525480955839157
Epoch 831 Relative Error 0.055306632071733475
Epoch 832 Relative Error 0.055089209228754044
Epoch 833 Relative Error 0.055147264152765274
Epoch 834 Relative Error 0.055307433009147644
Epoch 835 Relative Error 0.054987818002700806
Epoch 836 Relative Error 0.05499647557735443
Epoch 837 Relative Error 0.05514143779873848
Epoch 838 Relative Error 0.05507935956120491
Epoch 839 Relative Error 0.055060289800167084
Epoch 840 Relative Error 0.05506628751754761
Epoch 841 Relative Error 0.055008601397275925
Epoch 842 Relative Error 0.054907821118831635
Epoch 843 Relative Error 0.055098336189985275
Epoch 844 Relative Error 0.05495338886976242
Epoch 845 Relative Error 0.05518484488129616
Epoch 846 Relative Error 0.055458299815654755
Epoch 847 Relative Error 0.054804541170597076
Epoch 848 Relative Error 0.05480815842747688
Epoch 849 Relative Error 0.05493322014808655
Epoch 850 Relative Error 0.05489524081349373
Epoch 851 Relative Error 0.05477847158908844
Epoch 852 Relative Error 0.05482320487499237
Epoch 853 Relative Error 0.054769232869148254
Epoch 854 Relative Error 0.05469871684908867
Epoch 855 Relative Error 0.05487120524048805
Epoch 856 Relative Error 0.05477122589945793
Epoch 857 Relative Error 0.054743580520153046
Epoch 858 Relative Error 0.054797157645225525
Epoch 859 Relative Error 0.05460276082158089
Epoch 860 Relative Error 0.05497310310602188
Epoch 861 Relative Error 0.05464465171098709
Epoch 862 Relative Error 0.05469615012407303
Epoch 863 Relative Error 0.05494072660803795
Epoch 864 Relative Error 0.054629936814308167
Epoch 865 Relative Error 0.054593831300735474
Epoch 866 Relative Error 0.05494802072644234
Epoch 867 Relative Error 0.05447373539209366
Epoch 868 Relative Error 0.05450674146413803
Epoch 869 Relative Error 0.05495541915297508
Epoch 870 Relative Error 0.05449739098548889
Epoch 871 Relative Error 0.05453577637672424
Epoch 872 Relative Error 0.05454976484179497
Epoch 873 Relative Error 0.05451054871082306
Epoch 874 Relative Error 0.05434717237949371
Epoch 875 Relative Error 0.05441037565469742
Epoch 876 Relative Error 0.0544138178229332
Epoch 877 Relative Error 0.05433991178870201
Epoch 878 Relative Error 0.054348237812519073
Epoch 879 Relative Error 0.05432077869772911
Epoch 880 Relative Error 0.05436389520764351
Epoch 881 Relative Error 0.054403699934482574
Epoch 882 Relative Error 0.05436151474714279
Epoch 883 Relative Error 0.05439198389649391
Epoch 884 Relative Error 0.05426057055592537
Epoch 885 Relative Error 0.05428285896778107
Epoch 886 Relative Error 0.054173633456230164
Epoch 887 Relative Error 0.054337434470653534
Epoch 888 Relative Error 0.05418036878108978
Epoch 889 Relative Error 0.05440111458301544
Epoch 890 Relative Error 0.0542122945189476
Epoch 891 Relative Error 0.05418046563863754
Epoch 892 Relative Error 0.05452711880207062
Epoch 893 Relative Error 0.05423704907298088
Epoch 894 Relative Error 0.05416417866945267
Epoch 895 Relative Error 0.05422823876142502
Epoch 896 Relative Error 0.05433819442987442
Epoch 897 Relative Error 0.05404059216380119
Epoch 898 Relative Error 0.05408468842506409
Epoch 899 Relative Error 0.05408434942364693
Epoch 900 Relative Error 0.05412235110998154
Epoch 901 Relative Error 0.054053135216236115
Epoch 902 Relative Error 0.05431618541479111
Epoch 903 Relative Error 0.05409516766667366
Epoch 904 Relative Error 0.05391024425625801
Epoch 905 Relative Error 0.05393116548657417
Epoch 906 Relative Error 0.05411180481314659
Epoch 907 Relative Error 0.054324157536029816
Epoch 908 Relative Error 0.054073918610811234
Epoch 909 Relative Error 0.05415485054254532
Epoch 910 Relative Error 0.05392744392156601
Epoch 911 Relative Error 0.05384530499577522
Epoch 912 Relative Error 0.054374564439058304
Epoch 913 Relative Error 0.05409375578165054
Epoch 914 Relative Error 0.05385454744100571
Epoch 915 Relative Error 0.05389195680618286
Epoch 916 Relative Error 0.053749993443489075
Epoch 917 Relative Error 0.05386102572083473
Epoch 918 Relative Error 0.053784579038619995
Epoch 919 Relative Error 0.0537964403629303
Epoch 920 Relative Error 0.053838759660720825
Epoch 921 Relative Error 0.05377217382192612
Epoch 922 Relative Error 0.05370575934648514
Epoch 923 Relative Error 0.053726281970739365
Epoch 924 Relative Error 0.05363953486084938
Epoch 925 Relative Error 0.05378567799925804
Epoch 926 Relative Error 0.053573235869407654
Epoch 927 Relative Error 0.053589627146720886
Epoch 928 Relative Error 0.0538664273917675
Epoch 929 Relative Error 0.05359942466020584
Epoch 930 Relative Error 0.0535678006708622
Epoch 931 Relative Error 0.05355335399508476
Epoch 932 Relative Error 0.05357890948653221
Epoch 933 Relative Error 0.05376646667718887
Epoch 934 Relative Error 0.053673986345529556
Epoch 935 Relative Error 0.053652726113796234
Epoch 936 Relative Error 0.05385967344045639
Epoch 937 Relative Error 0.05391531065106392
Epoch 938 Relative Error 0.05420469120144844
Epoch 939 Relative Error 0.05354449152946472
Epoch 940 Relative Error 0.0535670705139637
Epoch 941 Relative Error 0.053724173456430435
Epoch 942 Relative Error 0.05343063920736313
Epoch 943 Relative Error 0.05347224324941635
Epoch 944 Relative Error 0.05341416224837303
Epoch 945 Relative Error 0.05339659005403519
Epoch 946 Relative Error 0.05333578214049339
Epoch 947 Relative Error 0.05342283844947815
Epoch 948 Relative Error 0.053414784371852875
Epoch 949 Relative Error 0.05323958769440651
Epoch 950 Relative Error 0.05342752858996391
Epoch 951 Relative Error 0.05379544571042061
Epoch 952 Relative Error 0.05344211310148239
Epoch 953 Relative Error 0.053295452147722244
Epoch 954 Relative Error 0.05331499129533768
Epoch 955 Relative Error 0.05325516313314438
Epoch 956 Relative Error 0.053298626095056534
Epoch 957 Relative Error 0.05319361761212349
Epoch 958 Relative Error 0.05324361473321915
Epoch 959 Relative Error 0.053369175642728806
Epoch 960 Relative Error 0.05321546643972397
Epoch 961 Relative Error 0.05350226163864136
Epoch 962 Relative Error 0.05335849151015282
Epoch 963 Relative Error 0.05316430330276489
Epoch 964 Relative Error 0.05318855866789818
Epoch 965 Relative Error 0.053075384348630905
Epoch 966 Relative Error 0.05352078378200531
Epoch 967 Relative Error 0.05334855616092682
Epoch 968 Relative Error 0.05314094200730324
Epoch 969 Relative Error 0.053519535809755325
Epoch 970 Relative Error 0.05307979881763458
Epoch 971 Relative Error 0.05309842899441719
Epoch 972 Relative Error 0.05365215614438057
Epoch 973 Relative Error 0.053226567804813385
Epoch 974 Relative Error 0.05304180830717087
Epoch 975 Relative Error 0.05346685275435448
Epoch 976 Relative Error 0.05309208855032921
Epoch 977 Relative Error 0.053065571933984756
Epoch 978 Relative Error 0.05299871787428856
Epoch 979 Relative Error 0.05292126536369324
Epoch 980 Relative Error 0.05289117991924286
Epoch 981 Relative Error 0.05314593389630318
Epoch 982 Relative Error 0.0529545359313488
Epoch 983 Relative Error 0.052966754883527756
Epoch 984 Relative Error 0.05281299725174904
Epoch 985 Relative Error 0.052820853888988495
Epoch 986 Relative Error 0.052798181772232056
Epoch 987 Relative Error 0.05333736166357994
Epoch 988 Relative Error 0.05289721116423607
Epoch 989 Relative Error 0.05305833742022514
Epoch 990 Relative Error 0.053444888442754745
Epoch 991 Relative Error 0.05291735380887985
Epoch 992 Relative Error 0.05277212709188461
Epoch 993 Relative Error 0.05282999202609062
Epoch 994 Relative Error 0.05273299664258957
Epoch 995 Relative Error 0.05269182100892067
Epoch 996 Relative Error 0.052713386714458466
Epoch 997 Relative Error 0.052744247019290924
Epoch 998 Relative Error 0.052816685289144516
Epoch 999 Relative Error 0.05286891385912895
Epoch 1000 Relative Error 0.053118277341127396
RE (3, 2, 19, 0): 0.05269182100892067
Green's Function RE (3, 2, 19, 0): 0.04266662895679474
Bias Term RE (3, 2, 19, 0): 0.01704748161137104
Combination (3, 2, 19, 0, 0): 0.05058928206562996
Combination (3, 2, 19, 0, 1): 0.0502907820045948
Combination (3, 2, 19, 0, 2): 0.05019480735063553
Combination (3, 2, 19, 0, 3): 0.050160426646471024
Combination (3, 2, 19, 0, 4): 0.0501442477107048

/home/gridsan/gstepaniants/.local/lib/python3.8/site-packages/torch/functional.py:478: UserWarning: torch.meshgrid: in an upcoming release, it will be required to pass the indexing argument. (Triggered internally at  ../aten/src/ATen/native/TensorShape.cpp:2895.)
  return _VF.meshgrid(tensors, **kwargs)  # type: ignore[attr-defined]
