[KeOps] Warning : Cuda libraries were not detected on the system ; using cpu only mode
1
Kernel: Exponential
Weight Mesh: 100
RKHS Kernel Width: 0.001
Lambda: 1e-06
Green's Function Learning Rate: 100
Bias Term Learning Rate: 100
Epoch 1 Relative Error 655.0630493164062
First epoch had re = 655.0630493164062 > 1
Green's Function Learning Rate: 50
Bias Term Learning Rate: 50
Epoch 1 Relative Error 328.4029235839844
First epoch had re = 328.4029235839844 > 1
Green's Function Learning Rate: 10
Bias Term Learning Rate: 10
Epoch 1 Relative Error 63.85673522949219
First epoch had re = 63.85673522949219 > 1
Green's Function Learning Rate: 5
Bias Term Learning Rate: 5
Epoch 1 Relative Error 25.660921096801758
First epoch had re = 25.660921096801758 > 1
Green's Function Learning Rate: 1
Bias Term Learning Rate: 1
Epoch 1 Relative Error 5.806266784667969
First epoch had re = 5.806266784667969 > 1
Green's Function Learning Rate: 0.5
Bias Term Learning Rate: 0.5
Epoch 1 Relative Error 2.8036279678344727
First epoch had re = 2.8036279678344727 > 1
Green's Function Learning Rate: 0.1
Bias Term Learning Rate: 0.1
Epoch 1 Relative Error 0.6235660910606384
Epoch 2 Relative Error 0.4886724650859833
Epoch 3 Relative Error 0.48647624254226685
Epoch 4 Relative Error 0.3919318914413452
Epoch 5 Relative Error 0.31350138783454895
Epoch 6 Relative Error 0.2268451303243637
Epoch 7 Relative Error 0.1888715773820877
Epoch 8 Relative Error 0.16439233720302582
Epoch 9 Relative Error 0.1090812236070633
Epoch 10 Relative Error 0.08648625761270523
Epoch 11 Relative Error 0.06628897786140442
Epoch 12 Relative Error 0.045225657522678375
Epoch 13 Relative Error 0.04037345573306084
Epoch 14 Relative Error 0.02894905023276806
Epoch 15 Relative Error 0.02614840306341648
Epoch 16 Relative Error 0.021202443167567253
Epoch 17 Relative Error 0.017968112602829933
Epoch 18 Relative Error 0.01401927787810564
Epoch 19 Relative Error 0.010966485366225243
Epoch 20 Relative Error 0.008596593514084816
Epoch 21 Relative Error 0.0076741683296859264
Epoch 22 Relative Error 0.006066810805350542
Epoch 23 Relative Error 0.005021908786147833
Epoch 24 Relative Error 0.004459564574062824
Epoch 25 Relative Error 0.003930179867893457
Epoch 26 Relative Error 0.0034882889594882727
Epoch 27 Relative Error 0.003041791031137109
Epoch 28 Relative Error 0.0027666031382977962
Epoch 29 Relative Error 0.002608241280540824
Epoch 30 Relative Error 0.0023672236129641533
Epoch 31 Relative Error 0.0021854445803910494
Epoch 32 Relative Error 0.002154701156541705
Epoch 33 Relative Error 0.00196212250739336
Epoch 34 Relative Error 0.0018694265745580196
Epoch 35 Relative Error 0.0018136854050680995
Epoch 36 Relative Error 0.0016934016020968556
Epoch 37 Relative Error 0.0016429272945970297
Epoch 38 Relative Error 0.0015773186460137367
Epoch 39 Relative Error 0.001507707522250712
Epoch 40 Relative Error 0.0013996188063174486
Epoch 41 Relative Error 0.0014630751684308052
Epoch 42 Relative Error 0.0013996654888615012
Epoch 43 Relative Error 0.0013485231902450323
Epoch 44 Relative Error 0.0013046329841017723
Epoch 45 Relative Error 0.001192571478895843
Epoch 46 Relative Error 0.0013317116536200047
Epoch 47 Relative Error 0.0013263501459732652
Epoch 48 Relative Error 0.0012077732244506478
Epoch 49 Relative Error 0.0011234895791858435
Epoch 50 Relative Error 0.0011486781295388937
Epoch 51 Relative Error 0.0011958533432334661
Epoch 52 Relative Error 0.0011043918784707785
Epoch 53 Relative Error 0.0011465277057141066
Epoch 54 Relative Error 0.0010363582987338305
Epoch 55 Relative Error 0.0009874848183244467
Epoch 56 Relative Error 0.0011287586530670524
Epoch 57 Relative Error 0.0009697360219433904
Epoch 58 Relative Error 0.0011084608267992735
Epoch 59 Relative Error 0.0009792997734621167
Epoch 60 Relative Error 0.0010962092783302069
Epoch 61 Relative Error 0.0010415392462164164
Epoch 62 Relative Error 0.0010453995782881975
Epoch 63 Relative Error 0.0009555986034683883
Epoch 64 Relative Error 0.0009601430501788855
Epoch 65 Relative Error 0.0009442725568078458
Epoch 66 Relative Error 0.0009695328189991415
Epoch 67 Relative Error 0.0009888579370453954
Epoch 68 Relative Error 0.0009569552494212985
Epoch 69 Relative Error 0.001065797870978713
Epoch 70 Relative Error 0.0009203542722389102
Epoch 71 Relative Error 0.0009722120012156665
Epoch 72 Relative Error 0.001122956397011876
Epoch 73 Relative Error 0.0009460452129133046
Epoch 74 Relative Error 0.0009174825390800834
Epoch 75 Relative Error 0.0009072661050595343
Epoch 76 Relative Error 0.0008620181470178068
Epoch 77 Relative Error 0.0008807240519672632
Epoch 78 Relative Error 0.0009038973948918283
Epoch 79 Relative Error 0.0008993706433102489
Epoch 80 Relative Error 0.0008642908069305122
Epoch 81 Relative Error 0.0008433029870502651
Epoch 82 Relative Error 0.0008958551334217191
Epoch 83 Relative Error 0.0009055976988747716
Epoch 84 Relative Error 0.000888992624823004
Epoch 85 Relative Error 0.000876444682944566
Epoch 86 Relative Error 0.0008442720863968134
Epoch 87 Relative Error 0.0008752442081458867
Epoch 88 Relative Error 0.0008398311911150813
Epoch 89 Relative Error 0.0008177219424396753
Epoch 90 Relative Error 0.0008400722872465849
Epoch 91 Relative Error 0.0008578083361499012
Epoch 92 Relative Error 0.0008381095831282437
Epoch 93 Relative Error 0.0008597613195888698
Epoch 94 Relative Error 0.0008546290919184685
Epoch 95 Relative Error 0.0009201985667459667
Epoch 96 Relative Error 0.0008262306801043451
Epoch 97 Relative Error 0.0008961037965491414
Epoch 98 Relative Error 0.0007694962550885975
Epoch 99 Relative Error 0.0008601867593824863
Epoch 100 Relative Error 0.0007920864736661315
Epoch 101 Relative Error 0.0008419606601819396
Epoch 102 Relative Error 0.0008976671379059553
Epoch 103 Relative Error 0.0008108349284157157
Epoch 104 Relative Error 0.000837344559840858
Epoch 105 Relative Error 0.0008355824393220246
Epoch 106 Relative Error 0.0008235968416556716
Epoch 107 Relative Error 0.0008258523303084075
Epoch 108 Relative Error 0.0008035259670577943
Epoch 109 Relative Error 0.0007774888654239476
Epoch 110 Relative Error 0.0008319082553498447
Epoch 111 Relative Error 0.0007835323340259492
Epoch 112 Relative Error 0.0008730761473998427
Epoch 113 Relative Error 0.0007937483605928719
Epoch 114 Relative Error 0.0007961022201925516
Epoch 115 Relative Error 0.000779980153311044
Epoch 116 Relative Error 0.0007595777860842645
Epoch 117 Relative Error 0.0008907977025955915
Epoch 118 Relative Error 0.0008240594179369509
Epoch 119 Relative Error 0.0008990652859210968
Epoch 120 Relative Error 0.0008312657591886818
Epoch 121 Relative Error 0.000764806754887104
Epoch 122 Relative Error 0.0008610869408585131
Epoch 123 Relative Error 0.0007630768814124167
Epoch 124 Relative Error 0.000860877160448581
Epoch 125 Relative Error 0.0007729021599516273
Epoch 126 Relative Error 0.0008646912174299359
Epoch 127 Relative Error 0.0008112398209050298
Epoch 128 Relative Error 0.0007626854348927736
Epoch 129 Relative Error 0.0007811106625013053
Epoch 130 Relative Error 0.0007726920885033906
Epoch 131 Relative Error 0.0007554343901574612
Epoch 132 Relative Error 0.0007798934821039438
Epoch 133 Relative Error 0.0008386092958971858
Epoch 134 Relative Error 0.0008405535481870174
Epoch 135 Relative Error 0.0008064298890531063
Epoch 136 Relative Error 0.0009550284594297409
Epoch 137 Relative Error 0.0008023518021218479
Epoch 138 Relative Error 0.0008330874261446297
Epoch 139 Relative Error 0.0008343239896930754
Epoch 140 Relative Error 0.0008069592877291143
Epoch 141 Relative Error 0.0008408001158386469
Epoch 142 Relative Error 0.0008575917454436421
Epoch 143 Relative Error 0.0009064144687727094
Epoch 144 Relative Error 0.0008122970466502011
Epoch 145 Relative Error 0.0007827166118659079
Epoch 146 Relative Error 0.0008237556903623044
Epoch 147 Relative Error 0.0008601904264651239
Epoch 148 Relative Error 0.00078343361383304
Epoch 149 Relative Error 0.0008433332550339401
Epoch 150 Relative Error 0.000772520259488374
Epoch 151 Relative Error 0.0008103439467959106
Epoch 152 Relative Error 0.0007873926660977304
Epoch 153 Relative Error 0.0007662384887225926
Epoch 154 Relative Error 0.0007851695991121233
Epoch 155 Relative Error 0.0007575703784823418
Epoch 156 Relative Error 0.0008133447263389826
Epoch 157 Relative Error 0.0007388400263153017
Epoch 158 Relative Error 0.0008786364342086017
Epoch 159 Relative Error 0.0008709797402843833
Epoch 160 Relative Error 0.0008714865543879569
Epoch 161 Relative Error 0.0007885734084993601
Epoch 162 Relative Error 0.0007390428218059242
Epoch 163 Relative Error 0.0008094758377410471
Epoch 164 Relative Error 0.0008530642953701317
Epoch 165 Relative Error 0.0007309996290132403
Epoch 166 Relative Error 0.0007603151025250554
Epoch 167 Relative Error 0.0007422552444040775
Epoch 168 Relative Error 0.0009089676896110177
Epoch 169 Relative Error 0.000844506430439651
Epoch 170 Relative Error 0.0008171488298103213
Epoch 171 Relative Error 0.0008214996196329594
Epoch 172 Relative Error 0.0007961661904118955
Epoch 173 Relative Error 0.0007554211770184338
Epoch 174 Relative Error 0.0009028244530782104
Epoch 175 Relative Error 0.0007912844885140657
Epoch 176 Relative Error 0.0008318872423842549
Epoch 177 Relative Error 0.0007954626926220953
Epoch 178 Relative Error 0.0012354841455817223
Epoch 179 Relative Error 0.0008228637743741274
Epoch 180 Relative Error 0.0008185398182831705
Epoch 181 Relative Error 0.0007944875978864729
Epoch 182 Relative Error 0.0008141202852129936
Epoch 183 Relative Error 0.0007081168005242944
Epoch 184 Relative Error 0.0008383729145862162
Epoch 185 Relative Error 0.000891533331014216
Epoch 186 Relative Error 0.0009079512092284858
Epoch 187 Relative Error 0.0007024900405667722
Epoch 188 Relative Error 0.0008538480615243316
Epoch 189 Relative Error 0.0007592121255584061
Epoch 190 Relative Error 0.0007986182463355362
Epoch 191 Relative Error 0.0008293561404570937
Epoch 192 Relative Error 0.000894244818482548
Epoch 193 Relative Error 0.0007419309113174677
Epoch 194 Relative Error 0.0008266386575996876
Epoch 195 Relative Error 0.000905259104911238
Epoch 196 Relative Error 0.0007578427321277559
Epoch 197 Relative Error 0.0008979542180895805
Epoch 198 Relative Error 0.000784441246651113
Epoch 199 Relative Error 0.0006879373104311526
Epoch 200 Relative Error 0.0008585238829255104
Epoch 201 Relative Error 0.0007280521676875651
Epoch 202 Relative Error 0.0008589204517193139
Epoch 203 Relative Error 0.0008408734574913979
Epoch 204 Relative Error 0.0008689195965416729
Epoch 205 Relative Error 0.000788407982327044
Epoch 206 Relative Error 0.0008271451224572957
Epoch 207 Relative Error 0.0008127602050080895
Epoch 208 Relative Error 0.0009252228774130344
Epoch 209 Relative Error 0.0007967066485434771
Epoch 210 Relative Error 0.0007865242660045624
Epoch 211 Relative Error 0.000805282557848841
Epoch 212 Relative Error 0.0008264303905889392
Epoch 213 Relative Error 0.000765440403483808
Epoch 214 Relative Error 0.0007567799766547978
Epoch 215 Relative Error 0.000760068476665765
Epoch 216 Relative Error 0.0008346147951669991
Epoch 217 Relative Error 0.0007711353828199208
Epoch 218 Relative Error 0.000911333947442472
Epoch 219 Relative Error 0.0007973552565090358
Epoch 220 Relative Error 0.0008496863883920014
Epoch 221 Relative Error 0.0007482343353331089
Epoch 222 Relative Error 0.0007011944544501603
Epoch 223 Relative Error 0.000827656826004386
Epoch 224 Relative Error 0.0008324804366566241
Epoch 225 Relative Error 0.000829048512969166
Epoch 226 Relative Error 0.0007549398578703403
Epoch 227 Relative Error 0.0007953962776809931
Epoch 228 Relative Error 0.0007459986372850835
Epoch 229 Relative Error 0.0007649766630493104
Epoch 230 Relative Error 0.0008036019862629473
Epoch 231 Relative Error 0.0008536502718925476
Epoch 232 Relative Error 0.000788138248026371
Epoch 233 Relative Error 0.0007833089330233634
Epoch 234 Relative Error 0.0008234985871240497
Epoch 235 Relative Error 0.0008210380328819156
Epoch 236 Relative Error 0.0007382018375210464
Epoch 237 Relative Error 0.0010171863250434399
Epoch 238 Relative Error 0.0008583756280131638
Epoch 239 Relative Error 0.0008521325653418899
Epoch 240 Relative Error 0.0008437482756562531
Epoch 241 Relative Error 0.0007900205091573298
Epoch 242 Relative Error 0.0009713926701806486
Epoch 243 Relative Error 0.0008224801276810467
Epoch 244 Relative Error 0.0010628972668200731
Epoch 245 Relative Error 0.0008756904280744493
Epoch 246 Relative Error 0.0008982940926216543
Epoch 247 Relative Error 0.000844827329274267
Epoch 248 Relative Error 0.0008284676005132496
Epoch 249 Relative Error 0.0007566580316051841
Epoch 250 Relative Error 0.0008327668183483183
Epoch 251 Relative Error 0.0010798107832670212
Epoch 252 Relative Error 0.0008009703597053885
Epoch 253 Relative Error 0.0008287609671242535
Epoch 254 Relative Error 0.000747460057027638
Epoch 255 Relative Error 0.0008280073525384068
Epoch 256 Relative Error 0.000792076694779098
Epoch 257 Relative Error 0.0009087705402635038
Epoch 258 Relative Error 0.0007937378832139075
Epoch 259 Relative Error 0.0008279769099317491
Epoch 260 Relative Error 0.0008717438322491944
Epoch 261 Relative Error 0.0007834338466636837
Epoch 262 Relative Error 0.0009284534608013928
Epoch 263 Relative Error 0.0007211588090285659
Epoch 264 Relative Error 0.0007710378849878907
Epoch 265 Relative Error 0.000743927201256156
Epoch 266 Relative Error 0.000791873608250171
Epoch 267 Relative Error 0.0008923620916903019
Epoch 268 Relative Error 0.0007351560052484274
Epoch 269 Relative Error 0.0008879227680154145
Epoch 270 Relative Error 0.000742485630325973
Epoch 271 Relative Error 0.0009104280616156757
Epoch 272 Relative Error 0.0008278772584162652
Epoch 273 Relative Error 0.0008298908360302448
Epoch 274 Relative Error 0.0008132272050715983
Epoch 275 Relative Error 0.0009119074093177915
Epoch 276 Relative Error 0.0008537309477105737
Epoch 277 Relative Error 0.0008826387347653508
Epoch 278 Relative Error 0.0007464666268788278
Epoch 279 Relative Error 0.0008501792326569557
Epoch 280 Relative Error 0.0008100301492959261
Epoch 281 Relative Error 0.0008563710725866258
Epoch 282 Relative Error 0.0008227881626226008
Epoch 283 Relative Error 0.0009260071674361825
Epoch 284 Relative Error 0.0008646191563457251
Epoch 285 Relative Error 0.0008184437756426632
Epoch 286 Relative Error 0.0007344741025008261
Epoch 287 Relative Error 0.0008389477152377367
Epoch 288 Relative Error 0.0008378290222026408
Epoch 289 Relative Error 0.0008678219164721668
Epoch 290 Relative Error 0.0007954904576763511
Epoch 291 Relative Error 0.0008301546913571656
Epoch 292 Relative Error 0.0009492151439189911
Epoch 293 Relative Error 0.0008727007661946118
Epoch 294 Relative Error 0.0008499764371663332
Epoch 295 Relative Error 0.0007958756759762764
Epoch 296 Relative Error 0.0007512410520575941
Epoch 297 Relative Error 0.0009656058973632753
Epoch 298 Relative Error 0.0008447865839116275
Epoch 299 Relative Error 0.0007848612731322646
Epoch 300 Relative Error 0.0008336273021996021
Epoch 301 Relative Error 0.0008666090434417129
Epoch 302 Relative Error 0.0008278784807771444
Epoch 303 Relative Error 0.0007717533735558391
Epoch 304 Relative Error 0.0008278170134872198
Epoch 305 Relative Error 0.0008490969194099307
Epoch 306 Relative Error 0.0008231291431002319
Epoch 307 Relative Error 0.0008277141023427248
Epoch 308 Relative Error 0.0007734571699984372
Epoch 309 Relative Error 0.0010021835332736373
Epoch 310 Relative Error 0.0007824366330169141
Epoch 311 Relative Error 0.0009013140806928277
Epoch 312 Relative Error 0.0009593038121238351
Epoch 313 Relative Error 0.000721854972653091
Epoch 314 Relative Error 0.0008046122384257615
Epoch 315 Relative Error 0.0007937721675261855
Epoch 316 Relative Error 0.0007783515611663461
Epoch 317 Relative Error 0.0007886586827225983
Epoch 318 Relative Error 0.0007677148096263409
Epoch 319 Relative Error 0.0007656030938960612
Epoch 320 Relative Error 0.0007099725189618766
Epoch 321 Relative Error 0.0007558150100521743
Epoch 322 Relative Error 0.0007741842418909073
Epoch 323 Relative Error 0.0008205398917198181
Epoch 324 Relative Error 0.0009699435322545469
Epoch 325 Relative Error 0.0009265047847293317
Epoch 326 Relative Error 0.0008427845314145088
Epoch 327 Relative Error 0.0008275731233879924
Epoch 328 Relative Error 0.0008279266185127199
Epoch 329 Relative Error 0.0008080984698608518
Epoch 330 Relative Error 0.0008338825427927077
Epoch 331 Relative Error 0.0008285659132525325
Epoch 332 Relative Error 0.0008536376990377903
Epoch 333 Relative Error 0.0008076487574726343
Epoch 334 Relative Error 0.0008672464755363762
Epoch 335 Relative Error 0.0008264658390544355
Epoch 336 Relative Error 0.0009169923723675311
Epoch 337 Relative Error 0.0008509081089869142
Epoch 338 Relative Error 0.0008949535549618304
Epoch 339 Relative Error 0.0008212205721065402
Epoch 340 Relative Error 0.0008923456189222634
Epoch 341 Relative Error 0.0008396136690862477
Epoch 342 Relative Error 0.0008457092917524278
Epoch 343 Relative Error 0.000983844744041562
Epoch 344 Relative Error 0.0009726920980028808
Epoch 345 Relative Error 0.0008046910515986383
Epoch 346 Relative Error 0.0009126073564402759
Epoch 347 Relative Error 0.0008319171611219645
Epoch 348 Relative Error 0.0007601804099977016
Epoch 349 Relative Error 0.0008169552311301231
Epoch 350 Relative Error 0.0008342675864696503
Epoch 351 Relative Error 0.0008663571206852794
Epoch 352 Relative Error 0.0007904674857854843
Epoch 353 Relative Error 0.0007629985339008272
Epoch 354 Relative Error 0.0007917161565274
Epoch 355 Relative Error 0.0007888735854066908
Epoch 356 Relative Error 0.0006964951753616333
Epoch 357 Relative Error 0.0008961993153207004
Epoch 358 Relative Error 0.0008481667609885335
Epoch 359 Relative Error 0.0007330809021368623
Epoch 360 Relative Error 0.0008868796867318451
Epoch 361 Relative Error 0.0008029055898077786
Epoch 362 Relative Error 0.0007960461662150919
Epoch 363 Relative Error 0.0009379422990605235
Epoch 364 Relative Error 0.0007782361935824156
Epoch 365 Relative Error 0.000992709188722074
Epoch 366 Relative Error 0.0008002091781236231
Epoch 367 Relative Error 0.00081967085134238
Epoch 368 Relative Error 0.0008208841318264604
Epoch 369 Relative Error 0.000923674728255719
Epoch 370 Relative Error 0.0007978065405040979
Epoch 371 Relative Error 0.000838150386698544
Epoch 372 Relative Error 0.0008057043887674809
Epoch 373 Relative Error 0.0008957344689406455
Epoch 374 Relative Error 0.0009804046712815762
Epoch 375 Relative Error 0.0010314626852050424
Epoch 376 Relative Error 0.0007759860018268228
Epoch 377 Relative Error 0.0007788360817357898
Epoch 378 Relative Error 0.0007996989297680557
Epoch 379 Relative Error 0.0007496075122617185
Epoch 380 Relative Error 0.0007834236603230238
Epoch 381 Relative Error 0.0008785253739915788
Epoch 382 Relative Error 0.0007273639203049242
Epoch 383 Relative Error 0.0008745933882892132
Epoch 384 Relative Error 0.0009264879627153277
Epoch 385 Relative Error 0.0007991837337613106
Epoch 386 Relative Error 0.000783828436397016
Epoch 387 Relative Error 0.0008439177181571722
Epoch 388 Relative Error 0.0008032778277993202
Epoch 389 Relative Error 0.0008237070287577808
Epoch 390 Relative Error 0.0008334271260537207
Epoch 391 Relative Error 0.0009005265310406685
Epoch 392 Relative Error 0.000928194320295006
Epoch 393 Relative Error 0.0009526588837616146
Epoch 394 Relative Error 0.0008804784738458693
Epoch 395 Relative Error 0.0009616386378183961
Epoch 396 Relative Error 0.0008266763179562986
Epoch 397 Relative Error 0.0008888873271644115
Epoch 398 Relative Error 0.0008093489450402558
Epoch 399 Relative Error 0.0008625995833426714
Epoch 400 Relative Error 0.0007598832016810775
Epoch 401 Relative Error 0.0008105471497401595
Epoch 402 Relative Error 0.0008100253180600703
Epoch 403 Relative Error 0.0008389977738261223
Epoch 404 Relative Error 0.0007652480853721499
Epoch 405 Relative Error 0.0008016079664230347
Epoch 406 Relative Error 0.0008893338381312788
Epoch 407 Relative Error 0.0007897099130786955
Epoch 408 Relative Error 0.0007822299958206713
Epoch 409 Relative Error 0.0008205135818570852
Epoch 410 Relative Error 0.0008856129716150463
Epoch 411 Relative Error 0.0007271825452335179
Epoch 412 Relative Error 0.0008456342620775104
Epoch 413 Relative Error 0.0008173334645107388
Epoch 414 Relative Error 0.0009141726768575609
Epoch 415 Relative Error 0.0008346685790456831
Epoch 416 Relative Error 0.0008018806111067533
Epoch 417 Relative Error 0.0007837308803573251
Epoch 418 Relative Error 0.0008240716997534037
Epoch 419 Relative Error 0.0007374727283604443
Epoch 420 Relative Error 0.0007612980552949011
Epoch 421 Relative Error 0.0008435705094598234
Epoch 422 Relative Error 0.0008444401901215315
Epoch 423 Relative Error 0.0008447616128250957
Epoch 424 Relative Error 0.0008466939907521009
Epoch 425 Relative Error 0.0008082006825134158
Epoch 426 Relative Error 0.0009137286688201129
Epoch 427 Relative Error 0.0010080862557515502
Epoch 428 Relative Error 0.0008136687683872879
Epoch 429 Relative Error 0.000885221001226455
Epoch 430 Relative Error 0.0008466945146210492
Epoch 431 Relative Error 0.0007544049876742065
Epoch 432 Relative Error 0.0008708324749022722
Epoch 433 Relative Error 0.0007352147367782891
Epoch 434 Relative Error 0.0008060898398980498
Epoch 435 Relative Error 0.000788381090387702
Epoch 436 Relative Error 0.0009032374946400523
Epoch 437 Relative Error 0.000761147472076118
Epoch 438 Relative Error 0.0008355668978765607
Epoch 439 Relative Error 0.0010246778838336468
Epoch 440 Relative Error 0.0008454492781311274
Epoch 441 Relative Error 0.0008803285309113562
Epoch 442 Relative Error 0.0007693153456784785
Epoch 443 Relative Error 0.0008054864010773599
Epoch 444 Relative Error 0.0008079522522166371
Epoch 445 Relative Error 0.0008399983053095639
Epoch 446 Relative Error 0.0008266241638921201
Epoch 447 Relative Error 0.000788278819527477
Epoch 448 Relative Error 0.0007779137813486159
Epoch 449 Relative Error 0.0008716920274309814
Epoch 450 Relative Error 0.0007830423419363797
Epoch 451 Relative Error 0.0007215648656710982
Epoch 452 Relative Error 0.0009470882941968739
Epoch 453 Relative Error 0.0007787219947203994
Epoch 454 Relative Error 0.0008697688463144004
Epoch 455 Relative Error 0.0008538559777662158
Epoch 456 Relative Error 0.0008734822040423751
Epoch 457 Relative Error 0.000830319244414568
Epoch 458 Relative Error 0.000834319565910846
Epoch 459 Relative Error 0.0009439739515073597
Epoch 460 Relative Error 0.0007259667036123574
Epoch 461 Relative Error 0.0007332528475672007
Epoch 462 Relative Error 0.0007481012726202607
Epoch 463 Relative Error 0.0009770923061296344
Epoch 464 Relative Error 0.0007875514565967023
Epoch 465 Relative Error 0.0009920907905325294
Epoch 466 Relative Error 0.0008302155183628201
Epoch 467 Relative Error 0.0009063756442628801
Epoch 468 Relative Error 0.0008740806370042264
Epoch 469 Relative Error 0.0008541831630282104
Epoch 470 Relative Error 0.0009078580187633634
Epoch 471 Relative Error 0.0008463879930786788
Epoch 472 Relative Error 0.0007363701006397605
Epoch 473 Relative Error 0.0008593486272729933
Epoch 474 Relative Error 0.0007952984888106585
Epoch 475 Relative Error 0.000778973160777241
Epoch 476 Relative Error 0.0007471005665138364
Epoch 477 Relative Error 0.0007099427748471498
Epoch 478 Relative Error 0.0007753680692985654
Epoch 479 Relative Error 0.0007711643702350557
Epoch 480 Relative Error 0.0008324623922817409
Epoch 481 Relative Error 0.0007664504228159785
Epoch 482 Relative Error 0.0009421008871868253
Epoch 483 Relative Error 0.0007527931011281908
Epoch 484 Relative Error 0.0009012235095724463
Epoch 485 Relative Error 0.0008169928332790732
Epoch 486 Relative Error 0.0007857488235458732
Epoch 487 Relative Error 0.0008936975500546396
Epoch 488 Relative Error 0.0009455507970415056
Epoch 489 Relative Error 0.0012837614631280303
Epoch 490 Relative Error 0.0009695395710878074
Epoch 491 Relative Error 0.000849074509460479
Epoch 492 Relative Error 0.0009736724314279854
Epoch 493 Relative Error 0.0008443167898803949
Epoch 494 Relative Error 0.0007694373489357531
Epoch 495 Relative Error 0.0007439530454576015
Epoch 496 Relative Error 0.0007973297033458948
Epoch 497 Relative Error 0.0007252205396071076
Epoch 498 Relative Error 0.0007955263718031347
Epoch 499 Relative Error 0.0007471920107491314
Epoch 500 Relative Error 0.0008105895249173045
Epoch 501 Relative Error 0.0008538998663425446
Epoch 502 Relative Error 0.0008247659425251186
Epoch 503 Relative Error 0.0008197447168640792
Epoch 504 Relative Error 0.0007357349968515337
Epoch 505 Relative Error 0.0007475431193597615
Epoch 506 Relative Error 0.0008102298015728593
Epoch 507 Relative Error 0.000867901835590601
Epoch 508 Relative Error 0.000838128209579736
Epoch 509 Relative Error 0.0007833357667550445
Epoch 510 Relative Error 0.0008700968464836478
Epoch 511 Relative Error 0.0007802568143233657
Epoch 512 Relative Error 0.0008031780598685145
Epoch 513 Relative Error 0.0008476720540784299
Epoch 514 Relative Error 0.0007420835318043828
Epoch 515 Relative Error 0.0008199341245926917
Epoch 516 Relative Error 0.0007370751700364053
Epoch 517 Relative Error 0.0009265871485695243
Epoch 518 Relative Error 0.0007307091145776212
Epoch 519 Relative Error 0.0008560248534195125
Epoch 520 Relative Error 0.0007821702747605741
Epoch 521 Relative Error 0.0008111835923045874
Epoch 522 Relative Error 0.0007561640813946724
Epoch 523 Relative Error 0.0007643521530553699
Epoch 524 Relative Error 0.000736754504032433
Epoch 525 Relative Error 0.0007340277079492807
Epoch 526 Relative Error 0.0007708992343395948
Epoch 527 Relative Error 0.0007462335634045303
Epoch 528 Relative Error 0.0007767915376462042
Epoch 529 Relative Error 0.0008163774036802351
Epoch 530 Relative Error 0.0007014354923740029
Epoch 531 Relative Error 0.0007339039002545178
Epoch 532 Relative Error 0.0007381786708720028
Epoch 533 Relative Error 0.0008573387749493122
Epoch 534 Relative Error 0.0007680924027226865
Epoch 535 Relative Error 0.0007830428658053279
Epoch 536 Relative Error 0.0007770542288199067
Epoch 537 Relative Error 0.000784300034865737
Epoch 538 Relative Error 0.0007701072609052062
Epoch 539 Relative Error 0.0008638311410322785
Epoch 540 Relative Error 0.0008503059507347643
Epoch 541 Relative Error 0.0009748393204063177
Epoch 542 Relative Error 0.0009688956197351217
Epoch 543 Relative Error 0.0008136316318996251
Epoch 544 Relative Error 0.0008554020314477384
Epoch 545 Relative Error 0.0007923739030957222
Epoch 546 Relative Error 0.0008792957523837686
Epoch 547 Relative Error 0.0008082571439445019
Epoch 548 Relative Error 0.0008680845494382083
Epoch 549 Relative Error 0.0010149881709367037
Epoch 550 Relative Error 0.0008407516870647669
Epoch 551 Relative Error 0.0009101623436436057
Epoch 552 Relative Error 0.000773618055973202
Epoch 553 Relative Error 0.0008326504030264914
Epoch 554 Relative Error 0.0008657797588966787
Epoch 555 Relative Error 0.0008035310311242938
Epoch 556 Relative Error 0.0008525475859642029
Epoch 557 Relative Error 0.0007511248695664108
Epoch 558 Relative Error 0.0008345223614014685
Epoch 559 Relative Error 0.000948539178352803
Epoch 560 Relative Error 0.0009236769983544946
Epoch 561 Relative Error 0.0008244689088314772
Epoch 562 Relative Error 0.0008530134218744934
Epoch 563 Relative Error 0.0008001452661119401
Epoch 564 Relative Error 0.0009260452934540808
Epoch 565 Relative Error 0.0007970149163156748
Epoch 566 Relative Error 0.0008527684840373695
Epoch 567 Relative Error 0.0008379279170185328
Epoch 568 Relative Error 0.0007742278394289315
Epoch 569 Relative Error 0.0007617174996994436
Epoch 570 Relative Error 0.0007540754741057754
Epoch 571 Relative Error 0.0008409189758822322
Epoch 572 Relative Error 0.0008450454915873706
Epoch 573 Relative Error 0.0007878320757299662
Epoch 574 Relative Error 0.0009350404725410044
Epoch 575 Relative Error 0.000912922085262835
Epoch 576 Relative Error 0.0008116470999084413
Epoch 577 Relative Error 0.0007933499291539192
Epoch 578 Relative Error 0.0007574452320113778
Epoch 579 Relative Error 0.0007615911308676004
Epoch 580 Relative Error 0.0007925818208605051
Epoch 581 Relative Error 0.0008035451173782349
Epoch 582 Relative Error 0.0008281685877591372
Epoch 583 Relative Error 0.0008695334545336664
Epoch 584 Relative Error 0.0010122134117409587
Epoch 585 Relative Error 0.0007722065784037113
Epoch 586 Relative Error 0.0009116806322708726
Epoch 587 Relative Error 0.0009587828535586596
Epoch 588 Relative Error 0.0011221431195735931
Epoch 589 Relative Error 0.0008333746809512377
Epoch 590 Relative Error 0.0010680067352950573
Epoch 591 Relative Error 0.0010149877052754164
Epoch 592 Relative Error 0.0009661433869041502
Epoch 593 Relative Error 0.0009411204955540597
Epoch 594 Relative Error 0.000995917827822268
Epoch 595 Relative Error 0.0009571562404744327
Epoch 596 Relative Error 0.0008798583876341581
Epoch 597 Relative Error 0.0008550256607122719
Epoch 598 Relative Error 0.0008892393670976162
Epoch 599 Relative Error 0.0009540709434077144
Epoch 600 Relative Error 0.0008393424795940518
Epoch 601 Relative Error 0.0009215496829710901
Epoch 602 Relative Error 0.0008229967788793147
Epoch 603 Relative Error 0.0009795473888516426
Epoch 604 Relative Error 0.0008727292297407985
Epoch 605 Relative Error 0.0009761954424902797
Epoch 606 Relative Error 0.0008021037210710347
Epoch 607 Relative Error 0.0008551963837817311
Epoch 608 Relative Error 0.0009208120754919946
Epoch 609 Relative Error 0.0007589972810819745
Epoch 610 Relative Error 0.0008870768360793591
Epoch 611 Relative Error 0.0007761463057249784
Epoch 612 Relative Error 0.0008755010203458369
Epoch 613 Relative Error 0.0007656827219761908
Epoch 614 Relative Error 0.0007837116718292236
Epoch 615 Relative Error 0.0009356424561701715
Epoch 616 Relative Error 0.000933741859626025
Epoch 617 Relative Error 0.0008143990417011082
Epoch 618 Relative Error 0.0009085240890271962
Epoch 619 Relative Error 0.0008311272831633687
Epoch 620 Relative Error 0.0008812167216092348
Epoch 621 Relative Error 0.0009776982478797436
Epoch 622 Relative Error 0.0008670875686220825
Epoch 623 Relative Error 0.000908567279111594
Epoch 624 Relative Error 0.0009221298387274146
Epoch 625 Relative Error 0.000899541424587369
Epoch 626 Relative Error 0.0008935642545111477
Epoch 627 Relative Error 0.0009123976342380047
Epoch 628 Relative Error 0.0007580732926726341
Epoch 629 Relative Error 0.0010357052087783813
Epoch 630 Relative Error 0.0007677957182750106
Epoch 631 Relative Error 0.0008931725169532001
Epoch 632 Relative Error 0.0007989567238837481
Epoch 633 Relative Error 0.0008879638044163585
Epoch 634 Relative Error 0.0008073695353232324
Epoch 635 Relative Error 0.0008418193319812417
Epoch 636 Relative Error 0.0008049415773712099
Epoch 637 Relative Error 0.0007839879835955799
Epoch 638 Relative Error 0.0008186587947420776
Epoch 639 Relative Error 0.0008897404768504202
Epoch 640 Relative Error 0.0009411675273440778
Epoch 641 Relative Error 0.000918835517950356
Epoch 642 Relative Error 0.0007729118806309998
Epoch 643 Relative Error 0.0009294084156863391
Epoch 644 Relative Error 0.0007463165675289929
Epoch 645 Relative Error 0.0007978754001669586
Epoch 646 Relative Error 0.0007937225745990872
Epoch 647 Relative Error 0.0008981517166830599
Epoch 648 Relative Error 0.0008645557099953294
Epoch 649 Relative Error 0.0008910872275009751
Epoch 650 Relative Error 0.0010462533682584763
Epoch 651 Relative Error 0.0009086531936191022
Epoch 652 Relative Error 0.0009436294785700738
Epoch 653 Relative Error 0.0008567324257455766
Epoch 654 Relative Error 0.0009408274781890213
Epoch 655 Relative Error 0.0007727736956439912
Epoch 656 Relative Error 0.0008395504555664957
Epoch 657 Relative Error 0.0008358260383829474
Epoch 658 Relative Error 0.0009990368271246552
Epoch 659 Relative Error 0.0009059745352715254
Epoch 660 Relative Error 0.0008670844254083931
Epoch 661 Relative Error 0.0007850462570786476
Epoch 662 Relative Error 0.0010619224049150944
Epoch 663 Relative Error 0.0008698308956809342
Epoch 664 Relative Error 0.00080271833576262
Epoch 665 Relative Error 0.0007787250215187669
Epoch 666 Relative Error 0.0008106822497211397
Epoch 667 Relative Error 0.0008136420510709286
Epoch 668 Relative Error 0.0007919432828202844
Epoch 669 Relative Error 0.0007885661325417459
Epoch 670 Relative Error 0.0008775055757723749
Epoch 671 Relative Error 0.0008772409637458622
Epoch 672 Relative Error 0.0008575631654821336
Epoch 673 Relative Error 0.0009125049691647291
Epoch 674 Relative Error 0.0009949624072760344
Epoch 675 Relative Error 0.001078271772712469
Epoch 676 Relative Error 0.0008049262105487287
Epoch 677 Relative Error 0.0008503163116984069
Epoch 678 Relative Error 0.0007641725242137909
Epoch 679 Relative Error 0.001096743973903358
Epoch 680 Relative Error 0.0010206714505329728
Epoch 681 Relative Error 0.0010505623649805784
Epoch 682 Relative Error 0.0009164188522845507
Epoch 683 Relative Error 0.0009403704316355288
Epoch 684 Relative Error 0.0009842022554948926
Epoch 685 Relative Error 0.0010750658111646771
Epoch 686 Relative Error 0.0010797464055940509
Epoch 687 Relative Error 0.0008929395116865635
Epoch 688 Relative Error 0.0008657531579956412
Epoch 689 Relative Error 0.0008378095808438957
Epoch 690 Relative Error 0.0009185213129967451
Epoch 691 Relative Error 0.0009041090961545706
Epoch 692 Relative Error 0.0009086945210583508
Epoch 693 Relative Error 0.000849355012178421
Epoch 694 Relative Error 0.0008166152983903885
Epoch 695 Relative Error 0.0008589772041887045
Epoch 696 Relative Error 0.0008410575683228672
Epoch 697 Relative Error 0.0007649300387129188
Epoch 698 Relative Error 0.0009085884667001665
Epoch 699 Relative Error 0.0007197958184406161
Epoch 700 Relative Error 0.0008866048883646727
Epoch 701 Relative Error 0.0009989752434194088
Epoch 702 Relative Error 0.0010685427114367485
Epoch 703 Relative Error 0.0009047362837009132
Epoch 704 Relative Error 0.000825791503302753
Epoch 705 Relative Error 0.000754278211388737
Epoch 706 Relative Error 0.0007601084653288126
Epoch 707 Relative Error 0.0008544258307665586
Epoch 708 Relative Error 0.0007941910880617797
Epoch 709 Relative Error 0.00070109375519678
Epoch 710 Relative Error 0.0008122227154672146
Epoch 711 Relative Error 0.0008723798091523349
Epoch 712 Relative Error 0.0010472494177520275
Epoch 713 Relative Error 0.0010445769876241684
Epoch 714 Relative Error 0.0007901816861703992
Epoch 715 Relative Error 0.0008489443571306765
Epoch 716 Relative Error 0.0009327107691206038
Epoch 717 Relative Error 0.0009326171712018549
Epoch 718 Relative Error 0.0008424029219895601
Epoch 719 Relative Error 0.0009867640910670161
Epoch 720 Relative Error 0.000775433552917093
Epoch 721 Relative Error 0.0012307657161727548
Epoch 722 Relative Error 0.0009208209812641144
Epoch 723 Relative Error 0.0009085789788514376
Epoch 724 Relative Error 0.0009383938158862293
Epoch 725 Relative Error 0.000989940483123064
Epoch 726 Relative Error 0.0009140395559370518
Epoch 727 Relative Error 0.0010103463428094983
Epoch 728 Relative Error 0.0008043670677579939
Epoch 729 Relative Error 0.0009263438987545669
Epoch 730 Relative Error 0.0008947670576162636
Epoch 731 Relative Error 0.0010055697057396173
Epoch 732 Relative Error 0.0008339363848790526
Epoch 733 Relative Error 0.0009462686721235514
Epoch 734 Relative Error 0.000970179564319551
Epoch 735 Relative Error 0.0010063317604362965
Epoch 736 Relative Error 0.000894518569111824
Epoch 737 Relative Error 0.0007696502725593746
Epoch 738 Relative Error 0.0009966345969587564
Epoch 739 Relative Error 0.0009467358468100429
Epoch 740 Relative Error 0.001088677323423326
Epoch 741 Relative Error 0.001359364134259522
Epoch 742 Relative Error 0.0010747116757556796
Epoch 743 Relative Error 0.0008835254120640457
Epoch 744 Relative Error 0.001056932844221592
Epoch 745 Relative Error 0.0010079737985506654
Epoch 746 Relative Error 0.0009083093027584255
Epoch 747 Relative Error 0.0008001181995496154
Epoch 748 Relative Error 0.0008635216508992016
Epoch 749 Relative Error 0.0008978095720522106
Epoch 750 Relative Error 0.0008658096194267273
Epoch 751 Relative Error 0.0009071014355868101
Epoch 752 Relative Error 0.001169891795143485
Epoch 753 Relative Error 0.000965407642070204
Epoch 754 Relative Error 0.0008386948611587286
Epoch 755 Relative Error 0.0008147879270836711
Epoch 756 Relative Error 0.0008702722261659801
Epoch 757 Relative Error 0.0009449467761442065
Epoch 758 Relative Error 0.0009366399026475847
Epoch 759 Relative Error 0.0008803764940239489
Epoch 760 Relative Error 0.0008301961934193969
Epoch 761 Relative Error 0.0010732735972851515
Epoch 762 Relative Error 0.0009919170988723636
Epoch 763 Relative Error 0.0008087317110039294
Epoch 764 Relative Error 0.0008722348138689995
Epoch 765 Relative Error 0.0009085741476155818
Epoch 766 Relative Error 0.0008461049874313176
Epoch 767 Relative Error 0.0008459184900857508
Epoch 768 Relative Error 0.0008017937070690095
Epoch 769 Relative Error 0.0008475820650346577
Epoch 770 Relative Error 0.000932387076318264
Epoch 771 Relative Error 0.001040249248035252
Epoch 772 Relative Error 0.000824161630589515
Epoch 773 Relative Error 0.0008343480876646936
Epoch 774 Relative Error 0.000836900610011071
Epoch 775 Relative Error 0.00088185427011922
Epoch 776 Relative Error 0.0009693729225546122
Epoch 777 Relative Error 0.0011156799737364054
Epoch 778 Relative Error 0.0010587830329313874
Epoch 779 Relative Error 0.0010148868896067142
Epoch 780 Relative Error 0.0007987418794073164
Epoch 781 Relative Error 0.0007826988585293293
Epoch 782 Relative Error 0.0008084107539616525
Epoch 783 Relative Error 0.000775899097789079
Epoch 784 Relative Error 0.0007874064613133669
Epoch 785 Relative Error 0.0008310096454806626
Epoch 786 Relative Error 0.0008880849927663803
Epoch 787 Relative Error 0.0008838456124067307
Epoch 788 Relative Error 0.0009844123851507902
Epoch 789 Relative Error 0.0008828631835058331
Epoch 790 Relative Error 0.0009865356842055917
Epoch 791 Relative Error 0.0011445997515693307
Epoch 792 Relative Error 0.0010267664911225438
Epoch 793 Relative Error 0.00087230175267905
Epoch 794 Relative Error 0.000850675452966243
Epoch 795 Relative Error 0.0008502628770656884
Epoch 796 Relative Error 0.0008415105403400958
Epoch 797 Relative Error 0.0009854083182290196
Epoch 798 Relative Error 0.0011049493914470077
Epoch 799 Relative Error 0.0008602048037573695
Epoch 800 Relative Error 0.00080841378076002
Epoch 801 Relative Error 0.0009004518506117165
Epoch 802 Relative Error 0.0008308440446853638
Epoch 803 Relative Error 0.0009090938838198781
Epoch 804 Relative Error 0.0008115750970318913
Epoch 805 Relative Error 0.0010119398357346654
Epoch 806 Relative Error 0.0009007932967506349
Epoch 807 Relative Error 0.0009407956968061626
Epoch 808 Relative Error 0.0008663659682497382
Epoch 809 Relative Error 0.000935967720579356
Epoch 810 Relative Error 0.0009749856544658542
Epoch 811 Relative Error 0.0008749476401135325
Epoch 812 Relative Error 0.0009047845378518105
Epoch 813 Relative Error 0.0009997959714382887
Epoch 814 Relative Error 0.0008953373180702329
Epoch 815 Relative Error 0.0010145114501938224
Epoch 816 Relative Error 0.000887252448592335
Epoch 817 Relative Error 0.0008933290955610573
Epoch 818 Relative Error 0.00105130800511688
Epoch 819 Relative Error 0.0010150077287107706
Epoch 820 Relative Error 0.0008401893428526819
Epoch 821 Relative Error 0.000927900371607393
Epoch 822 Relative Error 0.0008413192117586732
Epoch 823 Relative Error 0.0008434646879322827
Epoch 824 Relative Error 0.0007270307978615165
Epoch 825 Relative Error 0.0008544198935851455
Epoch 826 Relative Error 0.0007913832669146359
Epoch 827 Relative Error 0.0009184317314065993
Epoch 828 Relative Error 0.000887060072273016
Epoch 829 Relative Error 0.0008218337316066027
Epoch 830 Relative Error 0.0009494906407780945
Epoch 831 Relative Error 0.0007823567138984799
Epoch 832 Relative Error 0.0008644461049698293
Epoch 833 Relative Error 0.001005370169878006
Epoch 834 Relative Error 0.0008617478306405246
Epoch 835 Relative Error 0.0007629235042259097
Epoch 836 Relative Error 0.0008758549811318517
Epoch 837 Relative Error 0.0007401836919598281
Epoch 838 Relative Error 0.0007646146113984287
Epoch 839 Relative Error 0.0007898909389041364
Epoch 840 Relative Error 0.0007733634556643665
Epoch 841 Relative Error 0.0008800155483186245
Epoch 842 Relative Error 0.0007854154682718217
Epoch 843 Relative Error 0.0007669575861655176
Epoch 844 Relative Error 0.0008479497046209872
Epoch 845 Relative Error 0.0007754478137940168
Epoch 846 Relative Error 0.000777802721131593
Epoch 847 Relative Error 0.0008139741839841008
Epoch 848 Relative Error 0.0009058321011252701
Epoch 849 Relative Error 0.0007599825621582568
Epoch 850 Relative Error 0.0009630241547711194
Epoch 851 Relative Error 0.000845378905069083
Epoch 852 Relative Error 0.0009455219842493534
Epoch 853 Relative Error 0.0009371053311042488
Epoch 854 Relative Error 0.0009658777853474021
Epoch 855 Relative Error 0.0008427684078924358
Epoch 856 Relative Error 0.0008782853838056326
Epoch 857 Relative Error 0.0008469918975606561
Epoch 858 Relative Error 0.000955853087361902
Epoch 859 Relative Error 0.0009749110322445631
Epoch 860 Relative Error 0.0007754362304694951
Epoch 861 Relative Error 0.0008113883668556809
Epoch 862 Relative Error 0.0008273251005448401
Epoch 863 Relative Error 0.0008561641443520784
Epoch 864 Relative Error 0.0008500434923917055
Epoch 865 Relative Error 0.0008998413686640561
Epoch 866 Relative Error 0.0010011516278609633
Epoch 867 Relative Error 0.0009777797386050224
Epoch 868 Relative Error 0.0010474215960130095
Epoch 869 Relative Error 0.0008969990885816514
Epoch 870 Relative Error 0.0009145799558609724
Epoch 871 Relative Error 0.0008354965248145163
Epoch 872 Relative Error 0.0008531813509762287
Epoch 873 Relative Error 0.0008268933743238449
Epoch 874 Relative Error 0.000831871759146452
Epoch 875 Relative Error 0.0008703335770405829
Epoch 876 Relative Error 0.0008885097340680659
Epoch 877 Relative Error 0.0007912400760687888
Epoch 878 Relative Error 0.0009687253623269498
Epoch 879 Relative Error 0.0007970095030032098
Epoch 880 Relative Error 0.0009011467336677015
Epoch 881 Relative Error 0.0008422093815170228
Epoch 882 Relative Error 0.0008069219766184688
Epoch 883 Relative Error 0.0007301854784600437
Epoch 884 Relative Error 0.0008844919502735138
Epoch 885 Relative Error 0.0008788383565843105
Epoch 886 Relative Error 0.0009165653609670699
Epoch 887 Relative Error 0.0008763999794609845
Epoch 888 Relative Error 0.0008436627103947103
Epoch 889 Relative Error 0.0008336520404554904
Epoch 890 Relative Error 0.0007124932017177343
Epoch 891 Relative Error 0.0008041882538236678
Epoch 892 Relative Error 0.000779277179390192
Epoch 893 Relative Error 0.001041231444105506
Epoch 894 Relative Error 0.0008016485953703523
Epoch 895 Relative Error 0.0008423920371569693
Epoch 896 Relative Error 0.0007993262843228877
Epoch 897 Relative Error 0.0011909393360838294
Epoch 898 Relative Error 0.0013580789091065526
Epoch 899 Relative Error 0.0012424517190083861
Epoch 900 Relative Error 0.001056195585988462
Epoch 901 Relative Error 0.0009620512719266117
Epoch 902 Relative Error 0.000832908961456269
Epoch 903 Relative Error 0.0009232816519215703
Epoch 904 Relative Error 0.0009151442209258676
Epoch 905 Relative Error 0.0008551273494958878
Epoch 906 Relative Error 0.0009719833033159375
Epoch 907 Relative Error 0.0008133085211738944
Epoch 908 Relative Error 0.0008814157918095589
Epoch 909 Relative Error 0.0008326747338287532
Epoch 910 Relative Error 0.0009121408220380545
Epoch 911 Relative Error 0.0008356517646461725
Epoch 912 Relative Error 0.0008428286528214812
Epoch 913 Relative Error 0.0008078085375018418
Epoch 914 Relative Error 0.0007412647246383131
Epoch 915 Relative Error 0.000843533081933856
Epoch 916 Relative Error 0.0007990018930286169
Epoch 917 Relative Error 0.0009911423549056053
Epoch 918 Relative Error 0.0007674440275877714
Epoch 919 Relative Error 0.0009181214845739305
Epoch 920 Relative Error 0.0008159838616847992
Epoch 921 Relative Error 0.0009364362340420485
Epoch 922 Relative Error 0.0009411219507455826
Epoch 923 Relative Error 0.0010495998430997133
Epoch 924 Relative Error 0.0009114145650528371
Epoch 925 Relative Error 0.0009054956026375294
Epoch 926 Relative Error 0.000957059150096029
Epoch 927 Relative Error 0.0009170506382361054
Epoch 928 Relative Error 0.000838078442029655
Epoch 929 Relative Error 0.0009291585884056985
Epoch 930 Relative Error 0.0010107276029884815
Epoch 931 Relative Error 0.0008767321705818176
Epoch 932 Relative Error 0.0010665463050827384
Epoch 933 Relative Error 0.0009241995867341757
Epoch 934 Relative Error 0.0007592450710944831
Epoch 935 Relative Error 0.000808990269433707
Epoch 936 Relative Error 0.0008375569595955312
Epoch 937 Relative Error 0.0008150694775395095
Epoch 938 Relative Error 0.0008029927266761661
Epoch 939 Relative Error 0.0008177683921530843
Epoch 940 Relative Error 0.0007593105547130108
Epoch 941 Relative Error 0.000846564769744873
Epoch 942 Relative Error 0.0007737657288089395
Epoch 943 Relative Error 0.0008502828422933817
Epoch 944 Relative Error 0.0008065640577115119
Epoch 945 Relative Error 0.0009434608509764075
Epoch 946 Relative Error 0.0008212229004129767
Epoch 947 Relative Error 0.0007546187844127417
Epoch 948 Relative Error 0.0008827368728816509
Epoch 949 Relative Error 0.001045391196385026
Epoch 950 Relative Error 0.0008592683589085937
Epoch 951 Relative Error 0.0009170947596430779
Epoch 952 Relative Error 0.0008312934660352767
Epoch 953 Relative Error 0.0011125764576718211
Epoch 954 Relative Error 0.0011043858248740435
Epoch 955 Relative Error 0.001349348109215498
Epoch 956 Relative Error 0.0010869157267734408
Epoch 957 Relative Error 0.00105670012999326
Epoch 958 Relative Error 0.0010056922910735011
Epoch 959 Relative Error 0.0009181827772408724
Epoch 960 Relative Error 0.0009043182944878936
Epoch 961 Relative Error 0.0009270448936149478
Epoch 962 Relative Error 0.0008713476709090173
Epoch 963 Relative Error 0.0009381267591379583
Epoch 964 Relative Error 0.0009638846968300641
Epoch 965 Relative Error 0.0009567331289872527
Epoch 966 Relative Error 0.0007831962429918349
Epoch 967 Relative Error 0.0008581549045629799
Epoch 968 Relative Error 0.0008208226645365357
Epoch 969 Relative Error 0.0007661839481443167
Epoch 970 Relative Error 0.0008023594855330884
Epoch 971 Relative Error 0.000728307815734297
Epoch 972 Relative Error 0.0008132104994729161
Epoch 973 Relative Error 0.0007335695554502308
Epoch 974 Relative Error 0.0008592973463237286
Epoch 975 Relative Error 0.0008796115289442241
Epoch 976 Relative Error 0.0007881473284214735
Epoch 977 Relative Error 0.0007460026536136866
Epoch 978 Relative Error 0.0008283161441795528
Epoch 979 Relative Error 0.0007046632817946374
Epoch 980 Relative Error 0.0007656962261535227
Epoch 981 Relative Error 0.0007559561636298895
Epoch 982 Relative Error 0.0008143793675117195
Epoch 983 Relative Error 0.0008223936893045902
Epoch 984 Relative Error 0.0008394570904783905
Epoch 985 Relative Error 0.0008034443017095327
Epoch 986 Relative Error 0.00098222098313272
Epoch 987 Relative Error 0.0009525414207018912
Epoch 988 Relative Error 0.0009401586139574647
Epoch 989 Relative Error 0.0009125118376687169
Epoch 990 Relative Error 0.0008529728511348367
Epoch 991 Relative Error 0.0007676812238059938
Epoch 992 Relative Error 0.0009006858454085886
Epoch 993 Relative Error 0.0008818046771921217
Epoch 994 Relative Error 0.0008279893663711846
Epoch 995 Relative Error 0.0008524135919287801
Epoch 996 Relative Error 0.0009266984416171908
Epoch 997 Relative Error 0.0007883431972004473
Epoch 998 Relative Error 0.0009453060920350254
Epoch 999 Relative Error 0.0008747843676246703
Epoch 1000 Relative Error 0.0007672273786738515
RE (0, 9, 0, 0): 0.0006879373104311526
Green's Function RE (0, 9, 0, 0): 0.944636881351471
Bias Term RE (0, 9, 0, 0): 0.8356207013130188
Combination (0, 9, 0, 0, 0): 0.0007815192802809179
Combination (0, 9, 0, 0, 1): 0.9354651570320129
Combination (0, 9, 0, 0, 2): 0.9356338977813721
Combination (0, 9, 0, 0, 3): 0.9359618425369263
Combination (0, 9, 0, 0, 4): 0.9360063076019287

/home/gridsan/gstepaniants/.local/lib/python3.8/site-packages/torch/functional.py:478: UserWarning: torch.meshgrid: in an upcoming release, it will be required to pass the indexing argument. (Triggered internally at  ../aten/src/ATen/native/TensorShape.cpp:2895.)
  return _VF.meshgrid(tensors, **kwargs)  # type: ignore[attr-defined]
