[KeOps] Warning : Cuda libraries were not detected on the system ; using cpu only mode
1
Kernel: Exponential
Weight Mesh: 100
RKHS Kernel Width: 0.7000000000000001
Lambda: 1e-06
Green's Function Learning Rate: 100
Bias Term Learning Rate: 100
Epoch 1 Relative Error 57694.56640625
First epoch had re = 57694.56640625 > 1
Green's Function Learning Rate: 50
Bias Term Learning Rate: 50
Epoch 1 Relative Error 40644.99609375
First epoch had re = 40644.99609375 > 1
Green's Function Learning Rate: 10
Bias Term Learning Rate: 10
Epoch 1 Relative Error 6107.35546875
First epoch had re = 6107.35546875 > 1
Green's Function Learning Rate: 5
Bias Term Learning Rate: 5
Epoch 1 Relative Error 3526.694091796875
First epoch had re = 3526.694091796875 > 1
Green's Function Learning Rate: 1
Bias Term Learning Rate: 1
Epoch 1 Relative Error 589.0235595703125
First epoch had re = 589.0235595703125 > 1
Green's Function Learning Rate: 0.5
Bias Term Learning Rate: 0.5
Epoch 1 Relative Error 401.66644287109375
First epoch had re = 401.66644287109375 > 1
Green's Function Learning Rate: 0.1
Bias Term Learning Rate: 0.1
Epoch 1 Relative Error 51.435462951660156
First epoch had re = 51.435462951660156 > 1
Green's Function Learning Rate: 0.05
Bias Term Learning Rate: 0.05
Epoch 1 Relative Error 34.758819580078125
First epoch had re = 34.758819580078125 > 1
Green's Function Learning Rate: 0.01
Bias Term Learning Rate: 0.01
Epoch 1 Relative Error 4.348934173583984
First epoch had re = 4.348934173583984 > 1
Green's Function Learning Rate: 0.005
Bias Term Learning Rate: 0.005
Epoch 1 Relative Error 2.735067129135132
First epoch had re = 2.735067129135132 > 1
Green's Function Learning Rate: 0.001
Bias Term Learning Rate: 0.001
Epoch 1 Relative Error 0.7874041795730591
Epoch 2 Relative Error 0.7496066093444824
Epoch 3 Relative Error 0.8735435009002686
Epoch 4 Relative Error 0.6951001286506653
Epoch 5 Relative Error 0.8197242617607117
Epoch 6 Relative Error 0.6575677990913391
Epoch 7 Relative Error 0.6993090510368347
Epoch 8 Relative Error 0.6506404280662537
Epoch 9 Relative Error 0.6210678219795227
Epoch 10 Relative Error 0.6305975914001465
Epoch 11 Relative Error 0.5871889591217041
Epoch 12 Relative Error 0.5902300477027893
Epoch 13 Relative Error 0.5537250638008118
Epoch 14 Relative Error 0.5584176182746887
Epoch 15 Relative Error 0.5268602967262268
Epoch 16 Relative Error 0.5281959176063538
Epoch 17 Relative Error 0.509940505027771
Epoch 18 Relative Error 0.4981633424758911
Epoch 19 Relative Error 0.49500101804733276
Epoch 20 Relative Error 0.476136714220047
Epoch 21 Relative Error 0.4766121804714203
Epoch 22 Relative Error 0.4640108048915863
Epoch 23 Relative Error 0.45504915714263916
Epoch 24 Relative Error 0.45459097623825073
Epoch 25 Relative Error 0.4454454183578491
Epoch 26 Relative Error 0.4412868618965149
Epoch 27 Relative Error 0.4357648491859436
Epoch 28 Relative Error 0.4295770227909088
Epoch 29 Relative Error 0.4268322288990021
Epoch 30 Relative Error 0.4212682247161865
Epoch 31 Relative Error 0.4190763831138611
Epoch 32 Relative Error 0.41575998067855835
Epoch 33 Relative Error 0.4122924506664276
Epoch 34 Relative Error 0.4103570580482483
Epoch 35 Relative Error 0.4061599373817444
Epoch 36 Relative Error 0.40549859404563904
Epoch 37 Relative Error 0.40246549248695374
Epoch 38 Relative Error 0.399373859167099
Epoch 39 Relative Error 0.39732667803764343
Epoch 40 Relative Error 0.39509332180023193
Epoch 41 Relative Error 0.3923659026622772
Epoch 42 Relative Error 0.3920195400714874
Epoch 43 Relative Error 0.38969993591308594
Epoch 44 Relative Error 0.386860191822052
Epoch 45 Relative Error 0.3860662579536438
Epoch 46 Relative Error 0.3846058249473572
Epoch 47 Relative Error 0.3829289674758911
Epoch 48 Relative Error 0.3810238540172577
Epoch 49 Relative Error 0.3792717456817627
Epoch 50 Relative Error 0.3784446716308594
Epoch 51 Relative Error 0.37634316086769104
Epoch 52 Relative Error 0.3739378750324249
Epoch 53 Relative Error 0.3743288218975067
Epoch 54 Relative Error 0.3716539740562439
Epoch 55 Relative Error 0.3692789375782013
Epoch 56 Relative Error 0.36858800053596497
Epoch 57 Relative Error 0.3687235414981842
Epoch 58 Relative Error 0.3663378953933716
Epoch 59 Relative Error 0.36354151368141174
Epoch 60 Relative Error 0.36261552572250366
Epoch 61 Relative Error 0.36260679364204407
Epoch 62 Relative Error 0.35969579219818115
Epoch 63 Relative Error 0.3578724265098572
Epoch 64 Relative Error 0.35680505633354187
Epoch 65 Relative Error 0.3555423617362976
Epoch 66 Relative Error 0.35396406054496765
Epoch 67 Relative Error 0.3534286618232727
Epoch 68 Relative Error 0.35107484459877014
Epoch 69 Relative Error 0.3495576083660126
Epoch 70 Relative Error 0.34818270802497864
Epoch 71 Relative Error 0.3479654788970947
Epoch 72 Relative Error 0.3456464409828186
Epoch 73 Relative Error 0.343998521566391
Epoch 74 Relative Error 0.34317827224731445
Epoch 75 Relative Error 0.34240174293518066
Epoch 76 Relative Error 0.34024035930633545
Epoch 77 Relative Error 0.33891358971595764
Epoch 78 Relative Error 0.3378028869628906
Epoch 79 Relative Error 0.3359641134738922
Epoch 80 Relative Error 0.33599698543548584
Epoch 81 Relative Error 0.333292692899704
Epoch 82 Relative Error 0.33203762769699097
Epoch 83 Relative Error 0.3312537670135498
Epoch 84 Relative Error 0.33096563816070557
Epoch 85 Relative Error 0.32851722836494446
Epoch 86 Relative Error 0.326861172914505
Epoch 87 Relative Error 0.3257478177547455
Epoch 88 Relative Error 0.32483524084091187
Epoch 89 Relative Error 0.3233039379119873
Epoch 90 Relative Error 0.32199686765670776
Epoch 91 Relative Error 0.3214994966983795
Epoch 92 Relative Error 0.31948748230934143
Epoch 93 Relative Error 0.31810563802719116
Epoch 94 Relative Error 0.3171587288379669
Epoch 95 Relative Error 0.31566181778907776
Epoch 96 Relative Error 0.3155267536640167
Epoch 97 Relative Error 0.3140961825847626
Epoch 98 Relative Error 0.3119538426399231
Epoch 99 Relative Error 0.3107331395149231
Epoch 100 Relative Error 0.3096573054790497
Epoch 101 Relative Error 0.3111240863800049
Epoch 102 Relative Error 0.30890733003616333
Epoch 103 Relative Error 0.30619266629219055
Epoch 104 Relative Error 0.305086612701416
Epoch 105 Relative Error 0.30369141697883606
Epoch 106 Relative Error 0.3026147782802582
Epoch 107 Relative Error 0.3025207221508026
Epoch 108 Relative Error 0.3024784326553345
Epoch 109 Relative Error 0.29940885305404663
Epoch 110 Relative Error 0.2980983853340149
Epoch 111 Relative Error 0.2971319258213043
Epoch 112 Relative Error 0.29751235246658325
Epoch 113 Relative Error 0.29613083600997925
Epoch 114 Relative Error 0.29405033588409424
Epoch 115 Relative Error 0.29251018166542053
Epoch 116 Relative Error 0.29147040843963623
Epoch 117 Relative Error 0.29096147418022156
Epoch 118 Relative Error 0.29097017645835876
Epoch 119 Relative Error 0.29020071029663086
Epoch 120 Relative Error 0.28793948888778687
Epoch 121 Relative Error 0.28640204668045044
Epoch 122 Relative Error 0.2857583165168762
Epoch 123 Relative Error 0.28449949622154236
Epoch 124 Relative Error 0.2833070755004883
Epoch 125 Relative Error 0.28276434540748596
Epoch 126 Relative Error 0.28168052434921265
Epoch 127 Relative Error 0.28212037682533264
Epoch 128 Relative Error 0.2821900546550751
Epoch 129 Relative Error 0.27892038226127625
Epoch 130 Relative Error 0.27789226174354553
Epoch 131 Relative Error 0.27699655294418335
Epoch 132 Relative Error 0.2764381170272827
Epoch 133 Relative Error 0.27582523226737976
Epoch 134 Relative Error 0.275051474571228
Epoch 135 Relative Error 0.27310407161712646
Epoch 136 Relative Error 0.2719650864601135
Epoch 137 Relative Error 0.27107542753219604
Epoch 138 Relative Error 0.27032268047332764
Epoch 139 Relative Error 0.26996999979019165
Epoch 140 Relative Error 0.26926299929618835
Epoch 141 Relative Error 0.268274188041687
Epoch 142 Relative Error 0.2676275372505188
Epoch 143 Relative Error 0.26700329780578613
Epoch 144 Relative Error 0.2662864029407501
Epoch 145 Relative Error 0.2656663954257965
Epoch 146 Relative Error 0.26472577452659607
Epoch 147 Relative Error 0.26329943537712097
Epoch 148 Relative Error 0.26221764087677
Epoch 149 Relative Error 0.2611570656299591
Epoch 150 Relative Error 0.26029208302497864
Epoch 151 Relative Error 0.2594686448574066
Epoch 152 Relative Error 0.2586362957954407
Epoch 153 Relative Error 0.2580186426639557
Epoch 154 Relative Error 0.2577097713947296
Epoch 155 Relative Error 0.2566414475440979
Epoch 156 Relative Error 0.2564696967601776
Epoch 157 Relative Error 0.25655660033226013
Epoch 158 Relative Error 0.254476934671402
Epoch 159 Relative Error 0.2542620897293091
Epoch 160 Relative Error 0.25283411145210266
Epoch 161 Relative Error 0.25203266739845276
Epoch 162 Relative Error 0.2512741684913635
Epoch 163 Relative Error 0.25065967440605164
Epoch 164 Relative Error 0.2504004240036011
Epoch 165 Relative Error 0.2506360709667206
Epoch 166 Relative Error 0.2504347860813141
Epoch 167 Relative Error 0.24898283183574677
Epoch 168 Relative Error 0.24741192162036896
Epoch 169 Relative Error 0.24668113887310028
Epoch 170 Relative Error 0.24673447012901306
Epoch 171 Relative Error 0.24569222331047058
Epoch 172 Relative Error 0.2462817281484604
Epoch 173 Relative Error 0.24479350447654724
Epoch 174 Relative Error 0.24340105056762695
Epoch 175 Relative Error 0.24276980757713318
Epoch 176 Relative Error 0.24237307906150818
Epoch 177 Relative Error 0.24159714579582214
Epoch 178 Relative Error 0.2427862584590912
Epoch 179 Relative Error 0.243320494890213
Epoch 180 Relative Error 0.24182993173599243
Epoch 181 Relative Error 0.24182648956775665
Epoch 182 Relative Error 0.24115152657032013
Epoch 183 Relative Error 0.2397904396057129
Epoch 184 Relative Error 0.23973634839057922
Epoch 185 Relative Error 0.23881666362285614
Epoch 186 Relative Error 0.2368302196264267
Epoch 187 Relative Error 0.23668332397937775
Epoch 188 Relative Error 0.23671811819076538
Epoch 189 Relative Error 0.23583517968654633
Epoch 190 Relative Error 0.2345784455537796
Epoch 191 Relative Error 0.23400326073169708
Epoch 192 Relative Error 0.2335376739501953
Epoch 193 Relative Error 0.23284171521663666
Epoch 194 Relative Error 0.23198513686656952
Epoch 195 Relative Error 0.23149441182613373
Epoch 196 Relative Error 0.23111896216869354
Epoch 197 Relative Error 0.23109668493270874
Epoch 198 Relative Error 0.2301662713289261
Epoch 199 Relative Error 0.22978240251541138
Epoch 200 Relative Error 0.22970926761627197
Epoch 201 Relative Error 0.22854632139205933
Epoch 202 Relative Error 0.22816167771816254
Epoch 203 Relative Error 0.22784243524074554
Epoch 204 Relative Error 0.22712047398090363
Epoch 205 Relative Error 0.22676102817058563
Epoch 206 Relative Error 0.22697483003139496
Epoch 207 Relative Error 0.22599095106124878
Epoch 208 Relative Error 0.22535905241966248
Epoch 209 Relative Error 0.22552542388439178
Epoch 210 Relative Error 0.22596661746501923
Epoch 211 Relative Error 0.2256776988506317
Epoch 212 Relative Error 0.22521835565567017
Epoch 213 Relative Error 0.22414398193359375
Epoch 214 Relative Error 0.22388692200183868
Epoch 215 Relative Error 0.2228211611509323
Epoch 216 Relative Error 0.22199276089668274
Epoch 217 Relative Error 0.22161632776260376
Epoch 218 Relative Error 0.22150956094264984
Epoch 219 Relative Error 0.22101153433322906
Epoch 220 Relative Error 0.2204035222530365
Epoch 221 Relative Error 0.21988548338413239
Epoch 222 Relative Error 0.22001081705093384
Epoch 223 Relative Error 0.21959324181079865
Epoch 224 Relative Error 0.2186574637889862
Epoch 225 Relative Error 0.21885015070438385
Epoch 226 Relative Error 0.21850721538066864
Epoch 227 Relative Error 0.21815967559814453
Epoch 228 Relative Error 0.21847642958164215
Epoch 229 Relative Error 0.21892008185386658
Epoch 230 Relative Error 0.21756115555763245
Epoch 231 Relative Error 0.2177446186542511
Epoch 232 Relative Error 0.21762241423130035
Epoch 233 Relative Error 0.21602654457092285
Epoch 234 Relative Error 0.21574744582176208
Epoch 235 Relative Error 0.21484579145908356
Epoch 236 Relative Error 0.21476180851459503
Epoch 237 Relative Error 0.21476565301418304
Epoch 238 Relative Error 0.21448516845703125
Epoch 239 Relative Error 0.21333836019039154
Epoch 240 Relative Error 0.2135535031557083
Epoch 241 Relative Error 0.21316149830818176
Epoch 242 Relative Error 0.2128169685602188
Epoch 243 Relative Error 0.21216003596782684
Epoch 244 Relative Error 0.21287071704864502
Epoch 245 Relative Error 0.2134435772895813
Epoch 246 Relative Error 0.2130381017923355
Epoch 247 Relative Error 0.2137705683708191
Epoch 248 Relative Error 0.21232099831104279
Epoch 249 Relative Error 0.21103012561798096
Epoch 250 Relative Error 0.2106541246175766
Epoch 251 Relative Error 0.2111249417066574
Epoch 252 Relative Error 0.21013082563877106
Epoch 253 Relative Error 0.20906001329421997
Epoch 254 Relative Error 0.20880627632141113
Epoch 255 Relative Error 0.20827259123325348
Epoch 256 Relative Error 0.20804311335086823
Epoch 257 Relative Error 0.20804639160633087
Epoch 258 Relative Error 0.20803380012512207
Epoch 259 Relative Error 0.20765791833400726
Epoch 260 Relative Error 0.20750951766967773
Epoch 261 Relative Error 0.20702064037322998
Epoch 262 Relative Error 0.2067410796880722
Epoch 263 Relative Error 0.20670484006404877
Epoch 264 Relative Error 0.2066526859998703
Epoch 265 Relative Error 0.20602622628211975
Epoch 266 Relative Error 0.20626786351203918
Epoch 267 Relative Error 0.2060033529996872
Epoch 268 Relative Error 0.20662705600261688
Epoch 269 Relative Error 0.20605088770389557
Epoch 270 Relative Error 0.2061004638671875
Epoch 271 Relative Error 0.20547935366630554
Epoch 272 Relative Error 0.20545624196529388
Epoch 273 Relative Error 0.20470339059829712
Epoch 274 Relative Error 0.20348425209522247
Epoch 275 Relative Error 0.2031373679637909
Epoch 276 Relative Error 0.2024943232536316
Epoch 277 Relative Error 0.20228490233421326
Epoch 278 Relative Error 0.20205825567245483
Epoch 279 Relative Error 0.201833575963974
Epoch 280 Relative Error 0.20212297141551971
Epoch 281 Relative Error 0.2024133801460266
Epoch 282 Relative Error 0.20238617062568665
Epoch 283 Relative Error 0.20167241990566254
Epoch 284 Relative Error 0.20179055631160736
Epoch 285 Relative Error 0.2010684460401535
Epoch 286 Relative Error 0.20050081610679626
Epoch 287 Relative Error 0.2001795619726181
Epoch 288 Relative Error 0.20078080892562866
Epoch 289 Relative Error 0.20084820687770844
Epoch 290 Relative Error 0.20309944450855255
Epoch 291 Relative Error 0.2026139348745346
Epoch 292 Relative Error 0.20264653861522675
Epoch 293 Relative Error 0.20025163888931274
Epoch 294 Relative Error 0.19986023008823395
Epoch 295 Relative Error 0.1990661919116974
Epoch 296 Relative Error 0.19907771050930023
Epoch 297 Relative Error 0.19909797608852386
Epoch 298 Relative Error 0.19896823167800903
Epoch 299 Relative Error 0.19902843236923218
Epoch 300 Relative Error 0.1987466961145401
Epoch 301 Relative Error 0.19888164103031158
Epoch 302 Relative Error 0.199441060423851
Epoch 303 Relative Error 0.1996103823184967
Epoch 304 Relative Error 0.1990814208984375
Epoch 305 Relative Error 0.19909654557704926
Epoch 306 Relative Error 0.19724072515964508
Epoch 307 Relative Error 0.1982279121875763
Epoch 308 Relative Error 0.1968734860420227
Epoch 309 Relative Error 0.19507017731666565
Epoch 310 Relative Error 0.1952732801437378
Epoch 311 Relative Error 0.19495254755020142
Epoch 312 Relative Error 0.19438959658145905
Epoch 313 Relative Error 0.19479788839817047
Epoch 314 Relative Error 0.1946449726819992
Epoch 315 Relative Error 0.19387052953243256
Epoch 316 Relative Error 0.19388741254806519
Epoch 317 Relative Error 0.19485604763031006
Epoch 318 Relative Error 0.19521498680114746
Epoch 319 Relative Error 0.19502820074558258
Epoch 320 Relative Error 0.19372060894966125
Epoch 321 Relative Error 0.19333046674728394
Epoch 322 Relative Error 0.19332166016101837
Epoch 323 Relative Error 0.1931016892194748
Epoch 324 Relative Error 0.19250723719596863
Epoch 325 Relative Error 0.19192878901958466
Epoch 326 Relative Error 0.1918085515499115
Epoch 327 Relative Error 0.19213923811912537
Epoch 328 Relative Error 0.19241756200790405
Epoch 329 Relative Error 0.19110874831676483
Epoch 330 Relative Error 0.1907278448343277
Epoch 331 Relative Error 0.19056670367717743
Epoch 332 Relative Error 0.19056887924671173
Epoch 333 Relative Error 0.1902158409357071
Epoch 334 Relative Error 0.19018158316612244
Epoch 335 Relative Error 0.19034048914909363
Epoch 336 Relative Error 0.18968164920806885
Epoch 337 Relative Error 0.18970750272274017
Epoch 338 Relative Error 0.18955671787261963
Epoch 339 Relative Error 0.1893305778503418
Epoch 340 Relative Error 0.18927788734436035
Epoch 341 Relative Error 0.1896422803401947
Epoch 342 Relative Error 0.18904046714305878
Epoch 343 Relative Error 0.18889741599559784
Epoch 344 Relative Error 0.18843287229537964
Epoch 345 Relative Error 0.1880619078874588
Epoch 346 Relative Error 0.18788467347621918
Epoch 347 Relative Error 0.18780909478664398
Epoch 348 Relative Error 0.18760298192501068
Epoch 349 Relative Error 0.18733976781368256
Epoch 350 Relative Error 0.1873246729373932
Epoch 351 Relative Error 0.18739314377307892
Epoch 352 Relative Error 0.18680015206336975
Epoch 353 Relative Error 0.18697220087051392
Epoch 354 Relative Error 0.18645204603672028
Epoch 355 Relative Error 0.18623429536819458
Epoch 356 Relative Error 0.1863534152507782
Epoch 357 Relative Error 0.18645058572292328
Epoch 358 Relative Error 0.1863141506910324
Epoch 359 Relative Error 0.18625836074352264
Epoch 360 Relative Error 0.18593956530094147
Epoch 361 Relative Error 0.18672047555446625
Epoch 362 Relative Error 0.18694709241390228
Epoch 363 Relative Error 0.18617776036262512
Epoch 364 Relative Error 0.18598128855228424
Epoch 365 Relative Error 0.1871391385793686
Epoch 366 Relative Error 0.18616311252117157
Epoch 367 Relative Error 0.18492178618907928
Epoch 368 Relative Error 0.18457642197608948
Epoch 369 Relative Error 0.1854352355003357
Epoch 370 Relative Error 0.18549063801765442
Epoch 371 Relative Error 0.18450257182121277
Epoch 372 Relative Error 0.18428562581539154
Epoch 373 Relative Error 0.1837402731180191
Epoch 374 Relative Error 0.18341463804244995
Epoch 375 Relative Error 0.1832159012556076
Epoch 376 Relative Error 0.18279778957366943
Epoch 377 Relative Error 0.18263767659664154
Epoch 378 Relative Error 0.18273711204528809
Epoch 379 Relative Error 0.18307021260261536
Epoch 380 Relative Error 0.18227176368236542
Epoch 381 Relative Error 0.18331089615821838
Epoch 382 Relative Error 0.18283985555171967
Epoch 383 Relative Error 0.18462824821472168
Epoch 384 Relative Error 0.18582630157470703
Epoch 385 Relative Error 0.1831139475107193
Epoch 386 Relative Error 0.18262846767902374
Epoch 387 Relative Error 0.18266133964061737
Epoch 388 Relative Error 0.18139046430587769
Epoch 389 Relative Error 0.18146389722824097
Epoch 390 Relative Error 0.18105275928974152
Epoch 391 Relative Error 0.1805969476699829
Epoch 392 Relative Error 0.18051667511463165
Epoch 393 Relative Error 0.18128670752048492
Epoch 394 Relative Error 0.18054506182670593
Epoch 395 Relative Error 0.18003569543361664
Epoch 396 Relative Error 0.179927796125412
Epoch 397 Relative Error 0.1807326376438141
Epoch 398 Relative Error 0.180514857172966
Epoch 399 Relative Error 0.1798221319913864
Epoch 400 Relative Error 0.18076160550117493
Epoch 401 Relative Error 0.1808425933122635
Epoch 402 Relative Error 0.179642915725708
Epoch 403 Relative Error 0.17920410633087158
Epoch 404 Relative Error 0.17892274260520935
Epoch 405 Relative Error 0.1784856766462326
Epoch 406 Relative Error 0.17878803610801697
Epoch 407 Relative Error 0.1792728751897812
Epoch 408 Relative Error 0.1795913279056549
Epoch 409 Relative Error 0.17948618531227112
Epoch 410 Relative Error 0.17858387529850006
Epoch 411 Relative Error 0.1789247840642929
Epoch 412 Relative Error 0.17798112332820892
Epoch 413 Relative Error 0.1777217835187912
Epoch 414 Relative Error 0.17848259210586548
Epoch 415 Relative Error 0.17974363267421722
Epoch 416 Relative Error 0.17905665934085846
Epoch 417 Relative Error 0.17893579602241516
Epoch 418 Relative Error 0.1776638776063919
Epoch 419 Relative Error 0.17823322117328644
Epoch 420 Relative Error 0.1772848516702652
Epoch 421 Relative Error 0.1770065873861313
Epoch 422 Relative Error 0.17743436992168427
Epoch 423 Relative Error 0.17716847360134125
Epoch 424 Relative Error 0.17673996090888977
Epoch 425 Relative Error 0.17843319475650787
Epoch 426 Relative Error 0.17695064842700958
Epoch 427 Relative Error 0.17715662717819214
Epoch 428 Relative Error 0.1756206899881363
Epoch 429 Relative Error 0.1750456690788269
Epoch 430 Relative Error 0.1750904768705368
Epoch 431 Relative Error 0.17580008506774902
Epoch 432 Relative Error 0.17602139711380005
Epoch 433 Relative Error 0.17601925134658813
Epoch 434 Relative Error 0.17615409195423126
Epoch 435 Relative Error 0.17511054873466492
Epoch 436 Relative Error 0.17455202341079712
Epoch 437 Relative Error 0.17425017058849335
Epoch 438 Relative Error 0.17411677539348602
Epoch 439 Relative Error 0.17364154756069183
Epoch 440 Relative Error 0.1734384447336197
Epoch 441 Relative Error 0.17347875237464905
Epoch 442 Relative Error 0.17335645854473114
Epoch 443 Relative Error 0.17317213118076324
Epoch 444 Relative Error 0.17310623824596405
Epoch 445 Relative Error 0.1735929399728775
Epoch 446 Relative Error 0.17385408282279968
Epoch 447 Relative Error 0.17535801231861115
Epoch 448 Relative Error 0.1743873655796051
Epoch 449 Relative Error 0.1732308268547058
Epoch 450 Relative Error 0.17337897419929504
Epoch 451 Relative Error 0.1729888916015625
Epoch 452 Relative Error 0.17244909703731537
Epoch 453 Relative Error 0.17228180170059204
Epoch 454 Relative Error 0.17223380506038666
Epoch 455 Relative Error 0.17179089784622192
Epoch 456 Relative Error 0.17224040627479553
Epoch 457 Relative Error 0.17267417907714844
Epoch 458 Relative Error 0.17230942845344543
Epoch 459 Relative Error 0.1721544712781906
Epoch 460 Relative Error 0.1718435138463974
Epoch 461 Relative Error 0.17191721498966217
Epoch 462 Relative Error 0.1711059808731079
Epoch 463 Relative Error 0.1707237809896469
Epoch 464 Relative Error 0.17050103843212128
Epoch 465 Relative Error 0.1703827679157257
Epoch 466 Relative Error 0.17011821269989014
Epoch 467 Relative Error 0.1701190024614334
Epoch 468 Relative Error 0.16999395191669464
Epoch 469 Relative Error 0.1698131263256073
Epoch 470 Relative Error 0.1697486937046051
Epoch 471 Relative Error 0.16958636045455933
Epoch 472 Relative Error 0.17000460624694824
Epoch 473 Relative Error 0.17031040787696838
Epoch 474 Relative Error 0.17060430347919464
Epoch 475 Relative Error 0.16989493370056152
Epoch 476 Relative Error 0.16994239389896393
Epoch 477 Relative Error 0.16987335681915283
Epoch 478 Relative Error 0.16915306448936462
Epoch 479 Relative Error 0.16919493675231934
Epoch 480 Relative Error 0.16911734640598297
Epoch 481 Relative Error 0.16925086081027985
Epoch 482 Relative Error 0.16901686787605286
Epoch 483 Relative Error 0.1684342920780182
Epoch 484 Relative Error 0.16812153160572052
Epoch 485 Relative Error 0.1683942675590515
Epoch 486 Relative Error 0.16850414872169495
Epoch 487 Relative Error 0.16794902086257935
Epoch 488 Relative Error 0.16807761788368225
Epoch 489 Relative Error 0.16770532727241516
Epoch 490 Relative Error 0.16842332482337952
Epoch 491 Relative Error 0.16740213334560394
Epoch 492 Relative Error 0.16768954694271088
Epoch 493 Relative Error 0.16764986515045166
Epoch 494 Relative Error 0.16710227727890015
Epoch 495 Relative Error 0.16782282292842865
Epoch 496 Relative Error 0.16683529317378998
Epoch 497 Relative Error 0.16696739196777344
Epoch 498 Relative Error 0.16690261662006378
Epoch 499 Relative Error 0.16640520095825195
Epoch 500 Relative Error 0.16660644114017487
Epoch 501 Relative Error 0.16602855920791626
Epoch 502 Relative Error 0.16586118936538696
Epoch 503 Relative Error 0.16599905490875244
Epoch 504 Relative Error 0.16694428026676178
Epoch 505 Relative Error 0.16705051064491272
Epoch 506 Relative Error 0.16752132773399353
Epoch 507 Relative Error 0.16599343717098236
Epoch 508 Relative Error 0.16580969095230103
Epoch 509 Relative Error 0.16600653529167175
Epoch 510 Relative Error 0.1649552434682846
Epoch 511 Relative Error 0.1649812012910843
Epoch 512 Relative Error 0.16486778855323792
Epoch 513 Relative Error 0.16474349796772003
Epoch 514 Relative Error 0.16468937695026398
Epoch 515 Relative Error 0.1647118628025055
Epoch 516 Relative Error 0.16421598196029663
Epoch 517 Relative Error 0.16430824995040894
Epoch 518 Relative Error 0.16391430795192719
Epoch 519 Relative Error 0.1638355553150177
Epoch 520 Relative Error 0.16431306302547455
Epoch 521 Relative Error 0.1642788052558899
Epoch 522 Relative Error 0.16359560191631317
Epoch 523 Relative Error 0.16402092576026917
Epoch 524 Relative Error 0.16367393732070923
Epoch 525 Relative Error 0.1635063886642456
Epoch 526 Relative Error 0.16323871910572052
Epoch 527 Relative Error 0.1632348746061325
Epoch 528 Relative Error 0.16322995722293854
Epoch 529 Relative Error 0.16294816136360168
Epoch 530 Relative Error 0.16294103860855103
Epoch 531 Relative Error 0.16261975467205048
Epoch 532 Relative Error 0.16258499026298523
Epoch 533 Relative Error 0.16290049254894257
Epoch 534 Relative Error 0.162898451089859
Epoch 535 Relative Error 0.16335266828536987
Epoch 536 Relative Error 0.16385982930660248
Epoch 537 Relative Error 0.16297116875648499
Epoch 538 Relative Error 0.16219207644462585
Epoch 539 Relative Error 0.16220782697200775
Epoch 540 Relative Error 0.1616053730249405
Epoch 541 Relative Error 0.1620885282754898
Epoch 542 Relative Error 0.16187027096748352
Epoch 543 Relative Error 0.16151058673858643
Epoch 544 Relative Error 0.16146236658096313
Epoch 545 Relative Error 0.16125939786434174
Epoch 546 Relative Error 0.1612122356891632
Epoch 547 Relative Error 0.16146959364414215
Epoch 548 Relative Error 0.1610144078731537
Epoch 549 Relative Error 0.16076388955116272
Epoch 550 Relative Error 0.16055797040462494
Epoch 551 Relative Error 0.16043037176132202
Epoch 552 Relative Error 0.16152411699295044
Epoch 553 Relative Error 0.16337309777736664
Epoch 554 Relative Error 0.16209439933300018
Epoch 555 Relative Error 0.16155707836151123
Epoch 556 Relative Error 0.16057012975215912
Epoch 557 Relative Error 0.16017362475395203
Epoch 558 Relative Error 0.15957537293434143
Epoch 559 Relative Error 0.15949369966983795
Epoch 560 Relative Error 0.15954990684986115
Epoch 561 Relative Error 0.15935967862606049
Epoch 562 Relative Error 0.15947897732257843
Epoch 563 Relative Error 0.15905293822288513
Epoch 564 Relative Error 0.1590912938117981
Epoch 565 Relative Error 0.1597466766834259
Epoch 566 Relative Error 0.15955007076263428
Epoch 567 Relative Error 0.15928290784358978
Epoch 568 Relative Error 0.15946531295776367
Epoch 569 Relative Error 0.15901631116867065
Epoch 570 Relative Error 0.15880486369132996
Epoch 571 Relative Error 0.1586274355649948
Epoch 572 Relative Error 0.15827074646949768
Epoch 573 Relative Error 0.15810689330101013
Epoch 574 Relative Error 0.15799565613269806
Epoch 575 Relative Error 0.1579035073518753
Epoch 576 Relative Error 0.15793128311634064
Epoch 577 Relative Error 0.15841268002986908
Epoch 578 Relative Error 0.15784652531147003
Epoch 579 Relative Error 0.15751007199287415
Epoch 580 Relative Error 0.15796233713626862
Epoch 581 Relative Error 0.15748825669288635
Epoch 582 Relative Error 0.1578977108001709
Epoch 583 Relative Error 0.15821316838264465
Epoch 584 Relative Error 0.15783792734146118
Epoch 585 Relative Error 0.15795691311359406
Epoch 586 Relative Error 0.15814737975597382
Epoch 587 Relative Error 0.158592090010643
Epoch 588 Relative Error 0.15792816877365112
Epoch 589 Relative Error 0.15736831724643707
Epoch 590 Relative Error 0.15717364847660065
Epoch 591 Relative Error 0.15666404366493225
Epoch 592 Relative Error 0.15642225742340088
Epoch 593 Relative Error 0.15607911348342896
Epoch 594 Relative Error 0.15676219761371613
Epoch 595 Relative Error 0.15633530914783478
Epoch 596 Relative Error 0.15604594349861145
Epoch 597 Relative Error 0.1561056673526764
Epoch 598 Relative Error 0.15597544610500336
Epoch 599 Relative Error 0.15559493005275726
Epoch 600 Relative Error 0.15567359328269958
Epoch 601 Relative Error 0.15569497644901276
Epoch 602 Relative Error 0.15542122721672058
Epoch 603 Relative Error 0.15528763830661774
Epoch 604 Relative Error 0.1555774062871933
Epoch 605 Relative Error 0.15556453168392181
Epoch 606 Relative Error 0.15541008114814758
Epoch 607 Relative Error 0.1553725153207779
Epoch 608 Relative Error 0.15487371385097504
Epoch 609 Relative Error 0.15485605597496033
Epoch 610 Relative Error 0.15470725297927856
Epoch 611 Relative Error 0.15443050861358643
Epoch 612 Relative Error 0.1544160693883896
Epoch 613 Relative Error 0.1547406166791916
Epoch 614 Relative Error 0.1546860933303833
Epoch 615 Relative Error 0.1544162482023239
Epoch 616 Relative Error 0.15458008646965027
Epoch 617 Relative Error 0.15392038226127625
Epoch 618 Relative Error 0.15394237637519836
Epoch 619 Relative Error 0.15420521795749664
Epoch 620 Relative Error 0.1544966697692871
Epoch 621 Relative Error 0.1546982377767563
Epoch 622 Relative Error 0.15505631268024445
Epoch 623 Relative Error 0.15429401397705078
Epoch 624 Relative Error 0.15423889458179474
Epoch 625 Relative Error 0.15347930788993835
Epoch 626 Relative Error 0.15343530476093292
Epoch 627 Relative Error 0.1531214416027069
Epoch 628 Relative Error 0.15297159552574158
Epoch 629 Relative Error 0.15296456217765808
Epoch 630 Relative Error 0.15292760729789734
Epoch 631 Relative Error 0.15310469269752502
Epoch 632 Relative Error 0.1524547040462494
Epoch 633 Relative Error 0.1527388095855713
Epoch 634 Relative Error 0.1529952883720398
Epoch 635 Relative Error 0.15251822769641876
Epoch 636 Relative Error 0.15270185470581055
Epoch 637 Relative Error 0.15278540551662445
Epoch 638 Relative Error 0.1522853672504425
Epoch 639 Relative Error 0.15213622152805328
Epoch 640 Relative Error 0.1521231234073639
Epoch 641 Relative Error 0.15256084501743317
Epoch 642 Relative Error 0.15309211611747742
Epoch 643 Relative Error 0.1527106612920761
Epoch 644 Relative Error 0.15341030061244965
Epoch 645 Relative Error 0.15232472121715546
Epoch 646 Relative Error 0.151819109916687
Epoch 647 Relative Error 0.15150120854377747
Epoch 648 Relative Error 0.15194490551948547
Epoch 649 Relative Error 0.15141969919204712
Epoch 650 Relative Error 0.15117056667804718
Epoch 651 Relative Error 0.15090793371200562
Epoch 652 Relative Error 0.1507590115070343
Epoch 653 Relative Error 0.15122587978839874
Epoch 654 Relative Error 0.15117856860160828
Epoch 655 Relative Error 0.15116682648658752
Epoch 656 Relative Error 0.15055230259895325
Epoch 657 Relative Error 0.15066005289554596
Epoch 658 Relative Error 0.1503656506538391
Epoch 659 Relative Error 0.150233194231987
Epoch 660 Relative Error 0.15022431313991547
Epoch 661 Relative Error 0.15028627216815948
Epoch 662 Relative Error 0.1500329226255417
Epoch 663 Relative Error 0.15002158284187317
Epoch 664 Relative Error 0.14981459081172943
Epoch 665 Relative Error 0.14971567690372467
Epoch 666 Relative Error 0.15016642212867737
Epoch 667 Relative Error 0.15033084154129028
Epoch 668 Relative Error 0.15017662942409515
Epoch 669 Relative Error 0.1508251577615738
Epoch 670 Relative Error 0.15021957457065582
Epoch 671 Relative Error 0.14975394308567047
Epoch 672 Relative Error 0.14937476813793182
Epoch 673 Relative Error 0.149026557803154
Epoch 674 Relative Error 0.1491594910621643
Epoch 675 Relative Error 0.14902248978614807
Epoch 676 Relative Error 0.14868761599063873
Epoch 677 Relative Error 0.14891670644283295
Epoch 678 Relative Error 0.14875447750091553
Epoch 679 Relative Error 0.14859244227409363
Epoch 680 Relative Error 0.14863820374011993
Epoch 681 Relative Error 0.1486716866493225
Epoch 682 Relative Error 0.14881834387779236
Epoch 683 Relative Error 0.14851583540439606
Epoch 684 Relative Error 0.14822426438331604
Epoch 685 Relative Error 0.14830663800239563
Epoch 686 Relative Error 0.14824287593364716
Epoch 687 Relative Error 0.1481517106294632
Epoch 688 Relative Error 0.14797502756118774
Epoch 689 Relative Error 0.1486472189426422
Epoch 690 Relative Error 0.14852693676948547
Epoch 691 Relative Error 0.14805001020431519
Epoch 692 Relative Error 0.14838005602359772
Epoch 693 Relative Error 0.1479642391204834
Epoch 694 Relative Error 0.14737755060195923
Epoch 695 Relative Error 0.14756014943122864
Epoch 696 Relative Error 0.14736172556877136
Epoch 697 Relative Error 0.14713536202907562
Epoch 698 Relative Error 0.14711517095565796
Epoch 699 Relative Error 0.14727629721164703
Epoch 700 Relative Error 0.146798774600029
Epoch 701 Relative Error 0.14684367179870605
Epoch 702 Relative Error 0.14669595658779144
Epoch 703 Relative Error 0.14673520624637604
Epoch 704 Relative Error 0.1477196216583252
Epoch 705 Relative Error 0.14811578392982483
Epoch 706 Relative Error 0.14647193253040314
Epoch 707 Relative Error 0.14661866426467896
Epoch 708 Relative Error 0.14627058804035187
Epoch 709 Relative Error 0.14616729319095612
Epoch 710 Relative Error 0.14612171053886414
Epoch 711 Relative Error 0.14605394005775452
Epoch 712 Relative Error 0.14606602489948273
Epoch 713 Relative Error 0.14646637439727783
Epoch 714 Relative Error 0.14585503935813904
Epoch 715 Relative Error 0.1456855833530426
Epoch 716 Relative Error 0.14601144194602966
Epoch 717 Relative Error 0.14611753821372986
Epoch 718 Relative Error 0.14612378180027008
Epoch 719 Relative Error 0.1460995376110077
Epoch 720 Relative Error 0.14560064673423767
Epoch 721 Relative Error 0.14590509235858917
Epoch 722 Relative Error 0.1461249440908432
Epoch 723 Relative Error 0.14587940275669098
Epoch 724 Relative Error 0.14511063694953918
Epoch 725 Relative Error 0.14546740055084229
Epoch 726 Relative Error 0.14500944316387177
Epoch 727 Relative Error 0.1448313444852829
Epoch 728 Relative Error 0.14488352835178375
Epoch 729 Relative Error 0.14472496509552002
Epoch 730 Relative Error 0.14494144916534424
Epoch 731 Relative Error 0.14480280876159668
Epoch 732 Relative Error 0.14447598159313202
Epoch 733 Relative Error 0.14454855024814606
Epoch 734 Relative Error 0.14424552023410797
Epoch 735 Relative Error 0.1444777250289917
Epoch 736 Relative Error 0.1441216915845871
Epoch 737 Relative Error 0.14425364136695862
Epoch 738 Relative Error 0.14409175515174866
Epoch 739 Relative Error 0.14399415254592896
Epoch 740 Relative Error 0.14406028389930725
Epoch 741 Relative Error 0.14394384622573853
Epoch 742 Relative Error 0.1439945250749588
Epoch 743 Relative Error 0.14374803006649017
Epoch 744 Relative Error 0.1438722312450409
Epoch 745 Relative Error 0.1437063217163086
Epoch 746 Relative Error 0.14388296008110046
Epoch 747 Relative Error 0.14382638037204742
Epoch 748 Relative Error 0.14415165781974792
Epoch 749 Relative Error 0.14439518749713898
Epoch 750 Relative Error 0.1436711847782135
Epoch 751 Relative Error 0.14314629137516022
Epoch 752 Relative Error 0.14329096674919128
Epoch 753 Relative Error 0.14338862895965576
Epoch 754 Relative Error 0.14300133287906647
Epoch 755 Relative Error 0.14284268021583557
Epoch 756 Relative Error 0.14305929839611053
Epoch 757 Relative Error 0.14308752119541168
Epoch 758 Relative Error 0.14331111311912537
Epoch 759 Relative Error 0.1434270292520523
Epoch 760 Relative Error 0.14316372573375702
Epoch 761 Relative Error 0.14302200078964233
Epoch 762 Relative Error 0.14245857298374176
Epoch 763 Relative Error 0.14237137138843536
Epoch 764 Relative Error 0.14235426485538483
Epoch 765 Relative Error 0.14269612729549408
Epoch 766 Relative Error 0.14266414940357208
Epoch 767 Relative Error 0.14207406342029572
Epoch 768 Relative Error 0.14192233979701996
Epoch 769 Relative Error 0.14192837476730347
Epoch 770 Relative Error 0.14176739752292633
Epoch 771 Relative Error 0.14161984622478485
Epoch 772 Relative Error 0.14183549582958221
Epoch 773 Relative Error 0.14153510332107544
Epoch 774 Relative Error 0.14150504767894745
Epoch 775 Relative Error 0.14199796319007874
Epoch 776 Relative Error 0.14168667793273926
Epoch 777 Relative Error 0.14262601733207703
Epoch 778 Relative Error 0.1420212835073471
Epoch 779 Relative Error 0.14313673973083496
Epoch 780 Relative Error 0.14219996333122253
Epoch 781 Relative Error 0.14110657572746277
Epoch 782 Relative Error 0.1410953551530838
Epoch 783 Relative Error 0.1408383548259735
Epoch 784 Relative Error 0.1409597247838974
Epoch 785 Relative Error 0.14080661535263062
Epoch 786 Relative Error 0.14102040231227875
Epoch 787 Relative Error 0.14064817130565643
Epoch 788 Relative Error 0.1406024694442749
Epoch 789 Relative Error 0.1407076120376587
Epoch 790 Relative Error 0.14089593291282654
Epoch 791 Relative Error 0.14097245037555695
Epoch 792 Relative Error 0.14086169004440308
Epoch 793 Relative Error 0.1409028023481369
Epoch 794 Relative Error 0.1402300000190735
Epoch 795 Relative Error 0.1401757299900055
Epoch 796 Relative Error 0.14028334617614746
Epoch 797 Relative Error 0.1399080604314804
Epoch 798 Relative Error 0.13983279466629028
Epoch 799 Relative Error 0.1397908478975296
Epoch 800 Relative Error 0.13991551101207733
Epoch 801 Relative Error 0.13959786295890808
Epoch 802 Relative Error 0.13974450528621674
Epoch 803 Relative Error 0.13964302837848663
Epoch 804 Relative Error 0.13944792747497559
Epoch 805 Relative Error 0.1397354155778885
Epoch 806 Relative Error 0.13935889303684235
Epoch 807 Relative Error 0.13924862444400787
Epoch 808 Relative Error 0.13934805989265442
Epoch 809 Relative Error 0.13983194530010223
Epoch 810 Relative Error 0.13916899263858795
Epoch 811 Relative Error 0.13901843130588531
Epoch 812 Relative Error 0.13900111615657806
Epoch 813 Relative Error 0.13886182010173798
Epoch 814 Relative Error 0.13896073400974274
Epoch 815 Relative Error 0.1389995664358139
Epoch 816 Relative Error 0.13901618123054504
Epoch 817 Relative Error 0.13899177312850952
Epoch 818 Relative Error 0.13857010006904602
Epoch 819 Relative Error 0.13858653604984283
Epoch 820 Relative Error 0.13866719603538513
Epoch 821 Relative Error 0.13844922184944153
Epoch 822 Relative Error 0.13841547071933746
Epoch 823 Relative Error 0.13829903304576874
Epoch 824 Relative Error 0.13860218226909637
Epoch 825 Relative Error 0.138284832239151
Epoch 826 Relative Error 0.13836440443992615
Epoch 827 Relative Error 0.13822534680366516
Epoch 828 Relative Error 0.13800382614135742
Epoch 829 Relative Error 0.1379750818014145
Epoch 830 Relative Error 0.13795630633831024
Epoch 831 Relative Error 0.13777831196784973
Epoch 832 Relative Error 0.13826271891593933
Epoch 833 Relative Error 0.13883289694786072
Epoch 834 Relative Error 0.1379992961883545
Epoch 835 Relative Error 0.13834026455879211
Epoch 836 Relative Error 0.1377672702074051
Epoch 837 Relative Error 0.13765694200992584
Epoch 838 Relative Error 0.13737455010414124
Epoch 839 Relative Error 0.13767403364181519
Epoch 840 Relative Error 0.13773466646671295
Epoch 841 Relative Error 0.137518972158432
Epoch 842 Relative Error 0.13735343515872955
Epoch 843 Relative Error 0.13709494471549988
Epoch 844 Relative Error 0.13693858683109283
Epoch 845 Relative Error 0.13719502091407776
Epoch 846 Relative Error 0.13777069747447968
Epoch 847 Relative Error 0.13720764219760895
Epoch 848 Relative Error 0.13712063431739807
Epoch 849 Relative Error 0.13734754920005798
Epoch 850 Relative Error 0.1367534101009369
Epoch 851 Relative Error 0.13683657348155975
Epoch 852 Relative Error 0.13691042363643646
Epoch 853 Relative Error 0.13663698732852936
Epoch 854 Relative Error 0.13672851026058197
Epoch 855 Relative Error 0.1364855170249939
Epoch 856 Relative Error 0.13629645109176636
Epoch 857 Relative Error 0.1363576352596283
Epoch 858 Relative Error 0.1361798346042633
Epoch 859 Relative Error 0.13612917065620422
Epoch 860 Relative Error 0.13632050156593323
Epoch 861 Relative Error 0.1359347552061081
Epoch 862 Relative Error 0.13579115271568298
Epoch 863 Relative Error 0.13619695603847504
Epoch 864 Relative Error 0.13578025996685028
Epoch 865 Relative Error 0.13566797971725464
Epoch 866 Relative Error 0.13600558042526245
Epoch 867 Relative Error 0.13568736612796783
Epoch 868 Relative Error 0.13569915294647217
Epoch 869 Relative Error 0.13685522973537445
Epoch 870 Relative Error 0.13678579032421112
Epoch 871 Relative Error 0.13637197017669678
Epoch 872 Relative Error 0.1361551731824875
Epoch 873 Relative Error 0.1355488896369934
Epoch 874 Relative Error 0.13547895848751068
Epoch 875 Relative Error 0.13519689440727234
Epoch 876 Relative Error 0.1352989375591278
Epoch 877 Relative Error 0.13538862764835358
Epoch 878 Relative Error 0.1348547488451004
Epoch 879 Relative Error 0.13524575531482697
Epoch 880 Relative Error 0.1352444887161255
Epoch 881 Relative Error 0.13507352769374847
Epoch 882 Relative Error 0.13485310971736908
Epoch 883 Relative Error 0.13473613560199738
Epoch 884 Relative Error 0.13457217812538147
Epoch 885 Relative Error 0.13469210267066956
Epoch 886 Relative Error 0.13477732241153717
Epoch 887 Relative Error 0.13502073287963867
Epoch 888 Relative Error 0.13494236767292023
Epoch 889 Relative Error 0.13490156829357147
Epoch 890 Relative Error 0.1352488398551941
Epoch 891 Relative Error 0.13448669016361237
Epoch 892 Relative Error 0.13437069952487946
Epoch 893 Relative Error 0.13443827629089355
Epoch 894 Relative Error 0.13407662510871887
Epoch 895 Relative Error 0.13404566049575806
Epoch 896 Relative Error 0.13411130011081696
Epoch 897 Relative Error 0.13424913585186005
Epoch 898 Relative Error 0.13396017253398895
Epoch 899 Relative Error 0.13390517234802246
Epoch 900 Relative Error 0.13393999636173248
Epoch 901 Relative Error 0.13385355472564697
Epoch 902 Relative Error 0.13384085893630981
Epoch 903 Relative Error 0.13424593210220337
Epoch 904 Relative Error 0.1340244561433792
Epoch 905 Relative Error 0.13418741524219513
Epoch 906 Relative Error 0.13407988846302032
Epoch 907 Relative Error 0.13375112414360046
Epoch 908 Relative Error 0.13345812261104584
Epoch 909 Relative Error 0.1333644986152649
Epoch 910 Relative Error 0.13330043852329254
Epoch 911 Relative Error 0.1332741379737854
Epoch 912 Relative Error 0.13319849967956543
Epoch 913 Relative Error 0.13346007466316223
Epoch 914 Relative Error 0.13347995281219482
Epoch 915 Relative Error 0.1333741843700409
Epoch 916 Relative Error 0.13378500938415527
Epoch 917 Relative Error 0.13323290646076202
Epoch 918 Relative Error 0.13270606100559235
Epoch 919 Relative Error 0.1331692934036255
Epoch 920 Relative Error 0.1331789344549179
Epoch 921 Relative Error 0.13250087201595306
Epoch 922 Relative Error 0.13263581693172455
Epoch 923 Relative Error 0.13311004638671875
Epoch 924 Relative Error 0.13250727951526642
Epoch 925 Relative Error 0.13306307792663574
Epoch 926 Relative Error 0.132445827126503
Epoch 927 Relative Error 0.1325083076953888
Epoch 928 Relative Error 0.13363121449947357
Epoch 929 Relative Error 0.1328543871641159
Epoch 930 Relative Error 0.13271090388298035
Epoch 931 Relative Error 0.13244092464447021
Epoch 932 Relative Error 0.132084921002388
Epoch 933 Relative Error 0.13199067115783691
Epoch 934 Relative Error 0.13209180533885956
Epoch 935 Relative Error 0.1320485919713974
Epoch 936 Relative Error 0.13186706602573395
Epoch 937 Relative Error 0.1321123242378235
Epoch 938 Relative Error 0.13173843920230865
Epoch 939 Relative Error 0.13156455755233765
Epoch 940 Relative Error 0.1319044530391693
Epoch 941 Relative Error 0.13237877190113068
Epoch 942 Relative Error 0.13179591298103333
Epoch 943 Relative Error 0.13169166445732117
Epoch 944 Relative Error 0.13152241706848145
Epoch 945 Relative Error 0.13165362179279327
Epoch 946 Relative Error 0.13134318590164185
Epoch 947 Relative Error 0.13132476806640625
Epoch 948 Relative Error 0.13159453868865967
Epoch 949 Relative Error 0.13116499781608582
Epoch 950 Relative Error 0.1312212347984314
Epoch 951 Relative Error 0.13131631910800934
Epoch 952 Relative Error 0.13095712661743164
Epoch 953 Relative Error 0.13111546635627747
Epoch 954 Relative Error 0.13105326890945435
Epoch 955 Relative Error 0.1309761106967926
Epoch 956 Relative Error 0.13085603713989258
Epoch 957 Relative Error 0.13097497820854187
Epoch 958 Relative Error 0.13066335022449493
Epoch 959 Relative Error 0.13073629140853882
Epoch 960 Relative Error 0.13085439801216125
Epoch 961 Relative Error 0.1305599808692932
Epoch 962 Relative Error 0.1305261254310608
Epoch 963 Relative Error 0.13047650456428528
Epoch 964 Relative Error 0.13073012232780457
Epoch 965 Relative Error 0.13045522570610046
Epoch 966 Relative Error 0.13050590455532074
Epoch 967 Relative Error 0.13058792054653168
Epoch 968 Relative Error 0.1305670291185379
Epoch 969 Relative Error 0.1304955929517746
Epoch 970 Relative Error 0.13030143082141876
Epoch 971 Relative Error 0.130508691072464
Epoch 972 Relative Error 0.13013425469398499
Epoch 973 Relative Error 0.12994705140590668
Epoch 974 Relative Error 0.13003627955913544
Epoch 975 Relative Error 0.1298888921737671
Epoch 976 Relative Error 0.12988466024398804
Epoch 977 Relative Error 0.1300087422132492
Epoch 978 Relative Error 0.13014303147792816
Epoch 979 Relative Error 0.12990278005599976
Epoch 980 Relative Error 0.13023391366004944
Epoch 981 Relative Error 0.1305522918701172
Epoch 982 Relative Error 0.13079507648944855
Epoch 983 Relative Error 0.13086935877799988
Epoch 984 Relative Error 0.1298299878835678
Epoch 985 Relative Error 0.12971843779087067
Epoch 986 Relative Error 0.12946972250938416
Epoch 987 Relative Error 0.12961840629577637
Epoch 988 Relative Error 0.12937435507774353
Epoch 989 Relative Error 0.12921474874019623
Epoch 990 Relative Error 0.12929873168468475
Epoch 991 Relative Error 0.12936115264892578
Epoch 992 Relative Error 0.12933486700057983
Epoch 993 Relative Error 0.12897197902202606
Epoch 994 Relative Error 0.1292157620191574
Epoch 995 Relative Error 0.1289415955543518
Epoch 996 Relative Error 0.12891271710395813
Epoch 997 Relative Error 0.12899857759475708
Epoch 998 Relative Error 0.1287301480770111
Epoch 999 Relative Error 0.12915116548538208
Epoch 1000 Relative Error 0.12886591255664825
RE (0, 9, 24, 0): 0.1287301480770111
Green's Function RE (0, 9, 24, 0): 0.08332152664661407
Bias Term RE (0, 9, 24, 0): 0.034371983259916306
Combination (0, 9, 24, 0, 0): 0.12886591255664825
Combination (0, 9, 24, 0, 1): 0.1281120926141739
Combination (0, 9, 24, 0, 2): 0.12789314985275269
Combination (0, 9, 24, 0, 3): 0.1278267204761505
Combination (0, 9, 24, 0, 4): 0.1277933269739151

/home/gridsan/gstepaniants/.local/lib/python3.8/site-packages/torch/functional.py:478: UserWarning: torch.meshgrid: in an upcoming release, it will be required to pass the indexing argument. (Triggered internally at  ../aten/src/ATen/native/TensorShape.cpp:2895.)
  return _VF.meshgrid(tensors, **kwargs)  # type: ignore[attr-defined]
