[KeOps] Warning : Cuda libraries were not detected on the system ; using cpu only mode
1
Kernel: Matern5/2
Weight Mesh: 80
RKHS Kernel Width: 0.5
Lambda: 1e-06
Green's Function Learning Rate: 100
Bias Term Learning Rate: 100
Epoch 1 Relative Error 44316.15234375
First epoch had re = 44316.15234375 > 1
Green's Function Learning Rate: 50
Bias Term Learning Rate: 50
Epoch 1 Relative Error 30295.970703125
First epoch had re = 30295.970703125 > 1
Green's Function Learning Rate: 10
Bias Term Learning Rate: 10
Epoch 1 Relative Error 4946.6396484375
First epoch had re = 4946.6396484375 > 1
Green's Function Learning Rate: 5
Bias Term Learning Rate: 5
Epoch 1 Relative Error 2239.7431640625
First epoch had re = 2239.7431640625 > 1
Green's Function Learning Rate: 1
Bias Term Learning Rate: 1
Epoch 1 Relative Error 513.1701049804688
First epoch had re = 513.1701049804688 > 1
Green's Function Learning Rate: 0.5
Bias Term Learning Rate: 0.5
Epoch 1 Relative Error 220.10401916503906
First epoch had re = 220.10401916503906 > 1
Green's Function Learning Rate: 0.1
Bias Term Learning Rate: 0.1
Epoch 1 Relative Error 38.09547424316406
First epoch had re = 38.09547424316406 > 1
Green's Function Learning Rate: 0.05
Bias Term Learning Rate: 0.05
Epoch 1 Relative Error 23.965036392211914
First epoch had re = 23.965036392211914 > 1
Green's Function Learning Rate: 0.01
Bias Term Learning Rate: 0.01
Epoch 1 Relative Error 4.578505039215088
First epoch had re = 4.578505039215088 > 1
Green's Function Learning Rate: 0.005
Bias Term Learning Rate: 0.005
Epoch 1 Relative Error 1.4587002992630005
First epoch had re = 1.4587002992630005 > 1
Green's Function Learning Rate: 0.001
Bias Term Learning Rate: 0.001
Epoch 1 Relative Error 0.927189290523529
Epoch 2 Relative Error 0.7136933207511902
Epoch 3 Relative Error 0.8195433020591736
Epoch 4 Relative Error 0.6628540754318237
Epoch 5 Relative Error 0.6544654965400696
Epoch 6 Relative Error 0.6857941150665283
Epoch 7 Relative Error 0.601080060005188
Epoch 8 Relative Error 0.6465869545936584
Epoch 9 Relative Error 0.5774837732315063
Epoch 10 Relative Error 0.5899818539619446
Epoch 11 Relative Error 0.5593464970588684
Epoch 12 Relative Error 0.5514217615127563
Epoch 13 Relative Error 0.540247917175293
Epoch 14 Relative Error 0.5251885652542114
Epoch 15 Relative Error 0.5175270438194275
Epoch 16 Relative Error 0.5038605332374573
Epoch 17 Relative Error 0.4999879002571106
Epoch 18 Relative Error 0.4865570664405823
Epoch 19 Relative Error 0.48115086555480957
Epoch 20 Relative Error 0.4767012596130371
Epoch 21 Relative Error 0.4655756950378418
Epoch 22 Relative Error 0.464653879404068
Epoch 23 Relative Error 0.4541018307209015
Epoch 24 Relative Error 0.45715129375457764
Epoch 25 Relative Error 0.44649696350097656
Epoch 26 Relative Error 0.44752299785614014
Epoch 27 Relative Error 0.44475695490837097
Epoch 28 Relative Error 0.4388458728790283
Epoch 29 Relative Error 0.44089242815971375
Epoch 30 Relative Error 0.4356503188610077
Epoch 31 Relative Error 0.43471935391426086
Epoch 32 Relative Error 0.4332594573497772
Epoch 33 Relative Error 0.4320582449436188
Epoch 34 Relative Error 0.43056055903434753
Epoch 35 Relative Error 0.43048542737960815
Epoch 36 Relative Error 0.4285666048526764
Epoch 37 Relative Error 0.4282744228839874
Epoch 38 Relative Error 0.42774054408073425
Epoch 39 Relative Error 0.42684611678123474
Epoch 40 Relative Error 0.42662960290908813
Epoch 41 Relative Error 0.4257170855998993
Epoch 42 Relative Error 0.4256351888179779
Epoch 43 Relative Error 0.4248855412006378
Epoch 44 Relative Error 0.4243592619895935
Epoch 45 Relative Error 0.424291729927063
Epoch 46 Relative Error 0.42367303371429443
Epoch 47 Relative Error 0.42365241050720215
Epoch 48 Relative Error 0.42279335856437683
Epoch 49 Relative Error 0.4225711524486542
Epoch 50 Relative Error 0.4226149916648865
Epoch 51 Relative Error 0.4220336675643921
Epoch 52 Relative Error 0.4216141402721405
Epoch 53 Relative Error 0.4211757183074951
Epoch 54 Relative Error 0.4206736385822296
Epoch 55 Relative Error 0.4201822876930237
Epoch 56 Relative Error 0.42015841603279114
Epoch 57 Relative Error 0.4197764992713928
Epoch 58 Relative Error 0.4191567599773407
Epoch 59 Relative Error 0.4188288748264313
Epoch 60 Relative Error 0.4184638261795044
Epoch 61 Relative Error 0.4181405305862427
Epoch 62 Relative Error 0.41780683398246765
Epoch 63 Relative Error 0.41731277108192444
Epoch 64 Relative Error 0.4167993664741516
Epoch 65 Relative Error 0.41665053367614746
Epoch 66 Relative Error 0.41613107919692993
Epoch 67 Relative Error 0.4157489538192749
Epoch 68 Relative Error 0.41535937786102295
Epoch 69 Relative Error 0.41501814126968384
Epoch 70 Relative Error 0.4143276512622833
Epoch 71 Relative Error 0.414238303899765
Epoch 72 Relative Error 0.41377320885658264
Epoch 73 Relative Error 0.41329488158226013
Epoch 74 Relative Error 0.41328173875808716
Epoch 75 Relative Error 0.4126649796962738
Epoch 76 Relative Error 0.41189703345298767
Epoch 77 Relative Error 0.41168317198753357
Epoch 78 Relative Error 0.4111763536930084
Epoch 79 Relative Error 0.410702109336853
Epoch 80 Relative Error 0.41038596630096436
Epoch 81 Relative Error 0.40994060039520264
Epoch 82 Relative Error 0.4094771146774292
Epoch 83 Relative Error 0.4092215597629547
Epoch 84 Relative Error 0.40873146057128906
Epoch 85 Relative Error 0.40826621651649475
Epoch 86 Relative Error 0.4078792631626129
Epoch 87 Relative Error 0.4076174795627594
Epoch 88 Relative Error 0.4069375991821289
Epoch 89 Relative Error 0.4066239893436432
Epoch 90 Relative Error 0.40650978684425354
Epoch 91 Relative Error 0.40573757886886597
Epoch 92 Relative Error 0.4052882194519043
Epoch 93 Relative Error 0.4049654006958008
Epoch 94 Relative Error 0.40448668599128723
Epoch 95 Relative Error 0.4040065109729767
Epoch 96 Relative Error 0.40371137857437134
Epoch 97 Relative Error 0.40315964818000793
Epoch 98 Relative Error 0.40301862359046936
Epoch 99 Relative Error 0.4029160737991333
Epoch 100 Relative Error 0.40193283557891846
Epoch 101 Relative Error 0.40205949544906616
Epoch 102 Relative Error 0.4010830223560333
Epoch 103 Relative Error 0.40117186307907104
Epoch 104 Relative Error 0.40000489354133606
Epoch 105 Relative Error 0.3997214436531067
Epoch 106 Relative Error 0.3994673788547516
Epoch 107 Relative Error 0.3990784287452698
Epoch 108 Relative Error 0.39846205711364746
Epoch 109 Relative Error 0.3980172872543335
Epoch 110 Relative Error 0.39796334505081177
Epoch 111 Relative Error 0.3972785174846649
Epoch 112 Relative Error 0.39649131894111633
Epoch 113 Relative Error 0.3962998688220978
Epoch 114 Relative Error 0.3960976004600525
Epoch 115 Relative Error 0.39546504616737366
Epoch 116 Relative Error 0.3947593867778778
Epoch 117 Relative Error 0.3943943977355957
Epoch 118 Relative Error 0.3940120041370392
Epoch 119 Relative Error 0.39360490441322327
Epoch 120 Relative Error 0.39326193928718567
Epoch 121 Relative Error 0.3926173448562622
Epoch 122 Relative Error 0.39237335324287415
Epoch 123 Relative Error 0.3923664689064026
Epoch 124 Relative Error 0.39149171113967896
Epoch 125 Relative Error 0.3909143805503845
Epoch 126 Relative Error 0.3905611038208008
Epoch 127 Relative Error 0.39046603441238403
Epoch 128 Relative Error 0.3896101415157318
Epoch 129 Relative Error 0.3891980051994324
Epoch 130 Relative Error 0.38910380005836487
Epoch 131 Relative Error 0.3883441984653473
Epoch 132 Relative Error 0.3879656195640564
Epoch 133 Relative Error 0.38761210441589355
Epoch 134 Relative Error 0.38726508617401123
Epoch 135 Relative Error 0.38664257526397705
Epoch 136 Relative Error 0.3862179219722748
Epoch 137 Relative Error 0.3859117925167084
Epoch 138 Relative Error 0.38552260398864746
Epoch 139 Relative Error 0.3847963809967041
Epoch 140 Relative Error 0.38430482149124146
Epoch 141 Relative Error 0.38427796959877014
Epoch 142 Relative Error 0.38363581895828247
Epoch 143 Relative Error 0.38311678171157837
Epoch 144 Relative Error 0.38286295533180237
Epoch 145 Relative Error 0.38210588693618774
Epoch 146 Relative Error 0.38183704018592834
Epoch 147 Relative Error 0.38232097029685974
Epoch 148 Relative Error 0.38099557161331177
Epoch 149 Relative Error 0.38057875633239746
Epoch 150 Relative Error 0.3804621696472168
Epoch 151 Relative Error 0.37974095344543457
Epoch 152 Relative Error 0.3794904053211212
Epoch 153 Relative Error 0.3791065514087677
Epoch 154 Relative Error 0.37825700640678406
Epoch 155 Relative Error 0.3782067894935608
Epoch 156 Relative Error 0.37772244215011597
Epoch 157 Relative Error 0.3769727349281311
Epoch 158 Relative Error 0.376558393239975
Epoch 159 Relative Error 0.3769291043281555
Epoch 160 Relative Error 0.3757600784301758
Epoch 161 Relative Error 0.37559038400650024
Epoch 162 Relative Error 0.3751414120197296
Epoch 163 Relative Error 0.3746468424797058
Epoch 164 Relative Error 0.3752294182777405
Epoch 165 Relative Error 0.3741821050643921
Epoch 166 Relative Error 0.3733190894126892
Epoch 167 Relative Error 0.37337958812713623
Epoch 168 Relative Error 0.37288814783096313
Epoch 169 Relative Error 0.37175750732421875
Epoch 170 Relative Error 0.3714379072189331
Epoch 171 Relative Error 0.3716548979282379
Epoch 172 Relative Error 0.3704530894756317
Epoch 173 Relative Error 0.37014779448509216
Epoch 174 Relative Error 0.36988967657089233
Epoch 175 Relative Error 0.3694193661212921
Epoch 176 Relative Error 0.3688674867153168
Epoch 177 Relative Error 0.36869895458221436
Epoch 178 Relative Error 0.36807161569595337
Epoch 179 Relative Error 0.36761268973350525
Epoch 180 Relative Error 0.3672277629375458
Epoch 181 Relative Error 0.3670428395271301
Epoch 182 Relative Error 0.36612990498542786
Epoch 183 Relative Error 0.36600086092948914
Epoch 184 Relative Error 0.3655068874359131
Epoch 185 Relative Error 0.36511731147766113
Epoch 186 Relative Error 0.36478662490844727
Epoch 187 Relative Error 0.36459067463874817
Epoch 188 Relative Error 0.3641240894794464
Epoch 189 Relative Error 0.36342424154281616
Epoch 190 Relative Error 0.3629961311817169
Epoch 191 Relative Error 0.3628807067871094
Epoch 192 Relative Error 0.3621956408023834
Epoch 193 Relative Error 0.3617646396160126
Epoch 194 Relative Error 0.3612446188926697
Epoch 195 Relative Error 0.3609499931335449
Epoch 196 Relative Error 0.36035820841789246
Epoch 197 Relative Error 0.3605305254459381
Epoch 198 Relative Error 0.35972511768341064
Epoch 199 Relative Error 0.3592942953109741
Epoch 200 Relative Error 0.3588368594646454
Epoch 201 Relative Error 0.3585011065006256
Epoch 202 Relative Error 0.3579663634300232
Epoch 203 Relative Error 0.3576579988002777
Epoch 204 Relative Error 0.3572111129760742
Epoch 205 Relative Error 0.356783926486969
Epoch 206 Relative Error 0.3564232289791107
Epoch 207 Relative Error 0.35616329312324524
Epoch 208 Relative Error 0.3556782305240631
Epoch 209 Relative Error 0.35504093766212463
Epoch 210 Relative Error 0.35458844900131226
Epoch 211 Relative Error 0.35428938269615173
Epoch 212 Relative Error 0.3536165654659271
Epoch 213 Relative Error 0.3536275327205658
Epoch 214 Relative Error 0.35351914167404175
Epoch 215 Relative Error 0.35252007842063904
Epoch 216 Relative Error 0.3525731563568115
Epoch 217 Relative Error 0.35209381580352783
Epoch 218 Relative Error 0.351692259311676
Epoch 219 Relative Error 0.35165637731552124
Epoch 220 Relative Error 0.35111501812934875
Epoch 221 Relative Error 0.35066157579421997
Epoch 222 Relative Error 0.34976187348365784
Epoch 223 Relative Error 0.34975722432136536
Epoch 224 Relative Error 0.3495379090309143
Epoch 225 Relative Error 0.34873220324516296
Epoch 226 Relative Error 0.3480985164642334
Epoch 227 Relative Error 0.3477388322353363
Epoch 228 Relative Error 0.34790289402008057
Epoch 229 Relative Error 0.3470577895641327
Epoch 230 Relative Error 0.34661707282066345
Epoch 231 Relative Error 0.3462519943714142
Epoch 232 Relative Error 0.34576690196990967
Epoch 233 Relative Error 0.34533846378326416
Epoch 234 Relative Error 0.3454158306121826
Epoch 235 Relative Error 0.3444584608078003
Epoch 236 Relative Error 0.34412357211112976
Epoch 237 Relative Error 0.34392568469047546
Epoch 238 Relative Error 0.34354880452156067
Epoch 239 Relative Error 0.344473272562027
Epoch 240 Relative Error 0.3435083031654358
Epoch 241 Relative Error 0.3423832356929779
Epoch 242 Relative Error 0.3421495854854584
Epoch 243 Relative Error 0.34153252840042114
Epoch 244 Relative Error 0.34131062030792236
Epoch 245 Relative Error 0.34096741676330566
Epoch 246 Relative Error 0.34052425622940063
Epoch 247 Relative Error 0.3401544690132141
Epoch 248 Relative Error 0.33966779708862305
Epoch 249 Relative Error 0.33939531445503235
Epoch 250 Relative Error 0.33919116854667664
Epoch 251 Relative Error 0.3384379744529724
Epoch 252 Relative Error 0.33790305256843567
Epoch 253 Relative Error 0.33795446157455444
Epoch 254 Relative Error 0.337259978055954
Epoch 255 Relative Error 0.33690106868743896
Epoch 256 Relative Error 0.3364540934562683
Epoch 257 Relative Error 0.3364887535572052
Epoch 258 Relative Error 0.3363717198371887
Epoch 259 Relative Error 0.33575838804244995
Epoch 260 Relative Error 0.3350938558578491
Epoch 261 Relative Error 0.3349888026714325
Epoch 262 Relative Error 0.33443260192871094
Epoch 263 Relative Error 0.3344641327857971
Epoch 264 Relative Error 0.33384546637535095
Epoch 265 Relative Error 0.33301737904548645
Epoch 266 Relative Error 0.3335886299610138
Epoch 267 Relative Error 0.33241480588912964
Epoch 268 Relative Error 0.3324872553348541
Epoch 269 Relative Error 0.3326226472854614
Epoch 270 Relative Error 0.33169031143188477
Epoch 271 Relative Error 0.33125972747802734
Epoch 272 Relative Error 0.3307589590549469
Epoch 273 Relative Error 0.33074650168418884
Epoch 274 Relative Error 0.3308200240135193
Epoch 275 Relative Error 0.329428493976593
Epoch 276 Relative Error 0.32934510707855225
Epoch 277 Relative Error 0.3287886679172516
Epoch 278 Relative Error 0.3286636769771576
Epoch 279 Relative Error 0.32870808243751526
Epoch 280 Relative Error 0.32873862981796265
Epoch 281 Relative Error 0.3286037743091583
Epoch 282 Relative Error 0.32798489928245544
Epoch 283 Relative Error 0.3269379734992981
Epoch 284 Relative Error 0.32607343792915344
Epoch 285 Relative Error 0.3259330689907074
Epoch 286 Relative Error 0.3261396586894989
Epoch 287 Relative Error 0.3255477249622345
Epoch 288 Relative Error 0.3248634338378906
Epoch 289 Relative Error 0.3247305750846863
Epoch 290 Relative Error 0.3243059515953064
Epoch 291 Relative Error 0.32476264238357544
Epoch 292 Relative Error 0.32433485984802246
Epoch 293 Relative Error 0.323302686214447
Epoch 294 Relative Error 0.32297784090042114
Epoch 295 Relative Error 0.323326051235199
Epoch 296 Relative Error 0.32201388478279114
Epoch 297 Relative Error 0.3216592073440552
Epoch 298 Relative Error 0.32170620560646057
Epoch 299 Relative Error 0.321145623922348
Epoch 300 Relative Error 0.3207376301288605
Epoch 301 Relative Error 0.32039669156074524
Epoch 302 Relative Error 0.32047587633132935
Epoch 303 Relative Error 0.31957700848579407
Epoch 304 Relative Error 0.31974974274635315
Epoch 305 Relative Error 0.3199689984321594
Epoch 306 Relative Error 0.3194931745529175
Epoch 307 Relative Error 0.3184490203857422
Epoch 308 Relative Error 0.3187878429889679
Epoch 309 Relative Error 0.3177410066127777
Epoch 310 Relative Error 0.3177560269832611
Epoch 311 Relative Error 0.3176654577255249
Epoch 312 Relative Error 0.31663456559181213
Epoch 313 Relative Error 0.3163627088069916
Epoch 314 Relative Error 0.31641730666160583
Epoch 315 Relative Error 0.3155997693538666
Epoch 316 Relative Error 0.3153412342071533
Epoch 317 Relative Error 0.3151485323905945
Epoch 318 Relative Error 0.3146919012069702
Epoch 319 Relative Error 0.31446486711502075
Epoch 320 Relative Error 0.31448429822921753
Epoch 321 Relative Error 0.31401175260543823
Epoch 322 Relative Error 0.3138595521450043
Epoch 323 Relative Error 0.3138476312160492
Epoch 324 Relative Error 0.31269216537475586
Epoch 325 Relative Error 0.3125256597995758
Epoch 326 Relative Error 0.31256330013275146
Epoch 327 Relative Error 0.31197506189346313
Epoch 328 Relative Error 0.3116583228111267
Epoch 329 Relative Error 0.31178465485572815
Epoch 330 Relative Error 0.31084123253822327
Epoch 331 Relative Error 0.3106156587600708
Epoch 332 Relative Error 0.3102649748325348
Epoch 333 Relative Error 0.3098714351654053
Epoch 334 Relative Error 0.3098236918449402
Epoch 335 Relative Error 0.3094249665737152
Epoch 336 Relative Error 0.3091762065887451
Epoch 337 Relative Error 0.30957499146461487
Epoch 338 Relative Error 0.30837035179138184
Epoch 339 Relative Error 0.3081911504268646
Epoch 340 Relative Error 0.3084462583065033
Epoch 341 Relative Error 0.30771785974502563
Epoch 342 Relative Error 0.307402640581131
Epoch 343 Relative Error 0.30692240595817566
Epoch 344 Relative Error 0.30678632855415344
Epoch 345 Relative Error 0.30692580342292786
Epoch 346 Relative Error 0.3058943450450897
Epoch 347 Relative Error 0.30550962686538696
Epoch 348 Relative Error 0.3061976730823517
Epoch 349 Relative Error 0.3051646947860718
Epoch 350 Relative Error 0.30608484148979187
Epoch 351 Relative Error 0.30473336577415466
Epoch 352 Relative Error 0.30394986271858215
Epoch 353 Relative Error 0.3044146001338959
Epoch 354 Relative Error 0.30349764227867126
Epoch 355 Relative Error 0.303737610578537
Epoch 356 Relative Error 0.30349206924438477
Epoch 357 Relative Error 0.30273711681365967
Epoch 358 Relative Error 0.3024919331073761
Epoch 359 Relative Error 0.30231255292892456
Epoch 360 Relative Error 0.30199262499809265
Epoch 361 Relative Error 0.30138057470321655
Epoch 362 Relative Error 0.30165234208106995
Epoch 363 Relative Error 0.3012910783290863
Epoch 364 Relative Error 0.300697922706604
Epoch 365 Relative Error 0.3008270561695099
Epoch 366 Relative Error 0.3006340265274048
Epoch 367 Relative Error 0.2998257875442505
Epoch 368 Relative Error 0.3001101315021515
Epoch 369 Relative Error 0.29971569776535034
Epoch 370 Relative Error 0.2997080683708191
Epoch 371 Relative Error 0.2989106774330139
Epoch 372 Relative Error 0.298539936542511
Epoch 373 Relative Error 0.29824650287628174
Epoch 374 Relative Error 0.2978840470314026
Epoch 375 Relative Error 0.29960012435913086
Epoch 376 Relative Error 0.29918625950813293
Epoch 377 Relative Error 0.2988830804824829
Epoch 378 Relative Error 0.29773998260498047
Epoch 379 Relative Error 0.2966233491897583
Epoch 380 Relative Error 0.29615697264671326
Epoch 381 Relative Error 0.2962489724159241
Epoch 382 Relative Error 0.2957233488559723
Epoch 383 Relative Error 0.29555460810661316
Epoch 384 Relative Error 0.295640766620636
Epoch 385 Relative Error 0.2947259843349457
Epoch 386 Relative Error 0.2948143184185028
Epoch 387 Relative Error 0.29449668526649475
Epoch 388 Relative Error 0.2942567765712738
Epoch 389 Relative Error 0.29371607303619385
Epoch 390 Relative Error 0.2944432199001312
Epoch 391 Relative Error 0.2946224808692932
Epoch 392 Relative Error 0.2956712245941162
Epoch 393 Relative Error 0.29460078477859497
Epoch 394 Relative Error 0.2933235168457031
Epoch 395 Relative Error 0.29319968819618225
Epoch 396 Relative Error 0.2921687960624695
Epoch 397 Relative Error 0.29175683856010437
Epoch 398 Relative Error 0.29136544466018677
Epoch 399 Relative Error 0.291357159614563
Epoch 400 Relative Error 0.29097744822502136
Epoch 401 Relative Error 0.29130297899246216
Epoch 402 Relative Error 0.29044124484062195
Epoch 403 Relative Error 0.2901240587234497
Epoch 404 Relative Error 0.290335088968277
Epoch 405 Relative Error 0.2896691560745239
Epoch 406 Relative Error 0.2898569107055664
Epoch 407 Relative Error 0.28979092836380005
Epoch 408 Relative Error 0.28906217217445374
Epoch 409 Relative Error 0.288962721824646
Epoch 410 Relative Error 0.28857868909835815
Epoch 411 Relative Error 0.28812533617019653
Epoch 412 Relative Error 0.28907883167266846
Epoch 413 Relative Error 0.2875327169895172
Epoch 414 Relative Error 0.2873373031616211
Epoch 415 Relative Error 0.2879185378551483
Epoch 416 Relative Error 0.28694528341293335
Epoch 417 Relative Error 0.2871679961681366
Epoch 418 Relative Error 0.2863141894340515
Epoch 419 Relative Error 0.2863803803920746
Epoch 420 Relative Error 0.28602534532546997
Epoch 421 Relative Error 0.286261647939682
Epoch 422 Relative Error 0.2852290868759155
Epoch 423 Relative Error 0.2853107750415802
Epoch 424 Relative Error 0.2855006158351898
Epoch 425 Relative Error 0.28469419479370117
Epoch 426 Relative Error 0.28505370020866394
Epoch 427 Relative Error 0.28439560532569885
Epoch 428 Relative Error 0.28478020429611206
Epoch 429 Relative Error 0.28435155749320984
Epoch 430 Relative Error 0.2840235233306885
Epoch 431 Relative Error 0.2837561368942261
Epoch 432 Relative Error 0.28311336040496826
Epoch 433 Relative Error 0.2831174433231354
Epoch 434 Relative Error 0.2825906574726105
Epoch 435 Relative Error 0.2828620970249176
Epoch 436 Relative Error 0.2825142741203308
Epoch 437 Relative Error 0.28220680356025696
Epoch 438 Relative Error 0.2821124792098999
Epoch 439 Relative Error 0.2816917598247528
Epoch 440 Relative Error 0.2818233370780945
Epoch 441 Relative Error 0.2810840308666229
Epoch 442 Relative Error 0.2808225154876709
Epoch 443 Relative Error 0.28083929419517517
Epoch 444 Relative Error 0.28027695417404175
Epoch 445 Relative Error 0.2809332013130188
Epoch 446 Relative Error 0.2802281081676483
Epoch 447 Relative Error 0.27976611256599426
Epoch 448 Relative Error 0.2796812355518341
Epoch 449 Relative Error 0.2793837785720825
Epoch 450 Relative Error 0.2791379690170288
Epoch 451 Relative Error 0.2798563838005066
Epoch 452 Relative Error 0.2793351709842682
Epoch 453 Relative Error 0.27931249141693115
Epoch 454 Relative Error 0.2798992991447449
Epoch 455 Relative Error 0.2809986174106598
Epoch 456 Relative Error 0.2821301519870758
Epoch 457 Relative Error 0.2803226113319397
Epoch 458 Relative Error 0.2798682153224945
Epoch 459 Relative Error 0.27874642610549927
Epoch 460 Relative Error 0.27717524766921997
Epoch 461 Relative Error 0.27721473574638367
Epoch 462 Relative Error 0.2769034206867218
Epoch 463 Relative Error 0.2766071856021881
Epoch 464 Relative Error 0.2762081027030945
Epoch 465 Relative Error 0.27604541182518005
Epoch 466 Relative Error 0.275802880525589
Epoch 467 Relative Error 0.27546462416648865
Epoch 468 Relative Error 0.2758611738681793
Epoch 469 Relative Error 0.27595874667167664
Epoch 470 Relative Error 0.2748052477836609
Epoch 471 Relative Error 0.2749597132205963
Epoch 472 Relative Error 0.2751762568950653
Epoch 473 Relative Error 0.2749578356742859
Epoch 474 Relative Error 0.2750474810600281
Epoch 475 Relative Error 0.2739884853363037
Epoch 476 Relative Error 0.27392056584358215
Epoch 477 Relative Error 0.27355828881263733
Epoch 478 Relative Error 0.2738109529018402
Epoch 479 Relative Error 0.2730518877506256
Epoch 480 Relative Error 0.27284783124923706
Epoch 481 Relative Error 0.27299636602401733
Epoch 482 Relative Error 0.272493451833725
Epoch 483 Relative Error 0.27259135246276855
Epoch 484 Relative Error 0.27195343375205994
Epoch 485 Relative Error 0.27184733748435974
Epoch 486 Relative Error 0.27186232805252075
Epoch 487 Relative Error 0.2716294229030609
Epoch 488 Relative Error 0.27134865522384644
Epoch 489 Relative Error 0.27095097303390503
Epoch 490 Relative Error 0.27169695496559143
Epoch 491 Relative Error 0.27121931314468384
Epoch 492 Relative Error 0.27129194140434265
Epoch 493 Relative Error 0.2713727653026581
Epoch 494 Relative Error 0.27064427733421326
Epoch 495 Relative Error 0.2700076997280121
Epoch 496 Relative Error 0.26987889409065247
Epoch 497 Relative Error 0.2696090638637543
Epoch 498 Relative Error 0.27023524045944214
Epoch 499 Relative Error 0.2690737843513489
Epoch 500 Relative Error 0.2692144811153412
Epoch 501 Relative Error 0.2694241404533386
Epoch 502 Relative Error 0.26890435814857483
Epoch 503 Relative Error 0.26865214109420776
Epoch 504 Relative Error 0.2688751816749573
Epoch 505 Relative Error 0.2680695354938507
Epoch 506 Relative Error 0.26832616329193115
Epoch 507 Relative Error 0.2677646577358246
Epoch 508 Relative Error 0.26781150698661804
Epoch 509 Relative Error 0.26784026622772217
Epoch 510 Relative Error 0.2672775685787201
Epoch 511 Relative Error 0.2674604058265686
Epoch 512 Relative Error 0.2671389877796173
Epoch 513 Relative Error 0.2669094204902649
Epoch 514 Relative Error 0.26772916316986084
Epoch 515 Relative Error 0.26714009046554565
Epoch 516 Relative Error 0.2664339542388916
Epoch 517 Relative Error 0.2662370800971985
Epoch 518 Relative Error 0.26613518595695496
Epoch 519 Relative Error 0.2656893730163574
Epoch 520 Relative Error 0.26555386185646057
Epoch 521 Relative Error 0.26559436321258545
Epoch 522 Relative Error 0.2652100622653961
Epoch 523 Relative Error 0.2651560604572296
Epoch 524 Relative Error 0.2649240791797638
Epoch 525 Relative Error 0.2647390067577362
Epoch 526 Relative Error 0.26458531618118286
Epoch 527 Relative Error 0.2642105221748352
Epoch 528 Relative Error 0.26449093222618103
Epoch 529 Relative Error 0.26400434970855713
Epoch 530 Relative Error 0.26385849714279175
Epoch 531 Relative Error 0.2642265260219574
Epoch 532 Relative Error 0.263541579246521
Epoch 533 Relative Error 0.26343297958374023
Epoch 534 Relative Error 0.2633114159107208
Epoch 535 Relative Error 0.26318904757499695
Epoch 536 Relative Error 0.26285016536712646
Epoch 537 Relative Error 0.2632034122943878
Epoch 538 Relative Error 0.2632925808429718
Epoch 539 Relative Error 0.2629183530807495
Epoch 540 Relative Error 0.26206067204475403
Epoch 541 Relative Error 0.2631663382053375
Epoch 542 Relative Error 0.26177549362182617
Epoch 543 Relative Error 0.26151466369628906
Epoch 544 Relative Error 0.2618667185306549
Epoch 545 Relative Error 0.26140356063842773
Epoch 546 Relative Error 0.2616247236728668
Epoch 547 Relative Error 0.2617855370044708
Epoch 548 Relative Error 0.26099905371665955
Epoch 549 Relative Error 0.2610643804073334
Epoch 550 Relative Error 0.26093947887420654
Epoch 551 Relative Error 0.2604975998401642
Epoch 552 Relative Error 0.2604650557041168
Epoch 553 Relative Error 0.2610812187194824
Epoch 554 Relative Error 0.2603014409542084
Epoch 555 Relative Error 0.2600760757923126
Epoch 556 Relative Error 0.26010140776634216
Epoch 557 Relative Error 0.26037201285362244
Epoch 558 Relative Error 0.2594921588897705
Epoch 559 Relative Error 0.25975149869918823
Epoch 560 Relative Error 0.25931015610694885
Epoch 561 Relative Error 0.25929126143455505
Epoch 562 Relative Error 0.2600596249103546
Epoch 563 Relative Error 0.2592664957046509
Epoch 564 Relative Error 0.25881513953208923
Epoch 565 Relative Error 0.2590484321117401
Epoch 566 Relative Error 0.25844186544418335
Epoch 567 Relative Error 0.2599056661128998
Epoch 568 Relative Error 0.2589944899082184
Epoch 569 Relative Error 0.25845664739608765
Epoch 570 Relative Error 0.258529394865036
Epoch 571 Relative Error 0.2577873766422272
Epoch 572 Relative Error 0.25773969292640686
Epoch 573 Relative Error 0.25767311453819275
Epoch 574 Relative Error 0.256945937871933
Epoch 575 Relative Error 0.25719815492630005
Epoch 576 Relative Error 0.2576461136341095
Epoch 577 Relative Error 0.25747522711753845
Epoch 578 Relative Error 0.25654536485671997
Epoch 579 Relative Error 0.2566649317741394
Epoch 580 Relative Error 0.25651732087135315
Epoch 581 Relative Error 0.25659695267677307
Epoch 582 Relative Error 0.2559644877910614
Epoch 583 Relative Error 0.2562258839607239
Epoch 584 Relative Error 0.2560075521469116
Epoch 585 Relative Error 0.25590720772743225
Epoch 586 Relative Error 0.2560214102268219
Epoch 587 Relative Error 0.25530922412872314
Epoch 588 Relative Error 0.25537675619125366
Epoch 589 Relative Error 0.2552785575389862
Epoch 590 Relative Error 0.25568681955337524
Epoch 591 Relative Error 0.25482603907585144
Epoch 592 Relative Error 0.2548665702342987
Epoch 593 Relative Error 0.25474515557289124
Epoch 594 Relative Error 0.2543242275714874
Epoch 595 Relative Error 0.2553887367248535
Epoch 596 Relative Error 0.25410524010658264
Epoch 597 Relative Error 0.2544073164463043
Epoch 598 Relative Error 0.25382933020591736
Epoch 599 Relative Error 0.2539450526237488
Epoch 600 Relative Error 0.25357785820961
Epoch 601 Relative Error 0.2535916864871979
Epoch 602 Relative Error 0.2535211741924286
Epoch 603 Relative Error 0.25320935249328613
Epoch 604 Relative Error 0.2530699670314789
Epoch 605 Relative Error 0.2532278001308441
Epoch 606 Relative Error 0.2527925968170166
Epoch 607 Relative Error 0.25444653630256653
Epoch 608 Relative Error 0.2533866763114929
Epoch 609 Relative Error 0.25327858328819275
Epoch 610 Relative Error 0.25333550572395325
Epoch 611 Relative Error 0.2525519132614136
Epoch 612 Relative Error 0.2525727152824402
Epoch 613 Relative Error 0.25226977467536926
Epoch 614 Relative Error 0.25214579701423645
Epoch 615 Relative Error 0.25240498781204224
Epoch 616 Relative Error 0.2521451413631439
Epoch 617 Relative Error 0.2514548599720001
Epoch 618 Relative Error 0.2523198127746582
Epoch 619 Relative Error 0.2510620057582855
Epoch 620 Relative Error 0.2512933611869812
Epoch 621 Relative Error 0.2510179281234741
Epoch 622 Relative Error 0.25127050280570984
Epoch 623 Relative Error 0.25106748938560486
Epoch 624 Relative Error 0.25060176849365234
Epoch 625 Relative Error 0.250749796628952
Epoch 626 Relative Error 0.25084149837493896
Epoch 627 Relative Error 0.250489741563797
Epoch 628 Relative Error 0.2506367564201355
Epoch 629 Relative Error 0.25039350986480713
Epoch 630 Relative Error 0.25091201066970825
Epoch 631 Relative Error 0.2505982518196106
Epoch 632 Relative Error 0.2499641329050064
Epoch 633 Relative Error 0.2502969205379486
Epoch 634 Relative Error 0.25043168663978577
Epoch 635 Relative Error 0.2497117519378662
Epoch 636 Relative Error 0.25029951333999634
Epoch 637 Relative Error 0.24984657764434814
Epoch 638 Relative Error 0.24941882491111755
Epoch 639 Relative Error 0.24873879551887512
Epoch 640 Relative Error 0.2488175332546234
Epoch 641 Relative Error 0.2491893321275711
Epoch 642 Relative Error 0.24840593338012695
Epoch 643 Relative Error 0.24899061024188995
Epoch 644 Relative Error 0.24875913560390472
Epoch 645 Relative Error 0.2484709620475769
Epoch 646 Relative Error 0.24838398396968842
Epoch 647 Relative Error 0.24865096807479858
Epoch 648 Relative Error 0.24880972504615784
Epoch 649 Relative Error 0.24772530794143677
Epoch 650 Relative Error 0.24828697741031647
Epoch 651 Relative Error 0.24761976301670074
Epoch 652 Relative Error 0.24782204627990723
Epoch 653 Relative Error 0.24734361469745636
Epoch 654 Relative Error 0.24765951931476593
Epoch 655 Relative Error 0.24697177112102509
Epoch 656 Relative Error 0.24751590192317963
Epoch 657 Relative Error 0.2487562894821167
Epoch 658 Relative Error 0.2467319220304489
Epoch 659 Relative Error 0.24755433201789856
Epoch 660 Relative Error 0.2466813623905182
Epoch 661 Relative Error 0.24700111150741577
Epoch 662 Relative Error 0.24738538265228271
Epoch 663 Relative Error 0.24671204388141632
Epoch 664 Relative Error 0.2470683455467224
Epoch 665 Relative Error 0.24647995829582214
Epoch 666 Relative Error 0.24618731439113617
Epoch 667 Relative Error 0.24624215066432953
Epoch 668 Relative Error 0.24580280482769012
Epoch 669 Relative Error 0.2458709478378296
Epoch 670 Relative Error 0.24588032066822052
Epoch 671 Relative Error 0.2457672506570816
Epoch 672 Relative Error 0.2454729974269867
Epoch 673 Relative Error 0.24589450657367706
Epoch 674 Relative Error 0.2452259659767151
Epoch 675 Relative Error 0.2451435923576355
Epoch 676 Relative Error 0.24546943604946136
Epoch 677 Relative Error 0.24502815306186676
Epoch 678 Relative Error 0.24531206488609314
Epoch 679 Relative Error 0.24541223049163818
Epoch 680 Relative Error 0.24524593353271484
Epoch 681 Relative Error 0.24462531507015228
Epoch 682 Relative Error 0.24464651942253113
Epoch 683 Relative Error 0.24436987936496735
Epoch 684 Relative Error 0.2444857358932495
Epoch 685 Relative Error 0.24424900114536285
Epoch 686 Relative Error 0.2440095990896225
Epoch 687 Relative Error 0.244415745139122
Epoch 688 Relative Error 0.24427199363708496
Epoch 689 Relative Error 0.24385619163513184
Epoch 690 Relative Error 0.24420835077762604
Epoch 691 Relative Error 0.2441168576478958
Epoch 692 Relative Error 0.24444450438022614
Epoch 693 Relative Error 0.2438362091779709
Epoch 694 Relative Error 0.24335764348506927
Epoch 695 Relative Error 0.24369369447231293
Epoch 696 Relative Error 0.24314793944358826
Epoch 697 Relative Error 0.24332642555236816
Epoch 698 Relative Error 0.24308635294437408
Epoch 699 Relative Error 0.24309419095516205
Epoch 700 Relative Error 0.24293145537376404
Epoch 701 Relative Error 0.2430412769317627
Epoch 702 Relative Error 0.2428436428308487
Epoch 703 Relative Error 0.24275657534599304
Epoch 704 Relative Error 0.24287211894989014
Epoch 705 Relative Error 0.24240230023860931
Epoch 706 Relative Error 0.242605060338974
Epoch 707 Relative Error 0.24255511164665222
Epoch 708 Relative Error 0.24201898276805878
Epoch 709 Relative Error 0.24223919212818146
Epoch 710 Relative Error 0.24206839501857758
Epoch 711 Relative Error 0.24179115891456604
Epoch 712 Relative Error 0.24240772426128387
Epoch 713 Relative Error 0.2417118400335312
Epoch 714 Relative Error 0.24145156145095825
Epoch 715 Relative Error 0.24192506074905396
Epoch 716 Relative Error 0.24144278466701508
Epoch 717 Relative Error 0.24149009585380554
Epoch 718 Relative Error 0.24117118120193481
Epoch 719 Relative Error 0.24169068038463593
Epoch 720 Relative Error 0.2414121776819229
Epoch 721 Relative Error 0.24119527637958527
Epoch 722 Relative Error 0.2411108762025833
Epoch 723 Relative Error 0.2409634292125702
Epoch 724 Relative Error 0.2409633994102478
Epoch 725 Relative Error 0.24072040617465973
Epoch 726 Relative Error 0.24114683270454407
Epoch 727 Relative Error 0.24068783223628998
Epoch 728 Relative Error 0.2409791648387909
Epoch 729 Relative Error 0.24169664084911346
Epoch 730 Relative Error 0.24109044671058655
Epoch 731 Relative Error 0.2401043325662613
Epoch 732 Relative Error 0.24061119556427002
Epoch 733 Relative Error 0.2398967444896698
Epoch 734 Relative Error 0.23998607695102692
Epoch 735 Relative Error 0.23981060087680817
Epoch 736 Relative Error 0.24001742899417877
Epoch 737 Relative Error 0.24051864445209503
Epoch 738 Relative Error 0.2399740219116211
Epoch 739 Relative Error 0.24195416271686554
Epoch 740 Relative Error 0.2409113645553589
Epoch 741 Relative Error 0.24057354032993317
Epoch 742 Relative Error 0.2408023476600647
Epoch 743 Relative Error 0.2393399029970169
Epoch 744 Relative Error 0.24013082683086395
Epoch 745 Relative Error 0.23900985717773438
Epoch 746 Relative Error 0.23945242166519165
Epoch 747 Relative Error 0.2392387092113495
Epoch 748 Relative Error 0.23955927789211273
Epoch 749 Relative Error 0.23976056277751923
Epoch 750 Relative Error 0.2393384426832199
Epoch 751 Relative Error 0.2388840913772583
Epoch 752 Relative Error 0.2385372668504715
Epoch 753 Relative Error 0.23911093175411224
Epoch 754 Relative Error 0.23847007751464844
Epoch 755 Relative Error 0.23884308338165283
Epoch 756 Relative Error 0.23831026256084442
Epoch 757 Relative Error 0.2386457920074463
Epoch 758 Relative Error 0.2385627031326294
Epoch 759 Relative Error 0.2384546548128128
Epoch 760 Relative Error 0.2382313311100006
Epoch 761 Relative Error 0.23820753395557404
Epoch 762 Relative Error 0.23778562247753143
Epoch 763 Relative Error 0.2382657825946808
Epoch 764 Relative Error 0.2383040189743042
Epoch 765 Relative Error 0.23771941661834717
Epoch 766 Relative Error 0.2378326803445816
Epoch 767 Relative Error 0.23741281032562256
Epoch 768 Relative Error 0.23770707845687866
Epoch 769 Relative Error 0.2374124377965927
Epoch 770 Relative Error 0.2371409684419632
Epoch 771 Relative Error 0.2376168817281723
Epoch 772 Relative Error 0.23713234066963196
Epoch 773 Relative Error 0.23719477653503418
Epoch 774 Relative Error 0.23733438551425934
Epoch 775 Relative Error 0.23743540048599243
Epoch 776 Relative Error 0.23842845857143402
Epoch 777 Relative Error 0.23762547969818115
Epoch 778 Relative Error 0.23713353276252747
Epoch 779 Relative Error 0.2367977648973465
Epoch 780 Relative Error 0.23674777150154114
Epoch 781 Relative Error 0.2369660586118698
Epoch 782 Relative Error 0.237718865275383
Epoch 783 Relative Error 0.23714078962802887
Epoch 784 Relative Error 0.23801442980766296
Epoch 785 Relative Error 0.23812435567378998
Epoch 786 Relative Error 0.23748990893363953
Epoch 787 Relative Error 0.2388601452112198
Epoch 788 Relative Error 0.23800161480903625
Epoch 789 Relative Error 0.23685435950756073
Epoch 790 Relative Error 0.23639753460884094
Epoch 791 Relative Error 0.23607532680034637
Epoch 792 Relative Error 0.2359883338212967
Epoch 793 Relative Error 0.23586152493953705
Epoch 794 Relative Error 0.23558156192302704
Epoch 795 Relative Error 0.23576240241527557
Epoch 796 Relative Error 0.23565077781677246
Epoch 797 Relative Error 0.23538079857826233
Epoch 798 Relative Error 0.23601053655147552
Epoch 799 Relative Error 0.23733489215373993
Epoch 800 Relative Error 0.23659305274486542
Epoch 801 Relative Error 0.235859677195549
Epoch 802 Relative Error 0.23536525666713715
Epoch 803 Relative Error 0.23607280850410461
Epoch 804 Relative Error 0.2353869378566742
Epoch 805 Relative Error 0.2351459264755249
Epoch 806 Relative Error 0.23513156175613403
Epoch 807 Relative Error 0.23497432470321655
Epoch 808 Relative Error 0.23569665849208832
Epoch 809 Relative Error 0.2352268099784851
Epoch 810 Relative Error 0.23602703213691711
Epoch 811 Relative Error 0.23515819013118744
Epoch 812 Relative Error 0.2347845882177353
Epoch 813 Relative Error 0.23455487191677094
Epoch 814 Relative Error 0.2344304919242859
Epoch 815 Relative Error 0.23440977931022644
Epoch 816 Relative Error 0.23576952517032623
Epoch 817 Relative Error 0.23486995697021484
Epoch 818 Relative Error 0.2359854280948639
Epoch 819 Relative Error 0.234800785779953
Epoch 820 Relative Error 0.23404686152935028
Epoch 821 Relative Error 0.2349628061056137
Epoch 822 Relative Error 0.23447410762310028
Epoch 823 Relative Error 0.23525883257389069
Epoch 824 Relative Error 0.2337086945772171
Epoch 825 Relative Error 0.23401768505573273
Epoch 826 Relative Error 0.2340359091758728
Epoch 827 Relative Error 0.23355981707572937
Epoch 828 Relative Error 0.2339429408311844
Epoch 829 Relative Error 0.23414357006549835
Epoch 830 Relative Error 0.23342615365982056
Epoch 831 Relative Error 0.23376582562923431
Epoch 832 Relative Error 0.23357561230659485
Epoch 833 Relative Error 0.23364625871181488
Epoch 834 Relative Error 0.23309211432933807
Epoch 835 Relative Error 0.23413385450839996
Epoch 836 Relative Error 0.23321469128131866
Epoch 837 Relative Error 0.2335880845785141
Epoch 838 Relative Error 0.23321568965911865
Epoch 839 Relative Error 0.23381277918815613
Epoch 840 Relative Error 0.23315447568893433
Epoch 841 Relative Error 0.2331847995519638
Epoch 842 Relative Error 0.23315216600894928
Epoch 843 Relative Error 0.23301774263381958
Epoch 844 Relative Error 0.23262366652488708
Epoch 845 Relative Error 0.23302391171455383
Epoch 846 Relative Error 0.23258860409259796
Epoch 847 Relative Error 0.23314279317855835
Epoch 848 Relative Error 0.23254653811454773
Epoch 849 Relative Error 0.2326512634754181
Epoch 850 Relative Error 0.2324170172214508
Epoch 851 Relative Error 0.2326817363500595
Epoch 852 Relative Error 0.2325531393289566
Epoch 853 Relative Error 0.23249217867851257
Epoch 854 Relative Error 0.2325029969215393
Epoch 855 Relative Error 0.23389039933681488
Epoch 856 Relative Error 0.2333010882139206
Epoch 857 Relative Error 0.2322845160961151
Epoch 858 Relative Error 0.23178255558013916
Epoch 859 Relative Error 0.23242568969726562
Epoch 860 Relative Error 0.23195438086986542
Epoch 861 Relative Error 0.23208707571029663
Epoch 862 Relative Error 0.2319435030221939
Epoch 863 Relative Error 0.23298926651477814
Epoch 864 Relative Error 0.23355300724506378
Epoch 865 Relative Error 0.23317204415798187
Epoch 866 Relative Error 0.23285891115665436
Epoch 867 Relative Error 0.23224283754825592
Epoch 868 Relative Error 0.23149167001247406
Epoch 869 Relative Error 0.2316180318593979
Epoch 870 Relative Error 0.23174887895584106
Epoch 871 Relative Error 0.23175105452537537
Epoch 872 Relative Error 0.2312326729297638
Epoch 873 Relative Error 0.23141463100910187
Epoch 874 Relative Error 0.23136401176452637
Epoch 875 Relative Error 0.23131902515888214
Epoch 876 Relative Error 0.23240388929843903
Epoch 877 Relative Error 0.23086795210838318
Epoch 878 Relative Error 0.23138029873371124
Epoch 879 Relative Error 0.23162075877189636
Epoch 880 Relative Error 0.23130573332309723
Epoch 881 Relative Error 0.23234747350215912
Epoch 882 Relative Error 0.23295269906520844
Epoch 883 Relative Error 0.23196053504943848
Epoch 884 Relative Error 0.2325199842453003
Epoch 885 Relative Error 0.23233561217784882
Epoch 886 Relative Error 0.232560932636261
Epoch 887 Relative Error 0.2321791648864746
Epoch 888 Relative Error 0.23131027817726135
Epoch 889 Relative Error 0.23071765899658203
Epoch 890 Relative Error 0.23070703446865082
Epoch 891 Relative Error 0.2302093654870987
Epoch 892 Relative Error 0.23085571825504303
Epoch 893 Relative Error 0.2306625247001648
Epoch 894 Relative Error 0.23028691112995148
Epoch 895 Relative Error 0.23046380281448364
Epoch 896 Relative Error 0.23015297949314117
Epoch 897 Relative Error 0.2301875501871109
Epoch 898 Relative Error 0.23044288158416748
Epoch 899 Relative Error 0.23016603291034698
Epoch 900 Relative Error 0.2305467575788498
Epoch 901 Relative Error 0.23062732815742493
Epoch 902 Relative Error 0.23023633658885956
Epoch 903 Relative Error 0.23018434643745422
Epoch 904 Relative Error 0.2303890734910965
Epoch 905 Relative Error 0.23022520542144775
Epoch 906 Relative Error 0.22990314662456512
Epoch 907 Relative Error 0.2299530953168869
Epoch 908 Relative Error 0.23002192378044128
Epoch 909 Relative Error 0.2300928831100464
Epoch 910 Relative Error 0.22963827848434448
Epoch 911 Relative Error 0.2302837073802948
Epoch 912 Relative Error 0.23117172718048096
Epoch 913 Relative Error 0.23109561204910278
Epoch 914 Relative Error 0.23022079467773438
Epoch 915 Relative Error 0.22953249514102936
Epoch 916 Relative Error 0.22941890358924866
Epoch 917 Relative Error 0.2303566187620163
Epoch 918 Relative Error 0.22982440888881683
Epoch 919 Relative Error 0.22911980748176575
Epoch 920 Relative Error 0.23004946112632751
Epoch 921 Relative Error 0.22936275601387024
Epoch 922 Relative Error 0.22944745421409607
Epoch 923 Relative Error 0.2295568585395813
Epoch 924 Relative Error 0.22880463302135468
Epoch 925 Relative Error 0.2292127162218094
Epoch 926 Relative Error 0.2297486811876297
Epoch 927 Relative Error 0.22887083888053894
Epoch 928 Relative Error 0.22994869947433472
Epoch 929 Relative Error 0.22982574999332428
Epoch 930 Relative Error 0.2289595752954483
Epoch 931 Relative Error 0.22944480180740356
Epoch 932 Relative Error 0.22989743947982788
Epoch 933 Relative Error 0.22943587601184845
Epoch 934 Relative Error 0.22897817194461823
Epoch 935 Relative Error 0.22897212207317352
Epoch 936 Relative Error 0.22846806049346924
Epoch 937 Relative Error 0.22862473130226135
Epoch 938 Relative Error 0.22916939854621887
Epoch 939 Relative Error 0.2302422970533371
Epoch 940 Relative Error 0.23167268931865692
Epoch 941 Relative Error 0.2314213216304779
Epoch 942 Relative Error 0.2322726994752884
Epoch 943 Relative Error 0.22973710298538208
Epoch 944 Relative Error 0.22809863090515137
Epoch 945 Relative Error 0.22829237580299377
Epoch 946 Relative Error 0.22849862277507782
Epoch 947 Relative Error 0.22894386947155
Epoch 948 Relative Error 0.22909872233867645
Epoch 949 Relative Error 0.23077207803726196
Epoch 950 Relative Error 0.2302817553281784
Epoch 951 Relative Error 0.23298302292823792
Epoch 952 Relative Error 0.2321528196334839
Epoch 953 Relative Error 0.22976568341255188
Epoch 954 Relative Error 0.22857537865638733
Epoch 955 Relative Error 0.22843243181705475
Epoch 956 Relative Error 0.22834748029708862
Epoch 957 Relative Error 0.22840867936611176
Epoch 958 Relative Error 0.22791622579097748
Epoch 959 Relative Error 0.22774063050746918
Epoch 960 Relative Error 0.22833497822284698
Epoch 961 Relative Error 0.2273612767457962
Epoch 962 Relative Error 0.22766993939876556
Epoch 963 Relative Error 0.2277049422264099
Epoch 964 Relative Error 0.22744452953338623
Epoch 965 Relative Error 0.22758546471595764
Epoch 966 Relative Error 0.22752268612384796
Epoch 967 Relative Error 0.22800442576408386
Epoch 968 Relative Error 0.22727040946483612
Epoch 969 Relative Error 0.22752594947814941
Epoch 970 Relative Error 0.2278207242488861
Epoch 971 Relative Error 0.22754962742328644
Epoch 972 Relative Error 0.22758984565734863
Epoch 973 Relative Error 0.22826305031776428
Epoch 974 Relative Error 0.22757402062416077
Epoch 975 Relative Error 0.22764842212200165
Epoch 976 Relative Error 0.2273390293121338
Epoch 977 Relative Error 0.2281460016965866
Epoch 978 Relative Error 0.22813600301742554
Epoch 979 Relative Error 0.22670602798461914
Epoch 980 Relative Error 0.22771474719047546
Epoch 981 Relative Error 0.22668875753879547
Epoch 982 Relative Error 0.2274758368730545
Epoch 983 Relative Error 0.22737091779708862
Epoch 984 Relative Error 0.22688695788383484
Epoch 985 Relative Error 0.2270570695400238
Epoch 986 Relative Error 0.22664692997932434
Epoch 987 Relative Error 0.22699636220932007
Epoch 988 Relative Error 0.2266797125339508
Epoch 989 Relative Error 0.2272418588399887
Epoch 990 Relative Error 0.22673244774341583
Epoch 991 Relative Error 0.22657540440559387
Epoch 992 Relative Error 0.22710078954696655
Epoch 993 Relative Error 0.22636380791664124
Epoch 994 Relative Error 0.2270369678735733
Epoch 995 Relative Error 0.22665485739707947
Epoch 996 Relative Error 0.2260705530643463
Epoch 997 Relative Error 0.22651787102222443
Epoch 998 Relative Error 0.22656787931919098
Epoch 999 Relative Error 0.22747674584388733
Epoch 1000 Relative Error 0.22777654230594635
RE (3, 7, 22, 0): 0.2260705530643463
Green's Function RE (3, 7, 22, 0): 0.13726499676704407
Bias Term RE (3, 7, 22, 0): 0.060122307389974594
Combination (3, 7, 22, 0, 0): 0.2273125797510147
Combination (3, 7, 22, 0, 1): 0.22669750452041626
Combination (3, 7, 22, 0, 2): 0.226497083902359
Combination (3, 7, 22, 0, 3): 0.22643087804317474
Combination (3, 7, 22, 0, 4): 0.22639767825603485

/home/gridsan/gstepaniants/.local/lib/python3.8/site-packages/torch/functional.py:478: UserWarning: torch.meshgrid: in an upcoming release, it will be required to pass the indexing argument. (Triggered internally at  ../aten/src/ATen/native/TensorShape.cpp:2895.)
  return _VF.meshgrid(tensors, **kwargs)  # type: ignore[attr-defined]
