[KeOps] Warning : Cuda libraries were not detected on the system ; using cpu only mode
1
Kernel: SquaredExponential
Weight Mesh: 100
RKHS Kernel Width: 0.009000000000000001
Lambda: 1e-06
Green's Function Learning Rate: 100
Bias Term Learning Rate: 100
Epoch 1 Relative Error 1919.3753662109375
First epoch had re = 1919.3753662109375 > 1
Green's Function Learning Rate: 50
Bias Term Learning Rate: 50
Epoch 1 Relative Error 889.6328125
First epoch had re = 889.6328125 > 1
Green's Function Learning Rate: 10
Bias Term Learning Rate: 10
Epoch 1 Relative Error 223.6604766845703
First epoch had re = 223.6604766845703 > 1
Green's Function Learning Rate: 5
Bias Term Learning Rate: 5
Epoch 1 Relative Error 89.06668853759766
First epoch had re = 89.06668853759766 > 1
Green's Function Learning Rate: 1
Bias Term Learning Rate: 1
Epoch 1 Relative Error 14.385421752929688
First epoch had re = 14.385421752929688 > 1
Green's Function Learning Rate: 0.5
Bias Term Learning Rate: 0.5
Epoch 1 Relative Error 10.362353324890137
First epoch had re = 10.362353324890137 > 1
Green's Function Learning Rate: 0.1
Bias Term Learning Rate: 0.1
Epoch 1 Relative Error 1.6137092113494873
First epoch had re = 1.6137092113494873 > 1
Green's Function Learning Rate: 0.05
Bias Term Learning Rate: 0.05
Epoch 1 Relative Error 0.8961575627326965
Epoch 2 Relative Error 0.6305459141731262
Epoch 3 Relative Error 0.5124960541725159
Epoch 4 Relative Error 0.4516471028327942
Epoch 5 Relative Error 0.34884029626846313
Epoch 6 Relative Error 0.264948308467865
Epoch 7 Relative Error 0.2244700938463211
Epoch 8 Relative Error 0.19334940612316132
Epoch 9 Relative Error 0.17129191756248474
Epoch 10 Relative Error 0.12088334560394287
Epoch 11 Relative Error 0.09869953244924545
Epoch 12 Relative Error 0.07887370884418488
Epoch 13 Relative Error 0.059787262231111526
Epoch 14 Relative Error 0.053100962191820145
Epoch 15 Relative Error 0.04864746332168579
Epoch 16 Relative Error 0.03914344683289528
Epoch 17 Relative Error 0.03408539667725563
Epoch 18 Relative Error 0.026954857632517815
Epoch 19 Relative Error 0.02306523360311985
Epoch 20 Relative Error 0.018593573942780495
Epoch 21 Relative Error 0.014517737552523613
Epoch 22 Relative Error 0.012683815322816372
Epoch 23 Relative Error 0.009862888604402542
Epoch 24 Relative Error 0.00835265964269638
Epoch 25 Relative Error 0.0067511084489524364
Epoch 26 Relative Error 0.006153816357254982
Epoch 27 Relative Error 0.005261097569018602
Epoch 28 Relative Error 0.004633060656487942
Epoch 29 Relative Error 0.004363918676972389
Epoch 30 Relative Error 0.003364679403603077
Epoch 31 Relative Error 0.0029139816761016846
Epoch 32 Relative Error 0.0026675197295844555
Epoch 33 Relative Error 0.0023119656834751368
Epoch 34 Relative Error 0.002257751068100333
Epoch 35 Relative Error 0.0019728464540094137
Epoch 36 Relative Error 0.0019148688297718763
Epoch 37 Relative Error 0.0017756070010364056
Epoch 38 Relative Error 0.001612533931620419
Epoch 39 Relative Error 0.0015256820479407907
Epoch 40 Relative Error 0.0014510996406897902
Epoch 41 Relative Error 0.0013997730566188693
Epoch 42 Relative Error 0.0014311503618955612
Epoch 43 Relative Error 0.0013304314343258739
Epoch 44 Relative Error 0.0013193448539823294
Epoch 45 Relative Error 0.001321613322943449
Epoch 46 Relative Error 0.0013042711652815342
Epoch 47 Relative Error 0.0011918697273358703
Epoch 48 Relative Error 0.0012586882803589106
Epoch 49 Relative Error 0.001167072681710124
Epoch 50 Relative Error 0.001119135646149516
Epoch 51 Relative Error 0.0011343383230268955
Epoch 52 Relative Error 0.001173786586150527
Epoch 53 Relative Error 0.0010786578059196472
Epoch 54 Relative Error 0.0010447753593325615
Epoch 55 Relative Error 0.00103062076959759
Epoch 56 Relative Error 0.0010160746751353145
Epoch 57 Relative Error 0.0009868736378848553
Epoch 58 Relative Error 0.0009118510060943663
Epoch 59 Relative Error 0.0009435859974473715
Epoch 60 Relative Error 0.0008744355873204768
Epoch 61 Relative Error 0.0009261135128326714
Epoch 62 Relative Error 0.0009190700948238373
Epoch 63 Relative Error 0.0008336242754012346
Epoch 64 Relative Error 0.0008312830468639731
Epoch 65 Relative Error 0.0007815944845788181
Epoch 66 Relative Error 0.0008210588712245226
Epoch 67 Relative Error 0.0007726821349933743
Epoch 68 Relative Error 0.0007792816031724215
Epoch 69 Relative Error 0.0007981308735907078
Epoch 70 Relative Error 0.0008308151736855507
Epoch 71 Relative Error 0.0007824840140528977
Epoch 72 Relative Error 0.000812423531897366
Epoch 73 Relative Error 0.0007669707993045449
Epoch 74 Relative Error 0.0007959562935866416
Epoch 75 Relative Error 0.0007352239335887134
Epoch 76 Relative Error 0.0007544634863734245
Epoch 77 Relative Error 0.0007030696724541485
Epoch 78 Relative Error 0.0007768954965285957
Epoch 79 Relative Error 0.0006645173998549581
Epoch 80 Relative Error 0.0006804143777117133
Epoch 81 Relative Error 0.0006546833319589496
Epoch 82 Relative Error 0.000622851075604558
Epoch 83 Relative Error 0.0006848265184089541
Epoch 84 Relative Error 0.0006080110906623304
Epoch 85 Relative Error 0.0005819259095005691
Epoch 86 Relative Error 0.0005940215778537095
Epoch 87 Relative Error 0.0006224103271961212
Epoch 88 Relative Error 0.0005959216505289078
Epoch 89 Relative Error 0.0006070274976082146
Epoch 90 Relative Error 0.0006045835907571018
Epoch 91 Relative Error 0.0005654194974340498
Epoch 92 Relative Error 0.0006736037321388721
Epoch 93 Relative Error 0.000538356660399586
Epoch 94 Relative Error 0.0005543077131733298
Epoch 95 Relative Error 0.0005593576352111995
Epoch 96 Relative Error 0.0005157318664714694
Epoch 97 Relative Error 0.0005383233656175435
Epoch 98 Relative Error 0.0005308284889906645
Epoch 99 Relative Error 0.0005168562638573349
Epoch 100 Relative Error 0.0004997886717319489
Epoch 101 Relative Error 0.0004887250834144652
Epoch 102 Relative Error 0.0005093385116197169
Epoch 103 Relative Error 0.0004803710035048425
Epoch 104 Relative Error 0.000493521336466074
Epoch 105 Relative Error 0.00047875760355964303
Epoch 106 Relative Error 0.0004959860816597939
Epoch 107 Relative Error 0.00047993703628890216
Epoch 108 Relative Error 0.0004556243948172778
Epoch 109 Relative Error 0.0004415324074216187
Epoch 110 Relative Error 0.0004978160141035914
Epoch 111 Relative Error 0.000479401380289346
Epoch 112 Relative Error 0.00047807200462557375
Epoch 113 Relative Error 0.0004612374468706548
Epoch 114 Relative Error 0.0004792461113538593
Epoch 115 Relative Error 0.000512840342707932
Epoch 116 Relative Error 0.00046956230653449893
Epoch 117 Relative Error 0.0005125211318954825
Epoch 118 Relative Error 0.0005497488309629261
Epoch 119 Relative Error 0.0004588420270010829
Epoch 120 Relative Error 0.0004533205064944923
Epoch 121 Relative Error 0.00041639767005108297
Epoch 122 Relative Error 0.000425688864197582
Epoch 123 Relative Error 0.00044311233796179295
Epoch 124 Relative Error 0.0004579056112561375
Epoch 125 Relative Error 0.000399705080781132
Epoch 126 Relative Error 0.00039054936496540904
Epoch 127 Relative Error 0.00043418456334620714
Epoch 128 Relative Error 0.000406643986934796
Epoch 129 Relative Error 0.00039413574268110096
Epoch 130 Relative Error 0.0003966928052250296
Epoch 131 Relative Error 0.0003807275206781924
Epoch 132 Relative Error 0.0004214872024022043
Epoch 133 Relative Error 0.0003954487037844956
Epoch 134 Relative Error 0.00046088220551609993
Epoch 135 Relative Error 0.0004028041730634868
Epoch 136 Relative Error 0.0004027511749882251
Epoch 137 Relative Error 0.0003750279429368675
Epoch 138 Relative Error 0.0003768661990761757
Epoch 139 Relative Error 0.0004205418808851391
Epoch 140 Relative Error 0.00036848982563242316
Epoch 141 Relative Error 0.00042888542520813644
Epoch 142 Relative Error 0.0004204456927254796
Epoch 143 Relative Error 0.0003797256213147193
Epoch 144 Relative Error 0.0003522841143421829
Epoch 145 Relative Error 0.0004465386737138033
Epoch 146 Relative Error 0.0004004760703537613
Epoch 147 Relative Error 0.0004340342420618981
Epoch 148 Relative Error 0.0004284951137378812
Epoch 149 Relative Error 0.0004054293967783451
Epoch 150 Relative Error 0.0004449279513210058
Epoch 151 Relative Error 0.0004029522533528507
Epoch 152 Relative Error 0.00040573859587311745
Epoch 153 Relative Error 0.00036542260204441845
Epoch 154 Relative Error 0.0003907567006535828
Epoch 155 Relative Error 0.00038468450657092035
Epoch 156 Relative Error 0.00036430993350222707
Epoch 157 Relative Error 0.0003780269471462816
Epoch 158 Relative Error 0.00044926151167601347
Epoch 159 Relative Error 0.00037849872023798525
Epoch 160 Relative Error 0.00041368466918356717
Epoch 161 Relative Error 0.00037664989940822124
Epoch 162 Relative Error 0.00039692517020739615
Epoch 163 Relative Error 0.00036926756729371846
Epoch 164 Relative Error 0.0003242130042053759
Epoch 165 Relative Error 0.00034778492408804595
Epoch 166 Relative Error 0.0003543527564033866
Epoch 167 Relative Error 0.0004245085292495787
Epoch 168 Relative Error 0.0003725967835634947
Epoch 169 Relative Error 0.00037184738903306425
Epoch 170 Relative Error 0.0003601734060794115
Epoch 171 Relative Error 0.00037697222433052957
Epoch 172 Relative Error 0.00033431375049985945
Epoch 173 Relative Error 0.0003497897123452276
Epoch 174 Relative Error 0.000366478314390406
Epoch 175 Relative Error 0.0003851426299661398
Epoch 176 Relative Error 0.00033876404631882906
Epoch 177 Relative Error 0.00033943794551305473
Epoch 178 Relative Error 0.00038293495890684426
Epoch 179 Relative Error 0.00036168080987408757
Epoch 180 Relative Error 0.00037258610245771706
Epoch 181 Relative Error 0.00037986983079463243
Epoch 182 Relative Error 0.0003497757134027779
Epoch 183 Relative Error 0.00034285325091332197
Epoch 184 Relative Error 0.00036746764089912176
Epoch 185 Relative Error 0.0003536297008395195
Epoch 186 Relative Error 0.000335929449647665
Epoch 187 Relative Error 0.0003807680041063577
Epoch 188 Relative Error 0.00033055152744054794
Epoch 189 Relative Error 0.0003289773012511432
Epoch 190 Relative Error 0.00033563474426046014
Epoch 191 Relative Error 0.0003768486203625798
Epoch 192 Relative Error 0.00038083907566033304
Epoch 193 Relative Error 0.00040829990757629275
Epoch 194 Relative Error 0.0004014081205241382
Epoch 195 Relative Error 0.00040157194598577917
Epoch 196 Relative Error 0.0003750831529032439
Epoch 197 Relative Error 0.0003772144846152514
Epoch 198 Relative Error 0.00033683021320030093
Epoch 199 Relative Error 0.00037097412860020995
Epoch 200 Relative Error 0.00038016197504475713
Epoch 201 Relative Error 0.00037130812415853143
Epoch 202 Relative Error 0.00030118224094621837
Epoch 203 Relative Error 0.0003265305422246456
Epoch 204 Relative Error 0.0003616768808569759
Epoch 205 Relative Error 0.0004391346883494407
Epoch 206 Relative Error 0.0004243084695190191
Epoch 207 Relative Error 0.0005082262796349823
Epoch 208 Relative Error 0.000507754331920296
Epoch 209 Relative Error 0.00036843473208136857
Epoch 210 Relative Error 0.00035774309071712196
Epoch 211 Relative Error 0.00030715754837729037
Epoch 212 Relative Error 0.00030608559609390795
Epoch 213 Relative Error 0.0002691595582291484
Epoch 214 Relative Error 0.00026721585891209543
Epoch 215 Relative Error 0.0003783184802159667
Epoch 216 Relative Error 0.0003592108841985464
Epoch 217 Relative Error 0.0003143880458083004
Epoch 218 Relative Error 0.00031558441696688533
Epoch 219 Relative Error 0.0002853326441254467
Epoch 220 Relative Error 0.0003167340182699263
Epoch 221 Relative Error 0.0003403924056328833
Epoch 222 Relative Error 0.00040043305489234626
Epoch 223 Relative Error 0.00042045541340485215
Epoch 224 Relative Error 0.0003522590559441596
Epoch 225 Relative Error 0.0003765836590901017
Epoch 226 Relative Error 0.00033692753640934825
Epoch 227 Relative Error 0.00031317182583734393
Epoch 228 Relative Error 0.0003082308394368738
Epoch 229 Relative Error 0.0003158974286634475
Epoch 230 Relative Error 0.00037343837902881205
Epoch 231 Relative Error 0.00036250895936973393
Epoch 232 Relative Error 0.0002824316325131804
Epoch 233 Relative Error 0.00031518188188783824
Epoch 234 Relative Error 0.00029922285466454923
Epoch 235 Relative Error 0.0002958863042294979
Epoch 236 Relative Error 0.0003372141218278557
Epoch 237 Relative Error 0.0003660584334284067
Epoch 238 Relative Error 0.0003159660554956645
Epoch 239 Relative Error 0.0002935139345936477
Epoch 240 Relative Error 0.00026272222748957574
Epoch 241 Relative Error 0.0003936207795049995
Epoch 242 Relative Error 0.0002649415982887149
Epoch 243 Relative Error 0.0002478796523064375
Epoch 244 Relative Error 0.00030126271303743124
Epoch 245 Relative Error 0.00030615393188782036
Epoch 246 Relative Error 0.0003245900443289429
Epoch 247 Relative Error 0.00027749515720643103
Epoch 248 Relative Error 0.00027149845845997334
Epoch 249 Relative Error 0.0002539123233873397
Epoch 250 Relative Error 0.00028769864002242684
Epoch 251 Relative Error 0.0002653941046446562
Epoch 252 Relative Error 0.0002811008598655462
Epoch 253 Relative Error 0.0002882416301872581
Epoch 254 Relative Error 0.00029633758822456
Epoch 255 Relative Error 0.0003754614444915205
Epoch 256 Relative Error 0.00030105235055088997
Epoch 257 Relative Error 0.0003184706438332796
Epoch 258 Relative Error 0.00029276215354911983
Epoch 259 Relative Error 0.0003332656342536211
Epoch 260 Relative Error 0.00036191806429997087
Epoch 261 Relative Error 0.0004284653696231544
Epoch 262 Relative Error 0.0003559937758836895
Epoch 263 Relative Error 0.0004126017156522721
Epoch 264 Relative Error 0.00031146142282523215
Epoch 265 Relative Error 0.000317421363433823
Epoch 266 Relative Error 0.00030968524515628815
Epoch 267 Relative Error 0.00029152771458029747
Epoch 268 Relative Error 0.0003296583890914917
Epoch 269 Relative Error 0.000299947801977396
Epoch 270 Relative Error 0.0002462049887981266
Epoch 271 Relative Error 0.00029982018168084323
Epoch 272 Relative Error 0.00033428557799197733
Epoch 273 Relative Error 0.0003247759013902396
Epoch 274 Relative Error 0.0002699773176573217
Epoch 275 Relative Error 0.00023225077893584967
Epoch 276 Relative Error 0.000290759518975392
Epoch 277 Relative Error 0.00030970023362897336
Epoch 278 Relative Error 0.00029259719303809106
Epoch 279 Relative Error 0.00026336300652474165
Epoch 280 Relative Error 0.00030062426230870187
Epoch 281 Relative Error 0.0003202873340342194
Epoch 282 Relative Error 0.00023271681857295334
Epoch 283 Relative Error 0.0002376403717789799
Epoch 284 Relative Error 0.0002826067211572081
Epoch 285 Relative Error 0.0002682979393284768
Epoch 286 Relative Error 0.00028872775146737695
Epoch 287 Relative Error 0.00031699705868959427
Epoch 288 Relative Error 0.00031660968670621514
Epoch 289 Relative Error 0.00030423846328631043
Epoch 290 Relative Error 0.0003679801884572953
Epoch 291 Relative Error 0.0003165744128637016
Epoch 292 Relative Error 0.0002995903487317264
Epoch 293 Relative Error 0.0003386434691492468
Epoch 294 Relative Error 0.0003090300306212157
Epoch 295 Relative Error 0.0003016137925442308
Epoch 296 Relative Error 0.00026405471726320684
Epoch 297 Relative Error 0.00031238520750775933
Epoch 298 Relative Error 0.00031334342202171683
Epoch 299 Relative Error 0.00030197776504792273
Epoch 300 Relative Error 0.00024892741930671036
Epoch 301 Relative Error 0.0002871897886507213
Epoch 302 Relative Error 0.00031158802448771894
Epoch 303 Relative Error 0.0003383282746654004
Epoch 304 Relative Error 0.00040036457357928157
Epoch 305 Relative Error 0.00036431881017051637
Epoch 306 Relative Error 0.00029114505741745234
Epoch 307 Relative Error 0.0003220703511033207
Epoch 308 Relative Error 0.0003449471842031926
Epoch 309 Relative Error 0.00036398242809809744
Epoch 310 Relative Error 0.0003514169075060636
Epoch 311 Relative Error 0.0003185872919857502
Epoch 312 Relative Error 0.0003783853317145258
Epoch 313 Relative Error 0.0003711514873430133
Epoch 314 Relative Error 0.00037808113847859204
Epoch 315 Relative Error 0.0003479350416455418
Epoch 316 Relative Error 0.00042606430361047387
Epoch 317 Relative Error 0.00031582865631207824
Epoch 318 Relative Error 0.0003389027842786163
Epoch 319 Relative Error 0.00033329243888147175
Epoch 320 Relative Error 0.00031278308597393334
Epoch 321 Relative Error 0.0003171545686200261
Epoch 322 Relative Error 0.0003227094130124897
Epoch 323 Relative Error 0.00040762784192338586
Epoch 324 Relative Error 0.00045238510938361287
Epoch 325 Relative Error 0.0003850716748274863
Epoch 326 Relative Error 0.0004356768913567066
Epoch 327 Relative Error 0.00045654556015506387
Epoch 328 Relative Error 0.0004470019193831831
Epoch 329 Relative Error 0.0004740777367260307
Epoch 330 Relative Error 0.00043271228787489235
Epoch 331 Relative Error 0.0004013785219285637
Epoch 332 Relative Error 0.000413496425608173
Epoch 333 Relative Error 0.0003958884335588664
Epoch 334 Relative Error 0.00040027551585808396
Epoch 335 Relative Error 0.00038307905197143555
Epoch 336 Relative Error 0.0004353726690169424
Epoch 337 Relative Error 0.0004121663805563003
Epoch 338 Relative Error 0.00038040155777707696
Epoch 339 Relative Error 0.0004262436123099178
Epoch 340 Relative Error 0.00035734084667637944
Epoch 341 Relative Error 0.00035195378586649895
Epoch 342 Relative Error 0.00028533703880384564
Epoch 343 Relative Error 0.0002879345556721091
Epoch 344 Relative Error 0.0003673702012747526
Epoch 345 Relative Error 0.0002866435097530484
Epoch 346 Relative Error 0.0002548609918449074
Epoch 347 Relative Error 0.00027086291811428964
Epoch 348 Relative Error 0.0003204241511411965
Epoch 349 Relative Error 0.00032658359850756824
Epoch 350 Relative Error 0.0002915383956860751
Epoch 351 Relative Error 0.0003012687957379967
Epoch 352 Relative Error 0.00031258241506293416
Epoch 353 Relative Error 0.00030979112489148974
Epoch 354 Relative Error 0.0003069018421228975
Epoch 355 Relative Error 0.00031480344478040934
Epoch 356 Relative Error 0.0002845862472895533
Epoch 357 Relative Error 0.00032521746470592916
Epoch 358 Relative Error 0.0002616357814986259
Epoch 359 Relative Error 0.00027424353174865246
Epoch 360 Relative Error 0.0002876338839996606
Epoch 361 Relative Error 0.0003238441713619977
Epoch 362 Relative Error 0.00027373628108762205
Epoch 363 Relative Error 0.00024590673274360597
Epoch 364 Relative Error 0.00032772633130662143
Epoch 365 Relative Error 0.00028571957955136895
Epoch 366 Relative Error 0.000301181135000661
Epoch 367 Relative Error 0.00035465412656776607
Epoch 368 Relative Error 0.0003356057277414948
Epoch 369 Relative Error 0.00032070110319182277
Epoch 370 Relative Error 0.0003059251175727695
Epoch 371 Relative Error 0.0003527379594743252
Epoch 372 Relative Error 0.00036295835161581635
Epoch 373 Relative Error 0.0004002917557954788
Epoch 374 Relative Error 0.00038367640809156
Epoch 375 Relative Error 0.00037254582275636494
Epoch 376 Relative Error 0.00035692541860044
Epoch 377 Relative Error 0.0003071303653996438
Epoch 378 Relative Error 0.00033855182118713856
Epoch 379 Relative Error 0.00035729759838432074
Epoch 380 Relative Error 0.00036410216125659645
Epoch 381 Relative Error 0.0003237107302993536
Epoch 382 Relative Error 0.00029795797308906913
Epoch 383 Relative Error 0.000250521203270182
Epoch 384 Relative Error 0.00027585081988945603
Epoch 385 Relative Error 0.00032231255318038166
Epoch 386 Relative Error 0.00026148659526370466
Epoch 387 Relative Error 0.000282880908343941
Epoch 388 Relative Error 0.0002870246535167098
Epoch 389 Relative Error 0.000269174634013325
Epoch 390 Relative Error 0.0003030645311810076
Epoch 391 Relative Error 0.0003610183484852314
Epoch 392 Relative Error 0.0003748692397493869
Epoch 393 Relative Error 0.0003828602784778923
Epoch 394 Relative Error 0.0003293051559012383
Epoch 395 Relative Error 0.00031871884129941463
Epoch 396 Relative Error 0.0002869470918085426
Epoch 397 Relative Error 0.0003199682687409222
Epoch 398 Relative Error 0.00036972510861232877
Epoch 399 Relative Error 0.0003706851275637746
Epoch 400 Relative Error 0.00035555550130084157
Epoch 401 Relative Error 0.00036169716622680426
Epoch 402 Relative Error 0.00027157083968631923
Epoch 403 Relative Error 0.0003076879365835339
Epoch 404 Relative Error 0.0002910211915150285
Epoch 405 Relative Error 0.00037582541699521244
Epoch 406 Relative Error 0.00036149847437627614
Epoch 407 Relative Error 0.0003886556951329112
Epoch 408 Relative Error 0.00041007008985616267
Epoch 409 Relative Error 0.0003439929278101772
Epoch 410 Relative Error 0.0003762819105759263
Epoch 411 Relative Error 0.0003950411919504404
Epoch 412 Relative Error 0.0003063908952753991
Epoch 413 Relative Error 0.00039032925269566476
Epoch 414 Relative Error 0.000335918040946126
Epoch 415 Relative Error 0.0003904135664924979
Epoch 416 Relative Error 0.00044551093014888465
Epoch 417 Relative Error 0.0003976652806159109
Epoch 418 Relative Error 0.0005184185574762523
Epoch 419 Relative Error 0.0004648180620279163
Epoch 420 Relative Error 0.00040422118036076427
Epoch 421 Relative Error 0.00043504629866220057
Epoch 422 Relative Error 0.0003976442967541516
Epoch 423 Relative Error 0.00038210602360777557
Epoch 424 Relative Error 0.00031358201522380114
Epoch 425 Relative Error 0.0003696380299516022
Epoch 426 Relative Error 0.00035505814594216645
Epoch 427 Relative Error 0.0003612052241805941
Epoch 428 Relative Error 0.0004036478349007666
Epoch 429 Relative Error 0.0003538314485922456
Epoch 430 Relative Error 0.00039720526547171175
Epoch 431 Relative Error 0.00032381899654865265
Epoch 432 Relative Error 0.00031124724773690104
Epoch 433 Relative Error 0.0003103978233411908
Epoch 434 Relative Error 0.00034453353146091104
Epoch 435 Relative Error 0.0003993029531557113
Epoch 436 Relative Error 0.0004094514297321439
Epoch 437 Relative Error 0.00040701989200897515
Epoch 438 Relative Error 0.00031133712036535144
Epoch 439 Relative Error 0.00039832937181927264
Epoch 440 Relative Error 0.00030340789817273617
Epoch 441 Relative Error 0.00035849696723744273
Epoch 442 Relative Error 0.0003681510570459068
Epoch 443 Relative Error 0.0003178971237502992
Epoch 444 Relative Error 0.0002962410217151046
Epoch 445 Relative Error 0.0003129113174509257
Epoch 446 Relative Error 0.0003764460561797023
Epoch 447 Relative Error 0.00031976663740351796
Epoch 448 Relative Error 0.00026977164088748395
Epoch 449 Relative Error 0.00033028353936970234
Epoch 450 Relative Error 0.0003162411449011415
Epoch 451 Relative Error 0.00032516627106815577
Epoch 452 Relative Error 0.0002910043695010245
Epoch 453 Relative Error 0.0003717783256433904
Epoch 454 Relative Error 0.0003373547224327922
Epoch 455 Relative Error 0.00037374458042904735
Epoch 456 Relative Error 0.00038829765981063247
Epoch 457 Relative Error 0.0003510375099722296
Epoch 458 Relative Error 0.0002922489366028458
Epoch 459 Relative Error 0.00038548067095689476
Epoch 460 Relative Error 0.00035558847594074905
Epoch 461 Relative Error 0.0003015513066202402
Epoch 462 Relative Error 0.0003279437078163028
Epoch 463 Relative Error 0.0002964962914120406
Epoch 464 Relative Error 0.00025950383860617876
Epoch 465 Relative Error 0.00027765834238380194
Epoch 466 Relative Error 0.00028883424238301814
Epoch 467 Relative Error 0.00034201794187538326
Epoch 468 Relative Error 0.0003292002948001027
Epoch 469 Relative Error 0.0003370942722540349
Epoch 470 Relative Error 0.00035024937824346125
Epoch 471 Relative Error 0.0003162726934533566
Epoch 472 Relative Error 0.00029430314316414297
Epoch 473 Relative Error 0.000276032806141302
Epoch 474 Relative Error 0.000301420601317659
Epoch 475 Relative Error 0.0003019909199792892
Epoch 476 Relative Error 0.0002781196672003716
Epoch 477 Relative Error 0.000292374927084893
Epoch 478 Relative Error 0.0003125896619167179
Epoch 479 Relative Error 0.00031482812482863665
Epoch 480 Relative Error 0.0002699195465538651
Epoch 481 Relative Error 0.0002896903606597334
Epoch 482 Relative Error 0.0002732081920839846
Epoch 483 Relative Error 0.0002874162164516747
Epoch 484 Relative Error 0.0002952313225250691
Epoch 485 Relative Error 0.000260877248365432
Epoch 486 Relative Error 0.0002783064846880734
Epoch 487 Relative Error 0.0002935418742708862
Epoch 488 Relative Error 0.0002947385364677757
Epoch 489 Relative Error 0.00027922302251681685
Epoch 490 Relative Error 0.0003068186924792826
Epoch 491 Relative Error 0.0002527651668060571
Epoch 492 Relative Error 0.0003038465802092105
Epoch 493 Relative Error 0.000311386858811602
Epoch 494 Relative Error 0.0002568465715739876
Epoch 495 Relative Error 0.0002911291958298534
Epoch 496 Relative Error 0.0002902844862546772
Epoch 497 Relative Error 0.000347472436260432
Epoch 498 Relative Error 0.00028575040050782263
Epoch 499 Relative Error 0.0002424126141704619
Epoch 500 Relative Error 0.00024830381153151393
Epoch 501 Relative Error 0.00021927554917056113
Epoch 502 Relative Error 0.0003110261168330908
Epoch 503 Relative Error 0.00036314321914687753
Epoch 504 Relative Error 0.00047893106238916516
Epoch 505 Relative Error 0.0005123187438584864
Epoch 506 Relative Error 0.0005474806530401111
Epoch 507 Relative Error 0.00031580516952089965
Epoch 508 Relative Error 0.00039445608854293823
Epoch 509 Relative Error 0.00039206500514410436
Epoch 510 Relative Error 0.000360260863089934
Epoch 511 Relative Error 0.0004180475079920143
Epoch 512 Relative Error 0.0004519021313171834
Epoch 513 Relative Error 0.00035452336305752397
Epoch 514 Relative Error 0.0004340887535363436
Epoch 515 Relative Error 0.0003129254619125277
Epoch 516 Relative Error 0.00028927705716341734
Epoch 517 Relative Error 0.0002933079667855054
Epoch 518 Relative Error 0.00032672277302481234
Epoch 519 Relative Error 0.0003981291956733912
Epoch 520 Relative Error 0.000345840206136927
Epoch 521 Relative Error 0.00039823108818382025
Epoch 522 Relative Error 0.00033392899786122143
Epoch 523 Relative Error 0.0003496716672088951
Epoch 524 Relative Error 0.0003910191298928112
Epoch 525 Relative Error 0.0003860640281345695
Epoch 526 Relative Error 0.0004014565492980182
Epoch 527 Relative Error 0.00036353271570988
Epoch 528 Relative Error 0.00034685852006077766
Epoch 529 Relative Error 0.00040521525079384446
Epoch 530 Relative Error 0.00046223538811318576
Epoch 531 Relative Error 0.00044503368553705513
Epoch 532 Relative Error 0.0004944266402162611
Epoch 533 Relative Error 0.0003738085215445608
Epoch 534 Relative Error 0.00043658443610183895
Epoch 535 Relative Error 0.0004950485890731215
Epoch 536 Relative Error 0.0006082382169552147
Epoch 537 Relative Error 0.0005030547617934644
Epoch 538 Relative Error 0.0006232299492694438
Epoch 539 Relative Error 0.0005088061443530023
Epoch 540 Relative Error 0.0005326088867150247
Epoch 541 Relative Error 0.00041319525917060673
Epoch 542 Relative Error 0.0004537292697932571
Epoch 543 Relative Error 0.0004097605706192553
Epoch 544 Relative Error 0.00034075771691277623
Epoch 545 Relative Error 0.00033952429657801986
Epoch 546 Relative Error 0.0003014177782461047
Epoch 547 Relative Error 0.00025586047559045255
Epoch 548 Relative Error 0.0002664051717147231
Epoch 549 Relative Error 0.0002755222376435995
Epoch 550 Relative Error 0.000277347193332389
Epoch 551 Relative Error 0.00026128950412385166
Epoch 552 Relative Error 0.0003543720522429794
Epoch 553 Relative Error 0.00033049602643586695
Epoch 554 Relative Error 0.00031945714727044106
Epoch 555 Relative Error 0.000370286958059296
Epoch 556 Relative Error 0.00031928514363244176
Epoch 557 Relative Error 0.00033028185134753585
Epoch 558 Relative Error 0.00033816107315942645
Epoch 559 Relative Error 0.00033595101558603346
Epoch 560 Relative Error 0.0003247253189329058
Epoch 561 Relative Error 0.0002965450403280556
Epoch 562 Relative Error 0.00033499932033009827
Epoch 563 Relative Error 0.00033851145417429507
Epoch 564 Relative Error 0.00028109681443311274
Epoch 565 Relative Error 0.000415841001085937
Epoch 566 Relative Error 0.00038014224264770746
Epoch 567 Relative Error 0.00033285105018876493
Epoch 568 Relative Error 0.0003826755564659834
Epoch 569 Relative Error 0.0003665867552626878
Epoch 570 Relative Error 0.0003069689264521003
Epoch 571 Relative Error 0.00035554528585635126
Epoch 572 Relative Error 0.00029309929232113063
Epoch 573 Relative Error 0.0003124736249446869
Epoch 574 Relative Error 0.00029437491321004927
Epoch 575 Relative Error 0.000330727401887998
Epoch 576 Relative Error 0.0002866844879463315
Epoch 577 Relative Error 0.00037432374665513635
Epoch 578 Relative Error 0.0003452060918789357
Epoch 579 Relative Error 0.00030849745962768793
Epoch 580 Relative Error 0.0002743407094385475
Epoch 581 Relative Error 0.0002782167575787753
Epoch 582 Relative Error 0.00027357146609574556
Epoch 583 Relative Error 0.00026133941719308496
Epoch 584 Relative Error 0.0003237260680180043
Epoch 585 Relative Error 0.0002930757764261216
Epoch 586 Relative Error 0.000297223828965798
Epoch 587 Relative Error 0.00029961828840896487
Epoch 588 Relative Error 0.00034834686084650457
Epoch 589 Relative Error 0.0003507898363750428
Epoch 590 Relative Error 0.0003588797990232706
Epoch 591 Relative Error 0.000390758243156597
Epoch 592 Relative Error 0.00034767171018756926
Epoch 593 Relative Error 0.00032612698851153255
Epoch 594 Relative Error 0.00031726810266263783
Epoch 595 Relative Error 0.0003342098498251289
Epoch 596 Relative Error 0.0002695691946428269
Epoch 597 Relative Error 0.0002876889775507152
Epoch 598 Relative Error 0.00031234099878929555
Epoch 599 Relative Error 0.0002515581145416945
Epoch 600 Relative Error 0.0002882113622035831
Epoch 601 Relative Error 0.0002749560517258942
Epoch 602 Relative Error 0.00036193904816173017
Epoch 603 Relative Error 0.0003537173615768552
Epoch 604 Relative Error 0.0003690898302011192
Epoch 605 Relative Error 0.000324443681165576
Epoch 606 Relative Error 0.00044461063225753605
Epoch 607 Relative Error 0.00040105724474415183
Epoch 608 Relative Error 0.0003819210105575621
Epoch 609 Relative Error 0.00037055613938719034
Epoch 610 Relative Error 0.0003455132246017456
Epoch 611 Relative Error 0.000316040386678651
Epoch 612 Relative Error 0.0002927911700680852
Epoch 613 Relative Error 0.0002763570810202509
Epoch 614 Relative Error 0.00028284877771511674
Epoch 615 Relative Error 0.0002875467180274427
Epoch 616 Relative Error 0.00029682970489375293
Epoch 617 Relative Error 0.00037208033609203994
Epoch 618 Relative Error 0.0003531523689161986
Epoch 619 Relative Error 0.0004808309895452112
Epoch 620 Relative Error 0.00039162783650681376
Epoch 621 Relative Error 0.00040818206616677344
Epoch 622 Relative Error 0.00038450845750048757
Epoch 623 Relative Error 0.000436402449849993
Epoch 624 Relative Error 0.0003594198788050562
Epoch 625 Relative Error 0.0003261094097979367
Epoch 626 Relative Error 0.00032277434365823865
Epoch 627 Relative Error 0.00034574209712445736
Epoch 628 Relative Error 0.0003069378435611725
Epoch 629 Relative Error 0.00034702999982982874
Epoch 630 Relative Error 0.00029508714214898646
Epoch 631 Relative Error 0.00021945501794107258
Epoch 632 Relative Error 0.00026849680580198765
Epoch 633 Relative Error 0.00024417732493020594
Epoch 634 Relative Error 0.0002216570865130052
Epoch 635 Relative Error 0.00026410893769934773
Epoch 636 Relative Error 0.00029507098952308297
Epoch 637 Relative Error 0.00034136182512156665
Epoch 638 Relative Error 0.0003015096008311957
Epoch 639 Relative Error 0.00028997010667808354
Epoch 640 Relative Error 0.00028650573221966624
Epoch 641 Relative Error 0.00028389866929501295
Epoch 642 Relative Error 0.00031954891164787114
Epoch 643 Relative Error 0.0003035624395124614
Epoch 644 Relative Error 0.0002657496079336852
Epoch 645 Relative Error 0.00029452936723828316
Epoch 646 Relative Error 0.0003323058772366494
Epoch 647 Relative Error 0.00032802834175527096
Epoch 648 Relative Error 0.0003802141291089356
Epoch 649 Relative Error 0.0002498271642252803
Epoch 650 Relative Error 0.00029904849361628294
Epoch 651 Relative Error 0.00030234004952944815
Epoch 652 Relative Error 0.0002906585286837071
Epoch 653 Relative Error 0.0003316114016342908
Epoch 654 Relative Error 0.0003392873040866107
Epoch 655 Relative Error 0.0003452553355600685
Epoch 656 Relative Error 0.00031790536013431847
Epoch 657 Relative Error 0.0002798809146042913
Epoch 658 Relative Error 0.00038263347232714295
Epoch 659 Relative Error 0.0003171843127347529
Epoch 660 Relative Error 0.0002869354502763599
Epoch 661 Relative Error 0.00030994563712738454
Epoch 662 Relative Error 0.00034537279861979187
Epoch 663 Relative Error 0.0003849360509775579
Epoch 664 Relative Error 0.00027864810544997454
Epoch 665 Relative Error 0.00030636091833002865
Epoch 666 Relative Error 0.0002764444798231125
Epoch 667 Relative Error 0.00038227695040404797
Epoch 668 Relative Error 0.0002716704912018031
Epoch 669 Relative Error 0.0002861296816263348
Epoch 670 Relative Error 0.00031572021543979645
Epoch 671 Relative Error 0.0003450375224929303
Epoch 672 Relative Error 0.0002964771701954305
Epoch 673 Relative Error 0.0002626828209031373
Epoch 674 Relative Error 0.0003232017916161567
Epoch 675 Relative Error 0.00041084643453359604
Epoch 676 Relative Error 0.0003484348999336362
Epoch 677 Relative Error 0.00033046503085643053
Epoch 678 Relative Error 0.0002898935053963214
Epoch 679 Relative Error 0.0003192267322447151
Epoch 680 Relative Error 0.0003251768066547811
Epoch 681 Relative Error 0.000331662071403116
Epoch 682 Relative Error 0.00030757166678085923
Epoch 683 Relative Error 0.0003689077857416123
Epoch 684 Relative Error 0.00033303358941338956
Epoch 685 Relative Error 0.0003528598172124475
Epoch 686 Relative Error 0.0004908271948806942
Epoch 687 Relative Error 0.0004055156896356493
Epoch 688 Relative Error 0.0003758782986551523
Epoch 689 Relative Error 0.0002718272153288126
Epoch 690 Relative Error 0.000308890244923532
Epoch 691 Relative Error 0.00028322244179435074
Epoch 692 Relative Error 0.0003151734999846667
Epoch 693 Relative Error 0.0003303347039036453
Epoch 694 Relative Error 0.00044576669461093843
Epoch 695 Relative Error 0.00033003752469085157
Epoch 696 Relative Error 0.0003328855673316866
Epoch 697 Relative Error 0.0003261578385718167
Epoch 698 Relative Error 0.00033556396374478936
Epoch 699 Relative Error 0.0004063379019498825
Epoch 700 Relative Error 0.00037552276626229286
Epoch 701 Relative Error 0.00038925540866330266
Epoch 702 Relative Error 0.00036374357296153903
Epoch 703 Relative Error 0.00034066897933371365
Epoch 704 Relative Error 0.0003428086929488927
Epoch 705 Relative Error 0.00030936941038817167
Epoch 706 Relative Error 0.0002455117064528167
Epoch 707 Relative Error 0.0002594282559584826
Epoch 708 Relative Error 0.00032439734786748886
Epoch 709 Relative Error 0.00029678281862288713
Epoch 710 Relative Error 0.00026714662089943886
Epoch 711 Relative Error 0.0002895375364460051
Epoch 712 Relative Error 0.0002845770795829594
Epoch 713 Relative Error 0.00023360892373602837
Epoch 714 Relative Error 0.0002789836726151407
Epoch 715 Relative Error 0.00028035297873429954
Epoch 716 Relative Error 0.00032165905577130616
Epoch 717 Relative Error 0.0003229951544199139
Epoch 718 Relative Error 0.0002793908060993999
Epoch 719 Relative Error 0.0002750083222053945
Epoch 720 Relative Error 0.00034946866799145937
Epoch 721 Relative Error 0.0003225449472665787
Epoch 722 Relative Error 0.00037123754736967385
Epoch 723 Relative Error 0.00030314846662804484
Epoch 724 Relative Error 0.0003351074119564146
Epoch 725 Relative Error 0.0003527162771206349
Epoch 726 Relative Error 0.0003789857146330178
Epoch 727 Relative Error 0.0004977859207428992
Epoch 728 Relative Error 0.000406038569053635
Epoch 729 Relative Error 0.000501536822412163
Epoch 730 Relative Error 0.00039205318898893893
Epoch 731 Relative Error 0.00035425840178504586
Epoch 732 Relative Error 0.00042696978198364377
Epoch 733 Relative Error 0.00048181344754993916
Epoch 734 Relative Error 0.0004325683694332838
Epoch 735 Relative Error 0.00036523141898214817
Epoch 736 Relative Error 0.00035476937773637474
Epoch 737 Relative Error 0.00035750024835579097
Epoch 738 Relative Error 0.00031915868748910725
Epoch 739 Relative Error 0.0002896172518376261
Epoch 740 Relative Error 0.00028503828798420727
Epoch 741 Relative Error 0.0002637987781781703
Epoch 742 Relative Error 0.0002209146332461387
Epoch 743 Relative Error 0.0003131626290269196
Epoch 744 Relative Error 0.00040847837226465344
Epoch 745 Relative Error 0.0004719121498055756
Epoch 746 Relative Error 0.000420211348682642
Epoch 747 Relative Error 0.00034548930125311017
Epoch 748 Relative Error 0.00034848597715608776
Epoch 749 Relative Error 0.000420338794356212
Epoch 750 Relative Error 0.00043375923996791244
Epoch 751 Relative Error 0.00036402978003025055
Epoch 752 Relative Error 0.00036991486558690667
Epoch 753 Relative Error 0.00035198486875742674
Epoch 754 Relative Error 0.000328541558701545
Epoch 755 Relative Error 0.00036033644573763013
Epoch 756 Relative Error 0.00030174522544257343
Epoch 757 Relative Error 0.00031448606750927866
Epoch 758 Relative Error 0.00032507951254956424
Epoch 759 Relative Error 0.0002991766668856144
Epoch 760 Relative Error 0.00029151831404305995
Epoch 761 Relative Error 0.0003325585275888443
Epoch 762 Relative Error 0.0002896750229410827
Epoch 763 Relative Error 0.00034158892231062055
Epoch 764 Relative Error 0.0002375289041083306
Epoch 765 Relative Error 0.00032196182291954756
Epoch 766 Relative Error 0.000293361401418224
Epoch 767 Relative Error 0.0003632168227341026
Epoch 768 Relative Error 0.00034220374072901905
Epoch 769 Relative Error 0.0003098474408034235
Epoch 770 Relative Error 0.0003146347007714212
Epoch 771 Relative Error 0.00032726515200920403
Epoch 772 Relative Error 0.00032207625918090343
Epoch 773 Relative Error 0.0002824588445946574
Epoch 774 Relative Error 0.0002806199772749096
Epoch 775 Relative Error 0.0003358954272698611
Epoch 776 Relative Error 0.00043439873843453825
Epoch 777 Relative Error 0.00040070945397019386
Epoch 778 Relative Error 0.0002986580366268754
Epoch 779 Relative Error 0.0003579426265787333
Epoch 780 Relative Error 0.00043939310126006603
Epoch 781 Relative Error 0.0003389335179235786
Epoch 782 Relative Error 0.0003847988846246153
Epoch 783 Relative Error 0.00045642443001270294
Epoch 784 Relative Error 0.0004128941800445318
Epoch 785 Relative Error 0.0003938516601920128
Epoch 786 Relative Error 0.0003121000190731138
Epoch 787 Relative Error 0.00029238604474812746
Epoch 788 Relative Error 0.0003388271725270897
Epoch 789 Relative Error 0.00033219304168596864
Epoch 790 Relative Error 0.00038485159166157246
Epoch 791 Relative Error 0.00033422125852666795
Epoch 792 Relative Error 0.0003479617880657315
Epoch 793 Relative Error 0.00030803243862465024
Epoch 794 Relative Error 0.00028385163750499487
Epoch 795 Relative Error 0.00032000362989492714
Epoch 796 Relative Error 0.000308243470499292
Epoch 797 Relative Error 0.00029034147155471146
Epoch 798 Relative Error 0.00030826975125819445
Epoch 799 Relative Error 0.0002834757324308157
Epoch 800 Relative Error 0.00030429300386458635
Epoch 801 Relative Error 0.0002737702161539346
Epoch 802 Relative Error 0.0003089659148827195
Epoch 803 Relative Error 0.0003023509634658694
Epoch 804 Relative Error 0.0003193173324689269
Epoch 805 Relative Error 0.00032624293817207217
Epoch 806 Relative Error 0.0003880755975842476
Epoch 807 Relative Error 0.00027336354833096266
Epoch 808 Relative Error 0.00033614994026720524
Epoch 809 Relative Error 0.000498402863740921
Epoch 810 Relative Error 0.00044954358600080013
Epoch 811 Relative Error 0.0004206070152577013
Epoch 812 Relative Error 0.00044222973519936204
Epoch 813 Relative Error 0.0004027844697702676
Epoch 814 Relative Error 0.00036896622623316944
Epoch 815 Relative Error 0.00039741944056004286
Epoch 816 Relative Error 0.000407504296163097
Epoch 817 Relative Error 0.00040967631503008306
Epoch 818 Relative Error 0.0003725909336935729
Epoch 819 Relative Error 0.0003868078638333827
Epoch 820 Relative Error 0.0003977773303631693
Epoch 821 Relative Error 0.0003407339390832931
Epoch 822 Relative Error 0.0004538219072856009
Epoch 823 Relative Error 0.0004731648659799248
Epoch 824 Relative Error 0.00037444825284183025
Epoch 825 Relative Error 0.00033295858884230256
Epoch 826 Relative Error 0.0004112502501811832
Epoch 827 Relative Error 0.00037114234874024987
Epoch 828 Relative Error 0.00038713178946636617
Epoch 829 Relative Error 0.000410280073992908
Epoch 830 Relative Error 0.00033844029530882835
Epoch 831 Relative Error 0.0003599190677050501
Epoch 832 Relative Error 0.00031597481574863195
Epoch 833 Relative Error 0.00031863164622336626
Epoch 834 Relative Error 0.0003064800112042576
Epoch 835 Relative Error 0.0003168083494529128
Epoch 836 Relative Error 0.00029877363704144955
Epoch 837 Relative Error 0.00025294284569099545
Epoch 838 Relative Error 0.0002651225368026644
Epoch 839 Relative Error 0.0003256867057643831
Epoch 840 Relative Error 0.00036626015207730234
Epoch 841 Relative Error 0.000385481194825843
Epoch 842 Relative Error 0.00036276644095778465
Epoch 843 Relative Error 0.00041663911542855203
Epoch 844 Relative Error 0.0003765320288948715
Epoch 845 Relative Error 0.00045336486073210835
Epoch 846 Relative Error 0.00039123129681684077
Epoch 847 Relative Error 0.00034755514934659004
Epoch 848 Relative Error 0.00041437693289481103
Epoch 849 Relative Error 0.00032217850093729794
Epoch 850 Relative Error 0.0003024796606041491
Epoch 851 Relative Error 0.0002810825244523585
Epoch 852 Relative Error 0.0003519101592246443
Epoch 853 Relative Error 0.0003298962255939841
Epoch 854 Relative Error 0.0003612293803598732
Epoch 855 Relative Error 0.0003375528031028807
Epoch 856 Relative Error 0.0003084258351009339
Epoch 857 Relative Error 0.00027092674281448126
Epoch 858 Relative Error 0.0002991075743921101
Epoch 859 Relative Error 0.0003082164330407977
Epoch 860 Relative Error 0.0002555286919232458
Epoch 861 Relative Error 0.00027947680791839957
Epoch 862 Relative Error 0.0002585859037935734
Epoch 863 Relative Error 0.0002776484179776162
Epoch 864 Relative Error 0.00031084605143405497
Epoch 865 Relative Error 0.0003161013300996274
Epoch 866 Relative Error 0.00034172870800830424
Epoch 867 Relative Error 0.00034653497277759016
Epoch 868 Relative Error 0.00037787779001519084
Epoch 869 Relative Error 0.00035979857784695923
Epoch 870 Relative Error 0.00037779740523546934
Epoch 871 Relative Error 0.0003156601742375642
Epoch 872 Relative Error 0.000366378779290244
Epoch 873 Relative Error 0.0004069208225701004
Epoch 874 Relative Error 0.000386774365324527
Epoch 875 Relative Error 0.00033025912125594914
Epoch 876 Relative Error 0.00038847982068546116
Epoch 877 Relative Error 0.0003391408536117524
Epoch 878 Relative Error 0.0002913445932790637
Epoch 879 Relative Error 0.00032798812026157975
Epoch 880 Relative Error 0.0002497514651622623
Epoch 881 Relative Error 0.00031215298804454505
Epoch 882 Relative Error 0.0003437336999922991
Epoch 883 Relative Error 0.0003228941059205681
Epoch 884 Relative Error 0.0003644952375907451
Epoch 885 Relative Error 0.0003881463489960879
Epoch 886 Relative Error 0.00038208087789826095
Epoch 887 Relative Error 0.00045427808072417974
Epoch 888 Relative Error 0.0004135907511226833
Epoch 889 Relative Error 0.0005253755953162909
Epoch 890 Relative Error 0.000513362989295274
Epoch 891 Relative Error 0.00037296165828593075
Epoch 892 Relative Error 0.00035178454709239304
Epoch 893 Relative Error 0.00039360689697787166
Epoch 894 Relative Error 0.0003976493899244815
Epoch 895 Relative Error 0.0004671779170166701
Epoch 896 Relative Error 0.0003941691538784653
Epoch 897 Relative Error 0.00044635473750531673
Epoch 898 Relative Error 0.00041655293898656964
Epoch 899 Relative Error 0.00048696124576963484
Epoch 900 Relative Error 0.00041708993376232684
Epoch 901 Relative Error 0.00037351070204749703
Epoch 902 Relative Error 0.00034037328441627324
Epoch 903 Relative Error 0.0004371873801574111
Epoch 904 Relative Error 0.0003187660768162459
Epoch 905 Relative Error 0.00035532008041627705
Epoch 906 Relative Error 0.00039509081398136914
Epoch 907 Relative Error 0.00034067974775098264
Epoch 908 Relative Error 0.0003460134321358055
Epoch 909 Relative Error 0.00041358364978805184
Epoch 910 Relative Error 0.00032749061938375235
Epoch 911 Relative Error 0.0003194415185134858
Epoch 912 Relative Error 0.00038961481186561286
Epoch 913 Relative Error 0.00032939715310931206
Epoch 914 Relative Error 0.0003285986604169011
Epoch 915 Relative Error 0.00033602482290007174
Epoch 916 Relative Error 0.0003487334761302918
Epoch 917 Relative Error 0.0003073866537306458
Epoch 918 Relative Error 0.0002952548093162477
Epoch 919 Relative Error 0.00026383731164969504
Epoch 920 Relative Error 0.0003253327158745378
Epoch 921 Relative Error 0.0002384454564889893
Epoch 922 Relative Error 0.00030358461663126945
Epoch 923 Relative Error 0.0003036331618204713
Epoch 924 Relative Error 0.000313878757879138
Epoch 925 Relative Error 0.00025632651522755623
Epoch 926 Relative Error 0.0003663839306682348
Epoch 927 Relative Error 0.0002665000210981816
Epoch 928 Relative Error 0.0002976818068418652
Epoch 929 Relative Error 0.000348916306393221
Epoch 930 Relative Error 0.00031540359486825764
Epoch 931 Relative Error 0.0003292977053206414
Epoch 932 Relative Error 0.0003019651339855045
Epoch 933 Relative Error 0.00028691429179161787
Epoch 934 Relative Error 0.0002853810437954962
Epoch 935 Relative Error 0.0002619563601911068
Epoch 936 Relative Error 0.0002753856242634356
Epoch 937 Relative Error 0.0003035389818251133
Epoch 938 Relative Error 0.0002887037699110806
Epoch 939 Relative Error 0.00029851237195543945
Epoch 940 Relative Error 0.0003860255819745362
Epoch 941 Relative Error 0.00044713553506881
Epoch 942 Relative Error 0.0004980395897291601
Epoch 943 Relative Error 0.0004506536934059113
Epoch 944 Relative Error 0.00043955742148682475
Epoch 945 Relative Error 0.0004062539082951844
Epoch 946 Relative Error 0.00036543115857057273
Epoch 947 Relative Error 0.000369961402611807
Epoch 948 Relative Error 0.000389663502573967
Epoch 949 Relative Error 0.000425556005211547
Epoch 950 Relative Error 0.00045709172263741493
Epoch 951 Relative Error 0.0004969040164723992
Epoch 952 Relative Error 0.0005580461001954973
Epoch 953 Relative Error 0.00048723374493420124
Epoch 954 Relative Error 0.0004829822282772511
Epoch 955 Relative Error 0.0003817118995357305
Epoch 956 Relative Error 0.0003222582454327494
Epoch 957 Relative Error 0.00029667606577277184
Epoch 958 Relative Error 0.00027750455774366856
Epoch 959 Relative Error 0.0003247058193664998
Epoch 960 Relative Error 0.00035512776230461895
Epoch 961 Relative Error 0.0003171705175191164
Epoch 962 Relative Error 0.00030930133652873337
Epoch 963 Relative Error 0.00031616457272320986
Epoch 964 Relative Error 0.0003148559189867228
Epoch 965 Relative Error 0.00032260717125609517
Epoch 966 Relative Error 0.0003423122107051313
Epoch 967 Relative Error 0.0003741866385098547
Epoch 968 Relative Error 0.0005176891572773457
Epoch 969 Relative Error 0.0003967649827245623
Epoch 970 Relative Error 0.00038328979280777276
Epoch 971 Relative Error 0.0003570244007278234
Epoch 972 Relative Error 0.0003433815436437726
Epoch 973 Relative Error 0.00044788597733713686
Epoch 974 Relative Error 0.00046457411372102797
Epoch 975 Relative Error 0.0004303906171116978
Epoch 976 Relative Error 0.00030863689607940614
Epoch 977 Relative Error 0.00028105132514610887
Epoch 978 Relative Error 0.00030570640228688717
Epoch 979 Relative Error 0.0002833904873114079
Epoch 980 Relative Error 0.0002880368265323341
Epoch 981 Relative Error 0.00033978596911765635
Epoch 982 Relative Error 0.0003181542851962149
Epoch 983 Relative Error 0.0003740060783457011
Epoch 984 Relative Error 0.00035121210385113955
Epoch 985 Relative Error 0.0003490923554636538
Epoch 986 Relative Error 0.0003647621488198638
Epoch 987 Relative Error 0.0003391190548427403
Epoch 988 Relative Error 0.00027857741224579513
Epoch 989 Relative Error 0.0003345953009556979
Epoch 990 Relative Error 0.0003260070225223899
Epoch 991 Relative Error 0.000333859003148973
Epoch 992 Relative Error 0.0003520037862472236
Epoch 993 Relative Error 0.00030162904295139015
Epoch 994 Relative Error 0.0003656227490864694
Epoch 995 Relative Error 0.0003198295889887959
Epoch 996 Relative Error 0.0003186265239492059
Epoch 997 Relative Error 0.00029363666544668376
Epoch 998 Relative Error 0.00034192041493952274
Epoch 999 Relative Error 0.0002686326624825597
Epoch 1000 Relative Error 0.0003091232501901686
RE (1, 9, 8, 0): 0.00021927554917056113
Green's Function RE (1, 9, 8, 0): 0.006891454104334116
Bias Term RE (1, 9, 8, 0): 0.009594195522367954
Combination (1, 9, 8, 0, 0): 0.0003091199032496661
Combination (1, 9, 8, 0, 1): 0.003133664606139064
Combination (1, 9, 8, 0, 2): 0.0031850768718868494
Combination (1, 9, 8, 0, 3): 0.0031878817826509476
Combination (1, 9, 8, 0, 4): 0.003189227543771267

/home/gridsan/gstepaniants/.local/lib/python3.8/site-packages/torch/functional.py:478: UserWarning: torch.meshgrid: in an upcoming release, it will be required to pass the indexing argument. (Triggered internally at  ../aten/src/ATen/native/TensorShape.cpp:2895.)
  return _VF.meshgrid(tensors, **kwargs)  # type: ignore[attr-defined]
