[KeOps] Warning : Cuda libraries were not detected on the system ; using cpu only mode
1
Kernel: Matern3/2
Weight Mesh: 50
RKHS Kernel Width: 0.04
Lambda: 1e-06
Green's Function Learning Rate: 100
Bias Term Learning Rate: 100
Epoch 1 Relative Error 6274.724609375
First epoch had re = 6274.724609375 > 1
Green's Function Learning Rate: 50
Bias Term Learning Rate: 50
Epoch 1 Relative Error 2709.413330078125
First epoch had re = 2709.413330078125 > 1
Green's Function Learning Rate: 10
Bias Term Learning Rate: 10
Epoch 1 Relative Error 464.525634765625
First epoch had re = 464.525634765625 > 1
Green's Function Learning Rate: 5
Bias Term Learning Rate: 5
Epoch 1 Relative Error 238.07437133789062
First epoch had re = 238.07437133789062 > 1
Green's Function Learning Rate: 1
Bias Term Learning Rate: 1
Epoch 1 Relative Error 32.174129486083984
First epoch had re = 32.174129486083984 > 1
Green's Function Learning Rate: 0.5
Bias Term Learning Rate: 0.5
Epoch 1 Relative Error 26.136825561523438
First epoch had re = 26.136825561523438 > 1
Green's Function Learning Rate: 0.1
Bias Term Learning Rate: 0.1
Epoch 1 Relative Error 5.4842634201049805
First epoch had re = 5.4842634201049805 > 1
Green's Function Learning Rate: 0.05
Bias Term Learning Rate: 0.05
Epoch 1 Relative Error 2.4184625148773193
First epoch had re = 2.4184625148773193 > 1
Green's Function Learning Rate: 0.01
Bias Term Learning Rate: 0.01
Epoch 1 Relative Error 0.6013702750205994
Epoch 2 Relative Error 0.4954107999801636
Epoch 3 Relative Error 0.4627065062522888
Epoch 4 Relative Error 0.31061989068984985
Epoch 5 Relative Error 0.26326820254325867
Epoch 6 Relative Error 0.23460906744003296
Epoch 7 Relative Error 0.1727268397808075
Epoch 8 Relative Error 0.12411078065633774
Epoch 9 Relative Error 0.1192375123500824
Epoch 10 Relative Error 0.10948503762483597
Epoch 11 Relative Error 0.059534117579460144
Epoch 12 Relative Error 0.05217071622610092
Epoch 13 Relative Error 0.05489116907119751
Epoch 14 Relative Error 0.04876021295785904
Epoch 15 Relative Error 0.04004038870334625
Epoch 16 Relative Error 0.028926638886332512
Epoch 17 Relative Error 0.023917600512504578
Epoch 18 Relative Error 0.02182123437523842
Epoch 19 Relative Error 0.02008318156003952
Epoch 20 Relative Error 0.018140045925974846
Epoch 21 Relative Error 0.0172906331717968
Epoch 22 Relative Error 0.016573594883084297
Epoch 23 Relative Error 0.015387514606118202
Epoch 24 Relative Error 0.014634374529123306
Epoch 25 Relative Error 0.014098294079303741
Epoch 26 Relative Error 0.013767052441835403
Epoch 27 Relative Error 0.01326035987585783
Epoch 28 Relative Error 0.012985077686607838
Epoch 29 Relative Error 0.012652857229113579
Epoch 30 Relative Error 0.012316531501710415
Epoch 31 Relative Error 0.012044132687151432
Epoch 32 Relative Error 0.01176480669528246
Epoch 33 Relative Error 0.011498949490487576
Epoch 34 Relative Error 0.011267515830695629
Epoch 35 Relative Error 0.011044596321880817
Epoch 36 Relative Error 0.010831724852323532
Epoch 37 Relative Error 0.010618592612445354
Epoch 38 Relative Error 0.010454883798956871
Epoch 39 Relative Error 0.010231307707726955
Epoch 40 Relative Error 0.010053454898297787
Epoch 41 Relative Error 0.009889333508908749
Epoch 42 Relative Error 0.009708917699754238
Epoch 43 Relative Error 0.009552901610732079
Epoch 44 Relative Error 0.009381253272294998
Epoch 45 Relative Error 0.009232917800545692
Epoch 46 Relative Error 0.009083420969545841
Epoch 47 Relative Error 0.008955620229244232
Epoch 48 Relative Error 0.008815161883831024
Epoch 49 Relative Error 0.008666478097438812
Epoch 50 Relative Error 0.008549854159355164
Epoch 51 Relative Error 0.008405228145420551
Epoch 52 Relative Error 0.008274083025753498
Epoch 53 Relative Error 0.008170928806066513
Epoch 54 Relative Error 0.008046148344874382
Epoch 55 Relative Error 0.00793409999459982
Epoch 56 Relative Error 0.007813437841832638
Epoch 57 Relative Error 0.007730141747742891
Epoch 58 Relative Error 0.0076118698343634605
Epoch 59 Relative Error 0.0074967206455767155
Epoch 60 Relative Error 0.007401487324386835
Epoch 61 Relative Error 0.0073059736751019955
Epoch 62 Relative Error 0.007210087962448597
Epoch 63 Relative Error 0.007114395033568144
Epoch 64 Relative Error 0.007020701188594103
Epoch 65 Relative Error 0.006940739694982767
Epoch 66 Relative Error 0.006852099671959877
Epoch 67 Relative Error 0.006755802780389786
Epoch 68 Relative Error 0.006685443222522736
Epoch 69 Relative Error 0.006603980902582407
Epoch 70 Relative Error 0.006523429416120052
Epoch 71 Relative Error 0.006443817168474197
Epoch 72 Relative Error 0.006370855960994959
Epoch 73 Relative Error 0.006299762986600399
Epoch 74 Relative Error 0.006227734498679638
Epoch 75 Relative Error 0.006142118014395237
Epoch 76 Relative Error 0.006078105885535479
Epoch 77 Relative Error 0.006008286494761705
Epoch 78 Relative Error 0.005956484004855156
Epoch 79 Relative Error 0.005879413336515427
Epoch 80 Relative Error 0.005808896850794554
Epoch 81 Relative Error 0.005752791650593281
Epoch 82 Relative Error 0.005701124202460051
Epoch 83 Relative Error 0.0056313215754926205
Epoch 84 Relative Error 0.005583705846220255
Epoch 85 Relative Error 0.005512695759534836
Epoch 86 Relative Error 0.005471791140735149
Epoch 87 Relative Error 0.0054063876159489155
Epoch 88 Relative Error 0.005349402315914631
Epoch 89 Relative Error 0.00529709504917264
Epoch 90 Relative Error 0.0052460855804383755
Epoch 91 Relative Error 0.005191488191485405
Epoch 92 Relative Error 0.005154046230018139
Epoch 93 Relative Error 0.005097760818898678
Epoch 94 Relative Error 0.0050579276867210865
Epoch 95 Relative Error 0.004999843891710043
Epoch 96 Relative Error 0.004951878916472197
Epoch 97 Relative Error 0.004887999035418034
Epoch 98 Relative Error 0.004860058892518282
Epoch 99 Relative Error 0.004793945234268904
Epoch 100 Relative Error 0.004764348268508911
Epoch 101 Relative Error 0.004718933720141649
Epoch 102 Relative Error 0.004682715982198715
Epoch 103 Relative Error 0.004654061980545521
Epoch 104 Relative Error 0.0046198139898478985
Epoch 105 Relative Error 0.0045495047233998775
Epoch 106 Relative Error 0.004542365670204163
Epoch 107 Relative Error 0.004492018837481737
Epoch 108 Relative Error 0.004449857398867607
Epoch 109 Relative Error 0.004412658046931028
Epoch 110 Relative Error 0.004387174732983112
Epoch 111 Relative Error 0.004336478654295206
Epoch 112 Relative Error 0.004294998943805695
Epoch 113 Relative Error 0.004247100092470646
Epoch 114 Relative Error 0.00423716614022851
Epoch 115 Relative Error 0.00419652322307229
Epoch 116 Relative Error 0.004175168927758932
Epoch 117 Relative Error 0.004150917753577232
Epoch 118 Relative Error 0.004105391912162304
Epoch 119 Relative Error 0.004062662832438946
Epoch 120 Relative Error 0.004040760453790426
Epoch 121 Relative Error 0.004003708716481924
Epoch 122 Relative Error 0.003955697175115347
Epoch 123 Relative Error 0.003927013836801052
Epoch 124 Relative Error 0.0038945532869547606
Epoch 125 Relative Error 0.003866682294756174
Epoch 126 Relative Error 0.0038414376322180033
Epoch 127 Relative Error 0.0038177191745489836
Epoch 128 Relative Error 0.0037886598147451878
Epoch 129 Relative Error 0.0037731684278696775
Epoch 130 Relative Error 0.0037261692341417074
Epoch 131 Relative Error 0.0037026896607130766
Epoch 132 Relative Error 0.003680469701066613
Epoch 133 Relative Error 0.0036699564661830664
Epoch 134 Relative Error 0.003621886018663645
Epoch 135 Relative Error 0.003604371566325426
Epoch 136 Relative Error 0.003569085383787751
Epoch 137 Relative Error 0.0035540300887078047
Epoch 138 Relative Error 0.003516810480505228
Epoch 139 Relative Error 0.003493817988783121
Epoch 140 Relative Error 0.00346569181419909
Epoch 141 Relative Error 0.0034582051448524
Epoch 142 Relative Error 0.00341713591478765
Epoch 143 Relative Error 0.0034110145643353462
Epoch 144 Relative Error 0.0033816047944128513
Epoch 145 Relative Error 0.0033632884733378887
Epoch 146 Relative Error 0.0033285522367805243
Epoch 147 Relative Error 0.0032973489724099636
Epoch 148 Relative Error 0.0032819905318319798
Epoch 149 Relative Error 0.003260441590100527
Epoch 150 Relative Error 0.0032441625371575356
Epoch 151 Relative Error 0.0032239502761512995
Epoch 152 Relative Error 0.0032111741602420807
Epoch 153 Relative Error 0.0031924713402986526
Epoch 154 Relative Error 0.0031606496777385473
Epoch 155 Relative Error 0.0031437641009688377
Epoch 156 Relative Error 0.003120990702882409
Epoch 157 Relative Error 0.0030999542213976383
Epoch 158 Relative Error 0.0031154844909906387
Epoch 159 Relative Error 0.0030829182360321283
Epoch 160 Relative Error 0.003067305777221918
Epoch 161 Relative Error 0.0030629702378064394
Epoch 162 Relative Error 0.0030267194379121065
Epoch 163 Relative Error 0.0030081148725003004
Epoch 164 Relative Error 0.0030055514071136713
Epoch 165 Relative Error 0.002962804166600108
Epoch 166 Relative Error 0.002942596562206745
Epoch 167 Relative Error 0.002934172749519348
Epoch 168 Relative Error 0.0029154950752854347
Epoch 169 Relative Error 0.0028861816972494125
Epoch 170 Relative Error 0.0028694961220026016
Epoch 171 Relative Error 0.002857422921806574
Epoch 172 Relative Error 0.002839108929038048
Epoch 173 Relative Error 0.00284334784373641
Epoch 174 Relative Error 0.002804124029353261
Epoch 175 Relative Error 0.0027898310218006372
Epoch 176 Relative Error 0.0027835823129862547
Epoch 177 Relative Error 0.002771584317088127
Epoch 178 Relative Error 0.0027565413620322943
Epoch 179 Relative Error 0.0027381484396755695
Epoch 180 Relative Error 0.0027254584711045027
Epoch 181 Relative Error 0.0027129980735480785
Epoch 182 Relative Error 0.002701923018321395
Epoch 183 Relative Error 0.0026786611415445805
Epoch 184 Relative Error 0.002661926206201315
Epoch 185 Relative Error 0.0026524572167545557
Epoch 186 Relative Error 0.0026366370730102062
Epoch 187 Relative Error 0.0026273576077073812
Epoch 188 Relative Error 0.0026108077727258205
Epoch 189 Relative Error 0.002596030244603753
Epoch 190 Relative Error 0.0025870990939438343
Epoch 191 Relative Error 0.002589994575828314
Epoch 192 Relative Error 0.0025709213223308325
Epoch 193 Relative Error 0.002549540949985385
Epoch 194 Relative Error 0.002533726627007127
Epoch 195 Relative Error 0.0025231835898011923
Epoch 196 Relative Error 0.0025094994343817234
Epoch 197 Relative Error 0.002493856009095907
Epoch 198 Relative Error 0.002498429035767913
Epoch 199 Relative Error 0.00248922617174685
Epoch 200 Relative Error 0.002485607983544469
Epoch 201 Relative Error 0.0024641703348606825
Epoch 202 Relative Error 0.0024359540548175573
Epoch 203 Relative Error 0.002447614213451743
Epoch 204 Relative Error 0.002452015643939376
Epoch 205 Relative Error 0.0024160053580999374
Epoch 206 Relative Error 0.0024063745513558388
Epoch 207 Relative Error 0.0023951304610818624
Epoch 208 Relative Error 0.002377468626946211
Epoch 209 Relative Error 0.0023662669118493795
Epoch 210 Relative Error 0.0023574933875352144
Epoch 211 Relative Error 0.0023468348663300276
Epoch 212 Relative Error 0.002340890234336257
Epoch 213 Relative Error 0.002365855034440756
Epoch 214 Relative Error 0.0023062671534717083
Epoch 215 Relative Error 0.0023215576075017452
Epoch 216 Relative Error 0.002312839264050126
Epoch 217 Relative Error 0.0022969753481447697
Epoch 218 Relative Error 0.0023009832948446274
Epoch 219 Relative Error 0.0022946542594581842
Epoch 220 Relative Error 0.002253123326227069
Epoch 221 Relative Error 0.0022361604496836662
Epoch 222 Relative Error 0.002225111937150359
Epoch 223 Relative Error 0.0022615203633904457
Epoch 224 Relative Error 0.002223330084234476
Epoch 225 Relative Error 0.0022103353403508663
Epoch 226 Relative Error 0.0021978639997541904
Epoch 227 Relative Error 0.0021861486602574587
Epoch 228 Relative Error 0.0021797767840325832
Epoch 229 Relative Error 0.002174131805077195
Epoch 230 Relative Error 0.002152394037693739
Epoch 231 Relative Error 0.002146015875041485
Epoch 232 Relative Error 0.002159420633688569
Epoch 233 Relative Error 0.00215488881804049
Epoch 234 Relative Error 0.002122631063684821
Epoch 235 Relative Error 0.0021290136501193047
Epoch 236 Relative Error 0.0021411667112261057
Epoch 237 Relative Error 0.002143413294106722
Epoch 238 Relative Error 0.00214204634539783
Epoch 239 Relative Error 0.0020994937513023615
Epoch 240 Relative Error 0.002095571719110012
Epoch 241 Relative Error 0.0020755582954734564
Epoch 242 Relative Error 0.0020748183596879244
Epoch 243 Relative Error 0.002052624709904194
Epoch 244 Relative Error 0.0020479517988860607
Epoch 245 Relative Error 0.0020312645938247442
Epoch 246 Relative Error 0.002025292720645666
Epoch 247 Relative Error 0.002055090619251132
Epoch 248 Relative Error 0.002046500565484166
Epoch 249 Relative Error 0.0020107224117964506
Epoch 250 Relative Error 0.002055072458460927
Epoch 251 Relative Error 0.0020841483492404222
Epoch 252 Relative Error 0.0021046362817287445
Epoch 253 Relative Error 0.002062783809378743
Epoch 254 Relative Error 0.002031095325946808
Epoch 255 Relative Error 0.0020371219143271446
Epoch 256 Relative Error 0.002057736972346902
Epoch 257 Relative Error 0.002010537777096033
Epoch 258 Relative Error 0.001965191913768649
Epoch 259 Relative Error 0.0019447802333161235
Epoch 260 Relative Error 0.00194594357162714
Epoch 261 Relative Error 0.0019229650497436523
Epoch 262 Relative Error 0.0019090739078819752
Epoch 263 Relative Error 0.001906643039546907
Epoch 264 Relative Error 0.0019118848722428083
Epoch 265 Relative Error 0.0019536088220775127
Epoch 266 Relative Error 0.0019216390792280436
Epoch 267 Relative Error 0.001915968139655888
Epoch 268 Relative Error 0.0019161568488925695
Epoch 269 Relative Error 0.0018894048407673836
Epoch 270 Relative Error 0.0018991397228091955
Epoch 271 Relative Error 0.001964583760127425
Epoch 272 Relative Error 0.0019274676451459527
Epoch 273 Relative Error 0.0019741887226700783
Epoch 274 Relative Error 0.0019345382461324334
Epoch 275 Relative Error 0.0019299022387713194
Epoch 276 Relative Error 0.0019437480950728059
Epoch 277 Relative Error 0.0019092309521511197
Epoch 278 Relative Error 0.0018996373983100057
Epoch 279 Relative Error 0.0018705968977883458
Epoch 280 Relative Error 0.0018532831454649568
Epoch 281 Relative Error 0.001857999712228775
Epoch 282 Relative Error 0.0018245537066832185
Epoch 283 Relative Error 0.00180344027467072
Epoch 284 Relative Error 0.001818796619772911
Epoch 285 Relative Error 0.0017886306159198284
Epoch 286 Relative Error 0.001803842606022954
Epoch 287 Relative Error 0.0018033566884696484
Epoch 288 Relative Error 0.0017864278052002192
Epoch 289 Relative Error 0.0017609199276193976
Epoch 290 Relative Error 0.001751387258991599
Epoch 291 Relative Error 0.0017604406457394361
Epoch 292 Relative Error 0.0017691516550257802
Epoch 293 Relative Error 0.0017538696993142366
Epoch 294 Relative Error 0.0017342735081911087
Epoch 295 Relative Error 0.0017365079838782549
Epoch 296 Relative Error 0.0017361331265419722
Epoch 297 Relative Error 0.0017206979682669044
Epoch 298 Relative Error 0.001715414342470467
Epoch 299 Relative Error 0.001733993412926793
Epoch 300 Relative Error 0.0017182516166940331
Epoch 301 Relative Error 0.0016904965741559863
Epoch 302 Relative Error 0.0017067419830709696
Epoch 303 Relative Error 0.0017256115097552538
Epoch 304 Relative Error 0.0017086631851270795
Epoch 305 Relative Error 0.0016734737437218428
Epoch 306 Relative Error 0.0016663039568811655
Epoch 307 Relative Error 0.0016810849774628878
Epoch 308 Relative Error 0.001664399285800755
Epoch 309 Relative Error 0.0016602835385128856
Epoch 310 Relative Error 0.0016906337114050984
Epoch 311 Relative Error 0.0017031143652275205
Epoch 312 Relative Error 0.001674642669968307
Epoch 313 Relative Error 0.0017323356587439775
Epoch 314 Relative Error 0.001673874445259571
Epoch 315 Relative Error 0.0016900835325941443
Epoch 316 Relative Error 0.0016951890429481864
Epoch 317 Relative Error 0.001664914540015161
Epoch 318 Relative Error 0.001696307212114334
Epoch 319 Relative Error 0.0016485735541209579
Epoch 320 Relative Error 0.0016388720832765102
Epoch 321 Relative Error 0.0016379012959077954
Epoch 322 Relative Error 0.0016086482210084796
Epoch 323 Relative Error 0.001621546340174973
Epoch 324 Relative Error 0.001613202621228993
Epoch 325 Relative Error 0.0015945130726322532
Epoch 326 Relative Error 0.0015847731847316027
Epoch 327 Relative Error 0.0015998459421098232
Epoch 328 Relative Error 0.001586066442541778
Epoch 329 Relative Error 0.0015899136196821928
Epoch 330 Relative Error 0.0015761421527713537
Epoch 331 Relative Error 0.0015710160369053483
Epoch 332 Relative Error 0.001578920055180788
Epoch 333 Relative Error 0.0015674092574045062
Epoch 334 Relative Error 0.0015493339160457253
Epoch 335 Relative Error 0.0015657033072784543
Epoch 336 Relative Error 0.0015458371490240097
Epoch 337 Relative Error 0.001544318743981421
Epoch 338 Relative Error 0.0015536070568487048
Epoch 339 Relative Error 0.0015533057739958167
Epoch 340 Relative Error 0.001583047560416162
Epoch 341 Relative Error 0.001572397886775434
Epoch 342 Relative Error 0.00154502026271075
Epoch 343 Relative Error 0.0015432033687829971
Epoch 344 Relative Error 0.0015183825744315982
Epoch 345 Relative Error 0.0015039327554404736
Epoch 346 Relative Error 0.001511481823399663
Epoch 347 Relative Error 0.0015053687384352088
Epoch 348 Relative Error 0.0014904621057212353
Epoch 349 Relative Error 0.0015203817747533321
Epoch 350 Relative Error 0.0015281002270057797
Epoch 351 Relative Error 0.0015438877744600177
Epoch 352 Relative Error 0.0015115337446331978
Epoch 353 Relative Error 0.001498471014201641
Epoch 354 Relative Error 0.0014871035236865282
Epoch 355 Relative Error 0.001482129911892116
Epoch 356 Relative Error 0.0015204112278297544
Epoch 357 Relative Error 0.0014703029301017523
Epoch 358 Relative Error 0.0014802084770053625
Epoch 359 Relative Error 0.0014572922373190522
Epoch 360 Relative Error 0.0014608372002840042
Epoch 361 Relative Error 0.0014490066096186638
Epoch 362 Relative Error 0.001458963961340487
Epoch 363 Relative Error 0.0014554823283106089
Epoch 364 Relative Error 0.0014403039822354913
Epoch 365 Relative Error 0.0014414667384698987
Epoch 366 Relative Error 0.0014558484544977546
Epoch 367 Relative Error 0.0014628510689362884
Epoch 368 Relative Error 0.0014774203300476074
Epoch 369 Relative Error 0.0014536605449393392
Epoch 370 Relative Error 0.0014350858982652426
Epoch 371 Relative Error 0.0014338300097733736
Epoch 372 Relative Error 0.0014558586990460753
Epoch 373 Relative Error 0.0014348112745210528
Epoch 374 Relative Error 0.0014194818213582039
Epoch 375 Relative Error 0.0014214455150067806
Epoch 376 Relative Error 0.0014102176064625382
Epoch 377 Relative Error 0.0014096008380874991
Epoch 378 Relative Error 0.0014251595130190253
Epoch 379 Relative Error 0.0014050002209842205
Epoch 380 Relative Error 0.0014159760903567076
Epoch 381 Relative Error 0.0014278177404776216
Epoch 382 Relative Error 0.0014272721018642187
Epoch 383 Relative Error 0.0014102855930104852
Epoch 384 Relative Error 0.0013901387574151158
Epoch 385 Relative Error 0.001399546628817916
Epoch 386 Relative Error 0.001384907285682857
Epoch 387 Relative Error 0.001388158299960196
Epoch 388 Relative Error 0.0014029896119609475
Epoch 389 Relative Error 0.001422952045686543
Epoch 390 Relative Error 0.0013796415878459811
Epoch 391 Relative Error 0.0014021792449057102
Epoch 392 Relative Error 0.001372906961478293
Epoch 393 Relative Error 0.0013591976603493094
Epoch 394 Relative Error 0.001363249379210174
Epoch 395 Relative Error 0.0013555873883888125
Epoch 396 Relative Error 0.0013419248862192035
Epoch 397 Relative Error 0.0013409977545961738
Epoch 398 Relative Error 0.0013427126687020063
Epoch 399 Relative Error 0.0013371515087783337
Epoch 400 Relative Error 0.0013323144521564245
Epoch 401 Relative Error 0.0013351510278880596
Epoch 402 Relative Error 0.0013460172340273857
Epoch 403 Relative Error 0.0013287723995745182
Epoch 404 Relative Error 0.0013323992025107145
Epoch 405 Relative Error 0.0013355538249015808
Epoch 406 Relative Error 0.0013347446219995618
Epoch 407 Relative Error 0.0013439840404316783
Epoch 408 Relative Error 0.0013341547455638647
Epoch 409 Relative Error 0.0013184997951611876
Epoch 410 Relative Error 0.0013248567702248693
Epoch 411 Relative Error 0.0013387224171310663
Epoch 412 Relative Error 0.0013315110700204968
Epoch 413 Relative Error 0.0013419162714853883
Epoch 414 Relative Error 0.001343163545243442
Epoch 415 Relative Error 0.0013680068077519536
Epoch 416 Relative Error 0.001333423308096826
Epoch 417 Relative Error 0.0013215524377301335
Epoch 418 Relative Error 0.001334840664640069
Epoch 419 Relative Error 0.0014032097533345222
Epoch 420 Relative Error 0.0014209032524377108
Epoch 421 Relative Error 0.0013759681023657322
Epoch 422 Relative Error 0.001314225373789668
Epoch 423 Relative Error 0.0012916132109239697
Epoch 424 Relative Error 0.0013122936943545938
Epoch 425 Relative Error 0.0012996717123314738
Epoch 426 Relative Error 0.001288701081648469
Epoch 427 Relative Error 0.0013084103120490909
Epoch 428 Relative Error 0.0013008784735575318
Epoch 429 Relative Error 0.0012729500886052847
Epoch 430 Relative Error 0.0012680375948548317
Epoch 431 Relative Error 0.0012789394240826368
Epoch 432 Relative Error 0.0012709404109045863
Epoch 433 Relative Error 0.0012580208713188767
Epoch 434 Relative Error 0.001281937351450324
Epoch 435 Relative Error 0.0012532249093055725
Epoch 436 Relative Error 0.0012541011674329638
Epoch 437 Relative Error 0.0012566392542794347
Epoch 438 Relative Error 0.0012682375963777304
Epoch 439 Relative Error 0.001259484444744885
Epoch 440 Relative Error 0.0012636330211535096
Epoch 441 Relative Error 0.0012650656281039119
Epoch 442 Relative Error 0.001278461772017181
Epoch 443 Relative Error 0.001263700774870813
Epoch 444 Relative Error 0.0012683519162237644
Epoch 445 Relative Error 0.0012611496495082974
Epoch 446 Relative Error 0.0012566851219162345
Epoch 447 Relative Error 0.001228578737936914
Epoch 448 Relative Error 0.0012414484517648816
Epoch 449 Relative Error 0.0012393355136737227
Epoch 450 Relative Error 0.0012284457916393876
Epoch 451 Relative Error 0.0012389605399221182
Epoch 452 Relative Error 0.0012531608808785677
Epoch 453 Relative Error 0.0012384288711473346
Epoch 454 Relative Error 0.0012458565179258585
Epoch 455 Relative Error 0.0012475586263462901
Epoch 456 Relative Error 0.0012299270601943135
Epoch 457 Relative Error 0.0012359566753730178
Epoch 458 Relative Error 0.0012748928274959326
Epoch 459 Relative Error 0.0012392331846058369
Epoch 460 Relative Error 0.0012209344422444701
Epoch 461 Relative Error 0.0012110735988244414
Epoch 462 Relative Error 0.0012296629138290882
Epoch 463 Relative Error 0.0012114477576687932
Epoch 464 Relative Error 0.0012090762611478567
Epoch 465 Relative Error 0.0011995885288342834
Epoch 466 Relative Error 0.0012124369386583567
Epoch 467 Relative Error 0.0011994743254035711
Epoch 468 Relative Error 0.001205415348522365
Epoch 469 Relative Error 0.0011893151095137
Epoch 470 Relative Error 0.0011838509235531092
Epoch 471 Relative Error 0.0012194784358143806
Epoch 472 Relative Error 0.0012039768043905497
Epoch 473 Relative Error 0.0011830294970422983
Epoch 474 Relative Error 0.0011818496277555823
Epoch 475 Relative Error 0.0012184415245428681
Epoch 476 Relative Error 0.0011842518579214811
Epoch 477 Relative Error 0.0011884283740073442
Epoch 478 Relative Error 0.001202659565024078
Epoch 479 Relative Error 0.001185050350613892
Epoch 480 Relative Error 0.0011799357598647475
Epoch 481 Relative Error 0.0011863188119605184
Epoch 482 Relative Error 0.0011746874079108238
Epoch 483 Relative Error 0.0011769321281462908
Epoch 484 Relative Error 0.001182381995022297
Epoch 485 Relative Error 0.0011699115857481956
Epoch 486 Relative Error 0.001174422912299633
Epoch 487 Relative Error 0.0011731290724128485
Epoch 488 Relative Error 0.001195851364172995
Epoch 489 Relative Error 0.00117441825568676
Epoch 490 Relative Error 0.0011829407885670662
Epoch 491 Relative Error 0.001186815439723432
Epoch 492 Relative Error 0.0011697433656081557
Epoch 493 Relative Error 0.00116172363050282
Epoch 494 Relative Error 0.0011603754246607423
Epoch 495 Relative Error 0.0011663486948236823
Epoch 496 Relative Error 0.0011644345941022038
Epoch 497 Relative Error 0.001160118728876114
Epoch 498 Relative Error 0.0011771101271733642
Epoch 499 Relative Error 0.0011515360092744231
Epoch 500 Relative Error 0.0011459655361250043
Epoch 501 Relative Error 0.0011445132549852133
Epoch 502 Relative Error 0.0011431971797719598
Epoch 503 Relative Error 0.0011489635799080133
Epoch 504 Relative Error 0.001143940258771181
Epoch 505 Relative Error 0.0011358022456988692
Epoch 506 Relative Error 0.001150967669673264
Epoch 507 Relative Error 0.0011551593197509646
Epoch 508 Relative Error 0.001141164219006896
Epoch 509 Relative Error 0.0011375880567356944
Epoch 510 Relative Error 0.0011329371482133865
Epoch 511 Relative Error 0.001151933567598462
Epoch 512 Relative Error 0.0011256567668169737
Epoch 513 Relative Error 0.0011297836899757385
Epoch 514 Relative Error 0.0011297424789518118
Epoch 515 Relative Error 0.0011338540352880955
Epoch 516 Relative Error 0.0011328107211738825
Epoch 517 Relative Error 0.0011255007702857256
Epoch 518 Relative Error 0.0011268241796642542
Epoch 519 Relative Error 0.0011245926143601537
Epoch 520 Relative Error 0.0011361929355189204
Epoch 521 Relative Error 0.00111842539627105
Epoch 522 Relative Error 0.0011086115846410394
Epoch 523 Relative Error 0.001111785531975329
Epoch 524 Relative Error 0.001095829182304442
Epoch 525 Relative Error 0.0011078426614403725
Epoch 526 Relative Error 0.0011083456920459867
Epoch 527 Relative Error 0.0011252784170210361
Epoch 528 Relative Error 0.0011313216527923942
Epoch 529 Relative Error 0.001108346739783883
Epoch 530 Relative Error 0.0011320060584694147
Epoch 531 Relative Error 0.001138266990892589
Epoch 532 Relative Error 0.0011047925800085068
Epoch 533 Relative Error 0.0010928692063316703
Epoch 534 Relative Error 0.0010955310426652431
Epoch 535 Relative Error 0.0010807946091517806
Epoch 536 Relative Error 0.0010840926552191377
Epoch 537 Relative Error 0.0010889973491430283
Epoch 538 Relative Error 0.001090459176339209
Epoch 539 Relative Error 0.0010757315903902054
Epoch 540 Relative Error 0.0011013790499418974
Epoch 541 Relative Error 0.0010839607566595078
Epoch 542 Relative Error 0.0010977141791954637
Epoch 543 Relative Error 0.0011072354391217232
Epoch 544 Relative Error 0.001092788064852357
Epoch 545 Relative Error 0.0010750379879027605
Epoch 546 Relative Error 0.001073603518307209
Epoch 547 Relative Error 0.0010782796889543533
Epoch 548 Relative Error 0.0011058376403525472
Epoch 549 Relative Error 0.0010783947072923183
Epoch 550 Relative Error 0.001064362470060587
Epoch 551 Relative Error 0.0010608702432364225
Epoch 552 Relative Error 0.0010595335625112057
Epoch 553 Relative Error 0.0010589779121801257
Epoch 554 Relative Error 0.0010617595398798585
Epoch 555 Relative Error 0.001067807083018124
Epoch 556 Relative Error 0.0010599885135889053
Epoch 557 Relative Error 0.001054334919899702
Epoch 558 Relative Error 0.0010517265181988478
Epoch 559 Relative Error 0.0010595001513138413
Epoch 560 Relative Error 0.0010864719515666366
Epoch 561 Relative Error 0.001072488259524107
Epoch 562 Relative Error 0.0010642738780006766
Epoch 563 Relative Error 0.0010628618765622377
Epoch 564 Relative Error 0.00107725674752146
Epoch 565 Relative Error 0.0010552622843533754
Epoch 566 Relative Error 0.001056574285030365
Epoch 567 Relative Error 0.0010517891496419907
Epoch 568 Relative Error 0.0010598765220493078
Epoch 569 Relative Error 0.0010879316832870245
Epoch 570 Relative Error 0.001131373574025929
Epoch 571 Relative Error 0.0010950209107249975
Epoch 572 Relative Error 0.0010599761735647917
Epoch 573 Relative Error 0.0010732184164226055
Epoch 574 Relative Error 0.0010565738193690777
Epoch 575 Relative Error 0.0010410209652036428
Epoch 576 Relative Error 0.0010362181346863508
Epoch 577 Relative Error 0.0010424609063193202
Epoch 578 Relative Error 0.0010422738268971443
Epoch 579 Relative Error 0.0010235965019091964
Epoch 580 Relative Error 0.0010239967377856374
Epoch 581 Relative Error 0.0010266759200021625
Epoch 582 Relative Error 0.0010387171059846878
Epoch 583 Relative Error 0.0010237254900857806
Epoch 584 Relative Error 0.001022287062369287
Epoch 585 Relative Error 0.0010197680676355958
Epoch 586 Relative Error 0.0010219737887382507
Epoch 587 Relative Error 0.0010133478790521622
Epoch 588 Relative Error 0.0010297377593815327
Epoch 589 Relative Error 0.0010184354614466429
Epoch 590 Relative Error 0.0010416059521958232
Epoch 591 Relative Error 0.0010506805265322328
Epoch 592 Relative Error 0.0010340167209506035
Epoch 593 Relative Error 0.0010418135207146406
Epoch 594 Relative Error 0.001033057807944715
Epoch 595 Relative Error 0.0010220302501693368
Epoch 596 Relative Error 0.0010175829520449042
Epoch 597 Relative Error 0.0010100353974848986
Epoch 598 Relative Error 0.0010130133014172316
Epoch 599 Relative Error 0.0010183581616729498
Epoch 600 Relative Error 0.0010175146162509918
Epoch 601 Relative Error 0.0010149155277758837
Epoch 602 Relative Error 0.0010022587375715375
Epoch 603 Relative Error 0.000999916112050414
Epoch 604 Relative Error 0.0010033103171736002
Epoch 605 Relative Error 0.0010099206119775772
Epoch 606 Relative Error 0.0010031204437837005
Epoch 607 Relative Error 0.0010067769326269627
Epoch 608 Relative Error 0.0010332341771572828
Epoch 609 Relative Error 0.0010140122612938285
Epoch 610 Relative Error 0.0010124724358320236
Epoch 611 Relative Error 0.001016136142425239
Epoch 612 Relative Error 0.0010242481948807836
Epoch 613 Relative Error 0.0010124455438926816
Epoch 614 Relative Error 0.0010042513022199273
Epoch 615 Relative Error 0.000997912953607738
Epoch 616 Relative Error 0.0010157529031857848
Epoch 617 Relative Error 0.0010171333560720086
Epoch 618 Relative Error 0.0010125088738277555
Epoch 619 Relative Error 0.0010264613665640354
Epoch 620 Relative Error 0.0010167889995500445
Epoch 621 Relative Error 0.0009896501433104277
Epoch 622 Relative Error 0.000994127243757248
Epoch 623 Relative Error 0.000997057999484241
Epoch 624 Relative Error 0.0009885596809908748
Epoch 625 Relative Error 0.0009865348692983389
Epoch 626 Relative Error 0.0009826916502788663
Epoch 627 Relative Error 0.0010057010222226381
Epoch 628 Relative Error 0.0009950078092515469
Epoch 629 Relative Error 0.0009896799456328154
Epoch 630 Relative Error 0.0010122781386598945
Epoch 631 Relative Error 0.000977330724708736
Epoch 632 Relative Error 0.0009760573739185929
Epoch 633 Relative Error 0.0009829830378293991
Epoch 634 Relative Error 0.0009691526647657156
Epoch 635 Relative Error 0.0009728010045364499
Epoch 636 Relative Error 0.0009697008063085377
Epoch 637 Relative Error 0.0009834247175604105
Epoch 638 Relative Error 0.0009803962893784046
Epoch 639 Relative Error 0.0009754922357387841
Epoch 640 Relative Error 0.0009636699105612934
Epoch 641 Relative Error 0.0009762818808667362
Epoch 642 Relative Error 0.0009623708901926875
Epoch 643 Relative Error 0.0009688124409876764
Epoch 644 Relative Error 0.0009649093844927847
Epoch 645 Relative Error 0.0009562800987623632
Epoch 646 Relative Error 0.0009645914542488754
Epoch 647 Relative Error 0.0009791131597012281
Epoch 648 Relative Error 0.0009804368019104004
Epoch 649 Relative Error 0.0009611852001398802
Epoch 650 Relative Error 0.0009720425005070865
Epoch 651 Relative Error 0.0009666404803283513
Epoch 652 Relative Error 0.0009631806169636548
Epoch 653 Relative Error 0.0009505544439889491
Epoch 654 Relative Error 0.0009637028560973704
Epoch 655 Relative Error 0.0009703965624794364
Epoch 656 Relative Error 0.0009967525256797671
Epoch 657 Relative Error 0.0009650937863625586
Epoch 658 Relative Error 0.0009630107088014483
Epoch 659 Relative Error 0.0009703075629658997
Epoch 660 Relative Error 0.000978538766503334
Epoch 661 Relative Error 0.0009481380111537874
Epoch 662 Relative Error 0.0009594664443284273
Epoch 663 Relative Error 0.0009612731519155204
Epoch 664 Relative Error 0.0009730844176374376
Epoch 665 Relative Error 0.0009617986506782472
Epoch 666 Relative Error 0.0009552721749059856
Epoch 667 Relative Error 0.0009455819381400943
Epoch 668 Relative Error 0.0009389778133481741
Epoch 669 Relative Error 0.0009334951173514128
Epoch 670 Relative Error 0.0009474054677411914
Epoch 671 Relative Error 0.00094267213717103
Epoch 672 Relative Error 0.0009459986467845738
Epoch 673 Relative Error 0.0009431455400772393
Epoch 674 Relative Error 0.000938176061026752
Epoch 675 Relative Error 0.0009540502796880901
Epoch 676 Relative Error 0.0009523298940621316
Epoch 677 Relative Error 0.0009392565116286278
Epoch 678 Relative Error 0.0009378631366416812
Epoch 679 Relative Error 0.0009343530400656164
Epoch 680 Relative Error 0.0009306409046985209
Epoch 681 Relative Error 0.0009354204521514475
Epoch 682 Relative Error 0.0009538118029013276
Epoch 683 Relative Error 0.0009582804632373154
Epoch 684 Relative Error 0.001017136499285698
Epoch 685 Relative Error 0.001012789667584002
Epoch 686 Relative Error 0.0010240902192890644
Epoch 687 Relative Error 0.0010189964668825269
Epoch 688 Relative Error 0.0009964132914319634
Epoch 689 Relative Error 0.0010116256307810545
Epoch 690 Relative Error 0.0009711026214063168
Epoch 691 Relative Error 0.0009658859926275909
Epoch 692 Relative Error 0.0009679162758402526
Epoch 693 Relative Error 0.0009591642301529646
Epoch 694 Relative Error 0.0009470406221225858
Epoch 695 Relative Error 0.0009727235301397741
Epoch 696 Relative Error 0.0009321445249952376
Epoch 697 Relative Error 0.0009630464483052492
Epoch 698 Relative Error 0.0009570838883519173
Epoch 699 Relative Error 0.0009364662109874189
Epoch 700 Relative Error 0.0009186812094412744
Epoch 701 Relative Error 0.0009255931945517659
Epoch 702 Relative Error 0.0009312297916039824
Epoch 703 Relative Error 0.0009279070654883981
Epoch 704 Relative Error 0.0009145154617726803
Epoch 705 Relative Error 0.0009185028611682355
Epoch 706 Relative Error 0.0009213828016072512
Epoch 707 Relative Error 0.0009228162816725671
Epoch 708 Relative Error 0.0009166893432848155
Epoch 709 Relative Error 0.0009027817286550999
Epoch 710 Relative Error 0.0009028699714690447
Epoch 711 Relative Error 0.0009082426549866796
Epoch 712 Relative Error 0.0009144430514425039
Epoch 713 Relative Error 0.0009023153106682003
Epoch 714 Relative Error 0.0009085478377528489
Epoch 715 Relative Error 0.0009109718375839293
Epoch 716 Relative Error 0.0008999318815767765
Epoch 717 Relative Error 0.0009046538616530597
Epoch 718 Relative Error 0.0008999318815767765
Epoch 719 Relative Error 0.0009094987763091922
Epoch 720 Relative Error 0.0009287726716138422
Epoch 721 Relative Error 0.0009068254730664194
Epoch 722 Relative Error 0.0009085063356906176
Epoch 723 Relative Error 0.0009053474641405046
Epoch 724 Relative Error 0.0009008328779600561
Epoch 725 Relative Error 0.0008896811050362885
Epoch 726 Relative Error 0.0009022490121424198
Epoch 727 Relative Error 0.0008981605642475188
Epoch 728 Relative Error 0.0008993541123345494
Epoch 729 Relative Error 0.0009034536778926849
Epoch 730 Relative Error 0.0009198029292747378
Epoch 731 Relative Error 0.000890019116923213
Epoch 732 Relative Error 0.0008808021666482091
Epoch 733 Relative Error 0.0008847289718687534
Epoch 734 Relative Error 0.0008862765389494598
Epoch 735 Relative Error 0.0009068386279977858
Epoch 736 Relative Error 0.0008962697465904057
Epoch 737 Relative Error 0.0009243338136002421
Epoch 738 Relative Error 0.0009117386071011424
Epoch 739 Relative Error 0.000912307295948267
Epoch 740 Relative Error 0.0008986629545688629
Epoch 741 Relative Error 0.0008910319302231073
Epoch 742 Relative Error 0.0008811851148493588
Epoch 743 Relative Error 0.0008808234706521034
Epoch 744 Relative Error 0.0009117603185586631
Epoch 745 Relative Error 0.00091809022706002
Epoch 746 Relative Error 0.000922572216950357
Epoch 747 Relative Error 0.0009282241808250546
Epoch 748 Relative Error 0.0009056808776222169
Epoch 749 Relative Error 0.000911003677174449
Epoch 750 Relative Error 0.0009204065427184105
Epoch 751 Relative Error 0.0009019211865961552
Epoch 752 Relative Error 0.000895043951459229
Epoch 753 Relative Error 0.0008876700303517282
Epoch 754 Relative Error 0.0008822886156849563
Epoch 755 Relative Error 0.0008781368960626423
Epoch 756 Relative Error 0.0008779445197433233
Epoch 757 Relative Error 0.000882175809238106
Epoch 758 Relative Error 0.0008836615015752614
Epoch 759 Relative Error 0.000888184760697186
Epoch 760 Relative Error 0.0008774726884439588
Epoch 761 Relative Error 0.0008824380929581821
Epoch 762 Relative Error 0.0008795229950919747
Epoch 763 Relative Error 0.0008798027993179858
Epoch 764 Relative Error 0.0008764102822169662
Epoch 765 Relative Error 0.0008681990439072251
Epoch 766 Relative Error 0.000885031302459538
Epoch 767 Relative Error 0.0008615754777565598
Epoch 768 Relative Error 0.0008661460014991462
Epoch 769 Relative Error 0.000869935960508883
Epoch 770 Relative Error 0.0008754185982979834
Epoch 771 Relative Error 0.0008858171640895307
Epoch 772 Relative Error 0.0009028736967593431
Epoch 773 Relative Error 0.0008628735668025911
Epoch 774 Relative Error 0.0008684115600772202
Epoch 775 Relative Error 0.0008786831749603152
Epoch 776 Relative Error 0.0008891113102436066
Epoch 777 Relative Error 0.0008792479056864977
Epoch 778 Relative Error 0.0008649961673654616
Epoch 779 Relative Error 0.000902866362594068
Epoch 780 Relative Error 0.0009130298858508468
Epoch 781 Relative Error 0.0009130529360845685
Epoch 782 Relative Error 0.0008861600654199719
Epoch 783 Relative Error 0.0009070028900168836
Epoch 784 Relative Error 0.000893079792149365
Epoch 785 Relative Error 0.0008680770988576114
Epoch 786 Relative Error 0.0008757477044127882
Epoch 787 Relative Error 0.0008634380646981299
Epoch 788 Relative Error 0.0008720507030375302
Epoch 789 Relative Error 0.0008631470846012235
Epoch 790 Relative Error 0.0008636502898298204
Epoch 791 Relative Error 0.0008663340122438967
Epoch 792 Relative Error 0.0008491631015203893
Epoch 793 Relative Error 0.0008609655196778476
Epoch 794 Relative Error 0.0008519738330505788
Epoch 795 Relative Error 0.0008608422940596938
Epoch 796 Relative Error 0.0008646531496196985
Epoch 797 Relative Error 0.0008538415422663093
Epoch 798 Relative Error 0.000859303108882159
Epoch 799 Relative Error 0.0008722773054614663
Epoch 800 Relative Error 0.0008569162455387414
Epoch 801 Relative Error 0.000866794609464705
Epoch 802 Relative Error 0.000866109156049788
Epoch 803 Relative Error 0.0008719895267859101
Epoch 804 Relative Error 0.000871037133038044
Epoch 805 Relative Error 0.0008904342539608479
Epoch 806 Relative Error 0.0008946702000685036
Epoch 807 Relative Error 0.0009854569798335433
Epoch 808 Relative Error 0.0009247814305126667
Epoch 809 Relative Error 0.0008967376197688282
Epoch 810 Relative Error 0.0009521095780655742
Epoch 811 Relative Error 0.0008606875780969858
Epoch 812 Relative Error 0.0008578486740589142
Epoch 813 Relative Error 0.0008618095307610929
Epoch 814 Relative Error 0.000855832826346159
Epoch 815 Relative Error 0.0008827185956761241
Epoch 816 Relative Error 0.0008937243255786598
Epoch 817 Relative Error 0.0009159174514934421
Epoch 818 Relative Error 0.0009380488772876561
Epoch 819 Relative Error 0.0008973107906058431
Epoch 820 Relative Error 0.0009089377126656473
Epoch 821 Relative Error 0.0008908931631594896
Epoch 822 Relative Error 0.0008724780636839569
Epoch 823 Relative Error 0.0008542013238184154
Epoch 824 Relative Error 0.0008398013887926936
Epoch 825 Relative Error 0.0008443862316198647
Epoch 826 Relative Error 0.0008291153935715556
Epoch 827 Relative Error 0.0008280790643766522
Epoch 828 Relative Error 0.0008288125391118228
Epoch 829 Relative Error 0.0008433075272478163
Epoch 830 Relative Error 0.0008203121251426637
Epoch 831 Relative Error 0.0008303152862936258
Epoch 832 Relative Error 0.0008313602302223444
Epoch 833 Relative Error 0.0008430779562331736
Epoch 834 Relative Error 0.0008311046403832734
Epoch 835 Relative Error 0.0008374355384148657
Epoch 836 Relative Error 0.0008512039203196764
Epoch 837 Relative Error 0.0008455647621303797
Epoch 838 Relative Error 0.000828388670925051
Epoch 839 Relative Error 0.0008316825842484832
Epoch 840 Relative Error 0.0008277811575680971
Epoch 841 Relative Error 0.0008271136903204024
Epoch 842 Relative Error 0.0008287490927614272
Epoch 843 Relative Error 0.0008181701996363699
Epoch 844 Relative Error 0.0008166153565980494
Epoch 845 Relative Error 0.0008322095964103937
Epoch 846 Relative Error 0.0008273940766230226
Epoch 847 Relative Error 0.0008328218245878816
Epoch 848 Relative Error 0.0008876705542206764
Epoch 849 Relative Error 0.0008450188324786723
Epoch 850 Relative Error 0.0008374919998459518
Epoch 851 Relative Error 0.0008238597656600177
Epoch 852 Relative Error 0.0008253785199485719
Epoch 853 Relative Error 0.0008199858129955828
Epoch 854 Relative Error 0.0008178720017895103
Epoch 855 Relative Error 0.0008446705178357661
Epoch 856 Relative Error 0.0008302957285195589
Epoch 857 Relative Error 0.0008486740989610553
Epoch 858 Relative Error 0.0008352063596248627
Epoch 859 Relative Error 0.0008562064031139016
Epoch 860 Relative Error 0.0008181973826140165
Epoch 861 Relative Error 0.0008308329270221293
Epoch 862 Relative Error 0.0008466400322504342
Epoch 863 Relative Error 0.0008135602693073452
Epoch 864 Relative Error 0.0008482185658067465
Epoch 865 Relative Error 0.0008736156160011888
Epoch 866 Relative Error 0.0008567518088966608
Epoch 867 Relative Error 0.000849470729008317
Epoch 868 Relative Error 0.0009049986256286502
Epoch 869 Relative Error 0.0008304559160023928
Epoch 870 Relative Error 0.0008211673703044653
Epoch 871 Relative Error 0.0008251951076090336
Epoch 872 Relative Error 0.000830511620733887
Epoch 873 Relative Error 0.000837231520563364
Epoch 874 Relative Error 0.000821043096948415
Epoch 875 Relative Error 0.0008257448207587004
Epoch 876 Relative Error 0.0008268451201729476
Epoch 877 Relative Error 0.0008452949696220458
Epoch 878 Relative Error 0.0008474840433336794
Epoch 879 Relative Error 0.0008268440724350512
Epoch 880 Relative Error 0.0008171107620000839
Epoch 881 Relative Error 0.0008074239012785256
Epoch 882 Relative Error 0.0008026359137147665
Epoch 883 Relative Error 0.0008158903219737113
Epoch 884 Relative Error 0.0007970415754243731
Epoch 885 Relative Error 0.0008256438304670155
Epoch 886 Relative Error 0.0008119655540212989
Epoch 887 Relative Error 0.0008203192846849561
Epoch 888 Relative Error 0.0008116583921946585
Epoch 889 Relative Error 0.0009362835553474724
Epoch 890 Relative Error 0.0008547721663489938
Epoch 891 Relative Error 0.0008511247579008341
Epoch 892 Relative Error 0.0008362930966541171
Epoch 893 Relative Error 0.0008397754281759262
Epoch 894 Relative Error 0.0008354505407623947
Epoch 895 Relative Error 0.0008290002006106079
Epoch 896 Relative Error 0.0008252526167780161
Epoch 897 Relative Error 0.0008363143424503505
Epoch 898 Relative Error 0.0008241697214543819
Epoch 899 Relative Error 0.000835695187561214
Epoch 900 Relative Error 0.0008114249212667346
Epoch 901 Relative Error 0.000830243225209415
Epoch 902 Relative Error 0.0008421507081948221
Epoch 903 Relative Error 0.0008124958840198815
Epoch 904 Relative Error 0.0008029298041947186
Epoch 905 Relative Error 0.0007986627169884741
Epoch 906 Relative Error 0.0007957266643643379
Epoch 907 Relative Error 0.000795665371697396
Epoch 908 Relative Error 0.0007995747146196663
Epoch 909 Relative Error 0.0007851205882616341
Epoch 910 Relative Error 0.0007856262382119894
Epoch 911 Relative Error 0.0007973067695274949
Epoch 912 Relative Error 0.0007933114538900554
Epoch 913 Relative Error 0.0008036019280552864
Epoch 914 Relative Error 0.0008006495772860944
Epoch 915 Relative Error 0.0007978723151609302
Epoch 916 Relative Error 0.000796214968431741
Epoch 917 Relative Error 0.0007914959569461644
Epoch 918 Relative Error 0.0007927530095912516
Epoch 919 Relative Error 0.0007976596825756133
Epoch 920 Relative Error 0.0007975984481163323
Epoch 921 Relative Error 0.0008028344018384814
Epoch 922 Relative Error 0.0007961244555190206
Epoch 923 Relative Error 0.0007982925744727254
Epoch 924 Relative Error 0.0007985301199369133
Epoch 925 Relative Error 0.0007804246270097792
Epoch 926 Relative Error 0.0007810433162376285
Epoch 927 Relative Error 0.0007789069204591215
Epoch 928 Relative Error 0.0008096921956166625
Epoch 929 Relative Error 0.0007883917423896492
Epoch 930 Relative Error 0.0007731798687018454
Epoch 931 Relative Error 0.0007811867981217802
Epoch 932 Relative Error 0.0007870459812693298
Epoch 933 Relative Error 0.000780853966716677
Epoch 934 Relative Error 0.0007771209347993135
Epoch 935 Relative Error 0.0007858368917368352
Epoch 936 Relative Error 0.000784370000474155
Epoch 937 Relative Error 0.0007799035520292819
Epoch 938 Relative Error 0.0008204815676435828
Epoch 939 Relative Error 0.0008035764330998063
Epoch 940 Relative Error 0.0007918269839137793
Epoch 941 Relative Error 0.0008077867678366601
Epoch 942 Relative Error 0.0007887278916314244
Epoch 943 Relative Error 0.0008112569339573383
Epoch 944 Relative Error 0.0008429111912846565
Epoch 945 Relative Error 0.0007858751341700554
Epoch 946 Relative Error 0.0007757501443848014
Epoch 947 Relative Error 0.0007872506976127625
Epoch 948 Relative Error 0.0007801690371707082
Epoch 949 Relative Error 0.0007794301491230726
Epoch 950 Relative Error 0.0007835811702534556
Epoch 951 Relative Error 0.0007805984932929277
Epoch 952 Relative Error 0.0007907625404186547
Epoch 953 Relative Error 0.0007786217611283064
Epoch 954 Relative Error 0.0007758446154184639
Epoch 955 Relative Error 0.000771156745031476
Epoch 956 Relative Error 0.0007644437137059867
Epoch 957 Relative Error 0.0007769595831632614
Epoch 958 Relative Error 0.0007756355335004628
Epoch 959 Relative Error 0.0007791262469254434
Epoch 960 Relative Error 0.000772819563280791
Epoch 961 Relative Error 0.0007654798682779074
Epoch 962 Relative Error 0.0007799770683050156
Epoch 963 Relative Error 0.0007911992142908275
Epoch 964 Relative Error 0.0007745719631202519
Epoch 965 Relative Error 0.0007682619616389275
Epoch 966 Relative Error 0.0007738441345281899
Epoch 967 Relative Error 0.0007922443910501897
Epoch 968 Relative Error 0.0007668282487429678
Epoch 969 Relative Error 0.0007790712406858802
Epoch 970 Relative Error 0.0008050093310885131
Epoch 971 Relative Error 0.0007682990981265903
Epoch 972 Relative Error 0.0007739439606666565
Epoch 973 Relative Error 0.0007734338869340718
Epoch 974 Relative Error 0.0007686252938583493
Epoch 975 Relative Error 0.0007682331488467753
Epoch 976 Relative Error 0.0007736588013358414
Epoch 977 Relative Error 0.0007641930715180933
Epoch 978 Relative Error 0.0007586939609609544
Epoch 979 Relative Error 0.0007562625105492771
Epoch 980 Relative Error 0.0007594857015646994
Epoch 981 Relative Error 0.0007545159314759076
Epoch 982 Relative Error 0.0007816552533768117
Epoch 983 Relative Error 0.0007797424914315343
Epoch 984 Relative Error 0.0007590565364807844
Epoch 985 Relative Error 0.0007725517498329282
Epoch 986 Relative Error 0.0007684794836677611
Epoch 987 Relative Error 0.0007765011396259069
Epoch 988 Relative Error 0.000790684949606657
Epoch 989 Relative Error 0.0007756287232041359
Epoch 990 Relative Error 0.0007596100331284106
Epoch 991 Relative Error 0.0007640931289643049
Epoch 992 Relative Error 0.0007677958346903324
Epoch 993 Relative Error 0.000792270409874618
Epoch 994 Relative Error 0.0007601829129271209
Epoch 995 Relative Error 0.000776121683884412
Epoch 996 Relative Error 0.0007648071041330695
Epoch 997 Relative Error 0.0007703316514380276
Epoch 998 Relative Error 0.0007708799676038325
Epoch 999 Relative Error 0.0007682664436288178
Epoch 1000 Relative Error 0.000771095568779856
RE (2, 4, 12, 0): 0.0007545159314759076
Green's Function RE (2, 4, 12, 0): 0.009931798093020916
Bias Term RE (2, 4, 12, 0): 0.005795715842396021
Combination (2, 4, 12, 0, 0): 0.002921982668340206
Combination (2, 4, 12, 0, 1): 0.0031327398028224707
Combination (2, 4, 12, 0, 2): 0.0031323262955993414
Combination (2, 4, 12, 0, 3): 0.003135307691991329
Combination (2, 4, 12, 0, 4): 0.0031368338968604803

/home/gridsan/gstepaniants/.local/lib/python3.8/site-packages/torch/functional.py:478: UserWarning: torch.meshgrid: in an upcoming release, it will be required to pass the indexing argument. (Triggered internally at  ../aten/src/ATen/native/TensorShape.cpp:2895.)
  return _VF.meshgrid(tensors, **kwargs)  # type: ignore[attr-defined]
