[KeOps] Warning : Cuda libraries were not detected on the system ; using cpu only mode
1
Kernel: Matern5/2
Weight Mesh: 60
RKHS Kernel Width: 0.07
Lambda: 1e-06
Green's Function Learning Rate: 100
Bias Term Learning Rate: 100
Epoch 1 Relative Error 8313.9677734375
First epoch had re = 8313.9677734375 > 1
Green's Function Learning Rate: 50
Bias Term Learning Rate: 50
Epoch 1 Relative Error 5007.47119140625
First epoch had re = 5007.47119140625 > 1
Green's Function Learning Rate: 10
Bias Term Learning Rate: 10
Epoch 1 Relative Error 1034.9912109375
First epoch had re = 1034.9912109375 > 1
Green's Function Learning Rate: 5
Bias Term Learning Rate: 5
Epoch 1 Relative Error 644.3449096679688
First epoch had re = 644.3449096679688 > 1
Green's Function Learning Rate: 1
Bias Term Learning Rate: 1
Epoch 1 Relative Error 110.75679779052734
First epoch had re = 110.75679779052734 > 1
Green's Function Learning Rate: 0.5
Bias Term Learning Rate: 0.5
Epoch 1 Relative Error 50.116912841796875
First epoch had re = 50.116912841796875 > 1
Green's Function Learning Rate: 0.1
Bias Term Learning Rate: 0.1
Epoch 1 Relative Error 8.916293144226074
First epoch had re = 8.916293144226074 > 1
Green's Function Learning Rate: 0.05
Bias Term Learning Rate: 0.05
Epoch 1 Relative Error 4.926797389984131
First epoch had re = 4.926797389984131 > 1
Green's Function Learning Rate: 0.01
Bias Term Learning Rate: 0.01
Epoch 1 Relative Error 0.8927550315856934
Epoch 2 Relative Error 0.6335155367851257
Epoch 3 Relative Error 0.537823498249054
Epoch 4 Relative Error 0.40109264850616455
Epoch 5 Relative Error 0.22008556127548218
Epoch 6 Relative Error 0.16839779913425446
Epoch 7 Relative Error 0.18285754323005676
Epoch 8 Relative Error 0.16059455275535583
Epoch 9 Relative Error 0.11487825959920883
Epoch 10 Relative Error 0.10706113278865814
Epoch 11 Relative Error 0.09870920330286026
Epoch 12 Relative Error 0.08299421519041061
Epoch 13 Relative Error 0.06192552298307419
Epoch 14 Relative Error 0.05062831565737724
Epoch 15 Relative Error 0.05147069692611694
Epoch 16 Relative Error 0.041801147162914276
Epoch 17 Relative Error 0.039385855197906494
Epoch 18 Relative Error 0.035413336008787155
Epoch 19 Relative Error 0.03245728090405464
Epoch 20 Relative Error 0.03066338784992695
Epoch 21 Relative Error 0.02932894416153431
Epoch 22 Relative Error 0.02835126407444477
Epoch 23 Relative Error 0.027573976665735245
Epoch 24 Relative Error 0.026701709255576134
Epoch 25 Relative Error 0.026208223775029182
Epoch 26 Relative Error 0.025789961218833923
Epoch 27 Relative Error 0.02520095743238926
Epoch 28 Relative Error 0.02490694262087345
Epoch 29 Relative Error 0.024501726031303406
Epoch 30 Relative Error 0.024247102439403534
Epoch 31 Relative Error 0.023753881454467773
Epoch 32 Relative Error 0.02352457493543625
Epoch 33 Relative Error 0.023283636197447777
Epoch 34 Relative Error 0.02286846935749054
Epoch 35 Relative Error 0.022510327398777008
Epoch 36 Relative Error 0.022304672747850418
Epoch 37 Relative Error 0.02200024574995041
Epoch 38 Relative Error 0.021726561710238457
Epoch 39 Relative Error 0.02149544470012188
Epoch 40 Relative Error 0.021317487582564354
Epoch 41 Relative Error 0.021005533635616302
Epoch 42 Relative Error 0.02092701755464077
Epoch 43 Relative Error 0.020637426525354385
Epoch 44 Relative Error 0.020432444289326668
Epoch 45 Relative Error 0.020212743431329727
Epoch 46 Relative Error 0.0200657919049263
Epoch 47 Relative Error 0.019861305132508278
Epoch 48 Relative Error 0.019649852067232132
Epoch 49 Relative Error 0.019515790045261383
Epoch 50 Relative Error 0.019319500774145126
Epoch 51 Relative Error 0.019535759463906288
Epoch 52 Relative Error 0.01902017556130886
Epoch 53 Relative Error 0.018917707726359367
Epoch 54 Relative Error 0.018754806369543076
Epoch 55 Relative Error 0.01863468997180462
Epoch 56 Relative Error 0.01843431405723095
Epoch 57 Relative Error 0.01827521249651909
Epoch 58 Relative Error 0.01813419535756111
Epoch 59 Relative Error 0.018138471990823746
Epoch 60 Relative Error 0.01802784763276577
Epoch 61 Relative Error 0.01778578571975231
Epoch 62 Relative Error 0.01766928844153881
Epoch 63 Relative Error 0.017597049474716187
Epoch 64 Relative Error 0.01750795915722847
Epoch 65 Relative Error 0.01735006272792816
Epoch 66 Relative Error 0.017195090651512146
Epoch 67 Relative Error 0.017121484503149986
Epoch 68 Relative Error 0.017018495127558708
Epoch 69 Relative Error 0.016878847032785416
Epoch 70 Relative Error 0.016740985214710236
Epoch 71 Relative Error 0.016620496287941933
Epoch 72 Relative Error 0.016554145142436028
Epoch 73 Relative Error 0.016454290598630905
Epoch 74 Relative Error 0.016378695145249367
Epoch 75 Relative Error 0.01627376675605774
Epoch 76 Relative Error 0.01624959707260132
Epoch 77 Relative Error 0.016144579276442528
Epoch 78 Relative Error 0.016056906431913376
Epoch 79 Relative Error 0.015968523919582367
Epoch 80 Relative Error 0.015865551307797432
Epoch 81 Relative Error 0.015797507017850876
Epoch 82 Relative Error 0.015798911452293396
Epoch 83 Relative Error 0.015708966180682182
Epoch 84 Relative Error 0.015615430660545826
Epoch 85 Relative Error 0.01549870241433382
Epoch 86 Relative Error 0.015455661341547966
Epoch 87 Relative Error 0.015334459953010082
Epoch 88 Relative Error 0.015284557826817036
Epoch 89 Relative Error 0.015158165246248245
Epoch 90 Relative Error 0.015107636339962482
Epoch 91 Relative Error 0.015016434714198112
Epoch 92 Relative Error 0.014993663877248764
Epoch 93 Relative Error 0.014985115267336369
Epoch 94 Relative Error 0.015171962790191174
Epoch 95 Relative Error 0.014884606003761292
Epoch 96 Relative Error 0.014813585206866264
Epoch 97 Relative Error 0.014703567139804363
Epoch 98 Relative Error 0.014819275587797165
Epoch 99 Relative Error 0.014791619032621384
Epoch 100 Relative Error 0.014578215777873993
Epoch 101 Relative Error 0.014607337303459644
Epoch 102 Relative Error 0.01435054000467062
Epoch 103 Relative Error 0.014699261635541916
Epoch 104 Relative Error 0.01439460925757885
Epoch 105 Relative Error 0.01448147278279066
Epoch 106 Relative Error 0.01441582478582859
Epoch 107 Relative Error 0.014204004779458046
Epoch 108 Relative Error 0.014159822836518288
Epoch 109 Relative Error 0.014195607043802738
Epoch 110 Relative Error 0.014000732451677322
Epoch 111 Relative Error 0.013867043890058994
Epoch 112 Relative Error 0.013760161586105824
Epoch 113 Relative Error 0.01377888210117817
Epoch 114 Relative Error 0.013697821646928787
Epoch 115 Relative Error 0.013706534169614315
Epoch 116 Relative Error 0.013686115853488445
Epoch 117 Relative Error 0.013573345728218555
Epoch 118 Relative Error 0.013584059663116932
Epoch 119 Relative Error 0.013432764448225498
Epoch 120 Relative Error 0.013614806346595287
Epoch 121 Relative Error 0.013369434513151646
Epoch 122 Relative Error 0.013291573151946068
Epoch 123 Relative Error 0.01331158448010683
Epoch 124 Relative Error 0.013300175778567791
Epoch 125 Relative Error 0.013273624703288078
Epoch 126 Relative Error 0.013219693675637245
Epoch 127 Relative Error 0.013107789680361748
Epoch 128 Relative Error 0.013206223025918007
Epoch 129 Relative Error 0.013086621649563313
Epoch 130 Relative Error 0.013022352010011673
Epoch 131 Relative Error 0.01302038412541151
Epoch 132 Relative Error 0.012957215309143066
Epoch 133 Relative Error 0.012897594831883907
Epoch 134 Relative Error 0.012841262854635715
Epoch 135 Relative Error 0.012793031521141529
Epoch 136 Relative Error 0.012729829177260399
Epoch 137 Relative Error 0.012761089019477367
Epoch 138 Relative Error 0.012720338068902493
Epoch 139 Relative Error 0.012574508786201477
Epoch 140 Relative Error 0.012585798278450966
Epoch 141 Relative Error 0.012534675188362598
Epoch 142 Relative Error 0.012510390020906925
Epoch 143 Relative Error 0.012497344054281712
Epoch 144 Relative Error 0.012464282102882862
Epoch 145 Relative Error 0.012400983832776546
Epoch 146 Relative Error 0.012359405867755413
Epoch 147 Relative Error 0.012349884957075119
Epoch 148 Relative Error 0.012340715155005455
Epoch 149 Relative Error 0.012421892955899239
Epoch 150 Relative Error 0.01220625825226307
Epoch 151 Relative Error 0.01222272403538227
Epoch 152 Relative Error 0.01217801682651043
Epoch 153 Relative Error 0.012141245417296886
Epoch 154 Relative Error 0.01225036010146141
Epoch 155 Relative Error 0.012125518172979355
Epoch 156 Relative Error 0.012218744494020939
Epoch 157 Relative Error 0.012025417760014534
Epoch 158 Relative Error 0.012080838903784752
Epoch 159 Relative Error 0.013051982969045639
Epoch 160 Relative Error 0.012515479698777199
Epoch 161 Relative Error 0.012012392282485962
Epoch 162 Relative Error 0.0121948616579175
Epoch 163 Relative Error 0.0119602857157588
Epoch 164 Relative Error 0.011879592202603817
Epoch 165 Relative Error 0.012522371485829353
Epoch 166 Relative Error 0.012710190378129482
Epoch 167 Relative Error 0.012182069011032581
Epoch 168 Relative Error 0.012822868302464485
Epoch 169 Relative Error 0.019539209082722664
Epoch 170 Relative Error 0.021585389971733093
Epoch 171 Relative Error 0.015525389462709427
Epoch 172 Relative Error 0.04942649230360985
Epoch 173 Relative Error 0.06953617185354233
Epoch 174 Relative Error 0.03629858419299126
Epoch 175 Relative Error 0.07603432238101959
Epoch 176 Relative Error 0.058713965117931366
Epoch 177 Relative Error 0.07633456587791443
Epoch 178 Relative Error 0.07422557473182678
Epoch 179 Relative Error 0.05103530362248421
Epoch 180 Relative Error 0.036387983709573746
Epoch 181 Relative Error 0.03145310655236244
Epoch 182 Relative Error 0.031622134149074554
Epoch 183 Relative Error 0.06190088018774986
Epoch 184 Relative Error 0.03513981029391289
Epoch 185 Relative Error 0.018842309713363647
Epoch 186 Relative Error 0.044997476041316986
Epoch 187 Relative Error 0.03912314400076866
Epoch 188 Relative Error 0.030415816232562065
Epoch 189 Relative Error 0.02874884381890297
Epoch 190 Relative Error 0.025299612432718277
Epoch 191 Relative Error 0.03632640466094017
Epoch 192 Relative Error 0.03644494712352753
Epoch 193 Relative Error 0.02736692689359188
Epoch 194 Relative Error 0.024655986577272415
Epoch 195 Relative Error 0.02453073114156723
Epoch 196 Relative Error 0.035851482301950455
Epoch 197 Relative Error 0.0262917373329401
Epoch 198 Relative Error 0.023622488602995872
Epoch 199 Relative Error 0.05456754192709923
Epoch 200 Relative Error 0.0844855085015297
Epoch 201 Relative Error 0.048295825719833374
Epoch 202 Relative Error 0.09789173305034637
Epoch 203 Relative Error 0.11588653922080994
Epoch 204 Relative Error 0.10713013261556625
Epoch 205 Relative Error 0.09377473592758179
Epoch 206 Relative Error 0.05632356181740761
Epoch 207 Relative Error 0.061635058373212814
Epoch 208 Relative Error 0.10265984386205673
Epoch 209 Relative Error 0.14048360288143158
Epoch 210 Relative Error 0.14603625237941742
Epoch 211 Relative Error 0.1226746067404747
Epoch 212 Relative Error 0.11257827281951904
Epoch 213 Relative Error 0.12615664303302765
Epoch 214 Relative Error 0.12167782336473465
Epoch 215 Relative Error 0.12630587816238403
Epoch 216 Relative Error 0.08819795399904251
Epoch 217 Relative Error 0.07903595268726349
Epoch 218 Relative Error 0.053796637803316116
Epoch 219 Relative Error 0.08199366182088852
Epoch 220 Relative Error 0.08924739807844162
Epoch 221 Relative Error 0.10780883580446243
Epoch 222 Relative Error 0.06669642776250839
Epoch 223 Relative Error 0.09145389497280121
Epoch 224 Relative Error 0.054575495421886444
Epoch 225 Relative Error 0.06035173311829567
Epoch 226 Relative Error 0.04404730349779129
Epoch 227 Relative Error 0.035181522369384766
Epoch 228 Relative Error 0.03542867302894592
Epoch 229 Relative Error 0.02266121469438076
Epoch 230 Relative Error 0.023003678768873215
Epoch 231 Relative Error 0.035462550818920135
Epoch 232 Relative Error 0.020859243348240852
Epoch 233 Relative Error 0.019269321113824844
Epoch 234 Relative Error 0.02638116478919983
Epoch 235 Relative Error 0.023850245401263237
Epoch 236 Relative Error 0.015518834814429283
Epoch 237 Relative Error 0.019165130332112312
Epoch 238 Relative Error 0.015090486034750938
Epoch 239 Relative Error 0.017357002943754196
Epoch 240 Relative Error 0.016130898147821426
Epoch 241 Relative Error 0.013156534172594547
Epoch 242 Relative Error 0.011802399531006813
Epoch 243 Relative Error 0.011342774145305157
Epoch 244 Relative Error 0.012767067179083824
Epoch 245 Relative Error 0.012946637347340584
Epoch 246 Relative Error 0.012522775679826736
Epoch 247 Relative Error 0.01176991406828165
Epoch 248 Relative Error 0.011328966356813908
Epoch 249 Relative Error 0.010729043744504452
Epoch 250 Relative Error 0.010328988544642925
Epoch 251 Relative Error 0.0108400983735919
Epoch 252 Relative Error 0.010538996197283268
Epoch 253 Relative Error 0.010461158119142056
Epoch 254 Relative Error 0.01027377787977457
Epoch 255 Relative Error 0.01023865956813097
Epoch 256 Relative Error 0.00998096726834774
Epoch 257 Relative Error 0.009988504461944103
Epoch 258 Relative Error 0.01007873471826315
Epoch 259 Relative Error 0.00991970393806696
Epoch 260 Relative Error 0.009958586655557156
Epoch 261 Relative Error 0.009831824339926243
Epoch 262 Relative Error 0.009838689118623734
Epoch 263 Relative Error 0.009786181151866913
Epoch 264 Relative Error 0.009719216264784336
Epoch 265 Relative Error 0.00977354310452938
Epoch 266 Relative Error 0.009690901264548302
Epoch 267 Relative Error 0.009684799239039421
Epoch 268 Relative Error 0.009659315459430218
Epoch 269 Relative Error 0.009650600142776966
Epoch 270 Relative Error 0.009594874456524849
Epoch 271 Relative Error 0.00961270835250616
Epoch 272 Relative Error 0.009756036102771759
Epoch 273 Relative Error 0.009853196330368519
Epoch 274 Relative Error 0.009692327119410038
Epoch 275 Relative Error 0.009720728732645512
Epoch 276 Relative Error 0.009765271097421646
Epoch 277 Relative Error 0.009736455976963043
Epoch 278 Relative Error 0.009608441032469273
Epoch 279 Relative Error 0.009585867635905743
Epoch 280 Relative Error 0.009529240429401398
Epoch 281 Relative Error 0.009451506659388542
Epoch 282 Relative Error 0.009522425010800362
Epoch 283 Relative Error 0.00950608029961586
Epoch 284 Relative Error 0.009611018933355808
Epoch 285 Relative Error 0.009583813138306141
Epoch 286 Relative Error 0.00963007751852274
Epoch 287 Relative Error 0.009543145075440407
Epoch 288 Relative Error 0.009535365737974644
Epoch 289 Relative Error 0.009594051167368889
Epoch 290 Relative Error 0.009420559741556644
Epoch 291 Relative Error 0.009417648427188396
Epoch 292 Relative Error 0.009378296323120594
Epoch 293 Relative Error 0.00929171871393919
Epoch 294 Relative Error 0.009320080280303955
Epoch 295 Relative Error 0.009321659803390503
Epoch 296 Relative Error 0.009308412671089172
Epoch 297 Relative Error 0.009307172149419785
Epoch 298 Relative Error 0.009294258430600166
Epoch 299 Relative Error 0.00922829657793045
Epoch 300 Relative Error 0.009266646578907967
Epoch 301 Relative Error 0.009250081144273281
Epoch 302 Relative Error 0.009313467890024185
Epoch 303 Relative Error 0.009216761216521263
Epoch 304 Relative Error 0.009217344224452972
Epoch 305 Relative Error 0.009281173348426819
Epoch 306 Relative Error 0.009243202395737171
Epoch 307 Relative Error 0.009203788824379444
Epoch 308 Relative Error 0.009207085706293583
Epoch 309 Relative Error 0.00923452153801918
Epoch 310 Relative Error 0.0091222133487463
Epoch 311 Relative Error 0.009178267791867256
Epoch 312 Relative Error 0.009262537583708763
Epoch 313 Relative Error 0.009069672785699368
Epoch 314 Relative Error 0.009080429561436176
Epoch 315 Relative Error 0.00920574739575386
Epoch 316 Relative Error 0.009077685885131359
Epoch 317 Relative Error 0.009027086198329926
Epoch 318 Relative Error 0.009038361720740795
Epoch 319 Relative Error 0.009016004391014576
Epoch 320 Relative Error 0.008970278315246105
Epoch 321 Relative Error 0.008966024033725262
Epoch 322 Relative Error 0.008988084271550179
Epoch 323 Relative Error 0.009053884074091911
Epoch 324 Relative Error 0.00902988575398922
Epoch 325 Relative Error 0.009550642222166061
Epoch 326 Relative Error 0.00943788792937994
Epoch 327 Relative Error 0.009699322283267975
Epoch 328 Relative Error 0.010265209712088108
Epoch 329 Relative Error 0.010362828150391579
Epoch 330 Relative Error 0.009226378984749317
Epoch 331 Relative Error 0.010682360269129276
Epoch 332 Relative Error 0.009702407754957676
Epoch 333 Relative Error 0.010371021926403046
Epoch 334 Relative Error 0.009570428170263767
Epoch 335 Relative Error 0.01061965897679329
Epoch 336 Relative Error 0.009694227017462254
Epoch 337 Relative Error 0.011430480517446995
Epoch 338 Relative Error 0.009178339503705502
Epoch 339 Relative Error 0.00967394933104515
Epoch 340 Relative Error 0.009256930090487003
Epoch 341 Relative Error 0.009277465753257275
Epoch 342 Relative Error 0.008984008803963661
Epoch 343 Relative Error 0.009086061269044876
Epoch 344 Relative Error 0.008981622755527496
Epoch 345 Relative Error 0.009064733982086182
Epoch 346 Relative Error 0.00888314563781023
Epoch 347 Relative Error 0.008858870714902878
Epoch 348 Relative Error 0.00868693832308054
Epoch 349 Relative Error 0.008676914498209953
Epoch 350 Relative Error 0.00862109288573265
Epoch 351 Relative Error 0.008722400292754173
Epoch 352 Relative Error 0.008606232702732086
Epoch 353 Relative Error 0.008596711792051792
Epoch 354 Relative Error 0.008641834370791912
Epoch 355 Relative Error 0.008658081293106079
Epoch 356 Relative Error 0.00874000508338213
Epoch 357 Relative Error 0.008607524447143078
Epoch 358 Relative Error 0.008770971558988094
Epoch 359 Relative Error 0.008610713295638561
Epoch 360 Relative Error 0.008673405274748802
Epoch 361 Relative Error 0.008550801314413548
Epoch 362 Relative Error 0.008746413514018059
Epoch 363 Relative Error 0.0085343262180686
Epoch 364 Relative Error 0.00863475538790226
Epoch 365 Relative Error 0.008640984073281288
Epoch 366 Relative Error 0.008504858240485191
Epoch 367 Relative Error 0.008548717945814133
Epoch 368 Relative Error 0.008506236597895622
Epoch 369 Relative Error 0.008602638728916645
Epoch 370 Relative Error 0.00846089143306017
Epoch 371 Relative Error 0.008502163924276829
Epoch 372 Relative Error 0.008474044501781464
Epoch 373 Relative Error 0.008580844849348068
Epoch 374 Relative Error 0.008866817690432072
Epoch 375 Relative Error 0.008812488988041878
Epoch 376 Relative Error 0.008809907361865044
Epoch 377 Relative Error 0.008571863174438477
Epoch 378 Relative Error 0.00867981556802988
Epoch 379 Relative Error 0.008538619615137577
Epoch 380 Relative Error 0.008625665679574013
Epoch 381 Relative Error 0.00850634928792715
Epoch 382 Relative Error 0.00837586261332035
Epoch 383 Relative Error 0.0084163723513484
Epoch 384 Relative Error 0.008635885082185268
Epoch 385 Relative Error 0.00865179579705
Epoch 386 Relative Error 0.008451847359538078
Epoch 387 Relative Error 0.008531792089343071
Epoch 388 Relative Error 0.008366021327674389
Epoch 389 Relative Error 0.008295632898807526
Epoch 390 Relative Error 0.008265513926744461
Epoch 391 Relative Error 0.008279823698103428
Epoch 392 Relative Error 0.00825735554099083
Epoch 393 Relative Error 0.008214280009269714
Epoch 394 Relative Error 0.008280839771032333
Epoch 395 Relative Error 0.008283148519694805
Epoch 396 Relative Error 0.008248483762145042
Epoch 397 Relative Error 0.008264648728072643
Epoch 398 Relative Error 0.008279274217784405
Epoch 399 Relative Error 0.008382659405469894
Epoch 400 Relative Error 0.008251451887190342
Epoch 401 Relative Error 0.009614933282136917
Epoch 402 Relative Error 0.009796300902962685
Epoch 403 Relative Error 0.011088909581303596
Epoch 404 Relative Error 0.01082167960703373
Epoch 405 Relative Error 0.009788389317691326
Epoch 406 Relative Error 0.009262340143322945
Epoch 407 Relative Error 0.00980937946587801
Epoch 408 Relative Error 0.009329165332019329
Epoch 409 Relative Error 0.009527664631605148
Epoch 410 Relative Error 0.008922313340008259
Epoch 411 Relative Error 0.009893159382045269
Epoch 412 Relative Error 0.009617649018764496
Epoch 413 Relative Error 0.010093949735164642
Epoch 414 Relative Error 0.010113837197422981
Epoch 415 Relative Error 0.008541576564311981
Epoch 416 Relative Error 0.009017299860715866
Epoch 417 Relative Error 0.010272816754877567
Epoch 418 Relative Error 0.009721342474222183
Epoch 419 Relative Error 0.011351245455443859
Epoch 420 Relative Error 0.01599443145096302
Epoch 421 Relative Error 0.014963964931666851
Epoch 422 Relative Error 0.017905404791235924
Epoch 423 Relative Error 0.012621048837900162
Epoch 424 Relative Error 0.012239037081599236
Epoch 425 Relative Error 0.009665952064096928
Epoch 426 Relative Error 0.009993888437747955
Epoch 427 Relative Error 0.009303727187216282
Epoch 428 Relative Error 0.008655048906803131
Epoch 429 Relative Error 0.00870923139154911
Epoch 430 Relative Error 0.008579926565289497
Epoch 431 Relative Error 0.008152421563863754
Epoch 432 Relative Error 0.008438370190560818
Epoch 433 Relative Error 0.008441350422799587
Epoch 434 Relative Error 0.008365289308130741
Epoch 435 Relative Error 0.00864382740110159
Epoch 436 Relative Error 0.009473453275859356
Epoch 437 Relative Error 0.008099702186882496
Epoch 438 Relative Error 0.008236546069383621
Epoch 439 Relative Error 0.008074715733528137
Epoch 440 Relative Error 0.008101456798613071
Epoch 441 Relative Error 0.0079738087952137
Epoch 442 Relative Error 0.007895689457654953
Epoch 443 Relative Error 0.008116847835481167
Epoch 444 Relative Error 0.007894507609307766
Epoch 445 Relative Error 0.008024351671338081
Epoch 446 Relative Error 0.008003163151443005
Epoch 447 Relative Error 0.008021003566682339
Epoch 448 Relative Error 0.00808785855770111
Epoch 449 Relative Error 0.007898070849478245
Epoch 450 Relative Error 0.007871189154684544
Epoch 451 Relative Error 0.007980410009622574
Epoch 452 Relative Error 0.00788112636655569
Epoch 453 Relative Error 0.00792878307402134
Epoch 454 Relative Error 0.007838602177798748
Epoch 455 Relative Error 0.007789051625877619
Epoch 456 Relative Error 0.007823819294571877
Epoch 457 Relative Error 0.007863755337893963
Epoch 458 Relative Error 0.00781990122050047
Epoch 459 Relative Error 0.007750677410513163
Epoch 460 Relative Error 0.007861082442104816
Epoch 461 Relative Error 0.007757947314530611
Epoch 462 Relative Error 0.00800262950360775
Epoch 463 Relative Error 0.00794390868395567
Epoch 464 Relative Error 0.007869970053434372
Epoch 465 Relative Error 0.007867014035582542
Epoch 466 Relative Error 0.007863248698413372
Epoch 467 Relative Error 0.007791600190103054
Epoch 468 Relative Error 0.008311379700899124
Epoch 469 Relative Error 0.008348512463271618
Epoch 470 Relative Error 0.008693386800587177
Epoch 471 Relative Error 0.009700425900518894
Epoch 472 Relative Error 0.008065196685492992
Epoch 473 Relative Error 0.008008790202438831
Epoch 474 Relative Error 0.007851552218198776
Epoch 475 Relative Error 0.007755869999527931
Epoch 476 Relative Error 0.007657173555344343
Epoch 477 Relative Error 0.007725878618657589
Epoch 478 Relative Error 0.00769639341160655
Epoch 479 Relative Error 0.007660307921469212
Epoch 480 Relative Error 0.007700946647673845
Epoch 481 Relative Error 0.00783468410372734
Epoch 482 Relative Error 0.008089796639978886
Epoch 483 Relative Error 0.0076167043298482895
Epoch 484 Relative Error 0.007630141917616129
Epoch 485 Relative Error 0.007682338356971741
Epoch 486 Relative Error 0.007605624385178089
Epoch 487 Relative Error 0.0075995963998138905
Epoch 488 Relative Error 0.0075795347802340984
Epoch 489 Relative Error 0.007636898662894964
Epoch 490 Relative Error 0.007589906919747591
Epoch 491 Relative Error 0.007564582861959934
Epoch 492 Relative Error 0.00762559799477458
Epoch 493 Relative Error 0.0075161997228860855
Epoch 494 Relative Error 0.007532939780503511
Epoch 495 Relative Error 0.007509451825171709
Epoch 496 Relative Error 0.007516020443290472
Epoch 497 Relative Error 0.007554941810667515
Epoch 498 Relative Error 0.0075039188377559185
Epoch 499 Relative Error 0.0075006685219705105
Epoch 500 Relative Error 0.007499597035348415
Epoch 501 Relative Error 0.007481706794351339
Epoch 502 Relative Error 0.007508969400078058
Epoch 503 Relative Error 0.007563133258372545
Epoch 504 Relative Error 0.007475297898054123
Epoch 505 Relative Error 0.0074518290348351
Epoch 506 Relative Error 0.007484107743948698
Epoch 507 Relative Error 0.007616525981575251
Epoch 508 Relative Error 0.007545259781181812
Epoch 509 Relative Error 0.007568858098238707
Epoch 510 Relative Error 0.00752886151894927
Epoch 511 Relative Error 0.007570687215775251
Epoch 512 Relative Error 0.0074648368172347546
Epoch 513 Relative Error 0.007627125363796949
Epoch 514 Relative Error 0.00752441119402647
Epoch 515 Relative Error 0.0074456664733588696
Epoch 516 Relative Error 0.007441651541739702
Epoch 517 Relative Error 0.007390058133751154
Epoch 518 Relative Error 0.007385408505797386
Epoch 519 Relative Error 0.007450826931744814
Epoch 520 Relative Error 0.007406872697174549
Epoch 521 Relative Error 0.007411448284983635
Epoch 522 Relative Error 0.007483720779418945
Epoch 523 Relative Error 0.007519892882555723
Epoch 524 Relative Error 0.007473066449165344
Epoch 525 Relative Error 0.0073937843553721905
Epoch 526 Relative Error 0.007459297776222229
Epoch 527 Relative Error 0.007406442426145077
Epoch 528 Relative Error 0.007583771366626024
Epoch 529 Relative Error 0.00801891554147005
Epoch 530 Relative Error 0.007894125767052174
Epoch 531 Relative Error 0.007901608012616634
Epoch 532 Relative Error 0.00814197026193142
Epoch 533 Relative Error 0.009088887833058834
Epoch 534 Relative Error 0.007944539189338684
Epoch 535 Relative Error 0.007679651957005262
Epoch 536 Relative Error 0.00765694584697485
Epoch 537 Relative Error 0.007550790905952454
Epoch 538 Relative Error 0.0075635360553860664
Epoch 539 Relative Error 0.007728477008640766
Epoch 540 Relative Error 0.007563536986708641
Epoch 541 Relative Error 0.007853718474507332
Epoch 542 Relative Error 0.008101318031549454
Epoch 543 Relative Error 0.007875749841332436
Epoch 544 Relative Error 0.007817852310836315
Epoch 545 Relative Error 0.008176878094673157
Epoch 546 Relative Error 0.008677730336785316
Epoch 547 Relative Error 0.009322394616901875
Epoch 548 Relative Error 0.009426223114132881
Epoch 549 Relative Error 0.008954939432442188
Epoch 550 Relative Error 0.010873152874410152
Epoch 551 Relative Error 0.021022973582148552
Epoch 552 Relative Error 0.019134359434247017
Epoch 553 Relative Error 0.011362452991306782
Epoch 554 Relative Error 0.02446036972105503
Epoch 555 Relative Error 0.02002556063234806
Epoch 556 Relative Error 0.016237687319517136
Epoch 557 Relative Error 0.026585619896650314
Epoch 558 Relative Error 0.023481570184230804
Epoch 559 Relative Error 0.021302569657564163
Epoch 560 Relative Error 0.01968919113278389
Epoch 561 Relative Error 0.029668793082237244
Epoch 562 Relative Error 0.021257687360048294
Epoch 563 Relative Error 0.030729372054338455
Epoch 564 Relative Error 0.026683058589696884
Epoch 565 Relative Error 0.02262108586728573
Epoch 566 Relative Error 0.02145121991634369
Epoch 567 Relative Error 0.04061116278171539
Epoch 568 Relative Error 0.03189488872885704
Epoch 569 Relative Error 0.02878030575811863
Epoch 570 Relative Error 0.025167647749185562
Epoch 571 Relative Error 0.025577303022146225
Epoch 572 Relative Error 0.020451541990041733
Epoch 573 Relative Error 0.0283721461892128
Epoch 574 Relative Error 0.021512625738978386
Epoch 575 Relative Error 0.027129095047712326
Epoch 576 Relative Error 0.025075817480683327
Epoch 577 Relative Error 0.01547132059931755
Epoch 578 Relative Error 0.014948450028896332
Epoch 579 Relative Error 0.015107178129255772
Epoch 580 Relative Error 0.009527957998216152
Epoch 581 Relative Error 0.010309739969670773
Epoch 582 Relative Error 0.010353775694966316
Epoch 583 Relative Error 0.009678947739303112
Epoch 584 Relative Error 0.01034956332296133
Epoch 585 Relative Error 0.009422789327800274
Epoch 586 Relative Error 0.011115839704871178
Epoch 587 Relative Error 0.01060755830258131
Epoch 588 Relative Error 0.008662646636366844
Epoch 589 Relative Error 0.009780604392290115
Epoch 590 Relative Error 0.010831969790160656
Epoch 591 Relative Error 0.010764036327600479
Epoch 592 Relative Error 0.008784485049545765
Epoch 593 Relative Error 0.008832384832203388
Epoch 594 Relative Error 0.01495428942143917
Epoch 595 Relative Error 0.010584287345409393
Epoch 596 Relative Error 0.01060524769127369
Epoch 597 Relative Error 0.009083044715225697
Epoch 598 Relative Error 0.008207333274185658
Epoch 599 Relative Error 0.008157223463058472
Epoch 600 Relative Error 0.008435857482254505
Epoch 601 Relative Error 0.008900553919374943
Epoch 602 Relative Error 0.007787316106259823
Epoch 603 Relative Error 0.008139495737850666
Epoch 604 Relative Error 0.007966655306518078
Epoch 605 Relative Error 0.007269201334565878
Epoch 606 Relative Error 0.007525668013840914
Epoch 607 Relative Error 0.0075315628200769424
Epoch 608 Relative Error 0.0076266564428806305
Epoch 609 Relative Error 0.007847501896321774
Epoch 610 Relative Error 0.008501236326992512
Epoch 611 Relative Error 0.007272985763847828
Epoch 612 Relative Error 0.00742286816239357
Epoch 613 Relative Error 0.008868175558745861
Epoch 614 Relative Error 0.007385842967778444
Epoch 615 Relative Error 0.00762795889750123
Epoch 616 Relative Error 0.007230532355606556
Epoch 617 Relative Error 0.007330598775297403
Epoch 618 Relative Error 0.007430339232087135
Epoch 619 Relative Error 0.007422506809234619
Epoch 620 Relative Error 0.00770048750564456
Epoch 621 Relative Error 0.007640649564564228
Epoch 622 Relative Error 0.007275475654751062
Epoch 623 Relative Error 0.008272625505924225
Epoch 624 Relative Error 0.008536440320312977
Epoch 625 Relative Error 0.007713316939771175
Epoch 626 Relative Error 0.007334946654736996
Epoch 627 Relative Error 0.007113805040717125
Epoch 628 Relative Error 0.007100487127900124
Epoch 629 Relative Error 0.007049145642668009
Epoch 630 Relative Error 0.00694049708545208
Epoch 631 Relative Error 0.006997223943471909
Epoch 632 Relative Error 0.007165533024817705
Epoch 633 Relative Error 0.007176542188972235
Epoch 634 Relative Error 0.006989443674683571
Epoch 635 Relative Error 0.007098390720784664
Epoch 636 Relative Error 0.006895364262163639
Epoch 637 Relative Error 0.007050552871078253
Epoch 638 Relative Error 0.006903017405420542
Epoch 639 Relative Error 0.006919328588992357
Epoch 640 Relative Error 0.007008401211351156
Epoch 641 Relative Error 0.007117474917322397
Epoch 642 Relative Error 0.006980003323405981
Epoch 643 Relative Error 0.006922809407114983
Epoch 644 Relative Error 0.006916943937540054
Epoch 645 Relative Error 0.00691668875515461
Epoch 646 Relative Error 0.006831171922385693
Epoch 647 Relative Error 0.006964847445487976
Epoch 648 Relative Error 0.0070495447143912315
Epoch 649 Relative Error 0.007049524690955877
Epoch 650 Relative Error 0.007705897092819214
Epoch 651 Relative Error 0.007427418138831854
Epoch 652 Relative Error 0.00825039017945528
Epoch 653 Relative Error 0.0077842301689088345
Epoch 654 Relative Error 0.009807527996599674
Epoch 655 Relative Error 0.008247961290180683
Epoch 656 Relative Error 0.007778971455991268
Epoch 657 Relative Error 0.007866781204938889
Epoch 658 Relative Error 0.007727994117885828
Epoch 659 Relative Error 0.007589328568428755
Epoch 660 Relative Error 0.007443171460181475
Epoch 661 Relative Error 0.007161188870668411
Epoch 662 Relative Error 0.00742765050381422
Epoch 663 Relative Error 0.007120439782738686
Epoch 664 Relative Error 0.006785362493246794
Epoch 665 Relative Error 0.007088798563927412
Epoch 666 Relative Error 0.0068271588534116745
Epoch 667 Relative Error 0.007028321269899607
Epoch 668 Relative Error 0.006971531081944704
Epoch 669 Relative Error 0.007382303010672331
Epoch 670 Relative Error 0.007271403446793556
Epoch 671 Relative Error 0.0069107599556446075
Epoch 672 Relative Error 0.007058524526655674
Epoch 673 Relative Error 0.006793284323066473
Epoch 674 Relative Error 0.006746110040694475
Epoch 675 Relative Error 0.006891708355396986
Epoch 676 Relative Error 0.007097129710018635
Epoch 677 Relative Error 0.007072072010487318
Epoch 678 Relative Error 0.00675102137029171
Epoch 679 Relative Error 0.006841063033789396
Epoch 680 Relative Error 0.006835124921053648
Epoch 681 Relative Error 0.007035346236079931
Epoch 682 Relative Error 0.006964514963328838
Epoch 683 Relative Error 0.006907179486006498
Epoch 684 Relative Error 0.006791391409933567
Epoch 685 Relative Error 0.006910203956067562
Epoch 686 Relative Error 0.007336292881518602
Epoch 687 Relative Error 0.006901634391397238
Epoch 688 Relative Error 0.007162224035710096
Epoch 689 Relative Error 0.007443671580404043
Epoch 690 Relative Error 0.007032758556306362
Epoch 691 Relative Error 0.007130113430321217
Epoch 692 Relative Error 0.007402018643915653
Epoch 693 Relative Error 0.006874498911201954
Epoch 694 Relative Error 0.006755731534212828
Epoch 695 Relative Error 0.006831204053014517
Epoch 696 Relative Error 0.0068983095698058605
Epoch 697 Relative Error 0.006907965987920761
Epoch 698 Relative Error 0.00674790982156992
Epoch 699 Relative Error 0.007011728826910257
Epoch 700 Relative Error 0.008567946963012218
Epoch 701 Relative Error 0.007336152717471123
Epoch 702 Relative Error 0.007344178855419159
Epoch 703 Relative Error 0.007689390331506729
Epoch 704 Relative Error 0.008525904268026352
Epoch 705 Relative Error 0.009009439498186111
Epoch 706 Relative Error 0.0071670059114694595
Epoch 707 Relative Error 0.007215570658445358
Epoch 708 Relative Error 0.008626380935311317
Epoch 709 Relative Error 0.007747500203549862
Epoch 710 Relative Error 0.007210041396319866
Epoch 711 Relative Error 0.006721806712448597
Epoch 712 Relative Error 0.006780083291232586
Epoch 713 Relative Error 0.0066956523805856705
Epoch 714 Relative Error 0.006674827542155981
Epoch 715 Relative Error 0.0067829592153429985
Epoch 716 Relative Error 0.006646043621003628
Epoch 717 Relative Error 0.006622198037803173
Epoch 718 Relative Error 0.006705140229314566
Epoch 719 Relative Error 0.00708029605448246
Epoch 720 Relative Error 0.00712598068639636
Epoch 721 Relative Error 0.007279890589416027
Epoch 722 Relative Error 0.007212304975837469
Epoch 723 Relative Error 0.007002653554081917
Epoch 724 Relative Error 0.007266956847161055
Epoch 725 Relative Error 0.007332665380090475
Epoch 726 Relative Error 0.0074063995853066444
Epoch 727 Relative Error 0.007013202179223299
Epoch 728 Relative Error 0.006894613150507212
Epoch 729 Relative Error 0.006565533112734556
Epoch 730 Relative Error 0.006748223677277565
Epoch 731 Relative Error 0.006641881074756384
Epoch 732 Relative Error 0.006511343643069267
Epoch 733 Relative Error 0.006619426887482405
Epoch 734 Relative Error 0.006888510659337044
Epoch 735 Relative Error 0.006925180088728666
Epoch 736 Relative Error 0.007048846688121557
Epoch 737 Relative Error 0.00735614076256752
Epoch 738 Relative Error 0.006651308387517929
Epoch 739 Relative Error 0.006843640003353357
Epoch 740 Relative Error 0.006870713084936142
Epoch 741 Relative Error 0.006738411262631416
Epoch 742 Relative Error 0.006603646092116833
Epoch 743 Relative Error 0.00788582768291235
Epoch 744 Relative Error 0.006738228257745504
Epoch 745 Relative Error 0.007006139028817415
Epoch 746 Relative Error 0.007104908581823111
Epoch 747 Relative Error 0.007095101289451122
Epoch 748 Relative Error 0.007792558986693621
Epoch 749 Relative Error 0.007012705318629742
Epoch 750 Relative Error 0.006762953475117683
Epoch 751 Relative Error 0.006884854286909103
Epoch 752 Relative Error 0.00662107253447175
Epoch 753 Relative Error 0.006993283983319998
Epoch 754 Relative Error 0.0073053971864283085
Epoch 755 Relative Error 0.006663214880973101
Epoch 756 Relative Error 0.006599673070013523
Epoch 757 Relative Error 0.006782801356166601
Epoch 758 Relative Error 0.007242745719850063
Epoch 759 Relative Error 0.0070810383185744286
Epoch 760 Relative Error 0.007097257766872644
Epoch 761 Relative Error 0.006846731994301081
Epoch 762 Relative Error 0.007653434760868549
Epoch 763 Relative Error 0.007012953981757164
Epoch 764 Relative Error 0.006797074340283871
Epoch 765 Relative Error 0.0065837157890200615
Epoch 766 Relative Error 0.0074975257739424706
Epoch 767 Relative Error 0.007142684422433376
Epoch 768 Relative Error 0.0071549126878380775
Epoch 769 Relative Error 0.0071847508661448956
Epoch 770 Relative Error 0.007231112569570541
Epoch 771 Relative Error 0.007016135845333338
Epoch 772 Relative Error 0.0064155180007219315
Epoch 773 Relative Error 0.006512983702123165
Epoch 774 Relative Error 0.006878324318677187
Epoch 775 Relative Error 0.006688449066132307
Epoch 776 Relative Error 0.006774348672479391
Epoch 777 Relative Error 0.007087159901857376
Epoch 778 Relative Error 0.007252722978591919
Epoch 779 Relative Error 0.006770786363631487
Epoch 780 Relative Error 0.007059012074023485
Epoch 781 Relative Error 0.008170066401362419
Epoch 782 Relative Error 0.0074411784298717976
Epoch 783 Relative Error 0.007195656653493643
Epoch 784 Relative Error 0.007144484668970108
Epoch 785 Relative Error 0.011385432444512844
Epoch 786 Relative Error 0.015183414332568645
Epoch 787 Relative Error 0.010491585358977318
Epoch 788 Relative Error 0.016362065449357033
Epoch 789 Relative Error 0.018073564395308495
Epoch 790 Relative Error 0.013365545310080051
Epoch 791 Relative Error 0.017212286591529846
Epoch 792 Relative Error 0.03640691563487053
Epoch 793 Relative Error 0.025811543688178062
Epoch 794 Relative Error 0.013833818025887012
Epoch 795 Relative Error 0.01243024505674839
Epoch 796 Relative Error 0.010153345763683319
Epoch 797 Relative Error 0.010808317922055721
Epoch 798 Relative Error 0.00950284767895937
Epoch 799 Relative Error 0.0131518030539155
Epoch 800 Relative Error 0.009557267650961876
Epoch 801 Relative Error 0.008280416950583458
Epoch 802 Relative Error 0.021612735465168953
Epoch 803 Relative Error 0.014922993257641792
Epoch 804 Relative Error 0.011236549355089664
Epoch 805 Relative Error 0.011517158709466457
Epoch 806 Relative Error 0.0085289953276515
Epoch 807 Relative Error 0.009097285568714142
Epoch 808 Relative Error 0.008104778826236725
Epoch 809 Relative Error 0.007374566979706287
Epoch 810 Relative Error 0.007960791699588299
Epoch 811 Relative Error 0.008297670632600784
Epoch 812 Relative Error 0.00740472599864006
Epoch 813 Relative Error 0.0078209787607193
Epoch 814 Relative Error 0.006789274048060179
Epoch 815 Relative Error 0.00675709405913949
Epoch 816 Relative Error 0.006794500630348921
Epoch 817 Relative Error 0.0067245494574308395
Epoch 818 Relative Error 0.00722554512321949
Epoch 819 Relative Error 0.006902982480823994
Epoch 820 Relative Error 0.00704122195020318
Epoch 821 Relative Error 0.007346804253757
Epoch 822 Relative Error 0.007223629858344793
Epoch 823 Relative Error 0.0077043566852808
Epoch 824 Relative Error 0.007947124540805817
Epoch 825 Relative Error 0.008105054497718811
Epoch 826 Relative Error 0.007001988589763641
Epoch 827 Relative Error 0.007039358839392662
Epoch 828 Relative Error 0.0069321198388934135
Epoch 829 Relative Error 0.007354296278208494
Epoch 830 Relative Error 0.006848446559160948
Epoch 831 Relative Error 0.006508041638880968
Epoch 832 Relative Error 0.007366458419710398
Epoch 833 Relative Error 0.007734722923487425
Epoch 834 Relative Error 0.007687298581004143
Epoch 835 Relative Error 0.00932304747402668
Epoch 836 Relative Error 0.011830706149339676
Epoch 837 Relative Error 0.008231749758124352
Epoch 838 Relative Error 0.013424007222056389
Epoch 839 Relative Error 0.009986650198698044
Epoch 840 Relative Error 0.011450212448835373
Epoch 841 Relative Error 0.007617412135004997
Epoch 842 Relative Error 0.010773618705570698
Epoch 843 Relative Error 0.01021726243197918
Epoch 844 Relative Error 0.008206636644899845
Epoch 845 Relative Error 0.008969218470156193
Epoch 846 Relative Error 0.010748403146862984
Epoch 847 Relative Error 0.011194387450814247
Epoch 848 Relative Error 0.009124740026891232
Epoch 849 Relative Error 0.009044096805155277
Epoch 850 Relative Error 0.013163106516003609
Epoch 851 Relative Error 0.011697787791490555
Epoch 852 Relative Error 0.010217820294201374
Epoch 853 Relative Error 0.011157664470374584
Epoch 854 Relative Error 0.008452949114143848
Epoch 855 Relative Error 0.009914984926581383
Epoch 856 Relative Error 0.009654021821916103
Epoch 857 Relative Error 0.00914705265313387
Epoch 858 Relative Error 0.010243458673357964
Epoch 859 Relative Error 0.00948785524815321
Epoch 860 Relative Error 0.007640211842954159
Epoch 861 Relative Error 0.007381805218756199
Epoch 862 Relative Error 0.007815631106495857
Epoch 863 Relative Error 0.007296883501112461
Epoch 864 Relative Error 0.006891715340316296
Epoch 865 Relative Error 0.006448974832892418
Epoch 866 Relative Error 0.00670674117282033
Epoch 867 Relative Error 0.006564649287611246
Epoch 868 Relative Error 0.006409843452274799
Epoch 869 Relative Error 0.006455807480961084
Epoch 870 Relative Error 0.006328690331429243
Epoch 871 Relative Error 0.006536219269037247
Epoch 872 Relative Error 0.006475605070590973
Epoch 873 Relative Error 0.006840437185019255
Epoch 874 Relative Error 0.0063226851634681225
Epoch 875 Relative Error 0.006302503868937492
Epoch 876 Relative Error 0.006279539782553911
Epoch 877 Relative Error 0.006364682223647833
Epoch 878 Relative Error 0.006131959613412619
Epoch 879 Relative Error 0.006107056979089975
Epoch 880 Relative Error 0.006122642196714878
Epoch 881 Relative Error 0.0062593743205070496
Epoch 882 Relative Error 0.006288143340498209
Epoch 883 Relative Error 0.006757104303687811
Epoch 884 Relative Error 0.008840176276862621
Epoch 885 Relative Error 0.008678528480231762
Epoch 886 Relative Error 0.006842413917183876
Epoch 887 Relative Error 0.007817585952579975
Epoch 888 Relative Error 0.007542876992374659
Epoch 889 Relative Error 0.006536497734487057
Epoch 890 Relative Error 0.00787956640124321
Epoch 891 Relative Error 0.007154094520956278
Epoch 892 Relative Error 0.006362007465213537
Epoch 893 Relative Error 0.006863245740532875
Epoch 894 Relative Error 0.007036477793008089
Epoch 895 Relative Error 0.007060131058096886
Epoch 896 Relative Error 0.006570420227944851
Epoch 897 Relative Error 0.006894655525684357
Epoch 898 Relative Error 0.007319445721805096
Epoch 899 Relative Error 0.007589875254780054
Epoch 900 Relative Error 0.0067092133685946465
Epoch 901 Relative Error 0.006254363339394331
Epoch 902 Relative Error 0.006206749472767115
Epoch 903 Relative Error 0.0066007892601192
Epoch 904 Relative Error 0.006427142769098282
Epoch 905 Relative Error 0.006197084207087755
Epoch 906 Relative Error 0.006512999534606934
Epoch 907 Relative Error 0.006263133138418198
Epoch 908 Relative Error 0.006136841606348753
Epoch 909 Relative Error 0.006110824644565582
Epoch 910 Relative Error 0.006317297462373972
Epoch 911 Relative Error 0.006291605066508055
Epoch 912 Relative Error 0.0071095493622124195
Epoch 913 Relative Error 0.007045237347483635
Epoch 914 Relative Error 0.007808042224496603
Epoch 915 Relative Error 0.007001420017331839
Epoch 916 Relative Error 0.006743435747921467
Epoch 917 Relative Error 0.00732159661129117
Epoch 918 Relative Error 0.00983577873557806
Epoch 919 Relative Error 0.008356397040188313
Epoch 920 Relative Error 0.0070807915180921555
Epoch 921 Relative Error 0.008647005073726177
Epoch 922 Relative Error 0.009401167742908001
Epoch 923 Relative Error 0.008629354648292065
Epoch 924 Relative Error 0.00835354346781969
Epoch 925 Relative Error 0.008168906904757023
Epoch 926 Relative Error 0.007123750634491444
Epoch 927 Relative Error 0.006741308607161045
Epoch 928 Relative Error 0.006637055426836014
Epoch 929 Relative Error 0.006864839233458042
Epoch 930 Relative Error 0.006138375494629145
Epoch 931 Relative Error 0.006561135873198509
Epoch 932 Relative Error 0.00631630839779973
Epoch 933 Relative Error 0.006654441822320223
Epoch 934 Relative Error 0.007092888001352549
Epoch 935 Relative Error 0.006835640873759985
Epoch 936 Relative Error 0.00793366227298975
Epoch 937 Relative Error 0.006543190684169531
Epoch 938 Relative Error 0.006789026316255331
Epoch 939 Relative Error 0.006478700786828995
Epoch 940 Relative Error 0.00612429017201066
Epoch 941 Relative Error 0.0061843497678637505
Epoch 942 Relative Error 0.006053335964679718
Epoch 943 Relative Error 0.0060316212475299835
Epoch 944 Relative Error 0.005947887897491455
Epoch 945 Relative Error 0.006062937900424004
Epoch 946 Relative Error 0.006715675815939903
Epoch 947 Relative Error 0.0061698188073933125
Epoch 948 Relative Error 0.006275320891290903
Epoch 949 Relative Error 0.006190273445099592
Epoch 950 Relative Error 0.006823292933404446
Epoch 951 Relative Error 0.0065614888444542885
Epoch 952 Relative Error 0.0061585381627082825
Epoch 953 Relative Error 0.006417741533368826
Epoch 954 Relative Error 0.006631662603467703
Epoch 955 Relative Error 0.006326707080006599
Epoch 956 Relative Error 0.006312719080597162
Epoch 957 Relative Error 0.007949044927954674
Epoch 958 Relative Error 0.008380880579352379
Epoch 959 Relative Error 0.007798138540238142
Epoch 960 Relative Error 0.012507162056863308
Epoch 961 Relative Error 0.011210537515580654
Epoch 962 Relative Error 0.00711241876706481
Epoch 963 Relative Error 0.00923349428921938
Epoch 964 Relative Error 0.007279951125383377
Epoch 965 Relative Error 0.008801775053143501
Epoch 966 Relative Error 0.007568208500742912
Epoch 967 Relative Error 0.006989863235503435
Epoch 968 Relative Error 0.0074067190289497375
Epoch 969 Relative Error 0.007072973530739546
Epoch 970 Relative Error 0.0061234887689352036
Epoch 971 Relative Error 0.006273448932915926
Epoch 972 Relative Error 0.006674580276012421
Epoch 973 Relative Error 0.007671165280044079
Epoch 974 Relative Error 0.006461943965405226
Epoch 975 Relative Error 0.006045544520020485
Epoch 976 Relative Error 0.006097789388149977
Epoch 977 Relative Error 0.005948296748101711
Epoch 978 Relative Error 0.00612068735063076
Epoch 979 Relative Error 0.005923040211200714
Epoch 980 Relative Error 0.0059987264685332775
Epoch 981 Relative Error 0.005964253097772598
Epoch 982 Relative Error 0.0059269145131111145
Epoch 983 Relative Error 0.005915582180023193
Epoch 984 Relative Error 0.005848460830748081
Epoch 985 Relative Error 0.005965460557490587
Epoch 986 Relative Error 0.005900844000279903
Epoch 987 Relative Error 0.006152770947664976
Epoch 988 Relative Error 0.006154575850814581
Epoch 989 Relative Error 0.00578679982572794
Epoch 990 Relative Error 0.005843278486281633
Epoch 991 Relative Error 0.005862010642886162
Epoch 992 Relative Error 0.005825200583785772
Epoch 993 Relative Error 0.005833515897393227
Epoch 994 Relative Error 0.005823444575071335
Epoch 995 Relative Error 0.006032670382410288
Epoch 996 Relative Error 0.006212316919118166
Epoch 997 Relative Error 0.0059880749322474
Epoch 998 Relative Error 0.006097528617829084
Epoch 999 Relative Error 0.005802324041724205
Epoch 1000 Relative Error 0.005792603362351656
RE (3, 5, 15, 0): 0.00578679982572794
Green's Function RE (3, 5, 15, 0): 0.01440349966287613
Bias Term RE (3, 5, 15, 0): 0.007039130199700594
Combination (3, 5, 15, 0, 0): 0.005353674292564392
Combination (3, 5, 15, 0, 1): 0.004984106868505478
Combination (3, 5, 15, 0, 2): 0.004883349873125553
Combination (3, 5, 15, 0, 3): 0.00485086627304554
Combination (3, 5, 15, 0, 4): 0.004836392123252153

/home/gridsan/gstepaniants/.local/lib/python3.8/site-packages/torch/functional.py:478: UserWarning: torch.meshgrid: in an upcoming release, it will be required to pass the indexing argument. (Triggered internally at  ../aten/src/ATen/native/TensorShape.cpp:2895.)
  return _VF.meshgrid(tensors, **kwargs)  # type: ignore[attr-defined]
