[KeOps] Warning : Cuda libraries were not detected on the system ; using cpu only mode
1
Kernel: SquaredExponential
Weight Mesh: 50
RKHS Kernel Width: 0.05
Lambda: 1e-06
Green's Function Learning Rate: 100
Bias Term Learning Rate: 100
Epoch 1 Relative Error 3716.520751953125
First epoch had re = 3716.520751953125 > 1
Green's Function Learning Rate: 50
Bias Term Learning Rate: 50
Epoch 1 Relative Error 2405.30859375
First epoch had re = 2405.30859375 > 1
Green's Function Learning Rate: 10
Bias Term Learning Rate: 10
Epoch 1 Relative Error 582.6146240234375
First epoch had re = 582.6146240234375 > 1
Green's Function Learning Rate: 5
Bias Term Learning Rate: 5
Epoch 1 Relative Error 275.1682434082031
First epoch had re = 275.1682434082031 > 1
Green's Function Learning Rate: 1
Bias Term Learning Rate: 1
Epoch 1 Relative Error 71.04093170166016
First epoch had re = 71.04093170166016 > 1
Green's Function Learning Rate: 0.5
Bias Term Learning Rate: 0.5
Epoch 1 Relative Error 26.209325790405273
First epoch had re = 26.209325790405273 > 1
Green's Function Learning Rate: 0.1
Bias Term Learning Rate: 0.1
Epoch 1 Relative Error 4.838944911956787
First epoch had re = 4.838944911956787 > 1
Green's Function Learning Rate: 0.05
Bias Term Learning Rate: 0.05
Epoch 1 Relative Error 2.378655195236206
First epoch had re = 2.378655195236206 > 1
Green's Function Learning Rate: 0.01
Bias Term Learning Rate: 0.01
Epoch 1 Relative Error 0.7132061123847961
Epoch 2 Relative Error 0.5463161468505859
Epoch 3 Relative Error 0.45255622267723083
Epoch 4 Relative Error 0.34432142972946167
Epoch 5 Relative Error 0.2658103406429291
Epoch 6 Relative Error 0.1877376288175583
Epoch 7 Relative Error 0.19610032439231873
Epoch 8 Relative Error 0.1349409520626068
Epoch 9 Relative Error 0.07081141322851181
Epoch 10 Relative Error 0.08358532190322876
Epoch 11 Relative Error 0.08067255467176437
Epoch 12 Relative Error 0.05741152912378311
Epoch 13 Relative Error 0.042441148310899734
Epoch 14 Relative Error 0.03779499977827072
Epoch 15 Relative Error 0.03238525241613388
Epoch 16 Relative Error 0.028581960126757622
Epoch 17 Relative Error 0.027460161596536636
Epoch 18 Relative Error 0.02584860660135746
Epoch 19 Relative Error 0.023897549137473106
Epoch 20 Relative Error 0.02223225310444832
Epoch 21 Relative Error 0.02154734544456005
Epoch 22 Relative Error 0.02128588780760765
Epoch 23 Relative Error 0.0204745102673769
Epoch 24 Relative Error 0.020073335617780685
Epoch 25 Relative Error 0.01970123127102852
Epoch 26 Relative Error 0.019313324242830276
Epoch 27 Relative Error 0.018995171412825584
Epoch 28 Relative Error 0.018714208155870438
Epoch 29 Relative Error 0.018454041332006454
Epoch 30 Relative Error 0.018178502097725868
Epoch 31 Relative Error 0.017929106950759888
Epoch 32 Relative Error 0.017751259729266167
Epoch 33 Relative Error 0.017498821020126343
Epoch 34 Relative Error 0.017273178324103355
Epoch 35 Relative Error 0.017083439975976944
Epoch 36 Relative Error 0.01687328703701496
Epoch 37 Relative Error 0.016709592193365097
Epoch 38 Relative Error 0.016518250107765198
Epoch 39 Relative Error 0.016328394412994385
Epoch 40 Relative Error 0.016172248870134354
Epoch 41 Relative Error 0.016021938994526863
Epoch 42 Relative Error 0.01586112007498741
Epoch 43 Relative Error 0.015708738937973976
Epoch 44 Relative Error 0.015558576211333275
Epoch 45 Relative Error 0.015434212982654572
Epoch 46 Relative Error 0.015309248119592667
Epoch 47 Relative Error 0.015154673717916012
Epoch 48 Relative Error 0.015012076124548912
Epoch 49 Relative Error 0.014908418990671635
Epoch 50 Relative Error 0.014787392690777779
Epoch 51 Relative Error 0.014668047428131104
Epoch 52 Relative Error 0.014537270180881023
Epoch 53 Relative Error 0.014428919181227684
Epoch 54 Relative Error 0.014317178167402744
Epoch 55 Relative Error 0.01422054972499609
Epoch 56 Relative Error 0.014128847979009151
Epoch 57 Relative Error 0.014013636857271194
Epoch 58 Relative Error 0.013908236287534237
Epoch 59 Relative Error 0.013826178386807442
Epoch 60 Relative Error 0.013742378912866116
Epoch 61 Relative Error 0.013635275885462761
Epoch 62 Relative Error 0.013551381416618824
Epoch 63 Relative Error 0.01346823200583458
Epoch 64 Relative Error 0.013372154906392097
Epoch 65 Relative Error 0.01328757032752037
Epoch 66 Relative Error 0.013192396610975266
Epoch 67 Relative Error 0.013117030262947083
Epoch 68 Relative Error 0.013060464523732662
Epoch 69 Relative Error 0.012987307272851467
Epoch 70 Relative Error 0.01288608182221651
Epoch 71 Relative Error 0.0128256194293499
Epoch 72 Relative Error 0.012765530496835709
Epoch 73 Relative Error 0.01270012091845274
Epoch 74 Relative Error 0.012613664381206036
Epoch 75 Relative Error 0.01254056952893734
Epoch 76 Relative Error 0.012476044707000256
Epoch 77 Relative Error 0.012396755628287792
Epoch 78 Relative Error 0.012341876514256
Epoch 79 Relative Error 0.012303088791668415
Epoch 80 Relative Error 0.012225675396621227
Epoch 81 Relative Error 0.012143976986408234
Epoch 82 Relative Error 0.012088694609701633
Epoch 83 Relative Error 0.012022703886032104
Epoch 84 Relative Error 0.01196376048028469
Epoch 85 Relative Error 0.011907138861715794
Epoch 86 Relative Error 0.011856394819915295
Epoch 87 Relative Error 0.011811764910817146
Epoch 88 Relative Error 0.011753935366868973
Epoch 89 Relative Error 0.011708109639585018
Epoch 90 Relative Error 0.011645452119410038
Epoch 91 Relative Error 0.011591639369726181
Epoch 92 Relative Error 0.0115347346290946
Epoch 93 Relative Error 0.011483745649456978
Epoch 94 Relative Error 0.01143978163599968
Epoch 95 Relative Error 0.01139787957072258
Epoch 96 Relative Error 0.011355756781995296
Epoch 97 Relative Error 0.011288229376077652
Epoch 98 Relative Error 0.011269129812717438
Epoch 99 Relative Error 0.011211472563445568
Epoch 100 Relative Error 0.011161603033542633
Epoch 101 Relative Error 0.011141950264573097
Epoch 102 Relative Error 0.011088243685662746
Epoch 103 Relative Error 0.011027646251022816
Epoch 104 Relative Error 0.010992326773703098
Epoch 105 Relative Error 0.010946018621325493
Epoch 106 Relative Error 0.010909111239016056
Epoch 107 Relative Error 0.010857651010155678
Epoch 108 Relative Error 0.010819520801305771
Epoch 109 Relative Error 0.010777669958770275
Epoch 110 Relative Error 0.01075380202382803
Epoch 111 Relative Error 0.010705271735787392
Epoch 112 Relative Error 0.01067326683551073
Epoch 113 Relative Error 0.010623638518154621
Epoch 114 Relative Error 0.01060253381729126
Epoch 115 Relative Error 0.010564960539340973
Epoch 116 Relative Error 0.01053809653967619
Epoch 117 Relative Error 0.010493618436157703
Epoch 118 Relative Error 0.01046204287558794
Epoch 119 Relative Error 0.010426031425595284
Epoch 120 Relative Error 0.010384091176092625
Epoch 121 Relative Error 0.010359377600252628
Epoch 122 Relative Error 0.010306645184755325
Epoch 123 Relative Error 0.010278617031872272
Epoch 124 Relative Error 0.010261718183755875
Epoch 125 Relative Error 0.010227417573332787
Epoch 126 Relative Error 0.010204313322901726
Epoch 127 Relative Error 0.010149883106350899
Epoch 128 Relative Error 0.010112290270626545
Epoch 129 Relative Error 0.010081231594085693
Epoch 130 Relative Error 0.01005437783896923
Epoch 131 Relative Error 0.010049150325357914
Epoch 132 Relative Error 0.0100167915225029
Epoch 133 Relative Error 0.009953765198588371
Epoch 134 Relative Error 0.009942594915628433
Epoch 135 Relative Error 0.009908061474561691
Epoch 136 Relative Error 0.009879539720714092
Epoch 137 Relative Error 0.009840080514550209
Epoch 138 Relative Error 0.009815654717385769
Epoch 139 Relative Error 0.009776771068572998
Epoch 140 Relative Error 0.009745360352098942
Epoch 141 Relative Error 0.009726560674607754
Epoch 142 Relative Error 0.009705260396003723
Epoch 143 Relative Error 0.009682114236056805
Epoch 144 Relative Error 0.009640696458518505
Epoch 145 Relative Error 0.009634608402848244
Epoch 146 Relative Error 0.00958502758294344
Epoch 147 Relative Error 0.009566647000610828
Epoch 148 Relative Error 0.009556615725159645
Epoch 149 Relative Error 0.009526314213871956
Epoch 150 Relative Error 0.009485166519880295
Epoch 151 Relative Error 0.009486036375164986
Epoch 152 Relative Error 0.009456771425902843
Epoch 153 Relative Error 0.009427238255739212
Epoch 154 Relative Error 0.009400229901075363
Epoch 155 Relative Error 0.009378908202052116
Epoch 156 Relative Error 0.009355831891298294
Epoch 157 Relative Error 0.009328787215054035
Epoch 158 Relative Error 0.009297029115259647
Epoch 159 Relative Error 0.009292625822126865
Epoch 160 Relative Error 0.00925836805254221
Epoch 161 Relative Error 0.009246539324522018
Epoch 162 Relative Error 0.009205016307532787
Epoch 163 Relative Error 0.009188231080770493
Epoch 164 Relative Error 0.009159520268440247
Epoch 165 Relative Error 0.009147923439741135
Epoch 166 Relative Error 0.009122972376644611
Epoch 167 Relative Error 0.009086431935429573
Epoch 168 Relative Error 0.009066926315426826
Epoch 169 Relative Error 0.009043119847774506
Epoch 170 Relative Error 0.009035811759531498
Epoch 171 Relative Error 0.00901114847511053
Epoch 172 Relative Error 0.008979849517345428
Epoch 173 Relative Error 0.008964955806732178
Epoch 174 Relative Error 0.008935457095503807
Epoch 175 Relative Error 0.008920129388570786
Epoch 176 Relative Error 0.008894329890608788
Epoch 177 Relative Error 0.008874614723026752
Epoch 178 Relative Error 0.008867202326655388
Epoch 179 Relative Error 0.008839434944093227
Epoch 180 Relative Error 0.008855936117470264
Epoch 181 Relative Error 0.008843771182000637
Epoch 182 Relative Error 0.008824373595416546
Epoch 183 Relative Error 0.008790331892669201
Epoch 184 Relative Error 0.008764678612351418
Epoch 185 Relative Error 0.008754762820899487
Epoch 186 Relative Error 0.008722462691366673
Epoch 187 Relative Error 0.008731360547244549
Epoch 188 Relative Error 0.008682344108819962
Epoch 189 Relative Error 0.008670062758028507
Epoch 190 Relative Error 0.008640473708510399
Epoch 191 Relative Error 0.008631821721792221
Epoch 192 Relative Error 0.008593486621975899
Epoch 193 Relative Error 0.008578546345233917
Epoch 194 Relative Error 0.008570837788283825
Epoch 195 Relative Error 0.008581267669796944
Epoch 196 Relative Error 0.008570568636059761
Epoch 197 Relative Error 0.008528121747076511
Epoch 198 Relative Error 0.008497129194438457
Epoch 199 Relative Error 0.008480270393192768
Epoch 200 Relative Error 0.008459934964776039
Epoch 201 Relative Error 0.008454532362520695
Epoch 202 Relative Error 0.008433912880718708
Epoch 203 Relative Error 0.008401002734899521
Epoch 204 Relative Error 0.008383705280721188
Epoch 205 Relative Error 0.0083711426705122
Epoch 206 Relative Error 0.00836904812604189
Epoch 207 Relative Error 0.008338985033333302
Epoch 208 Relative Error 0.00832345150411129
Epoch 209 Relative Error 0.008321208879351616
Epoch 210 Relative Error 0.008306673727929592
Epoch 211 Relative Error 0.008287287317216396
Epoch 212 Relative Error 0.008279790170490742
Epoch 213 Relative Error 0.008258498273789883
Epoch 214 Relative Error 0.008250650949776173
Epoch 215 Relative Error 0.008231382817029953
Epoch 216 Relative Error 0.00820949487388134
Epoch 217 Relative Error 0.008198864758014679
Epoch 218 Relative Error 0.008179019205272198
Epoch 219 Relative Error 0.008172241970896721
Epoch 220 Relative Error 0.008158177137374878
Epoch 221 Relative Error 0.008132650516927242
Epoch 222 Relative Error 0.00813216995447874
Epoch 223 Relative Error 0.008112743496894836
Epoch 224 Relative Error 0.008134189993143082
Epoch 225 Relative Error 0.008095449768006802
Epoch 226 Relative Error 0.008081122301518917
Epoch 227 Relative Error 0.008046469651162624
Epoch 228 Relative Error 0.008044695481657982
Epoch 229 Relative Error 0.008019102737307549
Epoch 230 Relative Error 0.007989462465047836
Epoch 231 Relative Error 0.007985182106494904
Epoch 232 Relative Error 0.007961024530231953
Epoch 233 Relative Error 0.007954256609082222
Epoch 234 Relative Error 0.007953805848956108
Epoch 235 Relative Error 0.007935406640172005
Epoch 236 Relative Error 0.007913724519312382
Epoch 237 Relative Error 0.007911063730716705
Epoch 238 Relative Error 0.00789632461965084
Epoch 239 Relative Error 0.00788095872849226
Epoch 240 Relative Error 0.007863455452024937
Epoch 241 Relative Error 0.00785374827682972
Epoch 242 Relative Error 0.007838384248316288
Epoch 243 Relative Error 0.007823302410542965
Epoch 244 Relative Error 0.007798629347234964
Epoch 245 Relative Error 0.007805244531482458
Epoch 246 Relative Error 0.007800957653671503
Epoch 247 Relative Error 0.00777747156098485
Epoch 248 Relative Error 0.00776585703715682
Epoch 249 Relative Error 0.007745044305920601
Epoch 250 Relative Error 0.007741219364106655
Epoch 251 Relative Error 0.007715747691690922
Epoch 252 Relative Error 0.007702453061938286
Epoch 253 Relative Error 0.007688477169722319
Epoch 254 Relative Error 0.007688308134675026
Epoch 255 Relative Error 0.007670567370951176
Epoch 256 Relative Error 0.007676367647945881
Epoch 257 Relative Error 0.007657503709197044
Epoch 258 Relative Error 0.007648281753063202
Epoch 259 Relative Error 0.007637963630259037
Epoch 260 Relative Error 0.007616963237524033
Epoch 261 Relative Error 0.007597107905894518
Epoch 262 Relative Error 0.007597133982926607
Epoch 263 Relative Error 0.007575647439807653
Epoch 264 Relative Error 0.00759483128786087
Epoch 265 Relative Error 0.007567844353616238
Epoch 266 Relative Error 0.007559961639344692
Epoch 267 Relative Error 0.0075555224902927876
Epoch 268 Relative Error 0.007546049542725086
Epoch 269 Relative Error 0.007570786401629448
Epoch 270 Relative Error 0.007525875233113766
Epoch 271 Relative Error 0.00751342810690403
Epoch 272 Relative Error 0.0074950880371034145
Epoch 273 Relative Error 0.007466908078640699
Epoch 274 Relative Error 0.007458848878741264
Epoch 275 Relative Error 0.007454574108123779
Epoch 276 Relative Error 0.007435007486492395
Epoch 277 Relative Error 0.007427157834172249
Epoch 278 Relative Error 0.007437554188072681
Epoch 279 Relative Error 0.00741728488355875
Epoch 280 Relative Error 0.007415710017085075
Epoch 281 Relative Error 0.007392775267362595
Epoch 282 Relative Error 0.007402195129543543
Epoch 283 Relative Error 0.007404529955238104
Epoch 284 Relative Error 0.007365078665316105
Epoch 285 Relative Error 0.007347275968641043
Epoch 286 Relative Error 0.007368460763245821
Epoch 287 Relative Error 0.007341511081904173
Epoch 288 Relative Error 0.007357784081250429
Epoch 289 Relative Error 0.007322564255446196
Epoch 290 Relative Error 0.007310810498893261
Epoch 291 Relative Error 0.007287220563739538
Epoch 292 Relative Error 0.007280267775058746
Epoch 293 Relative Error 0.007276283111423254
Epoch 294 Relative Error 0.007274444214999676
Epoch 295 Relative Error 0.00726807676255703
Epoch 296 Relative Error 0.007242752239108086
Epoch 297 Relative Error 0.007233270909637213
Epoch 298 Relative Error 0.007246828638017178
Epoch 299 Relative Error 0.007218230981379747
Epoch 300 Relative Error 0.007212065160274506
Epoch 301 Relative Error 0.0072120483964681625
Epoch 302 Relative Error 0.007212865632027388
Epoch 303 Relative Error 0.007191927637904882
Epoch 304 Relative Error 0.007165855262428522
Epoch 305 Relative Error 0.007152305915951729
Epoch 306 Relative Error 0.007168551906943321
Epoch 307 Relative Error 0.00714848842471838
Epoch 308 Relative Error 0.007138236425817013
Epoch 309 Relative Error 0.0071241119876503944
Epoch 310 Relative Error 0.007125028409063816
Epoch 311 Relative Error 0.0071306414902210236
Epoch 312 Relative Error 0.007144169416278601
Epoch 313 Relative Error 0.007107180077582598
Epoch 314 Relative Error 0.00708890100941062
Epoch 315 Relative Error 0.007082974072545767
Epoch 316 Relative Error 0.007072149775922298
Epoch 317 Relative Error 0.007081090938299894
Epoch 318 Relative Error 0.007076702080667019
Epoch 319 Relative Error 0.007085298653692007
Epoch 320 Relative Error 0.007031411398202181
Epoch 321 Relative Error 0.0070563447661697865
Epoch 322 Relative Error 0.007050457410514355
Epoch 323 Relative Error 0.0070593771524727345
Epoch 324 Relative Error 0.007047594990581274
Epoch 325 Relative Error 0.00704254349693656
Epoch 326 Relative Error 0.006997229065746069
Epoch 327 Relative Error 0.006974007934331894
Epoch 328 Relative Error 0.006979177240282297
Epoch 329 Relative Error 0.006966720800846815
Epoch 330 Relative Error 0.006956848315894604
Epoch 331 Relative Error 0.006940342020243406
Epoch 332 Relative Error 0.006944645196199417
Epoch 333 Relative Error 0.006925936788320541
Epoch 334 Relative Error 0.006936073303222656
Epoch 335 Relative Error 0.006918041966855526
Epoch 336 Relative Error 0.006925223860889673
Epoch 337 Relative Error 0.006932428572326899
Epoch 338 Relative Error 0.006904704961925745
Epoch 339 Relative Error 0.0069031985476613045
Epoch 340 Relative Error 0.0068833231925964355
Epoch 341 Relative Error 0.006866010837256908
Epoch 342 Relative Error 0.0068628014996647835
Epoch 343 Relative Error 0.006845416501164436
Epoch 344 Relative Error 0.006842713337391615
Epoch 345 Relative Error 0.0068547967821359634
Epoch 346 Relative Error 0.006828687619417906
Epoch 347 Relative Error 0.006838331464678049
Epoch 348 Relative Error 0.006822159513831139
Epoch 349 Relative Error 0.006835751235485077
Epoch 350 Relative Error 0.006815099623054266
Epoch 351 Relative Error 0.006803467869758606
Epoch 352 Relative Error 0.006787254940718412
Epoch 353 Relative Error 0.006794999353587627
Epoch 354 Relative Error 0.006803600117564201
Epoch 355 Relative Error 0.006800148170441389
Epoch 356 Relative Error 0.006767820566892624
Epoch 357 Relative Error 0.006762607954442501
Epoch 358 Relative Error 0.006755117326974869
Epoch 359 Relative Error 0.006745223421603441
Epoch 360 Relative Error 0.006743674166500568
Epoch 361 Relative Error 0.006733369547873735
Epoch 362 Relative Error 0.006730256602168083
Epoch 363 Relative Error 0.006710730958729982
Epoch 364 Relative Error 0.006694197189062834
Epoch 365 Relative Error 0.0067389123141765594
Epoch 366 Relative Error 0.0066951122134923935
Epoch 367 Relative Error 0.00668761134147644
Epoch 368 Relative Error 0.006685680244117975
Epoch 369 Relative Error 0.006694150622934103
Epoch 370 Relative Error 0.006710029672831297
Epoch 371 Relative Error 0.00669980701059103
Epoch 372 Relative Error 0.006651030853390694
Epoch 373 Relative Error 0.0066356840543448925
Epoch 374 Relative Error 0.006643441505730152
Epoch 375 Relative Error 0.0066322567872703075
Epoch 376 Relative Error 0.006616797298192978
Epoch 377 Relative Error 0.006636886391788721
Epoch 378 Relative Error 0.0066205160692334175
Epoch 379 Relative Error 0.006606769282370806
Epoch 380 Relative Error 0.006627651397138834
Epoch 381 Relative Error 0.006606569979339838
Epoch 382 Relative Error 0.006585349328815937
Epoch 383 Relative Error 0.00658601988106966
Epoch 384 Relative Error 0.006601559929549694
Epoch 385 Relative Error 0.006589936092495918
Epoch 386 Relative Error 0.006575867533683777
Epoch 387 Relative Error 0.006581320893019438
Epoch 388 Relative Error 0.006563832517713308
Epoch 389 Relative Error 0.0065627372823655605
Epoch 390 Relative Error 0.00656969053670764
Epoch 391 Relative Error 0.0065590920858085155
Epoch 392 Relative Error 0.006538906134665012
Epoch 393 Relative Error 0.0065187555737793446
Epoch 394 Relative Error 0.0065262047573924065
Epoch 395 Relative Error 0.006544735282659531
Epoch 396 Relative Error 0.006579453591257334
Epoch 397 Relative Error 0.006530972197651863
Epoch 398 Relative Error 0.006519025657325983
Epoch 399 Relative Error 0.006511298939585686
Epoch 400 Relative Error 0.006482796277850866
Epoch 401 Relative Error 0.0064679104834795
Epoch 402 Relative Error 0.006490977015346289
Epoch 403 Relative Error 0.0065420507453382015
Epoch 404 Relative Error 0.006500170100480318
Epoch 405 Relative Error 0.006458293180912733
Epoch 406 Relative Error 0.0065441797487437725
Epoch 407 Relative Error 0.0064663658849895
Epoch 408 Relative Error 0.006472613662481308
Epoch 409 Relative Error 0.006440750788897276
Epoch 410 Relative Error 0.006459680385887623
Epoch 411 Relative Error 0.006469215732067823
Epoch 412 Relative Error 0.0064459978602826595
Epoch 413 Relative Error 0.006418256554752588
Epoch 414 Relative Error 0.006401893217116594
Epoch 415 Relative Error 0.006442752201110125
Epoch 416 Relative Error 0.006430863868445158
Epoch 417 Relative Error 0.006406795233488083
Epoch 418 Relative Error 0.006397848017513752
Epoch 419 Relative Error 0.006385187152773142
Epoch 420 Relative Error 0.006367605645209551
Epoch 421 Relative Error 0.006383650470525026
Epoch 422 Relative Error 0.006361145060509443
Epoch 423 Relative Error 0.006345685105770826
Epoch 424 Relative Error 0.006362867541611195
Epoch 425 Relative Error 0.006340400781482458
Epoch 426 Relative Error 0.006330646574497223
Epoch 427 Relative Error 0.006329033523797989
Epoch 428 Relative Error 0.00633587222546339
Epoch 429 Relative Error 0.00633531017228961
Epoch 430 Relative Error 0.006338529754430056
Epoch 431 Relative Error 0.0063457852229475975
Epoch 432 Relative Error 0.006352887488901615
Epoch 433 Relative Error 0.0063199433498084545
Epoch 434 Relative Error 0.006317655090242624
Epoch 435 Relative Error 0.006317342631518841
Epoch 436 Relative Error 0.006347921211272478
Epoch 437 Relative Error 0.006303548812866211
Epoch 438 Relative Error 0.006295759696513414
Epoch 439 Relative Error 0.0062973517924547195
Epoch 440 Relative Error 0.006270258687436581
Epoch 441 Relative Error 0.006267010234296322
Epoch 442 Relative Error 0.006254139356315136
Epoch 443 Relative Error 0.006243772339075804
Epoch 444 Relative Error 0.0062376344576478004
Epoch 445 Relative Error 0.006236356217414141
Epoch 446 Relative Error 0.006222359370440245
Epoch 447 Relative Error 0.00621067313477397
Epoch 448 Relative Error 0.006219947244971991
Epoch 449 Relative Error 0.006211286410689354
Epoch 450 Relative Error 0.006215895526111126
Epoch 451 Relative Error 0.006229669786989689
Epoch 452 Relative Error 0.006213593762367964
Epoch 453 Relative Error 0.006198306567966938
Epoch 454 Relative Error 0.00618875864893198
Epoch 455 Relative Error 0.006182341370731592
Epoch 456 Relative Error 0.006177522242069244
Epoch 457 Relative Error 0.006185505073517561
Epoch 458 Relative Error 0.006167456042021513
Epoch 459 Relative Error 0.006169815082103014
Epoch 460 Relative Error 0.0061904615722596645
Epoch 461 Relative Error 0.006166469305753708
Epoch 462 Relative Error 0.00616926234215498
Epoch 463 Relative Error 0.006225534249097109
Epoch 464 Relative Error 0.006152811460196972
Epoch 465 Relative Error 0.006157940719276667
Epoch 466 Relative Error 0.006164550315588713
Epoch 467 Relative Error 0.006147673819214106
Epoch 468 Relative Error 0.006152928341180086
Epoch 469 Relative Error 0.006138733588159084
Epoch 470 Relative Error 0.006131554953753948
Epoch 471 Relative Error 0.0061094206757843494
Epoch 472 Relative Error 0.0060970070771873
Epoch 473 Relative Error 0.0061025191098451614
Epoch 474 Relative Error 0.0060957008972764015
Epoch 475 Relative Error 0.006095372140407562
Epoch 476 Relative Error 0.006096660625189543
Epoch 477 Relative Error 0.006092068739235401
Epoch 478 Relative Error 0.006077438127249479
Epoch 479 Relative Error 0.0060776579193770885
Epoch 480 Relative Error 0.006066718138754368
Epoch 481 Relative Error 0.006055645179003477
Epoch 482 Relative Error 0.006054394878447056
Epoch 483 Relative Error 0.006056058686226606
Epoch 484 Relative Error 0.006053689867258072
Epoch 485 Relative Error 0.006047495175153017
Epoch 486 Relative Error 0.006061655003577471
Epoch 487 Relative Error 0.006038180086761713
Epoch 488 Relative Error 0.006040158215910196
Epoch 489 Relative Error 0.006036848295480013
Epoch 490 Relative Error 0.0060408273711800575
Epoch 491 Relative Error 0.0060241143219172955
Epoch 492 Relative Error 0.006013626232743263
Epoch 493 Relative Error 0.006011478137224913
Epoch 494 Relative Error 0.006013752426952124
Epoch 495 Relative Error 0.006042038090527058
Epoch 496 Relative Error 0.006000911351293325
Epoch 497 Relative Error 0.006030819844454527
Epoch 498 Relative Error 0.006031329743564129
Epoch 499 Relative Error 0.006034836173057556
Epoch 500 Relative Error 0.006024691741913557
Epoch 501 Relative Error 0.0059924800880253315
Epoch 502 Relative Error 0.005996676627546549
Epoch 503 Relative Error 0.006000923924148083
Epoch 504 Relative Error 0.005956185981631279
Epoch 505 Relative Error 0.005988979246467352
Epoch 506 Relative Error 0.005967527627944946
Epoch 507 Relative Error 0.005965521093457937
Epoch 508 Relative Error 0.0059428103268146515
Epoch 509 Relative Error 0.005939669907093048
Epoch 510 Relative Error 0.005938256625086069
Epoch 511 Relative Error 0.005944999400526285
Epoch 512 Relative Error 0.005930286832153797
Epoch 513 Relative Error 0.0059245615266263485
Epoch 514 Relative Error 0.005939743015915155
Epoch 515 Relative Error 0.005924058612436056
Epoch 516 Relative Error 0.005915086250752211
Epoch 517 Relative Error 0.005922999233007431
Epoch 518 Relative Error 0.005921205971390009
Epoch 519 Relative Error 0.005901888012886047
Epoch 520 Relative Error 0.005905357655137777
Epoch 521 Relative Error 0.005904625169932842
Epoch 522 Relative Error 0.0059207589365541935
Epoch 523 Relative Error 0.0059024677611887455
Epoch 524 Relative Error 0.005890996661037207
Epoch 525 Relative Error 0.005886367987841368
Epoch 526 Relative Error 0.005882349330931902
Epoch 527 Relative Error 0.0058803195133805275
Epoch 528 Relative Error 0.005887032952159643
Epoch 529 Relative Error 0.0058734058402478695
Epoch 530 Relative Error 0.005885046441107988
Epoch 531 Relative Error 0.005870489403605461
Epoch 532 Relative Error 0.005869649816304445
Epoch 533 Relative Error 0.005855856463313103
Epoch 534 Relative Error 0.005848073400557041
Epoch 535 Relative Error 0.0058532534167170525
Epoch 536 Relative Error 0.005846797488629818
Epoch 537 Relative Error 0.005833381321281195
Epoch 538 Relative Error 0.005833350121974945
Epoch 539 Relative Error 0.005839970428496599
Epoch 540 Relative Error 0.005827173124998808
Epoch 541 Relative Error 0.005812232848256826
Epoch 542 Relative Error 0.00583696598187089
Epoch 543 Relative Error 0.005853400100022554
Epoch 544 Relative Error 0.005839246325194836
Epoch 545 Relative Error 0.005814650561660528
Epoch 546 Relative Error 0.005823862738907337
Epoch 547 Relative Error 0.005836722441017628
Epoch 548 Relative Error 0.005845771636813879
Epoch 549 Relative Error 0.005808779038488865
Epoch 550 Relative Error 0.005807934794574976
Epoch 551 Relative Error 0.0057941218838095665
Epoch 552 Relative Error 0.005790035706013441
Epoch 553 Relative Error 0.005783820059150457
Epoch 554 Relative Error 0.005762672051787376
Epoch 555 Relative Error 0.005768040660768747
Epoch 556 Relative Error 0.005765402689576149
Epoch 557 Relative Error 0.005788934882730246
Epoch 558 Relative Error 0.005762254353612661
Epoch 559 Relative Error 0.005768619943410158
Epoch 560 Relative Error 0.005750149954110384
Epoch 561 Relative Error 0.0057386429980397224
Epoch 562 Relative Error 0.0057747154496610165
Epoch 563 Relative Error 0.005763303022831678
Epoch 564 Relative Error 0.0057639083825051785
Epoch 565 Relative Error 0.0057604690082371235
Epoch 566 Relative Error 0.0057799736969172955
Epoch 567 Relative Error 0.0057433717884123325
Epoch 568 Relative Error 0.005755648948252201
Epoch 569 Relative Error 0.005777151323854923
Epoch 570 Relative Error 0.005766086280345917
Epoch 571 Relative Error 0.005750634707510471
Epoch 572 Relative Error 0.005756323225796223
Epoch 573 Relative Error 0.005715435836464167
Epoch 574 Relative Error 0.005749925039708614
Epoch 575 Relative Error 0.005789151415228844
Epoch 576 Relative Error 0.005690200254321098
Epoch 577 Relative Error 0.005728531628847122
Epoch 578 Relative Error 0.005750080570578575
Epoch 579 Relative Error 0.005691516678780317
Epoch 580 Relative Error 0.005719958338886499
Epoch 581 Relative Error 0.00570182828232646
Epoch 582 Relative Error 0.005699004977941513
Epoch 583 Relative Error 0.005685396026819944
Epoch 584 Relative Error 0.005683673545718193
Epoch 585 Relative Error 0.005741886794567108
Epoch 586 Relative Error 0.005750228650867939
Epoch 587 Relative Error 0.005740342661738396
Epoch 588 Relative Error 0.005730115808546543
Epoch 589 Relative Error 0.005674315150827169
Epoch 590 Relative Error 0.005671350751072168
Epoch 591 Relative Error 0.0056601925753057
Epoch 592 Relative Error 0.005658966489136219
Epoch 593 Relative Error 0.005662868265062571
Epoch 594 Relative Error 0.005643740762025118
Epoch 595 Relative Error 0.005638959817588329
Epoch 596 Relative Error 0.005672560539096594
Epoch 597 Relative Error 0.005652337800711393
Epoch 598 Relative Error 0.005712707992643118
Epoch 599 Relative Error 0.0056892563588917255
Epoch 600 Relative Error 0.005636551883071661
Epoch 601 Relative Error 0.005624664016067982
Epoch 602 Relative Error 0.005630546249449253
Epoch 603 Relative Error 0.005623502191156149
Epoch 604 Relative Error 0.005615060683339834
Epoch 605 Relative Error 0.0056350985541939735
Epoch 606 Relative Error 0.005689628422260284
Epoch 607 Relative Error 0.00572399003431201
Epoch 608 Relative Error 0.005611714441329241
Epoch 609 Relative Error 0.005666043609380722
Epoch 610 Relative Error 0.0056111314333975315
Epoch 611 Relative Error 0.00562116177752614
Epoch 612 Relative Error 0.005581678356975317
Epoch 613 Relative Error 0.005593580659478903
Epoch 614 Relative Error 0.005593562964349985
Epoch 615 Relative Error 0.005577373318374157
Epoch 616 Relative Error 0.005588363390415907
Epoch 617 Relative Error 0.005574700888246298
Epoch 618 Relative Error 0.005582957528531551
Epoch 619 Relative Error 0.005581243429332972
Epoch 620 Relative Error 0.005594938062131405
Epoch 621 Relative Error 0.005574963055551052
Epoch 622 Relative Error 0.005557748023420572
Epoch 623 Relative Error 0.005548006854951382
Epoch 624 Relative Error 0.0055663869716227055
Epoch 625 Relative Error 0.005599355790764093
Epoch 626 Relative Error 0.005564586725085974
Epoch 627 Relative Error 0.005578383803367615
Epoch 628 Relative Error 0.0055639296770095825
Epoch 629 Relative Error 0.0055473907850682735
Epoch 630 Relative Error 0.00553832296282053
Epoch 631 Relative Error 0.0055084521882236
Epoch 632 Relative Error 0.0055113681592047215
Epoch 633 Relative Error 0.005504108499735594
Epoch 634 Relative Error 0.005502514075487852
Epoch 635 Relative Error 0.005513665731996298
Epoch 636 Relative Error 0.005504062864929438
Epoch 637 Relative Error 0.005500380881130695
Epoch 638 Relative Error 0.005494863726198673
Epoch 639 Relative Error 0.005499549675732851
Epoch 640 Relative Error 0.005492664407938719
Epoch 641 Relative Error 0.00548846460878849
Epoch 642 Relative Error 0.005497974343597889
Epoch 643 Relative Error 0.005494808312505484
Epoch 644 Relative Error 0.005497787147760391
Epoch 645 Relative Error 0.005470776464790106
Epoch 646 Relative Error 0.005484485998749733
Epoch 647 Relative Error 0.0054973880760371685
Epoch 648 Relative Error 0.0054686907678842545
Epoch 649 Relative Error 0.005468969698995352
Epoch 650 Relative Error 0.005465972237288952
Epoch 651 Relative Error 0.0054613440297544
Epoch 652 Relative Error 0.005483001936227083
Epoch 653 Relative Error 0.005474601872265339
Epoch 654 Relative Error 0.005466685630381107
Epoch 655 Relative Error 0.00545914750546217
Epoch 656 Relative Error 0.0054556699469685555
Epoch 657 Relative Error 0.005480973515659571
Epoch 658 Relative Error 0.005484568886458874
Epoch 659 Relative Error 0.005508382339030504
Epoch 660 Relative Error 0.00550819979980588
Epoch 661 Relative Error 0.0054670278914272785
Epoch 662 Relative Error 0.005438007414340973
Epoch 663 Relative Error 0.005448953248560429
Epoch 664 Relative Error 0.005447146017104387
Epoch 665 Relative Error 0.005419495515525341
Epoch 666 Relative Error 0.005426168907433748
Epoch 667 Relative Error 0.005423123482614756
Epoch 668 Relative Error 0.005426964722573757
Epoch 669 Relative Error 0.00541639095172286
Epoch 670 Relative Error 0.0054201362654566765
Epoch 671 Relative Error 0.005421547684818506
Epoch 672 Relative Error 0.005405897740274668
Epoch 673 Relative Error 0.005412806756794453
Epoch 674 Relative Error 0.005410291254520416
Epoch 675 Relative Error 0.005414255894720554
Epoch 676 Relative Error 0.00541012454777956
Epoch 677 Relative Error 0.005389801226556301
Epoch 678 Relative Error 0.0053833662532269955
Epoch 679 Relative Error 0.0054157208651304245
Epoch 680 Relative Error 0.005393670406192541
Epoch 681 Relative Error 0.005417878273874521
Epoch 682 Relative Error 0.005388325080275536
Epoch 683 Relative Error 0.005373006220906973
Epoch 684 Relative Error 0.005376835819333792
Epoch 685 Relative Error 0.005380443297326565
Epoch 686 Relative Error 0.005367019679397345
Epoch 687 Relative Error 0.005364641547203064
Epoch 688 Relative Error 0.0053735836409032345
Epoch 689 Relative Error 0.00536073325201869
Epoch 690 Relative Error 0.005356760695576668
Epoch 691 Relative Error 0.005351359490305185
Epoch 692 Relative Error 0.005351956933736801
Epoch 693 Relative Error 0.005348639562726021
Epoch 694 Relative Error 0.005353146698325872
Epoch 695 Relative Error 0.005350364372134209
Epoch 696 Relative Error 0.005365114659070969
Epoch 697 Relative Error 0.005349866580218077
Epoch 698 Relative Error 0.005354815162718296
Epoch 699 Relative Error 0.005332604516297579
Epoch 700 Relative Error 0.005332675762474537
Epoch 701 Relative Error 0.005324790254235268
Epoch 702 Relative Error 0.005317703355103731
Epoch 703 Relative Error 0.00532123725861311
Epoch 704 Relative Error 0.005313366185873747
Epoch 705 Relative Error 0.005306006409227848
Epoch 706 Relative Error 0.0053133293986320496
Epoch 707 Relative Error 0.0053223976865410805
Epoch 708 Relative Error 0.005326508078724146
Epoch 709 Relative Error 0.005341155454516411
Epoch 710 Relative Error 0.005354516673833132
Epoch 711 Relative Error 0.005317161325365305
Epoch 712 Relative Error 0.00531885027885437
Epoch 713 Relative Error 0.005305562634021044
Epoch 714 Relative Error 0.005301137454807758
Epoch 715 Relative Error 0.005291653797030449
Epoch 716 Relative Error 0.005285130813717842
Epoch 717 Relative Error 0.00530474865809083
Epoch 718 Relative Error 0.005284990184009075
Epoch 719 Relative Error 0.00530649721622467
Epoch 720 Relative Error 0.005340463947504759
Epoch 721 Relative Error 0.00530108530074358
Epoch 722 Relative Error 0.005295265931636095
Epoch 723 Relative Error 0.005323008634150028
Epoch 724 Relative Error 0.00528715830296278
Epoch 725 Relative Error 0.005276571027934551
Epoch 726 Relative Error 0.005272040609270334
Epoch 727 Relative Error 0.005272017791867256
Epoch 728 Relative Error 0.005265324842184782
Epoch 729 Relative Error 0.005286644212901592
Epoch 730 Relative Error 0.0052627865225076675
Epoch 731 Relative Error 0.005256093572825193
Epoch 732 Relative Error 0.005272249225527048
Epoch 733 Relative Error 0.005251491442322731
Epoch 734 Relative Error 0.005258576013147831
Epoch 735 Relative Error 0.005241364240646362
Epoch 736 Relative Error 0.005245921667665243
Epoch 737 Relative Error 0.00523969205096364
Epoch 738 Relative Error 0.00523236021399498
Epoch 739 Relative Error 0.005233371164649725
Epoch 740 Relative Error 0.005220229271799326
Epoch 741 Relative Error 0.005223907995969057
Epoch 742 Relative Error 0.005226494744420052
Epoch 743 Relative Error 0.005225270986557007
Epoch 744 Relative Error 0.005215397570282221
Epoch 745 Relative Error 0.005214998964220285
Epoch 746 Relative Error 0.005207860842347145
Epoch 747 Relative Error 0.005204737652093172
Epoch 748 Relative Error 0.005223547574132681
Epoch 749 Relative Error 0.005245636682957411
Epoch 750 Relative Error 0.005231398623436689
Epoch 751 Relative Error 0.005215324927121401
Epoch 752 Relative Error 0.005219257902354002
Epoch 753 Relative Error 0.005231769755482674
Epoch 754 Relative Error 0.005243902560323477
Epoch 755 Relative Error 0.00526918051764369
Epoch 756 Relative Error 0.00522170215845108
Epoch 757 Relative Error 0.005316769704222679
Epoch 758 Relative Error 0.005284180864691734
Epoch 759 Relative Error 0.0052906847558915615
Epoch 760 Relative Error 0.0052007935009896755
Epoch 761 Relative Error 0.00523843290284276
Epoch 762 Relative Error 0.005216437391936779
Epoch 763 Relative Error 0.005199009086936712
Epoch 764 Relative Error 0.005208236631006002
Epoch 765 Relative Error 0.005199918057769537
Epoch 766 Relative Error 0.0052187032997608185
Epoch 767 Relative Error 0.005191698670387268
Epoch 768 Relative Error 0.0051664309576153755
Epoch 769 Relative Error 0.005170260090380907
Epoch 770 Relative Error 0.0051790084689855576
Epoch 771 Relative Error 0.0051721855998039246
Epoch 772 Relative Error 0.00518779456615448
Epoch 773 Relative Error 0.005186771042644978
Epoch 774 Relative Error 0.005190931260585785
Epoch 775 Relative Error 0.005194957833737135
Epoch 776 Relative Error 0.005200304556638002
Epoch 777 Relative Error 0.0051862457767128944
Epoch 778 Relative Error 0.005174666177481413
Epoch 779 Relative Error 0.005166030488908291
Epoch 780 Relative Error 0.005151353310793638
Epoch 781 Relative Error 0.005152324680238962
Epoch 782 Relative Error 0.00514217559248209
Epoch 783 Relative Error 0.005135254468768835
Epoch 784 Relative Error 0.005137523636221886
Epoch 785 Relative Error 0.005147777032107115
Epoch 786 Relative Error 0.005152744706720114
Epoch 787 Relative Error 0.005172755103558302
Epoch 788 Relative Error 0.005130879580974579
Epoch 789 Relative Error 0.0051439376547932625
Epoch 790 Relative Error 0.005120604299008846
Epoch 791 Relative Error 0.0051262457855045795
Epoch 792 Relative Error 0.005141935311257839
Epoch 793 Relative Error 0.00513060949742794
Epoch 794 Relative Error 0.005136135034263134
Epoch 795 Relative Error 0.00511195370927453
Epoch 796 Relative Error 0.0051145306788384914
Epoch 797 Relative Error 0.00510783027857542
Epoch 798 Relative Error 0.0051085795275866985
Epoch 799 Relative Error 0.005100905895233154
Epoch 800 Relative Error 0.005103686824440956
Epoch 801 Relative Error 0.005096094682812691
Epoch 802 Relative Error 0.005099428351968527
Epoch 803 Relative Error 0.005096575245261192
Epoch 804 Relative Error 0.005091592203825712
Epoch 805 Relative Error 0.005090880673378706
Epoch 806 Relative Error 0.005089120008051395
Epoch 807 Relative Error 0.005087635479867458
Epoch 808 Relative Error 0.005078991875052452
Epoch 809 Relative Error 0.005095545668154955
Epoch 810 Relative Error 0.0050849150866270065
Epoch 811 Relative Error 0.005090585444122553
Epoch 812 Relative Error 0.005081679206341505
Epoch 813 Relative Error 0.005082462448626757
Epoch 814 Relative Error 0.005071126390248537
Epoch 815 Relative Error 0.005068313796073198
Epoch 816 Relative Error 0.005058885086327791
Epoch 817 Relative Error 0.005074168089777231
Epoch 818 Relative Error 0.005093288142234087
Epoch 819 Relative Error 0.005085283424705267
Epoch 820 Relative Error 0.005067868158221245
Epoch 821 Relative Error 0.0050543989054858685
Epoch 822 Relative Error 0.005054099950939417
Epoch 823 Relative Error 0.005051399115473032
Epoch 824 Relative Error 0.005047263111919165
Epoch 825 Relative Error 0.005039024632424116
Epoch 826 Relative Error 0.005050878040492535
Epoch 827 Relative Error 0.005051103420555592
Epoch 828 Relative Error 0.005042205099016428
Epoch 829 Relative Error 0.005047996994107962
Epoch 830 Relative Error 0.00504368357360363
Epoch 831 Relative Error 0.005052224267274141
Epoch 832 Relative Error 0.005032962188124657
Epoch 833 Relative Error 0.005051109474152327
Epoch 834 Relative Error 0.005032294429838657
Epoch 835 Relative Error 0.005036173388361931
Epoch 836 Relative Error 0.005028140731155872
Epoch 837 Relative Error 0.0050169071182608604
Epoch 838 Relative Error 0.0050463429652154446
Epoch 839 Relative Error 0.005042199045419693
Epoch 840 Relative Error 0.0050457012839615345
Epoch 841 Relative Error 0.005020769312977791
Epoch 842 Relative Error 0.0050298250280320644
Epoch 843 Relative Error 0.005040086340159178
Epoch 844 Relative Error 0.005040460266172886
Epoch 845 Relative Error 0.00502362847328186
Epoch 846 Relative Error 0.005010698456317186
Epoch 847 Relative Error 0.005010721739381552
Epoch 848 Relative Error 0.004996951203793287
Epoch 849 Relative Error 0.005020905751734972
Epoch 850 Relative Error 0.004995486233383417
Epoch 851 Relative Error 0.00500189745798707
Epoch 852 Relative Error 0.005000268574804068
Epoch 853 Relative Error 0.005009895656257868
Epoch 854 Relative Error 0.005033167544752359
Epoch 855 Relative Error 0.00500632356852293
Epoch 856 Relative Error 0.005011104978621006
Epoch 857 Relative Error 0.004992636386305094
Epoch 858 Relative Error 0.004988330416381359
Epoch 859 Relative Error 0.0049746655859053135
Epoch 860 Relative Error 0.004967372864484787
Epoch 861 Relative Error 0.00497428048402071
Epoch 862 Relative Error 0.004971370100975037
Epoch 863 Relative Error 0.004962015897035599
Epoch 864 Relative Error 0.004964434541761875
Epoch 865 Relative Error 0.0049692243337631226
Epoch 866 Relative Error 0.004962100647389889
Epoch 867 Relative Error 0.004965127911418676
Epoch 868 Relative Error 0.00496299285441637
Epoch 869 Relative Error 0.004959718324244022
Epoch 870 Relative Error 0.004960433579981327
Epoch 871 Relative Error 0.004966902080923319
Epoch 872 Relative Error 0.004958355333656073
Epoch 873 Relative Error 0.004973222967237234
Epoch 874 Relative Error 0.0049826717004179955
Epoch 875 Relative Error 0.004971891175955534
Epoch 876 Relative Error 0.00497697526589036
Epoch 877 Relative Error 0.004952027462422848
Epoch 878 Relative Error 0.004963696468621492
Epoch 879 Relative Error 0.004976448602974415
Epoch 880 Relative Error 0.004938881378620863
Epoch 881 Relative Error 0.004963267128914595
Epoch 882 Relative Error 0.004937408957630396
Epoch 883 Relative Error 0.004955892451107502
Epoch 884 Relative Error 0.00495340907946229
Epoch 885 Relative Error 0.004941654857248068
Epoch 886 Relative Error 0.004939722362905741
Epoch 887 Relative Error 0.0049277241341769695
Epoch 888 Relative Error 0.004924521315842867
Epoch 889 Relative Error 0.004922056570649147
Epoch 890 Relative Error 0.0049314298667013645
Epoch 891 Relative Error 0.0049139223992824554
Epoch 892 Relative Error 0.004923420026898384
Epoch 893 Relative Error 0.004925388842821121
Epoch 894 Relative Error 0.0049417633563280106
Epoch 895 Relative Error 0.004932295065373182
Epoch 896 Relative Error 0.004924963228404522
Epoch 897 Relative Error 0.004911552183330059
Epoch 898 Relative Error 0.00491014588624239
Epoch 899 Relative Error 0.004906651563942432
Epoch 900 Relative Error 0.004900134168565273
Epoch 901 Relative Error 0.004902169108390808
Epoch 902 Relative Error 0.004909448325634003
Epoch 903 Relative Error 0.004913529846817255
Epoch 904 Relative Error 0.004918614402413368
Epoch 905 Relative Error 0.004930758848786354
Epoch 906 Relative Error 0.004899139050394297
Epoch 907 Relative Error 0.00489558931440115
Epoch 908 Relative Error 0.0048905727453529835
Epoch 909 Relative Error 0.004891226999461651
Epoch 910 Relative Error 0.004916587378829718
Epoch 911 Relative Error 0.0048828767612576485
Epoch 912 Relative Error 0.004879003390669823
Epoch 913 Relative Error 0.004880297929048538
Epoch 914 Relative Error 0.004873970989137888
Epoch 915 Relative Error 0.004876568913459778
Epoch 916 Relative Error 0.004870484117418528
Epoch 917 Relative Error 0.00489323353394866
Epoch 918 Relative Error 0.004883967339992523
Epoch 919 Relative Error 0.004931941162794828
Epoch 920 Relative Error 0.004885631147772074
Epoch 921 Relative Error 0.004888814873993397
Epoch 922 Relative Error 0.00486990250647068
Epoch 923 Relative Error 0.004871251527220011
Epoch 924 Relative Error 0.004867883864790201
Epoch 925 Relative Error 0.004885298665612936
Epoch 926 Relative Error 0.0048554460518062115
Epoch 927 Relative Error 0.004867535550147295
Epoch 928 Relative Error 0.0048682778142392635
Epoch 929 Relative Error 0.004850952420383692
Epoch 930 Relative Error 0.004854440689086914
Epoch 931 Relative Error 0.004856462590396404
Epoch 932 Relative Error 0.004864097572863102
Epoch 933 Relative Error 0.004870147444307804
Epoch 934 Relative Error 0.0048632631078362465
Epoch 935 Relative Error 0.004851514007896185
Epoch 936 Relative Error 0.004851303994655609
Epoch 937 Relative Error 0.004883627872914076
Epoch 938 Relative Error 0.004856574349105358
Epoch 939 Relative Error 0.004848259501159191
Epoch 940 Relative Error 0.004850225057452917
Epoch 941 Relative Error 0.004842913243919611
Epoch 942 Relative Error 0.004843924660235643
Epoch 943 Relative Error 0.004839046858251095
Epoch 944 Relative Error 0.004828843753784895
Epoch 945 Relative Error 0.004829997196793556
Epoch 946 Relative Error 0.004824693314731121
Epoch 947 Relative Error 0.004820520989596844
Epoch 948 Relative Error 0.004832985810935497
Epoch 949 Relative Error 0.0048294998705387115
Epoch 950 Relative Error 0.004840028937906027
Epoch 951 Relative Error 0.004830474499613047
Epoch 952 Relative Error 0.0048240371979773045
Epoch 953 Relative Error 0.0048280381597578526
Epoch 954 Relative Error 0.00481838546693325
Epoch 955 Relative Error 0.004819377791136503
Epoch 956 Relative Error 0.004812142346054316
Epoch 957 Relative Error 0.00482258852571249
Epoch 958 Relative Error 0.0048010689206421375
Epoch 959 Relative Error 0.004809040576219559
Epoch 960 Relative Error 0.004819507710635662
Epoch 961 Relative Error 0.00480553088709712
Epoch 962 Relative Error 0.004815683234483004
Epoch 963 Relative Error 0.004815071355551481
Epoch 964 Relative Error 0.004804207477718592
Epoch 965 Relative Error 0.004811519291251898
Epoch 966 Relative Error 0.004797091241925955
Epoch 967 Relative Error 0.0048042419366538525
Epoch 968 Relative Error 0.004818778019398451
Epoch 969 Relative Error 0.004799854010343552
Epoch 970 Relative Error 0.004798945505172014
Epoch 971 Relative Error 0.004797888454049826
Epoch 972 Relative Error 0.004789561964571476
Epoch 973 Relative Error 0.004802940413355827
Epoch 974 Relative Error 0.004783316981047392
Epoch 975 Relative Error 0.004783238284289837
Epoch 976 Relative Error 0.004815364256501198
Epoch 977 Relative Error 0.004801342263817787
Epoch 978 Relative Error 0.004787360318005085
Epoch 979 Relative Error 0.004775936249643564
Epoch 980 Relative Error 0.004776486661285162
Epoch 981 Relative Error 0.004768739454448223
Epoch 982 Relative Error 0.0047753057442605495
Epoch 983 Relative Error 0.004780857358127832
Epoch 984 Relative Error 0.0047824145294725895
Epoch 985 Relative Error 0.0047621456906199455
Epoch 986 Relative Error 0.0047619519755244255
Epoch 987 Relative Error 0.004755245056003332
Epoch 988 Relative Error 0.004770912230014801
Epoch 989 Relative Error 0.0047622667625546455
Epoch 990 Relative Error 0.004764811135828495
Epoch 991 Relative Error 0.004766910336911678
Epoch 992 Relative Error 0.004777983762323856
Epoch 993 Relative Error 0.00476090470328927
Epoch 994 Relative Error 0.004760392941534519
Epoch 995 Relative Error 0.004778323229402304
Epoch 996 Relative Error 0.004777247551828623
Epoch 997 Relative Error 0.004780835937708616
Epoch 998 Relative Error 0.00476930383592844
Epoch 999 Relative Error 0.004777590744197369
Epoch 1000 Relative Error 0.0047883628867566586
RE (1, 4, 13, 0): 0.004755245056003332
Green's Function RE (1, 4, 13, 0): 0.01262299157679081
Bias Term RE (1, 4, 13, 0): 0.008298352360725403
Combination (1, 4, 13, 0, 0): 0.004674050025641918
Combination (1, 4, 13, 0, 1): 0.004532985854893923
Combination (1, 4, 13, 0, 2): 0.004456804599612951
Combination (1, 4, 13, 0, 3): 0.004438243806362152
Combination (1, 4, 13, 0, 4): 0.0044302609749138355

/home/gridsan/gstepaniants/.local/lib/python3.8/site-packages/torch/functional.py:478: UserWarning: torch.meshgrid: in an upcoming release, it will be required to pass the indexing argument. (Triggered internally at  ../aten/src/ATen/native/TensorShape.cpp:2895.)
  return _VF.meshgrid(tensors, **kwargs)  # type: ignore[attr-defined]
