[KeOps] Warning : Cuda libraries were not detected on the system ; using cpu only mode
1
Kernel: Matern3/2
Weight Mesh: 100
RKHS Kernel Width: 0.03
Lambda: 1e-06
Green's Function Learning Rate: 100
Bias Term Learning Rate: 100
Epoch 1 Relative Error 6161.12255859375
First epoch had re = 6161.12255859375 > 1
Green's Function Learning Rate: 50
Bias Term Learning Rate: 50
Epoch 1 Relative Error 3761.13818359375
First epoch had re = 3761.13818359375 > 1
Green's Function Learning Rate: 10
Bias Term Learning Rate: 10
Epoch 1 Relative Error 857.5895385742188
First epoch had re = 857.5895385742188 > 1
Green's Function Learning Rate: 5
Bias Term Learning Rate: 5
Epoch 1 Relative Error 448.2617492675781
First epoch had re = 448.2617492675781 > 1
Green's Function Learning Rate: 1
Bias Term Learning Rate: 1
Epoch 1 Relative Error 91.86267852783203
First epoch had re = 91.86267852783203 > 1
Green's Function Learning Rate: 0.5
Bias Term Learning Rate: 0.5
Epoch 1 Relative Error 34.596004486083984
First epoch had re = 34.596004486083984 > 1
Green's Function Learning Rate: 0.1
Bias Term Learning Rate: 0.1
Epoch 1 Relative Error 8.958751678466797
First epoch had re = 8.958751678466797 > 1
Green's Function Learning Rate: 0.05
Bias Term Learning Rate: 0.05
Epoch 1 Relative Error 3.8577704429626465
First epoch had re = 3.8577704429626465 > 1
Green's Function Learning Rate: 0.01
Bias Term Learning Rate: 0.01
Epoch 1 Relative Error 0.8493934273719788
Epoch 2 Relative Error 0.7143791913986206
Epoch 3 Relative Error 0.6302391886711121
Epoch 4 Relative Error 0.45283833146095276
Epoch 5 Relative Error 0.3657887279987335
Epoch 6 Relative Error 0.2564910352230072
Epoch 7 Relative Error 0.190366730093956
Epoch 8 Relative Error 0.17781496047973633
Epoch 9 Relative Error 0.1716419905424118
Epoch 10 Relative Error 0.14141768217086792
Epoch 11 Relative Error 0.1017552986741066
Epoch 12 Relative Error 0.08284777402877808
Epoch 13 Relative Error 0.05843928083777428
Epoch 14 Relative Error 0.04556576535105705
Epoch 15 Relative Error 0.037023358047008514
Epoch 16 Relative Error 0.02879292145371437
Epoch 17 Relative Error 0.0262465700507164
Epoch 18 Relative Error 0.024049734696745872
Epoch 19 Relative Error 0.020986327901482582
Epoch 20 Relative Error 0.01717918924987316
Epoch 21 Relative Error 0.015627406537532806
Epoch 22 Relative Error 0.014864333905279636
Epoch 23 Relative Error 0.013984346762299538
Epoch 24 Relative Error 0.013124453835189342
Epoch 25 Relative Error 0.012368263676762581
Epoch 26 Relative Error 0.012206324376165867
Epoch 27 Relative Error 0.01179311890155077
Epoch 28 Relative Error 0.011146281845867634
Epoch 29 Relative Error 0.01106610894203186
Epoch 30 Relative Error 0.010799480602145195
Epoch 31 Relative Error 0.010491370223462582
Epoch 32 Relative Error 0.010366843082010746
Epoch 33 Relative Error 0.010180346667766571
Epoch 34 Relative Error 0.010007909499108791
Epoch 35 Relative Error 0.009861784055829048
Epoch 36 Relative Error 0.009700954891741276
Epoch 37 Relative Error 0.009597073309123516
Epoch 38 Relative Error 0.009446299634873867
Epoch 39 Relative Error 0.009316894225776196
Epoch 40 Relative Error 0.009192688390612602
Epoch 41 Relative Error 0.009091355837881565
Epoch 42 Relative Error 0.009002266451716423
Epoch 43 Relative Error 0.008867262862622738
Epoch 44 Relative Error 0.008758374489843845
Epoch 45 Relative Error 0.008655492216348648
Epoch 46 Relative Error 0.008563651703298092
Epoch 47 Relative Error 0.008477948606014252
Epoch 48 Relative Error 0.008369623683393002
Epoch 49 Relative Error 0.008305623196065426
Epoch 50 Relative Error 0.00819662306457758
Epoch 51 Relative Error 0.008124275133013725
Epoch 52 Relative Error 0.008035894483327866
Epoch 53 Relative Error 0.007957314141094685
Epoch 54 Relative Error 0.007884773425757885
Epoch 55 Relative Error 0.007810893934220076
Epoch 56 Relative Error 0.007751807104796171
Epoch 57 Relative Error 0.007651669438928366
Epoch 58 Relative Error 0.007588705979287624
Epoch 59 Relative Error 0.007525250781327486
Epoch 60 Relative Error 0.007470321841537952
Epoch 61 Relative Error 0.007412053178995848
Epoch 62 Relative Error 0.007330736145377159
Epoch 63 Relative Error 0.007270427420735359
Epoch 64 Relative Error 0.00721150916069746
Epoch 65 Relative Error 0.007149173878133297
Epoch 66 Relative Error 0.007092392072081566
Epoch 67 Relative Error 0.007037389557808638
Epoch 68 Relative Error 0.006997988093644381
Epoch 69 Relative Error 0.006934798322618008
Epoch 70 Relative Error 0.006882627494633198
Epoch 71 Relative Error 0.00682901730760932
Epoch 72 Relative Error 0.00677123386412859
Epoch 73 Relative Error 0.0067261285148561
Epoch 74 Relative Error 0.006679109763354063
Epoch 75 Relative Error 0.006629772484302521
Epoch 76 Relative Error 0.006579244043678045
Epoch 77 Relative Error 0.006538589019328356
Epoch 78 Relative Error 0.006490541156381369
Epoch 79 Relative Error 0.00644404673948884
Epoch 80 Relative Error 0.006411050911992788
Epoch 81 Relative Error 0.006363592576235533
Epoch 82 Relative Error 0.006315435748547316
Epoch 83 Relative Error 0.00627457071095705
Epoch 84 Relative Error 0.006236040033400059
Epoch 85 Relative Error 0.006195681635290384
Epoch 86 Relative Error 0.006152995862066746
Epoch 87 Relative Error 0.0061185723170638084
Epoch 88 Relative Error 0.006077428814023733
Epoch 89 Relative Error 0.006045757792890072
Epoch 90 Relative Error 0.006007117219269276
Epoch 91 Relative Error 0.005967120174318552
Epoch 92 Relative Error 0.0059318761341273785
Epoch 93 Relative Error 0.005903232842683792
Epoch 94 Relative Error 0.005874835420399904
Epoch 95 Relative Error 0.00583252776414156
Epoch 96 Relative Error 0.005795663688331842
Epoch 97 Relative Error 0.005759477615356445
Epoch 98 Relative Error 0.005726202391088009
Epoch 99 Relative Error 0.005695661064237356
Epoch 100 Relative Error 0.0056693716906011105
Epoch 101 Relative Error 0.005638877861201763
Epoch 102 Relative Error 0.005608167499303818
Epoch 103 Relative Error 0.00557614816352725
Epoch 104 Relative Error 0.00554105406627059
Epoch 105 Relative Error 0.005516630131751299
Epoch 106 Relative Error 0.005486203823238611
Epoch 107 Relative Error 0.0054536438547074795
Epoch 108 Relative Error 0.005423585884273052
Epoch 109 Relative Error 0.005402532406151295
Epoch 110 Relative Error 0.0053717647679150105
Epoch 111 Relative Error 0.005346828605979681
Epoch 112 Relative Error 0.005320601165294647
Epoch 113 Relative Error 0.005290988367050886
Epoch 114 Relative Error 0.005269275046885014
Epoch 115 Relative Error 0.0052383956499397755
Epoch 116 Relative Error 0.005205841269344091
Epoch 117 Relative Error 0.005183952860534191
Epoch 118 Relative Error 0.005161649081856012
Epoch 119 Relative Error 0.005136332008987665
Epoch 120 Relative Error 0.00511332880705595
Epoch 121 Relative Error 0.005084201227873564
Epoch 122 Relative Error 0.00506223738193512
Epoch 123 Relative Error 0.005040344316512346
Epoch 124 Relative Error 0.0050207083113491535
Epoch 125 Relative Error 0.004991402383893728
Epoch 126 Relative Error 0.004972945898771286
Epoch 127 Relative Error 0.004948397167026997
Epoch 128 Relative Error 0.00493100518360734
Epoch 129 Relative Error 0.004901775624603033
Epoch 130 Relative Error 0.004880035296082497
Epoch 131 Relative Error 0.004858415108174086
Epoch 132 Relative Error 0.004838759079575539
Epoch 133 Relative Error 0.0048232302069664
Epoch 134 Relative Error 0.004801818635314703
Epoch 135 Relative Error 0.004778765141963959
Epoch 136 Relative Error 0.004760493990033865
Epoch 137 Relative Error 0.004735541995614767
Epoch 138 Relative Error 0.004718882031738758
Epoch 139 Relative Error 0.004698672331869602
Epoch 140 Relative Error 0.0046813529916107655
Epoch 141 Relative Error 0.004656253848224878
Epoch 142 Relative Error 0.004637815989553928
Epoch 143 Relative Error 0.0046182312071323395
Epoch 144 Relative Error 0.004605308175086975
Epoch 145 Relative Error 0.004588810261338949
Epoch 146 Relative Error 0.004567623138427734
Epoch 147 Relative Error 0.004551500082015991
Epoch 148 Relative Error 0.004525505006313324
Epoch 149 Relative Error 0.004518786445260048
Epoch 150 Relative Error 0.004490658640861511
Epoch 151 Relative Error 0.004482901189476252
Epoch 152 Relative Error 0.004470414016395807
Epoch 153 Relative Error 0.004453297704458237
Epoch 154 Relative Error 0.004430457949638367
Epoch 155 Relative Error 0.004417210817337036
Epoch 156 Relative Error 0.004398113116621971
Epoch 157 Relative Error 0.0043768021278083324
Epoch 158 Relative Error 0.004355799872428179
Epoch 159 Relative Error 0.0043419124558568
Epoch 160 Relative Error 0.004328219685703516
Epoch 161 Relative Error 0.004307266790419817
Epoch 162 Relative Error 0.004293300677090883
Epoch 163 Relative Error 0.0042732348665595055
Epoch 164 Relative Error 0.004262743517756462
Epoch 165 Relative Error 0.00424385629594326
Epoch 166 Relative Error 0.004228619858622551
Epoch 167 Relative Error 0.0042167664505541325
Epoch 168 Relative Error 0.0041986191645264626
Epoch 169 Relative Error 0.004179750103503466
Epoch 170 Relative Error 0.004170400556176901
Epoch 171 Relative Error 0.004156183451414108
Epoch 172 Relative Error 0.004137623589485884
Epoch 173 Relative Error 0.004123269114643335
Epoch 174 Relative Error 0.0041098566725850105
Epoch 175 Relative Error 0.004099267069250345
Epoch 176 Relative Error 0.004080313257873058
Epoch 177 Relative Error 0.0040728021413087845
Epoch 178 Relative Error 0.004061564803123474
Epoch 179 Relative Error 0.004042100626975298
Epoch 180 Relative Error 0.004025836940854788
Epoch 181 Relative Error 0.004012452904134989
Epoch 182 Relative Error 0.004000435583293438
Epoch 183 Relative Error 0.003991744015365839
Epoch 184 Relative Error 0.0039734384045004845
Epoch 185 Relative Error 0.003962841350585222
Epoch 186 Relative Error 0.0039469231851398945
Epoch 187 Relative Error 0.003938301000744104
Epoch 188 Relative Error 0.003928510472178459
Epoch 189 Relative Error 0.003914494998753071
Epoch 190 Relative Error 0.0038950310554355383
Epoch 191 Relative Error 0.003886895254254341
Epoch 192 Relative Error 0.0038722518365830183
Epoch 193 Relative Error 0.003859349526464939
Epoch 194 Relative Error 0.003850656794384122
Epoch 195 Relative Error 0.0038393735885620117
Epoch 196 Relative Error 0.0038317155558615923
Epoch 197 Relative Error 0.003813504008576274
Epoch 198 Relative Error 0.003801423590630293
Epoch 199 Relative Error 0.0037832569796591997
Epoch 200 Relative Error 0.003776269033551216
Epoch 201 Relative Error 0.0037625283002853394
Epoch 202 Relative Error 0.0037600446958094835
Epoch 203 Relative Error 0.0037413607351481915
Epoch 204 Relative Error 0.003735325764864683
Epoch 205 Relative Error 0.0037191002629697323
Epoch 206 Relative Error 0.00370746199041605
Epoch 207 Relative Error 0.0036986616905778646
Epoch 208 Relative Error 0.0036862906999886036
Epoch 209 Relative Error 0.003686492796987295
Epoch 210 Relative Error 0.0036671203561127186
Epoch 211 Relative Error 0.0036573070101439953
Epoch 212 Relative Error 0.003652334911748767
Epoch 213 Relative Error 0.00363547052256763
Epoch 214 Relative Error 0.003632620442658663
Epoch 215 Relative Error 0.0036151374224573374
Epoch 216 Relative Error 0.0036035918164998293
Epoch 217 Relative Error 0.0035949870944023132
Epoch 218 Relative Error 0.0035864633973687887
Epoch 219 Relative Error 0.0035713971592485905
Epoch 220 Relative Error 0.003565544495359063
Epoch 221 Relative Error 0.00354854972101748
Epoch 222 Relative Error 0.0035370555706322193
Epoch 223 Relative Error 0.0035291879903525114
Epoch 224 Relative Error 0.003518778132274747
Epoch 225 Relative Error 0.00351154338568449
Epoch 226 Relative Error 0.003499769140034914
Epoch 227 Relative Error 0.0034929474350064993
Epoch 228 Relative Error 0.003480231389403343
Epoch 229 Relative Error 0.0034702601842582226
Epoch 230 Relative Error 0.0034652871545404196
Epoch 231 Relative Error 0.0034578084014356136
Epoch 232 Relative Error 0.0034467654768377542
Epoch 233 Relative Error 0.003440289292484522
Epoch 234 Relative Error 0.0034263834822922945
Epoch 235 Relative Error 0.0034193750470876694
Epoch 236 Relative Error 0.0034119021147489548
Epoch 237 Relative Error 0.0033986452035605907
Epoch 238 Relative Error 0.003391444915905595
Epoch 239 Relative Error 0.0033787027932703495
Epoch 240 Relative Error 0.003378090914338827
Epoch 241 Relative Error 0.0033604269847273827
Epoch 242 Relative Error 0.003353815758600831
Epoch 243 Relative Error 0.00335694313980639
Epoch 244 Relative Error 0.0033489661291241646
Epoch 245 Relative Error 0.003329648170620203
Epoch 246 Relative Error 0.0033225601073354483
Epoch 247 Relative Error 0.0033219512552022934
Epoch 248 Relative Error 0.0033121344167739153
Epoch 249 Relative Error 0.0032971897162497044
Epoch 250 Relative Error 0.0032927279826253653
Epoch 251 Relative Error 0.0032826801761984825
Epoch 252 Relative Error 0.0032712642569094896
Epoch 253 Relative Error 0.0032691368833184242
Epoch 254 Relative Error 0.003256866242736578
Epoch 255 Relative Error 0.0032446221448481083
Epoch 256 Relative Error 0.00324954348616302
Epoch 257 Relative Error 0.0032281805761158466
Epoch 258 Relative Error 0.003223918378353119
Epoch 259 Relative Error 0.0032148300670087337
Epoch 260 Relative Error 0.0032082833349704742
Epoch 261 Relative Error 0.0032008837442845106
Epoch 262 Relative Error 0.0031925495713949203
Epoch 263 Relative Error 0.0031844598706811666
Epoch 264 Relative Error 0.003175420220941305
Epoch 265 Relative Error 0.003166488604620099
Epoch 266 Relative Error 0.0031700748950242996
Epoch 267 Relative Error 0.003166374284774065
Epoch 268 Relative Error 0.003154132515192032
Epoch 269 Relative Error 0.003139015519991517
Epoch 270 Relative Error 0.003132737008854747
Epoch 271 Relative Error 0.003127298317849636
Epoch 272 Relative Error 0.0031167250126600266
Epoch 273 Relative Error 0.003106001066043973
Epoch 274 Relative Error 0.003101886948570609
Epoch 275 Relative Error 0.003098034067079425
Epoch 276 Relative Error 0.0030887266620993614
Epoch 277 Relative Error 0.0030922514852136374
Epoch 278 Relative Error 0.0030828521121293306
Epoch 279 Relative Error 0.0030716522596776485
Epoch 280 Relative Error 0.0030601059552282095
Epoch 281 Relative Error 0.0030592652037739754
Epoch 282 Relative Error 0.0030431796330958605
Epoch 283 Relative Error 0.0030381856486201286
Epoch 284 Relative Error 0.0030310959555208683
Epoch 285 Relative Error 0.003019037190824747
Epoch 286 Relative Error 0.0030194439459592104
Epoch 287 Relative Error 0.0030087288469076157
Epoch 288 Relative Error 0.0030057495459914207
Epoch 289 Relative Error 0.003002082696184516
Epoch 290 Relative Error 0.00299090682528913
Epoch 291 Relative Error 0.0029803356155753136
Epoch 292 Relative Error 0.002976411720737815
Epoch 293 Relative Error 0.0029657473787665367
Epoch 294 Relative Error 0.002960875630378723
Epoch 295 Relative Error 0.0029546271543949842
Epoch 296 Relative Error 0.002950143301859498
Epoch 297 Relative Error 0.0029429320711642504
Epoch 298 Relative Error 0.0029352351557463408
Epoch 299 Relative Error 0.0029277291614562273
Epoch 300 Relative Error 0.002930697984993458
Epoch 301 Relative Error 0.002927458379417658
Epoch 302 Relative Error 0.002920344704762101
Epoch 303 Relative Error 0.002914914395660162
Epoch 304 Relative Error 0.00290063489228487
Epoch 305 Relative Error 0.002893008990213275
Epoch 306 Relative Error 0.0028891311958432198
Epoch 307 Relative Error 0.0028803041204810143
Epoch 308 Relative Error 0.002876516431570053
Epoch 309 Relative Error 0.0028646928258240223
Epoch 310 Relative Error 0.002864224137738347
Epoch 311 Relative Error 0.0028547183610498905
Epoch 312 Relative Error 0.0028466323856264353
Epoch 313 Relative Error 0.002840899396687746
Epoch 314 Relative Error 0.0028377787675708532
Epoch 315 Relative Error 0.0028322096914052963
Epoch 316 Relative Error 0.002840151311829686
Epoch 317 Relative Error 0.002821574453264475
Epoch 318 Relative Error 0.002816353226080537
Epoch 319 Relative Error 0.0028100614435970783
Epoch 320 Relative Error 0.002803673967719078
Epoch 321 Relative Error 0.002797519788146019
Epoch 322 Relative Error 0.002795785665512085
Epoch 323 Relative Error 0.0027887013275176287
Epoch 324 Relative Error 0.002788378158584237
Epoch 325 Relative Error 0.0027845969889312983
Epoch 326 Relative Error 0.0027759121730923653
Epoch 327 Relative Error 0.0027702159713953733
Epoch 328 Relative Error 0.00276836846023798
Epoch 329 Relative Error 0.0027584885247051716
Epoch 330 Relative Error 0.0027555166743695736
Epoch 331 Relative Error 0.00274475384503603
Epoch 332 Relative Error 0.002739808987826109
Epoch 333 Relative Error 0.0027328641153872013
Epoch 334 Relative Error 0.0027348205912858248
Epoch 335 Relative Error 0.0027238333132117987
Epoch 336 Relative Error 0.00271614664234221
Epoch 337 Relative Error 0.002710821107029915
Epoch 338 Relative Error 0.0027025870513170958
Epoch 339 Relative Error 0.002698394702747464
Epoch 340 Relative Error 0.0026948878075927496
Epoch 341 Relative Error 0.0026887666899710894
Epoch 342 Relative Error 0.002685022074729204
Epoch 343 Relative Error 0.0026774071156978607
Epoch 344 Relative Error 0.0026715619023889303
Epoch 345 Relative Error 0.002673074835911393
Epoch 346 Relative Error 0.0026783307548612356
Epoch 347 Relative Error 0.002666077809408307
Epoch 348 Relative Error 0.0026529154274612665
Epoch 349 Relative Error 0.002648240188136697
Epoch 350 Relative Error 0.00264987675473094
Epoch 351 Relative Error 0.0026552120689302683
Epoch 352 Relative Error 0.0026485654525458813
Epoch 353 Relative Error 0.0026370652485638857
Epoch 354 Relative Error 0.0026290537789463997
Epoch 355 Relative Error 0.002616256009787321
Epoch 356 Relative Error 0.0026111763436347246
Epoch 357 Relative Error 0.002616540063172579
Epoch 358 Relative Error 0.002617258345708251
Epoch 359 Relative Error 0.0026057797949761152
Epoch 360 Relative Error 0.002596975304186344
Epoch 361 Relative Error 0.002590897725895047
Epoch 362 Relative Error 0.002583347959443927
Epoch 363 Relative Error 0.0025768917985260487
Epoch 364 Relative Error 0.0025802284944802523
Epoch 365 Relative Error 0.0025704801082611084
Epoch 366 Relative Error 0.0025631312746554613
Epoch 367 Relative Error 0.002559852320700884
Epoch 368 Relative Error 0.0025538222398608923
Epoch 369 Relative Error 0.0025522494688630104
Epoch 370 Relative Error 0.0025501057971268892
Epoch 371 Relative Error 0.002546107629314065
Epoch 372 Relative Error 0.0025406680069863796
Epoch 373 Relative Error 0.002529349410906434
Epoch 374 Relative Error 0.0025303412694483995
Epoch 375 Relative Error 0.0025249251630157232
Epoch 376 Relative Error 0.0025163833051919937
Epoch 377 Relative Error 0.0025161667726933956
Epoch 378 Relative Error 0.002515879226848483
Epoch 379 Relative Error 0.0025052051059901714
Epoch 380 Relative Error 0.002505781129002571
Epoch 381 Relative Error 0.0024959936272352934
Epoch 382 Relative Error 0.0024937610141932964
Epoch 383 Relative Error 0.0024954138789325953
Epoch 384 Relative Error 0.002493277657777071
Epoch 385 Relative Error 0.002488525817170739
Epoch 386 Relative Error 0.0024859956465661526
Epoch 387 Relative Error 0.002478045178577304
Epoch 388 Relative Error 0.0024702767841517925
Epoch 389 Relative Error 0.002463988494127989
Epoch 390 Relative Error 0.0024608043022453785
Epoch 391 Relative Error 0.0024574645794928074
Epoch 392 Relative Error 0.002447970909997821
Epoch 393 Relative Error 0.002451766049489379
Epoch 394 Relative Error 0.002442741533741355
Epoch 395 Relative Error 0.002451057080179453
Epoch 396 Relative Error 0.0024407566525042057
Epoch 397 Relative Error 0.002436647890135646
Epoch 398 Relative Error 0.0024566464126110077
Epoch 399 Relative Error 0.0024489527568221092
Epoch 400 Relative Error 0.0024492789525538683
Epoch 401 Relative Error 0.0024347647558897734
Epoch 402 Relative Error 0.0024222617503255606
Epoch 403 Relative Error 0.0024185061920434237
Epoch 404 Relative Error 0.0024182796478271484
Epoch 405 Relative Error 0.0024094772525131702
Epoch 406 Relative Error 0.0024101226590573788
Epoch 407 Relative Error 0.0023983032442629337
Epoch 408 Relative Error 0.0023964415304362774
Epoch 409 Relative Error 0.0023957376834005117
Epoch 410 Relative Error 0.0023868789430707693
Epoch 411 Relative Error 0.002378385281190276
Epoch 412 Relative Error 0.002372207585722208
Epoch 413 Relative Error 0.002370985224843025
Epoch 414 Relative Error 0.0023661358281970024
Epoch 415 Relative Error 0.0023620266001671553
Epoch 416 Relative Error 0.002361746970564127
Epoch 417 Relative Error 0.002358446130529046
Epoch 418 Relative Error 0.0023508225567638874
Epoch 419 Relative Error 0.002351221162825823
Epoch 420 Relative Error 0.0023486095014959574
Epoch 421 Relative Error 0.0023404189851135015
Epoch 422 Relative Error 0.0023336042650043964
Epoch 423 Relative Error 0.002329612849280238
Epoch 424 Relative Error 0.0023265278432518244
Epoch 425 Relative Error 0.0023217748384922743
Epoch 426 Relative Error 0.002318105660378933
Epoch 427 Relative Error 0.002311809454113245
Epoch 428 Relative Error 0.002313245553523302
Epoch 429 Relative Error 0.002307386137545109
Epoch 430 Relative Error 0.002306869253516197
Epoch 431 Relative Error 0.0022979287896305323
Epoch 432 Relative Error 0.00230167293921113
Epoch 433 Relative Error 0.002303987741470337
Epoch 434 Relative Error 0.002296880353242159
Epoch 435 Relative Error 0.0022834979463368654
Epoch 436 Relative Error 0.0022824956104159355
Epoch 437 Relative Error 0.0022812739480286837
Epoch 438 Relative Error 0.0022795358672738075
Epoch 439 Relative Error 0.002269407268613577
Epoch 440 Relative Error 0.0022670694161206484
Epoch 441 Relative Error 0.0022652323823422194
Epoch 442 Relative Error 0.0022602234967052937
Epoch 443 Relative Error 0.002255441155284643
Epoch 444 Relative Error 0.0022694773506373167
Epoch 445 Relative Error 0.0022767861373722553
Epoch 446 Relative Error 0.0022579021751880646
Epoch 447 Relative Error 0.0022489367984235287
Epoch 448 Relative Error 0.0022499056067317724
Epoch 449 Relative Error 0.002252200385555625
Epoch 450 Relative Error 0.002243985654786229
Epoch 451 Relative Error 0.0022350612562149763
Epoch 452 Relative Error 0.002229489851742983
Epoch 453 Relative Error 0.0022281960118561983
Epoch 454 Relative Error 0.0022269815672188997
Epoch 455 Relative Error 0.0022258805111050606
Epoch 456 Relative Error 0.00222077127546072
Epoch 457 Relative Error 0.0022153479512780905
Epoch 458 Relative Error 0.0022154394537210464
Epoch 459 Relative Error 0.0022082629147917032
Epoch 460 Relative Error 0.0022054731380194426
Epoch 461 Relative Error 0.002203220734372735
Epoch 462 Relative Error 0.002197569701820612
Epoch 463 Relative Error 0.0021924611646682024
Epoch 464 Relative Error 0.0021857949905097485
Epoch 465 Relative Error 0.0021885414607822895
Epoch 466 Relative Error 0.002182845724746585
Epoch 467 Relative Error 0.0021867745090276003
Epoch 468 Relative Error 0.00218125875107944
Epoch 469 Relative Error 0.002174647059291601
Epoch 470 Relative Error 0.002171087311580777
Epoch 471 Relative Error 0.0021708901040256023
Epoch 472 Relative Error 0.0021688786800950766
Epoch 473 Relative Error 0.0021664504893124104
Epoch 474 Relative Error 0.002160042757168412
Epoch 475 Relative Error 0.002159852534532547
Epoch 476 Relative Error 0.0021536138374358416
Epoch 477 Relative Error 0.0021536347921937704
Epoch 478 Relative Error 0.002151658060029149
Epoch 479 Relative Error 0.002146277343854308
Epoch 480 Relative Error 0.002141763688996434
Epoch 481 Relative Error 0.0021400589030236006
Epoch 482 Relative Error 0.0021326844580471516
Epoch 483 Relative Error 0.00213102949783206
Epoch 484 Relative Error 0.002131934044882655
Epoch 485 Relative Error 0.0021252832375466824
Epoch 486 Relative Error 0.0021298856008797884
Epoch 487 Relative Error 0.0021301270462572575
Epoch 488 Relative Error 0.002127133309841156
Epoch 489 Relative Error 0.0021297121420502663
Epoch 490 Relative Error 0.0021197472233325243
Epoch 491 Relative Error 0.0021081273443996906
Epoch 492 Relative Error 0.0021181670017540455
Epoch 493 Relative Error 0.002104557817801833
Epoch 494 Relative Error 0.002102856058627367
Epoch 495 Relative Error 0.0020934969652444124
Epoch 496 Relative Error 0.0020880047231912613
Epoch 497 Relative Error 0.002093417337164283
Epoch 498 Relative Error 0.0020873958710581064
Epoch 499 Relative Error 0.0020794521551579237
Epoch 500 Relative Error 0.002078237012028694
Epoch 501 Relative Error 0.0020742060150951147
Epoch 502 Relative Error 0.002072483766824007
Epoch 503 Relative Error 0.002067520748823881
Epoch 504 Relative Error 0.0020680627785623074
Epoch 505 Relative Error 0.0020608785562217236
Epoch 506 Relative Error 0.002060273429378867
Epoch 507 Relative Error 0.002055904595181346
Epoch 508 Relative Error 0.002057113219052553
Epoch 509 Relative Error 0.0020537525415420532
Epoch 510 Relative Error 0.0020495394710451365
Epoch 511 Relative Error 0.0020477583166211843
Epoch 512 Relative Error 0.002061140490695834
Epoch 513 Relative Error 0.002056438708677888
Epoch 514 Relative Error 0.002040729857981205
Epoch 515 Relative Error 0.002035298850387335
Epoch 516 Relative Error 0.0020315900910645723
Epoch 517 Relative Error 0.002027606125921011
Epoch 518 Relative Error 0.0020286927465349436
Epoch 519 Relative Error 0.002026817062869668
Epoch 520 Relative Error 0.0020214610267430544
Epoch 521 Relative Error 0.0020193071104586124
Epoch 522 Relative Error 0.0020196090918034315
Epoch 523 Relative Error 0.002020885469391942
Epoch 524 Relative Error 0.0020121759735047817
Epoch 525 Relative Error 0.0020095964428037405
Epoch 526 Relative Error 0.002008238807320595
Epoch 527 Relative Error 0.0020082269329577684
Epoch 528 Relative Error 0.002008030889555812
Epoch 529 Relative Error 0.002006941707804799
Epoch 530 Relative Error 0.002000831300392747
Epoch 531 Relative Error 0.00200607324950397
Epoch 532 Relative Error 0.0020015493500977755
Epoch 533 Relative Error 0.0019966938998550177
Epoch 534 Relative Error 0.0019922906067222357
Epoch 535 Relative Error 0.0019919206388294697
Epoch 536 Relative Error 0.0019887478556483984
Epoch 537 Relative Error 0.001980970147997141
Epoch 538 Relative Error 0.0019806285854429007
Epoch 539 Relative Error 0.001977095613256097
Epoch 540 Relative Error 0.0019664980936795473
Epoch 541 Relative Error 0.0019712774083018303
Epoch 542 Relative Error 0.001970900222659111
Epoch 543 Relative Error 0.0019676501397043467
Epoch 544 Relative Error 0.001965804025530815
Epoch 545 Relative Error 0.0019599588122218847
Epoch 546 Relative Error 0.001956440042704344
Epoch 547 Relative Error 0.0019613346084952354
Epoch 548 Relative Error 0.0019546838011592627
Epoch 549 Relative Error 0.0019482695497572422
Epoch 550 Relative Error 0.0019485622178763151
Epoch 551 Relative Error 0.0019465002696961164
Epoch 552 Relative Error 0.001945039490237832
Epoch 553 Relative Error 0.001938314875587821
Epoch 554 Relative Error 0.0019458336755633354
Epoch 555 Relative Error 0.0019375175470486283
Epoch 556 Relative Error 0.0019274670630693436
Epoch 557 Relative Error 0.001931987120769918
Epoch 558 Relative Error 0.0019297362305223942
Epoch 559 Relative Error 0.0019394047558307648
Epoch 560 Relative Error 0.0019318218110129237
Epoch 561 Relative Error 0.0019329024944454432
Epoch 562 Relative Error 0.001930209225974977
Epoch 563 Relative Error 0.0019234789069741964
Epoch 564 Relative Error 0.0019137263298034668
Epoch 565 Relative Error 0.0019227535231038928
Epoch 566 Relative Error 0.0019185614073649049
Epoch 567 Relative Error 0.0019092313013970852
Epoch 568 Relative Error 0.0019035744480788708
Epoch 569 Relative Error 0.0019062805222347379
Epoch 570 Relative Error 0.0019008790841326118
Epoch 571 Relative Error 0.001901548937894404
Epoch 572 Relative Error 0.0019049416296184063
Epoch 573 Relative Error 0.0018932793755084276
Epoch 574 Relative Error 0.0018890058854594827
Epoch 575 Relative Error 0.0018876518588513136
Epoch 576 Relative Error 0.001885942998342216
Epoch 577 Relative Error 0.0018929772777482867
Epoch 578 Relative Error 0.0018835316877812147
Epoch 579 Relative Error 0.0018782148836180568
Epoch 580 Relative Error 0.0018825731240212917
Epoch 581 Relative Error 0.0018773393239825964
Epoch 582 Relative Error 0.0018662596121430397
Epoch 583 Relative Error 0.0018681833753362298
Epoch 584 Relative Error 0.0018656509928405285
Epoch 585 Relative Error 0.001863878220319748
Epoch 586 Relative Error 0.0018629480618983507
Epoch 587 Relative Error 0.0018578356830403209
Epoch 588 Relative Error 0.0018572299741208553
Epoch 589 Relative Error 0.0018540382152423263
Epoch 590 Relative Error 0.0018521961756050587
Epoch 591 Relative Error 0.0018516200361773372
Epoch 592 Relative Error 0.0018446361646056175
Epoch 593 Relative Error 0.0018472637748345733
Epoch 594 Relative Error 0.0018437315011397004
Epoch 595 Relative Error 0.0018439466366544366
Epoch 596 Relative Error 0.001839325181208551
Epoch 597 Relative Error 0.0018378400709480047
Epoch 598 Relative Error 0.0018320513190701604
Epoch 599 Relative Error 0.0018372868653386831
Epoch 600 Relative Error 0.0018299533985555172
Epoch 601 Relative Error 0.0018273291643708944
Epoch 602 Relative Error 0.0018352031474933028
Epoch 603 Relative Error 0.0018257745541632175
Epoch 604 Relative Error 0.0018253426533192396
Epoch 605 Relative Error 0.0018199775367975235
Epoch 606 Relative Error 0.0018317761132493615
Epoch 607 Relative Error 0.0018172285053879023
Epoch 608 Relative Error 0.0018288946012035012
Epoch 609 Relative Error 0.001826268038712442
Epoch 610 Relative Error 0.0018285803962498903
Epoch 611 Relative Error 0.0018176401499658823
Epoch 612 Relative Error 0.0018159662140533328
Epoch 613 Relative Error 0.0018090344965457916
Epoch 614 Relative Error 0.0018044590251520276
Epoch 615 Relative Error 0.001796571072191
Epoch 616 Relative Error 0.00179739436134696
Epoch 617 Relative Error 0.00180022360291332
Epoch 618 Relative Error 0.0017931475304067135
Epoch 619 Relative Error 0.001794706447981298
Epoch 620 Relative Error 0.001789794652722776
Epoch 621 Relative Error 0.001788322115316987
Epoch 622 Relative Error 0.0017860450316220522
Epoch 623 Relative Error 0.0017832001904025674
Epoch 624 Relative Error 0.0017828467534855008
Epoch 625 Relative Error 0.001780472113750875
Epoch 626 Relative Error 0.0017746376106515527
Epoch 627 Relative Error 0.001776382327079773
Epoch 628 Relative Error 0.0017795857274904847
Epoch 629 Relative Error 0.0017708936939015985
Epoch 630 Relative Error 0.0017769121332094073
Epoch 631 Relative Error 0.0017653206596150994
Epoch 632 Relative Error 0.0017772371647879481
Epoch 633 Relative Error 0.0017675051931291819
Epoch 634 Relative Error 0.0017613586969673634
Epoch 635 Relative Error 0.0017584566958248615
Epoch 636 Relative Error 0.001760096289217472
Epoch 637 Relative Error 0.001756584271788597
Epoch 638 Relative Error 0.0017527644522488117
Epoch 639 Relative Error 0.0017524806316941977
Epoch 640 Relative Error 0.0017489534802734852
Epoch 641 Relative Error 0.001750994473695755
Epoch 642 Relative Error 0.0017425623955205083
Epoch 643 Relative Error 0.0017404078971594572
Epoch 644 Relative Error 0.0017390594584867358
Epoch 645 Relative Error 0.0017411588924005628
Epoch 646 Relative Error 0.0017397241899743676
Epoch 647 Relative Error 0.0017350506968796253
Epoch 648 Relative Error 0.0017382038058713078
Epoch 649 Relative Error 0.001735433703288436
Epoch 650 Relative Error 0.0017342399805784225
Epoch 651 Relative Error 0.0017280696192756295
Epoch 652 Relative Error 0.0017400692449882627
Epoch 653 Relative Error 0.0017255700659006834
Epoch 654 Relative Error 0.0017363752704113722
Epoch 655 Relative Error 0.0017384447855874896
Epoch 656 Relative Error 0.0017290334217250347
Epoch 657 Relative Error 0.0017208557110279799
Epoch 658 Relative Error 0.0017396175535395741
Epoch 659 Relative Error 0.0017312808195129037
Epoch 660 Relative Error 0.0017206870252266526
Epoch 661 Relative Error 0.0017178816488012671
Epoch 662 Relative Error 0.0017149278428405523
Epoch 663 Relative Error 0.001715723192319274
Epoch 664 Relative Error 0.001702906098216772
Epoch 665 Relative Error 0.0017029804876074195
Epoch 666 Relative Error 0.0016986869741231203
Epoch 667 Relative Error 0.0016990278381854296
Epoch 668 Relative Error 0.0016971613513305783
Epoch 669 Relative Error 0.001701193512417376
Epoch 670 Relative Error 0.0016995595069602132
Epoch 671 Relative Error 0.0016914793523028493
Epoch 672 Relative Error 0.0016895332373678684
Epoch 673 Relative Error 0.0016885566292330623
Epoch 674 Relative Error 0.0016852058470249176
Epoch 675 Relative Error 0.0016854865243658423
Epoch 676 Relative Error 0.0016919199842959642
Epoch 677 Relative Error 0.0016861027106642723
Epoch 678 Relative Error 0.001686317496933043
Epoch 679 Relative Error 0.0016848250525072217
Epoch 680 Relative Error 0.001676064101047814
Epoch 681 Relative Error 0.0016812133835628629
Epoch 682 Relative Error 0.0016748124035075307
Epoch 683 Relative Error 0.0016752735245972872
Epoch 684 Relative Error 0.0016815614653751254
Epoch 685 Relative Error 0.0016760529251769185
Epoch 686 Relative Error 0.0016736820107325912
Epoch 687 Relative Error 0.0016683604335412383
Epoch 688 Relative Error 0.0016713818768039346
Epoch 689 Relative Error 0.0016652517952024937
Epoch 690 Relative Error 0.0016610641032457352
Epoch 691 Relative Error 0.0016588665312156081
Epoch 692 Relative Error 0.001656110631301999
Epoch 693 Relative Error 0.0016582640819251537
Epoch 694 Relative Error 0.001651932019740343
Epoch 695 Relative Error 0.0016494895098730922
Epoch 696 Relative Error 0.0016539281932637095
Epoch 697 Relative Error 0.0016495616873726249
Epoch 698 Relative Error 0.0016473861178383231
Epoch 699 Relative Error 0.001644361880607903
Epoch 700 Relative Error 0.0016484501538798213
Epoch 701 Relative Error 0.001662306603975594
Epoch 702 Relative Error 0.0016439909813925624
Epoch 703 Relative Error 0.0016404228517785668
Epoch 704 Relative Error 0.0016396286664530635
Epoch 705 Relative Error 0.0016338041750714183
Epoch 706 Relative Error 0.0016334349056705832
Epoch 707 Relative Error 0.0016320849535986781
Epoch 708 Relative Error 0.0016453205607831478
Epoch 709 Relative Error 0.0016444373177364469
Epoch 710 Relative Error 0.001629420556128025
Epoch 711 Relative Error 0.0016276309033855796
Epoch 712 Relative Error 0.0016299404669553041
Epoch 713 Relative Error 0.0016252042260020971
Epoch 714 Relative Error 0.0016265474259853363
Epoch 715 Relative Error 0.0016206707805395126
Epoch 716 Relative Error 0.0016194360796362162
Epoch 717 Relative Error 0.0016106634866446257
Epoch 718 Relative Error 0.0016154948389157653
Epoch 719 Relative Error 0.0016116687329486012
Epoch 720 Relative Error 0.0016078953631222248
Epoch 721 Relative Error 0.001607682672329247
Epoch 722 Relative Error 0.0016147992573678493
Epoch 723 Relative Error 0.0016042193165048957
Epoch 724 Relative Error 0.0015991070540621877
Epoch 725 Relative Error 0.0015981815522536635
Epoch 726 Relative Error 0.0015975235728546977
Epoch 727 Relative Error 0.0015970281092450023
Epoch 728 Relative Error 0.0016022208146750927
Epoch 729 Relative Error 0.0016008049715310335
Epoch 730 Relative Error 0.0015942432219162583
Epoch 731 Relative Error 0.0015933129470795393
Epoch 732 Relative Error 0.0015903112944215536
Epoch 733 Relative Error 0.0015891615767031908
Epoch 734 Relative Error 0.0015887778718024492
Epoch 735 Relative Error 0.0015875654062256217
Epoch 736 Relative Error 0.0015884414315223694
Epoch 737 Relative Error 0.0015861013671383262
Epoch 738 Relative Error 0.0015888391062617302
Epoch 739 Relative Error 0.0015842423308640718
Epoch 740 Relative Error 0.0015812709461897612
Epoch 741 Relative Error 0.001575930044054985
Epoch 742 Relative Error 0.0015879841521382332
Epoch 743 Relative Error 0.0015817293897271156
Epoch 744 Relative Error 0.0015742866089567542
Epoch 745 Relative Error 0.0015783350681886077
Epoch 746 Relative Error 0.0015758611261844635
Epoch 747 Relative Error 0.0015700365183874965
Epoch 748 Relative Error 0.0015782034024596214
Epoch 749 Relative Error 0.0015733703039586544
Epoch 750 Relative Error 0.0015660705976188183
Epoch 751 Relative Error 0.001565400161780417
Epoch 752 Relative Error 0.0015637421747669578
Epoch 753 Relative Error 0.0015601059421896935
Epoch 754 Relative Error 0.001559354946948588
Epoch 755 Relative Error 0.0015581720508635044
Epoch 756 Relative Error 0.0015540284803137183
Epoch 757 Relative Error 0.0015512489480897784
Epoch 758 Relative Error 0.0015507492935284972
Epoch 759 Relative Error 0.0015518045984208584
Epoch 760 Relative Error 0.0015467774355784059
Epoch 761 Relative Error 0.0015472876839339733
Epoch 762 Relative Error 0.0015477666165679693
Epoch 763 Relative Error 0.0015468187630176544
Epoch 764 Relative Error 0.001542518730275333
Epoch 765 Relative Error 0.0015409525949507952
Epoch 766 Relative Error 0.001538896351121366
Epoch 767 Relative Error 0.0015364133287221193
Epoch 768 Relative Error 0.0015402997378259897
Epoch 769 Relative Error 0.0015379248652607203
Epoch 770 Relative Error 0.0015351689653471112
Epoch 771 Relative Error 0.0015299994265660644
Epoch 772 Relative Error 0.0015308535657823086
Epoch 773 Relative Error 0.0015295353950932622
Epoch 774 Relative Error 0.0015351107576861978
Epoch 775 Relative Error 0.0015258821658790112
Epoch 776 Relative Error 0.0015362591948360205
Epoch 777 Relative Error 0.0015312522882595658
Epoch 778 Relative Error 0.0015236203325912356
Epoch 779 Relative Error 0.0015219335909932852
Epoch 780 Relative Error 0.0015213118167594075
Epoch 781 Relative Error 0.0015190058620646596
Epoch 782 Relative Error 0.0015166999073699117
Epoch 783 Relative Error 0.0015150054823607206
Epoch 784 Relative Error 0.001513127121143043
Epoch 785 Relative Error 0.0015144165372475982
Epoch 786 Relative Error 0.0015107017243281007
Epoch 787 Relative Error 0.0015078495489433408
Epoch 788 Relative Error 0.0015102759934961796
Epoch 789 Relative Error 0.001509523601271212
Epoch 790 Relative Error 0.0015066924970597029
Epoch 791 Relative Error 0.0015069579239934683
Epoch 792 Relative Error 0.0015042461454868317
Epoch 793 Relative Error 0.0015003152657300234
Epoch 794 Relative Error 0.0015028384514153004
Epoch 795 Relative Error 0.001504061627201736
Epoch 796 Relative Error 0.0015033514937385917
Epoch 797 Relative Error 0.0015045376494526863
Epoch 798 Relative Error 0.0015003739390522242
Epoch 799 Relative Error 0.0014974025543779135
Epoch 800 Relative Error 0.00149114103987813
Epoch 801 Relative Error 0.0014904378913342953
Epoch 802 Relative Error 0.0014906901633366942
Epoch 803 Relative Error 0.0014932819176465273
Epoch 804 Relative Error 0.001493922551162541
Epoch 805 Relative Error 0.0014885388081893325
Epoch 806 Relative Error 0.001482065999880433
Epoch 807 Relative Error 0.001486809691414237
Epoch 808 Relative Error 0.0014837724156677723
Epoch 809 Relative Error 0.0014829448191449046
Epoch 810 Relative Error 0.0014810614520683885
Epoch 811 Relative Error 0.0014768388355150819
Epoch 812 Relative Error 0.0014781435020267963
Epoch 813 Relative Error 0.0014740705955773592
Epoch 814 Relative Error 0.0014736452139914036
Epoch 815 Relative Error 0.0014770403504371643
Epoch 816 Relative Error 0.0014769920380786061
Epoch 817 Relative Error 0.0014768107794225216
Epoch 818 Relative Error 0.001479608123190701
Epoch 819 Relative Error 0.0014771894784644246
Epoch 820 Relative Error 0.0014734041178599
Epoch 821 Relative Error 0.0014733995776623487
Epoch 822 Relative Error 0.0014761253260076046
Epoch 823 Relative Error 0.0014820939395576715
Epoch 824 Relative Error 0.001473804353736341
Epoch 825 Relative Error 0.001466883346438408
Epoch 826 Relative Error 0.001461106352508068
Epoch 827 Relative Error 0.001457834616303444
Epoch 828 Relative Error 0.0014537059469148517
Epoch 829 Relative Error 0.0014551981585100293
Epoch 830 Relative Error 0.0014534902293235064
Epoch 831 Relative Error 0.0014500917168334126
Epoch 832 Relative Error 0.0014531024498865008
Epoch 833 Relative Error 0.0014500347897410393
Epoch 834 Relative Error 0.0014449346344918013
Epoch 835 Relative Error 0.001451369491405785
Epoch 836 Relative Error 0.001446111360564828
Epoch 837 Relative Error 0.0014424630207940936
Epoch 838 Relative Error 0.0014412273885682225
Epoch 839 Relative Error 0.0014426900306716561
Epoch 840 Relative Error 0.0014400143409147859
Epoch 841 Relative Error 0.001439173356629908
Epoch 842 Relative Error 0.0014426326379179955
Epoch 843 Relative Error 0.001438771840184927
Epoch 844 Relative Error 0.0014385100221261382
Epoch 845 Relative Error 0.0014325036900117993
Epoch 846 Relative Error 0.001431153272278607
Epoch 847 Relative Error 0.0014321854105219245
Epoch 848 Relative Error 0.001431413576938212
Epoch 849 Relative Error 0.0014330584090203047
Epoch 850 Relative Error 0.001439846120774746
Epoch 851 Relative Error 0.0014326036907732487
Epoch 852 Relative Error 0.001445509260520339
Epoch 853 Relative Error 0.0014363776426762342
Epoch 854 Relative Error 0.001427909592166543
Epoch 855 Relative Error 0.0014256344875320792
Epoch 856 Relative Error 0.0014288254315033555
Epoch 857 Relative Error 0.0014245598576962948
Epoch 858 Relative Error 0.0014203927712514997
Epoch 859 Relative Error 0.0014254607958719134
Epoch 860 Relative Error 0.0014236975694075227
Epoch 861 Relative Error 0.0014240265591070056
Epoch 862 Relative Error 0.0014139220584183931
Epoch 863 Relative Error 0.0014213555259630084
Epoch 864 Relative Error 0.0014190870570018888
Epoch 865 Relative Error 0.001415478764101863
Epoch 866 Relative Error 0.001408512587659061
Epoch 867 Relative Error 0.0014166372129693627
Epoch 868 Relative Error 0.0014125941088423133
Epoch 869 Relative Error 0.001402557361871004
Epoch 870 Relative Error 0.001403001369908452
Epoch 871 Relative Error 0.0014056910295039415
Epoch 872 Relative Error 0.001402087276801467
Epoch 873 Relative Error 0.0013991125160828233
Epoch 874 Relative Error 0.001398012158460915
Epoch 875 Relative Error 0.001398033811710775
Epoch 876 Relative Error 0.0013953163288533688
Epoch 877 Relative Error 0.0013952429872006178
Epoch 878 Relative Error 0.0013928778935223818
Epoch 879 Relative Error 0.0013973889872431755
Epoch 880 Relative Error 0.001393787795677781
Epoch 881 Relative Error 0.0013954428723081946
Epoch 882 Relative Error 0.0013921932550147176
Epoch 883 Relative Error 0.0013914279406890273
Epoch 884 Relative Error 0.0013925342354923487
Epoch 885 Relative Error 0.0013931551948189735
Epoch 886 Relative Error 0.0013872218551114202
Epoch 887 Relative Error 0.001390140620060265
Epoch 888 Relative Error 0.001383065478876233
Epoch 889 Relative Error 0.0013808865332975984
Epoch 890 Relative Error 0.0013828231021761894
Epoch 891 Relative Error 0.0013792465906590223
Epoch 892 Relative Error 0.0013774385442957282
Epoch 893 Relative Error 0.0013805601047351956
Epoch 894 Relative Error 0.0013747051125392318
Epoch 895 Relative Error 0.0013766009360551834
Epoch 896 Relative Error 0.0013771670637652278
Epoch 897 Relative Error 0.0013721210416406393
Epoch 898 Relative Error 0.0013695666566491127
Epoch 899 Relative Error 0.0013732454972341657
Epoch 900 Relative Error 0.0013711361680179834
Epoch 901 Relative Error 0.001372201251797378
Epoch 902 Relative Error 0.0013700273120775819
Epoch 903 Relative Error 0.0013679815456271172
Epoch 904 Relative Error 0.0013745382893830538
Epoch 905 Relative Error 0.0013635422801598907
Epoch 906 Relative Error 0.0013658973621204495
Epoch 907 Relative Error 0.001368011930026114
Epoch 908 Relative Error 0.0013646319275721908
Epoch 909 Relative Error 0.0013630726607516408
Epoch 910 Relative Error 0.0013654528884217143
Epoch 911 Relative Error 0.0013779345899820328
Epoch 912 Relative Error 0.0013769628712907434
Epoch 913 Relative Error 0.0013653830392286181
Epoch 914 Relative Error 0.001360411522909999
Epoch 915 Relative Error 0.001364917610771954
Epoch 916 Relative Error 0.0013610735768452287
Epoch 917 Relative Error 0.0013547140406444669
Epoch 918 Relative Error 0.0013787926873192191
Epoch 919 Relative Error 0.001361065311357379
Epoch 920 Relative Error 0.001355630811303854
Epoch 921 Relative Error 0.0013512285659089684
Epoch 922 Relative Error 0.0013581449165940285
Epoch 923 Relative Error 0.0013547309208661318
Epoch 924 Relative Error 0.0013608272420242429
Epoch 925 Relative Error 0.0013606910360977054
Epoch 926 Relative Error 0.001351088285446167
Epoch 927 Relative Error 0.001341455732472241
Epoch 928 Relative Error 0.0013584184926003218
Epoch 929 Relative Error 0.0013479616027325392
Epoch 930 Relative Error 0.0013491790741682053
Epoch 931 Relative Error 0.001346418634057045
Epoch 932 Relative Error 0.001339383888989687
Epoch 933 Relative Error 0.001340425806120038
Epoch 934 Relative Error 0.0013471409911289811
Epoch 935 Relative Error 0.0013376629212871194
Epoch 936 Relative Error 0.0013418481685221195
Epoch 937 Relative Error 0.0013413656270131469
Epoch 938 Relative Error 0.0013384729390963912
Epoch 939 Relative Error 0.001334901200607419
Epoch 940 Relative Error 0.0013319792924448848
Epoch 941 Relative Error 0.0013288077898323536
Epoch 942 Relative Error 0.0013327014166861773
Epoch 943 Relative Error 0.0013306138571351767
Epoch 944 Relative Error 0.0013257828541100025
Epoch 945 Relative Error 0.0013306763721629977
Epoch 946 Relative Error 0.0013288044137880206
Epoch 947 Relative Error 0.001328547252342105
Epoch 948 Relative Error 0.0013199931709095836
Epoch 949 Relative Error 0.0013205677969381213
Epoch 950 Relative Error 0.0013220784021541476
Epoch 951 Relative Error 0.0013171116588637233
Epoch 952 Relative Error 0.001321443822234869
Epoch 953 Relative Error 0.0013170520542189479
Epoch 954 Relative Error 0.0013123194221407175
Epoch 955 Relative Error 0.001313214423134923
Epoch 956 Relative Error 0.0013069852720946074
Epoch 957 Relative Error 0.0013109457213431597
Epoch 958 Relative Error 0.0013066178653389215
Epoch 959 Relative Error 0.0013060352066531777
Epoch 960 Relative Error 0.001304298173636198
Epoch 961 Relative Error 0.0013066851533949375
Epoch 962 Relative Error 0.0013049979461356997
Epoch 963 Relative Error 0.001304181874729693
Epoch 964 Relative Error 0.0013040532357990742
Epoch 965 Relative Error 0.0013041503261774778
Epoch 966 Relative Error 0.001304072211496532
Epoch 967 Relative Error 0.0013016695156693459
Epoch 968 Relative Error 0.0013037584722042084
Epoch 969 Relative Error 0.0012978106969967484
Epoch 970 Relative Error 0.0012999698519706726
Epoch 971 Relative Error 0.0012945698108524084
Epoch 972 Relative Error 0.0012952408287674189
Epoch 973 Relative Error 0.0012983919586986303
Epoch 974 Relative Error 0.001293456880375743
Epoch 975 Relative Error 0.0012918835273012519
Epoch 976 Relative Error 0.0012914208928123116
Epoch 977 Relative Error 0.0012936999555677176
Epoch 978 Relative Error 0.001294434885494411
Epoch 979 Relative Error 0.0012885573087260127
Epoch 980 Relative Error 0.001288558472879231
Epoch 981 Relative Error 0.001289354870095849
Epoch 982 Relative Error 0.0012856221292167902
Epoch 983 Relative Error 0.0012857136316597462
Epoch 984 Relative Error 0.0012843653094023466
Epoch 985 Relative Error 0.0012840568087995052
Epoch 986 Relative Error 0.001282843411900103
Epoch 987 Relative Error 0.0012867453042417765
Epoch 988 Relative Error 0.001285898732021451
Epoch 989 Relative Error 0.0012818471295759082
Epoch 990 Relative Error 0.0012783183483406901
Epoch 991 Relative Error 0.0012808507308363914
Epoch 992 Relative Error 0.0012770883040502667
Epoch 993 Relative Error 0.0012841514544561505
Epoch 994 Relative Error 0.001292304485104978
Epoch 995 Relative Error 0.0012847568141296506
Epoch 996 Relative Error 0.001281656906940043
Epoch 997 Relative Error 0.0012795644579455256
Epoch 998 Relative Error 0.001271961722522974
Epoch 999 Relative Error 0.001276026596315205
Epoch 1000 Relative Error 0.0012885197065770626
RE (2, 9, 11, 0): 0.001271961722522974
Green's Function RE (2, 9, 11, 0): 0.008719712495803833
Bias Term RE (2, 9, 11, 0): 0.003088820492848754
Combination (2, 9, 11, 0, 0): 0.0012885205214843154
Combination (2, 9, 11, 0, 1): 0.0014261454343795776
Combination (2, 9, 11, 0, 2): 0.0013963248347863555
Combination (2, 9, 11, 0, 3): 0.0013732955558225513
Combination (2, 9, 11, 0, 4): 0.001367904944345355

/home/gridsan/gstepaniants/.local/lib/python3.8/site-packages/torch/functional.py:478: UserWarning: torch.meshgrid: in an upcoming release, it will be required to pass the indexing argument. (Triggered internally at  ../aten/src/ATen/native/TensorShape.cpp:2895.)
  return _VF.meshgrid(tensors, **kwargs)  # type: ignore[attr-defined]
