[KeOps] Warning : Cuda libraries were not detected on the system ; using cpu only mode
1
Kernel: Matern5/2
Weight Mesh: 100
RKHS Kernel Width: 0.9
Lambda: 1e-06
Green's Function Learning Rate: 100
Bias Term Learning Rate: 100
Epoch 1 Relative Error 68026.046875
First epoch had re = 68026.046875 > 1
Green's Function Learning Rate: 50
Bias Term Learning Rate: 50
Epoch 1 Relative Error 35395.69140625
First epoch had re = 35395.69140625 > 1
Green's Function Learning Rate: 10
Bias Term Learning Rate: 10
Epoch 1 Relative Error 6813.78564453125
First epoch had re = 6813.78564453125 > 1
Green's Function Learning Rate: 5
Bias Term Learning Rate: 5
Epoch 1 Relative Error 3690.5517578125
First epoch had re = 3690.5517578125 > 1
Green's Function Learning Rate: 1
Bias Term Learning Rate: 1
Epoch 1 Relative Error 917.0164184570312
First epoch had re = 917.0164184570312 > 1
Green's Function Learning Rate: 0.5
Bias Term Learning Rate: 0.5
Epoch 1 Relative Error 382.2354736328125
First epoch had re = 382.2354736328125 > 1
Green's Function Learning Rate: 0.1
Bias Term Learning Rate: 0.1
Epoch 1 Relative Error 72.8108901977539
First epoch had re = 72.8108901977539 > 1
Green's Function Learning Rate: 0.05
Bias Term Learning Rate: 0.05
Epoch 1 Relative Error 29.639270782470703
First epoch had re = 29.639270782470703 > 1
Green's Function Learning Rate: 0.01
Bias Term Learning Rate: 0.01
Epoch 1 Relative Error 6.896143436431885
First epoch had re = 6.896143436431885 > 1
Green's Function Learning Rate: 0.005
Bias Term Learning Rate: 0.005
Epoch 1 Relative Error 2.0807442665100098
First epoch had re = 2.0807442665100098 > 1
Green's Function Learning Rate: 0.001
Bias Term Learning Rate: 0.001
Epoch 1 Relative Error 0.7752265930175781
Epoch 2 Relative Error 0.905438244342804
Epoch 3 Relative Error 0.7785176634788513
Epoch 4 Relative Error 0.8628801703453064
Epoch 5 Relative Error 0.7935951352119446
Epoch 6 Relative Error 0.8214828968048096
Epoch 7 Relative Error 0.7962344884872437
Epoch 8 Relative Error 0.833371102809906
Epoch 9 Relative Error 0.7862165570259094
Epoch 10 Relative Error 0.8034242987632751
Epoch 11 Relative Error 0.7814905643463135
Epoch 12 Relative Error 0.8058774471282959
Epoch 13 Relative Error 0.7795496582984924
Epoch 14 Relative Error 0.7681831121444702
Epoch 15 Relative Error 0.78000408411026
Epoch 16 Relative Error 0.7860969305038452
Epoch 17 Relative Error 0.7610543370246887
Epoch 18 Relative Error 0.7728936672210693
Epoch 19 Relative Error 0.7899808287620544
Epoch 20 Relative Error 0.7557557225227356
Epoch 21 Relative Error 0.7663350105285645
Epoch 22 Relative Error 0.782471776008606
Epoch 23 Relative Error 0.7279269099235535
Epoch 24 Relative Error 0.7335349321365356
Epoch 25 Relative Error 0.770062267780304
Epoch 26 Relative Error 0.7382107377052307
Epoch 27 Relative Error 0.735776424407959
Epoch 28 Relative Error 0.7750977277755737
Epoch 29 Relative Error 0.7519081234931946
Epoch 30 Relative Error 0.7352293133735657
Epoch 31 Relative Error 0.7136693000793457
Epoch 32 Relative Error 0.6974400877952576
Epoch 33 Relative Error 0.7270486354827881
Epoch 34 Relative Error 0.7369470596313477
Epoch 35 Relative Error 0.7143062353134155
Epoch 36 Relative Error 0.7261605858802795
Epoch 37 Relative Error 0.7053364515304565
Epoch 38 Relative Error 0.7159069180488586
Epoch 39 Relative Error 0.7003636956214905
Epoch 40 Relative Error 0.7165856957435608
Epoch 41 Relative Error 0.7135647535324097
Epoch 42 Relative Error 0.6786440014839172
Epoch 43 Relative Error 0.7021530866622925
Epoch 44 Relative Error 0.7020789384841919
Epoch 45 Relative Error 0.7198922038078308
Epoch 46 Relative Error 0.6778098344802856
Epoch 47 Relative Error 0.6599986553192139
Epoch 48 Relative Error 0.6614798307418823
Epoch 49 Relative Error 0.6576380133628845
Epoch 50 Relative Error 0.6958788633346558
Epoch 51 Relative Error 0.7165348529815674
Epoch 52 Relative Error 0.6772278547286987
Epoch 53 Relative Error 0.6418353319168091
Epoch 54 Relative Error 0.6449542045593262
Epoch 55 Relative Error 0.6698853969573975
Epoch 56 Relative Error 0.6728455424308777
Epoch 57 Relative Error 0.6606362462043762
Epoch 58 Relative Error 0.7091177105903625
Epoch 59 Relative Error 0.6522039175033569
Epoch 60 Relative Error 0.6271156668663025
Epoch 61 Relative Error 0.6510047912597656
Epoch 62 Relative Error 0.6412925124168396
Epoch 63 Relative Error 0.6371267437934875
Epoch 64 Relative Error 0.6422761082649231
Epoch 65 Relative Error 0.62186598777771
Epoch 66 Relative Error 0.6341423392295837
Epoch 67 Relative Error 0.6311588883399963
Epoch 68 Relative Error 0.6665573716163635
Epoch 69 Relative Error 0.7038652896881104
Epoch 70 Relative Error 0.7454555630683899
Epoch 71 Relative Error 0.6568260192871094
Epoch 72 Relative Error 0.6038934588432312
Epoch 73 Relative Error 0.6126207113265991
Epoch 74 Relative Error 0.6235346794128418
Epoch 75 Relative Error 0.6383607983589172
Epoch 76 Relative Error 0.6294972896575928
Epoch 77 Relative Error 0.6139006614685059
Epoch 78 Relative Error 0.6321122050285339
Epoch 79 Relative Error 0.6167497634887695
Epoch 80 Relative Error 0.6073707342147827
Epoch 81 Relative Error 0.6101411581039429
Epoch 82 Relative Error 0.6015002131462097
Epoch 83 Relative Error 0.6115412712097168
Epoch 84 Relative Error 0.6024781465530396
Epoch 85 Relative Error 0.5947425365447998
Epoch 86 Relative Error 0.6130348443984985
Epoch 87 Relative Error 0.6004844307899475
Epoch 88 Relative Error 0.5989060401916504
Epoch 89 Relative Error 0.6032608151435852
Epoch 90 Relative Error 0.6246509552001953
Epoch 91 Relative Error 0.6185965538024902
Epoch 92 Relative Error 0.6055316925048828
Epoch 93 Relative Error 0.5851321220397949
Epoch 94 Relative Error 0.583656370639801
Epoch 95 Relative Error 0.5913698077201843
Epoch 96 Relative Error 0.5884795188903809
Epoch 97 Relative Error 0.5811437964439392
Epoch 98 Relative Error 0.580118715763092
Epoch 99 Relative Error 0.5873413681983948
Epoch 100 Relative Error 0.5979511141777039
Epoch 101 Relative Error 0.6018158793449402
Epoch 102 Relative Error 0.6354851722717285
Epoch 103 Relative Error 0.6154450178146362
Epoch 104 Relative Error 0.5835695266723633
Epoch 105 Relative Error 0.5728085041046143
Epoch 106 Relative Error 0.5663148164749146
Epoch 107 Relative Error 0.5690656304359436
Epoch 108 Relative Error 0.5690514445304871
Epoch 109 Relative Error 0.564991295337677
Epoch 110 Relative Error 0.5594622492790222
Epoch 111 Relative Error 0.556409478187561
Epoch 112 Relative Error 0.5525310635566711
Epoch 113 Relative Error 0.5586798787117004
Epoch 114 Relative Error 0.5571531057357788
Epoch 115 Relative Error 0.5702929496765137
Epoch 116 Relative Error 0.5578018426895142
Epoch 117 Relative Error 0.5514529943466187
Epoch 118 Relative Error 0.5658406019210815
Epoch 119 Relative Error 0.5750675797462463
Epoch 120 Relative Error 0.5664321780204773
Epoch 121 Relative Error 0.5617380738258362
Epoch 122 Relative Error 0.5470992922782898
Epoch 123 Relative Error 0.555912435054779
Epoch 124 Relative Error 0.5648268461227417
Epoch 125 Relative Error 0.5664123296737671
Epoch 126 Relative Error 0.5738887190818787
Epoch 127 Relative Error 0.5691620707511902
Epoch 128 Relative Error 0.5580927729606628
Epoch 129 Relative Error 0.5632855892181396
Epoch 130 Relative Error 0.553524374961853
Epoch 131 Relative Error 0.5522925853729248
Epoch 132 Relative Error 0.5716526508331299
Epoch 133 Relative Error 0.5688796639442444
Epoch 134 Relative Error 0.5698050856590271
Epoch 135 Relative Error 0.5600295662879944
Epoch 136 Relative Error 0.5552012324333191
Epoch 137 Relative Error 0.5447307229042053
Epoch 138 Relative Error 0.5387557148933411
Epoch 139 Relative Error 0.5316253900527954
Epoch 140 Relative Error 0.5328024625778198
Epoch 141 Relative Error 0.5309317708015442
Epoch 142 Relative Error 0.5229625105857849
Epoch 143 Relative Error 0.533291220664978
Epoch 144 Relative Error 0.5231506824493408
Epoch 145 Relative Error 0.5278042554855347
Epoch 146 Relative Error 0.5397193431854248
Epoch 147 Relative Error 0.5335232615470886
Epoch 148 Relative Error 0.5375682711601257
Epoch 149 Relative Error 0.5399852395057678
Epoch 150 Relative Error 0.5290945172309875
Epoch 151 Relative Error 0.5307796597480774
Epoch 152 Relative Error 0.5155404210090637
Epoch 153 Relative Error 0.5209572315216064
Epoch 154 Relative Error 0.5139847993850708
Epoch 155 Relative Error 0.5127649903297424
Epoch 156 Relative Error 0.5075981020927429
Epoch 157 Relative Error 0.5059126019477844
Epoch 158 Relative Error 0.5063109993934631
Epoch 159 Relative Error 0.5141982436180115
Epoch 160 Relative Error 0.5254319310188293
Epoch 161 Relative Error 0.5130367279052734
Epoch 162 Relative Error 0.5106518864631653
Epoch 163 Relative Error 0.5163792371749878
Epoch 164 Relative Error 0.5144680142402649
Epoch 165 Relative Error 0.5116148591041565
Epoch 166 Relative Error 0.5045409202575684
Epoch 167 Relative Error 0.5050578117370605
Epoch 168 Relative Error 0.5066346526145935
Epoch 169 Relative Error 0.508168637752533
Epoch 170 Relative Error 0.5037740468978882
Epoch 171 Relative Error 0.5099267959594727
Epoch 172 Relative Error 0.5212550163269043
Epoch 173 Relative Error 0.5275408029556274
Epoch 174 Relative Error 0.5336259603500366
Epoch 175 Relative Error 0.5428773164749146
Epoch 176 Relative Error 0.5192774534225464
Epoch 177 Relative Error 0.5226160287857056
Epoch 178 Relative Error 0.5178184509277344
Epoch 179 Relative Error 0.5076568126678467
Epoch 180 Relative Error 0.5036572217941284
Epoch 181 Relative Error 0.503838837146759
Epoch 182 Relative Error 0.5103000998497009
Epoch 183 Relative Error 0.5061943531036377
Epoch 184 Relative Error 0.5076953172683716
Epoch 185 Relative Error 0.5071001052856445
Epoch 186 Relative Error 0.5062530636787415
Epoch 187 Relative Error 0.5073286294937134
Epoch 188 Relative Error 0.5056262016296387
Epoch 189 Relative Error 0.5052009224891663
Epoch 190 Relative Error 0.5105470418930054
Epoch 191 Relative Error 0.5051568150520325
Epoch 192 Relative Error 0.5095410943031311
Epoch 193 Relative Error 0.5117948055267334
Epoch 194 Relative Error 0.5147448778152466
Epoch 195 Relative Error 0.5023470520973206
Epoch 196 Relative Error 0.4942346513271332
Epoch 197 Relative Error 0.4921085834503174
Epoch 198 Relative Error 0.49282824993133545
Epoch 199 Relative Error 0.4937075674533844
Epoch 200 Relative Error 0.49549537897109985
Epoch 201 Relative Error 0.4953433573246002
Epoch 202 Relative Error 0.49485188722610474
Epoch 203 Relative Error 0.49066561460494995
Epoch 204 Relative Error 0.4899129569530487
Epoch 205 Relative Error 0.4885178804397583
Epoch 206 Relative Error 0.491155743598938
Epoch 207 Relative Error 0.4883325397968292
Epoch 208 Relative Error 0.4981643259525299
Epoch 209 Relative Error 0.4964020848274231
Epoch 210 Relative Error 0.49534621834754944
Epoch 211 Relative Error 0.4974660873413086
Epoch 212 Relative Error 0.5033121109008789
Epoch 213 Relative Error 0.4932338297367096
Epoch 214 Relative Error 0.4902647137641907
Epoch 215 Relative Error 0.4883441925048828
Epoch 216 Relative Error 0.485925555229187
Epoch 217 Relative Error 0.48754194378852844
Epoch 218 Relative Error 0.4896616041660309
Epoch 219 Relative Error 0.49705207347869873
Epoch 220 Relative Error 0.5080789923667908
Epoch 221 Relative Error 0.5138781070709229
Epoch 222 Relative Error 0.5007365345954895
Epoch 223 Relative Error 0.4967409372329712
Epoch 224 Relative Error 0.48661360144615173
Epoch 225 Relative Error 0.4877677261829376
Epoch 226 Relative Error 0.48445308208465576
Epoch 227 Relative Error 0.48458051681518555
Epoch 228 Relative Error 0.48732924461364746
Epoch 229 Relative Error 0.48858922719955444
Epoch 230 Relative Error 0.4911808371543884
Epoch 231 Relative Error 0.4891231954097748
Epoch 232 Relative Error 0.4891636371612549
Epoch 233 Relative Error 0.4855958819389343
Epoch 234 Relative Error 0.48683613538742065
Epoch 235 Relative Error 0.491013765335083
Epoch 236 Relative Error 0.4913877546787262
Epoch 237 Relative Error 0.49224919080734253
Epoch 238 Relative Error 0.4945791959762573
Epoch 239 Relative Error 0.5019485354423523
Epoch 240 Relative Error 0.4933648109436035
Epoch 241 Relative Error 0.4833468198776245
Epoch 242 Relative Error 0.4813871681690216
Epoch 243 Relative Error 0.4827295243740082
Epoch 244 Relative Error 0.48727214336395264
Epoch 245 Relative Error 0.4847334027290344
Epoch 246 Relative Error 0.48559489846229553
Epoch 247 Relative Error 0.48379355669021606
Epoch 248 Relative Error 0.4831092953681946
Epoch 249 Relative Error 0.48335257172584534
Epoch 250 Relative Error 0.48574942350387573
Epoch 251 Relative Error 0.4849957525730133
Epoch 252 Relative Error 0.4899935722351074
Epoch 253 Relative Error 0.48678499460220337
Epoch 254 Relative Error 0.4871777594089508
Epoch 255 Relative Error 0.4853918254375458
Epoch 256 Relative Error 0.48398280143737793
Epoch 257 Relative Error 0.480672150850296
Epoch 258 Relative Error 0.4808157682418823
Epoch 259 Relative Error 0.4800122082233429
Epoch 260 Relative Error 0.4857165515422821
Epoch 261 Relative Error 0.48906242847442627
Epoch 262 Relative Error 0.48325449228286743
Epoch 263 Relative Error 0.48569348454475403
Epoch 264 Relative Error 0.48341700434684753
Epoch 265 Relative Error 0.48442551493644714
Epoch 266 Relative Error 0.4812160134315491
Epoch 267 Relative Error 0.47839590907096863
Epoch 268 Relative Error 0.4784638583660126
Epoch 269 Relative Error 0.4802740514278412
Epoch 270 Relative Error 0.48078036308288574
Epoch 271 Relative Error 0.4818457067012787
Epoch 272 Relative Error 0.48173588514328003
Epoch 273 Relative Error 0.4805297553539276
Epoch 274 Relative Error 0.48179030418395996
Epoch 275 Relative Error 0.47894811630249023
Epoch 276 Relative Error 0.4785464107990265
Epoch 277 Relative Error 0.4775778353214264
Epoch 278 Relative Error 0.4775907099246979
Epoch 279 Relative Error 0.4795161187648773
Epoch 280 Relative Error 0.48146817088127136
Epoch 281 Relative Error 0.4793180823326111
Epoch 282 Relative Error 0.4808645248413086
Epoch 283 Relative Error 0.48331788182258606
Epoch 284 Relative Error 0.4847384989261627
Epoch 285 Relative Error 0.47992008924484253
Epoch 286 Relative Error 0.47924256324768066
Epoch 287 Relative Error 0.4779045879840851
Epoch 288 Relative Error 0.4777030348777771
Epoch 289 Relative Error 0.4773590564727783
Epoch 290 Relative Error 0.4796184003353119
Epoch 291 Relative Error 0.4808187782764435
Epoch 292 Relative Error 0.4835038483142853
Epoch 293 Relative Error 0.48331505060195923
Epoch 294 Relative Error 0.4791794419288635
Epoch 295 Relative Error 0.47781819105148315
Epoch 296 Relative Error 0.4772360920906067
Epoch 297 Relative Error 0.4774615466594696
Epoch 298 Relative Error 0.477340430021286
Epoch 299 Relative Error 0.47906792163848877
Epoch 300 Relative Error 0.48161739110946655
Epoch 301 Relative Error 0.4819183647632599
Epoch 302 Relative Error 0.4802209138870239
Epoch 303 Relative Error 0.47773849964141846
Epoch 304 Relative Error 0.47895196080207825
Epoch 305 Relative Error 0.47794613242149353
Epoch 306 Relative Error 0.47611671686172485
Epoch 307 Relative Error 0.4757758677005768
Epoch 308 Relative Error 0.4768407642841339
Epoch 309 Relative Error 0.4794691801071167
Epoch 310 Relative Error 0.4805886745452881
Epoch 311 Relative Error 0.47810715436935425
Epoch 312 Relative Error 0.47658392786979675
Epoch 313 Relative Error 0.4769642949104309
Epoch 314 Relative Error 0.47657015919685364
Epoch 315 Relative Error 0.4780392348766327
Epoch 316 Relative Error 0.4764242470264435
Epoch 317 Relative Error 0.47730132937431335
Epoch 318 Relative Error 0.4788007140159607
Epoch 319 Relative Error 0.48186570405960083
Epoch 320 Relative Error 0.4776194095611572
Epoch 321 Relative Error 0.47570931911468506
Epoch 322 Relative Error 0.475618839263916
Epoch 323 Relative Error 0.4761151671409607
Epoch 324 Relative Error 0.4771743416786194
Epoch 325 Relative Error 0.4791114032268524
Epoch 326 Relative Error 0.4791945517063141
Epoch 327 Relative Error 0.47691065073013306
Epoch 328 Relative Error 0.4761003255844116
Epoch 329 Relative Error 0.47612324357032776
Epoch 330 Relative Error 0.47894278168678284
Epoch 331 Relative Error 0.4844497740268707
Epoch 332 Relative Error 0.4819927215576172
Epoch 333 Relative Error 0.47633326053619385
Epoch 334 Relative Error 0.4753291606903076
Epoch 335 Relative Error 0.4749438464641571
Epoch 336 Relative Error 0.47557544708251953
Epoch 337 Relative Error 0.47671958804130554
Epoch 338 Relative Error 0.4775806665420532
Epoch 339 Relative Error 0.4796461760997772
Epoch 340 Relative Error 0.4788784682750702
Epoch 341 Relative Error 0.47841259837150574
Epoch 342 Relative Error 0.4770425260066986
Epoch 343 Relative Error 0.47793757915496826
Epoch 344 Relative Error 0.47662556171417236
Epoch 345 Relative Error 0.47602561116218567
Epoch 346 Relative Error 0.4750111997127533
Epoch 347 Relative Error 0.4749686121940613
Epoch 348 Relative Error 0.4757217764854431
Epoch 349 Relative Error 0.4772149324417114
Epoch 350 Relative Error 0.47615599632263184
Epoch 351 Relative Error 0.47531184554100037
Epoch 352 Relative Error 0.47477665543556213
Epoch 353 Relative Error 0.4749331772327423
Epoch 354 Relative Error 0.47517505288124084
Epoch 355 Relative Error 0.47801652550697327
Epoch 356 Relative Error 0.4778292775154114
Epoch 357 Relative Error 0.4770127534866333
Epoch 358 Relative Error 0.4753122627735138
Epoch 359 Relative Error 0.47519198060035706
Epoch 360 Relative Error 0.4749639332294464
Epoch 361 Relative Error 0.4745507836341858
Epoch 362 Relative Error 0.4759052097797394
Epoch 363 Relative Error 0.4771118462085724
Epoch 364 Relative Error 0.47565844655036926
Epoch 365 Relative Error 0.47511380910873413
Epoch 366 Relative Error 0.4750318229198456
Epoch 367 Relative Error 0.4747272729873657
Epoch 368 Relative Error 0.4751485586166382
Epoch 369 Relative Error 0.47659438848495483
Epoch 370 Relative Error 0.4763874113559723
Epoch 371 Relative Error 0.47491559386253357
Epoch 372 Relative Error 0.4743805527687073
Epoch 373 Relative Error 0.47450605034828186
Epoch 374 Relative Error 0.4751488268375397
Epoch 375 Relative Error 0.475572794675827
Epoch 376 Relative Error 0.476565420627594
Epoch 377 Relative Error 0.4767646789550781
Epoch 378 Relative Error 0.4761762320995331
Epoch 379 Relative Error 0.47497788071632385
Epoch 380 Relative Error 0.4747351109981537
Epoch 381 Relative Error 0.475522518157959
Epoch 382 Relative Error 0.4749591648578644
Epoch 383 Relative Error 0.4753176271915436
Epoch 384 Relative Error 0.4747071862220764
Epoch 385 Relative Error 0.47484490275382996
Epoch 386 Relative Error 0.47436976432800293
Epoch 387 Relative Error 0.4745316803455353
Epoch 388 Relative Error 0.47496938705444336
Epoch 389 Relative Error 0.4749581217765808
Epoch 390 Relative Error 0.47511065006256104
Epoch 391 Relative Error 0.4749453663825989
Epoch 392 Relative Error 0.4745897650718689
Epoch 393 Relative Error 0.47490864992141724
Epoch 394 Relative Error 0.47520408034324646
Epoch 395 Relative Error 0.4743632972240448
Epoch 396 Relative Error 0.4742070734500885
Epoch 397 Relative Error 0.47433334589004517
Epoch 398 Relative Error 0.47530215978622437
Epoch 399 Relative Error 0.47562918066978455
Epoch 400 Relative Error 0.4743843674659729
Epoch 401 Relative Error 0.4744148552417755
Epoch 402 Relative Error 0.47460922598838806
Epoch 403 Relative Error 0.47493138909339905
Epoch 404 Relative Error 0.47473981976509094
Epoch 405 Relative Error 0.4748384356498718
Epoch 406 Relative Error 0.4743870198726654
Epoch 407 Relative Error 0.47415152192115784
Epoch 408 Relative Error 0.47423407435417175
Epoch 409 Relative Error 0.4745710492134094
Epoch 410 Relative Error 0.4751848578453064
Epoch 411 Relative Error 0.4763464629650116
Epoch 412 Relative Error 0.47408342361450195
Epoch 413 Relative Error 0.47415396571159363
Epoch 414 Relative Error 0.47395262122154236
Epoch 415 Relative Error 0.474882572889328
Epoch 416 Relative Error 0.47629183530807495
Epoch 417 Relative Error 0.47517362236976624
Epoch 418 Relative Error 0.47420844435691833
Epoch 419 Relative Error 0.4741760492324829
Epoch 420 Relative Error 0.47408366203308105
Epoch 421 Relative Error 0.4743257761001587
Epoch 422 Relative Error 0.47533896565437317
Epoch 423 Relative Error 0.4754253625869751
Epoch 424 Relative Error 0.47534748911857605
Epoch 425 Relative Error 0.4741819500923157
Epoch 426 Relative Error 0.47436219453811646
Epoch 427 Relative Error 0.4741794168949127
Epoch 428 Relative Error 0.47436386346817017
Epoch 429 Relative Error 0.47388696670532227
Epoch 430 Relative Error 0.4741813838481903
Epoch 431 Relative Error 0.4741400182247162
Epoch 432 Relative Error 0.4743627607822418
Epoch 433 Relative Error 0.4743155539035797
Epoch 434 Relative Error 0.4741964340209961
Epoch 435 Relative Error 0.47382718324661255
Epoch 436 Relative Error 0.47376468777656555
Epoch 437 Relative Error 0.4737841784954071
Epoch 438 Relative Error 0.47457414865493774
Epoch 439 Relative Error 0.4745931029319763
Epoch 440 Relative Error 0.4738095998764038
Epoch 441 Relative Error 0.4737943410873413
Epoch 442 Relative Error 0.47371339797973633
Epoch 443 Relative Error 0.47406792640686035
Epoch 444 Relative Error 0.4743947684764862
Epoch 445 Relative Error 0.4746342897415161
Epoch 446 Relative Error 0.47433218359947205
Epoch 447 Relative Error 0.4738333523273468
Epoch 448 Relative Error 0.4736901521682739
Epoch 449 Relative Error 0.47390955686569214
Epoch 450 Relative Error 0.47426679730415344
Epoch 451 Relative Error 0.4740685820579529
Epoch 452 Relative Error 0.47405245900154114
Epoch 453 Relative Error 0.4741869270801544
Epoch 454 Relative Error 0.4737832546234131
Epoch 455 Relative Error 0.47368454933166504
Epoch 456 Relative Error 0.47405654191970825
Epoch 457 Relative Error 0.47408413887023926
Epoch 458 Relative Error 0.4739314615726471
Epoch 459 Relative Error 0.4742365777492523
Epoch 460 Relative Error 0.4738466441631317
Epoch 461 Relative Error 0.4737069606781006
Epoch 462 Relative Error 0.4736664891242981
Epoch 463 Relative Error 0.47367945313453674
Epoch 464 Relative Error 0.4742019474506378
Epoch 465 Relative Error 0.47490501403808594
Epoch 466 Relative Error 0.4743157923221588
Epoch 467 Relative Error 0.47400182485580444
Epoch 468 Relative Error 0.4735855162143707
Epoch 469 Relative Error 0.473566472530365
Epoch 470 Relative Error 0.4735445976257324
Epoch 471 Relative Error 0.47351688146591187
Epoch 472 Relative Error 0.47400519251823425
Epoch 473 Relative Error 0.47399649024009705
Epoch 474 Relative Error 0.47405657172203064
Epoch 475 Relative Error 0.47375157475471497
Epoch 476 Relative Error 0.4735170900821686
Epoch 477 Relative Error 0.47363367676734924
Epoch 478 Relative Error 0.4736121594905853
Epoch 479 Relative Error 0.4736224114894867
Epoch 480 Relative Error 0.47377803921699524
Epoch 481 Relative Error 0.47346383333206177
Epoch 482 Relative Error 0.4734378755092621
Epoch 483 Relative Error 0.47342580556869507
Epoch 484 Relative Error 0.47380387783050537
Epoch 485 Relative Error 0.47388121485710144
Epoch 486 Relative Error 0.47359344363212585
Epoch 487 Relative Error 0.47373971343040466
Epoch 488 Relative Error 0.4734496474266052
Epoch 489 Relative Error 0.473738431930542
Epoch 490 Relative Error 0.47339797019958496
Epoch 491 Relative Error 0.47354423999786377
Epoch 492 Relative Error 0.4734749495983124
Epoch 493 Relative Error 0.4736298620700836
Epoch 494 Relative Error 0.47382229566574097
Epoch 495 Relative Error 0.4736248850822449
Epoch 496 Relative Error 0.4733467698097229
Epoch 497 Relative Error 0.47336310148239136
Epoch 498 Relative Error 0.47342416644096375
Epoch 499 Relative Error 0.4733525514602661
Epoch 500 Relative Error 0.4736943244934082
Epoch 501 Relative Error 0.4737164378166199
Epoch 502 Relative Error 0.47333768010139465
Epoch 503 Relative Error 0.4734193682670593
Epoch 504 Relative Error 0.4733111560344696
Epoch 505 Relative Error 0.47433730959892273
Epoch 506 Relative Error 0.47345709800720215
Epoch 507 Relative Error 0.4732506275177002
Epoch 508 Relative Error 0.47321438789367676
Epoch 509 Relative Error 0.473355770111084
Epoch 510 Relative Error 0.4733129143714905
Epoch 511 Relative Error 0.47318512201309204
Epoch 512 Relative Error 0.4731816351413727
Epoch 513 Relative Error 0.47323837876319885
Epoch 514 Relative Error 0.4732832908630371
Epoch 515 Relative Error 0.4735090136528015
Epoch 516 Relative Error 0.4731366038322449
Epoch 517 Relative Error 0.47337260842323303
Epoch 518 Relative Error 0.4735059142112732
Epoch 519 Relative Error 0.4737670421600342
Epoch 520 Relative Error 0.4733889400959015
Epoch 521 Relative Error 0.4731283485889435
Epoch 522 Relative Error 0.47319039702415466
Epoch 523 Relative Error 0.4731523394584656
Epoch 524 Relative Error 0.47321683168411255
Epoch 525 Relative Error 0.4736081063747406
Epoch 526 Relative Error 0.473062664270401
Epoch 527 Relative Error 0.4730244576931
Epoch 528 Relative Error 0.4733071029186249
Epoch 529 Relative Error 0.4733082056045532
Epoch 530 Relative Error 0.47313421964645386
Epoch 531 Relative Error 0.47308671474456787
Epoch 532 Relative Error 0.47308462858200073
Epoch 533 Relative Error 0.47339051961898804
Epoch 534 Relative Error 0.47367367148399353
Epoch 535 Relative Error 0.47309863567352295
Epoch 536 Relative Error 0.47299137711524963
Epoch 537 Relative Error 0.47304531931877136
Epoch 538 Relative Error 0.4733046889305115
Epoch 539 Relative Error 0.4734223186969757
Epoch 540 Relative Error 0.47295916080474854
Epoch 541 Relative Error 0.47293972969055176
Epoch 542 Relative Error 0.4729495644569397
Epoch 543 Relative Error 0.4729803204536438
Epoch 544 Relative Error 0.4729975461959839
Epoch 545 Relative Error 0.47303506731987
Epoch 546 Relative Error 0.4729347825050354
Epoch 547 Relative Error 0.472978413105011
Epoch 548 Relative Error 0.47290903329849243
Epoch 549 Relative Error 0.47294044494628906
Epoch 550 Relative Error 0.4728996753692627
Epoch 551 Relative Error 0.4728768765926361
Epoch 552 Relative Error 0.4728800058364868
Epoch 553 Relative Error 0.4728526175022125
Epoch 554 Relative Error 0.4730082154273987
Epoch 555 Relative Error 0.47291433811187744
Epoch 556 Relative Error 0.47286364436149597
Epoch 557 Relative Error 0.4728345274925232
Epoch 558 Relative Error 0.4728468656539917
Epoch 559 Relative Error 0.47314006090164185
Epoch 560 Relative Error 0.4729157090187073
Epoch 561 Relative Error 0.4728474020957947
Epoch 562 Relative Error 0.47291621565818787
Epoch 563 Relative Error 0.4727371335029602
Epoch 564 Relative Error 0.47292888164520264
Epoch 565 Relative Error 0.4729596972465515
Epoch 566 Relative Error 0.4727417826652527
Epoch 567 Relative Error 0.47277989983558655
Epoch 568 Relative Error 0.4729421138763428
Epoch 569 Relative Error 0.47295472025871277
Epoch 570 Relative Error 0.4726708233356476
Epoch 571 Relative Error 0.4726751446723938
Epoch 572 Relative Error 0.47267308831214905
Epoch 573 Relative Error 0.4729415476322174
Epoch 574 Relative Error 0.4729253947734833
Epoch 575 Relative Error 0.4726526141166687
Epoch 576 Relative Error 0.4726511836051941
Epoch 577 Relative Error 0.47275272011756897
Epoch 578 Relative Error 0.47325217723846436
Epoch 579 Relative Error 0.4729485511779785
Epoch 580 Relative Error 0.4726155996322632
Epoch 581 Relative Error 0.4726780354976654
Epoch 582 Relative Error 0.47256389260292053
Epoch 583 Relative Error 0.47293269634246826
Epoch 584 Relative Error 0.4726649820804596
Epoch 585 Relative Error 0.4725465774536133
Epoch 586 Relative Error 0.47257471084594727
Epoch 587 Relative Error 0.47254809737205505
Epoch 588 Relative Error 0.47250229120254517
Epoch 589 Relative Error 0.4728015959262848
Epoch 590 Relative Error 0.4725514054298401
Epoch 591 Relative Error 0.4724951684474945
Epoch 592 Relative Error 0.4725033938884735
Epoch 593 Relative Error 0.47257933020591736
Epoch 594 Relative Error 0.47278326749801636
Epoch 595 Relative Error 0.47252219915390015
Epoch 596 Relative Error 0.4725467264652252
Epoch 597 Relative Error 0.4724627435207367
Epoch 598 Relative Error 0.47266894578933716
Epoch 599 Relative Error 0.4726261794567108
Epoch 600 Relative Error 0.4726664423942566
Epoch 601 Relative Error 0.47244328260421753
Epoch 602 Relative Error 0.47248929738998413
Epoch 603 Relative Error 0.47237154841423035
Epoch 604 Relative Error 0.472891628742218
Epoch 605 Relative Error 0.47247856855392456
Epoch 606 Relative Error 0.47238412499427795
Epoch 607 Relative Error 0.47300806641578674
Epoch 608 Relative Error 0.47336310148239136
Epoch 609 Relative Error 0.4723544120788574
Epoch 610 Relative Error 0.4728130102157593
Epoch 611 Relative Error 0.4723433256149292
Epoch 612 Relative Error 0.4725528359413147
Epoch 613 Relative Error 0.47277382016181946
Epoch 614 Relative Error 0.4723222851753235
Epoch 615 Relative Error 0.4724167585372925
Epoch 616 Relative Error 0.4724483788013458
Epoch 617 Relative Error 0.4724979102611542
Epoch 618 Relative Error 0.4722842276096344
Epoch 619 Relative Error 0.4723238945007324
Epoch 620 Relative Error 0.4724113345146179
Epoch 621 Relative Error 0.47269320487976074
Epoch 622 Relative Error 0.4723268747329712
Epoch 623 Relative Error 0.4727821350097656
Epoch 624 Relative Error 0.47219327092170715
Epoch 625 Relative Error 0.47289204597473145
Epoch 626 Relative Error 0.4736070930957794
Epoch 627 Relative Error 0.4723760783672333
Epoch 628 Relative Error 0.47231924533843994
Epoch 629 Relative Error 0.4721405506134033
Epoch 630 Relative Error 0.4722423851490021
Epoch 631 Relative Error 0.4721212387084961
Epoch 632 Relative Error 0.47210046648979187
Epoch 633 Relative Error 0.47218596935272217
Epoch 634 Relative Error 0.4721235930919647
Epoch 635 Relative Error 0.47212091088294983
Epoch 636 Relative Error 0.4722032845020294
Epoch 637 Relative Error 0.47222453355789185
Epoch 638 Relative Error 0.47210824489593506
Epoch 639 Relative Error 0.47203966975212097
Epoch 640 Relative Error 0.47204452753067017
Epoch 641 Relative Error 0.4722874164581299
Epoch 642 Relative Error 0.4722285568714142
Epoch 643 Relative Error 0.47204121947288513
Epoch 644 Relative Error 0.4720105230808258
Epoch 645 Relative Error 0.4720132350921631
Epoch 646 Relative Error 0.47203660011291504
Epoch 647 Relative Error 0.47202739119529724
Epoch 648 Relative Error 0.47197017073631287
Epoch 649 Relative Error 0.47222769260406494
Epoch 650 Relative Error 0.4721047282218933
Epoch 651 Relative Error 0.47195616364479065
Epoch 652 Relative Error 0.47197651863098145
Epoch 653 Relative Error 0.47209540009498596
Epoch 654 Relative Error 0.4720829129219055
Epoch 655 Relative Error 0.47197067737579346
Epoch 656 Relative Error 0.4718961715698242
Epoch 657 Relative Error 0.47194769978523254
Epoch 658 Relative Error 0.4718746840953827
Epoch 659 Relative Error 0.47267839312553406
Epoch 660 Relative Error 0.472157746553421
Epoch 661 Relative Error 0.4719352722167969
Epoch 662 Relative Error 0.4720921516418457
Epoch 663 Relative Error 0.4718644917011261
Epoch 664 Relative Error 0.47209009528160095
Epoch 665 Relative Error 0.47209522128105164
Epoch 666 Relative Error 0.47183072566986084
Epoch 667 Relative Error 0.47184276580810547
Epoch 668 Relative Error 0.47196343541145325
Epoch 669 Relative Error 0.4717980623245239
Epoch 670 Relative Error 0.47177591919898987
Epoch 671 Relative Error 0.47176969051361084
Epoch 672 Relative Error 0.4717904329299927
Epoch 673 Relative Error 0.47174838185310364
Epoch 674 Relative Error 0.4718025028705597
Epoch 675 Relative Error 0.4717375636100769
Epoch 676 Relative Error 0.4717519283294678
Epoch 677 Relative Error 0.4717547595500946
Epoch 678 Relative Error 0.47172507643699646
Epoch 679 Relative Error 0.4716942012310028
Epoch 680 Relative Error 0.4718247354030609
Epoch 681 Relative Error 0.47199806571006775
Epoch 682 Relative Error 0.4721052348613739
Epoch 683 Relative Error 0.47170501947402954
Epoch 684 Relative Error 0.47172218561172485
Epoch 685 Relative Error 0.47166311740875244
Epoch 686 Relative Error 0.47161462903022766
Epoch 687 Relative Error 0.47167256474494934
Epoch 688 Relative Error 0.47166502475738525
Epoch 689 Relative Error 0.4716060161590576
Epoch 690 Relative Error 0.47189271450042725
Epoch 691 Relative Error 0.47160011529922485
Epoch 692 Relative Error 0.4719789922237396
Epoch 693 Relative Error 0.4716801047325134
Epoch 694 Relative Error 0.4721945524215698
Epoch 695 Relative Error 0.47159892320632935
Epoch 696 Relative Error 0.47182273864746094
Epoch 697 Relative Error 0.47166749835014343
Epoch 698 Relative Error 0.47158247232437134
Epoch 699 Relative Error 0.472126841545105
Epoch 700 Relative Error 0.4716801643371582
Epoch 701 Relative Error 0.47176510095596313
Epoch 702 Relative Error 0.47151967883110046
Epoch 703 Relative Error 0.47149720788002014
Epoch 704 Relative Error 0.4714842438697815
Epoch 705 Relative Error 0.47180336713790894
Epoch 706 Relative Error 0.4719330072402954
Epoch 707 Relative Error 0.4715033769607544
Epoch 708 Relative Error 0.4718153476715088
Epoch 709 Relative Error 0.47149357199668884
Epoch 710 Relative Error 0.47162356972694397
Epoch 711 Relative Error 0.4715229868888855
Epoch 712 Relative Error 0.47152671217918396
Epoch 713 Relative Error 0.47139978408813477
Epoch 714 Relative Error 0.47140228748321533
Epoch 715 Relative Error 0.4714982807636261
Epoch 716 Relative Error 0.4713524281978607
Epoch 717 Relative Error 0.47138547897338867
Epoch 718 Relative Error 0.4715099632740021
Epoch 719 Relative Error 0.47137096524238586
Epoch 720 Relative Error 0.4714082181453705
Epoch 721 Relative Error 0.4713997542858124
Epoch 722 Relative Error 0.4713362753391266
Epoch 723 Relative Error 0.4714384377002716
Epoch 724 Relative Error 0.47134292125701904
Epoch 725 Relative Error 0.471329003572464
Epoch 726 Relative Error 0.4716005027294159
Epoch 727 Relative Error 0.4712856113910675
Epoch 728 Relative Error 0.4715577960014343
Epoch 729 Relative Error 0.47130486369132996
Epoch 730 Relative Error 0.4713374078273773
Epoch 731 Relative Error 0.4712473452091217
Epoch 732 Relative Error 0.4718565344810486
Epoch 733 Relative Error 0.47139471769332886
Epoch 734 Relative Error 0.471188485622406
Epoch 735 Relative Error 0.4716430902481079
Epoch 736 Relative Error 0.47119712829589844
Epoch 737 Relative Error 0.47148656845092773
Epoch 738 Relative Error 0.4713144302368164
Epoch 739 Relative Error 0.47118884325027466
Epoch 740 Relative Error 0.471168577671051
Epoch 741 Relative Error 0.47133639454841614
Epoch 742 Relative Error 0.47123193740844727
Epoch 743 Relative Error 0.47116219997406006
Epoch 744 Relative Error 0.47113117575645447
Epoch 745 Relative Error 0.4712023437023163
Epoch 746 Relative Error 0.4711625874042511
Epoch 747 Relative Error 0.4711097776889801
Epoch 748 Relative Error 0.4711647629737854
Epoch 749 Relative Error 0.47120293974876404
Epoch 750 Relative Error 0.4710729718208313
Epoch 751 Relative Error 0.4711291193962097
Epoch 752 Relative Error 0.47107771039009094
Epoch 753 Relative Error 0.47111406922340393
Epoch 754 Relative Error 0.47132453322410583
Epoch 755 Relative Error 0.47104114294052124
Epoch 756 Relative Error 0.4710754156112671
Epoch 757 Relative Error 0.4710146188735962
Epoch 758 Relative Error 0.47135061025619507
Epoch 759 Relative Error 0.4709914028644562
Epoch 760 Relative Error 0.4714433252811432
Epoch 761 Relative Error 0.4719131886959076
Epoch 762 Relative Error 0.47098371386528015
Epoch 763 Relative Error 0.4727298319339752
Epoch 764 Relative Error 0.47114384174346924
Epoch 765 Relative Error 0.4744662344455719
Epoch 766 Relative Error 0.4710999131202698
Epoch 767 Relative Error 0.4724433422088623
Epoch 768 Relative Error 0.4720399081707001
Epoch 769 Relative Error 0.4726138412952423
Epoch 770 Relative Error 0.47153475880622864
Epoch 771 Relative Error 0.4709743857383728
Epoch 772 Relative Error 0.4709530174732208
Epoch 773 Relative Error 0.47091057896614075
Epoch 774 Relative Error 0.47083961963653564
Epoch 775 Relative Error 0.4708457589149475
Epoch 776 Relative Error 0.470926433801651
Epoch 777 Relative Error 0.47087714076042175
Epoch 778 Relative Error 0.47085997462272644
Epoch 779 Relative Error 0.47085049748420715
Epoch 780 Relative Error 0.4710705578327179
Epoch 781 Relative Error 0.4708015024662018
Epoch 782 Relative Error 0.4708629846572876
Epoch 783 Relative Error 0.4707964360713959
Epoch 784 Relative Error 0.47086119651794434
Epoch 785 Relative Error 0.47081321477890015
Epoch 786 Relative Error 0.4707649052143097
Epoch 787 Relative Error 0.4708259105682373
Epoch 788 Relative Error 0.4707776606082916
Epoch 789 Relative Error 0.47071704268455505
Epoch 790 Relative Error 0.4709215760231018
Epoch 791 Relative Error 0.47075793147087097
Epoch 792 Relative Error 0.4707249402999878
Epoch 793 Relative Error 0.4707115590572357
Epoch 794 Relative Error 0.47071826457977295
Epoch 795 Relative Error 0.4707483947277069
Epoch 796 Relative Error 0.47068148851394653
Epoch 797 Relative Error 0.47065672278404236
Epoch 798 Relative Error 0.47096458077430725
Epoch 799 Relative Error 0.4710537791252136
Epoch 800 Relative Error 0.47060954570770264
Epoch 801 Relative Error 0.4708866775035858
Epoch 802 Relative Error 0.4707210659980774
Epoch 803 Relative Error 0.47069212794303894
Epoch 804 Relative Error 0.47073936462402344
Epoch 805 Relative Error 0.4713223874568939
Epoch 806 Relative Error 0.4706502854824066
Epoch 807 Relative Error 0.47066280245780945
Epoch 808 Relative Error 0.4705919623374939
Epoch 809 Relative Error 0.47055038809776306
Epoch 810 Relative Error 0.47060519456863403
Epoch 811 Relative Error 0.47053274512290955
Epoch 812 Relative Error 0.4705454707145691
Epoch 813 Relative Error 0.47060269117355347
Epoch 814 Relative Error 0.470490425825119
Epoch 815 Relative Error 0.47052785754203796
Epoch 816 Relative Error 0.4705248177051544
Epoch 817 Relative Error 0.4704866111278534
Epoch 818 Relative Error 0.47059476375579834
Epoch 819 Relative Error 0.47057974338531494
Epoch 820 Relative Error 0.47051119804382324
Epoch 821 Relative Error 0.4705280065536499
Epoch 822 Relative Error 0.47062528133392334
Epoch 823 Relative Error 0.4705265462398529
Epoch 824 Relative Error 0.4705253839492798
Epoch 825 Relative Error 0.470725953578949
Epoch 826 Relative Error 0.47058480978012085
Epoch 827 Relative Error 0.47043275833129883
Epoch 828 Relative Error 0.4707892835140228
Epoch 829 Relative Error 0.47041988372802734
Epoch 830 Relative Error 0.47042331099510193
Epoch 831 Relative Error 0.47041910886764526
Epoch 832 Relative Error 0.47046440839767456
Epoch 833 Relative Error 0.47038665413856506
Epoch 834 Relative Error 0.4704972505569458
Epoch 835 Relative Error 0.47040030360221863
Epoch 836 Relative Error 0.4703722596168518
Epoch 837 Relative Error 0.47051477432250977
Epoch 838 Relative Error 0.4703722298145294
Epoch 839 Relative Error 0.4704018235206604
Epoch 840 Relative Error 0.4703395366668701
Epoch 841 Relative Error 0.4703139364719391
Epoch 842 Relative Error 0.4703235328197479
Epoch 843 Relative Error 0.4703333079814911
Epoch 844 Relative Error 0.47027668356895447
Epoch 845 Relative Error 0.47045060992240906
Epoch 846 Relative Error 0.47036442160606384
Epoch 847 Relative Error 0.47024300694465637
Epoch 848 Relative Error 0.47022363543510437
Epoch 849 Relative Error 0.4702436625957489
Epoch 850 Relative Error 0.47045713663101196
Epoch 851 Relative Error 0.4702076315879822
Epoch 852 Relative Error 0.47033068537712097
Epoch 853 Relative Error 0.47019973397254944
Epoch 854 Relative Error 0.4705011546611786
Epoch 855 Relative Error 0.4701545834541321
Epoch 856 Relative Error 0.47047868371009827
Epoch 857 Relative Error 0.47031453251838684
Epoch 858 Relative Error 0.4701572358608246
Epoch 859 Relative Error 0.4702998697757721
Epoch 860 Relative Error 0.47018712759017944
Epoch 861 Relative Error 0.4701555073261261
Epoch 862 Relative Error 0.47053876519203186
Epoch 863 Relative Error 0.47033771872520447
Epoch 864 Relative Error 0.4702337384223938
Epoch 865 Relative Error 0.4701865613460541
Epoch 866 Relative Error 0.47044044733047485
Epoch 867 Relative Error 0.47010061144828796
Epoch 868 Relative Error 0.4700527489185333
Epoch 869 Relative Error 0.47015365958213806
Epoch 870 Relative Error 0.4700334966182709
Epoch 871 Relative Error 0.47011709213256836
Epoch 872 Relative Error 0.4700509309768677
Epoch 873 Relative Error 0.4701601564884186
Epoch 874 Relative Error 0.47014185786247253
Epoch 875 Relative Error 0.46999645233154297
Epoch 876 Relative Error 0.4700155258178711
Epoch 877 Relative Error 0.46999484300613403
Epoch 878 Relative Error 0.47000789642333984
Epoch 879 Relative Error 0.4699651598930359
Epoch 880 Relative Error 0.47026824951171875
Epoch 881 Relative Error 0.47018736600875854
Epoch 882 Relative Error 0.4700568616390228
Epoch 883 Relative Error 0.47046172618865967
Epoch 884 Relative Error 0.46991515159606934
Epoch 885 Relative Error 0.47003069519996643
Epoch 886 Relative Error 0.4701162874698639
Epoch 887 Relative Error 0.4699183702468872
Epoch 888 Relative Error 0.4700492322444916
Epoch 889 Relative Error 0.47022655606269836
Epoch 890 Relative Error 0.4702014923095703
Epoch 891 Relative Error 0.47044679522514343
Epoch 892 Relative Error 0.470325231552124
Epoch 893 Relative Error 0.46990692615509033
Epoch 894 Relative Error 0.46983861923217773
Epoch 895 Relative Error 0.46986761689186096
Epoch 896 Relative Error 0.4698514938354492
Epoch 897 Relative Error 0.46983617544174194
Epoch 898 Relative Error 0.46982210874557495
Epoch 899 Relative Error 0.4698411226272583
Epoch 900 Relative Error 0.4698258340358734
Epoch 901 Relative Error 0.46993136405944824
Epoch 902 Relative Error 0.4698185920715332
Epoch 903 Relative Error 0.46983417868614197
Epoch 904 Relative Error 0.4697500169277191
Epoch 905 Relative Error 0.4697687029838562
Epoch 906 Relative Error 0.4698098301887512
Epoch 907 Relative Error 0.46990033984184265
Epoch 908 Relative Error 0.46994343400001526
Epoch 909 Relative Error 0.4698643088340759
Epoch 910 Relative Error 0.4699353873729706
Epoch 911 Relative Error 0.4697445034980774
Epoch 912 Relative Error 0.469774067401886
Epoch 913 Relative Error 0.46973875164985657
Epoch 914 Relative Error 0.46988776326179504
Epoch 915 Relative Error 0.4696737229824066
Epoch 916 Relative Error 0.46968990564346313
Epoch 917 Relative Error 0.4698236286640167
Epoch 918 Relative Error 0.469637393951416
Epoch 919 Relative Error 0.46966874599456787
Epoch 920 Relative Error 0.4696076214313507
Epoch 921 Relative Error 0.46976354718208313
Epoch 922 Relative Error 0.4697099030017853
Epoch 923 Relative Error 0.4696178138256073
Epoch 924 Relative Error 0.46965059638023376
Epoch 925 Relative Error 0.4695930778980255
Epoch 926 Relative Error 0.46961352229118347
Epoch 927 Relative Error 0.46958640217781067
Epoch 928 Relative Error 0.46956437826156616
Epoch 929 Relative Error 0.469530314207077
Epoch 930 Relative Error 0.4695127308368683
Epoch 931 Relative Error 0.4698684811592102
Epoch 932 Relative Error 0.4695639908313751
Epoch 933 Relative Error 0.4695492386817932
Epoch 934 Relative Error 0.4695841372013092
Epoch 935 Relative Error 0.4697367548942566
Epoch 936 Relative Error 0.4697652757167816
Epoch 937 Relative Error 0.4694824516773224
Epoch 938 Relative Error 0.4696016013622284
Epoch 939 Relative Error 0.4694962501525879
Epoch 940 Relative Error 0.4694671928882599
Epoch 941 Relative Error 0.4697282314300537
Epoch 942 Relative Error 0.4694940745830536
Epoch 943 Relative Error 0.46948423981666565
Epoch 944 Relative Error 0.469432532787323
Epoch 945 Relative Error 0.4694276452064514
Epoch 946 Relative Error 0.4694637954235077
Epoch 947 Relative Error 0.46954476833343506
Epoch 948 Relative Error 0.46939241886138916
Epoch 949 Relative Error 0.46951594948768616
Epoch 950 Relative Error 0.4694069027900696
Epoch 951 Relative Error 0.46936559677124023
Epoch 952 Relative Error 0.4696462154388428
Epoch 953 Relative Error 0.46948161721229553
Epoch 954 Relative Error 0.4694317579269409
Epoch 955 Relative Error 0.4693247675895691
Epoch 956 Relative Error 0.46942031383514404
Epoch 957 Relative Error 0.4693397283554077
Epoch 958 Relative Error 0.4693611264228821
Epoch 959 Relative Error 0.469294011592865
Epoch 960 Relative Error 0.46930909156799316
Epoch 961 Relative Error 0.4693544805049896
Epoch 962 Relative Error 0.4693155586719513
Epoch 963 Relative Error 0.4694172739982605
Epoch 964 Relative Error 0.4693000614643097
Epoch 965 Relative Error 0.4693305194377899
Epoch 966 Relative Error 0.4693524241447449
Epoch 967 Relative Error 0.4692736864089966
Epoch 968 Relative Error 0.46924835443496704
Epoch 969 Relative Error 0.4693390727043152
Epoch 970 Relative Error 0.4692743718624115
Epoch 971 Relative Error 0.46932464838027954
Epoch 972 Relative Error 0.46921393275260925
Epoch 973 Relative Error 0.4692360758781433
Epoch 974 Relative Error 0.46922868490219116
Epoch 975 Relative Error 0.4693217873573303
Epoch 976 Relative Error 0.4692433178424835
Epoch 977 Relative Error 0.46954479813575745
Epoch 978 Relative Error 0.4691886007785797
Epoch 979 Relative Error 0.4693402051925659
Epoch 980 Relative Error 0.46914395689964294
Epoch 981 Relative Error 0.4691658318042755
Epoch 982 Relative Error 0.469520628452301
Epoch 983 Relative Error 0.46918579936027527
Epoch 984 Relative Error 0.4691801369190216
Epoch 985 Relative Error 0.46921393275260925
Epoch 986 Relative Error 0.46934497356414795
Epoch 987 Relative Error 0.46930620074272156
Epoch 988 Relative Error 0.46906712651252747
Epoch 989 Relative Error 0.46907204389572144
Epoch 990 Relative Error 0.46905988454818726
Epoch 991 Relative Error 0.46905651688575745
Epoch 992 Relative Error 0.46905794739723206
Epoch 993 Relative Error 0.46906694769859314
Epoch 994 Relative Error 0.4691052734851837
Epoch 995 Relative Error 0.46902894973754883
Epoch 996 Relative Error 0.4690972864627838
Epoch 997 Relative Error 0.4690878391265869
Epoch 998 Relative Error 0.46899884939193726
Epoch 999 Relative Error 0.4689773619174957
Epoch 1000 Relative Error 0.469151109457016
RE (3, 9, 26, 0): 0.4689773619174957
Green's Function RE (3, 9, 26, 0): 0.26319068670272827
Bias Term RE (3, 9, 26, 0): 0.09584438055753708
Combination (3, 9, 26, 0, 0): 0.4691510796546936
Combination (3, 9, 26, 0, 1): 0.4674001932144165
Combination (3, 9, 26, 0, 2): 0.4668322503566742
Combination (3, 9, 26, 0, 3): 0.46664056181907654
Combination (3, 9, 26, 0, 4): 0.46654507517814636

/home/gridsan/gstepaniants/.local/lib/python3.8/site-packages/torch/functional.py:478: UserWarning: torch.meshgrid: in an upcoming release, it will be required to pass the indexing argument. (Triggered internally at  ../aten/src/ATen/native/TensorShape.cpp:2895.)
  return _VF.meshgrid(tensors, **kwargs)  # type: ignore[attr-defined]
