[KeOps] Warning : Cuda libraries were not detected on the system ; using cpu only mode
1
Kernel: Exponential
Weight Mesh: 70
RKHS Kernel Width: 1.0
Lambda: 1e-06
Green's Function Learning Rate: 100
Bias Term Learning Rate: 100
Epoch 1 Relative Error 49071.359375
First epoch had re = 49071.359375 > 1
Green's Function Learning Rate: 50
Bias Term Learning Rate: 50
Epoch 1 Relative Error 21071.890625
First epoch had re = 21071.890625 > 1
Green's Function Learning Rate: 10
Bias Term Learning Rate: 10
Epoch 1 Relative Error 3652.8662109375
First epoch had re = 3652.8662109375 > 1
Green's Function Learning Rate: 5
Bias Term Learning Rate: 5
Epoch 1 Relative Error 2457.939697265625
First epoch had re = 2457.939697265625 > 1
Green's Function Learning Rate: 1
Bias Term Learning Rate: 1
Epoch 1 Relative Error 486.3063049316406
First epoch had re = 486.3063049316406 > 1
Green's Function Learning Rate: 0.5
Bias Term Learning Rate: 0.5
Epoch 1 Relative Error 171.78224182128906
First epoch had re = 171.78224182128906 > 1
Green's Function Learning Rate: 0.1
Bias Term Learning Rate: 0.1
Epoch 1 Relative Error 49.724586486816406
First epoch had re = 49.724586486816406 > 1
Green's Function Learning Rate: 0.05
Bias Term Learning Rate: 0.05
Epoch 1 Relative Error 22.307443618774414
First epoch had re = 22.307443618774414 > 1
Green's Function Learning Rate: 0.01
Bias Term Learning Rate: 0.01
Epoch 1 Relative Error 2.901353120803833
First epoch had re = 2.901353120803833 > 1
Green's Function Learning Rate: 0.005
Bias Term Learning Rate: 0.005
Epoch 1 Relative Error 1.8260486125946045
First epoch had re = 1.8260486125946045 > 1
Green's Function Learning Rate: 0.001
Bias Term Learning Rate: 0.001
Epoch 1 Relative Error 0.9900448322296143
Epoch 2 Relative Error 0.7527180910110474
Epoch 3 Relative Error 0.8983620405197144
Epoch 4 Relative Error 0.7562757134437561
Epoch 5 Relative Error 0.7952895760536194
Epoch 6 Relative Error 0.7807772755622864
Epoch 7 Relative Error 0.7471281290054321
Epoch 8 Relative Error 0.7662423253059387
Epoch 9 Relative Error 0.7271100282669067
Epoch 10 Relative Error 0.7307141423225403
Epoch 11 Relative Error 0.7169303894042969
Epoch 12 Relative Error 0.6996306777000427
Epoch 13 Relative Error 0.689127504825592
Epoch 14 Relative Error 0.6814553737640381
Epoch 15 Relative Error 0.6606130003929138
Epoch 16 Relative Error 0.6579350233078003
Epoch 17 Relative Error 0.6411975622177124
Epoch 18 Relative Error 0.6468955278396606
Epoch 19 Relative Error 0.6088278293609619
Epoch 20 Relative Error 0.6243879199028015
Epoch 21 Relative Error 0.5962479114532471
Epoch 22 Relative Error 0.5933736562728882
Epoch 23 Relative Error 0.5930247902870178
Epoch 24 Relative Error 0.5596250295639038
Epoch 25 Relative Error 0.5964247584342957
Epoch 26 Relative Error 0.5395652651786804
Epoch 27 Relative Error 0.5647626519203186
Epoch 28 Relative Error 0.5274919867515564
Epoch 29 Relative Error 0.5321618914604187
Epoch 30 Relative Error 0.5286880731582642
Epoch 31 Relative Error 0.5099619626998901
Epoch 32 Relative Error 0.5103209614753723
Epoch 33 Relative Error 0.5044050812721252
Epoch 34 Relative Error 0.4889819622039795
Epoch 35 Relative Error 0.49528753757476807
Epoch 36 Relative Error 0.4821392595767975
Epoch 37 Relative Error 0.46224960684776306
Epoch 38 Relative Error 0.5003665685653687
Epoch 39 Relative Error 0.4594763517379761
Epoch 40 Relative Error 0.45515167713165283
Epoch 41 Relative Error 0.46290746331214905
Epoch 42 Relative Error 0.4495812654495239
Epoch 43 Relative Error 0.4437069892883301
Epoch 44 Relative Error 0.45322421193122864
Epoch 45 Relative Error 0.4349093437194824
Epoch 46 Relative Error 0.43861374258995056
Epoch 47 Relative Error 0.43426600098609924
Epoch 48 Relative Error 0.42968133091926575
Epoch 49 Relative Error 0.4281265139579773
Epoch 50 Relative Error 0.428679883480072
Epoch 51 Relative Error 0.42605480551719666
Epoch 52 Relative Error 0.4135615825653076
Epoch 53 Relative Error 0.419901579618454
Epoch 54 Relative Error 0.417942613363266
Epoch 55 Relative Error 0.41047191619873047
Epoch 56 Relative Error 0.4140739440917969
Epoch 57 Relative Error 0.4108249545097351
Epoch 58 Relative Error 0.4062255024909973
Epoch 59 Relative Error 0.40812066197395325
Epoch 60 Relative Error 0.4063800573348999
Epoch 61 Relative Error 0.40167272090911865
Epoch 62 Relative Error 0.39922812581062317
Epoch 63 Relative Error 0.40224045515060425
Epoch 64 Relative Error 0.4032886028289795
Epoch 65 Relative Error 0.3952814042568207
Epoch 66 Relative Error 0.3977045714855194
Epoch 67 Relative Error 0.3995765149593353
Epoch 68 Relative Error 0.39332830905914307
Epoch 69 Relative Error 0.39269593358039856
Epoch 70 Relative Error 0.39139360189437866
Epoch 71 Relative Error 0.39345917105674744
Epoch 72 Relative Error 0.3954737186431885
Epoch 73 Relative Error 0.3894926607608795
Epoch 74 Relative Error 0.3878549337387085
Epoch 75 Relative Error 0.3895685076713562
Epoch 76 Relative Error 0.3888692259788513
Epoch 77 Relative Error 0.387342244386673
Epoch 78 Relative Error 0.38565966486930847
Epoch 79 Relative Error 0.38506922125816345
Epoch 80 Relative Error 0.38473522663116455
Epoch 81 Relative Error 0.38512060046195984
Epoch 82 Relative Error 0.3828127980232239
Epoch 83 Relative Error 0.3814058303833008
Epoch 84 Relative Error 0.38100847601890564
Epoch 85 Relative Error 0.3817751705646515
Epoch 86 Relative Error 0.3808429539203644
Epoch 87 Relative Error 0.37976282835006714
Epoch 88 Relative Error 0.3778788149356842
Epoch 89 Relative Error 0.3778785765171051
Epoch 90 Relative Error 0.3778463304042816
Epoch 91 Relative Error 0.3767015039920807
Epoch 92 Relative Error 0.37548962235450745
Epoch 93 Relative Error 0.3759263753890991
Epoch 94 Relative Error 0.37503668665885925
Epoch 95 Relative Error 0.37381887435913086
Epoch 96 Relative Error 0.37242090702056885
Epoch 97 Relative Error 0.3719116747379303
Epoch 98 Relative Error 0.37223270535469055
Epoch 99 Relative Error 0.37213432788848877
Epoch 100 Relative Error 0.37133848667144775
Epoch 101 Relative Error 0.369303435087204
Epoch 102 Relative Error 0.3687438368797302
Epoch 103 Relative Error 0.3677906095981598
Epoch 104 Relative Error 0.3672359883785248
Epoch 105 Relative Error 0.3666839897632599
Epoch 106 Relative Error 0.366231232881546
Epoch 107 Relative Error 0.36526164412498474
Epoch 108 Relative Error 0.3660777509212494
Epoch 109 Relative Error 0.3649391531944275
Epoch 110 Relative Error 0.3641839921474457
Epoch 111 Relative Error 0.3627474904060364
Epoch 112 Relative Error 0.362239271402359
Epoch 113 Relative Error 0.36130741238594055
Epoch 114 Relative Error 0.3608792722225189
Epoch 115 Relative Error 0.3607856035232544
Epoch 116 Relative Error 0.3593485951423645
Epoch 117 Relative Error 0.35858696699142456
Epoch 118 Relative Error 0.35790765285491943
Epoch 119 Relative Error 0.35724368691444397
Epoch 120 Relative Error 0.3569018542766571
Epoch 121 Relative Error 0.3560805916786194
Epoch 122 Relative Error 0.3552718162536621
Epoch 123 Relative Error 0.35458120703697205
Epoch 124 Relative Error 0.35451212525367737
Epoch 125 Relative Error 0.3541255593299866
Epoch 126 Relative Error 0.35290706157684326
Epoch 127 Relative Error 0.3520250618457794
Epoch 128 Relative Error 0.3513690233230591
Epoch 129 Relative Error 0.35101640224456787
Epoch 130 Relative Error 0.3501358926296234
Epoch 131 Relative Error 0.34936946630477905
Epoch 132 Relative Error 0.3488873243331909
Epoch 133 Relative Error 0.34804055094718933
Epoch 134 Relative Error 0.3487982451915741
Epoch 135 Relative Error 0.34797748923301697
Epoch 136 Relative Error 0.34613463282585144
Epoch 137 Relative Error 0.34581997990608215
Epoch 138 Relative Error 0.34481194615364075
Epoch 139 Relative Error 0.3449576497077942
Epoch 140 Relative Error 0.34376880526542664
Epoch 141 Relative Error 0.3431346118450165
Epoch 142 Relative Error 0.34261345863342285
Epoch 143 Relative Error 0.3416275382041931
Epoch 144 Relative Error 0.3409329950809479
Epoch 145 Relative Error 0.3409685492515564
Epoch 146 Relative Error 0.33974048495292664
Epoch 147 Relative Error 0.3391609489917755
Epoch 148 Relative Error 0.3393738567829132
Epoch 149 Relative Error 0.33792436122894287
Epoch 150 Relative Error 0.33818188309669495
Epoch 151 Relative Error 0.3367440700531006
Epoch 152 Relative Error 0.33582213521003723
Epoch 153 Relative Error 0.3353385329246521
Epoch 154 Relative Error 0.3345569372177124
Epoch 155 Relative Error 0.33518192172050476
Epoch 156 Relative Error 0.3345758616924286
Epoch 157 Relative Error 0.33269715309143066
Epoch 158 Relative Error 0.33444562554359436
Epoch 159 Relative Error 0.3346799314022064
Epoch 160 Relative Error 0.33134427666664124
Epoch 161 Relative Error 0.3305242359638214
Epoch 162 Relative Error 0.33123108744621277
Epoch 163 Relative Error 0.3293851315975189
Epoch 164 Relative Error 0.3288297951221466
Epoch 165 Relative Error 0.328570157289505
Epoch 166 Relative Error 0.3272233307361603
Epoch 167 Relative Error 0.326494961977005
Epoch 168 Relative Error 0.32584819197654724
Epoch 169 Relative Error 0.325364887714386
Epoch 170 Relative Error 0.32468029856681824
Epoch 171 Relative Error 0.32434752583503723
Epoch 172 Relative Error 0.3245560824871063
Epoch 173 Relative Error 0.32533979415893555
Epoch 174 Relative Error 0.3238868713378906
Epoch 175 Relative Error 0.32222819328308105
Epoch 176 Relative Error 0.3210728168487549
Epoch 177 Relative Error 0.3205176591873169
Epoch 178 Relative Error 0.3203202188014984
Epoch 179 Relative Error 0.31940603256225586
Epoch 180 Relative Error 0.3186682164669037
Epoch 181 Relative Error 0.3181016147136688
Epoch 182 Relative Error 0.31757035851478577
Epoch 183 Relative Error 0.3170453906059265
Epoch 184 Relative Error 0.31719258427619934
Epoch 185 Relative Error 0.31662771105766296
Epoch 186 Relative Error 0.31571003794670105
Epoch 187 Relative Error 0.3145660161972046
Epoch 188 Relative Error 0.3140382170677185
Epoch 189 Relative Error 0.3138842284679413
Epoch 190 Relative Error 0.3130212128162384
Epoch 191 Relative Error 0.3128453493118286
Epoch 192 Relative Error 0.3121006190776825
Epoch 193 Relative Error 0.31110870838165283
Epoch 194 Relative Error 0.3111282289028168
Epoch 195 Relative Error 0.31024158000946045
Epoch 196 Relative Error 0.309583842754364
Epoch 197 Relative Error 0.30893367528915405
Epoch 198 Relative Error 0.30848461389541626
Epoch 199 Relative Error 0.3079240024089813
Epoch 200 Relative Error 0.3073122799396515
Epoch 201 Relative Error 0.3068607747554779
Epoch 202 Relative Error 0.30611279606819153
Epoch 203 Relative Error 0.30595216155052185
Epoch 204 Relative Error 0.3051205575466156
Epoch 205 Relative Error 0.3045532703399658
Epoch 206 Relative Error 0.30384501814842224
Epoch 207 Relative Error 0.30346357822418213
Epoch 208 Relative Error 0.3029087781906128
Epoch 209 Relative Error 0.30272015929222107
Epoch 210 Relative Error 0.3018327057361603
Epoch 211 Relative Error 0.3015279173851013
Epoch 212 Relative Error 0.3009602427482605
Epoch 213 Relative Error 0.30013707280158997
Epoch 214 Relative Error 0.2995893359184265
Epoch 215 Relative Error 0.2989617884159088
Epoch 216 Relative Error 0.2984672486782074
Epoch 217 Relative Error 0.2979336977005005
Epoch 218 Relative Error 0.29765844345092773
Epoch 219 Relative Error 0.29691511392593384
Epoch 220 Relative Error 0.29727327823638916
Epoch 221 Relative Error 0.2963618040084839
Epoch 222 Relative Error 0.2958779036998749
Epoch 223 Relative Error 0.29506757855415344
Epoch 224 Relative Error 0.2959323525428772
Epoch 225 Relative Error 0.2947210669517517
Epoch 226 Relative Error 0.2935779094696045
Epoch 227 Relative Error 0.2927328050136566
Epoch 228 Relative Error 0.292450875043869
Epoch 229 Relative Error 0.2922181189060211
Epoch 230 Relative Error 0.29229018092155457
Epoch 231 Relative Error 0.2914206385612488
Epoch 232 Relative Error 0.29098814725875854
Epoch 233 Relative Error 0.2903662621974945
Epoch 234 Relative Error 0.2901565134525299
Epoch 235 Relative Error 0.2888668179512024
Epoch 236 Relative Error 0.2881718575954437
Epoch 237 Relative Error 0.28776735067367554
Epoch 238 Relative Error 0.2879479229450226
Epoch 239 Relative Error 0.2866731286048889
Epoch 240 Relative Error 0.28628432750701904
Epoch 241 Relative Error 0.2857295274734497
Epoch 242 Relative Error 0.2851620018482208
Epoch 243 Relative Error 0.28574231266975403
Epoch 244 Relative Error 0.2859739065170288
Epoch 245 Relative Error 0.285185307264328
Epoch 246 Relative Error 0.2843879759311676
Epoch 247 Relative Error 0.28272125124931335
Epoch 248 Relative Error 0.28232792019844055
Epoch 249 Relative Error 0.2819134593009949
Epoch 250 Relative Error 0.2813798785209656
Epoch 251 Relative Error 0.2810581624507904
Epoch 252 Relative Error 0.28051140904426575
Epoch 253 Relative Error 0.280216246843338
Epoch 254 Relative Error 0.27982738614082336
Epoch 255 Relative Error 0.27914315462112427
Epoch 256 Relative Error 0.2789221405982971
Epoch 257 Relative Error 0.278083473443985
Epoch 258 Relative Error 0.2779960334300995
Epoch 259 Relative Error 0.2772078514099121
Epoch 260 Relative Error 0.2772679924964905
Epoch 261 Relative Error 0.27782776951789856
Epoch 262 Relative Error 0.2768581807613373
Epoch 263 Relative Error 0.27585625648498535
Epoch 264 Relative Error 0.2751995623111725
Epoch 265 Relative Error 0.2746970057487488
Epoch 266 Relative Error 0.2739974558353424
Epoch 267 Relative Error 0.2736060321331024
Epoch 268 Relative Error 0.2732783257961273
Epoch 269 Relative Error 0.2727639675140381
Epoch 270 Relative Error 0.2723431885242462
Epoch 271 Relative Error 0.27205410599708557
Epoch 272 Relative Error 0.2727837860584259
Epoch 273 Relative Error 0.2714375853538513
Epoch 274 Relative Error 0.2706121802330017
Epoch 275 Relative Error 0.2701251208782196
Epoch 276 Relative Error 0.2700520157814026
Epoch 277 Relative Error 0.26937487721443176
Epoch 278 Relative Error 0.26908016204833984
Epoch 279 Relative Error 0.2685103118419647
Epoch 280 Relative Error 0.2680485248565674
Epoch 281 Relative Error 0.2679872214794159
Epoch 282 Relative Error 0.26717618107795715
Epoch 283 Relative Error 0.26678696274757385
Epoch 284 Relative Error 0.26639482378959656
Epoch 285 Relative Error 0.26797470450401306
Epoch 286 Relative Error 0.2665327191352844
Epoch 287 Relative Error 0.26636630296707153
Epoch 288 Relative Error 0.26556694507598877
Epoch 289 Relative Error 0.26437127590179443
Epoch 290 Relative Error 0.2639440894126892
Epoch 291 Relative Error 0.2637733221054077
Epoch 292 Relative Error 0.2632031738758087
Epoch 293 Relative Error 0.26261621713638306
Epoch 294 Relative Error 0.2623315155506134
Epoch 295 Relative Error 0.26183101534843445
Epoch 296 Relative Error 0.2615102529525757
Epoch 297 Relative Error 0.2612136900424957
Epoch 298 Relative Error 0.26068300008773804
Epoch 299 Relative Error 0.26046234369277954
Epoch 300 Relative Error 0.2599433660507202
Epoch 301 Relative Error 0.25970688462257385
Epoch 302 Relative Error 0.25915834307670593
Epoch 303 Relative Error 0.2587534487247467
Epoch 304 Relative Error 0.2583491802215576
Epoch 305 Relative Error 0.25809499621391296
Epoch 306 Relative Error 0.2577272653579712
Epoch 307 Relative Error 0.25794151425361633
Epoch 308 Relative Error 0.25722965598106384
Epoch 309 Relative Error 0.25713223218917847
Epoch 310 Relative Error 0.2566688060760498
Epoch 311 Relative Error 0.2557176649570465
Epoch 312 Relative Error 0.25541985034942627
Epoch 313 Relative Error 0.25508615374565125
Epoch 314 Relative Error 0.25469836592674255
Epoch 315 Relative Error 0.2542385756969452
Epoch 316 Relative Error 0.2539861798286438
Epoch 317 Relative Error 0.2541670501232147
Epoch 318 Relative Error 0.25312530994415283
Epoch 319 Relative Error 0.25297603011131287
Epoch 320 Relative Error 0.25259438157081604
Epoch 321 Relative Error 0.25231269001960754
Epoch 322 Relative Error 0.25170692801475525
Epoch 323 Relative Error 0.251393586397171
Epoch 324 Relative Error 0.2517513930797577
Epoch 325 Relative Error 0.25349846482276917
Epoch 326 Relative Error 0.25632181763648987
Epoch 327 Relative Error 0.2524664103984833
Epoch 328 Relative Error 0.2507246136665344
Epoch 329 Relative Error 0.25115248560905457
Epoch 330 Relative Error 0.24937304854393005
Epoch 331 Relative Error 0.24859103560447693
Epoch 332 Relative Error 0.24823346734046936
Epoch 333 Relative Error 0.24790816009044647
Epoch 334 Relative Error 0.24755729734897614
Epoch 335 Relative Error 0.2483641356229782
Epoch 336 Relative Error 0.24794596433639526
Epoch 337 Relative Error 0.24718186259269714
Epoch 338 Relative Error 0.24710525572299957
Epoch 339 Relative Error 0.2470577508211136
Epoch 340 Relative Error 0.24643199145793915
Epoch 341 Relative Error 0.24574778974056244
Epoch 342 Relative Error 0.24497857689857483
Epoch 343 Relative Error 0.24457894265651703
Epoch 344 Relative Error 0.2444552332162857
Epoch 345 Relative Error 0.24465669691562653
Epoch 346 Relative Error 0.2439088672399521
Epoch 347 Relative Error 0.243448406457901
Epoch 348 Relative Error 0.2431681603193283
Epoch 349 Relative Error 0.2428416609764099
Epoch 350 Relative Error 0.24243009090423584
Epoch 351 Relative Error 0.24256311357021332
Epoch 352 Relative Error 0.24200573563575745
Epoch 353 Relative Error 0.24208766222000122
Epoch 354 Relative Error 0.24176636338233948
Epoch 355 Relative Error 0.24161234498023987
Epoch 356 Relative Error 0.24086891114711761
Epoch 357 Relative Error 0.24018745124340057
Epoch 358 Relative Error 0.23994673788547516
Epoch 359 Relative Error 0.24036471545696259
Epoch 360 Relative Error 0.23948246240615845
Epoch 361 Relative Error 0.2391631007194519
Epoch 362 Relative Error 0.24088433384895325
Epoch 363 Relative Error 0.23977462947368622
Epoch 364 Relative Error 0.23862002789974213
Epoch 365 Relative Error 0.2379201501607895
Epoch 366 Relative Error 0.23764091730117798
Epoch 367 Relative Error 0.23730918765068054
Epoch 368 Relative Error 0.23691856861114502
Epoch 369 Relative Error 0.23665307462215424
Epoch 370 Relative Error 0.2363901436328888
Epoch 371 Relative Error 0.2360735684633255
Epoch 372 Relative Error 0.2359093278646469
Epoch 373 Relative Error 0.2356041967868805
Epoch 374 Relative Error 0.23546141386032104
Epoch 375 Relative Error 0.2351837456226349
Epoch 376 Relative Error 0.23562632501125336
Epoch 377 Relative Error 0.23438681662082672
Epoch 378 Relative Error 0.23418879508972168
Epoch 379 Relative Error 0.23406380414962769
Epoch 380 Relative Error 0.23424185812473297
Epoch 381 Relative Error 0.23343273997306824
Epoch 382 Relative Error 0.2339511662721634
Epoch 383 Relative Error 0.2333778738975525
Epoch 384 Relative Error 0.2325102984905243
Epoch 385 Relative Error 0.23245655000209808
Epoch 386 Relative Error 0.23208968341350555
Epoch 387 Relative Error 0.23250415921211243
Epoch 388 Relative Error 0.23131905496120453
Epoch 389 Relative Error 0.2311389297246933
Epoch 390 Relative Error 0.23099899291992188
Epoch 391 Relative Error 0.23067523539066315
Epoch 392 Relative Error 0.2303692251443863
Epoch 393 Relative Error 0.2301989197731018
Epoch 394 Relative Error 0.2298506498336792
Epoch 395 Relative Error 0.22953686118125916
Epoch 396 Relative Error 0.22922751307487488
Epoch 397 Relative Error 0.22910621762275696
Epoch 398 Relative Error 0.22878359258174896
Epoch 399 Relative Error 0.22864508628845215
Epoch 400 Relative Error 0.22831490635871887
Epoch 401 Relative Error 0.2279992401599884
Epoch 402 Relative Error 0.22780843079090118
Epoch 403 Relative Error 0.22749818861484528
Epoch 404 Relative Error 0.22789841890335083
Epoch 405 Relative Error 0.22874335944652557
Epoch 406 Relative Error 0.22826583683490753
Epoch 407 Relative Error 0.2266319990158081
Epoch 408 Relative Error 0.22640228271484375
Epoch 409 Relative Error 0.22605681419372559
Epoch 410 Relative Error 0.2258402705192566
Epoch 411 Relative Error 0.2255917191505432
Epoch 412 Relative Error 0.22610490024089813
Epoch 413 Relative Error 0.2265336811542511
Epoch 414 Relative Error 0.22724050283432007
Epoch 415 Relative Error 0.22794483602046967
Epoch 416 Relative Error 0.22671924531459808
Epoch 417 Relative Error 0.22529345750808716
Epoch 418 Relative Error 0.225599005818367
Epoch 419 Relative Error 0.22405464947223663
Epoch 420 Relative Error 0.22376315295696259
Epoch 421 Relative Error 0.22402527928352356
Epoch 422 Relative Error 0.2231569141149521
Epoch 423 Relative Error 0.2228042632341385
Epoch 424 Relative Error 0.22254718840122223
Epoch 425 Relative Error 0.22244413197040558
Epoch 426 Relative Error 0.22214648127555847
Epoch 427 Relative Error 0.22228147089481354
Epoch 428 Relative Error 0.22257643938064575
Epoch 429 Relative Error 0.2218395471572876
Epoch 430 Relative Error 0.22132599353790283
Epoch 431 Relative Error 0.22105494141578674
Epoch 432 Relative Error 0.22118715941905975
Epoch 433 Relative Error 0.22081929445266724
Epoch 434 Relative Error 0.22058720886707306
Epoch 435 Relative Error 0.22013206779956818
Epoch 436 Relative Error 0.2198658287525177
Epoch 437 Relative Error 0.2199413776397705
Epoch 438 Relative Error 0.21945257484912872
Epoch 439 Relative Error 0.21929046511650085
Epoch 440 Relative Error 0.21932391822338104
Epoch 441 Relative Error 0.21923984587192535
Epoch 442 Relative Error 0.21862497925758362
Epoch 443 Relative Error 0.21856342256069183
Epoch 444 Relative Error 0.21948421001434326
Epoch 445 Relative Error 0.220824733376503
Epoch 446 Relative Error 0.2187773883342743
Epoch 447 Relative Error 0.21835708618164062
Epoch 448 Relative Error 0.2184508889913559
Epoch 449 Relative Error 0.21712003648281097
Epoch 450 Relative Error 0.21704505383968353
Epoch 451 Relative Error 0.21666821837425232
Epoch 452 Relative Error 0.21715779602527618
Epoch 453 Relative Error 0.2180010825395584
Epoch 454 Relative Error 0.2182455062866211
Epoch 455 Relative Error 0.21719835698604584
Epoch 456 Relative Error 0.21657323837280273
Epoch 457 Relative Error 0.21573102474212646
Epoch 458 Relative Error 0.21548780798912048
Epoch 459 Relative Error 0.2151488959789276
Epoch 460 Relative Error 0.21508139371871948
Epoch 461 Relative Error 0.21483200788497925
Epoch 462 Relative Error 0.2157321572303772
Epoch 463 Relative Error 0.2150818258523941
Epoch 464 Relative Error 0.21454457938671112
Epoch 465 Relative Error 0.21421343088150024
Epoch 466 Relative Error 0.21375589072704315
Epoch 467 Relative Error 0.21368998289108276
Epoch 468 Relative Error 0.21341371536254883
Epoch 469 Relative Error 0.21354344487190247
Epoch 470 Relative Error 0.21424268186092377
Epoch 471 Relative Error 0.21438391506671906
Epoch 472 Relative Error 0.21494543552398682
Epoch 473 Relative Error 0.21719728410243988
Epoch 474 Relative Error 0.21564532816410065
Epoch 475 Relative Error 0.21424591541290283
Epoch 476 Relative Error 0.21277454495429993
Epoch 477 Relative Error 0.21217182278633118
Epoch 478 Relative Error 0.2116720825433731
Epoch 479 Relative Error 0.2122528851032257
Epoch 480 Relative Error 0.212375670671463
Epoch 481 Relative Error 0.21202586591243744
Epoch 482 Relative Error 0.2116735875606537
Epoch 483 Relative Error 0.21239210665225983
Epoch 484 Relative Error 0.2109445184469223
Epoch 485 Relative Error 0.21021343767642975
Epoch 486 Relative Error 0.21034537255764008
Epoch 487 Relative Error 0.20995904505252838
Epoch 488 Relative Error 0.20975811779499054
Epoch 489 Relative Error 0.20954464375972748
Epoch 490 Relative Error 0.2102745920419693
Epoch 491 Relative Error 0.21121065318584442
Epoch 492 Relative Error 0.21148936450481415
Epoch 493 Relative Error 0.20937757194042206
Epoch 494 Relative Error 0.20882368087768555
Epoch 495 Relative Error 0.2084919810295105
Epoch 496 Relative Error 0.20839741826057434
Epoch 497 Relative Error 0.208622008562088
Epoch 498 Relative Error 0.208013653755188
Epoch 499 Relative Error 0.20798999071121216
Epoch 500 Relative Error 0.20795807242393494
Epoch 501 Relative Error 0.20785339176654816
Epoch 502 Relative Error 0.2082296907901764
Epoch 503 Relative Error 0.20745208859443665
Epoch 504 Relative Error 0.20739789307117462
Epoch 505 Relative Error 0.2068776935338974
Epoch 506 Relative Error 0.20780643820762634
Epoch 507 Relative Error 0.20759987831115723
Epoch 508 Relative Error 0.20644870400428772
Epoch 509 Relative Error 0.20618383586406708
Epoch 510 Relative Error 0.20615579187870026
Epoch 511 Relative Error 0.20585903525352478
Epoch 512 Relative Error 0.2056955248117447
Epoch 513 Relative Error 0.2063521146774292
Epoch 514 Relative Error 0.2062472701072693
Epoch 515 Relative Error 0.20786747336387634
Epoch 516 Relative Error 0.20927780866622925
Epoch 517 Relative Error 0.20788776874542236
Epoch 518 Relative Error 0.2059478908777237
Epoch 519 Relative Error 0.2057495415210724
Epoch 520 Relative Error 0.20471973717212677
Epoch 521 Relative Error 0.20477235317230225
Epoch 522 Relative Error 0.2045600414276123
Epoch 523 Relative Error 0.20476692914962769
Epoch 524 Relative Error 0.20398855209350586
Epoch 525 Relative Error 0.20390141010284424
Epoch 526 Relative Error 0.20384076237678528
Epoch 527 Relative Error 0.2034958004951477
Epoch 528 Relative Error 0.2034377008676529
Epoch 529 Relative Error 0.20320141315460205
Epoch 530 Relative Error 0.20396879315376282
Epoch 531 Relative Error 0.20289304852485657
Epoch 532 Relative Error 0.20314668118953705
Epoch 533 Relative Error 0.20310695469379425
Epoch 534 Relative Error 0.20238330960273743
Epoch 535 Relative Error 0.20224471390247345
Epoch 536 Relative Error 0.20238707959651947
Epoch 537 Relative Error 0.20312419533729553
Epoch 538 Relative Error 0.20271709561347961
Epoch 539 Relative Error 0.20236094295978546
Epoch 540 Relative Error 0.20406492054462433
Epoch 541 Relative Error 0.20213033258914948
Epoch 542 Relative Error 0.20205870270729065
Epoch 543 Relative Error 0.20203717052936554
Epoch 544 Relative Error 0.2012677788734436
Epoch 545 Relative Error 0.20083817839622498
Epoch 546 Relative Error 0.2009066641330719
Epoch 547 Relative Error 0.20125959813594818
Epoch 548 Relative Error 0.2016923427581787
Epoch 549 Relative Error 0.20142009854316711
Epoch 550 Relative Error 0.20190542936325073
Epoch 551 Relative Error 0.20130804181098938
Epoch 552 Relative Error 0.2005973756313324
Epoch 553 Relative Error 0.2010055035352707
Epoch 554 Relative Error 0.20042188465595245
Epoch 555 Relative Error 0.20127251744270325
Epoch 556 Relative Error 0.2036370486021042
Epoch 557 Relative Error 0.2024049460887909
Epoch 558 Relative Error 0.1993171125650406
Epoch 559 Relative Error 0.19895793497562408
Epoch 560 Relative Error 0.19872987270355225
Epoch 561 Relative Error 0.19929833710193634
Epoch 562 Relative Error 0.19934703409671783
Epoch 563 Relative Error 0.1986381858587265
Epoch 564 Relative Error 0.19861836731433868
Epoch 565 Relative Error 0.19858993589878082
Epoch 566 Relative Error 0.1985969990491867
Epoch 567 Relative Error 0.19912485778331757
Epoch 568 Relative Error 0.19847214221954346
Epoch 569 Relative Error 0.19870062172412872
Epoch 570 Relative Error 0.1979437917470932
Epoch 571 Relative Error 0.198178231716156
Epoch 572 Relative Error 0.1976872980594635
Epoch 573 Relative Error 0.19723956286907196
Epoch 574 Relative Error 0.1973710060119629
Epoch 575 Relative Error 0.1982441395521164
Epoch 576 Relative Error 0.2003789097070694
Epoch 577 Relative Error 0.1975281834602356
Epoch 578 Relative Error 0.19773347675800323
Epoch 579 Relative Error 0.1972362995147705
Epoch 580 Relative Error 0.196750208735466
Epoch 581 Relative Error 0.19623740017414093
Epoch 582 Relative Error 0.19643743336200714
Epoch 583 Relative Error 0.19681520760059357
Epoch 584 Relative Error 0.19816328585147858
Epoch 585 Relative Error 0.19654172658920288
Epoch 586 Relative Error 0.19802476465702057
Epoch 587 Relative Error 0.19751478731632233
Epoch 588 Relative Error 0.19671277701854706
Epoch 589 Relative Error 0.1953924149274826
Epoch 590 Relative Error 0.19512900710105896
Epoch 591 Relative Error 0.1957060694694519
Epoch 592 Relative Error 0.19648796319961548
Epoch 593 Relative Error 0.19489188492298126
Epoch 594 Relative Error 0.1952090710401535
Epoch 595 Relative Error 0.1966891586780548
Epoch 596 Relative Error 0.1982267051935196
Epoch 597 Relative Error 0.1973530352115631
Epoch 598 Relative Error 0.19606229662895203
Epoch 599 Relative Error 0.19637218117713928
Epoch 600 Relative Error 0.19530999660491943
Epoch 601 Relative Error 0.19386892020702362
Epoch 602 Relative Error 0.19358761608600616
Epoch 603 Relative Error 0.19384552538394928
Epoch 604 Relative Error 0.19345545768737793
Epoch 605 Relative Error 0.19349730014801025
Epoch 606 Relative Error 0.19360075891017914
Epoch 607 Relative Error 0.19342947006225586
Epoch 608 Relative Error 0.1929846853017807
Epoch 609 Relative Error 0.19347846508026123
Epoch 610 Relative Error 0.1951792687177658
Epoch 611 Relative Error 0.1946338415145874
Epoch 612 Relative Error 0.19294501841068268
Epoch 613 Relative Error 0.1927562803030014
Epoch 614 Relative Error 0.19233475625514984
Epoch 615 Relative Error 0.1931537389755249
Epoch 616 Relative Error 0.19217374920845032
Epoch 617 Relative Error 0.19216975569725037
Epoch 618 Relative Error 0.19191288948059082
Epoch 619 Relative Error 0.19186054170131683
Epoch 620 Relative Error 0.19237209856510162
Epoch 621 Relative Error 0.19374960660934448
Epoch 622 Relative Error 0.19243916869163513
Epoch 623 Relative Error 0.1924070119857788
Epoch 624 Relative Error 0.19153738021850586
Epoch 625 Relative Error 0.1919715702533722
Epoch 626 Relative Error 0.19116991758346558
Epoch 627 Relative Error 0.19112585484981537
Epoch 628 Relative Error 0.19102345407009125
Epoch 629 Relative Error 0.19104121625423431
Epoch 630 Relative Error 0.19101420044898987
Epoch 631 Relative Error 0.19047559797763824
Epoch 632 Relative Error 0.1910172551870346
Epoch 633 Relative Error 0.1919236034154892
Epoch 634 Relative Error 0.1926598697900772
Epoch 635 Relative Error 0.19166509807109833
Epoch 636 Relative Error 0.19158394634723663
Epoch 637 Relative Error 0.19143810868263245
Epoch 638 Relative Error 0.19192463159561157
Epoch 639 Relative Error 0.19150950014591217
Epoch 640 Relative Error 0.19103765487670898
Epoch 641 Relative Error 0.1899256855249405
Epoch 642 Relative Error 0.19088248908519745
Epoch 643 Relative Error 0.18956950306892395
Epoch 644 Relative Error 0.18983115255832672
Epoch 645 Relative Error 0.1891632378101349
Epoch 646 Relative Error 0.1894306093454361
Epoch 647 Relative Error 0.18911829590797424
Epoch 648 Relative Error 0.18890349566936493
Epoch 649 Relative Error 0.1887260377407074
Epoch 650 Relative Error 0.1886122077703476
Epoch 651 Relative Error 0.18877382576465607
Epoch 652 Relative Error 0.1891646385192871
Epoch 653 Relative Error 0.18840189278125763
Epoch 654 Relative Error 0.1885213851928711
Epoch 655 Relative Error 0.18810133635997772
Epoch 656 Relative Error 0.18815535306930542
Epoch 657 Relative Error 0.18795594573020935
Epoch 658 Relative Error 0.18785502016544342
Epoch 659 Relative Error 0.1881931871175766
Epoch 660 Relative Error 0.1878015398979187
Epoch 661 Relative Error 0.1880936324596405
Epoch 662 Relative Error 0.18842832744121552
Epoch 663 Relative Error 0.1875324845314026
Epoch 664 Relative Error 0.18745112419128418
Epoch 665 Relative Error 0.18802563846111298
Epoch 666 Relative Error 0.187172532081604
Epoch 667 Relative Error 0.18742340803146362
Epoch 668 Relative Error 0.18711315095424652
Epoch 669 Relative Error 0.18691353499889374
Epoch 670 Relative Error 0.18699511885643005
Epoch 671 Relative Error 0.1869795322418213
Epoch 672 Relative Error 0.18674971163272858
Epoch 673 Relative Error 0.186587393283844
Epoch 674 Relative Error 0.18635199964046478
Epoch 675 Relative Error 0.18630173802375793
Epoch 676 Relative Error 0.18627046048641205
Epoch 677 Relative Error 0.18626455962657928
Epoch 678 Relative Error 0.1863558292388916
Epoch 679 Relative Error 0.1865323930978775
Epoch 680 Relative Error 0.1869799941778183
Epoch 681 Relative Error 0.18637259304523468
Epoch 682 Relative Error 0.18569640815258026
Epoch 683 Relative Error 0.1859925240278244
Epoch 684 Relative Error 0.18556666374206543
Epoch 685 Relative Error 0.1855533868074417
Epoch 686 Relative Error 0.1856497973203659
Epoch 687 Relative Error 0.18587589263916016
Epoch 688 Relative Error 0.18662354350090027
Epoch 689 Relative Error 0.18614129722118378
Epoch 690 Relative Error 0.18582001328468323
Epoch 691 Relative Error 0.18537791073322296
Epoch 692 Relative Error 0.1864759773015976
Epoch 693 Relative Error 0.18563202023506165
Epoch 694 Relative Error 0.18493548035621643
Epoch 695 Relative Error 0.18487665057182312
Epoch 696 Relative Error 0.18433727324008942
Epoch 697 Relative Error 0.18431274592876434
Epoch 698 Relative Error 0.1842896044254303
Epoch 699 Relative Error 0.18415164947509766
Epoch 700 Relative Error 0.18425805866718292
Epoch 701 Relative Error 0.18593855202198029
Epoch 702 Relative Error 0.18582095205783844
Epoch 703 Relative Error 0.18618303537368774
Epoch 704 Relative Error 0.18392883241176605
Epoch 705 Relative Error 0.18365927040576935
Epoch 706 Relative Error 0.18359532952308655
Epoch 707 Relative Error 0.1835716962814331
Epoch 708 Relative Error 0.18337462842464447
Epoch 709 Relative Error 0.18359394371509552
Epoch 710 Relative Error 0.1841476410627365
Epoch 711 Relative Error 0.1835351586341858
Epoch 712 Relative Error 0.18319612741470337
Epoch 713 Relative Error 0.18308600783348083
Epoch 714 Relative Error 0.18347345292568207
Epoch 715 Relative Error 0.18358470499515533
Epoch 716 Relative Error 0.18356959521770477
Epoch 717 Relative Error 0.1827087551355362
Epoch 718 Relative Error 0.1825108528137207
Epoch 719 Relative Error 0.18270258605480194
Epoch 720 Relative Error 0.18346087634563446
Epoch 721 Relative Error 0.184508815407753
Epoch 722 Relative Error 0.18479345738887787
Epoch 723 Relative Error 0.18270057439804077
Epoch 724 Relative Error 0.18244926631450653
Epoch 725 Relative Error 0.18203704059123993
Epoch 726 Relative Error 0.1818648725748062
Epoch 727 Relative Error 0.18249720335006714
Epoch 728 Relative Error 0.18308547139167786
Epoch 729 Relative Error 0.1832103431224823
Epoch 730 Relative Error 0.1818244308233261
Epoch 731 Relative Error 0.18149399757385254
Epoch 732 Relative Error 0.18138085305690765
Epoch 733 Relative Error 0.18189260363578796
Epoch 734 Relative Error 0.1818235218524933
Epoch 735 Relative Error 0.1811695545911789
Epoch 736 Relative Error 0.1811554729938507
Epoch 737 Relative Error 0.18130245804786682
Epoch 738 Relative Error 0.18112196028232574
Epoch 739 Relative Error 0.18106241524219513
Epoch 740 Relative Error 0.18205609917640686
Epoch 741 Relative Error 0.18113155663013458
Epoch 742 Relative Error 0.18123531341552734
Epoch 743 Relative Error 0.18213574588298798
Epoch 744 Relative Error 0.18189196288585663
Epoch 745 Relative Error 0.18222279846668243
Epoch 746 Relative Error 0.18255026638507843
Epoch 747 Relative Error 0.18285180628299713
Epoch 748 Relative Error 0.1820843666791916
Epoch 749 Relative Error 0.18141955137252808
Epoch 750 Relative Error 0.1817673146724701
Epoch 751 Relative Error 0.1819254755973816
Epoch 752 Relative Error 0.18096937239170074
Epoch 753 Relative Error 0.18126623332500458
Epoch 754 Relative Error 0.1802416294813156
Epoch 755 Relative Error 0.18016912043094635
Epoch 756 Relative Error 0.17957520484924316
Epoch 757 Relative Error 0.17969025671482086
Epoch 758 Relative Error 0.1800718903541565
Epoch 759 Relative Error 0.18008151650428772
Epoch 760 Relative Error 0.18026791512966156
Epoch 761 Relative Error 0.17985519766807556
Epoch 762 Relative Error 0.17912636697292328
Epoch 763 Relative Error 0.17902840673923492
Epoch 764 Relative Error 0.1790226846933365
Epoch 765 Relative Error 0.1791650950908661
Epoch 766 Relative Error 0.1793672889471054
Epoch 767 Relative Error 0.17873668670654297
Epoch 768 Relative Error 0.17878152430057526
Epoch 769 Relative Error 0.17859867215156555
Epoch 770 Relative Error 0.17858672142028809
Epoch 771 Relative Error 0.1784643977880478
Epoch 772 Relative Error 0.17860515415668488
Epoch 773 Relative Error 0.1784224510192871
Epoch 774 Relative Error 0.1783059984445572
Epoch 775 Relative Error 0.17898643016815186
Epoch 776 Relative Error 0.17961062490940094
Epoch 777 Relative Error 0.18036295473575592
Epoch 778 Relative Error 0.17896471917629242
Epoch 779 Relative Error 0.17885050177574158
Epoch 780 Relative Error 0.1785639375448227
Epoch 781 Relative Error 0.17838749289512634
Epoch 782 Relative Error 0.17796635627746582
Epoch 783 Relative Error 0.17771433293819427
Epoch 784 Relative Error 0.17827382683753967
Epoch 785 Relative Error 0.17753684520721436
Epoch 786 Relative Error 0.17806999385356903
Epoch 787 Relative Error 0.17888779938220978
Epoch 788 Relative Error 0.1794380098581314
Epoch 789 Relative Error 0.17883653938770294
Epoch 790 Relative Error 0.1785096675157547
Epoch 791 Relative Error 0.17768152058124542
Epoch 792 Relative Error 0.17756305634975433
Epoch 793 Relative Error 0.1774466186761856
Epoch 794 Relative Error 0.1781504601240158
Epoch 795 Relative Error 0.17943565547466278
Epoch 796 Relative Error 0.17781510949134827
Epoch 797 Relative Error 0.1768530309200287
Epoch 798 Relative Error 0.17704927921295166
Epoch 799 Relative Error 0.17694033682346344
Epoch 800 Relative Error 0.17653656005859375
Epoch 801 Relative Error 0.1766238659620285
Epoch 802 Relative Error 0.17664894461631775
Epoch 803 Relative Error 0.17643719911575317
Epoch 804 Relative Error 0.17618824541568756
Epoch 805 Relative Error 0.17651118338108063
Epoch 806 Relative Error 0.17631755769252777
Epoch 807 Relative Error 0.17608721554279327
Epoch 808 Relative Error 0.1760992705821991
Epoch 809 Relative Error 0.17612141370773315
Epoch 810 Relative Error 0.1761268973350525
Epoch 811 Relative Error 0.17596077919006348
Epoch 812 Relative Error 0.17573978006839752
Epoch 813 Relative Error 0.17557162046432495
Epoch 814 Relative Error 0.1756969690322876
Epoch 815 Relative Error 0.1757613867521286
Epoch 816 Relative Error 0.1758812814950943
Epoch 817 Relative Error 0.17563731968402863
Epoch 818 Relative Error 0.17530307173728943
Epoch 819 Relative Error 0.17522525787353516
Epoch 820 Relative Error 0.1754797250032425
Epoch 821 Relative Error 0.17578299343585968
Epoch 822 Relative Error 0.175593763589859
Epoch 823 Relative Error 0.1751653105020523
Epoch 824 Relative Error 0.17524950206279755
Epoch 825 Relative Error 0.175257608294487
Epoch 826 Relative Error 0.17500701546669006
Epoch 827 Relative Error 0.17658817768096924
Epoch 828 Relative Error 0.17857491970062256
Epoch 829 Relative Error 0.17750123143196106
Epoch 830 Relative Error 0.17595499753952026
Epoch 831 Relative Error 0.17514583468437195
Epoch 832 Relative Error 0.17544619739055634
Epoch 833 Relative Error 0.1746709942817688
Epoch 834 Relative Error 0.1743105947971344
Epoch 835 Relative Error 0.17419853806495667
Epoch 836 Relative Error 0.17422150075435638
Epoch 837 Relative Error 0.17410783469676971
Epoch 838 Relative Error 0.1740165501832962
Epoch 839 Relative Error 0.1741294115781784
Epoch 840 Relative Error 0.17452989518642426
Epoch 841 Relative Error 0.1744707077741623
Epoch 842 Relative Error 0.1740489900112152
Epoch 843 Relative Error 0.17414481937885284
Epoch 844 Relative Error 0.1737932711839676
Epoch 845 Relative Error 0.17404542863368988
Epoch 846 Relative Error 0.17457494139671326
Epoch 847 Relative Error 0.17472665011882782
Epoch 848 Relative Error 0.17452797293663025
Epoch 849 Relative Error 0.1745958775281906
Epoch 850 Relative Error 0.17332006990909576
Epoch 851 Relative Error 0.17318208515644073
Epoch 852 Relative Error 0.17359143495559692
Epoch 853 Relative Error 0.17303185164928436
Epoch 854 Relative Error 0.1730060875415802
Epoch 855 Relative Error 0.17289704084396362
Epoch 856 Relative Error 0.17297473549842834
Epoch 857 Relative Error 0.17282722890377045
Epoch 858 Relative Error 0.1731308400630951
Epoch 859 Relative Error 0.1729404777288437
Epoch 860 Relative Error 0.17405717074871063
Epoch 861 Relative Error 0.17651480436325073
Epoch 862 Relative Error 0.17468734085559845
Epoch 863 Relative Error 0.17352798581123352
Epoch 864 Relative Error 0.1732856035232544
Epoch 865 Relative Error 0.17288514971733093
Epoch 866 Relative Error 0.1724548637866974
Epoch 867 Relative Error 0.1723872572183609
Epoch 868 Relative Error 0.1721784770488739
Epoch 869 Relative Error 0.17213402688503265
Epoch 870 Relative Error 0.1723753958940506
Epoch 871 Relative Error 0.1725279837846756
Epoch 872 Relative Error 0.17261958122253418
Epoch 873 Relative Error 0.17250852286815643
Epoch 874 Relative Error 0.17212091386318207
Epoch 875 Relative Error 0.17217950522899628
Epoch 876 Relative Error 0.17224299907684326
Epoch 877 Relative Error 0.17231936752796173
Epoch 878 Relative Error 0.17156226933002472
Epoch 879 Relative Error 0.1714925318956375
Epoch 880 Relative Error 0.17145462334156036
Epoch 881 Relative Error 0.1713782548904419
Epoch 882 Relative Error 0.17145147919654846
Epoch 883 Relative Error 0.1714729219675064
Epoch 884 Relative Error 0.17237253487110138
Epoch 885 Relative Error 0.17244504392147064
Epoch 886 Relative Error 0.17145763337612152
Epoch 887 Relative Error 0.1711486130952835
Epoch 888 Relative Error 0.17117325961589813
Epoch 889 Relative Error 0.17118015885353088
Epoch 890 Relative Error 0.1714726686477661
Epoch 891 Relative Error 0.17185065150260925
Epoch 892 Relative Error 0.17148026823997498
Epoch 893 Relative Error 0.17099395394325256
Epoch 894 Relative Error 0.17187251150608063
Epoch 895 Relative Error 0.17159177362918854
Epoch 896 Relative Error 0.1710137277841568
Epoch 897 Relative Error 0.17050907015800476
Epoch 898 Relative Error 0.1704232543706894
Epoch 899 Relative Error 0.17045988142490387
Epoch 900 Relative Error 0.17034213244915009
Epoch 901 Relative Error 0.17027419805526733
Epoch 902 Relative Error 0.1702432781457901
Epoch 903 Relative Error 0.17016452550888062
Epoch 904 Relative Error 0.17002728581428528
Epoch 905 Relative Error 0.16998761892318726
Epoch 906 Relative Error 0.17035351693630219
Epoch 907 Relative Error 0.17060621082782745
Epoch 908 Relative Error 0.17070916295051575
Epoch 909 Relative Error 0.17035618424415588
Epoch 910 Relative Error 0.16985969245433807
Epoch 911 Relative Error 0.169682115316391
Epoch 912 Relative Error 0.16995151340961456
Epoch 913 Relative Error 0.16990196704864502
Epoch 914 Relative Error 0.16973967850208282
Epoch 915 Relative Error 0.16950422525405884
Epoch 916 Relative Error 0.1693974882364273
Epoch 917 Relative Error 0.1694096177816391
Epoch 918 Relative Error 0.16937261819839478
Epoch 919 Relative Error 0.16924192011356354
Epoch 920 Relative Error 0.16958323121070862
Epoch 921 Relative Error 0.1694575548171997
Epoch 922 Relative Error 0.16908322274684906
Epoch 923 Relative Error 0.1691625416278839
Epoch 924 Relative Error 0.16899314522743225
Epoch 925 Relative Error 0.16903090476989746
Epoch 926 Relative Error 0.16923660039901733
Epoch 927 Relative Error 0.17017783224582672
Epoch 928 Relative Error 0.1699211150407791
Epoch 929 Relative Error 0.1693238615989685
Epoch 930 Relative Error 0.16933728754520416
Epoch 931 Relative Error 0.16882647573947906
Epoch 932 Relative Error 0.16858771443367004
Epoch 933 Relative Error 0.16845908761024475
Epoch 934 Relative Error 0.168412983417511
Epoch 935 Relative Error 0.1683671772480011
Epoch 936 Relative Error 0.16852504014968872
Epoch 937 Relative Error 0.16825635731220245
Epoch 938 Relative Error 0.1683904528617859
Epoch 939 Relative Error 0.1687200367450714
Epoch 940 Relative Error 0.16913527250289917
Epoch 941 Relative Error 0.16904687881469727
Epoch 942 Relative Error 0.16973231732845306
Epoch 943 Relative Error 0.16856500506401062
Epoch 944 Relative Error 0.16820646822452545
Epoch 945 Relative Error 0.16808626055717468
Epoch 946 Relative Error 0.16798946261405945
Epoch 947 Relative Error 0.16774992644786835
Epoch 948 Relative Error 0.1677331030368805
Epoch 949 Relative Error 0.16768138110637665
Epoch 950 Relative Error 0.1676672399044037
Epoch 951 Relative Error 0.16757835447788239
Epoch 952 Relative Error 0.167474165558815
Epoch 953 Relative Error 0.16762934625148773
Epoch 954 Relative Error 0.16813400387763977
Epoch 955 Relative Error 0.16762122511863708
Epoch 956 Relative Error 0.16748236119747162
Epoch 957 Relative Error 0.16756665706634521
Epoch 958 Relative Error 0.16735219955444336
Epoch 959 Relative Error 0.16762451827526093
Epoch 960 Relative Error 0.16750769317150116
Epoch 961 Relative Error 0.16792388260364532
Epoch 962 Relative Error 0.16824179887771606
Epoch 963 Relative Error 0.16789108514785767
Epoch 964 Relative Error 0.16768129169940948
Epoch 965 Relative Error 0.1668320596218109
Epoch 966 Relative Error 0.16674868762493134
Epoch 967 Relative Error 0.1667955219745636
Epoch 968 Relative Error 0.16684949398040771
Epoch 969 Relative Error 0.1671759933233261
Epoch 970 Relative Error 0.16759534180164337
Epoch 971 Relative Error 0.1684560924768448
Epoch 972 Relative Error 0.1669384241104126
Epoch 973 Relative Error 0.16662760078907013
Epoch 974 Relative Error 0.16692154109477997
Epoch 975 Relative Error 0.16648554801940918
Epoch 976 Relative Error 0.16656984388828278
Epoch 977 Relative Error 0.16631755232810974
Epoch 978 Relative Error 0.16621290147304535
Epoch 979 Relative Error 0.16631288826465607
Epoch 980 Relative Error 0.16604165732860565
Epoch 981 Relative Error 0.16597849130630493
Epoch 982 Relative Error 0.1659317910671234
Epoch 983 Relative Error 0.1660357117652893
Epoch 984 Relative Error 0.16584144532680511
Epoch 985 Relative Error 0.16607369482517242
Epoch 986 Relative Error 0.16576583683490753
Epoch 987 Relative Error 0.16667410731315613
Epoch 988 Relative Error 0.16625303030014038
Epoch 989 Relative Error 0.16634635627269745
Epoch 990 Relative Error 0.16747480630874634
Epoch 991 Relative Error 0.16727584600448608
Epoch 992 Relative Error 0.16685183346271515
Epoch 993 Relative Error 0.16716352105140686
Epoch 994 Relative Error 0.16545268893241882
Epoch 995 Relative Error 0.1653202623128891
Epoch 996 Relative Error 0.16532111167907715
Epoch 997 Relative Error 0.16549846529960632
Epoch 998 Relative Error 0.1654478758573532
Epoch 999 Relative Error 0.16550350189208984
Epoch 1000 Relative Error 0.16550178825855255
RE (0, 6, 27, 0): 0.1653202623128891
Green's Function RE (0, 6, 27, 0): 0.10444260388612747
Bias Term RE (0, 6, 27, 0): 0.038397759199142456
Combination (0, 6, 27, 0, 0): 0.1646862030029297
Combination (0, 6, 27, 0, 1): 0.16387012600898743
Combination (0, 6, 27, 0, 2): 0.16360849142074585
Combination (0, 6, 27, 0, 3): 0.1635228395462036
Combination (0, 6, 27, 0, 4): 0.16348063945770264

/home/gridsan/gstepaniants/.local/lib/python3.8/site-packages/torch/functional.py:478: UserWarning: torch.meshgrid: in an upcoming release, it will be required to pass the indexing argument. (Triggered internally at  ../aten/src/ATen/native/TensorShape.cpp:2895.)
  return _VF.meshgrid(tensors, **kwargs)  # type: ignore[attr-defined]
