[KeOps] Warning : Cuda libraries were not detected on the system ; using cpu only mode
1
Kernel: SquaredExponential
Weight Mesh: 100
RKHS Kernel Width: 0.03
Lambda: 1e-06
Green's Function Learning Rate: 100
Bias Term Learning Rate: 100
Epoch 1 Relative Error 8104.73388671875
First epoch had re = 8104.73388671875 > 1
Green's Function Learning Rate: 50
Bias Term Learning Rate: 50
Epoch 1 Relative Error 3681.326416015625
First epoch had re = 3681.326416015625 > 1
Green's Function Learning Rate: 10
Bias Term Learning Rate: 10
Epoch 1 Relative Error 643.1612548828125
First epoch had re = 643.1612548828125 > 1
Green's Function Learning Rate: 5
Bias Term Learning Rate: 5
Epoch 1 Relative Error 428.6547546386719
First epoch had re = 428.6547546386719 > 1
Green's Function Learning Rate: 1
Bias Term Learning Rate: 1
Epoch 1 Relative Error 84.27912902832031
First epoch had re = 84.27912902832031 > 1
Green's Function Learning Rate: 0.5
Bias Term Learning Rate: 0.5
Epoch 1 Relative Error 38.03754806518555
First epoch had re = 38.03754806518555 > 1
Green's Function Learning Rate: 0.1
Bias Term Learning Rate: 0.1
Epoch 1 Relative Error 7.201667785644531
First epoch had re = 7.201667785644531 > 1
Green's Function Learning Rate: 0.05
Bias Term Learning Rate: 0.05
Epoch 1 Relative Error 2.9282772541046143
First epoch had re = 2.9282772541046143 > 1
Green's Function Learning Rate: 0.01
Bias Term Learning Rate: 0.01
Epoch 1 Relative Error 0.768534243106842
Epoch 2 Relative Error 0.6882627606391907
Epoch 3 Relative Error 0.505561888217926
Epoch 4 Relative Error 0.3918643891811371
Epoch 5 Relative Error 0.30400460958480835
Epoch 6 Relative Error 0.1946425437927246
Epoch 7 Relative Error 0.1744249165058136
Epoch 8 Relative Error 0.1286504566669464
Epoch 9 Relative Error 0.10866227000951767
Epoch 10 Relative Error 0.08694557845592499
Epoch 11 Relative Error 0.07965517789125443
Epoch 12 Relative Error 0.07134492695331573
Epoch 13 Relative Error 0.05480435490608215
Epoch 14 Relative Error 0.04344278201460838
Epoch 15 Relative Error 0.035048142075538635
Epoch 16 Relative Error 0.02726241759955883
Epoch 17 Relative Error 0.023921839892864227
Epoch 18 Relative Error 0.021654020994901657
Epoch 19 Relative Error 0.018777577206492424
Epoch 20 Relative Error 0.017919499427080154
Epoch 21 Relative Error 0.016479313373565674
Epoch 22 Relative Error 0.015346254222095013
Epoch 23 Relative Error 0.014405994676053524
Epoch 24 Relative Error 0.013876239769160748
Epoch 25 Relative Error 0.01326567679643631
Epoch 26 Relative Error 0.01308922003954649
Epoch 27 Relative Error 0.012812080793082714
Epoch 28 Relative Error 0.012514936737716198
Epoch 29 Relative Error 0.012306050397455692
Epoch 30 Relative Error 0.01211044006049633
Epoch 31 Relative Error 0.011964400298893452
Epoch 32 Relative Error 0.011793886311352253
Epoch 33 Relative Error 0.011587768793106079
Epoch 34 Relative Error 0.011445614509284496
Epoch 35 Relative Error 0.011333616450428963
Epoch 36 Relative Error 0.011205845512449741
Epoch 37 Relative Error 0.011062107048928738
Epoch 38 Relative Error 0.010924925096333027
Epoch 39 Relative Error 0.010805157944560051
Epoch 40 Relative Error 0.010682208463549614
Epoch 41 Relative Error 0.010573728941380978
Epoch 42 Relative Error 0.01047144178301096
Epoch 43 Relative Error 0.010369745083153248
Epoch 44 Relative Error 0.010283075273036957
Epoch 45 Relative Error 0.01017802208662033
Epoch 46 Relative Error 0.010075612924993038
Epoch 47 Relative Error 0.00998754519969225
Epoch 48 Relative Error 0.009909207932651043
Epoch 49 Relative Error 0.00982146617025137
Epoch 50 Relative Error 0.009736329317092896
Epoch 51 Relative Error 0.009649137035012245
Epoch 52 Relative Error 0.009576442651450634
Epoch 53 Relative Error 0.009498588740825653
Epoch 54 Relative Error 0.00942931231111288
Epoch 55 Relative Error 0.009347218088805676
Epoch 56 Relative Error 0.009282432496547699
Epoch 57 Relative Error 0.009221957996487617
Epoch 58 Relative Error 0.009144195355474949
Epoch 59 Relative Error 0.009079809300601482
Epoch 60 Relative Error 0.009017896838486195
Epoch 61 Relative Error 0.008956992998719215
Epoch 62 Relative Error 0.008896739222109318
Epoch 63 Relative Error 0.008844448253512383
Epoch 64 Relative Error 0.008783203549683094
Epoch 65 Relative Error 0.00872777495533228
Epoch 66 Relative Error 0.008672645315527916
Epoch 67 Relative Error 0.00863103847950697
Epoch 68 Relative Error 0.00858478806912899
Epoch 69 Relative Error 0.008519155904650688
Epoch 70 Relative Error 0.008471554145216942
Epoch 71 Relative Error 0.008428782224655151
Epoch 72 Relative Error 0.00837104395031929
Epoch 73 Relative Error 0.008321600034832954
Epoch 74 Relative Error 0.008275071159005165
Epoch 75 Relative Error 0.008236444555222988
Epoch 76 Relative Error 0.008181575685739517
Epoch 77 Relative Error 0.008137809112668037
Epoch 78 Relative Error 0.008104627020657063
Epoch 79 Relative Error 0.008054104633629322
Epoch 80 Relative Error 0.008013035170733929
Epoch 81 Relative Error 0.007969669066369534
Epoch 82 Relative Error 0.007930837571620941
Epoch 83 Relative Error 0.007889672182500362
Epoch 84 Relative Error 0.00785467866808176
Epoch 85 Relative Error 0.007817001082003117
Epoch 86 Relative Error 0.007788407616317272
Epoch 87 Relative Error 0.007761332206428051
Epoch 88 Relative Error 0.007712143938988447
Epoch 89 Relative Error 0.0076760826632380486
Epoch 90 Relative Error 0.007643536664545536
Epoch 91 Relative Error 0.007608004845678806
Epoch 92 Relative Error 0.007579008582979441
Epoch 93 Relative Error 0.007532898336648941
Epoch 94 Relative Error 0.0074968175031244755
Epoch 95 Relative Error 0.0074692401103675365
Epoch 96 Relative Error 0.007438770029693842
Epoch 97 Relative Error 0.007409313693642616
Epoch 98 Relative Error 0.007372937630861998
Epoch 99 Relative Error 0.007352269720286131
Epoch 100 Relative Error 0.007317928597331047
Epoch 101 Relative Error 0.007289436645805836
Epoch 102 Relative Error 0.007262384053319693
Epoch 103 Relative Error 0.007232235744595528
Epoch 104 Relative Error 0.007208875846117735
Epoch 105 Relative Error 0.007172680459916592
Epoch 106 Relative Error 0.007144138682633638
Epoch 107 Relative Error 0.007117231376469135
Epoch 108 Relative Error 0.007094992324709892
Epoch 109 Relative Error 0.007063942030072212
Epoch 110 Relative Error 0.007038103882223368
Epoch 111 Relative Error 0.007019775919616222
Epoch 112 Relative Error 0.006987604778259993
Epoch 113 Relative Error 0.006968365050852299
Epoch 114 Relative Error 0.0069386884570121765
Epoch 115 Relative Error 0.006913625635206699
Epoch 116 Relative Error 0.006883235182613134
Epoch 117 Relative Error 0.006871512159705162
Epoch 118 Relative Error 0.006843320559710264
Epoch 119 Relative Error 0.006826906930655241
Epoch 120 Relative Error 0.0068077160976827145
Epoch 121 Relative Error 0.006776814348995686
Epoch 122 Relative Error 0.006757198832929134
Epoch 123 Relative Error 0.006726629100739956
Epoch 124 Relative Error 0.006706954445689917
Epoch 125 Relative Error 0.006696460302919149
Epoch 126 Relative Error 0.006655871402472258
Epoch 127 Relative Error 0.006646274589002132
Epoch 128 Relative Error 0.006618672050535679
Epoch 129 Relative Error 0.006604239344596863
Epoch 130 Relative Error 0.006577639374881983
Epoch 131 Relative Error 0.0065701124258339405
Epoch 132 Relative Error 0.00654779514297843
Epoch 133 Relative Error 0.006526055280119181
Epoch 134 Relative Error 0.006509196944534779
Epoch 135 Relative Error 0.0064873467199504375
Epoch 136 Relative Error 0.006474374793469906
Epoch 137 Relative Error 0.006451389752328396
Epoch 138 Relative Error 0.006425364408642054
Epoch 139 Relative Error 0.0064083365723490715
Epoch 140 Relative Error 0.006386031862348318
Epoch 141 Relative Error 0.006371857598423958
Epoch 142 Relative Error 0.006356067955493927
Epoch 143 Relative Error 0.0063316780142486095
Epoch 144 Relative Error 0.006315344013273716
Epoch 145 Relative Error 0.006299240048974752
Epoch 146 Relative Error 0.006286383140832186
Epoch 147 Relative Error 0.006273401901125908
Epoch 148 Relative Error 0.006248461082577705
Epoch 149 Relative Error 0.006239471957087517
Epoch 150 Relative Error 0.006226242519915104
Epoch 151 Relative Error 0.006212993524968624
Epoch 152 Relative Error 0.0061850170604884624
Epoch 153 Relative Error 0.006176823750138283
Epoch 154 Relative Error 0.006152814254164696
Epoch 155 Relative Error 0.00615498935803771
Epoch 156 Relative Error 0.006129288114607334
Epoch 157 Relative Error 0.006108215544372797
Epoch 158 Relative Error 0.006107731722295284
Epoch 159 Relative Error 0.006076184567064047
Epoch 160 Relative Error 0.006064693909138441
Epoch 161 Relative Error 0.0060562267899513245
Epoch 162 Relative Error 0.006037700455635786
Epoch 163 Relative Error 0.006028660107403994
Epoch 164 Relative Error 0.006008067633956671
Epoch 165 Relative Error 0.005996775347739458
Epoch 166 Relative Error 0.005985348019748926
Epoch 167 Relative Error 0.005967834033071995
Epoch 168 Relative Error 0.005951655097305775
Epoch 169 Relative Error 0.005942001473158598
Epoch 170 Relative Error 0.00592247536405921
Epoch 171 Relative Error 0.005908613093197346
Epoch 172 Relative Error 0.005894659552723169
Epoch 173 Relative Error 0.005881526507437229
Epoch 174 Relative Error 0.0058640060015022755
Epoch 175 Relative Error 0.005853539798408747
Epoch 176 Relative Error 0.005845571868121624
Epoch 177 Relative Error 0.0058295950293540955
Epoch 178 Relative Error 0.005817288998514414
Epoch 179 Relative Error 0.005802646279335022
Epoch 180 Relative Error 0.005791789852082729
Epoch 181 Relative Error 0.005775585304945707
Epoch 182 Relative Error 0.005771046504378319
Epoch 183 Relative Error 0.005757545121014118
Epoch 184 Relative Error 0.005742065608501434
Epoch 185 Relative Error 0.005728516727685928
Epoch 186 Relative Error 0.005725073162466288
Epoch 187 Relative Error 0.005704349838197231
Epoch 188 Relative Error 0.005693939048796892
Epoch 189 Relative Error 0.005680285394191742
Epoch 190 Relative Error 0.005673495586961508
Epoch 191 Relative Error 0.005663737654685974
Epoch 192 Relative Error 0.005648041609674692
Epoch 193 Relative Error 0.005635409150272608
Epoch 194 Relative Error 0.00562181556597352
Epoch 195 Relative Error 0.005616846494376659
Epoch 196 Relative Error 0.005605303216725588
Epoch 197 Relative Error 0.005597587209194899
Epoch 198 Relative Error 0.00558307021856308
Epoch 199 Relative Error 0.005569151137024164
Epoch 200 Relative Error 0.005561666563153267
Epoch 201 Relative Error 0.0055541424080729485
Epoch 202 Relative Error 0.005545074585825205
Epoch 203 Relative Error 0.005530565045773983
Epoch 204 Relative Error 0.005517924204468727
Epoch 205 Relative Error 0.005517890676856041
Epoch 206 Relative Error 0.005499977618455887
Epoch 207 Relative Error 0.0054938653483986855
Epoch 208 Relative Error 0.005486229434609413
Epoch 209 Relative Error 0.005477197468280792
Epoch 210 Relative Error 0.0054610781371593475
Epoch 211 Relative Error 0.005460117477923632
Epoch 212 Relative Error 0.0054414719343185425
Epoch 213 Relative Error 0.005429546348750591
Epoch 214 Relative Error 0.005418458953499794
Epoch 215 Relative Error 0.005410264246165752
Epoch 216 Relative Error 0.00540470564737916
Epoch 217 Relative Error 0.005387397017329931
Epoch 218 Relative Error 0.005379915703088045
Epoch 219 Relative Error 0.005376255139708519
Epoch 220 Relative Error 0.005368339829146862
Epoch 221 Relative Error 0.00535988062620163
Epoch 222 Relative Error 0.005353770684450865
Epoch 223 Relative Error 0.005332235246896744
Epoch 224 Relative Error 0.005332103930413723
Epoch 225 Relative Error 0.005318824201822281
Epoch 226 Relative Error 0.005317509174346924
Epoch 227 Relative Error 0.005307410843670368
Epoch 228 Relative Error 0.005293943453580141
Epoch 229 Relative Error 0.005281299352645874
Epoch 230 Relative Error 0.005277053918689489
Epoch 231 Relative Error 0.005261496640741825
Epoch 232 Relative Error 0.0052613127045333385
Epoch 233 Relative Error 0.005251290742307901
Epoch 234 Relative Error 0.00523838447406888
Epoch 235 Relative Error 0.0052377148531377316
Epoch 236 Relative Error 0.00522377947345376
Epoch 237 Relative Error 0.005223557818681002
Epoch 238 Relative Error 0.005213650409132242
Epoch 239 Relative Error 0.0051965899765491486
Epoch 240 Relative Error 0.005193670745939016
Epoch 241 Relative Error 0.0051801311783492565
Epoch 242 Relative Error 0.005185476969927549
Epoch 243 Relative Error 0.005168839357793331
Epoch 244 Relative Error 0.005161073990166187
Epoch 245 Relative Error 0.005156236235052347
Epoch 246 Relative Error 0.005151917226612568
Epoch 247 Relative Error 0.00513708358630538
Epoch 248 Relative Error 0.005125605501234531
Epoch 249 Relative Error 0.005118229892104864
Epoch 250 Relative Error 0.0051191444508731365
Epoch 251 Relative Error 0.0051031862385571
Epoch 252 Relative Error 0.005097255576401949
Epoch 253 Relative Error 0.005091256462037563
Epoch 254 Relative Error 0.005079028662294149
Epoch 255 Relative Error 0.00508079631254077
Epoch 256 Relative Error 0.005073640961199999
Epoch 257 Relative Error 0.005062626209110022
Epoch 258 Relative Error 0.005069231614470482
Epoch 259 Relative Error 0.005057008471339941
Epoch 260 Relative Error 0.005042380187660456
Epoch 261 Relative Error 0.005026898346841335
Epoch 262 Relative Error 0.005023778881877661
Epoch 263 Relative Error 0.005012094974517822
Epoch 264 Relative Error 0.005009911023080349
Epoch 265 Relative Error 0.004995946306735277
Epoch 266 Relative Error 0.0049925814382731915
Epoch 267 Relative Error 0.004984010010957718
Epoch 268 Relative Error 0.004977662116289139
Epoch 269 Relative Error 0.004975874908268452
Epoch 270 Relative Error 0.004974860232323408
Epoch 271 Relative Error 0.0049814521335065365
Epoch 272 Relative Error 0.00495925173163414
Epoch 273 Relative Error 0.004954278934746981
Epoch 274 Relative Error 0.004946890287101269
Epoch 275 Relative Error 0.004938904661685228
Epoch 276 Relative Error 0.004934316035360098
Epoch 277 Relative Error 0.004917427431792021
Epoch 278 Relative Error 0.004918640945106745
Epoch 279 Relative Error 0.004909820389002562
Epoch 280 Relative Error 0.004900382366031408
Epoch 281 Relative Error 0.004892394877970219
Epoch 282 Relative Error 0.004888580180704594
Epoch 283 Relative Error 0.004877833649516106
Epoch 284 Relative Error 0.004876025952398777
Epoch 285 Relative Error 0.004876971244812012
Epoch 286 Relative Error 0.004865756258368492
Epoch 287 Relative Error 0.00485977903008461
Epoch 288 Relative Error 0.004847346805036068
Epoch 289 Relative Error 0.004844402428716421
Epoch 290 Relative Error 0.0048663862980902195
Epoch 291 Relative Error 0.004859532229602337
Epoch 292 Relative Error 0.004838636144995689
Epoch 293 Relative Error 0.004814145155251026
Epoch 294 Relative Error 0.00482094706967473
Epoch 295 Relative Error 0.004803511314094067
Epoch 296 Relative Error 0.004794514272361994
Epoch 297 Relative Error 0.004795565269887447
Epoch 298 Relative Error 0.004793740343302488
Epoch 299 Relative Error 0.004787167068570852
Epoch 300 Relative Error 0.004797129891812801
Epoch 301 Relative Error 0.004773636814206839
Epoch 302 Relative Error 0.004792394582182169
Epoch 303 Relative Error 0.00476485351100564
Epoch 304 Relative Error 0.00475371303036809
Epoch 305 Relative Error 0.0047720447182655334
Epoch 306 Relative Error 0.004759372211992741
Epoch 307 Relative Error 0.004755829926580191
Epoch 308 Relative Error 0.004733628127723932
Epoch 309 Relative Error 0.004732140339910984
Epoch 310 Relative Error 0.0047187418676912785
Epoch 311 Relative Error 0.004712938331067562
Epoch 312 Relative Error 0.004704642575234175
Epoch 313 Relative Error 0.004703942686319351
Epoch 314 Relative Error 0.0047121476382017136
Epoch 315 Relative Error 0.004693196155130863
Epoch 316 Relative Error 0.004683505278080702
Epoch 317 Relative Error 0.004672899842262268
Epoch 318 Relative Error 0.004670267924666405
Epoch 319 Relative Error 0.004666171036660671
Epoch 320 Relative Error 0.004668593406677246
Epoch 321 Relative Error 0.004653561860322952
Epoch 322 Relative Error 0.004651298280805349
Epoch 323 Relative Error 0.0046419925056397915
Epoch 324 Relative Error 0.004645923618227243
Epoch 325 Relative Error 0.004645932000130415
Epoch 326 Relative Error 0.004626826383173466
Epoch 327 Relative Error 0.004630700685083866
Epoch 328 Relative Error 0.004629786591976881
Epoch 329 Relative Error 0.004617951810359955
Epoch 330 Relative Error 0.004616809543222189
Epoch 331 Relative Error 0.0046043540351092815
Epoch 332 Relative Error 0.00460295844823122
Epoch 333 Relative Error 0.004599577747285366
Epoch 334 Relative Error 0.0045939781703054905
Epoch 335 Relative Error 0.004590932279825211
Epoch 336 Relative Error 0.004582254681736231
Epoch 337 Relative Error 0.004573336336761713
Epoch 338 Relative Error 0.004564151633530855
Epoch 339 Relative Error 0.004570126533508301
Epoch 340 Relative Error 0.004559178836643696
Epoch 341 Relative Error 0.004551537334918976
Epoch 342 Relative Error 0.004549385979771614
Epoch 343 Relative Error 0.0045423624105751514
Epoch 344 Relative Error 0.004538648296147585
Epoch 345 Relative Error 0.004542934708297253
Epoch 346 Relative Error 0.004533568397164345
Epoch 347 Relative Error 0.004525038413703442
Epoch 348 Relative Error 0.00452503701671958
Epoch 349 Relative Error 0.004513951484113932
Epoch 350 Relative Error 0.004511746112257242
Epoch 351 Relative Error 0.004515699110925198
Epoch 352 Relative Error 0.00449938653036952
Epoch 353 Relative Error 0.004501755814999342
Epoch 354 Relative Error 0.0045143901370465755
Epoch 355 Relative Error 0.004530755337327719
Epoch 356 Relative Error 0.0045232451520860195
Epoch 357 Relative Error 0.004526401404291391
Epoch 358 Relative Error 0.00448843976482749
Epoch 359 Relative Error 0.004479790572077036
Epoch 360 Relative Error 0.00448229443281889
Epoch 361 Relative Error 0.0044633434154093266
Epoch 362 Relative Error 0.004456110764294863
Epoch 363 Relative Error 0.004478663206100464
Epoch 364 Relative Error 0.004457463975995779
Epoch 365 Relative Error 0.004449194762855768
Epoch 366 Relative Error 0.0044527817517519
Epoch 367 Relative Error 0.004442192148417234
Epoch 368 Relative Error 0.004435120616108179
Epoch 369 Relative Error 0.004429033026099205
Epoch 370 Relative Error 0.004422957543283701
Epoch 371 Relative Error 0.004418031312525272
Epoch 372 Relative Error 0.004425546620041132
Epoch 373 Relative Error 0.004410171881318092
Epoch 374 Relative Error 0.004412317648530006
Epoch 375 Relative Error 0.004414480645209551
Epoch 376 Relative Error 0.004409124609082937
Epoch 377 Relative Error 0.004427511245012283
Epoch 378 Relative Error 0.004402374383062124
Epoch 379 Relative Error 0.004407468251883984
Epoch 380 Relative Error 0.004415000788867474
Epoch 381 Relative Error 0.004413002170622349
Epoch 382 Relative Error 0.004378715995699167
Epoch 383 Relative Error 0.004375155083835125
Epoch 384 Relative Error 0.004380036145448685
Epoch 385 Relative Error 0.004393167328089476
Epoch 386 Relative Error 0.004405738785862923
Epoch 387 Relative Error 0.004390381276607513
Epoch 388 Relative Error 0.004389567766338587
Epoch 389 Relative Error 0.0043746111914515495
Epoch 390 Relative Error 0.004350551404058933
Epoch 391 Relative Error 0.004358432721346617
Epoch 392 Relative Error 0.004368210211396217
Epoch 393 Relative Error 0.004377223551273346
Epoch 394 Relative Error 0.004363309592008591
Epoch 395 Relative Error 0.004348804708570242
Epoch 396 Relative Error 0.004333836957812309
Epoch 397 Relative Error 0.004320527892559767
Epoch 398 Relative Error 0.00432785227894783
Epoch 399 Relative Error 0.004321258515119553
Epoch 400 Relative Error 0.004308794159442186
Epoch 401 Relative Error 0.004308946430683136
Epoch 402 Relative Error 0.004303379449993372
Epoch 403 Relative Error 0.004326961934566498
Epoch 404 Relative Error 0.004295253660529852
Epoch 405 Relative Error 0.004294582176953554
Epoch 406 Relative Error 0.004289526492357254
Epoch 407 Relative Error 0.004282990004867315
Epoch 408 Relative Error 0.004278172273188829
Epoch 409 Relative Error 0.004276157356798649
Epoch 410 Relative Error 0.004265711642801762
Epoch 411 Relative Error 0.004266413394361734
Epoch 412 Relative Error 0.00426097959280014
Epoch 413 Relative Error 0.004257895518094301
Epoch 414 Relative Error 0.004247351549565792
Epoch 415 Relative Error 0.004244969226419926
Epoch 416 Relative Error 0.004239880479872227
Epoch 417 Relative Error 0.004240640439093113
Epoch 418 Relative Error 0.004246363416314125
Epoch 419 Relative Error 0.004234571475535631
Epoch 420 Relative Error 0.004232659004628658
Epoch 421 Relative Error 0.0042202165350317955
Epoch 422 Relative Error 0.00421982491388917
Epoch 423 Relative Error 0.004215389955788851
Epoch 424 Relative Error 0.004215334542095661
Epoch 425 Relative Error 0.00421421742066741
Epoch 426 Relative Error 0.004199960734695196
Epoch 427 Relative Error 0.0042037321254611015
Epoch 428 Relative Error 0.004198901820927858
Epoch 429 Relative Error 0.0041954112239181995
Epoch 430 Relative Error 0.004190203733742237
Epoch 431 Relative Error 0.004187422338873148
Epoch 432 Relative Error 0.00418448681011796
Epoch 433 Relative Error 0.004183126613497734
Epoch 434 Relative Error 0.004177031107246876
Epoch 435 Relative Error 0.004173589404672384
Epoch 436 Relative Error 0.004171932581812143
Epoch 437 Relative Error 0.0041681621223688126
Epoch 438 Relative Error 0.004159863106906414
Epoch 439 Relative Error 0.004157855175435543
Epoch 440 Relative Error 0.004161544144153595
Epoch 441 Relative Error 0.004152452107518911
Epoch 442 Relative Error 0.004151410423219204
Epoch 443 Relative Error 0.0041483440436422825
Epoch 444 Relative Error 0.004148424603044987
Epoch 445 Relative Error 0.00414048507809639
Epoch 446 Relative Error 0.00413915840908885
Epoch 447 Relative Error 0.004137003794312477
Epoch 448 Relative Error 0.004128873348236084
Epoch 449 Relative Error 0.00412604957818985
Epoch 450 Relative Error 0.004131142050027847
Epoch 451 Relative Error 0.004118828568607569
Epoch 452 Relative Error 0.004139581695199013
Epoch 453 Relative Error 0.004122762009501457
Epoch 454 Relative Error 0.004125750157982111
Epoch 455 Relative Error 0.0041117859072983265
Epoch 456 Relative Error 0.0041066622361540794
Epoch 457 Relative Error 0.004099754150956869
Epoch 458 Relative Error 0.004096537828445435
Epoch 459 Relative Error 0.004097857046872377
Epoch 460 Relative Error 0.0040911538526415825
Epoch 461 Relative Error 0.004095328040421009
Epoch 462 Relative Error 0.004086433909833431
Epoch 463 Relative Error 0.004081529565155506
Epoch 464 Relative Error 0.0040890248492360115
Epoch 465 Relative Error 0.004084861371666193
Epoch 466 Relative Error 0.004113414790481329
Epoch 467 Relative Error 0.004073848482221365
Epoch 468 Relative Error 0.0040853554382920265
Epoch 469 Relative Error 0.004068419337272644
Epoch 470 Relative Error 0.004071193281561136
Epoch 471 Relative Error 0.004073533229529858
Epoch 472 Relative Error 0.004054367076605558
Epoch 473 Relative Error 0.004063286818563938
Epoch 474 Relative Error 0.004061168059706688
Epoch 475 Relative Error 0.0040544429793953896
Epoch 476 Relative Error 0.004072013311088085
Epoch 477 Relative Error 0.004039864521473646
Epoch 478 Relative Error 0.0040418426506221294
Epoch 479 Relative Error 0.004045924637466669
Epoch 480 Relative Error 0.004047810565680265
Epoch 481 Relative Error 0.004050738178193569
Epoch 482 Relative Error 0.004030162468552589
Epoch 483 Relative Error 0.004027928691357374
Epoch 484 Relative Error 0.004021958913654089
Epoch 485 Relative Error 0.004029095638543367
Epoch 486 Relative Error 0.004019925370812416
Epoch 487 Relative Error 0.004023351240903139
Epoch 488 Relative Error 0.004020581487566233
Epoch 489 Relative Error 0.004017623607069254
Epoch 490 Relative Error 0.004003566689789295
Epoch 491 Relative Error 0.004002976696938276
Epoch 492 Relative Error 0.003994901664555073
Epoch 493 Relative Error 0.0039931670762598515
Epoch 494 Relative Error 0.00399260688573122
Epoch 495 Relative Error 0.003990755882114172
Epoch 496 Relative Error 0.003990814555436373
Epoch 497 Relative Error 0.003986322786659002
Epoch 498 Relative Error 0.0039848084561526775
Epoch 499 Relative Error 0.003983182832598686
Epoch 500 Relative Error 0.0039775739423930645
Epoch 501 Relative Error 0.0039758095517754555
Epoch 502 Relative Error 0.003969594836235046
Epoch 503 Relative Error 0.003964824136346579
Epoch 504 Relative Error 0.003959314897656441
Epoch 505 Relative Error 0.003962554037570953
Epoch 506 Relative Error 0.003957154229283333
Epoch 507 Relative Error 0.003951291553676128
Epoch 508 Relative Error 0.003952526953071356
Epoch 509 Relative Error 0.00394720071926713
Epoch 510 Relative Error 0.003943230491131544
Epoch 511 Relative Error 0.003953391686081886
Epoch 512 Relative Error 0.003941015340387821
Epoch 513 Relative Error 0.003944238182157278
Epoch 514 Relative Error 0.003955392632633448
Epoch 515 Relative Error 0.0039387475699186325
Epoch 516 Relative Error 0.00393140921369195
Epoch 517 Relative Error 0.0039383783005177975
Epoch 518 Relative Error 0.003929077181965113
Epoch 519 Relative Error 0.00394404586404562
Epoch 520 Relative Error 0.003959972411394119
Epoch 521 Relative Error 0.003956628032028675
Epoch 522 Relative Error 0.0039575244300067425
Epoch 523 Relative Error 0.0039336406625807285
Epoch 524 Relative Error 0.003919166512787342
Epoch 525 Relative Error 0.003912647254765034
Epoch 526 Relative Error 0.003914086148142815
Epoch 527 Relative Error 0.003921662922948599
Epoch 528 Relative Error 0.0039037694223225117
Epoch 529 Relative Error 0.003917895257472992
Epoch 530 Relative Error 0.003921297378838062
Epoch 531 Relative Error 0.0039090062491595745
Epoch 532 Relative Error 0.0038952664472162724
Epoch 533 Relative Error 0.0038872063159942627
Epoch 534 Relative Error 0.003892723470926285
Epoch 535 Relative Error 0.003881303360685706
Epoch 536 Relative Error 0.0038768164813518524
Epoch 537 Relative Error 0.0038786495570093393
Epoch 538 Relative Error 0.003877821145579219
Epoch 539 Relative Error 0.0038767484948039055
Epoch 540 Relative Error 0.003870459506288171
Epoch 541 Relative Error 0.0038713025860488415
Epoch 542 Relative Error 0.003868916304782033
Epoch 543 Relative Error 0.003867466701194644
Epoch 544 Relative Error 0.0038631830830127
Epoch 545 Relative Error 0.0038563013076782227
Epoch 546 Relative Error 0.0038626675959676504
Epoch 547 Relative Error 0.0038602142594754696
Epoch 548 Relative Error 0.0038496782071888447
Epoch 549 Relative Error 0.003850354114547372
Epoch 550 Relative Error 0.0038449293933808804
Epoch 551 Relative Error 0.0038407533429563046
Epoch 552 Relative Error 0.0038430436979979277
Epoch 553 Relative Error 0.003857108298689127
Epoch 554 Relative Error 0.003841493045911193
Epoch 555 Relative Error 0.003840632736682892
Epoch 556 Relative Error 0.003847910324111581
Epoch 557 Relative Error 0.0038396846503019333
Epoch 558 Relative Error 0.003833692753687501
Epoch 559 Relative Error 0.0038236500695347786
Epoch 560 Relative Error 0.0038266165647655725
Epoch 561 Relative Error 0.003816713346168399
Epoch 562 Relative Error 0.0038275590632110834
Epoch 563 Relative Error 0.003828807733952999
Epoch 564 Relative Error 0.003812989918515086
Epoch 565 Relative Error 0.0038200600538402796
Epoch 566 Relative Error 0.0038233099039644003
Epoch 567 Relative Error 0.003814385272562504
Epoch 568 Relative Error 0.0038112627808004618
Epoch 569 Relative Error 0.0038320503663271666
Epoch 570 Relative Error 0.0038238302804529667
Epoch 571 Relative Error 0.0038575134240090847
Epoch 572 Relative Error 0.0038094990886747837
Epoch 573 Relative Error 0.0038053919561207294
Epoch 574 Relative Error 0.003799799829721451
Epoch 575 Relative Error 0.0037936666049063206
Epoch 576 Relative Error 0.003790493356063962
Epoch 577 Relative Error 0.0037928347010165453
Epoch 578 Relative Error 0.0037866164930164814
Epoch 579 Relative Error 0.0037766366731375456
Epoch 580 Relative Error 0.003783953608945012
Epoch 581 Relative Error 0.0037838693242520094
Epoch 582 Relative Error 0.0037730950862169266
Epoch 583 Relative Error 0.0037705651484429836
Epoch 584 Relative Error 0.003771503223106265
Epoch 585 Relative Error 0.00378165184520185
Epoch 586 Relative Error 0.0037708317395299673
Epoch 587 Relative Error 0.0037611564621329308
Epoch 588 Relative Error 0.003762772772461176
Epoch 589 Relative Error 0.0037589259445667267
Epoch 590 Relative Error 0.003755267011001706
Epoch 591 Relative Error 0.0037635741755366325
Epoch 592 Relative Error 0.003754392033442855
Epoch 593 Relative Error 0.0037611289881169796
Epoch 594 Relative Error 0.0037671667523682117
Epoch 595 Relative Error 0.003815138479694724
Epoch 596 Relative Error 0.0038203848525881767
Epoch 597 Relative Error 0.0037960433401167393
Epoch 598 Relative Error 0.0037862383760511875
Epoch 599 Relative Error 0.0037915087305009365
Epoch 600 Relative Error 0.003757741302251816
Epoch 601 Relative Error 0.0038063751999288797
Epoch 602 Relative Error 0.0037750874180346727
Epoch 603 Relative Error 0.003783914027735591
Epoch 604 Relative Error 0.0037413646932691336
Epoch 605 Relative Error 0.003740526270121336
Epoch 606 Relative Error 0.0037359101697802544
Epoch 607 Relative Error 0.0037275804206728935
Epoch 608 Relative Error 0.003728576935827732
Epoch 609 Relative Error 0.003726561786606908
Epoch 610 Relative Error 0.0037131847348064184
Epoch 611 Relative Error 0.003722680266946554
Epoch 612 Relative Error 0.0037140122149139643
Epoch 613 Relative Error 0.003710355842486024
Epoch 614 Relative Error 0.003706565359607339
Epoch 615 Relative Error 0.0037102950736880302
Epoch 616 Relative Error 0.0037036442663520575
Epoch 617 Relative Error 0.0037115374580025673
Epoch 618 Relative Error 0.0037018549628555775
Epoch 619 Relative Error 0.003695873776450753
Epoch 620 Relative Error 0.00369764631614089
Epoch 621 Relative Error 0.003708590054884553
Epoch 622 Relative Error 0.0037055627908557653
Epoch 623 Relative Error 0.0037242164835333824
Epoch 624 Relative Error 0.00370451295748353
Epoch 625 Relative Error 0.0037008661311119795
Epoch 626 Relative Error 0.003697894047945738
Epoch 627 Relative Error 0.0036999338772147894
Epoch 628 Relative Error 0.0037593627348542213
Epoch 629 Relative Error 0.0037334184162318707
Epoch 630 Relative Error 0.003698799293488264
Epoch 631 Relative Error 0.0037112648133188486
Epoch 632 Relative Error 0.003688044613227248
Epoch 633 Relative Error 0.00368110160343349
Epoch 634 Relative Error 0.0036908609326928854
Epoch 635 Relative Error 0.0037036631256341934
Epoch 636 Relative Error 0.0036687138490378857
Epoch 637 Relative Error 0.0036661524791270494
Epoch 638 Relative Error 0.0036655617877840996
Epoch 639 Relative Error 0.003663808573037386
Epoch 640 Relative Error 0.0036701764911413193
Epoch 641 Relative Error 0.0036580818705260754
Epoch 642 Relative Error 0.0036497514229267836
Epoch 643 Relative Error 0.0036526289768517017
Epoch 644 Relative Error 0.003645384218543768
Epoch 645 Relative Error 0.0036416351795196533
Epoch 646 Relative Error 0.003641016548499465
Epoch 647 Relative Error 0.003644118783995509
Epoch 648 Relative Error 0.003639971138909459
Epoch 649 Relative Error 0.0036412456538528204
Epoch 650 Relative Error 0.0036381285171955824
Epoch 651 Relative Error 0.0036545475013554096
Epoch 652 Relative Error 0.0036422356497496367
Epoch 653 Relative Error 0.0036370314192026854
Epoch 654 Relative Error 0.0036344744730740786
Epoch 655 Relative Error 0.0036436396185308695
Epoch 656 Relative Error 0.0036349687725305557
Epoch 657 Relative Error 0.0036294404417276382
Epoch 658 Relative Error 0.0036203705240041018
Epoch 659 Relative Error 0.003623375203460455
Epoch 660 Relative Error 0.003634071908891201
Epoch 661 Relative Error 0.0036279107443988323
Epoch 662 Relative Error 0.0036149369552731514
Epoch 663 Relative Error 0.0036152314860373735
Epoch 664 Relative Error 0.003622238291427493
Epoch 665 Relative Error 0.0036091457586735487
Epoch 666 Relative Error 0.0036058074329048395
Epoch 667 Relative Error 0.0036038632970303297
Epoch 668 Relative Error 0.003596438094973564
Epoch 669 Relative Error 0.0035976218059659004
Epoch 670 Relative Error 0.0035970862954854965
Epoch 671 Relative Error 0.0035942597314715385
Epoch 672 Relative Error 0.0035967861767858267
Epoch 673 Relative Error 0.003599112620577216
Epoch 674 Relative Error 0.0035877684131264687
Epoch 675 Relative Error 0.0035879407078027725
Epoch 676 Relative Error 0.003583722747862339
Epoch 677 Relative Error 0.0035864070523530245
Epoch 678 Relative Error 0.0035905654076486826
Epoch 679 Relative Error 0.003588991705328226
Epoch 680 Relative Error 0.0035853832960128784
Epoch 681 Relative Error 0.003585794707760215
Epoch 682 Relative Error 0.003574920119717717
Epoch 683 Relative Error 0.003579230746254325
Epoch 684 Relative Error 0.003580364165827632
Epoch 685 Relative Error 0.0035806631203740835
Epoch 686 Relative Error 0.00357904564589262
Epoch 687 Relative Error 0.0035711824893951416
Epoch 688 Relative Error 0.0035659922286868095
Epoch 689 Relative Error 0.0035637307446449995
Epoch 690 Relative Error 0.0035673605743795633
Epoch 691 Relative Error 0.003572966670617461
Epoch 692 Relative Error 0.0035817178431898355
Epoch 693 Relative Error 0.0037249361630529165
Epoch 694 Relative Error 0.0036255628801882267
Epoch 695 Relative Error 0.0036100551951676607
Epoch 696 Relative Error 0.003706488525494933
Epoch 697 Relative Error 0.0036197975277900696
Epoch 698 Relative Error 0.0036191120743751526
Epoch 699 Relative Error 0.0036740314681082964
Epoch 700 Relative Error 0.003649441758170724
Epoch 701 Relative Error 0.003678716253489256
Epoch 702 Relative Error 0.0036660879850387573
Epoch 703 Relative Error 0.0037715048529207706
Epoch 704 Relative Error 0.003738297149538994
Epoch 705 Relative Error 0.003571508452296257
Epoch 706 Relative Error 0.003628938691690564
Epoch 707 Relative Error 0.003579659154638648
Epoch 708 Relative Error 0.0036021056585013866
Epoch 709 Relative Error 0.00357566075399518
Epoch 710 Relative Error 0.003579668467864394
Epoch 711 Relative Error 0.0035382076166570187
Epoch 712 Relative Error 0.0035359885077923536
Epoch 713 Relative Error 0.0035310990642756224
Epoch 714 Relative Error 0.0035414572339504957
Epoch 715 Relative Error 0.003529344452545047
Epoch 716 Relative Error 0.003527966793626547
Epoch 717 Relative Error 0.003563620848581195
Epoch 718 Relative Error 0.0035601111594587564
Epoch 719 Relative Error 0.0035474286414682865
Epoch 720 Relative Error 0.003542165504768491
Epoch 721 Relative Error 0.0035495928023010492
Epoch 722 Relative Error 0.003531344700604677
Epoch 723 Relative Error 0.00353002967312932
Epoch 724 Relative Error 0.0035208880435675383
Epoch 725 Relative Error 0.0035436293110251427
Epoch 726 Relative Error 0.0035269425716251135
Epoch 727 Relative Error 0.0035485734697431326
Epoch 728 Relative Error 0.003528264816850424
Epoch 729 Relative Error 0.003509682370349765
Epoch 730 Relative Error 0.0034996680915355682
Epoch 731 Relative Error 0.003500791732221842
Epoch 732 Relative Error 0.0034929404500871897
Epoch 733 Relative Error 0.0034903674386441708
Epoch 734 Relative Error 0.003499064827337861
Epoch 735 Relative Error 0.0034916894510388374
Epoch 736 Relative Error 0.0034839569125324488
Epoch 737 Relative Error 0.0034908053930848837
Epoch 738 Relative Error 0.003491125302389264
Epoch 739 Relative Error 0.0034823871683329344
Epoch 740 Relative Error 0.0034831964876502752
Epoch 741 Relative Error 0.0034785009920597076
Epoch 742 Relative Error 0.003485095454379916
Epoch 743 Relative Error 0.003472516080364585
Epoch 744 Relative Error 0.0034723919816315174
Epoch 745 Relative Error 0.003465424757450819
Epoch 746 Relative Error 0.0034724522847682238
Epoch 747 Relative Error 0.003466895315796137
Epoch 748 Relative Error 0.0034747826866805553
Epoch 749 Relative Error 0.0034971912391483784
Epoch 750 Relative Error 0.0035208503250032663
Epoch 751 Relative Error 0.0034992711152881384
Epoch 752 Relative Error 0.0034911250695586205
Epoch 753 Relative Error 0.003517863107845187
Epoch 754 Relative Error 0.0035400406923145056
Epoch 755 Relative Error 0.0035144274588674307
Epoch 756 Relative Error 0.0035531343892216682
Epoch 757 Relative Error 0.0035190684720873833
Epoch 758 Relative Error 0.003685617819428444
Epoch 759 Relative Error 0.0035955170169472694
Epoch 760 Relative Error 0.0037224984262138605
Epoch 761 Relative Error 0.0036471213679760695
Epoch 762 Relative Error 0.0035823718644678593
Epoch 763 Relative Error 0.0034991521388292313
Epoch 764 Relative Error 0.0035619570408016443
Epoch 765 Relative Error 0.0034782409202307463
Epoch 766 Relative Error 0.0034686573781073093
Epoch 767 Relative Error 0.0034579099155962467
Epoch 768 Relative Error 0.0034424487967044115
Epoch 769 Relative Error 0.003439629916101694
Epoch 770 Relative Error 0.0034435237757861614
Epoch 771 Relative Error 0.003438674844801426
Epoch 772 Relative Error 0.0034404946491122246
Epoch 773 Relative Error 0.00343215255998075
Epoch 774 Relative Error 0.0034370706416666508
Epoch 775 Relative Error 0.0034406271297484636
Epoch 776 Relative Error 0.0034283758141100407
Epoch 777 Relative Error 0.003426102688536048
Epoch 778 Relative Error 0.0034204747062176466
Epoch 779 Relative Error 0.003426468698307872
Epoch 780 Relative Error 0.0034208595752716064
Epoch 781 Relative Error 0.003418766660615802
Epoch 782 Relative Error 0.003419310785830021
Epoch 783 Relative Error 0.0034120669588446617
Epoch 784 Relative Error 0.0034185920376330614
Epoch 785 Relative Error 0.0034258400555700064
Epoch 786 Relative Error 0.003418328706175089
Epoch 787 Relative Error 0.0034082275815308094
Epoch 788 Relative Error 0.0034154586028307676
Epoch 789 Relative Error 0.00341778714209795
Epoch 790 Relative Error 0.003404102986678481
Epoch 791 Relative Error 0.0034034696873277426
Epoch 792 Relative Error 0.003413640893995762
Epoch 793 Relative Error 0.003402841743081808
Epoch 794 Relative Error 0.003405544441193342
Epoch 795 Relative Error 0.003401986788958311
Epoch 796 Relative Error 0.003396900137886405
Epoch 797 Relative Error 0.0034093009307980537
Epoch 798 Relative Error 0.0033959064166992903
Epoch 799 Relative Error 0.0033994822297245264
Epoch 800 Relative Error 0.003405527910217643
Epoch 801 Relative Error 0.0034127216786146164
Epoch 802 Relative Error 0.003407253883779049
Epoch 803 Relative Error 0.003398160682991147
Epoch 804 Relative Error 0.003419320797547698
Epoch 805 Relative Error 0.003417061176151037
Epoch 806 Relative Error 0.0034205326810479164
Epoch 807 Relative Error 0.0034040724858641624
Epoch 808 Relative Error 0.0034036212600767612
Epoch 809 Relative Error 0.0034003767650574446
Epoch 810 Relative Error 0.0033948360942304134
Epoch 811 Relative Error 0.0033861109986901283
Epoch 812 Relative Error 0.003385738003998995
Epoch 813 Relative Error 0.0033847696613520384
Epoch 814 Relative Error 0.0033786166459321976
Epoch 815 Relative Error 0.0033723481465131044
Epoch 816 Relative Error 0.0033880313858389854
Epoch 817 Relative Error 0.003381373593583703
Epoch 818 Relative Error 0.003400866873562336
Epoch 819 Relative Error 0.003425146918743849
Epoch 820 Relative Error 0.0034590871073305607
Epoch 821 Relative Error 0.0034015486016869545
Epoch 822 Relative Error 0.0034153927117586136
Epoch 823 Relative Error 0.0033955457620322704
Epoch 824 Relative Error 0.0034982729703187943
Epoch 825 Relative Error 0.0034788346383720636
Epoch 826 Relative Error 0.00347077171318233
Epoch 827 Relative Error 0.0035906005650758743
Epoch 828 Relative Error 0.003449162468314171
Epoch 829 Relative Error 0.00346242799423635
Epoch 830 Relative Error 0.0034337881952524185
Epoch 831 Relative Error 0.003429543226957321
Epoch 832 Relative Error 0.003486986504867673
Epoch 833 Relative Error 0.003402876900509
Epoch 834 Relative Error 0.0034181231167167425
Epoch 835 Relative Error 0.003479062346741557
Epoch 836 Relative Error 0.0034010950475931168
Epoch 837 Relative Error 0.00350117776542902
Epoch 838 Relative Error 0.0034061085898429155
Epoch 839 Relative Error 0.0033693471923470497
Epoch 840 Relative Error 0.0033583841286599636
Epoch 841 Relative Error 0.0033643401693552732
Epoch 842 Relative Error 0.003359822556376457
Epoch 843 Relative Error 0.0033487414475530386
Epoch 844 Relative Error 0.0033484080340713263
Epoch 845 Relative Error 0.00334165059030056
Epoch 846 Relative Error 0.0033445891458541155
Epoch 847 Relative Error 0.003333315020427108
Epoch 848 Relative Error 0.003363525727763772
Epoch 849 Relative Error 0.0033564416225999594
Epoch 850 Relative Error 0.0034293862991034985
Epoch 851 Relative Error 0.0038700373843312263
Epoch 852 Relative Error 0.003678307170048356
Epoch 853 Relative Error 0.0034213766921311617
Epoch 854 Relative Error 0.0036879447288811207
Epoch 855 Relative Error 0.0035688308998942375
Epoch 856 Relative Error 0.0033771609887480736
Epoch 857 Relative Error 0.0033978375140577555
Epoch 858 Relative Error 0.003461957210674882
Epoch 859 Relative Error 0.00343563430942595
Epoch 860 Relative Error 0.003351235995069146
Epoch 861 Relative Error 0.0034370117355138063
Epoch 862 Relative Error 0.0034072818234562874
Epoch 863 Relative Error 0.003406236181035638
Epoch 864 Relative Error 0.003381354734301567
Epoch 865 Relative Error 0.0033892840147018433
Epoch 866 Relative Error 0.003364355769008398
Epoch 867 Relative Error 0.0034406583290547132
Epoch 868 Relative Error 0.0034613723400980234
Epoch 869 Relative Error 0.0034987246617674828
Epoch 870 Relative Error 0.003486312460154295
Epoch 871 Relative Error 0.0033629261888563633
Epoch 872 Relative Error 0.0033448536414653063
Epoch 873 Relative Error 0.0033379006199538708
Epoch 874 Relative Error 0.00335898925550282
Epoch 875 Relative Error 0.0034728802274912596
Epoch 876 Relative Error 0.0036094856914132833
Epoch 877 Relative Error 0.00365746533498168
Epoch 878 Relative Error 0.003923134878277779
Epoch 879 Relative Error 0.003973864484578371
Epoch 880 Relative Error 0.003616694826632738
Epoch 881 Relative Error 0.0034343423321843147
Epoch 882 Relative Error 0.0033866020385175943
Epoch 883 Relative Error 0.003408325370401144
Epoch 884 Relative Error 0.0034747482277452946
Epoch 885 Relative Error 0.003575181821361184
Epoch 886 Relative Error 0.0034835576079785824
Epoch 887 Relative Error 0.0036891838535666466
Epoch 888 Relative Error 0.0036882790736854076
Epoch 889 Relative Error 0.003522704355418682
Epoch 890 Relative Error 0.0034782360307872295
Epoch 891 Relative Error 0.0033805007115006447
Epoch 892 Relative Error 0.0034693211782723665
Epoch 893 Relative Error 0.0033983492758125067
Epoch 894 Relative Error 0.0033568721264600754
Epoch 895 Relative Error 0.003390718949958682
Epoch 896 Relative Error 0.0034123638179153204
Epoch 897 Relative Error 0.003369069192558527
Epoch 898 Relative Error 0.0033155977725982666
Epoch 899 Relative Error 0.003327457932755351
Epoch 900 Relative Error 0.0033159710001200438
Epoch 901 Relative Error 0.003291259752586484
Epoch 902 Relative Error 0.003281227545812726
Epoch 903 Relative Error 0.003274370916187763
Epoch 904 Relative Error 0.003271133406087756
Epoch 905 Relative Error 0.0032762002665549517
Epoch 906 Relative Error 0.0032680213917046785
Epoch 907 Relative Error 0.0032550361938774586
Epoch 908 Relative Error 0.0032571260817348957
Epoch 909 Relative Error 0.003257353790104389
Epoch 910 Relative Error 0.0032553342171013355
Epoch 911 Relative Error 0.0032586371526122093
Epoch 912 Relative Error 0.0032545130234211683
Epoch 913 Relative Error 0.0032686542253941298
Epoch 914 Relative Error 0.003274044953286648
Epoch 915 Relative Error 0.003254394046962261
Epoch 916 Relative Error 0.0032416717149317265
Epoch 917 Relative Error 0.0032443946693092585
Epoch 918 Relative Error 0.00323817552998662
Epoch 919 Relative Error 0.003243203042075038
Epoch 920 Relative Error 0.0032373464200645685
Epoch 921 Relative Error 0.003242650767788291
Epoch 922 Relative Error 0.0032344581559300423
Epoch 923 Relative Error 0.0032380493357777596
Epoch 924 Relative Error 0.0032334872521460056
Epoch 925 Relative Error 0.003230039495974779
Epoch 926 Relative Error 0.0032364523503929377
Epoch 927 Relative Error 0.0032301992177963257
Epoch 928 Relative Error 0.00322637683711946
Epoch 929 Relative Error 0.0032249391078948975
Epoch 930 Relative Error 0.0032273351680487394
Epoch 931 Relative Error 0.0032252187374979258
Epoch 932 Relative Error 0.0032241884618997574
Epoch 933 Relative Error 0.003238019533455372
Epoch 934 Relative Error 0.0032278571743518114
Epoch 935 Relative Error 0.003224075073376298
Epoch 936 Relative Error 0.0032244091853499413
Epoch 937 Relative Error 0.003218569792807102
Epoch 938 Relative Error 0.003220479004085064
Epoch 939 Relative Error 0.0032148747704923153
Epoch 940 Relative Error 0.003215761622413993
Epoch 941 Relative Error 0.0032217041589319706
Epoch 942 Relative Error 0.0032164636068046093
Epoch 943 Relative Error 0.0032219551503658295
Epoch 944 Relative Error 0.003211284289136529
Epoch 945 Relative Error 0.0032193330116569996
Epoch 946 Relative Error 0.003209448419511318
Epoch 947 Relative Error 0.0032079739030450583
Epoch 948 Relative Error 0.003208728041499853
Epoch 949 Relative Error 0.003202648600563407
Epoch 950 Relative Error 0.003209053771570325
Epoch 951 Relative Error 0.0032054868061095476
Epoch 952 Relative Error 0.003202365944162011
Epoch 953 Relative Error 0.0032010467257350683
Epoch 954 Relative Error 0.0032011379953473806
Epoch 955 Relative Error 0.0031982262153178453
Epoch 956 Relative Error 0.0031952799763530493
Epoch 957 Relative Error 0.003196981968358159
Epoch 958 Relative Error 0.0031915658619254827
Epoch 959 Relative Error 0.0031916601583361626
Epoch 960 Relative Error 0.003191655967384577
Epoch 961 Relative Error 0.0031898347660899162
Epoch 962 Relative Error 0.0031885080970823765
Epoch 963 Relative Error 0.003189262468367815
Epoch 964 Relative Error 0.0031910163816064596
Epoch 965 Relative Error 0.003192031988874078
Epoch 966 Relative Error 0.0031953209545463324
Epoch 967 Relative Error 0.0031867932993918657
Epoch 968 Relative Error 0.0031868573278188705
Epoch 969 Relative Error 0.00318547454662621
Epoch 970 Relative Error 0.003198388498276472
Epoch 971 Relative Error 0.0031845886260271072
Epoch 972 Relative Error 0.0031937926542013884
Epoch 973 Relative Error 0.0031764251179993153
Epoch 974 Relative Error 0.0031901767943054438
Epoch 975 Relative Error 0.003210066817700863
Epoch 976 Relative Error 0.003195223631337285
Epoch 977 Relative Error 0.0031938329339027405
Epoch 978 Relative Error 0.00318698026239872
Epoch 979 Relative Error 0.003187561873346567
Epoch 980 Relative Error 0.0031765399035066366
Epoch 981 Relative Error 0.0031857697758823633
Epoch 982 Relative Error 0.003219484817236662
Epoch 983 Relative Error 0.0031917020678520203
Epoch 984 Relative Error 0.0031971100252121687
Epoch 985 Relative Error 0.0031863709446042776
Epoch 986 Relative Error 0.003192200558260083
Epoch 987 Relative Error 0.0032011978328227997
Epoch 988 Relative Error 0.0032468338031321764
Epoch 989 Relative Error 0.0032218797132372856
Epoch 990 Relative Error 0.003179663559421897
Epoch 991 Relative Error 0.003221449675038457
Epoch 992 Relative Error 0.003234627190977335
Epoch 993 Relative Error 0.003255943302065134
Epoch 994 Relative Error 0.003206217661499977
Epoch 995 Relative Error 0.003236947115510702
Epoch 996 Relative Error 0.003322337055578828
Epoch 997 Relative Error 0.0032021054066717625
Epoch 998 Relative Error 0.0032992889173328876
Epoch 999 Relative Error 0.0032161360140889883
Epoch 1000 Relative Error 0.0032823453657329082
RE (1, 9, 11, 0): 0.0031764251179993153
Green's Function RE (1, 9, 11, 0): 0.009466148912906647
Bias Term RE (1, 9, 11, 0): 0.006568339187651873
Combination (1, 9, 11, 0, 0): 0.0032823446672409773
Combination (1, 9, 11, 0, 1): 0.0027630464173853397
Combination (1, 9, 11, 0, 2): 0.0026075078640133142
Combination (1, 9, 11, 0, 3): 0.0025598439387977123
Combination (1, 9, 11, 0, 4): 0.002538173459470272

/home/gridsan/gstepaniants/.local/lib/python3.8/site-packages/torch/functional.py:478: UserWarning: torch.meshgrid: in an upcoming release, it will be required to pass the indexing argument. (Triggered internally at  ../aten/src/ATen/native/TensorShape.cpp:2895.)
  return _VF.meshgrid(tensors, **kwargs)  # type: ignore[attr-defined]
