[KeOps] Warning : Cuda libraries were not detected on the system ; using cpu only mode
1
Kernel: SquaredExponential
Weight Mesh: 100
RKHS Kernel Width: 0.05
Lambda: 1e-06
Green's Function Learning Rate: 100
Bias Term Learning Rate: 100
Epoch 1 Relative Error 10109.591796875
First epoch had re = 10109.591796875 > 1
Green's Function Learning Rate: 50
Bias Term Learning Rate: 50
Epoch 1 Relative Error 6326.7119140625
First epoch had re = 6326.7119140625 > 1
Green's Function Learning Rate: 10
Bias Term Learning Rate: 10
Epoch 1 Relative Error 937.53955078125
First epoch had re = 937.53955078125 > 1
Green's Function Learning Rate: 5
Bias Term Learning Rate: 5
Epoch 1 Relative Error 646.171875
First epoch had re = 646.171875 > 1
Green's Function Learning Rate: 1
Bias Term Learning Rate: 1
Epoch 1 Relative Error 135.26901245117188
First epoch had re = 135.26901245117188 > 1
Green's Function Learning Rate: 0.5
Bias Term Learning Rate: 0.5
Epoch 1 Relative Error 47.3322868347168
First epoch had re = 47.3322868347168 > 1
Green's Function Learning Rate: 0.1
Bias Term Learning Rate: 0.1
Epoch 1 Relative Error 7.9850544929504395
First epoch had re = 7.9850544929504395 > 1
Green's Function Learning Rate: 0.05
Bias Term Learning Rate: 0.05
Epoch 1 Relative Error 4.377418041229248
First epoch had re = 4.377418041229248 > 1
Green's Function Learning Rate: 0.01
Bias Term Learning Rate: 0.01
Epoch 1 Relative Error 1.1408942937850952
First epoch had re = 1.1408942937850952 > 1
Green's Function Learning Rate: 0.005
Bias Term Learning Rate: 0.005
Epoch 1 Relative Error 0.7068994045257568
Epoch 2 Relative Error 0.656209409236908
Epoch 3 Relative Error 0.4711780250072479
Epoch 4 Relative Error 0.36305922269821167
Epoch 5 Relative Error 0.2901487350463867
Epoch 6 Relative Error 0.3096529543399811
Epoch 7 Relative Error 0.18988221883773804
Epoch 8 Relative Error 0.13886906206607819
Epoch 9 Relative Error 0.11944762617349625
Epoch 10 Relative Error 0.10862443596124649
Epoch 11 Relative Error 0.08715379238128662
Epoch 12 Relative Error 0.06763257086277008
Epoch 13 Relative Error 0.05202561989426613
Epoch 14 Relative Error 0.0456046499311924
Epoch 15 Relative Error 0.039623282849788666
Epoch 16 Relative Error 0.036724526435136795
Epoch 17 Relative Error 0.030795082449913025
Epoch 18 Relative Error 0.027303144335746765
Epoch 19 Relative Error 0.025885706767439842
Epoch 20 Relative Error 0.024775750935077667
Epoch 21 Relative Error 0.024282896891236305
Epoch 22 Relative Error 0.02354786917567253
Epoch 23 Relative Error 0.023083260282874107
Epoch 24 Relative Error 0.02246500551700592
Epoch 25 Relative Error 0.022182706743478775
Epoch 26 Relative Error 0.021679850295186043
Epoch 27 Relative Error 0.021394889801740646
Epoch 28 Relative Error 0.021055832505226135
Epoch 29 Relative Error 0.020779253914952278
Epoch 30 Relative Error 0.0205010287463665
Epoch 31 Relative Error 0.020258605480194092
Epoch 32 Relative Error 0.02002858556807041
Epoch 33 Relative Error 0.019806988537311554
Epoch 34 Relative Error 0.019591620191931725
Epoch 35 Relative Error 0.01936315931379795
Epoch 36 Relative Error 0.019210999831557274
Epoch 37 Relative Error 0.018984101712703705
Epoch 38 Relative Error 0.018801061436533928
Epoch 39 Relative Error 0.01862819865345955
Epoch 40 Relative Error 0.018456533551216125
Epoch 41 Relative Error 0.018280135467648506
Epoch 42 Relative Error 0.01810224913060665
Epoch 43 Relative Error 0.01798049919307232
Epoch 44 Relative Error 0.017811715602874756
Epoch 45 Relative Error 0.017652982845902443
Epoch 46 Relative Error 0.017509179189801216
Epoch 47 Relative Error 0.017363203689455986
Epoch 48 Relative Error 0.017249422147870064
Epoch 49 Relative Error 0.01709890551865101
Epoch 50 Relative Error 0.01698019728064537
Epoch 51 Relative Error 0.016833951696753502
Epoch 52 Relative Error 0.0167311429977417
Epoch 53 Relative Error 0.016628548502922058
Epoch 54 Relative Error 0.016489272937178612
Epoch 55 Relative Error 0.016385424882173538
Epoch 56 Relative Error 0.01626579277217388
Epoch 57 Relative Error 0.016206044703722
Epoch 58 Relative Error 0.016056230291724205
Epoch 59 Relative Error 0.015932509675621986
Epoch 60 Relative Error 0.015854882076382637
Epoch 61 Relative Error 0.01573900878429413
Epoch 62 Relative Error 0.015661567449569702
Epoch 63 Relative Error 0.015554791316390038
Epoch 64 Relative Error 0.015459008514881134
Epoch 65 Relative Error 0.015365536324679852
Epoch 66 Relative Error 0.015273163095116615
Epoch 67 Relative Error 0.015215618535876274
Epoch 68 Relative Error 0.015121405012905598
Epoch 69 Relative Error 0.015045790001749992
Epoch 70 Relative Error 0.014946868643164635
Epoch 71 Relative Error 0.01489787083119154
Epoch 72 Relative Error 0.014802522026002407
Epoch 73 Relative Error 0.014711505733430386
Epoch 74 Relative Error 0.014620919711887836
Epoch 75 Relative Error 0.014572113752365112
Epoch 76 Relative Error 0.014485093764960766
Epoch 77 Relative Error 0.01441165804862976
Epoch 78 Relative Error 0.014327011071145535
Epoch 79 Relative Error 0.014272899366915226
Epoch 80 Relative Error 0.01419918518513441
Epoch 81 Relative Error 0.014147654175758362
Epoch 82 Relative Error 0.014076403342187405
Epoch 83 Relative Error 0.014005258679389954
Epoch 84 Relative Error 0.013936193659901619
Epoch 85 Relative Error 0.013885223306715488
Epoch 86 Relative Error 0.013837232254445553
Epoch 87 Relative Error 0.013779448345303535
Epoch 88 Relative Error 0.01369601208716631
Epoch 89 Relative Error 0.013669902458786964
Epoch 90 Relative Error 0.01360522024333477
Epoch 91 Relative Error 0.0135473208501935
Epoch 92 Relative Error 0.01348988525569439
Epoch 93 Relative Error 0.01345498114824295
Epoch 94 Relative Error 0.013390496373176575
Epoch 95 Relative Error 0.01331110205501318
Epoch 96 Relative Error 0.013274230994284153
Epoch 97 Relative Error 0.013220230117440224
Epoch 98 Relative Error 0.013157290406525135
Epoch 99 Relative Error 0.01313566043972969
Epoch 100 Relative Error 0.013070979155600071
Epoch 101 Relative Error 0.013028386048972607
Epoch 102 Relative Error 0.012980434112250805
Epoch 103 Relative Error 0.012923149392008781
Epoch 104 Relative Error 0.012885726056993008
Epoch 105 Relative Error 0.012855799868702888
Epoch 106 Relative Error 0.012801939621567726
Epoch 107 Relative Error 0.012748577632009983
Epoch 108 Relative Error 0.01273250486701727
Epoch 109 Relative Error 0.01267681922763586
Epoch 110 Relative Error 0.012627765536308289
Epoch 111 Relative Error 0.012576973997056484
Epoch 112 Relative Error 0.01254247035831213
Epoch 113 Relative Error 0.012505416758358479
Epoch 114 Relative Error 0.0124672194942832
Epoch 115 Relative Error 0.012423812411725521
Epoch 116 Relative Error 0.012384116649627686
Epoch 117 Relative Error 0.012350695207715034
Epoch 118 Relative Error 0.012312335893511772
Epoch 119 Relative Error 0.012257568538188934
Epoch 120 Relative Error 0.012230551801621914
Epoch 121 Relative Error 0.012181888334453106
Epoch 122 Relative Error 0.012159330770373344
Epoch 123 Relative Error 0.012124848552048206
Epoch 124 Relative Error 0.01209784671664238
Epoch 125 Relative Error 0.012055138126015663
Epoch 126 Relative Error 0.012005345895886421
Epoch 127 Relative Error 0.01198490522801876
Epoch 128 Relative Error 0.01194143109023571
Epoch 129 Relative Error 0.011916573159396648
Epoch 130 Relative Error 0.011884228326380253
Epoch 131 Relative Error 0.011848527006804943
Epoch 132 Relative Error 0.011815001256763935
Epoch 133 Relative Error 0.011778107844293118
Epoch 134 Relative Error 0.011739091947674751
Epoch 135 Relative Error 0.011717965826392174
Epoch 136 Relative Error 0.01167796179652214
Epoch 137 Relative Error 0.011641253717243671
Epoch 138 Relative Error 0.011627322062849998
Epoch 139 Relative Error 0.011612676084041595
Epoch 140 Relative Error 0.011567034758627415
Epoch 141 Relative Error 0.011554287746548653
Epoch 142 Relative Error 0.011499148793518543
Epoch 143 Relative Error 0.011479471810162067
Epoch 144 Relative Error 0.011441110633313656
Epoch 145 Relative Error 0.011408166028559208
Epoch 146 Relative Error 0.01138449739664793
Epoch 147 Relative Error 0.011361232958734035
Epoch 148 Relative Error 0.011339728720486164
Epoch 149 Relative Error 0.011312251910567284
Epoch 150 Relative Error 0.011282478459179401
Epoch 151 Relative Error 0.011250421404838562
Epoch 152 Relative Error 0.011232312768697739
Epoch 153 Relative Error 0.011197798885405064
Epoch 154 Relative Error 0.01117450837045908
Epoch 155 Relative Error 0.011156191118061543
Epoch 156 Relative Error 0.01111883670091629
Epoch 157 Relative Error 0.011092727072536945
Epoch 158 Relative Error 0.01106182299554348
Epoch 159 Relative Error 0.011044803075492382
Epoch 160 Relative Error 0.011022861115634441
Epoch 161 Relative Error 0.010993706062436104
Epoch 162 Relative Error 0.01097797229886055
Epoch 163 Relative Error 0.010948547162115574
Epoch 164 Relative Error 0.010921236127614975
Epoch 165 Relative Error 0.010897411033511162
Epoch 166 Relative Error 0.010874465107917786
Epoch 167 Relative Error 0.010866046883165836
Epoch 168 Relative Error 0.010826188139617443
Epoch 169 Relative Error 0.010802805423736572
Epoch 170 Relative Error 0.010785416699945927
Epoch 171 Relative Error 0.010747961699962616
Epoch 172 Relative Error 0.010752112604677677
Epoch 173 Relative Error 0.010701208375394344
Epoch 174 Relative Error 0.010681425221264362
Epoch 175 Relative Error 0.010667230933904648
Epoch 176 Relative Error 0.010640866123139858
Epoch 177 Relative Error 0.010630805976688862
Epoch 178 Relative Error 0.010601081885397434
Epoch 179 Relative Error 0.01056655589491129
Epoch 180 Relative Error 0.010557540692389011
Epoch 181 Relative Error 0.010533072054386139
Epoch 182 Relative Error 0.010512319393455982
Epoch 183 Relative Error 0.010484527796506882
Epoch 184 Relative Error 0.010474366135895252
Epoch 185 Relative Error 0.010446356609463692
Epoch 186 Relative Error 0.010436697863042355
Epoch 187 Relative Error 0.010428246110677719
Epoch 188 Relative Error 0.010441027581691742
Epoch 189 Relative Error 0.01039391290396452
Epoch 190 Relative Error 0.01036322582513094
Epoch 191 Relative Error 0.010341347195208073
Epoch 192 Relative Error 0.010324870236217976
Epoch 193 Relative Error 0.010303827002644539
Epoch 194 Relative Error 0.010284356772899628
Epoch 195 Relative Error 0.010252117179334164
Epoch 196 Relative Error 0.010246625170111656
Epoch 197 Relative Error 0.010233164764940739
Epoch 198 Relative Error 0.010215383023023605
Epoch 199 Relative Error 0.010183860547840595
Epoch 200 Relative Error 0.01017030980437994
Epoch 201 Relative Error 0.010154158808290958
Epoch 202 Relative Error 0.01013073418289423
Epoch 203 Relative Error 0.01011060830205679
Epoch 204 Relative Error 0.010095125995576382
Epoch 205 Relative Error 0.010076594538986683
Epoch 206 Relative Error 0.01005352009087801
Epoch 207 Relative Error 0.01005057618021965
Epoch 208 Relative Error 0.010028096847236156
Epoch 209 Relative Error 0.010016125626862049
Epoch 210 Relative Error 0.009984545409679413
Epoch 211 Relative Error 0.009973635897040367
Epoch 212 Relative Error 0.009964000433683395
Epoch 213 Relative Error 0.009949821047484875
Epoch 214 Relative Error 0.009939576499164104
Epoch 215 Relative Error 0.009923695586621761
Epoch 216 Relative Error 0.009899111464619637
Epoch 217 Relative Error 0.009886853396892548
Epoch 218 Relative Error 0.009867320768535137
Epoch 219 Relative Error 0.009846904315054417
Epoch 220 Relative Error 0.009844194166362286
Epoch 221 Relative Error 0.009812804870307446
Epoch 222 Relative Error 0.009805640205740929
Epoch 223 Relative Error 0.009788944385945797
Epoch 224 Relative Error 0.009768899530172348
Epoch 225 Relative Error 0.009763143956661224
Epoch 226 Relative Error 0.00973919965326786
Epoch 227 Relative Error 0.009736311621963978
Epoch 228 Relative Error 0.009713106788694859
Epoch 229 Relative Error 0.00968988984823227
Epoch 230 Relative Error 0.009705433622002602
Epoch 231 Relative Error 0.00967103336006403
Epoch 232 Relative Error 0.009658299386501312
Epoch 233 Relative Error 0.009637394919991493
Epoch 234 Relative Error 0.009627340361475945
Epoch 235 Relative Error 0.009609576314687729
Epoch 236 Relative Error 0.00961406622081995
Epoch 237 Relative Error 0.009593483060598373
Epoch 238 Relative Error 0.009582302533090115
Epoch 239 Relative Error 0.009550570510327816
Epoch 240 Relative Error 0.009541582316160202
Epoch 241 Relative Error 0.009538748301565647
Epoch 242 Relative Error 0.00953139178454876
Epoch 243 Relative Error 0.009504592046141624
Epoch 244 Relative Error 0.009492200799286366
Epoch 245 Relative Error 0.009465305134654045
Epoch 246 Relative Error 0.009471003897488117
Epoch 247 Relative Error 0.009445997886359692
Epoch 248 Relative Error 0.009436768479645252
Epoch 249 Relative Error 0.009422157891094685
Epoch 250 Relative Error 0.009404203854501247
Epoch 251 Relative Error 0.009403453208506107
Epoch 252 Relative Error 0.009392372332513332
Epoch 253 Relative Error 0.009377188980579376
Epoch 254 Relative Error 0.009373846463859081
Epoch 255 Relative Error 0.009348509833216667
Epoch 256 Relative Error 0.009335099719464779
Epoch 257 Relative Error 0.009332605637609959
Epoch 258 Relative Error 0.009315680712461472
Epoch 259 Relative Error 0.00930431205779314
Epoch 260 Relative Error 0.009290505200624466
Epoch 261 Relative Error 0.00926947221159935
Epoch 262 Relative Error 0.009262855164706707
Epoch 263 Relative Error 0.009253070689737797
Epoch 264 Relative Error 0.009273137897253036
Epoch 265 Relative Error 0.009265914559364319
Epoch 266 Relative Error 0.009253927506506443
Epoch 267 Relative Error 0.009243417531251907
Epoch 268 Relative Error 0.009213938377797604
Epoch 269 Relative Error 0.009191841818392277
Epoch 270 Relative Error 0.00917544774711132
Epoch 271 Relative Error 0.009177738800644875
Epoch 272 Relative Error 0.009155762381851673
Epoch 273 Relative Error 0.009142053313553333
Epoch 274 Relative Error 0.009136431850492954
Epoch 275 Relative Error 0.009118926711380482
Epoch 276 Relative Error 0.009107845835387707
Epoch 277 Relative Error 0.009089802391827106
Epoch 278 Relative Error 0.009080841206014156
Epoch 279 Relative Error 0.009077979251742363
Epoch 280 Relative Error 0.00905523169785738
Epoch 281 Relative Error 0.009045050479471684
Epoch 282 Relative Error 0.009036156348884106
Epoch 283 Relative Error 0.00902298092842102
Epoch 284 Relative Error 0.009014613926410675
Epoch 285 Relative Error 0.009005392901599407
Epoch 286 Relative Error 0.008994825184345245
Epoch 287 Relative Error 0.008981755934655666
Epoch 288 Relative Error 0.008977661840617657
Epoch 289 Relative Error 0.00897612888365984
Epoch 290 Relative Error 0.008960479870438576
Epoch 291 Relative Error 0.008950293064117432
Epoch 292 Relative Error 0.008936048485338688
Epoch 293 Relative Error 0.00893056858330965
Epoch 294 Relative Error 0.008922499604523182
Epoch 295 Relative Error 0.008914015255868435
Epoch 296 Relative Error 0.008898863568902016
Epoch 297 Relative Error 0.008881275542080402
Epoch 298 Relative Error 0.008878026157617569
Epoch 299 Relative Error 0.008869262412190437
Epoch 300 Relative Error 0.008855033665895462
Epoch 301 Relative Error 0.008852584287524223
Epoch 302 Relative Error 0.008831202983856201
Epoch 303 Relative Error 0.008826514706015587
Epoch 304 Relative Error 0.008816271089017391
Epoch 305 Relative Error 0.008803003467619419
Epoch 306 Relative Error 0.008799088187515736
Epoch 307 Relative Error 0.008792227134108543
Epoch 308 Relative Error 0.008777796290814877
Epoch 309 Relative Error 0.008773239329457283
Epoch 310 Relative Error 0.008754572831094265
Epoch 311 Relative Error 0.008760175667703152
Epoch 312 Relative Error 0.008742664009332657
Epoch 313 Relative Error 0.00873482320457697
Epoch 314 Relative Error 0.008723119273781776
Epoch 315 Relative Error 0.008712243288755417
Epoch 316 Relative Error 0.008721846155822277
Epoch 317 Relative Error 0.008702133782207966
Epoch 318 Relative Error 0.008690254762768745
Epoch 319 Relative Error 0.008684991858899593
Epoch 320 Relative Error 0.00866733305156231
Epoch 321 Relative Error 0.008656106889247894
Epoch 322 Relative Error 0.008649840950965881
Epoch 323 Relative Error 0.008640755899250507
Epoch 324 Relative Error 0.008629652671515942
Epoch 325 Relative Error 0.008621329441666603
Epoch 326 Relative Error 0.00862564891576767
Epoch 327 Relative Error 0.008618625812232494
Epoch 328 Relative Error 0.008598667569458485
Epoch 329 Relative Error 0.008599046617746353
Epoch 330 Relative Error 0.008577804081141949
Epoch 331 Relative Error 0.00856692437082529
Epoch 332 Relative Error 0.008567520417273045
Epoch 333 Relative Error 0.008564064279198647
Epoch 334 Relative Error 0.008555381558835506
Epoch 335 Relative Error 0.00854190532118082
Epoch 336 Relative Error 0.008531318046152592
Epoch 337 Relative Error 0.008535532280802727
Epoch 338 Relative Error 0.008510923013091087
Epoch 339 Relative Error 0.008503774181008339
Epoch 340 Relative Error 0.008506148122251034
Epoch 341 Relative Error 0.008495517075061798
Epoch 342 Relative Error 0.008476782590150833
Epoch 343 Relative Error 0.008473260328173637
Epoch 344 Relative Error 0.008470137603580952
Epoch 345 Relative Error 0.008457900024950504
Epoch 346 Relative Error 0.008450969122350216
Epoch 347 Relative Error 0.008434842340648174
Epoch 348 Relative Error 0.008429066278040409
Epoch 349 Relative Error 0.008423366583883762
Epoch 350 Relative Error 0.00841460470110178
Epoch 351 Relative Error 0.008404817432165146
Epoch 352 Relative Error 0.008420960046350956
Epoch 353 Relative Error 0.008418194949626923
Epoch 354 Relative Error 0.008402247913181782
Epoch 355 Relative Error 0.008385434746742249
Epoch 356 Relative Error 0.008393876254558563
Epoch 357 Relative Error 0.0083934236317873
Epoch 358 Relative Error 0.00840187631547451
Epoch 359 Relative Error 0.008361111395061016
Epoch 360 Relative Error 0.008344298228621483
Epoch 361 Relative Error 0.00834419671446085
Epoch 362 Relative Error 0.008334606885910034
Epoch 363 Relative Error 0.008327855728566647
Epoch 364 Relative Error 0.008311416953802109
Epoch 365 Relative Error 0.008315244689583778
Epoch 366 Relative Error 0.008304317481815815
Epoch 367 Relative Error 0.008298670873045921
Epoch 368 Relative Error 0.008294307626783848
Epoch 369 Relative Error 0.008285017684102058
Epoch 370 Relative Error 0.00828467682003975
Epoch 371 Relative Error 0.00826933328062296
Epoch 372 Relative Error 0.008267153054475784
Epoch 373 Relative Error 0.008266154676675797
Epoch 374 Relative Error 0.008243533782660961
Epoch 375 Relative Error 0.008235550485551357
Epoch 376 Relative Error 0.008232017047703266
Epoch 377 Relative Error 0.008215050213038921
Epoch 378 Relative Error 0.008225606754422188
Epoch 379 Relative Error 0.008204927667975426
Epoch 380 Relative Error 0.008203131146728992
Epoch 381 Relative Error 0.008191846311092377
Epoch 382 Relative Error 0.008188829757273197
Epoch 383 Relative Error 0.008177714422345161
Epoch 384 Relative Error 0.008167175576090813
Epoch 385 Relative Error 0.008165095932781696
Epoch 386 Relative Error 0.00816358719021082
Epoch 387 Relative Error 0.00815976969897747
Epoch 388 Relative Error 0.008145048283040524
Epoch 389 Relative Error 0.008130072616040707
Epoch 390 Relative Error 0.008134608156979084
Epoch 391 Relative Error 0.008123372681438923
Epoch 392 Relative Error 0.0081159183755517
Epoch 393 Relative Error 0.008107886649668217
Epoch 394 Relative Error 0.008097425103187561
Epoch 395 Relative Error 0.008099464699625969
Epoch 396 Relative Error 0.008084644563496113
Epoch 397 Relative Error 0.008082025684416294
Epoch 398 Relative Error 0.008080678060650826
Epoch 399 Relative Error 0.008069371804594994
Epoch 400 Relative Error 0.008061114698648453
Epoch 401 Relative Error 0.008048166520893574
Epoch 402 Relative Error 0.008051135577261448
Epoch 403 Relative Error 0.00804931204766035
Epoch 404 Relative Error 0.008053537458181381
Epoch 405 Relative Error 0.008053581230342388
Epoch 406 Relative Error 0.008028039708733559
Epoch 407 Relative Error 0.008034723810851574
Epoch 408 Relative Error 0.008012709207832813
Epoch 409 Relative Error 0.00801411084830761
Epoch 410 Relative Error 0.007998879998922348
Epoch 411 Relative Error 0.008002237416803837
Epoch 412 Relative Error 0.007983803749084473
Epoch 413 Relative Error 0.007989595644176006
Epoch 414 Relative Error 0.007985975593328476
Epoch 415 Relative Error 0.007975700311362743
Epoch 416 Relative Error 0.007986141368746758
Epoch 417 Relative Error 0.007949776947498322
Epoch 418 Relative Error 0.00795387476682663
Epoch 419 Relative Error 0.007938883267343044
Epoch 420 Relative Error 0.007933754473924637
Epoch 421 Relative Error 0.007929165847599506
Epoch 422 Relative Error 0.007930987514555454
Epoch 423 Relative Error 0.007918676361441612
Epoch 424 Relative Error 0.007908855564892292
Epoch 425 Relative Error 0.007919695228338242
Epoch 426 Relative Error 0.007899578660726547
Epoch 427 Relative Error 0.007910207845270634
Epoch 428 Relative Error 0.007882979698479176
Epoch 429 Relative Error 0.007878859527409077
Epoch 430 Relative Error 0.00787839200347662
Epoch 431 Relative Error 0.007871528156101704
Epoch 432 Relative Error 0.007868355140089989
Epoch 433 Relative Error 0.007863429374992847
Epoch 434 Relative Error 0.007849154062569141
Epoch 435 Relative Error 0.007845064625144005
Epoch 436 Relative Error 0.007851717062294483
Epoch 437 Relative Error 0.007838206365704536
Epoch 438 Relative Error 0.007838905788958073
Epoch 439 Relative Error 0.007833454757928848
Epoch 440 Relative Error 0.00782670360058546
Epoch 441 Relative Error 0.007820721715688705
Epoch 442 Relative Error 0.007811044808477163
Epoch 443 Relative Error 0.007801225874572992
Epoch 444 Relative Error 0.007795717101544142
Epoch 445 Relative Error 0.007791831158101559
Epoch 446 Relative Error 0.007788717746734619
Epoch 447 Relative Error 0.007806630805134773
Epoch 448 Relative Error 0.007796027697622776
Epoch 449 Relative Error 0.00778855150565505
Epoch 450 Relative Error 0.007791805546730757
Epoch 451 Relative Error 0.007760090287774801
Epoch 452 Relative Error 0.007746011950075626
Epoch 453 Relative Error 0.007744791451841593
Epoch 454 Relative Error 0.007748578675091267
Epoch 455 Relative Error 0.007744840811938047
Epoch 456 Relative Error 0.007740608416497707
Epoch 457 Relative Error 0.007727769669145346
Epoch 458 Relative Error 0.007722233422100544
Epoch 459 Relative Error 0.007726742886006832
Epoch 460 Relative Error 0.007730523124337196
Epoch 461 Relative Error 0.0077173952013254166
Epoch 462 Relative Error 0.007710158359259367
Epoch 463 Relative Error 0.007700688671320677
Epoch 464 Relative Error 0.007691703736782074
Epoch 465 Relative Error 0.007680011913180351
Epoch 466 Relative Error 0.007679676171392202
Epoch 467 Relative Error 0.007669153157621622
Epoch 468 Relative Error 0.0076652150601148605
Epoch 469 Relative Error 0.0076538193970918655
Epoch 470 Relative Error 0.00765066035091877
Epoch 471 Relative Error 0.007653609849512577
Epoch 472 Relative Error 0.007662083022296429
Epoch 473 Relative Error 0.0076491208747029305
Epoch 474 Relative Error 0.007638714276254177
Epoch 475 Relative Error 0.00762672396376729
Epoch 476 Relative Error 0.007625213824212551
Epoch 477 Relative Error 0.007622774224728346
Epoch 478 Relative Error 0.007620029151439667
Epoch 479 Relative Error 0.007614543661475182
Epoch 480 Relative Error 0.007615683134645224
Epoch 481 Relative Error 0.007614634465426207
Epoch 482 Relative Error 0.007626636885106564
Epoch 483 Relative Error 0.007605917751789093
Epoch 484 Relative Error 0.007611860986799002
Epoch 485 Relative Error 0.007597589399665594
Epoch 486 Relative Error 0.007610625587403774
Epoch 487 Relative Error 0.007571991998702288
Epoch 488 Relative Error 0.0075653609819710255
Epoch 489 Relative Error 0.007558620534837246
Epoch 490 Relative Error 0.00754927983507514
Epoch 491 Relative Error 0.007544590160250664
Epoch 492 Relative Error 0.0075546451844275
Epoch 493 Relative Error 0.007537878584116697
Epoch 494 Relative Error 0.007537016179412603
Epoch 495 Relative Error 0.007540707476437092
Epoch 496 Relative Error 0.007530687376856804
Epoch 497 Relative Error 0.0075160362757742405
Epoch 498 Relative Error 0.0075116329826414585
Epoch 499 Relative Error 0.007510623428970575
Epoch 500 Relative Error 0.007504984736442566
Epoch 501 Relative Error 0.007511414121836424
Epoch 502 Relative Error 0.007502020802348852
Epoch 503 Relative Error 0.007499401923269033
Epoch 504 Relative Error 0.007502628490328789
Epoch 505 Relative Error 0.007499177940189838
Epoch 506 Relative Error 0.007497849874198437
Epoch 507 Relative Error 0.007488705217838287
Epoch 508 Relative Error 0.00749225914478302
Epoch 509 Relative Error 0.007460853084921837
Epoch 510 Relative Error 0.007463853806257248
Epoch 511 Relative Error 0.007474575191736221
Epoch 512 Relative Error 0.0074875145219266415
Epoch 513 Relative Error 0.00747026177123189
Epoch 514 Relative Error 0.007462920155376196
Epoch 515 Relative Error 0.007463858462870121
Epoch 516 Relative Error 0.00744696194306016
Epoch 517 Relative Error 0.007433545775711536
Epoch 518 Relative Error 0.00743371807038784
Epoch 519 Relative Error 0.007425290532410145
Epoch 520 Relative Error 0.007435279432684183
Epoch 521 Relative Error 0.007417880464345217
Epoch 522 Relative Error 0.007416986394673586
Epoch 523 Relative Error 0.0074255988001823425
Epoch 524 Relative Error 0.007415568456053734
Epoch 525 Relative Error 0.007401451468467712
Epoch 526 Relative Error 0.007390795741230249
Epoch 527 Relative Error 0.007403979543596506
Epoch 528 Relative Error 0.007390557322651148
Epoch 529 Relative Error 0.007384634111076593
Epoch 530 Relative Error 0.007368726190179586
Epoch 531 Relative Error 0.007374958600848913
Epoch 532 Relative Error 0.007374694105237722
Epoch 533 Relative Error 0.007371155545115471
Epoch 534 Relative Error 0.00735133234411478
Epoch 535 Relative Error 0.007350686471909285
Epoch 536 Relative Error 0.00734568340703845
Epoch 537 Relative Error 0.007346239872276783
Epoch 538 Relative Error 0.007349404972046614
Epoch 539 Relative Error 0.00733629846945405
Epoch 540 Relative Error 0.007333488203585148
Epoch 541 Relative Error 0.00734313577413559
Epoch 542 Relative Error 0.007335506845265627
Epoch 543 Relative Error 0.0073210434056818485
Epoch 544 Relative Error 0.0073255011811852455
Epoch 545 Relative Error 0.0072993929497897625
Epoch 546 Relative Error 0.007296724244952202
Epoch 547 Relative Error 0.007304734084755182
Epoch 548 Relative Error 0.007304409518837929
Epoch 549 Relative Error 0.007295177783817053
Epoch 550 Relative Error 0.007289450149983168
Epoch 551 Relative Error 0.0072772610001266
Epoch 552 Relative Error 0.007271199021488428
Epoch 553 Relative Error 0.00728606665506959
Epoch 554 Relative Error 0.007276390213519335
Epoch 555 Relative Error 0.007272269576787949
Epoch 556 Relative Error 0.007261089980602264
Epoch 557 Relative Error 0.007262073922902346
Epoch 558 Relative Error 0.007252516224980354
Epoch 559 Relative Error 0.00724467309191823
Epoch 560 Relative Error 0.00724669499322772
Epoch 561 Relative Error 0.007231491152197123
Epoch 562 Relative Error 0.0072404975071549416
Epoch 563 Relative Error 0.007229379378259182
Epoch 564 Relative Error 0.007227651309221983
Epoch 565 Relative Error 0.007229766808450222
Epoch 566 Relative Error 0.007214931771159172
Epoch 567 Relative Error 0.007220282219350338
Epoch 568 Relative Error 0.00721021369099617
Epoch 569 Relative Error 0.007207868155092001
Epoch 570 Relative Error 0.0071977050974965096
Epoch 571 Relative Error 0.007194001693278551
Epoch 572 Relative Error 0.007194025442004204
Epoch 573 Relative Error 0.007188883610069752
Epoch 574 Relative Error 0.007188623771071434
Epoch 575 Relative Error 0.007193603552877903
Epoch 576 Relative Error 0.007189001888036728
Epoch 577 Relative Error 0.00717327231541276
Epoch 578 Relative Error 0.0071746897883713245
Epoch 579 Relative Error 0.0071696070954203606
Epoch 580 Relative Error 0.007166299968957901
Epoch 581 Relative Error 0.007163644768297672
Epoch 582 Relative Error 0.007154460530728102
Epoch 583 Relative Error 0.0071565513499081135
Epoch 584 Relative Error 0.007158552296459675
Epoch 585 Relative Error 0.007142187561839819
Epoch 586 Relative Error 0.007139186840504408
Epoch 587 Relative Error 0.007133908569812775
Epoch 588 Relative Error 0.007133061997592449
Epoch 589 Relative Error 0.007123805582523346
Epoch 590 Relative Error 0.007120996713638306
Epoch 591 Relative Error 0.0071211326867341995
Epoch 592 Relative Error 0.007115660700947046
Epoch 593 Relative Error 0.007126081734895706
Epoch 594 Relative Error 0.007121416740119457
Epoch 595 Relative Error 0.007114928215742111
Epoch 596 Relative Error 0.007098793052136898
Epoch 597 Relative Error 0.007115510758012533
Epoch 598 Relative Error 0.007100542075932026
Epoch 599 Relative Error 0.007103108335286379
Epoch 600 Relative Error 0.0070964680053293705
Epoch 601 Relative Error 0.0070772841572761536
Epoch 602 Relative Error 0.0070799351669847965
Epoch 603 Relative Error 0.007074377965182066
Epoch 604 Relative Error 0.0070722587406635284
Epoch 605 Relative Error 0.007070530671626329
Epoch 606 Relative Error 0.00706022884696722
Epoch 607 Relative Error 0.007057356648147106
Epoch 608 Relative Error 0.0070515344850718975
Epoch 609 Relative Error 0.007050942629575729
Epoch 610 Relative Error 0.007040336728096008
Epoch 611 Relative Error 0.007054984103888273
Epoch 612 Relative Error 0.007043255027383566
Epoch 613 Relative Error 0.00704232370480895
Epoch 614 Relative Error 0.007038004230707884
Epoch 615 Relative Error 0.007027134764939547
Epoch 616 Relative Error 0.0070243352092802525
Epoch 617 Relative Error 0.007019703276455402
Epoch 618 Relative Error 0.007025330793112516
Epoch 619 Relative Error 0.007015916518867016
Epoch 620 Relative Error 0.0070188334211707115
Epoch 621 Relative Error 0.007006194908171892
Epoch 622 Relative Error 0.0070139504969120026
Epoch 623 Relative Error 0.006999946665018797
Epoch 624 Relative Error 0.006996532902121544
Epoch 625 Relative Error 0.00700046680867672
Epoch 626 Relative Error 0.006987291853874922
Epoch 627 Relative Error 0.006986483000218868
Epoch 628 Relative Error 0.006991263944655657
Epoch 629 Relative Error 0.00698434142395854
Epoch 630 Relative Error 0.006983920466154814
Epoch 631 Relative Error 0.006972762290388346
Epoch 632 Relative Error 0.006975564640015364
Epoch 633 Relative Error 0.006967701483517885
Epoch 634 Relative Error 0.0069580720737576485
Epoch 635 Relative Error 0.006969931069761515
Epoch 636 Relative Error 0.0069691939279437065
Epoch 637 Relative Error 0.006963085848838091
Epoch 638 Relative Error 0.006953745149075985
Epoch 639 Relative Error 0.006948660593479872
Epoch 640 Relative Error 0.006941796280443668
Epoch 641 Relative Error 0.006940806750208139
Epoch 642 Relative Error 0.00694224052131176
Epoch 643 Relative Error 0.0069442931562662125
Epoch 644 Relative Error 0.006937684956938028
Epoch 645 Relative Error 0.006934595759958029
Epoch 646 Relative Error 0.0069456035271286964
Epoch 647 Relative Error 0.006925802677869797
Epoch 648 Relative Error 0.006918285042047501
Epoch 649 Relative Error 0.006932644639164209
Epoch 650 Relative Error 0.006934663280844688
Epoch 651 Relative Error 0.006900772452354431
Epoch 652 Relative Error 0.006902813911437988
Epoch 653 Relative Error 0.0068926154635846615
Epoch 654 Relative Error 0.006900956854224205
Epoch 655 Relative Error 0.006916719023138285
Epoch 656 Relative Error 0.0068910010159015656
Epoch 657 Relative Error 0.00688829505816102
Epoch 658 Relative Error 0.0068847076036036015
Epoch 659 Relative Error 0.006887596100568771
Epoch 660 Relative Error 0.0068795327097177505
Epoch 661 Relative Error 0.006870503071695566
Epoch 662 Relative Error 0.00687458086758852
Epoch 663 Relative Error 0.0068732937797904015
Epoch 664 Relative Error 0.00686769699677825
Epoch 665 Relative Error 0.0068631102330982685
Epoch 666 Relative Error 0.006870154291391373
Epoch 667 Relative Error 0.00686080614104867
Epoch 668 Relative Error 0.006852875463664532
Epoch 669 Relative Error 0.006851220037788153
Epoch 670 Relative Error 0.006848892662674189
Epoch 671 Relative Error 0.006849043071269989
Epoch 672 Relative Error 0.006839822046458721
Epoch 673 Relative Error 0.006831555627286434
Epoch 674 Relative Error 0.0068281362764537334
Epoch 675 Relative Error 0.006835410371422768
Epoch 676 Relative Error 0.006830716971307993
Epoch 677 Relative Error 0.006830998696386814
Epoch 678 Relative Error 0.006813783664256334
Epoch 679 Relative Error 0.0068160854279994965
Epoch 680 Relative Error 0.006818872876465321
Epoch 681 Relative Error 0.006814268417656422
Epoch 682 Relative Error 0.006817130837589502
Epoch 683 Relative Error 0.006808884907513857
Epoch 684 Relative Error 0.006809253245592117
Epoch 685 Relative Error 0.006801579147577286
Epoch 686 Relative Error 0.006798684597015381
Epoch 687 Relative Error 0.006795523222535849
Epoch 688 Relative Error 0.0067889015190303326
Epoch 689 Relative Error 0.006781726144254208
Epoch 690 Relative Error 0.006791782099753618
Epoch 691 Relative Error 0.006780298892408609
Epoch 692 Relative Error 0.0067786057479679585
Epoch 693 Relative Error 0.006774852052330971
Epoch 694 Relative Error 0.006785175763070583
Epoch 695 Relative Error 0.006773854605853558
Epoch 696 Relative Error 0.006774040870368481
Epoch 697 Relative Error 0.006764015648514032
Epoch 698 Relative Error 0.006767552345991135
Epoch 699 Relative Error 0.00676127802580595
Epoch 700 Relative Error 0.006756160873919725
Epoch 701 Relative Error 0.006751519627869129
Epoch 702 Relative Error 0.006757573690265417
Epoch 703 Relative Error 0.0067401668056845665
Epoch 704 Relative Error 0.006741370540112257
Epoch 705 Relative Error 0.006746555678546429
Epoch 706 Relative Error 0.0067390319891273975
Epoch 707 Relative Error 0.0067429267801344395
Epoch 708 Relative Error 0.006738428026437759
Epoch 709 Relative Error 0.006745523773133755
Epoch 710 Relative Error 0.0067238896153867245
Epoch 711 Relative Error 0.006722869351506233
Epoch 712 Relative Error 0.0067268917337059975
Epoch 713 Relative Error 0.006722853519022465
Epoch 714 Relative Error 0.006715817376971245
Epoch 715 Relative Error 0.006713228765875101
Epoch 716 Relative Error 0.006721215322613716
Epoch 717 Relative Error 0.006713099777698517
Epoch 718 Relative Error 0.006715098861604929
Epoch 719 Relative Error 0.006718536373227835
Epoch 720 Relative Error 0.006702390033751726
Epoch 721 Relative Error 0.006688958499580622
Epoch 722 Relative Error 0.006700993049889803
Epoch 723 Relative Error 0.006684139836579561
Epoch 724 Relative Error 0.0066874949261546135
Epoch 725 Relative Error 0.006683021318167448
Epoch 726 Relative Error 0.006682881619781256
Epoch 727 Relative Error 0.006686835549771786
Epoch 728 Relative Error 0.006677840370684862
Epoch 729 Relative Error 0.006669475231319666
Epoch 730 Relative Error 0.0066785733215510845
Epoch 731 Relative Error 0.006671467330306768
Epoch 732 Relative Error 0.006672422401607037
Epoch 733 Relative Error 0.006660571787506342
Epoch 734 Relative Error 0.00666456762701273
Epoch 735 Relative Error 0.006656102370470762
Epoch 736 Relative Error 0.006653889082372189
Epoch 737 Relative Error 0.006653960794210434
Epoch 738 Relative Error 0.006650337018072605
Epoch 739 Relative Error 0.006651804316788912
Epoch 740 Relative Error 0.006643103435635567
Epoch 741 Relative Error 0.006642727181315422
Epoch 742 Relative Error 0.00664226058870554
Epoch 743 Relative Error 0.006633860990405083
Epoch 744 Relative Error 0.006636174861341715
Epoch 745 Relative Error 0.006620350293815136
Epoch 746 Relative Error 0.006627724040299654
Epoch 747 Relative Error 0.006635467987507582
Epoch 748 Relative Error 0.006634346675127745
Epoch 749 Relative Error 0.006611223332583904
Epoch 750 Relative Error 0.006615594960749149
Epoch 751 Relative Error 0.006615325342863798
Epoch 752 Relative Error 0.006611058954149485
Epoch 753 Relative Error 0.006601717323064804
Epoch 754 Relative Error 0.006612476892769337
Epoch 755 Relative Error 0.0065988595597445965
Epoch 756 Relative Error 0.006600754335522652
Epoch 757 Relative Error 0.0065956320613622665
Epoch 758 Relative Error 0.006592228077352047
Epoch 759 Relative Error 0.006592349149286747
Epoch 760 Relative Error 0.0065889060497283936
Epoch 761 Relative Error 0.006578293163329363
Epoch 762 Relative Error 0.006581506226211786
Epoch 763 Relative Error 0.0065729073248803616
Epoch 764 Relative Error 0.006572989281266928
Epoch 765 Relative Error 0.00657845102250576
Epoch 766 Relative Error 0.006574184633791447
Epoch 767 Relative Error 0.006567818578332663
Epoch 768 Relative Error 0.006567948032170534
Epoch 769 Relative Error 0.006559999659657478
Epoch 770 Relative Error 0.006557893939316273
Epoch 771 Relative Error 0.006561794318258762
Epoch 772 Relative Error 0.006558465771377087
Epoch 773 Relative Error 0.006560548674315214
Epoch 774 Relative Error 0.0065538822673261166
Epoch 775 Relative Error 0.006555885076522827
Epoch 776 Relative Error 0.006546900141984224
Epoch 777 Relative Error 0.0065523553639650345
Epoch 778 Relative Error 0.006546232849359512
Epoch 779 Relative Error 0.0065436637960374355
Epoch 780 Relative Error 0.006540378089994192
Epoch 781 Relative Error 0.006545959506183863
Epoch 782 Relative Error 0.006529330275952816
Epoch 783 Relative Error 0.0065300920978188515
Epoch 784 Relative Error 0.006542399991303682
Epoch 785 Relative Error 0.006529336795210838
Epoch 786 Relative Error 0.0065402016043663025
Epoch 787 Relative Error 0.006521652918308973
Epoch 788 Relative Error 0.006520711816847324
Epoch 789 Relative Error 0.006525654345750809
Epoch 790 Relative Error 0.006522632669657469
Epoch 791 Relative Error 0.00650465814396739
Epoch 792 Relative Error 0.006503952667117119
Epoch 793 Relative Error 0.006500683259218931
Epoch 794 Relative Error 0.006499735172837973
Epoch 795 Relative Error 0.006497926078736782
Epoch 796 Relative Error 0.006501966156065464
Epoch 797 Relative Error 0.006506598088890314
Epoch 798 Relative Error 0.006485661491751671
Epoch 799 Relative Error 0.006492047570645809
Epoch 800 Relative Error 0.006490699481219053
Epoch 801 Relative Error 0.006494083907455206
Epoch 802 Relative Error 0.006486026104539633
Epoch 803 Relative Error 0.006482668220996857
Epoch 804 Relative Error 0.006476615555584431
Epoch 805 Relative Error 0.006474463269114494
Epoch 806 Relative Error 0.006481026764959097
Epoch 807 Relative Error 0.006466998718678951
Epoch 808 Relative Error 0.00646789837628603
Epoch 809 Relative Error 0.006465200334787369
Epoch 810 Relative Error 0.006466429214924574
Epoch 811 Relative Error 0.006472024600952864
Epoch 812 Relative Error 0.006454923655837774
Epoch 813 Relative Error 0.006461654789745808
Epoch 814 Relative Error 0.006450654473155737
Epoch 815 Relative Error 0.006466364953666925
Epoch 816 Relative Error 0.006449426524341106
Epoch 817 Relative Error 0.0064519490115344524
Epoch 818 Relative Error 0.006449020933359861
Epoch 819 Relative Error 0.006452339235693216
Epoch 820 Relative Error 0.006450030021369457
Epoch 821 Relative Error 0.006463837809860706
Epoch 822 Relative Error 0.0064464439637959
Epoch 823 Relative Error 0.00643899105489254
Epoch 824 Relative Error 0.0064301216043531895
Epoch 825 Relative Error 0.006421475671231747
Epoch 826 Relative Error 0.00642369594424963
Epoch 827 Relative Error 0.006421166006475687
Epoch 828 Relative Error 0.006417169701308012
Epoch 829 Relative Error 0.006426749750971794
Epoch 830 Relative Error 0.0064163003116846085
Epoch 831 Relative Error 0.006410582456737757
Epoch 832 Relative Error 0.006413680966943502
Epoch 833 Relative Error 0.00640489486977458
Epoch 834 Relative Error 0.006413725204765797
Epoch 835 Relative Error 0.006406016647815704
Epoch 836 Relative Error 0.0064049395732581615
Epoch 837 Relative Error 0.006398649886250496
Epoch 838 Relative Error 0.006410351488739252
Epoch 839 Relative Error 0.006391431204974651
Epoch 840 Relative Error 0.006391609087586403
Epoch 841 Relative Error 0.0063964445143938065
Epoch 842 Relative Error 0.006389549933373928
Epoch 843 Relative Error 0.006397705990821123
Epoch 844 Relative Error 0.006390639580786228
Epoch 845 Relative Error 0.006378901656717062
Epoch 846 Relative Error 0.006377355195581913
Epoch 847 Relative Error 0.006379271857440472
Epoch 848 Relative Error 0.006373296957463026
Epoch 849 Relative Error 0.006378249730914831
Epoch 850 Relative Error 0.006373811047524214
Epoch 851 Relative Error 0.006369610782712698
Epoch 852 Relative Error 0.00637121731415391
Epoch 853 Relative Error 0.006362567655742168
Epoch 854 Relative Error 0.006362052634358406
Epoch 855 Relative Error 0.006358905229717493
Epoch 856 Relative Error 0.006359592080116272
Epoch 857 Relative Error 0.006362759042531252
Epoch 858 Relative Error 0.0063538383692502975
Epoch 859 Relative Error 0.00635337783023715
Epoch 860 Relative Error 0.0063500008545815945
Epoch 861 Relative Error 0.006349064409732819
Epoch 862 Relative Error 0.006355398800224066
Epoch 863 Relative Error 0.0063458215445280075
Epoch 864 Relative Error 0.006338887382298708
Epoch 865 Relative Error 0.0063326433300971985
Epoch 866 Relative Error 0.006337782833725214
Epoch 867 Relative Error 0.006338582839816809
Epoch 868 Relative Error 0.0063375448808074
Epoch 869 Relative Error 0.006333441939204931
Epoch 870 Relative Error 0.006329680792987347
Epoch 871 Relative Error 0.0063349404372274876
Epoch 872 Relative Error 0.00633254274725914
Epoch 873 Relative Error 0.006346976850181818
Epoch 874 Relative Error 0.006339212413877249
Epoch 875 Relative Error 0.006327706389129162
Epoch 876 Relative Error 0.0063241091556847095
Epoch 877 Relative Error 0.006315845996141434
Epoch 878 Relative Error 0.00631327647715807
Epoch 879 Relative Error 0.006306021008640528
Epoch 880 Relative Error 0.0063064624555408955
Epoch 881 Relative Error 0.006302061956375837
Epoch 882 Relative Error 0.006303657777607441
Epoch 883 Relative Error 0.006300923880189657
Epoch 884 Relative Error 0.006302349269390106
Epoch 885 Relative Error 0.006292408332228661
Epoch 886 Relative Error 0.006298499647527933
Epoch 887 Relative Error 0.0062978859059512615
Epoch 888 Relative Error 0.006288331467658281
Epoch 889 Relative Error 0.006283488590270281
Epoch 890 Relative Error 0.006291724741458893
Epoch 891 Relative Error 0.006282669026404619
Epoch 892 Relative Error 0.006282153073698282
Epoch 893 Relative Error 0.006274830084294081
Epoch 894 Relative Error 0.006282532587647438
Epoch 895 Relative Error 0.006271772086620331
Epoch 896 Relative Error 0.006269838660955429
Epoch 897 Relative Error 0.006272133905440569
Epoch 898 Relative Error 0.0062627713195979595
Epoch 899 Relative Error 0.0062669869512319565
Epoch 900 Relative Error 0.006263649091124535
Epoch 901 Relative Error 0.006269069388508797
Epoch 902 Relative Error 0.0062697152607142925
Epoch 903 Relative Error 0.006257114000618458
Epoch 904 Relative Error 0.006257471162825823
Epoch 905 Relative Error 0.00625722436234355
Epoch 906 Relative Error 0.006260756868869066
Epoch 907 Relative Error 0.006250328850001097
Epoch 908 Relative Error 0.006253454834222794
Epoch 909 Relative Error 0.006239809095859528
Epoch 910 Relative Error 0.00624092947691679
Epoch 911 Relative Error 0.0062405746430158615
Epoch 912 Relative Error 0.006236234679818153
Epoch 913 Relative Error 0.006235950626432896
Epoch 914 Relative Error 0.0062297494150698185
Epoch 915 Relative Error 0.0062294346280395985
Epoch 916 Relative Error 0.006233677733689547
Epoch 917 Relative Error 0.0062336791306734085
Epoch 918 Relative Error 0.006228592712432146
Epoch 919 Relative Error 0.006223802920430899
Epoch 920 Relative Error 0.006229003891348839
Epoch 921 Relative Error 0.0062203798443078995
Epoch 922 Relative Error 0.006220114417374134
Epoch 923 Relative Error 0.006217322312295437
Epoch 924 Relative Error 0.006221298594027758
Epoch 925 Relative Error 0.006214998196810484
Epoch 926 Relative Error 0.0062187607400119305
Epoch 927 Relative Error 0.006210652180016041
Epoch 928 Relative Error 0.006207308731973171
Epoch 929 Relative Error 0.00620400020852685
Epoch 930 Relative Error 0.0062042176723480225
Epoch 931 Relative Error 0.006204694975167513
Epoch 932 Relative Error 0.006209683138877153
Epoch 933 Relative Error 0.006204570643603802
Epoch 934 Relative Error 0.006195531226694584
Epoch 935 Relative Error 0.006192642264068127
Epoch 936 Relative Error 0.006188778206706047
Epoch 937 Relative Error 0.006190670654177666
Epoch 938 Relative Error 0.006190353538841009
Epoch 939 Relative Error 0.006182549055665731
Epoch 940 Relative Error 0.006185869686305523
Epoch 941 Relative Error 0.0061882357113063335
Epoch 942 Relative Error 0.006184113211929798
Epoch 943 Relative Error 0.006179812829941511
Epoch 944 Relative Error 0.006182584445923567
Epoch 945 Relative Error 0.006180869415402412
Epoch 946 Relative Error 0.006178671028465033
Epoch 947 Relative Error 0.006177806295454502
Epoch 948 Relative Error 0.006168906111270189
Epoch 949 Relative Error 0.006170788314193487
Epoch 950 Relative Error 0.006168270483613014
Epoch 951 Relative Error 0.00616578059270978
Epoch 952 Relative Error 0.006157425232231617
Epoch 953 Relative Error 0.006161833647638559
Epoch 954 Relative Error 0.006160220596939325
Epoch 955 Relative Error 0.006166175473481417
Epoch 956 Relative Error 0.0061683026142418385
Epoch 957 Relative Error 0.006154949311167002
Epoch 958 Relative Error 0.0061532375402748585
Epoch 959 Relative Error 0.0061444505117833614
Epoch 960 Relative Error 0.006143930368125439
Epoch 961 Relative Error 0.006146188359707594
Epoch 962 Relative Error 0.006145572289824486
Epoch 963 Relative Error 0.006145771127194166
Epoch 964 Relative Error 0.006140802055597305
Epoch 965 Relative Error 0.006138332188129425
Epoch 966 Relative Error 0.006135435309261084
Epoch 967 Relative Error 0.006134574767202139
Epoch 968 Relative Error 0.006130766589194536
Epoch 969 Relative Error 0.006132011767476797
Epoch 970 Relative Error 0.006133328191936016
Epoch 971 Relative Error 0.0061253816820681095
Epoch 972 Relative Error 0.006133385002613068
Epoch 973 Relative Error 0.006120696663856506
Epoch 974 Relative Error 0.006118832156062126
Epoch 975 Relative Error 0.00612106965854764
Epoch 976 Relative Error 0.006122092716395855
Epoch 977 Relative Error 0.006117979064583778
Epoch 978 Relative Error 0.006114698480814695
Epoch 979 Relative Error 0.006108178291469812
Epoch 980 Relative Error 0.00610496336594224
Epoch 981 Relative Error 0.006110756192356348
Epoch 982 Relative Error 0.006101572886109352
Epoch 983 Relative Error 0.006108222529292107
Epoch 984 Relative Error 0.006104680709540844
Epoch 985 Relative Error 0.006102401297539473
Epoch 986 Relative Error 0.006095940712839365
Epoch 987 Relative Error 0.006095115561038256
Epoch 988 Relative Error 0.0060937111265957355
Epoch 989 Relative Error 0.006090604234486818
Epoch 990 Relative Error 0.006096151657402515
Epoch 991 Relative Error 0.006088342983275652
Epoch 992 Relative Error 0.006088290363550186
Epoch 993 Relative Error 0.006090714130550623
Epoch 994 Relative Error 0.006083387415856123
Epoch 995 Relative Error 0.006075361277908087
Epoch 996 Relative Error 0.006077487021684647
Epoch 997 Relative Error 0.006078826729208231
Epoch 998 Relative Error 0.0060737766325473785
Epoch 999 Relative Error 0.006078310776501894
Epoch 1000 Relative Error 0.006083185784518719
RE (1, 9, 13, 0): 0.0060737766325473785
Green's Function RE (1, 9, 13, 0): 0.013081256300210953
Bias Term RE (1, 9, 13, 0): 0.011531391181051731
Combination (1, 9, 13, 0, 0): 0.006083185318857431
Combination (1, 9, 13, 0, 1): 0.005293959751725197
Combination (1, 9, 13, 0, 2): 0.005059359595179558
Combination (1, 9, 13, 0, 3): 0.004982168320566416
Combination (1, 9, 13, 0, 4): 0.004946223460137844

/home/gridsan/gstepaniants/.local/lib/python3.8/site-packages/torch/functional.py:478: UserWarning: torch.meshgrid: in an upcoming release, it will be required to pass the indexing argument. (Triggered internally at  ../aten/src/ATen/native/TensorShape.cpp:2895.)
  return _VF.meshgrid(tensors, **kwargs)  # type: ignore[attr-defined]
