[KeOps] Warning : Cuda libraries were not detected on the system ; using cpu only mode
1
Kernel: Exponential
Weight Mesh: 20
RKHS Kernel Width: 0.09
Lambda: 1e-06
Green's Function Learning Rate: 100
Bias Term Learning Rate: 100
Epoch 1 Relative Error 4925.39111328125
First epoch had re = 4925.39111328125 > 1
Green's Function Learning Rate: 50
Bias Term Learning Rate: 50
Epoch 1 Relative Error 2525.010009765625
First epoch had re = 2525.010009765625 > 1
Green's Function Learning Rate: 10
Bias Term Learning Rate: 10
Epoch 1 Relative Error 496.140380859375
First epoch had re = 496.140380859375 > 1
Green's Function Learning Rate: 5
Bias Term Learning Rate: 5
Epoch 1 Relative Error 242.08604431152344
First epoch had re = 242.08604431152344 > 1
Green's Function Learning Rate: 1
Bias Term Learning Rate: 1
Epoch 1 Relative Error 53.540802001953125
First epoch had re = 53.540802001953125 > 1
Green's Function Learning Rate: 0.5
Bias Term Learning Rate: 0.5
Epoch 1 Relative Error 21.428842544555664
First epoch had re = 21.428842544555664 > 1
Green's Function Learning Rate: 0.1
Bias Term Learning Rate: 0.1
Epoch 1 Relative Error 4.681027412414551
First epoch had re = 4.681027412414551 > 1
Green's Function Learning Rate: 0.05
Bias Term Learning Rate: 0.05
Epoch 1 Relative Error 1.8459370136260986
First epoch had re = 1.8459370136260986 > 1
Green's Function Learning Rate: 0.01
Bias Term Learning Rate: 0.01
Epoch 1 Relative Error 0.6465590000152588
Epoch 2 Relative Error 0.46635931730270386
Epoch 3 Relative Error 0.42550525069236755
Epoch 4 Relative Error 0.32607051730155945
Epoch 5 Relative Error 0.20429010689258575
Epoch 6 Relative Error 0.19767799973487854
Epoch 7 Relative Error 0.14755651354789734
Epoch 8 Relative Error 0.1663307249546051
Epoch 9 Relative Error 0.11697089672088623
Epoch 10 Relative Error 0.08675602823495865
Epoch 11 Relative Error 0.07924164086580276
Epoch 12 Relative Error 0.0740392729640007
Epoch 13 Relative Error 0.06764405220746994
Epoch 14 Relative Error 0.06372105330228806
Epoch 15 Relative Error 0.05681179463863373
Epoch 16 Relative Error 0.05312647297978401
Epoch 17 Relative Error 0.051501717418432236
Epoch 18 Relative Error 0.048691339790821075
Epoch 19 Relative Error 0.046795811504125595
Epoch 20 Relative Error 0.0440630242228508
Epoch 21 Relative Error 0.04236462712287903
Epoch 22 Relative Error 0.04089121147990227
Epoch 23 Relative Error 0.039617810398340225
Epoch 24 Relative Error 0.03827911242842674
Epoch 25 Relative Error 0.037234432995319366
Epoch 26 Relative Error 0.03627830743789673
Epoch 27 Relative Error 0.03529179468750954
Epoch 28 Relative Error 0.034321051090955734
Epoch 29 Relative Error 0.033588819205760956
Epoch 30 Relative Error 0.03271107375621796
Epoch 31 Relative Error 0.03203166276216507
Epoch 32 Relative Error 0.031334009021520615
Epoch 33 Relative Error 0.03064342401921749
Epoch 34 Relative Error 0.0300508514046669
Epoch 35 Relative Error 0.02939991094172001
Epoch 36 Relative Error 0.028849326074123383
Epoch 37 Relative Error 0.028347497805953026
Epoch 38 Relative Error 0.02776256389915943
Epoch 39 Relative Error 0.02730601839721203
Epoch 40 Relative Error 0.02678113803267479
Epoch 41 Relative Error 0.026370618492364883
Epoch 42 Relative Error 0.025912202894687653
Epoch 43 Relative Error 0.025539789348840714
Epoch 44 Relative Error 0.025097886100411415
Epoch 45 Relative Error 0.024762997403740883
Epoch 46 Relative Error 0.02433113008737564
Epoch 47 Relative Error 0.02402711659669876
Epoch 48 Relative Error 0.02367660589516163
Epoch 49 Relative Error 0.023366235196590424
Epoch 50 Relative Error 0.023034175857901573
Epoch 51 Relative Error 0.022719528526067734
Epoch 52 Relative Error 0.022405920550227165
Epoch 53 Relative Error 0.02214650623500347
Epoch 54 Relative Error 0.02181343361735344
Epoch 55 Relative Error 0.02162867970764637
Epoch 56 Relative Error 0.02130787819623947
Epoch 57 Relative Error 0.021079009398818016
Epoch 58 Relative Error 0.020792970433831215
Epoch 59 Relative Error 0.020661553367972374
Epoch 60 Relative Error 0.020344290882349014
Epoch 61 Relative Error 0.020101334899663925
Epoch 62 Relative Error 0.019919797778129578
Epoch 63 Relative Error 0.019663013517856598
Epoch 64 Relative Error 0.019474562257528305
Epoch 65 Relative Error 0.019315402954816818
Epoch 66 Relative Error 0.019066892564296722
Epoch 67 Relative Error 0.018848514184355736
Epoch 68 Relative Error 0.018770046532154083
Epoch 69 Relative Error 0.018473686650395393
Epoch 70 Relative Error 0.018344884738326073
Epoch 71 Relative Error 0.018224364146590233
Epoch 72 Relative Error 0.01797177456319332
Epoch 73 Relative Error 0.017821375280618668
Epoch 74 Relative Error 0.01762758009135723
Epoch 75 Relative Error 0.01750347949564457
Epoch 76 Relative Error 0.017341334372758865
Epoch 77 Relative Error 0.01718609221279621
Epoch 78 Relative Error 0.017022395506501198
Epoch 79 Relative Error 0.016936196014285088
Epoch 80 Relative Error 0.01673019304871559
Epoch 81 Relative Error 0.016583949327468872
Epoch 82 Relative Error 0.01643802970647812
Epoch 83 Relative Error 0.016395950689911842
Epoch 84 Relative Error 0.016168231144547462
Epoch 85 Relative Error 0.01603122614324093
Epoch 86 Relative Error 0.015984872356057167
Epoch 87 Relative Error 0.01581236906349659
Epoch 88 Relative Error 0.015679730102419853
Epoch 89 Relative Error 0.015596720390021801
Epoch 90 Relative Error 0.015429825522005558
Epoch 91 Relative Error 0.01531069353222847
Epoch 92 Relative Error 0.015220383182168007
Epoch 93 Relative Error 0.01509375125169754
Epoch 94 Relative Error 0.014975601807236671
Epoch 95 Relative Error 0.014860544353723526
Epoch 96 Relative Error 0.014764627441763878
Epoch 97 Relative Error 0.014656595885753632
Epoch 98 Relative Error 0.014575283043086529
Epoch 99 Relative Error 0.014502352103590965
Epoch 100 Relative Error 0.014448883011937141
Epoch 101 Relative Error 0.014296934939920902
Epoch 102 Relative Error 0.014185936190187931
Epoch 103 Relative Error 0.014122853986918926
Epoch 104 Relative Error 0.01397009938955307
Epoch 105 Relative Error 0.0140920951962471
Epoch 106 Relative Error 0.013847872614860535
Epoch 107 Relative Error 0.01370275393128395
Epoch 108 Relative Error 0.013627128675580025
Epoch 109 Relative Error 0.013555957935750484
Epoch 110 Relative Error 0.013477819040417671
Epoch 111 Relative Error 0.013338716700673103
Epoch 112 Relative Error 0.013241813518106937
Epoch 113 Relative Error 0.013208993710577488
Epoch 114 Relative Error 0.013078729622066021
Epoch 115 Relative Error 0.013026407919824123
Epoch 116 Relative Error 0.01294487901031971
Epoch 117 Relative Error 0.012843689881265163
Epoch 118 Relative Error 0.01288081519305706
Epoch 119 Relative Error 0.012709945440292358
Epoch 120 Relative Error 0.012661821208894253
Epoch 121 Relative Error 0.012540158815681934
Epoch 122 Relative Error 0.012557251378893852
Epoch 123 Relative Error 0.012377993203699589
Epoch 124 Relative Error 0.012318217195570469
Epoch 125 Relative Error 0.012331698089838028
Epoch 126 Relative Error 0.012278098613023758
Epoch 127 Relative Error 0.012123676016926765
Epoch 128 Relative Error 0.012064645998179913
Epoch 129 Relative Error 0.012139578349888325
Epoch 130 Relative Error 0.011913802474737167
Epoch 131 Relative Error 0.011838659644126892
Epoch 132 Relative Error 0.011791744269430637
Epoch 133 Relative Error 0.011813711374998093
Epoch 134 Relative Error 0.011642766185104847
Epoch 135 Relative Error 0.011600919999182224
Epoch 136 Relative Error 0.01151261292397976
Epoch 137 Relative Error 0.0115267438814044
Epoch 138 Relative Error 0.01142041478306055
Epoch 139 Relative Error 0.01139769796282053
Epoch 140 Relative Error 0.011289931833744049
Epoch 141 Relative Error 0.011223326437175274
Epoch 142 Relative Error 0.011288577690720558
Epoch 143 Relative Error 0.01111266016960144
Epoch 144 Relative Error 0.011103066615760326
Epoch 145 Relative Error 0.011034772731363773
Epoch 146 Relative Error 0.011071683838963509
Epoch 147 Relative Error 0.010901127010583878
Epoch 148 Relative Error 0.0108328927308321
Epoch 149 Relative Error 0.010818388313055038
Epoch 150 Relative Error 0.010732019320130348
Epoch 151 Relative Error 0.01072999369353056
Epoch 152 Relative Error 0.010616989806294441
Epoch 153 Relative Error 0.010630746372044086
Epoch 154 Relative Error 0.010528672486543655
Epoch 155 Relative Error 0.010596116073429585
Epoch 156 Relative Error 0.010422703810036182
Epoch 157 Relative Error 0.01041505765169859
Epoch 158 Relative Error 0.010391847230494022
Epoch 159 Relative Error 0.01033027283847332
Epoch 160 Relative Error 0.010218124836683273
Epoch 161 Relative Error 0.010309919714927673
Epoch 162 Relative Error 0.010149944573640823
Epoch 163 Relative Error 0.010114473290741444
Epoch 164 Relative Error 0.010069676674902439
Epoch 165 Relative Error 0.010080646723508835
Epoch 166 Relative Error 0.009981416165828705
Epoch 167 Relative Error 0.009945475496351719
Epoch 168 Relative Error 0.009892495349049568
Epoch 169 Relative Error 0.009916434064507484
Epoch 170 Relative Error 0.00989549234509468
Epoch 171 Relative Error 0.00975345354527235
Epoch 172 Relative Error 0.009718098677694798
Epoch 173 Relative Error 0.009679045528173447
Epoch 174 Relative Error 0.009644848294556141
Epoch 175 Relative Error 0.00961268413811922
Epoch 176 Relative Error 0.00957207940518856
Epoch 177 Relative Error 0.009514016099274158
Epoch 178 Relative Error 0.009535013698041439
Epoch 179 Relative Error 0.009495130740106106
Epoch 180 Relative Error 0.009443772956728935
Epoch 181 Relative Error 0.009443816728889942
Epoch 182 Relative Error 0.00943256076425314
Epoch 183 Relative Error 0.009290381334722042
Epoch 184 Relative Error 0.009293836541473866
Epoch 185 Relative Error 0.009246771223843098
Epoch 186 Relative Error 0.00920459721237421
Epoch 187 Relative Error 0.009154452942311764
Epoch 188 Relative Error 0.009135083295404911
Epoch 189 Relative Error 0.009098384529352188
Epoch 190 Relative Error 0.009064676240086555
Epoch 191 Relative Error 0.009077504277229309
Epoch 192 Relative Error 0.008993308059871197
Epoch 193 Relative Error 0.008948530070483685
Epoch 194 Relative Error 0.008950329385697842
Epoch 195 Relative Error 0.008877045474946499
Epoch 196 Relative Error 0.008864802308380604
Epoch 197 Relative Error 0.008854317478835583
Epoch 198 Relative Error 0.008814932778477669
Epoch 199 Relative Error 0.008780328556895256
Epoch 200 Relative Error 0.008713994175195694
Epoch 201 Relative Error 0.008703234605491161
Epoch 202 Relative Error 0.008782384917140007
Epoch 203 Relative Error 0.00867619551718235
Epoch 204 Relative Error 0.008601535111665726
Epoch 205 Relative Error 0.008638588711619377
Epoch 206 Relative Error 0.008603527210652828
Epoch 207 Relative Error 0.008533117361366749
Epoch 208 Relative Error 0.008532513864338398
Epoch 209 Relative Error 0.008481942117214203
Epoch 210 Relative Error 0.008484447374939919
Epoch 211 Relative Error 0.008408771827816963
Epoch 212 Relative Error 0.008397592231631279
Epoch 213 Relative Error 0.008379265666007996
Epoch 214 Relative Error 0.008350557647645473
Epoch 215 Relative Error 0.008300910703837872
Epoch 216 Relative Error 0.008275951258838177
Epoch 217 Relative Error 0.00823675375431776
Epoch 218 Relative Error 0.00820982176810503
Epoch 219 Relative Error 0.008192862384021282
Epoch 220 Relative Error 0.008162874728441238
Epoch 221 Relative Error 0.008117645978927612
Epoch 222 Relative Error 0.00820329412817955
Epoch 223 Relative Error 0.008070605807006359
Epoch 224 Relative Error 0.008161338977515697
Epoch 225 Relative Error 0.008033624850213528
Epoch 226 Relative Error 0.008071507327258587
Epoch 227 Relative Error 0.00800302904099226
Epoch 228 Relative Error 0.00795954093337059
Epoch 229 Relative Error 0.007951025851070881
Epoch 230 Relative Error 0.007908212020993233
Epoch 231 Relative Error 0.00788714550435543
Epoch 232 Relative Error 0.007890517823398113
Epoch 233 Relative Error 0.007833481766283512
Epoch 234 Relative Error 0.007859797216951847
Epoch 235 Relative Error 0.007839752361178398
Epoch 236 Relative Error 0.007757031358778477
Epoch 237 Relative Error 0.007769209798425436
Epoch 238 Relative Error 0.0077286153100430965
Epoch 239 Relative Error 0.007714738603681326
Epoch 240 Relative Error 0.007719262968748808
Epoch 241 Relative Error 0.007678488735109568
Epoch 242 Relative Error 0.00764882005751133
Epoch 243 Relative Error 0.007633055094629526
Epoch 244 Relative Error 0.007580569013953209
Epoch 245 Relative Error 0.0075740572065114975
Epoch 246 Relative Error 0.007556638214737177
Epoch 247 Relative Error 0.007584485225379467
Epoch 248 Relative Error 0.007493826560676098
Epoch 249 Relative Error 0.0075374566949903965
Epoch 250 Relative Error 0.007511000614613295
Epoch 251 Relative Error 0.007453922647982836
Epoch 252 Relative Error 0.007448942866176367
Epoch 253 Relative Error 0.007406577933579683
Epoch 254 Relative Error 0.007389293052256107
Epoch 255 Relative Error 0.007369744125753641
Epoch 256 Relative Error 0.0073337615467607975
Epoch 257 Relative Error 0.007414053659886122
Epoch 258 Relative Error 0.007327261380851269
Epoch 259 Relative Error 0.0072803073562681675
Epoch 260 Relative Error 0.007268662564456463
Epoch 261 Relative Error 0.0072850254364311695
Epoch 262 Relative Error 0.007302711717784405
Epoch 263 Relative Error 0.007206153590232134
Epoch 264 Relative Error 0.007196776568889618
Epoch 265 Relative Error 0.007228773552924395
Epoch 266 Relative Error 0.007166135590523481
Epoch 267 Relative Error 0.007137898355722427
Epoch 268 Relative Error 0.0071226139552891254
Epoch 269 Relative Error 0.0071083190850913525
Epoch 270 Relative Error 0.007102545816451311
Epoch 271 Relative Error 0.007088201120495796
Epoch 272 Relative Error 0.007039867807179689
Epoch 273 Relative Error 0.0070428126491606236
Epoch 274 Relative Error 0.007022290024906397
Epoch 275 Relative Error 0.006994315423071384
Epoch 276 Relative Error 0.007051569875329733
Epoch 277 Relative Error 0.007045494858175516
Epoch 278 Relative Error 0.007014621049165726
Epoch 279 Relative Error 0.006945299915969372
Epoch 280 Relative Error 0.0069307321682572365
Epoch 281 Relative Error 0.006919230334460735
Epoch 282 Relative Error 0.00687946192920208
Epoch 283 Relative Error 0.0068638925440609455
Epoch 284 Relative Error 0.00686677685007453
Epoch 285 Relative Error 0.0068392762914299965
Epoch 286 Relative Error 0.00687474524602294
Epoch 287 Relative Error 0.00685182074084878
Epoch 288 Relative Error 0.006779693532735109
Epoch 289 Relative Error 0.006766610778868198
Epoch 290 Relative Error 0.0068428232334554195
Epoch 291 Relative Error 0.006786389276385307
Epoch 292 Relative Error 0.006774055305868387
Epoch 293 Relative Error 0.006711327936500311
Epoch 294 Relative Error 0.006701443810015917
Epoch 295 Relative Error 0.006714853458106518
Epoch 296 Relative Error 0.006689053028821945
Epoch 297 Relative Error 0.0066718547604978085
Epoch 298 Relative Error 0.006642092019319534
Epoch 299 Relative Error 0.006622524466365576
Epoch 300 Relative Error 0.006622383836656809
Epoch 301 Relative Error 0.006647924426943064
Epoch 302 Relative Error 0.0066039077937603
Epoch 303 Relative Error 0.006597381550818682
Epoch 304 Relative Error 0.0065733809024095535
Epoch 305 Relative Error 0.006521238479763269
Epoch 306 Relative Error 0.006523325107991695
Epoch 307 Relative Error 0.006533360108733177
Epoch 308 Relative Error 0.00654769828543067
Epoch 309 Relative Error 0.006516001187264919
Epoch 310 Relative Error 0.00655412720516324
Epoch 311 Relative Error 0.006463073194026947
Epoch 312 Relative Error 0.0064980401657521725
Epoch 313 Relative Error 0.006452901754528284
Epoch 314 Relative Error 0.006441736128181219
Epoch 315 Relative Error 0.006420959252864122
Epoch 316 Relative Error 0.0064813257195055485
Epoch 317 Relative Error 0.006453662179410458
Epoch 318 Relative Error 0.006369397975504398
Epoch 319 Relative Error 0.006421578116714954
Epoch 320 Relative Error 0.006371702067553997
Epoch 321 Relative Error 0.006401517428457737
Epoch 322 Relative Error 0.006384594365954399
Epoch 323 Relative Error 0.006337988190352917
Epoch 324 Relative Error 0.006333908066153526
Epoch 325 Relative Error 0.006316252052783966
Epoch 326 Relative Error 0.006287412252277136
Epoch 327 Relative Error 0.00631479499861598
Epoch 328 Relative Error 0.006261761300265789
Epoch 329 Relative Error 0.006247848737984896
Epoch 330 Relative Error 0.006238291505724192
Epoch 331 Relative Error 0.006232880521565676
Epoch 332 Relative Error 0.006192571949213743
Epoch 333 Relative Error 0.006195684429258108
Epoch 334 Relative Error 0.006190979853272438
Epoch 335 Relative Error 0.00617759907618165
Epoch 336 Relative Error 0.006167841609567404
Epoch 337 Relative Error 0.0061618248000741005
Epoch 338 Relative Error 0.006134383846074343
Epoch 339 Relative Error 0.006126039661467075
Epoch 340 Relative Error 0.00610694382339716
Epoch 341 Relative Error 0.006081528030335903
Epoch 342 Relative Error 0.00610235333442688
Epoch 343 Relative Error 0.006083876825869083
Epoch 344 Relative Error 0.006047705188393593
Epoch 345 Relative Error 0.006126327905803919
Epoch 346 Relative Error 0.006036634556949139
Epoch 347 Relative Error 0.006063035689294338
Epoch 348 Relative Error 0.006036111619323492
Epoch 349 Relative Error 0.005993088707327843
Epoch 350 Relative Error 0.006009378936141729
Epoch 351 Relative Error 0.006035985890775919
Epoch 352 Relative Error 0.006071283482015133
Epoch 353 Relative Error 0.005992276128381491
Epoch 354 Relative Error 0.00602323142811656
Epoch 355 Relative Error 0.005968333221971989
Epoch 356 Relative Error 0.005979964509606361
Epoch 357 Relative Error 0.005911278538405895
Epoch 358 Relative Error 0.005926109850406647
Epoch 359 Relative Error 0.005902047269046307
Epoch 360 Relative Error 0.005897656083106995
Epoch 361 Relative Error 0.005866833031177521
Epoch 362 Relative Error 0.005877085495740175
Epoch 363 Relative Error 0.005910214502364397
Epoch 364 Relative Error 0.005835090763866901
Epoch 365 Relative Error 0.005845834966748953
Epoch 366 Relative Error 0.005821822211146355
Epoch 367 Relative Error 0.005806435830891132
Epoch 368 Relative Error 0.0058043478056788445
Epoch 369 Relative Error 0.005785757675766945
Epoch 370 Relative Error 0.005788378417491913
Epoch 371 Relative Error 0.005767346825450659
Epoch 372 Relative Error 0.00577611243352294
Epoch 373 Relative Error 0.005766897462308407
Epoch 374 Relative Error 0.005745983682572842
Epoch 375 Relative Error 0.005726482719182968
Epoch 376 Relative Error 0.005733836907893419
Epoch 377 Relative Error 0.005719360895454884
Epoch 378 Relative Error 0.005701262503862381
Epoch 379 Relative Error 0.005716999527066946
Epoch 380 Relative Error 0.005716049112379551
Epoch 381 Relative Error 0.005687587428838015
Epoch 382 Relative Error 0.005732449237257242
Epoch 383 Relative Error 0.005687545519322157
Epoch 384 Relative Error 0.005662526935338974
Epoch 385 Relative Error 0.0056573147885501385
Epoch 386 Relative Error 0.005620824173092842
Epoch 387 Relative Error 0.005611814558506012
Epoch 388 Relative Error 0.005646991543471813
Epoch 389 Relative Error 0.005613852292299271
Epoch 390 Relative Error 0.005596931092441082
Epoch 391 Relative Error 0.005586637649685144
Epoch 392 Relative Error 0.005578367039561272
Epoch 393 Relative Error 0.0055830772034823895
Epoch 394 Relative Error 0.005594906397163868
Epoch 395 Relative Error 0.005559244193136692
Epoch 396 Relative Error 0.00556607311591506
Epoch 397 Relative Error 0.005605392623692751
Epoch 398 Relative Error 0.005568928085267544
Epoch 399 Relative Error 0.0055342139676213264
Epoch 400 Relative Error 0.005537348333746195
Epoch 401 Relative Error 0.00553903030231595
Epoch 402 Relative Error 0.005494096782058477
Epoch 403 Relative Error 0.005539773032069206
Epoch 404 Relative Error 0.0055434792302548885
Epoch 405 Relative Error 0.00550979096442461
Epoch 406 Relative Error 0.005460863932967186
Epoch 407 Relative Error 0.005511875730007887
Epoch 408 Relative Error 0.005517379380762577
Epoch 409 Relative Error 0.0054815527983009815
Epoch 410 Relative Error 0.005518498830497265
Epoch 411 Relative Error 0.005467879585921764
Epoch 412 Relative Error 0.005469932686537504
Epoch 413 Relative Error 0.00541623355820775
Epoch 414 Relative Error 0.005404199007898569
Epoch 415 Relative Error 0.005390274338424206
Epoch 416 Relative Error 0.005406906362622976
Epoch 417 Relative Error 0.005404002033174038
Epoch 418 Relative Error 0.005378610920161009
Epoch 419 Relative Error 0.005373175255954266
Epoch 420 Relative Error 0.00536121241748333
Epoch 421 Relative Error 0.0053591239266097546
Epoch 422 Relative Error 0.005333234090358019
Epoch 423 Relative Error 0.005342381075024605
Epoch 424 Relative Error 0.005310016218572855
Epoch 425 Relative Error 0.005346226505935192
Epoch 426 Relative Error 0.0053061009384691715
Epoch 427 Relative Error 0.00530850887298584
Epoch 428 Relative Error 0.00528567424044013
Epoch 429 Relative Error 0.00527017330750823
Epoch 430 Relative Error 0.005355162546038628
Epoch 431 Relative Error 0.00530051626265049
Epoch 432 Relative Error 0.005304228514432907
Epoch 433 Relative Error 0.005290988367050886
Epoch 434 Relative Error 0.0052596693858504295
Epoch 435 Relative Error 0.0052458723075687885
Epoch 436 Relative Error 0.0052461824379861355
Epoch 437 Relative Error 0.005238990765064955
Epoch 438 Relative Error 0.005221422296017408
Epoch 439 Relative Error 0.005206073168665171
Epoch 440 Relative Error 0.005201937630772591
Epoch 441 Relative Error 0.005191039759665728
Epoch 442 Relative Error 0.005200882907956839
Epoch 443 Relative Error 0.005202652420848608
Epoch 444 Relative Error 0.00518203666433692
Epoch 445 Relative Error 0.005193429999053478
Epoch 446 Relative Error 0.0051580448634922504
Epoch 447 Relative Error 0.00515250489115715
Epoch 448 Relative Error 0.0051675159484148026
Epoch 449 Relative Error 0.005152224563062191
Epoch 450 Relative Error 0.005125806666910648
Epoch 451 Relative Error 0.005123861134052277
Epoch 452 Relative Error 0.005109970923513174
Epoch 453 Relative Error 0.005102365743368864
Epoch 454 Relative Error 0.005116106942296028
Epoch 455 Relative Error 0.005106767173856497
Epoch 456 Relative Error 0.005094286985695362
Epoch 457 Relative Error 0.00509495148435235
Epoch 458 Relative Error 0.005073044449090958
Epoch 459 Relative Error 0.005093050189316273
Epoch 460 Relative Error 0.005066158249974251
Epoch 461 Relative Error 0.005053771659731865
Epoch 462 Relative Error 0.005085501354187727
Epoch 463 Relative Error 0.005041253287345171
Epoch 464 Relative Error 0.005088259000331163
Epoch 465 Relative Error 0.005088350735604763
Epoch 466 Relative Error 0.005059183109551668
Epoch 467 Relative Error 0.005033416673541069
Epoch 468 Relative Error 0.005052674561738968
Epoch 469 Relative Error 0.005003687925636768
Epoch 470 Relative Error 0.00499945692718029
Epoch 471 Relative Error 0.004984954837709665
Epoch 472 Relative Error 0.004987478256225586
Epoch 473 Relative Error 0.004994266666471958
Epoch 474 Relative Error 0.004975620191544294
Epoch 475 Relative Error 0.004997243173420429
Epoch 476 Relative Error 0.004975883290171623
Epoch 477 Relative Error 0.004975246265530586
Epoch 478 Relative Error 0.0049582053907215595
Epoch 479 Relative Error 0.004957058001309633
Epoch 480 Relative Error 0.004938147962093353
Epoch 481 Relative Error 0.004929303657263517
Epoch 482 Relative Error 0.004923562984913588
Epoch 483 Relative Error 0.0049389805644750595
Epoch 484 Relative Error 0.00493387458845973
Epoch 485 Relative Error 0.0049093966372311115
Epoch 486 Relative Error 0.004901797045022249
Epoch 487 Relative Error 0.004922968335449696
Epoch 488 Relative Error 0.004890375304967165
Epoch 489 Relative Error 0.00490245595574379
Epoch 490 Relative Error 0.004880649037659168
Epoch 491 Relative Error 0.00488844932988286
Epoch 492 Relative Error 0.004871722776442766
Epoch 493 Relative Error 0.004896770231425762
Epoch 494 Relative Error 0.004858648404479027
Epoch 495 Relative Error 0.004856286104768515
Epoch 496 Relative Error 0.004849021788686514
Epoch 497 Relative Error 0.00483701191842556
Epoch 498 Relative Error 0.004822333808988333
Epoch 499 Relative Error 0.004813546314835548
Epoch 500 Relative Error 0.004827558062970638
Epoch 501 Relative Error 0.004810295533388853
Epoch 502 Relative Error 0.0048147342167794704
Epoch 503 Relative Error 0.004845150746405125
Epoch 504 Relative Error 0.004798444453626871
Epoch 505 Relative Error 0.004787524230778217
Epoch 506 Relative Error 0.0047850701957941055
Epoch 507 Relative Error 0.0047755432315170765
Epoch 508 Relative Error 0.00478858919814229
Epoch 509 Relative Error 0.004779169801622629
Epoch 510 Relative Error 0.004772830754518509
Epoch 511 Relative Error 0.004754744470119476
Epoch 512 Relative Error 0.004762743599712849
Epoch 513 Relative Error 0.004762720316648483
Epoch 514 Relative Error 0.0047377836890518665
Epoch 515 Relative Error 0.004739739466458559
Epoch 516 Relative Error 0.004719157703220844
Epoch 517 Relative Error 0.0047407085075974464
Epoch 518 Relative Error 0.004752442240715027
Epoch 519 Relative Error 0.0047287605702877045
Epoch 520 Relative Error 0.004713043570518494
Epoch 521 Relative Error 0.0047841500490903854
Epoch 522 Relative Error 0.0046993219293653965
Epoch 523 Relative Error 0.004690166097134352
Epoch 524 Relative Error 0.004700993653386831
Epoch 525 Relative Error 0.0046992432326078415
Epoch 526 Relative Error 0.004667878150939941
Epoch 527 Relative Error 0.004674731753766537
Epoch 528 Relative Error 0.004665635991841555
Epoch 529 Relative Error 0.004664062988013029
Epoch 530 Relative Error 0.004699308425188065
Epoch 531 Relative Error 0.004690611734986305
Epoch 532 Relative Error 0.004643330816179514
Epoch 533 Relative Error 0.004650294315069914
Epoch 534 Relative Error 0.00464066956192255
Epoch 535 Relative Error 0.0046505131758749485
Epoch 536 Relative Error 0.0046470882371068
Epoch 537 Relative Error 0.004627757240086794
Epoch 538 Relative Error 0.004649801645427942
Epoch 539 Relative Error 0.0046378243714571
Epoch 540 Relative Error 0.004609391093254089
Epoch 541 Relative Error 0.004638643469661474
Epoch 542 Relative Error 0.004610002040863037
Epoch 543 Relative Error 0.004608297720551491
Epoch 544 Relative Error 0.004619305022060871
Epoch 545 Relative Error 0.004625831265002489
Epoch 546 Relative Error 0.004586877301335335
Epoch 547 Relative Error 0.004610565025359392
Epoch 548 Relative Error 0.004637784790247679
Epoch 549 Relative Error 0.004613738507032394
Epoch 550 Relative Error 0.004542001057416201
Epoch 551 Relative Error 0.004577816464006901
Epoch 552 Relative Error 0.004588942974805832
Epoch 553 Relative Error 0.004550676792860031
Epoch 554 Relative Error 0.00456174835562706
Epoch 555 Relative Error 0.004531264305114746
Epoch 556 Relative Error 0.004528998397290707
Epoch 557 Relative Error 0.004515957552939653
Epoch 558 Relative Error 0.0045195831917226315
Epoch 559 Relative Error 0.004507620818912983
Epoch 560 Relative Error 0.004506706725805998
Epoch 561 Relative Error 0.004495981615036726
Epoch 562 Relative Error 0.004492812789976597
Epoch 563 Relative Error 0.0044913580641150475
Epoch 564 Relative Error 0.004495791159570217
Epoch 565 Relative Error 0.004486922174692154
Epoch 566 Relative Error 0.004526004195213318
Epoch 567 Relative Error 0.00447041355073452
Epoch 568 Relative Error 0.00447174021974206
Epoch 569 Relative Error 0.004479185212403536
Epoch 570 Relative Error 0.004459546413272619
Epoch 571 Relative Error 0.004475324414670467
Epoch 572 Relative Error 0.004561052192002535
Epoch 573 Relative Error 0.004469884559512138
Epoch 574 Relative Error 0.004440210293978453
Epoch 575 Relative Error 0.0044655934907495975
Epoch 576 Relative Error 0.004449327476322651
Epoch 577 Relative Error 0.004426073748618364
Epoch 578 Relative Error 0.004447555635124445
Epoch 579 Relative Error 0.004446264822036028
Epoch 580 Relative Error 0.004418742842972279
Epoch 581 Relative Error 0.004415423609316349
Epoch 582 Relative Error 0.00441744877025485
Epoch 583 Relative Error 0.004415176343172789
Epoch 584 Relative Error 0.004413972143083811
Epoch 585 Relative Error 0.004395484924316406
Epoch 586 Relative Error 0.0043893614783883095
Epoch 587 Relative Error 0.004383219871670008
Epoch 588 Relative Error 0.00437186099588871
Epoch 589 Relative Error 0.004394458141177893
Epoch 590 Relative Error 0.004368281923234463
Epoch 591 Relative Error 0.004371894057840109
Epoch 592 Relative Error 0.004383853171020746
Epoch 593 Relative Error 0.0043588560074567795
Epoch 594 Relative Error 0.004357930738478899
Epoch 595 Relative Error 0.004348906222730875
Epoch 596 Relative Error 0.004350481554865837
Epoch 597 Relative Error 0.004351642914116383
Epoch 598 Relative Error 0.004347389098256826
Epoch 599 Relative Error 0.004350969567894936
Epoch 600 Relative Error 0.004336319398134947
Epoch 601 Relative Error 0.004324892535805702
Epoch 602 Relative Error 0.004320203326642513
Epoch 603 Relative Error 0.0043234387412667274
Epoch 604 Relative Error 0.0043043103069067
Epoch 605 Relative Error 0.004304943140596151
Epoch 606 Relative Error 0.0043403469026088715
Epoch 607 Relative Error 0.004328825511038303
Epoch 608 Relative Error 0.0043189264833927155
Epoch 609 Relative Error 0.004313503857702017
Epoch 610 Relative Error 0.004285160917788744
Epoch 611 Relative Error 0.004279622808098793
Epoch 612 Relative Error 0.004291775170713663
Epoch 613 Relative Error 0.0042697894386947155
Epoch 614 Relative Error 0.004286955576390028
Epoch 615 Relative Error 0.00426415354013443
Epoch 616 Relative Error 0.0042678662575781345
Epoch 617 Relative Error 0.0042586601339280605
Epoch 618 Relative Error 0.004255747422575951
Epoch 619 Relative Error 0.004249239340424538
Epoch 620 Relative Error 0.004280163440853357
Epoch 621 Relative Error 0.004268035292625427
Epoch 622 Relative Error 0.0042610387317836285
Epoch 623 Relative Error 0.004235065076500177
Epoch 624 Relative Error 0.0042239828035235405
Epoch 625 Relative Error 0.004223640542477369
Epoch 626 Relative Error 0.004222122952342033
Epoch 627 Relative Error 0.00421309657394886
Epoch 628 Relative Error 0.004212420433759689
Epoch 629 Relative Error 0.004249088931828737
Epoch 630 Relative Error 0.004205886274576187
Epoch 631 Relative Error 0.004212663043290377
Epoch 632 Relative Error 0.004221128299832344
Epoch 633 Relative Error 0.004202031064778566
Epoch 634 Relative Error 0.004195313435047865
Epoch 635 Relative Error 0.004194599576294422
Epoch 636 Relative Error 0.0042038606479763985
Epoch 637 Relative Error 0.004189306404441595
Epoch 638 Relative Error 0.004198809154331684
Epoch 639 Relative Error 0.00418181112036109
Epoch 640 Relative Error 0.004168775398284197
Epoch 641 Relative Error 0.004179815761744976
Epoch 642 Relative Error 0.004177174065262079
Epoch 643 Relative Error 0.004167862236499786
Epoch 644 Relative Error 0.004174006171524525
Epoch 645 Relative Error 0.004154500085860491
Epoch 646 Relative Error 0.004160018637776375
Epoch 647 Relative Error 0.004141602199524641
Epoch 648 Relative Error 0.004148254171013832
Epoch 649 Relative Error 0.00413327245041728
Epoch 650 Relative Error 0.004139522090554237
Epoch 651 Relative Error 0.0041364869102835655
Epoch 652 Relative Error 0.004122809041291475
Epoch 653 Relative Error 0.004114181734621525
Epoch 654 Relative Error 0.004115413874387741
Epoch 655 Relative Error 0.004117527045309544
Epoch 656 Relative Error 0.004109178204089403
Epoch 657 Relative Error 0.0041098096407949924
Epoch 658 Relative Error 0.004104081075638533
Epoch 659 Relative Error 0.004104206338524818
Epoch 660 Relative Error 0.004103689454495907
Epoch 661 Relative Error 0.004103559534996748
Epoch 662 Relative Error 0.004100119695067406
Epoch 663 Relative Error 0.004105727653950453
Epoch 664 Relative Error 0.004096544347703457
Epoch 665 Relative Error 0.004089902620762587
Epoch 666 Relative Error 0.004089393652975559
Epoch 667 Relative Error 0.004092034418135881
Epoch 668 Relative Error 0.00409235805273056
Epoch 669 Relative Error 0.004080677404999733
Epoch 670 Relative Error 0.00407630018889904
Epoch 671 Relative Error 0.00409514969214797
Epoch 672 Relative Error 0.004092961084097624
Epoch 673 Relative Error 0.004102648235857487
Epoch 674 Relative Error 0.00407592486590147
Epoch 675 Relative Error 0.004041429143399
Epoch 676 Relative Error 0.004046566318720579
Epoch 677 Relative Error 0.004035555757582188
Epoch 678 Relative Error 0.004035882651805878
Epoch 679 Relative Error 0.004035028629004955
Epoch 680 Relative Error 0.004033796023577452
Epoch 681 Relative Error 0.00404890812933445
Epoch 682 Relative Error 0.004043223336338997
Epoch 683 Relative Error 0.004014155827462673
Epoch 684 Relative Error 0.004006864503026009
Epoch 685 Relative Error 0.004011677112430334
Epoch 686 Relative Error 0.004004606977105141
Epoch 687 Relative Error 0.00400910759344697
Epoch 688 Relative Error 0.004021935164928436
Epoch 689 Relative Error 0.003991539590060711
Epoch 690 Relative Error 0.0040012747049331665
Epoch 691 Relative Error 0.004017723258584738
Epoch 692 Relative Error 0.003999735228717327
Epoch 693 Relative Error 0.003993302583694458
Epoch 694 Relative Error 0.004008614923804998
Epoch 695 Relative Error 0.003986946307122707
Epoch 696 Relative Error 0.003979754168540239
Epoch 697 Relative Error 0.003996956627815962
Epoch 698 Relative Error 0.003969574812799692
Epoch 699 Relative Error 0.003963886294513941
Epoch 700 Relative Error 0.003986962605267763
Epoch 701 Relative Error 0.003995089791715145
Epoch 702 Relative Error 0.00396829703822732
Epoch 703 Relative Error 0.004018261097371578
Epoch 704 Relative Error 0.003974128980189562
Epoch 705 Relative Error 0.003978057764470577
Epoch 706 Relative Error 0.003963826689869165
Epoch 707 Relative Error 0.003938555717468262
Epoch 708 Relative Error 0.003951857332140207
Epoch 709 Relative Error 0.003990063443779945
Epoch 710 Relative Error 0.003969708923250437
Epoch 711 Relative Error 0.003948877099901438
Epoch 712 Relative Error 0.003939200658351183
Epoch 713 Relative Error 0.003924759104847908
Epoch 714 Relative Error 0.003941618371754885
Epoch 715 Relative Error 0.003938197623938322
Epoch 716 Relative Error 0.00394850829616189
Epoch 717 Relative Error 0.003919133450835943
Epoch 718 Relative Error 0.00390907796099782
Epoch 719 Relative Error 0.0039024504367262125
Epoch 720 Relative Error 0.0039056323003023863
Epoch 721 Relative Error 0.0038903281092643738
Epoch 722 Relative Error 0.0038965153507888317
Epoch 723 Relative Error 0.0038879800122231245
Epoch 724 Relative Error 0.0038927721325308084
Epoch 725 Relative Error 0.0038920268416404724
Epoch 726 Relative Error 0.003932144492864609
Epoch 727 Relative Error 0.0038968464359641075
Epoch 728 Relative Error 0.003881308017298579
Epoch 729 Relative Error 0.0038656722754240036
Epoch 730 Relative Error 0.003876541741192341
Epoch 731 Relative Error 0.0038699954748153687
Epoch 732 Relative Error 0.0038628762122243643
Epoch 733 Relative Error 0.003865095553919673
Epoch 734 Relative Error 0.003861414734274149
Epoch 735 Relative Error 0.003881495213136077
Epoch 736 Relative Error 0.0038475398905575275
Epoch 737 Relative Error 0.0038409619592130184
Epoch 738 Relative Error 0.0038743249606341124
Epoch 739 Relative Error 0.003848906373605132
Epoch 740 Relative Error 0.0038359351456165314
Epoch 741 Relative Error 0.0038442532531917095
Epoch 742 Relative Error 0.0038326820358633995
Epoch 743 Relative Error 0.003838188946247101
Epoch 744 Relative Error 0.0038634478114545345
Epoch 745 Relative Error 0.00383286876603961
Epoch 746 Relative Error 0.003831736743450165
Epoch 747 Relative Error 0.0038112716283649206
Epoch 748 Relative Error 0.0038302193861454725
Epoch 749 Relative Error 0.003817405551671982
Epoch 750 Relative Error 0.003869845997542143
Epoch 751 Relative Error 0.0038762111216783524
Epoch 752 Relative Error 0.003835551906377077
Epoch 753 Relative Error 0.0038194090593606234
Epoch 754 Relative Error 0.003806882305070758
Epoch 755 Relative Error 0.0037917327135801315
Epoch 756 Relative Error 0.003792303381487727
Epoch 757 Relative Error 0.003785765264183283
Epoch 758 Relative Error 0.00378486723639071
Epoch 759 Relative Error 0.0037807479966431856
Epoch 760 Relative Error 0.003777389647439122
Epoch 761 Relative Error 0.0037740503903478384
Epoch 762 Relative Error 0.0037723903078585863
Epoch 763 Relative Error 0.003772166557610035
Epoch 764 Relative Error 0.0037724378053098917
Epoch 765 Relative Error 0.0038047819398343563
Epoch 766 Relative Error 0.0037689413875341415
Epoch 767 Relative Error 0.0037631529849022627
Epoch 768 Relative Error 0.0037617688067257404
Epoch 769 Relative Error 0.003765241475775838
Epoch 770 Relative Error 0.0037524716462939978
Epoch 771 Relative Error 0.0037412955425679684
Epoch 772 Relative Error 0.0037393951788544655
Epoch 773 Relative Error 0.003741928143426776
Epoch 774 Relative Error 0.0037323664873838425
Epoch 775 Relative Error 0.0037426080089062452
Epoch 776 Relative Error 0.003733210964128375
Epoch 777 Relative Error 0.00372145208530128
Epoch 778 Relative Error 0.003728906624019146
Epoch 779 Relative Error 0.0037190953735262156
Epoch 780 Relative Error 0.003740424057468772
Epoch 781 Relative Error 0.0037243152037262917
Epoch 782 Relative Error 0.0037300114054232836
Epoch 783 Relative Error 0.00370976934209466
Epoch 784 Relative Error 0.0037057336885482073
Epoch 785 Relative Error 0.0037111113779246807
Epoch 786 Relative Error 0.003702657762914896
Epoch 787 Relative Error 0.003700033761560917
Epoch 788 Relative Error 0.0037040109746158123
Epoch 789 Relative Error 0.003699271706864238
Epoch 790 Relative Error 0.0037004195619374514
Epoch 791 Relative Error 0.0037052640691399574
Epoch 792 Relative Error 0.0037031550891697407
Epoch 793 Relative Error 0.003690782468765974
Epoch 794 Relative Error 0.003687678836286068
Epoch 795 Relative Error 0.0036956067197024822
Epoch 796 Relative Error 0.003679559100419283
Epoch 797 Relative Error 0.0036886301822960377
Epoch 798 Relative Error 0.0036748016718775034
Epoch 799 Relative Error 0.0036725488025695086
Epoch 800 Relative Error 0.0036797374486923218
Epoch 801 Relative Error 0.0036617990117520094
Epoch 802 Relative Error 0.0036653063725680113
Epoch 803 Relative Error 0.0036924330051988363
Epoch 804 Relative Error 0.0036700647324323654
Epoch 805 Relative Error 0.003701872657984495
Epoch 806 Relative Error 0.0036915999371558428
Epoch 807 Relative Error 0.0036678246688097715
Epoch 808 Relative Error 0.003666345030069351
Epoch 809 Relative Error 0.0036385194398462772
Epoch 810 Relative Error 0.003637949237599969
Epoch 811 Relative Error 0.003641714807599783
Epoch 812 Relative Error 0.0036477064713835716
Epoch 813 Relative Error 0.0036497812252491713
Epoch 814 Relative Error 0.0036314274184405804
Epoch 815 Relative Error 0.003624366130679846
Epoch 816 Relative Error 0.003625582903623581
Epoch 817 Relative Error 0.0036347287241369486
Epoch 818 Relative Error 0.0036166636273264885
Epoch 819 Relative Error 0.00361373508349061
Epoch 820 Relative Error 0.003612736938521266
Epoch 821 Relative Error 0.0036111946683377028
Epoch 822 Relative Error 0.0036209668032824993
Epoch 823 Relative Error 0.0036145930644124746
Epoch 824 Relative Error 0.003608071245253086
Epoch 825 Relative Error 0.0036077075637876987
Epoch 826 Relative Error 0.003604079829528928
Epoch 827 Relative Error 0.0036228056997060776
Epoch 828 Relative Error 0.0036099168937653303
Epoch 829 Relative Error 0.0035975442733615637
Epoch 830 Relative Error 0.0036016569938510656
Epoch 831 Relative Error 0.0035947624128311872
Epoch 832 Relative Error 0.003628533100709319
Epoch 833 Relative Error 0.003592113498598337
Epoch 834 Relative Error 0.003593906993046403
Epoch 835 Relative Error 0.003590787760913372
Epoch 836 Relative Error 0.003585666185244918
Epoch 837 Relative Error 0.003576716175302863
Epoch 838 Relative Error 0.0035774772986769676
Epoch 839 Relative Error 0.003567477921023965
Epoch 840 Relative Error 0.003588260617107153
Epoch 841 Relative Error 0.003561472985893488
Epoch 842 Relative Error 0.0035901323426514864
Epoch 843 Relative Error 0.0035607984755188227
Epoch 844 Relative Error 0.003564283484593034
Epoch 845 Relative Error 0.0035611391067504883
Epoch 846 Relative Error 0.003553288523107767
Epoch 847 Relative Error 0.003546652151271701
Epoch 848 Relative Error 0.00355998775921762
Epoch 849 Relative Error 0.0035487280692905188
Epoch 850 Relative Error 0.0035520747769623995
Epoch 851 Relative Error 0.0035443766973912716
Epoch 852 Relative Error 0.0035334911663085222
Epoch 853 Relative Error 0.0035320573952049017
Epoch 854 Relative Error 0.0035340699832886457
Epoch 855 Relative Error 0.0035216286778450012
Epoch 856 Relative Error 0.003519240068271756
Epoch 857 Relative Error 0.0035174170043319464
Epoch 858 Relative Error 0.0035179457627236843
Epoch 859 Relative Error 0.0035146602895110846
Epoch 860 Relative Error 0.003525067586451769
Epoch 861 Relative Error 0.0035167005844414234
Epoch 862 Relative Error 0.003506691427901387
Epoch 863 Relative Error 0.0035020417999476194
Epoch 864 Relative Error 0.0035089273005723953
Epoch 865 Relative Error 0.003501627128571272
Epoch 866 Relative Error 0.0034995742607861757
Epoch 867 Relative Error 0.00350884604267776
Epoch 868 Relative Error 0.003497462719678879
Epoch 869 Relative Error 0.0034986173268407583
Epoch 870 Relative Error 0.003490658476948738
Epoch 871 Relative Error 0.0034978126641362906
Epoch 872 Relative Error 0.003505798289552331
Epoch 873 Relative Error 0.003501179860904813
Epoch 874 Relative Error 0.003506692126393318
Epoch 875 Relative Error 0.0035468218848109245
Epoch 876 Relative Error 0.00349285826086998
Epoch 877 Relative Error 0.0034764292649924755
Epoch 878 Relative Error 0.0034781773574650288
Epoch 879 Relative Error 0.0034736208617687225
Epoch 880 Relative Error 0.0034676322247833014
Epoch 881 Relative Error 0.0034643097314983606
Epoch 882 Relative Error 0.003460652893409133
Epoch 883 Relative Error 0.003478575497865677
Epoch 884 Relative Error 0.003459666157141328
Epoch 885 Relative Error 0.0034690487664192915
Epoch 886 Relative Error 0.003450477961450815
Epoch 887 Relative Error 0.0034563399385660887
Epoch 888 Relative Error 0.00345178646966815
Epoch 889 Relative Error 0.0034464281052351
Epoch 890 Relative Error 0.0034587671980261803
Epoch 891 Relative Error 0.0034491608384996653
Epoch 892 Relative Error 0.0034587434493005276
Epoch 893 Relative Error 0.0034397076815366745
Epoch 894 Relative Error 0.0034353698138147593
Epoch 895 Relative Error 0.00343921291641891
Epoch 896 Relative Error 0.0034434236586093903
Epoch 897 Relative Error 0.003443939844146371
Epoch 898 Relative Error 0.0034314817748963833
Epoch 899 Relative Error 0.003440593369305134
Epoch 900 Relative Error 0.003422616748139262
Epoch 901 Relative Error 0.0034376538824290037
Epoch 902 Relative Error 0.003419468179345131
Epoch 903 Relative Error 0.003414501203224063
Epoch 904 Relative Error 0.003422623034566641
Epoch 905 Relative Error 0.00341546512208879
Epoch 906 Relative Error 0.0034214879851788282
Epoch 907 Relative Error 0.003414510516449809
Epoch 908 Relative Error 0.003412580816075206
Epoch 909 Relative Error 0.003419634886085987
Epoch 910 Relative Error 0.003413872793316841
Epoch 911 Relative Error 0.00341735128313303
Epoch 912 Relative Error 0.003396926913410425
Epoch 913 Relative Error 0.0033983346074819565
Epoch 914 Relative Error 0.0034008657094091177
Epoch 915 Relative Error 0.0034017267171293497
Epoch 916 Relative Error 0.0033912239596247673
Epoch 917 Relative Error 0.0033893059007823467
Epoch 918 Relative Error 0.003392493352293968
Epoch 919 Relative Error 0.003384340787306428
Epoch 920 Relative Error 0.00338046345859766
Epoch 921 Relative Error 0.003384816227480769
Epoch 922 Relative Error 0.003372912062332034
Epoch 923 Relative Error 0.003375418484210968
Epoch 924 Relative Error 0.003366115503013134
Epoch 925 Relative Error 0.0033840262331068516
Epoch 926 Relative Error 0.0033899054396897554
Epoch 927 Relative Error 0.0034082727506756783
Epoch 928 Relative Error 0.003379452507942915
Epoch 929 Relative Error 0.0033556621056050062
Epoch 930 Relative Error 0.0033585713244974613
Epoch 931 Relative Error 0.003355066291987896
Epoch 932 Relative Error 0.00336032104678452
Epoch 933 Relative Error 0.0033599340822547674
Epoch 934 Relative Error 0.0033513058442622423
Epoch 935 Relative Error 0.0033606060314923525
Epoch 936 Relative Error 0.003366300603374839
Epoch 937 Relative Error 0.003360151080414653
Epoch 938 Relative Error 0.003348527941852808
Epoch 939 Relative Error 0.00335671566426754
Epoch 940 Relative Error 0.003363285679370165
Epoch 941 Relative Error 0.0033909606281667948
Epoch 942 Relative Error 0.0033505435567349195
Epoch 943 Relative Error 0.0033387206494808197
Epoch 944 Relative Error 0.0033348267897963524
Epoch 945 Relative Error 0.0033539512660354376
Epoch 946 Relative Error 0.003335360437631607
Epoch 947 Relative Error 0.0033424573484808207
Epoch 948 Relative Error 0.003327107522636652
Epoch 949 Relative Error 0.0033379134256392717
Epoch 950 Relative Error 0.003320275340229273
Epoch 951 Relative Error 0.00331893190741539
Epoch 952 Relative Error 0.0033087858464568853
Epoch 953 Relative Error 0.0033238371834158897
Epoch 954 Relative Error 0.0033040414564311504
Epoch 955 Relative Error 0.0033098882995545864
Epoch 956 Relative Error 0.0033150294329971075
Epoch 957 Relative Error 0.003304424462839961
Epoch 958 Relative Error 0.0033241326455026865
Epoch 959 Relative Error 0.0032962141558527946
Epoch 960 Relative Error 0.0032957647927105427
Epoch 961 Relative Error 0.0032931859605014324
Epoch 962 Relative Error 0.0032920660451054573
Epoch 963 Relative Error 0.003289282787591219
Epoch 964 Relative Error 0.0032881861552596092
Epoch 965 Relative Error 0.0032808477990329266
Epoch 966 Relative Error 0.003292421344667673
Epoch 967 Relative Error 0.003277478739619255
Epoch 968 Relative Error 0.0032808762043714523
Epoch 969 Relative Error 0.0032859831117093563
Epoch 970 Relative Error 0.0032925475388765335
Epoch 971 Relative Error 0.0032707243226468563
Epoch 972 Relative Error 0.0032709522638469934
Epoch 973 Relative Error 0.0032650388311594725
Epoch 974 Relative Error 0.0032680619042366743
Epoch 975 Relative Error 0.003270014189183712
Epoch 976 Relative Error 0.003270936431363225
Epoch 977 Relative Error 0.0032611791975796223
Epoch 978 Relative Error 0.003269517095759511
Epoch 979 Relative Error 0.003263699822127819
Epoch 980 Relative Error 0.0032884215470403433
Epoch 981 Relative Error 0.0032676197588443756
Epoch 982 Relative Error 0.0032556168735027313
Epoch 983 Relative Error 0.0032628970220685005
Epoch 984 Relative Error 0.0032494603656232357
Epoch 985 Relative Error 0.003254275768995285
Epoch 986 Relative Error 0.0032521067187190056
Epoch 987 Relative Error 0.0032387624960392714
Epoch 988 Relative Error 0.003233132651075721
Epoch 989 Relative Error 0.003241856349632144
Epoch 990 Relative Error 0.003236493794247508
Epoch 991 Relative Error 0.003231295384466648
Epoch 992 Relative Error 0.003243738319724798
Epoch 993 Relative Error 0.0032369487453252077
Epoch 994 Relative Error 0.0032351443078368902
Epoch 995 Relative Error 0.003250573296099901
Epoch 996 Relative Error 0.003236869117245078
Epoch 997 Relative Error 0.003231109818443656
Epoch 998 Relative Error 0.003250019857659936
Epoch 999 Relative Error 0.0032555698417127132
Epoch 1000 Relative Error 0.003248198190703988
RE (0, 1, 17, 0): 0.003231109818443656
Green's Function RE (0, 1, 17, 0): 0.016082562506198883
Bias Term RE (0, 1, 17, 0): 0.03016548976302147
Combination (0, 1, 17, 0, 0): 0.023110587149858475
Combination (0, 1, 17, 0, 1): 0.023049935698509216
Combination (0, 1, 17, 0, 2): 0.02306852489709854
Combination (0, 1, 17, 0, 3): 0.023073311895132065
Combination (0, 1, 17, 0, 4): 0.023075763136148453

/home/gridsan/gstepaniants/.local/lib/python3.8/site-packages/torch/functional.py:478: UserWarning: torch.meshgrid: in an upcoming release, it will be required to pass the indexing argument. (Triggered internally at  ../aten/src/ATen/native/TensorShape.cpp:2895.)
  return _VF.meshgrid(tensors, **kwargs)  # type: ignore[attr-defined]
