[KeOps] Warning : Cuda libraries were not detected on the system ; using cpu only mode
1
Kernel: Matern3/2
Weight Mesh: 10
RKHS Kernel Width: 0.5
Lambda: 1e-06
Green's Function Learning Rate: 100
Bias Term Learning Rate: 100
Epoch 1 Relative Error 6808.01123046875
First epoch had re = 6808.01123046875 > 1
Green's Function Learning Rate: 50
Bias Term Learning Rate: 50
Epoch 1 Relative Error 2478.783935546875
First epoch had re = 2478.783935546875 > 1
Green's Function Learning Rate: 10
Bias Term Learning Rate: 10
Epoch 1 Relative Error 580.7822875976562
First epoch had re = 580.7822875976562 > 1
Green's Function Learning Rate: 5
Bias Term Learning Rate: 5
Epoch 1 Relative Error 290.92889404296875
First epoch had re = 290.92889404296875 > 1
Green's Function Learning Rate: 1
Bias Term Learning Rate: 1
Epoch 1 Relative Error 49.15751266479492
First epoch had re = 49.15751266479492 > 1
Green's Function Learning Rate: 0.5
Bias Term Learning Rate: 0.5
Epoch 1 Relative Error 28.412988662719727
First epoch had re = 28.412988662719727 > 1
Green's Function Learning Rate: 0.1
Bias Term Learning Rate: 0.1
Epoch 1 Relative Error 6.664709568023682
First epoch had re = 6.664709568023682 > 1
Green's Function Learning Rate: 0.05
Bias Term Learning Rate: 0.05
Epoch 1 Relative Error 1.697231650352478
First epoch had re = 1.697231650352478 > 1
Green's Function Learning Rate: 0.01
Bias Term Learning Rate: 0.01
Epoch 1 Relative Error 0.8192324042320251
Epoch 2 Relative Error 0.6892445683479309
Epoch 3 Relative Error 0.8631867170333862
Epoch 4 Relative Error 0.6471138596534729
Epoch 5 Relative Error 0.7135999798774719
Epoch 6 Relative Error 0.6067419052124023
Epoch 7 Relative Error 0.603095293045044
Epoch 8 Relative Error 0.582534909248352
Epoch 9 Relative Error 0.5519293546676636
Epoch 10 Relative Error 0.5533742904663086
Epoch 11 Relative Error 0.5197426080703735
Epoch 12 Relative Error 0.5316960215568542
Epoch 13 Relative Error 0.5001766681671143
Epoch 14 Relative Error 0.505432665348053
Epoch 15 Relative Error 0.4856656491756439
Epoch 16 Relative Error 0.4910832941532135
Epoch 17 Relative Error 0.47632279992103577
Epoch 18 Relative Error 0.47679105401039124
Epoch 19 Relative Error 0.4677063822746277
Epoch 20 Relative Error 0.46705493330955505
Epoch 21 Relative Error 0.4609289765357971
Epoch 22 Relative Error 0.4605865776538849
Epoch 23 Relative Error 0.4567737877368927
Epoch 24 Relative Error 0.4559552073478699
Epoch 25 Relative Error 0.454089492559433
Epoch 26 Relative Error 0.4515872001647949
Epoch 27 Relative Error 0.4509108364582062
Epoch 28 Relative Error 0.4497371017932892
Epoch 29 Relative Error 0.44826430082321167
Epoch 30 Relative Error 0.44749733805656433
Epoch 31 Relative Error 0.4462309181690216
Epoch 32 Relative Error 0.4456126391887665
Epoch 33 Relative Error 0.4444929361343384
Epoch 34 Relative Error 0.44302883744239807
Epoch 35 Relative Error 0.4424976706504822
Epoch 36 Relative Error 0.441222608089447
Epoch 37 Relative Error 0.44019925594329834
Epoch 38 Relative Error 0.4392998218536377
Epoch 39 Relative Error 0.43821948766708374
Epoch 40 Relative Error 0.4370764195919037
Epoch 41 Relative Error 0.4360698461532593
Epoch 42 Relative Error 0.4351261258125305
Epoch 43 Relative Error 0.43395155668258667
Epoch 44 Relative Error 0.4332588315010071
Epoch 45 Relative Error 0.43184202909469604
Epoch 46 Relative Error 0.43072226643562317
Epoch 47 Relative Error 0.42988938093185425
Epoch 48 Relative Error 0.42860928177833557
Epoch 49 Relative Error 0.42764812707901
Epoch 50 Relative Error 0.4264708459377289
Epoch 51 Relative Error 0.42524126172065735
Epoch 52 Relative Error 0.4245305061340332
Epoch 53 Relative Error 0.42308327555656433
Epoch 54 Relative Error 0.4220423102378845
Epoch 55 Relative Error 0.4207339286804199
Epoch 56 Relative Error 0.4195968508720398
Epoch 57 Relative Error 0.4184578061103821
Epoch 58 Relative Error 0.41756895184516907
Epoch 59 Relative Error 0.41625991463661194
Epoch 60 Relative Error 0.4150456190109253
Epoch 61 Relative Error 0.41409337520599365
Epoch 62 Relative Error 0.41389963030815125
Epoch 63 Relative Error 0.41160157322883606
Epoch 64 Relative Error 0.41056856513023376
Epoch 65 Relative Error 0.4097268581390381
Epoch 66 Relative Error 0.408252477645874
Epoch 67 Relative Error 0.40758243203163147
Epoch 68 Relative Error 0.40601471066474915
Epoch 69 Relative Error 0.4048251211643219
Epoch 70 Relative Error 0.40396612882614136
Epoch 71 Relative Error 0.4028142988681793
Epoch 72 Relative Error 0.40170857310295105
Epoch 73 Relative Error 0.4004359841346741
Epoch 74 Relative Error 0.3994160592556
Epoch 75 Relative Error 0.3980196416378021
Epoch 76 Relative Error 0.39692842960357666
Epoch 77 Relative Error 0.3959027826786041
Epoch 78 Relative Error 0.394915372133255
Epoch 79 Relative Error 0.39391347765922546
Epoch 80 Relative Error 0.3922904133796692
Epoch 81 Relative Error 0.39128777384757996
Epoch 82 Relative Error 0.3905448317527771
Epoch 83 Relative Error 0.389862984418869
Epoch 84 Relative Error 0.3882678151130676
Epoch 85 Relative Error 0.387622207403183
Epoch 86 Relative Error 0.38584449887275696
Epoch 87 Relative Error 0.38540107011795044
Epoch 88 Relative Error 0.38348913192749023
Epoch 89 Relative Error 0.3825339078903198
Epoch 90 Relative Error 0.3813106417655945
Epoch 91 Relative Error 0.38027822971343994
Epoch 92 Relative Error 0.38042476773262024
Epoch 93 Relative Error 0.3800508677959442
Epoch 94 Relative Error 0.38059598207473755
Epoch 95 Relative Error 0.37825149297714233
Epoch 96 Relative Error 0.37547168135643005
Epoch 97 Relative Error 0.37428170442581177
Epoch 98 Relative Error 0.3727940618991852
Epoch 99 Relative Error 0.37254536151885986
Epoch 100 Relative Error 0.37158554792404175
Epoch 101 Relative Error 0.37193894386291504
Epoch 102 Relative Error 0.3706776201725006
Epoch 103 Relative Error 0.36933472752571106
Epoch 104 Relative Error 0.3670557737350464
Epoch 105 Relative Error 0.3661102056503296
Epoch 106 Relative Error 0.36591947078704834
Epoch 107 Relative Error 0.3637923002243042
Epoch 108 Relative Error 0.3637881875038147
Epoch 109 Relative Error 0.36141476035118103
Epoch 110 Relative Error 0.36088719964027405
Epoch 111 Relative Error 0.3593376576900482
Epoch 112 Relative Error 0.3594241738319397
Epoch 113 Relative Error 0.35806894302368164
Epoch 114 Relative Error 0.35716158151626587
Epoch 115 Relative Error 0.3574047088623047
Epoch 116 Relative Error 0.3547409772872925
Epoch 117 Relative Error 0.35346654057502747
Epoch 118 Relative Error 0.3524249792098999
Epoch 119 Relative Error 0.3517283499240875
Epoch 120 Relative Error 0.3506885766983032
Epoch 121 Relative Error 0.3501126170158386
Epoch 122 Relative Error 0.3487307131290436
Epoch 123 Relative Error 0.3487924337387085
Epoch 124 Relative Error 0.3481936454772949
Epoch 125 Relative Error 0.3476860821247101
Epoch 126 Relative Error 0.3462214767932892
Epoch 127 Relative Error 0.3445183336734772
Epoch 128 Relative Error 0.34312179684638977
Epoch 129 Relative Error 0.34313735365867615
Epoch 130 Relative Error 0.341663122177124
Epoch 131 Relative Error 0.34107667207717896
Epoch 132 Relative Error 0.3414665162563324
Epoch 133 Relative Error 0.3406714200973511
Epoch 134 Relative Error 0.33853915333747864
Epoch 135 Relative Error 0.3368385136127472
Epoch 136 Relative Error 0.3365504741668701
Epoch 137 Relative Error 0.335561603307724
Epoch 138 Relative Error 0.33513036370277405
Epoch 139 Relative Error 0.33527302742004395
Epoch 140 Relative Error 0.33469948172569275
Epoch 141 Relative Error 0.3320957124233246
Epoch 142 Relative Error 0.3316226601600647
Epoch 143 Relative Error 0.330691397190094
Epoch 144 Relative Error 0.33041107654571533
Epoch 145 Relative Error 0.3291793763637543
Epoch 146 Relative Error 0.3277393877506256
Epoch 147 Relative Error 0.3276668190956116
Epoch 148 Relative Error 0.32584962248802185
Epoch 149 Relative Error 0.32598575949668884
Epoch 150 Relative Error 0.32466673851013184
Epoch 151 Relative Error 0.3250120282173157
Epoch 152 Relative Error 0.32322627305984497
Epoch 153 Relative Error 0.322685182094574
Epoch 154 Relative Error 0.3217688798904419
Epoch 155 Relative Error 0.32073065638542175
Epoch 156 Relative Error 0.3204832077026367
Epoch 157 Relative Error 0.31969889998435974
Epoch 158 Relative Error 0.3180619478225708
Epoch 159 Relative Error 0.31873106956481934
Epoch 160 Relative Error 0.3184797167778015
Epoch 161 Relative Error 0.31729429960250854
Epoch 162 Relative Error 0.3150769770145416
Epoch 163 Relative Error 0.3149822950363159
Epoch 164 Relative Error 0.3145177364349365
Epoch 165 Relative Error 0.31330278515815735
Epoch 166 Relative Error 0.3122641444206238
Epoch 167 Relative Error 0.31217533349990845
Epoch 168 Relative Error 0.3113924562931061
Epoch 169 Relative Error 0.311922550201416
Epoch 170 Relative Error 0.30984508991241455
Epoch 171 Relative Error 0.3095475137233734
Epoch 172 Relative Error 0.30819061398506165
Epoch 173 Relative Error 0.30872324109077454
Epoch 174 Relative Error 0.3070560097694397
Epoch 175 Relative Error 0.3072631061077118
Epoch 176 Relative Error 0.3089396059513092
Epoch 177 Relative Error 0.3055509626865387
Epoch 178 Relative Error 0.3058890998363495
Epoch 179 Relative Error 0.30910181999206543
Epoch 180 Relative Error 0.3045837879180908
Epoch 181 Relative Error 0.3029773533344269
Epoch 182 Relative Error 0.30317655205726624
Epoch 183 Relative Error 0.3025163412094116
Epoch 184 Relative Error 0.30067992210388184
Epoch 185 Relative Error 0.30015766620635986
Epoch 186 Relative Error 0.2993452548980713
Epoch 187 Relative Error 0.29899898171424866
Epoch 188 Relative Error 0.299815833568573
Epoch 189 Relative Error 0.29706746339797974
Epoch 190 Relative Error 0.296843022108078
Epoch 191 Relative Error 0.29645293951034546
Epoch 192 Relative Error 0.29528114199638367
Epoch 193 Relative Error 0.29479333758354187
Epoch 194 Relative Error 0.2943279445171356
Epoch 195 Relative Error 0.29464977979660034
Epoch 196 Relative Error 0.2937893569469452
Epoch 197 Relative Error 0.29313361644744873
Epoch 198 Relative Error 0.2921791970729828
Epoch 199 Relative Error 0.2914503812789917
Epoch 200 Relative Error 0.2947690486907959
Epoch 201 Relative Error 0.2906186580657959
Epoch 202 Relative Error 0.28969109058380127
Epoch 203 Relative Error 0.29133033752441406
Epoch 204 Relative Error 0.2899104654788971
Epoch 205 Relative Error 0.28883907198905945
Epoch 206 Relative Error 0.290406733751297
Epoch 207 Relative Error 0.2904784381389618
Epoch 208 Relative Error 0.28759923577308655
Epoch 209 Relative Error 0.2873254120349884
Epoch 210 Relative Error 0.28642168641090393
Epoch 211 Relative Error 0.2861459255218506
Epoch 212 Relative Error 0.2849813401699066
Epoch 213 Relative Error 0.2849843502044678
Epoch 214 Relative Error 0.28492215275764465
Epoch 215 Relative Error 0.28317204117774963
Epoch 216 Relative Error 0.28271016478538513
Epoch 217 Relative Error 0.2822522222995758
Epoch 218 Relative Error 0.28186628222465515
Epoch 219 Relative Error 0.28290849924087524
Epoch 220 Relative Error 0.2820129692554474
Epoch 221 Relative Error 0.28181877732276917
Epoch 222 Relative Error 0.2812129259109497
Epoch 223 Relative Error 0.28064802289009094
Epoch 224 Relative Error 0.28070974349975586
Epoch 225 Relative Error 0.2804841995239258
Epoch 226 Relative Error 0.2794744670391083
Epoch 227 Relative Error 0.279361754655838
Epoch 228 Relative Error 0.2793733477592468
Epoch 229 Relative Error 0.27845609188079834
Epoch 230 Relative Error 0.2767066955566406
Epoch 231 Relative Error 0.27633798122406006
Epoch 232 Relative Error 0.2767344117164612
Epoch 233 Relative Error 0.2768632173538208
Epoch 234 Relative Error 0.27700409293174744
Epoch 235 Relative Error 0.2754305303096771
Epoch 236 Relative Error 0.27559933066368103
Epoch 237 Relative Error 0.2750275731086731
Epoch 238 Relative Error 0.2733045518398285
Epoch 239 Relative Error 0.27465179562568665
Epoch 240 Relative Error 0.27293986082077026
Epoch 241 Relative Error 0.2736339271068573
Epoch 242 Relative Error 0.27263110876083374
Epoch 243 Relative Error 0.27296099066734314
Epoch 244 Relative Error 0.27488645911216736
Epoch 245 Relative Error 0.2724813222885132
Epoch 246 Relative Error 0.27115678787231445
Epoch 247 Relative Error 0.2698836922645569
Epoch 248 Relative Error 0.2695606052875519
Epoch 249 Relative Error 0.26936662197113037
Epoch 250 Relative Error 0.27053049206733704
Epoch 251 Relative Error 0.26898548007011414
Epoch 252 Relative Error 0.2697722911834717
Epoch 253 Relative Error 0.270507276058197
Epoch 254 Relative Error 0.26832348108291626
Epoch 255 Relative Error 0.26992321014404297
Epoch 256 Relative Error 0.26972049474716187
Epoch 257 Relative Error 0.2687443792819977
Epoch 258 Relative Error 0.26679593324661255
Epoch 259 Relative Error 0.26851093769073486
Epoch 260 Relative Error 0.2669691741466522
Epoch 261 Relative Error 0.2667720317840576
Epoch 262 Relative Error 0.26656195521354675
Epoch 263 Relative Error 0.2659033536911011
Epoch 264 Relative Error 0.2672767639160156
Epoch 265 Relative Error 0.26467713713645935
Epoch 266 Relative Error 0.2633548080921173
Epoch 267 Relative Error 0.2640611529350281
Epoch 268 Relative Error 0.2625696063041687
Epoch 269 Relative Error 0.26238271594047546
Epoch 270 Relative Error 0.26232296228408813
Epoch 271 Relative Error 0.2622053623199463
Epoch 272 Relative Error 0.2623324990272522
Epoch 273 Relative Error 0.2617904841899872
Epoch 274 Relative Error 0.26090285181999207
Epoch 275 Relative Error 0.26052552461624146
Epoch 276 Relative Error 0.2602784335613251
Epoch 277 Relative Error 0.2601034641265869
Epoch 278 Relative Error 0.26019561290740967
Epoch 279 Relative Error 0.25956639647483826
Epoch 280 Relative Error 0.2598361670970917
Epoch 281 Relative Error 0.26035118103027344
Epoch 282 Relative Error 0.26018887758255005
Epoch 283 Relative Error 0.25880834460258484
Epoch 284 Relative Error 0.2605075538158417
Epoch 285 Relative Error 0.25950324535369873
Epoch 286 Relative Error 0.2595039904117584
Epoch 287 Relative Error 0.2592740058898926
Epoch 288 Relative Error 0.2587127983570099
Epoch 289 Relative Error 0.2586159110069275
Epoch 290 Relative Error 0.25791242718696594
Epoch 291 Relative Error 0.259240984916687
Epoch 292 Relative Error 0.2580234408378601
Epoch 293 Relative Error 0.25723156332969666
Epoch 294 Relative Error 0.2560422122478485
Epoch 295 Relative Error 0.2583722770214081
Epoch 296 Relative Error 0.25565260648727417
Epoch 297 Relative Error 0.25561466813087463
Epoch 298 Relative Error 0.2556930482387543
Epoch 299 Relative Error 0.2545756995677948
Epoch 300 Relative Error 0.2541635036468506
Epoch 301 Relative Error 0.25473374128341675
Epoch 302 Relative Error 0.2543080449104309
Epoch 303 Relative Error 0.25394219160079956
Epoch 304 Relative Error 0.2538210451602936
Epoch 305 Relative Error 0.2543623447418213
Epoch 306 Relative Error 0.25419190526008606
Epoch 307 Relative Error 0.253322035074234
Epoch 308 Relative Error 0.2524239718914032
Epoch 309 Relative Error 0.2531048059463501
Epoch 310 Relative Error 0.25429895520210266
Epoch 311 Relative Error 0.2530733346939087
Epoch 312 Relative Error 0.2530064880847931
Epoch 313 Relative Error 0.25250980257987976
Epoch 314 Relative Error 0.2521499693393707
Epoch 315 Relative Error 0.25160422921180725
Epoch 316 Relative Error 0.2520431578159332
Epoch 317 Relative Error 0.25403380393981934
Epoch 318 Relative Error 0.25237610936164856
Epoch 319 Relative Error 0.2511960566043854
Epoch 320 Relative Error 0.2513297200202942
Epoch 321 Relative Error 0.2496691346168518
Epoch 322 Relative Error 0.2511354088783264
Epoch 323 Relative Error 0.24995078146457672
Epoch 324 Relative Error 0.24921925365924835
Epoch 325 Relative Error 0.25057730078697205
Epoch 326 Relative Error 0.24916952848434448
Epoch 327 Relative Error 0.24894268810749054
Epoch 328 Relative Error 0.24840694665908813
Epoch 329 Relative Error 0.24906282126903534
Epoch 330 Relative Error 0.2490222156047821
Epoch 331 Relative Error 0.24997998774051666
Epoch 332 Relative Error 0.24846099317073822
Epoch 333 Relative Error 0.24965538084506989
Epoch 334 Relative Error 0.24855107069015503
Epoch 335 Relative Error 0.2531724274158478
Epoch 336 Relative Error 0.2510804533958435
Epoch 337 Relative Error 0.24802613258361816
Epoch 338 Relative Error 0.2511422038078308
Epoch 339 Relative Error 0.252716064453125
Epoch 340 Relative Error 0.2475857436656952
Epoch 341 Relative Error 0.24859090149402618
Epoch 342 Relative Error 0.24912145733833313
Epoch 343 Relative Error 0.2475293129682541
Epoch 344 Relative Error 0.24739107489585876
Epoch 345 Relative Error 0.2465478628873825
Epoch 346 Relative Error 0.2465253621339798
Epoch 347 Relative Error 0.2475288063287735
Epoch 348 Relative Error 0.24759279191493988
Epoch 349 Relative Error 0.24546150863170624
Epoch 350 Relative Error 0.24585799872875214
Epoch 351 Relative Error 0.2452799677848816
Epoch 352 Relative Error 0.24558356404304504
Epoch 353 Relative Error 0.24755313992500305
Epoch 354 Relative Error 0.24519459903240204
Epoch 355 Relative Error 0.24458886682987213
Epoch 356 Relative Error 0.24416705965995789
Epoch 357 Relative Error 0.24375396966934204
Epoch 358 Relative Error 0.24341319501399994
Epoch 359 Relative Error 0.24330928921699524
Epoch 360 Relative Error 0.24436351656913757
Epoch 361 Relative Error 0.24365898966789246
Epoch 362 Relative Error 0.2437353879213333
Epoch 363 Relative Error 0.24432609975337982
Epoch 364 Relative Error 0.24265988171100616
Epoch 365 Relative Error 0.243434876203537
Epoch 366 Relative Error 0.24408914148807526
Epoch 367 Relative Error 0.2422020435333252
Epoch 368 Relative Error 0.24205991625785828
Epoch 369 Relative Error 0.24213135242462158
Epoch 370 Relative Error 0.24174359440803528
Epoch 371 Relative Error 0.24158792197704315
Epoch 372 Relative Error 0.24253490567207336
Epoch 373 Relative Error 0.24179325997829437
Epoch 374 Relative Error 0.2414400279521942
Epoch 375 Relative Error 0.2415502369403839
Epoch 376 Relative Error 0.24130748212337494
Epoch 377 Relative Error 0.24159091711044312
Epoch 378 Relative Error 0.2419518381357193
Epoch 379 Relative Error 0.24217641353607178
Epoch 380 Relative Error 0.24094954133033752
Epoch 381 Relative Error 0.24168261885643005
Epoch 382 Relative Error 0.24071986973285675
Epoch 383 Relative Error 0.24125489592552185
Epoch 384 Relative Error 0.24147777259349823
Epoch 385 Relative Error 0.24126730859279633
Epoch 386 Relative Error 0.2398470640182495
Epoch 387 Relative Error 0.24028535187244415
Epoch 388 Relative Error 0.24220186471939087
Epoch 389 Relative Error 0.2404363751411438
Epoch 390 Relative Error 0.23949530720710754
Epoch 391 Relative Error 0.24010607600212097
Epoch 392 Relative Error 0.23945890367031097
Epoch 393 Relative Error 0.23893073201179504
Epoch 394 Relative Error 0.23921234905719757
Epoch 395 Relative Error 0.23893754184246063
Epoch 396 Relative Error 0.2386983036994934
Epoch 397 Relative Error 0.23845110833644867
Epoch 398 Relative Error 0.23838110268115997
Epoch 399 Relative Error 0.2387707233428955
Epoch 400 Relative Error 0.2386205643415451
Epoch 401 Relative Error 0.2384061962366104
Epoch 402 Relative Error 0.23828072845935822
Epoch 403 Relative Error 0.2391289621591568
Epoch 404 Relative Error 0.23836390674114227
Epoch 405 Relative Error 0.23892058432102203
Epoch 406 Relative Error 0.2377685010433197
Epoch 407 Relative Error 0.2381606101989746
Epoch 408 Relative Error 0.23812544345855713
Epoch 409 Relative Error 0.23705027997493744
Epoch 410 Relative Error 0.2373933494091034
Epoch 411 Relative Error 0.23722071945667267
Epoch 412 Relative Error 0.23706485331058502
Epoch 413 Relative Error 0.23715336620807648
Epoch 414 Relative Error 0.23687079548835754
Epoch 415 Relative Error 0.2368241250514984
Epoch 416 Relative Error 0.23650813102722168
Epoch 417 Relative Error 0.23655486106872559
Epoch 418 Relative Error 0.2373286634683609
Epoch 419 Relative Error 0.2375345379114151
Epoch 420 Relative Error 0.23658908903598785
Epoch 421 Relative Error 0.23820438981056213
Epoch 422 Relative Error 0.2359035313129425
Epoch 423 Relative Error 0.2358429729938507
Epoch 424 Relative Error 0.23737162351608276
Epoch 425 Relative Error 0.23570366203784943
Epoch 426 Relative Error 0.23649407923221588
Epoch 427 Relative Error 0.23853497207164764
Epoch 428 Relative Error 0.2373279482126236
Epoch 429 Relative Error 0.23707708716392517
Epoch 430 Relative Error 0.23826701939105988
Epoch 431 Relative Error 0.23750780522823334
Epoch 432 Relative Error 0.23623047769069672
Epoch 433 Relative Error 0.23695778846740723
Epoch 434 Relative Error 0.23476064205169678
Epoch 435 Relative Error 0.2346712052822113
Epoch 436 Relative Error 0.23490485548973083
Epoch 437 Relative Error 0.2347576916217804
Epoch 438 Relative Error 0.23428954184055328
Epoch 439 Relative Error 0.23439888656139374
Epoch 440 Relative Error 0.23666861653327942
Epoch 441 Relative Error 0.23472678661346436
Epoch 442 Relative Error 0.23583993315696716
Epoch 443 Relative Error 0.23794783651828766
Epoch 444 Relative Error 0.23898346722126007
Epoch 445 Relative Error 0.23951564729213715
Epoch 446 Relative Error 0.24231936037540436
Epoch 447 Relative Error 0.23970381915569305
Epoch 448 Relative Error 0.2375842034816742
Epoch 449 Relative Error 0.23947301506996155
Epoch 450 Relative Error 0.24054083228111267
Epoch 451 Relative Error 0.2362835556268692
Epoch 452 Relative Error 0.2336168736219406
Epoch 453 Relative Error 0.23347991704940796
Epoch 454 Relative Error 0.23356258869171143
Epoch 455 Relative Error 0.2340092957019806
Epoch 456 Relative Error 0.23386365175247192
Epoch 457 Relative Error 0.23567995429039001
Epoch 458 Relative Error 0.233402281999588
Epoch 459 Relative Error 0.23286738991737366
Epoch 460 Relative Error 0.23259280622005463
Epoch 461 Relative Error 0.23344635963439941
Epoch 462 Relative Error 0.23435859382152557
Epoch 463 Relative Error 0.23482605814933777
Epoch 464 Relative Error 0.23330704867839813
Epoch 465 Relative Error 0.2332758754491806
Epoch 466 Relative Error 0.23225729167461395
Epoch 467 Relative Error 0.23549124598503113
Epoch 468 Relative Error 0.23206539452075958
Epoch 469 Relative Error 0.23319128155708313
Epoch 470 Relative Error 0.23266483843326569
Epoch 471 Relative Error 0.23361386358737946
Epoch 472 Relative Error 0.2317998707294464
Epoch 473 Relative Error 0.23155583441257477
Epoch 474 Relative Error 0.23413124680519104
Epoch 475 Relative Error 0.23125223815441132
Epoch 476 Relative Error 0.23162643611431122
Epoch 477 Relative Error 0.23142126202583313
Epoch 478 Relative Error 0.23215577006340027
Epoch 479 Relative Error 0.23250572383403778
Epoch 480 Relative Error 0.23161901533603668
Epoch 481 Relative Error 0.23123732209205627
Epoch 482 Relative Error 0.23062896728515625
Epoch 483 Relative Error 0.2313106507062912
Epoch 484 Relative Error 0.23112381994724274
Epoch 485 Relative Error 0.23139894008636475
Epoch 486 Relative Error 0.23102858662605286
Epoch 487 Relative Error 0.23109421133995056
Epoch 488 Relative Error 0.23055428266525269
Epoch 489 Relative Error 0.23049364984035492
Epoch 490 Relative Error 0.23047567903995514
Epoch 491 Relative Error 0.23169255256652832
Epoch 492 Relative Error 0.23123623430728912
Epoch 493 Relative Error 0.2314436286687851
Epoch 494 Relative Error 0.23228058218955994
Epoch 495 Relative Error 0.23168011009693146
Epoch 496 Relative Error 0.2320263534784317
Epoch 497 Relative Error 0.23157770931720734
Epoch 498 Relative Error 0.23136265575885773
Epoch 499 Relative Error 0.23136873543262482
Epoch 500 Relative Error 0.2309454381465912
Epoch 501 Relative Error 0.2327943742275238
Epoch 502 Relative Error 0.2333914041519165
Epoch 503 Relative Error 0.23238109052181244
Epoch 504 Relative Error 0.23164896667003632
Epoch 505 Relative Error 0.23103593289852142
Epoch 506 Relative Error 0.22960393130779266
Epoch 507 Relative Error 0.22931140661239624
Epoch 508 Relative Error 0.22905682027339935
Epoch 509 Relative Error 0.229202002286911
Epoch 510 Relative Error 0.22952793538570404
Epoch 511 Relative Error 0.22947056591510773
Epoch 512 Relative Error 0.22933928668498993
Epoch 513 Relative Error 0.22905826568603516
Epoch 514 Relative Error 0.22839568555355072
Epoch 515 Relative Error 0.2282577008008957
Epoch 516 Relative Error 0.22846339643001556
Epoch 517 Relative Error 0.22924329340457916
Epoch 518 Relative Error 0.22830884158611298
Epoch 519 Relative Error 0.22792404890060425
Epoch 520 Relative Error 0.22785067558288574
Epoch 521 Relative Error 0.229241743683815
Epoch 522 Relative Error 0.2279357761144638
Epoch 523 Relative Error 0.22860093414783478
Epoch 524 Relative Error 0.22868742048740387
Epoch 525 Relative Error 0.22863470017910004
Epoch 526 Relative Error 0.22984853386878967
Epoch 527 Relative Error 0.22987422347068787
Epoch 528 Relative Error 0.22937846183776855
Epoch 529 Relative Error 0.22935394942760468
Epoch 530 Relative Error 0.22764067351818085
Epoch 531 Relative Error 0.22778423130512238
Epoch 532 Relative Error 0.22719624638557434
Epoch 533 Relative Error 0.22750215232372284
Epoch 534 Relative Error 0.22742336988449097
Epoch 535 Relative Error 0.22752514481544495
Epoch 536 Relative Error 0.2278025597333908
Epoch 537 Relative Error 0.22743824124336243
Epoch 538 Relative Error 0.22673505544662476
Epoch 539 Relative Error 0.22771905362606049
Epoch 540 Relative Error 0.22719243168830872
Epoch 541 Relative Error 0.22781836986541748
Epoch 542 Relative Error 0.22654752433300018
Epoch 543 Relative Error 0.22934937477111816
Epoch 544 Relative Error 0.228778675198555
Epoch 545 Relative Error 0.23135337233543396
Epoch 546 Relative Error 0.2283702790737152
Epoch 547 Relative Error 0.22855550050735474
Epoch 548 Relative Error 0.22705966234207153
Epoch 549 Relative Error 0.2264784872531891
Epoch 550 Relative Error 0.2261326164007187
Epoch 551 Relative Error 0.22671960294246674
Epoch 552 Relative Error 0.22660739719867706
Epoch 553 Relative Error 0.22658595442771912
Epoch 554 Relative Error 0.22693488001823425
Epoch 555 Relative Error 0.22675447165966034
Epoch 556 Relative Error 0.2267765998840332
Epoch 557 Relative Error 0.22685033082962036
Epoch 558 Relative Error 0.22553139925003052
Epoch 559 Relative Error 0.225948765873909
Epoch 560 Relative Error 0.22559508681297302
Epoch 561 Relative Error 0.22621813416481018
Epoch 562 Relative Error 0.22518374025821686
Epoch 563 Relative Error 0.22536005079746246
Epoch 564 Relative Error 0.22532427310943604
Epoch 565 Relative Error 0.22533860802650452
Epoch 566 Relative Error 0.22515767812728882
Epoch 567 Relative Error 0.2253475785255432
Epoch 568 Relative Error 0.22600315511226654
Epoch 569 Relative Error 0.2272161841392517
Epoch 570 Relative Error 0.22639410197734833
Epoch 571 Relative Error 0.22599747776985168
Epoch 572 Relative Error 0.22504347562789917
Epoch 573 Relative Error 0.22465696930885315
Epoch 574 Relative Error 0.22453829646110535
Epoch 575 Relative Error 0.22456014156341553
Epoch 576 Relative Error 0.22508683800697327
Epoch 577 Relative Error 0.22488896548748016
Epoch 578 Relative Error 0.225119486451149
Epoch 579 Relative Error 0.22481417655944824
Epoch 580 Relative Error 0.22480419278144836
Epoch 581 Relative Error 0.22469204664230347
Epoch 582 Relative Error 0.22524318099021912
Epoch 583 Relative Error 0.22431723773479462
Epoch 584 Relative Error 0.2241286337375641
Epoch 585 Relative Error 0.22477692365646362
Epoch 586 Relative Error 0.22381456196308136
Epoch 587 Relative Error 0.22457414865493774
Epoch 588 Relative Error 0.2250516563653946
Epoch 589 Relative Error 0.22508645057678223
Epoch 590 Relative Error 0.2237478345632553
Epoch 591 Relative Error 0.22405649721622467
Epoch 592 Relative Error 0.22512046992778778
Epoch 593 Relative Error 0.22414429485797882
Epoch 594 Relative Error 0.22475741803646088
Epoch 595 Relative Error 0.22338710725307465
Epoch 596 Relative Error 0.22392289340496063
Epoch 597 Relative Error 0.22347548604011536
Epoch 598 Relative Error 0.22313280403614044
Epoch 599 Relative Error 0.2244202345609665
Epoch 600 Relative Error 0.22500169277191162
Epoch 601 Relative Error 0.22514112293720245
Epoch 602 Relative Error 0.2267581969499588
Epoch 603 Relative Error 0.22634249925613403
Epoch 604 Relative Error 0.22566480934619904
Epoch 605 Relative Error 0.22604982554912567
Epoch 606 Relative Error 0.223080575466156
Epoch 607 Relative Error 0.22319236397743225
Epoch 608 Relative Error 0.22302712500095367
Epoch 609 Relative Error 0.2230800837278366
Epoch 610 Relative Error 0.2225639820098877
Epoch 611 Relative Error 0.22313609719276428
Epoch 612 Relative Error 0.22303667664527893
Epoch 613 Relative Error 0.22296558320522308
Epoch 614 Relative Error 0.22280767560005188
Epoch 615 Relative Error 0.22254134714603424
Epoch 616 Relative Error 0.22289980947971344
Epoch 617 Relative Error 0.22262577712535858
Epoch 618 Relative Error 0.2239111065864563
Epoch 619 Relative Error 0.22228707373142242
Epoch 620 Relative Error 0.22230514883995056
Epoch 621 Relative Error 0.22193220257759094
Epoch 622 Relative Error 0.22218340635299683
Epoch 623 Relative Error 0.22209343314170837
Epoch 624 Relative Error 0.22224241495132446
Epoch 625 Relative Error 0.22171948850154877
Epoch 626 Relative Error 0.22166462242603302
Epoch 627 Relative Error 0.22173859179019928
Epoch 628 Relative Error 0.22275982797145844
Epoch 629 Relative Error 0.22305820882320404
Epoch 630 Relative Error 0.22369813919067383
Epoch 631 Relative Error 0.22387874126434326
Epoch 632 Relative Error 0.22249522805213928
Epoch 633 Relative Error 0.22180083394050598
Epoch 634 Relative Error 0.22136428952217102
Epoch 635 Relative Error 0.2211107462644577
Epoch 636 Relative Error 0.22145630419254303
Epoch 637 Relative Error 0.22170104086399078
Epoch 638 Relative Error 0.2210841327905655
Epoch 639 Relative Error 0.2211216390132904
Epoch 640 Relative Error 0.22218237817287445
Epoch 641 Relative Error 0.22195537388324738
Epoch 642 Relative Error 0.2213941067457199
Epoch 643 Relative Error 0.2210168093442917
Epoch 644 Relative Error 0.22101086378097534
Epoch 645 Relative Error 0.22109831869602203
Epoch 646 Relative Error 0.22105197608470917
Epoch 647 Relative Error 0.22083896398544312
Epoch 648 Relative Error 0.2217092216014862
Epoch 649 Relative Error 0.22168084979057312
Epoch 650 Relative Error 0.22132131457328796
Epoch 651 Relative Error 0.22181403636932373
Epoch 652 Relative Error 0.2205224335193634
Epoch 653 Relative Error 0.22100859880447388
Epoch 654 Relative Error 0.22030261158943176
Epoch 655 Relative Error 0.2206719070672989
Epoch 656 Relative Error 0.22014062106609344
Epoch 657 Relative Error 0.2208314836025238
Epoch 658 Relative Error 0.22090886533260345
Epoch 659 Relative Error 0.2210283726453781
Epoch 660 Relative Error 0.22157876193523407
Epoch 661 Relative Error 0.22135068476200104
Epoch 662 Relative Error 0.22085516154766083
Epoch 663 Relative Error 0.22076882421970367
Epoch 664 Relative Error 0.22029492259025574
Epoch 665 Relative Error 0.22148019075393677
Epoch 666 Relative Error 0.2199595421552658
Epoch 667 Relative Error 0.21957390010356903
Epoch 668 Relative Error 0.2195340096950531
Epoch 669 Relative Error 0.2197001576423645
Epoch 670 Relative Error 0.2197239249944687
Epoch 671 Relative Error 0.21934014558792114
Epoch 672 Relative Error 0.21937014162540436
Epoch 673 Relative Error 0.22017446160316467
Epoch 674 Relative Error 0.2200614959001541
Epoch 675 Relative Error 0.2200554460287094
Epoch 676 Relative Error 0.21943747997283936
Epoch 677 Relative Error 0.21949374675750732
Epoch 678 Relative Error 0.2197999507188797
Epoch 679 Relative Error 0.2192346155643463
Epoch 680 Relative Error 0.2195305973291397
Epoch 681 Relative Error 0.21894633769989014
Epoch 682 Relative Error 0.2189212441444397
Epoch 683 Relative Error 0.2188493311405182
Epoch 684 Relative Error 0.21941658854484558
Epoch 685 Relative Error 0.21882200241088867
Epoch 686 Relative Error 0.21859513223171234
Epoch 687 Relative Error 0.21863560378551483
Epoch 688 Relative Error 0.22049269080162048
Epoch 689 Relative Error 0.21884988248348236
Epoch 690 Relative Error 0.21910898387432098
Epoch 691 Relative Error 0.21855221688747406
Epoch 692 Relative Error 0.21933729946613312
Epoch 693 Relative Error 0.22075699269771576
Epoch 694 Relative Error 0.2192271500825882
Epoch 695 Relative Error 0.21950498223304749
Epoch 696 Relative Error 0.21854524314403534
Epoch 697 Relative Error 0.2183370143175125
Epoch 698 Relative Error 0.218398779630661
Epoch 699 Relative Error 0.21809154748916626
Epoch 700 Relative Error 0.21926890313625336
Epoch 701 Relative Error 0.21903246641159058
Epoch 702 Relative Error 0.21982413530349731
Epoch 703 Relative Error 0.2186676263809204
Epoch 704 Relative Error 0.21822234988212585
Epoch 705 Relative Error 0.2183290719985962
Epoch 706 Relative Error 0.2176758199930191
Epoch 707 Relative Error 0.21853329241275787
Epoch 708 Relative Error 0.21773125231266022
Epoch 709 Relative Error 0.21829839050769806
Epoch 710 Relative Error 0.21911659836769104
Epoch 711 Relative Error 0.2185920774936676
Epoch 712 Relative Error 0.21950863301753998
Epoch 713 Relative Error 0.21790915727615356
Epoch 714 Relative Error 0.21779751777648926
Epoch 715 Relative Error 0.21843571960926056
Epoch 716 Relative Error 0.21827328205108643
Epoch 717 Relative Error 0.21837002038955688
Epoch 718 Relative Error 0.21758604049682617
Epoch 719 Relative Error 0.2179216742515564
Epoch 720 Relative Error 0.21764340996742249
Epoch 721 Relative Error 0.21815316379070282
Epoch 722 Relative Error 0.21979650855064392
Epoch 723 Relative Error 0.21754692494869232
Epoch 724 Relative Error 0.21742767095565796
Epoch 725 Relative Error 0.21705666184425354
Epoch 726 Relative Error 0.2172650396823883
Epoch 727 Relative Error 0.21878564357757568
Epoch 728 Relative Error 0.21857956051826477
Epoch 729 Relative Error 0.22049906849861145
Epoch 730 Relative Error 0.22315311431884766
Epoch 731 Relative Error 0.22037586569786072
Epoch 732 Relative Error 0.2193872183561325
Epoch 733 Relative Error 0.21644584834575653
Epoch 734 Relative Error 0.21909764409065247
Epoch 735 Relative Error 0.21862386167049408
Epoch 736 Relative Error 0.2181244194507599
Epoch 737 Relative Error 0.21957774460315704
Epoch 738 Relative Error 0.217767134308815
Epoch 739 Relative Error 0.2163957804441452
Epoch 740 Relative Error 0.21716263890266418
Epoch 741 Relative Error 0.21674154698848724
Epoch 742 Relative Error 0.2166198492050171
Epoch 743 Relative Error 0.2171330451965332
Epoch 744 Relative Error 0.2164382040500641
Epoch 745 Relative Error 0.2159866839647293
Epoch 746 Relative Error 0.2162729650735855
Epoch 747 Relative Error 0.21627254784107208
Epoch 748 Relative Error 0.2165745347738266
Epoch 749 Relative Error 0.21633607149124146
Epoch 750 Relative Error 0.2158789038658142
Epoch 751 Relative Error 0.21647681295871735
Epoch 752 Relative Error 0.2159244269132614
Epoch 753 Relative Error 0.2169473022222519
Epoch 754 Relative Error 0.21621663868427277
Epoch 755 Relative Error 0.21751773357391357
Epoch 756 Relative Error 0.217172309756279
Epoch 757 Relative Error 0.216069757938385
Epoch 758 Relative Error 0.2156343311071396
Epoch 759 Relative Error 0.2161387801170349
Epoch 760 Relative Error 0.21586643159389496
Epoch 761 Relative Error 0.2157425582408905
Epoch 762 Relative Error 0.21607613563537598
Epoch 763 Relative Error 0.21607300639152527
Epoch 764 Relative Error 0.21595695614814758
Epoch 765 Relative Error 0.21575258672237396
Epoch 766 Relative Error 0.21630579233169556
Epoch 767 Relative Error 0.21608616411685944
Epoch 768 Relative Error 0.21629007160663605
Epoch 769 Relative Error 0.21542668342590332
Epoch 770 Relative Error 0.2149420976638794
Epoch 771 Relative Error 0.21482504904270172
Epoch 772 Relative Error 0.21487431228160858
Epoch 773 Relative Error 0.21510136127471924
Epoch 774 Relative Error 0.21562238037586212
Epoch 775 Relative Error 0.2156248688697815
Epoch 776 Relative Error 0.21559454500675201
Epoch 777 Relative Error 0.21598896384239197
Epoch 778 Relative Error 0.2150053232908249
Epoch 779 Relative Error 0.21465469896793365
Epoch 780 Relative Error 0.2146035134792328
Epoch 781 Relative Error 0.21516703069210052
Epoch 782 Relative Error 0.2153353989124298
Epoch 783 Relative Error 0.21561220288276672
Epoch 784 Relative Error 0.21603424847126007
Epoch 785 Relative Error 0.2155425250530243
Epoch 786 Relative Error 0.21535208821296692
Epoch 787 Relative Error 0.21492742002010345
Epoch 788 Relative Error 0.2148038148880005
Epoch 789 Relative Error 0.214873269200325
Epoch 790 Relative Error 0.21403659880161285
Epoch 791 Relative Error 0.2140834927558899
Epoch 792 Relative Error 0.21418674290180206
Epoch 793 Relative Error 0.21413660049438477
Epoch 794 Relative Error 0.21422570943832397
Epoch 795 Relative Error 0.2147561013698578
Epoch 796 Relative Error 0.21488702297210693
Epoch 797 Relative Error 0.2143584042787552
Epoch 798 Relative Error 0.21423444151878357
Epoch 799 Relative Error 0.21436671912670135
Epoch 800 Relative Error 0.2144186645746231
Epoch 801 Relative Error 0.21405185759067535
Epoch 802 Relative Error 0.21458344161510468
Epoch 803 Relative Error 0.21399535238742828
Epoch 804 Relative Error 0.21452762186527252
Epoch 805 Relative Error 0.21510793268680573
Epoch 806 Relative Error 0.21428263187408447
Epoch 807 Relative Error 0.21344822645187378
Epoch 808 Relative Error 0.21367675065994263
Epoch 809 Relative Error 0.21367482841014862
Epoch 810 Relative Error 0.213455468416214
Epoch 811 Relative Error 0.213461771607399
Epoch 812 Relative Error 0.2131403088569641
Epoch 813 Relative Error 0.213308647274971
Epoch 814 Relative Error 0.21418555080890656
Epoch 815 Relative Error 0.21354186534881592
Epoch 816 Relative Error 0.2136366367340088
Epoch 817 Relative Error 0.2136286497116089
Epoch 818 Relative Error 0.21342097222805023
Epoch 819 Relative Error 0.21420975029468536
Epoch 820 Relative Error 0.2135717123746872
Epoch 821 Relative Error 0.2130514681339264
Epoch 822 Relative Error 0.21279439330101013
Epoch 823 Relative Error 0.2127225697040558
Epoch 824 Relative Error 0.21293200552463531
Epoch 825 Relative Error 0.21305705606937408
Epoch 826 Relative Error 0.21339526772499084
Epoch 827 Relative Error 0.21258746087551117
Epoch 828 Relative Error 0.21301570534706116
Epoch 829 Relative Error 0.2133280485868454
Epoch 830 Relative Error 0.21426871418952942
Epoch 831 Relative Error 0.21408924460411072
Epoch 832 Relative Error 0.2142237275838852
Epoch 833 Relative Error 0.21290187537670135
Epoch 834 Relative Error 0.2127300649881363
Epoch 835 Relative Error 0.21255217492580414
Epoch 836 Relative Error 0.21273227035999298
Epoch 837 Relative Error 0.21284407377243042
Epoch 838 Relative Error 0.21276675164699554
Epoch 839 Relative Error 0.21242424845695496
Epoch 840 Relative Error 0.2124062180519104
Epoch 841 Relative Error 0.212233304977417
Epoch 842 Relative Error 0.2121693640947342
Epoch 843 Relative Error 0.2123699188232422
Epoch 844 Relative Error 0.21236489713191986
Epoch 845 Relative Error 0.2127043604850769
Epoch 846 Relative Error 0.21275107562541962
Epoch 847 Relative Error 0.21188727021217346
Epoch 848 Relative Error 0.21189041435718536
Epoch 849 Relative Error 0.21174943447113037
Epoch 850 Relative Error 0.21188326179981232
Epoch 851 Relative Error 0.21264135837554932
Epoch 852 Relative Error 0.2129383534193039
Epoch 853 Relative Error 0.21320673823356628
Epoch 854 Relative Error 0.2133292257785797
Epoch 855 Relative Error 0.21334703266620636
Epoch 856 Relative Error 0.21219827234745026
Epoch 857 Relative Error 0.21269194781780243
Epoch 858 Relative Error 0.21190960705280304
Epoch 859 Relative Error 0.21179933845996857
Epoch 860 Relative Error 0.21166042983531952
Epoch 861 Relative Error 0.21147103607654572
Epoch 862 Relative Error 0.2113368958234787
Epoch 863 Relative Error 0.2118464559316635
Epoch 864 Relative Error 0.2119036316871643
Epoch 865 Relative Error 0.2118440568447113
Epoch 866 Relative Error 0.2116091549396515
Epoch 867 Relative Error 0.212545707821846
Epoch 868 Relative Error 0.2128298580646515
Epoch 869 Relative Error 0.21158573031425476
Epoch 870 Relative Error 0.2114245593547821
Epoch 871 Relative Error 0.21097171306610107
Epoch 872 Relative Error 0.21185465157032013
Epoch 873 Relative Error 0.211226224899292
Epoch 874 Relative Error 0.2109028846025467
Epoch 875 Relative Error 0.2115175426006317
Epoch 876 Relative Error 0.21171563863754272
Epoch 877 Relative Error 0.21205531060695648
Epoch 878 Relative Error 0.2113899290561676
Epoch 879 Relative Error 0.21087931096553802
Epoch 880 Relative Error 0.21118128299713135
Epoch 881 Relative Error 0.21123391389846802
Epoch 882 Relative Error 0.21189798414707184
Epoch 883 Relative Error 0.21092598140239716
Epoch 884 Relative Error 0.21161161363124847
Epoch 885 Relative Error 0.21069276332855225
Epoch 886 Relative Error 0.2107502967119217
Epoch 887 Relative Error 0.2111567109823227
Epoch 888 Relative Error 0.21137043833732605
Epoch 889 Relative Error 0.21085675060749054
Epoch 890 Relative Error 0.21075433492660522
Epoch 891 Relative Error 0.21061770617961884
Epoch 892 Relative Error 0.2108060121536255
Epoch 893 Relative Error 0.21051645278930664
Epoch 894 Relative Error 0.21034649014472961
Epoch 895 Relative Error 0.21034321188926697
Epoch 896 Relative Error 0.21048405766487122
Epoch 897 Relative Error 0.210288867354393
Epoch 898 Relative Error 0.21047236025333405
Epoch 899 Relative Error 0.21045587956905365
Epoch 900 Relative Error 0.21105432510375977
Epoch 901 Relative Error 0.21057617664337158
Epoch 902 Relative Error 0.21059511601924896
Epoch 903 Relative Error 0.21022279560565948
Epoch 904 Relative Error 0.2105063945055008
Epoch 905 Relative Error 0.21027199923992157
Epoch 906 Relative Error 0.21009859442710876
Epoch 907 Relative Error 0.21074311435222626
Epoch 908 Relative Error 0.2105102241039276
Epoch 909 Relative Error 0.2098536193370819
Epoch 910 Relative Error 0.20968030393123627
Epoch 911 Relative Error 0.21006503701210022
Epoch 912 Relative Error 0.20958150923252106
Epoch 913 Relative Error 0.2103719860315323
Epoch 914 Relative Error 0.20995323359966278
Epoch 915 Relative Error 0.21049217879772186
Epoch 916 Relative Error 0.2102622240781784
Epoch 917 Relative Error 0.209525927901268
Epoch 918 Relative Error 0.2092777043581009
Epoch 919 Relative Error 0.20917755365371704
Epoch 920 Relative Error 0.2093355357646942
Epoch 921 Relative Error 0.20916810631752014
Epoch 922 Relative Error 0.20971983671188354
Epoch 923 Relative Error 0.20995281636714935
Epoch 924 Relative Error 0.21029090881347656
Epoch 925 Relative Error 0.2097397744655609
Epoch 926 Relative Error 0.20899620652198792
Epoch 927 Relative Error 0.20901547372341156
Epoch 928 Relative Error 0.2089223861694336
Epoch 929 Relative Error 0.20893487334251404
Epoch 930 Relative Error 0.20888330042362213
Epoch 931 Relative Error 0.20961807668209076
Epoch 932 Relative Error 0.20880571007728577
Epoch 933 Relative Error 0.2108418047428131
Epoch 934 Relative Error 0.21036814153194427
Epoch 935 Relative Error 0.21095779538154602
Epoch 936 Relative Error 0.21108391880989075
Epoch 937 Relative Error 0.21144583821296692
Epoch 938 Relative Error 0.21044482290744781
Epoch 939 Relative Error 0.21102502942085266
Epoch 940 Relative Error 0.20868182182312012
Epoch 941 Relative Error 0.2100738137960434
Epoch 942 Relative Error 0.20871661603450775
Epoch 943 Relative Error 0.20925454795360565
Epoch 944 Relative Error 0.20899145305156708
Epoch 945 Relative Error 0.21060585975646973
Epoch 946 Relative Error 0.20968903601169586
Epoch 947 Relative Error 0.2104247808456421
Epoch 948 Relative Error 0.20967835187911987
Epoch 949 Relative Error 0.2094150334596634
Epoch 950 Relative Error 0.20881688594818115
Epoch 951 Relative Error 0.20935973525047302
Epoch 952 Relative Error 0.2084297090768814
Epoch 953 Relative Error 0.2082684338092804
Epoch 954 Relative Error 0.20856285095214844
Epoch 955 Relative Error 0.2080988734960556
Epoch 956 Relative Error 0.208161398768425
Epoch 957 Relative Error 0.2081107795238495
Epoch 958 Relative Error 0.20807498693466187
Epoch 959 Relative Error 0.2081788033246994
Epoch 960 Relative Error 0.20780222117900848
Epoch 961 Relative Error 0.20808666944503784
Epoch 962 Relative Error 0.20822575688362122
Epoch 963 Relative Error 0.20805877447128296
Epoch 964 Relative Error 0.20779554545879364
Epoch 965 Relative Error 0.20759667456150055
Epoch 966 Relative Error 0.20783261954784393
Epoch 967 Relative Error 0.20762598514556885
Epoch 968 Relative Error 0.2078424096107483
Epoch 969 Relative Error 0.20811641216278076
Epoch 970 Relative Error 0.20812079310417175
Epoch 971 Relative Error 0.20796534419059753
Epoch 972 Relative Error 0.20847757160663605
Epoch 973 Relative Error 0.20830519497394562
Epoch 974 Relative Error 0.20855800807476044
Epoch 975 Relative Error 0.20781253278255463
Epoch 976 Relative Error 0.20801635086536407
Epoch 977 Relative Error 0.207820862531662
Epoch 978 Relative Error 0.20740613341331482
Epoch 979 Relative Error 0.20732302963733673
Epoch 980 Relative Error 0.2079165279865265
Epoch 981 Relative Error 0.20747800171375275
Epoch 982 Relative Error 0.2070865035057068
Epoch 983 Relative Error 0.2069939523935318
Epoch 984 Relative Error 0.2071332335472107
Epoch 985 Relative Error 0.2069762498140335
Epoch 986 Relative Error 0.20699851214885712
Epoch 987 Relative Error 0.20703673362731934
Epoch 988 Relative Error 0.20720240473747253
Epoch 989 Relative Error 0.20686684548854828
Epoch 990 Relative Error 0.2068452388048172
Epoch 991 Relative Error 0.20679430663585663
Epoch 992 Relative Error 0.20698241889476776
Epoch 993 Relative Error 0.20726396143436432
Epoch 994 Relative Error 0.2067539542913437
Epoch 995 Relative Error 0.20781120657920837
Epoch 996 Relative Error 0.20723189413547516
Epoch 997 Relative Error 0.2069557160139084
Epoch 998 Relative Error 0.20692120492458344
Epoch 999 Relative Error 0.20753654837608337
Epoch 1000 Relative Error 0.20700636506080627
RE (2, 0, 22, 0): 0.2067539542913437
Green's Function RE (2, 0, 22, 0): 0.10743334889411926
Bias Term RE (2, 0, 22, 0): 0.026686450466513634
Combination (2, 0, 22, 0, 0): 0.20076054334640503
Combination (2, 0, 22, 0, 1): 0.200917586684227
Combination (2, 0, 22, 0, 2): 0.20097379386425018
Combination (2, 0, 22, 0, 3): 0.2009987086057663
Combination (2, 0, 22, 0, 4): 0.2010098397731781

/home/gridsan/gstepaniants/.local/lib/python3.8/site-packages/torch/functional.py:478: UserWarning: torch.meshgrid: in an upcoming release, it will be required to pass the indexing argument. (Triggered internally at  ../aten/src/ATen/native/TensorShape.cpp:2895.)
  return _VF.meshgrid(tensors, **kwargs)  # type: ignore[attr-defined]
