[KeOps] Warning : Cuda libraries were not detected on the system ; using cpu only mode
1
Kernel: Matern5/2
Weight Mesh: 90
RKHS Kernel Width: 0.8
Lambda: 1e-06
Green's Function Learning Rate: 100
Bias Term Learning Rate: 100
Epoch 1 Relative Error 58040.0390625
First epoch had re = 58040.0390625 > 1
Green's Function Learning Rate: 50
Bias Term Learning Rate: 50
Epoch 1 Relative Error 27160.912109375
First epoch had re = 27160.912109375 > 1
Green's Function Learning Rate: 10
Bias Term Learning Rate: 10
Epoch 1 Relative Error 6231.328125
First epoch had re = 6231.328125 > 1
Green's Function Learning Rate: 5
Bias Term Learning Rate: 5
Epoch 1 Relative Error 3081.863525390625
First epoch had re = 3081.863525390625 > 1
Green's Function Learning Rate: 1
Bias Term Learning Rate: 1
Epoch 1 Relative Error 604.4204711914062
First epoch had re = 604.4204711914062 > 1
Green's Function Learning Rate: 0.5
Bias Term Learning Rate: 0.5
Epoch 1 Relative Error 359.4493408203125
First epoch had re = 359.4493408203125 > 1
Green's Function Learning Rate: 0.1
Bias Term Learning Rate: 0.1
Epoch 1 Relative Error 53.31828308105469
First epoch had re = 53.31828308105469 > 1
Green's Function Learning Rate: 0.05
Bias Term Learning Rate: 0.05
Epoch 1 Relative Error 33.22420120239258
First epoch had re = 33.22420120239258 > 1
Green's Function Learning Rate: 0.01
Bias Term Learning Rate: 0.01
Epoch 1 Relative Error 4.425795078277588
First epoch had re = 4.425795078277588 > 1
Green's Function Learning Rate: 0.005
Bias Term Learning Rate: 0.005
Epoch 1 Relative Error 2.0052762031555176
First epoch had re = 2.0052762031555176 > 1
Green's Function Learning Rate: 0.001
Bias Term Learning Rate: 0.001
Epoch 1 Relative Error 0.8402029871940613
Epoch 2 Relative Error 0.8084214329719543
Epoch 3 Relative Error 0.8795590400695801
Epoch 4 Relative Error 0.7646428346633911
Epoch 5 Relative Error 0.91428542137146
Epoch 6 Relative Error 0.7553057670593262
Epoch 7 Relative Error 0.8619042634963989
Epoch 8 Relative Error 0.7621800899505615
Epoch 9 Relative Error 0.8291850686073303
Epoch 10 Relative Error 0.7575188875198364
Epoch 11 Relative Error 0.8137441277503967
Epoch 12 Relative Error 0.7500983476638794
Epoch 13 Relative Error 0.799410343170166
Epoch 14 Relative Error 0.7563268542289734
Epoch 15 Relative Error 0.7740892171859741
Epoch 16 Relative Error 0.7485520243644714
Epoch 17 Relative Error 0.7693464756011963
Epoch 18 Relative Error 0.7419390082359314
Epoch 19 Relative Error 0.7531668543815613
Epoch 20 Relative Error 0.748105525970459
Epoch 21 Relative Error 0.7289517521858215
Epoch 22 Relative Error 0.7461338639259338
Epoch 23 Relative Error 0.7240729928016663
Epoch 24 Relative Error 0.7239968776702881
Epoch 25 Relative Error 0.7251637578010559
Epoch 26 Relative Error 0.7357626557350159
Epoch 27 Relative Error 0.7010776400566101
Epoch 28 Relative Error 0.7020837068557739
Epoch 29 Relative Error 0.7250234484672546
Epoch 30 Relative Error 0.6830229163169861
Epoch 31 Relative Error 0.707329511642456
Epoch 32 Relative Error 0.6837189793586731
Epoch 33 Relative Error 0.6810947060585022
Epoch 34 Relative Error 0.6939029693603516
Epoch 35 Relative Error 0.661391019821167
Epoch 36 Relative Error 0.6631444692611694
Epoch 37 Relative Error 0.6852378249168396
Epoch 38 Relative Error 0.6604689359664917
Epoch 39 Relative Error 0.6520335078239441
Epoch 40 Relative Error 0.6616438627243042
Epoch 41 Relative Error 0.6528171300888062
Epoch 42 Relative Error 0.652743935585022
Epoch 43 Relative Error 0.6357325911521912
Epoch 44 Relative Error 0.6536034345626831
Epoch 45 Relative Error 0.6467207670211792
Epoch 46 Relative Error 0.6268261075019836
Epoch 47 Relative Error 0.6826586723327637
Epoch 48 Relative Error 0.6467195749282837
Epoch 49 Relative Error 0.6027514934539795
Epoch 50 Relative Error 0.6072506308555603
Epoch 51 Relative Error 0.6258090734481812
Epoch 52 Relative Error 0.6241441369056702
Epoch 53 Relative Error 0.6035705804824829
Epoch 54 Relative Error 0.5887761116027832
Epoch 55 Relative Error 0.6323144435882568
Epoch 56 Relative Error 0.6022178530693054
Epoch 57 Relative Error 0.5932812690734863
Epoch 58 Relative Error 0.5785336494445801
Epoch 59 Relative Error 0.58961421251297
Epoch 60 Relative Error 0.6001644134521484
Epoch 61 Relative Error 0.5914515256881714
Epoch 62 Relative Error 0.5814746022224426
Epoch 63 Relative Error 0.5864076614379883
Epoch 64 Relative Error 0.5858132839202881
Epoch 65 Relative Error 0.5816702246665955
Epoch 66 Relative Error 0.5522521138191223
Epoch 67 Relative Error 0.5664382576942444
Epoch 68 Relative Error 0.5797300934791565
Epoch 69 Relative Error 0.5644614100456238
Epoch 70 Relative Error 0.555315375328064
Epoch 71 Relative Error 0.5581522583961487
Epoch 72 Relative Error 0.5499691963195801
Epoch 73 Relative Error 0.5601292252540588
Epoch 74 Relative Error 0.5645785927772522
Epoch 75 Relative Error 0.537932276725769
Epoch 76 Relative Error 0.5401431322097778
Epoch 77 Relative Error 0.5466516017913818
Epoch 78 Relative Error 0.5469767451286316
Epoch 79 Relative Error 0.5277307033538818
Epoch 80 Relative Error 0.541322648525238
Epoch 81 Relative Error 0.542041540145874
Epoch 82 Relative Error 0.5234993100166321
Epoch 83 Relative Error 0.5142542719841003
Epoch 84 Relative Error 0.5200120210647583
Epoch 85 Relative Error 0.5419244766235352
Epoch 86 Relative Error 0.551164984703064
Epoch 87 Relative Error 0.5542314648628235
Epoch 88 Relative Error 0.5292831659317017
Epoch 89 Relative Error 0.5229284167289734
Epoch 90 Relative Error 0.5108704566955566
Epoch 91 Relative Error 0.517909824848175
Epoch 92 Relative Error 0.5228418111801147
Epoch 93 Relative Error 0.51377272605896
Epoch 94 Relative Error 0.5272670388221741
Epoch 95 Relative Error 0.5227491855621338
Epoch 96 Relative Error 0.5023179650306702
Epoch 97 Relative Error 0.49746042490005493
Epoch 98 Relative Error 0.4964388608932495
Epoch 99 Relative Error 0.509777843952179
Epoch 100 Relative Error 0.5402054190635681
Epoch 101 Relative Error 0.551799476146698
Epoch 102 Relative Error 0.5172709822654724
Epoch 103 Relative Error 0.49547120928764343
Epoch 104 Relative Error 0.4917144477367401
Epoch 105 Relative Error 0.4925200045108795
Epoch 106 Relative Error 0.49170419573783875
Epoch 107 Relative Error 0.49642711877822876
Epoch 108 Relative Error 0.49864739179611206
Epoch 109 Relative Error 0.5011492371559143
Epoch 110 Relative Error 0.49579817056655884
Epoch 111 Relative Error 0.49055057764053345
Epoch 112 Relative Error 0.49565741419792175
Epoch 113 Relative Error 0.49324899911880493
Epoch 114 Relative Error 0.4934127628803253
Epoch 115 Relative Error 0.48995721340179443
Epoch 116 Relative Error 0.485347718000412
Epoch 117 Relative Error 0.49165254831314087
Epoch 118 Relative Error 0.49767157435417175
Epoch 119 Relative Error 0.4955202043056488
Epoch 120 Relative Error 0.49707281589508057
Epoch 121 Relative Error 0.4893222749233246
Epoch 122 Relative Error 0.4828900098800659
Epoch 123 Relative Error 0.4830278754234314
Epoch 124 Relative Error 0.4828014075756073
Epoch 125 Relative Error 0.4829111397266388
Epoch 126 Relative Error 0.48436349630355835
Epoch 127 Relative Error 0.48292869329452515
Epoch 128 Relative Error 0.48111987113952637
Epoch 129 Relative Error 0.4833633005619049
Epoch 130 Relative Error 0.4824928641319275
Epoch 131 Relative Error 0.485879510641098
Epoch 132 Relative Error 0.4852235019207001
Epoch 133 Relative Error 0.48768943548202515
Epoch 134 Relative Error 0.48684680461883545
Epoch 135 Relative Error 0.48112353682518005
Epoch 136 Relative Error 0.4815550744533539
Epoch 137 Relative Error 0.4787890315055847
Epoch 138 Relative Error 0.47743451595306396
Epoch 139 Relative Error 0.47755470871925354
Epoch 140 Relative Error 0.47902223467826843
Epoch 141 Relative Error 0.4799341857433319
Epoch 142 Relative Error 0.4757925271987915
Epoch 143 Relative Error 0.47724366188049316
Epoch 144 Relative Error 0.4767164885997772
Epoch 145 Relative Error 0.48082831501960754
Epoch 146 Relative Error 0.4766598045825958
Epoch 147 Relative Error 0.47419294714927673
Epoch 148 Relative Error 0.4739604890346527
Epoch 149 Relative Error 0.4750308096408844
Epoch 150 Relative Error 0.47482722997665405
Epoch 151 Relative Error 0.4762406051158905
Epoch 152 Relative Error 0.47493866086006165
Epoch 153 Relative Error 0.47695308923721313
Epoch 154 Relative Error 0.4744616150856018
Epoch 155 Relative Error 0.474516898393631
Epoch 156 Relative Error 0.4733513295650482
Epoch 157 Relative Error 0.4749290943145752
Epoch 158 Relative Error 0.4757366478443146
Epoch 159 Relative Error 0.4766949713230133
Epoch 160 Relative Error 0.4749029278755188
Epoch 161 Relative Error 0.47632935643196106
Epoch 162 Relative Error 0.4779309928417206
Epoch 163 Relative Error 0.47973090410232544
Epoch 164 Relative Error 0.4771588444709778
Epoch 165 Relative Error 0.47770917415618896
Epoch 166 Relative Error 0.4782899022102356
Epoch 167 Relative Error 0.4755079746246338
Epoch 168 Relative Error 0.47265732288360596
Epoch 169 Relative Error 0.4726978540420532
Epoch 170 Relative Error 0.47267013788223267
Epoch 171 Relative Error 0.47284436225891113
Epoch 172 Relative Error 0.47277265787124634
Epoch 173 Relative Error 0.473332941532135
Epoch 174 Relative Error 0.47286149859428406
Epoch 175 Relative Error 0.4732022285461426
Epoch 176 Relative Error 0.47355204820632935
Epoch 177 Relative Error 0.47367873787879944
Epoch 178 Relative Error 0.4726441204547882
Epoch 179 Relative Error 0.47380587458610535
Epoch 180 Relative Error 0.474443256855011
Epoch 181 Relative Error 0.4771100878715515
Epoch 182 Relative Error 0.4762380123138428
Epoch 183 Relative Error 0.4763745367527008
Epoch 184 Relative Error 0.47529155015945435
Epoch 185 Relative Error 0.47464582324028015
Epoch 186 Relative Error 0.47331303358078003
Epoch 187 Relative Error 0.47351840138435364
Epoch 188 Relative Error 0.47306445240974426
Epoch 189 Relative Error 0.47356295585632324
Epoch 190 Relative Error 0.4736543595790863
Epoch 191 Relative Error 0.47347381711006165
Epoch 192 Relative Error 0.47277992963790894
Epoch 193 Relative Error 0.4733520448207855
Epoch 194 Relative Error 0.47302472591400146
Epoch 195 Relative Error 0.4734174311161041
Epoch 196 Relative Error 0.473659485578537
Epoch 197 Relative Error 0.4735519587993622
Epoch 198 Relative Error 0.47300204634666443
Epoch 199 Relative Error 0.4733119606971741
Epoch 200 Relative Error 0.47339552640914917
Epoch 201 Relative Error 0.4737391173839569
Epoch 202 Relative Error 0.4737783968448639
Epoch 203 Relative Error 0.47358056902885437
Epoch 204 Relative Error 0.47371530532836914
Epoch 205 Relative Error 0.4732692837715149
Epoch 206 Relative Error 0.4740465581417084
Epoch 207 Relative Error 0.4736264944076538
Epoch 208 Relative Error 0.4733337461948395
Epoch 209 Relative Error 0.47426557540893555
Epoch 210 Relative Error 0.4737994074821472
Epoch 211 Relative Error 0.47325679659843445
Epoch 212 Relative Error 0.47344285249710083
Epoch 213 Relative Error 0.4731946587562561
Epoch 214 Relative Error 0.4732165038585663
Epoch 215 Relative Error 0.47315558791160583
Epoch 216 Relative Error 0.4731605052947998
Epoch 217 Relative Error 0.47320225834846497
Epoch 218 Relative Error 0.47324320673942566
Epoch 219 Relative Error 0.47346124053001404
Epoch 220 Relative Error 0.4736356735229492
Epoch 221 Relative Error 0.47344687581062317
Epoch 222 Relative Error 0.47365614771842957
Epoch 223 Relative Error 0.4735797643661499
Epoch 224 Relative Error 0.47348928451538086
Epoch 225 Relative Error 0.47365278005599976
Epoch 226 Relative Error 0.473888635635376
Epoch 227 Relative Error 0.47358885407447815
Epoch 228 Relative Error 0.47360846400260925
Epoch 229 Relative Error 0.47371092438697815
Epoch 230 Relative Error 0.47381025552749634
Epoch 231 Relative Error 0.4736935794353485
Epoch 232 Relative Error 0.47447332739830017
Epoch 233 Relative Error 0.4743827283382416
Epoch 234 Relative Error 0.4744340181350708
Epoch 235 Relative Error 0.4741491377353668
Epoch 236 Relative Error 0.47402942180633545
Epoch 237 Relative Error 0.47409379482269287
Epoch 238 Relative Error 0.47428107261657715
Epoch 239 Relative Error 0.4750854969024658
Epoch 240 Relative Error 0.47464650869369507
Epoch 241 Relative Error 0.4743044078350067
Epoch 242 Relative Error 0.4740394651889801
Epoch 243 Relative Error 0.47410595417022705
Epoch 244 Relative Error 0.4741474986076355
Epoch 245 Relative Error 0.47428208589553833
Epoch 246 Relative Error 0.47415509819984436
Epoch 247 Relative Error 0.4745287001132965
Epoch 248 Relative Error 0.4740692377090454
Epoch 249 Relative Error 0.47424712777137756
Epoch 250 Relative Error 0.4744337201118469
Epoch 251 Relative Error 0.47444504499435425
Epoch 252 Relative Error 0.4744247794151306
Epoch 253 Relative Error 0.47426554560661316
Epoch 254 Relative Error 0.4742266535758972
Epoch 255 Relative Error 0.4741922914981842
Epoch 256 Relative Error 0.4742435812950134
Epoch 257 Relative Error 0.4744613766670227
Epoch 258 Relative Error 0.4742712378501892
Epoch 259 Relative Error 0.47428667545318604
Epoch 260 Relative Error 0.4742678701877594
Epoch 261 Relative Error 0.47444382309913635
Epoch 262 Relative Error 0.4743911921977997
Epoch 263 Relative Error 0.4746464192867279
Epoch 264 Relative Error 0.47450774908065796
Epoch 265 Relative Error 0.47440826892852783
Epoch 266 Relative Error 0.4743819534778595
Epoch 267 Relative Error 0.47438061237335205
Epoch 268 Relative Error 0.4743902087211609
Epoch 269 Relative Error 0.47460275888442993
Epoch 270 Relative Error 0.47446849942207336
Epoch 271 Relative Error 0.4744906723499298
Epoch 272 Relative Error 0.4744713008403778
Epoch 273 Relative Error 0.47440847754478455
Epoch 274 Relative Error 0.47449007630348206
Epoch 275 Relative Error 0.4744452238082886
Epoch 276 Relative Error 0.4744907319545746
Epoch 277 Relative Error 0.47445449233055115
Epoch 278 Relative Error 0.4744711220264435
Epoch 279 Relative Error 0.47447851300239563
Epoch 280 Relative Error 0.4744967222213745
Epoch 281 Relative Error 0.4744507968425751
Epoch 282 Relative Error 0.4744240343570709
Epoch 283 Relative Error 0.4744381904602051
Epoch 284 Relative Error 0.47448763251304626
Epoch 285 Relative Error 0.4744645953178406
Epoch 286 Relative Error 0.47448232769966125
Epoch 287 Relative Error 0.4748232960700989
Epoch 288 Relative Error 0.4744967222213745
Epoch 289 Relative Error 0.4744403064250946
Epoch 290 Relative Error 0.4745110869407654
Epoch 291 Relative Error 0.4744381308555603
Epoch 292 Relative Error 0.47447797656059265
Epoch 293 Relative Error 0.4744424521923065
Epoch 294 Relative Error 0.4744245409965515
Epoch 295 Relative Error 0.474428653717041
Epoch 296 Relative Error 0.4744567573070526
Epoch 297 Relative Error 0.47442665696144104
Epoch 298 Relative Error 0.47451528906822205
Epoch 299 Relative Error 0.4744524657726288
Epoch 300 Relative Error 0.47442638874053955
Epoch 301 Relative Error 0.47450345754623413
Epoch 302 Relative Error 0.47455254197120667
Epoch 303 Relative Error 0.4745114743709564
Epoch 304 Relative Error 0.47442227602005005
Epoch 305 Relative Error 0.4744659662246704
Epoch 306 Relative Error 0.4744224548339844
Epoch 307 Relative Error 0.4744580090045929
Epoch 308 Relative Error 0.4744088053703308
Epoch 309 Relative Error 0.4744488596916199
Epoch 310 Relative Error 0.47441980242729187
Epoch 311 Relative Error 0.47436752915382385
Epoch 312 Relative Error 0.47437939047813416
Epoch 313 Relative Error 0.4744640290737152
Epoch 314 Relative Error 0.4744015038013458
Epoch 315 Relative Error 0.4743209183216095
Epoch 316 Relative Error 0.4744367301464081
Epoch 317 Relative Error 0.4743323028087616
Epoch 318 Relative Error 0.47435304522514343
Epoch 319 Relative Error 0.4742886424064636
Epoch 320 Relative Error 0.4742759168148041
Epoch 321 Relative Error 0.47446173429489136
Epoch 322 Relative Error 0.47427213191986084
Epoch 323 Relative Error 0.4742676019668579
Epoch 324 Relative Error 0.47440797090530396
Epoch 325 Relative Error 0.4742457866668701
Epoch 326 Relative Error 0.47421419620513916
Epoch 327 Relative Error 0.4742077589035034
Epoch 328 Relative Error 0.474203884601593
Epoch 329 Relative Error 0.47425606846809387
Epoch 330 Relative Error 0.4742668569087982
Epoch 331 Relative Error 0.47444668412208557
Epoch 332 Relative Error 0.47420746088027954
Epoch 333 Relative Error 0.474159836769104
Epoch 334 Relative Error 0.474188894033432
Epoch 335 Relative Error 0.4741540849208832
Epoch 336 Relative Error 0.4741874933242798
Epoch 337 Relative Error 0.4742233157157898
Epoch 338 Relative Error 0.4741964042186737
Epoch 339 Relative Error 0.4740641415119171
Epoch 340 Relative Error 0.47414785623550415
Epoch 341 Relative Error 0.47410571575164795
Epoch 342 Relative Error 0.4742286503314972
Epoch 343 Relative Error 0.4741630256175995
Epoch 344 Relative Error 0.4741838872432709
Epoch 345 Relative Error 0.4741029143333435
Epoch 346 Relative Error 0.4739611744880676
Epoch 347 Relative Error 0.4739784300327301
Epoch 348 Relative Error 0.4739493429660797
Epoch 349 Relative Error 0.4739021360874176
Epoch 350 Relative Error 0.47392186522483826
Epoch 351 Relative Error 0.47391098737716675
Epoch 352 Relative Error 0.47388097643852234
Epoch 353 Relative Error 0.4741223454475403
Epoch 354 Relative Error 0.47389665246009827
Epoch 355 Relative Error 0.47401735186576843
Epoch 356 Relative Error 0.4738360643386841
Epoch 357 Relative Error 0.4739082157611847
Epoch 358 Relative Error 0.4741053879261017
Epoch 359 Relative Error 0.47427818179130554
Epoch 360 Relative Error 0.4740474224090576
Epoch 361 Relative Error 0.4747527241706848
Epoch 362 Relative Error 0.47422003746032715
Epoch 363 Relative Error 0.4737662971019745
Epoch 364 Relative Error 0.473747193813324
Epoch 365 Relative Error 0.4736884832382202
Epoch 366 Relative Error 0.4738486707210541
Epoch 367 Relative Error 0.47371989488601685
Epoch 368 Relative Error 0.473757266998291
Epoch 369 Relative Error 0.4739159941673279
Epoch 370 Relative Error 0.4735279977321625
Epoch 371 Relative Error 0.4735635817050934
Epoch 372 Relative Error 0.4734800457954407
Epoch 373 Relative Error 0.47349363565444946
Epoch 374 Relative Error 0.4735080301761627
Epoch 375 Relative Error 0.4734790027141571
Epoch 376 Relative Error 0.4734972417354584
Epoch 377 Relative Error 0.473437637090683
Epoch 378 Relative Error 0.4734005928039551
Epoch 379 Relative Error 0.47373414039611816
Epoch 380 Relative Error 0.4735284447669983
Epoch 381 Relative Error 0.4733694791793823
Epoch 382 Relative Error 0.4733177721500397
Epoch 383 Relative Error 0.4733077883720398
Epoch 384 Relative Error 0.4733177423477173
Epoch 385 Relative Error 0.4734029769897461
Epoch 386 Relative Error 0.47345730662345886
Epoch 387 Relative Error 0.4731908142566681
Epoch 388 Relative Error 0.4733057916164398
Epoch 389 Relative Error 0.47353845834732056
Epoch 390 Relative Error 0.47318241000175476
Epoch 391 Relative Error 0.4732307493686676
Epoch 392 Relative Error 0.4734863042831421
Epoch 393 Relative Error 0.4732741415500641
Epoch 394 Relative Error 0.47361236810684204
Epoch 395 Relative Error 0.47303760051727295
Epoch 396 Relative Error 0.47346264123916626
Epoch 397 Relative Error 0.47354647517204285
Epoch 398 Relative Error 0.4730002284049988
Epoch 399 Relative Error 0.4729943871498108
Epoch 400 Relative Error 0.4731909930706024
Epoch 401 Relative Error 0.4729864001274109
Epoch 402 Relative Error 0.47310009598731995
Epoch 403 Relative Error 0.4729935824871063
Epoch 404 Relative Error 0.47292360663414
Epoch 405 Relative Error 0.47315993905067444
Epoch 406 Relative Error 0.4728386104106903
Epoch 407 Relative Error 0.47288215160369873
Epoch 408 Relative Error 0.47283607721328735
Epoch 409 Relative Error 0.47308385372161865
Epoch 410 Relative Error 0.47277122735977173
Epoch 411 Relative Error 0.47278961539268494
Epoch 412 Relative Error 0.4726989269256592
Epoch 413 Relative Error 0.472734272480011
Epoch 414 Relative Error 0.4727708399295807
Epoch 415 Relative Error 0.47272297739982605
Epoch 416 Relative Error 0.47275418043136597
Epoch 417 Relative Error 0.4732022285461426
Epoch 418 Relative Error 0.4730328917503357
Epoch 419 Relative Error 0.4725501537322998
Epoch 420 Relative Error 0.4731997549533844
Epoch 421 Relative Error 0.47357437014579773
Epoch 422 Relative Error 0.47328048944473267
Epoch 423 Relative Error 0.47258928418159485
Epoch 424 Relative Error 0.47247961163520813
Epoch 425 Relative Error 0.4724733531475067
Epoch 426 Relative Error 0.47243091464042664
Epoch 427 Relative Error 0.4724210500717163
Epoch 428 Relative Error 0.4723590314388275
Epoch 429 Relative Error 0.4724178910255432
Epoch 430 Relative Error 0.47232291102409363
Epoch 431 Relative Error 0.4724186658859253
Epoch 432 Relative Error 0.4724210798740387
Epoch 433 Relative Error 0.4723222851753235
Epoch 434 Relative Error 0.4729063808917999
Epoch 435 Relative Error 0.4724343717098236
Epoch 436 Relative Error 0.47216007113456726
Epoch 437 Relative Error 0.4724268913269043
Epoch 438 Relative Error 0.4725491404533386
Epoch 439 Relative Error 0.47244781255722046
Epoch 440 Relative Error 0.47223418951034546
Epoch 441 Relative Error 0.47217562794685364
Epoch 442 Relative Error 0.47216159105300903
Epoch 443 Relative Error 0.4723045825958252
Epoch 444 Relative Error 0.4726393222808838
Epoch 445 Relative Error 0.4721129238605499
Epoch 446 Relative Error 0.4719609320163727
Epoch 447 Relative Error 0.472112238407135
Epoch 448 Relative Error 0.4719041585922241
Epoch 449 Relative Error 0.47189807891845703
Epoch 450 Relative Error 0.47192078828811646
Epoch 451 Relative Error 0.4718402326107025
Epoch 452 Relative Error 0.4718579649925232
Epoch 453 Relative Error 0.47195419669151306
Epoch 454 Relative Error 0.4717830717563629
Epoch 455 Relative Error 0.4718516170978546
Epoch 456 Relative Error 0.471822589635849
Epoch 457 Relative Error 0.4717119336128235
Epoch 458 Relative Error 0.4718017876148224
Epoch 459 Relative Error 0.4717867374420166
Epoch 460 Relative Error 0.47166699171066284
Epoch 461 Relative Error 0.4716416001319885
Epoch 462 Relative Error 0.47165119647979736
Epoch 463 Relative Error 0.4717356860637665
Epoch 464 Relative Error 0.4716627299785614
Epoch 465 Relative Error 0.471576064825058
Epoch 466 Relative Error 0.4716321527957916
Epoch 467 Relative Error 0.4715413749217987
Epoch 468 Relative Error 0.47161582112312317
Epoch 469 Relative Error 0.4714370667934418
Epoch 470 Relative Error 0.4714254140853882
Epoch 471 Relative Error 0.47173652052879333
Epoch 472 Relative Error 0.47152605652809143
Epoch 473 Relative Error 0.47137606143951416
Epoch 474 Relative Error 0.4714016914367676
Epoch 475 Relative Error 0.4714682400226593
Epoch 476 Relative Error 0.4714578092098236
Epoch 477 Relative Error 0.4713899791240692
Epoch 478 Relative Error 0.4713323414325714
Epoch 479 Relative Error 0.4715845584869385
Epoch 480 Relative Error 0.47123318910598755
Epoch 481 Relative Error 0.4712052345275879
Epoch 482 Relative Error 0.47120359539985657
Epoch 483 Relative Error 0.4711385667324066
Epoch 484 Relative Error 0.4710918664932251
Epoch 485 Relative Error 0.4710569977760315
Epoch 486 Relative Error 0.4712207317352295
Epoch 487 Relative Error 0.4712790846824646
Epoch 488 Relative Error 0.4712022542953491
Epoch 489 Relative Error 0.4713587164878845
Epoch 490 Relative Error 0.470954954624176
Epoch 491 Relative Error 0.470965176820755
Epoch 492 Relative Error 0.47109100222587585
Epoch 493 Relative Error 0.4708963930606842
Epoch 494 Relative Error 0.47097456455230713
Epoch 495 Relative Error 0.4711303114891052
Epoch 496 Relative Error 0.47109225392341614
Epoch 497 Relative Error 0.4708312451839447
Epoch 498 Relative Error 0.4707910120487213
Epoch 499 Relative Error 0.4707767963409424
Epoch 500 Relative Error 0.47076866030693054
Epoch 501 Relative Error 0.47073331475257874
Epoch 502 Relative Error 0.47070035338401794
Epoch 503 Relative Error 0.47067466378211975
Epoch 504 Relative Error 0.47063955664634705
Epoch 505 Relative Error 0.4706912636756897
Epoch 506 Relative Error 0.4707627296447754
Epoch 507 Relative Error 0.4708753526210785
Epoch 508 Relative Error 0.47100889682769775
Epoch 509 Relative Error 0.4705587923526764
Epoch 510 Relative Error 0.47053632140159607
Epoch 511 Relative Error 0.47048255801200867
Epoch 512 Relative Error 0.4710833728313446
Epoch 513 Relative Error 0.4706885516643524
Epoch 514 Relative Error 0.470908522605896
Epoch 515 Relative Error 0.4707045555114746
Epoch 516 Relative Error 0.4705997407436371
Epoch 517 Relative Error 0.4703619182109833
Epoch 518 Relative Error 0.470444917678833
Epoch 519 Relative Error 0.47030067443847656
Epoch 520 Relative Error 0.47025102376937866
Epoch 521 Relative Error 0.4703272581100464
Epoch 522 Relative Error 0.4704810678958893
Epoch 523 Relative Error 0.4702307879924774
Epoch 524 Relative Error 0.4702400267124176
Epoch 525 Relative Error 0.47033199667930603
Epoch 526 Relative Error 0.47031697630882263
Epoch 527 Relative Error 0.4701683819293976
Epoch 528 Relative Error 0.4703870117664337
Epoch 529 Relative Error 0.47056102752685547
Epoch 530 Relative Error 0.47008034586906433
Epoch 531 Relative Error 0.4701373279094696
Epoch 532 Relative Error 0.470161497592926
Epoch 533 Relative Error 0.47005560994148254
Epoch 534 Relative Error 0.4701467752456665
Epoch 535 Relative Error 0.46995070576667786
Epoch 536 Relative Error 0.47001662850379944
Epoch 537 Relative Error 0.46988341212272644
Epoch 538 Relative Error 0.4699287712574005
Epoch 539 Relative Error 0.4705762267112732
Epoch 540 Relative Error 0.4712103605270386
Epoch 541 Relative Error 0.46983420848846436
Epoch 542 Relative Error 0.469912052154541
Epoch 543 Relative Error 0.4702759385108948
Epoch 544 Relative Error 0.4699598550796509
Epoch 545 Relative Error 0.46975621581077576
Epoch 546 Relative Error 0.46971559524536133
Epoch 547 Relative Error 0.46967896819114685
Epoch 548 Relative Error 0.46963825821876526
Epoch 549 Relative Error 0.4696153998374939
Epoch 550 Relative Error 0.46966928243637085
Epoch 551 Relative Error 0.4696682095527649
Epoch 552 Relative Error 0.4697147607803345
Epoch 553 Relative Error 0.4698551893234253
Epoch 554 Relative Error 0.46954888105392456
Epoch 555 Relative Error 0.46981287002563477
Epoch 556 Relative Error 0.4696674942970276
Epoch 557 Relative Error 0.46979907155036926
Epoch 558 Relative Error 0.4695761501789093
Epoch 559 Relative Error 0.46939757466316223
Epoch 560 Relative Error 0.4693966209888458
Epoch 561 Relative Error 0.469327837228775
Epoch 562 Relative Error 0.4693106710910797
Epoch 563 Relative Error 0.4693656861782074
Epoch 564 Relative Error 0.4693041741847992
Epoch 565 Relative Error 0.4696788787841797
Epoch 566 Relative Error 0.47042593359947205
Epoch 567 Relative Error 0.47170335054397583
Epoch 568 Relative Error 0.47192373871803284
Epoch 569 Relative Error 0.46923673152923584
Epoch 570 Relative Error 0.46953028440475464
Epoch 571 Relative Error 0.4697563052177429
Epoch 572 Relative Error 0.46929267048835754
Epoch 573 Relative Error 0.4693375825881958
Epoch 574 Relative Error 0.4690483808517456
Epoch 575 Relative Error 0.4690256714820862
Epoch 576 Relative Error 0.47070565819740295
Epoch 577 Relative Error 0.47122612595558167
Epoch 578 Relative Error 0.4697052240371704
Epoch 579 Relative Error 0.4691028892993927
Epoch 580 Relative Error 0.4689258337020874
Epoch 581 Relative Error 0.4689279794692993
Epoch 582 Relative Error 0.4688497483730316
Epoch 583 Relative Error 0.46903079748153687
Epoch 584 Relative Error 0.46907684206962585
Epoch 585 Relative Error 0.46879398822784424
Epoch 586 Relative Error 0.46876394748687744
Epoch 587 Relative Error 0.4689308702945709
Epoch 588 Relative Error 0.4690897464752197
Epoch 589 Relative Error 0.4692530930042267
Epoch 590 Relative Error 0.46892568469047546
Epoch 591 Relative Error 0.4687047302722931
Epoch 592 Relative Error 0.4687666893005371
Epoch 593 Relative Error 0.4686548709869385
Epoch 594 Relative Error 0.4685552418231964
Epoch 595 Relative Error 0.46864524483680725
Epoch 596 Relative Error 0.46851375699043274
Epoch 597 Relative Error 0.4688577651977539
Epoch 598 Relative Error 0.4691389501094818
Epoch 599 Relative Error 0.46860039234161377
Epoch 600 Relative Error 0.46850907802581787
Epoch 601 Relative Error 0.46876007318496704
Epoch 602 Relative Error 0.4685036540031433
Epoch 603 Relative Error 0.4684397280216217
Epoch 604 Relative Error 0.4688447415828705
Epoch 605 Relative Error 0.4685002267360687
Epoch 606 Relative Error 0.46830055117607117
Epoch 607 Relative Error 0.4683168828487396
Epoch 608 Relative Error 0.4683036506175995
Epoch 609 Relative Error 0.4682890474796295
Epoch 610 Relative Error 0.4682183265686035
Epoch 611 Relative Error 0.46817243099212646
Epoch 612 Relative Error 0.468168169260025
Epoch 613 Relative Error 0.46812358498573303
Epoch 614 Relative Error 0.4682602286338806
Epoch 615 Relative Error 0.4680962562561035
Epoch 616 Relative Error 0.4680980443954468
Epoch 617 Relative Error 0.4680999517440796
Epoch 618 Relative Error 0.46800169348716736
Epoch 619 Relative Error 0.46815213561058044
Epoch 620 Relative Error 0.46802589297294617
Epoch 621 Relative Error 0.46814799308776855
Epoch 622 Relative Error 0.46854299306869507
Epoch 623 Relative Error 0.4682299494743347
Epoch 624 Relative Error 0.4680454432964325
Epoch 625 Relative Error 0.4680376350879669
Epoch 626 Relative Error 0.46787622570991516
Epoch 627 Relative Error 0.46794193983078003
Epoch 628 Relative Error 0.46832430362701416
Epoch 629 Relative Error 0.4682369530200958
Epoch 630 Relative Error 0.4679268002510071
Epoch 631 Relative Error 0.4677920937538147
Epoch 632 Relative Error 0.46771109104156494
Epoch 633 Relative Error 0.4677211046218872
Epoch 634 Relative Error 0.4676903188228607
Epoch 635 Relative Error 0.46770229935646057
Epoch 636 Relative Error 0.46763744950294495
Epoch 637 Relative Error 0.46767657995224
Epoch 638 Relative Error 0.46762317419052124
Epoch 639 Relative Error 0.4675450921058655
Epoch 640 Relative Error 0.46752482652664185
Epoch 641 Relative Error 0.4675998389720917
Epoch 642 Relative Error 0.46784529089927673
Epoch 643 Relative Error 0.46771398186683655
Epoch 644 Relative Error 0.46746447682380676
Epoch 645 Relative Error 0.4674631357192993
Epoch 646 Relative Error 0.46739739179611206
Epoch 647 Relative Error 0.4679454267024994
Epoch 648 Relative Error 0.46918442845344543
Epoch 649 Relative Error 0.46765202283859253
Epoch 650 Relative Error 0.4674440920352936
Epoch 651 Relative Error 0.46758267283439636
Epoch 652 Relative Error 0.4674519896507263
Epoch 653 Relative Error 0.46720975637435913
Epoch 654 Relative Error 0.46722647547721863
Epoch 655 Relative Error 0.4671404957771301
Epoch 656 Relative Error 0.46716180443763733
Epoch 657 Relative Error 0.46716052293777466
Epoch 658 Relative Error 0.46708181500434875
Epoch 659 Relative Error 0.4670954942703247
Epoch 660 Relative Error 0.46707749366760254
Epoch 661 Relative Error 0.46714457869529724
Epoch 662 Relative Error 0.4671615958213806
Epoch 663 Relative Error 0.4670272767543793
Epoch 664 Relative Error 0.4670352339744568
Epoch 665 Relative Error 0.46694251894950867
Epoch 666 Relative Error 0.4670359492301941
Epoch 667 Relative Error 0.4669231176376343
Epoch 668 Relative Error 0.4671150743961334
Epoch 669 Relative Error 0.46723222732543945
Epoch 670 Relative Error 0.4669596254825592
Epoch 671 Relative Error 0.46678534150123596
Epoch 672 Relative Error 0.4668711721897125
Epoch 673 Relative Error 0.4669441878795624
Epoch 674 Relative Error 0.46682119369506836
Epoch 675 Relative Error 0.46677592396736145
Epoch 676 Relative Error 0.46675175428390503
Epoch 677 Relative Error 0.46664562821388245
Epoch 678 Relative Error 0.4666575789451599
Epoch 679 Relative Error 0.4665978252887726
Epoch 680 Relative Error 0.4666127860546112
Epoch 681 Relative Error 0.46779075264930725
Epoch 682 Relative Error 0.46914753317832947
Epoch 683 Relative Error 0.4673890769481659
Epoch 684 Relative Error 0.46648985147476196
Epoch 685 Relative Error 0.46662482619285583
Epoch 686 Relative Error 0.4665960967540741
Epoch 687 Relative Error 0.46661120653152466
Epoch 688 Relative Error 0.46647506952285767
Epoch 689 Relative Error 0.46636223793029785
Epoch 690 Relative Error 0.4663485884666443
Epoch 691 Relative Error 0.4666428864002228
Epoch 692 Relative Error 0.4663044810295105
Epoch 693 Relative Error 0.46650299429893494
Epoch 694 Relative Error 0.4662712812423706
Epoch 695 Relative Error 0.46623495221138
Epoch 696 Relative Error 0.46621447801589966
Epoch 697 Relative Error 0.46638360619544983
Epoch 698 Relative Error 0.46657243371009827
Epoch 699 Relative Error 0.4667240083217621
Epoch 700 Relative Error 0.466621458530426
Epoch 701 Relative Error 0.4668470621109009
Epoch 702 Relative Error 0.4666728675365448
Epoch 703 Relative Error 0.4660646617412567
Epoch 704 Relative Error 0.46677166223526
Epoch 705 Relative Error 0.46653449535369873
Epoch 706 Relative Error 0.4663988947868347
Epoch 707 Relative Error 0.46593257784843445
Epoch 708 Relative Error 0.46602752804756165
Epoch 709 Relative Error 0.46634989976882935
Epoch 710 Relative Error 0.46624207496643066
Epoch 711 Relative Error 0.4659965932369232
Epoch 712 Relative Error 0.46594589948654175
Epoch 713 Relative Error 0.4660758972167969
Epoch 714 Relative Error 0.46649453043937683
Epoch 715 Relative Error 0.46664077043533325
Epoch 716 Relative Error 0.46580323576927185
Epoch 717 Relative Error 0.4658656418323517
Epoch 718 Relative Error 0.4657388925552368
Epoch 719 Relative Error 0.465851366519928
Epoch 720 Relative Error 0.46661171317100525
Epoch 721 Relative Error 0.4662783741950989
Epoch 722 Relative Error 0.46577346324920654
Epoch 723 Relative Error 0.46561190485954285
Epoch 724 Relative Error 0.4656050503253937
Epoch 725 Relative Error 0.46563848853111267
Epoch 726 Relative Error 0.46553146839141846
Epoch 727 Relative Error 0.46580377221107483
Epoch 728 Relative Error 0.4660975933074951
Epoch 729 Relative Error 0.465992271900177
Epoch 730 Relative Error 0.4656026363372803
Epoch 731 Relative Error 0.46546003222465515
Epoch 732 Relative Error 0.4654669463634491
Epoch 733 Relative Error 0.46598926186561584
Epoch 734 Relative Error 0.4657115638256073
Epoch 735 Relative Error 0.465348482131958
Epoch 736 Relative Error 0.4653051197528839
Epoch 737 Relative Error 0.46535810828208923
Epoch 738 Relative Error 0.465633749961853
Epoch 739 Relative Error 0.4657684862613678
Epoch 740 Relative Error 0.46560901403427124
Epoch 741 Relative Error 0.46522676944732666
Epoch 742 Relative Error 0.4651819169521332
Epoch 743 Relative Error 0.4652355909347534
Epoch 744 Relative Error 0.4655488133430481
Epoch 745 Relative Error 0.46565935015678406
Epoch 746 Relative Error 0.4652702212333679
Epoch 747 Relative Error 0.4654621183872223
Epoch 748 Relative Error 0.46502435207366943
Epoch 749 Relative Error 0.46506455540657043
Epoch 750 Relative Error 0.4649398624897003
Epoch 751 Relative Error 0.4651258587837219
Epoch 752 Relative Error 0.46508732438087463
Epoch 753 Relative Error 0.46530118584632874
Epoch 754 Relative Error 0.4662938416004181
Epoch 755 Relative Error 0.46508437395095825
Epoch 756 Relative Error 0.4650878310203552
Epoch 757 Relative Error 0.46540260314941406
Epoch 758 Relative Error 0.46485450863838196
Epoch 759 Relative Error 0.4648362100124359
Epoch 760 Relative Error 0.4648853838443756
Epoch 761 Relative Error 0.46475842595100403
Epoch 762 Relative Error 0.46474143862724304
Epoch 763 Relative Error 0.4646528661251068
Epoch 764 Relative Error 0.46517205238342285
Epoch 765 Relative Error 0.46554622054100037
Epoch 766 Relative Error 0.4646592438220978
Epoch 767 Relative Error 0.46508434414863586
Epoch 768 Relative Error 0.4651862382888794
Epoch 769 Relative Error 0.46461302042007446
Epoch 770 Relative Error 0.46451956033706665
Epoch 771 Relative Error 0.46444597840309143
Epoch 772 Relative Error 0.46450740098953247
Epoch 773 Relative Error 0.4645337760448456
Epoch 774 Relative Error 0.46447843313217163
Epoch 775 Relative Error 0.46449020504951477
Epoch 776 Relative Error 0.4644922614097595
Epoch 777 Relative Error 0.46480438113212585
Epoch 778 Relative Error 0.4647732973098755
Epoch 779 Relative Error 0.46435701847076416
Epoch 780 Relative Error 0.4644877016544342
Epoch 781 Relative Error 0.4644785523414612
Epoch 782 Relative Error 0.4642968773841858
Epoch 783 Relative Error 0.46419110894203186
Epoch 784 Relative Error 0.4644220769405365
Epoch 785 Relative Error 0.46429696679115295
Epoch 786 Relative Error 0.4641444981098175
Epoch 787 Relative Error 0.46419021487236023
Epoch 788 Relative Error 0.4641183018684387
Epoch 789 Relative Error 0.4642622470855713
Epoch 790 Relative Error 0.4649316072463989
Epoch 791 Relative Error 0.46398115158081055
Epoch 792 Relative Error 0.4641622006893158
Epoch 793 Relative Error 0.46568602323532104
Epoch 794 Relative Error 0.46492597460746765
Epoch 795 Relative Error 0.46392151713371277
Epoch 796 Relative Error 0.46462711691856384
Epoch 797 Relative Error 0.46513012051582336
Epoch 798 Relative Error 0.46397674083709717
Epoch 799 Relative Error 0.4641677439212799
Epoch 800 Relative Error 0.46458059549331665
Epoch 801 Relative Error 0.46412721276283264
Epoch 802 Relative Error 0.46373993158340454
Epoch 803 Relative Error 0.4639976918697357
Epoch 804 Relative Error 0.4644548296928406
Epoch 805 Relative Error 0.46401679515838623
Epoch 806 Relative Error 0.4636915922164917
Epoch 807 Relative Error 0.463644415140152
Epoch 808 Relative Error 0.4636266231536865
Epoch 809 Relative Error 0.46376270055770874
Epoch 810 Relative Error 0.463627427816391
Epoch 811 Relative Error 0.46364060044288635
Epoch 812 Relative Error 0.46365153789520264
Epoch 813 Relative Error 0.4634968936443329
Epoch 814 Relative Error 0.46381309628486633
Epoch 815 Relative Error 0.46390995383262634
Epoch 816 Relative Error 0.4639325737953186
Epoch 817 Relative Error 0.46341612935066223
Epoch 818 Relative Error 0.46345022320747375
Epoch 819 Relative Error 0.46431964635849
Epoch 820 Relative Error 0.4647761583328247
Epoch 821 Relative Error 0.46330615878105164
Epoch 822 Relative Error 0.4632706046104431
Epoch 823 Relative Error 0.4632999002933502
Epoch 824 Relative Error 0.4632672965526581
Epoch 825 Relative Error 0.4633420407772064
Epoch 826 Relative Error 0.46326151490211487
Epoch 827 Relative Error 0.4632977247238159
Epoch 828 Relative Error 0.4639278054237366
Epoch 829 Relative Error 0.4637642800807953
Epoch 830 Relative Error 0.4631284475326538
Epoch 831 Relative Error 0.4631403386592865
Epoch 832 Relative Error 0.46313849091529846
Epoch 833 Relative Error 0.4631137251853943
Epoch 834 Relative Error 0.4630950391292572
Epoch 835 Relative Error 0.4630741477012634
Epoch 836 Relative Error 0.463007390499115
Epoch 837 Relative Error 0.463076114654541
Epoch 838 Relative Error 0.46290650963783264
Epoch 839 Relative Error 0.46289846301078796
Epoch 840 Relative Error 0.4630948007106781
Epoch 841 Relative Error 0.4629146158695221
Epoch 842 Relative Error 0.46287012100219727
Epoch 843 Relative Error 0.46309807896614075
Epoch 844 Relative Error 0.4628327488899231
Epoch 845 Relative Error 0.462861031293869
Epoch 846 Relative Error 0.4632347524166107
Epoch 847 Relative Error 0.4627622663974762
Epoch 848 Relative Error 0.4627925753593445
Epoch 849 Relative Error 0.46305373311042786
Epoch 850 Relative Error 0.4634700119495392
Epoch 851 Relative Error 0.4629192650318146
Epoch 852 Relative Error 0.46370890736579895
Epoch 853 Relative Error 0.46346986293792725
Epoch 854 Relative Error 0.4626004695892334
Epoch 855 Relative Error 0.4625330865383148
Epoch 856 Relative Error 0.4625411331653595
Epoch 857 Relative Error 0.46249642968177795
Epoch 858 Relative Error 0.46245571970939636
Epoch 859 Relative Error 0.46247294545173645
Epoch 860 Relative Error 0.4624331295490265
Epoch 861 Relative Error 0.4623967707157135
Epoch 862 Relative Error 0.4623744487762451
Epoch 863 Relative Error 0.46249404549598694
Epoch 864 Relative Error 0.4626756012439728
Epoch 865 Relative Error 0.46237972378730774
Epoch 866 Relative Error 0.4622722268104553
Epoch 867 Relative Error 0.4622688889503479
Epoch 868 Relative Error 0.4622606337070465
Epoch 869 Relative Error 0.46248605847358704
Epoch 870 Relative Error 0.4624694585800171
Epoch 871 Relative Error 0.4624691903591156
Epoch 872 Relative Error 0.46248072385787964
Epoch 873 Relative Error 0.4621899724006653
Epoch 874 Relative Error 0.4621421992778778
Epoch 875 Relative Error 0.46204882860183716
Epoch 876 Relative Error 0.4620228707790375
Epoch 877 Relative Error 0.4621475040912628
Epoch 878 Relative Error 0.4620305597782135
Epoch 879 Relative Error 0.4620552062988281
Epoch 880 Relative Error 0.46194833517074585
Epoch 881 Relative Error 0.46202781796455383
Epoch 882 Relative Error 0.4619419574737549
Epoch 883 Relative Error 0.46191054582595825
Epoch 884 Relative Error 0.4619011878967285
Epoch 885 Relative Error 0.46231698989868164
Epoch 886 Relative Error 0.46190130710601807
Epoch 887 Relative Error 0.46226850152015686
Epoch 888 Relative Error 0.46239081025123596
Epoch 889 Relative Error 0.46206992864608765
Epoch 890 Relative Error 0.4617743194103241
Epoch 891 Relative Error 0.46171125769615173
Epoch 892 Relative Error 0.46173107624053955
Epoch 893 Relative Error 0.46198099851608276
Epoch 894 Relative Error 0.4625418782234192
Epoch 895 Relative Error 0.4616282284259796
Epoch 896 Relative Error 0.4616987705230713
Epoch 897 Relative Error 0.46170786023139954
Epoch 898 Relative Error 0.4616013467311859
Epoch 899 Relative Error 0.4617542028427124
Epoch 900 Relative Error 0.4619668424129486
Epoch 901 Relative Error 0.4615411162376404
Epoch 902 Relative Error 0.4614414572715759
Epoch 903 Relative Error 0.4615517556667328
Epoch 904 Relative Error 0.46145281195640564
Epoch 905 Relative Error 0.46171683073043823
Epoch 906 Relative Error 0.4616168141365051
Epoch 907 Relative Error 0.46132946014404297
Epoch 908 Relative Error 0.4613136649131775
Epoch 909 Relative Error 0.46137943863868713
Epoch 910 Relative Error 0.4614015817642212
Epoch 911 Relative Error 0.46147090196609497
Epoch 912 Relative Error 0.4613056182861328
Epoch 913 Relative Error 0.46124333143234253
Epoch 914 Relative Error 0.46126917004585266
Epoch 915 Relative Error 0.4611595571041107
Epoch 916 Relative Error 0.4611692428588867
Epoch 917 Relative Error 0.4611166715621948
Epoch 918 Relative Error 0.46123355627059937
Epoch 919 Relative Error 0.46104246377944946
Epoch 920 Relative Error 0.46102774143218994
Epoch 921 Relative Error 0.4610290229320526
Epoch 922 Relative Error 0.46097469329833984
Epoch 923 Relative Error 0.461134672164917
Epoch 924 Relative Error 0.46122658252716064
Epoch 925 Relative Error 0.461049884557724
Epoch 926 Relative Error 0.460916668176651
Epoch 927 Relative Error 0.4610916078090668
Epoch 928 Relative Error 0.4608425796031952
Epoch 929 Relative Error 0.4608263373374939
Epoch 930 Relative Error 0.46082669496536255
Epoch 931 Relative Error 0.4612494111061096
Epoch 932 Relative Error 0.461362361907959
Epoch 933 Relative Error 0.4607742428779602
Epoch 934 Relative Error 0.46075183153152466
Epoch 935 Relative Error 0.46082839369773865
Epoch 936 Relative Error 0.4606838822364807
Epoch 937 Relative Error 0.4608863890171051
Epoch 938 Relative Error 0.46082451939582825
Epoch 939 Relative Error 0.46063363552093506
Epoch 940 Relative Error 0.4605609178543091
Epoch 941 Relative Error 0.4605695903301239
Epoch 942 Relative Error 0.4605273902416229
Epoch 943 Relative Error 0.46052491664886475
Epoch 944 Relative Error 0.46057626605033875
Epoch 945 Relative Error 0.46064645051956177
Epoch 946 Relative Error 0.46056148409843445
Epoch 947 Relative Error 0.4604642391204834
Epoch 948 Relative Error 0.46044161915779114
Epoch 949 Relative Error 0.46049660444259644
Epoch 950 Relative Error 0.4603951573371887
Epoch 951 Relative Error 0.4603269100189209
Epoch 952 Relative Error 0.4603288471698761
Epoch 953 Relative Error 0.4604540169239044
Epoch 954 Relative Error 0.4606807231903076
Epoch 955 Relative Error 0.4603588581085205
Epoch 956 Relative Error 0.4605461657047272
Epoch 957 Relative Error 0.4601857364177704
Epoch 958 Relative Error 0.46016260981559753
Epoch 959 Relative Error 0.46023139357566833
Epoch 960 Relative Error 0.46024274826049805
Epoch 961 Relative Error 0.4603430926799774
Epoch 962 Relative Error 0.4601239562034607
Epoch 963 Relative Error 0.4600636959075928
Epoch 964 Relative Error 0.460187703371048
Epoch 965 Relative Error 0.4603082239627838
Epoch 966 Relative Error 0.4603530466556549
Epoch 967 Relative Error 0.460493266582489
Epoch 968 Relative Error 0.4600241780281067
Epoch 969 Relative Error 0.4598929286003113
Epoch 970 Relative Error 0.459902822971344
Epoch 971 Relative Error 0.45990586280822754
Epoch 972 Relative Error 0.45984554290771484
Epoch 973 Relative Error 0.4598132371902466
Epoch 974 Relative Error 0.45988133549690247
Epoch 975 Relative Error 0.46006113290786743
Epoch 976 Relative Error 0.4597644507884979
Epoch 977 Relative Error 0.4602128863334656
Epoch 978 Relative Error 0.4598020613193512
Epoch 979 Relative Error 0.46006953716278076
Epoch 980 Relative Error 0.4601730406284332
Epoch 981 Relative Error 0.4597627818584442
Epoch 982 Relative Error 0.45995545387268066
Epoch 983 Relative Error 0.4596426784992218
Epoch 984 Relative Error 0.4596254825592041
Epoch 985 Relative Error 0.4596577286720276
Epoch 986 Relative Error 0.45955926179885864
Epoch 987 Relative Error 0.4596744775772095
Epoch 988 Relative Error 0.45975834131240845
Epoch 989 Relative Error 0.45975813269615173
Epoch 990 Relative Error 0.45947518944740295
Epoch 991 Relative Error 0.4594356119632721
Epoch 992 Relative Error 0.459415078163147
Epoch 993 Relative Error 0.4594404101371765
Epoch 994 Relative Error 0.4593682885169983
Epoch 995 Relative Error 0.45964574813842773
Epoch 996 Relative Error 0.4597741961479187
Epoch 997 Relative Error 0.4592795670032501
Epoch 998 Relative Error 0.4593954384326935
Epoch 999 Relative Error 0.4594138264656067
Epoch 1000 Relative Error 0.4593249261379242
RE (3, 8, 25, 0): 0.4592795670032501
Green's Function RE (3, 8, 25, 0): 0.2527449429035187
Bias Term RE (3, 8, 25, 0): 0.09648673981428146
Combination (3, 8, 25, 0, 0): 0.4589090943336487
Combination (3, 8, 25, 0, 1): 0.4575721025466919
Combination (3, 8, 25, 0, 2): 0.4571158289909363
Combination (3, 8, 25, 0, 3): 0.4569630026817322
Combination (3, 8, 25, 0, 4): 0.4568864405155182

/home/gridsan/gstepaniants/.local/lib/python3.8/site-packages/torch/functional.py:478: UserWarning: torch.meshgrid: in an upcoming release, it will be required to pass the indexing argument. (Triggered internally at  ../aten/src/ATen/native/TensorShape.cpp:2895.)
  return _VF.meshgrid(tensors, **kwargs)  # type: ignore[attr-defined]
