[KeOps] Warning : Cuda libraries were not detected on the system ; using cpu only mode
1
Kernel: Matern5/2
Weight Mesh: 80
RKHS Kernel Width: 1.0
Lambda: 1e-06
Green's Function Learning Rate: 100
Bias Term Learning Rate: 100
Epoch 1 Relative Error 55272.546875
First epoch had re = 55272.546875 > 1
Green's Function Learning Rate: 50
Bias Term Learning Rate: 50
Epoch 1 Relative Error 26949.470703125
First epoch had re = 26949.470703125 > 1
Green's Function Learning Rate: 10
Bias Term Learning Rate: 10
Epoch 1 Relative Error 4895.8681640625
First epoch had re = 4895.8681640625 > 1
Green's Function Learning Rate: 5
Bias Term Learning Rate: 5
Epoch 1 Relative Error 2968.055419921875
First epoch had re = 2968.055419921875 > 1
Green's Function Learning Rate: 1
Bias Term Learning Rate: 1
Epoch 1 Relative Error 531.8167114257812
First epoch had re = 531.8167114257812 > 1
Green's Function Learning Rate: 0.5
Bias Term Learning Rate: 0.5
Epoch 1 Relative Error 229.81285095214844
First epoch had re = 229.81285095214844 > 1
Green's Function Learning Rate: 0.1
Bias Term Learning Rate: 0.1
Epoch 1 Relative Error 61.285037994384766
First epoch had re = 61.285037994384766 > 1
Green's Function Learning Rate: 0.05
Bias Term Learning Rate: 0.05
Epoch 1 Relative Error 28.78221893310547
First epoch had re = 28.78221893310547 > 1
Green's Function Learning Rate: 0.01
Bias Term Learning Rate: 0.01
Epoch 1 Relative Error 5.092971324920654
First epoch had re = 5.092971324920654 > 1
Green's Function Learning Rate: 0.005
Bias Term Learning Rate: 0.005
Epoch 1 Relative Error 1.762681484222412
First epoch had re = 1.762681484222412 > 1
Green's Function Learning Rate: 0.001
Bias Term Learning Rate: 0.001
Epoch 1 Relative Error 0.982204020023346
Epoch 2 Relative Error 0.8000237345695496
Epoch 3 Relative Error 1.0217514038085938
Epoch 4 Relative Error 0.7760962843894958
Epoch 5 Relative Error 0.8137466907501221
Epoch 6 Relative Error 0.870370626449585
Epoch 7 Relative Error 0.7814152240753174
Epoch 8 Relative Error 0.8456814885139465
Epoch 9 Relative Error 0.7949984073638916
Epoch 10 Relative Error 0.8141130805015564
Epoch 11 Relative Error 0.8057227730751038
Epoch 12 Relative Error 0.7966716289520264
Epoch 13 Relative Error 0.8153706789016724
Epoch 14 Relative Error 0.791843593120575
Epoch 15 Relative Error 0.8085988163948059
Epoch 16 Relative Error 0.7883442640304565
Epoch 17 Relative Error 0.807048499584198
Epoch 18 Relative Error 0.7899655103683472
Epoch 19 Relative Error 0.8027427196502686
Epoch 20 Relative Error 0.783936619758606
Epoch 21 Relative Error 0.7906420826911926
Epoch 22 Relative Error 0.7895379662513733
Epoch 23 Relative Error 0.7890716195106506
Epoch 24 Relative Error 0.7694520354270935
Epoch 25 Relative Error 0.8101881146430969
Epoch 26 Relative Error 0.7609302997589111
Epoch 27 Relative Error 0.8069811463356018
Epoch 28 Relative Error 0.762861430644989
Epoch 29 Relative Error 0.7872520685195923
Epoch 30 Relative Error 0.7753664255142212
Epoch 31 Relative Error 0.8065871000289917
Epoch 32 Relative Error 0.7542058825492859
Epoch 33 Relative Error 0.788432240486145
Epoch 34 Relative Error 0.7566163539886475
Epoch 35 Relative Error 0.782633364200592
Epoch 36 Relative Error 0.7685389518737793
Epoch 37 Relative Error 0.7771199941635132
Epoch 38 Relative Error 0.7572439908981323
Epoch 39 Relative Error 0.7842978835105896
Epoch 40 Relative Error 0.7575184106826782
Epoch 41 Relative Error 0.7753302454948425
Epoch 42 Relative Error 0.7552281618118286
Epoch 43 Relative Error 0.7637668251991272
Epoch 44 Relative Error 0.7618977427482605
Epoch 45 Relative Error 0.7715597748756409
Epoch 46 Relative Error 0.7633300423622131
Epoch 47 Relative Error 0.7515733242034912
Epoch 48 Relative Error 0.7733045220375061
Epoch 49 Relative Error 0.7441880106925964
Epoch 50 Relative Error 0.7596806883811951
Epoch 51 Relative Error 0.7515184879302979
Epoch 52 Relative Error 0.7487961053848267
Epoch 53 Relative Error 0.7595760822296143
Epoch 54 Relative Error 0.7598688006401062
Epoch 55 Relative Error 0.7419266104698181
Epoch 56 Relative Error 0.7521687150001526
Epoch 57 Relative Error 0.7391132712364197
Epoch 58 Relative Error 0.7895729541778564
Epoch 59 Relative Error 0.726911723613739
Epoch 60 Relative Error 0.7298614382743835
Epoch 61 Relative Error 0.7688007950782776
Epoch 62 Relative Error 0.746681809425354
Epoch 63 Relative Error 0.7228714823722839
Epoch 64 Relative Error 0.7461913824081421
Epoch 65 Relative Error 0.7333910465240479
Epoch 66 Relative Error 0.7468703985214233
Epoch 67 Relative Error 0.7200223803520203
Epoch 68 Relative Error 0.7342478632926941
Epoch 69 Relative Error 0.7420809864997864
Epoch 70 Relative Error 0.7323467135429382
Epoch 71 Relative Error 0.7373583912849426
Epoch 72 Relative Error 0.7307646870613098
Epoch 73 Relative Error 0.7202816605567932
Epoch 74 Relative Error 0.7414538264274597
Epoch 75 Relative Error 0.7290112376213074
Epoch 76 Relative Error 0.7010903358459473
Epoch 77 Relative Error 0.7267016768455505
Epoch 78 Relative Error 0.7549484968185425
Epoch 79 Relative Error 0.6883392333984375
Epoch 80 Relative Error 0.7121232748031616
Epoch 81 Relative Error 0.7246792912483215
Epoch 82 Relative Error 0.7343294024467468
Epoch 83 Relative Error 0.7039361596107483
Epoch 84 Relative Error 0.6898555755615234
Epoch 85 Relative Error 0.7282302975654602
Epoch 86 Relative Error 0.7288193702697754
Epoch 87 Relative Error 0.7251486778259277
Epoch 88 Relative Error 0.685916006565094
Epoch 89 Relative Error 0.6964908242225647
Epoch 90 Relative Error 0.7396327257156372
Epoch 91 Relative Error 0.6831318140029907
Epoch 92 Relative Error 0.7055131196975708
Epoch 93 Relative Error 0.7269837856292725
Epoch 94 Relative Error 0.7013729810714722
Epoch 95 Relative Error 0.6807025074958801
Epoch 96 Relative Error 0.6912049651145935
Epoch 97 Relative Error 0.6945037245750427
Epoch 98 Relative Error 0.6967860460281372
Epoch 99 Relative Error 0.6996328830718994
Epoch 100 Relative Error 0.6997127532958984
Epoch 101 Relative Error 0.6938871741294861
Epoch 102 Relative Error 0.699032187461853
Epoch 103 Relative Error 0.6830734014511108
Epoch 104 Relative Error 0.7190746068954468
Epoch 105 Relative Error 0.7226822972297668
Epoch 106 Relative Error 0.6946538686752319
Epoch 107 Relative Error 0.6688887476921082
Epoch 108 Relative Error 0.649294912815094
Epoch 109 Relative Error 0.731338620185852
Epoch 110 Relative Error 0.7262324094772339
Epoch 111 Relative Error 0.6608263254165649
Epoch 112 Relative Error 0.653437614440918
Epoch 113 Relative Error 0.6833925843238831
Epoch 114 Relative Error 0.6909326314926147
Epoch 115 Relative Error 0.650869607925415
Epoch 116 Relative Error 0.6898780465126038
Epoch 117 Relative Error 0.6624820232391357
Epoch 118 Relative Error 0.6758847236633301
Epoch 119 Relative Error 0.6679662466049194
Epoch 120 Relative Error 0.6624308228492737
Epoch 121 Relative Error 0.6723103523254395
Epoch 122 Relative Error 0.6622750163078308
Epoch 123 Relative Error 0.6802488565444946
Epoch 124 Relative Error 0.6802768707275391
Epoch 125 Relative Error 0.6525868773460388
Epoch 126 Relative Error 0.6643857955932617
Epoch 127 Relative Error 0.6370552182197571
Epoch 128 Relative Error 0.6445115804672241
Epoch 129 Relative Error 0.6504322290420532
Epoch 130 Relative Error 0.6506369709968567
Epoch 131 Relative Error 0.6481836438179016
Epoch 132 Relative Error 0.6519917249679565
Epoch 133 Relative Error 0.6686958074569702
Epoch 134 Relative Error 0.657024085521698
Epoch 135 Relative Error 0.6296261548995972
Epoch 136 Relative Error 0.633167028427124
Epoch 137 Relative Error 0.6684143543243408
Epoch 138 Relative Error 0.6599047183990479
Epoch 139 Relative Error 0.6388005018234253
Epoch 140 Relative Error 0.6298898458480835
Epoch 141 Relative Error 0.6566172242164612
Epoch 142 Relative Error 0.6489356160163879
Epoch 143 Relative Error 0.6516004204750061
Epoch 144 Relative Error 0.6407511234283447
Epoch 145 Relative Error 0.626308798789978
Epoch 146 Relative Error 0.6209316253662109
Epoch 147 Relative Error 0.6242076754570007
Epoch 148 Relative Error 0.6322084069252014
Epoch 149 Relative Error 0.6452555060386658
Epoch 150 Relative Error 0.6156349778175354
Epoch 151 Relative Error 0.6104484796524048
Epoch 152 Relative Error 0.6439046859741211
Epoch 153 Relative Error 0.6657488346099854
Epoch 154 Relative Error 0.6222196221351624
Epoch 155 Relative Error 0.6051281094551086
Epoch 156 Relative Error 0.6273744106292725
Epoch 157 Relative Error 0.640193521976471
Epoch 158 Relative Error 0.6190177202224731
Epoch 159 Relative Error 0.6213744282722473
Epoch 160 Relative Error 0.6437060832977295
Epoch 161 Relative Error 0.6407519578933716
Epoch 162 Relative Error 0.6566857099533081
Epoch 163 Relative Error 0.611152708530426
Epoch 164 Relative Error 0.608887791633606
Epoch 165 Relative Error 0.6060342192649841
Epoch 166 Relative Error 0.6008471846580505
Epoch 167 Relative Error 0.60954749584198
Epoch 168 Relative Error 0.6293038129806519
Epoch 169 Relative Error 0.6237596869468689
Epoch 170 Relative Error 0.5988620519638062
Epoch 171 Relative Error 0.5954002141952515
Epoch 172 Relative Error 0.614293098449707
Epoch 173 Relative Error 0.6471850872039795
Epoch 174 Relative Error 0.6245195865631104
Epoch 175 Relative Error 0.6007813215255737
Epoch 176 Relative Error 0.5979267954826355
Epoch 177 Relative Error 0.6127117276191711
Epoch 178 Relative Error 0.6324329972267151
Epoch 179 Relative Error 0.6164791584014893
Epoch 180 Relative Error 0.5996128916740417
Epoch 181 Relative Error 0.5875205397605896
Epoch 182 Relative Error 0.5872119069099426
Epoch 183 Relative Error 0.5879611372947693
Epoch 184 Relative Error 0.5929410457611084
Epoch 185 Relative Error 0.585270881652832
Epoch 186 Relative Error 0.5811799764633179
Epoch 187 Relative Error 0.5918422341346741
Epoch 188 Relative Error 0.6089244484901428
Epoch 189 Relative Error 0.5971018671989441
Epoch 190 Relative Error 0.6008225679397583
Epoch 191 Relative Error 0.5898758769035339
Epoch 192 Relative Error 0.5962799787521362
Epoch 193 Relative Error 0.5745304822921753
Epoch 194 Relative Error 0.5894031524658203
Epoch 195 Relative Error 0.5888649821281433
Epoch 196 Relative Error 0.5840275287628174
Epoch 197 Relative Error 0.5992187261581421
Epoch 198 Relative Error 0.6062620878219604
Epoch 199 Relative Error 0.59142005443573
Epoch 200 Relative Error 0.5912149548530579
Epoch 201 Relative Error 0.5927578210830688
Epoch 202 Relative Error 0.5869945287704468
Epoch 203 Relative Error 0.598589301109314
Epoch 204 Relative Error 0.5856122374534607
Epoch 205 Relative Error 0.5637145042419434
Epoch 206 Relative Error 0.5643554925918579
Epoch 207 Relative Error 0.608360230922699
Epoch 208 Relative Error 0.6322582364082336
Epoch 209 Relative Error 0.5943107008934021
Epoch 210 Relative Error 0.5709718465805054
Epoch 211 Relative Error 0.560268223285675
Epoch 212 Relative Error 0.5649619698524475
Epoch 213 Relative Error 0.6030458807945251
Epoch 214 Relative Error 0.6020246148109436
Epoch 215 Relative Error 0.5815250873565674
Epoch 216 Relative Error 0.5647957921028137
Epoch 217 Relative Error 0.5478096604347229
Epoch 218 Relative Error 0.5495519042015076
Epoch 219 Relative Error 0.5642637014389038
Epoch 220 Relative Error 0.5811663866043091
Epoch 221 Relative Error 0.5715848803520203
Epoch 222 Relative Error 0.5643904805183411
Epoch 223 Relative Error 0.5643693804740906
Epoch 224 Relative Error 0.5696685314178467
Epoch 225 Relative Error 0.5745888352394104
Epoch 226 Relative Error 0.5519105792045593
Epoch 227 Relative Error 0.538301408290863
Epoch 228 Relative Error 0.5507303476333618
Epoch 229 Relative Error 0.582444965839386
Epoch 230 Relative Error 0.6018602848052979
Epoch 231 Relative Error 0.6017472147941589
Epoch 232 Relative Error 0.5584028363227844
Epoch 233 Relative Error 0.5533726811408997
Epoch 234 Relative Error 0.5552248358726501
Epoch 235 Relative Error 0.5592984557151794
Epoch 236 Relative Error 0.5655725598335266
Epoch 237 Relative Error 0.5484905242919922
Epoch 238 Relative Error 0.572909951210022
Epoch 239 Relative Error 0.5650104284286499
Epoch 240 Relative Error 0.5589365363121033
Epoch 241 Relative Error 0.5566117763519287
Epoch 242 Relative Error 0.5491657257080078
Epoch 243 Relative Error 0.5580402612686157
Epoch 244 Relative Error 0.5405486226081848
Epoch 245 Relative Error 0.5355977416038513
Epoch 246 Relative Error 0.5342704653739929
Epoch 247 Relative Error 0.5475770235061646
Epoch 248 Relative Error 0.5644540786743164
Epoch 249 Relative Error 0.5737352967262268
Epoch 250 Relative Error 0.5459076166152954
Epoch 251 Relative Error 0.5315906405448914
Epoch 252 Relative Error 0.5333751440048218
Epoch 253 Relative Error 0.5455803871154785
Epoch 254 Relative Error 0.550577700138092
Epoch 255 Relative Error 0.5276346802711487
Epoch 256 Relative Error 0.5281553268432617
Epoch 257 Relative Error 0.5314859747886658
Epoch 258 Relative Error 0.5660881996154785
Epoch 259 Relative Error 0.5574073791503906
Epoch 260 Relative Error 0.5530767440795898
Epoch 261 Relative Error 0.5486632585525513
Epoch 262 Relative Error 0.5503790974617004
Epoch 263 Relative Error 0.5394157767295837
Epoch 264 Relative Error 0.5349507331848145
Epoch 265 Relative Error 0.5430439710617065
Epoch 266 Relative Error 0.5485396385192871
Epoch 267 Relative Error 0.5532577633857727
Epoch 268 Relative Error 0.5422099828720093
Epoch 269 Relative Error 0.5329214334487915
Epoch 270 Relative Error 0.529072642326355
Epoch 271 Relative Error 0.5326589345932007
Epoch 272 Relative Error 0.5310930013656616
Epoch 273 Relative Error 0.5376282930374146
Epoch 274 Relative Error 0.5449397563934326
Epoch 275 Relative Error 0.5437851548194885
Epoch 276 Relative Error 0.5248191952705383
Epoch 277 Relative Error 0.5331230759620667
Epoch 278 Relative Error 0.5180813074111938
Epoch 279 Relative Error 0.5263595581054688
Epoch 280 Relative Error 0.5300083756446838
Epoch 281 Relative Error 0.5419346690177917
Epoch 282 Relative Error 0.5341448187828064
Epoch 283 Relative Error 0.536324679851532
Epoch 284 Relative Error 0.5333090424537659
Epoch 285 Relative Error 0.5332881808280945
Epoch 286 Relative Error 0.5425607562065125
Epoch 287 Relative Error 0.5449563264846802
Epoch 288 Relative Error 0.5437939167022705
Epoch 289 Relative Error 0.5314770936965942
Epoch 290 Relative Error 0.5327739715576172
Epoch 291 Relative Error 0.5265452265739441
Epoch 292 Relative Error 0.5427488684654236
Epoch 293 Relative Error 0.5192973017692566
Epoch 294 Relative Error 0.515119194984436
Epoch 295 Relative Error 0.5165838599205017
Epoch 296 Relative Error 0.5143066048622131
Epoch 297 Relative Error 0.5204471349716187
Epoch 298 Relative Error 0.5347667932510376
Epoch 299 Relative Error 0.5305501222610474
Epoch 300 Relative Error 0.520373523235321
Epoch 301 Relative Error 0.5320641398429871
Epoch 302 Relative Error 0.5272312164306641
Epoch 303 Relative Error 0.5176944136619568
Epoch 304 Relative Error 0.5265783071517944
Epoch 305 Relative Error 0.5302376747131348
Epoch 306 Relative Error 0.5388867259025574
Epoch 307 Relative Error 0.5127175450325012
Epoch 308 Relative Error 0.509088397026062
Epoch 309 Relative Error 0.5098493695259094
Epoch 310 Relative Error 0.5230788588523865
Epoch 311 Relative Error 0.5364143252372742
Epoch 312 Relative Error 0.5256012678146362
Epoch 313 Relative Error 0.5226455330848694
Epoch 314 Relative Error 0.5242072343826294
Epoch 315 Relative Error 0.5336489081382751
Epoch 316 Relative Error 0.5421489477157593
Epoch 317 Relative Error 0.5261395573616028
Epoch 318 Relative Error 0.5083432197570801
Epoch 319 Relative Error 0.5045508146286011
Epoch 320 Relative Error 0.5024470090866089
Epoch 321 Relative Error 0.5060323476791382
Epoch 322 Relative Error 0.5154277086257935
Epoch 323 Relative Error 0.5208179950714111
Epoch 324 Relative Error 0.5145176649093628
Epoch 325 Relative Error 0.5049392580986023
Epoch 326 Relative Error 0.5100589990615845
Epoch 327 Relative Error 0.5014962553977966
Epoch 328 Relative Error 0.503997802734375
Epoch 329 Relative Error 0.5069131255149841
Epoch 330 Relative Error 0.5018176436424255
Epoch 331 Relative Error 0.49949586391448975
Epoch 332 Relative Error 0.49994316697120667
Epoch 333 Relative Error 0.5015445947647095
Epoch 334 Relative Error 0.5030966997146606
Epoch 335 Relative Error 0.505547046661377
Epoch 336 Relative Error 0.5041797161102295
Epoch 337 Relative Error 0.5126401782035828
Epoch 338 Relative Error 0.5188699960708618
Epoch 339 Relative Error 0.5361163020133972
Epoch 340 Relative Error 0.5193790793418884
Epoch 341 Relative Error 0.5135261416435242
Epoch 342 Relative Error 0.5093950629234314
Epoch 343 Relative Error 0.5002734661102295
Epoch 344 Relative Error 0.4966510236263275
Epoch 345 Relative Error 0.49929067492485046
Epoch 346 Relative Error 0.5004434585571289
Epoch 347 Relative Error 0.5100064277648926
Epoch 348 Relative Error 0.5119765400886536
Epoch 349 Relative Error 0.5106599926948547
Epoch 350 Relative Error 0.5073665380477905
Epoch 351 Relative Error 0.5013014674186707
Epoch 352 Relative Error 0.49957311153411865
Epoch 353 Relative Error 0.49353688955307007
Epoch 354 Relative Error 0.49338236451148987
Epoch 355 Relative Error 0.5012478828430176
Epoch 356 Relative Error 0.5045710802078247
Epoch 357 Relative Error 0.5121141672134399
Epoch 358 Relative Error 0.5045772194862366
Epoch 359 Relative Error 0.4995054304599762
Epoch 360 Relative Error 0.49629107117652893
Epoch 361 Relative Error 0.49644240736961365
Epoch 362 Relative Error 0.4994797110557556
Epoch 363 Relative Error 0.501931369304657
Epoch 364 Relative Error 0.4993433356285095
Epoch 365 Relative Error 0.49564170837402344
Epoch 366 Relative Error 0.5001579523086548
Epoch 367 Relative Error 0.49675408005714417
Epoch 368 Relative Error 0.4954819679260254
Epoch 369 Relative Error 0.4935046434402466
Epoch 370 Relative Error 0.49295416474342346
Epoch 371 Relative Error 0.49179190397262573
Epoch 372 Relative Error 0.49200063943862915
Epoch 373 Relative Error 0.49895307421684265
Epoch 374 Relative Error 0.49390941858291626
Epoch 375 Relative Error 0.4898717701435089
Epoch 376 Relative Error 0.49499502778053284
Epoch 377 Relative Error 0.5083364844322205
Epoch 378 Relative Error 0.5067179799079895
Epoch 379 Relative Error 0.5039780735969543
Epoch 380 Relative Error 0.49654969573020935
Epoch 381 Relative Error 0.4893624186515808
Epoch 382 Relative Error 0.4888998866081238
Epoch 383 Relative Error 0.49560976028442383
Epoch 384 Relative Error 0.4935462474822998
Epoch 385 Relative Error 0.4855075180530548
Epoch 386 Relative Error 0.48975467681884766
Epoch 387 Relative Error 0.490855872631073
Epoch 388 Relative Error 0.4956693649291992
Epoch 389 Relative Error 0.4991535544395447
Epoch 390 Relative Error 0.49932771921157837
Epoch 391 Relative Error 0.4984171688556671
Epoch 392 Relative Error 0.49810412526130676
Epoch 393 Relative Error 0.49307283759117126
Epoch 394 Relative Error 0.4866057336330414
Epoch 395 Relative Error 0.48586025834083557
Epoch 396 Relative Error 0.48400741815567017
Epoch 397 Relative Error 0.487778902053833
Epoch 398 Relative Error 0.48825448751449585
Epoch 399 Relative Error 0.4946458339691162
Epoch 400 Relative Error 0.49679872393608093
Epoch 401 Relative Error 0.490970253944397
Epoch 402 Relative Error 0.48771676421165466
Epoch 403 Relative Error 0.48461684584617615
Epoch 404 Relative Error 0.4850996136665344
Epoch 405 Relative Error 0.4911547005176544
Epoch 406 Relative Error 0.49219685792922974
Epoch 407 Relative Error 0.4910084903240204
Epoch 408 Relative Error 0.49146461486816406
Epoch 409 Relative Error 0.49314430356025696
Epoch 410 Relative Error 0.48866698145866394
Epoch 411 Relative Error 0.48622968792915344
Epoch 412 Relative Error 0.4891679584980011
Epoch 413 Relative Error 0.48721230030059814
Epoch 414 Relative Error 0.48840048909187317
Epoch 415 Relative Error 0.48685169219970703
Epoch 416 Relative Error 0.49241939187049866
Epoch 417 Relative Error 0.49405986070632935
Epoch 418 Relative Error 0.4945901930332184
Epoch 419 Relative Error 0.49234578013420105
Epoch 420 Relative Error 0.48757192492485046
Epoch 421 Relative Error 0.4875037968158722
Epoch 422 Relative Error 0.48877277970314026
Epoch 423 Relative Error 0.4881414771080017
Epoch 424 Relative Error 0.4879290461540222
Epoch 425 Relative Error 0.48847004771232605
Epoch 426 Relative Error 0.48606008291244507
Epoch 427 Relative Error 0.48282286524772644
Epoch 428 Relative Error 0.48295244574546814
Epoch 429 Relative Error 0.47965094447135925
Epoch 430 Relative Error 0.4808044731616974
Epoch 431 Relative Error 0.48173314332962036
Epoch 432 Relative Error 0.4895387291908264
Epoch 433 Relative Error 0.49429580569267273
Epoch 434 Relative Error 0.493022620677948
Epoch 435 Relative Error 0.4883822798728943
Epoch 436 Relative Error 0.4881241023540497
Epoch 437 Relative Error 0.4823259711265564
Epoch 438 Relative Error 0.4837326407432556
Epoch 439 Relative Error 0.48754337430000305
Epoch 440 Relative Error 0.49077174067497253
Epoch 441 Relative Error 0.49356797337532043
Epoch 442 Relative Error 0.4907625615596771
Epoch 443 Relative Error 0.4860934615135193
Epoch 444 Relative Error 0.48376476764678955
Epoch 445 Relative Error 0.48409369587898254
Epoch 446 Relative Error 0.4814583659172058
Epoch 447 Relative Error 0.48041588068008423
Epoch 448 Relative Error 0.4827524423599243
Epoch 449 Relative Error 0.48824888467788696
Epoch 450 Relative Error 0.4817185401916504
Epoch 451 Relative Error 0.481711745262146
Epoch 452 Relative Error 0.4789440631866455
Epoch 453 Relative Error 0.47901272773742676
Epoch 454 Relative Error 0.4807690680027008
Epoch 455 Relative Error 0.4793251156806946
Epoch 456 Relative Error 0.48072323203086853
Epoch 457 Relative Error 0.48285993933677673
Epoch 458 Relative Error 0.48410463333129883
Epoch 459 Relative Error 0.48602381348609924
Epoch 460 Relative Error 0.49284717440605164
Epoch 461 Relative Error 0.4846223294734955
Epoch 462 Relative Error 0.47871512174606323
Epoch 463 Relative Error 0.4821869730949402
Epoch 464 Relative Error 0.4826417863368988
Epoch 465 Relative Error 0.4792170226573944
Epoch 466 Relative Error 0.47995832562446594
Epoch 467 Relative Error 0.4849258065223694
Epoch 468 Relative Error 0.4868834316730499
Epoch 469 Relative Error 0.4797557592391968
Epoch 470 Relative Error 0.4754050076007843
Epoch 471 Relative Error 0.4756023585796356
Epoch 472 Relative Error 0.4776746332645416
Epoch 473 Relative Error 0.4808211922645569
Epoch 474 Relative Error 0.4798997938632965
Epoch 475 Relative Error 0.47924062609672546
Epoch 476 Relative Error 0.4764823317527771
Epoch 477 Relative Error 0.4761033356189728
Epoch 478 Relative Error 0.476087749004364
Epoch 479 Relative Error 0.47683021426200867
Epoch 480 Relative Error 0.4759277403354645
Epoch 481 Relative Error 0.47500649094581604
Epoch 482 Relative Error 0.47561153769493103
Epoch 483 Relative Error 0.47506004571914673
Epoch 484 Relative Error 0.4747551381587982
Epoch 485 Relative Error 0.4771575331687927
Epoch 486 Relative Error 0.4753205180168152
Epoch 487 Relative Error 0.4749758243560791
Epoch 488 Relative Error 0.4768959581851959
Epoch 489 Relative Error 0.4814915060997009
Epoch 490 Relative Error 0.47952231764793396
Epoch 491 Relative Error 0.4753330647945404
Epoch 492 Relative Error 0.4742000997066498
Epoch 493 Relative Error 0.4757996201515198
Epoch 494 Relative Error 0.4759048819541931
Epoch 495 Relative Error 0.47736966609954834
Epoch 496 Relative Error 0.48325473070144653
Epoch 497 Relative Error 0.48291251063346863
Epoch 498 Relative Error 0.48022809624671936
Epoch 499 Relative Error 0.4782939553260803
Epoch 500 Relative Error 0.48109713196754456
Epoch 501 Relative Error 0.47559577226638794
Epoch 502 Relative Error 0.47375306487083435
Epoch 503 Relative Error 0.47304320335388184
Epoch 504 Relative Error 0.4751255512237549
Epoch 505 Relative Error 0.47511905431747437
Epoch 506 Relative Error 0.4738776683807373
Epoch 507 Relative Error 0.47488394379615784
Epoch 508 Relative Error 0.4753565788269043
Epoch 509 Relative Error 0.47943395376205444
Epoch 510 Relative Error 0.4775313436985016
Epoch 511 Relative Error 0.4745406210422516
Epoch 512 Relative Error 0.4741944968700409
Epoch 513 Relative Error 0.4737444818019867
Epoch 514 Relative Error 0.47410446405410767
Epoch 515 Relative Error 0.4749029278755188
Epoch 516 Relative Error 0.4757838845252991
Epoch 517 Relative Error 0.47757795453071594
Epoch 518 Relative Error 0.47297659516334534
Epoch 519 Relative Error 0.4723222553730011
Epoch 520 Relative Error 0.4720885455608368
Epoch 521 Relative Error 0.47209247946739197
Epoch 522 Relative Error 0.4734184145927429
Epoch 523 Relative Error 0.4726373851299286
Epoch 524 Relative Error 0.47428321838378906
Epoch 525 Relative Error 0.47494837641716003
Epoch 526 Relative Error 0.47587960958480835
Epoch 527 Relative Error 0.4804881811141968
Epoch 528 Relative Error 0.48001039028167725
Epoch 529 Relative Error 0.47661110758781433
Epoch 530 Relative Error 0.4736142158508301
Epoch 531 Relative Error 0.47294852137565613
Epoch 532 Relative Error 0.4787834882736206
Epoch 533 Relative Error 0.4814597964286804
Epoch 534 Relative Error 0.47841787338256836
Epoch 535 Relative Error 0.4757698178291321
Epoch 536 Relative Error 0.47515884041786194
Epoch 537 Relative Error 0.4739953875541687
Epoch 538 Relative Error 0.4741329848766327
Epoch 539 Relative Error 0.4734210669994354
Epoch 540 Relative Error 0.47364771366119385
Epoch 541 Relative Error 0.4736669957637787
Epoch 542 Relative Error 0.47586914896965027
Epoch 543 Relative Error 0.4733603000640869
Epoch 544 Relative Error 0.474843293428421
Epoch 545 Relative Error 0.4776049852371216
Epoch 546 Relative Error 0.47621607780456543
Epoch 547 Relative Error 0.475820928812027
Epoch 548 Relative Error 0.4753915071487427
Epoch 549 Relative Error 0.47392475605010986
Epoch 550 Relative Error 0.47043633460998535
Epoch 551 Relative Error 0.47049999237060547
Epoch 552 Relative Error 0.4708106219768524
Epoch 553 Relative Error 0.47191235423088074
Epoch 554 Relative Error 0.47106996178627014
Epoch 555 Relative Error 0.47185614705085754
Epoch 556 Relative Error 0.47187989950180054
Epoch 557 Relative Error 0.47541069984436035
Epoch 558 Relative Error 0.47425153851509094
Epoch 559 Relative Error 0.47363367676734924
Epoch 560 Relative Error 0.4719024896621704
Epoch 561 Relative Error 0.4720887541770935
Epoch 562 Relative Error 0.4701220691204071
Epoch 563 Relative Error 0.47028443217277527
Epoch 564 Relative Error 0.4707994759082794
Epoch 565 Relative Error 0.4722766578197479
Epoch 566 Relative Error 0.4709244966506958
Epoch 567 Relative Error 0.47001728415489197
Epoch 568 Relative Error 0.47142839431762695
Epoch 569 Relative Error 0.4728081226348877
Epoch 570 Relative Error 0.4756426513195038
Epoch 571 Relative Error 0.4747013747692108
Epoch 572 Relative Error 0.4731086194515228
Epoch 573 Relative Error 0.4720069169998169
Epoch 574 Relative Error 0.47196996212005615
Epoch 575 Relative Error 0.4714098870754242
Epoch 576 Relative Error 0.4714649021625519
Epoch 577 Relative Error 0.47145333886146545
Epoch 578 Relative Error 0.4732000529766083
Epoch 579 Relative Error 0.4716047942638397
Epoch 580 Relative Error 0.4717051386833191
Epoch 581 Relative Error 0.47169700264930725
Epoch 582 Relative Error 0.47051694989204407
Epoch 583 Relative Error 0.4700179398059845
Epoch 584 Relative Error 0.46978461742401123
Epoch 585 Relative Error 0.4701194167137146
Epoch 586 Relative Error 0.4702906906604767
Epoch 587 Relative Error 0.47183141112327576
Epoch 588 Relative Error 0.4709792733192444
Epoch 589 Relative Error 0.47060778737068176
Epoch 590 Relative Error 0.471818208694458
Epoch 591 Relative Error 0.4740802049636841
Epoch 592 Relative Error 0.47292059659957886
Epoch 593 Relative Error 0.473430871963501
Epoch 594 Relative Error 0.4718776047229767
Epoch 595 Relative Error 0.47138407826423645
Epoch 596 Relative Error 0.4720161557197571
Epoch 597 Relative Error 0.47068849205970764
Epoch 598 Relative Error 0.4720759391784668
Epoch 599 Relative Error 0.4711822271347046
Epoch 600 Relative Error 0.46995800733566284
Epoch 601 Relative Error 0.4699550271034241
Epoch 602 Relative Error 0.47109338641166687
Epoch 603 Relative Error 0.47058403491973877
Epoch 604 Relative Error 0.47116193175315857
Epoch 605 Relative Error 0.4712059497833252
Epoch 606 Relative Error 0.474638432264328
Epoch 607 Relative Error 0.47338244318962097
Epoch 608 Relative Error 0.47090786695480347
Epoch 609 Relative Error 0.46908828616142273
Epoch 610 Relative Error 0.4698021709918976
Epoch 611 Relative Error 0.46935731172561646
Epoch 612 Relative Error 0.4690152406692505
Epoch 613 Relative Error 0.46908676624298096
Epoch 614 Relative Error 0.46916672587394714
Epoch 615 Relative Error 0.46895745396614075
Epoch 616 Relative Error 0.46900931000709534
Epoch 617 Relative Error 0.46903759241104126
Epoch 618 Relative Error 0.4697582721710205
Epoch 619 Relative Error 0.4703317880630493
Epoch 620 Relative Error 0.47111865878105164
Epoch 621 Relative Error 0.47240638732910156
Epoch 622 Relative Error 0.47048890590667725
Epoch 623 Relative Error 0.47094377875328064
Epoch 624 Relative Error 0.47234058380126953
Epoch 625 Relative Error 0.47432491183280945
Epoch 626 Relative Error 0.47525104880332947
Epoch 627 Relative Error 0.47332438826560974
Epoch 628 Relative Error 0.47333621978759766
Epoch 629 Relative Error 0.47164633870124817
Epoch 630 Relative Error 0.4696899652481079
Epoch 631 Relative Error 0.46889322996139526
Epoch 632 Relative Error 0.4687942862510681
Epoch 633 Relative Error 0.46888497471809387
Epoch 634 Relative Error 0.4689277112483978
Epoch 635 Relative Error 0.46870118379592896
Epoch 636 Relative Error 0.46875178813934326
Epoch 637 Relative Error 0.46891021728515625
Epoch 638 Relative Error 0.46922028064727783
Epoch 639 Relative Error 0.4698316752910614
Epoch 640 Relative Error 0.47038203477859497
Epoch 641 Relative Error 0.46931591629981995
Epoch 642 Relative Error 0.47133561968803406
Epoch 643 Relative Error 0.47167328000068665
Epoch 644 Relative Error 0.47065895795822144
Epoch 645 Relative Error 0.47056007385253906
Epoch 646 Relative Error 0.46917617321014404
Epoch 647 Relative Error 0.46878987550735474
Epoch 648 Relative Error 0.4689256548881531
Epoch 649 Relative Error 0.4689975380897522
Epoch 650 Relative Error 0.46881070733070374
Epoch 651 Relative Error 0.4687153697013855
Epoch 652 Relative Error 0.46915826201438904
Epoch 653 Relative Error 0.4696292281150818
Epoch 654 Relative Error 0.46970316767692566
Epoch 655 Relative Error 0.4700615704059601
Epoch 656 Relative Error 0.47100532054901123
Epoch 657 Relative Error 0.47107064723968506
Epoch 658 Relative Error 0.4731689989566803
Epoch 659 Relative Error 0.4714365601539612
Epoch 660 Relative Error 0.46933168172836304
Epoch 661 Relative Error 0.468883752822876
Epoch 662 Relative Error 0.4690898656845093
Epoch 663 Relative Error 0.46904194355010986
Epoch 664 Relative Error 0.46929872035980225
Epoch 665 Relative Error 0.4701913893222809
Epoch 666 Relative Error 0.4698958098888397
Epoch 667 Relative Error 0.4697394371032715
Epoch 668 Relative Error 0.4699432849884033
Epoch 669 Relative Error 0.4690706729888916
Epoch 670 Relative Error 0.4696148633956909
Epoch 671 Relative Error 0.4705433249473572
Epoch 672 Relative Error 0.47072046995162964
Epoch 673 Relative Error 0.4694061279296875
Epoch 674 Relative Error 0.46872565150260925
Epoch 675 Relative Error 0.4688074588775635
Epoch 676 Relative Error 0.4688323438167572
Epoch 677 Relative Error 0.4693932831287384
Epoch 678 Relative Error 0.46914511919021606
Epoch 679 Relative Error 0.4692493677139282
Epoch 680 Relative Error 0.4692723751068115
Epoch 681 Relative Error 0.46960264444351196
Epoch 682 Relative Error 0.4696504771709442
Epoch 683 Relative Error 0.4686216711997986
Epoch 684 Relative Error 0.46866732835769653
Epoch 685 Relative Error 0.46884024143218994
Epoch 686 Relative Error 0.4688231647014618
Epoch 687 Relative Error 0.4693421721458435
Epoch 688 Relative Error 0.4710991680622101
Epoch 689 Relative Error 0.47122782468795776
Epoch 690 Relative Error 0.46978721022605896
Epoch 691 Relative Error 0.46964776515960693
Epoch 692 Relative Error 0.4697206914424896
Epoch 693 Relative Error 0.4692820608615875
Epoch 694 Relative Error 0.4688694477081299
Epoch 695 Relative Error 0.46849575638771057
Epoch 696 Relative Error 0.4686269462108612
Epoch 697 Relative Error 0.4689810276031494
Epoch 698 Relative Error 0.46902546286582947
Epoch 699 Relative Error 0.4697977900505066
Epoch 700 Relative Error 0.4695703983306885
Epoch 701 Relative Error 0.46975675225257874
Epoch 702 Relative Error 0.47086280584335327
Epoch 703 Relative Error 0.4698774218559265
Epoch 704 Relative Error 0.4707423150539398
Epoch 705 Relative Error 0.47344228625297546
Epoch 706 Relative Error 0.4734001159667969
Epoch 707 Relative Error 0.4736490547657013
Epoch 708 Relative Error 0.4720209836959839
Epoch 709 Relative Error 0.4700855314731598
Epoch 710 Relative Error 0.46978795528411865
Epoch 711 Relative Error 0.4690365195274353
Epoch 712 Relative Error 0.46880707144737244
Epoch 713 Relative Error 0.4689320921897888
Epoch 714 Relative Error 0.4690055549144745
Epoch 715 Relative Error 0.46911272406578064
Epoch 716 Relative Error 0.46852245926856995
Epoch 717 Relative Error 0.46847689151763916
Epoch 718 Relative Error 0.46849650144577026
Epoch 719 Relative Error 0.4684607982635498
Epoch 720 Relative Error 0.46862277388572693
Epoch 721 Relative Error 0.46876347064971924
Epoch 722 Relative Error 0.4694787263870239
Epoch 723 Relative Error 0.4695165157318115
Epoch 724 Relative Error 0.4698151648044586
Epoch 725 Relative Error 0.46935704350471497
Epoch 726 Relative Error 0.4690510928630829
Epoch 727 Relative Error 0.46859246492385864
Epoch 728 Relative Error 0.46867021918296814
Epoch 729 Relative Error 0.4689835011959076
Epoch 730 Relative Error 0.4691261351108551
Epoch 731 Relative Error 0.4693733751773834
Epoch 732 Relative Error 0.4686662256717682
Epoch 733 Relative Error 0.4688032567501068
Epoch 734 Relative Error 0.468607097864151
Epoch 735 Relative Error 0.4684695899486542
Epoch 736 Relative Error 0.4683739244937897
Epoch 737 Relative Error 0.4695481061935425
Epoch 738 Relative Error 0.46908506751060486
Epoch 739 Relative Error 0.4697605073451996
Epoch 740 Relative Error 0.4699171483516693
Epoch 741 Relative Error 0.46980786323547363
Epoch 742 Relative Error 0.47033992409706116
Epoch 743 Relative Error 0.4701380133628845
Epoch 744 Relative Error 0.46911269426345825
Epoch 745 Relative Error 0.4689863324165344
Epoch 746 Relative Error 0.4696493148803711
Epoch 747 Relative Error 0.4690127968788147
Epoch 748 Relative Error 0.4691539406776428
Epoch 749 Relative Error 0.4687378704547882
Epoch 750 Relative Error 0.4685646891593933
Epoch 751 Relative Error 0.4691806137561798
Epoch 752 Relative Error 0.46899744868278503
Epoch 753 Relative Error 0.4688006043434143
Epoch 754 Relative Error 0.46851110458374023
Epoch 755 Relative Error 0.4688425064086914
Epoch 756 Relative Error 0.4692462980747223
Epoch 757 Relative Error 0.4692104160785675
Epoch 758 Relative Error 0.46857571601867676
Epoch 759 Relative Error 0.4683579206466675
Epoch 760 Relative Error 0.4684183597564697
Epoch 761 Relative Error 0.4684393107891083
Epoch 762 Relative Error 0.46850255131721497
Epoch 763 Relative Error 0.4684619903564453
Epoch 764 Relative Error 0.4687803387641907
Epoch 765 Relative Error 0.4684968590736389
Epoch 766 Relative Error 0.4690410792827606
Epoch 767 Relative Error 0.46909064054489136
Epoch 768 Relative Error 0.4700649082660675
Epoch 769 Relative Error 0.4703478217124939
Epoch 770 Relative Error 0.469948947429657
Epoch 771 Relative Error 0.4693562984466553
Epoch 772 Relative Error 0.46879005432128906
Epoch 773 Relative Error 0.46866127848625183
Epoch 774 Relative Error 0.46856316924095154
Epoch 775 Relative Error 0.46872803568840027
Epoch 776 Relative Error 0.46849778294563293
Epoch 777 Relative Error 0.46840715408325195
Epoch 778 Relative Error 0.4684889316558838
Epoch 779 Relative Error 0.4686541259288788
Epoch 780 Relative Error 0.4692365229129791
Epoch 781 Relative Error 0.4687221348285675
Epoch 782 Relative Error 0.46924182772636414
Epoch 783 Relative Error 0.46900010108947754
Epoch 784 Relative Error 0.4688352942466736
Epoch 785 Relative Error 0.4687711000442505
Epoch 786 Relative Error 0.4686375558376312
Epoch 787 Relative Error 0.4689602255821228
Epoch 788 Relative Error 0.4697909355163574
Epoch 789 Relative Error 0.469881147146225
Epoch 790 Relative Error 0.4695599675178528
Epoch 791 Relative Error 0.4687844216823578
Epoch 792 Relative Error 0.468546986579895
Epoch 793 Relative Error 0.4683912396430969
Epoch 794 Relative Error 0.4686056971549988
Epoch 795 Relative Error 0.4686405658721924
Epoch 796 Relative Error 0.4685625433921814
Epoch 797 Relative Error 0.468606173992157
Epoch 798 Relative Error 0.46900641918182373
Epoch 799 Relative Error 0.469026654958725
Epoch 800 Relative Error 0.46894538402557373
Epoch 801 Relative Error 0.46919867396354675
Epoch 802 Relative Error 0.4690488576889038
Epoch 803 Relative Error 0.46922004222869873
Epoch 804 Relative Error 0.4689198136329651
Epoch 805 Relative Error 0.46913254261016846
Epoch 806 Relative Error 0.469111829996109
Epoch 807 Relative Error 0.46879449486732483
Epoch 808 Relative Error 0.46927645802497864
Epoch 809 Relative Error 0.46893176436424255
Epoch 810 Relative Error 0.46871697902679443
Epoch 811 Relative Error 0.4691218137741089
Epoch 812 Relative Error 0.46941322088241577
Epoch 813 Relative Error 0.46922948956489563
Epoch 814 Relative Error 0.4693112373352051
Epoch 815 Relative Error 0.4694603979587555
Epoch 816 Relative Error 0.4690951406955719
Epoch 817 Relative Error 0.4685231149196625
Epoch 818 Relative Error 0.46856075525283813
Epoch 819 Relative Error 0.46861299872398376
Epoch 820 Relative Error 0.46852007508277893
Epoch 821 Relative Error 0.46853333711624146
Epoch 822 Relative Error 0.4684937298297882
Epoch 823 Relative Error 0.4685373604297638
Epoch 824 Relative Error 0.46862566471099854
Epoch 825 Relative Error 0.468595415353775
Epoch 826 Relative Error 0.4685068726539612
Epoch 827 Relative Error 0.46857306361198425
Epoch 828 Relative Error 0.4689018726348877
Epoch 829 Relative Error 0.46879851818084717
Epoch 830 Relative Error 0.4686436951160431
Epoch 831 Relative Error 0.46872228384017944
Epoch 832 Relative Error 0.4685225188732147
Epoch 833 Relative Error 0.46867045760154724
Epoch 834 Relative Error 0.4694223403930664
Epoch 835 Relative Error 0.4693136215209961
Epoch 836 Relative Error 0.4688238203525543
Epoch 837 Relative Error 0.4694053828716278
Epoch 838 Relative Error 0.4696944057941437
Epoch 839 Relative Error 0.46896040439605713
Epoch 840 Relative Error 0.4691902995109558
Epoch 841 Relative Error 0.46934935450553894
Epoch 842 Relative Error 0.4692901372909546
Epoch 843 Relative Error 0.46866822242736816
Epoch 844 Relative Error 0.4685918986797333
Epoch 845 Relative Error 0.4685843586921692
Epoch 846 Relative Error 0.4685474932193756
Epoch 847 Relative Error 0.4685490131378174
Epoch 848 Relative Error 0.468544065952301
Epoch 849 Relative Error 0.4686727523803711
Epoch 850 Relative Error 0.4686276316642761
Epoch 851 Relative Error 0.4685831367969513
Epoch 852 Relative Error 0.46906453371047974
Epoch 853 Relative Error 0.4690999388694763
Epoch 854 Relative Error 0.46944066882133484
Epoch 855 Relative Error 0.46939241886138916
Epoch 856 Relative Error 0.46900349855422974
Epoch 857 Relative Error 0.46923521161079407
Epoch 858 Relative Error 0.469136118888855
Epoch 859 Relative Error 0.468719482421875
Epoch 860 Relative Error 0.4686654508113861
Epoch 861 Relative Error 0.4690137803554535
Epoch 862 Relative Error 0.46880605816841125
Epoch 863 Relative Error 0.46855002641677856
Epoch 864 Relative Error 0.46866464614868164
Epoch 865 Relative Error 0.468750536441803
Epoch 866 Relative Error 0.46856510639190674
Epoch 867 Relative Error 0.4685450792312622
Epoch 868 Relative Error 0.4686551094055176
Epoch 869 Relative Error 0.4686438739299774
Epoch 870 Relative Error 0.46858665347099304
Epoch 871 Relative Error 0.46866515278816223
Epoch 872 Relative Error 0.46861732006073
Epoch 873 Relative Error 0.4687967598438263
Epoch 874 Relative Error 0.46887117624282837
Epoch 875 Relative Error 0.46934640407562256
Epoch 876 Relative Error 0.47014445066452026
Epoch 877 Relative Error 0.46980753540992737
Epoch 878 Relative Error 0.46996819972991943
Epoch 879 Relative Error 0.46947821974754333
Epoch 880 Relative Error 0.46917724609375
Epoch 881 Relative Error 0.4685975909233093
Epoch 882 Relative Error 0.4687696397304535
Epoch 883 Relative Error 0.46882203221321106
Epoch 884 Relative Error 0.4686908423900604
Epoch 885 Relative Error 0.46878206729888916
Epoch 886 Relative Error 0.4689168930053711
Epoch 887 Relative Error 0.4690644145011902
Epoch 888 Relative Error 0.46901729702949524
Epoch 889 Relative Error 0.468751460313797
Epoch 890 Relative Error 0.46871843934059143
Epoch 891 Relative Error 0.4689878225326538
Epoch 892 Relative Error 0.46882784366607666
Epoch 893 Relative Error 0.4689375162124634
Epoch 894 Relative Error 0.46874433755874634
Epoch 895 Relative Error 0.46874818205833435
Epoch 896 Relative Error 0.4686846137046814
Epoch 897 Relative Error 0.46870875358581543
Epoch 898 Relative Error 0.4687241017818451
Epoch 899 Relative Error 0.46873539686203003
Epoch 900 Relative Error 0.4688163995742798
Epoch 901 Relative Error 0.4687044024467468
Epoch 902 Relative Error 0.46866437792778015
Epoch 903 Relative Error 0.4689098298549652
Epoch 904 Relative Error 0.4686347246170044
Epoch 905 Relative Error 0.4686259925365448
Epoch 906 Relative Error 0.46871447563171387
Epoch 907 Relative Error 0.4687105119228363
Epoch 908 Relative Error 0.4686819314956665
Epoch 909 Relative Error 0.4686463475227356
Epoch 910 Relative Error 0.4690866470336914
Epoch 911 Relative Error 0.4688061773777008
Epoch 912 Relative Error 0.4687371551990509
Epoch 913 Relative Error 0.46874120831489563
Epoch 914 Relative Error 0.4686630070209503
Epoch 915 Relative Error 0.4686571955680847
Epoch 916 Relative Error 0.4686969518661499
Epoch 917 Relative Error 0.4686679244041443
Epoch 918 Relative Error 0.469089537858963
Epoch 919 Relative Error 0.4690108299255371
Epoch 920 Relative Error 0.4692420959472656
Epoch 921 Relative Error 0.46912962198257446
Epoch 922 Relative Error 0.4688721299171448
Epoch 923 Relative Error 0.4689207673072815
Epoch 924 Relative Error 0.4690799117088318
Epoch 925 Relative Error 0.4690733551979065
Epoch 926 Relative Error 0.4687425196170807
Epoch 927 Relative Error 0.4687947630882263
Epoch 928 Relative Error 0.46877309679985046
Epoch 929 Relative Error 0.468741774559021
Epoch 930 Relative Error 0.468635231256485
Epoch 931 Relative Error 0.4686810374259949
Epoch 932 Relative Error 0.46874430775642395
Epoch 933 Relative Error 0.46871891617774963
Epoch 934 Relative Error 0.46870094537734985
Epoch 935 Relative Error 0.4687105119228363
Epoch 936 Relative Error 0.4687381982803345
Epoch 937 Relative Error 0.4687102735042572
Epoch 938 Relative Error 0.46911540627479553
Epoch 939 Relative Error 0.46900901198387146
Epoch 940 Relative Error 0.46896764636039734
Epoch 941 Relative Error 0.468858927488327
Epoch 942 Relative Error 0.46880042552948
Epoch 943 Relative Error 0.46875935792922974
Epoch 944 Relative Error 0.4688849151134491
Epoch 945 Relative Error 0.46881937980651855
Epoch 946 Relative Error 0.4686731696128845
Epoch 947 Relative Error 0.4686996638774872
Epoch 948 Relative Error 0.4687657952308655
Epoch 949 Relative Error 0.4686829149723053
Epoch 950 Relative Error 0.4687668979167938
Epoch 951 Relative Error 0.46868669986724854
Epoch 952 Relative Error 0.46873971819877625
Epoch 953 Relative Error 0.4688650965690613
Epoch 954 Relative Error 0.4690205454826355
Epoch 955 Relative Error 0.4691419005393982
Epoch 956 Relative Error 0.468899667263031
Epoch 957 Relative Error 0.4689047634601593
Epoch 958 Relative Error 0.46876606345176697
Epoch 959 Relative Error 0.46883198618888855
Epoch 960 Relative Error 0.468764990568161
Epoch 961 Relative Error 0.4687198996543884
Epoch 962 Relative Error 0.4688282012939453
Epoch 963 Relative Error 0.46882364153862
Epoch 964 Relative Error 0.468812495470047
Epoch 965 Relative Error 0.46888086199760437
Epoch 966 Relative Error 0.4688170850276947
Epoch 967 Relative Error 0.4687677025794983
Epoch 968 Relative Error 0.4687444269657135
Epoch 969 Relative Error 0.46881285309791565
Epoch 970 Relative Error 0.4687778651714325
Epoch 971 Relative Error 0.46870100498199463
Epoch 972 Relative Error 0.46869608759880066
Epoch 973 Relative Error 0.46878206729888916
Epoch 974 Relative Error 0.4690007269382477
Epoch 975 Relative Error 0.46886497735977173
Epoch 976 Relative Error 0.4689006209373474
Epoch 977 Relative Error 0.46896499395370483
Epoch 978 Relative Error 0.46890658140182495
Epoch 979 Relative Error 0.4687611162662506
Epoch 980 Relative Error 0.46875983476638794
Epoch 981 Relative Error 0.4687230885028839
Epoch 982 Relative Error 0.4687657058238983
Epoch 983 Relative Error 0.4687942862510681
Epoch 984 Relative Error 0.468750536441803
Epoch 985 Relative Error 0.46879878640174866
Epoch 986 Relative Error 0.468774676322937
Epoch 987 Relative Error 0.4687926769256592
Epoch 988 Relative Error 0.4688768982887268
Epoch 989 Relative Error 0.4688203036785126
Epoch 990 Relative Error 0.4688645005226135
Epoch 991 Relative Error 0.4690113067626953
Epoch 992 Relative Error 0.46899649500846863
Epoch 993 Relative Error 0.46894365549087524
Epoch 994 Relative Error 0.46886274218559265
Epoch 995 Relative Error 0.46884438395500183
Epoch 996 Relative Error 0.46871328353881836
Epoch 997 Relative Error 0.46871688961982727
Epoch 998 Relative Error 0.4687930941581726
Epoch 999 Relative Error 0.4687042832374573
Epoch 1000 Relative Error 0.4687580466270447
RE (3, 7, 27, 0): 0.4683579206466675
Green's Function RE (3, 7, 27, 0): 0.27292513847351074
Bias Term RE (3, 7, 27, 0): 0.07356169074773788
Combination (3, 7, 27, 0, 0): 0.46801698207855225
Combination (3, 7, 27, 0, 1): 0.46664971113204956
Combination (3, 7, 27, 0, 2): 0.4661887586116791
Combination (3, 7, 27, 0, 3): 0.46603360772132874
Combination (3, 7, 27, 0, 4): 0.46595636010169983

/home/gridsan/gstepaniants/.local/lib/python3.8/site-packages/torch/functional.py:478: UserWarning: torch.meshgrid: in an upcoming release, it will be required to pass the indexing argument. (Triggered internally at  ../aten/src/ATen/native/TensorShape.cpp:2895.)
  return _VF.meshgrid(tensors, **kwargs)  # type: ignore[attr-defined]
