[KeOps] Warning : Cuda libraries were not detected on the system ; using cpu only mode
1
Kernel: Exponential
Weight Mesh: 60
RKHS Kernel Width: 0.008
Lambda: 1e-06
Green's Function Learning Rate: 100
Bias Term Learning Rate: 100
Epoch 1 Relative Error 1247.343994140625
First epoch had re = 1247.343994140625 > 1
Green's Function Learning Rate: 50
Bias Term Learning Rate: 50
Epoch 1 Relative Error 662.6571655273438
First epoch had re = 662.6571655273438 > 1
Green's Function Learning Rate: 10
Bias Term Learning Rate: 10
Epoch 1 Relative Error 151.67015075683594
First epoch had re = 151.67015075683594 > 1
Green's Function Learning Rate: 5
Bias Term Learning Rate: 5
Epoch 1 Relative Error 55.24999237060547
First epoch had re = 55.24999237060547 > 1
Green's Function Learning Rate: 1
Bias Term Learning Rate: 1
Epoch 1 Relative Error 10.495248794555664
First epoch had re = 10.495248794555664 > 1
Green's Function Learning Rate: 0.5
Bias Term Learning Rate: 0.5
Epoch 1 Relative Error 6.224696159362793
First epoch had re = 6.224696159362793 > 1
Green's Function Learning Rate: 0.1
Bias Term Learning Rate: 0.1
Epoch 1 Relative Error 1.1150274276733398
First epoch had re = 1.1150274276733398 > 1
Green's Function Learning Rate: 0.05
Bias Term Learning Rate: 0.05
Epoch 1 Relative Error 0.7467780709266663
Epoch 2 Relative Error 0.5634877681732178
Epoch 3 Relative Error 0.551179051399231
Epoch 4 Relative Error 0.44607222080230713
Epoch 5 Relative Error 0.2793927490711212
Epoch 6 Relative Error 0.2843851149082184
Epoch 7 Relative Error 0.19522681832313538
Epoch 8 Relative Error 0.1561083197593689
Epoch 9 Relative Error 0.1398969143629074
Epoch 10 Relative Error 0.10645431280136108
Epoch 11 Relative Error 0.07949560135602951
Epoch 12 Relative Error 0.07257396727800369
Epoch 13 Relative Error 0.05742014944553375
Epoch 14 Relative Error 0.04340869560837746
Epoch 15 Relative Error 0.03586119785904884
Epoch 16 Relative Error 0.0280313603579998
Epoch 17 Relative Error 0.02505730465054512
Epoch 18 Relative Error 0.018114721402525902
Epoch 19 Relative Error 0.014679664745926857
Epoch 20 Relative Error 0.012274401262402534
Epoch 21 Relative Error 0.009163415990769863
Epoch 22 Relative Error 0.008134257979691029
Epoch 23 Relative Error 0.006588319316506386
Epoch 24 Relative Error 0.005854857619851828
Epoch 25 Relative Error 0.005038098432123661
Epoch 26 Relative Error 0.0039699021726846695
Epoch 27 Relative Error 0.0035198009572923183
Epoch 28 Relative Error 0.0030184725765138865
Epoch 29 Relative Error 0.0026496939826756716
Epoch 30 Relative Error 0.0025105299428105354
Epoch 31 Relative Error 0.0023749989923089743
Epoch 32 Relative Error 0.002186162630096078
Epoch 33 Relative Error 0.0020197343546897173
Epoch 34 Relative Error 0.0019539084751158953
Epoch 35 Relative Error 0.001956729218363762
Epoch 36 Relative Error 0.0018222159706056118
Epoch 37 Relative Error 0.001781758270226419
Epoch 38 Relative Error 0.0016883494099602103
Epoch 39 Relative Error 0.0016210394678637385
Epoch 40 Relative Error 0.0016011499101296067
Epoch 41 Relative Error 0.0015509148361161351
Epoch 42 Relative Error 0.001505847554653883
Epoch 43 Relative Error 0.001482894760556519
Epoch 44 Relative Error 0.0014061006950214505
Epoch 45 Relative Error 0.0013603782281279564
Epoch 46 Relative Error 0.0013788135256618261
Epoch 47 Relative Error 0.0012851982610300183
Epoch 48 Relative Error 0.0012505223276093602
Epoch 49 Relative Error 0.0012505479389801621
Epoch 50 Relative Error 0.0012755250791087747
Epoch 51 Relative Error 0.0012074292171746492
Epoch 52 Relative Error 0.0011509447358548641
Epoch 53 Relative Error 0.0011166749754920602
Epoch 54 Relative Error 0.0011298705358058214
Epoch 55 Relative Error 0.0010807409416884184
Epoch 56 Relative Error 0.001084532355889678
Epoch 57 Relative Error 0.0010044507216662169
Epoch 58 Relative Error 0.0010173664195463061
Epoch 59 Relative Error 0.0010008354438468814
Epoch 60 Relative Error 0.0010089235147461295
Epoch 61 Relative Error 0.0009090887615457177
Epoch 62 Relative Error 0.0009244494140148163
Epoch 63 Relative Error 0.0009298738441430032
Epoch 64 Relative Error 0.0008935086661949754
Epoch 65 Relative Error 0.0008608273928985
Epoch 66 Relative Error 0.0008208059007301927
Epoch 67 Relative Error 0.0008932634955272079
Epoch 68 Relative Error 0.000816705112811178
Epoch 69 Relative Error 0.0007902452489361167
Epoch 70 Relative Error 0.0007633979548700154
Epoch 71 Relative Error 0.0007489615236409009
Epoch 72 Relative Error 0.0007663467549718916
Epoch 73 Relative Error 0.0007094801985658705
Epoch 74 Relative Error 0.0007431945996358991
Epoch 75 Relative Error 0.0007497808546759188
Epoch 76 Relative Error 0.0007310734945349395
Epoch 77 Relative Error 0.0007087392150424421
Epoch 78 Relative Error 0.0007100148941390216
Epoch 79 Relative Error 0.0007089369464665651
Epoch 80 Relative Error 0.0006831774371676147
Epoch 81 Relative Error 0.0006447092164307833
Epoch 82 Relative Error 0.0006352118216454983
Epoch 83 Relative Error 0.0006324835121631622
Epoch 84 Relative Error 0.0006363121210597456
Epoch 85 Relative Error 0.0005918300594203174
Epoch 86 Relative Error 0.0006158323376439512
Epoch 87 Relative Error 0.0005923008429817855
Epoch 88 Relative Error 0.0005995708052068949
Epoch 89 Relative Error 0.0005738753243349493
Epoch 90 Relative Error 0.0005641141906380653
Epoch 91 Relative Error 0.0005666252109222114
Epoch 92 Relative Error 0.0005804114625789225
Epoch 93 Relative Error 0.0005763553199358284
Epoch 94 Relative Error 0.0005429621669463813
Epoch 95 Relative Error 0.0005658164736814797
Epoch 96 Relative Error 0.0005587334744632244
Epoch 97 Relative Error 0.0005729131517000496
Epoch 98 Relative Error 0.0005230065435171127
Epoch 99 Relative Error 0.0005207119393162429
Epoch 100 Relative Error 0.0005193165852688253
Epoch 101 Relative Error 0.0005077082314528525
Epoch 102 Relative Error 0.0004908372648060322
Epoch 103 Relative Error 0.0004697569238487631
Epoch 104 Relative Error 0.00048139074351638556
Epoch 105 Relative Error 0.0004961543600074947
Epoch 106 Relative Error 0.0004995768540538847
Epoch 107 Relative Error 0.00048262858763337135
Epoch 108 Relative Error 0.0004949991125613451
Epoch 109 Relative Error 0.0004589227319229394
Epoch 110 Relative Error 0.0004801432369276881
Epoch 111 Relative Error 0.00044094835175201297
Epoch 112 Relative Error 0.00046341971028596163
Epoch 113 Relative Error 0.00045747566036880016
Epoch 114 Relative Error 0.0004834468418266624
Epoch 115 Relative Error 0.0004531695449259132
Epoch 116 Relative Error 0.00044587830780074
Epoch 117 Relative Error 0.00041587374289520085
Epoch 118 Relative Error 0.0004420069744810462
Epoch 119 Relative Error 0.00042158059659413993
Epoch 120 Relative Error 0.0004169214516878128
Epoch 121 Relative Error 0.000424983911216259
Epoch 122 Relative Error 0.0003975227882619947
Epoch 123 Relative Error 0.00040973862633109093
Epoch 124 Relative Error 0.00041781316394917667
Epoch 125 Relative Error 0.0003956813015975058
Epoch 126 Relative Error 0.000412826455431059
Epoch 127 Relative Error 0.0004008296527899802
Epoch 128 Relative Error 0.0004234462685417384
Epoch 129 Relative Error 0.0004036796453874558
Epoch 130 Relative Error 0.0003681235248222947
Epoch 131 Relative Error 0.0004161811957601458
Epoch 132 Relative Error 0.00039133461541496217
Epoch 133 Relative Error 0.0003810841008089483
Epoch 134 Relative Error 0.00040381785947829485
Epoch 135 Relative Error 0.000384481274522841
Epoch 136 Relative Error 0.0003664337273221463
Epoch 137 Relative Error 0.0004051584692206234
Epoch 138 Relative Error 0.00039241110789589584
Epoch 139 Relative Error 0.0003803644503932446
Epoch 140 Relative Error 0.0003520950267557055
Epoch 141 Relative Error 0.00035225696046836674
Epoch 142 Relative Error 0.0003601674397941679
Epoch 143 Relative Error 0.0003534482966642827
Epoch 144 Relative Error 0.00035438218037597835
Epoch 145 Relative Error 0.00035164839937351644
Epoch 146 Relative Error 0.0003383751609362662
Epoch 147 Relative Error 0.0003598236944526434
Epoch 148 Relative Error 0.00035225445753894746
Epoch 149 Relative Error 0.00034948909888044
Epoch 150 Relative Error 0.0003493956755846739
Epoch 151 Relative Error 0.00035564773133955896
Epoch 152 Relative Error 0.00037710333708673716
Epoch 153 Relative Error 0.0003563294012565166
Epoch 154 Relative Error 0.00033410187461413443
Epoch 155 Relative Error 0.00034735663211904466
Epoch 156 Relative Error 0.0003438647254370153
Epoch 157 Relative Error 0.0003481841122265905
Epoch 158 Relative Error 0.000333865056745708
Epoch 159 Relative Error 0.00032607524190098047
Epoch 160 Relative Error 0.0003224578686058521
Epoch 161 Relative Error 0.0003413755330257118
Epoch 162 Relative Error 0.00032916691270656884
Epoch 163 Relative Error 0.0003591461863834411
Epoch 164 Relative Error 0.0003324691206216812
Epoch 165 Relative Error 0.0003361777635291219
Epoch 166 Relative Error 0.0003213272721040994
Epoch 167 Relative Error 0.00032235830440185964
Epoch 168 Relative Error 0.0003231993177905679
Epoch 169 Relative Error 0.00033011857885867357
Epoch 170 Relative Error 0.0003431779332458973
Epoch 171 Relative Error 0.00031890819082036614
Epoch 172 Relative Error 0.00031242932891473174
Epoch 173 Relative Error 0.00033329700818285346
Epoch 174 Relative Error 0.0002928774047177285
Epoch 175 Relative Error 0.00031995258177630603
Epoch 176 Relative Error 0.00034599960781633854
Epoch 177 Relative Error 0.00030384966521523893
Epoch 178 Relative Error 0.0002973101509269327
Epoch 179 Relative Error 0.0003177062899339944
Epoch 180 Relative Error 0.0002980787539854646
Epoch 181 Relative Error 0.00028576096519827843
Epoch 182 Relative Error 0.00030668533872812986
Epoch 183 Relative Error 0.0002932416391558945
Epoch 184 Relative Error 0.00027524062898010015
Epoch 185 Relative Error 0.00030213498394005
Epoch 186 Relative Error 0.0002912892960011959
Epoch 187 Relative Error 0.00030043305014260113
Epoch 188 Relative Error 0.0003062531759496778
Epoch 189 Relative Error 0.0003079523448832333
Epoch 190 Relative Error 0.00031455743010155857
Epoch 191 Relative Error 0.00028162673697806895
Epoch 192 Relative Error 0.0002774638414848596
Epoch 193 Relative Error 0.00027853131177835166
Epoch 194 Relative Error 0.0002931977214757353
Epoch 195 Relative Error 0.0002872210170608014
Epoch 196 Relative Error 0.000284632173134014
Epoch 197 Relative Error 0.0002811577287502587
Epoch 198 Relative Error 0.0002882955886889249
Epoch 199 Relative Error 0.00030494332895614207
Epoch 200 Relative Error 0.0002904995053540915
Epoch 201 Relative Error 0.00030332934693433344
Epoch 202 Relative Error 0.0003228199784643948
Epoch 203 Relative Error 0.0002964590967167169
Epoch 204 Relative Error 0.0003245921980123967
Epoch 205 Relative Error 0.0002908995666075498
Epoch 206 Relative Error 0.00030523526947945356
Epoch 207 Relative Error 0.00028961512725800276
Epoch 208 Relative Error 0.0003138113534078002
Epoch 209 Relative Error 0.0003188568807672709
Epoch 210 Relative Error 0.0002801059454213828
Epoch 211 Relative Error 0.0003023396711796522
Epoch 212 Relative Error 0.00027019361732527614
Epoch 213 Relative Error 0.00028457908774726093
Epoch 214 Relative Error 0.0002987590851262212
Epoch 215 Relative Error 0.000283286179183051
Epoch 216 Relative Error 0.00029799091862514615
Epoch 217 Relative Error 0.0002771710278466344
Epoch 218 Relative Error 0.0002756649046204984
Epoch 219 Relative Error 0.000266895949607715
Epoch 220 Relative Error 0.000260320637607947
Epoch 221 Relative Error 0.0002844927948899567
Epoch 222 Relative Error 0.000249726785114035
Epoch 223 Relative Error 0.0002570928481873125
Epoch 224 Relative Error 0.0002523121074773371
Epoch 225 Relative Error 0.0002620246377773583
Epoch 226 Relative Error 0.0002714903966989368
Epoch 227 Relative Error 0.00025168561842292547
Epoch 228 Relative Error 0.0002676819858606905
Epoch 229 Relative Error 0.0002629426307976246
Epoch 230 Relative Error 0.0002586437913123518
Epoch 231 Relative Error 0.00025548183475621045
Epoch 232 Relative Error 0.0002798486384563148
Epoch 233 Relative Error 0.00030378776136785746
Epoch 234 Relative Error 0.00030606641666963696
Epoch 235 Relative Error 0.00026085905847139657
Epoch 236 Relative Error 0.00027166656218469143
Epoch 237 Relative Error 0.0002777576446533203
Epoch 238 Relative Error 0.00024770520394667983
Epoch 239 Relative Error 0.0002452251501381397
Epoch 240 Relative Error 0.00025583463138900697
Epoch 241 Relative Error 0.00025366077898070216
Epoch 242 Relative Error 0.0002563362359069288
Epoch 243 Relative Error 0.000259395717876032
Epoch 244 Relative Error 0.0002789545396808535
Epoch 245 Relative Error 0.0002607591450214386
Epoch 246 Relative Error 0.00027849868638440967
Epoch 247 Relative Error 0.0002665412612259388
Epoch 248 Relative Error 0.0002739296469371766
Epoch 249 Relative Error 0.00026522096595726907
Epoch 250 Relative Error 0.0002726233215071261
Epoch 251 Relative Error 0.00025151288718916476
Epoch 252 Relative Error 0.00025814908440224826
Epoch 253 Relative Error 0.00027147404034622014
Epoch 254 Relative Error 0.00025087076937779784
Epoch 255 Relative Error 0.00024240500351879746
Epoch 256 Relative Error 0.0002615002158563584
Epoch 257 Relative Error 0.0002346453838981688
Epoch 258 Relative Error 0.00024915349786169827
Epoch 259 Relative Error 0.0002372617309447378
Epoch 260 Relative Error 0.0002540232380852103
Epoch 261 Relative Error 0.00024076344561763108
Epoch 262 Relative Error 0.00025424876366741955
Epoch 263 Relative Error 0.00025011066463775933
Epoch 264 Relative Error 0.0003033744578715414
Epoch 265 Relative Error 0.00025735856615938246
Epoch 266 Relative Error 0.00023675938427913934
Epoch 267 Relative Error 0.0002701246994547546
Epoch 268 Relative Error 0.0002669179521035403
Epoch 269 Relative Error 0.00026047657593153417
Epoch 270 Relative Error 0.0002733157598413527
Epoch 271 Relative Error 0.00025879786699078977
Epoch 272 Relative Error 0.0002396248310105875
Epoch 273 Relative Error 0.00025007862132042646
Epoch 274 Relative Error 0.000255635502981022
Epoch 275 Relative Error 0.00028711959021165967
Epoch 276 Relative Error 0.00028941890923306346
Epoch 277 Relative Error 0.00028054756694473326
Epoch 278 Relative Error 0.00029161182465031743
Epoch 279 Relative Error 0.00023345820955000818
Epoch 280 Relative Error 0.00028998524066992104
Epoch 281 Relative Error 0.00027577311266213655
Epoch 282 Relative Error 0.00024730764562264085
Epoch 283 Relative Error 0.0002865065762307495
Epoch 284 Relative Error 0.00026368931867182255
Epoch 285 Relative Error 0.00025163209647871554
Epoch 286 Relative Error 0.0002703350910451263
Epoch 287 Relative Error 0.00029030247242189944
Epoch 288 Relative Error 0.00030134490225464106
Epoch 289 Relative Error 0.00027146286447532475
Epoch 290 Relative Error 0.00027008733013644814
Epoch 291 Relative Error 0.0002673838462214917
Epoch 292 Relative Error 0.00025884356000460684
Epoch 293 Relative Error 0.00024411527556367218
Epoch 294 Relative Error 0.00022907412494532764
Epoch 295 Relative Error 0.0002522407448850572
Epoch 296 Relative Error 0.0002572046360000968
Epoch 297 Relative Error 0.0002668714732863009
Epoch 298 Relative Error 0.0002794972388073802
Epoch 299 Relative Error 0.0002757552429102361
Epoch 300 Relative Error 0.00027270708233118057
Epoch 301 Relative Error 0.0002748047118075192
Epoch 302 Relative Error 0.0002555649261921644
Epoch 303 Relative Error 0.00026431685546413064
Epoch 304 Relative Error 0.0002666212967596948
Epoch 305 Relative Error 0.0002497066743671894
Epoch 306 Relative Error 0.0002527571632526815
Epoch 307 Relative Error 0.00027321436209604144
Epoch 308 Relative Error 0.00027852252242155373
Epoch 309 Relative Error 0.0002587864291854203
Epoch 310 Relative Error 0.00025669499882496893
Epoch 311 Relative Error 0.000245674658799544
Epoch 312 Relative Error 0.00024218826729338616
Epoch 313 Relative Error 0.0002461546682752669
Epoch 314 Relative Error 0.00029420648934319615
Epoch 315 Relative Error 0.0002957966935355216
Epoch 316 Relative Error 0.00022798203281126916
Epoch 317 Relative Error 0.00033768024877645075
Epoch 318 Relative Error 0.00031480457982979715
Epoch 319 Relative Error 0.0002554217353463173
Epoch 320 Relative Error 0.00025686025037430227
Epoch 321 Relative Error 0.00022210791939869523
Epoch 322 Relative Error 0.00024265375395771116
Epoch 323 Relative Error 0.00023057700309436768
Epoch 324 Relative Error 0.0002239752357127145
Epoch 325 Relative Error 0.00022156522027216852
Epoch 326 Relative Error 0.0002523406292311847
Epoch 327 Relative Error 0.00027615000726655126
Epoch 328 Relative Error 0.0002365871041547507
Epoch 329 Relative Error 0.00024367248988710344
Epoch 330 Relative Error 0.0002645717468112707
Epoch 331 Relative Error 0.0002334946912014857
Epoch 332 Relative Error 0.00022453158453572541
Epoch 333 Relative Error 0.00023293017875403166
Epoch 334 Relative Error 0.00026389985578134656
Epoch 335 Relative Error 0.0002874545461963862
Epoch 336 Relative Error 0.0002469616010785103
Epoch 337 Relative Error 0.000270954507868737
Epoch 338 Relative Error 0.00025637229555286467
Epoch 339 Relative Error 0.0002487900201231241
Epoch 340 Relative Error 0.00026019688812084496
Epoch 341 Relative Error 0.0002415191993350163
Epoch 342 Relative Error 0.00023380345373880118
Epoch 343 Relative Error 0.0002577149716671556
Epoch 344 Relative Error 0.0002500990522094071
Epoch 345 Relative Error 0.00021995184943079948
Epoch 346 Relative Error 0.00023436048650182784
Epoch 347 Relative Error 0.00025131209986284375
Epoch 348 Relative Error 0.0002556259569246322
Epoch 349 Relative Error 0.00024125973868649453
Epoch 350 Relative Error 0.00023793797299731523
Epoch 351 Relative Error 0.00028382998425513506
Epoch 352 Relative Error 0.00024903673329390585
Epoch 353 Relative Error 0.00023806422541383654
Epoch 354 Relative Error 0.00023882990353740752
Epoch 355 Relative Error 0.0002543931477703154
Epoch 356 Relative Error 0.00023914688790682703
Epoch 357 Relative Error 0.00022758712293580174
Epoch 358 Relative Error 0.00024213935830630362
Epoch 359 Relative Error 0.00022883538622409105
Epoch 360 Relative Error 0.0002487235760781914
Epoch 361 Relative Error 0.00022978871129453182
Epoch 362 Relative Error 0.00023305948707275093
Epoch 363 Relative Error 0.0002382100938120857
Epoch 364 Relative Error 0.0002253017737530172
Epoch 365 Relative Error 0.00020156711980234832
Epoch 366 Relative Error 0.0002382819657213986
Epoch 367 Relative Error 0.0002509405603632331
Epoch 368 Relative Error 0.0002715736336540431
Epoch 369 Relative Error 0.0002511200145818293
Epoch 370 Relative Error 0.0002493210486136377
Epoch 371 Relative Error 0.00029152786009944975
Epoch 372 Relative Error 0.0002579029242042452
Epoch 373 Relative Error 0.00023781333584338427
Epoch 374 Relative Error 0.00024921406293287873
Epoch 375 Relative Error 0.00022890721447765827
Epoch 376 Relative Error 0.00027067973860539496
Epoch 377 Relative Error 0.00025203864788636565
Epoch 378 Relative Error 0.0002448011946398765
Epoch 379 Relative Error 0.00025213308981619775
Epoch 380 Relative Error 0.00023111894552130252
Epoch 381 Relative Error 0.00021508164354600012
Epoch 382 Relative Error 0.00026583531871438026
Epoch 383 Relative Error 0.00022190771414898336
Epoch 384 Relative Error 0.00022851066023577005
Epoch 385 Relative Error 0.0002961866557598114
Epoch 386 Relative Error 0.00026335552684031427
Epoch 387 Relative Error 0.00029567492310889065
Epoch 388 Relative Error 0.0004115456831641495
Epoch 389 Relative Error 0.0003471636155154556
Epoch 390 Relative Error 0.0002798236964736134
Epoch 391 Relative Error 0.00027558227884583175
Epoch 392 Relative Error 0.00027751547168008983
Epoch 393 Relative Error 0.00025306030875071883
Epoch 394 Relative Error 0.00025880892644636333
Epoch 395 Relative Error 0.00024015888629946858
Epoch 396 Relative Error 0.00025976571487262845
Epoch 397 Relative Error 0.00029083716799505055
Epoch 398 Relative Error 0.00024139229208230972
Epoch 399 Relative Error 0.00023879771470092237
Epoch 400 Relative Error 0.00028201722307130694
Epoch 401 Relative Error 0.00026296096621081233
Epoch 402 Relative Error 0.0002530827187001705
Epoch 403 Relative Error 0.0002833819016814232
Epoch 404 Relative Error 0.0002679823955986649
Epoch 405 Relative Error 0.0002754775923676789
Epoch 406 Relative Error 0.0003293515183031559
Epoch 407 Relative Error 0.0002790047146845609
Epoch 408 Relative Error 0.0002611048112157732
Epoch 409 Relative Error 0.000243210990447551
Epoch 410 Relative Error 0.00026692080427892506
Epoch 411 Relative Error 0.00025112254661507905
Epoch 412 Relative Error 0.0002432537730783224
Epoch 413 Relative Error 0.00023104267893359065
Epoch 414 Relative Error 0.00023092319315765053
Epoch 415 Relative Error 0.00021454313537105918
Epoch 416 Relative Error 0.00022363827156368643
Epoch 417 Relative Error 0.0002256254811072722
Epoch 418 Relative Error 0.0002382146631134674
Epoch 419 Relative Error 0.00022610335145145655
Epoch 420 Relative Error 0.0002455290232319385
Epoch 421 Relative Error 0.00026529739261604846
Epoch 422 Relative Error 0.00025535497115924954
Epoch 423 Relative Error 0.0002471469924785197
Epoch 424 Relative Error 0.0002504424483049661
Epoch 425 Relative Error 0.00024218826729338616
Epoch 426 Relative Error 0.000261253269854933
Epoch 427 Relative Error 0.00021839671535417438
Epoch 428 Relative Error 0.0002118442498613149
Epoch 429 Relative Error 0.0002657637232914567
Epoch 430 Relative Error 0.0002582420129328966
Epoch 431 Relative Error 0.00025835787528194487
Epoch 432 Relative Error 0.00024125714844558388
Epoch 433 Relative Error 0.00025293391081504524
Epoch 434 Relative Error 0.000221085618250072
Epoch 435 Relative Error 0.00024952649255283177
Epoch 436 Relative Error 0.0002489766338840127
Epoch 437 Relative Error 0.0002530773635953665
Epoch 438 Relative Error 0.00026751597761176527
Epoch 439 Relative Error 0.00023071050236467272
Epoch 440 Relative Error 0.0002721247437875718
Epoch 441 Relative Error 0.0002707642561290413
Epoch 442 Relative Error 0.0002586346527095884
Epoch 443 Relative Error 0.00023141592100728303
Epoch 444 Relative Error 0.0002543613372836262
Epoch 445 Relative Error 0.0002500113332644105
Epoch 446 Relative Error 0.0002659334859345108
Epoch 447 Relative Error 0.00024356588255614042
Epoch 448 Relative Error 0.00025733650545589626
Epoch 449 Relative Error 0.00021908586495555937
Epoch 450 Relative Error 0.0002256075240438804
Epoch 451 Relative Error 0.0002401242672931403
Epoch 452 Relative Error 0.0002750455169007182
Epoch 453 Relative Error 0.00026481886743567884
Epoch 454 Relative Error 0.00022956458269618452
Epoch 455 Relative Error 0.0002361670194659382
Epoch 456 Relative Error 0.00023584745940752327
Epoch 457 Relative Error 0.0002452072803862393
Epoch 458 Relative Error 0.0002183083415729925
Epoch 459 Relative Error 0.00025328079937025905
Epoch 460 Relative Error 0.0002469363098498434
Epoch 461 Relative Error 0.0002519622794352472
Epoch 462 Relative Error 0.0002268628595629707
Epoch 463 Relative Error 0.0002091181668220088
Epoch 464 Relative Error 0.00024204120563808829
Epoch 465 Relative Error 0.00022619076480623335
Epoch 466 Relative Error 0.00021441619901452214
Epoch 467 Relative Error 0.0002381918311584741
Epoch 468 Relative Error 0.00025350344367325306
Epoch 469 Relative Error 0.00019861216424033046
Epoch 470 Relative Error 0.00024811411276459694
Epoch 471 Relative Error 0.00024221350031439215
Epoch 472 Relative Error 0.0002521759015507996
Epoch 473 Relative Error 0.00025439143064431846
Epoch 474 Relative Error 0.0002502349088899791
Epoch 475 Relative Error 0.00026858021738007665
Epoch 476 Relative Error 0.0002718622563406825
Epoch 477 Relative Error 0.00024169195967260748
Epoch 478 Relative Error 0.0002632067771628499
Epoch 479 Relative Error 0.00023409008281305432
Epoch 480 Relative Error 0.0002694343857001513
Epoch 481 Relative Error 0.0002690004766918719
Epoch 482 Relative Error 0.00027136807329952717
Epoch 483 Relative Error 0.0002498625544831157
Epoch 484 Relative Error 0.0002229269448434934
Epoch 485 Relative Error 0.00023142255668062717
Epoch 486 Relative Error 0.00022675820218864828
Epoch 487 Relative Error 0.0002663831110112369
Epoch 488 Relative Error 0.0002820885565597564
Epoch 489 Relative Error 0.00025229642051272094
Epoch 490 Relative Error 0.0003009777283295989
Epoch 491 Relative Error 0.00025267849559895694
Epoch 492 Relative Error 0.00025086826644837856
Epoch 493 Relative Error 0.0002727078681346029
Epoch 494 Relative Error 0.00026561651611700654
Epoch 495 Relative Error 0.00024085718905553222
Epoch 496 Relative Error 0.0002444031706545502
Epoch 497 Relative Error 0.0002770447463262826
Epoch 498 Relative Error 0.000244465860305354
Epoch 499 Relative Error 0.00022861729667056352
Epoch 500 Relative Error 0.0002230705867987126
Epoch 501 Relative Error 0.00024919089628383517
Epoch 502 Relative Error 0.0002085055020870641
Epoch 503 Relative Error 0.00022706598974764347
Epoch 504 Relative Error 0.0002313030418008566
Epoch 505 Relative Error 0.0002654017007444054
Epoch 506 Relative Error 0.00026930152671411633
Epoch 507 Relative Error 0.00027193923597224057
Epoch 508 Relative Error 0.0002793397579807788
Epoch 509 Relative Error 0.0002602084423415363
Epoch 510 Relative Error 0.00025840880698524415
Epoch 511 Relative Error 0.00031253599445335567
Epoch 512 Relative Error 0.00023178241099230945
Epoch 513 Relative Error 0.00027423136634752154
Epoch 514 Relative Error 0.0002647842629812658
Epoch 515 Relative Error 0.0002954642113763839
Epoch 516 Relative Error 0.0002474469947628677
Epoch 517 Relative Error 0.0002819194633048028
Epoch 518 Relative Error 0.00024791472242213786
Epoch 519 Relative Error 0.0002616007986944169
Epoch 520 Relative Error 0.000266009708866477
Epoch 521 Relative Error 0.00024243794905487448
Epoch 522 Relative Error 0.00025781543808989227
Epoch 523 Relative Error 0.0002925532462541014
Epoch 524 Relative Error 0.0002634986594785005
Epoch 525 Relative Error 0.00023566855816170573
Epoch 526 Relative Error 0.0002515831438358873
Epoch 527 Relative Error 0.0002253568236483261
Epoch 528 Relative Error 0.00024032652436289936
Epoch 529 Relative Error 0.00022437518055085093
Epoch 530 Relative Error 0.00022621743846684694
Epoch 531 Relative Error 0.00023214300745166838
Epoch 532 Relative Error 0.00026358134346082807
Epoch 533 Relative Error 0.0002754726738203317
Epoch 534 Relative Error 0.0002682811173144728
Epoch 535 Relative Error 0.0002556319232098758
Epoch 536 Relative Error 0.00024746364215388894
Epoch 537 Relative Error 0.00023171714565251023
Epoch 538 Relative Error 0.0002873937482945621
Epoch 539 Relative Error 0.00029094572528265417
Epoch 540 Relative Error 0.0002825676347129047
Epoch 541 Relative Error 0.0002794071624521166
Epoch 542 Relative Error 0.0002486979647073895
Epoch 543 Relative Error 0.00025040892069227993
Epoch 544 Relative Error 0.0002063963038381189
Epoch 545 Relative Error 0.00023266536300070584
Epoch 546 Relative Error 0.0002812210295815021
Epoch 547 Relative Error 0.000296713609714061
Epoch 548 Relative Error 0.0002656781580299139
Epoch 549 Relative Error 0.0002148415514966473
Epoch 550 Relative Error 0.00022335235553327948
Epoch 551 Relative Error 0.0002311302232556045
Epoch 552 Relative Error 0.00023894861806184053
Epoch 553 Relative Error 0.00025769765488803387
Epoch 554 Relative Error 0.00029015392647124827
Epoch 555 Relative Error 0.0002646368520800024
Epoch 556 Relative Error 0.00024361361283808947
Epoch 557 Relative Error 0.0002124157181242481
Epoch 558 Relative Error 0.00022671636543236673
Epoch 559 Relative Error 0.0002496952365618199
Epoch 560 Relative Error 0.00024238548940047622
Epoch 561 Relative Error 0.0002570744836702943
Epoch 562 Relative Error 0.0002513976360205561
Epoch 563 Relative Error 0.0002121001889463514
Epoch 564 Relative Error 0.0002479547983966768
Epoch 565 Relative Error 0.00025590730365365744
Epoch 566 Relative Error 0.00023634295212104917
Epoch 567 Relative Error 0.0002767699770629406
Epoch 568 Relative Error 0.00023917962971609086
Epoch 569 Relative Error 0.00021880176791455597
Epoch 570 Relative Error 0.00022259117395151407
Epoch 571 Relative Error 0.00020252767717465758
Epoch 572 Relative Error 0.0002246651129098609
Epoch 573 Relative Error 0.00021998847660142928
Epoch 574 Relative Error 0.00021008984185755253
Epoch 575 Relative Error 0.00022250581241678447
Epoch 576 Relative Error 0.00020723455236293375
Epoch 577 Relative Error 0.000234385603107512
Epoch 578 Relative Error 0.0002506061864551157
Epoch 579 Relative Error 0.00023014550970401615
Epoch 580 Relative Error 0.0002899369865190238
Epoch 581 Relative Error 0.00026510958559811115
Epoch 582 Relative Error 0.00022520784114021808
Epoch 583 Relative Error 0.00022747671755496413
Epoch 584 Relative Error 0.00024237425532191992
Epoch 585 Relative Error 0.00023918716760817915
Epoch 586 Relative Error 0.0002176263660658151
Epoch 587 Relative Error 0.00022455448925029486
Epoch 588 Relative Error 0.00021480576833710074
Epoch 589 Relative Error 0.00020674680126830935
Epoch 590 Relative Error 0.00020868232240900397
Epoch 591 Relative Error 0.000261379056610167
Epoch 592 Relative Error 0.00026277650613337755
Epoch 593 Relative Error 0.00026807430549524724
Epoch 594 Relative Error 0.00029149511829018593
Epoch 595 Relative Error 0.00024137635773513466
Epoch 596 Relative Error 0.0002247221564175561
Epoch 597 Relative Error 0.00022767459449823946
Epoch 598 Relative Error 0.00024138379376381636
Epoch 599 Relative Error 0.00024545169435441494
Epoch 600 Relative Error 0.00022693310165777802
Epoch 601 Relative Error 0.000268186820903793
Epoch 602 Relative Error 0.0002505411976017058
Epoch 603 Relative Error 0.0002544341259635985
Epoch 604 Relative Error 0.00021584032219834626
Epoch 605 Relative Error 0.00026535565848462284
Epoch 606 Relative Error 0.00025286860181950033
Epoch 607 Relative Error 0.00022410978272091597
Epoch 608 Relative Error 0.00022955753956921399
Epoch 609 Relative Error 0.00023325260553974658
Epoch 610 Relative Error 0.00024356518406420946
Epoch 611 Relative Error 0.00024429766926914454
Epoch 612 Relative Error 0.00021445575112011284
Epoch 613 Relative Error 0.0002058109239442274
Epoch 614 Relative Error 0.00021014905360061675
Epoch 615 Relative Error 0.0002472524356562644
Epoch 616 Relative Error 0.00024187205417547375
Epoch 617 Relative Error 0.00020845579274464399
Epoch 618 Relative Error 0.0002528425247874111
Epoch 619 Relative Error 0.00024099783331621438
Epoch 620 Relative Error 0.0002598673745524138
Epoch 621 Relative Error 0.0002234352723462507
Epoch 622 Relative Error 0.0002847328141797334
Epoch 623 Relative Error 0.00026398064801469445
Epoch 624 Relative Error 0.0002789053542073816
Epoch 625 Relative Error 0.00025727407773956656
Epoch 626 Relative Error 0.0002899073006119579
Epoch 627 Relative Error 0.0002781731018330902
Epoch 628 Relative Error 0.00030107979546301067
Epoch 629 Relative Error 0.0003147624956909567
Epoch 630 Relative Error 0.00025620931410230696
Epoch 631 Relative Error 0.00027455075178295374
Epoch 632 Relative Error 0.0002617799327708781
Epoch 633 Relative Error 0.0002292691497132182
Epoch 634 Relative Error 0.0002195956913055852
Epoch 635 Relative Error 0.0002450528263580054
Epoch 636 Relative Error 0.0002628056099638343
Epoch 637 Relative Error 0.0002479618997313082
Epoch 638 Relative Error 0.00025690405163913965
Epoch 639 Relative Error 0.0002778450143523514
Epoch 640 Relative Error 0.0002273939608130604
Epoch 641 Relative Error 0.0002692975976970047
Epoch 642 Relative Error 0.00024862794089131057
Epoch 643 Relative Error 0.0002739397168625146
Epoch 644 Relative Error 0.00027032740763388574
Epoch 645 Relative Error 0.00028232199838384986
Epoch 646 Relative Error 0.0002624759799800813
Epoch 647 Relative Error 0.00024580673198215663
Epoch 648 Relative Error 0.00023791535932105035
Epoch 649 Relative Error 0.0002898206003010273
Epoch 650 Relative Error 0.0002456992515362799
Epoch 651 Relative Error 0.00026488903677091
Epoch 652 Relative Error 0.0002757941547315568
Epoch 653 Relative Error 0.0002228079247288406
Epoch 654 Relative Error 0.0002362545783398673
Epoch 655 Relative Error 0.00023525858705397695
Epoch 656 Relative Error 0.00023815460735931993
Epoch 657 Relative Error 0.00022782837913837284
Epoch 658 Relative Error 0.0002256790903629735
Epoch 659 Relative Error 0.00024415343068540096
Epoch 660 Relative Error 0.00025883023045025766
Epoch 661 Relative Error 0.0002353338204557076
Epoch 662 Relative Error 0.00023539114044979215
Epoch 663 Relative Error 0.00028782407753169537
Epoch 664 Relative Error 0.00021292398741934448
Epoch 665 Relative Error 0.0002279126492794603
Epoch 666 Relative Error 0.0002781517105177045
Epoch 667 Relative Error 0.0003042435273528099
Epoch 668 Relative Error 0.00021360890241339803
Epoch 669 Relative Error 0.0002418497606413439
Epoch 670 Relative Error 0.0002601933083496988
Epoch 671 Relative Error 0.0002871860342565924
Epoch 672 Relative Error 0.00027831317856907845
Epoch 673 Relative Error 0.0002570628421381116
Epoch 674 Relative Error 0.00024074187967926264
Epoch 675 Relative Error 0.0002829318691510707
Epoch 676 Relative Error 0.00026221145526506007
Epoch 677 Relative Error 0.0002395854244241491
Epoch 678 Relative Error 0.00029659055871888995
Epoch 679 Relative Error 0.00023118908575270325
Epoch 680 Relative Error 0.00025078695034608245
Epoch 681 Relative Error 0.0002506579039618373
Epoch 682 Relative Error 0.00023155543021857738
Epoch 683 Relative Error 0.0002194610860897228
Epoch 684 Relative Error 0.0002204655174864456
Epoch 685 Relative Error 0.00026433722814545035
Epoch 686 Relative Error 0.000240734574617818
Epoch 687 Relative Error 0.0002534986997488886
Epoch 688 Relative Error 0.00023650475486647338
Epoch 689 Relative Error 0.00025171294691972435
Epoch 690 Relative Error 0.00027851754566654563
Epoch 691 Relative Error 0.0002534360100980848
Epoch 692 Relative Error 0.0002720881602726877
Epoch 693 Relative Error 0.0002231351099908352
Epoch 694 Relative Error 0.0002455342037137598
Epoch 695 Relative Error 0.00026756455190479755
Epoch 696 Relative Error 0.0002814337203744799
Epoch 697 Relative Error 0.0002412406465737149
Epoch 698 Relative Error 0.0002481988340150565
Epoch 699 Relative Error 0.00021852864301763475
Epoch 700 Relative Error 0.00026027177227661014
Epoch 701 Relative Error 0.0002265546063426882
Epoch 702 Relative Error 0.0002703556383494288
Epoch 703 Relative Error 0.00025269039906561375
Epoch 704 Relative Error 0.00024226268578786403
Epoch 705 Relative Error 0.0002479582908563316
Epoch 706 Relative Error 0.0002601998276077211
Epoch 707 Relative Error 0.00024128585937432945
Epoch 708 Relative Error 0.0002118797565344721
Epoch 709 Relative Error 0.00022424031340051442
Epoch 710 Relative Error 0.0002722435456234962
Epoch 711 Relative Error 0.00025847923825494945
Epoch 712 Relative Error 0.00027787580620497465
Epoch 713 Relative Error 0.00023536647495348006
Epoch 714 Relative Error 0.00023308329400606453
Epoch 715 Relative Error 0.00023870587756391615
Epoch 716 Relative Error 0.0002799521025735885
Epoch 717 Relative Error 0.00021617992024403065
Epoch 718 Relative Error 0.00023465720005333424
Epoch 719 Relative Error 0.0002566792245488614
Epoch 720 Relative Error 0.0002469849423505366
Epoch 721 Relative Error 0.00023251296079251915
Epoch 722 Relative Error 0.00021711828594561666
Epoch 723 Relative Error 0.0002210439124610275
Epoch 724 Relative Error 0.0002232668484793976
Epoch 725 Relative Error 0.00023269144003279507
Epoch 726 Relative Error 0.00020542775746434927
Epoch 727 Relative Error 0.0002263346832478419
Epoch 728 Relative Error 0.00022604738478548825
Epoch 729 Relative Error 0.00021615505102090538
Epoch 730 Relative Error 0.00024036725517362356
Epoch 731 Relative Error 0.0002778068301267922
Epoch 732 Relative Error 0.0002575992257334292
Epoch 733 Relative Error 0.00030416296795010567
Epoch 734 Relative Error 0.0002722406352404505
Epoch 735 Relative Error 0.0002982690930366516
Epoch 736 Relative Error 0.00026883711689151824
Epoch 737 Relative Error 0.00022497087775263935
Epoch 738 Relative Error 0.0002576107799541205
Epoch 739 Relative Error 0.0002361060760449618
Epoch 740 Relative Error 0.0002389389555901289
Epoch 741 Relative Error 0.00027483177836984396
Epoch 742 Relative Error 0.00024707222473807633
Epoch 743 Relative Error 0.0002279768232256174
Epoch 744 Relative Error 0.00021729843865614384
Epoch 745 Relative Error 0.00023185706231743097
Epoch 746 Relative Error 0.00023964064894244075
Epoch 747 Relative Error 0.00025849969824776053
Epoch 748 Relative Error 0.0002546051691751927
Epoch 749 Relative Error 0.00026342636556364596
Epoch 750 Relative Error 0.00027375106583349407
Epoch 751 Relative Error 0.0002541715803090483
Epoch 752 Relative Error 0.0002462293196003884
Epoch 753 Relative Error 0.00026442387024872005
Epoch 754 Relative Error 0.0002673180715646595
Epoch 755 Relative Error 0.0002742664364632219
Epoch 756 Relative Error 0.00025792905944399536
Epoch 757 Relative Error 0.0002960534184239805
Epoch 758 Relative Error 0.00030881492421031
Epoch 759 Relative Error 0.0002915192162618041
Epoch 760 Relative Error 0.0002887023438233882
Epoch 761 Relative Error 0.0002686819061636925
Epoch 762 Relative Error 0.00021861585264559835
Epoch 763 Relative Error 0.0002897576196119189
Epoch 764 Relative Error 0.00027687521651387215
Epoch 765 Relative Error 0.0002522475551813841
Epoch 766 Relative Error 0.0002506515011191368
Epoch 767 Relative Error 0.0003076946013607085
Epoch 768 Relative Error 0.000276972190476954
Epoch 769 Relative Error 0.00026976456865668297
Epoch 770 Relative Error 0.0002788771816994995
Epoch 771 Relative Error 0.00028156503685750067
Epoch 772 Relative Error 0.00026082390104420483
Epoch 773 Relative Error 0.00025888156960718334
Epoch 774 Relative Error 0.00024572774418629706
Epoch 775 Relative Error 0.0002335046447115019
Epoch 776 Relative Error 0.000264578964561224
Epoch 777 Relative Error 0.0002475538640283048
Epoch 778 Relative Error 0.00027654721634462476
Epoch 779 Relative Error 0.0002762790536507964
Epoch 780 Relative Error 0.00025947578251361847
Epoch 781 Relative Error 0.00025007600197568536
Epoch 782 Relative Error 0.0002424963313387707
Epoch 783 Relative Error 0.00025616149650886655
Epoch 784 Relative Error 0.0002569460484664887
Epoch 785 Relative Error 0.00025432443362660706
Epoch 786 Relative Error 0.0002660066820681095
Epoch 787 Relative Error 0.0002604117908049375
Epoch 788 Relative Error 0.0002919831604231149
Epoch 789 Relative Error 0.00022983136295806617
Epoch 790 Relative Error 0.0002393588365521282
Epoch 791 Relative Error 0.00024940157891251147
Epoch 792 Relative Error 0.00028201090754009783
Epoch 793 Relative Error 0.00027769344160333276
Epoch 794 Relative Error 0.00031685945577919483
Epoch 795 Relative Error 0.0003099057939834893
Epoch 796 Relative Error 0.00026703617186285555
Epoch 797 Relative Error 0.00024779164232313633
Epoch 798 Relative Error 0.0002800750080496073
Epoch 799 Relative Error 0.0002813113387674093
Epoch 800 Relative Error 0.00023973123461473733
Epoch 801 Relative Error 0.00022317156253848225
Epoch 802 Relative Error 0.0002626006316859275
Epoch 803 Relative Error 0.00023324716312345117
Epoch 804 Relative Error 0.00023694503761362284
Epoch 805 Relative Error 0.00025037716841325164
Epoch 806 Relative Error 0.000271336903097108
Epoch 807 Relative Error 0.0002787124249152839
Epoch 808 Relative Error 0.0002249449462397024
Epoch 809 Relative Error 0.00025652541080489755
Epoch 810 Relative Error 0.0003121886111330241
Epoch 811 Relative Error 0.00032073186594061553
Epoch 812 Relative Error 0.0003442969755269587
Epoch 813 Relative Error 0.0002552425430621952
Epoch 814 Relative Error 0.0002519726403988898
Epoch 815 Relative Error 0.0002508211473468691
Epoch 816 Relative Error 0.0002647174405865371
Epoch 817 Relative Error 0.000277810322586447
Epoch 818 Relative Error 0.0002819670189637691
Epoch 819 Relative Error 0.00027763197431340814
Epoch 820 Relative Error 0.0002599300059955567
Epoch 821 Relative Error 0.0002457779773976654
Epoch 822 Relative Error 0.00026644274475984275
Epoch 823 Relative Error 0.00026131488266400993
Epoch 824 Relative Error 0.0002702866040635854
Epoch 825 Relative Error 0.0002661942853592336
Epoch 826 Relative Error 0.0002735460875555873
Epoch 827 Relative Error 0.00028423077310435474
Epoch 828 Relative Error 0.0002447791048325598
Epoch 829 Relative Error 0.0002471971674822271
Epoch 830 Relative Error 0.00022544487728737295
Epoch 831 Relative Error 0.00026015544426627457
Epoch 832 Relative Error 0.00023209246865008026
Epoch 833 Relative Error 0.0002411760506220162
Epoch 834 Relative Error 0.00023740666802041233
Epoch 835 Relative Error 0.0002540926216170192
Epoch 836 Relative Error 0.00025912144337780774
Epoch 837 Relative Error 0.00023812826839275658
Epoch 838 Relative Error 0.00024810113245621324
Epoch 839 Relative Error 0.0002307611284777522
Epoch 840 Relative Error 0.00022395751147996634
Epoch 841 Relative Error 0.0002272658166475594
Epoch 842 Relative Error 0.00022789579816162586
Epoch 843 Relative Error 0.0002485986624378711
Epoch 844 Relative Error 0.00025401441962458193
Epoch 845 Relative Error 0.000244233786361292
Epoch 846 Relative Error 0.00023138146207202226
Epoch 847 Relative Error 0.00027586452779360116
Epoch 848 Relative Error 0.00024320762895513326
Epoch 849 Relative Error 0.00026848152629099786
Epoch 850 Relative Error 0.0002718169998843223
Epoch 851 Relative Error 0.0002461858675815165
Epoch 852 Relative Error 0.00025103215011768043
Epoch 853 Relative Error 0.0002232715196441859
Epoch 854 Relative Error 0.0002900057879742235
Epoch 855 Relative Error 0.0002544947201386094
Epoch 856 Relative Error 0.0002520994748920202
Epoch 857 Relative Error 0.00024250309797935188
Epoch 858 Relative Error 0.00022308512416202575
Epoch 859 Relative Error 0.00026638025883585215
Epoch 860 Relative Error 0.00026921051903627813
Epoch 861 Relative Error 0.0002510657359380275
Epoch 862 Relative Error 0.00027113116811960936
Epoch 863 Relative Error 0.00028736708918586373
Epoch 864 Relative Error 0.00024732391466386616
Epoch 865 Relative Error 0.00020820893405470997
Epoch 866 Relative Error 0.00021704283426515758
Epoch 867 Relative Error 0.00025608373107388616
Epoch 868 Relative Error 0.0002285377267980948
Epoch 869 Relative Error 0.00024812741321511567
Epoch 870 Relative Error 0.00023952759511303157
Epoch 871 Relative Error 0.00022832931426819414
Epoch 872 Relative Error 0.00028300375561229885
Epoch 873 Relative Error 0.000309599912725389
Epoch 874 Relative Error 0.0002687661908566952
Epoch 875 Relative Error 0.0003097456065006554
Epoch 876 Relative Error 0.00028191966703161597
Epoch 877 Relative Error 0.0002662701590452343
Epoch 878 Relative Error 0.0002544117160141468
Epoch 879 Relative Error 0.00025355914840474725
Epoch 880 Relative Error 0.0002520408306736499
Epoch 881 Relative Error 0.0002619120932649821
Epoch 882 Relative Error 0.0002504659933038056
Epoch 883 Relative Error 0.0003031544329132885
Epoch 884 Relative Error 0.0002810507721733302
Epoch 885 Relative Error 0.0002498311805538833
Epoch 886 Relative Error 0.0002722374920267612
Epoch 887 Relative Error 0.0002606628986541182
Epoch 888 Relative Error 0.00022351607913151383
Epoch 889 Relative Error 0.0002835327759385109
Epoch 890 Relative Error 0.0002802009985316545
Epoch 891 Relative Error 0.000233076760196127
Epoch 892 Relative Error 0.00023716756550129503
Epoch 893 Relative Error 0.00022761683794669807
Epoch 894 Relative Error 0.0002832493919413537
Epoch 895 Relative Error 0.00023885801783762872
Epoch 896 Relative Error 0.00022474561410490423
Epoch 897 Relative Error 0.00023144966689869761
Epoch 898 Relative Error 0.00028873796691186726
Epoch 899 Relative Error 0.00025785225443542004
Epoch 900 Relative Error 0.00028904626378789544
Epoch 901 Relative Error 0.00028536299942061305
Epoch 902 Relative Error 0.00025549635756760836
Epoch 903 Relative Error 0.00023684972256887704
Epoch 904 Relative Error 0.0002127980551449582
Epoch 905 Relative Error 0.0002313998411409557
Epoch 906 Relative Error 0.000253236445132643
Epoch 907 Relative Error 0.0002470744657330215
Epoch 908 Relative Error 0.00021608102542813867
Epoch 909 Relative Error 0.0001995158672798425
Epoch 910 Relative Error 0.00022947150864638388
Epoch 911 Relative Error 0.0002303841320099309
Epoch 912 Relative Error 0.00024784778361208737
Epoch 913 Relative Error 0.0002584320609457791
Epoch 914 Relative Error 0.00025403211475349963
Epoch 915 Relative Error 0.00029428635025396943
Epoch 916 Relative Error 0.0002543313312344253
Epoch 917 Relative Error 0.00029068024014122784
Epoch 918 Relative Error 0.0002962472790386528
Epoch 919 Relative Error 0.00025210579042322934
Epoch 920 Relative Error 0.0002915541408583522
Epoch 921 Relative Error 0.00024632399436086416
Epoch 922 Relative Error 0.00027701121871359646
Epoch 923 Relative Error 0.0003384604351595044
Epoch 924 Relative Error 0.00033225692459382117
Epoch 925 Relative Error 0.00029964608256705105
Epoch 926 Relative Error 0.00034324443549849093
Epoch 927 Relative Error 0.00028703699354082346
Epoch 928 Relative Error 0.00026242193416692317
Epoch 929 Relative Error 0.00028475673752836883
Epoch 930 Relative Error 0.00026635511312633753
Epoch 931 Relative Error 0.00024267694971058518
Epoch 932 Relative Error 0.0003135731676593423
Epoch 933 Relative Error 0.0002523530856706202
Epoch 934 Relative Error 0.00024762601242400706
Epoch 935 Relative Error 0.00026784130022861063
Epoch 936 Relative Error 0.00025129845016635954
Epoch 937 Relative Error 0.0002792893792502582
Epoch 938 Relative Error 0.0002671797701623291
Epoch 939 Relative Error 0.000269618583843112
Epoch 940 Relative Error 0.00031143115484155715
Epoch 941 Relative Error 0.0002838563232216984
Epoch 942 Relative Error 0.000281657325103879
Epoch 943 Relative Error 0.00026635665562935174
Epoch 944 Relative Error 0.00031003268668428063
Epoch 945 Relative Error 0.0002502518182154745
Epoch 946 Relative Error 0.0002277171879541129
Epoch 947 Relative Error 0.00023841553775127977
Epoch 948 Relative Error 0.0002547075564507395
Epoch 949 Relative Error 0.0002841114765033126
Epoch 950 Relative Error 0.00026843161322176456
Epoch 951 Relative Error 0.00024401949485763907
Epoch 952 Relative Error 0.00025985128013417125
Epoch 953 Relative Error 0.00024223474611062557
Epoch 954 Relative Error 0.00022165455447975546
Epoch 955 Relative Error 0.00021859502885490656
Epoch 956 Relative Error 0.00027750423760153353
Epoch 957 Relative Error 0.0002821709495037794
Epoch 958 Relative Error 0.00023907487047836185
Epoch 959 Relative Error 0.00023887126008048654
Epoch 960 Relative Error 0.00022902394994162023
Epoch 961 Relative Error 0.00020970194600522518
Epoch 962 Relative Error 0.00022520771017298102
Epoch 963 Relative Error 0.00021903392917010933
Epoch 964 Relative Error 0.0002203352196374908
Epoch 965 Relative Error 0.0002196399582317099
Epoch 966 Relative Error 0.00022992579033598304
Epoch 967 Relative Error 0.00021882500732317567
Epoch 968 Relative Error 0.0002297199534950778
Epoch 969 Relative Error 0.00023782745120115578
Epoch 970 Relative Error 0.00022686657030135393
Epoch 971 Relative Error 0.00021185136574786156
Epoch 972 Relative Error 0.00021005903545301408
Epoch 973 Relative Error 0.00019444806093815714
Epoch 974 Relative Error 0.00021295265469234437
Epoch 975 Relative Error 0.0002604364126455039
Epoch 976 Relative Error 0.00029878277564421296
Epoch 977 Relative Error 0.0003168376279063523
Epoch 978 Relative Error 0.00027134225820191205
Epoch 979 Relative Error 0.0003053085820283741
Epoch 980 Relative Error 0.00036701932549476624
Epoch 981 Relative Error 0.00029762741178274155
Epoch 982 Relative Error 0.0003356237430125475
Epoch 983 Relative Error 0.0003475308767519891
Epoch 984 Relative Error 0.0003061042516492307
Epoch 985 Relative Error 0.0002721258788369596
Epoch 986 Relative Error 0.0002637930738274008
Epoch 987 Relative Error 0.000256230472587049
Epoch 988 Relative Error 0.0002696721930988133
Epoch 989 Relative Error 0.0002741775242611766
Epoch 990 Relative Error 0.0002890722535084933
Epoch 991 Relative Error 0.00027850846527144313
Epoch 992 Relative Error 0.00024224694061558694
Epoch 993 Relative Error 0.00022627443831879646
Epoch 994 Relative Error 0.00026166002498939633
Epoch 995 Relative Error 0.0002642128092702478
Epoch 996 Relative Error 0.0002450842293910682
Epoch 997 Relative Error 0.00023162343131843954
Epoch 998 Relative Error 0.00025573873426765203
Epoch 999 Relative Error 0.0002245427604066208
Epoch 1000 Relative Error 0.00023960685939528048
RE (0, 5, 7, 0): 0.00019444806093815714
Green's Function RE (0, 5, 7, 0): 0.24700699746608734
Bias Term RE (0, 5, 7, 0): 0.2809883952140808
Combination (0, 5, 7, 0, 0): 0.24628868699073792
Combination (0, 5, 7, 0, 1): 0.24654798209667206
Combination (0, 5, 7, 0, 2): 0.24662667512893677
Combination (0, 5, 7, 0, 3): 0.24665284156799316
Combination (0, 5, 7, 0, 4): 0.24666331708431244

/home/gridsan/gstepaniants/.local/lib/python3.8/site-packages/torch/functional.py:478: UserWarning: torch.meshgrid: in an upcoming release, it will be required to pass the indexing argument. (Triggered internally at  ../aten/src/ATen/native/TensorShape.cpp:2895.)
  return _VF.meshgrid(tensors, **kwargs)  # type: ignore[attr-defined]
