[KeOps] Warning : Cuda libraries were not detected on the system ; using cpu only mode
1
Kernel: SquaredExponential
Weight Mesh: 80
RKHS Kernel Width: 0.009000000000000001
Lambda: 1e-06
Green's Function Learning Rate: 100
Bias Term Learning Rate: 100
Epoch 1 Relative Error 1334.2928466796875
First epoch had re = 1334.2928466796875 > 1
Green's Function Learning Rate: 50
Bias Term Learning Rate: 50
Epoch 1 Relative Error 826.5247192382812
First epoch had re = 826.5247192382812 > 1
Green's Function Learning Rate: 10
Bias Term Learning Rate: 10
Epoch 1 Relative Error 187.40245056152344
First epoch had re = 187.40245056152344 > 1
Green's Function Learning Rate: 5
Bias Term Learning Rate: 5
Epoch 1 Relative Error 104.81492614746094
First epoch had re = 104.81492614746094 > 1
Green's Function Learning Rate: 1
Bias Term Learning Rate: 1
Epoch 1 Relative Error 14.97877025604248
First epoch had re = 14.97877025604248 > 1
Green's Function Learning Rate: 0.5
Bias Term Learning Rate: 0.5
Epoch 1 Relative Error 8.124978065490723
First epoch had re = 8.124978065490723 > 1
Green's Function Learning Rate: 0.1
Bias Term Learning Rate: 0.1
Epoch 1 Relative Error 1.374504566192627
First epoch had re = 1.374504566192627 > 1
Green's Function Learning Rate: 0.05
Bias Term Learning Rate: 0.05
Epoch 1 Relative Error 0.7362847924232483
Epoch 2 Relative Error 0.6398079991340637
Epoch 3 Relative Error 0.5547245144844055
Epoch 4 Relative Error 0.523648738861084
Epoch 5 Relative Error 0.350981205701828
Epoch 6 Relative Error 0.2826478183269501
Epoch 7 Relative Error 0.24389132857322693
Epoch 8 Relative Error 0.21204467117786407
Epoch 9 Relative Error 0.16290156543254852
Epoch 10 Relative Error 0.11267844587564468
Epoch 11 Relative Error 0.08353531360626221
Epoch 12 Relative Error 0.07787209004163742
Epoch 13 Relative Error 0.06426329910755157
Epoch 14 Relative Error 0.05192699283361435
Epoch 15 Relative Error 0.035228800028562546
Epoch 16 Relative Error 0.027823150157928467
Epoch 17 Relative Error 0.026049822568893433
Epoch 18 Relative Error 0.02060040831565857
Epoch 19 Relative Error 0.015568670816719532
Epoch 20 Relative Error 0.010947011411190033
Epoch 21 Relative Error 0.009836209937930107
Epoch 22 Relative Error 0.00790887326002121
Epoch 23 Relative Error 0.00712549639865756
Epoch 24 Relative Error 0.006206713616847992
Epoch 25 Relative Error 0.004634629935026169
Epoch 26 Relative Error 0.003779893508180976
Epoch 27 Relative Error 0.003553622169420123
Epoch 28 Relative Error 0.0031421934254467487
Epoch 29 Relative Error 0.0028918215539306402
Epoch 30 Relative Error 0.002441889140754938
Epoch 31 Relative Error 0.0022981110960245132
Epoch 32 Relative Error 0.0020458130165934563
Epoch 33 Relative Error 0.0018473111558705568
Epoch 34 Relative Error 0.001758379046805203
Epoch 35 Relative Error 0.0016263248398900032
Epoch 36 Relative Error 0.0015148012898862362
Epoch 37 Relative Error 0.001474284683354199
Epoch 38 Relative Error 0.001403258414939046
Epoch 39 Relative Error 0.0013360289158299565
Epoch 40 Relative Error 0.001306520076468587
Epoch 41 Relative Error 0.001295352471061051
Epoch 42 Relative Error 0.0012568755773827434
Epoch 43 Relative Error 0.0012040470028296113
Epoch 44 Relative Error 0.001168447663076222
Epoch 45 Relative Error 0.001125256298109889
Epoch 46 Relative Error 0.0010767604690045118
Epoch 47 Relative Error 0.0010807180078700185
Epoch 48 Relative Error 0.0010429734829813242
Epoch 49 Relative Error 0.001029507489874959
Epoch 50 Relative Error 0.0010252748616039753
Epoch 51 Relative Error 0.0009694650652818382
Epoch 52 Relative Error 0.000952838163357228
Epoch 53 Relative Error 0.0009076902642846107
Epoch 54 Relative Error 0.0009054217371158302
Epoch 55 Relative Error 0.0008812298765406013
Epoch 56 Relative Error 0.0008657941943965852
Epoch 57 Relative Error 0.0009005515603348613
Epoch 58 Relative Error 0.0008446407737210393
Epoch 59 Relative Error 0.0008356281905435026
Epoch 60 Relative Error 0.0008038115920498967
Epoch 61 Relative Error 0.0008024763665162027
Epoch 62 Relative Error 0.0008029074524529278
Epoch 63 Relative Error 0.000834369333460927
Epoch 64 Relative Error 0.00073955551488325
Epoch 65 Relative Error 0.0007430454716086388
Epoch 66 Relative Error 0.0007587955915369093
Epoch 67 Relative Error 0.0007330815424211323
Epoch 68 Relative Error 0.0007267261971719563
Epoch 69 Relative Error 0.0006941221654415131
Epoch 70 Relative Error 0.0006920210435055196
Epoch 71 Relative Error 0.000678181299008429
Epoch 72 Relative Error 0.0006659760838374496
Epoch 73 Relative Error 0.0006942544132471085
Epoch 74 Relative Error 0.0006565895746462047
Epoch 75 Relative Error 0.0006387271569110453
Epoch 76 Relative Error 0.0006306624272838235
Epoch 77 Relative Error 0.0006157426396384835
Epoch 78 Relative Error 0.0005929654580540955
Epoch 79 Relative Error 0.0006765289581380785
Epoch 80 Relative Error 0.0006030372460372746
Epoch 81 Relative Error 0.0006174850859679282
Epoch 82 Relative Error 0.0006005919422022998
Epoch 83 Relative Error 0.0005982876173220575
Epoch 84 Relative Error 0.0005771875730715692
Epoch 85 Relative Error 0.0005766766844317317
Epoch 86 Relative Error 0.0005545741878449917
Epoch 87 Relative Error 0.0005482914857566357
Epoch 88 Relative Error 0.0005199246807023883
Epoch 89 Relative Error 0.0005158314597792923
Epoch 90 Relative Error 0.0005050767795182765
Epoch 91 Relative Error 0.0005303051439113915
Epoch 92 Relative Error 0.0005131193320266902
Epoch 93 Relative Error 0.0004893403383903205
Epoch 94 Relative Error 0.0005032168119214475
Epoch 95 Relative Error 0.0004856484883930534
Epoch 96 Relative Error 0.0004915727768093348
Epoch 97 Relative Error 0.00047551514580845833
Epoch 98 Relative Error 0.00048730106209404767
Epoch 99 Relative Error 0.0005026705330237746
Epoch 100 Relative Error 0.0004643885185942054
Epoch 101 Relative Error 0.00047683031880296767
Epoch 102 Relative Error 0.00045492537901736796
Epoch 103 Relative Error 0.00048446119762957096
Epoch 104 Relative Error 0.0004696030810009688
Epoch 105 Relative Error 0.00043436308624222875
Epoch 106 Relative Error 0.00044336431892588735
Epoch 107 Relative Error 0.0004443094367161393
Epoch 108 Relative Error 0.0004270632052794099
Epoch 109 Relative Error 0.00041852574213407934
Epoch 110 Relative Error 0.00041205991874448955
Epoch 111 Relative Error 0.00040533379069529474
Epoch 112 Relative Error 0.0004196421941742301
Epoch 113 Relative Error 0.00042856059735640883
Epoch 114 Relative Error 0.0003914443077519536
Epoch 115 Relative Error 0.00041862408397719264
Epoch 116 Relative Error 0.0003902094322256744
Epoch 117 Relative Error 0.000415935181081295
Epoch 118 Relative Error 0.00039229277172125876
Epoch 119 Relative Error 0.0004239506379235536
Epoch 120 Relative Error 0.000404752092435956
Epoch 121 Relative Error 0.000433779729064554
Epoch 122 Relative Error 0.0004234172811266035
Epoch 123 Relative Error 0.00039210455724969506
Epoch 124 Relative Error 0.00040713726775720716
Epoch 125 Relative Error 0.0003672263119369745
Epoch 126 Relative Error 0.0003980120818596333
Epoch 127 Relative Error 0.00038519574445672333
Epoch 128 Relative Error 0.00039436467341147363
Epoch 129 Relative Error 0.0003978756722062826
Epoch 130 Relative Error 0.00037924625212326646
Epoch 131 Relative Error 0.0003640511422418058
Epoch 132 Relative Error 0.00036544312024489045
Epoch 133 Relative Error 0.0003909869701601565
Epoch 134 Relative Error 0.0003857387928292155
Epoch 135 Relative Error 0.0003828407498076558
Epoch 136 Relative Error 0.00037331986823119223
Epoch 137 Relative Error 0.0003827349573839456
Epoch 138 Relative Error 0.0003640579234343022
Epoch 139 Relative Error 0.0003596619935706258
Epoch 140 Relative Error 0.00038162112468853593
Epoch 141 Relative Error 0.0003567766398191452
Epoch 142 Relative Error 0.0003377698012627661
Epoch 143 Relative Error 0.0003928674559574574
Epoch 144 Relative Error 0.00037557451287284493
Epoch 145 Relative Error 0.0003565734368748963
Epoch 146 Relative Error 0.00040829647332429886
Epoch 147 Relative Error 0.0003560697368811816
Epoch 148 Relative Error 0.00035362536436878145
Epoch 149 Relative Error 0.000318009260809049
Epoch 150 Relative Error 0.00033496375544928014
Epoch 151 Relative Error 0.0003165618400089443
Epoch 152 Relative Error 0.00032738206209614873
Epoch 153 Relative Error 0.00029463990358635783
Epoch 154 Relative Error 0.00032077491050586104
Epoch 155 Relative Error 0.00035293452674522996
Epoch 156 Relative Error 0.0003210273862350732
Epoch 157 Relative Error 0.0003306098806206137
Epoch 158 Relative Error 0.0003408297779969871
Epoch 159 Relative Error 0.00031099311308935285
Epoch 160 Relative Error 0.0003006632614415139
Epoch 161 Relative Error 0.0003295595233794302
Epoch 162 Relative Error 0.0003481644089333713
Epoch 163 Relative Error 0.0003444545727688819
Epoch 164 Relative Error 0.0003094752028118819
Epoch 165 Relative Error 0.0003326140868011862
Epoch 166 Relative Error 0.0003052047686651349
Epoch 167 Relative Error 0.0002887938462663442
Epoch 168 Relative Error 0.00028225654386915267
Epoch 169 Relative Error 0.00029763838392682374
Epoch 170 Relative Error 0.0003016422560904175
Epoch 171 Relative Error 0.0002836716012097895
Epoch 172 Relative Error 0.00031340468558482826
Epoch 173 Relative Error 0.00026973392232321203
Epoch 174 Relative Error 0.000306428293697536
Epoch 175 Relative Error 0.0002735367452260107
Epoch 176 Relative Error 0.0002766599354799837
Epoch 177 Relative Error 0.00031575720640830696
Epoch 178 Relative Error 0.00031509375548921525
Epoch 179 Relative Error 0.0002926739980466664
Epoch 180 Relative Error 0.00031180836958810687
Epoch 181 Relative Error 0.00033093919046223164
Epoch 182 Relative Error 0.00030070877983234823
Epoch 183 Relative Error 0.0003008457424584776
Epoch 184 Relative Error 0.0002884265559259802
Epoch 185 Relative Error 0.0002799609210342169
Epoch 186 Relative Error 0.00025540421484038234
Epoch 187 Relative Error 0.0002937245590146631
Epoch 188 Relative Error 0.00028933025896549225
Epoch 189 Relative Error 0.00029996593366377056
Epoch 190 Relative Error 0.00030386183061636984
Epoch 191 Relative Error 0.00028651172760874033
Epoch 192 Relative Error 0.0003539685858413577
Epoch 193 Relative Error 0.0003621669311542064
Epoch 194 Relative Error 0.0003279932134319097
Epoch 195 Relative Error 0.0003049811639357358
Epoch 196 Relative Error 0.00033529329812154174
Epoch 197 Relative Error 0.0003753957571461797
Epoch 198 Relative Error 0.0003259509685449302
Epoch 199 Relative Error 0.0003108843811787665
Epoch 200 Relative Error 0.0003409861237742007
Epoch 201 Relative Error 0.000294415804091841
Epoch 202 Relative Error 0.0002994398819282651
Epoch 203 Relative Error 0.00031277883681468666
Epoch 204 Relative Error 0.00030354963382706046
Epoch 205 Relative Error 0.0002824411494657397
Epoch 206 Relative Error 0.00027236551977694035
Epoch 207 Relative Error 0.0002665607607923448
Epoch 208 Relative Error 0.0002773328742478043
Epoch 209 Relative Error 0.0002699329925235361
Epoch 210 Relative Error 0.0002795640903059393
Epoch 211 Relative Error 0.00027942907763645053
Epoch 212 Relative Error 0.0002895408251788467
Epoch 213 Relative Error 0.0002924881409853697
Epoch 214 Relative Error 0.00027922983281314373
Epoch 215 Relative Error 0.00027506743208505213
Epoch 216 Relative Error 0.0002727421233430505
Epoch 217 Relative Error 0.00032071335590444505
Epoch 218 Relative Error 0.00029899104265496135
Epoch 219 Relative Error 0.0003010083455592394
Epoch 220 Relative Error 0.0002904931316152215
Epoch 221 Relative Error 0.0002821479574777186
Epoch 222 Relative Error 0.00027183571364730597
Epoch 223 Relative Error 0.00028890735120512545
Epoch 224 Relative Error 0.000284520530840382
Epoch 225 Relative Error 0.00033212132984772325
Epoch 226 Relative Error 0.0002957029500976205
Epoch 227 Relative Error 0.00031034921994432807
Epoch 228 Relative Error 0.0002765176468528807
Epoch 229 Relative Error 0.00026882224483415484
Epoch 230 Relative Error 0.00029933900805190206
Epoch 231 Relative Error 0.00030920287827029824
Epoch 232 Relative Error 0.00026695174165070057
Epoch 233 Relative Error 0.0002466929145157337
Epoch 234 Relative Error 0.0002473476924933493
Epoch 235 Relative Error 0.00023659503494855016
Epoch 236 Relative Error 0.00030376340146176517
Epoch 237 Relative Error 0.0002723787329159677
Epoch 238 Relative Error 0.00026781894848681986
Epoch 239 Relative Error 0.0002911843475885689
Epoch 240 Relative Error 0.00027106417110189795
Epoch 241 Relative Error 0.00028379351715557277
Epoch 242 Relative Error 0.00028641935205087066
Epoch 243 Relative Error 0.0002893540367949754
Epoch 244 Relative Error 0.0003069044032599777
Epoch 245 Relative Error 0.00029621971771121025
Epoch 246 Relative Error 0.000263829278992489
Epoch 247 Relative Error 0.00026597443502396345
Epoch 248 Relative Error 0.0002743061922956258
Epoch 249 Relative Error 0.0002905707515310496
Epoch 250 Relative Error 0.00030308379791677
Epoch 251 Relative Error 0.0003203066880814731
Epoch 252 Relative Error 0.0002595993864815682
Epoch 253 Relative Error 0.0002858044463209808
Epoch 254 Relative Error 0.00027743750251829624
Epoch 255 Relative Error 0.00026365110534243286
Epoch 256 Relative Error 0.0002636561985127628
Epoch 257 Relative Error 0.00030635614530183375
Epoch 258 Relative Error 0.0002938088437076658
Epoch 259 Relative Error 0.0003436175175011158
Epoch 260 Relative Error 0.00025248952442780137
Epoch 261 Relative Error 0.00024495122488588095
Epoch 262 Relative Error 0.00031087800743989646
Epoch 263 Relative Error 0.0002509820624254644
Epoch 264 Relative Error 0.0002860116073861718
Epoch 265 Relative Error 0.00027779105585068464
Epoch 266 Relative Error 0.00033235951559618115
Epoch 267 Relative Error 0.0002995756221935153
Epoch 268 Relative Error 0.0003015387337654829
Epoch 269 Relative Error 0.0003417550469748676
Epoch 270 Relative Error 0.0005335701280273497
Epoch 271 Relative Error 0.00038221426075324416
Epoch 272 Relative Error 0.0003017578856088221
Epoch 273 Relative Error 0.00032146554440259933
Epoch 274 Relative Error 0.0003084545023739338
Epoch 275 Relative Error 0.00038127470179460943
Epoch 276 Relative Error 0.0003376527747604996
Epoch 277 Relative Error 0.0003240233054384589
Epoch 278 Relative Error 0.00030267651891335845
Epoch 279 Relative Error 0.00033013804932124913
Epoch 280 Relative Error 0.000441785145085305
Epoch 281 Relative Error 0.0004352354444563389
Epoch 282 Relative Error 0.0003291981993243098
Epoch 283 Relative Error 0.0003033665125258267
Epoch 284 Relative Error 0.00030529522337019444
Epoch 285 Relative Error 0.00033765737316571176
Epoch 286 Relative Error 0.0004035373858641833
Epoch 287 Relative Error 0.0003581024648156017
Epoch 288 Relative Error 0.0003508289810270071
Epoch 289 Relative Error 0.0003182919172104448
Epoch 290 Relative Error 0.00029270417871885
Epoch 291 Relative Error 0.0003439497377257794
Epoch 292 Relative Error 0.0003169237752445042
Epoch 293 Relative Error 0.0003108124656137079
Epoch 294 Relative Error 0.0003038691356778145
Epoch 295 Relative Error 0.0002804500691127032
Epoch 296 Relative Error 0.00030542377498932183
Epoch 297 Relative Error 0.00030858308309689164
Epoch 298 Relative Error 0.00028808513889089227
Epoch 299 Relative Error 0.0002422014658804983
Epoch 300 Relative Error 0.000277536892099306
Epoch 301 Relative Error 0.00033271691063418984
Epoch 302 Relative Error 0.00029506906867027283
Epoch 303 Relative Error 0.00026847474509850144
Epoch 304 Relative Error 0.00023872379097156227
Epoch 305 Relative Error 0.00028777652187272906
Epoch 306 Relative Error 0.00028317648684605956
Epoch 307 Relative Error 0.0002504096773918718
Epoch 308 Relative Error 0.0003372460778336972
Epoch 309 Relative Error 0.0002980430144816637
Epoch 310 Relative Error 0.00031423926702700555
Epoch 311 Relative Error 0.00031324924202635884
Epoch 312 Relative Error 0.0003038335999008268
Epoch 313 Relative Error 0.0003010632353834808
Epoch 314 Relative Error 0.0002859292726498097
Epoch 315 Relative Error 0.00026217862614430487
Epoch 316 Relative Error 0.00027540602604858577
Epoch 317 Relative Error 0.0002989564964082092
Epoch 318 Relative Error 0.00032263126922771335
Epoch 319 Relative Error 0.0003419432323426008
Epoch 320 Relative Error 0.0003065929631702602
Epoch 321 Relative Error 0.0003285155398771167
Epoch 322 Relative Error 0.00033715408062562346
Epoch 323 Relative Error 0.00031965618836693466
Epoch 324 Relative Error 0.0003317772061564028
Epoch 325 Relative Error 0.0002474120119586587
Epoch 326 Relative Error 0.00024398058303631842
Epoch 327 Relative Error 0.0002546306059230119
Epoch 328 Relative Error 0.0002981221186928451
Epoch 329 Relative Error 0.0003312265034765005
Epoch 330 Relative Error 0.0003094107087235898
Epoch 331 Relative Error 0.0003202069492544979
Epoch 332 Relative Error 0.0003481695894151926
Epoch 333 Relative Error 0.00031522527569904923
Epoch 334 Relative Error 0.0003314813948236406
Epoch 335 Relative Error 0.00029255752451717854
Epoch 336 Relative Error 0.0003132487181574106
Epoch 337 Relative Error 0.00026538767269812524
Epoch 338 Relative Error 0.0002647431392688304
Epoch 339 Relative Error 0.00026826796238310635
Epoch 340 Relative Error 0.00027827516896650195
Epoch 341 Relative Error 0.0002979770360980183
Epoch 342 Relative Error 0.000292507087578997
Epoch 343 Relative Error 0.0002922376443166286
Epoch 344 Relative Error 0.0003157594765070826
Epoch 345 Relative Error 0.00031716428929939866
Epoch 346 Relative Error 0.00025100819766521454
Epoch 347 Relative Error 0.0002759489871095866
Epoch 348 Relative Error 0.0002596410340629518
Epoch 349 Relative Error 0.0003162343637086451
Epoch 350 Relative Error 0.00031147708068601787
Epoch 351 Relative Error 0.0002983362355735153
Epoch 352 Relative Error 0.00028612767346203327
Epoch 353 Relative Error 0.0002825137344188988
Epoch 354 Relative Error 0.0002779702190309763
Epoch 355 Relative Error 0.0002854169288184494
Epoch 356 Relative Error 0.000321797386277467
Epoch 357 Relative Error 0.00031073574791662395
Epoch 358 Relative Error 0.00029937559156678617
Epoch 359 Relative Error 0.00027401503757573664
Epoch 360 Relative Error 0.0002782679221127182
Epoch 361 Relative Error 0.0003186493704561144
Epoch 362 Relative Error 0.0002500428236089647
Epoch 363 Relative Error 0.0002732700959313661
Epoch 364 Relative Error 0.0003009432111866772
Epoch 365 Relative Error 0.00028615136398002505
Epoch 366 Relative Error 0.0002853898622561246
Epoch 367 Relative Error 0.0002402431855443865
Epoch 368 Relative Error 0.00027378572849556804
Epoch 369 Relative Error 0.00023113291535992175
Epoch 370 Relative Error 0.0002873743942473084
Epoch 371 Relative Error 0.00022996550251264125
Epoch 372 Relative Error 0.00026230121147818863
Epoch 373 Relative Error 0.0002564519818406552
Epoch 374 Relative Error 0.00026557338424026966
Epoch 375 Relative Error 0.0002862479304894805
Epoch 376 Relative Error 0.0002637986035551876
Epoch 377 Relative Error 0.00026460952358320355
Epoch 378 Relative Error 0.00026616963441483676
Epoch 379 Relative Error 0.00021785279386676848
Epoch 380 Relative Error 0.00021149007079657167
Epoch 381 Relative Error 0.0002180474839406088
Epoch 382 Relative Error 0.0002517038374207914
Epoch 383 Relative Error 0.00027951603988185525
Epoch 384 Relative Error 0.00029556150548160076
Epoch 385 Relative Error 0.00025025810464285314
Epoch 386 Relative Error 0.00025692334747873247
Epoch 387 Relative Error 0.0002550381177570671
Epoch 388 Relative Error 0.00025299342814832926
Epoch 389 Relative Error 0.0002513977815397084
Epoch 390 Relative Error 0.00026225775945931673
Epoch 391 Relative Error 0.0002630268281791359
Epoch 392 Relative Error 0.00025170546723529696
Epoch 393 Relative Error 0.00023012309975456446
Epoch 394 Relative Error 0.00022395748237613589
Epoch 395 Relative Error 0.000271654746029526
Epoch 396 Relative Error 0.00025392515817657113
Epoch 397 Relative Error 0.0002628915826790035
Epoch 398 Relative Error 0.0002498029207345098
Epoch 399 Relative Error 0.0002614782133605331
Epoch 400 Relative Error 0.0003434309328440577
Epoch 401 Relative Error 0.00025532476138323545
Epoch 402 Relative Error 0.0002499407855793834
Epoch 403 Relative Error 0.0002093937509926036
Epoch 404 Relative Error 0.0002712544519454241
Epoch 405 Relative Error 0.0002693075221031904
Epoch 406 Relative Error 0.0002721600467339158
Epoch 407 Relative Error 0.0002769239363260567
Epoch 408 Relative Error 0.00029910769080743194
Epoch 409 Relative Error 0.0003453027456998825
Epoch 410 Relative Error 0.0003462226886767894
Epoch 411 Relative Error 0.00032130032195709646
Epoch 412 Relative Error 0.00033053132938221097
Epoch 413 Relative Error 0.0002985669707413763
Epoch 414 Relative Error 0.0003367566387169063
Epoch 415 Relative Error 0.00033407777664251626
Epoch 416 Relative Error 0.00028211966855451465
Epoch 417 Relative Error 0.00026534483185969293
Epoch 418 Relative Error 0.0002566860057413578
Epoch 419 Relative Error 0.00031650374876335263
Epoch 420 Relative Error 0.0003224648826289922
Epoch 421 Relative Error 0.00028582182130776346
Epoch 422 Relative Error 0.0002925429434981197
Epoch 423 Relative Error 0.00029975135112181306
Epoch 424 Relative Error 0.0002859710075426847
Epoch 425 Relative Error 0.0002915869408752769
Epoch 426 Relative Error 0.000312748656142503
Epoch 427 Relative Error 0.000261867418885231
Epoch 428 Relative Error 0.0002491073973942548
Epoch 429 Relative Error 0.00026197987608611584
Epoch 430 Relative Error 0.00027384021086618304
Epoch 431 Relative Error 0.0002713307912927121
Epoch 432 Relative Error 0.00025595774059183896
Epoch 433 Relative Error 0.0002597198763396591
Epoch 434 Relative Error 0.00022964959498494864
Epoch 435 Relative Error 0.0002238350862171501
Epoch 436 Relative Error 0.00025234895292669535
Epoch 437 Relative Error 0.00025902895140461624
Epoch 438 Relative Error 0.00024675013264641166
Epoch 439 Relative Error 0.0002533007354941219
Epoch 440 Relative Error 0.00027783107361756265
Epoch 441 Relative Error 0.00029785375227220356
Epoch 442 Relative Error 0.00034280403633601964
Epoch 443 Relative Error 0.00034190097358077765
Epoch 444 Relative Error 0.00030607805820181966
Epoch 445 Relative Error 0.00037400072324089706
Epoch 446 Relative Error 0.00031550906714983284
Epoch 447 Relative Error 0.0003049829101655632
Epoch 448 Relative Error 0.0002711878332775086
Epoch 449 Relative Error 0.0002907771267928183
Epoch 450 Relative Error 0.0002953347866423428
Epoch 451 Relative Error 0.00032955719507299364
Epoch 452 Relative Error 0.0003516154538374394
Epoch 453 Relative Error 0.00030388624873012304
Epoch 454 Relative Error 0.00026531884213909507
Epoch 455 Relative Error 0.0003558038151822984
Epoch 456 Relative Error 0.00031410972587764263
Epoch 457 Relative Error 0.0003104152565356344
Epoch 458 Relative Error 0.00030940218130126595
Epoch 459 Relative Error 0.00030131966923363507
Epoch 460 Relative Error 0.0003068170335609466
Epoch 461 Relative Error 0.00031368754571303725
Epoch 462 Relative Error 0.00032480500522069633
Epoch 463 Relative Error 0.0003188528644386679
Epoch 464 Relative Error 0.0003651683800853789
Epoch 465 Relative Error 0.0003799687256105244
Epoch 466 Relative Error 0.00034643951221369207
Epoch 467 Relative Error 0.00032821326749399304
Epoch 468 Relative Error 0.00037421341403387487
Epoch 469 Relative Error 0.0002584882895462215
Epoch 470 Relative Error 0.00031756446696817875
Epoch 471 Relative Error 0.000332432275172323
Epoch 472 Relative Error 0.00031336257234215736
Epoch 473 Relative Error 0.00025723056751303375
Epoch 474 Relative Error 0.00029648764757439494
Epoch 475 Relative Error 0.0002654394193086773
Epoch 476 Relative Error 0.000333949486957863
Epoch 477 Relative Error 0.0003478828293737024
Epoch 478 Relative Error 0.00031500679324381053
Epoch 479 Relative Error 0.0002795366453938186
Epoch 480 Relative Error 0.0002730331907514483
Epoch 481 Relative Error 0.0004295786202419549
Epoch 482 Relative Error 0.00041725696064531803
Epoch 483 Relative Error 0.00027791972388513386
Epoch 484 Relative Error 0.00031326411408372223
Epoch 485 Relative Error 0.0002998845011461526
Epoch 486 Relative Error 0.0002873180783353746
Epoch 487 Relative Error 0.00031490347464568913
Epoch 488 Relative Error 0.0002848563308361918
Epoch 489 Relative Error 0.00026643433375284076
Epoch 490 Relative Error 0.00021715571347158402
Epoch 491 Relative Error 0.00023622346634510905
Epoch 492 Relative Error 0.0002493934007361531
Epoch 493 Relative Error 0.0002588625648058951
Epoch 494 Relative Error 0.0002640776219777763
Epoch 495 Relative Error 0.0002592004311736673
Epoch 496 Relative Error 0.00025870330864563584
Epoch 497 Relative Error 0.0002810598525684327
Epoch 498 Relative Error 0.00023949766182340682
Epoch 499 Relative Error 0.0002333854208700359
Epoch 500 Relative Error 0.00026570598129183054
Epoch 501 Relative Error 0.00028130330611020327
Epoch 502 Relative Error 0.0002474142238497734
Epoch 503 Relative Error 0.00027998705627396703
Epoch 504 Relative Error 0.0002293825091328472
Epoch 505 Relative Error 0.00029120169347152114
Epoch 506 Relative Error 0.0002972311049234122
Epoch 507 Relative Error 0.0002481559058651328
Epoch 508 Relative Error 0.000351479189703241
Epoch 509 Relative Error 0.00024669914273545146
Epoch 510 Relative Error 0.0002750048879534006
Epoch 511 Relative Error 0.00023406372929457575
Epoch 512 Relative Error 0.00025721898418851197
Epoch 513 Relative Error 0.00022695331426803023
Epoch 514 Relative Error 0.00026858822093345225
Epoch 515 Relative Error 0.0002632387331686914
Epoch 516 Relative Error 0.00029362255008891225
Epoch 517 Relative Error 0.00025386118795722723
Epoch 518 Relative Error 0.00028121762443333864
Epoch 519 Relative Error 0.0002550773206166923
Epoch 520 Relative Error 0.000299056206131354
Epoch 521 Relative Error 0.00028544553788378835
Epoch 522 Relative Error 0.00027094545657746494
Epoch 523 Relative Error 0.0002571959048509598
Epoch 524 Relative Error 0.0002889902680180967
Epoch 525 Relative Error 0.0003130928671453148
Epoch 526 Relative Error 0.00035242195008322597
Epoch 527 Relative Error 0.0003219543141312897
Epoch 528 Relative Error 0.00032289535738527775
Epoch 529 Relative Error 0.0003886529302690178
Epoch 530 Relative Error 0.0003205839602742344
Epoch 531 Relative Error 0.0002912952040787786
Epoch 532 Relative Error 0.00028511567506939173
Epoch 533 Relative Error 0.0002804142714012414
Epoch 534 Relative Error 0.00024919287534430623
Epoch 535 Relative Error 0.00023477648210246116
Epoch 536 Relative Error 0.0002728192775975913
Epoch 537 Relative Error 0.0002791137376334518
Epoch 538 Relative Error 0.00026654163957573473
Epoch 539 Relative Error 0.00027108346694149077
Epoch 540 Relative Error 0.00028605374973267317
Epoch 541 Relative Error 0.00028299682890065014
Epoch 542 Relative Error 0.00035313874832354486
Epoch 543 Relative Error 0.00028596966876648366
Epoch 544 Relative Error 0.00026332182460464537
Epoch 545 Relative Error 0.00026965996949002147
Epoch 546 Relative Error 0.00028947534156031907
Epoch 547 Relative Error 0.00030047804466448724
Epoch 548 Relative Error 0.000249723088927567
Epoch 549 Relative Error 0.0002539772540330887
Epoch 550 Relative Error 0.00029821612406522036
Epoch 551 Relative Error 0.0003176619065925479
Epoch 552 Relative Error 0.00029726990032941103
Epoch 553 Relative Error 0.0002484839060343802
Epoch 554 Relative Error 0.0002982171135954559
Epoch 555 Relative Error 0.0002862245019059628
Epoch 556 Relative Error 0.00031317659886553884
Epoch 557 Relative Error 0.0003342546697240323
Epoch 558 Relative Error 0.00033148133661597967
Epoch 559 Relative Error 0.000294352212222293
Epoch 560 Relative Error 0.000316450372338295
Epoch 561 Relative Error 0.000300322484690696
Epoch 562 Relative Error 0.0002706238010432571
Epoch 563 Relative Error 0.00028693777858279645
Epoch 564 Relative Error 0.0002776801702566445
Epoch 565 Relative Error 0.000250222539762035
Epoch 566 Relative Error 0.0002648583031259477
Epoch 567 Relative Error 0.0002746042446233332
Epoch 568 Relative Error 0.00029835899476893246
Epoch 569 Relative Error 0.0003038763825315982
Epoch 570 Relative Error 0.00029738154262304306
Epoch 571 Relative Error 0.00027773340116254985
Epoch 572 Relative Error 0.00024098639551084489
Epoch 573 Relative Error 0.00025089149130508304
Epoch 574 Relative Error 0.00026390605489723384
Epoch 575 Relative Error 0.0002654502459336072
Epoch 576 Relative Error 0.0002449758176226169
Epoch 577 Relative Error 0.0002747315738815814
Epoch 578 Relative Error 0.0003574310976546258
Epoch 579 Relative Error 0.0004382942570373416
Epoch 580 Relative Error 0.00035849394043907523
Epoch 581 Relative Error 0.00035137590020895004
Epoch 582 Relative Error 0.0004723575839307159
Epoch 583 Relative Error 0.0003750039904844016
Epoch 584 Relative Error 0.00038294054684229195
Epoch 585 Relative Error 0.00037537599564529955
Epoch 586 Relative Error 0.00034152716398239136
Epoch 587 Relative Error 0.00032558711245656013
Epoch 588 Relative Error 0.00027989211957901716
Epoch 589 Relative Error 0.0002666251384653151
Epoch 590 Relative Error 0.0002818093926180154
Epoch 591 Relative Error 0.00031503825448453426
Epoch 592 Relative Error 0.00027312966994941235
Epoch 593 Relative Error 0.00026325229555368423
Epoch 594 Relative Error 0.00029395727324299514
Epoch 595 Relative Error 0.0003358373942319304
Epoch 596 Relative Error 0.00030060415156185627
Epoch 597 Relative Error 0.0003834704402834177
Epoch 598 Relative Error 0.00035002053482457995
Epoch 599 Relative Error 0.0003335332730785012
Epoch 600 Relative Error 0.0003077132860198617
Epoch 601 Relative Error 0.00030428110039792955
Epoch 602 Relative Error 0.0003141025372315198
Epoch 603 Relative Error 0.00034906697692349553
Epoch 604 Relative Error 0.0003049377119168639
Epoch 605 Relative Error 0.0003133048303425312
Epoch 606 Relative Error 0.0002961737336590886
Epoch 607 Relative Error 0.0002998730633407831
Epoch 608 Relative Error 0.00034368300111964345
Epoch 609 Relative Error 0.00032229613862000406
Epoch 610 Relative Error 0.0002585912880022079
Epoch 611 Relative Error 0.00028357308474369347
Epoch 612 Relative Error 0.0003068133373744786
Epoch 613 Relative Error 0.0002841348177753389
Epoch 614 Relative Error 0.0002586458867881447
Epoch 615 Relative Error 0.00030701010837219656
Epoch 616 Relative Error 0.00027440887060947716
Epoch 617 Relative Error 0.00031620258232578635
Epoch 618 Relative Error 0.00037519613397307694
Epoch 619 Relative Error 0.00039751219446770847
Epoch 620 Relative Error 0.0003264753322582692
Epoch 621 Relative Error 0.00032105419086292386
Epoch 622 Relative Error 0.00032114479108713567
Epoch 623 Relative Error 0.0003756189253181219
Epoch 624 Relative Error 0.0003061424067709595
Epoch 625 Relative Error 0.00038597892853431404
Epoch 626 Relative Error 0.0003094190324191004
Epoch 627 Relative Error 0.00030453194631263614
Epoch 628 Relative Error 0.00028791159274987876
Epoch 629 Relative Error 0.00028634266345761716
Epoch 630 Relative Error 0.0002632647810969502
Epoch 631 Relative Error 0.00026122649433091283
Epoch 632 Relative Error 0.00028197659412398934
Epoch 633 Relative Error 0.00024397403467446566
Epoch 634 Relative Error 0.00025710550835356116
Epoch 635 Relative Error 0.00024112928076647222
Epoch 636 Relative Error 0.0002529529738239944
Epoch 637 Relative Error 0.0002639402518980205
Epoch 638 Relative Error 0.00035078503424301744
Epoch 639 Relative Error 0.00037189997965469956
Epoch 640 Relative Error 0.0003588648687582463
Epoch 641 Relative Error 0.00030011942726559937
Epoch 642 Relative Error 0.0002914410724770278
Epoch 643 Relative Error 0.0002987078914884478
Epoch 644 Relative Error 0.00024209772527683526
Epoch 645 Relative Error 0.0002585726324468851
Epoch 646 Relative Error 0.0002272631536470726
Epoch 647 Relative Error 0.00024287644191645086
Epoch 648 Relative Error 0.0003338807146064937
Epoch 649 Relative Error 0.0002820637309923768
Epoch 650 Relative Error 0.00028849722002632916
Epoch 651 Relative Error 0.0003194679447915405
Epoch 652 Relative Error 0.00031116793979890645
Epoch 653 Relative Error 0.0002634674892760813
Epoch 654 Relative Error 0.0003090031095780432
Epoch 655 Relative Error 0.00032914994517341256
Epoch 656 Relative Error 0.00033499504206702113
Epoch 657 Relative Error 0.00029610336059704423
Epoch 658 Relative Error 0.00033190668909810483
Epoch 659 Relative Error 0.00029203612939454615
Epoch 660 Relative Error 0.00027281284565106034
Epoch 661 Relative Error 0.00033186987275257707
Epoch 662 Relative Error 0.0002951033820863813
Epoch 663 Relative Error 0.00029532855842262506
Epoch 664 Relative Error 0.0003102798364125192
Epoch 665 Relative Error 0.000238951834035106
Epoch 666 Relative Error 0.000267461669864133
Epoch 667 Relative Error 0.0002977805561386049
Epoch 668 Relative Error 0.0002608863287605345
Epoch 669 Relative Error 0.00028106049285270274
Epoch 670 Relative Error 0.00026128371246159077
Epoch 671 Relative Error 0.00025286563322879374
Epoch 672 Relative Error 0.00031855489942245185
Epoch 673 Relative Error 0.00029384426306933165
Epoch 674 Relative Error 0.0003124348586425185
Epoch 675 Relative Error 0.0003554395807441324
Epoch 676 Relative Error 0.00031543330987915397
Epoch 677 Relative Error 0.0003282832622062415
Epoch 678 Relative Error 0.0003152541466988623
Epoch 679 Relative Error 0.00030194534338079393
Epoch 680 Relative Error 0.0002879048988688737
Epoch 681 Relative Error 0.00036840050597675145
Epoch 682 Relative Error 0.00033449113834649324
Epoch 683 Relative Error 0.00032680705771781504
Epoch 684 Relative Error 0.0003343646530993283
Epoch 685 Relative Error 0.0003423473099246621
Epoch 686 Relative Error 0.0002925488806795329
Epoch 687 Relative Error 0.00032170795020647347
Epoch 688 Relative Error 0.00040452153189107776
Epoch 689 Relative Error 0.00039183892658911645
Epoch 690 Relative Error 0.0003865596081595868
Epoch 691 Relative Error 0.0003260172961745411
Epoch 692 Relative Error 0.00034714341745711863
Epoch 693 Relative Error 0.00032414679299108684
Epoch 694 Relative Error 0.0003500642778817564
Epoch 695 Relative Error 0.000352791219484061
Epoch 696 Relative Error 0.0003365004376973957
Epoch 697 Relative Error 0.0003788960457313806
Epoch 698 Relative Error 0.0003207917034160346
Epoch 699 Relative Error 0.0002841605746652931
Epoch 700 Relative Error 0.0002927534223999828
Epoch 701 Relative Error 0.00025878846645355225
Epoch 702 Relative Error 0.00025991423171944916
Epoch 703 Relative Error 0.0002472478954587132
Epoch 704 Relative Error 0.0002708599204197526
Epoch 705 Relative Error 0.0002575473044998944
Epoch 706 Relative Error 0.00032047301647253335
Epoch 707 Relative Error 0.0003525998326949775
Epoch 708 Relative Error 0.0003530787362251431
Epoch 709 Relative Error 0.0002928928879555315
Epoch 710 Relative Error 0.0003009597130585462
Epoch 711 Relative Error 0.00037888059159740806
Epoch 712 Relative Error 0.00033448130125179887
Epoch 713 Relative Error 0.0003124396316707134
Epoch 714 Relative Error 0.0003496802819427103
Epoch 715 Relative Error 0.0003754138306248933
Epoch 716 Relative Error 0.00035434128949418664
Epoch 717 Relative Error 0.00041200261330232024
Epoch 718 Relative Error 0.00040971802081912756
Epoch 719 Relative Error 0.00046367544564418495
Epoch 720 Relative Error 0.00042072826181538403
Epoch 721 Relative Error 0.00033442789572291076
Epoch 722 Relative Error 0.0003573740541469306
Epoch 723 Relative Error 0.00030869562760926783
Epoch 724 Relative Error 0.0003013694076798856
Epoch 725 Relative Error 0.0002944409498013556
Epoch 726 Relative Error 0.0003008052008226514
Epoch 727 Relative Error 0.00028946067322976887
Epoch 728 Relative Error 0.0002939457190223038
Epoch 729 Relative Error 0.0002775524917524308
Epoch 730 Relative Error 0.0002946461027022451
Epoch 731 Relative Error 0.0003457432903815061
Epoch 732 Relative Error 0.0003652624727692455
Epoch 733 Relative Error 0.0003260739613324404
Epoch 734 Relative Error 0.0003640030918177217
Epoch 735 Relative Error 0.0003659019130282104
Epoch 736 Relative Error 0.00032652655499987304
Epoch 737 Relative Error 0.00031959646730683744
Epoch 738 Relative Error 0.0003021115844603628
Epoch 739 Relative Error 0.00028372000087983906
Epoch 740 Relative Error 0.00027553614927455783
Epoch 741 Relative Error 0.000264684553258121
Epoch 742 Relative Error 0.0002577609848231077
Epoch 743 Relative Error 0.00028123578522354364
Epoch 744 Relative Error 0.00028028892120346427
Epoch 745 Relative Error 0.0002438674127915874
Epoch 746 Relative Error 0.00021511432714760303
Epoch 747 Relative Error 0.0002136225812137127
Epoch 748 Relative Error 0.0002632003743201494
Epoch 749 Relative Error 0.00037308590253815055
Epoch 750 Relative Error 0.00033698961487971246
Epoch 751 Relative Error 0.0003055398410651833
Epoch 752 Relative Error 0.0003368216275703162
Epoch 753 Relative Error 0.0003058341389987618
Epoch 754 Relative Error 0.0003528434026520699
Epoch 755 Relative Error 0.0003799591795541346
Epoch 756 Relative Error 0.00036619583261199296
Epoch 757 Relative Error 0.0003859831776935607
Epoch 758 Relative Error 0.00044954020995646715
Epoch 759 Relative Error 0.00040725021972320974
Epoch 760 Relative Error 0.000361427926691249
Epoch 761 Relative Error 0.00032131289481185377
Epoch 762 Relative Error 0.0003149040276184678
Epoch 763 Relative Error 0.0004287518677301705
Epoch 764 Relative Error 0.00039622053736820817
Epoch 765 Relative Error 0.00040060223545879126
Epoch 766 Relative Error 0.00030843610875308514
Epoch 767 Relative Error 0.0003049560764338821
Epoch 768 Relative Error 0.0003015577676706016
Epoch 769 Relative Error 0.00028668457525782287
Epoch 770 Relative Error 0.00034067867090925574
Epoch 771 Relative Error 0.0003040996380150318
Epoch 772 Relative Error 0.00036848412128165364
Epoch 773 Relative Error 0.0003466856724116951
Epoch 774 Relative Error 0.00033978623105213046
Epoch 775 Relative Error 0.00032545955036766827
Epoch 776 Relative Error 0.00032711110543459654
Epoch 777 Relative Error 0.00028618270880542696
Epoch 778 Relative Error 0.000290828465949744
Epoch 779 Relative Error 0.00031124279485084116
Epoch 780 Relative Error 0.0002989293134305626
Epoch 781 Relative Error 0.0003071024257224053
Epoch 782 Relative Error 0.00033635750878602266
Epoch 783 Relative Error 0.0002888840390369296
Epoch 784 Relative Error 0.0002626031346153468
Epoch 785 Relative Error 0.00026877649361267686
Epoch 786 Relative Error 0.0002820592781063169
Epoch 787 Relative Error 0.0003028685168828815
Epoch 788 Relative Error 0.00025146614643745124
Epoch 789 Relative Error 0.0002582374436315149
Epoch 790 Relative Error 0.00031063551432453096
Epoch 791 Relative Error 0.0003574664006009698
Epoch 792 Relative Error 0.0002955042291432619
Epoch 793 Relative Error 0.0002923177380580455
Epoch 794 Relative Error 0.00026112174964509904
Epoch 795 Relative Error 0.0002717940369620919
Epoch 796 Relative Error 0.00027436602977104485
Epoch 797 Relative Error 0.0002768397389445454
Epoch 798 Relative Error 0.00034797482658177614
Epoch 799 Relative Error 0.0003046588972210884
Epoch 800 Relative Error 0.0003135418810416013
Epoch 801 Relative Error 0.00032038145582191646
Epoch 802 Relative Error 0.0003153689904138446
Epoch 803 Relative Error 0.0003936204593628645
Epoch 804 Relative Error 0.00037456699647009373
Epoch 805 Relative Error 0.0003709203447215259
Epoch 806 Relative Error 0.00039553034002892673
Epoch 807 Relative Error 0.0003986720403190702
Epoch 808 Relative Error 0.0003092572733294219
Epoch 809 Relative Error 0.0002711340202949941
Epoch 810 Relative Error 0.0003026458143722266
Epoch 811 Relative Error 0.0003267100255470723
Epoch 812 Relative Error 0.00029243709286674857
Epoch 813 Relative Error 0.00031005070195533335
Epoch 814 Relative Error 0.0003015928086824715
Epoch 815 Relative Error 0.0003387081960681826
Epoch 816 Relative Error 0.0004310154472477734
Epoch 817 Relative Error 0.00029665211332030594
Epoch 818 Relative Error 0.0003257800417486578
Epoch 819 Relative Error 0.0003266450366936624
Epoch 820 Relative Error 0.0002824627445079386
Epoch 821 Relative Error 0.00027794670313596725
Epoch 822 Relative Error 0.0003198375052306801
Epoch 823 Relative Error 0.0003423345915507525
Epoch 824 Relative Error 0.00039537742850370705
Epoch 825 Relative Error 0.0003385830787010491
Epoch 826 Relative Error 0.00029882509261369705
Epoch 827 Relative Error 0.0002627059875521809
Epoch 828 Relative Error 0.0002802192175295204
Epoch 829 Relative Error 0.00033720358624123037
Epoch 830 Relative Error 0.0002764082164503634
Epoch 831 Relative Error 0.0002494943328201771
Epoch 832 Relative Error 0.0002587245835456997
Epoch 833 Relative Error 0.0002594532270450145
Epoch 834 Relative Error 0.00025020091561600566
Epoch 835 Relative Error 0.0002873759076464921
Epoch 836 Relative Error 0.0003215649339836091
Epoch 837 Relative Error 0.00035670227953232825
Epoch 838 Relative Error 0.00033526663901284337
Epoch 839 Relative Error 0.0002777328190859407
Epoch 840 Relative Error 0.0002876608050428331
Epoch 841 Relative Error 0.0002989358617924154
Epoch 842 Relative Error 0.00030457996763288975
Epoch 843 Relative Error 0.00027317306376062334
Epoch 844 Relative Error 0.0003114450955763459
Epoch 845 Relative Error 0.00032910125446505845
Epoch 846 Relative Error 0.0003406870237085968
Epoch 847 Relative Error 0.00029043405083939433
Epoch 848 Relative Error 0.00029775220900774
Epoch 849 Relative Error 0.00030406657606363297
Epoch 850 Relative Error 0.000251947931246832
Epoch 851 Relative Error 0.00027691060677170753
Epoch 852 Relative Error 0.00024716148618608713
Epoch 853 Relative Error 0.0002880479150917381
Epoch 854 Relative Error 0.00033357052598148584
Epoch 855 Relative Error 0.0003119615139439702
Epoch 856 Relative Error 0.00024262943770736456
Epoch 857 Relative Error 0.00029543385608121753
Epoch 858 Relative Error 0.00028309301706030965
Epoch 859 Relative Error 0.0002732720458880067
Epoch 860 Relative Error 0.0002600254665594548
Epoch 861 Relative Error 0.000279446569038555
Epoch 862 Relative Error 0.0003242312232032418
Epoch 863 Relative Error 0.0002705758670344949
Epoch 864 Relative Error 0.00033919469569809735
Epoch 865 Relative Error 0.00031738384859636426
Epoch 866 Relative Error 0.00031177859636954963
Epoch 867 Relative Error 0.0003554689174052328
Epoch 868 Relative Error 0.0003295863571111113
Epoch 869 Relative Error 0.00032198315602727234
Epoch 870 Relative Error 0.00029064304544590414
Epoch 871 Relative Error 0.00028036299045197666
Epoch 872 Relative Error 0.00028345308965072036
Epoch 873 Relative Error 0.00032406908576376736
Epoch 874 Relative Error 0.00033546556369401515
Epoch 875 Relative Error 0.00028703451971523464
Epoch 876 Relative Error 0.0003625981044024229
Epoch 877 Relative Error 0.0003829401102848351
Epoch 878 Relative Error 0.00038992834743112326
Epoch 879 Relative Error 0.0003412891528569162
Epoch 880 Relative Error 0.0003786277666222304
Epoch 881 Relative Error 0.0003397476684767753
Epoch 882 Relative Error 0.0003649418067652732
Epoch 883 Relative Error 0.0004062576044816524
Epoch 884 Relative Error 0.0003749587631318718
Epoch 885 Relative Error 0.0003332480846438557
Epoch 886 Relative Error 0.00033427923335693777
Epoch 887 Relative Error 0.0003465781919658184
Epoch 888 Relative Error 0.0003293752670288086
Epoch 889 Relative Error 0.0003239740035496652
Epoch 890 Relative Error 0.00026384874945506454
Epoch 891 Relative Error 0.00025442111655138433
Epoch 892 Relative Error 0.0002443080011289567
Epoch 893 Relative Error 0.00022647855803370476
Epoch 894 Relative Error 0.0002795701730065048
Epoch 895 Relative Error 0.00025756433024071157
Epoch 896 Relative Error 0.00030197101295925677
Epoch 897 Relative Error 0.0003071241662837565
Epoch 898 Relative Error 0.00028745978488586843
Epoch 899 Relative Error 0.00028041875339113176
Epoch 900 Relative Error 0.00031636253697797656
Epoch 901 Relative Error 0.0003838581033051014
Epoch 902 Relative Error 0.0004271878278814256
Epoch 903 Relative Error 0.0004083117819391191
Epoch 904 Relative Error 0.0003937070141546428
Epoch 905 Relative Error 0.0004232281935401261
Epoch 906 Relative Error 0.000389314693165943
Epoch 907 Relative Error 0.0003431023214943707
Epoch 908 Relative Error 0.0003106498916167766
Epoch 909 Relative Error 0.000295009755063802
Epoch 910 Relative Error 0.00033086963230744004
Epoch 911 Relative Error 0.0003600440395530313
Epoch 912 Relative Error 0.0002966403844766319
Epoch 913 Relative Error 0.00036280887434259057
Epoch 914 Relative Error 0.00034902896732091904
Epoch 915 Relative Error 0.0003110435791313648
Epoch 916 Relative Error 0.00030849158065393567
Epoch 917 Relative Error 0.00029796399758197367
Epoch 918 Relative Error 0.00027430139016360044
Epoch 919 Relative Error 0.00029170140624046326
Epoch 920 Relative Error 0.00024178708554245532
Epoch 921 Relative Error 0.00024669943377375603
Epoch 922 Relative Error 0.00020425752154551446
Epoch 923 Relative Error 0.00023029559815768152
Epoch 924 Relative Error 0.0002560681023169309
Epoch 925 Relative Error 0.000280881708022207
Epoch 926 Relative Error 0.0002726197417359799
Epoch 927 Relative Error 0.00032308135996572673
Epoch 928 Relative Error 0.0003142119094263762
Epoch 929 Relative Error 0.0002918918617069721
Epoch 930 Relative Error 0.0002953830698970705
Epoch 931 Relative Error 0.0002849816810339689
Epoch 932 Relative Error 0.0002861189132090658
Epoch 933 Relative Error 0.0002480759867466986
Epoch 934 Relative Error 0.00025435470161028206
Epoch 935 Relative Error 0.00024357771326322109
Epoch 936 Relative Error 0.00024667938123457134
Epoch 937 Relative Error 0.000264275586232543
Epoch 938 Relative Error 0.0002939836122095585
Epoch 939 Relative Error 0.00027890692581422627
Epoch 940 Relative Error 0.0002969060151372105
Epoch 941 Relative Error 0.00030284046079032123
Epoch 942 Relative Error 0.0002963663428090513
Epoch 943 Relative Error 0.00031082527129910886
Epoch 944 Relative Error 0.0003279663505963981
Epoch 945 Relative Error 0.0002784961834549904
Epoch 946 Relative Error 0.0002829073928296566
Epoch 947 Relative Error 0.000306873262161389
Epoch 948 Relative Error 0.0002665869833435863
Epoch 949 Relative Error 0.0003059568989556283
Epoch 950 Relative Error 0.0002652225666679442
Epoch 951 Relative Error 0.00026996107771992683
Epoch 952 Relative Error 0.0002636747376527637
Epoch 953 Relative Error 0.00031506686354987323
Epoch 954 Relative Error 0.00027402659179642797
Epoch 955 Relative Error 0.0002708036336116493
Epoch 956 Relative Error 0.0002905225846916437
Epoch 957 Relative Error 0.00033042728318832815
Epoch 958 Relative Error 0.00029606788302771747
Epoch 959 Relative Error 0.000304596294881776
Epoch 960 Relative Error 0.0002615162811707705
Epoch 961 Relative Error 0.00028749718330800533
Epoch 962 Relative Error 0.0003456287086009979
Epoch 963 Relative Error 0.00039319440838880837
Epoch 964 Relative Error 0.00032793061109259725
Epoch 965 Relative Error 0.00029644701862707734
Epoch 966 Relative Error 0.0002948245673906058
Epoch 967 Relative Error 0.0002838241634890437
Epoch 968 Relative Error 0.0003093350678682327
Epoch 969 Relative Error 0.00030001866980455816
Epoch 970 Relative Error 0.0003277806972619146
Epoch 971 Relative Error 0.00034274515928700566
Epoch 972 Relative Error 0.00031836354173719883
Epoch 973 Relative Error 0.0003466499038040638
Epoch 974 Relative Error 0.0003751761105377227
Epoch 975 Relative Error 0.00035255885450169444
Epoch 976 Relative Error 0.0003452545788604766
Epoch 977 Relative Error 0.00033594711567275226
Epoch 978 Relative Error 0.0002858684165403247
Epoch 979 Relative Error 0.0002685978834051639
Epoch 980 Relative Error 0.0002768066478893161
Epoch 981 Relative Error 0.0003140834451187402
Epoch 982 Relative Error 0.00025371386436745524
Epoch 983 Relative Error 0.00025829894002527
Epoch 984 Relative Error 0.0002852077304851264
Epoch 985 Relative Error 0.0002815933548845351
Epoch 986 Relative Error 0.0002545194001868367
Epoch 987 Relative Error 0.00035147348535247147
Epoch 988 Relative Error 0.0002984427846968174
Epoch 989 Relative Error 0.0003300537064205855
Epoch 990 Relative Error 0.0003542049089446664
Epoch 991 Relative Error 0.00033999502193182707
Epoch 992 Relative Error 0.0003544008650351316
Epoch 993 Relative Error 0.0002970861969515681
Epoch 994 Relative Error 0.00033816287759691477
Epoch 995 Relative Error 0.00028632572502829134
Epoch 996 Relative Error 0.00027985082124359906
Epoch 997 Relative Error 0.00029851411818526685
Epoch 998 Relative Error 0.00032867566915228963
Epoch 999 Relative Error 0.0002757898182608187
Epoch 1000 Relative Error 0.0002820138179231435
RE (1, 7, 8, 0): 0.00020425752154551446
Green's Function RE (1, 7, 8, 0): 0.006337646394968033
Bias Term RE (1, 7, 8, 0): 0.014544020406901836
Combination (1, 7, 8, 0, 0): 0.002965136431157589
Combination (1, 7, 8, 0, 1): 0.004758173134177923
Combination (1, 7, 8, 0, 2): 0.004799811635166407
Combination (1, 7, 8, 0, 3): 0.00480441190302372
Combination (1, 7, 8, 0, 4): 0.004806216806173325

/home/gridsan/gstepaniants/.local/lib/python3.8/site-packages/torch/functional.py:478: UserWarning: torch.meshgrid: in an upcoming release, it will be required to pass the indexing argument. (Triggered internally at  ../aten/src/ATen/native/TensorShape.cpp:2895.)
  return _VF.meshgrid(tensors, **kwargs)  # type: ignore[attr-defined]
