[KeOps] Warning : Cuda libraries were not detected on the system ; using cpu only mode
1
Kernel: Exponential
Weight Mesh: 60
RKHS Kernel Width: 1.0
Lambda: 1e-06
Green's Function Learning Rate: 100
Bias Term Learning Rate: 100
Epoch 1 Relative Error 37012.0859375
First epoch had re = 37012.0859375 > 1
Green's Function Learning Rate: 50
Bias Term Learning Rate: 50
Epoch 1 Relative Error 20398.017578125
First epoch had re = 20398.017578125 > 1
Green's Function Learning Rate: 10
Bias Term Learning Rate: 10
Epoch 1 Relative Error 2769.48876953125
First epoch had re = 2769.48876953125 > 1
Green's Function Learning Rate: 5
Bias Term Learning Rate: 5
Epoch 1 Relative Error 1984.1094970703125
First epoch had re = 1984.1094970703125 > 1
Green's Function Learning Rate: 1
Bias Term Learning Rate: 1
Epoch 1 Relative Error 481.0045471191406
First epoch had re = 481.0045471191406 > 1
Green's Function Learning Rate: 0.5
Bias Term Learning Rate: 0.5
Epoch 1 Relative Error 216.804443359375
First epoch had re = 216.804443359375 > 1
Green's Function Learning Rate: 0.1
Bias Term Learning Rate: 0.1
Epoch 1 Relative Error 37.12803649902344
First epoch had re = 37.12803649902344 > 1
Green's Function Learning Rate: 0.05
Bias Term Learning Rate: 0.05
Epoch 1 Relative Error 18.583375930786133
First epoch had re = 18.583375930786133 > 1
Green's Function Learning Rate: 0.01
Bias Term Learning Rate: 0.01
Epoch 1 Relative Error 3.587780475616455
First epoch had re = 3.587780475616455 > 1
Green's Function Learning Rate: 0.005
Bias Term Learning Rate: 0.005
Epoch 1 Relative Error 1.1702924966812134
First epoch had re = 1.1702924966812134 > 1
Green's Function Learning Rate: 0.001
Bias Term Learning Rate: 0.001
Epoch 1 Relative Error 1.1002516746520996
First epoch had re = 1.1002516746520996 > 1
Green's Function Learning Rate: 0.0005
Bias Term Learning Rate: 0.0005
Epoch 1 Relative Error 1.0187941789627075
First epoch had re = 1.0187941789627075 > 1
Green's Function Learning Rate: 0.0001
Bias Term Learning Rate: 0.0001
Epoch 1 Relative Error 0.8447125554084778
Epoch 2 Relative Error 0.7783153653144836
Epoch 3 Relative Error 0.8014388680458069
Epoch 4 Relative Error 0.8612607717514038
Epoch 5 Relative Error 0.9043886661529541
Epoch 6 Relative Error 0.9099069237709045
Epoch 7 Relative Error 0.8877029418945312
Epoch 8 Relative Error 0.8543752431869507
Epoch 9 Relative Error 0.8292288780212402
Epoch 10 Relative Error 0.8159788250923157
Epoch 11 Relative Error 0.8116993308067322
Epoch 12 Relative Error 0.8150978088378906
Epoch 13 Relative Error 0.8215828537940979
Epoch 14 Relative Error 0.8281975388526917
Epoch 15 Relative Error 0.830121636390686
Epoch 16 Relative Error 0.8301002383232117
Epoch 17 Relative Error 0.8257312178611755
Epoch 18 Relative Error 0.8195599913597107
Epoch 19 Relative Error 0.8171084523200989
Epoch 20 Relative Error 0.816334068775177
Epoch 21 Relative Error 0.8152770400047302
Epoch 22 Relative Error 0.8153691291809082
Epoch 23 Relative Error 0.8136899471282959
Epoch 24 Relative Error 0.8133982419967651
Epoch 25 Relative Error 0.8135039806365967
Epoch 26 Relative Error 0.8126498460769653
Epoch 27 Relative Error 0.8078503608703613
Epoch 28 Relative Error 0.803032636642456
Epoch 29 Relative Error 0.804534375667572
Epoch 30 Relative Error 0.8050870299339294
Epoch 31 Relative Error 0.8037336468696594
Epoch 32 Relative Error 0.8025897145271301
Epoch 33 Relative Error 0.8002207279205322
Epoch 34 Relative Error 0.7983397245407104
Epoch 35 Relative Error 0.7974857091903687
Epoch 36 Relative Error 0.7950044870376587
Epoch 37 Relative Error 0.7926391959190369
Epoch 38 Relative Error 0.7924071550369263
Epoch 39 Relative Error 0.7919960021972656
Epoch 40 Relative Error 0.7897031307220459
Epoch 41 Relative Error 0.7878668308258057
Epoch 42 Relative Error 0.7876123189926147
Epoch 43 Relative Error 0.7862202525138855
Epoch 44 Relative Error 0.7846300601959229
Epoch 45 Relative Error 0.7813923358917236
Epoch 46 Relative Error 0.7788028120994568
Epoch 47 Relative Error 0.7787562608718872
Epoch 48 Relative Error 0.7771374583244324
Epoch 49 Relative Error 0.7746238708496094
Epoch 50 Relative Error 0.7744385004043579
Epoch 51 Relative Error 0.7757608294487
Epoch 52 Relative Error 0.7707068920135498
Epoch 53 Relative Error 0.7671647667884827
Epoch 54 Relative Error 0.7665151953697205
Epoch 55 Relative Error 0.7648065686225891
Epoch 56 Relative Error 0.7658304572105408
Epoch 57 Relative Error 0.7668852806091309
Epoch 58 Relative Error 0.7623671889305115
Epoch 59 Relative Error 0.758135974407196
Epoch 60 Relative Error 0.7556394934654236
Epoch 61 Relative Error 0.7562549114227295
Epoch 62 Relative Error 0.7558907866477966
Epoch 63 Relative Error 0.753440260887146
Epoch 64 Relative Error 0.7523185610771179
Epoch 65 Relative Error 0.7505346536636353
Epoch 66 Relative Error 0.7496717572212219
Epoch 67 Relative Error 0.7477036714553833
Epoch 68 Relative Error 0.7463033199310303
Epoch 69 Relative Error 0.7435528635978699
Epoch 70 Relative Error 0.7397255301475525
Epoch 71 Relative Error 0.739105224609375
Epoch 72 Relative Error 0.738483190536499
Epoch 73 Relative Error 0.7383561134338379
Epoch 74 Relative Error 0.7365710139274597
Epoch 75 Relative Error 0.7343562245368958
Epoch 76 Relative Error 0.7310352325439453
Epoch 77 Relative Error 0.7295241355895996
Epoch 78 Relative Error 0.7284794449806213
Epoch 79 Relative Error 0.7291219830513
Epoch 80 Relative Error 0.727245569229126
Epoch 81 Relative Error 0.7223227620124817
Epoch 82 Relative Error 0.7204572558403015
Epoch 83 Relative Error 0.7213308811187744
Epoch 84 Relative Error 0.7202684879302979
Epoch 85 Relative Error 0.7194076776504517
Epoch 86 Relative Error 0.7170748114585876
Epoch 87 Relative Error 0.7138253450393677
Epoch 88 Relative Error 0.7115835547447205
Epoch 89 Relative Error 0.70953768491745
Epoch 90 Relative Error 0.7080519795417786
Epoch 91 Relative Error 0.7101801037788391
Epoch 92 Relative Error 0.7070873379707336
Epoch 93 Relative Error 0.7047224044799805
Epoch 94 Relative Error 0.7013176083564758
Epoch 95 Relative Error 0.6999211311340332
Epoch 96 Relative Error 0.7008711695671082
Epoch 97 Relative Error 0.7002788782119751
Epoch 98 Relative Error 0.695678174495697
Epoch 99 Relative Error 0.6930549144744873
Epoch 100 Relative Error 0.6934574246406555
Epoch 101 Relative Error 0.6929917931556702
Epoch 102 Relative Error 0.6884046792984009
Epoch 103 Relative Error 0.6882375478744507
Epoch 104 Relative Error 0.6879462599754333
Epoch 105 Relative Error 0.6874206066131592
Epoch 106 Relative Error 0.6838442087173462
Epoch 107 Relative Error 0.6798163056373596
Epoch 108 Relative Error 0.6806461811065674
Epoch 109 Relative Error 0.6796749830245972
Epoch 110 Relative Error 0.6762019395828247
Epoch 111 Relative Error 0.6757487654685974
Epoch 112 Relative Error 0.6745279431343079
Epoch 113 Relative Error 0.6734244227409363
Epoch 114 Relative Error 0.6711694002151489
Epoch 115 Relative Error 0.6701701879501343
Epoch 116 Relative Error 0.6672968864440918
Epoch 117 Relative Error 0.6655939221382141
Epoch 118 Relative Error 0.6642614603042603
Epoch 119 Relative Error 0.6630297899246216
Epoch 120 Relative Error 0.6628540754318237
Epoch 121 Relative Error 0.6609986424446106
Epoch 122 Relative Error 0.6601758003234863
Epoch 123 Relative Error 0.6583055853843689
Epoch 124 Relative Error 0.6543657779693604
Epoch 125 Relative Error 0.6535528898239136
Epoch 126 Relative Error 0.6550027132034302
Epoch 127 Relative Error 0.6552652716636658
Epoch 128 Relative Error 0.647339403629303
Epoch 129 Relative Error 0.6463634967803955
Epoch 130 Relative Error 0.6460961699485779
Epoch 131 Relative Error 0.6469725966453552
Epoch 132 Relative Error 0.6448867321014404
Epoch 133 Relative Error 0.6419675946235657
Epoch 134 Relative Error 0.6405146718025208
Epoch 135 Relative Error 0.6387028694152832
Epoch 136 Relative Error 0.6385511755943298
Epoch 137 Relative Error 0.6369835734367371
Epoch 138 Relative Error 0.6344332098960876
Epoch 139 Relative Error 0.6343082189559937
Epoch 140 Relative Error 0.6326799392700195
Epoch 141 Relative Error 0.6313713788986206
Epoch 142 Relative Error 0.6290387511253357
Epoch 143 Relative Error 0.6280895471572876
Epoch 144 Relative Error 0.6286324262619019
Epoch 145 Relative Error 0.6251602172851562
Epoch 146 Relative Error 0.6232160329818726
Epoch 147 Relative Error 0.6230765581130981
Epoch 148 Relative Error 0.6215923428535461
Epoch 149 Relative Error 0.6198963522911072
Epoch 150 Relative Error 0.6181238889694214
Epoch 151 Relative Error 0.6167980432510376
Epoch 152 Relative Error 0.615944504737854
Epoch 153 Relative Error 0.6132229566574097
Epoch 154 Relative Error 0.6135780811309814
Epoch 155 Relative Error 0.6124892234802246
Epoch 156 Relative Error 0.6104622483253479
Epoch 157 Relative Error 0.6091342568397522
Epoch 158 Relative Error 0.6069960594177246
Epoch 159 Relative Error 0.6071632504463196
Epoch 160 Relative Error 0.6054874658584595
Epoch 161 Relative Error 0.6047026515007019
Epoch 162 Relative Error 0.6011208891868591
Epoch 163 Relative Error 0.6000363230705261
Epoch 164 Relative Error 0.6008835434913635
Epoch 165 Relative Error 0.5982198715209961
Epoch 166 Relative Error 0.5963607430458069
Epoch 167 Relative Error 0.596802294254303
Epoch 168 Relative Error 0.5971966981887817
Epoch 169 Relative Error 0.5924820303916931
Epoch 170 Relative Error 0.5900776982307434
Epoch 171 Relative Error 0.5896665453910828
Epoch 172 Relative Error 0.5909076929092407
Epoch 173 Relative Error 0.5916305184364319
Epoch 174 Relative Error 0.586529016494751
Epoch 175 Relative Error 0.584692656993866
Epoch 176 Relative Error 0.5851688981056213
Epoch 177 Relative Error 0.5834121108055115
Epoch 178 Relative Error 0.5828794836997986
Epoch 179 Relative Error 0.5836172699928284
Epoch 180 Relative Error 0.5783223509788513
Epoch 181 Relative Error 0.5779204368591309
Epoch 182 Relative Error 0.577580988407135
Epoch 183 Relative Error 0.5762314796447754
Epoch 184 Relative Error 0.5761193633079529
Epoch 185 Relative Error 0.5762063264846802
Epoch 186 Relative Error 0.5728685855865479
Epoch 187 Relative Error 0.5688643455505371
Epoch 188 Relative Error 0.570122480392456
Epoch 189 Relative Error 0.5707124471664429
Epoch 190 Relative Error 0.5693200826644897
Epoch 191 Relative Error 0.5678925514221191
Epoch 192 Relative Error 0.5658138394355774
Epoch 193 Relative Error 0.5647818446159363
Epoch 194 Relative Error 0.5642312169075012
Epoch 195 Relative Error 0.5636428594589233
Epoch 196 Relative Error 0.5624098181724548
Epoch 197 Relative Error 0.5594040751457214
Epoch 198 Relative Error 0.5574131011962891
Epoch 199 Relative Error 0.5589768886566162
Epoch 200 Relative Error 0.5583210587501526
Epoch 201 Relative Error 0.5565845966339111
Epoch 202 Relative Error 0.5557559132575989
Epoch 203 Relative Error 0.5538068413734436
Epoch 204 Relative Error 0.5531809329986572
Epoch 205 Relative Error 0.5523982048034668
Epoch 206 Relative Error 0.5512692332267761
Epoch 207 Relative Error 0.5486089587211609
Epoch 208 Relative Error 0.5478752255439758
Epoch 209 Relative Error 0.5488213896751404
Epoch 210 Relative Error 0.5482425689697266
Epoch 211 Relative Error 0.5447985529899597
Epoch 212 Relative Error 0.5430697202682495
Epoch 213 Relative Error 0.5450421571731567
Epoch 214 Relative Error 0.5443553924560547
Epoch 215 Relative Error 0.542197585105896
Epoch 216 Relative Error 0.5404912233352661
Epoch 217 Relative Error 0.5394964218139648
Epoch 218 Relative Error 0.5388866066932678
Epoch 219 Relative Error 0.5393328666687012
Epoch 220 Relative Error 0.5379878282546997
Epoch 221 Relative Error 0.5348390936851501
Epoch 222 Relative Error 0.5338839888572693
Epoch 223 Relative Error 0.5346348285675049
Epoch 224 Relative Error 0.5339068174362183
Epoch 225 Relative Error 0.533112108707428
Epoch 226 Relative Error 0.5309469699859619
Epoch 227 Relative Error 0.5296907424926758
Epoch 228 Relative Error 0.5298676490783691
Epoch 229 Relative Error 0.5278169512748718
Epoch 230 Relative Error 0.5272902846336365
Epoch 231 Relative Error 0.5280495882034302
Epoch 232 Relative Error 0.5256673097610474
Epoch 233 Relative Error 0.5250715613365173
Epoch 234 Relative Error 0.5246275663375854
Epoch 235 Relative Error 0.5219717621803284
Epoch 236 Relative Error 0.5217717289924622
Epoch 237 Relative Error 0.5212535262107849
Epoch 238 Relative Error 0.5218533873558044
Epoch 239 Relative Error 0.5204218029975891
Epoch 240 Relative Error 0.5162566304206848
Epoch 241 Relative Error 0.5175653696060181
Epoch 242 Relative Error 0.5184705853462219
Epoch 243 Relative Error 0.5169342160224915
Epoch 244 Relative Error 0.5141444802284241
Epoch 245 Relative Error 0.5151696801185608
Epoch 246 Relative Error 0.5154364109039307
Epoch 247 Relative Error 0.5120725631713867
Epoch 248 Relative Error 0.5115810632705688
Epoch 249 Relative Error 0.5118860006332397
Epoch 250 Relative Error 0.510338544845581
Epoch 251 Relative Error 0.509265124797821
Epoch 252 Relative Error 0.5087714195251465
Epoch 253 Relative Error 0.5083437561988831
Epoch 254 Relative Error 0.5082448124885559
Epoch 255 Relative Error 0.5059507489204407
Epoch 256 Relative Error 0.5057664513587952
Epoch 257 Relative Error 0.5039980411529541
Epoch 258 Relative Error 0.5049690008163452
Epoch 259 Relative Error 0.5043745040893555
Epoch 260 Relative Error 0.5026617050170898
Epoch 261 Relative Error 0.5019931793212891
Epoch 262 Relative Error 0.5006599426269531
Epoch 263 Relative Error 0.5009072422981262
Epoch 264 Relative Error 0.49985551834106445
Epoch 265 Relative Error 0.49848923087120056
Epoch 266 Relative Error 0.49991855025291443
Epoch 267 Relative Error 0.4972914755344391
Epoch 268 Relative Error 0.49599260091781616
Epoch 269 Relative Error 0.4969344735145569
Epoch 270 Relative Error 0.49453049898147583
Epoch 271 Relative Error 0.495929092168808
Epoch 272 Relative Error 0.49317413568496704
Epoch 273 Relative Error 0.4938832223415375
Epoch 274 Relative Error 0.49309301376342773
Epoch 275 Relative Error 0.49180155992507935
Epoch 276 Relative Error 0.4915549159049988
Epoch 277 Relative Error 0.48942917585372925
Epoch 278 Relative Error 0.4901934266090393
Epoch 279 Relative Error 0.4895396828651428
Epoch 280 Relative Error 0.488979697227478
Epoch 281 Relative Error 0.48641008138656616
Epoch 282 Relative Error 0.4872387647628784
Epoch 283 Relative Error 0.4870060086250305
Epoch 284 Relative Error 0.4868731200695038
Epoch 285 Relative Error 0.48564401268959045
Epoch 286 Relative Error 0.4848521649837494
Epoch 287 Relative Error 0.48373767733573914
Epoch 288 Relative Error 0.48295605182647705
Epoch 289 Relative Error 0.4827776551246643
Epoch 290 Relative Error 0.4832262098789215
Epoch 291 Relative Error 0.4816371202468872
Epoch 292 Relative Error 0.4809243381023407
Epoch 293 Relative Error 0.4799027144908905
Epoch 294 Relative Error 0.47857242822647095
Epoch 295 Relative Error 0.4787871241569519
Epoch 296 Relative Error 0.47979599237442017
Epoch 297 Relative Error 0.4782963991165161
Epoch 298 Relative Error 0.476193368434906
Epoch 299 Relative Error 0.4766450524330139
Epoch 300 Relative Error 0.4760230481624603
Epoch 301 Relative Error 0.47552505135536194
Epoch 302 Relative Error 0.4748554527759552
Epoch 303 Relative Error 0.47491487860679626
Epoch 304 Relative Error 0.474703311920166
Epoch 305 Relative Error 0.4736739695072174
Epoch 306 Relative Error 0.472190797328949
Epoch 307 Relative Error 0.47231659293174744
Epoch 308 Relative Error 0.471589595079422
Epoch 309 Relative Error 0.4715631604194641
Epoch 310 Relative Error 0.4708603322505951
Epoch 311 Relative Error 0.46980157494544983
Epoch 312 Relative Error 0.46822062134742737
Epoch 313 Relative Error 0.46986788511276245
Epoch 314 Relative Error 0.46794813871383667
Epoch 315 Relative Error 0.467660516500473
Epoch 316 Relative Error 0.4673977196216583
Epoch 317 Relative Error 0.4673497974872589
Epoch 318 Relative Error 0.4662066400051117
Epoch 319 Relative Error 0.4657633304595947
Epoch 320 Relative Error 0.4654081165790558
Epoch 321 Relative Error 0.46496883034706116
Epoch 322 Relative Error 0.46383172273635864
Epoch 323 Relative Error 0.46460336446762085
Epoch 324 Relative Error 0.46324944496154785
Epoch 325 Relative Error 0.4625995457172394
Epoch 326 Relative Error 0.462431401014328
Epoch 327 Relative Error 0.46249863505363464
Epoch 328 Relative Error 0.46167340874671936
Epoch 329 Relative Error 0.45993247628211975
Epoch 330 Relative Error 0.46036896109580994
Epoch 331 Relative Error 0.4603700637817383
Epoch 332 Relative Error 0.4587440490722656
Epoch 333 Relative Error 0.45886844396591187
Epoch 334 Relative Error 0.45871949195861816
Epoch 335 Relative Error 0.4593524932861328
Epoch 336 Relative Error 0.4572979211807251
Epoch 337 Relative Error 0.45706331729888916
Epoch 338 Relative Error 0.45652151107788086
Epoch 339 Relative Error 0.456010639667511
Epoch 340 Relative Error 0.45617374777793884
Epoch 341 Relative Error 0.45539233088493347
Epoch 342 Relative Error 0.45442938804626465
Epoch 343 Relative Error 0.456041544675827
Epoch 344 Relative Error 0.4539634585380554
Epoch 345 Relative Error 0.45256510376930237
Epoch 346 Relative Error 0.4536744952201843
Epoch 347 Relative Error 0.4538919925689697
Epoch 348 Relative Error 0.45262423157691956
Epoch 349 Relative Error 0.45121389627456665
Epoch 350 Relative Error 0.45108646154403687
Epoch 351 Relative Error 0.4513918459415436
Epoch 352 Relative Error 0.45110365748405457
Epoch 353 Relative Error 0.4511985182762146
Epoch 354 Relative Error 0.4496042728424072
Epoch 355 Relative Error 0.44878607988357544
Epoch 356 Relative Error 0.44902503490448
Epoch 357 Relative Error 0.4486246109008789
Epoch 358 Relative Error 0.44887998700141907
Epoch 359 Relative Error 0.44828835129737854
Epoch 360 Relative Error 0.44764915108680725
Epoch 361 Relative Error 0.4471029043197632
Epoch 362 Relative Error 0.4461357295513153
Epoch 363 Relative Error 0.447640985250473
Epoch 364 Relative Error 0.4465014636516571
Epoch 365 Relative Error 0.44544142484664917
Epoch 366 Relative Error 0.4450318515300751
Epoch 367 Relative Error 0.44486647844314575
Epoch 368 Relative Error 0.4452080726623535
Epoch 369 Relative Error 0.44395679235458374
Epoch 370 Relative Error 0.44363003969192505
Epoch 371 Relative Error 0.44356805086135864
Epoch 372 Relative Error 0.4431292414665222
Epoch 373 Relative Error 0.4433557093143463
Epoch 374 Relative Error 0.442685604095459
Epoch 375 Relative Error 0.4412638247013092
Epoch 376 Relative Error 0.4420732855796814
Epoch 377 Relative Error 0.4422493577003479
Epoch 378 Relative Error 0.44092032313346863
Epoch 379 Relative Error 0.44049271941185
Epoch 380 Relative Error 0.4403287470340729
Epoch 381 Relative Error 0.44037434458732605
Epoch 382 Relative Error 0.4396291673183441
Epoch 383 Relative Error 0.43933606147766113
Epoch 384 Relative Error 0.43932339549064636
Epoch 385 Relative Error 0.4394287168979645
Epoch 386 Relative Error 0.4382536709308624
Epoch 387 Relative Error 0.4376845955848694
Epoch 388 Relative Error 0.4376407861709595
Epoch 389 Relative Error 0.438076376914978
Epoch 390 Relative Error 0.43762075901031494
Epoch 391 Relative Error 0.4367450475692749
Epoch 392 Relative Error 0.4359857141971588
Epoch 393 Relative Error 0.43699911236763
Epoch 394 Relative Error 0.4362989664077759
Epoch 395 Relative Error 0.4351710379123688
Epoch 396 Relative Error 0.4352920353412628
Epoch 397 Relative Error 0.4354548752307892
Epoch 398 Relative Error 0.4351564645767212
Epoch 399 Relative Error 0.4345107674598694
Epoch 400 Relative Error 0.4339962899684906
Epoch 401 Relative Error 0.4339371621608734
Epoch 402 Relative Error 0.43346601724624634
Epoch 403 Relative Error 0.43275341391563416
Epoch 404 Relative Error 0.43345287442207336
Epoch 405 Relative Error 0.4330669045448303
Epoch 406 Relative Error 0.4323107600212097
Epoch 407 Relative Error 0.432118684053421
Epoch 408 Relative Error 0.4322710335254669
Epoch 409 Relative Error 0.4314088523387909
Epoch 410 Relative Error 0.43162286281585693
Epoch 411 Relative Error 0.4317408800125122
Epoch 412 Relative Error 0.4308980405330658
Epoch 413 Relative Error 0.4299626350402832
Epoch 414 Relative Error 0.4307994842529297
Epoch 415 Relative Error 0.4300609529018402
Epoch 416 Relative Error 0.42959678173065186
Epoch 417 Relative Error 0.42970797419548035
Epoch 418 Relative Error 0.4287245273590088
Epoch 419 Relative Error 0.4287763833999634
Epoch 420 Relative Error 0.4292570948600769
Epoch 421 Relative Error 0.42862847447395325
Epoch 422 Relative Error 0.42769742012023926
Epoch 423 Relative Error 0.4280398488044739
Epoch 424 Relative Error 0.4281894266605377
Epoch 425 Relative Error 0.42815712094306946
Epoch 426 Relative Error 0.4271101653575897
Epoch 427 Relative Error 0.4259117543697357
Epoch 428 Relative Error 0.42680320143699646
Epoch 429 Relative Error 0.4272807538509369
Epoch 430 Relative Error 0.42612022161483765
Epoch 431 Relative Error 0.42581722140312195
Epoch 432 Relative Error 0.4260813295841217
Epoch 433 Relative Error 0.42564132809638977
Epoch 434 Relative Error 0.4249820113182068
Epoch 435 Relative Error 0.4252760112285614
Epoch 436 Relative Error 0.42522335052490234
Epoch 437 Relative Error 0.424382746219635
Epoch 438 Relative Error 0.42472344636917114
Epoch 439 Relative Error 0.4241667091846466
Epoch 440 Relative Error 0.42385825514793396
Epoch 441 Relative Error 0.42378631234169006
Epoch 442 Relative Error 0.4232189953327179
Epoch 443 Relative Error 0.4233371615409851
Epoch 444 Relative Error 0.422962486743927
Epoch 445 Relative Error 0.4230605661869049
Epoch 446 Relative Error 0.42243021726608276
Epoch 447 Relative Error 0.42242902517318726
Epoch 448 Relative Error 0.4222140312194824
Epoch 449 Relative Error 0.42256608605384827
Epoch 450 Relative Error 0.42112985253334045
Epoch 451 Relative Error 0.4212658107280731
Epoch 452 Relative Error 0.4217085838317871
Epoch 453 Relative Error 0.42146337032318115
Epoch 454 Relative Error 0.42092394828796387
Epoch 455 Relative Error 0.4203642010688782
Epoch 456 Relative Error 0.42075759172439575
Epoch 457 Relative Error 0.42066287994384766
Epoch 458 Relative Error 0.4200545847415924
Epoch 459 Relative Error 0.4197888672351837
Epoch 460 Relative Error 0.4195832908153534
Epoch 461 Relative Error 0.4205937087535858
Epoch 462 Relative Error 0.4190806448459625
Epoch 463 Relative Error 0.41876402497291565
Epoch 464 Relative Error 0.41899535059928894
Epoch 465 Relative Error 0.41942739486694336
Epoch 466 Relative Error 0.41821977496147156
Epoch 467 Relative Error 0.4181721806526184
Epoch 468 Relative Error 0.4182215631008148
Epoch 469 Relative Error 0.41809138655662537
Epoch 470 Relative Error 0.4179152846336365
Epoch 471 Relative Error 0.4178864657878876
Epoch 472 Relative Error 0.4174278974533081
Epoch 473 Relative Error 0.41730308532714844
Epoch 474 Relative Error 0.41720983386039734
Epoch 475 Relative Error 0.41707557439804077
Epoch 476 Relative Error 0.41651248931884766
Epoch 477 Relative Error 0.4166359007358551
Epoch 478 Relative Error 0.4164204001426697
Epoch 479 Relative Error 0.4163675606250763
Epoch 480 Relative Error 0.41666749119758606
Epoch 481 Relative Error 0.4155644178390503
Epoch 482 Relative Error 0.4151805639266968
Epoch 483 Relative Error 0.41574907302856445
Epoch 484 Relative Error 0.4157046675682068
Epoch 485 Relative Error 0.41522520780563354
Epoch 486 Relative Error 0.41457077860832214
Epoch 487 Relative Error 0.4145645797252655
Epoch 488 Relative Error 0.41547831892967224
Epoch 489 Relative Error 0.41477373242378235
Epoch 490 Relative Error 0.4142124652862549
Epoch 491 Relative Error 0.4135611355304718
Epoch 492 Relative Error 0.4143745005130768
Epoch 493 Relative Error 0.41431891918182373
Epoch 494 Relative Error 0.4136922359466553
Epoch 495 Relative Error 0.41328877210617065
Epoch 496 Relative Error 0.4134078323841095
Epoch 497 Relative Error 0.41339823603630066
Epoch 498 Relative Error 0.41316115856170654
Epoch 499 Relative Error 0.41291606426239014
Epoch 500 Relative Error 0.41267311573028564
Epoch 501 Relative Error 0.41250893473625183
Epoch 502 Relative Error 0.4126967787742615
Epoch 503 Relative Error 0.41239872574806213
Epoch 504 Relative Error 0.4118292033672333
Epoch 505 Relative Error 0.41192322969436646
Epoch 506 Relative Error 0.4121837317943573
Epoch 507 Relative Error 0.4116120934486389
Epoch 508 Relative Error 0.4115002453327179
Epoch 509 Relative Error 0.41131359338760376
Epoch 510 Relative Error 0.4113263785839081
Epoch 511 Relative Error 0.41139236092567444
Epoch 512 Relative Error 0.4108808636665344
Epoch 513 Relative Error 0.4106423854827881
Epoch 514 Relative Error 0.4107664227485657
Epoch 515 Relative Error 0.410537987947464
Epoch 516 Relative Error 0.41028955578804016
Epoch 517 Relative Error 0.4102334976196289
Epoch 518 Relative Error 0.4099181294441223
Epoch 519 Relative Error 0.4099620282649994
Epoch 520 Relative Error 0.4100831151008606
Epoch 521 Relative Error 0.40980997681617737
Epoch 522 Relative Error 0.4092428982257843
Epoch 523 Relative Error 0.4094681441783905
Epoch 524 Relative Error 0.4095306396484375
Epoch 525 Relative Error 0.4088466465473175
Epoch 526 Relative Error 0.40858355164527893
Epoch 527 Relative Error 0.4090409576892853
Epoch 528 Relative Error 0.4088980555534363
Epoch 529 Relative Error 0.4087040424346924
Epoch 530 Relative Error 0.40822815895080566
Epoch 531 Relative Error 0.4080694317817688
Epoch 532 Relative Error 0.40837550163269043
Epoch 533 Relative Error 0.4082544147968292
Epoch 534 Relative Error 0.4076407551765442
Epoch 535 Relative Error 0.4075327217578888
Epoch 536 Relative Error 0.4077814519405365
Epoch 537 Relative Error 0.4078823924064636
Epoch 538 Relative Error 0.40727829933166504
Epoch 539 Relative Error 0.4070613384246826
Epoch 540 Relative Error 0.4070318937301636
Epoch 541 Relative Error 0.4069693088531494
Epoch 542 Relative Error 0.40693333745002747
Epoch 543 Relative Error 0.40678977966308594
Epoch 544 Relative Error 0.40663889050483704
Epoch 545 Relative Error 0.40642887353897095
Epoch 546 Relative Error 0.40641453862190247
Epoch 547 Relative Error 0.40614408254623413
Epoch 548 Relative Error 0.40595465898513794
Epoch 549 Relative Error 0.4062464237213135
Epoch 550 Relative Error 0.40629592537879944
Epoch 551 Relative Error 0.40554049611091614
Epoch 552 Relative Error 0.405386358499527
Epoch 553 Relative Error 0.4054802358150482
Epoch 554 Relative Error 0.40565675497055054
Epoch 555 Relative Error 0.4057701826095581
Epoch 556 Relative Error 0.40503552556037903
Epoch 557 Relative Error 0.4045647978782654
Epoch 558 Relative Error 0.4048326313495636
Epoch 559 Relative Error 0.4051268398761749
Epoch 560 Relative Error 0.4045931100845337
Epoch 561 Relative Error 0.4045718014240265
Epoch 562 Relative Error 0.4046340882778168
Epoch 563 Relative Error 0.40463942289352417
Epoch 564 Relative Error 0.4038980007171631
Epoch 565 Relative Error 0.40385451912879944
Epoch 566 Relative Error 0.40425488352775574
Epoch 567 Relative Error 0.40433835983276367
Epoch 568 Relative Error 0.40349912643432617
Epoch 569 Relative Error 0.40348851680755615
Epoch 570 Relative Error 0.40375232696533203
Epoch 571 Relative Error 0.4035310447216034
Epoch 572 Relative Error 0.40326565504074097
Epoch 573 Relative Error 0.4032440781593323
Epoch 574 Relative Error 0.40295514464378357
Epoch 575 Relative Error 0.40327662229537964
Epoch 576 Relative Error 0.4030902087688446
Epoch 577 Relative Error 0.4025907516479492
Epoch 578 Relative Error 0.40241384506225586
Epoch 579 Relative Error 0.4029690623283386
Epoch 580 Relative Error 0.40254318714141846
Epoch 581 Relative Error 0.40217700600624084
Epoch 582 Relative Error 0.40222373604774475
Epoch 583 Relative Error 0.4020835757255554
Epoch 584 Relative Error 0.40209218859672546
Epoch 585 Relative Error 0.40200912952423096
Epoch 586 Relative Error 0.4018901288509369
Epoch 587 Relative Error 0.40182673931121826
Epoch 588 Relative Error 0.4015392065048218
Epoch 589 Relative Error 0.4013141393661499
Epoch 590 Relative Error 0.4015413522720337
Epoch 591 Relative Error 0.40140318870544434
Epoch 592 Relative Error 0.4011804461479187
Epoch 593 Relative Error 0.4010355472564697
Epoch 594 Relative Error 0.40090933442115784
Epoch 595 Relative Error 0.40109825134277344
Epoch 596 Relative Error 0.4009624123573303
Epoch 597 Relative Error 0.4006170332431793
Epoch 598 Relative Error 0.40053999423980713
Epoch 599 Relative Error 0.4004741907119751
Epoch 600 Relative Error 0.4005087614059448
Epoch 601 Relative Error 0.40047651529312134
Epoch 602 Relative Error 0.4002223610877991
Epoch 603 Relative Error 0.39974772930145264
Epoch 604 Relative Error 0.3999141454696655
Epoch 605 Relative Error 0.40010866522789
Epoch 606 Relative Error 0.4000122845172882
Epoch 607 Relative Error 0.39971640706062317
Epoch 608 Relative Error 0.3995472490787506
Epoch 609 Relative Error 0.3993835151195526
Epoch 610 Relative Error 0.39949482679367065
Epoch 611 Relative Error 0.3994804918766022
Epoch 612 Relative Error 0.3992139399051666
Epoch 613 Relative Error 0.3990456759929657
Epoch 614 Relative Error 0.39903080463409424
Epoch 615 Relative Error 0.3990662097930908
Epoch 616 Relative Error 0.39893028140068054
Epoch 617 Relative Error 0.3987676501274109
Epoch 618 Relative Error 0.3987356424331665
Epoch 619 Relative Error 0.39854541420936584
Epoch 620 Relative Error 0.39826080203056335
Epoch 621 Relative Error 0.3983883559703827
Epoch 622 Relative Error 0.39843907952308655
Epoch 623 Relative Error 0.3982004225254059
Epoch 624 Relative Error 0.398019015789032
Epoch 625 Relative Error 0.3979666233062744
Epoch 626 Relative Error 0.3979254364967346
Epoch 627 Relative Error 0.397999107837677
Epoch 628 Relative Error 0.3976311981678009
Epoch 629 Relative Error 0.39767199754714966
Epoch 630 Relative Error 0.3976321518421173
Epoch 631 Relative Error 0.397419810295105
Epoch 632 Relative Error 0.3971928656101227
Epoch 633 Relative Error 0.39744076132774353
Epoch 634 Relative Error 0.3972133994102478
Epoch 635 Relative Error 0.39717957377433777
Epoch 636 Relative Error 0.3970208764076233
Epoch 637 Relative Error 0.39693892002105713
Epoch 638 Relative Error 0.39683833718299866
Epoch 639 Relative Error 0.39666855335235596
Epoch 640 Relative Error 0.39671504497528076
Epoch 641 Relative Error 0.39659151434898376
Epoch 642 Relative Error 0.39646220207214355
Epoch 643 Relative Error 0.39637136459350586
Epoch 644 Relative Error 0.39631879329681396
Epoch 645 Relative Error 0.3963947296142578
Epoch 646 Relative Error 0.3960415720939636
Epoch 647 Relative Error 0.39593634009361267
Epoch 648 Relative Error 0.396074116230011
Epoch 649 Relative Error 0.39581334590911865
Epoch 650 Relative Error 0.3958612084388733
Epoch 651 Relative Error 0.3957158923149109
Epoch 652 Relative Error 0.39559799432754517
Epoch 653 Relative Error 0.39558497071266174
Epoch 654 Relative Error 0.39552608132362366
Epoch 655 Relative Error 0.39533939957618713
Epoch 656 Relative Error 0.39524492621421814
Epoch 657 Relative Error 0.39517661929130554
Epoch 658 Relative Error 0.3951857089996338
Epoch 659 Relative Error 0.39508309960365295
Epoch 660 Relative Error 0.39495670795440674
Epoch 661 Relative Error 0.394777774810791
Epoch 662 Relative Error 0.39482778310775757
Epoch 663 Relative Error 0.3947593569755554
Epoch 664 Relative Error 0.3945780098438263
Epoch 665 Relative Error 0.3945316672325134
Epoch 666 Relative Error 0.3944414556026459
Epoch 667 Relative Error 0.39438629150390625
Epoch 668 Relative Error 0.3944086730480194
Epoch 669 Relative Error 0.3940694332122803
Epoch 670 Relative Error 0.39401498436927795
Epoch 671 Relative Error 0.3940660357475281
Epoch 672 Relative Error 0.39399856328964233
Epoch 673 Relative Error 0.3938668966293335
Epoch 674 Relative Error 0.3938256502151489
Epoch 675 Relative Error 0.39366069436073303
Epoch 676 Relative Error 0.3936232924461365
Epoch 677 Relative Error 0.39359521865844727
Epoch 678 Relative Error 0.3935285806655884
Epoch 679 Relative Error 0.393356591463089
Epoch 680 Relative Error 0.3931891620159149
Epoch 681 Relative Error 0.3932897746562958
Epoch 682 Relative Error 0.393283486366272
Epoch 683 Relative Error 0.39285025000572205
Epoch 684 Relative Error 0.3929379880428314
Epoch 685 Relative Error 0.3929780125617981
Epoch 686 Relative Error 0.3930164575576782
Epoch 687 Relative Error 0.3925913870334625
Epoch 688 Relative Error 0.3926585018634796
Epoch 689 Relative Error 0.3926290273666382
Epoch 690 Relative Error 0.39255043864250183
Epoch 691 Relative Error 0.39240771532058716
Epoch 692 Relative Error 0.39241692423820496
Epoch 693 Relative Error 0.39228710532188416
Epoch 694 Relative Error 0.3921569287776947
Epoch 695 Relative Error 0.3920953571796417
Epoch 696 Relative Error 0.3921986222267151
Epoch 697 Relative Error 0.39199909567832947
Epoch 698 Relative Error 0.39171674847602844
Epoch 699 Relative Error 0.39183029532432556
Epoch 700 Relative Error 0.39192020893096924
Epoch 701 Relative Error 0.3916334807872772
Epoch 702 Relative Error 0.39143553376197815
Epoch 703 Relative Error 0.39148184657096863
Epoch 704 Relative Error 0.3916209042072296
Epoch 705 Relative Error 0.39138907194137573
Epoch 706 Relative Error 0.39124414324760437
Epoch 707 Relative Error 0.3910890519618988
Epoch 708 Relative Error 0.3912660777568817
Epoch 709 Relative Error 0.39104577898979187
Epoch 710 Relative Error 0.3909187614917755
Epoch 711 Relative Error 0.39090514183044434
Epoch 712 Relative Error 0.3907849192619324
Epoch 713 Relative Error 0.3907248079776764
Epoch 714 Relative Error 0.39074254035949707
Epoch 715 Relative Error 0.39057523012161255
Epoch 716 Relative Error 0.39050406217575073
Epoch 717 Relative Error 0.390407532453537
Epoch 718 Relative Error 0.3903919756412506
Epoch 719 Relative Error 0.3902755081653595
Epoch 720 Relative Error 0.39022591710090637
Epoch 721 Relative Error 0.3900942802429199
Epoch 722 Relative Error 0.3901245594024658
Epoch 723 Relative Error 0.389982670545578
Epoch 724 Relative Error 0.3899633586406708
Epoch 725 Relative Error 0.38976091146469116
Epoch 726 Relative Error 0.38978269696235657
Epoch 727 Relative Error 0.38973504304885864
Epoch 728 Relative Error 0.38959380984306335
Epoch 729 Relative Error 0.3893846571445465
Epoch 730 Relative Error 0.3894408643245697
Epoch 731 Relative Error 0.38964003324508667
Epoch 732 Relative Error 0.3893601894378662
Epoch 733 Relative Error 0.3890824317932129
Epoch 734 Relative Error 0.38921859860420227
Epoch 735 Relative Error 0.38915956020355225
Epoch 736 Relative Error 0.38896965980529785
Epoch 737 Relative Error 0.38896292448043823
Epoch 738 Relative Error 0.38893088698387146
Epoch 739 Relative Error 0.3888452649116516
Epoch 740 Relative Error 0.3887360394001007
Epoch 741 Relative Error 0.38857510685920715
Epoch 742 Relative Error 0.3885819911956787
Epoch 743 Relative Error 0.3885136842727661
Epoch 744 Relative Error 0.3884445130825043
Epoch 745 Relative Error 0.3883996307849884
Epoch 746 Relative Error 0.38825124502182007
Epoch 747 Relative Error 0.38824406266212463
Epoch 748 Relative Error 0.38828057050704956
Epoch 749 Relative Error 0.38807860016822815
Epoch 750 Relative Error 0.38786861300468445
Epoch 751 Relative Error 0.38788890838623047
Epoch 752 Relative Error 0.38803380727767944
Epoch 753 Relative Error 0.3879055082798004
Epoch 754 Relative Error 0.3876098394393921
Epoch 755 Relative Error 0.3875676989555359
Epoch 756 Relative Error 0.38760244846343994
Epoch 757 Relative Error 0.3875829577445984
Epoch 758 Relative Error 0.38748952746391296
Epoch 759 Relative Error 0.38723376393318176
Epoch 760 Relative Error 0.38724878430366516
Epoch 761 Relative Error 0.3872978687286377
Epoch 762 Relative Error 0.3871690332889557
Epoch 763 Relative Error 0.38719967007637024
Epoch 764 Relative Error 0.3870094418525696
Epoch 765 Relative Error 0.3867916166782379
Epoch 766 Relative Error 0.38690194487571716
Epoch 767 Relative Error 0.38685551285743713
Epoch 768 Relative Error 0.38670581579208374
Epoch 769 Relative Error 0.38672706484794617
Epoch 770 Relative Error 0.3865647315979004
Epoch 771 Relative Error 0.3864615857601166
Epoch 772 Relative Error 0.3864440321922302
Epoch 773 Relative Error 0.38643255829811096
Epoch 774 Relative Error 0.38634786009788513
Epoch 775 Relative Error 0.38623642921447754
Epoch 776 Relative Error 0.3861328661441803
Epoch 777 Relative Error 0.3860030174255371
Epoch 778 Relative Error 0.3860383927822113
Epoch 779 Relative Error 0.3859749138355255
Epoch 780 Relative Error 0.3859061002731323
Epoch 781 Relative Error 0.3857562839984894
Epoch 782 Relative Error 0.3858054280281067
Epoch 783 Relative Error 0.3856949806213379
Epoch 784 Relative Error 0.38557106256484985
Epoch 785 Relative Error 0.38547438383102417
Epoch 786 Relative Error 0.3854934871196747
Epoch 787 Relative Error 0.3854653537273407
Epoch 788 Relative Error 0.38533350825309753
Epoch 789 Relative Error 0.38522541522979736
Epoch 790 Relative Error 0.38512107729911804
Epoch 791 Relative Error 0.38517484068870544
Epoch 792 Relative Error 0.385091096162796
Epoch 793 Relative Error 0.3850127160549164
Epoch 794 Relative Error 0.38485240936279297
Epoch 795 Relative Error 0.3848096430301666
Epoch 796 Relative Error 0.38485315442085266
Epoch 797 Relative Error 0.38471880555152893
Epoch 798 Relative Error 0.38458335399627686
Epoch 799 Relative Error 0.38454145193099976
Epoch 800 Relative Error 0.384476900100708
Epoch 801 Relative Error 0.3845153748989105
Epoch 802 Relative Error 0.38437747955322266
Epoch 803 Relative Error 0.3842114508152008
Epoch 804 Relative Error 0.3842032253742218
Epoch 805 Relative Error 0.38425213098526
Epoch 806 Relative Error 0.38405635952949524
Epoch 807 Relative Error 0.38396573066711426
Epoch 808 Relative Error 0.38391926884651184
Epoch 809 Relative Error 0.38396143913269043
Epoch 810 Relative Error 0.38383322954177856
Epoch 811 Relative Error 0.3837474584579468
Epoch 812 Relative Error 0.3836582899093628
Epoch 813 Relative Error 0.3835900127887726
Epoch 814 Relative Error 0.3835050165653229
Epoch 815 Relative Error 0.3835132122039795
Epoch 816 Relative Error 0.3834374248981476
Epoch 817 Relative Error 0.3833011984825134
Epoch 818 Relative Error 0.3832254707813263
Epoch 819 Relative Error 0.38316449522972107
Epoch 820 Relative Error 0.3831404149532318
Epoch 821 Relative Error 0.38306891918182373
Epoch 822 Relative Error 0.3829517066478729
Epoch 823 Relative Error 0.3829403519630432
Epoch 824 Relative Error 0.3829093873500824
Epoch 825 Relative Error 0.38275858759880066
Epoch 826 Relative Error 0.3827178478240967
Epoch 827 Relative Error 0.38266950845718384
Epoch 828 Relative Error 0.38262349367141724
Epoch 829 Relative Error 0.3825127184391022
Epoch 830 Relative Error 0.3824458122253418
Epoch 831 Relative Error 0.38242262601852417
Epoch 832 Relative Error 0.3823598325252533
Epoch 833 Relative Error 0.3822457194328308
Epoch 834 Relative Error 0.38213640451431274
Epoch 835 Relative Error 0.3821810483932495
Epoch 836 Relative Error 0.3820771872997284
Epoch 837 Relative Error 0.38196825981140137
Epoch 838 Relative Error 0.3818933963775635
Epoch 839 Relative Error 0.3818815052509308
Epoch 840 Relative Error 0.3817836046218872
Epoch 841 Relative Error 0.38180264830589294
Epoch 842 Relative Error 0.38163208961486816
Epoch 843 Relative Error 0.38150155544281006
Epoch 844 Relative Error 0.3815573453903198
Epoch 845 Relative Error 0.3815135657787323
Epoch 846 Relative Error 0.38139504194259644
Epoch 847 Relative Error 0.3813122808933258
Epoch 848 Relative Error 0.38122230768203735
Epoch 849 Relative Error 0.3811713755130768
Epoch 850 Relative Error 0.38123831152915955
Epoch 851 Relative Error 0.3810732066631317
Epoch 852 Relative Error 0.380937784910202
Epoch 853 Relative Error 0.38088133931159973
Epoch 854 Relative Error 0.38087713718414307
Epoch 855 Relative Error 0.38083210587501526
Epoch 856 Relative Error 0.38071271777153015
Epoch 857 Relative Error 0.3805842697620392
Epoch 858 Relative Error 0.38059136271476746
Epoch 859 Relative Error 0.38058599829673767
Epoch 860 Relative Error 0.3804634213447571
Epoch 861 Relative Error 0.38034752011299133
Epoch 862 Relative Error 0.38029754161834717
Epoch 863 Relative Error 0.38029739260673523
Epoch 864 Relative Error 0.3802032768726349
Epoch 865 Relative Error 0.3800782859325409
Epoch 866 Relative Error 0.3800780475139618
Epoch 867 Relative Error 0.3800356686115265
Epoch 868 Relative Error 0.3799143135547638
Epoch 869 Relative Error 0.3798806071281433
Epoch 870 Relative Error 0.37980422377586365
Epoch 871 Relative Error 0.37968817353248596
Epoch 872 Relative Error 0.3796535134315491
Epoch 873 Relative Error 0.37963658571243286
Epoch 874 Relative Error 0.37954428791999817
Epoch 875 Relative Error 0.37942230701446533
Epoch 876 Relative Error 0.3793945014476776
Epoch 877 Relative Error 0.37935906648635864
Epoch 878 Relative Error 0.3792816400527954
Epoch 879 Relative Error 0.37915414571762085
Epoch 880 Relative Error 0.3791278302669525
Epoch 881 Relative Error 0.3790692389011383
Epoch 882 Relative Error 0.37901487946510315
Epoch 883 Relative Error 0.37895697355270386
Epoch 884 Relative Error 0.378915935754776
Epoch 885 Relative Error 0.3787763714790344
Epoch 886 Relative Error 0.3786981403827667
Epoch 887 Relative Error 0.3787040710449219
Epoch 888 Relative Error 0.37863075733184814
Epoch 889 Relative Error 0.37853723764419556
Epoch 890 Relative Error 0.37844640016555786
Epoch 891 Relative Error 0.3784169554710388
Epoch 892 Relative Error 0.3783724904060364
Epoch 893 Relative Error 0.37829557061195374
Epoch 894 Relative Error 0.3782652020454407
Epoch 895 Relative Error 0.37808290123939514
Epoch 896 Relative Error 0.3780464231967926
Epoch 897 Relative Error 0.378104031085968
Epoch 898 Relative Error 0.37797611951828003
Epoch 899 Relative Error 0.37786877155303955
Epoch 900 Relative Error 0.3778696358203888
Epoch 901 Relative Error 0.3777853548526764
Epoch 902 Relative Error 0.37766918540000916
Epoch 903 Relative Error 0.37764185667037964
Epoch 904 Relative Error 0.3775545060634613
Epoch 905 Relative Error 0.37750929594039917
Epoch 906 Relative Error 0.3774636685848236
Epoch 907 Relative Error 0.3773425221443176
Epoch 908 Relative Error 0.37728437781333923
Epoch 909 Relative Error 0.37729817628860474
Epoch 910 Relative Error 0.3772127628326416
Epoch 911 Relative Error 0.3770630955696106
Epoch 912 Relative Error 0.376996785402298
Epoch 913 Relative Error 0.37707674503326416
Epoch 914 Relative Error 0.3769567310810089
Epoch 915 Relative Error 0.3768085241317749
Epoch 916 Relative Error 0.37675154209136963
Epoch 917 Relative Error 0.37678807973861694
Epoch 918 Relative Error 0.3766666054725647
Epoch 919 Relative Error 0.3766056001186371
Epoch 920 Relative Error 0.3765702247619629
Epoch 921 Relative Error 0.3764925003051758
Epoch 922 Relative Error 0.3764019310474396
Epoch 923 Relative Error 0.3763073980808258
Epoch 924 Relative Error 0.3762589991092682
Epoch 925 Relative Error 0.3762790262699127
Epoch 926 Relative Error 0.37612849473953247
Epoch 927 Relative Error 0.3760404586791992
Epoch 928 Relative Error 0.376005083322525
Epoch 929 Relative Error 0.3759804368019104
Epoch 930 Relative Error 0.3758977949619293
Epoch 931 Relative Error 0.37577033042907715
Epoch 932 Relative Error 0.37573444843292236
Epoch 933 Relative Error 0.37578630447387695
Epoch 934 Relative Error 0.3756493628025055
Epoch 935 Relative Error 0.37555450201034546
Epoch 936 Relative Error 0.3754895031452179
Epoch 937 Relative Error 0.375460147857666
Epoch 938 Relative Error 0.3754171133041382
Epoch 939 Relative Error 0.3753066062927246
Epoch 940 Relative Error 0.3751961588859558
Epoch 941 Relative Error 0.3752237856388092
Epoch 942 Relative Error 0.37510645389556885
Epoch 943 Relative Error 0.3750416040420532
Epoch 944 Relative Error 0.375013142824173
Epoch 945 Relative Error 0.3749294877052307
Epoch 946 Relative Error 0.37484055757522583
Epoch 947 Relative Error 0.37478864192962646
Epoch 948 Relative Error 0.3747275471687317
Epoch 949 Relative Error 0.3746718466281891
Epoch 950 Relative Error 0.37460148334503174
Epoch 951 Relative Error 0.37452057003974915
Epoch 952 Relative Error 0.37454915046691895
Epoch 953 Relative Error 0.37441256642341614
Epoch 954 Relative Error 0.37431222200393677
Epoch 955 Relative Error 0.37424418330192566
Epoch 956 Relative Error 0.374237984418869
Epoch 957 Relative Error 0.37415623664855957
Epoch 958 Relative Error 0.37407708168029785
Epoch 959 Relative Error 0.37402570247650146
Epoch 960 Relative Error 0.37400275468826294
Epoch 961 Relative Error 0.37388673424720764
Epoch 962 Relative Error 0.3738515079021454
Epoch 963 Relative Error 0.3737868368625641
Epoch 964 Relative Error 0.3736996650695801
Epoch 965 Relative Error 0.3736685514450073
Epoch 966 Relative Error 0.3736075460910797
Epoch 967 Relative Error 0.37350067496299744
Epoch 968 Relative Error 0.37343013286590576
Epoch 969 Relative Error 0.37342211604118347
Epoch 970 Relative Error 0.3733392059803009
Epoch 971 Relative Error 0.3732740581035614
Epoch 972 Relative Error 0.3731771409511566
Epoch 973 Relative Error 0.37314146757125854
Epoch 974 Relative Error 0.3730829358100891
Epoch 975 Relative Error 0.3730011284351349
Epoch 976 Relative Error 0.3729792535305023
Epoch 977 Relative Error 0.37286800146102905
Epoch 978 Relative Error 0.3728228211402893
Epoch 979 Relative Error 0.37278974056243896
Epoch 980 Relative Error 0.37270522117614746
Epoch 981 Relative Error 0.3726118505001068
Epoch 982 Relative Error 0.37254056334495544
Epoch 983 Relative Error 0.3725235164165497
Epoch 984 Relative Error 0.37247657775878906
Epoch 985 Relative Error 0.37239107489585876
Epoch 986 Relative Error 0.3723517656326294
Epoch 987 Relative Error 0.37222856283187866
Epoch 988 Relative Error 0.37215346097946167
Epoch 989 Relative Error 0.37215569615364075
Epoch 990 Relative Error 0.3720722198486328
Epoch 991 Relative Error 0.3719657361507416
Epoch 992 Relative Error 0.37192773818969727
Epoch 993 Relative Error 0.3718993067741394
Epoch 994 Relative Error 0.3718072474002838
Epoch 995 Relative Error 0.37173280119895935
Epoch 996 Relative Error 0.3716706335544586
Epoch 997 Relative Error 0.3716426491737366
Epoch 998 Relative Error 0.37156084179878235
Epoch 999 Relative Error 0.37150201201438904
Epoch 1000 Relative Error 0.3714085519313812
RE (0, 5, 27, 0): 0.3714085519313812
Green's Function RE (0, 5, 27, 0): 0.2129427045583725
Bias Term RE (0, 5, 27, 0): 0.13629908859729767
Combination (0, 5, 27, 0, 0): 0.36989620327949524
Combination (0, 5, 27, 0, 1): 0.3686813712120056
Combination (0, 5, 27, 0, 2): 0.3682841360569
Combination (0, 5, 27, 0, 3): 0.36815112829208374
Combination (0, 5, 27, 0, 4): 0.3680846095085144

/home/gridsan/gstepaniants/.local/lib/python3.8/site-packages/torch/functional.py:478: UserWarning: torch.meshgrid: in an upcoming release, it will be required to pass the indexing argument. (Triggered internally at  ../aten/src/ATen/native/TensorShape.cpp:2895.)
  return _VF.meshgrid(tensors, **kwargs)  # type: ignore[attr-defined]
