[KeOps] Warning : Cuda libraries were not detected on the system ; using cpu only mode
1
Kernel: Matern5/2
Weight Mesh: 100
RKHS Kernel Width: 0.07
Lambda: 1e-06
Green's Function Learning Rate: 100
Bias Term Learning Rate: 100
Epoch 1 Relative Error 18123.857421875
First epoch had re = 18123.857421875 > 1
Green's Function Learning Rate: 50
Bias Term Learning Rate: 50
Epoch 1 Relative Error 6503.89208984375
First epoch had re = 6503.89208984375 > 1
Green's Function Learning Rate: 10
Bias Term Learning Rate: 10
Epoch 1 Relative Error 1634.3831787109375
First epoch had re = 1634.3831787109375 > 1
Green's Function Learning Rate: 5
Bias Term Learning Rate: 5
Epoch 1 Relative Error 778.0555419921875
First epoch had re = 778.0555419921875 > 1
Green's Function Learning Rate: 1
Bias Term Learning Rate: 1
Epoch 1 Relative Error 148.00765991210938
First epoch had re = 148.00765991210938 > 1
Green's Function Learning Rate: 0.5
Bias Term Learning Rate: 0.5
Epoch 1 Relative Error 77.17642211914062
First epoch had re = 77.17642211914062 > 1
Green's Function Learning Rate: 0.1
Bias Term Learning Rate: 0.1
Epoch 1 Relative Error 18.455169677734375
First epoch had re = 18.455169677734375 > 1
Green's Function Learning Rate: 0.05
Bias Term Learning Rate: 0.05
Epoch 1 Relative Error 7.989230632781982
First epoch had re = 7.989230632781982 > 1
Green's Function Learning Rate: 0.01
Bias Term Learning Rate: 0.01
Epoch 1 Relative Error 1.3404682874679565
First epoch had re = 1.3404682874679565 > 1
Green's Function Learning Rate: 0.005
Bias Term Learning Rate: 0.005
Epoch 1 Relative Error 0.7677335143089294
Epoch 2 Relative Error 0.5768451690673828
Epoch 3 Relative Error 0.3645535707473755
Epoch 4 Relative Error 0.25223422050476074
Epoch 5 Relative Error 0.21819932758808136
Epoch 6 Relative Error 0.18033342063426971
Epoch 7 Relative Error 0.12652452290058136
Epoch 8 Relative Error 0.09423449635505676
Epoch 9 Relative Error 0.08261588960886002
Epoch 10 Relative Error 0.06579504907131195
Epoch 11 Relative Error 0.06068803742527962
Epoch 12 Relative Error 0.05612403526902199
Epoch 13 Relative Error 0.052913300693035126
Epoch 14 Relative Error 0.04984838515520096
Epoch 15 Relative Error 0.041144613176584244
Epoch 16 Relative Error 0.03470922261476517
Epoch 17 Relative Error 0.03419537842273712
Epoch 18 Relative Error 0.03181878477334976
Epoch 19 Relative Error 0.031246289610862732
Epoch 20 Relative Error 0.029866160824894905
Epoch 21 Relative Error 0.028770364820957184
Epoch 22 Relative Error 0.028042783960700035
Epoch 23 Relative Error 0.027522031217813492
Epoch 24 Relative Error 0.027039173990488052
Epoch 25 Relative Error 0.0264641921967268
Epoch 26 Relative Error 0.026108525693416595
Epoch 27 Relative Error 0.025659242644906044
Epoch 28 Relative Error 0.0252692773938179
Epoch 29 Relative Error 0.024904178455471992
Epoch 30 Relative Error 0.024513013660907745
Epoch 31 Relative Error 0.024173488840460777
Epoch 32 Relative Error 0.023835627362132072
Epoch 33 Relative Error 0.023567376658320427
Epoch 34 Relative Error 0.023251773789525032
Epoch 35 Relative Error 0.02298484556376934
Epoch 36 Relative Error 0.022724861279129982
Epoch 37 Relative Error 0.02246275544166565
Epoch 38 Relative Error 0.022203704342246056
Epoch 39 Relative Error 0.02199346013367176
Epoch 40 Relative Error 0.021854501217603683
Epoch 41 Relative Error 0.021553415805101395
Epoch 42 Relative Error 0.021398738026618958
Epoch 43 Relative Error 0.0210956372320652
Epoch 44 Relative Error 0.020925231277942657
Epoch 45 Relative Error 0.02072906866669655
Epoch 46 Relative Error 0.02056756243109703
Epoch 47 Relative Error 0.020333247259259224
Epoch 48 Relative Error 0.02017095871269703
Epoch 49 Relative Error 0.020068718120455742
Epoch 50 Relative Error 0.01990029774606228
Epoch 51 Relative Error 0.01967797242105007
Epoch 52 Relative Error 0.019551554694771767
Epoch 53 Relative Error 0.01938558928668499
Epoch 54 Relative Error 0.019224077463150024
Epoch 55 Relative Error 0.019098274409770966
Epoch 56 Relative Error 0.01897205412387848
Epoch 57 Relative Error 0.01880207285284996
Epoch 58 Relative Error 0.018686238676309586
Epoch 59 Relative Error 0.018564574420452118
Epoch 60 Relative Error 0.018534118309617043
Epoch 61 Relative Error 0.01831328496336937
Epoch 62 Relative Error 0.01819116808474064
Epoch 63 Relative Error 0.018075330182909966
Epoch 64 Relative Error 0.017972659319639206
Epoch 65 Relative Error 0.0178177859634161
Epoch 66 Relative Error 0.017728200182318687
Epoch 67 Relative Error 0.017634985968470573
Epoch 68 Relative Error 0.01750790700316429
Epoch 69 Relative Error 0.017420895397663116
Epoch 70 Relative Error 0.017306312918663025
Epoch 71 Relative Error 0.01721864566206932
Epoch 72 Relative Error 0.017133940011262894
Epoch 73 Relative Error 0.01704971119761467
Epoch 74 Relative Error 0.017041293904185295
Epoch 75 Relative Error 0.016942959278821945
Epoch 76 Relative Error 0.01677345670759678
Epoch 77 Relative Error 0.01670941151678562
Epoch 78 Relative Error 0.0166183989495039
Epoch 79 Relative Error 0.016527801752090454
Epoch 80 Relative Error 0.016439219936728477
Epoch 81 Relative Error 0.016368146985769272
Epoch 82 Relative Error 0.016330895945429802
Epoch 83 Relative Error 0.016225295141339302
Epoch 84 Relative Error 0.016227614134550095
Epoch 85 Relative Error 0.016119658946990967
Epoch 86 Relative Error 0.01601421646773815
Epoch 87 Relative Error 0.01593492366373539
Epoch 88 Relative Error 0.01588875614106655
Epoch 89 Relative Error 0.015821993350982666
Epoch 90 Relative Error 0.01576090417802334
Epoch 91 Relative Error 0.015739811584353447
Epoch 92 Relative Error 0.015557880513370037
Epoch 93 Relative Error 0.015523861162364483
Epoch 94 Relative Error 0.015444349497556686
Epoch 95 Relative Error 0.015537237748503685
Epoch 96 Relative Error 0.01533663459122181
Epoch 97 Relative Error 0.015265112742781639
Epoch 98 Relative Error 0.0152678107842803
Epoch 99 Relative Error 0.015164610929787159
Epoch 100 Relative Error 0.015123443678021431
Epoch 101 Relative Error 0.015058658085763454
Epoch 102 Relative Error 0.014977392740547657
Epoch 103 Relative Error 0.014941559173166752
Epoch 104 Relative Error 0.014864136464893818
Epoch 105 Relative Error 0.014829353429377079
Epoch 106 Relative Error 0.014769108034670353
Epoch 107 Relative Error 0.014722347259521484
Epoch 108 Relative Error 0.014680808410048485
Epoch 109 Relative Error 0.014651610516011715
Epoch 110 Relative Error 0.014694302342832088
Epoch 111 Relative Error 0.014597034081816673
Epoch 112 Relative Error 0.014630435034632683
Epoch 113 Relative Error 0.014575489796698093
Epoch 114 Relative Error 0.014491266570985317
Epoch 115 Relative Error 0.014390131458640099
Epoch 116 Relative Error 0.014372697100043297
Epoch 117 Relative Error 0.014277756214141846
Epoch 118 Relative Error 0.014295562170445919
Epoch 119 Relative Error 0.014223397709429264
Epoch 120 Relative Error 0.014155492186546326
Epoch 121 Relative Error 0.01409311592578888
Epoch 122 Relative Error 0.014106880873441696
Epoch 123 Relative Error 0.014012529514729977
Epoch 124 Relative Error 0.014024578034877777
Epoch 125 Relative Error 0.013962055556476116
Epoch 126 Relative Error 0.01396222971379757
Epoch 127 Relative Error 0.013900306075811386
Epoch 128 Relative Error 0.013760083355009556
Epoch 129 Relative Error 0.013769715093076229
Epoch 130 Relative Error 0.013668499886989594
Epoch 131 Relative Error 0.013653968460857868
Epoch 132 Relative Error 0.013716209679841995
Epoch 133 Relative Error 0.01363856066018343
Epoch 134 Relative Error 0.01350972056388855
Epoch 135 Relative Error 0.013495865277945995
Epoch 136 Relative Error 0.013426869176328182
Epoch 137 Relative Error 0.013387583196163177
Epoch 138 Relative Error 0.013366912491619587
Epoch 139 Relative Error 0.013315186835825443
Epoch 140 Relative Error 0.01329062134027481
Epoch 141 Relative Error 0.013246324844658375
Epoch 142 Relative Error 0.013271738775074482
Epoch 143 Relative Error 0.01322704553604126
Epoch 144 Relative Error 0.013217275962233543
Epoch 145 Relative Error 0.013124163262546062
Epoch 146 Relative Error 0.013118024915456772
Epoch 147 Relative Error 0.013091725297272205
Epoch 148 Relative Error 0.01303860079497099
Epoch 149 Relative Error 0.012994809076189995
Epoch 150 Relative Error 0.01292663998901844
Epoch 151 Relative Error 0.01294831745326519
Epoch 152 Relative Error 0.012905064038932323
Epoch 153 Relative Error 0.012879409827291965
Epoch 154 Relative Error 0.01282394677400589
Epoch 155 Relative Error 0.012896080501377583
Epoch 156 Relative Error 0.012791801244020462
Epoch 157 Relative Error 0.012773910537362099
Epoch 158 Relative Error 0.012779857963323593
Epoch 159 Relative Error 0.01270183827728033
Epoch 160 Relative Error 0.012674296274781227
Epoch 161 Relative Error 0.012778900563716888
Epoch 162 Relative Error 0.012712815776467323
Epoch 163 Relative Error 0.012609440833330154
Epoch 164 Relative Error 0.012591865845024586
Epoch 165 Relative Error 0.012619678862392902
Epoch 166 Relative Error 0.012535220943391323
Epoch 167 Relative Error 0.012486080639064312
Epoch 168 Relative Error 0.012531350366771221
Epoch 169 Relative Error 0.012411661446094513
Epoch 170 Relative Error 0.012383476831018925
Epoch 171 Relative Error 0.012384862639009953
Epoch 172 Relative Error 0.012402746826410294
Epoch 173 Relative Error 0.01231059804558754
Epoch 174 Relative Error 0.012252960354089737
Epoch 175 Relative Error 0.012220031581819057
Epoch 176 Relative Error 0.012167606502771378
Epoch 177 Relative Error 0.012182550504803658
Epoch 178 Relative Error 0.01212006900459528
Epoch 179 Relative Error 0.012125962413847446
Epoch 180 Relative Error 0.012121413834393024
Epoch 181 Relative Error 0.012095287442207336
Epoch 182 Relative Error 0.012038731016218662
Epoch 183 Relative Error 0.012029827572405338
Epoch 184 Relative Error 0.011974017135798931
Epoch 185 Relative Error 0.011966688558459282
Epoch 186 Relative Error 0.011940683238208294
Epoch 187 Relative Error 0.01194341666996479
Epoch 188 Relative Error 0.011892220005393028
Epoch 189 Relative Error 0.01191713660955429
Epoch 190 Relative Error 0.011829879134893417
Epoch 191 Relative Error 0.01181112602353096
Epoch 192 Relative Error 0.011836724355816841
Epoch 193 Relative Error 0.011776281520724297
Epoch 194 Relative Error 0.01172870583832264
Epoch 195 Relative Error 0.011744142509996891
Epoch 196 Relative Error 0.01168318185955286
Epoch 197 Relative Error 0.011671426706016064
Epoch 198 Relative Error 0.011712696403265
Epoch 199 Relative Error 0.011659886687994003
Epoch 200 Relative Error 0.011697354726493359
Epoch 201 Relative Error 0.011638800613582134
Epoch 202 Relative Error 0.011647224426269531
Epoch 203 Relative Error 0.01176007091999054
Epoch 204 Relative Error 0.01177394762635231
Epoch 205 Relative Error 0.011561857536435127
Epoch 206 Relative Error 0.011505506001412868
Epoch 207 Relative Error 0.01147065032273531
Epoch 208 Relative Error 0.011477869935333729
Epoch 209 Relative Error 0.011419814079999924
Epoch 210 Relative Error 0.01137683354318142
Epoch 211 Relative Error 0.011405090801417828
Epoch 212 Relative Error 0.011350673623383045
Epoch 213 Relative Error 0.011347735300660133
Epoch 214 Relative Error 0.01133762113749981
Epoch 215 Relative Error 0.01131680142134428
Epoch 216 Relative Error 0.011268135160207748
Epoch 217 Relative Error 0.011246243491768837
Epoch 218 Relative Error 0.011249976232647896
Epoch 219 Relative Error 0.011208397336304188
Epoch 220 Relative Error 0.011206417344510555
Epoch 221 Relative Error 0.011158269830048084
Epoch 222 Relative Error 0.011158740147948265
Epoch 223 Relative Error 0.01112362090498209
Epoch 224 Relative Error 0.01115640439093113
Epoch 225 Relative Error 0.011171320453286171
Epoch 226 Relative Error 0.011061797849833965
Epoch 227 Relative Error 0.011089323088526726
Epoch 228 Relative Error 0.011167684569954872
Epoch 229 Relative Error 0.011097228154540062
Epoch 230 Relative Error 0.011010898277163506
Epoch 231 Relative Error 0.011030789464712143
Epoch 232 Relative Error 0.010972456075251102
Epoch 233 Relative Error 0.01095825619995594
Epoch 234 Relative Error 0.010921726003289223
Epoch 235 Relative Error 0.01092180609703064
Epoch 236 Relative Error 0.010889521799981594
Epoch 237 Relative Error 0.010865104384720325
Epoch 238 Relative Error 0.010862737894058228
Epoch 239 Relative Error 0.010943017899990082
Epoch 240 Relative Error 0.010942783206701279
Epoch 241 Relative Error 0.010976512916386127
Epoch 242 Relative Error 0.011070975102484226
Epoch 243 Relative Error 0.010870033875107765
Epoch 244 Relative Error 0.010810138657689095
Epoch 245 Relative Error 0.010775284841656685
Epoch 246 Relative Error 0.010833955369889736
Epoch 247 Relative Error 0.010718388482928276
Epoch 248 Relative Error 0.010689357295632362
Epoch 249 Relative Error 0.010758068412542343
Epoch 250 Relative Error 0.010715917684137821
Epoch 251 Relative Error 0.010648863390088081
Epoch 252 Relative Error 0.010646609589457512
Epoch 253 Relative Error 0.010656955651938915
Epoch 254 Relative Error 0.010592835023999214
Epoch 255 Relative Error 0.010612905025482178
Epoch 256 Relative Error 0.010556410066783428
Epoch 257 Relative Error 0.010564599186182022
Epoch 258 Relative Error 0.01053624041378498
Epoch 259 Relative Error 0.01056975219398737
Epoch 260 Relative Error 0.010494589805603027
Epoch 261 Relative Error 0.010529597289860249
Epoch 262 Relative Error 0.01054573804140091
Epoch 263 Relative Error 0.010506737977266312
Epoch 264 Relative Error 0.010443911887705326
Epoch 265 Relative Error 0.010458790697157383
Epoch 266 Relative Error 0.010406826622784138
Epoch 267 Relative Error 0.010421769693493843
Epoch 268 Relative Error 0.010398155078291893
Epoch 269 Relative Error 0.01057780347764492
Epoch 270 Relative Error 0.010429035872220993
Epoch 271 Relative Error 0.010405541397631168
Epoch 272 Relative Error 0.0103733129799366
Epoch 273 Relative Error 0.010356590151786804
Epoch 274 Relative Error 0.010347678326070309
Epoch 275 Relative Error 0.010410531423985958
Epoch 276 Relative Error 0.010371207259595394
Epoch 277 Relative Error 0.010335970669984818
Epoch 278 Relative Error 0.010356109589338303
Epoch 279 Relative Error 0.010669947601854801
Epoch 280 Relative Error 0.010363088920712471
Epoch 281 Relative Error 0.010331958532333374
Epoch 282 Relative Error 0.010324896313250065
Epoch 283 Relative Error 0.010274861007928848
Epoch 284 Relative Error 0.010365208610892296
Epoch 285 Relative Error 0.010281051509082317
Epoch 286 Relative Error 0.010226495563983917
Epoch 287 Relative Error 0.010191001929342747
Epoch 288 Relative Error 0.010107421316206455
Epoch 289 Relative Error 0.010136861354112625
Epoch 290 Relative Error 0.010100232437252998
Epoch 291 Relative Error 0.010071849450469017
Epoch 292 Relative Error 0.01009743195027113
Epoch 293 Relative Error 0.01003025472164154
Epoch 294 Relative Error 0.010017821565270424
Epoch 295 Relative Error 0.01000844407826662
Epoch 296 Relative Error 0.009987707249820232
Epoch 297 Relative Error 0.01005866751074791
Epoch 298 Relative Error 0.010027144104242325
Epoch 299 Relative Error 0.01000113133341074
Epoch 300 Relative Error 0.00994219072163105
Epoch 301 Relative Error 0.009945038706064224
Epoch 302 Relative Error 0.00994155090302229
Epoch 303 Relative Error 0.009940899908542633
Epoch 304 Relative Error 0.009908177889883518
Epoch 305 Relative Error 0.00993362721055746
Epoch 306 Relative Error 0.009910707361996174
Epoch 307 Relative Error 0.009848397225141525
Epoch 308 Relative Error 0.009858778677880764
Epoch 309 Relative Error 0.009821715764701366
Epoch 310 Relative Error 0.00980856642127037
Epoch 311 Relative Error 0.009805387817323208
Epoch 312 Relative Error 0.009797352366149426
Epoch 313 Relative Error 0.009794066660106182
Epoch 314 Relative Error 0.009797665290534496
Epoch 315 Relative Error 0.009750495664775372
Epoch 316 Relative Error 0.009756293147802353
Epoch 317 Relative Error 0.009744765236973763
Epoch 318 Relative Error 0.009767432697117329
Epoch 319 Relative Error 0.009824506007134914
Epoch 320 Relative Error 0.009762736037373543
Epoch 321 Relative Error 0.009832761250436306
Epoch 322 Relative Error 0.009726712480187416
Epoch 323 Relative Error 0.009841040708124638
Epoch 324 Relative Error 0.009750276803970337
Epoch 325 Relative Error 0.009671088308095932
Epoch 326 Relative Error 0.009671201929450035
Epoch 327 Relative Error 0.009616702795028687
Epoch 328 Relative Error 0.009679130278527737
Epoch 329 Relative Error 0.009661627933382988
Epoch 330 Relative Error 0.009650513529777527
Epoch 331 Relative Error 0.0096665658056736
Epoch 332 Relative Error 0.0096067413687706
Epoch 333 Relative Error 0.009642131626605988
Epoch 334 Relative Error 0.009654860943555832
Epoch 335 Relative Error 0.009556052275002003
Epoch 336 Relative Error 0.009665088728070259
Epoch 337 Relative Error 0.009609325788915157
Epoch 338 Relative Error 0.009540761820971966
Epoch 339 Relative Error 0.009564291685819626
Epoch 340 Relative Error 0.009597761556506157
Epoch 341 Relative Error 0.00962013192474842
Epoch 342 Relative Error 0.00958383921533823
Epoch 343 Relative Error 0.009531340561807156
Epoch 344 Relative Error 0.009592088870704174
Epoch 345 Relative Error 0.009507921524345875
Epoch 346 Relative Error 0.009551452472805977
Epoch 347 Relative Error 0.009524588473141193
Epoch 348 Relative Error 0.009401680901646614
Epoch 349 Relative Error 0.009501790627837181
Epoch 350 Relative Error 0.009385194629430771
Epoch 351 Relative Error 0.009436880238354206
Epoch 352 Relative Error 0.009403654374182224
Epoch 353 Relative Error 0.009413627907633781
Epoch 354 Relative Error 0.009385338984429836
Epoch 355 Relative Error 0.009398042224347591
Epoch 356 Relative Error 0.009372341446578503
Epoch 357 Relative Error 0.009461463429033756
Epoch 358 Relative Error 0.009389877319335938
Epoch 359 Relative Error 0.009320015087723732
Epoch 360 Relative Error 0.00930520985275507
Epoch 361 Relative Error 0.009799625724554062
Epoch 362 Relative Error 0.009406899102032185
Epoch 363 Relative Error 0.009399937465786934
Epoch 364 Relative Error 0.009289363399147987
Epoch 365 Relative Error 0.009270718321204185
Epoch 366 Relative Error 0.009425225667655468
Epoch 367 Relative Error 0.009237423539161682
Epoch 368 Relative Error 0.009256462566554546
Epoch 369 Relative Error 0.009225516580045223
Epoch 370 Relative Error 0.009204291738569736
Epoch 371 Relative Error 0.009260345250368118
Epoch 372 Relative Error 0.009230541065335274
Epoch 373 Relative Error 0.00930113811045885
Epoch 374 Relative Error 0.009228400886058807
Epoch 375 Relative Error 0.009398426860570908
Epoch 376 Relative Error 0.009374882094562054
Epoch 377 Relative Error 0.009252438321709633
Epoch 378 Relative Error 0.009142911061644554
Epoch 379 Relative Error 0.009125011041760445
Epoch 380 Relative Error 0.009120351634919643
Epoch 381 Relative Error 0.009127815254032612
Epoch 382 Relative Error 0.009147320874035358
Epoch 383 Relative Error 0.009274915792047977
Epoch 384 Relative Error 0.009294244460761547
Epoch 385 Relative Error 0.009249597787857056
Epoch 386 Relative Error 0.009058095514774323
Epoch 387 Relative Error 0.009105351753532887
Epoch 388 Relative Error 0.009037531912326813
Epoch 389 Relative Error 0.00904097594320774
Epoch 390 Relative Error 0.009045761078596115
Epoch 391 Relative Error 0.009046887047588825
Epoch 392 Relative Error 0.00903385877609253
Epoch 393 Relative Error 0.009024139493703842
Epoch 394 Relative Error 0.008972215466201305
Epoch 395 Relative Error 0.008991160430014133
Epoch 396 Relative Error 0.009009580127894878
Epoch 397 Relative Error 0.008989554829895496
Epoch 398 Relative Error 0.00909365527331829
Epoch 399 Relative Error 0.009066351689398289
Epoch 400 Relative Error 0.008982737548649311
Epoch 401 Relative Error 0.00893119815737009
Epoch 402 Relative Error 0.008952954784035683
Epoch 403 Relative Error 0.008892451412975788
Epoch 404 Relative Error 0.008921113796532154
Epoch 405 Relative Error 0.008905794471502304
Epoch 406 Relative Error 0.008886006660759449
Epoch 407 Relative Error 0.008876601234078407
Epoch 408 Relative Error 0.008905873633921146
Epoch 409 Relative Error 0.008877906017005444
Epoch 410 Relative Error 0.008878800086677074
Epoch 411 Relative Error 0.009016812779009342
Epoch 412 Relative Error 0.008928369730710983
Epoch 413 Relative Error 0.008896670304238796
Epoch 414 Relative Error 0.008842237293720245
Epoch 415 Relative Error 0.008872904814779758
Epoch 416 Relative Error 0.00883611012250185
Epoch 417 Relative Error 0.008787179365754128
Epoch 418 Relative Error 0.008788838982582092
Epoch 419 Relative Error 0.00879709143191576
Epoch 420 Relative Error 0.008793064393103123
Epoch 421 Relative Error 0.008794616907835007
Epoch 422 Relative Error 0.008776976726949215
Epoch 423 Relative Error 0.00874712411314249
Epoch 424 Relative Error 0.008738590404391289
Epoch 425 Relative Error 0.008732201531529427
Epoch 426 Relative Error 0.008729292079806328
Epoch 427 Relative Error 0.008742718026041985
Epoch 428 Relative Error 0.00871768593788147
Epoch 429 Relative Error 0.008821873925626278
Epoch 430 Relative Error 0.00869737472385168
Epoch 431 Relative Error 0.008735887706279755
Epoch 432 Relative Error 0.00870425347238779
Epoch 433 Relative Error 0.008697478100657463
Epoch 434 Relative Error 0.008682717569172382
Epoch 435 Relative Error 0.00867081992328167
Epoch 436 Relative Error 0.008698726072907448
Epoch 437 Relative Error 0.008655987679958344
Epoch 438 Relative Error 0.008670647628605366
Epoch 439 Relative Error 0.00879428070038557
Epoch 440 Relative Error 0.008711154572665691
Epoch 441 Relative Error 0.008717809803783894
Epoch 442 Relative Error 0.008686807937920094
Epoch 443 Relative Error 0.008685614913702011
Epoch 444 Relative Error 0.008868090808391571
Epoch 445 Relative Error 0.008946985006332397
Epoch 446 Relative Error 0.009030087850987911
Epoch 447 Relative Error 0.008686213754117489
Epoch 448 Relative Error 0.008684166707098484
Epoch 449 Relative Error 0.00857195258140564
Epoch 450 Relative Error 0.008584863506257534
Epoch 451 Relative Error 0.008580347523093224
Epoch 452 Relative Error 0.008572125807404518
Epoch 453 Relative Error 0.008561607450246811
Epoch 454 Relative Error 0.00853368453681469
Epoch 455 Relative Error 0.008550136350095272
Epoch 456 Relative Error 0.008539697155356407
Epoch 457 Relative Error 0.00851008202880621
Epoch 458 Relative Error 0.008499964140355587
Epoch 459 Relative Error 0.008483639918267727
Epoch 460 Relative Error 0.008472117595374584
Epoch 461 Relative Error 0.008521433919668198
Epoch 462 Relative Error 0.008466510102152824
Epoch 463 Relative Error 0.008467565290629864
Epoch 464 Relative Error 0.008510582149028778
Epoch 465 Relative Error 0.008483144454658031
Epoch 466 Relative Error 0.008504870347678661
Epoch 467 Relative Error 0.008506500162184238
Epoch 468 Relative Error 0.008459964767098427
Epoch 469 Relative Error 0.008443719707429409
Epoch 470 Relative Error 0.008535513654351234
Epoch 471 Relative Error 0.008474539965391159
Epoch 472 Relative Error 0.008495415560901165
Epoch 473 Relative Error 0.008479919284582138
Epoch 474 Relative Error 0.008429502137005329
Epoch 475 Relative Error 0.008395582437515259
Epoch 476 Relative Error 0.008391696959733963
Epoch 477 Relative Error 0.008406229317188263
Epoch 478 Relative Error 0.0083741694688797
Epoch 479 Relative Error 0.00836530514061451
Epoch 480 Relative Error 0.008427445776760578
Epoch 481 Relative Error 0.008411415852606297
Epoch 482 Relative Error 0.00837564468383789
Epoch 483 Relative Error 0.00839680340141058
Epoch 484 Relative Error 0.008370142430067062
Epoch 485 Relative Error 0.008398672565817833
Epoch 486 Relative Error 0.00834793969988823
Epoch 487 Relative Error 0.00836080964654684
Epoch 488 Relative Error 0.008436325937509537
Epoch 489 Relative Error 0.008464079350233078
Epoch 490 Relative Error 0.008444263599812984
Epoch 491 Relative Error 0.008358781225979328
Epoch 492 Relative Error 0.008372665382921696
Epoch 493 Relative Error 0.008404238149523735
Epoch 494 Relative Error 0.00833897665143013
Epoch 495 Relative Error 0.008578099310398102
Epoch 496 Relative Error 0.008346183225512505
Epoch 497 Relative Error 0.00833986047655344
Epoch 498 Relative Error 0.008293623104691505
Epoch 499 Relative Error 0.008291425183415413
Epoch 500 Relative Error 0.008231469430029392
Epoch 501 Relative Error 0.008254013955593109
Epoch 502 Relative Error 0.008309693075716496
Epoch 503 Relative Error 0.008259379304945469
Epoch 504 Relative Error 0.008318333886563778
Epoch 505 Relative Error 0.008271818980574608
Epoch 506 Relative Error 0.008313920348882675
Epoch 507 Relative Error 0.008229001425206661
Epoch 508 Relative Error 0.008214353583753109
Epoch 509 Relative Error 0.008185970596969128
Epoch 510 Relative Error 0.008197788149118423
Epoch 511 Relative Error 0.008186602033674717
Epoch 512 Relative Error 0.008192380890250206
Epoch 513 Relative Error 0.008249281905591488
Epoch 514 Relative Error 0.008260886184871197
Epoch 515 Relative Error 0.0081618782132864
Epoch 516 Relative Error 0.00819821935147047
Epoch 517 Relative Error 0.008153826929628849
Epoch 518 Relative Error 0.00818150956183672
Epoch 519 Relative Error 0.00815608911216259
Epoch 520 Relative Error 0.008129794150590897
Epoch 521 Relative Error 0.008154608309268951
Epoch 522 Relative Error 0.008124416694045067
Epoch 523 Relative Error 0.00825426634401083
Epoch 524 Relative Error 0.008111570030450821
Epoch 525 Relative Error 0.008446412160992622
Epoch 526 Relative Error 0.008730503730475903
Epoch 527 Relative Error 0.008375628851354122
Epoch 528 Relative Error 0.008500837720930576
Epoch 529 Relative Error 0.008280489593744278
Epoch 530 Relative Error 0.008232743479311466
Epoch 531 Relative Error 0.008402409963309765
Epoch 532 Relative Error 0.008134904317557812
Epoch 533 Relative Error 0.008232448250055313
Epoch 534 Relative Error 0.008086327463388443
Epoch 535 Relative Error 0.00812577735632658
Epoch 536 Relative Error 0.00811376329511404
Epoch 537 Relative Error 0.008076786063611507
Epoch 538 Relative Error 0.008144495077431202
Epoch 539 Relative Error 0.008064606226980686
Epoch 540 Relative Error 0.008058425039052963
Epoch 541 Relative Error 0.008086824789643288
Epoch 542 Relative Error 0.008020127192139626
Epoch 543 Relative Error 0.008060327731072903
Epoch 544 Relative Error 0.008092626929283142
Epoch 545 Relative Error 0.008068179711699486
Epoch 546 Relative Error 0.00798005610704422
Epoch 547 Relative Error 0.008042030967772007
Epoch 548 Relative Error 0.008084876462817192
Epoch 549 Relative Error 0.00806648749858141
Epoch 550 Relative Error 0.008026741445064545
Epoch 551 Relative Error 0.007990974932909012
Epoch 552 Relative Error 0.007977288216352463
Epoch 553 Relative Error 0.00797961000353098
Epoch 554 Relative Error 0.008047642186284065
Epoch 555 Relative Error 0.007982802577316761
Epoch 556 Relative Error 0.007953230291604996
Epoch 557 Relative Error 0.008045976981520653
Epoch 558 Relative Error 0.007935754954814911
Epoch 559 Relative Error 0.007940983399748802
Epoch 560 Relative Error 0.007902078330516815
Epoch 561 Relative Error 0.007910138927400112
Epoch 562 Relative Error 0.00791624654084444
Epoch 563 Relative Error 0.007920518517494202
Epoch 564 Relative Error 0.007900402881205082
Epoch 565 Relative Error 0.007928379811346531
Epoch 566 Relative Error 0.007906860671937466
Epoch 567 Relative Error 0.007903643883764744
Epoch 568 Relative Error 0.00794052891433239
Epoch 569 Relative Error 0.007930082269012928
Epoch 570 Relative Error 0.007930759340524673
Epoch 571 Relative Error 0.00788751058280468
Epoch 572 Relative Error 0.007856752723455429
Epoch 573 Relative Error 0.007883753627538681
Epoch 574 Relative Error 0.00785305630415678
Epoch 575 Relative Error 0.007872757501900196
Epoch 576 Relative Error 0.007837370038032532
Epoch 577 Relative Error 0.007916475646197796
Epoch 578 Relative Error 0.00787199568003416
Epoch 579 Relative Error 0.007863190025091171
Epoch 580 Relative Error 0.007827498950064182
Epoch 581 Relative Error 0.007813133299350739
Epoch 582 Relative Error 0.007831516675651073
Epoch 583 Relative Error 0.007817189209163189
Epoch 584 Relative Error 0.007825065404176712
Epoch 585 Relative Error 0.007791294250637293
Epoch 586 Relative Error 0.007795511279255152
Epoch 587 Relative Error 0.0077878995798528194
Epoch 588 Relative Error 0.007829494774341583
Epoch 589 Relative Error 0.007825026288628578
Epoch 590 Relative Error 0.007793897297233343
Epoch 591 Relative Error 0.0077834418043494225
Epoch 592 Relative Error 0.007815012708306313
Epoch 593 Relative Error 0.007811375427991152
Epoch 594 Relative Error 0.007807367481291294
Epoch 595 Relative Error 0.007806931622326374
Epoch 596 Relative Error 0.007860079407691956
Epoch 597 Relative Error 0.007807764690369368
Epoch 598 Relative Error 0.007768956013023853
Epoch 599 Relative Error 0.007787457201629877
Epoch 600 Relative Error 0.007763516157865524
Epoch 601 Relative Error 0.007769254967570305
Epoch 602 Relative Error 0.007764642592519522
Epoch 603 Relative Error 0.007764759473502636
Epoch 604 Relative Error 0.0077174510806798935
Epoch 605 Relative Error 0.0077113378793001175
Epoch 606 Relative Error 0.007722752634435892
Epoch 607 Relative Error 0.007724559400230646
Epoch 608 Relative Error 0.007734772749245167
Epoch 609 Relative Error 0.007733641192317009
Epoch 610 Relative Error 0.007731063291430473
Epoch 611 Relative Error 0.007726908661425114
Epoch 612 Relative Error 0.007696555927395821
Epoch 613 Relative Error 0.007674599532037973
Epoch 614 Relative Error 0.007685077842324972
Epoch 615 Relative Error 0.007711170241236687
Epoch 616 Relative Error 0.0076850107870996
Epoch 617 Relative Error 0.007653813809156418
Epoch 618 Relative Error 0.007684239652007818
Epoch 619 Relative Error 0.007711510173976421
Epoch 620 Relative Error 0.00773754483088851
Epoch 621 Relative Error 0.007679625879973173
Epoch 622 Relative Error 0.007718302309513092
Epoch 623 Relative Error 0.007649228908121586
Epoch 624 Relative Error 0.007619877811521292
Epoch 625 Relative Error 0.007630018517374992
Epoch 626 Relative Error 0.0076406123116612434
Epoch 627 Relative Error 0.007692966144531965
Epoch 628 Relative Error 0.007683195639401674
Epoch 629 Relative Error 0.007632560562342405
Epoch 630 Relative Error 0.007659845985472202
Epoch 631 Relative Error 0.007686361204832792
Epoch 632 Relative Error 0.007625081110745668
Epoch 633 Relative Error 0.007604652550071478
Epoch 634 Relative Error 0.007598447147756815
Epoch 635 Relative Error 0.007653956301510334
Epoch 636 Relative Error 0.0076250298880040646
Epoch 637 Relative Error 0.00764801912009716
Epoch 638 Relative Error 0.007630673237144947
Epoch 639 Relative Error 0.007578486576676369
Epoch 640 Relative Error 0.007592482957988977
Epoch 641 Relative Error 0.007565224543213844
Epoch 642 Relative Error 0.007668167352676392
Epoch 643 Relative Error 0.007755114231258631
Epoch 644 Relative Error 0.007656008470803499
Epoch 645 Relative Error 0.007596728857606649
Epoch 646 Relative Error 0.007564400788396597
Epoch 647 Relative Error 0.007604770828038454
Epoch 648 Relative Error 0.00761757418513298
Epoch 649 Relative Error 0.007604360114783049
Epoch 650 Relative Error 0.00756984855979681
Epoch 651 Relative Error 0.00762954680249095
Epoch 652 Relative Error 0.007757324725389481
Epoch 653 Relative Error 0.007824493572115898
Epoch 654 Relative Error 0.007911927998065948
Epoch 655 Relative Error 0.00782923772931099
Epoch 656 Relative Error 0.007710632868111134
Epoch 657 Relative Error 0.007598529104143381
Epoch 658 Relative Error 0.0076730577275156975
Epoch 659 Relative Error 0.007587614003568888
Epoch 660 Relative Error 0.007780489511787891
Epoch 661 Relative Error 0.0075309486128389835
Epoch 662 Relative Error 0.0077453977428376675
Epoch 663 Relative Error 0.0076333507895469666
Epoch 664 Relative Error 0.007700170390307903
Epoch 665 Relative Error 0.00778078380972147
Epoch 666 Relative Error 0.007686146534979343
Epoch 667 Relative Error 0.00760792987421155
Epoch 668 Relative Error 0.007772033102810383
Epoch 669 Relative Error 0.007571888621896505
Epoch 670 Relative Error 0.00758077809587121
Epoch 671 Relative Error 0.007469631265848875
Epoch 672 Relative Error 0.007496200501918793
Epoch 673 Relative Error 0.0075537944212555885
Epoch 674 Relative Error 0.0075294217094779015
Epoch 675 Relative Error 0.0076234955340623856
Epoch 676 Relative Error 0.007702057249844074
Epoch 677 Relative Error 0.007722563110291958
Epoch 678 Relative Error 0.007519765291363001
Epoch 679 Relative Error 0.007460016291588545
Epoch 680 Relative Error 0.007415686268359423
Epoch 681 Relative Error 0.007397565059363842
Epoch 682 Relative Error 0.007487945258617401
Epoch 683 Relative Error 0.0074305785819888115
Epoch 684 Relative Error 0.007391218561679125
Epoch 685 Relative Error 0.0073882294818758965
Epoch 686 Relative Error 0.007407357916235924
Epoch 687 Relative Error 0.007411711849272251
Epoch 688 Relative Error 0.007381977513432503
Epoch 689 Relative Error 0.007386886514723301
Epoch 690 Relative Error 0.007396884728223085
Epoch 691 Relative Error 0.007444875314831734
Epoch 692 Relative Error 0.007665591314435005
Epoch 693 Relative Error 0.0077892206609249115
Epoch 694 Relative Error 0.008106325753033161
Epoch 695 Relative Error 0.00777058769017458
Epoch 696 Relative Error 0.0075686015188694
Epoch 697 Relative Error 0.007450973615050316
Epoch 698 Relative Error 0.007391110062599182
Epoch 699 Relative Error 0.007403191644698381
Epoch 700 Relative Error 0.007346611004322767
Epoch 701 Relative Error 0.007340355776250362
Epoch 702 Relative Error 0.0073567782528698444
Epoch 703 Relative Error 0.007318749558180571
Epoch 704 Relative Error 0.00731632998213172
Epoch 705 Relative Error 0.0073278238996863365
Epoch 706 Relative Error 0.00730876112356782
Epoch 707 Relative Error 0.007364656310528517
Epoch 708 Relative Error 0.007300291210412979
Epoch 709 Relative Error 0.007311875466257334
Epoch 710 Relative Error 0.007417647168040276
Epoch 711 Relative Error 0.007359169889241457
Epoch 712 Relative Error 0.007397330366075039
Epoch 713 Relative Error 0.007310281042009592
Epoch 714 Relative Error 0.0073548429645597935
Epoch 715 Relative Error 0.007371367886662483
Epoch 716 Relative Error 0.007375694345682859
Epoch 717 Relative Error 0.007343366742134094
Epoch 718 Relative Error 0.007276047486811876
Epoch 719 Relative Error 0.007286970503628254
Epoch 720 Relative Error 0.007272334303706884
Epoch 721 Relative Error 0.007265761494636536
Epoch 722 Relative Error 0.007247838657349348
Epoch 723 Relative Error 0.007245339453220367
Epoch 724 Relative Error 0.007241534534841776
Epoch 725 Relative Error 0.007256268057972193
Epoch 726 Relative Error 0.007247556000947952
Epoch 727 Relative Error 0.007251022383570671
Epoch 728 Relative Error 0.0072396486066281796
Epoch 729 Relative Error 0.007222273852676153
Epoch 730 Relative Error 0.007268084678798914
Epoch 731 Relative Error 0.007281480357050896
Epoch 732 Relative Error 0.007292646449059248
Epoch 733 Relative Error 0.00732507323846221
Epoch 734 Relative Error 0.00729032326489687
Epoch 735 Relative Error 0.00723066832870245
Epoch 736 Relative Error 0.007222926244139671
Epoch 737 Relative Error 0.007206340320408344
Epoch 738 Relative Error 0.0072284117341041565
Epoch 739 Relative Error 0.007208497729152441
Epoch 740 Relative Error 0.007192854769527912
Epoch 741 Relative Error 0.007222733926028013
Epoch 742 Relative Error 0.007248091511428356
Epoch 743 Relative Error 0.007316582836210728
Epoch 744 Relative Error 0.007227151654660702
Epoch 745 Relative Error 0.007239925675094128
Epoch 746 Relative Error 0.007199338171631098
Epoch 747 Relative Error 0.007263374049216509
Epoch 748 Relative Error 0.007218795828521252
Epoch 749 Relative Error 0.007198978215456009
Epoch 750 Relative Error 0.007180392276495695
Epoch 751 Relative Error 0.007234201766550541
Epoch 752 Relative Error 0.007220794912427664
Epoch 753 Relative Error 0.007211386691778898
Epoch 754 Relative Error 0.00727917579934001
Epoch 755 Relative Error 0.007208297029137611
Epoch 756 Relative Error 0.007225800305604935
Epoch 757 Relative Error 0.007170894183218479
Epoch 758 Relative Error 0.007193225435912609
Epoch 759 Relative Error 0.0071677821688354015
Epoch 760 Relative Error 0.007138500921428204
Epoch 761 Relative Error 0.007149280980229378
Epoch 762 Relative Error 0.007145572919398546
Epoch 763 Relative Error 0.007171717006713152
Epoch 764 Relative Error 0.0071913860738277435
Epoch 765 Relative Error 0.007164876442402601
Epoch 766 Relative Error 0.0071776676923036575
Epoch 767 Relative Error 0.007166440133005381
Epoch 768 Relative Error 0.007206891663372517
Epoch 769 Relative Error 0.007153374142944813
Epoch 770 Relative Error 0.007304858881980181
Epoch 771 Relative Error 0.007197805214673281
Epoch 772 Relative Error 0.0071819014847278595
Epoch 773 Relative Error 0.0071578314527869225
Epoch 774 Relative Error 0.007137178909033537
Epoch 775 Relative Error 0.007101851049810648
Epoch 776 Relative Error 0.007099701091647148
Epoch 777 Relative Error 0.00708145834505558
Epoch 778 Relative Error 0.00711401179432869
Epoch 779 Relative Error 0.007091199047863483
Epoch 780 Relative Error 0.007173083256930113
Epoch 781 Relative Error 0.007120330352336168
Epoch 782 Relative Error 0.0071180034428834915
Epoch 783 Relative Error 0.007075207773596048
Epoch 784 Relative Error 0.007085083518177271
Epoch 785 Relative Error 0.007059222552925348
Epoch 786 Relative Error 0.007063120137900114
Epoch 787 Relative Error 0.0070772357285022736
Epoch 788 Relative Error 0.007109178230166435
Epoch 789 Relative Error 0.007056787610054016
Epoch 790 Relative Error 0.007051154039800167
Epoch 791 Relative Error 0.007081448100507259
Epoch 792 Relative Error 0.0071158092468976974
Epoch 793 Relative Error 0.007117850240319967
Epoch 794 Relative Error 0.007162268739193678
Epoch 795 Relative Error 0.007302409503608942
Epoch 796 Relative Error 0.007076887879520655
Epoch 797 Relative Error 0.00714394636452198
Epoch 798 Relative Error 0.007139558903872967
Epoch 799 Relative Error 0.007061927113682032
Epoch 800 Relative Error 0.007088769227266312
Epoch 801 Relative Error 0.00718439556658268
Epoch 802 Relative Error 0.007225227076560259
Epoch 803 Relative Error 0.007036157418042421
Epoch 804 Relative Error 0.007035273592919111
Epoch 805 Relative Error 0.007079418748617172
Epoch 806 Relative Error 0.007105322554707527
Epoch 807 Relative Error 0.0070543293841183186
Epoch 808 Relative Error 0.007011758629232645
Epoch 809 Relative Error 0.007038708310574293
Epoch 810 Relative Error 0.007013565860688686
Epoch 811 Relative Error 0.007037250325083733
Epoch 812 Relative Error 0.006971399765461683
Epoch 813 Relative Error 0.006992897484451532
Epoch 814 Relative Error 0.006992922630161047
Epoch 815 Relative Error 0.007028207648545504
Epoch 816 Relative Error 0.0069947917945683
Epoch 817 Relative Error 0.007061277516186237
Epoch 818 Relative Error 0.007075643166899681
Epoch 819 Relative Error 0.007058992516249418
Epoch 820 Relative Error 0.007021816913038492
Epoch 821 Relative Error 0.007107813376933336
Epoch 822 Relative Error 0.007076942827552557
Epoch 823 Relative Error 0.007019499316811562
Epoch 824 Relative Error 0.007140045054256916
Epoch 825 Relative Error 0.007043283898383379
Epoch 826 Relative Error 0.0070088827051222324
Epoch 827 Relative Error 0.006981600075960159
Epoch 828 Relative Error 0.00703351991251111
Epoch 829 Relative Error 0.00702707190066576
Epoch 830 Relative Error 0.007009201683104038
Epoch 831 Relative Error 0.0069976383820176125
Epoch 832 Relative Error 0.0070000807754695415
Epoch 833 Relative Error 0.007072614040225744
Epoch 834 Relative Error 0.006962775718420744
Epoch 835 Relative Error 0.007152972277253866
Epoch 836 Relative Error 0.007024046499282122
Epoch 837 Relative Error 0.0070845880545675755
Epoch 838 Relative Error 0.00697223050519824
Epoch 839 Relative Error 0.006999916397035122
Epoch 840 Relative Error 0.007076647132635117
Epoch 841 Relative Error 0.007031762041151524
Epoch 842 Relative Error 0.006975642871111631
Epoch 843 Relative Error 0.00703398184850812
Epoch 844 Relative Error 0.007020012941211462
Epoch 845 Relative Error 0.00726757338270545
Epoch 846 Relative Error 0.007118376437574625
Epoch 847 Relative Error 0.007270646747201681
Epoch 848 Relative Error 0.007174262776970863
Epoch 849 Relative Error 0.008406944572925568
Epoch 850 Relative Error 0.008152734488248825
Epoch 851 Relative Error 0.00877405609935522
Epoch 852 Relative Error 0.008422969840466976
Epoch 853 Relative Error 0.009143022820353508
Epoch 854 Relative Error 0.008224043063819408
Epoch 855 Relative Error 0.013587267138063908
Epoch 856 Relative Error 0.011140160262584686
Epoch 857 Relative Error 0.013021445833146572
Epoch 858 Relative Error 0.009373110719025135
Epoch 859 Relative Error 0.010216021910309792
Epoch 860 Relative Error 0.009654219262301922
Epoch 861 Relative Error 0.010755778290331364
Epoch 862 Relative Error 0.00790618546307087
Epoch 863 Relative Error 0.008587724529206753
Epoch 864 Relative Error 0.008937248028814793
Epoch 865 Relative Error 0.008037326857447624
Epoch 866 Relative Error 0.007987109944224358
Epoch 867 Relative Error 0.00717191444709897
Epoch 868 Relative Error 0.007010594010353088
Epoch 869 Relative Error 0.006981485523283482
Epoch 870 Relative Error 0.0069510149769485
Epoch 871 Relative Error 0.006996639538556337
Epoch 872 Relative Error 0.006868971511721611
Epoch 873 Relative Error 0.0068397922441363335
Epoch 874 Relative Error 0.006899578496813774
Epoch 875 Relative Error 0.006923004053533077
Epoch 876 Relative Error 0.006880490109324455
Epoch 877 Relative Error 0.006867191754281521
Epoch 878 Relative Error 0.006824878044426441
Epoch 879 Relative Error 0.006852098740637302
Epoch 880 Relative Error 0.006841297261416912
Epoch 881 Relative Error 0.006812651176005602
Epoch 882 Relative Error 0.006801133509725332
Epoch 883 Relative Error 0.006831192411482334
Epoch 884 Relative Error 0.006839186418801546
Epoch 885 Relative Error 0.006809653248637915
Epoch 886 Relative Error 0.006820701994001865
Epoch 887 Relative Error 0.006795750465244055
Epoch 888 Relative Error 0.006821518298238516
Epoch 889 Relative Error 0.0067828986793756485
Epoch 890 Relative Error 0.006820304784923792
Epoch 891 Relative Error 0.0068091521970927715
Epoch 892 Relative Error 0.006789361592382193
Epoch 893 Relative Error 0.006772913504391909
Epoch 894 Relative Error 0.006770838052034378
Epoch 895 Relative Error 0.006771532353013754
Epoch 896 Relative Error 0.0067677805200219154
Epoch 897 Relative Error 0.006757114082574844
Epoch 898 Relative Error 0.006752979476004839
Epoch 899 Relative Error 0.006771821994334459
Epoch 900 Relative Error 0.0067556630820035934
Epoch 901 Relative Error 0.006742800120264292
Epoch 902 Relative Error 0.00677921948954463
Epoch 903 Relative Error 0.006775663234293461
Epoch 904 Relative Error 0.006871772464364767
Epoch 905 Relative Error 0.006866513751447201
Epoch 906 Relative Error 0.006817670539021492
Epoch 907 Relative Error 0.006853495724499226
Epoch 908 Relative Error 0.006850921083241701
Epoch 909 Relative Error 0.00676746154204011
Epoch 910 Relative Error 0.00678611034527421
Epoch 911 Relative Error 0.006751263979822397
Epoch 912 Relative Error 0.006776090711355209
Epoch 913 Relative Error 0.006753304973244667
Epoch 914 Relative Error 0.006816479377448559
Epoch 915 Relative Error 0.00679392833262682
Epoch 916 Relative Error 0.006791779305785894
Epoch 917 Relative Error 0.006790390238165855
Epoch 918 Relative Error 0.006743222940713167
Epoch 919 Relative Error 0.006771358661353588
Epoch 920 Relative Error 0.006885832641273737
Epoch 921 Relative Error 0.006804516073316336
Epoch 922 Relative Error 0.006847601383924484
Epoch 923 Relative Error 0.006733376532793045
Epoch 924 Relative Error 0.00674418406561017
Epoch 925 Relative Error 0.006917170248925686
Epoch 926 Relative Error 0.007145088631659746
Epoch 927 Relative Error 0.006952831521630287
Epoch 928 Relative Error 0.006752480752766132
Epoch 929 Relative Error 0.006790701765567064
Epoch 930 Relative Error 0.0067161815240979195
Epoch 931 Relative Error 0.006852495949715376
Epoch 932 Relative Error 0.006698378827422857
Epoch 933 Relative Error 0.006876393221318722
Epoch 934 Relative Error 0.006779709365218878
Epoch 935 Relative Error 0.006715795025229454
Epoch 936 Relative Error 0.00667083403095603
Epoch 937 Relative Error 0.006669975351542234
Epoch 938 Relative Error 0.006688478868454695
Epoch 939 Relative Error 0.0067516895942389965
Epoch 940 Relative Error 0.0067740739323198795
Epoch 941 Relative Error 0.006727570202201605
Epoch 942 Relative Error 0.006714205723255873
Epoch 943 Relative Error 0.006695569958537817
Epoch 944 Relative Error 0.00670190853998065
Epoch 945 Relative Error 0.0066678584553301334
Epoch 946 Relative Error 0.006688366178423166
Epoch 947 Relative Error 0.006665698252618313
Epoch 948 Relative Error 0.0066602048464119434
Epoch 949 Relative Error 0.0066483840346336365
Epoch 950 Relative Error 0.006645123939961195
Epoch 951 Relative Error 0.006625602021813393
Epoch 952 Relative Error 0.00662867771461606
Epoch 953 Relative Error 0.0066146645694971085
Epoch 954 Relative Error 0.006635009311139584
Epoch 955 Relative Error 0.006625694688409567
Epoch 956 Relative Error 0.006712117698043585
Epoch 957 Relative Error 0.006681312341243029
Epoch 958 Relative Error 0.006697526201605797
Epoch 959 Relative Error 0.0068476018495857716
Epoch 960 Relative Error 0.0066858744248747826
Epoch 961 Relative Error 0.006774221546947956
Epoch 962 Relative Error 0.006822527851909399
Epoch 963 Relative Error 0.006701961159706116
Epoch 964 Relative Error 0.006846838165074587
Epoch 965 Relative Error 0.0068947933614254
Epoch 966 Relative Error 0.006764040794223547
Epoch 967 Relative Error 0.00671789888292551
Epoch 968 Relative Error 0.006722049787640572
Epoch 969 Relative Error 0.0066202497109770775
Epoch 970 Relative Error 0.006650962866842747
Epoch 971 Relative Error 0.0065959603525698185
Epoch 972 Relative Error 0.006670452654361725
Epoch 973 Relative Error 0.006593964993953705
Epoch 974 Relative Error 0.006597439292818308
Epoch 975 Relative Error 0.006578576285392046
Epoch 976 Relative Error 0.00661793677136302
Epoch 977 Relative Error 0.006624366622418165
Epoch 978 Relative Error 0.006572083570063114
Epoch 979 Relative Error 0.006595573853701353
Epoch 980 Relative Error 0.006640323903411627
Epoch 981 Relative Error 0.006649828515946865
Epoch 982 Relative Error 0.006602345034480095
Epoch 983 Relative Error 0.006574658211320639
Epoch 984 Relative Error 0.006564752664417028
Epoch 985 Relative Error 0.0065635875798761845
Epoch 986 Relative Error 0.006568561773747206
Epoch 987 Relative Error 0.006548772566020489
Epoch 988 Relative Error 0.006548529956489801
Epoch 989 Relative Error 0.006570924539119005
Epoch 990 Relative Error 0.0065579600632190704
Epoch 991 Relative Error 0.006567277014255524
Epoch 992 Relative Error 0.006549653131514788
Epoch 993 Relative Error 0.006560778710991144
Epoch 994 Relative Error 0.006643926724791527
Epoch 995 Relative Error 0.006582451518625021
Epoch 996 Relative Error 0.006614909507334232
Epoch 997 Relative Error 0.006606943439692259
Epoch 998 Relative Error 0.006547317374497652
Epoch 999 Relative Error 0.006596176419407129
Epoch 1000 Relative Error 0.006592099089175463
RE (3, 9, 15, 0): 0.006547317374497652
Green's Function RE (3, 9, 15, 0): 0.01455238088965416
Bias Term RE (3, 9, 15, 0): 0.009707126766443253
Combination (3, 9, 15, 0, 0): 0.006592100020498037
Combination (3, 9, 15, 0, 1): 0.005796712823212147
Combination (3, 9, 15, 0, 2): 0.005573016591370106
Combination (3, 9, 15, 0, 3): 0.005497455596923828
Combination (3, 9, 15, 0, 4): 0.0054627833887934685

/home/gridsan/gstepaniants/.local/lib/python3.8/site-packages/torch/functional.py:478: UserWarning: torch.meshgrid: in an upcoming release, it will be required to pass the indexing argument. (Triggered internally at  ../aten/src/ATen/native/TensorShape.cpp:2895.)
  return _VF.meshgrid(tensors, **kwargs)  # type: ignore[attr-defined]
