[KeOps] Warning : Cuda libraries were not detected on the system ; using cpu only mode
1
Kernel: Matern3/2
Weight Mesh: 10
RKHS Kernel Width: 0.009000000000000001
Lambda: 1e-06
Green's Function Learning Rate: 100
Bias Term Learning Rate: 100
Epoch 1 Relative Error 734.5655517578125
First epoch had re = 734.5655517578125 > 1
Green's Function Learning Rate: 50
Bias Term Learning Rate: 50
Epoch 1 Relative Error 416.3099060058594
First epoch had re = 416.3099060058594 > 1
Green's Function Learning Rate: 10
Bias Term Learning Rate: 10
Epoch 1 Relative Error 73.70320892333984
First epoch had re = 73.70320892333984 > 1
Green's Function Learning Rate: 5
Bias Term Learning Rate: 5
Epoch 1 Relative Error 39.725582122802734
First epoch had re = 39.725582122802734 > 1
Green's Function Learning Rate: 1
Bias Term Learning Rate: 1
Epoch 1 Relative Error 8.411548614501953
First epoch had re = 8.411548614501953 > 1
Green's Function Learning Rate: 0.5
Bias Term Learning Rate: 0.5
Epoch 1 Relative Error 3.943286895751953
First epoch had re = 3.943286895751953 > 1
Green's Function Learning Rate: 0.1
Bias Term Learning Rate: 0.1
Epoch 1 Relative Error 0.9646615386009216
Epoch 2 Relative Error 0.6823446154594421
Epoch 3 Relative Error 0.5686678886413574
Epoch 4 Relative Error 0.460500031709671
Epoch 5 Relative Error 0.3485966920852661
Epoch 6 Relative Error 0.2927740216255188
Epoch 7 Relative Error 0.21458813548088074
Epoch 8 Relative Error 0.1724490225315094
Epoch 9 Relative Error 0.1484222412109375
Epoch 10 Relative Error 0.13839998841285706
Epoch 11 Relative Error 0.10027945786714554
Epoch 12 Relative Error 0.06927173584699631
Epoch 13 Relative Error 0.06016725301742554
Epoch 14 Relative Error 0.05808113142848015
Epoch 15 Relative Error 0.05361386388540268
Epoch 16 Relative Error 0.039332300424575806
Epoch 17 Relative Error 0.03193872421979904
Epoch 18 Relative Error 0.02408101223409176
Epoch 19 Relative Error 0.01895224116742611
Epoch 20 Relative Error 0.015691649168729782
Epoch 21 Relative Error 0.013453793711960316
Epoch 22 Relative Error 0.010949516668915749
Epoch 23 Relative Error 0.008044385351240635
Epoch 24 Relative Error 0.005683511029928923
Epoch 25 Relative Error 0.00538954883813858
Epoch 26 Relative Error 0.004360720980912447
Epoch 27 Relative Error 0.00405607046559453
Epoch 28 Relative Error 0.003266946179792285
Epoch 29 Relative Error 0.002794733503833413
Epoch 30 Relative Error 0.002094260649755597
Epoch 31 Relative Error 0.001961634960025549
Epoch 32 Relative Error 0.0014742922503501177
Epoch 33 Relative Error 0.00116987363435328
Epoch 34 Relative Error 0.0009342959965579212
Epoch 35 Relative Error 0.0009533718694001436
Epoch 36 Relative Error 0.0007079768693074584
Epoch 37 Relative Error 0.0006619045743718743
Epoch 38 Relative Error 0.0005496601806953549
Epoch 39 Relative Error 0.0004088424611836672
Epoch 40 Relative Error 0.0003661458322312683
Epoch 41 Relative Error 0.00027180672623217106
Epoch 42 Relative Error 0.00032020287471823394
Epoch 43 Relative Error 0.00025089693372137845
Epoch 44 Relative Error 0.0001996839273488149
Epoch 45 Relative Error 0.0001744277833495289
Epoch 46 Relative Error 0.00013723706069868058
Epoch 47 Relative Error 0.00011487351002870128
Epoch 48 Relative Error 0.00010203372221440077
Epoch 49 Relative Error 5.901362237636931e-05
Epoch 50 Relative Error 6.715690687997267e-05
Epoch 51 Relative Error 5.6725071772234514e-05
Epoch 52 Relative Error 4.068797352374531e-05
Epoch 53 Relative Error 3.907044083462097e-05
Epoch 54 Relative Error 3.075810309383087e-05
Epoch 55 Relative Error 3.100659523624927e-05
Epoch 56 Relative Error 2.523686271160841e-05
Epoch 57 Relative Error 2.9637998522957787e-05
Epoch 58 Relative Error 2.582866909506265e-05
Epoch 59 Relative Error 2.392385431448929e-05
Epoch 60 Relative Error 1.883484765130561e-05
Epoch 61 Relative Error 1.7819915228756145e-05
Epoch 62 Relative Error 1.4589045349566732e-05
Epoch 63 Relative Error 1.4519219803332817e-05
Epoch 64 Relative Error 1.2852617146563716e-05
Epoch 65 Relative Error 1.167590653494699e-05
Epoch 66 Relative Error 9.828960173763335e-06
Epoch 67 Relative Error 1.0644820576999336e-05
Epoch 68 Relative Error 9.900548320729285e-06
Epoch 69 Relative Error 1.085946223611245e-05
Epoch 70 Relative Error 1.1014557458111085e-05
Epoch 71 Relative Error 1.0331761586712673e-05
Epoch 72 Relative Error 9.446770491194911e-06
Epoch 73 Relative Error 9.523121661914047e-06
Epoch 74 Relative Error 1.0209894753643312e-05
Epoch 75 Relative Error 1.016135502140969e-05
Epoch 76 Relative Error 8.123645784507971e-06
Epoch 77 Relative Error 7.644978722964879e-06
Epoch 78 Relative Error 9.018693162943237e-06
Epoch 79 Relative Error 8.432576578343287e-06
Epoch 80 Relative Error 9.326303370471578e-06
Epoch 81 Relative Error 9.748560842126608e-06
Epoch 82 Relative Error 9.110997780226171e-06
Epoch 83 Relative Error 8.581118891015649e-06
Epoch 84 Relative Error 9.718395631352905e-06
Epoch 85 Relative Error 8.220144991355482e-06
Epoch 86 Relative Error 7.22789764040499e-06
Epoch 87 Relative Error 9.189640877593774e-06
Epoch 88 Relative Error 9.264617801818531e-06
Epoch 89 Relative Error 9.682394193077926e-06
Epoch 90 Relative Error 9.424616109754425e-06
Epoch 91 Relative Error 9.472904821450356e-06
Epoch 92 Relative Error 8.923090717871673e-06
Epoch 93 Relative Error 9.50998037296813e-06
Epoch 94 Relative Error 9.873299859464169e-06
Epoch 95 Relative Error 7.851854206819553e-06
Epoch 96 Relative Error 9.780251275515184e-06
Epoch 97 Relative Error 1.0487960935279261e-05
Epoch 98 Relative Error 1.0660967745934613e-05
Epoch 99 Relative Error 1.0702920917537995e-05
Epoch 100 Relative Error 1.0414866665087175e-05
Epoch 101 Relative Error 1.1675719179038424e-05
Epoch 102 Relative Error 1.1559610356925987e-05
Epoch 103 Relative Error 1.0453798495291267e-05
Epoch 104 Relative Error 1.269642871193355e-05
Epoch 105 Relative Error 1.1754828847188037e-05
Epoch 106 Relative Error 1.1060910765081644e-05
Epoch 107 Relative Error 1.1132898180221673e-05
Epoch 108 Relative Error 1.1402353266021237e-05
Epoch 109 Relative Error 1.0914247468463145e-05
Epoch 110 Relative Error 1.1806675502157304e-05
Epoch 111 Relative Error 1.0368234143243171e-05
Epoch 112 Relative Error 1.1704973985615652e-05
Epoch 113 Relative Error 1.0276371540385298e-05
Epoch 114 Relative Error 1.0964958164549898e-05
Epoch 115 Relative Error 1.2910436453239527e-05
Epoch 116 Relative Error 1.062213323166361e-05
Epoch 117 Relative Error 1.056012297340203e-05
Epoch 118 Relative Error 1.1214078767807223e-05
Epoch 119 Relative Error 1.0846225450222846e-05
Epoch 120 Relative Error 1.0971763003908563e-05
Epoch 121 Relative Error 1.049094589689048e-05
Epoch 122 Relative Error 1.0458434189786203e-05
Epoch 123 Relative Error 9.33296814764617e-06
Epoch 124 Relative Error 1.1387512131477706e-05
Epoch 125 Relative Error 1.2951779353898019e-05
Epoch 126 Relative Error 1.0670896699593868e-05
Epoch 127 Relative Error 1.1023631486750674e-05
Epoch 128 Relative Error 1.203594911203254e-05
Epoch 129 Relative Error 9.514054909232073e-06
Epoch 130 Relative Error 1.1342015568516217e-05
Epoch 131 Relative Error 1.2377191524137743e-05
Epoch 132 Relative Error 1.1876435564772692e-05
Epoch 133 Relative Error 1.1308767170703504e-05
Epoch 134 Relative Error 1.0258785550831817e-05
Epoch 135 Relative Error 1.1240233106946107e-05
Epoch 136 Relative Error 1.3317233424459118e-05
Epoch 137 Relative Error 1.2570292710734066e-05
Epoch 138 Relative Error 1.2592068742378615e-05
Epoch 139 Relative Error 1.0515489520912524e-05
Epoch 140 Relative Error 9.376097295898944e-06
Epoch 141 Relative Error 1.1025632375094574e-05
Epoch 142 Relative Error 1.0123350875801407e-05
Epoch 143 Relative Error 1.2229119420226198e-05
Epoch 144 Relative Error 1.1941058801312465e-05
Epoch 145 Relative Error 1.3177357686799951e-05
Epoch 146 Relative Error 1.2794322174158879e-05
Epoch 147 Relative Error 1.280877859244356e-05
Epoch 148 Relative Error 1.172961219708668e-05
Epoch 149 Relative Error 1.1339352568029426e-05
Epoch 150 Relative Error 1.2004889867966995e-05
Epoch 151 Relative Error 1.1067999366787262e-05
Epoch 152 Relative Error 1.2408305337885395e-05
Epoch 153 Relative Error 1.4245144484448247e-05
Epoch 154 Relative Error 1.3523593224817887e-05
Epoch 155 Relative Error 1.1711802471836563e-05
Epoch 156 Relative Error 1.3479717381414957e-05
Epoch 157 Relative Error 1.3597594261227641e-05
Epoch 158 Relative Error 1.1973740583925974e-05
Epoch 159 Relative Error 1.0133333489648066e-05
Epoch 160 Relative Error 1.0106707122758962e-05
Epoch 161 Relative Error 1.1026685569959227e-05
Epoch 162 Relative Error 1.4816744624113198e-05
Epoch 163 Relative Error 1.669570519879926e-05
Epoch 164 Relative Error 1.4059641216590535e-05
Epoch 165 Relative Error 1.6097141269710846e-05
Epoch 166 Relative Error 1.5758845620439388e-05
Epoch 167 Relative Error 1.4552926586475223e-05
Epoch 168 Relative Error 1.4034152627573349e-05
Epoch 169 Relative Error 1.7561669665155932e-05
Epoch 170 Relative Error 1.4417185411730316e-05
Epoch 171 Relative Error 1.5226787581923418e-05
Epoch 172 Relative Error 1.2341410183580592e-05
Epoch 173 Relative Error 1.5294002878363244e-05
Epoch 174 Relative Error 1.2658483683480881e-05
Epoch 175 Relative Error 1.3046030289842747e-05
Epoch 176 Relative Error 1.6007219528546557e-05
Epoch 177 Relative Error 1.671382960921619e-05
Epoch 178 Relative Error 1.4862934222037438e-05
Epoch 179 Relative Error 1.7181944713229313e-05
Epoch 180 Relative Error 1.5593646821798757e-05
Epoch 181 Relative Error 1.5224442904582247e-05
Epoch 182 Relative Error 1.2423171938280575e-05
Epoch 183 Relative Error 1.4322985407488886e-05
Epoch 184 Relative Error 1.183690346806543e-05
Epoch 185 Relative Error 1.2014829735562671e-05
Epoch 186 Relative Error 1.286292535951361e-05
Epoch 187 Relative Error 1.2326523574301973e-05
Epoch 188 Relative Error 1.0985766493831761e-05
Epoch 189 Relative Error 1.160706324299099e-05
Epoch 190 Relative Error 1.2663416782743298e-05
Epoch 191 Relative Error 1.533110480522737e-05
Epoch 192 Relative Error 1.293424065806903e-05
Epoch 193 Relative Error 1.6820255041238852e-05
Epoch 194 Relative Error 1.6834477719385177e-05
Epoch 195 Relative Error 1.756797246343922e-05
Epoch 196 Relative Error 1.7806141840992495e-05
Epoch 197 Relative Error 1.6947016774793155e-05
Epoch 198 Relative Error 1.9280207197880372e-05
Epoch 199 Relative Error 1.9043407519347966e-05
Epoch 200 Relative Error 1.8836293747881427e-05
Epoch 201 Relative Error 1.941829759743996e-05
Epoch 202 Relative Error 1.6902693459996954e-05
Epoch 203 Relative Error 1.8575959984445944e-05
Epoch 204 Relative Error 1.7336826203973033e-05
Epoch 205 Relative Error 1.7326510715065524e-05
Epoch 206 Relative Error 1.658299152040854e-05
Epoch 207 Relative Error 1.7832815501606092e-05
Epoch 208 Relative Error 1.7626385670155287e-05
Epoch 209 Relative Error 1.4632143574999645e-05
Epoch 210 Relative Error 1.5662733858334832e-05
Epoch 211 Relative Error 1.3526511793315876e-05
Epoch 212 Relative Error 1.5512614481849596e-05
Epoch 213 Relative Error 1.459902705391869e-05
Epoch 214 Relative Error 1.5552237528027035e-05
Epoch 215 Relative Error 1.4996474419604056e-05
Epoch 216 Relative Error 1.5765866919537075e-05
Epoch 217 Relative Error 1.3635060895467177e-05
Epoch 218 Relative Error 1.4765038031328004e-05
Epoch 219 Relative Error 1.4916289728716947e-05
Epoch 220 Relative Error 1.6689060430508107e-05
Epoch 221 Relative Error 1.3913032489654142e-05
Epoch 222 Relative Error 1.7209345969604328e-05
Epoch 223 Relative Error 1.4930835277482402e-05
Epoch 224 Relative Error 1.6029953258112073e-05
Epoch 225 Relative Error 1.411729408573592e-05
Epoch 226 Relative Error 1.4715536963194609e-05
Epoch 227 Relative Error 1.549328226246871e-05
Epoch 228 Relative Error 1.8743014152278192e-05
Epoch 229 Relative Error 1.736905142024625e-05
Epoch 230 Relative Error 1.86848446901422e-05
Epoch 231 Relative Error 1.680794775893446e-05
Epoch 232 Relative Error 1.6143745597219095e-05
Epoch 233 Relative Error 1.5609488400514238e-05
Epoch 234 Relative Error 1.7661133824731223e-05
Epoch 235 Relative Error 1.6230425899266265e-05
Epoch 236 Relative Error 1.538330252515152e-05
Epoch 237 Relative Error 1.5378152966150083e-05
Epoch 238 Relative Error 1.6001986296032555e-05
Epoch 239 Relative Error 1.3083703379379585e-05
Epoch 240 Relative Error 1.5272220480255783e-05
Epoch 241 Relative Error 1.5794070350239053e-05
Epoch 242 Relative Error 1.5241943401633762e-05
Epoch 243 Relative Error 1.616995723452419e-05
Epoch 244 Relative Error 1.782370964065194e-05
Epoch 245 Relative Error 2.5239154638256878e-05
Epoch 246 Relative Error 2.0224721083650365e-05
Epoch 247 Relative Error 2.1286701667122543e-05
Epoch 248 Relative Error 2.581005173851736e-05
Epoch 249 Relative Error 2.1475176254170947e-05
Epoch 250 Relative Error 2.04329608095577e-05
Epoch 251 Relative Error 2.1195775843807496e-05
Epoch 252 Relative Error 2.1326099158613943e-05
Epoch 253 Relative Error 1.9771867300732993e-05
Epoch 254 Relative Error 1.853493449743837e-05
Epoch 255 Relative Error 2.310488162038382e-05
Epoch 256 Relative Error 2.0326138837845065e-05
Epoch 257 Relative Error 1.7155254681711085e-05
Epoch 258 Relative Error 1.7728874809108675e-05
Epoch 259 Relative Error 1.96786604647059e-05
Epoch 260 Relative Error 1.7637645214563236e-05
Epoch 261 Relative Error 1.773830081219785e-05
Epoch 262 Relative Error 1.7949712855624966e-05
Epoch 263 Relative Error 1.3952892004454043e-05
Epoch 264 Relative Error 1.4503581041935831e-05
Epoch 265 Relative Error 1.3033101822657045e-05
Epoch 266 Relative Error 1.3719244634557981e-05
Epoch 267 Relative Error 1.303510543948505e-05
Epoch 268 Relative Error 1.3851058611180633e-05
Epoch 269 Relative Error 1.6002102711354382e-05
Epoch 270 Relative Error 1.8290718799107708e-05
Epoch 271 Relative Error 1.6487207176396623e-05
Epoch 272 Relative Error 1.9282577341073193e-05
Epoch 273 Relative Error 1.9642826373456046e-05
Epoch 274 Relative Error 1.6712858268874697e-05
Epoch 275 Relative Error 1.5211056052066851e-05
Epoch 276 Relative Error 1.2220059943501838e-05
Epoch 277 Relative Error 1.4022079994902015e-05
Epoch 278 Relative Error 1.4161259969114326e-05
Epoch 279 Relative Error 1.3242595741758123e-05
Epoch 280 Relative Error 1.480728042224655e-05
Epoch 281 Relative Error 1.3029438377998304e-05
Epoch 282 Relative Error 1.4705706234963145e-05
Epoch 283 Relative Error 1.4310863662103657e-05
Epoch 284 Relative Error 1.3824768757331185e-05
Epoch 285 Relative Error 1.5812973288120702e-05
Epoch 286 Relative Error 1.637000787013676e-05
Epoch 287 Relative Error 1.6904468793654814e-05
Epoch 288 Relative Error 1.796159995137714e-05
Epoch 289 Relative Error 1.8808810636983253e-05
Epoch 290 Relative Error 1.940047150128521e-05
Epoch 291 Relative Error 2.1336063582566567e-05
Epoch 292 Relative Error 2.39734144997783e-05
Epoch 293 Relative Error 2.136467992386315e-05
Epoch 294 Relative Error 2.220689202658832e-05
Epoch 295 Relative Error 2.5414694391656667e-05
Epoch 296 Relative Error 2.160275289497804e-05
Epoch 297 Relative Error 2.017348015215248e-05
Epoch 298 Relative Error 2.0905916244373657e-05
Epoch 299 Relative Error 2.7546460842131637e-05
Epoch 300 Relative Error 3.1077401217771694e-05
Epoch 301 Relative Error 3.1539020710624754e-05
Epoch 302 Relative Error 1.922421324707102e-05
Epoch 303 Relative Error 2.0737039449159056e-05
Epoch 304 Relative Error 1.9228853489039466e-05
Epoch 305 Relative Error 1.7740941984811798e-05
Epoch 306 Relative Error 2.0787898392882198e-05
Epoch 307 Relative Error 2.6398163754492998e-05
Epoch 308 Relative Error 2.1664631276507862e-05
Epoch 309 Relative Error 1.9150913431076333e-05
Epoch 310 Relative Error 1.9882552805938758e-05
Epoch 311 Relative Error 1.6949505152297206e-05
Epoch 312 Relative Error 2.2171543605509214e-05
Epoch 313 Relative Error 3.437771738390438e-05
Epoch 314 Relative Error 5.856076313648373e-05
Epoch 315 Relative Error 9.538010635878891e-05
Epoch 316 Relative Error 8.639640145702288e-05
Epoch 317 Relative Error 0.00012599321780726314
Epoch 318 Relative Error 0.0001450082054361701
Epoch 319 Relative Error 0.00016916166350711137
Epoch 320 Relative Error 0.00029072831966914237
Epoch 321 Relative Error 0.0001984642440220341
Epoch 322 Relative Error 0.00014819273201283067
Epoch 323 Relative Error 0.0001162625485449098
Epoch 324 Relative Error 0.00013195430801715702
Epoch 325 Relative Error 0.00012575503205880523
Epoch 326 Relative Error 0.00011343626101734117
Epoch 327 Relative Error 7.56727677071467e-05
Epoch 328 Relative Error 0.00013537115592043847
Epoch 329 Relative Error 0.0001538670330774039
Epoch 330 Relative Error 0.0001587758888490498
Epoch 331 Relative Error 7.053575245663524e-05
Epoch 332 Relative Error 0.00011266409273957834
Epoch 333 Relative Error 0.000147723825648427
Epoch 334 Relative Error 0.00011615947732934728
Epoch 335 Relative Error 0.00014024972915649414
Epoch 336 Relative Error 8.635059930384159e-05
Epoch 337 Relative Error 0.00015711828018538654
Epoch 338 Relative Error 0.00011366915714461356
Epoch 339 Relative Error 7.765083864796907e-05
Epoch 340 Relative Error 6.722179386997595e-05
Epoch 341 Relative Error 4.2499588744249195e-05
Epoch 342 Relative Error 5.25825162185356e-05
Epoch 343 Relative Error 6.073231634218246e-05
Epoch 344 Relative Error 3.968904275097884e-05
Epoch 345 Relative Error 3.750225005205721e-05
Epoch 346 Relative Error 4.159718446317129e-05
Epoch 347 Relative Error 4.473811713978648e-05
Epoch 348 Relative Error 3.970963371102698e-05
Epoch 349 Relative Error 5.048742605140433e-05
Epoch 350 Relative Error 4.6696524805156514e-05
Epoch 351 Relative Error 3.557262243703008e-05
Epoch 352 Relative Error 3.54841431544628e-05
Epoch 353 Relative Error 5.906807928113267e-05
Epoch 354 Relative Error 7.12362234480679e-05
Epoch 355 Relative Error 5.210596282267943e-05
Epoch 356 Relative Error 6.518033478641883e-05
Epoch 357 Relative Error 6.943858170416206e-05
Epoch 358 Relative Error 5.6366399803664535e-05
Epoch 359 Relative Error 5.683640847564675e-05
Epoch 360 Relative Error 5.5942680774023756e-05
Epoch 361 Relative Error 6.0641592426691204e-05
Epoch 362 Relative Error 4.787920624949038e-05
Epoch 363 Relative Error 4.3470248783705756e-05
Epoch 364 Relative Error 4.215121589368209e-05
Epoch 365 Relative Error 3.636065230239183e-05
Epoch 366 Relative Error 5.443955524242483e-05
Epoch 367 Relative Error 2.8577856937772594e-05
Epoch 368 Relative Error 4.307592462282628e-05
Epoch 369 Relative Error 3.2619947887724265e-05
Epoch 370 Relative Error 3.325422221678309e-05
Epoch 371 Relative Error 2.9843398806406185e-05
Epoch 372 Relative Error 2.2048714527045377e-05
Epoch 373 Relative Error 2.5931074560503475e-05
Epoch 374 Relative Error 2.6675819754018448e-05
Epoch 375 Relative Error 3.147980896756053e-05
Epoch 376 Relative Error 4.0703896956983954e-05
Epoch 377 Relative Error 3.571923298295587e-05
Epoch 378 Relative Error 3.50377922586631e-05
Epoch 379 Relative Error 3.150837801513262e-05
Epoch 380 Relative Error 2.5268051103921607e-05
Epoch 381 Relative Error 2.859352571249474e-05
Epoch 382 Relative Error 3.3184955100296065e-05
Epoch 383 Relative Error 3.646480763563886e-05
Epoch 384 Relative Error 2.6614694434101693e-05
Epoch 385 Relative Error 3.42844650731422e-05
Epoch 386 Relative Error 3.4849741496145725e-05
Epoch 387 Relative Error 3.1702038540970534e-05
Epoch 388 Relative Error 3.31373157678172e-05
Epoch 389 Relative Error 3.0164057534420863e-05
Epoch 390 Relative Error 3.225558248232119e-05
Epoch 391 Relative Error 3.3386575523763895e-05
Epoch 392 Relative Error 3.639499846030958e-05
Epoch 393 Relative Error 3.288440711912699e-05
Epoch 394 Relative Error 4.036131576867774e-05
Epoch 395 Relative Error 4.453866495168768e-05
Epoch 396 Relative Error 3.595885937102139e-05
Epoch 397 Relative Error 5.128783959662542e-05
Epoch 398 Relative Error 4.5646116632269695e-05
Epoch 399 Relative Error 5.0377413572277874e-05
Epoch 400 Relative Error 5.754238009103574e-05
Epoch 401 Relative Error 5.3630490583600476e-05
Epoch 402 Relative Error 6.539087917190045e-05
Epoch 403 Relative Error 3.232666858821176e-05
Epoch 404 Relative Error 3.407755502848886e-05
Epoch 405 Relative Error 3.275452763773501e-05
Epoch 406 Relative Error 3.8034322642488405e-05
Epoch 407 Relative Error 6.378682883223519e-05
Epoch 408 Relative Error 7.122859824448824e-05
Epoch 409 Relative Error 0.00012070091179339215
Epoch 410 Relative Error 0.0001125260823755525
Epoch 411 Relative Error 0.00012597109889611602
Epoch 412 Relative Error 0.00019091711146757007
Epoch 413 Relative Error 0.00021637845202349126
Epoch 414 Relative Error 0.00019567740673664957
Epoch 415 Relative Error 0.00020392653823364526
Epoch 416 Relative Error 0.0002935734228231013
Epoch 417 Relative Error 0.00034971628338098526
Epoch 418 Relative Error 0.0002593351237010211
Epoch 419 Relative Error 0.00036211402039043605
Epoch 420 Relative Error 0.00033899027039296925
Epoch 421 Relative Error 0.00017409809515811503
Epoch 422 Relative Error 0.00026357368915341794
Epoch 423 Relative Error 0.00012302071263547987
Epoch 424 Relative Error 0.0002757564652711153
Epoch 425 Relative Error 0.0002083209401462227
Epoch 426 Relative Error 0.00021760226809419692
Epoch 427 Relative Error 0.00025850371457636356
Epoch 428 Relative Error 0.00028924428625032306
Epoch 429 Relative Error 0.00035593408392742276
Epoch 430 Relative Error 0.0002907972957473248
Epoch 431 Relative Error 0.00030203539063222706
Epoch 432 Relative Error 0.0002738770854193717
Epoch 433 Relative Error 0.0002362182131037116
Epoch 434 Relative Error 0.00045138163841329515
Epoch 435 Relative Error 0.0007847024826332927
Epoch 436 Relative Error 0.0004493261221796274
Epoch 437 Relative Error 0.0003543257189448923
Epoch 438 Relative Error 0.0002490230544935912
Epoch 439 Relative Error 0.00024949631188064814
Epoch 440 Relative Error 0.00025898320018313825
Epoch 441 Relative Error 0.0002777996414806694
Epoch 442 Relative Error 0.0003436193510424346
Epoch 443 Relative Error 0.0003563313221093267
Epoch 444 Relative Error 0.0004925750545226038
Epoch 445 Relative Error 0.00042481895070523024
Epoch 446 Relative Error 0.00031902093905955553
Epoch 447 Relative Error 0.0007827256340533495
Epoch 448 Relative Error 0.0005765764508396387
Epoch 449 Relative Error 0.0005630180821754038
Epoch 450 Relative Error 0.00036865941365249455
Epoch 451 Relative Error 0.0007149158627726138
Epoch 452 Relative Error 0.0007700857240706682
Epoch 453 Relative Error 0.0006253537139855325
Epoch 454 Relative Error 0.0006012528901919723
Epoch 455 Relative Error 0.000570181175135076
Epoch 456 Relative Error 0.0003603844379540533
Epoch 457 Relative Error 0.00035004335222765803
Epoch 458 Relative Error 0.00042305781971663237
Epoch 459 Relative Error 0.00048701014020480216
Epoch 460 Relative Error 0.0004062402294948697
Epoch 461 Relative Error 0.00040895535494200885
Epoch 462 Relative Error 0.00021516403649002314
Epoch 463 Relative Error 0.0002472542691975832
Epoch 464 Relative Error 0.00020705832866951823
Epoch 465 Relative Error 0.00021896511316299438
Epoch 466 Relative Error 0.00023498838709201664
Epoch 467 Relative Error 0.000201916613150388
Epoch 468 Relative Error 0.0003763136046472937
Epoch 469 Relative Error 0.00048041334957815707
Epoch 470 Relative Error 0.0003943128394894302
Epoch 471 Relative Error 0.0003116183215752244
Epoch 472 Relative Error 0.00030904432060196996
Epoch 473 Relative Error 0.00039180804742500186
Epoch 474 Relative Error 0.00026436784537509084
Epoch 475 Relative Error 0.0005406272830441594
Epoch 476 Relative Error 0.0003415572864469141
Epoch 477 Relative Error 0.0003075484710279852
Epoch 478 Relative Error 0.0002926568849943578
Epoch 479 Relative Error 0.00018128000374417752
Epoch 480 Relative Error 0.000318013655487448
Epoch 481 Relative Error 0.00023436592891812325
Epoch 482 Relative Error 0.00020826011314056814
Epoch 483 Relative Error 0.00020297714218031615
Epoch 484 Relative Error 0.00018050911603495479
Epoch 485 Relative Error 0.00017289433162659407
Epoch 486 Relative Error 0.0002441302640363574
Epoch 487 Relative Error 0.0001941812370205298
Epoch 488 Relative Error 0.0001575756905367598
Epoch 489 Relative Error 7.904355879873037e-05
Epoch 490 Relative Error 0.00012513248657342046
Epoch 491 Relative Error 9.960885654436424e-05
Epoch 492 Relative Error 9.41263060667552e-05
Epoch 493 Relative Error 9.558595775160939e-05
Epoch 494 Relative Error 8.601703302701935e-05
Epoch 495 Relative Error 9.596268500899896e-05
Epoch 496 Relative Error 9.836038952926174e-05
Epoch 497 Relative Error 0.00010264585580443963
Epoch 498 Relative Error 8.89703442226164e-05
Epoch 499 Relative Error 6.463799218181521e-05
Epoch 500 Relative Error 7.543757965322584e-05
Epoch 501 Relative Error 5.2770697948290035e-05
Epoch 502 Relative Error 0.0001015744055621326
Epoch 503 Relative Error 9.302519902121276e-05
Epoch 504 Relative Error 7.453512080246583e-05
Epoch 505 Relative Error 6.876800762256607e-05
Epoch 506 Relative Error 5.5018317652866244e-05
Epoch 507 Relative Error 5.141480141901411e-05
Epoch 508 Relative Error 7.68744430388324e-05
Epoch 509 Relative Error 4.2686086089815944e-05
Epoch 510 Relative Error 6.753239722456783e-05
Epoch 511 Relative Error 5.3732866945210844e-05
Epoch 512 Relative Error 5.1109076594002545e-05
Epoch 513 Relative Error 8.133093797368929e-05
Epoch 514 Relative Error 0.00012319794041104615
Epoch 515 Relative Error 0.00010355774429626763
Epoch 516 Relative Error 0.00010488276166142896
Epoch 517 Relative Error 7.756426930427551e-05
Epoch 518 Relative Error 8.455362694803625e-05
Epoch 519 Relative Error 6.177857721922919e-05
Epoch 520 Relative Error 5.4519783589057624e-05
Epoch 521 Relative Error 5.9597245126497e-05
Epoch 522 Relative Error 5.9243058785796165e-05
Epoch 523 Relative Error 4.6066856157267466e-05
Epoch 524 Relative Error 6.690181908197701e-05
Epoch 525 Relative Error 9.034359391080216e-05
Epoch 526 Relative Error 0.00010008210665546358
Epoch 527 Relative Error 8.002192043932155e-05
Epoch 528 Relative Error 6.303474947344512e-05
Epoch 529 Relative Error 8.867725409800187e-05
Epoch 530 Relative Error 0.00010866639786399901
Epoch 531 Relative Error 7.141913374653086e-05
Epoch 532 Relative Error 7.254655793076381e-05
Epoch 533 Relative Error 4.697424446931109e-05
Epoch 534 Relative Error 8.382534724660218e-05
Epoch 535 Relative Error 0.00011490114411571994
Epoch 536 Relative Error 0.0001615622459212318
Epoch 537 Relative Error 0.0004389398673083633
Epoch 538 Relative Error 0.0010698880068957806
Epoch 539 Relative Error 0.0007875012815929949
Epoch 540 Relative Error 0.0010883809300139546
Epoch 541 Relative Error 0.0012439716374501586
Epoch 542 Relative Error 0.0010490644490346313
Epoch 543 Relative Error 0.0007810979150235653
Epoch 544 Relative Error 0.0004776541027240455
Epoch 545 Relative Error 0.0004671868518926203
Epoch 546 Relative Error 0.0006375910015776753
Epoch 547 Relative Error 0.0005679631722159684
Epoch 548 Relative Error 0.0006518451264128089
Epoch 549 Relative Error 0.001525367610156536
Epoch 550 Relative Error 0.0021997918374836445
Epoch 551 Relative Error 0.0019753295928239822
Epoch 552 Relative Error 0.000912281044293195
Epoch 553 Relative Error 0.0009556958684697747
Epoch 554 Relative Error 0.0007326002232730389
Epoch 555 Relative Error 0.00053837476298213
Epoch 556 Relative Error 0.0008876454085111618
Epoch 557 Relative Error 0.0003624509845394641
Epoch 558 Relative Error 0.0007913471199572086
Epoch 559 Relative Error 0.0010507499100640416
Epoch 560 Relative Error 0.0020569360349327326
Epoch 561 Relative Error 0.0017271580873057246
Epoch 562 Relative Error 0.0007142346585169435
Epoch 563 Relative Error 0.001276354189030826
Epoch 564 Relative Error 0.0011262685293331742
Epoch 565 Relative Error 0.00134100834839046
Epoch 566 Relative Error 0.0019384735496714711
Epoch 567 Relative Error 0.00213985494337976
Epoch 568 Relative Error 0.002476791152730584
Epoch 569 Relative Error 0.0021319780498743057
Epoch 570 Relative Error 0.0022991865407675505
Epoch 571 Relative Error 0.0016680358676239848
Epoch 572 Relative Error 0.002061603358015418
Epoch 573 Relative Error 0.0013428591191768646
Epoch 574 Relative Error 0.0019976214971393347
Epoch 575 Relative Error 0.003946071024984121
Epoch 576 Relative Error 0.004701514728367329
Epoch 577 Relative Error 0.003375369356945157
Epoch 578 Relative Error 0.0021125059574842453
Epoch 579 Relative Error 0.002160958480089903
Epoch 580 Relative Error 0.002683217404410243
Epoch 581 Relative Error 0.005636036861687899
Epoch 582 Relative Error 0.008332578465342522
Epoch 583 Relative Error 0.00588526064530015
Epoch 584 Relative Error 0.005523333325982094
Epoch 585 Relative Error 0.01944057084619999
Epoch 586 Relative Error 0.02240792103111744
Epoch 587 Relative Error 0.02466139942407608
Epoch 588 Relative Error 0.015386850573122501
Epoch 589 Relative Error 0.01379763800650835
Epoch 590 Relative Error 0.013330139219760895
Epoch 591 Relative Error 0.016646603122353554
Epoch 592 Relative Error 0.014743728563189507
Epoch 593 Relative Error 0.008393080905079842
Epoch 594 Relative Error 0.014346328563988209
Epoch 595 Relative Error 0.013468233868479729
Epoch 596 Relative Error 0.011158117093145847
Epoch 597 Relative Error 0.005611317697912455
Epoch 598 Relative Error 0.008648793213069439
Epoch 599 Relative Error 0.0075367772951722145
Epoch 600 Relative Error 0.011061066761612892
Epoch 601 Relative Error 0.01008520182222128
Epoch 602 Relative Error 0.009678410366177559
Epoch 603 Relative Error 0.01466464065015316
Epoch 604 Relative Error 0.03748801350593567
Epoch 605 Relative Error 0.07576514035463333
Epoch 606 Relative Error 0.05972722917795181
Epoch 607 Relative Error 0.07991540431976318
Epoch 608 Relative Error 0.06841801106929779
Epoch 609 Relative Error 0.03642991557717323
Epoch 610 Relative Error 0.05443684384226799
Epoch 611 Relative Error 0.057022854685783386
Epoch 612 Relative Error 0.04673035815358162
Epoch 613 Relative Error 0.04383096098899841
Epoch 614 Relative Error 0.03576022386550903
Epoch 615 Relative Error 0.0483907125890255
Epoch 616 Relative Error 0.0568118616938591
Epoch 617 Relative Error 0.04192567989230156
Epoch 618 Relative Error 0.02757638692855835
Epoch 619 Relative Error 0.036544281989336014
Epoch 620 Relative Error 0.039373189210891724
Epoch 621 Relative Error 0.02991473861038685
Epoch 622 Relative Error 0.026452038437128067
Epoch 623 Relative Error 0.02154458872973919
Epoch 624 Relative Error 0.020075853914022446
Epoch 625 Relative Error 0.027797957882285118
Epoch 626 Relative Error 0.022339345887303352
Epoch 627 Relative Error 0.020216763019561768
Epoch 628 Relative Error 0.01654679700732231
Epoch 629 Relative Error 0.020650358870625496
Epoch 630 Relative Error 0.018417654559016228
Epoch 631 Relative Error 0.01355388481169939
Epoch 632 Relative Error 0.012216305360198021
Epoch 633 Relative Error 0.011229019612073898
Epoch 634 Relative Error 0.009131306782364845
Epoch 635 Relative Error 0.00833236612379551
Epoch 636 Relative Error 0.0075482530519366264
Epoch 637 Relative Error 0.009215728379786015
Epoch 638 Relative Error 0.007854167371988297
Epoch 639 Relative Error 0.010917759500443935
Epoch 640 Relative Error 0.006912211421877146
Epoch 641 Relative Error 0.008830874226987362
Epoch 642 Relative Error 0.01185434777289629
Epoch 643 Relative Error 0.009155328385531902
Epoch 644 Relative Error 0.007575698662549257
Epoch 645 Relative Error 0.012045590206980705
Epoch 646 Relative Error 0.010750978253781796
Epoch 647 Relative Error 0.010141480714082718
Epoch 648 Relative Error 0.012436863966286182
Epoch 649 Relative Error 0.008990315720438957
Epoch 650 Relative Error 0.01233657356351614
Epoch 651 Relative Error 0.018707498908042908
Epoch 652 Relative Error 0.011509005911648273
Epoch 653 Relative Error 0.017180250957608223
Epoch 654 Relative Error 0.022816341370344162
Epoch 655 Relative Error 0.015214060433208942
Epoch 656 Relative Error 0.01884753629565239
Epoch 657 Relative Error 0.01333560235798359
Epoch 658 Relative Error 0.012889123521745205
Epoch 659 Relative Error 0.01059398427605629
Epoch 660 Relative Error 0.011921914294362068
Epoch 661 Relative Error 0.01186095830053091
Epoch 662 Relative Error 0.01708131842315197
Epoch 663 Relative Error 0.018694689497351646
Epoch 664 Relative Error 0.017776288092136383
Epoch 665 Relative Error 0.017630280926823616
Epoch 666 Relative Error 0.024323398247361183
Epoch 667 Relative Error 0.01803928054869175
Epoch 668 Relative Error 0.015580845065414906
Epoch 669 Relative Error 0.012518892996013165
Epoch 670 Relative Error 0.013528319075703621
Epoch 671 Relative Error 0.013403679244220257
Epoch 672 Relative Error 0.012013798579573631
Epoch 673 Relative Error 0.013064955361187458
Epoch 674 Relative Error 0.012339234352111816
Epoch 675 Relative Error 0.012284263968467712
Epoch 676 Relative Error 0.00824824906885624
Epoch 677 Relative Error 0.009151422418653965
Epoch 678 Relative Error 0.008131303824484348
Epoch 679 Relative Error 0.010911375284194946
Epoch 680 Relative Error 0.009385211393237114
Epoch 681 Relative Error 0.00965452753007412
Epoch 682 Relative Error 0.008194485679268837
Epoch 683 Relative Error 0.011327514424920082
Epoch 684 Relative Error 0.012352488934993744
Epoch 685 Relative Error 0.01334815751761198
Epoch 686 Relative Error 0.0078510120511055
Epoch 687 Relative Error 0.010187435895204544
Epoch 688 Relative Error 0.009702298790216446
Epoch 689 Relative Error 0.007875718176364899
Epoch 690 Relative Error 0.006334973033517599
Epoch 691 Relative Error 0.005269757937639952
Epoch 692 Relative Error 0.005048026330769062
Epoch 693 Relative Error 0.0062717655673623085
Epoch 694 Relative Error 0.010321359150111675
Epoch 695 Relative Error 0.00977302435785532
Epoch 696 Relative Error 0.010569936595857143
Epoch 697 Relative Error 0.010045941919088364
Epoch 698 Relative Error 0.00870263110846281
Epoch 699 Relative Error 0.007390838582068682
Epoch 700 Relative Error 0.006300076376646757
Epoch 701 Relative Error 0.006625211797654629
Epoch 702 Relative Error 0.0065795681439340115
Epoch 703 Relative Error 0.006303481757640839
Epoch 704 Relative Error 0.0064550116658210754
Epoch 705 Relative Error 0.004684914369136095
Epoch 706 Relative Error 0.0044197882525622845
Epoch 707 Relative Error 0.0044886828400194645
Epoch 708 Relative Error 0.005434902850538492
Epoch 709 Relative Error 0.004514545667916536
Epoch 710 Relative Error 0.0041275350376963615
Epoch 711 Relative Error 0.004366398323327303
Epoch 712 Relative Error 0.004462777636945248
Epoch 713 Relative Error 0.0032516182400286198
Epoch 714 Relative Error 0.003647379344329238
Epoch 715 Relative Error 0.0037178010679781437
Epoch 716 Relative Error 0.003930818289518356
Epoch 717 Relative Error 0.0026854604948312044
Epoch 718 Relative Error 0.00335480784997344
Epoch 719 Relative Error 0.004528849385678768
Epoch 720 Relative Error 0.0035445098765194416
Epoch 721 Relative Error 0.0032637768890708685
Epoch 722 Relative Error 0.003797822864726186
Epoch 723 Relative Error 0.004584996961057186
Epoch 724 Relative Error 0.0030133849941194057
Epoch 725 Relative Error 0.00299395015463233
Epoch 726 Relative Error 0.002309942152351141
Epoch 727 Relative Error 0.0028847064822912216
Epoch 728 Relative Error 0.0034579322673380375
Epoch 729 Relative Error 0.0026463016401976347
Epoch 730 Relative Error 0.002508901059627533
Epoch 731 Relative Error 0.0023841443471610546
Epoch 732 Relative Error 0.0023326575756073
Epoch 733 Relative Error 0.0024883041623979807
Epoch 734 Relative Error 0.002063480205833912
Epoch 735 Relative Error 0.0022235673386603594
Epoch 736 Relative Error 0.003243077779188752
Epoch 737 Relative Error 0.0030248912516981363
Epoch 738 Relative Error 0.00230778893455863
Epoch 739 Relative Error 0.0026352975983172655
Epoch 740 Relative Error 0.0020536070223897696
Epoch 741 Relative Error 0.002131455345079303
Epoch 742 Relative Error 0.002332132775336504
Epoch 743 Relative Error 0.0025571691803634167
Epoch 744 Relative Error 0.004393465351313353
Epoch 745 Relative Error 0.0031603090465068817
Epoch 746 Relative Error 0.004708929918706417
Epoch 747 Relative Error 0.004500285722315311
Epoch 748 Relative Error 0.0037612279411405325
Epoch 749 Relative Error 0.0030907189939171076
Epoch 750 Relative Error 0.003045762190595269
Epoch 751 Relative Error 0.0024750586599111557
Epoch 752 Relative Error 0.002426324412226677
Epoch 753 Relative Error 0.0022366992197930813
Epoch 754 Relative Error 0.0024594736751168966
Epoch 755 Relative Error 0.0021137490402907133
Epoch 756 Relative Error 0.002726935315877199
Epoch 757 Relative Error 0.0031164404936134815
Epoch 758 Relative Error 0.0021133385598659515
Epoch 759 Relative Error 0.0027344771660864353
Epoch 760 Relative Error 0.003160210093483329
Epoch 761 Relative Error 0.0021998300217092037
Epoch 762 Relative Error 0.0024070001672953367
Epoch 763 Relative Error 0.0019652785267680883
Epoch 764 Relative Error 0.0019230946199968457
Epoch 765 Relative Error 0.0014180568978190422
Epoch 766 Relative Error 0.0015471428632736206
Epoch 767 Relative Error 0.0018887228798121214
Epoch 768 Relative Error 0.001973270671442151
Epoch 769 Relative Error 0.0025177248753607273
Epoch 770 Relative Error 0.001888585276901722
Epoch 771 Relative Error 0.001399982487782836
Epoch 772 Relative Error 0.001646394724957645
Epoch 773 Relative Error 0.0016686988528817892
Epoch 774 Relative Error 0.0025640414096415043
Epoch 775 Relative Error 0.0030517964623868465
Epoch 776 Relative Error 0.002514861524105072
Epoch 777 Relative Error 0.0017256286228075624
Epoch 778 Relative Error 0.002457164227962494
Epoch 779 Relative Error 0.0019483696669340134
Epoch 780 Relative Error 0.0017275407444685698
Epoch 781 Relative Error 0.0012069187359884381
Epoch 782 Relative Error 0.0011766029056161642
Epoch 783 Relative Error 0.0010865675285458565
Epoch 784 Relative Error 0.0006535580614581704
Epoch 785 Relative Error 0.0011314392322674394
Epoch 786 Relative Error 0.0007327892817556858
Epoch 787 Relative Error 0.0009109577513299882
Epoch 788 Relative Error 0.0006544829229824245
Epoch 789 Relative Error 0.0010177294025197625
Epoch 790 Relative Error 0.0008656696300022304
Epoch 791 Relative Error 0.0009212045697495341
Epoch 792 Relative Error 0.001270258566364646
Epoch 793 Relative Error 0.001197485951706767
Epoch 794 Relative Error 0.0009619525517337024
Epoch 795 Relative Error 0.001039876602590084
Epoch 796 Relative Error 0.0009104145574383438
Epoch 797 Relative Error 0.000899940321687609
Epoch 798 Relative Error 0.0010432334383949637
Epoch 799 Relative Error 0.0011044546263292432
Epoch 800 Relative Error 0.0009311808389611542
Epoch 801 Relative Error 0.0006172388675622642
Epoch 802 Relative Error 0.000720894371625036
Epoch 803 Relative Error 0.0008382436935789883
Epoch 804 Relative Error 0.0006682238890789449
Epoch 805 Relative Error 0.0007816232973709702
Epoch 806 Relative Error 0.0006985642248764634
Epoch 807 Relative Error 0.0008616576669737697
Epoch 808 Relative Error 0.0011222363682463765
Epoch 809 Relative Error 0.0013308216584846377
Epoch 810 Relative Error 0.000954427698161453
Epoch 811 Relative Error 0.0011440180242061615
Epoch 812 Relative Error 0.0013279933482408524
Epoch 813 Relative Error 0.0015754896448925138
Epoch 814 Relative Error 0.0012999724131077528
Epoch 815 Relative Error 0.0015537758590653539
Epoch 816 Relative Error 0.0013553298776969314
Epoch 817 Relative Error 0.0016829202650114894
Epoch 818 Relative Error 0.002148757688701153
Epoch 819 Relative Error 0.0017772946739569306
Epoch 820 Relative Error 0.0015289154835045338
Epoch 821 Relative Error 0.001315269386395812
Epoch 822 Relative Error 0.0015040513826534152
Epoch 823 Relative Error 0.0012593790888786316
Epoch 824 Relative Error 0.0008637046557851136
Epoch 825 Relative Error 0.0010642765555530787
Epoch 826 Relative Error 0.0012064882321283221
Epoch 827 Relative Error 0.0008653447148390114
Epoch 828 Relative Error 0.0013367037754505873
Epoch 829 Relative Error 0.0015351994661614299
Epoch 830 Relative Error 0.0019885387737303972
Epoch 831 Relative Error 0.0022840220481157303
Epoch 832 Relative Error 0.0019633036572486162
Epoch 833 Relative Error 0.0020823217928409576
Epoch 834 Relative Error 0.0017097402596846223
Epoch 835 Relative Error 0.00221197959035635
Epoch 836 Relative Error 0.0021628201939165592
Epoch 837 Relative Error 0.001724468544125557
Epoch 838 Relative Error 0.002192052314057946
Epoch 839 Relative Error 0.0022632023319602013
Epoch 840 Relative Error 0.0023559622932225466
Epoch 841 Relative Error 0.0025161514058709145
Epoch 842 Relative Error 0.00211415090598166
Epoch 843 Relative Error 0.0022602672688663006
Epoch 844 Relative Error 0.0016574807232245803
Epoch 845 Relative Error 0.0017429672880098224
Epoch 846 Relative Error 0.0014462544349953532
Epoch 847 Relative Error 0.0018836630042642355
Epoch 848 Relative Error 0.0016661935951560736
Epoch 849 Relative Error 0.0023083966225385666
Epoch 850 Relative Error 0.0017271401593461633
Epoch 851 Relative Error 0.0024647328536957502
Epoch 852 Relative Error 0.0013028390239924192
Epoch 853 Relative Error 0.0015399085823446512
Epoch 854 Relative Error 0.0013737985864281654
Epoch 855 Relative Error 0.0018038906855508685
Epoch 856 Relative Error 0.002427417319267988
Epoch 857 Relative Error 0.005341121461242437
Epoch 858 Relative Error 0.004654160235077143
Epoch 859 Relative Error 0.005744847469031811
Epoch 860 Relative Error 0.003573272842913866
Epoch 861 Relative Error 0.004819661844521761
Epoch 862 Relative Error 0.004423803184181452
Epoch 863 Relative Error 0.005167259369045496
Epoch 864 Relative Error 0.003963458817452192
Epoch 865 Relative Error 0.005654009524732828
Epoch 866 Relative Error 0.0035962022375315428
Epoch 867 Relative Error 0.00508376769721508
Epoch 868 Relative Error 0.005972185637801886
Epoch 869 Relative Error 0.004065143875777721
Epoch 870 Relative Error 0.008026066236197948
Epoch 871 Relative Error 0.005308477208018303
Epoch 872 Relative Error 0.006223763804882765
Epoch 873 Relative Error 0.009798543527722359
Epoch 874 Relative Error 0.005217449739575386
Epoch 875 Relative Error 0.005323850084096193
Epoch 876 Relative Error 0.006530628073960543
Epoch 877 Relative Error 0.005333319306373596
Epoch 878 Relative Error 0.006304406560957432
Epoch 879 Relative Error 0.004401877988129854
Epoch 880 Relative Error 0.006974313873797655
Epoch 881 Relative Error 0.005409774370491505
Epoch 882 Relative Error 0.007310045883059502
Epoch 883 Relative Error 0.00872598122805357
Epoch 884 Relative Error 0.006256000138819218
Epoch 885 Relative Error 0.007145049516111612
Epoch 886 Relative Error 0.007409393787384033
Epoch 887 Relative Error 0.005780668463557959
Epoch 888 Relative Error 0.005056547001004219
Epoch 889 Relative Error 0.006532605271786451
Epoch 890 Relative Error 0.005585936363786459
Epoch 891 Relative Error 0.0056503270752727985
Epoch 892 Relative Error 0.006724745966494083
Epoch 893 Relative Error 0.006104649975895882
Epoch 894 Relative Error 0.004101793747395277
Epoch 895 Relative Error 0.005213610827922821
Epoch 896 Relative Error 0.0049668001011013985
Epoch 897 Relative Error 0.005652554798871279
Epoch 898 Relative Error 0.005667066667228937
Epoch 899 Relative Error 0.002712852554395795
Epoch 900 Relative Error 0.002741842530667782
Epoch 901 Relative Error 0.002189919352531433
Epoch 902 Relative Error 0.0031454446725547314
Epoch 903 Relative Error 0.002870079828426242
Epoch 904 Relative Error 0.0033278220798820257
Epoch 905 Relative Error 0.004487153142690659
Epoch 906 Relative Error 0.005222600419074297
Epoch 907 Relative Error 0.005162747111171484
Epoch 908 Relative Error 0.006843986455351114
Epoch 909 Relative Error 0.006988521199673414
Epoch 910 Relative Error 0.004617729689925909
Epoch 911 Relative Error 0.005249150563031435
Epoch 912 Relative Error 0.006328575778752565
Epoch 913 Relative Error 0.0081963911652565
Epoch 914 Relative Error 0.00783793069422245
Epoch 915 Relative Error 0.006057268474251032
Epoch 916 Relative Error 0.007014061324298382
Epoch 917 Relative Error 0.006143264472484589
Epoch 918 Relative Error 0.007149113807827234
Epoch 919 Relative Error 0.005532924085855484
Epoch 920 Relative Error 0.006325161084532738
Epoch 921 Relative Error 0.006337189581245184
Epoch 922 Relative Error 0.004408476408571005
Epoch 923 Relative Error 0.005201887339353561
Epoch 924 Relative Error 0.006357924081385136
Epoch 925 Relative Error 0.006190135143697262
Epoch 926 Relative Error 0.006173635367304087
Epoch 927 Relative Error 0.00600777380168438
Epoch 928 Relative Error 0.0066954041831195354
Epoch 929 Relative Error 0.008561120368540287
Epoch 930 Relative Error 0.007613140624016523
Epoch 931 Relative Error 0.005015695001929998
Epoch 932 Relative Error 0.00797062087804079
Epoch 933 Relative Error 0.008066500537097454
Epoch 934 Relative Error 0.008408661000430584
Epoch 935 Relative Error 0.007016038056463003
Epoch 936 Relative Error 0.006535147316753864
Epoch 937 Relative Error 0.005792911630123854
Epoch 938 Relative Error 0.006052963901311159
Epoch 939 Relative Error 0.006466539576649666
Epoch 940 Relative Error 0.006279589608311653
Epoch 941 Relative Error 0.005033155903220177
Epoch 942 Relative Error 0.005335130728781223
Epoch 943 Relative Error 0.005218056961894035
Epoch 944 Relative Error 0.007611260749399662
Epoch 945 Relative Error 0.0076263644732534885
Epoch 946 Relative Error 0.007987959310412407
Epoch 947 Relative Error 0.0074539645574986935
Epoch 948 Relative Error 0.007997076958417892
Epoch 949 Relative Error 0.006732417270541191
Epoch 950 Relative Error 0.0056954543106257915
Epoch 951 Relative Error 0.005010341294109821
Epoch 952 Relative Error 0.006949041038751602
Epoch 953 Relative Error 0.007942481897771358
Epoch 954 Relative Error 0.007167259231209755
Epoch 955 Relative Error 0.009234240278601646
Epoch 956 Relative Error 0.01476073358207941
Epoch 957 Relative Error 0.0087882736697793
Epoch 958 Relative Error 0.006789346691220999
Epoch 959 Relative Error 0.008928623981773853
Epoch 960 Relative Error 0.00754005229100585
Epoch 961 Relative Error 0.007892390713095665
Epoch 962 Relative Error 0.007368896622210741
Epoch 963 Relative Error 0.006661909632384777
Epoch 964 Relative Error 0.005354848224669695
Epoch 965 Relative Error 0.008565559051930904
Epoch 966 Relative Error 0.007611933629959822
Epoch 967 Relative Error 0.008411564864218235
Epoch 968 Relative Error 0.008400472812354565
Epoch 969 Relative Error 0.009155258536338806
Epoch 970 Relative Error 0.008188892155885696
Epoch 971 Relative Error 0.007965607568621635
Epoch 972 Relative Error 0.005750070791691542
Epoch 973 Relative Error 0.006745778024196625
Epoch 974 Relative Error 0.006983486469835043
Epoch 975 Relative Error 0.00825555995106697
Epoch 976 Relative Error 0.007945599965751171
Epoch 977 Relative Error 0.007865251041948795
Epoch 978 Relative Error 0.011350546963512897
Epoch 979 Relative Error 0.010443557053804398
Epoch 980 Relative Error 0.011415593326091766
Epoch 981 Relative Error 0.010186663828790188
Epoch 982 Relative Error 0.0143790477886796
Epoch 983 Relative Error 0.0156837310642004
Epoch 984 Relative Error 0.014896675013005733
Epoch 985 Relative Error 0.021653788164258003
Epoch 986 Relative Error 0.022379647940397263
Epoch 987 Relative Error 0.02143801748752594
Epoch 988 Relative Error 0.016111483797430992
Epoch 989 Relative Error 0.014722236432135105
Epoch 990 Relative Error 0.015642592683434486
Epoch 991 Relative Error 0.014988953247666359
Epoch 992 Relative Error 0.012808404862880707
Epoch 993 Relative Error 0.018539559096097946
Epoch 994 Relative Error 0.017594637349247932
Epoch 995 Relative Error 0.018263280391693115
Epoch 996 Relative Error 0.020357107743620872
Epoch 997 Relative Error 0.018173182383179665
Epoch 998 Relative Error 0.025888213887810707
Epoch 999 Relative Error 0.01740831881761551
Epoch 1000 Relative Error 0.029465969651937485
RE (2, 0, 8, 0): 7.22789764040499e-06
Green's Function RE (2, 0, 8, 0): 0.9653110504150391
Bias Term RE (2, 0, 8, 0): 0.8567183613777161
Combination (2, 0, 8, 0, 0): 0.9525392651557922
Combination (2, 0, 8, 0, 1): 0.9536561369895935
Combination (2, 0, 8, 0, 2): 0.9539429545402527
Combination (2, 0, 8, 0, 3): 0.954037070274353
Combination (2, 0, 8, 0, 4): 0.9540839195251465

/home/gridsan/gstepaniants/.local/lib/python3.8/site-packages/torch/functional.py:478: UserWarning: torch.meshgrid: in an upcoming release, it will be required to pass the indexing argument. (Triggered internally at  ../aten/src/ATen/native/TensorShape.cpp:2895.)
  return _VF.meshgrid(tensors, **kwargs)  # type: ignore[attr-defined]
