[KeOps] Warning : Cuda libraries were not detected on the system ; using cpu only mode
1
Kernel: Matern3/2
Weight Mesh: 100
RKHS Kernel Width: 0.09
Lambda: 1e-06
Green's Function Learning Rate: 100
Bias Term Learning Rate: 100
Epoch 1 Relative Error 23887.380859375
First epoch had re = 23887.380859375 > 1
Green's Function Learning Rate: 50
Bias Term Learning Rate: 50
Epoch 1 Relative Error 10597.8701171875
First epoch had re = 10597.8701171875 > 1
Green's Function Learning Rate: 10
Bias Term Learning Rate: 10
Epoch 1 Relative Error 1952.4200439453125
First epoch had re = 1952.4200439453125 > 1
Green's Function Learning Rate: 5
Bias Term Learning Rate: 5
Epoch 1 Relative Error 1159.890380859375
First epoch had re = 1159.890380859375 > 1
Green's Function Learning Rate: 1
Bias Term Learning Rate: 1
Epoch 1 Relative Error 209.68798828125
First epoch had re = 209.68798828125 > 1
Green's Function Learning Rate: 0.5
Bias Term Learning Rate: 0.5
Epoch 1 Relative Error 130.4488067626953
First epoch had re = 130.4488067626953 > 1
Green's Function Learning Rate: 0.1
Bias Term Learning Rate: 0.1
Epoch 1 Relative Error 20.545551300048828
First epoch had re = 20.545551300048828 > 1
Green's Function Learning Rate: 0.05
Bias Term Learning Rate: 0.05
Epoch 1 Relative Error 10.520515441894531
First epoch had re = 10.520515441894531 > 1
Green's Function Learning Rate: 0.01
Bias Term Learning Rate: 0.01
Epoch 1 Relative Error 1.8786370754241943
First epoch had re = 1.8786370754241943 > 1
Green's Function Learning Rate: 0.005
Bias Term Learning Rate: 0.005
Epoch 1 Relative Error 0.9379602074623108
Epoch 2 Relative Error 0.6151140332221985
Epoch 3 Relative Error 0.33928486704826355
Epoch 4 Relative Error 0.32883092761039734
Epoch 5 Relative Error 0.23910431563854218
Epoch 6 Relative Error 0.21204525232315063
Epoch 7 Relative Error 0.1847231686115265
Epoch 8 Relative Error 0.14533363282680511
Epoch 9 Relative Error 0.11184757202863693
Epoch 10 Relative Error 0.0778290256857872
Epoch 11 Relative Error 0.08168496191501617
Epoch 12 Relative Error 0.078543521463871
Epoch 13 Relative Error 0.06316455453634262
Epoch 14 Relative Error 0.05497293919324875
Epoch 15 Relative Error 0.054027944803237915
Epoch 16 Relative Error 0.04883013665676117
Epoch 17 Relative Error 0.04609999805688858
Epoch 18 Relative Error 0.04345352575182915
Epoch 19 Relative Error 0.04358718544244766
Epoch 20 Relative Error 0.041302088648080826
Epoch 21 Relative Error 0.040043484419584274
Epoch 22 Relative Error 0.03917311504483223
Epoch 23 Relative Error 0.038148730993270874
Epoch 24 Relative Error 0.03722197562456131
Epoch 25 Relative Error 0.03649852052330971
Epoch 26 Relative Error 0.03576086461544037
Epoch 27 Relative Error 0.035099562257528305
Epoch 28 Relative Error 0.034542202949523926
Epoch 29 Relative Error 0.033954426646232605
Epoch 30 Relative Error 0.03346442058682442
Epoch 31 Relative Error 0.032874878495931625
Epoch 32 Relative Error 0.03244362771511078
Epoch 33 Relative Error 0.031968146562576294
Epoch 34 Relative Error 0.03148842230439186
Epoch 35 Relative Error 0.03117884136736393
Epoch 36 Relative Error 0.030606528744101524
Epoch 37 Relative Error 0.03028055652976036
Epoch 38 Relative Error 0.029914621263742447
Epoch 39 Relative Error 0.029640736058354378
Epoch 40 Relative Error 0.02928231470286846
Epoch 41 Relative Error 0.028950344771146774
Epoch 42 Relative Error 0.02869310788810253
Epoch 43 Relative Error 0.028413645923137665
Epoch 44 Relative Error 0.02807857282459736
Epoch 45 Relative Error 0.027747223153710365
Epoch 46 Relative Error 0.027474433183670044
Epoch 47 Relative Error 0.027295392006635666
Epoch 48 Relative Error 0.027121473103761673
Epoch 49 Relative Error 0.026815351098775864
Epoch 50 Relative Error 0.026499198749661446
Epoch 51 Relative Error 0.026317186653614044
Epoch 52 Relative Error 0.026079030707478523
Epoch 53 Relative Error 0.025840338319540024
Epoch 54 Relative Error 0.025673342868685722
Epoch 55 Relative Error 0.025454580783843994
Epoch 56 Relative Error 0.02524840272963047
Epoch 57 Relative Error 0.025069810450077057
Epoch 58 Relative Error 0.02482137270271778
Epoch 59 Relative Error 0.02471434883773327
Epoch 60 Relative Error 0.024497680366039276
Epoch 61 Relative Error 0.024358518421649933
Epoch 62 Relative Error 0.02417648397386074
Epoch 63 Relative Error 0.02398648113012314
Epoch 64 Relative Error 0.02383277751505375
Epoch 65 Relative Error 0.023641619831323624
Epoch 66 Relative Error 0.023469766601920128
Epoch 67 Relative Error 0.023335713893175125
Epoch 68 Relative Error 0.02316729910671711
Epoch 69 Relative Error 0.02304397150874138
Epoch 70 Relative Error 0.022839557379484177
Epoch 71 Relative Error 0.02272053062915802
Epoch 72 Relative Error 0.022563479840755463
Epoch 73 Relative Error 0.022432932630181313
Epoch 74 Relative Error 0.022343168035149574
Epoch 75 Relative Error 0.02227054536342621
Epoch 76 Relative Error 0.022060971707105637
Epoch 77 Relative Error 0.021973077207803726
Epoch 78 Relative Error 0.02180238626897335
Epoch 79 Relative Error 0.021856682375073433
Epoch 80 Relative Error 0.021598363295197487
Epoch 81 Relative Error 0.021540585905313492
Epoch 82 Relative Error 0.021366862580180168
Epoch 83 Relative Error 0.02123531699180603
Epoch 84 Relative Error 0.021132126450538635
Epoch 85 Relative Error 0.02101254090666771
Epoch 86 Relative Error 0.020902037620544434
Epoch 87 Relative Error 0.02079767920076847
Epoch 88 Relative Error 0.020727699622511864
Epoch 89 Relative Error 0.020662551745772362
Epoch 90 Relative Error 0.020555367693305016
Epoch 91 Relative Error 0.02040988951921463
Epoch 92 Relative Error 0.020334376022219658
Epoch 93 Relative Error 0.02021062932908535
Epoch 94 Relative Error 0.020139416679739952
Epoch 95 Relative Error 0.020109156146645546
Epoch 96 Relative Error 0.020215289667248726
Epoch 97 Relative Error 0.01994539052248001
Epoch 98 Relative Error 0.019884875044226646
Epoch 99 Relative Error 0.020245293155312538
Epoch 100 Relative Error 0.019787978380918503
Epoch 101 Relative Error 0.019683996215462685
Epoch 102 Relative Error 0.019494283944368362
Epoch 103 Relative Error 0.019498759880661964
Epoch 104 Relative Error 0.01946043223142624
Epoch 105 Relative Error 0.019236259162425995
Epoch 106 Relative Error 0.019401026889681816
Epoch 107 Relative Error 0.01922350376844406
Epoch 108 Relative Error 0.019420795142650604
Epoch 109 Relative Error 0.01901853270828724
Epoch 110 Relative Error 0.018886342644691467
Epoch 111 Relative Error 0.01884359121322632
Epoch 112 Relative Error 0.01876342110335827
Epoch 113 Relative Error 0.018704436719417572
Epoch 114 Relative Error 0.018699295818805695
Epoch 115 Relative Error 0.01865220069885254
Epoch 116 Relative Error 0.018519075587391853
Epoch 117 Relative Error 0.01841730996966362
Epoch 118 Relative Error 0.018265537917613983
Epoch 119 Relative Error 0.018236760050058365
Epoch 120 Relative Error 0.0182417593896389
Epoch 121 Relative Error 0.018144480884075165
Epoch 122 Relative Error 0.018117062747478485
Epoch 123 Relative Error 0.01805657334625721
Epoch 124 Relative Error 0.018205681815743446
Epoch 125 Relative Error 0.017975734546780586
Epoch 126 Relative Error 0.017928747460246086
Epoch 127 Relative Error 0.017741387709975243
Epoch 128 Relative Error 0.017696600407361984
Epoch 129 Relative Error 0.017616478726267815
Epoch 130 Relative Error 0.017551081255078316
Epoch 131 Relative Error 0.0175086110830307
Epoch 132 Relative Error 0.017451850697398186
Epoch 133 Relative Error 0.017436765134334564
Epoch 134 Relative Error 0.01733306609094143
Epoch 135 Relative Error 0.01733877882361412
Epoch 136 Relative Error 0.017269281670451164
Epoch 137 Relative Error 0.0173039548099041
Epoch 138 Relative Error 0.017151808366179466
Epoch 139 Relative Error 0.01709856651723385
Epoch 140 Relative Error 0.01705128699541092
Epoch 141 Relative Error 0.017011580988764763
Epoch 142 Relative Error 0.016915244981646538
Epoch 143 Relative Error 0.016920041292905807
Epoch 144 Relative Error 0.016861233860254288
Epoch 145 Relative Error 0.016811026260256767
Epoch 146 Relative Error 0.01676313951611519
Epoch 147 Relative Error 0.01669481210410595
Epoch 148 Relative Error 0.016720015555620193
Epoch 149 Relative Error 0.01666967011988163
Epoch 150 Relative Error 0.016543058678507805
Epoch 151 Relative Error 0.01654573529958725
Epoch 152 Relative Error 0.016448616981506348
Epoch 153 Relative Error 0.01640726998448372
Epoch 154 Relative Error 0.0163559652864933
Epoch 155 Relative Error 0.016536958515644073
Epoch 156 Relative Error 0.016380680724978447
Epoch 157 Relative Error 0.01627502031624317
Epoch 158 Relative Error 0.016200900077819824
Epoch 159 Relative Error 0.016204198822379112
Epoch 160 Relative Error 0.016186853870749474
Epoch 161 Relative Error 0.016058655455708504
Epoch 162 Relative Error 0.016027946025133133
Epoch 163 Relative Error 0.016037127003073692
Epoch 164 Relative Error 0.016053173691034317
Epoch 165 Relative Error 0.015984056517481804
Epoch 166 Relative Error 0.015877870842814445
Epoch 167 Relative Error 0.015914510935544968
Epoch 168 Relative Error 0.01588449254631996
Epoch 169 Relative Error 0.01586124300956726
Epoch 170 Relative Error 0.015913767740130424
Epoch 171 Relative Error 0.015874266624450684
Epoch 172 Relative Error 0.015702657401561737
Epoch 173 Relative Error 0.015711991116404533
Epoch 174 Relative Error 0.015641437843441963
Epoch 175 Relative Error 0.015547191724181175
Epoch 176 Relative Error 0.01557278074324131
Epoch 177 Relative Error 0.015535196289420128
Epoch 178 Relative Error 0.015464868396520615
Epoch 179 Relative Error 0.01540794875472784
Epoch 180 Relative Error 0.015353049151599407
Epoch 181 Relative Error 0.015310592949390411
Epoch 182 Relative Error 0.015313558280467987
Epoch 183 Relative Error 0.015280754305422306
Epoch 184 Relative Error 0.015270513482391834
Epoch 185 Relative Error 0.015221660025417805
Epoch 186 Relative Error 0.015159218572080135
Epoch 187 Relative Error 0.015130016021430492
Epoch 188 Relative Error 0.015137174166738987
Epoch 189 Relative Error 0.01505215186625719
Epoch 190 Relative Error 0.015073337592184544
Epoch 191 Relative Error 0.015001829713582993
Epoch 192 Relative Error 0.015012920834124088
Epoch 193 Relative Error 0.014939921908080578
Epoch 194 Relative Error 0.014987640082836151
Epoch 195 Relative Error 0.015080948360264301
Epoch 196 Relative Error 0.01498422585427761
Epoch 197 Relative Error 0.014845247380435467
Epoch 198 Relative Error 0.014919430948793888
Epoch 199 Relative Error 0.014938252046704292
Epoch 200 Relative Error 0.014860451221466064
Epoch 201 Relative Error 0.014781239442527294
Epoch 202 Relative Error 0.014675062149763107
Epoch 203 Relative Error 0.014739857986569405
Epoch 204 Relative Error 0.014695914462208748
Epoch 205 Relative Error 0.01463768444955349
Epoch 206 Relative Error 0.014620982110500336
Epoch 207 Relative Error 0.014526277780532837
Epoch 208 Relative Error 0.014469809830188751
Epoch 209 Relative Error 0.014620913192629814
Epoch 210 Relative Error 0.014771330170333385
Epoch 211 Relative Error 0.014606316573917866
Epoch 212 Relative Error 0.014514262787997723
Epoch 213 Relative Error 0.014399836771190166
Epoch 214 Relative Error 0.014333324506878853
Epoch 215 Relative Error 0.014321706257760525
Epoch 216 Relative Error 0.014335274696350098
Epoch 217 Relative Error 0.014349929057061672
Epoch 218 Relative Error 0.014373606070876122
Epoch 219 Relative Error 0.014240577816963196
Epoch 220 Relative Error 0.01422172226011753
Epoch 221 Relative Error 0.014283981174230576
Epoch 222 Relative Error 0.014326238073408604
Epoch 223 Relative Error 0.01422184519469738
Epoch 224 Relative Error 0.014159106649458408
Epoch 225 Relative Error 0.014178985729813576
Epoch 226 Relative Error 0.01405075192451477
Epoch 227 Relative Error 0.014129634015262127
Epoch 228 Relative Error 0.013972030952572823
Epoch 229 Relative Error 0.013981782831251621
Epoch 230 Relative Error 0.013903720304369926
Epoch 231 Relative Error 0.013906083069741726
Epoch 232 Relative Error 0.01386393141001463
Epoch 233 Relative Error 0.013903220184147358
Epoch 234 Relative Error 0.01383142452687025
Epoch 235 Relative Error 0.013806254602968693
Epoch 236 Relative Error 0.013789089396595955
Epoch 237 Relative Error 0.01377534493803978
Epoch 238 Relative Error 0.013763276860117912
Epoch 239 Relative Error 0.013764551840722561
Epoch 240 Relative Error 0.01373186893761158
Epoch 241 Relative Error 0.013727137818932533
Epoch 242 Relative Error 0.013663454912602901
Epoch 243 Relative Error 0.013764709234237671
Epoch 244 Relative Error 0.01370314322412014
Epoch 245 Relative Error 0.01365766953676939
Epoch 246 Relative Error 0.013675886206328869
Epoch 247 Relative Error 0.013615616597235203
Epoch 248 Relative Error 0.013570500537753105
Epoch 249 Relative Error 0.013538865372538567
Epoch 250 Relative Error 0.013510693795979023
Epoch 251 Relative Error 0.01344569493085146
Epoch 252 Relative Error 0.013452347368001938
Epoch 253 Relative Error 0.013432125560939312
Epoch 254 Relative Error 0.013414510525763035
Epoch 255 Relative Error 0.013360726647078991
Epoch 256 Relative Error 0.01337039191275835
Epoch 257 Relative Error 0.013358294032514095
Epoch 258 Relative Error 0.013434565626084805
Epoch 259 Relative Error 0.013367263600230217
Epoch 260 Relative Error 0.013417636044323444
Epoch 261 Relative Error 0.013303783722221851
Epoch 262 Relative Error 0.013239995576441288
Epoch 263 Relative Error 0.01325586624443531
Epoch 264 Relative Error 0.013289771042764187
Epoch 265 Relative Error 0.013222277164459229
Epoch 266 Relative Error 0.01324224378913641
Epoch 267 Relative Error 0.013258818536996841
Epoch 268 Relative Error 0.013250709511339664
Epoch 269 Relative Error 0.013175132684409618
Epoch 270 Relative Error 0.013183844275772572
Epoch 271 Relative Error 0.013136488385498524
Epoch 272 Relative Error 0.013079937547445297
Epoch 273 Relative Error 0.01308312825858593
Epoch 274 Relative Error 0.013165696524083614
Epoch 275 Relative Error 0.013061338104307652
Epoch 276 Relative Error 0.013031364418566227
Epoch 277 Relative Error 0.013056625612080097
Epoch 278 Relative Error 0.012984627857804298
Epoch 279 Relative Error 0.012984860688447952
Epoch 280 Relative Error 0.012921414338052273
Epoch 281 Relative Error 0.012963489629328251
Epoch 282 Relative Error 0.012905854731798172
Epoch 283 Relative Error 0.012939931824803352
Epoch 284 Relative Error 0.01284625194966793
Epoch 285 Relative Error 0.01299393828958273
Epoch 286 Relative Error 0.012830590829253197
Epoch 287 Relative Error 0.012930131517350674
Epoch 288 Relative Error 0.012812013737857342
Epoch 289 Relative Error 0.012780860997736454
Epoch 290 Relative Error 0.012837137095630169
Epoch 291 Relative Error 0.01275698747485876
Epoch 292 Relative Error 0.012751325964927673
Epoch 293 Relative Error 0.012765037827193737
Epoch 294 Relative Error 0.012777849100530148
Epoch 295 Relative Error 0.012724501080811024
Epoch 296 Relative Error 0.012714795768260956
Epoch 297 Relative Error 0.012652437202632427
Epoch 298 Relative Error 0.01278124563395977
Epoch 299 Relative Error 0.012837288901209831
Epoch 300 Relative Error 0.01266807783395052
Epoch 301 Relative Error 0.012723583728075027
Epoch 302 Relative Error 0.012761220335960388
Epoch 303 Relative Error 0.01255947444587946
Epoch 304 Relative Error 0.01257575023919344
Epoch 305 Relative Error 0.01254692766815424
Epoch 306 Relative Error 0.01254128199070692
Epoch 307 Relative Error 0.012524095363914967
Epoch 308 Relative Error 0.012482200749218464
Epoch 309 Relative Error 0.01247292198240757
Epoch 310 Relative Error 0.012489580549299717
Epoch 311 Relative Error 0.012507873587310314
Epoch 312 Relative Error 0.01241372525691986
Epoch 313 Relative Error 0.01247264351695776
Epoch 314 Relative Error 0.01248909067362547
Epoch 315 Relative Error 0.01255175843834877
Epoch 316 Relative Error 0.012408638373017311
Epoch 317 Relative Error 0.012522119097411633
Epoch 318 Relative Error 0.012394202873110771
Epoch 319 Relative Error 0.012419264763593674
Epoch 320 Relative Error 0.012494449503719807
Epoch 321 Relative Error 0.012506562285125256
Epoch 322 Relative Error 0.012487903237342834
Epoch 323 Relative Error 0.012371888384222984
Epoch 324 Relative Error 0.012402208521962166
Epoch 325 Relative Error 0.012516273185610771
Epoch 326 Relative Error 0.01250586099922657
Epoch 327 Relative Error 0.012375839985907078
Epoch 328 Relative Error 0.012347329407930374
Epoch 329 Relative Error 0.01233955193310976
Epoch 330 Relative Error 0.01240474358201027
Epoch 331 Relative Error 0.012334299273788929
Epoch 332 Relative Error 0.012409894727170467
Epoch 333 Relative Error 0.012306752614676952
Epoch 334 Relative Error 0.012396584264934063
Epoch 335 Relative Error 0.012276049703359604
Epoch 336 Relative Error 0.012171127833425999
Epoch 337 Relative Error 0.012520205229520798
Epoch 338 Relative Error 0.012357152998447418
Epoch 339 Relative Error 0.012648757547140121
Epoch 340 Relative Error 0.012235400266945362
Epoch 341 Relative Error 0.01218483503907919
Epoch 342 Relative Error 0.012037429958581924
Epoch 343 Relative Error 0.012174827046692371
Epoch 344 Relative Error 0.012174900621175766
Epoch 345 Relative Error 0.012172166258096695
Epoch 346 Relative Error 0.012152633629739285
Epoch 347 Relative Error 0.012286036275327206
Epoch 348 Relative Error 0.012003705836832523
Epoch 349 Relative Error 0.011952424421906471
Epoch 350 Relative Error 0.011901232413947582
Epoch 351 Relative Error 0.011948824860155582
Epoch 352 Relative Error 0.011909820139408112
Epoch 353 Relative Error 0.011940842494368553
Epoch 354 Relative Error 0.011910387314856052
Epoch 355 Relative Error 0.011915723793208599
Epoch 356 Relative Error 0.011874827556312084
Epoch 357 Relative Error 0.011895118281245232
Epoch 358 Relative Error 0.011816434562206268
Epoch 359 Relative Error 0.011798850260674953
Epoch 360 Relative Error 0.011794906109571457
Epoch 361 Relative Error 0.011813136748969555
Epoch 362 Relative Error 0.01174065563827753
Epoch 363 Relative Error 0.01174355298280716
Epoch 364 Relative Error 0.011754556559026241
Epoch 365 Relative Error 0.011755745857954025
Epoch 366 Relative Error 0.011781305074691772
Epoch 367 Relative Error 0.011743991635739803
Epoch 368 Relative Error 0.011806243099272251
Epoch 369 Relative Error 0.011794759891927242
Epoch 370 Relative Error 0.011737963184714317
Epoch 371 Relative Error 0.011684789322316647
Epoch 372 Relative Error 0.011672954075038433
Epoch 373 Relative Error 0.01162360142916441
Epoch 374 Relative Error 0.011647768318653107
Epoch 375 Relative Error 0.01158813014626503
Epoch 376 Relative Error 0.011604947037994862
Epoch 377 Relative Error 0.011603412218391895
Epoch 378 Relative Error 0.0116468770429492
Epoch 379 Relative Error 0.011637693271040916
Epoch 380 Relative Error 0.01170243602246046
Epoch 381 Relative Error 0.011668271385133266
Epoch 382 Relative Error 0.011870385147631168
Epoch 383 Relative Error 0.01181809976696968
Epoch 384 Relative Error 0.011550141498446465
Epoch 385 Relative Error 0.011539311148226261
Epoch 386 Relative Error 0.011923708952963352
Epoch 387 Relative Error 0.011631380766630173
Epoch 388 Relative Error 0.011673228815197945
Epoch 389 Relative Error 0.011700982227921486
Epoch 390 Relative Error 0.011708606034517288
Epoch 391 Relative Error 0.011621298268437386
Epoch 392 Relative Error 0.011537497863173485
Epoch 393 Relative Error 0.011582452803850174
Epoch 394 Relative Error 0.011465742252767086
Epoch 395 Relative Error 0.011482322588562965
Epoch 396 Relative Error 0.011419965885579586
Epoch 397 Relative Error 0.011443162336945534
Epoch 398 Relative Error 0.011412288062274456
Epoch 399 Relative Error 0.011384294368326664
Epoch 400 Relative Error 0.011394953355193138
Epoch 401 Relative Error 0.011369077488780022
Epoch 402 Relative Error 0.011360432021319866
Epoch 403 Relative Error 0.011467089876532555
Epoch 404 Relative Error 0.011456912383437157
Epoch 405 Relative Error 0.01128475647419691
Epoch 406 Relative Error 0.011336026713252068
Epoch 407 Relative Error 0.01135063637048006
Epoch 408 Relative Error 0.011351817287504673
Epoch 409 Relative Error 0.011318112723529339
Epoch 410 Relative Error 0.011285096406936646
Epoch 411 Relative Error 0.011274437420070171
Epoch 412 Relative Error 0.011254848912358284
Epoch 413 Relative Error 0.011232788674533367
Epoch 414 Relative Error 0.011244254186749458
Epoch 415 Relative Error 0.011248495429754257
Epoch 416 Relative Error 0.011232191696763039
Epoch 417 Relative Error 0.01123072486370802
Epoch 418 Relative Error 0.011185061186552048
Epoch 419 Relative Error 0.011184361763298512
Epoch 420 Relative Error 0.011224081739783287
Epoch 421 Relative Error 0.01117332000285387
Epoch 422 Relative Error 0.011114297434687614
Epoch 423 Relative Error 0.011273766867816448
Epoch 424 Relative Error 0.0113729452714324
Epoch 425 Relative Error 0.011253073811531067
Epoch 426 Relative Error 0.01124537829309702
Epoch 427 Relative Error 0.01111565064638853
Epoch 428 Relative Error 0.011142205446958542
Epoch 429 Relative Error 0.0111681018024683
Epoch 430 Relative Error 0.011255823075771332
Epoch 431 Relative Error 0.01115740928798914
Epoch 432 Relative Error 0.011222665198147297
Epoch 433 Relative Error 0.011373101733624935
Epoch 434 Relative Error 0.011284809559583664
Epoch 435 Relative Error 0.01117551140487194
Epoch 436 Relative Error 0.011275852099061012
Epoch 437 Relative Error 0.011564220301806927
Epoch 438 Relative Error 0.011188243515789509
Epoch 439 Relative Error 0.01122574508190155
Epoch 440 Relative Error 0.011035257950425148
Epoch 441 Relative Error 0.01120826043188572
Epoch 442 Relative Error 0.01102941669523716
Epoch 443 Relative Error 0.011755433864891529
Epoch 444 Relative Error 0.011201392859220505
Epoch 445 Relative Error 0.011036991141736507
Epoch 446 Relative Error 0.011063174344599247
Epoch 447 Relative Error 0.011139948852360249
Epoch 448 Relative Error 0.01110791601240635
Epoch 449 Relative Error 0.011242092587053776
Epoch 450 Relative Error 0.011174201965332031
Epoch 451 Relative Error 0.011203539557754993
Epoch 452 Relative Error 0.010962147265672684
Epoch 453 Relative Error 0.010900217108428478
Epoch 454 Relative Error 0.010848303325474262
Epoch 455 Relative Error 0.011220318265259266
Epoch 456 Relative Error 0.010903621092438698
Epoch 457 Relative Error 0.010934226214885712
Epoch 458 Relative Error 0.010934979654848576
Epoch 459 Relative Error 0.010882038623094559
Epoch 460 Relative Error 0.010888611897826195
Epoch 461 Relative Error 0.010793667286634445
Epoch 462 Relative Error 0.01084220688790083
Epoch 463 Relative Error 0.010823781602084637
Epoch 464 Relative Error 0.010746506974101067
Epoch 465 Relative Error 0.01075803767889738
Epoch 466 Relative Error 0.01074452418833971
Epoch 467 Relative Error 0.010792827233672142
Epoch 468 Relative Error 0.010742957703769207
Epoch 469 Relative Error 0.010771097615361214
Epoch 470 Relative Error 0.010707344859838486
Epoch 471 Relative Error 0.010710019618272781
Epoch 472 Relative Error 0.010663830675184727
Epoch 473 Relative Error 0.010725856758654118
Epoch 474 Relative Error 0.010687227360904217
Epoch 475 Relative Error 0.010860241949558258
Epoch 476 Relative Error 0.010768495500087738
Epoch 477 Relative Error 0.01076448056846857
Epoch 478 Relative Error 0.010843588970601559
Epoch 479 Relative Error 0.011196255683898926
Epoch 480 Relative Error 0.011201852932572365
Epoch 481 Relative Error 0.010931638069450855
Epoch 482 Relative Error 0.010723340325057507
Epoch 483 Relative Error 0.010714605450630188
Epoch 484 Relative Error 0.010622411035001278
Epoch 485 Relative Error 0.010652157478034496
Epoch 486 Relative Error 0.0106259286403656
Epoch 487 Relative Error 0.010598793625831604
Epoch 488 Relative Error 0.010590639896690845
Epoch 489 Relative Error 0.01059236191213131
Epoch 490 Relative Error 0.010644722729921341
Epoch 491 Relative Error 0.010545903816819191
Epoch 492 Relative Error 0.010605040937662125
Epoch 493 Relative Error 0.010579841211438179
Epoch 494 Relative Error 0.010608876124024391
Epoch 495 Relative Error 0.010665996931493282
Epoch 496 Relative Error 0.010594244115054607
Epoch 497 Relative Error 0.010597221553325653
Epoch 498 Relative Error 0.010557551868259907
Epoch 499 Relative Error 0.010545442812144756
Epoch 500 Relative Error 0.01064462773501873
Epoch 501 Relative Error 0.010566629469394684
Epoch 502 Relative Error 0.010620426386594772
Epoch 503 Relative Error 0.010489667765796185
Epoch 504 Relative Error 0.010457220487296581
Epoch 505 Relative Error 0.010446812957525253
Epoch 506 Relative Error 0.01043038908392191
Epoch 507 Relative Error 0.010480610653758049
Epoch 508 Relative Error 0.01043309923261404
Epoch 509 Relative Error 0.010398986749351025
Epoch 510 Relative Error 0.010399815626442432
Epoch 511 Relative Error 0.010373850353062153
Epoch 512 Relative Error 0.010356772691011429
Epoch 513 Relative Error 0.010551069863140583
Epoch 514 Relative Error 0.010427717119455338
Epoch 515 Relative Error 0.01045787800103426
Epoch 516 Relative Error 0.01107537467032671
Epoch 517 Relative Error 0.01066515501588583
Epoch 518 Relative Error 0.010595925152301788
Epoch 519 Relative Error 0.010676785372197628
Epoch 520 Relative Error 0.011360268108546734
Epoch 521 Relative Error 0.010525817982852459
Epoch 522 Relative Error 0.010506890714168549
Epoch 523 Relative Error 0.010369050316512585
Epoch 524 Relative Error 0.010310848243534565
Epoch 525 Relative Error 0.010370753705501556
Epoch 526 Relative Error 0.0103856036439538
Epoch 527 Relative Error 0.010354849509894848
Epoch 528 Relative Error 0.010321914218366146
Epoch 529 Relative Error 0.010364411398768425
Epoch 530 Relative Error 0.010276714339852333
Epoch 531 Relative Error 0.010284659452736378
Epoch 532 Relative Error 0.010266218334436417
Epoch 533 Relative Error 0.010245216079056263
Epoch 534 Relative Error 0.010254981927573681
Epoch 535 Relative Error 0.010191500186920166
Epoch 536 Relative Error 0.010245162062346935
Epoch 537 Relative Error 0.010254548862576485
Epoch 538 Relative Error 0.010170639492571354
Epoch 539 Relative Error 0.010216563940048218
Epoch 540 Relative Error 0.010288907214999199
Epoch 541 Relative Error 0.01024937815964222
Epoch 542 Relative Error 0.010201186873018742
Epoch 543 Relative Error 0.010276304557919502
Epoch 544 Relative Error 0.010178888216614723
Epoch 545 Relative Error 0.010228089988231659
Epoch 546 Relative Error 0.010328697971999645
Epoch 547 Relative Error 0.010308918543159962
Epoch 548 Relative Error 0.010267035104334354
Epoch 549 Relative Error 0.010353714227676392
Epoch 550 Relative Error 0.010463862679898739
Epoch 551 Relative Error 0.010330909863114357
Epoch 552 Relative Error 0.010320067405700684
Epoch 553 Relative Error 0.010358023457229137
Epoch 554 Relative Error 0.010902411304414272
Epoch 555 Relative Error 0.010483558289706707
Epoch 556 Relative Error 0.01077183149755001
Epoch 557 Relative Error 0.011033779010176659
Epoch 558 Relative Error 0.011395641602575779
Epoch 559 Relative Error 0.011458184570074081
Epoch 560 Relative Error 0.010288604535162449
Epoch 561 Relative Error 0.011039250530302525
Epoch 562 Relative Error 0.010495970956981182
Epoch 563 Relative Error 0.010608501732349396
Epoch 564 Relative Error 0.011997204273939133
Epoch 565 Relative Error 0.012966824695467949
Epoch 566 Relative Error 0.016742747277021408
Epoch 567 Relative Error 0.012645871378481388
Epoch 568 Relative Error 0.013104751706123352
Epoch 569 Relative Error 0.012343049049377441
Epoch 570 Relative Error 0.012520973570644855
Epoch 571 Relative Error 0.011967400088906288
Epoch 572 Relative Error 0.010925909504294395
Epoch 573 Relative Error 0.011324813589453697
Epoch 574 Relative Error 0.01071865949779749
Epoch 575 Relative Error 0.01038022805005312
Epoch 576 Relative Error 0.010456154122948647
Epoch 577 Relative Error 0.010324500501155853
Epoch 578 Relative Error 0.010289929807186127
Epoch 579 Relative Error 0.010246291756629944
Epoch 580 Relative Error 0.009956756606698036
Epoch 581 Relative Error 0.01011541299521923
Epoch 582 Relative Error 0.01012713648378849
Epoch 583 Relative Error 0.010172898881137371
Epoch 584 Relative Error 0.010011604055762291
Epoch 585 Relative Error 0.010070187970995903
Epoch 586 Relative Error 0.01013197097927332
Epoch 587 Relative Error 0.009946243837475777
Epoch 588 Relative Error 0.009894484654068947
Epoch 589 Relative Error 0.00990946777164936
Epoch 590 Relative Error 0.009957545436918736
Epoch 591 Relative Error 0.00987767893821001
Epoch 592 Relative Error 0.009875436313450336
Epoch 593 Relative Error 0.009865537285804749
Epoch 594 Relative Error 0.009854079224169254
Epoch 595 Relative Error 0.009833141230046749
Epoch 596 Relative Error 0.009867200627923012
Epoch 597 Relative Error 0.00992586463689804
Epoch 598 Relative Error 0.009908178821206093
Epoch 599 Relative Error 0.009866965003311634
Epoch 600 Relative Error 0.009814109653234482
Epoch 601 Relative Error 0.009807036258280277
Epoch 602 Relative Error 0.009812334552407265
Epoch 603 Relative Error 0.00982677936553955
Epoch 604 Relative Error 0.0097991693764925
Epoch 605 Relative Error 0.009807541966438293
Epoch 606 Relative Error 0.009808366186916828
Epoch 607 Relative Error 0.009781883098185062
Epoch 608 Relative Error 0.009795524179935455
Epoch 609 Relative Error 0.00980647373944521
Epoch 610 Relative Error 0.009832428768277168
Epoch 611 Relative Error 0.009803305380046368
Epoch 612 Relative Error 0.009822193533182144
Epoch 613 Relative Error 0.009817862883210182
Epoch 614 Relative Error 0.009812144562602043
Epoch 615 Relative Error 0.00975048914551735
Epoch 616 Relative Error 0.009811067022383213
Epoch 617 Relative Error 0.009745822288095951
Epoch 618 Relative Error 0.009748880751430988
Epoch 619 Relative Error 0.009760145097970963
Epoch 620 Relative Error 0.009721417911350727
Epoch 621 Relative Error 0.009675402194261551
Epoch 622 Relative Error 0.009706216864287853
Epoch 623 Relative Error 0.009696830995380878
Epoch 624 Relative Error 0.009714994579553604
Epoch 625 Relative Error 0.009794287383556366
Epoch 626 Relative Error 0.009744510054588318
Epoch 627 Relative Error 0.009795255959033966
Epoch 628 Relative Error 0.009688660502433777
Epoch 629 Relative Error 0.009650135412812233
Epoch 630 Relative Error 0.009647969156503677
Epoch 631 Relative Error 0.009637170471251011
Epoch 632 Relative Error 0.009665909223258495
Epoch 633 Relative Error 0.009735126048326492
Epoch 634 Relative Error 0.009617050178349018
Epoch 635 Relative Error 0.009612026624381542
Epoch 636 Relative Error 0.009665331803262234
Epoch 637 Relative Error 0.009688123129308224
Epoch 638 Relative Error 0.009650994092226028
Epoch 639 Relative Error 0.009640342555940151
Epoch 640 Relative Error 0.00978811178356409
Epoch 641 Relative Error 0.00973757728934288
Epoch 642 Relative Error 0.009679118171334267
Epoch 643 Relative Error 0.009717385284602642
Epoch 644 Relative Error 0.00961607787758112
Epoch 645 Relative Error 0.009651909582316875
Epoch 646 Relative Error 0.009591406211256981
Epoch 647 Relative Error 0.00954812578856945
Epoch 648 Relative Error 0.00952436774969101
Epoch 649 Relative Error 0.009594841860234737
Epoch 650 Relative Error 0.00960905384272337
Epoch 651 Relative Error 0.009606310166418552
Epoch 652 Relative Error 0.009550760500133038
Epoch 653 Relative Error 0.009530607610940933
Epoch 654 Relative Error 0.009546901099383831
Epoch 655 Relative Error 0.009618058800697327
Epoch 656 Relative Error 0.009544487111270428
Epoch 657 Relative Error 0.009559362195432186
Epoch 658 Relative Error 0.009494935162365437
Epoch 659 Relative Error 0.009520947001874447
Epoch 660 Relative Error 0.009504556655883789
Epoch 661 Relative Error 0.009489311836659908
Epoch 662 Relative Error 0.009480280801653862
Epoch 663 Relative Error 0.009474799036979675
Epoch 664 Relative Error 0.009451890364289284
Epoch 665 Relative Error 0.009446208365261555
Epoch 666 Relative Error 0.009482243098318577
Epoch 667 Relative Error 0.009471326135098934
Epoch 668 Relative Error 0.009653639979660511
Epoch 669 Relative Error 0.009439891204237938
Epoch 670 Relative Error 0.009467502124607563
Epoch 671 Relative Error 0.00941515527665615
Epoch 672 Relative Error 0.009461980313062668
Epoch 673 Relative Error 0.009416883811354637
Epoch 674 Relative Error 0.009575622156262398
Epoch 675 Relative Error 0.009454035200178623
Epoch 676 Relative Error 0.009559481404721737
Epoch 677 Relative Error 0.010649599134922028
Epoch 678 Relative Error 0.00997093040496111
Epoch 679 Relative Error 0.01005085464566946
Epoch 680 Relative Error 0.009946536272764206
Epoch 681 Relative Error 0.009574648924171925
Epoch 682 Relative Error 0.009741241112351418
Epoch 683 Relative Error 0.009553378447890282
Epoch 684 Relative Error 0.009789502248167992
Epoch 685 Relative Error 0.009483156725764275
Epoch 686 Relative Error 0.009571509435772896
Epoch 687 Relative Error 0.00949041172862053
Epoch 688 Relative Error 0.009627913124859333
Epoch 689 Relative Error 0.009489240124821663
Epoch 690 Relative Error 0.00962117500603199
Epoch 691 Relative Error 0.009560994803905487
Epoch 692 Relative Error 0.009594227187335491
Epoch 693 Relative Error 0.009420079179108143
Epoch 694 Relative Error 0.009618712589144707
Epoch 695 Relative Error 0.009530480951070786
Epoch 696 Relative Error 0.009485509246587753
Epoch 697 Relative Error 0.00932489987462759
Epoch 698 Relative Error 0.009318769909441471
Epoch 699 Relative Error 0.00932647567242384
Epoch 700 Relative Error 0.009279944002628326
Epoch 701 Relative Error 0.009312550537288189
Epoch 702 Relative Error 0.009317994117736816
Epoch 703 Relative Error 0.009297008626163006
Epoch 704 Relative Error 0.009350450709462166
Epoch 705 Relative Error 0.009331769309937954
Epoch 706 Relative Error 0.009309530258178711
Epoch 707 Relative Error 0.00927758775651455
Epoch 708 Relative Error 0.0093688378110528
Epoch 709 Relative Error 0.009612344205379486
Epoch 710 Relative Error 0.009499508887529373
Epoch 711 Relative Error 0.00987420603632927
Epoch 712 Relative Error 0.009533359669148922
Epoch 713 Relative Error 0.009424194693565369
Epoch 714 Relative Error 0.009461968205869198
Epoch 715 Relative Error 0.00948335975408554
Epoch 716 Relative Error 0.009409446269273758
Epoch 717 Relative Error 0.009621996432542801
Epoch 718 Relative Error 0.009464140981435776
Epoch 719 Relative Error 0.009447830729186535
Epoch 720 Relative Error 0.009512562304735184
Epoch 721 Relative Error 0.009372629225254059
Epoch 722 Relative Error 0.009250642731785774
Epoch 723 Relative Error 0.009413768537342548
Epoch 724 Relative Error 0.009652746841311455
Epoch 725 Relative Error 0.009606613777577877
Epoch 726 Relative Error 0.00975206308066845
Epoch 727 Relative Error 0.00956363882869482
Epoch 728 Relative Error 0.009687836281955242
Epoch 729 Relative Error 0.009473921731114388
Epoch 730 Relative Error 0.009313979186117649
Epoch 731 Relative Error 0.009238765574991703
Epoch 732 Relative Error 0.009234453551471233
Epoch 733 Relative Error 0.009668456390500069
Epoch 734 Relative Error 0.009288297034800053
Epoch 735 Relative Error 0.00921719428151846
Epoch 736 Relative Error 0.009499681182205677
Epoch 737 Relative Error 0.009399131871759892
Epoch 738 Relative Error 0.009555423632264137
Epoch 739 Relative Error 0.009215953759849072
Epoch 740 Relative Error 0.009107534773647785
Epoch 741 Relative Error 0.009130021557211876
Epoch 742 Relative Error 0.00908912718296051
Epoch 743 Relative Error 0.00919265579432249
Epoch 744 Relative Error 0.009115021675825119
Epoch 745 Relative Error 0.009144623763859272
Epoch 746 Relative Error 0.009135538712143898
Epoch 747 Relative Error 0.009197679348289967
Epoch 748 Relative Error 0.009322656318545341
Epoch 749 Relative Error 0.00952011439949274
Epoch 750 Relative Error 0.009252352640032768
Epoch 751 Relative Error 0.009420698508620262
Epoch 752 Relative Error 0.00960938073694706
Epoch 753 Relative Error 0.009340459480881691
Epoch 754 Relative Error 0.009329922497272491
Epoch 755 Relative Error 0.009069032035768032
Epoch 756 Relative Error 0.00909140519797802
Epoch 757 Relative Error 0.009076660498976707
Epoch 758 Relative Error 0.009080943651497364
Epoch 759 Relative Error 0.00907991174608469
Epoch 760 Relative Error 0.009096713736653328
Epoch 761 Relative Error 0.009058760479092598
Epoch 762 Relative Error 0.009097942151129246
Epoch 763 Relative Error 0.009035633876919746
Epoch 764 Relative Error 0.009067879989743233
Epoch 765 Relative Error 0.009017925709486008
Epoch 766 Relative Error 0.00902266800403595
Epoch 767 Relative Error 0.009018433280289173
Epoch 768 Relative Error 0.008989616297185421
Epoch 769 Relative Error 0.008995883166790009
Epoch 770 Relative Error 0.009063415229320526
Epoch 771 Relative Error 0.009142336435616016
Epoch 772 Relative Error 0.009167886339128017
Epoch 773 Relative Error 0.009113169275224209
Epoch 774 Relative Error 0.00907978042960167
Epoch 775 Relative Error 0.009044899605214596
Epoch 776 Relative Error 0.00898851826786995
Epoch 777 Relative Error 0.008945167064666748
Epoch 778 Relative Error 0.008949021808803082
Epoch 779 Relative Error 0.00897696241736412
Epoch 780 Relative Error 0.008938807994127274
Epoch 781 Relative Error 0.008940145373344421
Epoch 782 Relative Error 0.008932625874876976
Epoch 783 Relative Error 0.00897845346480608
Epoch 784 Relative Error 0.008973362855613232
Epoch 785 Relative Error 0.00913056917488575
Epoch 786 Relative Error 0.009241077117621899
Epoch 787 Relative Error 0.009291352704167366
Epoch 788 Relative Error 0.009083662182092667
Epoch 789 Relative Error 0.008971055969595909
Epoch 790 Relative Error 0.00895000621676445
Epoch 791 Relative Error 0.009095515124499798
Epoch 792 Relative Error 0.00899606104940176
Epoch 793 Relative Error 0.008936590515077114
Epoch 794 Relative Error 0.009246218018233776
Epoch 795 Relative Error 0.008981181308627129
Epoch 796 Relative Error 0.008982385508716106
Epoch 797 Relative Error 0.00892262440174818
Epoch 798 Relative Error 0.00891957525163889
Epoch 799 Relative Error 0.008929361589252949
Epoch 800 Relative Error 0.008853450417518616
Epoch 801 Relative Error 0.008887234143912792
Epoch 802 Relative Error 0.008902283385396004
Epoch 803 Relative Error 0.00895625725388527
Epoch 804 Relative Error 0.00908146146684885
Epoch 805 Relative Error 0.009154294617474079
Epoch 806 Relative Error 0.009227743372321129
Epoch 807 Relative Error 0.009291104041039944
Epoch 808 Relative Error 0.010234583169221878
Epoch 809 Relative Error 0.009525446221232414
Epoch 810 Relative Error 0.009407537057995796
Epoch 811 Relative Error 0.009051096625626087
Epoch 812 Relative Error 0.009209446609020233
Epoch 813 Relative Error 0.009069238789379597
Epoch 814 Relative Error 0.009186788462102413
Epoch 815 Relative Error 0.009357156231999397
Epoch 816 Relative Error 0.009240109473466873
Epoch 817 Relative Error 0.009665757417678833
Epoch 818 Relative Error 0.0092548169195652
Epoch 819 Relative Error 0.009070409461855888
Epoch 820 Relative Error 0.00893349852412939
Epoch 821 Relative Error 0.009252696298062801
Epoch 822 Relative Error 0.008920641615986824
Epoch 823 Relative Error 0.008924826979637146
Epoch 824 Relative Error 0.008833907544612885
Epoch 825 Relative Error 0.00895181018859148
Epoch 826 Relative Error 0.008899745531380177
Epoch 827 Relative Error 0.009064139798283577
Epoch 828 Relative Error 0.009086182340979576
Epoch 829 Relative Error 0.008797642774879932
Epoch 830 Relative Error 0.008815542794764042
Epoch 831 Relative Error 0.008803206495940685
Epoch 832 Relative Error 0.00888479221612215
Epoch 833 Relative Error 0.008764798752963543
Epoch 834 Relative Error 0.008819038048386574
Epoch 835 Relative Error 0.008835632354021072
Epoch 836 Relative Error 0.008810681290924549
Epoch 837 Relative Error 0.00886052567511797
Epoch 838 Relative Error 0.009011447429656982
Epoch 839 Relative Error 0.008854509331285954
Epoch 840 Relative Error 0.009088175371289253
Epoch 841 Relative Error 0.008837765082716942
Epoch 842 Relative Error 0.008772740140557289
Epoch 843 Relative Error 0.0090254545211792
Epoch 844 Relative Error 0.008990094065666199
Epoch 845 Relative Error 0.008980869315564632
Epoch 846 Relative Error 0.008761967532336712
Epoch 847 Relative Error 0.009001885540783405
Epoch 848 Relative Error 0.008777964860200882
Epoch 849 Relative Error 0.008815084584057331
Epoch 850 Relative Error 0.008848926983773708
Epoch 851 Relative Error 0.008905265480279922
Epoch 852 Relative Error 0.00881539098918438
Epoch 853 Relative Error 0.00888889841735363
Epoch 854 Relative Error 0.00880154687911272
Epoch 855 Relative Error 0.008969036862254143
Epoch 856 Relative Error 0.008738286793231964
Epoch 857 Relative Error 0.008876096457242966
Epoch 858 Relative Error 0.008970282040536404
Epoch 859 Relative Error 0.008799437433481216
Epoch 860 Relative Error 0.008793097920715809
Epoch 861 Relative Error 0.00880106259137392
Epoch 862 Relative Error 0.008775332942605019
Epoch 863 Relative Error 0.008767001330852509
Epoch 864 Relative Error 0.008655568584799767
Epoch 865 Relative Error 0.008732546120882034
Epoch 866 Relative Error 0.008679830469191074
Epoch 867 Relative Error 0.008690756745636463
Epoch 868 Relative Error 0.008641328662633896
Epoch 869 Relative Error 0.00866011343896389
Epoch 870 Relative Error 0.008623088710010052
Epoch 871 Relative Error 0.00864291749894619
Epoch 872 Relative Error 0.008641794323921204
Epoch 873 Relative Error 0.008656720630824566
Epoch 874 Relative Error 0.008750731125473976
Epoch 875 Relative Error 0.008743510581552982
Epoch 876 Relative Error 0.00874442420899868
Epoch 877 Relative Error 0.008633746765553951
Epoch 878 Relative Error 0.00868653692305088
Epoch 879 Relative Error 0.008885569870471954
Epoch 880 Relative Error 0.008941064588725567
Epoch 881 Relative Error 0.008610951714217663
Epoch 882 Relative Error 0.008740936405956745
Epoch 883 Relative Error 0.00864955224096775
Epoch 884 Relative Error 0.00860687904059887
Epoch 885 Relative Error 0.008601794019341469
Epoch 886 Relative Error 0.00859165284782648
Epoch 887 Relative Error 0.008596515282988548
Epoch 888 Relative Error 0.008617212064564228
Epoch 889 Relative Error 0.008545474149286747
Epoch 890 Relative Error 0.008580280467867851
Epoch 891 Relative Error 0.008568902499973774
Epoch 892 Relative Error 0.008541431277990341
Epoch 893 Relative Error 0.008625984191894531
Epoch 894 Relative Error 0.008549335412681103
Epoch 895 Relative Error 0.008533081039786339
Epoch 896 Relative Error 0.008520233444869518
Epoch 897 Relative Error 0.008759024553000927
Epoch 898 Relative Error 0.008632958866655827
Epoch 899 Relative Error 0.0088056530803442
Epoch 900 Relative Error 0.008951027877628803
Epoch 901 Relative Error 0.00879291258752346
Epoch 902 Relative Error 0.008709372952580452
Epoch 903 Relative Error 0.008671983145177364
Epoch 904 Relative Error 0.008628007024526596
Epoch 905 Relative Error 0.00851499568670988
Epoch 906 Relative Error 0.008503153920173645
Epoch 907 Relative Error 0.008826125413179398
Epoch 908 Relative Error 0.00939601007848978
Epoch 909 Relative Error 0.009227138012647629
Epoch 910 Relative Error 0.00972234271466732
Epoch 911 Relative Error 0.009702944196760654
Epoch 912 Relative Error 0.01292878296226263
Epoch 913 Relative Error 0.010220822878181934
Epoch 914 Relative Error 0.010849964804947376
Epoch 915 Relative Error 0.012209727428853512
Epoch 916 Relative Error 0.010609164834022522
Epoch 917 Relative Error 0.009054919704794884
Epoch 918 Relative Error 0.009798763319849968
Epoch 919 Relative Error 0.009550767950713634
Epoch 920 Relative Error 0.008853031322360039
Epoch 921 Relative Error 0.008697709068655968
Epoch 922 Relative Error 0.009405429475009441
Epoch 923 Relative Error 0.008888429962098598
Epoch 924 Relative Error 0.008841839618980885
Epoch 925 Relative Error 0.008702530525624752
Epoch 926 Relative Error 0.008750525303184986
Epoch 927 Relative Error 0.008712959475815296
Epoch 928 Relative Error 0.008535596542060375
Epoch 929 Relative Error 0.008530073799192905
Epoch 930 Relative Error 0.00846091378480196
Epoch 931 Relative Error 0.008499719202518463
Epoch 932 Relative Error 0.008665640838444233
Epoch 933 Relative Error 0.008426802232861519
Epoch 934 Relative Error 0.008570254780352116
Epoch 935 Relative Error 0.008520059287548065
Epoch 936 Relative Error 0.00844726525247097
Epoch 937 Relative Error 0.008582692593336105
Epoch 938 Relative Error 0.008758151903748512
Epoch 939 Relative Error 0.008495442569255829
Epoch 940 Relative Error 0.00844210758805275
Epoch 941 Relative Error 0.00848948210477829
Epoch 942 Relative Error 0.00874097365885973
Epoch 943 Relative Error 0.008485553786158562
Epoch 944 Relative Error 0.008460857905447483
Epoch 945 Relative Error 0.008506987243890762
Epoch 946 Relative Error 0.008463033474981785
Epoch 947 Relative Error 0.00842964742332697
Epoch 948 Relative Error 0.008406175300478935
Epoch 949 Relative Error 0.008602673187851906
Epoch 950 Relative Error 0.008432520553469658
Epoch 951 Relative Error 0.00841486919671297
Epoch 952 Relative Error 0.008398422040045261
Epoch 953 Relative Error 0.008592110127210617
Epoch 954 Relative Error 0.008422584272921085
Epoch 955 Relative Error 0.008601388894021511
Epoch 956 Relative Error 0.008577920496463776
Epoch 957 Relative Error 0.008438791148364544
Epoch 958 Relative Error 0.008542712777853012
Epoch 959 Relative Error 0.00849195010960102
Epoch 960 Relative Error 0.008367368020117283
Epoch 961 Relative Error 0.008525202982127666
Epoch 962 Relative Error 0.008370236493647099
Epoch 963 Relative Error 0.008437263779342175
Epoch 964 Relative Error 0.00832903478294611
Epoch 965 Relative Error 0.008374243974685669
Epoch 966 Relative Error 0.008532890118658543
Epoch 967 Relative Error 0.008326898328959942
Epoch 968 Relative Error 0.0083643589168787
Epoch 969 Relative Error 0.008379948325455189
Epoch 970 Relative Error 0.00834221113473177
Epoch 971 Relative Error 0.008353631012141705
Epoch 972 Relative Error 0.008290405385196209
Epoch 973 Relative Error 0.008297232910990715
Epoch 974 Relative Error 0.008297799155116081
Epoch 975 Relative Error 0.008291882462799549
Epoch 976 Relative Error 0.008298790082335472
Epoch 977 Relative Error 0.008637212216854095
Epoch 978 Relative Error 0.008301736786961555
Epoch 979 Relative Error 0.00844924058765173
Epoch 980 Relative Error 0.0083546731621027
Epoch 981 Relative Error 0.008441007696092129
Epoch 982 Relative Error 0.008290188387036324
Epoch 983 Relative Error 0.008299260400235653
Epoch 984 Relative Error 0.008254100568592548
Epoch 985 Relative Error 0.008266553282737732
Epoch 986 Relative Error 0.008306464180350304
Epoch 987 Relative Error 0.008342932909727097
Epoch 988 Relative Error 0.00830898154526949
Epoch 989 Relative Error 0.008285455405712128
Epoch 990 Relative Error 0.008259800262749195
Epoch 991 Relative Error 0.008283860981464386
Epoch 992 Relative Error 0.008237146772444248
Epoch 993 Relative Error 0.008220138028264046
Epoch 994 Relative Error 0.00823016557842493
Epoch 995 Relative Error 0.00831604190170765
Epoch 996 Relative Error 0.008288538083434105
Epoch 997 Relative Error 0.008459813892841339
Epoch 998 Relative Error 0.008657481521368027
Epoch 999 Relative Error 0.00871257483959198
Epoch 1000 Relative Error 0.00876423716545105
RE (2, 9, 17, 0): 0.008220138028264046
Green's Function RE (2, 9, 17, 0): 0.016711462289094925
Bias Term RE (2, 9, 17, 0): 0.008986067026853561
Combination (2, 9, 17, 0, 0): 0.008764231577515602
Combination (2, 9, 17, 0, 1): 0.008088030852377415
Combination (2, 9, 17, 0, 2): 0.00788858812302351
Combination (2, 9, 17, 0, 3): 0.007823357358574867
Combination (2, 9, 17, 0, 4): 0.007792498450726271

/home/gridsan/gstepaniants/.local/lib/python3.8/site-packages/torch/functional.py:478: UserWarning: torch.meshgrid: in an upcoming release, it will be required to pass the indexing argument. (Triggered internally at  ../aten/src/ATen/native/TensorShape.cpp:2895.)
  return _VF.meshgrid(tensors, **kwargs)  # type: ignore[attr-defined]
