[KeOps] Warning : Cuda libraries were not detected on the system ; using cpu only mode
1
Kernel: SquaredExponential
Weight Mesh: 40
RKHS Kernel Width: 0.01
Lambda: 1e-06
Green's Function Learning Rate: 100
Bias Term Learning Rate: 100
Epoch 1 Relative Error 1092.109375
First epoch had re = 1092.109375 > 1
Green's Function Learning Rate: 50
Bias Term Learning Rate: 50
Epoch 1 Relative Error 409.1012268066406
First epoch had re = 409.1012268066406 > 1
Green's Function Learning Rate: 10
Bias Term Learning Rate: 10
Epoch 1 Relative Error 92.14389038085938
First epoch had re = 92.14389038085938 > 1
Green's Function Learning Rate: 5
Bias Term Learning Rate: 5
Epoch 1 Relative Error 37.979286193847656
First epoch had re = 37.979286193847656 > 1
Green's Function Learning Rate: 1
Bias Term Learning Rate: 1
Epoch 1 Relative Error 6.274364471435547
First epoch had re = 6.274364471435547 > 1
Green's Function Learning Rate: 0.5
Bias Term Learning Rate: 0.5
Epoch 1 Relative Error 4.185575485229492
First epoch had re = 4.185575485229492 > 1
Green's Function Learning Rate: 0.1
Bias Term Learning Rate: 0.1
Epoch 1 Relative Error 0.921337902545929
Epoch 2 Relative Error 0.7703246474266052
Epoch 3 Relative Error 0.5703887343406677
Epoch 4 Relative Error 0.4298316240310669
Epoch 5 Relative Error 0.39275550842285156
Epoch 6 Relative Error 0.3194718062877655
Epoch 7 Relative Error 0.24545246362686157
Epoch 8 Relative Error 0.2048453837633133
Epoch 9 Relative Error 0.16843093931674957
Epoch 10 Relative Error 0.13089609146118164
Epoch 11 Relative Error 0.0942964181303978
Epoch 12 Relative Error 0.08006448298692703
Epoch 13 Relative Error 0.06902749091386795
Epoch 14 Relative Error 0.05925479158759117
Epoch 15 Relative Error 0.04912298917770386
Epoch 16 Relative Error 0.03808519244194031
Epoch 17 Relative Error 0.03141189366579056
Epoch 18 Relative Error 0.025589989498257637
Epoch 19 Relative Error 0.020897168666124344
Epoch 20 Relative Error 0.016339637339115143
Epoch 21 Relative Error 0.01420015748590231
Epoch 22 Relative Error 0.011471254751086235
Epoch 23 Relative Error 0.008939998224377632
Epoch 24 Relative Error 0.007815016433596611
Epoch 25 Relative Error 0.007314341142773628
Epoch 26 Relative Error 0.006238204427063465
Epoch 27 Relative Error 0.004882471170276403
Epoch 28 Relative Error 0.0045484513975679874
Epoch 29 Relative Error 0.003980445209890604
Epoch 30 Relative Error 0.0035868820268660784
Epoch 31 Relative Error 0.0029461488593369722
Epoch 32 Relative Error 0.0027584198396652937
Epoch 33 Relative Error 0.0025148987770080566
Epoch 34 Relative Error 0.002258670050650835
Epoch 35 Relative Error 0.0022367786150425673
Epoch 36 Relative Error 0.0020746178925037384
Epoch 37 Relative Error 0.0019625157583504915
Epoch 38 Relative Error 0.001879496150650084
Epoch 39 Relative Error 0.0018601826159283519
Epoch 40 Relative Error 0.0017287457594648004
Epoch 41 Relative Error 0.0016338592395186424
Epoch 42 Relative Error 0.001648145029321313
Epoch 43 Relative Error 0.001612286432646215
Epoch 44 Relative Error 0.0015422669239342213
Epoch 45 Relative Error 0.001586546073667705
Epoch 46 Relative Error 0.0014749083202332258
Epoch 47 Relative Error 0.0015486591728404164
Epoch 48 Relative Error 0.0015190509147942066
Epoch 49 Relative Error 0.0014337663305923343
Epoch 50 Relative Error 0.001449729548767209
Epoch 51 Relative Error 0.0014218351570889354
Epoch 52 Relative Error 0.0014303920324891806
Epoch 53 Relative Error 0.0014900262467563152
Epoch 54 Relative Error 0.0013290296774357557
Epoch 55 Relative Error 0.0013653092319145799
Epoch 56 Relative Error 0.0012656913604587317
Epoch 57 Relative Error 0.0012591975973919034
Epoch 58 Relative Error 0.0011972032953053713
Epoch 59 Relative Error 0.0011721252230927348
Epoch 60 Relative Error 0.0012089607771486044
Epoch 61 Relative Error 0.0011691246181726456
Epoch 62 Relative Error 0.0012866430915892124
Epoch 63 Relative Error 0.0011175626423209906
Epoch 64 Relative Error 0.0011711998376995325
Epoch 65 Relative Error 0.001141276559792459
Epoch 66 Relative Error 0.0010903674410656095
Epoch 67 Relative Error 0.0011459174565970898
Epoch 68 Relative Error 0.0011085121659561992
Epoch 69 Relative Error 0.0010393207194283605
Epoch 70 Relative Error 0.0010932809673249722
Epoch 71 Relative Error 0.0010252282954752445
Epoch 72 Relative Error 0.0010023466311395168
Epoch 73 Relative Error 0.0009799781255424023
Epoch 74 Relative Error 0.0010389469098299742
Epoch 75 Relative Error 0.0010154955089092255
Epoch 76 Relative Error 0.0009998612804338336
Epoch 77 Relative Error 0.001027764636091888
Epoch 78 Relative Error 0.000960742705501616
Epoch 79 Relative Error 0.0009423119481652975
Epoch 80 Relative Error 0.0009141989867202938
Epoch 81 Relative Error 0.0008980290149338543
Epoch 82 Relative Error 0.0008968447800725698
Epoch 83 Relative Error 0.0009480384760536253
Epoch 84 Relative Error 0.000897302117664367
Epoch 85 Relative Error 0.0009526931098662317
Epoch 86 Relative Error 0.0009365244186483324
Epoch 87 Relative Error 0.0009240555227734149
Epoch 88 Relative Error 0.0009839496342465281
Epoch 89 Relative Error 0.0009616719326004386
Epoch 90 Relative Error 0.0008508540340699255
Epoch 91 Relative Error 0.0009178792824968696
Epoch 92 Relative Error 0.0008353074081242085
Epoch 93 Relative Error 0.0008650394738651812
Epoch 94 Relative Error 0.0008708823006600142
Epoch 95 Relative Error 0.0008952700300142169
Epoch 96 Relative Error 0.0008766567334532738
Epoch 97 Relative Error 0.0008301946218125522
Epoch 98 Relative Error 0.0008382149389944971
Epoch 99 Relative Error 0.0008226944482885301
Epoch 100 Relative Error 0.0008102646097540855
Epoch 101 Relative Error 0.000878472113981843
Epoch 102 Relative Error 0.0008204164914786816
Epoch 103 Relative Error 0.0008167970227077603
Epoch 104 Relative Error 0.0007851084228605032
Epoch 105 Relative Error 0.0007743424503132701
Epoch 106 Relative Error 0.0008315201266668737
Epoch 107 Relative Error 0.0007769116200506687
Epoch 108 Relative Error 0.0007969001890160143
Epoch 109 Relative Error 0.0008135320385918021
Epoch 110 Relative Error 0.0007921716314740479
Epoch 111 Relative Error 0.0008580677676945925
Epoch 112 Relative Error 0.0008230205276049674
Epoch 113 Relative Error 0.000805957242846489
Epoch 114 Relative Error 0.0007427649688906968
Epoch 115 Relative Error 0.0006746399449184537
Epoch 116 Relative Error 0.0006923590553924441
Epoch 117 Relative Error 0.0006681407103314996
Epoch 118 Relative Error 0.0006582870846614242
Epoch 119 Relative Error 0.0006594944861717522
Epoch 120 Relative Error 0.0007062713266350329
Epoch 121 Relative Error 0.0006859421264380217
Epoch 122 Relative Error 0.000687020889017731
Epoch 123 Relative Error 0.0006552492268383503
Epoch 124 Relative Error 0.0006614016019739211
Epoch 125 Relative Error 0.0006317314691841602
Epoch 126 Relative Error 0.0006990911206230521
Epoch 127 Relative Error 0.0007034792797639966
Epoch 128 Relative Error 0.0006717034848406911
Epoch 129 Relative Error 0.0006790370680391788
Epoch 130 Relative Error 0.0006333597702905536
Epoch 131 Relative Error 0.0006292662001214921
Epoch 132 Relative Error 0.0006861730944365263
Epoch 133 Relative Error 0.0006383608561009169
Epoch 134 Relative Error 0.0006177621544338763
Epoch 135 Relative Error 0.0006545769283547997
Epoch 136 Relative Error 0.0006395577802322805
Epoch 137 Relative Error 0.0006364035652950406
Epoch 138 Relative Error 0.0006069904775358737
Epoch 139 Relative Error 0.0006640806677751243
Epoch 140 Relative Error 0.0005888550076633692
Epoch 141 Relative Error 0.0006073812255635858
Epoch 142 Relative Error 0.0005522227729670703
Epoch 143 Relative Error 0.0005707476520910859
Epoch 144 Relative Error 0.0005732239806093276
Epoch 145 Relative Error 0.0005360337090678513
Epoch 146 Relative Error 0.0005925048608332872
Epoch 147 Relative Error 0.0005903596756979823
Epoch 148 Relative Error 0.0005827848217450082
Epoch 149 Relative Error 0.000621158629655838
Epoch 150 Relative Error 0.0005498058744706213
Epoch 151 Relative Error 0.0005874165799468756
Epoch 152 Relative Error 0.0006062107859179378
Epoch 153 Relative Error 0.0005397212808020413
Epoch 154 Relative Error 0.0005719743203371763
Epoch 155 Relative Error 0.0005857805372215807
Epoch 156 Relative Error 0.0005658962763845921
Epoch 157 Relative Error 0.0006278356886468828
Epoch 158 Relative Error 0.0006054151454009116
Epoch 159 Relative Error 0.0005651741521432996
Epoch 160 Relative Error 0.0005755802267231047
Epoch 161 Relative Error 0.0005873272893950343
Epoch 162 Relative Error 0.0005587938940152526
Epoch 163 Relative Error 0.0006320186657831073
Epoch 164 Relative Error 0.0005999013665132225
Epoch 165 Relative Error 0.0006215459434315562
Epoch 166 Relative Error 0.0006054120603948832
Epoch 167 Relative Error 0.0005765559617429972
Epoch 168 Relative Error 0.0005505372537299991
Epoch 169 Relative Error 0.0005443754489533603
Epoch 170 Relative Error 0.0006262584356591105
Epoch 171 Relative Error 0.0005491300253197551
Epoch 172 Relative Error 0.0005463397246785462
Epoch 173 Relative Error 0.0005148941418156028
Epoch 174 Relative Error 0.0004778348084073514
Epoch 175 Relative Error 0.0005242421757429838
Epoch 176 Relative Error 0.0004932322772219777
Epoch 177 Relative Error 0.000468190701212734
Epoch 178 Relative Error 0.0005187244387343526
Epoch 179 Relative Error 0.0005201839958317578
Epoch 180 Relative Error 0.00045968126505613327
Epoch 181 Relative Error 0.00047794735291972756
Epoch 182 Relative Error 0.00046219106297940016
Epoch 183 Relative Error 0.00040499810711480677
Epoch 184 Relative Error 0.0004313753452152014
Epoch 185 Relative Error 0.00045097252586856484
Epoch 186 Relative Error 0.0004768121289089322
Epoch 187 Relative Error 0.00045467063318938017
Epoch 188 Relative Error 0.0004556413914542645
Epoch 189 Relative Error 0.0004488367703743279
Epoch 190 Relative Error 0.0004433715657796711
Epoch 191 Relative Error 0.00045082333963364363
Epoch 192 Relative Error 0.00041785117355175316
Epoch 193 Relative Error 0.00041381348273716867
Epoch 194 Relative Error 0.00043560925405472517
Epoch 195 Relative Error 0.000454101653303951
Epoch 196 Relative Error 0.0004538474604487419
Epoch 197 Relative Error 0.0004127640859223902
Epoch 198 Relative Error 0.0004726559272967279
Epoch 199 Relative Error 0.00043255736818537116
Epoch 200 Relative Error 0.0004478456103242934
Epoch 201 Relative Error 0.00046478191507048905
Epoch 202 Relative Error 0.000439078634371981
Epoch 203 Relative Error 0.0004296142142266035
Epoch 204 Relative Error 0.00040598816121928394
Epoch 205 Relative Error 0.00037896493449807167
Epoch 206 Relative Error 0.0003928490914404392
Epoch 207 Relative Error 0.000376614072592929
Epoch 208 Relative Error 0.000408481020713225
Epoch 209 Relative Error 0.00041649851482361555
Epoch 210 Relative Error 0.0004221693379804492
Epoch 211 Relative Error 0.0004401855985634029
Epoch 212 Relative Error 0.0004226075252518058
Epoch 213 Relative Error 0.0005105097079649568
Epoch 214 Relative Error 0.0005361299263313413
Epoch 215 Relative Error 0.0004345129709690809
Epoch 216 Relative Error 0.000439011724665761
Epoch 217 Relative Error 0.0004599016101565212
Epoch 218 Relative Error 0.0004397878365125507
Epoch 219 Relative Error 0.00042820427916012704
Epoch 220 Relative Error 0.0004406685766298324
Epoch 221 Relative Error 0.00040369812631979585
Epoch 222 Relative Error 0.000474022061098367
Epoch 223 Relative Error 0.0004854571889154613
Epoch 224 Relative Error 0.0005963890580460429
Epoch 225 Relative Error 0.0006611812277697027
Epoch 226 Relative Error 0.0007001557969488204
Epoch 227 Relative Error 0.0005297168390825391
Epoch 228 Relative Error 0.0005744817317463458
Epoch 229 Relative Error 0.0005573349772021174
Epoch 230 Relative Error 0.0005127362674102187
Epoch 231 Relative Error 0.0006201248615980148
Epoch 232 Relative Error 0.0007509104907512665
Epoch 233 Relative Error 0.0006097473669797182
Epoch 234 Relative Error 0.0007320827571675181
Epoch 235 Relative Error 0.0009029647335410118
Epoch 236 Relative Error 0.000754243228584528
Epoch 237 Relative Error 0.0006183638470247388
Epoch 238 Relative Error 0.0005691138212569058
Epoch 239 Relative Error 0.0005346055841073394
Epoch 240 Relative Error 0.0005323154618963599
Epoch 241 Relative Error 0.0006372015341185033
Epoch 242 Relative Error 0.0005690150428563356
Epoch 243 Relative Error 0.0005939838010817766
Epoch 244 Relative Error 0.0006490300293080509
Epoch 245 Relative Error 0.0009917216375470161
Epoch 246 Relative Error 0.000743464392144233
Epoch 247 Relative Error 0.0009707302669994533
Epoch 248 Relative Error 0.0009759138338267803
Epoch 249 Relative Error 0.0013357143616303802
Epoch 250 Relative Error 0.0015680205542594194
Epoch 251 Relative Error 0.001537621603347361
Epoch 252 Relative Error 0.0015063106548041105
Epoch 253 Relative Error 0.001150066265836358
Epoch 254 Relative Error 0.001362438197247684
Epoch 255 Relative Error 0.0013453020947054029
Epoch 256 Relative Error 0.0013305156026035547
Epoch 257 Relative Error 0.0014834448229521513
Epoch 258 Relative Error 0.0012946655042469501
Epoch 259 Relative Error 0.001889804727397859
Epoch 260 Relative Error 0.0022893485147506
Epoch 261 Relative Error 0.0027457380201667547
Epoch 262 Relative Error 0.0032302141189575195
Epoch 263 Relative Error 0.00473309401422739
Epoch 264 Relative Error 0.006480101030319929
Epoch 265 Relative Error 0.004570312798023224
Epoch 266 Relative Error 0.005167611874639988
Epoch 267 Relative Error 0.006321832071989775
Epoch 268 Relative Error 0.006613409146666527
Epoch 269 Relative Error 0.0082444678992033
Epoch 270 Relative Error 0.010437595658004284
Epoch 271 Relative Error 0.009428317658603191
Epoch 272 Relative Error 0.009517199359834194
Epoch 273 Relative Error 0.00803686585277319
Epoch 274 Relative Error 0.00820685550570488
Epoch 275 Relative Error 0.008334748446941376
Epoch 276 Relative Error 0.011588492430746555
Epoch 277 Relative Error 0.007903297431766987
Epoch 278 Relative Error 0.01007471140474081
Epoch 279 Relative Error 0.009920807555317879
Epoch 280 Relative Error 0.009797879494726658
Epoch 281 Relative Error 0.010163441300392151
Epoch 282 Relative Error 0.011022191494703293
Epoch 283 Relative Error 0.01385790016502142
Epoch 284 Relative Error 0.015005989000201225
Epoch 285 Relative Error 0.012303128838539124
Epoch 286 Relative Error 0.010284227319061756
Epoch 287 Relative Error 0.013164889998733997
Epoch 288 Relative Error 0.012023771181702614
Epoch 289 Relative Error 0.012484000995755196
Epoch 290 Relative Error 0.011024332605302334
Epoch 291 Relative Error 0.015143506228923798
Epoch 292 Relative Error 0.016340360045433044
Epoch 293 Relative Error 0.012047382071614265
Epoch 294 Relative Error 0.014851796440780163
Epoch 295 Relative Error 0.023045126348733902
Epoch 296 Relative Error 0.023926272988319397
Epoch 297 Relative Error 0.02004551887512207
Epoch 298 Relative Error 0.015754712745547295
Epoch 299 Relative Error 0.015622016973793507
Epoch 300 Relative Error 0.018647678196430206
Epoch 301 Relative Error 0.012683140113949776
Epoch 302 Relative Error 0.012574086897075176
Epoch 303 Relative Error 0.012587892822921276
Epoch 304 Relative Error 0.01943354494869709
Epoch 305 Relative Error 0.017484070733189583
Epoch 306 Relative Error 0.015418109484016895
Epoch 307 Relative Error 0.021687665954232216
Epoch 308 Relative Error 0.01969996467232704
Epoch 309 Relative Error 0.021300695836544037
Epoch 310 Relative Error 0.01755473203957081
Epoch 311 Relative Error 0.01688426546752453
Epoch 312 Relative Error 0.011094344779849052
Epoch 313 Relative Error 0.012502777390182018
Epoch 314 Relative Error 0.008752367459237576
Epoch 315 Relative Error 0.015278360806405544
Epoch 316 Relative Error 0.01319744810461998
Epoch 317 Relative Error 0.01885499805212021
Epoch 318 Relative Error 0.019783051684498787
Epoch 319 Relative Error 0.019900834187865257
Epoch 320 Relative Error 0.04999629408121109
Epoch 321 Relative Error 0.05521369352936745
Epoch 322 Relative Error 0.05487595498561859
Epoch 323 Relative Error 0.04262587055563927
Epoch 324 Relative Error 0.04980018734931946
Epoch 325 Relative Error 0.04349998012185097
Epoch 326 Relative Error 0.07980488985776901
Epoch 327 Relative Error 0.11206619441509247
Epoch 328 Relative Error 0.10416050255298615
Epoch 329 Relative Error 0.09485512971878052
Epoch 330 Relative Error 0.11938786506652832
Epoch 331 Relative Error 0.09807498008012772
Epoch 332 Relative Error 0.0788111612200737
Epoch 333 Relative Error 0.07711013406515121
Epoch 334 Relative Error 0.08721251785755157
Epoch 335 Relative Error 0.08225694298744202
Epoch 336 Relative Error 0.05610450357198715
Epoch 337 Relative Error 0.06368234008550644
Epoch 338 Relative Error 0.07908837497234344
Epoch 339 Relative Error 0.08982495963573456
Epoch 340 Relative Error 0.08941037207841873
Epoch 341 Relative Error 0.08534160256385803
Epoch 342 Relative Error 0.08599016070365906
Epoch 343 Relative Error 0.09550586342811584
Epoch 344 Relative Error 0.1041218489408493
Epoch 345 Relative Error 0.08815056830644608
Epoch 346 Relative Error 0.14246761798858643
Epoch 347 Relative Error 0.1338239163160324
Epoch 348 Relative Error 0.11258063465356827
Epoch 349 Relative Error 0.10144665092229843
Epoch 350 Relative Error 0.09835467487573624
Epoch 351 Relative Error 0.08532167971134186
Epoch 352 Relative Error 0.09386395663022995
Epoch 353 Relative Error 0.08465862274169922
Epoch 354 Relative Error 0.07239539921283722
Epoch 355 Relative Error 0.05203346908092499
Epoch 356 Relative Error 0.07081321626901627
Epoch 357 Relative Error 0.07174453139305115
Epoch 358 Relative Error 0.05958192050457001
Epoch 359 Relative Error 0.06995338201522827
Epoch 360 Relative Error 0.06465316563844681
Epoch 361 Relative Error 0.06147036328911781
Epoch 362 Relative Error 0.05592615529894829
Epoch 363 Relative Error 0.06566736847162247
Epoch 364 Relative Error 0.05712348222732544
Epoch 365 Relative Error 0.07665182650089264
Epoch 366 Relative Error 0.06291914731264114
Epoch 367 Relative Error 0.05563032254576683
Epoch 368 Relative Error 0.0871003270149231
Epoch 369 Relative Error 0.06848931312561035
Epoch 370 Relative Error 0.06408914178609848
Epoch 371 Relative Error 0.08155657351016998
Epoch 372 Relative Error 0.07284358888864517
Epoch 373 Relative Error 0.0529937669634819
Epoch 374 Relative Error 0.04850869998335838
Epoch 375 Relative Error 0.05442347750067711
Epoch 376 Relative Error 0.04891122132539749
Epoch 377 Relative Error 0.04060862213373184
Epoch 378 Relative Error 0.029218075796961784
Epoch 379 Relative Error 0.04068683087825775
Epoch 380 Relative Error 0.036643389612436295
Epoch 381 Relative Error 0.03841712698340416
Epoch 382 Relative Error 0.04627620801329613
Epoch 383 Relative Error 0.03978682681918144
Epoch 384 Relative Error 0.044367656111717224
Epoch 385 Relative Error 0.047452058643102646
Epoch 386 Relative Error 0.052581388503313065
Epoch 387 Relative Error 0.04435189440846443
Epoch 388 Relative Error 0.046281833201646805
Epoch 389 Relative Error 0.05449429154396057
Epoch 390 Relative Error 0.052977852523326874
Epoch 391 Relative Error 0.060978420078754425
Epoch 392 Relative Error 0.05545331910252571
Epoch 393 Relative Error 0.057060644030570984
Epoch 394 Relative Error 0.0760062113404274
Epoch 395 Relative Error 0.08845153450965881
Epoch 396 Relative Error 0.09848088026046753
Epoch 397 Relative Error 0.10133340209722519
Epoch 398 Relative Error 0.0736035704612732
Epoch 399 Relative Error 0.07727959007024765
Epoch 400 Relative Error 0.07802380621433258
Epoch 401 Relative Error 0.08166730403900146
Epoch 402 Relative Error 0.0619828961789608
Epoch 403 Relative Error 0.06288324296474457
Epoch 404 Relative Error 0.05252920463681221
Epoch 405 Relative Error 0.05896501988172531
Epoch 406 Relative Error 0.06583968549966812
Epoch 407 Relative Error 0.054239705204963684
Epoch 408 Relative Error 0.06251940131187439
Epoch 409 Relative Error 0.05935405567288399
Epoch 410 Relative Error 0.06142229214310646
Epoch 411 Relative Error 0.06229672580957413
Epoch 412 Relative Error 0.039906300604343414
Epoch 413 Relative Error 0.0388590469956398
Epoch 414 Relative Error 0.04498305916786194
Epoch 415 Relative Error 0.037873849272727966
Epoch 416 Relative Error 0.030101900920271873
Epoch 417 Relative Error 0.030209043994545937
Epoch 418 Relative Error 0.03570268675684929
Epoch 419 Relative Error 0.03996701538562775
Epoch 420 Relative Error 0.04877009987831116
Epoch 421 Relative Error 0.04634565860033035
Epoch 422 Relative Error 0.042972858995199203
Epoch 423 Relative Error 0.04404347017407417
Epoch 424 Relative Error 0.04295378923416138
Epoch 425 Relative Error 0.0367673821747303
Epoch 426 Relative Error 0.03295958414673805
Epoch 427 Relative Error 0.03237035125494003
Epoch 428 Relative Error 0.03148436173796654
Epoch 429 Relative Error 0.02584097534418106
Epoch 430 Relative Error 0.026293084025382996
Epoch 431 Relative Error 0.038222797214984894
Epoch 432 Relative Error 0.034407373517751694
Epoch 433 Relative Error 0.028004946187138557
Epoch 434 Relative Error 0.03474799171090126
Epoch 435 Relative Error 0.04431389644742012
Epoch 436 Relative Error 0.038949619978666306
Epoch 437 Relative Error 0.04067516326904297
Epoch 438 Relative Error 0.038400448858737946
Epoch 439 Relative Error 0.03450920060276985
Epoch 440 Relative Error 0.030322153121232986
Epoch 441 Relative Error 0.031545188277959824
Epoch 442 Relative Error 0.02535988949239254
Epoch 443 Relative Error 0.020871829241514206
Epoch 444 Relative Error 0.02430855855345726
Epoch 445 Relative Error 0.02078767865896225
Epoch 446 Relative Error 0.027732178568840027
Epoch 447 Relative Error 0.02642914652824402
Epoch 448 Relative Error 0.026462508365511894
Epoch 449 Relative Error 0.02366640605032444
Epoch 450 Relative Error 0.025850823149085045
Epoch 451 Relative Error 0.029358521103858948
Epoch 452 Relative Error 0.031752537935972214
Epoch 453 Relative Error 0.029359057545661926
Epoch 454 Relative Error 0.03345530852675438
Epoch 455 Relative Error 0.021585499867796898
Epoch 456 Relative Error 0.025260990485548973
Epoch 457 Relative Error 0.017397375777363777
Epoch 458 Relative Error 0.01907694712281227
Epoch 459 Relative Error 0.017964964732527733
Epoch 460 Relative Error 0.017391184344887733
Epoch 461 Relative Error 0.015696819871664047
Epoch 462 Relative Error 0.012095408514142036
Epoch 463 Relative Error 0.01366449985653162
Epoch 464 Relative Error 0.016708649694919586
Epoch 465 Relative Error 0.01473416481167078
Epoch 466 Relative Error 0.013551385141909122
Epoch 467 Relative Error 0.01344207488000393
Epoch 468 Relative Error 0.011788271367549896
Epoch 469 Relative Error 0.010343464091420174
Epoch 470 Relative Error 0.01019525807350874
Epoch 471 Relative Error 0.009912757202982903
Epoch 472 Relative Error 0.013236334547400475
Epoch 473 Relative Error 0.010386697947978973
Epoch 474 Relative Error 0.013390309177339077
Epoch 475 Relative Error 0.011948245577514172
Epoch 476 Relative Error 0.010537417605519295
Epoch 477 Relative Error 0.009563065133988857
Epoch 478 Relative Error 0.011825636960566044
Epoch 479 Relative Error 0.010939624160528183
Epoch 480 Relative Error 0.007981174625456333
Epoch 481 Relative Error 0.008549720980226994
Epoch 482 Relative Error 0.008097650483250618
Epoch 483 Relative Error 0.007374633569270372
Epoch 484 Relative Error 0.0056503587402403355
Epoch 485 Relative Error 0.005434781312942505
Epoch 486 Relative Error 0.005477501545101404
Epoch 487 Relative Error 0.006737106945365667
Epoch 488 Relative Error 0.005617835093289614
Epoch 489 Relative Error 0.005883301142603159
Epoch 490 Relative Error 0.004968375898897648
Epoch 491 Relative Error 0.005566831678152084
Epoch 492 Relative Error 0.0064947837963700294
Epoch 493 Relative Error 0.007725114934146404
Epoch 494 Relative Error 0.006125642918050289
Epoch 495 Relative Error 0.006680785678327084
Epoch 496 Relative Error 0.006264849565923214
Epoch 497 Relative Error 0.006050158757716417
Epoch 498 Relative Error 0.005782023072242737
Epoch 499 Relative Error 0.006411971990019083
Epoch 500 Relative Error 0.005747796501964331
Epoch 501 Relative Error 0.00705154100432992
Epoch 502 Relative Error 0.006451614201068878
Epoch 503 Relative Error 0.005809488706290722
Epoch 504 Relative Error 0.007298694457858801
Epoch 505 Relative Error 0.0055070421658456326
Epoch 506 Relative Error 0.0051977504044771194
Epoch 507 Relative Error 0.004270331002771854
Epoch 508 Relative Error 0.0046771797351539135
Epoch 509 Relative Error 0.004413423594087362
Epoch 510 Relative Error 0.005105473566800356
Epoch 511 Relative Error 0.004989237990230322
Epoch 512 Relative Error 0.004377084318548441
Epoch 513 Relative Error 0.004796946886926889
Epoch 514 Relative Error 0.004278409294784069
Epoch 515 Relative Error 0.005884354002773762
Epoch 516 Relative Error 0.005552185233682394
Epoch 517 Relative Error 0.00595039501786232
Epoch 518 Relative Error 0.006366224493831396
Epoch 519 Relative Error 0.00584324449300766
Epoch 520 Relative Error 0.007162672467529774
Epoch 521 Relative Error 0.0065128616988658905
Epoch 522 Relative Error 0.007104053162038326
Epoch 523 Relative Error 0.00804896280169487
Epoch 524 Relative Error 0.009102600626647472
Epoch 525 Relative Error 0.008658709935843945
Epoch 526 Relative Error 0.006413822527974844
Epoch 527 Relative Error 0.007366813253611326
Epoch 528 Relative Error 0.007860652171075344
Epoch 529 Relative Error 0.009352339431643486
Epoch 530 Relative Error 0.010128502734005451
Epoch 531 Relative Error 0.01268775574862957
Epoch 532 Relative Error 0.024511100724339485
Epoch 533 Relative Error 0.023977888748049736
Epoch 534 Relative Error 0.024448057636618614
Epoch 535 Relative Error 0.030358364805579185
Epoch 536 Relative Error 0.025744421407580376
Epoch 537 Relative Error 0.02213429845869541
Epoch 538 Relative Error 0.021342111751437187
Epoch 539 Relative Error 0.02305990643799305
Epoch 540 Relative Error 0.030131733044981956
Epoch 541 Relative Error 0.02606579102575779
Epoch 542 Relative Error 0.02403046190738678
Epoch 543 Relative Error 0.02075853943824768
Epoch 544 Relative Error 0.024380385875701904
Epoch 545 Relative Error 0.029876168817281723
Epoch 546 Relative Error 0.03844812139868736
Epoch 547 Relative Error 0.02313453145325184
Epoch 548 Relative Error 0.026496650651097298
Epoch 549 Relative Error 0.027258090674877167
Epoch 550 Relative Error 0.03008868545293808
Epoch 551 Relative Error 0.02820517122745514
Epoch 552 Relative Error 0.03076687641441822
Epoch 553 Relative Error 0.022447895258665085
Epoch 554 Relative Error 0.02932596765458584
Epoch 555 Relative Error 0.03343077003955841
Epoch 556 Relative Error 0.024734562262892723
Epoch 557 Relative Error 0.028251484036445618
Epoch 558 Relative Error 0.0352855920791626
Epoch 559 Relative Error 0.0272525604814291
Epoch 560 Relative Error 0.026555821299552917
Epoch 561 Relative Error 0.024160904809832573
Epoch 562 Relative Error 0.024622930213809013
Epoch 563 Relative Error 0.03431781381368637
Epoch 564 Relative Error 0.033271752297878265
Epoch 565 Relative Error 0.026397043839097023
Epoch 566 Relative Error 0.027000216767191887
Epoch 567 Relative Error 0.028697790578007698
Epoch 568 Relative Error 0.02556040696799755
Epoch 569 Relative Error 0.02490464597940445
Epoch 570 Relative Error 0.041978687047958374
Epoch 571 Relative Error 0.03925129026174545
Epoch 572 Relative Error 0.028860170394182205
Epoch 573 Relative Error 0.028946872800588608
Epoch 574 Relative Error 0.031772859394550323
Epoch 575 Relative Error 0.030402321368455887
Epoch 576 Relative Error 0.02599507011473179
Epoch 577 Relative Error 0.026524726301431656
Epoch 578 Relative Error 0.023728637024760246
Epoch 579 Relative Error 0.031094912439584732
Epoch 580 Relative Error 0.034190498292446136
Epoch 581 Relative Error 0.03163902088999748
Epoch 582 Relative Error 0.030960742384195328
Epoch 583 Relative Error 0.03758561238646507
Epoch 584 Relative Error 0.052051346749067307
Epoch 585 Relative Error 0.04129651188850403
Epoch 586 Relative Error 0.037340883165597916
Epoch 587 Relative Error 0.036342110484838486
Epoch 588 Relative Error 0.035713713616132736
Epoch 589 Relative Error 0.030472761020064354
Epoch 590 Relative Error 0.03192819654941559
Epoch 591 Relative Error 0.045939020812511444
Epoch 592 Relative Error 0.035139553248882294
Epoch 593 Relative Error 0.03809446096420288
Epoch 594 Relative Error 0.035687148571014404
Epoch 595 Relative Error 0.04193955287337303
Epoch 596 Relative Error 0.040017757564783096
Epoch 597 Relative Error 0.04030454903841019
Epoch 598 Relative Error 0.03254322335124016
Epoch 599 Relative Error 0.03632373362779617
Epoch 600 Relative Error 0.035391952842473984
Epoch 601 Relative Error 0.050128355622291565
Epoch 602 Relative Error 0.04323793947696686
Epoch 603 Relative Error 0.043641943484544754
Epoch 604 Relative Error 0.05178258940577507
Epoch 605 Relative Error 0.034693554043769836
Epoch 606 Relative Error 0.03396055847406387
Epoch 607 Relative Error 0.03021886572241783
Epoch 608 Relative Error 0.027998900040984154
Epoch 609 Relative Error 0.02568211778998375
Epoch 610 Relative Error 0.027879267930984497
Epoch 611 Relative Error 0.020059000700712204
Epoch 612 Relative Error 0.01904936134815216
Epoch 613 Relative Error 0.01831641234457493
Epoch 614 Relative Error 0.020270682871341705
Epoch 615 Relative Error 0.01968865655362606
Epoch 616 Relative Error 0.02403811737895012
Epoch 617 Relative Error 0.019610559567809105
Epoch 618 Relative Error 0.021473528817296028
Epoch 619 Relative Error 0.02236938290297985
Epoch 620 Relative Error 0.030688440427184105
Epoch 621 Relative Error 0.02362496219575405
Epoch 622 Relative Error 0.02983884885907173
Epoch 623 Relative Error 0.023583659902215004
Epoch 624 Relative Error 0.028521452099084854
Epoch 625 Relative Error 0.028202934190630913
Epoch 626 Relative Error 0.029538845643401146
Epoch 627 Relative Error 0.03239300847053528
Epoch 628 Relative Error 0.030350513756275177
Epoch 629 Relative Error 0.046192675828933716
Epoch 630 Relative Error 0.040264904499053955
Epoch 631 Relative Error 0.03848952427506447
Epoch 632 Relative Error 0.03279665857553482
Epoch 633 Relative Error 0.056455161422491074
Epoch 634 Relative Error 0.049609243869781494
Epoch 635 Relative Error 0.03771592676639557
Epoch 636 Relative Error 0.0434727817773819
Epoch 637 Relative Error 0.07912559062242508
Epoch 638 Relative Error 0.06769436597824097
Epoch 639 Relative Error 0.06362950056791306
Epoch 640 Relative Error 0.060390591621398926
Epoch 641 Relative Error 0.07191780209541321
Epoch 642 Relative Error 0.0646611675620079
Epoch 643 Relative Error 0.06826616823673248
Epoch 644 Relative Error 0.06354554742574692
Epoch 645 Relative Error 0.05821320042014122
Epoch 646 Relative Error 0.06997035443782806
Epoch 647 Relative Error 0.08079434931278229
Epoch 648 Relative Error 0.07484084367752075
Epoch 649 Relative Error 0.1045667827129364
Epoch 650 Relative Error 0.1008954793214798
Epoch 651 Relative Error 0.11185530573129654
Epoch 652 Relative Error 0.07671073079109192
Epoch 653 Relative Error 0.08067619800567627
Epoch 654 Relative Error 0.12218710035085678
Epoch 655 Relative Error 0.11663352698087692
Epoch 656 Relative Error 0.10551735758781433
Epoch 657 Relative Error 0.1186140924692154
Epoch 658 Relative Error 0.11100757122039795
Epoch 659 Relative Error 0.12921775877475739
Epoch 660 Relative Error 0.103653684258461
Epoch 661 Relative Error 0.0939202532172203
Epoch 662 Relative Error 0.08795972168445587
Epoch 663 Relative Error 0.08740709722042084
Epoch 664 Relative Error 0.09406094253063202
Epoch 665 Relative Error 0.08755294978618622
Epoch 666 Relative Error 0.07628294080495834
Epoch 667 Relative Error 0.07307993620634079
Epoch 668 Relative Error 0.07008688151836395
Epoch 669 Relative Error 0.06040481850504875
Epoch 670 Relative Error 0.047498032450675964
Epoch 671 Relative Error 0.047278162091970444
Epoch 672 Relative Error 0.04632337763905525
Epoch 673 Relative Error 0.0473087877035141
Epoch 674 Relative Error 0.03911542147397995
Epoch 675 Relative Error 0.052678607404232025
Epoch 676 Relative Error 0.04625345394015312
Epoch 677 Relative Error 0.04458161070942879
Epoch 678 Relative Error 0.035537004470825195
Epoch 679 Relative Error 0.04440398886799812
Epoch 680 Relative Error 0.042603522539138794
Epoch 681 Relative Error 0.03636571392416954
Epoch 682 Relative Error 0.0358499139547348
Epoch 683 Relative Error 0.042456917464733124
Epoch 684 Relative Error 0.04364568367600441
Epoch 685 Relative Error 0.042635660618543625
Epoch 686 Relative Error 0.038587454706430435
Epoch 687 Relative Error 0.035187236964702606
Epoch 688 Relative Error 0.02928805910050869
Epoch 689 Relative Error 0.03168264403939247
Epoch 690 Relative Error 0.026207802817225456
Epoch 691 Relative Error 0.02360536903142929
Epoch 692 Relative Error 0.022445961833000183
Epoch 693 Relative Error 0.01887265406548977
Epoch 694 Relative Error 0.02056548371911049
Epoch 695 Relative Error 0.021277185529470444
Epoch 696 Relative Error 0.02302919141948223
Epoch 697 Relative Error 0.018994692713022232
Epoch 698 Relative Error 0.019382460042834282
Epoch 699 Relative Error 0.017407137900590897
Epoch 700 Relative Error 0.0152670843526721
Epoch 701 Relative Error 0.01485433615744114
Epoch 702 Relative Error 0.01571320928633213
Epoch 703 Relative Error 0.018425865098834038
Epoch 704 Relative Error 0.0152431083843112
Epoch 705 Relative Error 0.02022240124642849
Epoch 706 Relative Error 0.012713989242911339
Epoch 707 Relative Error 0.011355577036738396
Epoch 708 Relative Error 0.010460631921887398
Epoch 709 Relative Error 0.01088946033269167
Epoch 710 Relative Error 0.009240315295755863
Epoch 711 Relative Error 0.01075126975774765
Epoch 712 Relative Error 0.008023476228117943
Epoch 713 Relative Error 0.008659237995743752
Epoch 714 Relative Error 0.0075484043918550014
Epoch 715 Relative Error 0.007283872924745083
Epoch 716 Relative Error 0.008369125425815582
Epoch 717 Relative Error 0.010523034259676933
Epoch 718 Relative Error 0.007697803899645805
Epoch 719 Relative Error 0.00650180084630847
Epoch 720 Relative Error 0.006490686442703009
Epoch 721 Relative Error 0.005656291265040636
Epoch 722 Relative Error 0.005156460218131542
Epoch 723 Relative Error 0.004635501187294722
Epoch 724 Relative Error 0.0037401497829705477
Epoch 725 Relative Error 0.004098311997950077
Epoch 726 Relative Error 0.0031820465810596943
Epoch 727 Relative Error 0.003505607135593891
Epoch 728 Relative Error 0.0033115155529230833
Epoch 729 Relative Error 0.003725182730704546
Epoch 730 Relative Error 0.00368666579015553
Epoch 731 Relative Error 0.0034211159218102694
Epoch 732 Relative Error 0.002976159332320094
Epoch 733 Relative Error 0.0030335676856338978
Epoch 734 Relative Error 0.0026625522878021
Epoch 735 Relative Error 0.0028959596529603004
Epoch 736 Relative Error 0.002959727542474866
Epoch 737 Relative Error 0.002724705496802926
Epoch 738 Relative Error 0.00204684236086905
Epoch 739 Relative Error 0.0019105920800939202
Epoch 740 Relative Error 0.0018321857787668705
Epoch 741 Relative Error 0.001794669427908957
Epoch 742 Relative Error 0.0016337092965841293
Epoch 743 Relative Error 0.001949078170582652
Epoch 744 Relative Error 0.00224309298209846
Epoch 745 Relative Error 0.001514471136033535
Epoch 746 Relative Error 0.0017497290391474962
Epoch 747 Relative Error 0.0017155006062239408
Epoch 748 Relative Error 0.0014341305941343307
Epoch 749 Relative Error 0.0014863142278045416
Epoch 750 Relative Error 0.0018095053965225816
Epoch 751 Relative Error 0.00158284034114331
Epoch 752 Relative Error 0.0019465842051431537
Epoch 753 Relative Error 0.002103000646457076
Epoch 754 Relative Error 0.002201834926381707
Epoch 755 Relative Error 0.002270614495500922
Epoch 756 Relative Error 0.001976234372705221
Epoch 757 Relative Error 0.0017628127243369818
Epoch 758 Relative Error 0.0017266263021156192
Epoch 759 Relative Error 0.0016341825248673558
Epoch 760 Relative Error 0.0016445816727355123
Epoch 761 Relative Error 0.0018842394929379225
Epoch 762 Relative Error 0.001335282577201724
Epoch 763 Relative Error 0.00171289115678519
Epoch 764 Relative Error 0.0026611792854964733
Epoch 765 Relative Error 0.0020401570945978165
Epoch 766 Relative Error 0.0018650295678526163
Epoch 767 Relative Error 0.0025423753540962934
Epoch 768 Relative Error 0.0019096112810075283
Epoch 769 Relative Error 0.001925134565681219
Epoch 770 Relative Error 0.0021425196900963783
Epoch 771 Relative Error 0.001923822914250195
Epoch 772 Relative Error 0.0022499174810945988
Epoch 773 Relative Error 0.002020800020545721
Epoch 774 Relative Error 0.0017359228804707527
Epoch 775 Relative Error 0.0014201116282492876
Epoch 776 Relative Error 0.001463159453123808
Epoch 777 Relative Error 0.0013004919746890664
Epoch 778 Relative Error 0.0015546130016446114
Epoch 779 Relative Error 0.0018124827183783054
Epoch 780 Relative Error 0.0020073687192052603
Epoch 781 Relative Error 0.0016469178954139352
Epoch 782 Relative Error 0.0016863638302311301
Epoch 783 Relative Error 0.001958349021151662
Epoch 784 Relative Error 0.0023303001653403044
Epoch 785 Relative Error 0.0023245508782565594
Epoch 786 Relative Error 0.0023306775838136673
Epoch 787 Relative Error 0.0023080045357346535
Epoch 788 Relative Error 0.0019032093696296215
Epoch 789 Relative Error 0.0018655476160347462
Epoch 790 Relative Error 0.0021018811967223883
Epoch 791 Relative Error 0.0018112402176484466
Epoch 792 Relative Error 0.0014632928650826216
Epoch 793 Relative Error 0.0013217063387855887
Epoch 794 Relative Error 0.0011380917858332396
Epoch 795 Relative Error 0.0013750633224844933
Epoch 796 Relative Error 0.001285235513933003
Epoch 797 Relative Error 0.001275298767723143
Epoch 798 Relative Error 0.0012190549168735743
Epoch 799 Relative Error 0.0011200710432603955
Epoch 800 Relative Error 0.0012031277874484658
Epoch 801 Relative Error 0.0010640338296070695
Epoch 802 Relative Error 0.0014554877998307347
Epoch 803 Relative Error 0.0010040514171123505
Epoch 804 Relative Error 0.0012071195524185896
Epoch 805 Relative Error 0.0014363545924425125
Epoch 806 Relative Error 0.0011251651449128985
Epoch 807 Relative Error 0.0010677193058654666
Epoch 808 Relative Error 0.0012778299860656261
Epoch 809 Relative Error 0.0013259944971650839
Epoch 810 Relative Error 0.0014192565577104688
Epoch 811 Relative Error 0.0012722137616947293
Epoch 812 Relative Error 0.001399808214046061
Epoch 813 Relative Error 0.0012923481408506632
Epoch 814 Relative Error 0.0015165454242378473
Epoch 815 Relative Error 0.002003357745707035
Epoch 816 Relative Error 0.0012400420382618904
Epoch 817 Relative Error 0.001627863384783268
Epoch 818 Relative Error 0.0014483170816674829
Epoch 819 Relative Error 0.0014476178912445903
Epoch 820 Relative Error 0.0013575628399848938
Epoch 821 Relative Error 0.0015264259418472648
Epoch 822 Relative Error 0.0015181637136265635
Epoch 823 Relative Error 0.001965510193258524
Epoch 824 Relative Error 0.0018395434599369764
Epoch 825 Relative Error 0.0014933607308194041
Epoch 826 Relative Error 0.0020310471300035715
Epoch 827 Relative Error 0.0022981923539191484
Epoch 828 Relative Error 0.0020050215534865856
Epoch 829 Relative Error 0.0020024850964546204
Epoch 830 Relative Error 0.0016885623335838318
Epoch 831 Relative Error 0.0020125717855989933
Epoch 832 Relative Error 0.0022182557731866837
Epoch 833 Relative Error 0.0019300415879115462
Epoch 834 Relative Error 0.0021885221358388662
Epoch 835 Relative Error 0.001941228867508471
Epoch 836 Relative Error 0.0019603720866143703
Epoch 837 Relative Error 0.002317772014066577
Epoch 838 Relative Error 0.0026916982606053352
Epoch 839 Relative Error 0.002257736399769783
Epoch 840 Relative Error 0.0021375666838139296
Epoch 841 Relative Error 0.0027312578167766333
Epoch 842 Relative Error 0.0017917170189321041
Epoch 843 Relative Error 0.0019382882164791226
Epoch 844 Relative Error 0.0022689851466566324
Epoch 845 Relative Error 0.0015116565627977252
Epoch 846 Relative Error 0.0019525419920682907
Epoch 847 Relative Error 0.0017096236115321517
Epoch 848 Relative Error 0.0013282212894409895
Epoch 849 Relative Error 0.0016898141475394368
Epoch 850 Relative Error 0.0014032123144716024
Epoch 851 Relative Error 0.0012061238521710038
Epoch 852 Relative Error 0.0011297754244878888
Epoch 853 Relative Error 0.0012090023374184966
Epoch 854 Relative Error 0.0012248631101101637
Epoch 855 Relative Error 0.00109663768671453
Epoch 856 Relative Error 0.0013572527095675468
Epoch 857 Relative Error 0.0013163283001631498
Epoch 858 Relative Error 0.0024143559858202934
Epoch 859 Relative Error 0.0022005094215273857
Epoch 860 Relative Error 0.0018252506852149963
Epoch 861 Relative Error 0.0029537228401750326
Epoch 862 Relative Error 0.003188374685123563
Epoch 863 Relative Error 0.0029281554743647575
Epoch 864 Relative Error 0.004408264998346567
Epoch 865 Relative Error 0.004323246888816357
Epoch 866 Relative Error 0.005918711423873901
Epoch 867 Relative Error 0.008088388480246067
Epoch 868 Relative Error 0.005957575514912605
Epoch 869 Relative Error 0.006647603586316109
Epoch 870 Relative Error 0.007731754332780838
Epoch 871 Relative Error 0.006149517837911844
Epoch 872 Relative Error 0.006550704129040241
Epoch 873 Relative Error 0.008173339068889618
Epoch 874 Relative Error 0.006886035669595003
Epoch 875 Relative Error 0.005494574084877968
Epoch 876 Relative Error 0.0062369005754590034
Epoch 877 Relative Error 0.008159766905009747
Epoch 878 Relative Error 0.005530470982193947
Epoch 879 Relative Error 0.007033723872154951
Epoch 880 Relative Error 0.006921477150171995
Epoch 881 Relative Error 0.005919936578720808
Epoch 882 Relative Error 0.0044874390587210655
Epoch 883 Relative Error 0.0036880564875900745
Epoch 884 Relative Error 0.003089082194492221
Epoch 885 Relative Error 0.003071072045713663
Epoch 886 Relative Error 0.002842233283445239
Epoch 887 Relative Error 0.00251176324672997
Epoch 888 Relative Error 0.0019052440766245127
Epoch 889 Relative Error 0.002405831590294838
Epoch 890 Relative Error 0.002844723407179117
Epoch 891 Relative Error 0.002914335811510682
Epoch 892 Relative Error 0.0029026612173765898
Epoch 893 Relative Error 0.003124187933281064
Epoch 894 Relative Error 0.0030284826643764973
Epoch 895 Relative Error 0.0025162312667816877
Epoch 896 Relative Error 0.002447793260216713
Epoch 897 Relative Error 0.0026247291825711727
Epoch 898 Relative Error 0.001851694192737341
Epoch 899 Relative Error 0.0020826293621212244
Epoch 900 Relative Error 0.0036955492105334997
Epoch 901 Relative Error 0.003340083407238126
Epoch 902 Relative Error 0.003495082724839449
Epoch 903 Relative Error 0.0026797885075211525
Epoch 904 Relative Error 0.002837051870301366
Epoch 905 Relative Error 0.003952427767217159
Epoch 906 Relative Error 0.002737113507464528
Epoch 907 Relative Error 0.0033117574639618397
Epoch 908 Relative Error 0.0025638891384005547
Epoch 909 Relative Error 0.0025180517695844173
Epoch 910 Relative Error 0.0021003764122724533
Epoch 911 Relative Error 0.0025191823951900005
Epoch 912 Relative Error 0.002687460510060191
Epoch 913 Relative Error 0.003602659096941352
Epoch 914 Relative Error 0.004359413404017687
Epoch 915 Relative Error 0.0027237015310674906
Epoch 916 Relative Error 0.003606432816013694
Epoch 917 Relative Error 0.0028800643049180508
Epoch 918 Relative Error 0.0022284940350800753
Epoch 919 Relative Error 0.0025193102192133665
Epoch 920 Relative Error 0.002270642202347517
Epoch 921 Relative Error 0.0018071786034852266
Epoch 922 Relative Error 0.0016102954978123307
Epoch 923 Relative Error 0.001826803432777524
Epoch 924 Relative Error 0.002130970824509859
Epoch 925 Relative Error 0.0015546217327937484
Epoch 926 Relative Error 0.0019219020614400506
Epoch 927 Relative Error 0.001598503440618515
Epoch 928 Relative Error 0.0017876352649182081
Epoch 929 Relative Error 0.001720793079584837
Epoch 930 Relative Error 0.0016290044877678156
Epoch 931 Relative Error 0.0020778169855475426
Epoch 932 Relative Error 0.0017500028479844332
Epoch 933 Relative Error 0.0018083518370985985
Epoch 934 Relative Error 0.0015531620010733604
Epoch 935 Relative Error 0.0017484709387645125
Epoch 936 Relative Error 0.0014063698472455144
Epoch 937 Relative Error 0.0013439822942018509
Epoch 938 Relative Error 0.0013674709480255842
Epoch 939 Relative Error 0.0014857061905786395
Epoch 940 Relative Error 0.0011653837282210588
Epoch 941 Relative Error 0.0014579020207747817
Epoch 942 Relative Error 0.0015177340246737003
Epoch 943 Relative Error 0.0015158477472141385
Epoch 944 Relative Error 0.0016543541569262743
Epoch 945 Relative Error 0.0015567223308607936
Epoch 946 Relative Error 0.0018835256341844797
Epoch 947 Relative Error 0.0014416213380172849
Epoch 948 Relative Error 0.0015046781627461314
Epoch 949 Relative Error 0.0014885608106851578
Epoch 950 Relative Error 0.0017422190867364407
Epoch 951 Relative Error 0.0019296110840514302
Epoch 952 Relative Error 0.0020695633720606565
Epoch 953 Relative Error 0.0019333739764988422
Epoch 954 Relative Error 0.001606590230949223
Epoch 955 Relative Error 0.0015485656913369894
Epoch 956 Relative Error 0.0016831199172884226
Epoch 957 Relative Error 0.0016542075900360942
Epoch 958 Relative Error 0.0016399986343458295
Epoch 959 Relative Error 0.001414826256223023
Epoch 960 Relative Error 0.0013191306497901678
Epoch 961 Relative Error 0.0014234608970582485
Epoch 962 Relative Error 0.0013404445489868522
Epoch 963 Relative Error 0.0012438073754310608
Epoch 964 Relative Error 0.0012868997873738408
Epoch 965 Relative Error 0.0011333983857184649
Epoch 966 Relative Error 0.0013334007235243917
Epoch 967 Relative Error 0.001291539054363966
Epoch 968 Relative Error 0.0013787636999040842
Epoch 969 Relative Error 0.001409445540048182
Epoch 970 Relative Error 0.001383494702167809
Epoch 971 Relative Error 0.0014537711394950747
Epoch 972 Relative Error 0.0015415721572935581
Epoch 973 Relative Error 0.001101765432395041
Epoch 974 Relative Error 0.0012829962652176619
Epoch 975 Relative Error 0.0010764595353975892
Epoch 976 Relative Error 0.0010459020268172026
Epoch 977 Relative Error 0.0009782641427591443
Epoch 978 Relative Error 0.00089186558034271
Epoch 979 Relative Error 0.0008186101913452148
Epoch 980 Relative Error 0.0009826254099607468
Epoch 981 Relative Error 0.0007558781071566045
Epoch 982 Relative Error 0.000812257407233119
Epoch 983 Relative Error 0.0006295643397606909
Epoch 984 Relative Error 0.0006903756875544786
Epoch 985 Relative Error 0.0007504953537136316
Epoch 986 Relative Error 0.0006490956875495613
Epoch 987 Relative Error 0.000676377268973738
Epoch 988 Relative Error 0.0007063648663461208
Epoch 989 Relative Error 0.0007155109196901321
Epoch 990 Relative Error 0.0005571720539592206
Epoch 991 Relative Error 0.0006014239625073969
Epoch 992 Relative Error 0.0004687983891926706
Epoch 993 Relative Error 0.00045757455518469214
Epoch 994 Relative Error 0.00048424318083561957
Epoch 995 Relative Error 0.0005106378230266273
Epoch 996 Relative Error 0.0005322581273503602
Epoch 997 Relative Error 0.000645602063741535
Epoch 998 Relative Error 0.0006702817045152187
Epoch 999 Relative Error 0.0006392342038452625
Epoch 1000 Relative Error 0.000775540538597852
RE (1, 3, 9, 0): 0.000376614072592929
Green's Function RE (1, 3, 9, 0): 0.19285425543785095
Bias Term RE (1, 3, 9, 0): 0.10890921950340271
Combination (1, 3, 9, 0, 0): 0.18024268746376038
Combination (1, 3, 9, 0, 1): 0.180382639169693
Combination (1, 3, 9, 0, 2): 0.18042975664138794
Combination (1, 3, 9, 0, 3): 0.18044449388980865
Combination (1, 3, 9, 0, 4): 0.18045172095298767

/home/gridsan/gstepaniants/.local/lib/python3.8/site-packages/torch/functional.py:478: UserWarning: torch.meshgrid: in an upcoming release, it will be required to pass the indexing argument. (Triggered internally at  ../aten/src/ATen/native/TensorShape.cpp:2895.)
  return _VF.meshgrid(tensors, **kwargs)  # type: ignore[attr-defined]
