[KeOps] Warning : Cuda libraries were not detected on the system ; using cpu only mode
1
Kernel: SquaredExponential
Weight Mesh: 100
RKHS Kernel Width: 0.01
Lambda: 1e-06
Green's Function Learning Rate: 100
Bias Term Learning Rate: 100
Epoch 1 Relative Error 2736.9912109375
First epoch had re = 2736.9912109375 > 1
Green's Function Learning Rate: 50
Bias Term Learning Rate: 50
Epoch 1 Relative Error 1282.47216796875
First epoch had re = 1282.47216796875 > 1
Green's Function Learning Rate: 10
Bias Term Learning Rate: 10
Epoch 1 Relative Error 230.08726501464844
First epoch had re = 230.08726501464844 > 1
Green's Function Learning Rate: 5
Bias Term Learning Rate: 5
Epoch 1 Relative Error 137.40785217285156
First epoch had re = 137.40785217285156 > 1
Green's Function Learning Rate: 1
Bias Term Learning Rate: 1
Epoch 1 Relative Error 27.70760726928711
First epoch had re = 27.70760726928711 > 1
Green's Function Learning Rate: 0.5
Bias Term Learning Rate: 0.5
Epoch 1 Relative Error 9.797117233276367
First epoch had re = 9.797117233276367 > 1
Green's Function Learning Rate: 0.1
Bias Term Learning Rate: 0.1
Epoch 1 Relative Error 1.7374064922332764
First epoch had re = 1.7374064922332764 > 1
Green's Function Learning Rate: 0.05
Bias Term Learning Rate: 0.05
Epoch 1 Relative Error 1.180824637413025
First epoch had re = 1.180824637413025 > 1
Green's Function Learning Rate: 0.01
Bias Term Learning Rate: 0.01
Epoch 1 Relative Error 0.5766230225563049
Epoch 2 Relative Error 0.46943727135658264
Epoch 3 Relative Error 0.4801473915576935
Epoch 4 Relative Error 0.3851533532142639
Epoch 5 Relative Error 0.2839871346950531
Epoch 6 Relative Error 0.2568736970424652
Epoch 7 Relative Error 0.20757938921451569
Epoch 8 Relative Error 0.12613795697689056
Epoch 9 Relative Error 0.12203390896320343
Epoch 10 Relative Error 0.08627938479185104
Epoch 11 Relative Error 0.05923480913043022
Epoch 12 Relative Error 0.0577884241938591
Epoch 13 Relative Error 0.03459811583161354
Epoch 14 Relative Error 0.032890379428863525
Epoch 15 Relative Error 0.025363624095916748
Epoch 16 Relative Error 0.01966838724911213
Epoch 17 Relative Error 0.01663871668279171
Epoch 18 Relative Error 0.014237971045076847
Epoch 19 Relative Error 0.011699067428708076
Epoch 20 Relative Error 0.009733830578625202
Epoch 21 Relative Error 0.008618881925940514
Epoch 22 Relative Error 0.0075363460928201675
Epoch 23 Relative Error 0.006866198964416981
Epoch 24 Relative Error 0.006053845398128033
Epoch 25 Relative Error 0.005739179439842701
Epoch 26 Relative Error 0.005375067703425884
Epoch 27 Relative Error 0.005157011095434427
Epoch 28 Relative Error 0.004915398079901934
Epoch 29 Relative Error 0.004730504471808672
Epoch 30 Relative Error 0.004573720041662455
Epoch 31 Relative Error 0.0044331722892820835
Epoch 32 Relative Error 0.004300456959754229
Epoch 33 Relative Error 0.004174965899437666
Epoch 34 Relative Error 0.004064053762704134
Epoch 35 Relative Error 0.00395271647721529
Epoch 36 Relative Error 0.0038577665109187365
Epoch 37 Relative Error 0.003756761085242033
Epoch 38 Relative Error 0.0036638742312788963
Epoch 39 Relative Error 0.003581972559913993
Epoch 40 Relative Error 0.0034938971512019634
Epoch 41 Relative Error 0.003414360573515296
Epoch 42 Relative Error 0.0033411455806344748
Epoch 43 Relative Error 0.0032676775008440018
Epoch 44 Relative Error 0.003195947501808405
Epoch 45 Relative Error 0.003131626406684518
Epoch 46 Relative Error 0.003064983058720827
Epoch 47 Relative Error 0.0030048969201743603
Epoch 48 Relative Error 0.002948344685137272
Epoch 49 Relative Error 0.0028884520288556814
Epoch 50 Relative Error 0.002832267200574279
Epoch 51 Relative Error 0.0027827369049191475
Epoch 52 Relative Error 0.002729484112933278
Epoch 53 Relative Error 0.002683148020878434
Epoch 54 Relative Error 0.0026338407769799232
Epoch 55 Relative Error 0.002586777089163661
Epoch 56 Relative Error 0.0025461832992732525
Epoch 57 Relative Error 0.002500987146049738
Epoch 58 Relative Error 0.0024561877362430096
Epoch 59 Relative Error 0.0024177636951208115
Epoch 60 Relative Error 0.0023804602678865194
Epoch 61 Relative Error 0.002343269996345043
Epoch 62 Relative Error 0.0023046177811920643
Epoch 63 Relative Error 0.002268580486997962
Epoch 64 Relative Error 0.002233907114714384
Epoch 65 Relative Error 0.0022006866056472063
Epoch 66 Relative Error 0.002168225822970271
Epoch 67 Relative Error 0.002137384144589305
Epoch 68 Relative Error 0.0021029142662882805
Epoch 69 Relative Error 0.0020795497111976147
Epoch 70 Relative Error 0.0020459580700844526
Epoch 71 Relative Error 0.0020202805753797293
Epoch 72 Relative Error 0.0019874763675034046
Epoch 73 Relative Error 0.001963565358892083
Epoch 74 Relative Error 0.0019377891439944506
Epoch 75 Relative Error 0.0019112180452793837
Epoch 76 Relative Error 0.0018844323931261897
Epoch 77 Relative Error 0.0018597000744193792
Epoch 78 Relative Error 0.001838799100369215
Epoch 79 Relative Error 0.0018134152051061392
Epoch 80 Relative Error 0.0017886725254356861
Epoch 81 Relative Error 0.0017686501378193498
Epoch 82 Relative Error 0.0017466841964051127
Epoch 83 Relative Error 0.0017242891481146216
Epoch 84 Relative Error 0.001705276663415134
Epoch 85 Relative Error 0.001682090456597507
Epoch 86 Relative Error 0.0016638680826872587
Epoch 87 Relative Error 0.0016438992461189628
Epoch 88 Relative Error 0.0016261228593066335
Epoch 89 Relative Error 0.00160424062050879
Epoch 90 Relative Error 0.0015882712323218584
Epoch 91 Relative Error 0.0015708698192611337
Epoch 92 Relative Error 0.0015506244963034987
Epoch 93 Relative Error 0.0015345842111855745
Epoch 94 Relative Error 0.001516964752227068
Epoch 95 Relative Error 0.001500069280155003
Epoch 96 Relative Error 0.0014836627524346113
Epoch 97 Relative Error 0.001467171241529286
Epoch 98 Relative Error 0.001452794997021556
Epoch 99 Relative Error 0.0014362590154632926
Epoch 100 Relative Error 0.001421588589437306
Epoch 101 Relative Error 0.0014046381693333387
Epoch 102 Relative Error 0.0013918888289481401
Epoch 103 Relative Error 0.0013777433196082711
Epoch 104 Relative Error 0.001362161710858345
Epoch 105 Relative Error 0.001347829820588231
Epoch 106 Relative Error 0.0013353234389796853
Epoch 107 Relative Error 0.0013204298447817564
Epoch 108 Relative Error 0.0013077831827104092
Epoch 109 Relative Error 0.001295840018428862
Epoch 110 Relative Error 0.001282867742702365
Epoch 111 Relative Error 0.0012676657643169165
Epoch 112 Relative Error 0.0012580894399434328
Epoch 113 Relative Error 0.0012452836381271482
Epoch 114 Relative Error 0.0012314824853092432
Epoch 115 Relative Error 0.001220789970830083
Epoch 116 Relative Error 0.001210516318678856
Epoch 117 Relative Error 0.0011963903671130538
Epoch 118 Relative Error 0.0011866159038618207
Epoch 119 Relative Error 0.0011741203488782048
Epoch 120 Relative Error 0.0011642719618976116
Epoch 121 Relative Error 0.0011535749072209
Epoch 122 Relative Error 0.0011404238175600767
Epoch 123 Relative Error 0.0011322471546009183
Epoch 124 Relative Error 0.001122827990911901
Epoch 125 Relative Error 0.0011103315046057105
Epoch 126 Relative Error 0.0011006274726241827
Epoch 127 Relative Error 0.0010898158652707934
Epoch 128 Relative Error 0.0010821821633726358
Epoch 129 Relative Error 0.0010710934875532985
Epoch 130 Relative Error 0.0010611690813675523
Epoch 131 Relative Error 0.0010538662318140268
Epoch 132 Relative Error 0.0010420494945719838
Epoch 133 Relative Error 0.0010338842403143644
Epoch 134 Relative Error 0.0010246565798297524
Epoch 135 Relative Error 0.0010158775839954615
Epoch 136 Relative Error 0.0010072747245430946
Epoch 137 Relative Error 0.0009985201759263873
Epoch 138 Relative Error 0.0009886743500828743
Epoch 139 Relative Error 0.0009820840787142515
Epoch 140 Relative Error 0.0009729407029226422
Epoch 141 Relative Error 0.0009652826120145619
Epoch 142 Relative Error 0.0009571320260874927
Epoch 143 Relative Error 0.0009491443634033203
Epoch 144 Relative Error 0.0009421863942407072
Epoch 145 Relative Error 0.0009323030826635659
Epoch 146 Relative Error 0.0009278239449486136
Epoch 147 Relative Error 0.0009158512693829834
Epoch 148 Relative Error 0.0009110156679525971
Epoch 149 Relative Error 0.0009034700342454016
Epoch 150 Relative Error 0.0008942554122768342
Epoch 151 Relative Error 0.0008894780767150223
Epoch 152 Relative Error 0.0008816940244287252
Epoch 153 Relative Error 0.0008753231377340853
Epoch 154 Relative Error 0.0008663746411912143
Epoch 155 Relative Error 0.0008619725704193115
Epoch 156 Relative Error 0.0008532165666110814
Epoch 157 Relative Error 0.000846260751131922
Epoch 158 Relative Error 0.0008411891176365316
Epoch 159 Relative Error 0.0008331344579346478
Epoch 160 Relative Error 0.0008280740003101528
Epoch 161 Relative Error 0.0008209165534935892
Epoch 162 Relative Error 0.0008152202935889363
Epoch 163 Relative Error 0.0008072253549471498
Epoch 164 Relative Error 0.0008033538470044732
Epoch 165 Relative Error 0.0007959104841575027
Epoch 166 Relative Error 0.0007899496122263372
Epoch 167 Relative Error 0.0007852396811358631
Epoch 168 Relative Error 0.0007777251885272563
Epoch 169 Relative Error 0.0007731688674539328
Epoch 170 Relative Error 0.0007678187685087323
Epoch 171 Relative Error 0.0007598801166750491
Epoch 172 Relative Error 0.0007551828166469932
Epoch 173 Relative Error 0.0007496900507248938
Epoch 174 Relative Error 0.0007427241071127355
Epoch 175 Relative Error 0.0007383920601569116
Epoch 176 Relative Error 0.0007326622144319117
Epoch 177 Relative Error 0.0007265294552780688
Epoch 178 Relative Error 0.0007242310093715787
Epoch 179 Relative Error 0.0007173800840973854
Epoch 180 Relative Error 0.0007114029722288251
Epoch 181 Relative Error 0.000708170875441283
Epoch 182 Relative Error 0.0007022328209131956
Epoch 183 Relative Error 0.0006984659703448415
Epoch 184 Relative Error 0.0006909059593454003
Epoch 185 Relative Error 0.0006885835318826139
Epoch 186 Relative Error 0.0006810308550484478
Epoch 187 Relative Error 0.0006773138302378356
Epoch 188 Relative Error 0.0006747595616616309
Epoch 189 Relative Error 0.0006654741009697318
Epoch 190 Relative Error 0.0006644775858148932
Epoch 191 Relative Error 0.0006592660793103278
Epoch 192 Relative Error 0.0006536158034577966
Epoch 193 Relative Error 0.0006499293958768249
Epoch 194 Relative Error 0.0006450896617025137
Epoch 195 Relative Error 0.0006410625064745545
Epoch 196 Relative Error 0.0006362085696309805
Epoch 197 Relative Error 0.0006316242506727576
Epoch 198 Relative Error 0.0006280245142988861
Epoch 199 Relative Error 0.0006230829167179763
Epoch 200 Relative Error 0.0006195161840878427
Epoch 201 Relative Error 0.000616028206422925
Epoch 202 Relative Error 0.000609995040576905
Epoch 203 Relative Error 0.0006095117423683405
Epoch 204 Relative Error 0.0006013166275806725
Epoch 205 Relative Error 0.0006016722181811929
Epoch 206 Relative Error 0.0005950687336735427
Epoch 207 Relative Error 0.0005904061836190522
Epoch 208 Relative Error 0.0005884424899704754
Epoch 209 Relative Error 0.0005830953596159816
Epoch 210 Relative Error 0.0005810661823488772
Epoch 211 Relative Error 0.0005769187118858099
Epoch 212 Relative Error 0.0005733388243243098
Epoch 213 Relative Error 0.0005697320448234677
Epoch 214 Relative Error 0.0005644627963192761
Epoch 215 Relative Error 0.0005638748407363892
Epoch 216 Relative Error 0.000559360021725297
Epoch 217 Relative Error 0.0005528322071768343
Epoch 218 Relative Error 0.0005523810395970941
Epoch 219 Relative Error 0.0005478052771650255
Epoch 220 Relative Error 0.0005441149696707726
Epoch 221 Relative Error 0.0005432719481177628
Epoch 222 Relative Error 0.0005364540847949684
Epoch 223 Relative Error 0.0005359065253287554
Epoch 224 Relative Error 0.0005294351722113788
Epoch 225 Relative Error 0.0005266974912956357
Epoch 226 Relative Error 0.0005246016080491245
Epoch 227 Relative Error 0.0005204774788580835
Epoch 228 Relative Error 0.0005189364892430604
Epoch 229 Relative Error 0.0005133143858984113
Epoch 230 Relative Error 0.000512190512381494
Epoch 231 Relative Error 0.0005080110277049243
Epoch 232 Relative Error 0.0005040955729782581
Epoch 233 Relative Error 0.0005040817195549607
Epoch 234 Relative Error 0.000498595938552171
Epoch 235 Relative Error 0.0004951237351633608
Epoch 236 Relative Error 0.0004942968371324241
Epoch 237 Relative Error 0.0004889470874331892
Epoch 238 Relative Error 0.0004891057615168393
Epoch 239 Relative Error 0.00048255978617817163
Epoch 240 Relative Error 0.00048367134877480567
Epoch 241 Relative Error 0.00047963231918402016
Epoch 242 Relative Error 0.00047457704204134643
Epoch 243 Relative Error 0.0004736191767733544
Epoch 244 Relative Error 0.0004698079137597233
Epoch 245 Relative Error 0.000468164129415527
Epoch 246 Relative Error 0.0004676795215345919
Epoch 247 Relative Error 0.0004609563620761037
Epoch 248 Relative Error 0.0004604322020895779
Epoch 249 Relative Error 0.000456620124168694
Epoch 250 Relative Error 0.0004540689697023481
Epoch 251 Relative Error 0.00045219692401587963
Epoch 252 Relative Error 0.0004493440792430192
Epoch 253 Relative Error 0.00044667080510407686
Epoch 254 Relative Error 0.00044517414062283933
Epoch 255 Relative Error 0.0004417487361934036
Epoch 256 Relative Error 0.0004406512307468802
Epoch 257 Relative Error 0.0004375264688860625
Epoch 258 Relative Error 0.0004345298220869154
Epoch 259 Relative Error 0.00043404760072007775
Epoch 260 Relative Error 0.00042834997293539345
Epoch 261 Relative Error 0.00043146367534063756
Epoch 262 Relative Error 0.00042344589019194245
Epoch 263 Relative Error 0.0004232772917021066
Epoch 264 Relative Error 0.0004189118044450879
Epoch 265 Relative Error 0.00041959286318160594
Epoch 266 Relative Error 0.0004159278760198504
Epoch 267 Relative Error 0.0004136775969527662
Epoch 268 Relative Error 0.0004125369305256754
Epoch 269 Relative Error 0.0004091138544026762
Epoch 270 Relative Error 0.00040730679756961763
Epoch 271 Relative Error 0.00040610256837680936
Epoch 272 Relative Error 0.00040417807758785784
Epoch 273 Relative Error 0.00040150704444386065
Epoch 274 Relative Error 0.0004023609799332917
Epoch 275 Relative Error 0.0003967007505707443
Epoch 276 Relative Error 0.0003951719554606825
Epoch 277 Relative Error 0.00039446281152777374
Epoch 278 Relative Error 0.00039094133535400033
Epoch 279 Relative Error 0.00039009793545119464
Epoch 280 Relative Error 0.00038960034726187587
Epoch 281 Relative Error 0.0003845692554023117
Epoch 282 Relative Error 0.0003817061078734696
Epoch 283 Relative Error 0.0003836243413388729
Epoch 284 Relative Error 0.0003794202348217368
Epoch 285 Relative Error 0.0003764777793549001
Epoch 286 Relative Error 0.00037845136830583215
Epoch 287 Relative Error 0.0003727920411620289
Epoch 288 Relative Error 0.0003719331871252507
Epoch 289 Relative Error 0.0003714273334480822
Epoch 290 Relative Error 0.0003674226754810661
Epoch 291 Relative Error 0.00036620788159780204
Epoch 292 Relative Error 0.00036399808595888317
Epoch 293 Relative Error 0.00036190584069117904
Epoch 294 Relative Error 0.00036595267010852695
Epoch 295 Relative Error 0.00035731037496589124
Epoch 296 Relative Error 0.00035811978159472346
Epoch 297 Relative Error 0.0003542501071933657
Epoch 298 Relative Error 0.00035312367253936827
Epoch 299 Relative Error 0.000354876829078421
Epoch 300 Relative Error 0.00034969550324603915
Epoch 301 Relative Error 0.00034769048215821385
Epoch 302 Relative Error 0.0003490715171210468
Epoch 303 Relative Error 0.0003452228265814483
Epoch 304 Relative Error 0.00034240371314808726
Epoch 305 Relative Error 0.00034264789428561926
Epoch 306 Relative Error 0.00034297516685910523
Epoch 307 Relative Error 0.00034023477928712964
Epoch 308 Relative Error 0.00033804168924689293
Epoch 309 Relative Error 0.0003388624463696033
Epoch 310 Relative Error 0.0003336909576319158
Epoch 311 Relative Error 0.00033327078563161194
Epoch 312 Relative Error 0.0003318293602205813
Epoch 313 Relative Error 0.0003301883116364479
Epoch 314 Relative Error 0.00033081279252655804
Epoch 315 Relative Error 0.00032606461900286376
Epoch 316 Relative Error 0.0003273779875598848
Epoch 317 Relative Error 0.0003260094963479787
Epoch 318 Relative Error 0.00031969352858141065
Epoch 319 Relative Error 0.0003260866506025195
Epoch 320 Relative Error 0.00031947094248607755
Epoch 321 Relative Error 0.0003185327514074743
Epoch 322 Relative Error 0.00031934643629938364
Epoch 323 Relative Error 0.00031642316025681794
Epoch 324 Relative Error 0.00031492733978666365
Epoch 325 Relative Error 0.00031467125518247485
Epoch 326 Relative Error 0.0003120692854281515
Epoch 327 Relative Error 0.00031034680432640016
Epoch 328 Relative Error 0.0003094461571890861
Epoch 329 Relative Error 0.00030785458511672914
Epoch 330 Relative Error 0.000307050853734836
Epoch 331 Relative Error 0.0003079068847000599
Epoch 332 Relative Error 0.0003075949498452246
Epoch 333 Relative Error 0.00030198373133316636
Epoch 334 Relative Error 0.00030417327070608735
Epoch 335 Relative Error 0.00030268257251009345
Epoch 336 Relative Error 0.00029618359985761344
Epoch 337 Relative Error 0.00029877477209083736
Epoch 338 Relative Error 0.000298778380965814
Epoch 339 Relative Error 0.000296613055979833
Epoch 340 Relative Error 0.0002940777922049165
Epoch 341 Relative Error 0.0002943785220850259
Epoch 342 Relative Error 0.00029134881333447993
Epoch 343 Relative Error 0.00029175722738727927
Epoch 344 Relative Error 0.0002882466360460967
Epoch 345 Relative Error 0.0002902807027567178
Epoch 346 Relative Error 0.0002867778530344367
Epoch 347 Relative Error 0.0002886911388486624
Epoch 348 Relative Error 0.00028243203996680677
Epoch 349 Relative Error 0.0002852803736459464
Epoch 350 Relative Error 0.00028575092437677085
Epoch 351 Relative Error 0.00028144137468189
Epoch 352 Relative Error 0.00028152926824986935
Epoch 353 Relative Error 0.0002816986234392971
Epoch 354 Relative Error 0.0002775193424895406
Epoch 355 Relative Error 0.0002774074673652649
Epoch 356 Relative Error 0.0002792773593682796
Epoch 357 Relative Error 0.0002743666700553149
Epoch 358 Relative Error 0.00027720880461856723
Epoch 359 Relative Error 0.0002729953557718545
Epoch 360 Relative Error 0.00026989250909537077
Epoch 361 Relative Error 0.0002739958872552961
Epoch 362 Relative Error 0.0002696884039323777
Epoch 363 Relative Error 0.00027066635084338486
Epoch 364 Relative Error 0.0002693145361263305
Epoch 365 Relative Error 0.0002661380567587912
Epoch 366 Relative Error 0.00026908176369033754
Epoch 367 Relative Error 0.0002653391857165843
Epoch 368 Relative Error 0.0002657765871845186
Epoch 369 Relative Error 0.00026483801775611937
Epoch 370 Relative Error 0.0002660676836967468
Epoch 371 Relative Error 0.0002620310406200588
Epoch 372 Relative Error 0.00026114797219634056
Epoch 373 Relative Error 0.0002614669210743159
Epoch 374 Relative Error 0.00026006915140897036
Epoch 375 Relative Error 0.00025942930369637907
Epoch 376 Relative Error 0.00025796666159294546
Epoch 377 Relative Error 0.0002584302856121212
Epoch 378 Relative Error 0.0002571808290667832
Epoch 379 Relative Error 0.00025620669475756586
Epoch 380 Relative Error 0.0002560086431913078
Epoch 381 Relative Error 0.00025069614639505744
Epoch 382 Relative Error 0.0002529237244743854
Epoch 383 Relative Error 0.0002521995920687914
Epoch 384 Relative Error 0.000248791096964851
Epoch 385 Relative Error 0.00025044826907105744
Epoch 386 Relative Error 0.00024807872250676155
Epoch 387 Relative Error 0.00024844659492373466
Epoch 388 Relative Error 0.0002474168431945145
Epoch 389 Relative Error 0.0002481309638824314
Epoch 390 Relative Error 0.00024775220663286746
Epoch 391 Relative Error 0.0002450811443850398
Epoch 392 Relative Error 0.0002468709135428071
Epoch 393 Relative Error 0.00024500646395608783
Epoch 394 Relative Error 0.00024446978932246566
Epoch 395 Relative Error 0.0002426942955935374
Epoch 396 Relative Error 0.00024232389114331454
Epoch 397 Relative Error 0.00024112215032801032
Epoch 398 Relative Error 0.0002469510945957154
Epoch 399 Relative Error 0.000239051048993133
Epoch 400 Relative Error 0.00023866149422246963
Epoch 401 Relative Error 0.0002381495723966509
Epoch 402 Relative Error 0.00023909923038445413
Epoch 403 Relative Error 0.0002344747626921162
Epoch 404 Relative Error 0.00023537858214695007
Epoch 405 Relative Error 0.00023696631251368672
Epoch 406 Relative Error 0.0002344880485907197
Epoch 407 Relative Error 0.0002339120110264048
Epoch 408 Relative Error 0.00023573443468194455
Epoch 409 Relative Error 0.00023334943398367614
Epoch 410 Relative Error 0.00023526771110482514
Epoch 411 Relative Error 0.00023154313385020941
Epoch 412 Relative Error 0.00023260293528437614
Epoch 413 Relative Error 0.00023123279970604926
Epoch 414 Relative Error 0.0002330129500478506
Epoch 415 Relative Error 0.0002320402709301561
Epoch 416 Relative Error 0.00022928377438802272
Epoch 417 Relative Error 0.0002388121502008289
Epoch 418 Relative Error 0.00022458386956714094
Epoch 419 Relative Error 0.00022630038438364863
Epoch 420 Relative Error 0.00022939419432077557
Epoch 421 Relative Error 0.00022519734920933843
Epoch 422 Relative Error 0.0002248973323730752
Epoch 423 Relative Error 0.00022457515296991915
Epoch 424 Relative Error 0.00022285890008788556
Epoch 425 Relative Error 0.00022887811064720154
Epoch 426 Relative Error 0.00021762980031780899
Epoch 427 Relative Error 0.00022454759164247662
Epoch 428 Relative Error 0.00022150386939756572
Epoch 429 Relative Error 0.00021791485778521746
Epoch 430 Relative Error 0.00021739696967415512
Epoch 431 Relative Error 0.00022276338131632656
Epoch 432 Relative Error 0.00021895494137424976
Epoch 433 Relative Error 0.0002180086448788643
Epoch 434 Relative Error 0.00021572539117187262
Epoch 435 Relative Error 0.00021664118685293943
Epoch 436 Relative Error 0.00022017871378920972
Epoch 437 Relative Error 0.00021834259678144008
Epoch 438 Relative Error 0.00020933558698743582
Epoch 439 Relative Error 0.00021991442190483212
Epoch 440 Relative Error 0.0002153408422600478
Epoch 441 Relative Error 0.0002127827756339684
Epoch 442 Relative Error 0.00021573588310275227
Epoch 443 Relative Error 0.00021414103684946895
Epoch 444 Relative Error 0.00021422558347694576
Epoch 445 Relative Error 0.00022021259064786136
Epoch 446 Relative Error 0.00021033019584137946
Epoch 447 Relative Error 0.0002102887083310634
Epoch 448 Relative Error 0.00021296598424669355
Epoch 449 Relative Error 0.0002110751811414957
Epoch 450 Relative Error 0.00020496678189374506
Epoch 451 Relative Error 0.00021426667808555067
Epoch 452 Relative Error 0.00020969973411411047
Epoch 453 Relative Error 0.00020508491434156895
Epoch 454 Relative Error 0.0002095758682116866
Epoch 455 Relative Error 0.00020971951016690582
Epoch 456 Relative Error 0.0002028334856731817
Epoch 457 Relative Error 0.00021575055143330246
Epoch 458 Relative Error 0.00020406590192578733
Epoch 459 Relative Error 0.0002049157046712935
Epoch 460 Relative Error 0.00021047268819529563
Epoch 461 Relative Error 0.0002030188188655302
Epoch 462 Relative Error 0.00021252666192594916
Epoch 463 Relative Error 0.0002098076802212745
Epoch 464 Relative Error 0.00020286673679947853
Epoch 465 Relative Error 0.00020697266154456884
Epoch 466 Relative Error 0.00020440113439690322
Epoch 467 Relative Error 0.00020353985019028187
Epoch 468 Relative Error 0.00020351792045403272
Epoch 469 Relative Error 0.00020598065748345107
Epoch 470 Relative Error 0.00019991013687103987
Epoch 471 Relative Error 0.00020530408073682338
Epoch 472 Relative Error 0.00020171282812952995
Epoch 473 Relative Error 0.0002016717626247555
Epoch 474 Relative Error 0.0002032717311521992
Epoch 475 Relative Error 0.0002028581511694938
Epoch 476 Relative Error 0.00019896547019015998
Epoch 477 Relative Error 0.00020286970539018512
Epoch 478 Relative Error 0.0002034082863247022
Epoch 479 Relative Error 0.00019625780987553298
Epoch 480 Relative Error 0.0002015214558923617
Epoch 481 Relative Error 0.00020060344832018018
Epoch 482 Relative Error 0.0002011578035308048
Epoch 483 Relative Error 0.00019487502868287265
Epoch 484 Relative Error 0.00019760495342779905
Epoch 485 Relative Error 0.00019463284115772694
Epoch 486 Relative Error 0.00019419346062932163
Epoch 487 Relative Error 0.0001960322551894933
Epoch 488 Relative Error 0.00019160738156642765
Epoch 489 Relative Error 0.0001973855250980705
Epoch 490 Relative Error 0.00019726833852473646
Epoch 491 Relative Error 0.00018873624503612518
Epoch 492 Relative Error 0.0001977909414563328
Epoch 493 Relative Error 0.0001950324367498979
Epoch 494 Relative Error 0.00018827186431735754
Epoch 495 Relative Error 0.00019828215590678155
Epoch 496 Relative Error 0.00019303231965750456
Epoch 497 Relative Error 0.0001911649596877396
Epoch 498 Relative Error 0.00018797939992509782
Epoch 499 Relative Error 0.00019888760289177299
Epoch 500 Relative Error 0.00019068365509156138
Epoch 501 Relative Error 0.0001919033966260031
Epoch 502 Relative Error 0.00019289471674710512
Epoch 503 Relative Error 0.0001881807402241975
Epoch 504 Relative Error 0.00018902971351053566
Epoch 505 Relative Error 0.0001919649657793343
Epoch 506 Relative Error 0.00019266737217549235
Epoch 507 Relative Error 0.00019277140381745994
Epoch 508 Relative Error 0.00018538464792072773
Epoch 509 Relative Error 0.0001891083229565993
Epoch 510 Relative Error 0.00019248029275331646
Epoch 511 Relative Error 0.00018804793944582343
Epoch 512 Relative Error 0.00018953120161313564
Epoch 513 Relative Error 0.00019058323232457042
Epoch 514 Relative Error 0.000182677322300151
Epoch 515 Relative Error 0.00019003091438207775
Epoch 516 Relative Error 0.00018569901294540614
Epoch 517 Relative Error 0.00019027282542083412
Epoch 518 Relative Error 0.0001880202762549743
Epoch 519 Relative Error 0.00018885169993154705
Epoch 520 Relative Error 0.0001851964188972488
Epoch 521 Relative Error 0.00019028817769140005
Epoch 522 Relative Error 0.00018155788711737841
Epoch 523 Relative Error 0.00018739195365924388
Epoch 524 Relative Error 0.00018436122627463192
Epoch 525 Relative Error 0.00018706786795519292
Epoch 526 Relative Error 0.00018434232333675027
Epoch 527 Relative Error 0.00018372107297182083
Epoch 528 Relative Error 0.00017995915550272912
Epoch 529 Relative Error 0.00018997960432898253
Epoch 530 Relative Error 0.00018138060113415122
Epoch 531 Relative Error 0.0001826042716857046
Epoch 532 Relative Error 0.0001831323024816811
Epoch 533 Relative Error 0.00017832749290391803
Epoch 534 Relative Error 0.00018630785052664578
Epoch 535 Relative Error 0.00018457202531863004
Epoch 536 Relative Error 0.00018312969768885523
Epoch 537 Relative Error 0.00018159729370381683
Epoch 538 Relative Error 0.0001847793610068038
Epoch 539 Relative Error 0.00018509422079659998
Epoch 540 Relative Error 0.00018385738076176494
Epoch 541 Relative Error 0.00018138544692192227
Epoch 542 Relative Error 0.00017900059174280614
Epoch 543 Relative Error 0.00017905996355693787
Epoch 544 Relative Error 0.0001805146166589111
Epoch 545 Relative Error 0.0001809879468055442
Epoch 546 Relative Error 0.0001812066329875961
Epoch 547 Relative Error 0.00018117214494850487
Epoch 548 Relative Error 0.00018161957268603146
Epoch 549 Relative Error 0.00017887336434796453
Epoch 550 Relative Error 0.00018321389507036656
Epoch 551 Relative Error 0.0001778227451723069
Epoch 552 Relative Error 0.00018130926764570177
Epoch 553 Relative Error 0.00017851649317890406
Epoch 554 Relative Error 0.00017869987641461194
Epoch 555 Relative Error 0.0001806883083190769
Epoch 556 Relative Error 0.00017595870303921402
Epoch 557 Relative Error 0.00017415237380191684
Epoch 558 Relative Error 0.0001864287769421935
Epoch 559 Relative Error 0.00017552971257828176
Epoch 560 Relative Error 0.00017657082935329527
Epoch 561 Relative Error 0.000177446156158112
Epoch 562 Relative Error 0.0001768465735949576
Epoch 563 Relative Error 0.00017701176693663
Epoch 564 Relative Error 0.00017628291971050203
Epoch 565 Relative Error 0.00017739985196385533
Epoch 566 Relative Error 0.00018059085414279252
Epoch 567 Relative Error 0.00017324324289802462
Epoch 568 Relative Error 0.00017773437139112502
Epoch 569 Relative Error 0.000181392693775706
Epoch 570 Relative Error 0.000170395927852951
Epoch 571 Relative Error 0.00018104717310052365
Epoch 572 Relative Error 0.00017634221876505762
Epoch 573 Relative Error 0.00017341712373308837
Epoch 574 Relative Error 0.00017279824533034116
Epoch 575 Relative Error 0.00017680916062090546
Epoch 576 Relative Error 0.00017649609071668237
Epoch 577 Relative Error 0.00017145292076747864
Epoch 578 Relative Error 0.00017372066213283688
Epoch 579 Relative Error 0.00017638869758229703
Epoch 580 Relative Error 0.00016980756481643766
Epoch 581 Relative Error 0.00017747741367202252
Epoch 582 Relative Error 0.00017171741637866944
Epoch 583 Relative Error 0.00017645514162722975
Epoch 584 Relative Error 0.00017089874017983675
Epoch 585 Relative Error 0.00017292681150138378
Epoch 586 Relative Error 0.0001697859406704083
Epoch 587 Relative Error 0.0001739439321681857
Epoch 588 Relative Error 0.0001717164705041796
Epoch 589 Relative Error 0.0001712605298962444
Epoch 590 Relative Error 0.00016908676479943097
Epoch 591 Relative Error 0.00017560926789883524
Epoch 592 Relative Error 0.0001723728491924703
Epoch 593 Relative Error 0.00016915917512960732
Epoch 594 Relative Error 0.00016800907906144857
Epoch 595 Relative Error 0.00017482441035099328
Epoch 596 Relative Error 0.0001707270130282268
Epoch 597 Relative Error 0.00016979032079689205
Epoch 598 Relative Error 0.00017062158440239727
Epoch 599 Relative Error 0.00017430643492843956
Epoch 600 Relative Error 0.00016886026423890144
Epoch 601 Relative Error 0.0001697843399597332
Epoch 602 Relative Error 0.0001711255608825013
Epoch 603 Relative Error 0.00017179940186906606
Epoch 604 Relative Error 0.00017250407836399972
Epoch 605 Relative Error 0.0001702779991319403
Epoch 606 Relative Error 0.00016330534708686173
Epoch 607 Relative Error 0.0001716994447633624
Epoch 608 Relative Error 0.00017086278239730746
Epoch 609 Relative Error 0.0001672644866630435
Epoch 610 Relative Error 0.00016961339861154556
Epoch 611 Relative Error 0.00016867044905666262
Epoch 612 Relative Error 0.00017509660392533988
Epoch 613 Relative Error 0.0001684709422988817
Epoch 614 Relative Error 0.00017394401947967708
Epoch 615 Relative Error 0.00017280130123253912
Epoch 616 Relative Error 0.00016697357932571322
Epoch 617 Relative Error 0.00017303119238931686
Epoch 618 Relative Error 0.0001730658404994756
Epoch 619 Relative Error 0.00017519800167065114
Epoch 620 Relative Error 0.00017685636703390628
Epoch 621 Relative Error 0.00016881733608897775
Epoch 622 Relative Error 0.00016767480701673776
Epoch 623 Relative Error 0.00017199854482896626
Epoch 624 Relative Error 0.00016935721214395016
Epoch 625 Relative Error 0.00016977185441646725
Epoch 626 Relative Error 0.00017355658928863704
Epoch 627 Relative Error 0.00016963441157713532
Epoch 628 Relative Error 0.0001702328590909019
Epoch 629 Relative Error 0.00016200538084376603
Epoch 630 Relative Error 0.0001677028340054676
Epoch 631 Relative Error 0.00016481798957102
Epoch 632 Relative Error 0.00016712906653992832
Epoch 633 Relative Error 0.00016534322639927268
Epoch 634 Relative Error 0.00017069453315343708
Epoch 635 Relative Error 0.00016626770957373083
Epoch 636 Relative Error 0.00016551920271012932
Epoch 637 Relative Error 0.0001684014277998358
Epoch 638 Relative Error 0.00016236022929660976
Epoch 639 Relative Error 0.0001672629005042836
Epoch 640 Relative Error 0.00016480697377119213
Epoch 641 Relative Error 0.00016441952902823687
Epoch 642 Relative Error 0.00016938002954702824
Epoch 643 Relative Error 0.0001641967101022601
Epoch 644 Relative Error 0.0001706715120235458
Epoch 645 Relative Error 0.00016461794439237565
Epoch 646 Relative Error 0.00016526969557162374
Epoch 647 Relative Error 0.00017043792468030006
Epoch 648 Relative Error 0.00016382811008952558
Epoch 649 Relative Error 0.00016677814710419625
Epoch 650 Relative Error 0.00017102138372138143
Epoch 651 Relative Error 0.0001659820700297132
Epoch 652 Relative Error 0.00016512995352968574
Epoch 653 Relative Error 0.00016562032396905124
Epoch 654 Relative Error 0.0001683146838331595
Epoch 655 Relative Error 0.00016379797307308763
Epoch 656 Relative Error 0.0001614325592527166
Epoch 657 Relative Error 0.00016640202375128865
Epoch 658 Relative Error 0.00016159890219569206
Epoch 659 Relative Error 0.0001643359282752499
Epoch 660 Relative Error 0.00016521746874786913
Epoch 661 Relative Error 0.00016016392328310758
Epoch 662 Relative Error 0.00016328661877196282
Epoch 663 Relative Error 0.00016680640692356974
Epoch 664 Relative Error 0.000158417722559534
Epoch 665 Relative Error 0.00016463221982121468
Epoch 666 Relative Error 0.00016565587429795414
Epoch 667 Relative Error 0.00016176183999050409
Epoch 668 Relative Error 0.00016097740444820374
Epoch 669 Relative Error 0.00016331594088114798
Epoch 670 Relative Error 0.0001655558735365048
Epoch 671 Relative Error 0.00015648915723431855
Epoch 672 Relative Error 0.00016302360745612532
Epoch 673 Relative Error 0.0001720483269309625
Epoch 674 Relative Error 0.00015802649431861937
Epoch 675 Relative Error 0.000162997079314664
Epoch 676 Relative Error 0.00016985506226774305
Epoch 677 Relative Error 0.0001593571505509317
Epoch 678 Relative Error 0.00016170590242836624
Epoch 679 Relative Error 0.00016361658344976604
Epoch 680 Relative Error 0.00016251350461971015
Epoch 681 Relative Error 0.00016056046297308058
Epoch 682 Relative Error 0.00016776518896222115
Epoch 683 Relative Error 0.00015833528595976532
Epoch 684 Relative Error 0.00016066196258179843
Epoch 685 Relative Error 0.00016729417257010937
Epoch 686 Relative Error 0.0001627511519473046
Epoch 687 Relative Error 0.00016416569997090846
Epoch 688 Relative Error 0.00016918238543439656
Epoch 689 Relative Error 0.00016174366464838386
Epoch 690 Relative Error 0.00016185622371267527
Epoch 691 Relative Error 0.00016625941498205066
Epoch 692 Relative Error 0.0001586546131875366
Epoch 693 Relative Error 0.00016217902884818614
Epoch 694 Relative Error 0.00015853301738388836
Epoch 695 Relative Error 0.00016108431736938655
Epoch 696 Relative Error 0.0001644200528971851
Epoch 697 Relative Error 0.00015953481488395482
Epoch 698 Relative Error 0.0001561890821903944
Epoch 699 Relative Error 0.00016252278874162585
Epoch 700 Relative Error 0.00016486598178744316
Epoch 701 Relative Error 0.0001551072346046567
Epoch 702 Relative Error 0.00015933180111460388
Epoch 703 Relative Error 0.00016561972734052688
Epoch 704 Relative Error 0.0001532704191049561
Epoch 705 Relative Error 0.00016477757890243083
Epoch 706 Relative Error 0.0001569176238263026
Epoch 707 Relative Error 0.00016047284589149058
Epoch 708 Relative Error 0.00015864761371631175
Epoch 709 Relative Error 0.00016144344408530742
Epoch 710 Relative Error 0.00016134782345034182
Epoch 711 Relative Error 0.00016169001173693687
Epoch 712 Relative Error 0.00015659144264645875
Epoch 713 Relative Error 0.00015769801393616945
Epoch 714 Relative Error 0.00016232173948083073
Epoch 715 Relative Error 0.00015591614646837115
Epoch 716 Relative Error 0.00016049298574216664
Epoch 717 Relative Error 0.00016171237803064287
Epoch 718 Relative Error 0.00015821386477909982
Epoch 719 Relative Error 0.00016231677727773786
Epoch 720 Relative Error 0.00015791546320542693
Epoch 721 Relative Error 0.00015865729073993862
Epoch 722 Relative Error 0.00015805340080987662
Epoch 723 Relative Error 0.00016377576685044914
Epoch 724 Relative Error 0.0001578317314852029
Epoch 725 Relative Error 0.00015868265472818166
Epoch 726 Relative Error 0.00016347711789421737
Epoch 727 Relative Error 0.0001579229428898543
Epoch 728 Relative Error 0.00016042838979046792
Epoch 729 Relative Error 0.0001603662094566971
Epoch 730 Relative Error 0.00015987949154805392
Epoch 731 Relative Error 0.00016202482220251113
Epoch 732 Relative Error 0.00015715070185251534
Epoch 733 Relative Error 0.00015581482148263603
Epoch 734 Relative Error 0.00017038003716152161
Epoch 735 Relative Error 0.00015701614029239863
Epoch 736 Relative Error 0.00016002549091354012
Epoch 737 Relative Error 0.0001628308091312647
Epoch 738 Relative Error 0.00015423641889356077
Epoch 739 Relative Error 0.00016307804617099464
Epoch 740 Relative Error 0.000156464971951209
Epoch 741 Relative Error 0.00015989872917998582
Epoch 742 Relative Error 0.00015740626258775592
Epoch 743 Relative Error 0.00016146665439009666
Epoch 744 Relative Error 0.00015884260938037187
Epoch 745 Relative Error 0.0001680286950431764
Epoch 746 Relative Error 0.0001665497838985175
Epoch 747 Relative Error 0.00016505889652762562
Epoch 748 Relative Error 0.00016308235353790224
Epoch 749 Relative Error 0.0001619521208340302
Epoch 750 Relative Error 0.0001576520298840478
Epoch 751 Relative Error 0.0001517083146609366
Epoch 752 Relative Error 0.00016333808889612556
Epoch 753 Relative Error 0.000154104593093507
Epoch 754 Relative Error 0.0001638328976696357
Epoch 755 Relative Error 0.0001569493324495852
Epoch 756 Relative Error 0.00015879306010901928
Epoch 757 Relative Error 0.00015546266513410956
Epoch 758 Relative Error 0.00015812042693141848
Epoch 759 Relative Error 0.00015689384599681944
Epoch 760 Relative Error 0.00015907755005173385
Epoch 761 Relative Error 0.00015187675307970494
Epoch 762 Relative Error 0.00016257415700238198
Epoch 763 Relative Error 0.00015541612810920924
Epoch 764 Relative Error 0.000157421687617898
Epoch 765 Relative Error 0.00015585064829792827
Epoch 766 Relative Error 0.00015607541718054563
Epoch 767 Relative Error 0.00015638928744010627
Epoch 768 Relative Error 0.00016471883282065392
Epoch 769 Relative Error 0.00015438123955391347
Epoch 770 Relative Error 0.00016149306611623615
Epoch 771 Relative Error 0.0001578876399435103
Epoch 772 Relative Error 0.00015950572560541332
Epoch 773 Relative Error 0.00015582714695483446
Epoch 774 Relative Error 0.00016034967848099768
Epoch 775 Relative Error 0.00015589635586366057
Epoch 776 Relative Error 0.0001609873288543895
Epoch 777 Relative Error 0.0001575826754560694
Epoch 778 Relative Error 0.00015512763638980687
Epoch 779 Relative Error 0.00015456184337381274
Epoch 780 Relative Error 0.0001611475890967995
Epoch 781 Relative Error 0.00015430479834321886
Epoch 782 Relative Error 0.00015996085130609572
Epoch 783 Relative Error 0.00015674323367420584
Epoch 784 Relative Error 0.00015336029173340648
Epoch 785 Relative Error 0.00016044384392444044
Epoch 786 Relative Error 0.00015564687782898545
Epoch 787 Relative Error 0.00015609819092787802
Epoch 788 Relative Error 0.00015597262245137244
Epoch 789 Relative Error 0.00015309968148358166
Epoch 790 Relative Error 0.0001579316594870761
Epoch 791 Relative Error 0.00015520513989031315
Epoch 792 Relative Error 0.0001539235672680661
Epoch 793 Relative Error 0.0001562177058076486
Epoch 794 Relative Error 0.00015449697093572468
Epoch 795 Relative Error 0.00015708972932770848
Epoch 796 Relative Error 0.00015442866424564272
Epoch 797 Relative Error 0.00015727586287539452
Epoch 798 Relative Error 0.000160444134962745
Epoch 799 Relative Error 0.00015337436343543231
Epoch 800 Relative Error 0.00015238022024277598
Epoch 801 Relative Error 0.00016070058336481452
Epoch 802 Relative Error 0.00014675335842184722
Epoch 803 Relative Error 0.00015859342238400131
Epoch 804 Relative Error 0.00015899022400844842
Epoch 805 Relative Error 0.00014949568139854819
Epoch 806 Relative Error 0.00015779066598042846
Epoch 807 Relative Error 0.00015703737153671682
Epoch 808 Relative Error 0.0001531364250695333
Epoch 809 Relative Error 0.00014824038953520358
Epoch 810 Relative Error 0.00015743581752758473
Epoch 811 Relative Error 0.00016570644220337272
Epoch 812 Relative Error 0.00015554344281554222
Epoch 813 Relative Error 0.00016091388533823192
Epoch 814 Relative Error 0.00016092113219201565
Epoch 815 Relative Error 0.00015883921878412366
Epoch 816 Relative Error 0.0001559335651108995
Epoch 817 Relative Error 0.0001551468449179083
Epoch 818 Relative Error 0.00015322590479627252
Epoch 819 Relative Error 0.00016093427257146686
Epoch 820 Relative Error 0.00016420525207649916
Epoch 821 Relative Error 0.00015266168338712305
Epoch 822 Relative Error 0.00015880534192547202
Epoch 823 Relative Error 0.00016190894530154765
Epoch 824 Relative Error 0.00015491170051973313
Epoch 825 Relative Error 0.00014869605365674943
Epoch 826 Relative Error 0.00015897987759672105
Epoch 827 Relative Error 0.00015590341354254633
Epoch 828 Relative Error 0.00015408686886075884
Epoch 829 Relative Error 0.00015261804219335318
Epoch 830 Relative Error 0.00015229299606289715
Epoch 831 Relative Error 0.00015871739014983177
Epoch 832 Relative Error 0.00015142887423280627
Epoch 833 Relative Error 0.0001585888967383653
Epoch 834 Relative Error 0.00015404433361254632
Epoch 835 Relative Error 0.00015522740432061255
Epoch 836 Relative Error 0.00015396261005662382
Epoch 837 Relative Error 0.00015603029169142246
Epoch 838 Relative Error 0.00015263032400980592
Epoch 839 Relative Error 0.00015569532115478069
Epoch 840 Relative Error 0.00015634218289051205
Epoch 841 Relative Error 0.00015211012214422226
Epoch 842 Relative Error 0.00015134736895561218
Epoch 843 Relative Error 0.00015967219951562583
Epoch 844 Relative Error 0.00014748684770893306
Epoch 845 Relative Error 0.0001523590908618644
Epoch 846 Relative Error 0.0001577916118549183
Epoch 847 Relative Error 0.00014603458112105727
Epoch 848 Relative Error 0.0001574650959810242
Epoch 849 Relative Error 0.00015393973444588482
Epoch 850 Relative Error 0.00014778593322262168
Epoch 851 Relative Error 0.00016172754112631083
Epoch 852 Relative Error 0.00015738877118565142
Epoch 853 Relative Error 0.00015113090921659023
Epoch 854 Relative Error 0.00015641108620911837
Epoch 855 Relative Error 0.00015188968973234296
Epoch 856 Relative Error 0.00015728178550489247
Epoch 857 Relative Error 0.00015316253120545298
Epoch 858 Relative Error 0.0001523810060461983
Epoch 859 Relative Error 0.00015618726320099086
Epoch 860 Relative Error 0.00015280536899808794
Epoch 861 Relative Error 0.00015545707719866186
Epoch 862 Relative Error 0.00015234426246024668
Epoch 863 Relative Error 0.00015672086738049984
Epoch 864 Relative Error 0.00015318127407226712
Epoch 865 Relative Error 0.0001504755055066198
Epoch 866 Relative Error 0.00015489263751078397
Epoch 867 Relative Error 0.00015206023817881942
Epoch 868 Relative Error 0.00015612358401995152
Epoch 869 Relative Error 0.00015392589557450265
Epoch 870 Relative Error 0.0001504930987721309
Epoch 871 Relative Error 0.00015898532001301646
Epoch 872 Relative Error 0.00015359488315880299
Epoch 873 Relative Error 0.00015609564434271306
Epoch 874 Relative Error 0.00014897507207933813
Epoch 875 Relative Error 0.00015248109411913902
Epoch 876 Relative Error 0.0001566194841871038
Epoch 877 Relative Error 0.00015333574265241623
Epoch 878 Relative Error 0.000153237851918675
Epoch 879 Relative Error 0.0001553973270347342
Epoch 880 Relative Error 0.00015569246897939593
Epoch 881 Relative Error 0.00015145385987125337
Epoch 882 Relative Error 0.00014879675291012973
Epoch 883 Relative Error 0.00015606640954501927
Epoch 884 Relative Error 0.00014711573021486402
Epoch 885 Relative Error 0.00015823023568373173
Epoch 886 Relative Error 0.00015293173782993108
Epoch 887 Relative Error 0.00015224346134345978
Epoch 888 Relative Error 0.00015464350872207433
Epoch 889 Relative Error 0.00015207938849925995
Epoch 890 Relative Error 0.00015660873032175004
Epoch 891 Relative Error 0.00015085919585544616
Epoch 892 Relative Error 0.00015426057507283986
Epoch 893 Relative Error 0.0001515671901870519
Epoch 894 Relative Error 0.00015734873886685818
Epoch 895 Relative Error 0.00015025798347778618
Epoch 896 Relative Error 0.00015307801368180662
Epoch 897 Relative Error 0.00015532129327766597
Epoch 898 Relative Error 0.0001497689518146217
Epoch 899 Relative Error 0.00015494950639549643
Epoch 900 Relative Error 0.00014716431905981153
Epoch 901 Relative Error 0.00015959773736540228
Epoch 902 Relative Error 0.00014840827498119324
Epoch 903 Relative Error 0.00015500358131248504
Epoch 904 Relative Error 0.000152977358084172
Epoch 905 Relative Error 0.0001479654456488788
Epoch 906 Relative Error 0.00015594995056744665
Epoch 907 Relative Error 0.00014742364874109626
Epoch 908 Relative Error 0.0001549714943394065
Epoch 909 Relative Error 0.00014803203521296382
Epoch 910 Relative Error 0.00015053723473101854
Epoch 911 Relative Error 0.00015375541988760233
Epoch 912 Relative Error 0.00014823647507000715
Epoch 913 Relative Error 0.0001526250271126628
Epoch 914 Relative Error 0.00015131745021790266
Epoch 915 Relative Error 0.00015164684737101197
Epoch 916 Relative Error 0.00015212745347525924
Epoch 917 Relative Error 0.00015186442760750651
Epoch 918 Relative Error 0.00015439678099937737
Epoch 919 Relative Error 0.00014519804972223938
Epoch 920 Relative Error 0.00015580606122966856
Epoch 921 Relative Error 0.0001502337254351005
Epoch 922 Relative Error 0.00015454601089004427
Epoch 923 Relative Error 0.0001517237542429939
Epoch 924 Relative Error 0.00015084340702742338
Epoch 925 Relative Error 0.00015428931510541588
Epoch 926 Relative Error 0.00014993437798693776
Epoch 927 Relative Error 0.00015662427176721394
Epoch 928 Relative Error 0.00015000652638264
Epoch 929 Relative Error 0.00015055049152579159
Epoch 930 Relative Error 0.0001536026829853654
Epoch 931 Relative Error 0.00015404804435092956
Epoch 932 Relative Error 0.000154311434016563
Epoch 933 Relative Error 0.00014867345453239977
Epoch 934 Relative Error 0.0001580228708917275
Epoch 935 Relative Error 0.00014824324171058834
Epoch 936 Relative Error 0.00015318022633437067
Epoch 937 Relative Error 0.00014981094864197075
Epoch 938 Relative Error 0.0001496573386248201
Epoch 939 Relative Error 0.00015094147238414735
Epoch 940 Relative Error 0.0001523998216725886
Epoch 941 Relative Error 0.00014743863721378148
Epoch 942 Relative Error 0.0001482295774621889
Epoch 943 Relative Error 0.00015798975073266774
Epoch 944 Relative Error 0.00015054534014780074
Epoch 945 Relative Error 0.00015259480278473347
Epoch 946 Relative Error 0.00014762103091925383
Epoch 947 Relative Error 0.00016014097491279244
Epoch 948 Relative Error 0.00014998603728599846
Epoch 949 Relative Error 0.0001485923130530864
Epoch 950 Relative Error 0.00015341433754656464
Epoch 951 Relative Error 0.00015436700778082013
Epoch 952 Relative Error 0.00014757600729353726
Epoch 953 Relative Error 0.00015276699559763074
Epoch 954 Relative Error 0.00015264081594068557
Epoch 955 Relative Error 0.0001445832458557561
Epoch 956 Relative Error 0.00015509470540564507
Epoch 957 Relative Error 0.00014827639097347856
Epoch 958 Relative Error 0.00014578588888980448
Epoch 959 Relative Error 0.0001576562353875488
Epoch 960 Relative Error 0.00015223085938487202
Epoch 961 Relative Error 0.00014459018711932003
Epoch 962 Relative Error 0.00015665969112887979
Epoch 963 Relative Error 0.0001507946872152388
Epoch 964 Relative Error 0.00014845613623037934
Epoch 965 Relative Error 0.0001508101704530418
Epoch 966 Relative Error 0.00015198069741018116
Epoch 967 Relative Error 0.00015064470062498003
Epoch 968 Relative Error 0.00014791148714721203
Epoch 969 Relative Error 0.00014877314970362931
Epoch 970 Relative Error 0.0001545665436424315
Epoch 971 Relative Error 0.0001458451442886144
Epoch 972 Relative Error 0.00015915448602754623
Epoch 973 Relative Error 0.00014951502089388669
Epoch 974 Relative Error 0.00014665081107523292
Epoch 975 Relative Error 0.00015425960009451956
Epoch 976 Relative Error 0.000158294293214567
Epoch 977 Relative Error 0.00014969843323342502
Epoch 978 Relative Error 0.000155986039317213
Epoch 979 Relative Error 0.00015241315122693777
Epoch 980 Relative Error 0.00015193982108030468
Epoch 981 Relative Error 0.00016683887224644423
Epoch 982 Relative Error 0.00015431518841069192
Epoch 983 Relative Error 0.00015671452274546027
Epoch 984 Relative Error 0.00015267969865817577
Epoch 985 Relative Error 0.00014981398999225348
Epoch 986 Relative Error 0.0001497787015978247
Epoch 987 Relative Error 0.0001516129559604451
Epoch 988 Relative Error 0.0001527967251604423
Epoch 989 Relative Error 0.00014560802082996815
Epoch 990 Relative Error 0.00015444487507920712
Epoch 991 Relative Error 0.00014869487495161593
Epoch 992 Relative Error 0.00015216038445942104
Epoch 993 Relative Error 0.00014780178025830537
Epoch 994 Relative Error 0.00015543230983894318
Epoch 995 Relative Error 0.0001498488272773102
Epoch 996 Relative Error 0.0001518627250334248
Epoch 997 Relative Error 0.00014867231948301196
Epoch 998 Relative Error 0.00015408647595904768
Epoch 999 Relative Error 0.00015715400513727218
Epoch 1000 Relative Error 0.00014602694136556238
RE (1, 9, 9, 0): 0.0001445832458557561
Green's Function RE (1, 9, 9, 0): 0.006616134196519852
Bias Term RE (1, 9, 9, 0): 0.007495072204619646
Combination (1, 9, 9, 0, 0): 0.0001460266939830035
Combination (1, 9, 9, 0, 1): 0.002476657507941127
Combination (1, 9, 9, 0, 2): 0.00252369767986238
Combination (1, 9, 9, 0, 3): 0.0025224341079592705
Combination (1, 9, 9, 0, 4): 0.002523495350033045

/home/gridsan/gstepaniants/.local/lib/python3.8/site-packages/torch/functional.py:478: UserWarning: torch.meshgrid: in an upcoming release, it will be required to pass the indexing argument. (Triggered internally at  ../aten/src/ATen/native/TensorShape.cpp:2895.)
  return _VF.meshgrid(tensors, **kwargs)  # type: ignore[attr-defined]
