[KeOps] Warning : Cuda libraries were not detected on the system ; using cpu only mode
1
Kernel: Matern3/2
Weight Mesh: 100
RKHS Kernel Width: 0.4
Lambda: 1e-06
Green's Function Learning Rate: 100
Bias Term Learning Rate: 100
Epoch 1 Relative Error 57786.76953125
First epoch had re = 57786.76953125 > 1
Green's Function Learning Rate: 50
Bias Term Learning Rate: 50
Epoch 1 Relative Error 25334.939453125
First epoch had re = 25334.939453125 > 1
Green's Function Learning Rate: 10
Bias Term Learning Rate: 10
Epoch 1 Relative Error 5851.99365234375
First epoch had re = 5851.99365234375 > 1
Green's Function Learning Rate: 5
Bias Term Learning Rate: 5
Epoch 1 Relative Error 3068.6376953125
First epoch had re = 3068.6376953125 > 1
Green's Function Learning Rate: 1
Bias Term Learning Rate: 1
Epoch 1 Relative Error 422.70068359375
First epoch had re = 422.70068359375 > 1
Green's Function Learning Rate: 0.5
Bias Term Learning Rate: 0.5
Epoch 1 Relative Error 230.41378784179688
First epoch had re = 230.41378784179688 > 1
Green's Function Learning Rate: 0.1
Bias Term Learning Rate: 0.1
Epoch 1 Relative Error 62.54176330566406
First epoch had re = 62.54176330566406 > 1
Green's Function Learning Rate: 0.05
Bias Term Learning Rate: 0.05
Epoch 1 Relative Error 24.965972900390625
First epoch had re = 24.965972900390625 > 1
Green's Function Learning Rate: 0.01
Bias Term Learning Rate: 0.01
Epoch 1 Relative Error 5.25570821762085
First epoch had re = 5.25570821762085 > 1
Green's Function Learning Rate: 0.005
Bias Term Learning Rate: 0.005
Epoch 1 Relative Error 2.6850712299346924
First epoch had re = 2.6850712299346924 > 1
Green's Function Learning Rate: 0.001
Bias Term Learning Rate: 0.001
Epoch 1 Relative Error 0.7483892440795898
Epoch 2 Relative Error 0.6387079954147339
Epoch 3 Relative Error 0.737464964389801
Epoch 4 Relative Error 0.5542382597923279
Epoch 5 Relative Error 0.621141791343689
Epoch 6 Relative Error 0.494424045085907
Epoch 7 Relative Error 0.5161675810813904
Epoch 8 Relative Error 0.4701039493083954
Epoch 9 Relative Error 0.465353399515152
Epoch 10 Relative Error 0.4525146782398224
Epoch 11 Relative Error 0.4407959282398224
Epoch 12 Relative Error 0.43393373489379883
Epoch 13 Relative Error 0.4258786141872406
Epoch 14 Relative Error 0.4191182553768158
Epoch 15 Relative Error 0.4161365330219269
Epoch 16 Relative Error 0.4110313355922699
Epoch 17 Relative Error 0.40965136885643005
Epoch 18 Relative Error 0.40517616271972656
Epoch 19 Relative Error 0.4035506844520569
Epoch 20 Relative Error 0.40046101808547974
Epoch 21 Relative Error 0.39816814661026
Epoch 22 Relative Error 0.3960786759853363
Epoch 23 Relative Error 0.3928498923778534
Epoch 24 Relative Error 0.39033132791519165
Epoch 25 Relative Error 0.38774359226226807
Epoch 26 Relative Error 0.38507500290870667
Epoch 27 Relative Error 0.38287657499313354
Epoch 28 Relative Error 0.37978729605674744
Epoch 29 Relative Error 0.37753742933273315
Epoch 30 Relative Error 0.37494298815727234
Epoch 31 Relative Error 0.3721702992916107
Epoch 32 Relative Error 0.37017273902893066
Epoch 33 Relative Error 0.3673346936702728
Epoch 34 Relative Error 0.36507272720336914
Epoch 35 Relative Error 0.36393219232559204
Epoch 36 Relative Error 0.3599696457386017
Epoch 37 Relative Error 0.3577828109264374
Epoch 38 Relative Error 0.3558567464351654
Epoch 39 Relative Error 0.3524948060512543
Epoch 40 Relative Error 0.350545197725296
Epoch 41 Relative Error 0.3477993905544281
Epoch 42 Relative Error 0.34545865654945374
Epoch 43 Relative Error 0.34335091710090637
Epoch 44 Relative Error 0.3410298824310303
Epoch 45 Relative Error 0.3382962644100189
Epoch 46 Relative Error 0.3368997573852539
Epoch 47 Relative Error 0.33359798789024353
Epoch 48 Relative Error 0.3312782049179077
Epoch 49 Relative Error 0.32967427372932434
Epoch 50 Relative Error 0.32668960094451904
Epoch 51 Relative Error 0.32442137598991394
Epoch 52 Relative Error 0.3238915801048279
Epoch 53 Relative Error 0.3200848400592804
Epoch 54 Relative Error 0.3179054856300354
Epoch 55 Relative Error 0.3168599009513855
Epoch 56 Relative Error 0.3153485059738159
Epoch 57 Relative Error 0.3120430111885071
Epoch 58 Relative Error 0.3096862733364105
Epoch 59 Relative Error 0.30851125717163086
Epoch 60 Relative Error 0.30735111236572266
Epoch 61 Relative Error 0.3035593628883362
Epoch 62 Relative Error 0.30183935165405273
Epoch 63 Relative Error 0.3017003536224365
Epoch 64 Relative Error 0.29986342787742615
Epoch 65 Relative Error 0.29670318961143494
Epoch 66 Relative Error 0.29463741183280945
Epoch 67 Relative Error 0.29277724027633667
Epoch 68 Relative Error 0.29229405522346497
Epoch 69 Relative Error 0.2893769443035126
Epoch 70 Relative Error 0.2878614068031311
Epoch 71 Relative Error 0.2861175537109375
Epoch 72 Relative Error 0.28466710448265076
Epoch 73 Relative Error 0.28385797142982483
Epoch 74 Relative Error 0.28145280480384827
Epoch 75 Relative Error 0.2795846462249756
Epoch 76 Relative Error 0.27815309166908264
Epoch 77 Relative Error 0.2765796184539795
Epoch 78 Relative Error 0.27606600522994995
Epoch 79 Relative Error 0.27441513538360596
Epoch 80 Relative Error 0.27239248156547546
Epoch 81 Relative Error 0.27095916867256165
Epoch 82 Relative Error 0.27063414454460144
Epoch 83 Relative Error 0.26916268467903137
Epoch 84 Relative Error 0.26852652430534363
Epoch 85 Relative Error 0.2670406103134155
Epoch 86 Relative Error 0.2648683786392212
Epoch 87 Relative Error 0.2634887993335724
Epoch 88 Relative Error 0.2627502381801605
Epoch 89 Relative Error 0.2619757652282715
Epoch 90 Relative Error 0.2611314654350281
Epoch 91 Relative Error 0.25939151644706726
Epoch 92 Relative Error 0.25795018672943115
Epoch 93 Relative Error 0.2573365569114685
Epoch 94 Relative Error 0.25664594769477844
Epoch 95 Relative Error 0.2549099922180176
Epoch 96 Relative Error 0.2540644705295563
Epoch 97 Relative Error 0.25314006209373474
Epoch 98 Relative Error 0.2527051568031311
Epoch 99 Relative Error 0.25211024284362793
Epoch 100 Relative Error 0.2509380877017975
Epoch 101 Relative Error 0.24985773861408234
Epoch 102 Relative Error 0.24903777241706848
Epoch 103 Relative Error 0.24792928993701935
Epoch 104 Relative Error 0.24748744070529938
Epoch 105 Relative Error 0.2475721389055252
Epoch 106 Relative Error 0.24781562387943268
Epoch 107 Relative Error 0.24663032591342926
Epoch 108 Relative Error 0.24441131949424744
Epoch 109 Relative Error 0.24336020648479462
Epoch 110 Relative Error 0.24382497370243073
Epoch 111 Relative Error 0.24256198108196259
Epoch 112 Relative Error 0.2409922331571579
Epoch 113 Relative Error 0.24034975469112396
Epoch 114 Relative Error 0.2397562563419342
Epoch 115 Relative Error 0.23945103585720062
Epoch 116 Relative Error 0.23939436674118042
Epoch 117 Relative Error 0.23859421908855438
Epoch 118 Relative Error 0.2390478104352951
Epoch 119 Relative Error 0.23731520771980286
Epoch 120 Relative Error 0.23667559027671814
Epoch 121 Relative Error 0.23561254143714905
Epoch 122 Relative Error 0.23521064221858978
Epoch 123 Relative Error 0.23598642647266388
Epoch 124 Relative Error 0.23619717359542847
Epoch 125 Relative Error 0.2346702516078949
Epoch 126 Relative Error 0.23411278426647186
Epoch 127 Relative Error 0.2338258922100067
Epoch 128 Relative Error 0.2327728271484375
Epoch 129 Relative Error 0.23201818764209747
Epoch 130 Relative Error 0.2315758317708969
Epoch 131 Relative Error 0.2309560924768448
Epoch 132 Relative Error 0.2305518239736557
Epoch 133 Relative Error 0.230435311794281
Epoch 134 Relative Error 0.2303762137889862
Epoch 135 Relative Error 0.2320406436920166
Epoch 136 Relative Error 0.23029088973999023
Epoch 137 Relative Error 0.230246901512146
Epoch 138 Relative Error 0.22839774191379547
Epoch 139 Relative Error 0.22782506048679352
Epoch 140 Relative Error 0.227783665060997
Epoch 141 Relative Error 0.22791361808776855
Epoch 142 Relative Error 0.2273457646369934
Epoch 143 Relative Error 0.2266901731491089
Epoch 144 Relative Error 0.2264316827058792
Epoch 145 Relative Error 0.22598089277744293
Epoch 146 Relative Error 0.22561995685100555
Epoch 147 Relative Error 0.22534754872322083
Epoch 148 Relative Error 0.22557717561721802
Epoch 149 Relative Error 0.22471661865711212
Epoch 150 Relative Error 0.2244308888912201
Epoch 151 Relative Error 0.22437317669391632
Epoch 152 Relative Error 0.22540268301963806
Epoch 153 Relative Error 0.22435641288757324
Epoch 154 Relative Error 0.2243099808692932
Epoch 155 Relative Error 0.22361800074577332
Epoch 156 Relative Error 0.22285811603069305
Epoch 157 Relative Error 0.22230295836925507
Epoch 158 Relative Error 0.222079798579216
Epoch 159 Relative Error 0.22187449038028717
Epoch 160 Relative Error 0.22177360951900482
Epoch 161 Relative Error 0.2219286859035492
Epoch 162 Relative Error 0.22377900779247284
Epoch 163 Relative Error 0.2228856384754181
Epoch 164 Relative Error 0.2228216826915741
Epoch 165 Relative Error 0.22122682631015778
Epoch 166 Relative Error 0.22065715491771698
Epoch 167 Relative Error 0.2202811986207962
Epoch 168 Relative Error 0.21969279646873474
Epoch 169 Relative Error 0.21972320973873138
Epoch 170 Relative Error 0.2192155122756958
Epoch 171 Relative Error 0.21916411817073822
Epoch 172 Relative Error 0.2186722457408905
Epoch 173 Relative Error 0.21843411028385162
Epoch 174 Relative Error 0.2182852327823639
Epoch 175 Relative Error 0.21818643808364868
Epoch 176 Relative Error 0.21863935887813568
Epoch 177 Relative Error 0.21917784214019775
Epoch 178 Relative Error 0.21848280727863312
Epoch 179 Relative Error 0.2176784873008728
Epoch 180 Relative Error 0.21779857575893402
Epoch 181 Relative Error 0.21756140887737274
Epoch 182 Relative Error 0.21748009324073792
Epoch 183 Relative Error 0.21678486466407776
Epoch 184 Relative Error 0.21624568104743958
Epoch 185 Relative Error 0.21622730791568756
Epoch 186 Relative Error 0.21611064672470093
Epoch 187 Relative Error 0.21609047055244446
Epoch 188 Relative Error 0.21565137803554535
Epoch 189 Relative Error 0.21563181281089783
Epoch 190 Relative Error 0.21506251394748688
Epoch 191 Relative Error 0.21493598818778992
Epoch 192 Relative Error 0.21471849083900452
Epoch 193 Relative Error 0.21487747132778168
Epoch 194 Relative Error 0.21453388035297394
Epoch 195 Relative Error 0.21422956883907318
Epoch 196 Relative Error 0.2140922099351883
Epoch 197 Relative Error 0.21384377777576447
Epoch 198 Relative Error 0.213458850979805
Epoch 199 Relative Error 0.21339331567287445
Epoch 200 Relative Error 0.21361488103866577
Epoch 201 Relative Error 0.21292419731616974
Epoch 202 Relative Error 0.21285854279994965
Epoch 203 Relative Error 0.21285057067871094
Epoch 204 Relative Error 0.2127743810415268
Epoch 205 Relative Error 0.21248461306095123
Epoch 206 Relative Error 0.21245236694812775
Epoch 207 Relative Error 0.2127380073070526
Epoch 208 Relative Error 0.21185514330863953
Epoch 209 Relative Error 0.21156266331672668
Epoch 210 Relative Error 0.21134059131145477
Epoch 211 Relative Error 0.2112135887145996
Epoch 212 Relative Error 0.21132546663284302
Epoch 213 Relative Error 0.21082474291324615
Epoch 214 Relative Error 0.210816890001297
Epoch 215 Relative Error 0.21069802343845367
Epoch 216 Relative Error 0.21037833392620087
Epoch 217 Relative Error 0.2103908360004425
Epoch 218 Relative Error 0.20997479557991028
Epoch 219 Relative Error 0.20998238027095795
Epoch 220 Relative Error 0.20979194343090057
Epoch 221 Relative Error 0.2099328339099884
Epoch 222 Relative Error 0.2092956155538559
Epoch 223 Relative Error 0.2094387263059616
Epoch 224 Relative Error 0.21003402769565582
Epoch 225 Relative Error 0.2096913456916809
Epoch 226 Relative Error 0.20935069024562836
Epoch 227 Relative Error 0.20889173448085785
Epoch 228 Relative Error 0.20876826345920563
Epoch 229 Relative Error 0.20830073952674866
Epoch 230 Relative Error 0.20833034813404083
Epoch 231 Relative Error 0.20823891460895538
Epoch 232 Relative Error 0.20789644122123718
Epoch 233 Relative Error 0.20751288533210754
Epoch 234 Relative Error 0.2074931263923645
Epoch 235 Relative Error 0.20789092779159546
Epoch 236 Relative Error 0.20711509883403778
Epoch 237 Relative Error 0.20685192942619324
Epoch 238 Relative Error 0.20690162479877472
Epoch 239 Relative Error 0.2071252316236496
Epoch 240 Relative Error 0.20736047625541687
Epoch 241 Relative Error 0.20681576430797577
Epoch 242 Relative Error 0.20673732459545135
Epoch 243 Relative Error 0.20627281069755554
Epoch 244 Relative Error 0.20651304721832275
Epoch 245 Relative Error 0.20601214468479156
Epoch 246 Relative Error 0.2061643749475479
Epoch 247 Relative Error 0.20582374930381775
Epoch 248 Relative Error 0.20540080964565277
Epoch 249 Relative Error 0.20546361804008484
Epoch 250 Relative Error 0.20538568496704102
Epoch 251 Relative Error 0.20504191517829895
Epoch 252 Relative Error 0.20492660999298096
Epoch 253 Relative Error 0.2047186940908432
Epoch 254 Relative Error 0.20464873313903809
Epoch 255 Relative Error 0.20401188731193542
Epoch 256 Relative Error 0.20367884635925293
Epoch 257 Relative Error 0.2036398947238922
Epoch 258 Relative Error 0.20345278084278107
Epoch 259 Relative Error 0.2032831460237503
Epoch 260 Relative Error 0.20319782197475433
Epoch 261 Relative Error 0.20319053530693054
Epoch 262 Relative Error 0.2028520405292511
Epoch 263 Relative Error 0.20271676778793335
Epoch 264 Relative Error 0.2025521993637085
Epoch 265 Relative Error 0.20244100689888
Epoch 266 Relative Error 0.2023417204618454
Epoch 267 Relative Error 0.20224200189113617
Epoch 268 Relative Error 0.202096089720726
Epoch 269 Relative Error 0.2018415629863739
Epoch 270 Relative Error 0.2016669362783432
Epoch 271 Relative Error 0.20157063007354736
Epoch 272 Relative Error 0.20121775567531586
Epoch 273 Relative Error 0.20121556520462036
Epoch 274 Relative Error 0.20094335079193115
Epoch 275 Relative Error 0.20102699100971222
Epoch 276 Relative Error 0.20075014233589172
Epoch 277 Relative Error 0.2007748782634735
Epoch 278 Relative Error 0.2010933756828308
Epoch 279 Relative Error 0.20036901533603668
Epoch 280 Relative Error 0.2002059668302536
Epoch 281 Relative Error 0.20013809204101562
Epoch 282 Relative Error 0.19991959631443024
Epoch 283 Relative Error 0.19962821900844574
Epoch 284 Relative Error 0.1994457095861435
Epoch 285 Relative Error 0.19933848083019257
Epoch 286 Relative Error 0.19916890561580658
Epoch 287 Relative Error 0.19908474385738373
Epoch 288 Relative Error 0.19922254979610443
Epoch 289 Relative Error 0.1987791508436203
Epoch 290 Relative Error 0.19907498359680176
Epoch 291 Relative Error 0.19843371212482452
Epoch 292 Relative Error 0.19849051535129547
Epoch 293 Relative Error 0.19815078377723694
Epoch 294 Relative Error 0.19824427366256714
Epoch 295 Relative Error 0.19886118173599243
Epoch 296 Relative Error 0.19862058758735657
Epoch 297 Relative Error 0.1985904723405838
Epoch 298 Relative Error 0.19788199663162231
Epoch 299 Relative Error 0.19750051200389862
Epoch 300 Relative Error 0.1974557340145111
Epoch 301 Relative Error 0.19696646928787231
Epoch 302 Relative Error 0.19689203798770905
Epoch 303 Relative Error 0.1966957449913025
Epoch 304 Relative Error 0.19663791358470917
Epoch 305 Relative Error 0.19643409550189972
Epoch 306 Relative Error 0.19637402892112732
Epoch 307 Relative Error 0.19622814655303955
Epoch 308 Relative Error 0.19603340327739716
Epoch 309 Relative Error 0.19577567279338837
Epoch 310 Relative Error 0.19570143520832062
Epoch 311 Relative Error 0.1956459879875183
Epoch 312 Relative Error 0.19537730515003204
Epoch 313 Relative Error 0.1953200399875641
Epoch 314 Relative Error 0.19599445164203644
Epoch 315 Relative Error 0.1952826827764511
Epoch 316 Relative Error 0.19489909708499908
Epoch 317 Relative Error 0.19481609761714935
Epoch 318 Relative Error 0.19454453885555267
Epoch 319 Relative Error 0.1945382058620453
Epoch 320 Relative Error 0.19429108500480652
Epoch 321 Relative Error 0.1944241225719452
Epoch 322 Relative Error 0.1941111534833908
Epoch 323 Relative Error 0.19393640756607056
Epoch 324 Relative Error 0.19373340904712677
Epoch 325 Relative Error 0.19364899396896362
Epoch 326 Relative Error 0.19364570081233978
Epoch 327 Relative Error 0.19361865520477295
Epoch 328 Relative Error 0.1933378428220749
Epoch 329 Relative Error 0.19378243386745453
Epoch 330 Relative Error 0.19314463436603546
Epoch 331 Relative Error 0.19304639101028442
Epoch 332 Relative Error 0.19299177825450897
Epoch 333 Relative Error 0.19280457496643066
Epoch 334 Relative Error 0.19257168471813202
Epoch 335 Relative Error 0.1922338604927063
Epoch 336 Relative Error 0.1921418458223343
Epoch 337 Relative Error 0.1925271451473236
Epoch 338 Relative Error 0.19289396703243256
Epoch 339 Relative Error 0.19298207759857178
Epoch 340 Relative Error 0.19256159663200378
Epoch 341 Relative Error 0.19289855659008026
Epoch 342 Relative Error 0.1920689046382904
Epoch 343 Relative Error 0.19117371737957
Epoch 344 Relative Error 0.19119422137737274
Epoch 345 Relative Error 0.1910182237625122
Epoch 346 Relative Error 0.1907757967710495
Epoch 347 Relative Error 0.19071932137012482
Epoch 348 Relative Error 0.19053804874420166
Epoch 349 Relative Error 0.1905127465724945
Epoch 350 Relative Error 0.19068127870559692
Epoch 351 Relative Error 0.19011619687080383
Epoch 352 Relative Error 0.1901237666606903
Epoch 353 Relative Error 0.18992440402507782
Epoch 354 Relative Error 0.19024978578090668
Epoch 355 Relative Error 0.18989349901676178
Epoch 356 Relative Error 0.18961480259895325
Epoch 357 Relative Error 0.1895315796136856
Epoch 358 Relative Error 0.18918608129024506
Epoch 359 Relative Error 0.18943527340888977
Epoch 360 Relative Error 0.18911854922771454
Epoch 361 Relative Error 0.18898165225982666
Epoch 362 Relative Error 0.18867751955986023
Epoch 363 Relative Error 0.1886170506477356
Epoch 364 Relative Error 0.1888238489627838
Epoch 365 Relative Error 0.18836288154125214
Epoch 366 Relative Error 0.18855316936969757
Epoch 367 Relative Error 0.18825548887252808
Epoch 368 Relative Error 0.1881229728460312
Epoch 369 Relative Error 0.18834680318832397
Epoch 370 Relative Error 0.18796448409557343
Epoch 371 Relative Error 0.18781036138534546
Epoch 372 Relative Error 0.18749162554740906
Epoch 373 Relative Error 0.18758367002010345
Epoch 374 Relative Error 0.1874561458826065
Epoch 375 Relative Error 0.1871621161699295
Epoch 376 Relative Error 0.1870214343070984
Epoch 377 Relative Error 0.18690422177314758
Epoch 378 Relative Error 0.1868523359298706
Epoch 379 Relative Error 0.18675817549228668
Epoch 380 Relative Error 0.18676155805587769
Epoch 381 Relative Error 0.18643970787525177
Epoch 382 Relative Error 0.18628710508346558
Epoch 383 Relative Error 0.18632985651493073
Epoch 384 Relative Error 0.18601097166538239
Epoch 385 Relative Error 0.18595543503761292
Epoch 386 Relative Error 0.18586516380310059
Epoch 387 Relative Error 0.18566076457500458
Epoch 388 Relative Error 0.1855739802122116
Epoch 389 Relative Error 0.18541936576366425
Epoch 390 Relative Error 0.1853489726781845
Epoch 391 Relative Error 0.18525387346744537
Epoch 392 Relative Error 0.18507857620716095
Epoch 393 Relative Error 0.18498162925243378
Epoch 394 Relative Error 0.1850510984659195
Epoch 395 Relative Error 0.18507343530654907
Epoch 396 Relative Error 0.18476615846157074
Epoch 397 Relative Error 0.1848212331533432
Epoch 398 Relative Error 0.184812530875206
Epoch 399 Relative Error 0.184904545545578
Epoch 400 Relative Error 0.18485000729560852
Epoch 401 Relative Error 0.1840817630290985
Epoch 402 Relative Error 0.1843751072883606
Epoch 403 Relative Error 0.18438223004341125
Epoch 404 Relative Error 0.18441569805145264
Epoch 405 Relative Error 0.18408899009227753
Epoch 406 Relative Error 0.18412181735038757
Epoch 407 Relative Error 0.18363381922245026
Epoch 408 Relative Error 0.18325750529766083
Epoch 409 Relative Error 0.1832989603281021
Epoch 410 Relative Error 0.18298549950122833
Epoch 411 Relative Error 0.1828560084104538
Epoch 412 Relative Error 0.18299120664596558
Epoch 413 Relative Error 0.18270494043827057
Epoch 414 Relative Error 0.18281282484531403
Epoch 415 Relative Error 0.18244563043117523
Epoch 416 Relative Error 0.18257907032966614
Epoch 417 Relative Error 0.18292106688022614
Epoch 418 Relative Error 0.18295063078403473
Epoch 419 Relative Error 0.18261541426181793
Epoch 420 Relative Error 0.18196025490760803
Epoch 421 Relative Error 0.18182070553302765
Epoch 422 Relative Error 0.18176916241645813
Epoch 423 Relative Error 0.18163685500621796
Epoch 424 Relative Error 0.18149249255657196
Epoch 425 Relative Error 0.1814112365245819
Epoch 426 Relative Error 0.18131078779697418
Epoch 427 Relative Error 0.18147824704647064
Epoch 428 Relative Error 0.181305930018425
Epoch 429 Relative Error 0.180948406457901
Epoch 430 Relative Error 0.18107418715953827
Epoch 431 Relative Error 0.18121613562107086
Epoch 432 Relative Error 0.180946946144104
Epoch 433 Relative Error 0.1809646636247635
Epoch 434 Relative Error 0.18045306205749512
Epoch 435 Relative Error 0.18039435148239136
Epoch 436 Relative Error 0.18024472892284393
Epoch 437 Relative Error 0.1809215247631073
Epoch 438 Relative Error 0.18037725985050201
Epoch 439 Relative Error 0.17999738454818726
Epoch 440 Relative Error 0.17984817922115326
Epoch 441 Relative Error 0.17969994246959686
Epoch 442 Relative Error 0.17946051061153412
Epoch 443 Relative Error 0.17937080562114716
Epoch 444 Relative Error 0.17930588126182556
Epoch 445 Relative Error 0.17918744683265686
Epoch 446 Relative Error 0.1790778785943985
Epoch 447 Relative Error 0.1789221614599228
Epoch 448 Relative Error 0.17897704243659973
Epoch 449 Relative Error 0.1788962483406067
Epoch 450 Relative Error 0.17881514132022858
Epoch 451 Relative Error 0.17900048196315765
Epoch 452 Relative Error 0.1791723221540451
Epoch 453 Relative Error 0.17859433591365814
Epoch 454 Relative Error 0.1786593347787857
Epoch 455 Relative Error 0.17847199738025665
Epoch 456 Relative Error 0.17868123948574066
Epoch 457 Relative Error 0.17850196361541748
Epoch 458 Relative Error 0.1787046492099762
Epoch 459 Relative Error 0.1787838637828827
Epoch 460 Relative Error 0.17808909714221954
Epoch 461 Relative Error 0.17764052748680115
Epoch 462 Relative Error 0.17736369371414185
Epoch 463 Relative Error 0.17739787697792053
Epoch 464 Relative Error 0.17735035717487335
Epoch 465 Relative Error 0.17739513516426086
Epoch 466 Relative Error 0.1771697849035263
Epoch 467 Relative Error 0.17687439918518066
Epoch 468 Relative Error 0.17686359584331512
Epoch 469 Relative Error 0.17699584364891052
Epoch 470 Relative Error 0.17672042548656464
Epoch 471 Relative Error 0.17662419378757477
Epoch 472 Relative Error 0.17644937336444855
Epoch 473 Relative Error 0.1763436496257782
Epoch 474 Relative Error 0.17639687657356262
Epoch 475 Relative Error 0.1762634664773941
Epoch 476 Relative Error 0.17622745037078857
Epoch 477 Relative Error 0.1758793443441391
Epoch 478 Relative Error 0.17579974234104156
Epoch 479 Relative Error 0.17569366097450256
Epoch 480 Relative Error 0.17557893693447113
Epoch 481 Relative Error 0.17561258375644684
Epoch 482 Relative Error 0.17537681758403778
Epoch 483 Relative Error 0.17539814114570618
Epoch 484 Relative Error 0.17529313266277313
Epoch 485 Relative Error 0.1752174347639084
Epoch 486 Relative Error 0.17501437664031982
Epoch 487 Relative Error 0.17521075904369354
Epoch 488 Relative Error 0.1747376173734665
Epoch 489 Relative Error 0.17486774921417236
Epoch 490 Relative Error 0.17456641793251038
Epoch 491 Relative Error 0.17453253269195557
Epoch 492 Relative Error 0.17455774545669556
Epoch 493 Relative Error 0.1742894947528839
Epoch 494 Relative Error 0.17431031167507172
Epoch 495 Relative Error 0.17431046068668365
Epoch 496 Relative Error 0.1742207556962967
Epoch 497 Relative Error 0.17442230880260468
Epoch 498 Relative Error 0.17400959134101868
Epoch 499 Relative Error 0.17391560971736908
Epoch 500 Relative Error 0.17366258800029755
Epoch 501 Relative Error 0.1736268848180771
Epoch 502 Relative Error 0.17346708476543427
Epoch 503 Relative Error 0.17338715493679047
Epoch 504 Relative Error 0.17352695763111115
Epoch 505 Relative Error 0.1732695996761322
Epoch 506 Relative Error 0.17331355810165405
Epoch 507 Relative Error 0.17301569879055023
Epoch 508 Relative Error 0.17288142442703247
Epoch 509 Relative Error 0.17298215627670288
Epoch 510 Relative Error 0.17283274233341217
Epoch 511 Relative Error 0.1727624535560608
Epoch 512 Relative Error 0.17258554697036743
Epoch 513 Relative Error 0.17253006994724274
Epoch 514 Relative Error 0.17263509333133698
Epoch 515 Relative Error 0.17234939336776733
Epoch 516 Relative Error 0.17234191298484802
Epoch 517 Relative Error 0.1725492775440216
Epoch 518 Relative Error 0.1722196489572525
Epoch 519 Relative Error 0.1721569001674652
Epoch 520 Relative Error 0.17197780311107635
Epoch 521 Relative Error 0.17182916402816772
Epoch 522 Relative Error 0.1718805432319641
Epoch 523 Relative Error 0.17187391221523285
Epoch 524 Relative Error 0.17152144014835358
Epoch 525 Relative Error 0.171350359916687
Epoch 526 Relative Error 0.17139266431331635
Epoch 527 Relative Error 0.17127881944179535
Epoch 528 Relative Error 0.17107781767845154
Epoch 529 Relative Error 0.17102085053920746
Epoch 530 Relative Error 0.1708836555480957
Epoch 531 Relative Error 0.17083406448364258
Epoch 532 Relative Error 0.1707518994808197
Epoch 533 Relative Error 0.17058341205120087
Epoch 534 Relative Error 0.17059333622455597
Epoch 535 Relative Error 0.1704271286725998
Epoch 536 Relative Error 0.17038704454898834
Epoch 537 Relative Error 0.17045268416404724
Epoch 538 Relative Error 0.1705080270767212
Epoch 539 Relative Error 0.17085272073745728
Epoch 540 Relative Error 0.17047451436519623
Epoch 541 Relative Error 0.1703161746263504
Epoch 542 Relative Error 0.17015749216079712
Epoch 543 Relative Error 0.16991610825061798
Epoch 544 Relative Error 0.16969004273414612
Epoch 545 Relative Error 0.16961660981178284
Epoch 546 Relative Error 0.1695529669523239
Epoch 547 Relative Error 0.16939450800418854
Epoch 548 Relative Error 0.16932837665081024
Epoch 549 Relative Error 0.16917946934700012
Epoch 550 Relative Error 0.16938036680221558
Epoch 551 Relative Error 0.1692771017551422
Epoch 552 Relative Error 0.16918723285198212
Epoch 553 Relative Error 0.1690930426120758
Epoch 554 Relative Error 0.1687760353088379
Epoch 555 Relative Error 0.16882897913455963
Epoch 556 Relative Error 0.16867099702358246
Epoch 557 Relative Error 0.168661430478096
Epoch 558 Relative Error 0.16863709688186646
Epoch 559 Relative Error 0.16840827465057373
Epoch 560 Relative Error 0.16837511956691742
Epoch 561 Relative Error 0.16830062866210938
Epoch 562 Relative Error 0.16830846667289734
Epoch 563 Relative Error 0.1681511253118515
Epoch 564 Relative Error 0.1680230349302292
Epoch 565 Relative Error 0.1678234040737152
Epoch 566 Relative Error 0.1678464561700821
Epoch 567 Relative Error 0.16773411631584167
Epoch 568 Relative Error 0.1677451729774475
Epoch 569 Relative Error 0.16750791668891907
Epoch 570 Relative Error 0.16742783784866333
Epoch 571 Relative Error 0.16735658049583435
Epoch 572 Relative Error 0.16739000380039215
Epoch 573 Relative Error 0.16720326244831085
Epoch 574 Relative Error 0.16719025373458862
Epoch 575 Relative Error 0.16734923422336578
Epoch 576 Relative Error 0.16727732121944427
Epoch 577 Relative Error 0.16745594143867493
Epoch 578 Relative Error 0.16728392243385315
Epoch 579 Relative Error 0.16698981821537018
Epoch 580 Relative Error 0.16671447455883026
Epoch 581 Relative Error 0.16662105917930603
Epoch 582 Relative Error 0.16670329868793488
Epoch 583 Relative Error 0.1664014309644699
Epoch 584 Relative Error 0.166314035654068
Epoch 585 Relative Error 0.16627514362335205
Epoch 586 Relative Error 0.1661803126335144
Epoch 587 Relative Error 0.1662234216928482
Epoch 588 Relative Error 0.16614285111427307
Epoch 589 Relative Error 0.16584360599517822
Epoch 590 Relative Error 0.16575217247009277
Epoch 591 Relative Error 0.16588076949119568
Epoch 592 Relative Error 0.16560891270637512
Epoch 593 Relative Error 0.16556201875209808
Epoch 594 Relative Error 0.16548722982406616
Epoch 595 Relative Error 0.16544198989868164
Epoch 596 Relative Error 0.16540399193763733
Epoch 597 Relative Error 0.1654876470565796
Epoch 598 Relative Error 0.16548706591129303
Epoch 599 Relative Error 0.16509468853473663
Epoch 600 Relative Error 0.16517774760723114
Epoch 601 Relative Error 0.1651637703180313
Epoch 602 Relative Error 0.16486850380897522
Epoch 603 Relative Error 0.16469992697238922
Epoch 604 Relative Error 0.16478443145751953
Epoch 605 Relative Error 0.1645885407924652
Epoch 606 Relative Error 0.1647862195968628
Epoch 607 Relative Error 0.16476336121559143
Epoch 608 Relative Error 0.1650351732969284
Epoch 609 Relative Error 0.16501551866531372
Epoch 610 Relative Error 0.1650511771440506
Epoch 611 Relative Error 0.16510885953903198
Epoch 612 Relative Error 0.16469910740852356
Epoch 613 Relative Error 0.1641596555709839
Epoch 614 Relative Error 0.1640174835920334
Epoch 615 Relative Error 0.16407382488250732
Epoch 616 Relative Error 0.16376642882823944
Epoch 617 Relative Error 0.16372224688529968
Epoch 618 Relative Error 0.1637587994337082
Epoch 619 Relative Error 0.16346466541290283
Epoch 620 Relative Error 0.16353335976600647
Epoch 621 Relative Error 0.16341669857501984
Epoch 622 Relative Error 0.16334715485572815
Epoch 623 Relative Error 0.1633198857307434
Epoch 624 Relative Error 0.1634361892938614
Epoch 625 Relative Error 0.1633767932653427
Epoch 626 Relative Error 0.16321581602096558
Epoch 627 Relative Error 0.16319571435451508
Epoch 628 Relative Error 0.16290457546710968
Epoch 629 Relative Error 0.1628292351961136
Epoch 630 Relative Error 0.1627952754497528
Epoch 631 Relative Error 0.16260606050491333
Epoch 632 Relative Error 0.1625535637140274
Epoch 633 Relative Error 0.162775456905365
Epoch 634 Relative Error 0.1623672991991043
Epoch 635 Relative Error 0.162375345826149
Epoch 636 Relative Error 0.1625564694404602
Epoch 637 Relative Error 0.16238123178482056
Epoch 638 Relative Error 0.16248759627342224
Epoch 639 Relative Error 0.16200469434261322
Epoch 640 Relative Error 0.16192615032196045
Epoch 641 Relative Error 0.1621994823217392
Epoch 642 Relative Error 0.16183622181415558
Epoch 643 Relative Error 0.16181175410747528
Epoch 644 Relative Error 0.16163887083530426
Epoch 645 Relative Error 0.1615716964006424
Epoch 646 Relative Error 0.161569282412529
Epoch 647 Relative Error 0.16143545508384705
Epoch 648 Relative Error 0.16139423847198486
Epoch 649 Relative Error 0.16124498844146729
Epoch 650 Relative Error 0.16120174527168274
Epoch 651 Relative Error 0.16165105998516083
Epoch 652 Relative Error 0.16125814616680145
Epoch 653 Relative Error 0.1612568497657776
Epoch 654 Relative Error 0.16098618507385254
Epoch 655 Relative Error 0.16090185940265656
Epoch 656 Relative Error 0.16078363358974457
Epoch 657 Relative Error 0.16082502901554108
Epoch 658 Relative Error 0.1607009619474411
Epoch 659 Relative Error 0.1606261283159256
Epoch 660 Relative Error 0.16061119735240936
Epoch 661 Relative Error 0.16049247980117798
Epoch 662 Relative Error 0.16051918268203735
Epoch 663 Relative Error 0.16034211218357086
Epoch 664 Relative Error 0.16027487814426422
Epoch 665 Relative Error 0.16047723591327667
Epoch 666 Relative Error 0.16006633639335632
Epoch 667 Relative Error 0.15999822318553925
Epoch 668 Relative Error 0.15990665555000305
Epoch 669 Relative Error 0.15991565585136414
Epoch 670 Relative Error 0.15983951091766357
Epoch 671 Relative Error 0.15976576507091522
Epoch 672 Relative Error 0.16017039120197296
Epoch 673 Relative Error 0.15983304381370544
Epoch 674 Relative Error 0.1600647121667862
Epoch 675 Relative Error 0.15948925912380219
Epoch 676 Relative Error 0.15947577357292175
Epoch 677 Relative Error 0.15937122702598572
Epoch 678 Relative Error 0.15915948152542114
Epoch 679 Relative Error 0.15931271016597748
Epoch 680 Relative Error 0.15914668142795563
Epoch 681 Relative Error 0.15907850861549377
Epoch 682 Relative Error 0.15925434231758118
Epoch 683 Relative Error 0.15923663973808289
Epoch 684 Relative Error 0.1589931696653366
Epoch 685 Relative Error 0.15898272395133972
Epoch 686 Relative Error 0.15866656601428986
Epoch 687 Relative Error 0.15869978070259094
Epoch 688 Relative Error 0.1586327999830246
Epoch 689 Relative Error 0.1584589034318924
Epoch 690 Relative Error 0.15852870047092438
Epoch 691 Relative Error 0.1583416759967804
Epoch 692 Relative Error 0.15833939611911774
Epoch 693 Relative Error 0.1582109034061432
Epoch 694 Relative Error 0.1581086963415146
Epoch 695 Relative Error 0.1582442969083786
Epoch 696 Relative Error 0.1580195426940918
Epoch 697 Relative Error 0.1581108272075653
Epoch 698 Relative Error 0.15808118879795074
Epoch 699 Relative Error 0.1579594761133194
Epoch 700 Relative Error 0.15810051560401917
Epoch 701 Relative Error 0.15794485807418823
Epoch 702 Relative Error 0.1581137776374817
Epoch 703 Relative Error 0.157725527882576
Epoch 704 Relative Error 0.15771856904029846
Epoch 705 Relative Error 0.1574685275554657
Epoch 706 Relative Error 0.15732553601264954
Epoch 707 Relative Error 0.1574782133102417
Epoch 708 Relative Error 0.15714755654335022
Epoch 709 Relative Error 0.15726399421691895
Epoch 710 Relative Error 0.15719088912010193
Epoch 711 Relative Error 0.1571769267320633
Epoch 712 Relative Error 0.15728147327899933
Epoch 713 Relative Error 0.15710315108299255
Epoch 714 Relative Error 0.15686936676502228
Epoch 715 Relative Error 0.1567453294992447
Epoch 716 Relative Error 0.1568947732448578
Epoch 717 Relative Error 0.15665026009082794
Epoch 718 Relative Error 0.15661677718162537
Epoch 719 Relative Error 0.15678644180297852
Epoch 720 Relative Error 0.15646648406982422
Epoch 721 Relative Error 0.1564234048128128
Epoch 722 Relative Error 0.15639880299568176
Epoch 723 Relative Error 0.15621717274188995
Epoch 724 Relative Error 0.15624390542507172
Epoch 725 Relative Error 0.15618851780891418
Epoch 726 Relative Error 0.15620549023151398
Epoch 727 Relative Error 0.15610383450984955
Epoch 728 Relative Error 0.1560647040605545
Epoch 729 Relative Error 0.15596817433834076
Epoch 730 Relative Error 0.15573737025260925
Epoch 731 Relative Error 0.15602852404117584
Epoch 732 Relative Error 0.1557639241218567
Epoch 733 Relative Error 0.1555541604757309
Epoch 734 Relative Error 0.15561741590499878
Epoch 735 Relative Error 0.15549851953983307
Epoch 736 Relative Error 0.15542098879814148
Epoch 737 Relative Error 0.15548348426818848
Epoch 738 Relative Error 0.1553567498922348
Epoch 739 Relative Error 0.15560035407543182
Epoch 740 Relative Error 0.1554131805896759
Epoch 741 Relative Error 0.1555466651916504
Epoch 742 Relative Error 0.15542560815811157
Epoch 743 Relative Error 0.155248761177063
Epoch 744 Relative Error 0.15496118366718292
Epoch 745 Relative Error 0.1550060510635376
Epoch 746 Relative Error 0.15482212603092194
Epoch 747 Relative Error 0.1548389494419098
Epoch 748 Relative Error 0.15480667352676392
Epoch 749 Relative Error 0.1545492559671402
Epoch 750 Relative Error 0.15482571721076965
Epoch 751 Relative Error 0.15443529188632965
Epoch 752 Relative Error 0.15452313423156738
Epoch 753 Relative Error 0.15437056124210358
Epoch 754 Relative Error 0.1542751044034958
Epoch 755 Relative Error 0.15427929162979126
Epoch 756 Relative Error 0.15419398248195648
Epoch 757 Relative Error 0.15431921184062958
Epoch 758 Relative Error 0.1541944146156311
Epoch 759 Relative Error 0.15426065027713776
Epoch 760 Relative Error 0.1540578007698059
Epoch 761 Relative Error 0.1538648009300232
Epoch 762 Relative Error 0.15409578382968903
Epoch 763 Relative Error 0.15367503464221954
Epoch 764 Relative Error 0.15362945199012756
Epoch 765 Relative Error 0.15384413301944733
Epoch 766 Relative Error 0.1535295993089676
Epoch 767 Relative Error 0.1535804718732834
Epoch 768 Relative Error 0.1535923182964325
Epoch 769 Relative Error 0.15342290699481964
Epoch 770 Relative Error 0.1534440666437149
Epoch 771 Relative Error 0.15331494808197021
Epoch 772 Relative Error 0.1531572937965393
Epoch 773 Relative Error 0.1533537060022354
Epoch 774 Relative Error 0.15335631370544434
Epoch 775 Relative Error 0.1532008796930313
Epoch 776 Relative Error 0.15324079990386963
Epoch 777 Relative Error 0.15285982191562653
Epoch 778 Relative Error 0.15298722684383392
Epoch 779 Relative Error 0.15296949446201324
Epoch 780 Relative Error 0.1528691053390503
Epoch 781 Relative Error 0.1526990830898285
Epoch 782 Relative Error 0.152721107006073
Epoch 783 Relative Error 0.15257620811462402
Epoch 784 Relative Error 0.15246307849884033
Epoch 785 Relative Error 0.15261071920394897
Epoch 786 Relative Error 0.15245641767978668
Epoch 787 Relative Error 0.15231889486312866
Epoch 788 Relative Error 0.1525660902261734
Epoch 789 Relative Error 0.15217742323875427
Epoch 790 Relative Error 0.15218855440616608
Epoch 791 Relative Error 0.15214741230010986
Epoch 792 Relative Error 0.15209266543388367
Epoch 793 Relative Error 0.15207578241825104
Epoch 794 Relative Error 0.15189413726329803
Epoch 795 Relative Error 0.1518636792898178
Epoch 796 Relative Error 0.1518593728542328
Epoch 797 Relative Error 0.15191341936588287
Epoch 798 Relative Error 0.15170176327228546
Epoch 799 Relative Error 0.1516299843788147
Epoch 800 Relative Error 0.15175849199295044
Epoch 801 Relative Error 0.1515209674835205
Epoch 802 Relative Error 0.15150436758995056
Epoch 803 Relative Error 0.15162132680416107
Epoch 804 Relative Error 0.15139682590961456
Epoch 805 Relative Error 0.15139919519424438
Epoch 806 Relative Error 0.1514037400484085
Epoch 807 Relative Error 0.15118549764156342
Epoch 808 Relative Error 0.15134570002555847
Epoch 809 Relative Error 0.15104761719703674
Epoch 810 Relative Error 0.15129564702510834
Epoch 811 Relative Error 0.15124844014644623
Epoch 812 Relative Error 0.15115249156951904
Epoch 813 Relative Error 0.151341050863266
Epoch 814 Relative Error 0.15096792578697205
Epoch 815 Relative Error 0.1509108692407608
Epoch 816 Relative Error 0.15082460641860962
Epoch 817 Relative Error 0.15062157809734344
Epoch 818 Relative Error 0.15067927539348602
Epoch 819 Relative Error 0.15061217546463013
Epoch 820 Relative Error 0.15065361559391022
Epoch 821 Relative Error 0.15064109861850739
Epoch 822 Relative Error 0.1507476568222046
Epoch 823 Relative Error 0.15080378949642181
Epoch 824 Relative Error 0.15071018040180206
Epoch 825 Relative Error 0.15025252103805542
Epoch 826 Relative Error 0.1503107249736786
Epoch 827 Relative Error 0.15005260705947876
Epoch 828 Relative Error 0.15035200119018555
Epoch 829 Relative Error 0.15003633499145508
Epoch 830 Relative Error 0.14996814727783203
Epoch 831 Relative Error 0.15003500878810883
Epoch 832 Relative Error 0.14978305995464325
Epoch 833 Relative Error 0.14983129501342773
Epoch 834 Relative Error 0.14982326328754425
Epoch 835 Relative Error 0.14976656436920166
Epoch 836 Relative Error 0.1496911197900772
Epoch 837 Relative Error 0.14971493184566498
Epoch 838 Relative Error 0.14955563843250275
Epoch 839 Relative Error 0.14964917302131653
Epoch 840 Relative Error 0.1499345451593399
Epoch 841 Relative Error 0.14953231811523438
Epoch 842 Relative Error 0.1494738757610321
Epoch 843 Relative Error 0.14921502768993378
Epoch 844 Relative Error 0.14921462535858154
Epoch 845 Relative Error 0.1492338329553604
Epoch 846 Relative Error 0.149183452129364
Epoch 847 Relative Error 0.14920926094055176
Epoch 848 Relative Error 0.1490626335144043
Epoch 849 Relative Error 0.14911210536956787
Epoch 850 Relative Error 0.14915533363819122
Epoch 851 Relative Error 0.1488126963376999
Epoch 852 Relative Error 0.1488245576620102
Epoch 853 Relative Error 0.1489046812057495
Epoch 854 Relative Error 0.14873483777046204
Epoch 855 Relative Error 0.14870648086071014
Epoch 856 Relative Error 0.14858217537403107
Epoch 857 Relative Error 0.148617684841156
Epoch 858 Relative Error 0.14880456030368805
Epoch 859 Relative Error 0.1484781950712204
Epoch 860 Relative Error 0.14868055284023285
Epoch 861 Relative Error 0.14893735945224762
Epoch 862 Relative Error 0.1483159363269806
Epoch 863 Relative Error 0.14825819432735443
Epoch 864 Relative Error 0.14827381074428558
Epoch 865 Relative Error 0.14816156029701233
Epoch 866 Relative Error 0.1480831503868103
Epoch 867 Relative Error 0.14808189868927002
Epoch 868 Relative Error 0.14809508621692657
Epoch 869 Relative Error 0.14787039160728455
Epoch 870 Relative Error 0.1480512171983719
Epoch 871 Relative Error 0.14777585864067078
Epoch 872 Relative Error 0.147775337100029
Epoch 873 Relative Error 0.14784421026706696
Epoch 874 Relative Error 0.14764070510864258
Epoch 875 Relative Error 0.14765316247940063
Epoch 876 Relative Error 0.14767812192440033
Epoch 877 Relative Error 0.14751002192497253
Epoch 878 Relative Error 0.1474781483411789
Epoch 879 Relative Error 0.147555410861969
Epoch 880 Relative Error 0.1474497765302658
Epoch 881 Relative Error 0.14732810854911804
Epoch 882 Relative Error 0.14721472561359406
Epoch 883 Relative Error 0.14737166464328766
Epoch 884 Relative Error 0.147097647190094
Epoch 885 Relative Error 0.1472911834716797
Epoch 886 Relative Error 0.14715008437633514
Epoch 887 Relative Error 0.14704236388206482
Epoch 888 Relative Error 0.1470758020877838
Epoch 889 Relative Error 0.14688639342784882
Epoch 890 Relative Error 0.14694009721279144
Epoch 891 Relative Error 0.14690040051937103
Epoch 892 Relative Error 0.14674904942512512
Epoch 893 Relative Error 0.14690238237380981
Epoch 894 Relative Error 0.1466377228498459
Epoch 895 Relative Error 0.14681564271450043
Epoch 896 Relative Error 0.146498441696167
Epoch 897 Relative Error 0.14671240746974945
Epoch 898 Relative Error 0.14660823345184326
Epoch 899 Relative Error 0.14652515947818756
Epoch 900 Relative Error 0.14648914337158203
Epoch 901 Relative Error 0.14656846225261688
Epoch 902 Relative Error 0.1462712585926056
Epoch 903 Relative Error 0.14637073874473572
Epoch 904 Relative Error 0.14632421731948853
Epoch 905 Relative Error 0.1461295634508133
Epoch 906 Relative Error 0.1461549997329712
Epoch 907 Relative Error 0.1461527794599533
Epoch 908 Relative Error 0.14612948894500732
Epoch 909 Relative Error 0.1461796760559082
Epoch 910 Relative Error 0.1459912210702896
Epoch 911 Relative Error 0.14587752521038055
Epoch 912 Relative Error 0.14577727019786835
Epoch 913 Relative Error 0.14588084816932678
Epoch 914 Relative Error 0.14589738845825195
Epoch 915 Relative Error 0.1457950323820114
Epoch 916 Relative Error 0.14581605792045593
Epoch 917 Relative Error 0.14573021233081818
Epoch 918 Relative Error 0.1455318033695221
Epoch 919 Relative Error 0.1456654667854309
Epoch 920 Relative Error 0.14549335837364197
Epoch 921 Relative Error 0.14542987942695618
Epoch 922 Relative Error 0.14550234377384186
Epoch 923 Relative Error 0.1452297419309616
Epoch 924 Relative Error 0.14542800188064575
Epoch 925 Relative Error 0.14523495733737946
Epoch 926 Relative Error 0.14517034590244293
Epoch 927 Relative Error 0.14534136652946472
Epoch 928 Relative Error 0.14513634145259857
Epoch 929 Relative Error 0.14504143595695496
Epoch 930 Relative Error 0.1451593041419983
Epoch 931 Relative Error 0.14489755034446716
Epoch 932 Relative Error 0.14488382637500763
Epoch 933 Relative Error 0.1449250429868698
Epoch 934 Relative Error 0.1448742300271988
Epoch 935 Relative Error 0.1448436975479126
Epoch 936 Relative Error 0.14494505524635315
Epoch 937 Relative Error 0.14495110511779785
Epoch 938 Relative Error 0.14465758204460144
Epoch 939 Relative Error 0.14467793703079224
Epoch 940 Relative Error 0.1444815844297409
Epoch 941 Relative Error 0.14457184076309204
Epoch 942 Relative Error 0.1444740891456604
Epoch 943 Relative Error 0.14453011751174927
Epoch 944 Relative Error 0.14491912722587585
Epoch 945 Relative Error 0.14434891939163208
Epoch 946 Relative Error 0.14431166648864746
Epoch 947 Relative Error 0.14418081939220428
Epoch 948 Relative Error 0.14425893127918243
Epoch 949 Relative Error 0.14408499002456665
Epoch 950 Relative Error 0.14414095878601074
Epoch 951 Relative Error 0.1440333127975464
Epoch 952 Relative Error 0.1441238969564438
Epoch 953 Relative Error 0.14413566887378693
Epoch 954 Relative Error 0.14412347972393036
Epoch 955 Relative Error 0.14417846500873566
Epoch 956 Relative Error 0.14397931098937988
Epoch 957 Relative Error 0.14374369382858276
Epoch 958 Relative Error 0.14374792575836182
Epoch 959 Relative Error 0.14369969069957733
Epoch 960 Relative Error 0.14370770752429962
Epoch 961 Relative Error 0.14374034106731415
Epoch 962 Relative Error 0.1434907615184784
Epoch 963 Relative Error 0.14360782504081726
Epoch 964 Relative Error 0.14345726370811462
Epoch 965 Relative Error 0.1434049755334854
Epoch 966 Relative Error 0.14343217015266418
Epoch 967 Relative Error 0.14330700039863586
Epoch 968 Relative Error 0.14335189759731293
Epoch 969 Relative Error 0.14339928328990936
Epoch 970 Relative Error 0.1434299796819687
Epoch 971 Relative Error 0.1433040350675583
Epoch 972 Relative Error 0.14320111274719238
Epoch 973 Relative Error 0.14322276413440704
Epoch 974 Relative Error 0.14322993159294128
Epoch 975 Relative Error 0.143293097615242
Epoch 976 Relative Error 0.1429131180047989
Epoch 977 Relative Error 0.14299270510673523
Epoch 978 Relative Error 0.14285217225551605
Epoch 979 Relative Error 0.14284241199493408
Epoch 980 Relative Error 0.14287292957305908
Epoch 981 Relative Error 0.14288756251335144
Epoch 982 Relative Error 0.1426718682050705
Epoch 983 Relative Error 0.14310583472251892
Epoch 984 Relative Error 0.1425013691186905
Epoch 985 Relative Error 0.14262813329696655
Epoch 986 Relative Error 0.14255265891551971
Epoch 987 Relative Error 0.14261767268180847
Epoch 988 Relative Error 0.14286626875400543
Epoch 989 Relative Error 0.14243169128894806
Epoch 990 Relative Error 0.1422705054283142
Epoch 991 Relative Error 0.1426500380039215
Epoch 992 Relative Error 0.14219912886619568
Epoch 993 Relative Error 0.1422225683927536
Epoch 994 Relative Error 0.14236682653427124
Epoch 995 Relative Error 0.14209547638893127
Epoch 996 Relative Error 0.14223110675811768
Epoch 997 Relative Error 0.14211048185825348
Epoch 998 Relative Error 0.14205732941627502
Epoch 999 Relative Error 0.14238090813159943
Epoch 1000 Relative Error 0.14222075045108795
RE (2, 9, 21, 0): 0.14205732941627502
Green's Function RE (2, 9, 21, 0): 0.08705850690603256
Bias Term RE (2, 9, 21, 0): 0.03805901110172272
Combination (2, 9, 21, 0, 0): 0.14222075045108795
Combination (2, 9, 21, 0, 1): 0.1418285220861435
Combination (2, 9, 21, 0, 2): 0.14173689484596252
Combination (2, 9, 21, 0, 3): 0.14171195030212402
Combination (2, 9, 21, 0, 4): 0.1416989117860794

/home/gridsan/gstepaniants/.local/lib/python3.8/site-packages/torch/functional.py:478: UserWarning: torch.meshgrid: in an upcoming release, it will be required to pass the indexing argument. (Triggered internally at  ../aten/src/ATen/native/TensorShape.cpp:2895.)
  return _VF.meshgrid(tensors, **kwargs)  # type: ignore[attr-defined]
