[KeOps] Warning : Cuda libraries were not detected on the system ; using cpu only mode
1
Kernel: Matern3/2
Weight Mesh: 20
RKHS Kernel Width: 0.009000000000000001
Lambda: 1e-06
Green's Function Learning Rate: 100
Bias Term Learning Rate: 100
Epoch 1 Relative Error 871.6690673828125
First epoch had re = 871.6690673828125 > 1
Green's Function Learning Rate: 50
Bias Term Learning Rate: 50
Epoch 1 Relative Error 469.1966552734375
First epoch had re = 469.1966552734375 > 1
Green's Function Learning Rate: 10
Bias Term Learning Rate: 10
Epoch 1 Relative Error 66.53129577636719
First epoch had re = 66.53129577636719 > 1
Green's Function Learning Rate: 5
Bias Term Learning Rate: 5
Epoch 1 Relative Error 32.41687774658203
First epoch had re = 32.41687774658203 > 1
Green's Function Learning Rate: 1
Bias Term Learning Rate: 1
Epoch 1 Relative Error 6.165193557739258
First epoch had re = 6.165193557739258 > 1
Green's Function Learning Rate: 0.5
Bias Term Learning Rate: 0.5
Epoch 1 Relative Error 3.5810725688934326
First epoch had re = 3.5810725688934326 > 1
Green's Function Learning Rate: 0.1
Bias Term Learning Rate: 0.1
Epoch 1 Relative Error 0.8893930315971375
Epoch 2 Relative Error 0.6699658036231995
Epoch 3 Relative Error 0.493722528219223
Epoch 4 Relative Error 0.4825915992259979
Epoch 5 Relative Error 0.37620243430137634
Epoch 6 Relative Error 0.29819047451019287
Epoch 7 Relative Error 0.253824919462204
Epoch 8 Relative Error 0.21183381974697113
Epoch 9 Relative Error 0.1533745527267456
Epoch 10 Relative Error 0.12629275023937225
Epoch 11 Relative Error 0.11206860095262527
Epoch 12 Relative Error 0.08956783264875412
Epoch 13 Relative Error 0.06866516172885895
Epoch 14 Relative Error 0.060210246592760086
Epoch 15 Relative Error 0.05570186674594879
Epoch 16 Relative Error 0.042364586144685745
Epoch 17 Relative Error 0.03378923237323761
Epoch 18 Relative Error 0.026326647028326988
Epoch 19 Relative Error 0.01950671523809433
Epoch 20 Relative Error 0.015519089996814728
Epoch 21 Relative Error 0.013492348603904247
Epoch 22 Relative Error 0.011749187484383583
Epoch 23 Relative Error 0.009624205529689789
Epoch 24 Relative Error 0.008022451773285866
Epoch 25 Relative Error 0.006681208033114672
Epoch 26 Relative Error 0.0056126355193555355
Epoch 27 Relative Error 0.0049062990583479404
Epoch 28 Relative Error 0.004013342317193747
Epoch 29 Relative Error 0.003554009133949876
Epoch 30 Relative Error 0.003427306655794382
Epoch 31 Relative Error 0.002758422866463661
Epoch 32 Relative Error 0.0027915979735553265
Epoch 33 Relative Error 0.0024036213289946318
Epoch 34 Relative Error 0.002167969709262252
Epoch 35 Relative Error 0.0020676369313150644
Epoch 36 Relative Error 0.0018873150693252683
Epoch 37 Relative Error 0.0018146103248000145
Epoch 38 Relative Error 0.0017019850201904774
Epoch 39 Relative Error 0.0016731375362724066
Epoch 40 Relative Error 0.0015574825229123235
Epoch 41 Relative Error 0.0015190934063866735
Epoch 42 Relative Error 0.0014744705986231565
Epoch 43 Relative Error 0.0014608654892072082
Epoch 44 Relative Error 0.0014249287778511643
Epoch 45 Relative Error 0.0014266533544287086
Epoch 46 Relative Error 0.0013661624398082495
Epoch 47 Relative Error 0.001239790697582066
Epoch 48 Relative Error 0.0013121552765369415
Epoch 49 Relative Error 0.0011972917709499598
Epoch 50 Relative Error 0.0011003328254446387
Epoch 51 Relative Error 0.001057929010130465
Epoch 52 Relative Error 0.001172075280919671
Epoch 53 Relative Error 0.0010087552946060896
Epoch 54 Relative Error 0.001007602782920003
Epoch 55 Relative Error 0.0010785232298076153
Epoch 56 Relative Error 0.0009146195952780545
Epoch 57 Relative Error 0.0008683253545314074
Epoch 58 Relative Error 0.0009104071650654078
Epoch 59 Relative Error 0.0008459165110252798
Epoch 60 Relative Error 0.0007792091346345842
Epoch 61 Relative Error 0.0008738139877095819
Epoch 62 Relative Error 0.000858320330735296
Epoch 63 Relative Error 0.0007443222566507757
Epoch 64 Relative Error 0.0007204071152955294
Epoch 65 Relative Error 0.0007032746216282248
Epoch 66 Relative Error 0.0006673200987279415
Epoch 67 Relative Error 0.0006910013034939766
Epoch 68 Relative Error 0.0006166707025840878
Epoch 69 Relative Error 0.0005936854868195951
Epoch 70 Relative Error 0.0005829842993989587
Epoch 71 Relative Error 0.000540057779289782
Epoch 72 Relative Error 0.000559345877263695
Epoch 73 Relative Error 0.0005438767257146537
Epoch 74 Relative Error 0.0005464031710289419
Epoch 75 Relative Error 0.0005286473897285759
Epoch 76 Relative Error 0.0005160544533282518
Epoch 77 Relative Error 0.0005228171939961612
Epoch 78 Relative Error 0.0005470526521094143
Epoch 79 Relative Error 0.0005419746739789844
Epoch 80 Relative Error 0.0005005882121622562
Epoch 81 Relative Error 0.0004981427919119596
Epoch 82 Relative Error 0.00044690939830616117
Epoch 83 Relative Error 0.00043222634121775627
Epoch 84 Relative Error 0.00042881048284471035
Epoch 85 Relative Error 0.00045929846237413585
Epoch 86 Relative Error 0.0003881330485455692
Epoch 87 Relative Error 0.0004097005003131926
Epoch 88 Relative Error 0.0004286722687538713
Epoch 89 Relative Error 0.0003979718603659421
Epoch 90 Relative Error 0.0004117113130632788
Epoch 91 Relative Error 0.00038823363138362765
Epoch 92 Relative Error 0.0003583548532333225
Epoch 93 Relative Error 0.00040048558730632067
Epoch 94 Relative Error 0.0003824907762464136
Epoch 95 Relative Error 0.00033914836240001023
Epoch 96 Relative Error 0.0003345757140778005
Epoch 97 Relative Error 0.00034279347164556384
Epoch 98 Relative Error 0.0003300237294752151
Epoch 99 Relative Error 0.00037155940663069487
Epoch 100 Relative Error 0.0003626611432991922
Epoch 101 Relative Error 0.0003141832712572068
Epoch 102 Relative Error 0.0002661450416781008
Epoch 103 Relative Error 0.00031929355463944376
Epoch 104 Relative Error 0.0002882004773709923
Epoch 105 Relative Error 0.0002835190680343658
Epoch 106 Relative Error 0.0002741176576819271
Epoch 107 Relative Error 0.00024231569841504097
Epoch 108 Relative Error 0.0002616001293063164
Epoch 109 Relative Error 0.0002822291280608624
Epoch 110 Relative Error 0.00024723034584894776
Epoch 111 Relative Error 0.0002274774160468951
Epoch 112 Relative Error 0.00024896732065826654
Epoch 113 Relative Error 0.00023306038929149508
Epoch 114 Relative Error 0.00020065590797457844
Epoch 115 Relative Error 0.00021256761101540178
Epoch 116 Relative Error 0.00021763567929156125
Epoch 117 Relative Error 0.00018269364954903722
Epoch 118 Relative Error 0.00020642593153752387
Epoch 119 Relative Error 0.0001921084913192317
Epoch 120 Relative Error 0.00018340694077778608
Epoch 121 Relative Error 0.00017693164409138262
Epoch 122 Relative Error 0.0001753345422912389
Epoch 123 Relative Error 0.00019401054305490106
Epoch 124 Relative Error 0.00019794209219980985
Epoch 125 Relative Error 0.00021028924675192684
Epoch 126 Relative Error 0.00018871895736083388
Epoch 127 Relative Error 0.0001767154026310891
Epoch 128 Relative Error 0.0001512237940914929
Epoch 129 Relative Error 0.0001530094596091658
Epoch 130 Relative Error 0.00018117594299837947
Epoch 131 Relative Error 0.0002283179055666551
Epoch 132 Relative Error 0.00025774340610951185
Epoch 133 Relative Error 0.00030330350273288786
Epoch 134 Relative Error 0.00027436736854724586
Epoch 135 Relative Error 0.00029693281976506114
Epoch 136 Relative Error 0.0002237201842945069
Epoch 137 Relative Error 0.0002501346461940557
Epoch 138 Relative Error 0.0002073068026220426
Epoch 139 Relative Error 0.00019588608120102435
Epoch 140 Relative Error 0.00016521653742529452
Epoch 141 Relative Error 0.00020053957996424288
Epoch 142 Relative Error 0.0002101332793245092
Epoch 143 Relative Error 0.00025540011120028794
Epoch 144 Relative Error 0.00019408010120969266
Epoch 145 Relative Error 0.00024690147256478667
Epoch 146 Relative Error 0.0003187454422004521
Epoch 147 Relative Error 0.00032306904904544353
Epoch 148 Relative Error 0.0002372133603785187
Epoch 149 Relative Error 0.00023211207007989287
Epoch 150 Relative Error 0.00023562910791952163
Epoch 151 Relative Error 0.00021291576558724046
Epoch 152 Relative Error 0.00020805478561669588
Epoch 153 Relative Error 0.0002944410080090165
Epoch 154 Relative Error 0.00022308911138679832
Epoch 155 Relative Error 0.00021403962455224246
Epoch 156 Relative Error 0.0003039657021872699
Epoch 157 Relative Error 0.0002805997501127422
Epoch 158 Relative Error 0.00023538364621344954
Epoch 159 Relative Error 0.00018342441762797534
Epoch 160 Relative Error 0.00023020363005343825
Epoch 161 Relative Error 0.00025307806208729744
Epoch 162 Relative Error 0.00032600120175629854
Epoch 163 Relative Error 0.00045222893822938204
Epoch 164 Relative Error 0.00038956591743044555
Epoch 165 Relative Error 0.0002724566438701004
Epoch 166 Relative Error 0.0003229958238080144
Epoch 167 Relative Error 0.0005471725016832352
Epoch 168 Relative Error 0.0006492845714092255
Epoch 169 Relative Error 0.0003826588799711317
Epoch 170 Relative Error 0.00035326776560395956
Epoch 171 Relative Error 0.00027190474793314934
Epoch 172 Relative Error 0.0003215577162336558
Epoch 173 Relative Error 0.00021740605006925762
Epoch 174 Relative Error 0.00030504423193633556
Epoch 175 Relative Error 0.0004099499201402068
Epoch 176 Relative Error 0.0004055155150126666
Epoch 177 Relative Error 0.0005457460065372288
Epoch 178 Relative Error 0.0007445254013873637
Epoch 179 Relative Error 0.0005658703157678246
Epoch 180 Relative Error 0.00031632749596610665
Epoch 181 Relative Error 0.00033914516097866
Epoch 182 Relative Error 0.0007447217940352857
Epoch 183 Relative Error 0.0012729513691738248
Epoch 184 Relative Error 0.0011340229539200664
Epoch 185 Relative Error 0.0009243757813237607
Epoch 186 Relative Error 0.0012818480608984828
Epoch 187 Relative Error 0.0007186377188190818
Epoch 188 Relative Error 0.0008922996930778027
Epoch 189 Relative Error 0.0007735228864476085
Epoch 190 Relative Error 0.0010124444961547852
Epoch 191 Relative Error 0.00038309249794110656
Epoch 192 Relative Error 0.00046745434519834816
Epoch 193 Relative Error 0.0004883733345195651
Epoch 194 Relative Error 0.0005105367745272815
Epoch 195 Relative Error 0.0006178777548484504
Epoch 196 Relative Error 0.0004419956239871681
Epoch 197 Relative Error 0.0005985792959108949
Epoch 198 Relative Error 0.0006314764032140374
Epoch 199 Relative Error 0.0005200093728490174
Epoch 200 Relative Error 0.0003892001404892653
Epoch 201 Relative Error 0.0005336685571819544
Epoch 202 Relative Error 0.0006797324167564511
Epoch 203 Relative Error 0.0006786959711462259
Epoch 204 Relative Error 0.0005850596935488284
Epoch 205 Relative Error 0.0004869577824138105
Epoch 206 Relative Error 0.0004386133514344692
Epoch 207 Relative Error 0.00037492497358471155
Epoch 208 Relative Error 0.0006277276552282274
Epoch 209 Relative Error 0.0005315771559253335
Epoch 210 Relative Error 0.0005402379320003092
Epoch 211 Relative Error 0.0007642859709449112
Epoch 212 Relative Error 0.0005726704257540405
Epoch 213 Relative Error 0.0008227523067034781
Epoch 214 Relative Error 0.0006445908220484853
Epoch 215 Relative Error 0.0007327166385948658
Epoch 216 Relative Error 0.0004903736989945173
Epoch 217 Relative Error 0.0005811135051771998
Epoch 218 Relative Error 0.0010232345666736364
Epoch 219 Relative Error 0.0009575437870807946
Epoch 220 Relative Error 0.0007038646144792438
Epoch 221 Relative Error 0.000474216096336022
Epoch 222 Relative Error 0.0008965443121269345
Epoch 223 Relative Error 0.001845327322371304
Epoch 224 Relative Error 0.0010219665709882975
Epoch 225 Relative Error 0.0011403128737583756
Epoch 226 Relative Error 0.0013969315914437175
Epoch 227 Relative Error 0.0014299254398792982
Epoch 228 Relative Error 0.0007246749009937048
Epoch 229 Relative Error 0.0005166686605662107
Epoch 230 Relative Error 0.0006747766747139394
Epoch 231 Relative Error 0.0007962256204336882
Epoch 232 Relative Error 0.0008997099357657135
Epoch 233 Relative Error 0.0017941470723599195
Epoch 234 Relative Error 0.004303301684558392
Epoch 235 Relative Error 0.0043272171169519424
Epoch 236 Relative Error 0.0018283026292920113
Epoch 237 Relative Error 0.008279368281364441
Epoch 238 Relative Error 0.008048185147345066
Epoch 239 Relative Error 0.006204537115991116
Epoch 240 Relative Error 0.008351819589734077
Epoch 241 Relative Error 0.010886509902775288
Epoch 242 Relative Error 0.011548112146556377
Epoch 243 Relative Error 0.007276527583599091
Epoch 244 Relative Error 0.007164017762988806
Epoch 245 Relative Error 0.006105635780841112
Epoch 246 Relative Error 0.009251102805137634
Epoch 247 Relative Error 0.012089974246919155
Epoch 248 Relative Error 0.013423801399767399
Epoch 249 Relative Error 0.034141771495342255
Epoch 250 Relative Error 0.026204969733953476
Epoch 251 Relative Error 0.017880208790302277
Epoch 252 Relative Error 0.023398950695991516
Epoch 253 Relative Error 0.022070713341236115
Epoch 254 Relative Error 0.027700776234269142
Epoch 255 Relative Error 0.01470210961997509
Epoch 256 Relative Error 0.022194914519786835
Epoch 257 Relative Error 0.03736291080713272
Epoch 258 Relative Error 0.034926868975162506
Epoch 259 Relative Error 0.04885495826601982
Epoch 260 Relative Error 0.03990137577056885
Epoch 261 Relative Error 0.08430896699428558
Epoch 262 Relative Error 0.07054054737091064
Epoch 263 Relative Error 0.09753977507352829
Epoch 264 Relative Error 0.06748398393392563
Epoch 265 Relative Error 0.08220606297254562
Epoch 266 Relative Error 0.07339978963136673
Epoch 267 Relative Error 0.14326508343219757
Epoch 268 Relative Error 0.10685872286558151
Epoch 269 Relative Error 0.08034408092498779
Epoch 270 Relative Error 0.11080469191074371
Epoch 271 Relative Error 0.12839411199092865
Epoch 272 Relative Error 0.07742289453744888
Epoch 273 Relative Error 0.09149447828531265
Epoch 274 Relative Error 0.10449738055467606
Epoch 275 Relative Error 0.07422755658626556
Epoch 276 Relative Error 0.11150217056274414
Epoch 277 Relative Error 0.15560127794742584
Epoch 278 Relative Error 0.22332999110221863
Epoch 279 Relative Error 0.15349112451076508
Epoch 280 Relative Error 0.1445235311985016
Epoch 281 Relative Error 0.11522006243467331
Epoch 282 Relative Error 0.0983252003788948
Epoch 283 Relative Error 0.07780303806066513
Epoch 284 Relative Error 0.054377827793359756
Epoch 285 Relative Error 0.09279109537601471
Epoch 286 Relative Error 0.04974602907896042
Epoch 287 Relative Error 0.08608116954565048
Epoch 288 Relative Error 0.05877136066555977
Epoch 289 Relative Error 0.037889398634433746
Epoch 290 Relative Error 0.04397384077310562
Epoch 291 Relative Error 0.03898625075817108
Epoch 292 Relative Error 0.02745009958744049
Epoch 293 Relative Error 0.02594863250851631
Epoch 294 Relative Error 0.025166431441903114
Epoch 295 Relative Error 0.03597041964530945
Epoch 296 Relative Error 0.026510974392294884
Epoch 297 Relative Error 0.024379529058933258
Epoch 298 Relative Error 0.02467564307153225
Epoch 299 Relative Error 0.03547697514295578
Epoch 300 Relative Error 0.028636055067181587
Epoch 301 Relative Error 0.024057261645793915
Epoch 302 Relative Error 0.01954987458884716
Epoch 303 Relative Error 0.022574326023459435
Epoch 304 Relative Error 0.018853334710001945
Epoch 305 Relative Error 0.015806743875145912
Epoch 306 Relative Error 0.01665044017136097
Epoch 307 Relative Error 0.02032388560473919
Epoch 308 Relative Error 0.017432859167456627
Epoch 309 Relative Error 0.017078246921300888
Epoch 310 Relative Error 0.024851659312844276
Epoch 311 Relative Error 0.02358539216220379
Epoch 312 Relative Error 0.022626712918281555
Epoch 313 Relative Error 0.024840012192726135
Epoch 314 Relative Error 0.025967368856072426
Epoch 315 Relative Error 0.02482748217880726
Epoch 316 Relative Error 0.027160799130797386
Epoch 317 Relative Error 0.03857478126883507
Epoch 318 Relative Error 0.041273701936006546
Epoch 319 Relative Error 0.03115518018603325
Epoch 320 Relative Error 0.03404110670089722
Epoch 321 Relative Error 0.025736093521118164
Epoch 322 Relative Error 0.03262327238917351
Epoch 323 Relative Error 0.027117138728499413
Epoch 324 Relative Error 0.01724042370915413
Epoch 325 Relative Error 0.013216834515333176
Epoch 326 Relative Error 0.01624262146651745
Epoch 327 Relative Error 0.018080580979585648
Epoch 328 Relative Error 0.02021658420562744
Epoch 329 Relative Error 0.0271597933024168
Epoch 330 Relative Error 0.0272779930382967
Epoch 331 Relative Error 0.035784970968961716
Epoch 332 Relative Error 0.014500477351248264
Epoch 333 Relative Error 0.02496802993118763
Epoch 334 Relative Error 0.019162345677614212
Epoch 335 Relative Error 0.026669245213270187
Epoch 336 Relative Error 0.02192034013569355
Epoch 337 Relative Error 0.02619464136660099
Epoch 338 Relative Error 0.018702955916523933
Epoch 339 Relative Error 0.019191201776266098
Epoch 340 Relative Error 0.014284329488873482
Epoch 341 Relative Error 0.014743083156645298
Epoch 342 Relative Error 0.014925284311175346
Epoch 343 Relative Error 0.014412486925721169
Epoch 344 Relative Error 0.012180072255432606
Epoch 345 Relative Error 0.01723911613225937
Epoch 346 Relative Error 0.01739795133471489
Epoch 347 Relative Error 0.01747116819024086
Epoch 348 Relative Error 0.013112474232912064
Epoch 349 Relative Error 0.009894058108329773
Epoch 350 Relative Error 0.01377276424318552
Epoch 351 Relative Error 0.011611342430114746
Epoch 352 Relative Error 0.013587161898612976
Epoch 353 Relative Error 0.010655326768755913
Epoch 354 Relative Error 0.009494280442595482
Epoch 355 Relative Error 0.010008645243942738
Epoch 356 Relative Error 0.010294543579220772
Epoch 357 Relative Error 0.010171866044402122
Epoch 358 Relative Error 0.01084773987531662
Epoch 359 Relative Error 0.015271593816578388
Epoch 360 Relative Error 0.013790496625006199
Epoch 361 Relative Error 0.01010593306273222
Epoch 362 Relative Error 0.01629295013844967
Epoch 363 Relative Error 0.01293944288045168
Epoch 364 Relative Error 0.02146005444228649
Epoch 365 Relative Error 0.01950712502002716
Epoch 366 Relative Error 0.02094297483563423
Epoch 367 Relative Error 0.02584456093609333
Epoch 368 Relative Error 0.030140146613121033
Epoch 369 Relative Error 0.03048604167997837
Epoch 370 Relative Error 0.0442696139216423
Epoch 371 Relative Error 0.0332418791949749
Epoch 372 Relative Error 0.03531474247574806
Epoch 373 Relative Error 0.020056921988725662
Epoch 374 Relative Error 0.027425693348050117
Epoch 375 Relative Error 0.0358622670173645
Epoch 376 Relative Error 0.042546339333057404
Epoch 377 Relative Error 0.04590032994747162
Epoch 378 Relative Error 0.05494847148656845
Epoch 379 Relative Error 0.036565061658620834
Epoch 380 Relative Error 0.04991483315825462
Epoch 381 Relative Error 0.055228497833013535
Epoch 382 Relative Error 0.06180353835225105
Epoch 383 Relative Error 0.05042365938425064
Epoch 384 Relative Error 0.09154629707336426
Epoch 385 Relative Error 0.06412407755851746
Epoch 386 Relative Error 0.10265839099884033
Epoch 387 Relative Error 0.08230698108673096
Epoch 388 Relative Error 0.07299867272377014
Epoch 389 Relative Error 0.07857415825128555
Epoch 390 Relative Error 0.07282356172800064
Epoch 391 Relative Error 0.08256231248378754
Epoch 392 Relative Error 0.06535954773426056
Epoch 393 Relative Error 0.07330576330423355
Epoch 394 Relative Error 0.0593261793255806
Epoch 395 Relative Error 0.05869339033961296
Epoch 396 Relative Error 0.06912150233983994
Epoch 397 Relative Error 0.07653295993804932
Epoch 398 Relative Error 0.061267659068107605
Epoch 399 Relative Error 0.050922881811857224
Epoch 400 Relative Error 0.08911443501710892
Epoch 401 Relative Error 0.10212893784046173
Epoch 402 Relative Error 0.1053149476647377
Epoch 403 Relative Error 0.08508195728063583
Epoch 404 Relative Error 0.1152370274066925
Epoch 405 Relative Error 0.08444347977638245
Epoch 406 Relative Error 0.09433504939079285
Epoch 407 Relative Error 0.07709602266550064
Epoch 408 Relative Error 0.07148531079292297
Epoch 409 Relative Error 0.08259405940771103
Epoch 410 Relative Error 0.08551423996686935
Epoch 411 Relative Error 0.09156192094087601
Epoch 412 Relative Error 0.07838024199008942
Epoch 413 Relative Error 0.07422152161598206
Epoch 414 Relative Error 0.13417254388332367
Epoch 415 Relative Error 0.07512577623128891
Epoch 416 Relative Error 0.10945118963718414
Epoch 417 Relative Error 0.13697431981563568
Epoch 418 Relative Error 0.07628990709781647
Epoch 419 Relative Error 0.10579816997051239
Epoch 420 Relative Error 0.09315647184848785
Epoch 421 Relative Error 0.08756899833679199
Epoch 422 Relative Error 0.06343019008636475
Epoch 423 Relative Error 0.06471522897481918
Epoch 424 Relative Error 0.05446774885058403
Epoch 425 Relative Error 0.05299100652337074
Epoch 426 Relative Error 0.05521327629685402
Epoch 427 Relative Error 0.03340825438499451
Epoch 428 Relative Error 0.03081316314637661
Epoch 429 Relative Error 0.020147057250142097
Epoch 430 Relative Error 0.024679038673639297
Epoch 431 Relative Error 0.023728560656309128
Epoch 432 Relative Error 0.020651746541261673
Epoch 433 Relative Error 0.025723552331328392
Epoch 434 Relative Error 0.017524942755699158
Epoch 435 Relative Error 0.017818447202444077
Epoch 436 Relative Error 0.014707125723361969
Epoch 437 Relative Error 0.014406818896532059
Epoch 438 Relative Error 0.017807990312576294
Epoch 439 Relative Error 0.015128877013921738
Epoch 440 Relative Error 0.017834853380918503
Epoch 441 Relative Error 0.02772137150168419
Epoch 442 Relative Error 0.026018433272838593
Epoch 443 Relative Error 0.019673915579915047
Epoch 444 Relative Error 0.021895881742239
Epoch 445 Relative Error 0.018326440826058388
Epoch 446 Relative Error 0.021665597334504128
Epoch 447 Relative Error 0.01738663949072361
Epoch 448 Relative Error 0.02173605188727379
Epoch 449 Relative Error 0.019106026738882065
Epoch 450 Relative Error 0.0197603777050972
Epoch 451 Relative Error 0.015406209975481033
Epoch 452 Relative Error 0.017892520874738693
Epoch 453 Relative Error 0.01945275068283081
Epoch 454 Relative Error 0.016186049208045006
Epoch 455 Relative Error 0.01633649691939354
Epoch 456 Relative Error 0.021342048421502113
Epoch 457 Relative Error 0.01861722394824028
Epoch 458 Relative Error 0.011731620877981186
Epoch 459 Relative Error 0.014072983525693417
Epoch 460 Relative Error 0.01737155392765999
Epoch 461 Relative Error 0.01781424507498741
Epoch 462 Relative Error 0.017639514058828354
Epoch 463 Relative Error 0.018199263140559196
Epoch 464 Relative Error 0.018479546532034874
Epoch 465 Relative Error 0.01864754967391491
Epoch 466 Relative Error 0.01884767785668373
Epoch 467 Relative Error 0.017179591581225395
Epoch 468 Relative Error 0.021835405379533768
Epoch 469 Relative Error 0.02179000712931156
Epoch 470 Relative Error 0.021372338756918907
Epoch 471 Relative Error 0.022131187841296196
Epoch 472 Relative Error 0.021784421056509018
Epoch 473 Relative Error 0.024204259738326073
Epoch 474 Relative Error 0.02571815438568592
Epoch 475 Relative Error 0.028368482366204262
Epoch 476 Relative Error 0.028252292424440384
Epoch 477 Relative Error 0.025893736630678177
Epoch 478 Relative Error 0.033029474318027496
Epoch 479 Relative Error 0.04466462507843971
Epoch 480 Relative Error 0.056305792182683945
Epoch 481 Relative Error 0.035208411514759064
Epoch 482 Relative Error 0.044127997010946274
Epoch 483 Relative Error 0.047724682837724686
Epoch 484 Relative Error 0.037265580147504807
Epoch 485 Relative Error 0.04967869818210602
Epoch 486 Relative Error 0.09266239404678345
Epoch 487 Relative Error 0.05977141857147217
Epoch 488 Relative Error 0.11203283071517944
Epoch 489 Relative Error 0.05312732979655266
Epoch 490 Relative Error 0.06193840876221657
Epoch 491 Relative Error 0.049063682556152344
Epoch 492 Relative Error 0.05185328796505928
Epoch 493 Relative Error 0.06022326275706291
Epoch 494 Relative Error 0.05774793028831482
Epoch 495 Relative Error 0.04363101348280907
Epoch 496 Relative Error 0.05660781264305115
Epoch 497 Relative Error 0.06995993852615356
Epoch 498 Relative Error 0.06930512934923172
Epoch 499 Relative Error 0.07893241196870804
Epoch 500 Relative Error 0.0645764023065567
Epoch 501 Relative Error 0.07540348172187805
Epoch 502 Relative Error 0.059070248156785965
Epoch 503 Relative Error 0.048421360552310944
Epoch 504 Relative Error 0.037711236625909805
Epoch 505 Relative Error 0.019406769424676895
Epoch 506 Relative Error 0.029850954189896584
Epoch 507 Relative Error 0.02788511849939823
Epoch 508 Relative Error 0.020777208730578423
Epoch 509 Relative Error 0.026524433866143227
Epoch 510 Relative Error 0.02443741448223591
Epoch 511 Relative Error 0.02267729490995407
Epoch 512 Relative Error 0.02674066461622715
Epoch 513 Relative Error 0.029719244688749313
Epoch 514 Relative Error 0.024197839200496674
Epoch 515 Relative Error 0.021594947203993797
Epoch 516 Relative Error 0.020582282915711403
Epoch 517 Relative Error 0.014885321259498596
Epoch 518 Relative Error 0.016418198123574257
Epoch 519 Relative Error 0.014970914460718632
Epoch 520 Relative Error 0.014532854780554771
Epoch 521 Relative Error 0.010500764474272728
Epoch 522 Relative Error 0.012561357580125332
Epoch 523 Relative Error 0.013974295929074287
Epoch 524 Relative Error 0.013365698978304863
Epoch 525 Relative Error 0.0168595127761364
Epoch 526 Relative Error 0.02205035649240017
Epoch 527 Relative Error 0.02609342150390148
Epoch 528 Relative Error 0.018091758713126183
Epoch 529 Relative Error 0.020490039139986038
Epoch 530 Relative Error 0.014339436776936054
Epoch 531 Relative Error 0.020000947639346123
Epoch 532 Relative Error 0.022080810740590096
Epoch 533 Relative Error 0.031195195391774178
Epoch 534 Relative Error 0.020873574540019035
Epoch 535 Relative Error 0.019560683518648148
Epoch 536 Relative Error 0.02184663899242878
Epoch 537 Relative Error 0.01587143912911415
Epoch 538 Relative Error 0.020431922748684883
Epoch 539 Relative Error 0.016628576442599297
Epoch 540 Relative Error 0.01743302121758461
Epoch 541 Relative Error 0.0164182148873806
Epoch 542 Relative Error 0.0201735720038414
Epoch 543 Relative Error 0.016599252820014954
Epoch 544 Relative Error 0.0222335122525692
Epoch 545 Relative Error 0.018951287493109703
Epoch 546 Relative Error 0.015119221061468124
Epoch 547 Relative Error 0.014561200514435768
Epoch 548 Relative Error 0.011365806683897972
Epoch 549 Relative Error 0.013048464432358742
Epoch 550 Relative Error 0.01569495163857937
Epoch 551 Relative Error 0.016582222655415535
Epoch 552 Relative Error 0.015498073771595955
Epoch 553 Relative Error 0.014588648453354836
Epoch 554 Relative Error 0.01755857840180397
Epoch 555 Relative Error 0.019220907241106033
Epoch 556 Relative Error 0.028164438903331757
Epoch 557 Relative Error 0.029571373015642166
Epoch 558 Relative Error 0.0310046523809433
Epoch 559 Relative Error 0.04223538562655449
Epoch 560 Relative Error 0.06077995151281357
Epoch 561 Relative Error 0.05064944177865982
Epoch 562 Relative Error 0.03865829482674599
Epoch 563 Relative Error 0.03869723528623581
Epoch 564 Relative Error 0.047679319977760315
Epoch 565 Relative Error 0.041976530104875565
Epoch 566 Relative Error 0.03736238554120064
Epoch 567 Relative Error 0.03230498358607292
Epoch 568 Relative Error 0.02013375796377659
Epoch 569 Relative Error 0.022101150825619698
Epoch 570 Relative Error 0.026236452162265778
Epoch 571 Relative Error 0.018421731889247894
Epoch 572 Relative Error 0.016345711424946785
Epoch 573 Relative Error 0.01949486695230007
Epoch 574 Relative Error 0.01990448124706745
Epoch 575 Relative Error 0.0187483299523592
Epoch 576 Relative Error 0.017430756241083145
Epoch 577 Relative Error 0.023899052292108536
Epoch 578 Relative Error 0.014359491877257824
Epoch 579 Relative Error 0.023112377151846886
Epoch 580 Relative Error 0.019829344004392624
Epoch 581 Relative Error 0.03488323464989662
Epoch 582 Relative Error 0.03959130123257637
Epoch 583 Relative Error 0.027118109166622162
Epoch 584 Relative Error 0.03229745477437973
Epoch 585 Relative Error 0.03577948734164238
Epoch 586 Relative Error 0.024980101734399796
Epoch 587 Relative Error 0.03308189660310745
Epoch 588 Relative Error 0.0502917654812336
Epoch 589 Relative Error 0.0486876517534256
Epoch 590 Relative Error 0.04009303078055382
Epoch 591 Relative Error 0.028084810823202133
Epoch 592 Relative Error 0.019720720127224922
Epoch 593 Relative Error 0.031057052314281464
Epoch 594 Relative Error 0.017866358160972595
Epoch 595 Relative Error 0.011980709619820118
Epoch 596 Relative Error 0.014280632138252258
Epoch 597 Relative Error 0.012798065319657326
Epoch 598 Relative Error 0.01844238117337227
Epoch 599 Relative Error 0.014773748815059662
Epoch 600 Relative Error 0.018833652138710022
Epoch 601 Relative Error 0.01663348451256752
Epoch 602 Relative Error 0.014539649710059166
Epoch 603 Relative Error 0.010730798356235027
Epoch 604 Relative Error 0.009815426543354988
Epoch 605 Relative Error 0.00989434216171503
Epoch 606 Relative Error 0.012340371496975422
Epoch 607 Relative Error 0.008204097859561443
Epoch 608 Relative Error 0.00851508229970932
Epoch 609 Relative Error 0.009206199087202549
Epoch 610 Relative Error 0.012927302159368992
Epoch 611 Relative Error 0.01989102177321911
Epoch 612 Relative Error 0.022610323503613472
Epoch 613 Relative Error 0.029054487124085426
Epoch 614 Relative Error 0.038115665316581726
Epoch 615 Relative Error 0.06880687922239304
Epoch 616 Relative Error 0.09515762329101562
Epoch 617 Relative Error 0.09120971709489822
Epoch 618 Relative Error 0.11919564753770828
Epoch 619 Relative Error 0.09310778230428696
Epoch 620 Relative Error 0.11971067637205124
Epoch 621 Relative Error 0.06460193544626236
Epoch 622 Relative Error 0.08116625249385834
Epoch 623 Relative Error 0.10070056468248367
Epoch 624 Relative Error 0.0761699378490448
Epoch 625 Relative Error 0.061459627002477646
Epoch 626 Relative Error 0.06937435269355774
Epoch 627 Relative Error 0.09164617955684662
Epoch 628 Relative Error 0.10169967263936996
Epoch 629 Relative Error 0.07798691093921661
Epoch 630 Relative Error 0.1182643249630928
Epoch 631 Relative Error 0.09308420866727829
Epoch 632 Relative Error 0.05996977910399437
Epoch 633 Relative Error 0.07510806620121002
Epoch 634 Relative Error 0.037312231957912445
Epoch 635 Relative Error 0.045487966388463974
Epoch 636 Relative Error 0.03732399269938469
Epoch 637 Relative Error 0.03414015844464302
Epoch 638 Relative Error 0.03612922504544258
Epoch 639 Relative Error 0.024100113660097122
Epoch 640 Relative Error 0.023834850639104843
Epoch 641 Relative Error 0.024944812059402466
Epoch 642 Relative Error 0.02550405263900757
Epoch 643 Relative Error 0.01867152750492096
Epoch 644 Relative Error 0.025847293436527252
Epoch 645 Relative Error 0.018124718219041824
Epoch 646 Relative Error 0.0177885964512825
Epoch 647 Relative Error 0.021393952891230583
Epoch 648 Relative Error 0.038783445954322815
Epoch 649 Relative Error 0.017557227984070778
Epoch 650 Relative Error 0.014875464141368866
Epoch 651 Relative Error 0.014231192879378796
Epoch 652 Relative Error 0.009741934947669506
Epoch 653 Relative Error 0.00979242566972971
Epoch 654 Relative Error 0.013591889292001724
Epoch 655 Relative Error 0.009898216463625431
Epoch 656 Relative Error 0.012546601705253124
Epoch 657 Relative Error 0.009223289787769318
Epoch 658 Relative Error 0.00855969823896885
Epoch 659 Relative Error 0.012718682177364826
Epoch 660 Relative Error 0.011127786710858345
Epoch 661 Relative Error 0.015814725309610367
Epoch 662 Relative Error 0.013190744444727898
Epoch 663 Relative Error 0.009408053010702133
Epoch 664 Relative Error 0.019394034519791603
Epoch 665 Relative Error 0.02350172959268093
Epoch 666 Relative Error 0.009798968210816383
Epoch 667 Relative Error 0.021031079813838005
Epoch 668 Relative Error 0.02605569176375866
Epoch 669 Relative Error 0.012682192958891392
Epoch 670 Relative Error 0.01863594353199005
Epoch 671 Relative Error 0.01814943179488182
Epoch 672 Relative Error 0.011944388970732689
Epoch 673 Relative Error 0.02013651467859745
Epoch 674 Relative Error 0.021609101444482803
Epoch 675 Relative Error 0.021451743319630623
Epoch 676 Relative Error 0.01770971342921257
Epoch 677 Relative Error 0.011717441491782665
Epoch 678 Relative Error 0.01744992472231388
Epoch 679 Relative Error 0.021583322435617447
Epoch 680 Relative Error 0.02185187302529812
Epoch 681 Relative Error 0.02087879180908203
Epoch 682 Relative Error 0.02317138761281967
Epoch 683 Relative Error 0.03266920521855354
Epoch 684 Relative Error 0.026311170309782028
Epoch 685 Relative Error 0.02291424199938774
Epoch 686 Relative Error 0.03989924490451813
Epoch 687 Relative Error 0.029487760737538338
Epoch 688 Relative Error 0.028689853847026825
Epoch 689 Relative Error 0.03366615250706673
Epoch 690 Relative Error 0.031240351498126984
Epoch 691 Relative Error 0.03666139766573906
Epoch 692 Relative Error 0.023639969527721405
Epoch 693 Relative Error 0.02089676819741726
Epoch 694 Relative Error 0.030586818233132362
Epoch 695 Relative Error 0.04267119988799095
Epoch 696 Relative Error 0.055804308503866196
Epoch 697 Relative Error 0.03458404913544655
Epoch 698 Relative Error 0.0444619245827198
Epoch 699 Relative Error 0.019134322181344032
Epoch 700 Relative Error 0.028592895716428757
Epoch 701 Relative Error 0.025477316230535507
Epoch 702 Relative Error 0.03731704130768776
Epoch 703 Relative Error 0.03622899949550629
Epoch 704 Relative Error 0.03272109106183052
Epoch 705 Relative Error 0.029830414801836014
Epoch 706 Relative Error 0.053422439843416214
Epoch 707 Relative Error 0.04426014795899391
Epoch 708 Relative Error 0.02140789106488228
Epoch 709 Relative Error 0.02922317385673523
Epoch 710 Relative Error 0.02349659986793995
Epoch 711 Relative Error 0.024716805666685104
Epoch 712 Relative Error 0.01802344061434269
Epoch 713 Relative Error 0.02098691277205944
Epoch 714 Relative Error 0.025140129029750824
Epoch 715 Relative Error 0.029886266216635704
Epoch 716 Relative Error 0.028880827128887177
Epoch 717 Relative Error 0.017856944352388382
Epoch 718 Relative Error 0.028535913676023483
Epoch 719 Relative Error 0.020263856276869774
Epoch 720 Relative Error 0.04054424911737442
Epoch 721 Relative Error 0.07672891765832901
Epoch 722 Relative Error 0.07714472711086273
Epoch 723 Relative Error 0.04074389860033989
Epoch 724 Relative Error 0.048567719757556915
Epoch 725 Relative Error 0.043405335396528244
Epoch 726 Relative Error 0.0380612313747406
Epoch 727 Relative Error 0.0499642975628376
Epoch 728 Relative Error 0.02813711203634739
Epoch 729 Relative Error 0.05122263357043266
Epoch 730 Relative Error 0.050132643431425095
Epoch 731 Relative Error 0.03805403411388397
Epoch 732 Relative Error 0.019916551187634468
Epoch 733 Relative Error 0.029589377343654633
Epoch 734 Relative Error 0.025911638513207436
Epoch 735 Relative Error 0.023713627830147743
Epoch 736 Relative Error 0.0213078074157238
Epoch 737 Relative Error 0.014789232052862644
Epoch 738 Relative Error 0.015438767150044441
Epoch 739 Relative Error 0.01580992341041565
Epoch 740 Relative Error 0.018345369026064873
Epoch 741 Relative Error 0.011506007052958012
Epoch 742 Relative Error 0.0111314058303833
Epoch 743 Relative Error 0.007411367259919643
Epoch 744 Relative Error 0.005285968072712421
Epoch 745 Relative Error 0.0072064585983753204
Epoch 746 Relative Error 0.005366070196032524
Epoch 747 Relative Error 0.0038646780885756016
Epoch 748 Relative Error 0.004876132123172283
Epoch 749 Relative Error 0.004578678868710995
Epoch 750 Relative Error 0.003737405175343156
Epoch 751 Relative Error 0.002454145811498165
Epoch 752 Relative Error 0.0037304589059203863
Epoch 753 Relative Error 0.002668327884748578
Epoch 754 Relative Error 0.0035444037057459354
Epoch 755 Relative Error 0.004982486367225647
Epoch 756 Relative Error 0.003005338367074728
Epoch 757 Relative Error 0.004712327849119902
Epoch 758 Relative Error 0.004485221579670906
Epoch 759 Relative Error 0.0030328186694532633
Epoch 760 Relative Error 0.006058298517018557
Epoch 761 Relative Error 0.005117202643305063
Epoch 762 Relative Error 0.004640968516469002
Epoch 763 Relative Error 0.004816371947526932
Epoch 764 Relative Error 0.0033916160464286804
Epoch 765 Relative Error 0.003770500887185335
Epoch 766 Relative Error 0.003541143611073494
Epoch 767 Relative Error 0.003576356917619705
Epoch 768 Relative Error 0.0037359113339334726
Epoch 769 Relative Error 0.004332573153078556
Epoch 770 Relative Error 0.0037461246829479933
Epoch 771 Relative Error 0.0036702100187540054
Epoch 772 Relative Error 0.004222301300615072
Epoch 773 Relative Error 0.004157860763370991
Epoch 774 Relative Error 0.0032036544289439917
Epoch 775 Relative Error 0.0037679309025406837
Epoch 776 Relative Error 0.002698856173083186
Epoch 777 Relative Error 0.002500782022252679
Epoch 778 Relative Error 0.003128414275124669
Epoch 779 Relative Error 0.002514113439247012
Epoch 780 Relative Error 0.0024900438729673624
Epoch 781 Relative Error 0.001646266900934279
Epoch 782 Relative Error 0.0015509773511439562
Epoch 783 Relative Error 0.000992647255770862
Epoch 784 Relative Error 0.0012174441944807768
Epoch 785 Relative Error 0.001244430197402835
Epoch 786 Relative Error 0.0008552585495635867
Epoch 787 Relative Error 0.0007690770435146987
Epoch 788 Relative Error 0.0009867001790553331
Epoch 789 Relative Error 0.0009485417976975441
Epoch 790 Relative Error 0.0008495701476931572
Epoch 791 Relative Error 0.0006920126616023481
Epoch 792 Relative Error 0.0007013145368546247
Epoch 793 Relative Error 0.0006426995387300849
Epoch 794 Relative Error 0.0006809161859564483
Epoch 795 Relative Error 0.0007312889210879803
Epoch 796 Relative Error 0.0008424362749792635
Epoch 797 Relative Error 0.0007444524089805782
Epoch 798 Relative Error 0.0006703390972688794
Epoch 799 Relative Error 0.0010282498551532626
Epoch 800 Relative Error 0.001096775638870895
Epoch 801 Relative Error 0.0008493399946019053
Epoch 802 Relative Error 0.0008815350010991096
Epoch 803 Relative Error 0.0008965253364294767
Epoch 804 Relative Error 0.0007681912975385785
Epoch 805 Relative Error 0.00101897690910846
Epoch 806 Relative Error 0.0008562144357711077
Epoch 807 Relative Error 0.0004293227393645793
Epoch 808 Relative Error 0.0005205754423514009
Epoch 809 Relative Error 0.000593160220887512
Epoch 810 Relative Error 0.0007033058791421354
Epoch 811 Relative Error 0.0006118028541095555
Epoch 812 Relative Error 0.0004993103793822229
Epoch 813 Relative Error 0.0005034919013269246
Epoch 814 Relative Error 0.0005444669513963163
Epoch 815 Relative Error 0.00046203527017496526
Epoch 816 Relative Error 0.0005911645130254328
Epoch 817 Relative Error 0.0005094012012705207
Epoch 818 Relative Error 0.0004152952169533819
Epoch 819 Relative Error 0.0004330239607952535
Epoch 820 Relative Error 0.0004508663550950587
Epoch 821 Relative Error 0.0005347871338017285
Epoch 822 Relative Error 0.0004074632888659835
Epoch 823 Relative Error 0.0003753750934265554
Epoch 824 Relative Error 0.00034892759867943823
Epoch 825 Relative Error 0.00036129768704995513
Epoch 826 Relative Error 0.0004645752487704158
Epoch 827 Relative Error 0.0005431483150459826
Epoch 828 Relative Error 0.000477533380035311
Epoch 829 Relative Error 0.00038771305116824806
Epoch 830 Relative Error 0.0010551391169428825
Epoch 831 Relative Error 0.0008265631622634828
Epoch 832 Relative Error 0.0006307856529019773
Epoch 833 Relative Error 0.0005859229131601751
Epoch 834 Relative Error 0.0005755636375397444
Epoch 835 Relative Error 0.0005716398591175675
Epoch 836 Relative Error 0.0005785709363408387
Epoch 837 Relative Error 0.0006466128397732973
Epoch 838 Relative Error 0.000579377228859812
Epoch 839 Relative Error 0.0005462258704937994
Epoch 840 Relative Error 0.00038175619556568563
Epoch 841 Relative Error 0.0005854056216776371
Epoch 842 Relative Error 0.0005517624667845666
Epoch 843 Relative Error 0.0003473374235909432
Epoch 844 Relative Error 0.00043076369911432266
Epoch 845 Relative Error 0.0004140546952839941
Epoch 846 Relative Error 0.0004452517896424979
Epoch 847 Relative Error 0.0005321984062902629
Epoch 848 Relative Error 0.0004134751216042787
Epoch 849 Relative Error 0.0005936467787250876
Epoch 850 Relative Error 0.00044346583308652043
Epoch 851 Relative Error 0.0004699686833191663
Epoch 852 Relative Error 0.000523045368026942
Epoch 853 Relative Error 0.0005628328071907163
Epoch 854 Relative Error 0.0004957815981470048
Epoch 855 Relative Error 0.0005635180859826505
Epoch 856 Relative Error 0.00047268805792555213
Epoch 857 Relative Error 0.00048162502935156226
Epoch 858 Relative Error 0.0005284064682200551
Epoch 859 Relative Error 0.0003889921063091606
Epoch 860 Relative Error 0.0007651686319150031
Epoch 861 Relative Error 0.00045272023999132216
Epoch 862 Relative Error 0.0006240242510102689
Epoch 863 Relative Error 0.0005079373950138688
Epoch 864 Relative Error 0.0003938310837838799
Epoch 865 Relative Error 0.00047110635205172
Epoch 866 Relative Error 0.0003997181775048375
Epoch 867 Relative Error 0.0003658045898191631
Epoch 868 Relative Error 0.00026571357739157975
Epoch 869 Relative Error 0.00034180821967311203
Epoch 870 Relative Error 0.00036306469701230526
Epoch 871 Relative Error 0.000345439650118351
Epoch 872 Relative Error 0.0002936185337603092
Epoch 873 Relative Error 0.00032636214746162295
Epoch 874 Relative Error 0.0002962638682220131
Epoch 875 Relative Error 0.00030026090098544955
Epoch 876 Relative Error 0.00023341894848272204
Epoch 877 Relative Error 0.0002302775246789679
Epoch 878 Relative Error 0.0002275243168696761
Epoch 879 Relative Error 0.0002396946947555989
Epoch 880 Relative Error 0.0002617862483020872
Epoch 881 Relative Error 0.00020682907779701054
Epoch 882 Relative Error 0.0001776716235326603
Epoch 883 Relative Error 0.00020677504653576761
Epoch 884 Relative Error 0.00021498875867109746
Epoch 885 Relative Error 0.00023786531528458
Epoch 886 Relative Error 0.00021352643670979887
Epoch 887 Relative Error 0.00019000387692358345
Epoch 888 Relative Error 0.00020424708782229573
Epoch 889 Relative Error 0.00021161593031138182
Epoch 890 Relative Error 0.0002274832222610712
Epoch 891 Relative Error 0.00032157963141798973
Epoch 892 Relative Error 0.0002293897996423766
Epoch 893 Relative Error 0.00024368551385123283
Epoch 894 Relative Error 0.0002294247824465856
Epoch 895 Relative Error 0.0002606201160233468
Epoch 896 Relative Error 0.00035493707400746644
Epoch 897 Relative Error 0.00024372810730710626
Epoch 898 Relative Error 0.00033700684434734285
Epoch 899 Relative Error 0.0003325252910144627
Epoch 900 Relative Error 0.000311290321405977
Epoch 901 Relative Error 0.0005174431717023253
Epoch 902 Relative Error 0.0006577690364792943
Epoch 903 Relative Error 0.00042416658834554255
Epoch 904 Relative Error 0.00037884694756940007
Epoch 905 Relative Error 0.00037307842285372317
Epoch 906 Relative Error 0.0003609243140090257
Epoch 907 Relative Error 0.00041283678729087114
Epoch 908 Relative Error 0.00052965700160712
Epoch 909 Relative Error 0.00047657941468060017
Epoch 910 Relative Error 0.0003941610921174288
Epoch 911 Relative Error 0.0002861349785234779
Epoch 912 Relative Error 0.00031924224458634853
Epoch 913 Relative Error 0.000290185387711972
Epoch 914 Relative Error 0.0002377830387558788
Epoch 915 Relative Error 0.0002432110923109576
Epoch 916 Relative Error 0.0002908974711317569
Epoch 917 Relative Error 0.0002731727436184883
Epoch 918 Relative Error 0.00024384286371059716
Epoch 919 Relative Error 0.000246648007305339
Epoch 920 Relative Error 0.00021667567489203066
Epoch 921 Relative Error 0.0002342623338336125
Epoch 922 Relative Error 0.0002611620584502816
Epoch 923 Relative Error 0.00022524721862282604
Epoch 924 Relative Error 0.00025535840541124344
Epoch 925 Relative Error 0.0002556120161898434
Epoch 926 Relative Error 0.00021953364193905145
Epoch 927 Relative Error 0.00022218322556000203
Epoch 928 Relative Error 0.00025950081180781126
Epoch 929 Relative Error 0.00028911157278344035
Epoch 930 Relative Error 0.0002777366025839001
Epoch 931 Relative Error 0.0003003731253556907
Epoch 932 Relative Error 0.00025487039238214493
Epoch 933 Relative Error 0.00025546029792167246
Epoch 934 Relative Error 0.0001517317577963695
Epoch 935 Relative Error 0.0002629896916914731
Epoch 936 Relative Error 0.00023832193983253092
Epoch 937 Relative Error 0.0002465162833686918
Epoch 938 Relative Error 0.00027155166026204824
Epoch 939 Relative Error 0.0001608825259609148
Epoch 940 Relative Error 0.00024882116122171283
Epoch 941 Relative Error 0.0002627568901516497
Epoch 942 Relative Error 0.0002904121938627213
Epoch 943 Relative Error 0.00021701701916754246
Epoch 944 Relative Error 0.0002763987868092954
Epoch 945 Relative Error 0.000381080259103328
Epoch 946 Relative Error 0.00033222921774722636
Epoch 947 Relative Error 0.0004295091493986547
Epoch 948 Relative Error 0.00031440352904610336
Epoch 949 Relative Error 0.0003068091464228928
Epoch 950 Relative Error 0.00027652777498587966
Epoch 951 Relative Error 0.0003086570941377431
Epoch 952 Relative Error 0.0002640111488290131
Epoch 953 Relative Error 0.00032211109646596014
Epoch 954 Relative Error 0.00028658760129474103
Epoch 955 Relative Error 0.00031205284176394343
Epoch 956 Relative Error 0.00028465435025282204
Epoch 957 Relative Error 0.0003531424736138433
Epoch 958 Relative Error 0.00024437246611341834
Epoch 959 Relative Error 0.00024085037875920534
Epoch 960 Relative Error 0.00026691248058341444
Epoch 961 Relative Error 0.00026713297120295465
Epoch 962 Relative Error 0.00024170572578441352
Epoch 963 Relative Error 0.0001720642758300528
Epoch 964 Relative Error 0.0001655299711273983
Epoch 965 Relative Error 0.00018899590941146016
Epoch 966 Relative Error 0.00016646903532091528
Epoch 967 Relative Error 0.00013628948363475502
Epoch 968 Relative Error 0.00015195281594060361
Epoch 969 Relative Error 0.00016401063476223499
Epoch 970 Relative Error 0.00013984994438942522
Epoch 971 Relative Error 0.00013476271124091
Epoch 972 Relative Error 0.00010768922220449895
Epoch 973 Relative Error 9.730772580951452e-05
Epoch 974 Relative Error 9.183466318063438e-05
Epoch 975 Relative Error 0.00010576305794529617
Epoch 976 Relative Error 0.00010004603973357007
Epoch 977 Relative Error 8.810281724436209e-05
Epoch 978 Relative Error 0.0001357327855657786
Epoch 979 Relative Error 0.00013293295342009515
Epoch 980 Relative Error 0.00011650448141153902
Epoch 981 Relative Error 0.00011686045036185533
Epoch 982 Relative Error 0.00015011520008556545
Epoch 983 Relative Error 0.0001296041300520301
Epoch 984 Relative Error 0.00015544772031717002
Epoch 985 Relative Error 0.00011436428758315742
Epoch 986 Relative Error 0.00011059836106142029
Epoch 987 Relative Error 0.0001146676077041775
Epoch 988 Relative Error 0.00012209276610519737
Epoch 989 Relative Error 0.00013326156476978213
Epoch 990 Relative Error 0.00012577662710100412
Epoch 991 Relative Error 0.0001465025416109711
Epoch 992 Relative Error 0.00013324033352546394
Epoch 993 Relative Error 0.00011856866331072524
Epoch 994 Relative Error 0.00012276458437554538
Epoch 995 Relative Error 0.00012011989019811153
Epoch 996 Relative Error 0.00011992489453405142
Epoch 997 Relative Error 0.000117345160106197
Epoch 998 Relative Error 0.00010429082612972707
Epoch 999 Relative Error 9.77774107013829e-05
Epoch 1000 Relative Error 0.00011166018521180376
RE (2, 1, 8, 0): 8.810281724436209e-05
Green's Function RE (2, 1, 8, 0): 0.8388322591781616
Bias Term RE (2, 1, 8, 0): 0.6751380562782288
Combination (2, 1, 8, 0, 0): 0.8156810402870178
Combination (2, 1, 8, 0, 1): 0.816306471824646
Combination (2, 1, 8, 0, 2): 0.816520631313324
Combination (2, 1, 8, 0, 3): 0.8165919184684753
Combination (2, 1, 8, 0, 4): 0.8166274428367615

/home/gridsan/gstepaniants/.local/lib/python3.8/site-packages/torch/functional.py:478: UserWarning: torch.meshgrid: in an upcoming release, it will be required to pass the indexing argument. (Triggered internally at  ../aten/src/ATen/native/TensorShape.cpp:2895.)
  return _VF.meshgrid(tensors, **kwargs)  # type: ignore[attr-defined]
