[KeOps] Warning : Cuda libraries were not detected on the system ; using cpu only mode
1
Kernel: Matern5/2
Weight Mesh: 60
RKHS Kernel Width: 0.08
Lambda: 1e-06
Green's Function Learning Rate: 100
Bias Term Learning Rate: 100
Epoch 1 Relative Error 10736.8203125
First epoch had re = 10736.8203125 > 1
Green's Function Learning Rate: 50
Bias Term Learning Rate: 50
Epoch 1 Relative Error 5452.04736328125
First epoch had re = 5452.04736328125 > 1
Green's Function Learning Rate: 10
Bias Term Learning Rate: 10
Epoch 1 Relative Error 1138.7215576171875
First epoch had re = 1138.7215576171875 > 1
Green's Function Learning Rate: 5
Bias Term Learning Rate: 5
Epoch 1 Relative Error 559.850341796875
First epoch had re = 559.850341796875 > 1
Green's Function Learning Rate: 1
Bias Term Learning Rate: 1
Epoch 1 Relative Error 124.38690185546875
First epoch had re = 124.38690185546875 > 1
Green's Function Learning Rate: 0.5
Bias Term Learning Rate: 0.5
Epoch 1 Relative Error 77.72928619384766
First epoch had re = 77.72928619384766 > 1
Green's Function Learning Rate: 0.1
Bias Term Learning Rate: 0.1
Epoch 1 Relative Error 11.684350967407227
First epoch had re = 11.684350967407227 > 1
Green's Function Learning Rate: 0.05
Bias Term Learning Rate: 0.05
Epoch 1 Relative Error 5.485089302062988
First epoch had re = 5.485089302062988 > 1
Green's Function Learning Rate: 0.01
Bias Term Learning Rate: 0.01
Epoch 1 Relative Error 1.109149694442749
First epoch had re = 1.109149694442749 > 1
Green's Function Learning Rate: 0.005
Bias Term Learning Rate: 0.005
Epoch 1 Relative Error 0.7238430380821228
Epoch 2 Relative Error 0.647894024848938
Epoch 3 Relative Error 0.4636116027832031
Epoch 4 Relative Error 0.43361592292785645
Epoch 5 Relative Error 0.2875392735004425
Epoch 6 Relative Error 0.24697481095790863
Epoch 7 Relative Error 0.12945345044136047
Epoch 8 Relative Error 0.17606717348098755
Epoch 9 Relative Error 0.13344186544418335
Epoch 10 Relative Error 0.09648428112268448
Epoch 11 Relative Error 0.08618506789207458
Epoch 12 Relative Error 0.07551354169845581
Epoch 13 Relative Error 0.061967916786670685
Epoch 14 Relative Error 0.05600941181182861
Epoch 15 Relative Error 0.05600179359316826
Epoch 16 Relative Error 0.04860072582960129
Epoch 17 Relative Error 0.046276725828647614
Epoch 18 Relative Error 0.04355328902602196
Epoch 19 Relative Error 0.04188315197825432
Epoch 20 Relative Error 0.041485026478767395
Epoch 21 Relative Error 0.04031386971473694
Epoch 22 Relative Error 0.039356183260679245
Epoch 23 Relative Error 0.03871927410364151
Epoch 24 Relative Error 0.037883732467889786
Epoch 25 Relative Error 0.03721240162849426
Epoch 26 Relative Error 0.036646366119384766
Epoch 27 Relative Error 0.036157846450805664
Epoch 28 Relative Error 0.03554201498627663
Epoch 29 Relative Error 0.03507913276553154
Epoch 30 Relative Error 0.03459060937166214
Epoch 31 Relative Error 0.034184060990810394
Epoch 32 Relative Error 0.033695049583911896
Epoch 33 Relative Error 0.0332903154194355
Epoch 34 Relative Error 0.032903410494327545
Epoch 35 Relative Error 0.03251897171139717
Epoch 36 Relative Error 0.03215118870139122
Epoch 37 Relative Error 0.03185080364346504
Epoch 38 Relative Error 0.03151729330420494
Epoch 39 Relative Error 0.03118637390434742
Epoch 40 Relative Error 0.030828779563307762
Epoch 41 Relative Error 0.030527185648679733
Epoch 42 Relative Error 0.03025258705019951
Epoch 43 Relative Error 0.029973117634654045
Epoch 44 Relative Error 0.029663249850273132
Epoch 45 Relative Error 0.029382364824414253
Epoch 46 Relative Error 0.029120054095983505
Epoch 47 Relative Error 0.028839845210313797
Epoch 48 Relative Error 0.028597302734851837
Epoch 49 Relative Error 0.02834327518939972
Epoch 50 Relative Error 0.028112279251217842
Epoch 51 Relative Error 0.027899008244276047
Epoch 52 Relative Error 0.027661824598908424
Epoch 53 Relative Error 0.027440382167696953
Epoch 54 Relative Error 0.02723739482462406
Epoch 55 Relative Error 0.026996323838829994
Epoch 56 Relative Error 0.026815583929419518
Epoch 57 Relative Error 0.026615053415298462
Epoch 58 Relative Error 0.026433847844600677
Epoch 59 Relative Error 0.02627301588654518
Epoch 60 Relative Error 0.026034099981188774
Epoch 61 Relative Error 0.025885889306664467
Epoch 62 Relative Error 0.025715509429574013
Epoch 63 Relative Error 0.025513160973787308
Epoch 64 Relative Error 0.025372138246893883
Epoch 65 Relative Error 0.02520665153861046
Epoch 66 Relative Error 0.025030208751559258
Epoch 67 Relative Error 0.024949371814727783
Epoch 68 Relative Error 0.024740872904658318
Epoch 69 Relative Error 0.024570049718022346
Epoch 70 Relative Error 0.02445358596742153
Epoch 71 Relative Error 0.024273844435811043
Epoch 72 Relative Error 0.024211738258600235
Epoch 73 Relative Error 0.0240427665412426
Epoch 74 Relative Error 0.023952966555953026
Epoch 75 Relative Error 0.023751763626933098
Epoch 76 Relative Error 0.023675626143813133
Epoch 77 Relative Error 0.02350001595914364
Epoch 78 Relative Error 0.023371031507849693
Epoch 79 Relative Error 0.023255815729498863
Epoch 80 Relative Error 0.023129083216190338
Epoch 81 Relative Error 0.023005083203315735
Epoch 82 Relative Error 0.022917475551366806
Epoch 83 Relative Error 0.022790823131799698
Epoch 84 Relative Error 0.022677872329950333
Epoch 85 Relative Error 0.022579679265618324
Epoch 86 Relative Error 0.022458381950855255
Epoch 87 Relative Error 0.02235911414027214
Epoch 88 Relative Error 0.02228965424001217
Epoch 89 Relative Error 0.02212432026863098
Epoch 90 Relative Error 0.022034458816051483
Epoch 91 Relative Error 0.021928945556282997
Epoch 92 Relative Error 0.021837307140231133
Epoch 93 Relative Error 0.02174140326678753
Epoch 94 Relative Error 0.021667063236236572
Epoch 95 Relative Error 0.021562764421105385
Epoch 96 Relative Error 0.021458657458424568
Epoch 97 Relative Error 0.021406011655926704
Epoch 98 Relative Error 0.02131747081875801
Epoch 99 Relative Error 0.021190723404288292
Epoch 100 Relative Error 0.02109384723007679
Epoch 101 Relative Error 0.0210257638245821
Epoch 102 Relative Error 0.02094217576086521
Epoch 103 Relative Error 0.020841548219323158
Epoch 104 Relative Error 0.02078293450176716
Epoch 105 Relative Error 0.02075078897178173
Epoch 106 Relative Error 0.020611703395843506
Epoch 107 Relative Error 0.020520782098174095
Epoch 108 Relative Error 0.02045656181871891
Epoch 109 Relative Error 0.020364856347441673
Epoch 110 Relative Error 0.02028486505150795
Epoch 111 Relative Error 0.020240791141986847
Epoch 112 Relative Error 0.020122595131397247
Epoch 113 Relative Error 0.02006118930876255
Epoch 114 Relative Error 0.02001318149268627
Epoch 115 Relative Error 0.019948437809944153
Epoch 116 Relative Error 0.01984516717493534
Epoch 117 Relative Error 0.01981429196894169
Epoch 118 Relative Error 0.01974187046289444
Epoch 119 Relative Error 0.019639890640974045
Epoch 120 Relative Error 0.01959468424320221
Epoch 121 Relative Error 0.019534537568688393
Epoch 122 Relative Error 0.01946401037275791
Epoch 123 Relative Error 0.01940280571579933
Epoch 124 Relative Error 0.019330058246850967
Epoch 125 Relative Error 0.01925424486398697
Epoch 126 Relative Error 0.019196266308426857
Epoch 127 Relative Error 0.01915561594069004
Epoch 128 Relative Error 0.01911899447441101
Epoch 129 Relative Error 0.019017942249774933
Epoch 130 Relative Error 0.018964329734444618
Epoch 131 Relative Error 0.018903378397226334
Epoch 132 Relative Error 0.01887626387178898
Epoch 133 Relative Error 0.01883014477789402
Epoch 134 Relative Error 0.018750451505184174
Epoch 135 Relative Error 0.018683550879359245
Epoch 136 Relative Error 0.018616577610373497
Epoch 137 Relative Error 0.018537554889917374
Epoch 138 Relative Error 0.018499931320548058
Epoch 139 Relative Error 0.01848292350769043
Epoch 140 Relative Error 0.01838347688317299
Epoch 141 Relative Error 0.01836690865457058
Epoch 142 Relative Error 0.018326884135603905
Epoch 143 Relative Error 0.018241144716739655
Epoch 144 Relative Error 0.01816943846642971
Epoch 145 Relative Error 0.018195031210780144
Epoch 146 Relative Error 0.018117280676960945
Epoch 147 Relative Error 0.018054276704788208
Epoch 148 Relative Error 0.017983414232730865
Epoch 149 Relative Error 0.0179341621696949
Epoch 150 Relative Error 0.017905166372656822
Epoch 151 Relative Error 0.017861276865005493
Epoch 152 Relative Error 0.017808377742767334
Epoch 153 Relative Error 0.01774447038769722
Epoch 154 Relative Error 0.01773812808096409
Epoch 155 Relative Error 0.01765323244035244
Epoch 156 Relative Error 0.017622319981455803
Epoch 157 Relative Error 0.017554471269249916
Epoch 158 Relative Error 0.017514757812023163
Epoch 159 Relative Error 0.01747920922935009
Epoch 160 Relative Error 0.0174245685338974
Epoch 161 Relative Error 0.01738482341170311
Epoch 162 Relative Error 0.017381930723786354
Epoch 163 Relative Error 0.017306065186858177
Epoch 164 Relative Error 0.01726721227169037
Epoch 165 Relative Error 0.017231663689017296
Epoch 166 Relative Error 0.01722935028374195
Epoch 167 Relative Error 0.017133651301264763
Epoch 168 Relative Error 0.017121663317084312
Epoch 169 Relative Error 0.017067328095436096
Epoch 170 Relative Error 0.017038650810718536
Epoch 171 Relative Error 0.01697450317442417
Epoch 172 Relative Error 0.016940182074904442
Epoch 173 Relative Error 0.016939818859100342
Epoch 174 Relative Error 0.016865860670804977
Epoch 175 Relative Error 0.016830958425998688
Epoch 176 Relative Error 0.016799431294202805
Epoch 177 Relative Error 0.016776474192738533
Epoch 178 Relative Error 0.016720250248908997
Epoch 179 Relative Error 0.016721263527870178
Epoch 180 Relative Error 0.01666145771741867
Epoch 181 Relative Error 0.016638318076729774
Epoch 182 Relative Error 0.016562100499868393
Epoch 183 Relative Error 0.016546357423067093
Epoch 184 Relative Error 0.016515018418431282
Epoch 185 Relative Error 0.016480160877108574
Epoch 186 Relative Error 0.01644279435276985
Epoch 187 Relative Error 0.016400741413235664
Epoch 188 Relative Error 0.016362689435482025
Epoch 189 Relative Error 0.01633087731897831
Epoch 190 Relative Error 0.016308577731251717
Epoch 191 Relative Error 0.016261417418718338
Epoch 192 Relative Error 0.01623278111219406
Epoch 193 Relative Error 0.016185857355594635
Epoch 194 Relative Error 0.0162071343511343
Epoch 195 Relative Error 0.01614995114505291
Epoch 196 Relative Error 0.016120096668601036
Epoch 197 Relative Error 0.016072822734713554
Epoch 198 Relative Error 0.016010571271181107
Epoch 199 Relative Error 0.01599721424281597
Epoch 200 Relative Error 0.01597222499549389
Epoch 201 Relative Error 0.015938173979520798
Epoch 202 Relative Error 0.015912840142846107
Epoch 203 Relative Error 0.01589825563132763
Epoch 204 Relative Error 0.015858523547649384
Epoch 205 Relative Error 0.015885639935731888
Epoch 206 Relative Error 0.015840889886021614
Epoch 207 Relative Error 0.015811866149306297
Epoch 208 Relative Error 0.015776220709085464
Epoch 209 Relative Error 0.015728572383522987
Epoch 210 Relative Error 0.015688730403780937
Epoch 211 Relative Error 0.01568204164505005
Epoch 212 Relative Error 0.015633821487426758
Epoch 213 Relative Error 0.015579947270452976
Epoch 214 Relative Error 0.015543431974947453
Epoch 215 Relative Error 0.015542651526629925
Epoch 216 Relative Error 0.015514514409005642
Epoch 217 Relative Error 0.015487197786569595
Epoch 218 Relative Error 0.015443854033946991
Epoch 219 Relative Error 0.015428748913109303
Epoch 220 Relative Error 0.015399902127683163
Epoch 221 Relative Error 0.015368546359241009
Epoch 222 Relative Error 0.015349868685007095
Epoch 223 Relative Error 0.015339995734393597
Epoch 224 Relative Error 0.015314715914428234
Epoch 225 Relative Error 0.015274712815880775
Epoch 226 Relative Error 0.015226713381707668
Epoch 227 Relative Error 0.015214098617434502
Epoch 228 Relative Error 0.015198133885860443
Epoch 229 Relative Error 0.015216276980936527
Epoch 230 Relative Error 0.01517450250685215
Epoch 231 Relative Error 0.01510394923388958
Epoch 232 Relative Error 0.015098711475729942
Epoch 233 Relative Error 0.015057092532515526
Epoch 234 Relative Error 0.015079820528626442
Epoch 235 Relative Error 0.015043237246572971
Epoch 236 Relative Error 0.014977251179516315
Epoch 237 Relative Error 0.014986268244683743
Epoch 238 Relative Error 0.014952198602259159
Epoch 239 Relative Error 0.014934085309505463
Epoch 240 Relative Error 0.014897837303578854
Epoch 241 Relative Error 0.014892853796482086
Epoch 242 Relative Error 0.014872072264552116
Epoch 243 Relative Error 0.014846550300717354
Epoch 244 Relative Error 0.014811016619205475
Epoch 245 Relative Error 0.014792775735259056
Epoch 246 Relative Error 0.01474935282021761
Epoch 247 Relative Error 0.01475701853632927
Epoch 248 Relative Error 0.014731691218912601
Epoch 249 Relative Error 0.014727924019098282
Epoch 250 Relative Error 0.014730275608599186
Epoch 251 Relative Error 0.014670897275209427
Epoch 252 Relative Error 0.01461687684059143
Epoch 253 Relative Error 0.014610584825277328
Epoch 254 Relative Error 0.014568975195288658
Epoch 255 Relative Error 0.014580640010535717
Epoch 256 Relative Error 0.014545289799571037
Epoch 257 Relative Error 0.014511574991047382
Epoch 258 Relative Error 0.014501523226499557
Epoch 259 Relative Error 0.014508665539324284
Epoch 260 Relative Error 0.01449793204665184
Epoch 261 Relative Error 0.014452224597334862
Epoch 262 Relative Error 0.014444341883063316
Epoch 263 Relative Error 0.014422053471207619
Epoch 264 Relative Error 0.014406581409275532
Epoch 265 Relative Error 0.0143628790974617
Epoch 266 Relative Error 0.014343487098813057
Epoch 267 Relative Error 0.014332551509141922
Epoch 268 Relative Error 0.014317487366497517
Epoch 269 Relative Error 0.014310099184513092
Epoch 270 Relative Error 0.014245893806219101
Epoch 271 Relative Error 0.014273270964622498
Epoch 272 Relative Error 0.014213294722139835
Epoch 273 Relative Error 0.014211050234735012
Epoch 274 Relative Error 0.014188487082719803
Epoch 275 Relative Error 0.01419694721698761
Epoch 276 Relative Error 0.014147302135825157
Epoch 277 Relative Error 0.014135823585093021
Epoch 278 Relative Error 0.014185305684804916
Epoch 279 Relative Error 0.014188146218657494
Epoch 280 Relative Error 0.014176680706441402
Epoch 281 Relative Error 0.014104323461651802
Epoch 282 Relative Error 0.014080784283578396
Epoch 283 Relative Error 0.014032546430826187
Epoch 284 Relative Error 0.014087888412177563
Epoch 285 Relative Error 0.013993826694786549
Epoch 286 Relative Error 0.013978343456983566
Epoch 287 Relative Error 0.013970117084681988
Epoch 288 Relative Error 0.01393136102706194
Epoch 289 Relative Error 0.013899413868784904
Epoch 290 Relative Error 0.01388077437877655
Epoch 291 Relative Error 0.013880530372262001
Epoch 292 Relative Error 0.013864739798009396
Epoch 293 Relative Error 0.013882393948733807
Epoch 294 Relative Error 0.013823640532791615
Epoch 295 Relative Error 0.013819423504173756
Epoch 296 Relative Error 0.013854353688657284
Epoch 297 Relative Error 0.013829422183334827
Epoch 298 Relative Error 0.013795406557619572
Epoch 299 Relative Error 0.013754008337855339
Epoch 300 Relative Error 0.013711397536098957
Epoch 301 Relative Error 0.013715000823140144
Epoch 302 Relative Error 0.013706649653613567
Epoch 303 Relative Error 0.013681181706488132
Epoch 304 Relative Error 0.013655406422913074
Epoch 305 Relative Error 0.013688507489860058
Epoch 306 Relative Error 0.013622534461319447
Epoch 307 Relative Error 0.013612925074994564
Epoch 308 Relative Error 0.013564201071858406
Epoch 309 Relative Error 0.013537921942770481
Epoch 310 Relative Error 0.013550464063882828
Epoch 311 Relative Error 0.01354822888970375
Epoch 312 Relative Error 0.013525268994271755
Epoch 313 Relative Error 0.013482294976711273
Epoch 314 Relative Error 0.013488388620316982
Epoch 315 Relative Error 0.01348415482789278
Epoch 316 Relative Error 0.013469907455146313
Epoch 317 Relative Error 0.013431192375719547
Epoch 318 Relative Error 0.013417401351034641
Epoch 319 Relative Error 0.013432321138679981
Epoch 320 Relative Error 0.013436293229460716
Epoch 321 Relative Error 0.013386587612330914
Epoch 322 Relative Error 0.013357133604586124
Epoch 323 Relative Error 0.013378484174609184
Epoch 324 Relative Error 0.01333263423293829
Epoch 325 Relative Error 0.013305970467627048
Epoch 326 Relative Error 0.013335991650819778
Epoch 327 Relative Error 0.013326619751751423
Epoch 328 Relative Error 0.013291820883750916
Epoch 329 Relative Error 0.013293166644871235
Epoch 330 Relative Error 0.013282885774970055
Epoch 331 Relative Error 0.01323564350605011
Epoch 332 Relative Error 0.013185208663344383
Epoch 333 Relative Error 0.01319076120853424
Epoch 334 Relative Error 0.013179554603993893
Epoch 335 Relative Error 0.013153568841516972
Epoch 336 Relative Error 0.013141842558979988
Epoch 337 Relative Error 0.013127944432199001
Epoch 338 Relative Error 0.01310846209526062
Epoch 339 Relative Error 0.013093840330839157
Epoch 340 Relative Error 0.013067654334008694
Epoch 341 Relative Error 0.013072500936686993
Epoch 342 Relative Error 0.013058222830295563
Epoch 343 Relative Error 0.013055681250989437
Epoch 344 Relative Error 0.013035353273153305
Epoch 345 Relative Error 0.013010173104703426
Epoch 346 Relative Error 0.01301485113799572
Epoch 347 Relative Error 0.01306116208434105
Epoch 348 Relative Error 0.013050880283117294
Epoch 349 Relative Error 0.012989326380193233
Epoch 350 Relative Error 0.01297754142433405
Epoch 351 Relative Error 0.012986358255147934
Epoch 352 Relative Error 0.01294292788952589
Epoch 353 Relative Error 0.01292288489639759
Epoch 354 Relative Error 0.012881164439022541
Epoch 355 Relative Error 0.012897258624434471
Epoch 356 Relative Error 0.012861517257988453
Epoch 357 Relative Error 0.012849977239966393
Epoch 358 Relative Error 0.012863839976489544
Epoch 359 Relative Error 0.012866595759987831
Epoch 360 Relative Error 0.012806233949959278
Epoch 361 Relative Error 0.012781194411218166
Epoch 362 Relative Error 0.012786013074219227
Epoch 363 Relative Error 0.012822008691728115
Epoch 364 Relative Error 0.012783299200236797
Epoch 365 Relative Error 0.012768221087753773
Epoch 366 Relative Error 0.012746005319058895
Epoch 367 Relative Error 0.012729237787425518
Epoch 368 Relative Error 0.012714311480522156
Epoch 369 Relative Error 0.012714507058262825
Epoch 370 Relative Error 0.012681681662797928
Epoch 371 Relative Error 0.012706533074378967
Epoch 372 Relative Error 0.012671462260186672
Epoch 373 Relative Error 0.0126571636646986
Epoch 374 Relative Error 0.01262133289128542
Epoch 375 Relative Error 0.012623797170817852
Epoch 376 Relative Error 0.012601496651768684
Epoch 377 Relative Error 0.012580574490129948
Epoch 378 Relative Error 0.012600241228938103
Epoch 379 Relative Error 0.012582904659211636
Epoch 380 Relative Error 0.01254299283027649
Epoch 381 Relative Error 0.012565954588353634
Epoch 382 Relative Error 0.012531613931059837
Epoch 383 Relative Error 0.012578138150274754
Epoch 384 Relative Error 0.0125008849427104
Epoch 385 Relative Error 0.012503043748438358
Epoch 386 Relative Error 0.012483278289437294
Epoch 387 Relative Error 0.012466209940612316
Epoch 388 Relative Error 0.012478905729949474
Epoch 389 Relative Error 0.01249251514673233
Epoch 390 Relative Error 0.012478330172598362
Epoch 391 Relative Error 0.012498332187533379
Epoch 392 Relative Error 0.012476914562284946
Epoch 393 Relative Error 0.012471201829612255
Epoch 394 Relative Error 0.012413468211889267
Epoch 395 Relative Error 0.012401711195707321
Epoch 396 Relative Error 0.012380130589008331
Epoch 397 Relative Error 0.012363976798951626
Epoch 398 Relative Error 0.012369981966912746
Epoch 399 Relative Error 0.01233831699937582
Epoch 400 Relative Error 0.01243207324296236
Epoch 401 Relative Error 0.01232195645570755
Epoch 402 Relative Error 0.012342482805252075
Epoch 403 Relative Error 0.01230798289179802
Epoch 404 Relative Error 0.012277033179998398
Epoch 405 Relative Error 0.012259853072464466
Epoch 406 Relative Error 0.012240701355040073
Epoch 407 Relative Error 0.01223233062773943
Epoch 408 Relative Error 0.012218186631798744
Epoch 409 Relative Error 0.012216150760650635
Epoch 410 Relative Error 0.012202664278447628
Epoch 411 Relative Error 0.01219477690756321
Epoch 412 Relative Error 0.012192603200674057
Epoch 413 Relative Error 0.012175865471363068
Epoch 414 Relative Error 0.01215880736708641
Epoch 415 Relative Error 0.012155138887465
Epoch 416 Relative Error 0.012160682119429111
Epoch 417 Relative Error 0.01213904283940792
Epoch 418 Relative Error 0.012131879106163979
Epoch 419 Relative Error 0.012136629782617092
Epoch 420 Relative Error 0.012122032232582569
Epoch 421 Relative Error 0.0120908347889781
Epoch 422 Relative Error 0.012124809436500072
Epoch 423 Relative Error 0.012073730118572712
Epoch 424 Relative Error 0.012073430232703686
Epoch 425 Relative Error 0.012041150592267513
Epoch 426 Relative Error 0.012062078341841698
Epoch 427 Relative Error 0.012043722905218601
Epoch 428 Relative Error 0.012023575603961945
Epoch 429 Relative Error 0.011995973065495491
Epoch 430 Relative Error 0.011988228186964989
Epoch 431 Relative Error 0.011973591521382332
Epoch 432 Relative Error 0.011974187567830086
Epoch 433 Relative Error 0.011956854723393917
Epoch 434 Relative Error 0.0119517482817173
Epoch 435 Relative Error 0.011973520740866661
Epoch 436 Relative Error 0.011946546845138073
Epoch 437 Relative Error 0.011915012262761593
Epoch 438 Relative Error 0.01191999763250351
Epoch 439 Relative Error 0.011911938898265362
Epoch 440 Relative Error 0.011940540745854378
Epoch 441 Relative Error 0.011927207000553608
Epoch 442 Relative Error 0.011894787661731243
Epoch 443 Relative Error 0.011861179023981094
Epoch 444 Relative Error 0.011851901188492775
Epoch 445 Relative Error 0.01184014044702053
Epoch 446 Relative Error 0.011852283962070942
Epoch 447 Relative Error 0.011869278736412525
Epoch 448 Relative Error 0.011850290931761265
Epoch 449 Relative Error 0.011874441057443619
Epoch 450 Relative Error 0.011815044097602367
Epoch 451 Relative Error 0.011820856481790543
Epoch 452 Relative Error 0.011830099858343601
Epoch 453 Relative Error 0.011823387816548347
Epoch 454 Relative Error 0.011780227534472942
Epoch 455 Relative Error 0.011762252077460289
Epoch 456 Relative Error 0.011736748740077019
Epoch 457 Relative Error 0.011759999208152294
Epoch 458 Relative Error 0.011729836463928223
Epoch 459 Relative Error 0.01172658707946539
Epoch 460 Relative Error 0.011709509417414665
Epoch 461 Relative Error 0.011682851240038872
Epoch 462 Relative Error 0.01170411892235279
Epoch 463 Relative Error 0.011683262884616852
Epoch 464 Relative Error 0.011680028401315212
Epoch 465 Relative Error 0.011679379269480705
Epoch 466 Relative Error 0.01164946798235178
Epoch 467 Relative Error 0.01164812222123146
Epoch 468 Relative Error 0.01164740789681673
Epoch 469 Relative Error 0.011627640575170517
Epoch 470 Relative Error 0.011623134836554527
Epoch 471 Relative Error 0.011620783247053623
Epoch 472 Relative Error 0.011609363369643688
Epoch 473 Relative Error 0.01163843460381031
Epoch 474 Relative Error 0.011612444184720516
Epoch 475 Relative Error 0.011596303433179855
Epoch 476 Relative Error 0.0116071542724967
Epoch 477 Relative Error 0.011553951539099216
Epoch 478 Relative Error 0.011550999246537685
Epoch 479 Relative Error 0.011531908996403217
Epoch 480 Relative Error 0.011522401124238968
Epoch 481 Relative Error 0.011526420712471008
Epoch 482 Relative Error 0.01154177263379097
Epoch 483 Relative Error 0.01153632067143917
Epoch 484 Relative Error 0.011505565606057644
Epoch 485 Relative Error 0.011504351161420345
Epoch 486 Relative Error 0.011460291221737862
Epoch 487 Relative Error 0.011460120789706707
Epoch 488 Relative Error 0.011441859416663647
Epoch 489 Relative Error 0.01149050798267126
Epoch 490 Relative Error 0.011467117816209793
Epoch 491 Relative Error 0.011451316066086292
Epoch 492 Relative Error 0.011433755978941917
Epoch 493 Relative Error 0.011440113186836243
Epoch 494 Relative Error 0.011416753754019737
Epoch 495 Relative Error 0.011443745344877243
Epoch 496 Relative Error 0.011440589092671871
Epoch 497 Relative Error 0.011410357430577278
Epoch 498 Relative Error 0.01140508335083723
Epoch 499 Relative Error 0.011384286917746067
Epoch 500 Relative Error 0.011378336697816849
Epoch 501 Relative Error 0.011360383592545986
Epoch 502 Relative Error 0.011384095065295696
Epoch 503 Relative Error 0.011341817677021027
Epoch 504 Relative Error 0.011322656646370888
Epoch 505 Relative Error 0.011331513524055481
Epoch 506 Relative Error 0.011328473687171936
Epoch 507 Relative Error 0.011313959024846554
Epoch 508 Relative Error 0.011294562369585037
Epoch 509 Relative Error 0.011282806284725666
Epoch 510 Relative Error 0.011276145465672016
Epoch 511 Relative Error 0.011287746950984001
Epoch 512 Relative Error 0.011267979629337788
Epoch 513 Relative Error 0.01125955581665039
Epoch 514 Relative Error 0.01124655269086361
Epoch 515 Relative Error 0.011246533133089542
Epoch 516 Relative Error 0.011239242739975452
Epoch 517 Relative Error 0.01122185867279768
Epoch 518 Relative Error 0.011216538958251476
Epoch 519 Relative Error 0.011204775422811508
Epoch 520 Relative Error 0.011226448230445385
Epoch 521 Relative Error 0.011225339025259018
Epoch 522 Relative Error 0.011193939484655857
Epoch 523 Relative Error 0.011169271543622017
Epoch 524 Relative Error 0.011172168888151646
Epoch 525 Relative Error 0.011154135689139366
Epoch 526 Relative Error 0.011158115230500698
Epoch 527 Relative Error 0.011156446300446987
Epoch 528 Relative Error 0.011156182736158371
Epoch 529 Relative Error 0.011153627187013626
Epoch 530 Relative Error 0.011142640374600887
Epoch 531 Relative Error 0.011197544634342194
Epoch 532 Relative Error 0.011140607297420502
Epoch 533 Relative Error 0.011124447919428349
Epoch 534 Relative Error 0.011111283674836159
Epoch 535 Relative Error 0.011080805212259293
Epoch 536 Relative Error 0.011077667586505413
Epoch 537 Relative Error 0.011066565290093422
Epoch 538 Relative Error 0.011058405041694641
Epoch 539 Relative Error 0.011056201532483101
Epoch 540 Relative Error 0.011061356402933598
Epoch 541 Relative Error 0.011070607230067253
Epoch 542 Relative Error 0.011043448932468891
Epoch 543 Relative Error 0.011041354387998581
Epoch 544 Relative Error 0.0110955024138093
Epoch 545 Relative Error 0.011025562882423401
Epoch 546 Relative Error 0.011001942679286003
Epoch 547 Relative Error 0.011005685664713383
Epoch 548 Relative Error 0.011002004146575928
Epoch 549 Relative Error 0.010976181365549564
Epoch 550 Relative Error 0.010981586761772633
Epoch 551 Relative Error 0.010974690318107605
Epoch 552 Relative Error 0.010969078168272972
Epoch 553 Relative Error 0.010952722281217575
Epoch 554 Relative Error 0.010945997200906277
Epoch 555 Relative Error 0.010937185026705265
Epoch 556 Relative Error 0.010925089940428734
Epoch 557 Relative Error 0.010931477881968021
Epoch 558 Relative Error 0.010922272689640522
Epoch 559 Relative Error 0.01091050449758768
Epoch 560 Relative Error 0.01091195922344923
Epoch 561 Relative Error 0.010898561216890812
Epoch 562 Relative Error 0.01092558540403843
Epoch 563 Relative Error 0.010888922959566116
Epoch 564 Relative Error 0.01087857224047184
Epoch 565 Relative Error 0.01092211902141571
Epoch 566 Relative Error 0.010915907099843025
Epoch 567 Relative Error 0.010882949456572533
Epoch 568 Relative Error 0.010867276228964329
Epoch 569 Relative Error 0.010867844335734844
Epoch 570 Relative Error 0.010833680629730225
Epoch 571 Relative Error 0.010832457803189754
Epoch 572 Relative Error 0.010834216140210629
Epoch 573 Relative Error 0.010843398980796337
Epoch 574 Relative Error 0.010818330571055412
Epoch 575 Relative Error 0.010802563279867172
Epoch 576 Relative Error 0.010806125588715076
Epoch 577 Relative Error 0.010798132978379726
Epoch 578 Relative Error 0.01081779133528471
Epoch 579 Relative Error 0.010806429199874401
Epoch 580 Relative Error 0.010784827172756195
Epoch 581 Relative Error 0.01078274566680193
Epoch 582 Relative Error 0.010769878514111042
Epoch 583 Relative Error 0.010744381695985794
Epoch 584 Relative Error 0.010745295323431492
Epoch 585 Relative Error 0.010743219405412674
Epoch 586 Relative Error 0.010738279670476913
Epoch 587 Relative Error 0.010751383379101753
Epoch 588 Relative Error 0.010735047049820423
Epoch 589 Relative Error 0.010718788020312786
Epoch 590 Relative Error 0.010745669715106487
Epoch 591 Relative Error 0.010724036023020744
Epoch 592 Relative Error 0.010710684582591057
Epoch 593 Relative Error 0.010696827434003353
Epoch 594 Relative Error 0.01067301444709301
Epoch 595 Relative Error 0.010701859369874
Epoch 596 Relative Error 0.010661968030035496
Epoch 597 Relative Error 0.010683542117476463
Epoch 598 Relative Error 0.010657085105776787
Epoch 599 Relative Error 0.010668657720088959
Epoch 600 Relative Error 0.010652991011738777
Epoch 601 Relative Error 0.010673584416508675
Epoch 602 Relative Error 0.010739856399595737
Epoch 603 Relative Error 0.010674511082470417
Epoch 604 Relative Error 0.010661335662007332
Epoch 605 Relative Error 0.01061414834111929
Epoch 606 Relative Error 0.010603254660964012
Epoch 607 Relative Error 0.010589096695184708
Epoch 608 Relative Error 0.010596835985779762
Epoch 609 Relative Error 0.010589267127215862
Epoch 610 Relative Error 0.010579771362245083
Epoch 611 Relative Error 0.010595749132335186
Epoch 612 Relative Error 0.010582895949482918
Epoch 613 Relative Error 0.01058775745332241
Epoch 614 Relative Error 0.010549662634730339
Epoch 615 Relative Error 0.01056845672428608
Epoch 616 Relative Error 0.010550124570727348
Epoch 617 Relative Error 0.01056182011961937
Epoch 618 Relative Error 0.010546883568167686
Epoch 619 Relative Error 0.01054403930902481
Epoch 620 Relative Error 0.010542581789195538
Epoch 621 Relative Error 0.0105357114225626
Epoch 622 Relative Error 0.010505657643079758
Epoch 623 Relative Error 0.01053659338504076
Epoch 624 Relative Error 0.01050833985209465
Epoch 625 Relative Error 0.010515104979276657
Epoch 626 Relative Error 0.010501354932785034
Epoch 627 Relative Error 0.010472244583070278
Epoch 628 Relative Error 0.010498027317225933
Epoch 629 Relative Error 0.010466251522302628
Epoch 630 Relative Error 0.010470600798726082
Epoch 631 Relative Error 0.010469994507730007
Epoch 632 Relative Error 0.010443359613418579
Epoch 633 Relative Error 0.010457957163453102
Epoch 634 Relative Error 0.010442042723298073
Epoch 635 Relative Error 0.010451073758304119
Epoch 636 Relative Error 0.01046101376414299
Epoch 637 Relative Error 0.010439549572765827
Epoch 638 Relative Error 0.01042409148067236
Epoch 639 Relative Error 0.010399040766060352
Epoch 640 Relative Error 0.010423867963254452
Epoch 641 Relative Error 0.010402078740298748
Epoch 642 Relative Error 0.010410013608634472
Epoch 643 Relative Error 0.01038495171815157
Epoch 644 Relative Error 0.010498149320483208
Epoch 645 Relative Error 0.010416869074106216
Epoch 646 Relative Error 0.010419710539281368
Epoch 647 Relative Error 0.010394973680377007
Epoch 648 Relative Error 0.010358622297644615
Epoch 649 Relative Error 0.01036576647311449
Epoch 650 Relative Error 0.010353566147387028
Epoch 651 Relative Error 0.010356325656175613
Epoch 652 Relative Error 0.01033744402229786
Epoch 653 Relative Error 0.010346842929720879
Epoch 654 Relative Error 0.010336877778172493
Epoch 655 Relative Error 0.010326764546334743
Epoch 656 Relative Error 0.010342738591134548
Epoch 657 Relative Error 0.010335605591535568
Epoch 658 Relative Error 0.010337659157812595
Epoch 659 Relative Error 0.010318058542907238
Epoch 660 Relative Error 0.010287661105394363
Epoch 661 Relative Error 0.010297100991010666
Epoch 662 Relative Error 0.010283087380230427
Epoch 663 Relative Error 0.01028563641011715
Epoch 664 Relative Error 0.010285581462085247
Epoch 665 Relative Error 0.010286792181432247
Epoch 666 Relative Error 0.010270819999277592
Epoch 667 Relative Error 0.010262599214911461
Epoch 668 Relative Error 0.010266099125146866
Epoch 669 Relative Error 0.01025581918656826
Epoch 670 Relative Error 0.01023828610777855
Epoch 671 Relative Error 0.010268639773130417
Epoch 672 Relative Error 0.01026224996894598
Epoch 673 Relative Error 0.010232417844235897
Epoch 674 Relative Error 0.0102382842451334
Epoch 675 Relative Error 0.010214557871222496
Epoch 676 Relative Error 0.010261091403663158
Epoch 677 Relative Error 0.010221784934401512
Epoch 678 Relative Error 0.010199625045061111
Epoch 679 Relative Error 0.010186510160565376
Epoch 680 Relative Error 0.010181145742535591
Epoch 681 Relative Error 0.010188800282776356
Epoch 682 Relative Error 0.01020476408302784
Epoch 683 Relative Error 0.010159908793866634
Epoch 684 Relative Error 0.010184044018387794
Epoch 685 Relative Error 0.0101576903834939
Epoch 686 Relative Error 0.010220760479569435
Epoch 687 Relative Error 0.01016349159181118
Epoch 688 Relative Error 0.010146427899599075
Epoch 689 Relative Error 0.010137951001524925
Epoch 690 Relative Error 0.010150564834475517
Epoch 691 Relative Error 0.010123060084879398
Epoch 692 Relative Error 0.010133819654583931
Epoch 693 Relative Error 0.010125380009412766
Epoch 694 Relative Error 0.010115380398929119
Epoch 695 Relative Error 0.01010278332978487
Epoch 696 Relative Error 0.010092207230627537
Epoch 697 Relative Error 0.010089879855513573
Epoch 698 Relative Error 0.010103864595293999
Epoch 699 Relative Error 0.01009577326476574
Epoch 700 Relative Error 0.010111314244568348
Epoch 701 Relative Error 0.010109616443514824
Epoch 702 Relative Error 0.010086691938340664
Epoch 703 Relative Error 0.010081431828439236
Epoch 704 Relative Error 0.010073873214423656
Epoch 705 Relative Error 0.010080773383378983
Epoch 706 Relative Error 0.010074094869196415
Epoch 707 Relative Error 0.010064132511615753
Epoch 708 Relative Error 0.01004076935350895
Epoch 709 Relative Error 0.010034614242613316
Epoch 710 Relative Error 0.010033641941845417
Epoch 711 Relative Error 0.010037193074822426
Epoch 712 Relative Error 0.01004368718713522
Epoch 713 Relative Error 0.010047725401818752
Epoch 714 Relative Error 0.0100432513281703
Epoch 715 Relative Error 0.01003198977559805
Epoch 716 Relative Error 0.010035677812993526
Epoch 717 Relative Error 0.010004175826907158
Epoch 718 Relative Error 0.010002469643950462
Epoch 719 Relative Error 0.0099916597828269
Epoch 720 Relative Error 0.009990385733544827
Epoch 721 Relative Error 0.009982844814658165
Epoch 722 Relative Error 0.009988154284656048
Epoch 723 Relative Error 0.009975454770028591
Epoch 724 Relative Error 0.010008157230913639
Epoch 725 Relative Error 0.009979813359677792
Epoch 726 Relative Error 0.009959720075130463
Epoch 727 Relative Error 0.00994128454476595
Epoch 728 Relative Error 0.009949123486876488
Epoch 729 Relative Error 0.009939364157617092
Epoch 730 Relative Error 0.009938031435012817
Epoch 731 Relative Error 0.009933465160429478
Epoch 732 Relative Error 0.009937752038240433
Epoch 733 Relative Error 0.009937213733792305
Epoch 734 Relative Error 0.009958984330296516
Epoch 735 Relative Error 0.009936116635799408
Epoch 736 Relative Error 0.0099398884922266
Epoch 737 Relative Error 0.009907246567308903
Epoch 738 Relative Error 0.009907720610499382
Epoch 739 Relative Error 0.00988861732184887
Epoch 740 Relative Error 0.009887292981147766
Epoch 741 Relative Error 0.009900685399770737
Epoch 742 Relative Error 0.009876733645796776
Epoch 743 Relative Error 0.009879090823233128
Epoch 744 Relative Error 0.009893528185784817
Epoch 745 Relative Error 0.009888995438814163
Epoch 746 Relative Error 0.009889128617942333
Epoch 747 Relative Error 0.009864303283393383
Epoch 748 Relative Error 0.00987209565937519
Epoch 749 Relative Error 0.009856968186795712
Epoch 750 Relative Error 0.00984956230968237
Epoch 751 Relative Error 0.009856428019702435
Epoch 752 Relative Error 0.009833484888076782
Epoch 753 Relative Error 0.009863663464784622
Epoch 754 Relative Error 0.009836304001510143
Epoch 755 Relative Error 0.009826521389186382
Epoch 756 Relative Error 0.009814328514039516
Epoch 757 Relative Error 0.009820839390158653
Epoch 758 Relative Error 0.009817157872021198
Epoch 759 Relative Error 0.009825215674936771
Epoch 760 Relative Error 0.009798536077141762
Epoch 761 Relative Error 0.009792868979275227
Epoch 762 Relative Error 0.009791973978281021
Epoch 763 Relative Error 0.009793478064239025
Epoch 764 Relative Error 0.009786447510123253
Epoch 765 Relative Error 0.00979968998581171
Epoch 766 Relative Error 0.009785586036741734
Epoch 767 Relative Error 0.0097795519977808
Epoch 768 Relative Error 0.009795859456062317
Epoch 769 Relative Error 0.009781982749700546
Epoch 770 Relative Error 0.009765158407390118
Epoch 771 Relative Error 0.009765220806002617
Epoch 772 Relative Error 0.009746690280735493
Epoch 773 Relative Error 0.009743353351950645
Epoch 774 Relative Error 0.009737427346408367
Epoch 775 Relative Error 0.009743226692080498
Epoch 776 Relative Error 0.009726197458803654
Epoch 777 Relative Error 0.009725401178002357
Epoch 778 Relative Error 0.009720975533127785
Epoch 779 Relative Error 0.009712607599794865
Epoch 780 Relative Error 0.009712680242955685
Epoch 781 Relative Error 0.009707561694085598
Epoch 782 Relative Error 0.009695441462099552
Epoch 783 Relative Error 0.009697777219116688
Epoch 784 Relative Error 0.009699167683720589
Epoch 785 Relative Error 0.009689833037555218
Epoch 786 Relative Error 0.009690206497907639
Epoch 787 Relative Error 0.009694818407297134
Epoch 788 Relative Error 0.009682987816631794
Epoch 789 Relative Error 0.009671936742961407
Epoch 790 Relative Error 0.009675662033259869
Epoch 791 Relative Error 0.009674573317170143
Epoch 792 Relative Error 0.009674586355686188
Epoch 793 Relative Error 0.009659979492425919
Epoch 794 Relative Error 0.009671355597674847
Epoch 795 Relative Error 0.009640112519264221
Epoch 796 Relative Error 0.009664141573011875
Epoch 797 Relative Error 0.009651538915932178
Epoch 798 Relative Error 0.009652994573116302
Epoch 799 Relative Error 0.009644495323300362
Epoch 800 Relative Error 0.009645869955420494
Epoch 801 Relative Error 0.009622116573154926
Epoch 802 Relative Error 0.00962247047573328
Epoch 803 Relative Error 0.009623561054468155
Epoch 804 Relative Error 0.009603706188499928
Epoch 805 Relative Error 0.009615782648324966
Epoch 806 Relative Error 0.00960851926356554
Epoch 807 Relative Error 0.00962758157402277
Epoch 808 Relative Error 0.009594912640750408
Epoch 809 Relative Error 0.009622213430702686
Epoch 810 Relative Error 0.009609275497496128
Epoch 811 Relative Error 0.00962852407246828
Epoch 812 Relative Error 0.00961238518357277
Epoch 813 Relative Error 0.009581581689417362
Epoch 814 Relative Error 0.009575905278325081
Epoch 815 Relative Error 0.009571353904902935
Epoch 816 Relative Error 0.009573272429406643
Epoch 817 Relative Error 0.009570201858878136
Epoch 818 Relative Error 0.009585157968103886
Epoch 819 Relative Error 0.009554801508784294
Epoch 820 Relative Error 0.009570937603712082
Epoch 821 Relative Error 0.009563254192471504
Epoch 822 Relative Error 0.00955882016569376
Epoch 823 Relative Error 0.009575504809617996
Epoch 824 Relative Error 0.009547868743538857
Epoch 825 Relative Error 0.00953326653689146
Epoch 826 Relative Error 0.009528925642371178
Epoch 827 Relative Error 0.009512903168797493
Epoch 828 Relative Error 0.009522358886897564
Epoch 829 Relative Error 0.009511931799352169
Epoch 830 Relative Error 0.009507182985544205
Epoch 831 Relative Error 0.009506942704319954
Epoch 832 Relative Error 0.009496703743934631
Epoch 833 Relative Error 0.009504593908786774
Epoch 834 Relative Error 0.009527182206511497
Epoch 835 Relative Error 0.00949622318148613
Epoch 836 Relative Error 0.009485487826168537
Epoch 837 Relative Error 0.009479280561208725
Epoch 838 Relative Error 0.009482546709477901
Epoch 839 Relative Error 0.009483168832957745
Epoch 840 Relative Error 0.009473621845245361
Epoch 841 Relative Error 0.009473509155213833
Epoch 842 Relative Error 0.00946444645524025
Epoch 843 Relative Error 0.009458450600504875
Epoch 844 Relative Error 0.009451461024582386
Epoch 845 Relative Error 0.009444992057979107
Epoch 846 Relative Error 0.009441163390874863
Epoch 847 Relative Error 0.009453081525862217
Epoch 848 Relative Error 0.009434658102691174
Epoch 849 Relative Error 0.009458067826926708
Epoch 850 Relative Error 0.009429143741726875
Epoch 851 Relative Error 0.009440291672945023
Epoch 852 Relative Error 0.009463021531701088
Epoch 853 Relative Error 0.009475229308009148
Epoch 854 Relative Error 0.009492817334830761
Epoch 855 Relative Error 0.009464068338274956
Epoch 856 Relative Error 0.009483177214860916
Epoch 857 Relative Error 0.009429368190467358
Epoch 858 Relative Error 0.00939921010285616
Epoch 859 Relative Error 0.009426086209714413
Epoch 860 Relative Error 0.009399938397109509
Epoch 861 Relative Error 0.009407831355929375
Epoch 862 Relative Error 0.00938975065946579
Epoch 863 Relative Error 0.009389122016727924
Epoch 864 Relative Error 0.009381192736327648
Epoch 865 Relative Error 0.009389881044626236
Epoch 866 Relative Error 0.009410546161234379
Epoch 867 Relative Error 0.009377704001963139
Epoch 868 Relative Error 0.009379217401146889
Epoch 869 Relative Error 0.009371231310069561
Epoch 870 Relative Error 0.009403430856764317
Epoch 871 Relative Error 0.009416080079972744
Epoch 872 Relative Error 0.009373178705573082
Epoch 873 Relative Error 0.009349431842565536
Epoch 874 Relative Error 0.009365842677652836
Epoch 875 Relative Error 0.009361733682453632
Epoch 876 Relative Error 0.009352337568998337
Epoch 877 Relative Error 0.00933675467967987
Epoch 878 Relative Error 0.009327929466962814
Epoch 879 Relative Error 0.009321040473878384
Epoch 880 Relative Error 0.009352143853902817
Epoch 881 Relative Error 0.009317046031355858
Epoch 882 Relative Error 0.009322823956608772
Epoch 883 Relative Error 0.009327784180641174
Epoch 884 Relative Error 0.00930479634553194
Epoch 885 Relative Error 0.009317237883806229
Epoch 886 Relative Error 0.009312084876000881
Epoch 887 Relative Error 0.009310399182140827
Epoch 888 Relative Error 0.009302185848355293
Epoch 889 Relative Error 0.009300471283495426
Epoch 890 Relative Error 0.009293061681091785
Epoch 891 Relative Error 0.0092791011556983
Epoch 892 Relative Error 0.009283817373216152
Epoch 893 Relative Error 0.009264511987566948
Epoch 894 Relative Error 0.009257109835743904
Epoch 895 Relative Error 0.009270251728594303
Epoch 896 Relative Error 0.009258496575057507
Epoch 897 Relative Error 0.009278696030378342
Epoch 898 Relative Error 0.009259206242859364
Epoch 899 Relative Error 0.009258804842829704
Epoch 900 Relative Error 0.009248575195670128
Epoch 901 Relative Error 0.009240600280463696
Epoch 902 Relative Error 0.009242257103323936
Epoch 903 Relative Error 0.00924533698707819
Epoch 904 Relative Error 0.009240121580660343
Epoch 905 Relative Error 0.00923969317227602
Epoch 906 Relative Error 0.009238574653863907
Epoch 907 Relative Error 0.009236304089426994
Epoch 908 Relative Error 0.009236134588718414
Epoch 909 Relative Error 0.009226473048329353
Epoch 910 Relative Error 0.009212417528033257
Epoch 911 Relative Error 0.009225334040820599
Epoch 912 Relative Error 0.009220592677593231
Epoch 913 Relative Error 0.009194823913276196
Epoch 914 Relative Error 0.009216680191457272
Epoch 915 Relative Error 0.009197317063808441
Epoch 916 Relative Error 0.009208135306835175
Epoch 917 Relative Error 0.009183776564896107
Epoch 918 Relative Error 0.00918033067137003
Epoch 919 Relative Error 0.009185956791043282
Epoch 920 Relative Error 0.009203261695802212
Epoch 921 Relative Error 0.009181184694170952
Epoch 922 Relative Error 0.009175234474241734
Epoch 923 Relative Error 0.009166963398456573
Epoch 924 Relative Error 0.009167766198515892
Epoch 925 Relative Error 0.009173532016575336
Epoch 926 Relative Error 0.00917374063283205
Epoch 927 Relative Error 0.009159112349152565
Epoch 928 Relative Error 0.009172610007226467
Epoch 929 Relative Error 0.0091417720541358
Epoch 930 Relative Error 0.009138056077063084
Epoch 931 Relative Error 0.009149095974862576
Epoch 932 Relative Error 0.009149779565632343
Epoch 933 Relative Error 0.009177613072097301
Epoch 934 Relative Error 0.009169403463602066
Epoch 935 Relative Error 0.009146783500909805
Epoch 936 Relative Error 0.009174482896924019
Epoch 937 Relative Error 0.009139370173215866
Epoch 938 Relative Error 0.009123641066253185
Epoch 939 Relative Error 0.009166507981717587
Epoch 940 Relative Error 0.009149816818535328
Epoch 941 Relative Error 0.009123684838414192
Epoch 942 Relative Error 0.009139122441411018
Epoch 943 Relative Error 0.009126590564846992
Epoch 944 Relative Error 0.009124180302023888
Epoch 945 Relative Error 0.009095756337046623
Epoch 946 Relative Error 0.009083665907382965
Epoch 947 Relative Error 0.009098168462514877
Epoch 948 Relative Error 0.009088653139770031
Epoch 949 Relative Error 0.009095320478081703
Epoch 950 Relative Error 0.00908077321946621
Epoch 951 Relative Error 0.009074551984667778
Epoch 952 Relative Error 0.009068879298865795
Epoch 953 Relative Error 0.009068355895578861
Epoch 954 Relative Error 0.009083980694413185
Epoch 955 Relative Error 0.009074043482542038
Epoch 956 Relative Error 0.009069518186151981
Epoch 957 Relative Error 0.009055140428245068
Epoch 958 Relative Error 0.009060990065336227
Epoch 959 Relative Error 0.009048135951161385
Epoch 960 Relative Error 0.009050693362951279
Epoch 961 Relative Error 0.00904247909784317
Epoch 962 Relative Error 0.009037123061716557
Epoch 963 Relative Error 0.009034736081957817
Epoch 964 Relative Error 0.009030204266309738
Epoch 965 Relative Error 0.009025521576404572
Epoch 966 Relative Error 0.009024020284414291
Epoch 967 Relative Error 0.009025233797729015
Epoch 968 Relative Error 0.009012999944388866
Epoch 969 Relative Error 0.00901295430958271
Epoch 970 Relative Error 0.009010963141918182
Epoch 971 Relative Error 0.009013412520289421
Epoch 972 Relative Error 0.009001843631267548
Epoch 973 Relative Error 0.009003846906125546
Epoch 974 Relative Error 0.00904851034283638
Epoch 975 Relative Error 0.009013675153255463
Epoch 976 Relative Error 0.009015253745019436
Epoch 977 Relative Error 0.00901020411401987
Epoch 978 Relative Error 0.008982773870229721
Epoch 979 Relative Error 0.008976925164461136
Epoch 980 Relative Error 0.008979517966508865
Epoch 981 Relative Error 0.008979377336800098
Epoch 982 Relative Error 0.008980290032923222
Epoch 983 Relative Error 0.008969362825155258
Epoch 984 Relative Error 0.00897583644837141
Epoch 985 Relative Error 0.008968202397227287
Epoch 986 Relative Error 0.008979047648608685
Epoch 987 Relative Error 0.00895651150494814
Epoch 988 Relative Error 0.008959774859249592
Epoch 989 Relative Error 0.008955960161983967
Epoch 990 Relative Error 0.008955651894211769
Epoch 991 Relative Error 0.00894722156226635
Epoch 992 Relative Error 0.008945141918957233
Epoch 993 Relative Error 0.008951595053076744
Epoch 994 Relative Error 0.008962194435298443
Epoch 995 Relative Error 0.008958171121776104
Epoch 996 Relative Error 0.008931445889174938
Epoch 997 Relative Error 0.008921676315367222
Epoch 998 Relative Error 0.008927413262426853
Epoch 999 Relative Error 0.008924733847379684
Epoch 1000 Relative Error 0.008914881385862827
RE (3, 5, 16, 0): 0.008914881385862827
Green's Function RE (3, 5, 16, 0): 0.01706063002347946
Bias Term RE (3, 5, 16, 0): 0.010076424106955528
Combination (3, 5, 16, 0, 0): 0.008191871456801891
Combination (3, 5, 16, 0, 1): 0.007680667098611593
Combination (3, 5, 16, 0, 2): 0.007537926081568003
Combination (3, 5, 16, 0, 3): 0.007492807228118181
Combination (3, 5, 16, 0, 4): 0.007471179123967886

/home/gridsan/gstepaniants/.local/lib/python3.8/site-packages/torch/functional.py:478: UserWarning: torch.meshgrid: in an upcoming release, it will be required to pass the indexing argument. (Triggered internally at  ../aten/src/ATen/native/TensorShape.cpp:2895.)
  return _VF.meshgrid(tensors, **kwargs)  # type: ignore[attr-defined]
