[KeOps] Warning : Cuda libraries were not detected on the system ; using cpu only mode
1
Kernel: Exponential
Weight Mesh: 80
RKHS Kernel Width: 0.04
Lambda: 1e-06
Green's Function Learning Rate: 100
Bias Term Learning Rate: 100
Epoch 1 Relative Error 8741.7021484375
First epoch had re = 8741.7021484375 > 1
Green's Function Learning Rate: 50
Bias Term Learning Rate: 50
Epoch 1 Relative Error 4799.0673828125
First epoch had re = 4799.0673828125 > 1
Green's Function Learning Rate: 10
Bias Term Learning Rate: 10
Epoch 1 Relative Error 1116.3358154296875
First epoch had re = 1116.3358154296875 > 1
Green's Function Learning Rate: 5
Bias Term Learning Rate: 5
Epoch 1 Relative Error 406.3467102050781
First epoch had re = 406.3467102050781 > 1
Green's Function Learning Rate: 1
Bias Term Learning Rate: 1
Epoch 1 Relative Error 97.4238510131836
First epoch had re = 97.4238510131836 > 1
Green's Function Learning Rate: 0.5
Bias Term Learning Rate: 0.5
Epoch 1 Relative Error 56.78217697143555
First epoch had re = 56.78217697143555 > 1
Green's Function Learning Rate: 0.1
Bias Term Learning Rate: 0.1
Epoch 1 Relative Error 7.1070637702941895
First epoch had re = 7.1070637702941895 > 1
Green's Function Learning Rate: 0.05
Bias Term Learning Rate: 0.05
Epoch 1 Relative Error 4.005369186401367
First epoch had re = 4.005369186401367 > 1
Green's Function Learning Rate: 0.01
Bias Term Learning Rate: 0.01
Epoch 1 Relative Error 0.9637278914451599
Epoch 2 Relative Error 0.7010757327079773
Epoch 3 Relative Error 0.4804145395755768
Epoch 4 Relative Error 0.3990643322467804
Epoch 5 Relative Error 0.30059778690338135
Epoch 6 Relative Error 0.24158480763435364
Epoch 7 Relative Error 0.21816542744636536
Epoch 8 Relative Error 0.18329262733459473
Epoch 9 Relative Error 0.1357608437538147
Epoch 10 Relative Error 0.11280184984207153
Epoch 11 Relative Error 0.10060220956802368
Epoch 12 Relative Error 0.08696620166301727
Epoch 13 Relative Error 0.0662498027086258
Epoch 14 Relative Error 0.04920234903693199
Epoch 15 Relative Error 0.04238823056221008
Epoch 16 Relative Error 0.03991600126028061
Epoch 17 Relative Error 0.031167224049568176
Epoch 18 Relative Error 0.023436138406395912
Epoch 19 Relative Error 0.026340626180171967
Epoch 20 Relative Error 0.026717767119407654
Epoch 21 Relative Error 0.02227291464805603
Epoch 22 Relative Error 0.017783446237444878
Epoch 23 Relative Error 0.016392212361097336
Epoch 24 Relative Error 0.015349061228334904
Epoch 25 Relative Error 0.015195072628557682
Epoch 26 Relative Error 0.013929400593042374
Epoch 27 Relative Error 0.013328141532838345
Epoch 28 Relative Error 0.012949644587934017
Epoch 29 Relative Error 0.012499428354203701
Epoch 30 Relative Error 0.012151390314102173
Epoch 31 Relative Error 0.01179503370076418
Epoch 32 Relative Error 0.011594453826546669
Epoch 33 Relative Error 0.011340140365064144
Epoch 34 Relative Error 0.011067124083638191
Epoch 35 Relative Error 0.01083279587328434
Epoch 36 Relative Error 0.01067277044057846
Epoch 37 Relative Error 0.010395083576440811
Epoch 38 Relative Error 0.010217584669589996
Epoch 39 Relative Error 0.01001031044870615
Epoch 40 Relative Error 0.009820745326578617
Epoch 41 Relative Error 0.009617442265152931
Epoch 42 Relative Error 0.009484030306339264
Epoch 43 Relative Error 0.00930028036236763
Epoch 44 Relative Error 0.009111572057008743
Epoch 45 Relative Error 0.008949356153607368
Epoch 46 Relative Error 0.008825110271573067
Epoch 47 Relative Error 0.008668916299939156
Epoch 48 Relative Error 0.008530891500413418
Epoch 49 Relative Error 0.008361401967704296
Epoch 50 Relative Error 0.008249902166426182
Epoch 51 Relative Error 0.00808000285178423
Epoch 52 Relative Error 0.007983150891959667
Epoch 53 Relative Error 0.007829868234694004
Epoch 54 Relative Error 0.007741241715848446
Epoch 55 Relative Error 0.007607548963278532
Epoch 56 Relative Error 0.007484976667910814
Epoch 57 Relative Error 0.007348576094955206
Epoch 58 Relative Error 0.00725697772577405
Epoch 59 Relative Error 0.0071363504976034164
Epoch 60 Relative Error 0.007036272902041674
Epoch 61 Relative Error 0.006927096750587225
Epoch 62 Relative Error 0.0068307360634207726
Epoch 63 Relative Error 0.006731157191097736
Epoch 64 Relative Error 0.006631072144955397
Epoch 65 Relative Error 0.006555961444973946
Epoch 66 Relative Error 0.006449342705309391
Epoch 67 Relative Error 0.006363328080624342
Epoch 68 Relative Error 0.0062813665717840195
Epoch 69 Relative Error 0.006187195423990488
Epoch 70 Relative Error 0.006095684599131346
Epoch 71 Relative Error 0.006009342614561319
Epoch 72 Relative Error 0.005931737832725048
Epoch 73 Relative Error 0.005865008570253849
Epoch 74 Relative Error 0.00580134941264987
Epoch 75 Relative Error 0.00570814311504364
Epoch 76 Relative Error 0.005679541267454624
Epoch 77 Relative Error 0.005577749572694302
Epoch 78 Relative Error 0.005487572867423296
Epoch 79 Relative Error 0.005432694219052792
Epoch 80 Relative Error 0.0053831408731639385
Epoch 81 Relative Error 0.0053059919737279415
Epoch 82 Relative Error 0.005285584833472967
Epoch 83 Relative Error 0.00519840931519866
Epoch 84 Relative Error 0.005137281026691198
Epoch 85 Relative Error 0.0050543127581477165
Epoch 86 Relative Error 0.005002375692129135
Epoch 87 Relative Error 0.0049706497229635715
Epoch 88 Relative Error 0.004891257733106613
Epoch 89 Relative Error 0.004842334892600775
Epoch 90 Relative Error 0.004786424804478884
Epoch 91 Relative Error 0.004750351421535015
Epoch 92 Relative Error 0.004713074769824743
Epoch 93 Relative Error 0.004635888617485762
Epoch 94 Relative Error 0.004585600923746824
Epoch 95 Relative Error 0.004528083838522434
Epoch 96 Relative Error 0.00448495801538229
Epoch 97 Relative Error 0.004451800603419542
Epoch 98 Relative Error 0.004397811833769083
Epoch 99 Relative Error 0.004348305519670248
Epoch 100 Relative Error 0.004306077025830746
Epoch 101 Relative Error 0.004281819798052311
Epoch 102 Relative Error 0.00423427764326334
Epoch 103 Relative Error 0.0041898335330188274
Epoch 104 Relative Error 0.004148539621382952
Epoch 105 Relative Error 0.004118801560252905
Epoch 106 Relative Error 0.004070800729095936
Epoch 107 Relative Error 0.004049721639603376
Epoch 108 Relative Error 0.004014880396425724
Epoch 109 Relative Error 0.004034312441945076
Epoch 110 Relative Error 0.0039538233540952206
Epoch 111 Relative Error 0.003922831732779741
Epoch 112 Relative Error 0.0038661030121147633
Epoch 113 Relative Error 0.0038280277512967587
Epoch 114 Relative Error 0.0037936207372695208
Epoch 115 Relative Error 0.0037701809778809547
Epoch 116 Relative Error 0.003748736809939146
Epoch 117 Relative Error 0.0037225554697215557
Epoch 118 Relative Error 0.0036734521854668856
Epoch 119 Relative Error 0.0036746992263942957
Epoch 120 Relative Error 0.003657040884718299
Epoch 121 Relative Error 0.0036203626077622175
Epoch 122 Relative Error 0.003575146198272705
Epoch 123 Relative Error 0.0035324785858392715
Epoch 124 Relative Error 0.003507380373775959
Epoch 125 Relative Error 0.0034930675756186247
Epoch 126 Relative Error 0.003469086717814207
Epoch 127 Relative Error 0.003429264761507511
Epoch 128 Relative Error 0.0034062915947288275
Epoch 129 Relative Error 0.0034045048523694277
Epoch 130 Relative Error 0.0033835561480373144
Epoch 131 Relative Error 0.00333438185043633
Epoch 132 Relative Error 0.003338117618113756
Epoch 133 Relative Error 0.0032823767978698015
Epoch 134 Relative Error 0.0032791944686323404
Epoch 135 Relative Error 0.0032832641154527664
Epoch 136 Relative Error 0.003299657953903079
Epoch 137 Relative Error 0.003279672469943762
Epoch 138 Relative Error 0.003229190595448017
Epoch 139 Relative Error 0.003222404047846794
Epoch 140 Relative Error 0.0031651242170482874
Epoch 141 Relative Error 0.0031449380330741405
Epoch 142 Relative Error 0.003131906036287546
Epoch 143 Relative Error 0.003094530664384365
Epoch 144 Relative Error 0.0031179352663457394
Epoch 145 Relative Error 0.003060785587877035
Epoch 146 Relative Error 0.0030507161282002926
Epoch 147 Relative Error 0.0030230521224439144
Epoch 148 Relative Error 0.0029910304583609104
Epoch 149 Relative Error 0.002988967811688781
Epoch 150 Relative Error 0.002962303115054965
Epoch 151 Relative Error 0.0029502955731004477
Epoch 152 Relative Error 0.002936087315902114
Epoch 153 Relative Error 0.0029211167711764574
Epoch 154 Relative Error 0.002925109351053834
Epoch 155 Relative Error 0.002906277310103178
Epoch 156 Relative Error 0.002886130241677165
Epoch 157 Relative Error 0.0029100265819579363
Epoch 158 Relative Error 0.0028450018726289272
Epoch 159 Relative Error 0.0028286802116781473
Epoch 160 Relative Error 0.0027996578719466925
Epoch 161 Relative Error 0.0027975759003311396
Epoch 162 Relative Error 0.0028010602109134197
Epoch 163 Relative Error 0.002838215557858348
Epoch 164 Relative Error 0.002788445446640253
Epoch 165 Relative Error 0.002739054150879383
Epoch 166 Relative Error 0.0027470008935779333
Epoch 167 Relative Error 0.002727787010371685
Epoch 168 Relative Error 0.0026954254135489464
Epoch 169 Relative Error 0.0026905168779194355
Epoch 170 Relative Error 0.002685478189960122
Epoch 171 Relative Error 0.0026648445054888725
Epoch 172 Relative Error 0.0026670065708458424
Epoch 173 Relative Error 0.002639529760926962
Epoch 174 Relative Error 0.002615105826407671
Epoch 175 Relative Error 0.0026268213987350464
Epoch 176 Relative Error 0.002599667990580201
Epoch 177 Relative Error 0.0025899698957800865
Epoch 178 Relative Error 0.002574195386841893
Epoch 179 Relative Error 0.0025640593376010656
Epoch 180 Relative Error 0.0025730477645993233
Epoch 181 Relative Error 0.002555016428232193
Epoch 182 Relative Error 0.0025940542109310627
Epoch 183 Relative Error 0.002561393193900585
Epoch 184 Relative Error 0.002552238991484046
Epoch 185 Relative Error 0.002505917102098465
Epoch 186 Relative Error 0.0024793255142867565
Epoch 187 Relative Error 0.0024832088965922594
Epoch 188 Relative Error 0.0024740975350141525
Epoch 189 Relative Error 0.0024570540990680456
Epoch 190 Relative Error 0.002476234920322895
Epoch 191 Relative Error 0.0024775220081210136
Epoch 192 Relative Error 0.0024912876542657614
Epoch 193 Relative Error 0.002468500752002001
Epoch 194 Relative Error 0.002484878059476614
Epoch 195 Relative Error 0.0025188270956277847
Epoch 196 Relative Error 0.0025039382744580507
Epoch 197 Relative Error 0.0024691354483366013
Epoch 198 Relative Error 0.0024071468506008387
Epoch 199 Relative Error 0.0024902597069740295
Epoch 200 Relative Error 0.0023607381153851748
Epoch 201 Relative Error 0.002442187163978815
Epoch 202 Relative Error 0.0025042446795850992
Epoch 203 Relative Error 0.002405542880296707
Epoch 204 Relative Error 0.0024400486145168543
Epoch 205 Relative Error 0.0023329269606620073
Epoch 206 Relative Error 0.002452928340062499
Epoch 207 Relative Error 0.0023161403369158506
Epoch 208 Relative Error 0.002328721107915044
Epoch 209 Relative Error 0.0023546083830296993
Epoch 210 Relative Error 0.0022712850477546453
Epoch 211 Relative Error 0.0022548954002559185
Epoch 212 Relative Error 0.0022671849001199007
Epoch 213 Relative Error 0.002247860422357917
Epoch 214 Relative Error 0.0022229505702853203
Epoch 215 Relative Error 0.002205368597060442
Epoch 216 Relative Error 0.0022228555753827095
Epoch 217 Relative Error 0.0022015797439962626
Epoch 218 Relative Error 0.002227656077593565
Epoch 219 Relative Error 0.0022014379501342773
Epoch 220 Relative Error 0.002218369860202074
Epoch 221 Relative Error 0.0021946814376860857
Epoch 222 Relative Error 0.0021846427116543055
Epoch 223 Relative Error 0.002172440057620406
Epoch 224 Relative Error 0.0021647880785167217
Epoch 225 Relative Error 0.0021281216759234667
Epoch 226 Relative Error 0.0021323130931705236
Epoch 227 Relative Error 0.0021527826320379972
Epoch 228 Relative Error 0.0021064607426524162
Epoch 229 Relative Error 0.002138520125299692
Epoch 230 Relative Error 0.0022127260453999043
Epoch 231 Relative Error 0.0021300730295479298
Epoch 232 Relative Error 0.002127025043591857
Epoch 233 Relative Error 0.0020824349485337734
Epoch 234 Relative Error 0.002085768384858966
Epoch 235 Relative Error 0.002069846959784627
Epoch 236 Relative Error 0.002103063277900219
Epoch 237 Relative Error 0.002048433292657137
Epoch 238 Relative Error 0.0020637325942516327
Epoch 239 Relative Error 0.002039979910477996
Epoch 240 Relative Error 0.0020396544132381678
Epoch 241 Relative Error 0.0020532000344246626
Epoch 242 Relative Error 0.002107461681589484
Epoch 243 Relative Error 0.002070064190775156
Epoch 244 Relative Error 0.0020336550660431385
Epoch 245 Relative Error 0.0020048245787620544
Epoch 246 Relative Error 0.0019971837755292654
Epoch 247 Relative Error 0.0019832171965390444
Epoch 248 Relative Error 0.0020072695333510637
Epoch 249 Relative Error 0.001981114037334919
Epoch 250 Relative Error 0.0019852803088724613
Epoch 251 Relative Error 0.0019528623670339584
Epoch 252 Relative Error 0.0019683092832565308
Epoch 253 Relative Error 0.0019542549271136522
Epoch 254 Relative Error 0.0019801172893494368
Epoch 255 Relative Error 0.0019732119981199503
Epoch 256 Relative Error 0.0019384520128369331
Epoch 257 Relative Error 0.001990380696952343
Epoch 258 Relative Error 0.0019258701940998435
Epoch 259 Relative Error 0.0019162037642672658
Epoch 260 Relative Error 0.0019125617109239101
Epoch 261 Relative Error 0.0019289274932816625
Epoch 262 Relative Error 0.001895187539048493
Epoch 263 Relative Error 0.0019066061358898878
Epoch 264 Relative Error 0.001886568614281714
Epoch 265 Relative Error 0.0018933233805000782
Epoch 266 Relative Error 0.0018910722574219108
Epoch 267 Relative Error 0.0019502213690429926
Epoch 268 Relative Error 0.0019107252592220902
Epoch 269 Relative Error 0.001918027293868363
Epoch 270 Relative Error 0.001870590029284358
Epoch 271 Relative Error 0.0018889043712988496
Epoch 272 Relative Error 0.001845169928856194
Epoch 273 Relative Error 0.0018727420829236507
Epoch 274 Relative Error 0.0018575869034975767
Epoch 275 Relative Error 0.0019223492126911879
Epoch 276 Relative Error 0.001915329834446311
Epoch 277 Relative Error 0.0018315616762265563
Epoch 278 Relative Error 0.0018320860108360648
Epoch 279 Relative Error 0.0018365978030487895
Epoch 280 Relative Error 0.0018195407465100288
Epoch 281 Relative Error 0.0019049274269491434
Epoch 282 Relative Error 0.0018785232678055763
Epoch 283 Relative Error 0.0018574211280792952
Epoch 284 Relative Error 0.001847275416366756
Epoch 285 Relative Error 0.0018558620940893888
Epoch 286 Relative Error 0.0018257970223203301
Epoch 287 Relative Error 0.0018481031293049455
Epoch 288 Relative Error 0.0018406764138489962
Epoch 289 Relative Error 0.001778838806785643
Epoch 290 Relative Error 0.0018110093660652637
Epoch 291 Relative Error 0.001752745360136032
Epoch 292 Relative Error 0.0017632866511121392
Epoch 293 Relative Error 0.0017639851430431008
Epoch 294 Relative Error 0.0017359456978738308
Epoch 295 Relative Error 0.0017440224764868617
Epoch 296 Relative Error 0.0017342299688607454
Epoch 297 Relative Error 0.0018349017482250929
Epoch 298 Relative Error 0.0017557929968461394
Epoch 299 Relative Error 0.0017089322209358215
Epoch 300 Relative Error 0.0017113075591623783
Epoch 301 Relative Error 0.0017020978266373277
Epoch 302 Relative Error 0.0017333017894998193
Epoch 303 Relative Error 0.00170219037681818
Epoch 304 Relative Error 0.0017239596927538514
Epoch 305 Relative Error 0.0016898789908736944
Epoch 306 Relative Error 0.0016769446665421128
Epoch 307 Relative Error 0.0016954720485955477
Epoch 308 Relative Error 0.001699491636827588
Epoch 309 Relative Error 0.0016617432702332735
Epoch 310 Relative Error 0.0016593204345554113
Epoch 311 Relative Error 0.0016543413512408733
Epoch 312 Relative Error 0.0016595023917034268
Epoch 313 Relative Error 0.0016645899740979075
Epoch 314 Relative Error 0.0016439595492556691
Epoch 315 Relative Error 0.0016295071691274643
Epoch 316 Relative Error 0.0016623381525278091
Epoch 317 Relative Error 0.001634247717447579
Epoch 318 Relative Error 0.001672822399996221
Epoch 319 Relative Error 0.0016769232461228967
Epoch 320 Relative Error 0.0016376618295907974
Epoch 321 Relative Error 0.0016640245448797941
Epoch 322 Relative Error 0.0016607303405180573
Epoch 323 Relative Error 0.0016382901230826974
Epoch 324 Relative Error 0.0016277722315862775
Epoch 325 Relative Error 0.001632211497053504
Epoch 326 Relative Error 0.0016217841766774654
Epoch 327 Relative Error 0.0016135922633111477
Epoch 328 Relative Error 0.0016438971506431699
Epoch 329 Relative Error 0.0015942594036459923
Epoch 330 Relative Error 0.0015830205520614982
Epoch 331 Relative Error 0.0016301644500344992
Epoch 332 Relative Error 0.0015990098472684622
Epoch 333 Relative Error 0.001579889329150319
Epoch 334 Relative Error 0.0015589221147820354
Epoch 335 Relative Error 0.001567180617712438
Epoch 336 Relative Error 0.0015589145477861166
Epoch 337 Relative Error 0.0015631713904440403
Epoch 338 Relative Error 0.0015504362527281046
Epoch 339 Relative Error 0.0015491872327402234
Epoch 340 Relative Error 0.001560110249556601
Epoch 341 Relative Error 0.001551290275529027
Epoch 342 Relative Error 0.0015455851098522544
Epoch 343 Relative Error 0.0015836295206099749
Epoch 344 Relative Error 0.0015436394605785608
Epoch 345 Relative Error 0.0015624284278601408
Epoch 346 Relative Error 0.00160274188965559
Epoch 347 Relative Error 0.0015730498125776649
Epoch 348 Relative Error 0.0015617096796631813
Epoch 349 Relative Error 0.0015105005586519837
Epoch 350 Relative Error 0.0015228057745844126
Epoch 351 Relative Error 0.0015150777762755752
Epoch 352 Relative Error 0.0015702848322689533
Epoch 353 Relative Error 0.001512492774054408
Epoch 354 Relative Error 0.0015654448652639985
Epoch 355 Relative Error 0.0015661092475056648
Epoch 356 Relative Error 0.001514099189080298
Epoch 357 Relative Error 0.0014940027613192797
Epoch 358 Relative Error 0.001513153314590454
Epoch 359 Relative Error 0.0015062030870467424
Epoch 360 Relative Error 0.001487772329710424
Epoch 361 Relative Error 0.0015230560675263405
Epoch 362 Relative Error 0.0014823221135884523
Epoch 363 Relative Error 0.0014913859777152538
Epoch 364 Relative Error 0.0014756442978978157
Epoch 365 Relative Error 0.001468842034228146
Epoch 366 Relative Error 0.0014613616513088346
Epoch 367 Relative Error 0.001461280626244843
Epoch 368 Relative Error 0.0014547668397426605
Epoch 369 Relative Error 0.0014702817425131798
Epoch 370 Relative Error 0.001500909449532628
Epoch 371 Relative Error 0.0014701561303809285
Epoch 372 Relative Error 0.0014732860727235675
Epoch 373 Relative Error 0.0014897730434313416
Epoch 374 Relative Error 0.0016482998616993427
Epoch 375 Relative Error 0.001497159362770617
Epoch 376 Relative Error 0.001461619045585394
Epoch 377 Relative Error 0.0014497860101982951
Epoch 378 Relative Error 0.0014236955903470516
Epoch 379 Relative Error 0.00144684175029397
Epoch 380 Relative Error 0.0014767403481528163
Epoch 381 Relative Error 0.0014676284044981003
Epoch 382 Relative Error 0.0014262605691328645
Epoch 383 Relative Error 0.0014200416626408696
Epoch 384 Relative Error 0.001426153932698071
Epoch 385 Relative Error 0.0014139030827209353
Epoch 386 Relative Error 0.0014290468534454703
Epoch 387 Relative Error 0.0013955661561340094
Epoch 388 Relative Error 0.001432911492884159
Epoch 389 Relative Error 0.0014500600518658757
Epoch 390 Relative Error 0.001498142839409411
Epoch 391 Relative Error 0.0014534355141222477
Epoch 392 Relative Error 0.001452075783163309
Epoch 393 Relative Error 0.0015135882422327995
Epoch 394 Relative Error 0.0014414581237360835
Epoch 395 Relative Error 0.0014149994822219014
Epoch 396 Relative Error 0.001411949167959392
Epoch 397 Relative Error 0.0013950247084721923
Epoch 398 Relative Error 0.0014180555008351803
Epoch 399 Relative Error 0.0017071097390726209
Epoch 400 Relative Error 0.0014262363547459245
Epoch 401 Relative Error 0.0014584454474970698
Epoch 402 Relative Error 0.0013952924637123942
Epoch 403 Relative Error 0.0014504505088552833
Epoch 404 Relative Error 0.0013869546819478273
Epoch 405 Relative Error 0.0014925161376595497
Epoch 406 Relative Error 0.0013818023726344109
Epoch 407 Relative Error 0.0014044007984921336
Epoch 408 Relative Error 0.0014916477957740426
Epoch 409 Relative Error 0.0014232880203053355
Epoch 410 Relative Error 0.001400361186824739
Epoch 411 Relative Error 0.00138262624386698
Epoch 412 Relative Error 0.0014062488917261362
Epoch 413 Relative Error 0.001346411881968379
Epoch 414 Relative Error 0.001436565537005663
Epoch 415 Relative Error 0.0013361501041799784
Epoch 416 Relative Error 0.001334318076260388
Epoch 417 Relative Error 0.001340211252681911
Epoch 418 Relative Error 0.0013181407703086734
Epoch 419 Relative Error 0.0013470322592183948
Epoch 420 Relative Error 0.0013302062870934606
Epoch 421 Relative Error 0.0013585251290351152
Epoch 422 Relative Error 0.0013311994262039661
Epoch 423 Relative Error 0.0013508477713912725
Epoch 424 Relative Error 0.0013285400345921516
Epoch 425 Relative Error 0.0013338325079530478
Epoch 426 Relative Error 0.001299284747801721
Epoch 427 Relative Error 0.0013008795212954283
Epoch 428 Relative Error 0.001292080502025783
Epoch 429 Relative Error 0.0013361532473936677
Epoch 430 Relative Error 0.0012994749704375863
Epoch 431 Relative Error 0.0012818836839869618
Epoch 432 Relative Error 0.0013002048945054412
Epoch 433 Relative Error 0.0012955443235114217
Epoch 434 Relative Error 0.0012829054612666368
Epoch 435 Relative Error 0.0012718758080154657
Epoch 436 Relative Error 0.001293785753659904
Epoch 437 Relative Error 0.001272231456823647
Epoch 438 Relative Error 0.0012692727614194155
Epoch 439 Relative Error 0.0012617012253031135
Epoch 440 Relative Error 0.001271597109735012
Epoch 441 Relative Error 0.001347443088889122
Epoch 442 Relative Error 0.0013585607521235943
Epoch 443 Relative Error 0.0013793772086501122
Epoch 444 Relative Error 0.0013590715825557709
Epoch 445 Relative Error 0.0013758285203948617
Epoch 446 Relative Error 0.001432230812497437
Epoch 447 Relative Error 0.0013353829272091389
Epoch 448 Relative Error 0.001347241224721074
Epoch 449 Relative Error 0.0014103447319939733
Epoch 450 Relative Error 0.0013492087600752711
Epoch 451 Relative Error 0.0013783086324110627
Epoch 452 Relative Error 0.0014744065701961517
Epoch 453 Relative Error 0.001538853975944221
Epoch 454 Relative Error 0.0013696138048544526
Epoch 455 Relative Error 0.0013714642263948917
Epoch 456 Relative Error 0.0013186272699385881
Epoch 457 Relative Error 0.0012651074212044477
Epoch 458 Relative Error 0.001279108808375895
Epoch 459 Relative Error 0.0013265539892017841
Epoch 460 Relative Error 0.0012839323608204722
Epoch 461 Relative Error 0.001275937887839973
Epoch 462 Relative Error 0.0012585383374243975
Epoch 463 Relative Error 0.0012412843061611056
Epoch 464 Relative Error 0.0012567099183797836
Epoch 465 Relative Error 0.0012411839561536908
Epoch 466 Relative Error 0.0012483579339459538
Epoch 467 Relative Error 0.001237196265719831
Epoch 468 Relative Error 0.0012335358187556267
Epoch 469 Relative Error 0.0012426429893821478
Epoch 470 Relative Error 0.0012282411335036159
Epoch 471 Relative Error 0.0012253859313204885
Epoch 472 Relative Error 0.0012070840457454324
Epoch 473 Relative Error 0.0012046948540955782
Epoch 474 Relative Error 0.0012289207661524415
Epoch 475 Relative Error 0.0012734500924125314
Epoch 476 Relative Error 0.0014092589262872934
Epoch 477 Relative Error 0.001246155588887632
Epoch 478 Relative Error 0.0012635255698114634
Epoch 479 Relative Error 0.0012057216372340918
Epoch 480 Relative Error 0.001262766309082508
Epoch 481 Relative Error 0.0012505827471613884
Epoch 482 Relative Error 0.0012512569082900882
Epoch 483 Relative Error 0.0012222742661833763
Epoch 484 Relative Error 0.0011941567063331604
Epoch 485 Relative Error 0.001177823985926807
Epoch 486 Relative Error 0.001184845925308764
Epoch 487 Relative Error 0.0011761209461838007
Epoch 488 Relative Error 0.0011678127339109778
Epoch 489 Relative Error 0.0011831067968159914
Epoch 490 Relative Error 0.0012178814504295588
Epoch 491 Relative Error 0.001228388282470405
Epoch 492 Relative Error 0.0011852090246975422
Epoch 493 Relative Error 0.0011860699160024524
Epoch 494 Relative Error 0.0011616485426202416
Epoch 495 Relative Error 0.0011843672255054116
Epoch 496 Relative Error 0.001189908478409052
Epoch 497 Relative Error 0.0012778934324160218
Epoch 498 Relative Error 0.0011631628731265664
Epoch 499 Relative Error 0.001194951357319951
Epoch 500 Relative Error 0.0011956020025536418
Epoch 501 Relative Error 0.00114716705866158
Epoch 502 Relative Error 0.0012456518597900867
Epoch 503 Relative Error 0.0011962592834606767
Epoch 504 Relative Error 0.0012196986936032772
Epoch 505 Relative Error 0.0011614139657467604
Epoch 506 Relative Error 0.001201897393912077
Epoch 507 Relative Error 0.001178290694952011
Epoch 508 Relative Error 0.0011360762873664498
Epoch 509 Relative Error 0.0011494553182274103
Epoch 510 Relative Error 0.0011900607496500015
Epoch 511 Relative Error 0.0011433038162067533
Epoch 512 Relative Error 0.0012268668506294489
Epoch 513 Relative Error 0.0011472421465441585
Epoch 514 Relative Error 0.0011744204675778747
Epoch 515 Relative Error 0.001144026406109333
Epoch 516 Relative Error 0.0011209907243028283
Epoch 517 Relative Error 0.0011144259478896856
Epoch 518 Relative Error 0.0011137574911117554
Epoch 519 Relative Error 0.001113038626499474
Epoch 520 Relative Error 0.0011162814917042851
Epoch 521 Relative Error 0.0011236632708460093
Epoch 522 Relative Error 0.0011512538185343146
Epoch 523 Relative Error 0.0011843963293358684
Epoch 524 Relative Error 0.001117077306844294
Epoch 525 Relative Error 0.0011334136361256242
Epoch 526 Relative Error 0.001121312496252358
Epoch 527 Relative Error 0.0011081276461482048
Epoch 528 Relative Error 0.0011070298496633768
Epoch 529 Relative Error 0.0011507323943078518
Epoch 530 Relative Error 0.0011128421174362302
Epoch 531 Relative Error 0.0011119807604700327
Epoch 532 Relative Error 0.0010886865202337503
Epoch 533 Relative Error 0.0010781020391732454
Epoch 534 Relative Error 0.001106812385842204
Epoch 535 Relative Error 0.0010876841843128204
Epoch 536 Relative Error 0.0011084562866017222
Epoch 537 Relative Error 0.0010921545326709747
Epoch 538 Relative Error 0.00110750668682158
Epoch 539 Relative Error 0.0012906701304018497
Epoch 540 Relative Error 0.0013902209466323256
Epoch 541 Relative Error 0.001150993979535997
Epoch 542 Relative Error 0.0013738151174038649
Epoch 543 Relative Error 0.0011470705503597856
Epoch 544 Relative Error 0.0012307883007451892
Epoch 545 Relative Error 0.0012693771859630942
Epoch 546 Relative Error 0.0011469571618363261
Epoch 547 Relative Error 0.0010919043561443686
Epoch 548 Relative Error 0.0010943296365439892
Epoch 549 Relative Error 0.0010869118850678205
Epoch 550 Relative Error 0.0010778637370094657
Epoch 551 Relative Error 0.0010824342025443912
Epoch 552 Relative Error 0.0010694622760638595
Epoch 553 Relative Error 0.0010501240612939
Epoch 554 Relative Error 0.0010526507394388318
Epoch 555 Relative Error 0.0010815373389050364
Epoch 556 Relative Error 0.0010877231834456325
Epoch 557 Relative Error 0.0010858385358005762
Epoch 558 Relative Error 0.0010890949051827192
Epoch 559 Relative Error 0.0010635403450578451
Epoch 560 Relative Error 0.0011867497814819217
Epoch 561 Relative Error 0.0011257054284214973
Epoch 562 Relative Error 0.0011047611478716135
Epoch 563 Relative Error 0.0011319476179778576
Epoch 564 Relative Error 0.0011310611153021455
Epoch 565 Relative Error 0.0011371250730007887
Epoch 566 Relative Error 0.0011575132375583053
Epoch 567 Relative Error 0.0010903060901910067
Epoch 568 Relative Error 0.001103732269257307
Epoch 569 Relative Error 0.0012081066379323602
Epoch 570 Relative Error 0.0010597794316709042
Epoch 571 Relative Error 0.001162132597528398
Epoch 572 Relative Error 0.0010711218928918242
Epoch 573 Relative Error 0.0011007547145709395
Epoch 574 Relative Error 0.001052188454195857
Epoch 575 Relative Error 0.0010705956956371665
Epoch 576 Relative Error 0.0010458547621965408
Epoch 577 Relative Error 0.001057961955666542
Epoch 578 Relative Error 0.0010332450037822127
Epoch 579 Relative Error 0.0010473650181666017
Epoch 580 Relative Error 0.0010379583109170198
Epoch 581 Relative Error 0.0010306703625246882
Epoch 582 Relative Error 0.0010385116329416633
Epoch 583 Relative Error 0.0010643487330526114
Epoch 584 Relative Error 0.0010459368349984288
Epoch 585 Relative Error 0.001035019289702177
Epoch 586 Relative Error 0.001044000033289194
Epoch 587 Relative Error 0.0010501425713300705
Epoch 588 Relative Error 0.0010042130015790462
Epoch 589 Relative Error 0.0010249980259686708
Epoch 590 Relative Error 0.001070663915015757
Epoch 591 Relative Error 0.001074021216481924
Epoch 592 Relative Error 0.0010362687753513455
Epoch 593 Relative Error 0.0010395615827292204
Epoch 594 Relative Error 0.001033289241604507
Epoch 595 Relative Error 0.0010078554041683674
Epoch 596 Relative Error 0.0010670449119061232
Epoch 597 Relative Error 0.0010106859263032675
Epoch 598 Relative Error 0.0010366742499172688
Epoch 599 Relative Error 0.0011110133491456509
Epoch 600 Relative Error 0.0011266079964116216
Epoch 601 Relative Error 0.0011679898016154766
Epoch 602 Relative Error 0.001065329648554325
Epoch 603 Relative Error 0.0011191467056050897
Epoch 604 Relative Error 0.0010943919187411666
Epoch 605 Relative Error 0.0010308445198461413
Epoch 606 Relative Error 0.0010090259602293372
Epoch 607 Relative Error 0.0010287940967828035
Epoch 608 Relative Error 0.001006262726150453
Epoch 609 Relative Error 0.0010167513974010944
Epoch 610 Relative Error 0.0010072136064991355
Epoch 611 Relative Error 0.0009949842933565378
Epoch 612 Relative Error 0.0009921706514433026
Epoch 613 Relative Error 0.0010168947046622634
Epoch 614 Relative Error 0.0010209997417405248
Epoch 615 Relative Error 0.0009942182805389166
Epoch 616 Relative Error 0.0010573635809123516
Epoch 617 Relative Error 0.001037395908497274
Epoch 618 Relative Error 0.0010384735651314259
Epoch 619 Relative Error 0.0010200091637670994
Epoch 620 Relative Error 0.001090307254344225
Epoch 621 Relative Error 0.0010369644733145833
Epoch 622 Relative Error 0.0010475103044882417
Epoch 623 Relative Error 0.0011083736317232251
Epoch 624 Relative Error 0.001005482510663569
Epoch 625 Relative Error 0.0010028237011283636
Epoch 626 Relative Error 0.000971465022303164
Epoch 627 Relative Error 0.0009758468368090689
Epoch 628 Relative Error 0.0009933293331414461
Epoch 629 Relative Error 0.0009760229149833322
Epoch 630 Relative Error 0.001012588618323207
Epoch 631 Relative Error 0.001032309839501977
Epoch 632 Relative Error 0.000990882865153253
Epoch 633 Relative Error 0.0009693311294540763
Epoch 634 Relative Error 0.000966344668995589
Epoch 635 Relative Error 0.000989039777778089
Epoch 636 Relative Error 0.0009741708636283875
Epoch 637 Relative Error 0.001036402303725481
Epoch 638 Relative Error 0.0009540803730487823
Epoch 639 Relative Error 0.0009747438016347587
Epoch 640 Relative Error 0.0009522682521492243
Epoch 641 Relative Error 0.000957737909629941
Epoch 642 Relative Error 0.0010280341375619173
Epoch 643 Relative Error 0.0010248275939375162
Epoch 644 Relative Error 0.000986705650575459
Epoch 645 Relative Error 0.0010677763493731618
Epoch 646 Relative Error 0.0009865998290479183
Epoch 647 Relative Error 0.0010325401090085506
Epoch 648 Relative Error 0.0009800920961424708
Epoch 649 Relative Error 0.0009425804018974304
Epoch 650 Relative Error 0.000986200524494052
Epoch 651 Relative Error 0.0009833589429035783
Epoch 652 Relative Error 0.000942269223742187
Epoch 653 Relative Error 0.0010223957942798734
Epoch 654 Relative Error 0.0010268698679283261
Epoch 655 Relative Error 0.0010032376740127802
Epoch 656 Relative Error 0.0009759375243447721
Epoch 657 Relative Error 0.0011122175492346287
Epoch 658 Relative Error 0.001003103330731392
Epoch 659 Relative Error 0.001065750140696764
Epoch 660 Relative Error 0.0010604988783597946
Epoch 661 Relative Error 0.0009573065326549113
Epoch 662 Relative Error 0.0012960853055119514
Epoch 663 Relative Error 0.001062822644598782
Epoch 664 Relative Error 0.0010270520579069853
Epoch 665 Relative Error 0.0011321426136419177
Epoch 666 Relative Error 0.0015042873565107584
Epoch 667 Relative Error 0.0011969765182584524
Epoch 668 Relative Error 0.0010052390862256289
Epoch 669 Relative Error 0.001663875300437212
Epoch 670 Relative Error 0.0016419842140749097
Epoch 671 Relative Error 0.002013872377574444
Epoch 672 Relative Error 0.0028220361564308405
Epoch 673 Relative Error 0.0018003371078521013
Epoch 674 Relative Error 0.001612236024811864
Epoch 675 Relative Error 0.0018894829554483294
Epoch 676 Relative Error 0.0013864332577213645
Epoch 677 Relative Error 0.0013889946276322007
Epoch 678 Relative Error 0.0011176601983606815
Epoch 679 Relative Error 0.0010717837139964104
Epoch 680 Relative Error 0.0009932868415489793
Epoch 681 Relative Error 0.0009369879844598472
Epoch 682 Relative Error 0.0009426541510038078
Epoch 683 Relative Error 0.0009292902541346848
Epoch 684 Relative Error 0.0009364024153910577
Epoch 685 Relative Error 0.0009316897485405207
Epoch 686 Relative Error 0.0009076414280571043
Epoch 687 Relative Error 0.0009101310861296952
Epoch 688 Relative Error 0.0009224555687978864
Epoch 689 Relative Error 0.0009107671212404966
Epoch 690 Relative Error 0.0009186434326693416
Epoch 691 Relative Error 0.0009168931865133345
Epoch 692 Relative Error 0.0009288781438954175
Epoch 693 Relative Error 0.0009528493392281234
Epoch 694 Relative Error 0.0009169332915917039
Epoch 695 Relative Error 0.0009721606038510799
Epoch 696 Relative Error 0.0010415014112368226
Epoch 697 Relative Error 0.0010367250069975853
Epoch 698 Relative Error 0.0009860063437372446
Epoch 699 Relative Error 0.0010242313146591187
Epoch 700 Relative Error 0.0010172139154747128
Epoch 701 Relative Error 0.0010985241970047355
Epoch 702 Relative Error 0.0011813073651865125
Epoch 703 Relative Error 0.0010132655734196305
Epoch 704 Relative Error 0.0010422656778246164
Epoch 705 Relative Error 0.0009511878015473485
Epoch 706 Relative Error 0.0009254648466594517
Epoch 707 Relative Error 0.0008940459811128676
Epoch 708 Relative Error 0.0009102596086449921
Epoch 709 Relative Error 0.0009068452636711299
Epoch 710 Relative Error 0.0009147793753072619
Epoch 711 Relative Error 0.0008974421652965248
Epoch 712 Relative Error 0.0008864908595569432
Epoch 713 Relative Error 0.000867930706590414
Epoch 714 Relative Error 0.0008786601247265935
Epoch 715 Relative Error 0.0009340397664345801
Epoch 716 Relative Error 0.0009412713698111475
Epoch 717 Relative Error 0.0009363277349621058
Epoch 718 Relative Error 0.0009511601529084146
Epoch 719 Relative Error 0.00102304108440876
Epoch 720 Relative Error 0.0009397515677846968
Epoch 721 Relative Error 0.0009593674330972135
Epoch 722 Relative Error 0.000903280742932111
Epoch 723 Relative Error 0.0008867293363437057
Epoch 724 Relative Error 0.0008679411839693785
Epoch 725 Relative Error 0.000949529348872602
Epoch 726 Relative Error 0.0009486997732892632
Epoch 727 Relative Error 0.0009161753696389496
Epoch 728 Relative Error 0.0010163042461499572
Epoch 729 Relative Error 0.0010411142138764262
Epoch 730 Relative Error 0.0008929993491619825
Epoch 731 Relative Error 0.0008820314542390406
Epoch 732 Relative Error 0.000901048828382045
Epoch 733 Relative Error 0.0008812517626211047
Epoch 734 Relative Error 0.0008896103245206177
Epoch 735 Relative Error 0.0009431821526959538
Epoch 736 Relative Error 0.0009419078705832362
Epoch 737 Relative Error 0.0008750564884394407
Epoch 738 Relative Error 0.0009312124457210302
Epoch 739 Relative Error 0.0009032420930452645
Epoch 740 Relative Error 0.0009257638012059033
Epoch 741 Relative Error 0.0008885517017915845
Epoch 742 Relative Error 0.000933709554374218
Epoch 743 Relative Error 0.0009033518144860864
Epoch 744 Relative Error 0.000936378724873066
Epoch 745 Relative Error 0.0008750039269216359
Epoch 746 Relative Error 0.0008794779423624277
Epoch 747 Relative Error 0.0008563564624637365
Epoch 748 Relative Error 0.0008680396713316441
Epoch 749 Relative Error 0.0008748542168177664
Epoch 750 Relative Error 0.0008799292845651507
Epoch 751 Relative Error 0.0009496218990534544
Epoch 752 Relative Error 0.0008794586174190044
Epoch 753 Relative Error 0.0008606784977018833
Epoch 754 Relative Error 0.0008884937269613147
Epoch 755 Relative Error 0.0009183374349959195
Epoch 756 Relative Error 0.0008765931124798954
Epoch 757 Relative Error 0.0008639217121526599
Epoch 758 Relative Error 0.0008696889854036272
Epoch 759 Relative Error 0.0009139235480688512
Epoch 760 Relative Error 0.0008522599819116294
Epoch 761 Relative Error 0.0008430956513620913
Epoch 762 Relative Error 0.0009063889156095684
Epoch 763 Relative Error 0.0009714299230836332
Epoch 764 Relative Error 0.000885565357748419
Epoch 765 Relative Error 0.000875303870998323
Epoch 766 Relative Error 0.0009256807388737798
Epoch 767 Relative Error 0.0009517583530396223
Epoch 768 Relative Error 0.0009018310811370611
Epoch 769 Relative Error 0.0008608691859990358
Epoch 770 Relative Error 0.0009724415140226483
Epoch 771 Relative Error 0.0009109019301831722
Epoch 772 Relative Error 0.0008409997681155801
Epoch 773 Relative Error 0.0008554962114430964
Epoch 774 Relative Error 0.000830757082439959
Epoch 775 Relative Error 0.000827026495244354
Epoch 776 Relative Error 0.0008228924707509577
Epoch 777 Relative Error 0.0008753699366934597
Epoch 778 Relative Error 0.0008646910428069532
Epoch 779 Relative Error 0.0009048493229784071
Epoch 780 Relative Error 0.0008172347443178296
Epoch 781 Relative Error 0.0008329073898494244
Epoch 782 Relative Error 0.0008282836643047631
Epoch 783 Relative Error 0.0008166101761162281
Epoch 784 Relative Error 0.0008163644233718514
Epoch 785 Relative Error 0.0008182826568372548
Epoch 786 Relative Error 0.0008386767003685236
Epoch 787 Relative Error 0.0008536638342775404
Epoch 788 Relative Error 0.0009121449547819793
Epoch 789 Relative Error 0.0008571720100007951
Epoch 790 Relative Error 0.0009203000809065998
Epoch 791 Relative Error 0.0008863015100359917
Epoch 792 Relative Error 0.0009046886116266251
Epoch 793 Relative Error 0.0008379624923691154
Epoch 794 Relative Error 0.000837524130474776
Epoch 795 Relative Error 0.0009628300322219729
Epoch 796 Relative Error 0.0009181125788018107
Epoch 797 Relative Error 0.0008878441876731813
Epoch 798 Relative Error 0.0009204091620631516
Epoch 799 Relative Error 0.0010582668473944068
Epoch 800 Relative Error 0.0009533395059406757
Epoch 801 Relative Error 0.000861120002809912
Epoch 802 Relative Error 0.0008962129941210151
Epoch 803 Relative Error 0.0009094206616282463
Epoch 804 Relative Error 0.0009364343713968992
Epoch 805 Relative Error 0.0008861112291924655
Epoch 806 Relative Error 0.0009264136315323412
Epoch 807 Relative Error 0.000870807736646384
Epoch 808 Relative Error 0.0008645055931992829
Epoch 809 Relative Error 0.0008495232323184609
Epoch 810 Relative Error 0.0008207428618334234
Epoch 811 Relative Error 0.0008949215989559889
Epoch 812 Relative Error 0.0008382624946534634
Epoch 813 Relative Error 0.0008436780190095305
Epoch 814 Relative Error 0.0007972195744514465
Epoch 815 Relative Error 0.0008052888442762196
Epoch 816 Relative Error 0.0008240455645136535
Epoch 817 Relative Error 0.0008057788363657892
Epoch 818 Relative Error 0.0008623889880254865
Epoch 819 Relative Error 0.0008394882315769792
Epoch 820 Relative Error 0.0008341956418007612
Epoch 821 Relative Error 0.0008314562146551907
Epoch 822 Relative Error 0.0008446258725598454
Epoch 823 Relative Error 0.0007962772506289184
Epoch 824 Relative Error 0.0008245825301855803
Epoch 825 Relative Error 0.0008323778165504336
Epoch 826 Relative Error 0.0008368375711143017
Epoch 827 Relative Error 0.0010261575225740671
Epoch 828 Relative Error 0.0009972561383619905
Epoch 829 Relative Error 0.001061663730069995
Epoch 830 Relative Error 0.0008776983595453203
Epoch 831 Relative Error 0.0008414068724960089
Epoch 832 Relative Error 0.000891926814801991
Epoch 833 Relative Error 0.0008966865134425461
Epoch 834 Relative Error 0.0008847737917676568
Epoch 835 Relative Error 0.0008361656218767166
Epoch 836 Relative Error 0.0008972184732556343
Epoch 837 Relative Error 0.0008453189511783421
Epoch 838 Relative Error 0.0008504468714818358
Epoch 839 Relative Error 0.0008228349615819752
Epoch 840 Relative Error 0.000811144127510488
Epoch 841 Relative Error 0.0008228702936321497
Epoch 842 Relative Error 0.0008116139215417206
Epoch 843 Relative Error 0.0008316460298374295
Epoch 844 Relative Error 0.0008309314143843949
Epoch 845 Relative Error 0.0008747255196794868
Epoch 846 Relative Error 0.0008314412552863359
Epoch 847 Relative Error 0.0008515283116139472
Epoch 848 Relative Error 0.0008707005181349814
Epoch 849 Relative Error 0.00087860127678141
Epoch 850 Relative Error 0.0009329525637440383
Epoch 851 Relative Error 0.0009320516255684197
Epoch 852 Relative Error 0.0008954727672971785
Epoch 853 Relative Error 0.0009166974341496825
Epoch 854 Relative Error 0.000864752393681556
Epoch 855 Relative Error 0.0008187239291146398
Epoch 856 Relative Error 0.0009365449077449739
Epoch 857 Relative Error 0.0008584159659221768
Epoch 858 Relative Error 0.0008287615492008626
Epoch 859 Relative Error 0.000902187661267817
Epoch 860 Relative Error 0.0008451140020042658
Epoch 861 Relative Error 0.0009205688838846982
Epoch 862 Relative Error 0.0010785426711663604
Epoch 863 Relative Error 0.0008606355404481292
Epoch 864 Relative Error 0.0009011353249661624
Epoch 865 Relative Error 0.0009059658041223884
Epoch 866 Relative Error 0.0008647848153486848
Epoch 867 Relative Error 0.0009094480192288756
Epoch 868 Relative Error 0.0009787179296836257
Epoch 869 Relative Error 0.0009475942351855338
Epoch 870 Relative Error 0.0008545533055439591
Epoch 871 Relative Error 0.0010171437170356512
Epoch 872 Relative Error 0.000890557246748358
Epoch 873 Relative Error 0.0009838524274528027
Epoch 874 Relative Error 0.001218352117575705
Epoch 875 Relative Error 0.0009419726557098329
Epoch 876 Relative Error 0.0008719429606571794
Epoch 877 Relative Error 0.0009595722076483071
Epoch 878 Relative Error 0.0009258443024009466
Epoch 879 Relative Error 0.0009371014311909676
Epoch 880 Relative Error 0.0009028512868098915
Epoch 881 Relative Error 0.0009541675099171698
Epoch 882 Relative Error 0.0008845425327308476
Epoch 883 Relative Error 0.0008538180263713002
Epoch 884 Relative Error 0.0008271093247458339
Epoch 885 Relative Error 0.0007856577867642045
Epoch 886 Relative Error 0.0008086235029622912
Epoch 887 Relative Error 0.0008159308927133679
Epoch 888 Relative Error 0.0008882064721547067
Epoch 889 Relative Error 0.0008186243358068168
Epoch 890 Relative Error 0.0007829545065760612
Epoch 891 Relative Error 0.0007827255176380277
Epoch 892 Relative Error 0.0007656514644622803
Epoch 893 Relative Error 0.0007921741926111281
Epoch 894 Relative Error 0.0007795842830091715
Epoch 895 Relative Error 0.0007577998912893236
Epoch 896 Relative Error 0.000826301402412355
Epoch 897 Relative Error 0.0007814268465153873
Epoch 898 Relative Error 0.0008113778312690556
Epoch 899 Relative Error 0.0007598224910907447
Epoch 900 Relative Error 0.0007739360444247723
Epoch 901 Relative Error 0.0007767292554490268
Epoch 902 Relative Error 0.0008126680622808635
Epoch 903 Relative Error 0.0008200491429306567
Epoch 904 Relative Error 0.0007868253160268068
Epoch 905 Relative Error 0.0007619845564477146
Epoch 906 Relative Error 0.0007665829034522176
Epoch 907 Relative Error 0.0008239201852120459
Epoch 908 Relative Error 0.0007810315582901239
Epoch 909 Relative Error 0.0007595580536872149
Epoch 910 Relative Error 0.0008126457687467337
Epoch 911 Relative Error 0.000858513405546546
Epoch 912 Relative Error 0.0007956018089316785
Epoch 913 Relative Error 0.0007794205448590219
Epoch 914 Relative Error 0.0007815387798473239
Epoch 915 Relative Error 0.000787275203038007
Epoch 916 Relative Error 0.0007579958182759583
Epoch 917 Relative Error 0.0007467646501027048
Epoch 918 Relative Error 0.0007487813709303737
Epoch 919 Relative Error 0.0007417855085805058
Epoch 920 Relative Error 0.0008985609165392816
Epoch 921 Relative Error 0.0007776158745400608
Epoch 922 Relative Error 0.0007795139099471271
Epoch 923 Relative Error 0.0008509136969223619
Epoch 924 Relative Error 0.0008124876185320318
Epoch 925 Relative Error 0.0008487479062750936
Epoch 926 Relative Error 0.0008723243372514844
Epoch 927 Relative Error 0.0008732408750802279
Epoch 928 Relative Error 0.0007772152894176543
Epoch 929 Relative Error 0.0008123769657686353
Epoch 930 Relative Error 0.0007734540267847478
Epoch 931 Relative Error 0.000783082447014749
Epoch 932 Relative Error 0.0007418601308017969
Epoch 933 Relative Error 0.0007955895271152258
Epoch 934 Relative Error 0.0007776054553687572
Epoch 935 Relative Error 0.0007671260973438621
Epoch 936 Relative Error 0.0008028668235056102
Epoch 937 Relative Error 0.0007979004876688123
Epoch 938 Relative Error 0.0007928790291771293
Epoch 939 Relative Error 0.0007455369341187179
Epoch 940 Relative Error 0.0007512146839872003
Epoch 941 Relative Error 0.0007934613968245685
Epoch 942 Relative Error 0.0007835471187718213
Epoch 943 Relative Error 0.0007759507279843092
Epoch 944 Relative Error 0.0007747619529254735
Epoch 945 Relative Error 0.0007439030450768769
Epoch 946 Relative Error 0.0007593838963657618
Epoch 947 Relative Error 0.0008226964855566621
Epoch 948 Relative Error 0.0007540606893599033
Epoch 949 Relative Error 0.0007850637775845826
Epoch 950 Relative Error 0.0008778314804658294
Epoch 951 Relative Error 0.0008480263059027493
Epoch 952 Relative Error 0.0008643733453936875
Epoch 953 Relative Error 0.0008417817298322916
Epoch 954 Relative Error 0.0008273450075648725
Epoch 955 Relative Error 0.0007830230169929564
Epoch 956 Relative Error 0.0008877131040208042
Epoch 957 Relative Error 0.0007560569210909307
Epoch 958 Relative Error 0.0008741052006371319
Epoch 959 Relative Error 0.000812522426713258
Epoch 960 Relative Error 0.0007665114826522768
Epoch 961 Relative Error 0.0008376098121516407
Epoch 962 Relative Error 0.0007935765315778553
Epoch 963 Relative Error 0.0007522364030592144
Epoch 964 Relative Error 0.0007215089863166213
Epoch 965 Relative Error 0.0007427180535160005
Epoch 966 Relative Error 0.0007997504435479641
Epoch 967 Relative Error 0.0007251087226904929
Epoch 968 Relative Error 0.000791204278357327
Epoch 969 Relative Error 0.0007268459885381162
Epoch 970 Relative Error 0.0007730853394605219
Epoch 971 Relative Error 0.0007488819537684321
Epoch 972 Relative Error 0.0007550276932306588
Epoch 973 Relative Error 0.0008180570439435542
Epoch 974 Relative Error 0.0008676902507431805
Epoch 975 Relative Error 0.0007367677753791213
Epoch 976 Relative Error 0.0007400591857731342
Epoch 977 Relative Error 0.0007502189255319536
Epoch 978 Relative Error 0.0007327218190766871
Epoch 979 Relative Error 0.0007599578821100295
Epoch 980 Relative Error 0.0007499830098822713
Epoch 981 Relative Error 0.0007084772805683315
Epoch 982 Relative Error 0.0007376013672910631
Epoch 983 Relative Error 0.0007159053348004818
Epoch 984 Relative Error 0.0007144215633161366
Epoch 985 Relative Error 0.0007246240857057273
Epoch 986 Relative Error 0.0007132405298762023
Epoch 987 Relative Error 0.0007086321711540222
Epoch 988 Relative Error 0.0007093923632055521
Epoch 989 Relative Error 0.0007163660484366119
Epoch 990 Relative Error 0.0007255293312482536
Epoch 991 Relative Error 0.0007185335271060467
Epoch 992 Relative Error 0.0007177240331657231
Epoch 993 Relative Error 0.0007356242858804762
Epoch 994 Relative Error 0.0007801667670719326
Epoch 995 Relative Error 0.0007298896671272814
Epoch 996 Relative Error 0.0007821593899279833
Epoch 997 Relative Error 0.0007922971271909773
Epoch 998 Relative Error 0.0007674061344005167
Epoch 999 Relative Error 0.0007272522780112922
Epoch 1000 Relative Error 0.0007808625232428312
RE (0, 7, 12, 0): 0.0007084772805683315
Green's Function RE (0, 7, 12, 0): 0.010533020831644535
Bias Term RE (0, 7, 12, 0): 0.008999918587505817
Combination (0, 7, 12, 0, 0): 0.0031226195860654116
Combination (0, 7, 12, 0, 1): 0.0031364227179437876
Combination (0, 7, 12, 0, 2): 0.0031373826786875725
Combination (0, 7, 12, 0, 3): 0.003137810155749321
Combination (0, 7, 12, 0, 4): 0.0031378038693219423

/home/gridsan/gstepaniants/.local/lib/python3.8/site-packages/torch/functional.py:478: UserWarning: torch.meshgrid: in an upcoming release, it will be required to pass the indexing argument. (Triggered internally at  ../aten/src/ATen/native/TensorShape.cpp:2895.)
  return _VF.meshgrid(tensors, **kwargs)  # type: ignore[attr-defined]
