[KeOps] Warning : Cuda libraries were not detected on the system ; using cpu only mode
1
Kernel: SquaredExponential
Weight Mesh: 80
RKHS Kernel Width: 0.9
Lambda: 1e-06
Green's Function Learning Rate: 100
Bias Term Learning Rate: 100
Epoch 1 Relative Error 51687.796875
First epoch had re = 51687.796875 > 1
Green's Function Learning Rate: 50
Bias Term Learning Rate: 50
Epoch 1 Relative Error 32261.98046875
First epoch had re = 32261.98046875 > 1
Green's Function Learning Rate: 10
Bias Term Learning Rate: 10
Epoch 1 Relative Error 5853.13818359375
First epoch had re = 5853.13818359375 > 1
Green's Function Learning Rate: 5
Bias Term Learning Rate: 5
Epoch 1 Relative Error 2655.26708984375
First epoch had re = 2655.26708984375 > 1
Green's Function Learning Rate: 1
Bias Term Learning Rate: 1
Epoch 1 Relative Error 550.7984008789062
First epoch had re = 550.7984008789062 > 1
Green's Function Learning Rate: 0.5
Bias Term Learning Rate: 0.5
Epoch 1 Relative Error 258.63238525390625
First epoch had re = 258.63238525390625 > 1
Green's Function Learning Rate: 0.1
Bias Term Learning Rate: 0.1
Epoch 1 Relative Error 43.93362808227539
First epoch had re = 43.93362808227539 > 1
Green's Function Learning Rate: 0.05
Bias Term Learning Rate: 0.05
Epoch 1 Relative Error 27.8138370513916
First epoch had re = 27.8138370513916 > 1
Green's Function Learning Rate: 0.01
Bias Term Learning Rate: 0.01
Epoch 1 Relative Error 4.1082048416137695
First epoch had re = 4.1082048416137695 > 1
Green's Function Learning Rate: 0.005
Bias Term Learning Rate: 0.005
Epoch 1 Relative Error 1.9246395826339722
First epoch had re = 1.9246395826339722 > 1
Green's Function Learning Rate: 0.001
Bias Term Learning Rate: 0.001
Epoch 1 Relative Error 0.9953784942626953
Epoch 2 Relative Error 0.7905169129371643
Epoch 3 Relative Error 0.9743161201477051
Epoch 4 Relative Error 0.7845900058746338
Epoch 5 Relative Error 0.8343304395675659
Epoch 6 Relative Error 0.8408183455467224
Epoch 7 Relative Error 0.796048641204834
Epoch 8 Relative Error 0.850035548210144
Epoch 9 Relative Error 0.791637659072876
Epoch 10 Relative Error 0.8409659266471863
Epoch 11 Relative Error 0.7983518838882446
Epoch 12 Relative Error 0.8218851089477539
Epoch 13 Relative Error 0.793428361415863
Epoch 14 Relative Error 0.8234156966209412
Epoch 15 Relative Error 0.7920536994934082
Epoch 16 Relative Error 0.8261659145355225
Epoch 17 Relative Error 0.793793797492981
Epoch 18 Relative Error 0.8110352158546448
Epoch 19 Relative Error 0.8086444139480591
Epoch 20 Relative Error 0.803784966468811
Epoch 21 Relative Error 0.8083341717720032
Epoch 22 Relative Error 0.7872473001480103
Epoch 23 Relative Error 0.800819993019104
Epoch 24 Relative Error 0.7914502024650574
Epoch 25 Relative Error 0.8167765140533447
Epoch 26 Relative Error 0.7885804176330566
Epoch 27 Relative Error 0.8019589781761169
Epoch 28 Relative Error 0.8022831678390503
Epoch 29 Relative Error 0.8044788241386414
Epoch 30 Relative Error 0.7819507718086243
Epoch 31 Relative Error 0.7877742648124695
Epoch 32 Relative Error 0.8622965812683105
Epoch 33 Relative Error 0.7568859457969666
Epoch 34 Relative Error 0.8236731290817261
Epoch 35 Relative Error 0.7827659845352173
Epoch 36 Relative Error 0.7795571684837341
Epoch 37 Relative Error 0.8053500056266785
Epoch 38 Relative Error 0.7871342897415161
Epoch 39 Relative Error 0.7984257340431213
Epoch 40 Relative Error 0.8028494715690613
Epoch 41 Relative Error 0.7902670502662659
Epoch 42 Relative Error 0.7746928930282593
Epoch 43 Relative Error 0.8422524929046631
Epoch 44 Relative Error 0.779198944568634
Epoch 45 Relative Error 0.7643530368804932
Epoch 46 Relative Error 0.8272976875305176
Epoch 47 Relative Error 0.7872328162193298
Epoch 48 Relative Error 0.7730236053466797
Epoch 49 Relative Error 0.8222826719284058
Epoch 50 Relative Error 0.7816842794418335
Epoch 51 Relative Error 0.757282018661499
Epoch 52 Relative Error 0.8261776566505432
Epoch 53 Relative Error 0.7870084643363953
Epoch 54 Relative Error 0.7757462859153748
Epoch 55 Relative Error 0.8346049785614014
Epoch 56 Relative Error 0.7810648083686829
Epoch 57 Relative Error 0.7816062569618225
Epoch 58 Relative Error 0.7783126831054688
Epoch 59 Relative Error 0.7904306650161743
Epoch 60 Relative Error 0.8028022646903992
Epoch 61 Relative Error 0.8010556101799011
Epoch 62 Relative Error 0.7595896124839783
Epoch 63 Relative Error 0.8226045370101929
Epoch 64 Relative Error 0.7736625075340271
Epoch 65 Relative Error 0.7846986055374146
Epoch 66 Relative Error 0.8067833185195923
Epoch 67 Relative Error 0.7648643255233765
Epoch 68 Relative Error 0.794258177280426
Epoch 69 Relative Error 0.8012872338294983
Epoch 70 Relative Error 0.7919083833694458
Epoch 71 Relative Error 0.7703985571861267
Epoch 72 Relative Error 0.8166875243186951
Epoch 73 Relative Error 0.7983642816543579
Epoch 74 Relative Error 0.7494180798530579
Epoch 75 Relative Error 0.8012456893920898
Epoch 76 Relative Error 0.8303940296173096
Epoch 77 Relative Error 0.7798600792884827
Epoch 78 Relative Error 0.7543002963066101
Epoch 79 Relative Error 0.7714802026748657
Epoch 80 Relative Error 0.8325725793838501
Epoch 81 Relative Error 0.8006129264831543
Epoch 82 Relative Error 0.7584750652313232
Epoch 83 Relative Error 0.7550413608551025
Epoch 84 Relative Error 0.7891896367073059
Epoch 85 Relative Error 0.8245273232460022
Epoch 86 Relative Error 0.7684471607208252
Epoch 87 Relative Error 0.7956851720809937
Epoch 88 Relative Error 0.7677809000015259
Epoch 89 Relative Error 0.7545480728149414
Epoch 90 Relative Error 0.8042575716972351
Epoch 91 Relative Error 0.8075748085975647
Epoch 92 Relative Error 0.7689688801765442
Epoch 93 Relative Error 0.774316132068634
Epoch 94 Relative Error 0.8150475025177002
Epoch 95 Relative Error 0.7492002844810486
Epoch 96 Relative Error 0.7618020176887512
Epoch 97 Relative Error 0.7927537560462952
Epoch 98 Relative Error 0.828454852104187
Epoch 99 Relative Error 0.7819099426269531
Epoch 100 Relative Error 0.7419619560241699
Epoch 101 Relative Error 0.7438699007034302
Epoch 102 Relative Error 0.774265706539154
Epoch 103 Relative Error 0.8159744739532471
Epoch 104 Relative Error 0.7643953561782837
Epoch 105 Relative Error 0.7378779053688049
Epoch 106 Relative Error 0.7728339433670044
Epoch 107 Relative Error 0.8899286985397339
Epoch 108 Relative Error 0.7587670683860779
Epoch 109 Relative Error 0.7283871173858643
Epoch 110 Relative Error 0.7380464673042297
Epoch 111 Relative Error 0.7939693927764893
Epoch 112 Relative Error 0.8215546011924744
Epoch 113 Relative Error 0.7363450527191162
Epoch 114 Relative Error 0.7503525018692017
Epoch 115 Relative Error 0.7774338126182556
Epoch 116 Relative Error 0.7779271006584167
Epoch 117 Relative Error 0.7646495699882507
Epoch 118 Relative Error 0.7390556335449219
Epoch 119 Relative Error 0.7478971481323242
Epoch 120 Relative Error 0.8634013533592224
Epoch 121 Relative Error 0.8394217491149902
Epoch 122 Relative Error 0.7346762418746948
Epoch 123 Relative Error 0.7264184355735779
Epoch 124 Relative Error 0.7675917148590088
Epoch 125 Relative Error 0.789139449596405
Epoch 126 Relative Error 0.7712831497192383
Epoch 127 Relative Error 0.7703948020935059
Epoch 128 Relative Error 0.7577827572822571
Epoch 129 Relative Error 0.7830880880355835
Epoch 130 Relative Error 0.7742819786071777
Epoch 131 Relative Error 0.7741290330886841
Epoch 132 Relative Error 0.7326744794845581
Epoch 133 Relative Error 0.7406736612319946
Epoch 134 Relative Error 0.8286918997764587
Epoch 135 Relative Error 0.7781260013580322
Epoch 136 Relative Error 0.7303438782691956
Epoch 137 Relative Error 0.7324913144111633
Epoch 138 Relative Error 0.7594113349914551
Epoch 139 Relative Error 0.8359675407409668
Epoch 140 Relative Error 0.756611168384552
Epoch 141 Relative Error 0.7169764637947083
Epoch 142 Relative Error 0.776615560054779
Epoch 143 Relative Error 0.8129246830940247
Epoch 144 Relative Error 0.7455904483795166
Epoch 145 Relative Error 0.7324072122573853
Epoch 146 Relative Error 0.760177493095398
Epoch 147 Relative Error 0.7491909861564636
Epoch 148 Relative Error 0.7576837539672852
Epoch 149 Relative Error 0.7486060857772827
Epoch 150 Relative Error 0.7383705973625183
Epoch 151 Relative Error 0.7612249255180359
Epoch 152 Relative Error 0.7587100267410278
Epoch 153 Relative Error 0.7578492164611816
Epoch 154 Relative Error 0.7575051784515381
Epoch 155 Relative Error 0.7660636305809021
Epoch 156 Relative Error 0.7582569122314453
Epoch 157 Relative Error 0.75538170337677
Epoch 158 Relative Error 0.7338783144950867
Epoch 159 Relative Error 0.7226776480674744
Epoch 160 Relative Error 0.7667714357376099
Epoch 161 Relative Error 0.7618421912193298
Epoch 162 Relative Error 0.7484264373779297
Epoch 163 Relative Error 0.7404738664627075
Epoch 164 Relative Error 0.7482038140296936
Epoch 165 Relative Error 0.7805919051170349
Epoch 166 Relative Error 0.7397931814193726
Epoch 167 Relative Error 0.7192299365997314
Epoch 168 Relative Error 0.7403430938720703
Epoch 169 Relative Error 0.7447562217712402
Epoch 170 Relative Error 0.7250580787658691
Epoch 171 Relative Error 0.7345563769340515
Epoch 172 Relative Error 0.7901410460472107
Epoch 173 Relative Error 0.8009949326515198
Epoch 174 Relative Error 0.7308533191680908
Epoch 175 Relative Error 0.7153276205062866
Epoch 176 Relative Error 0.7607809901237488
Epoch 177 Relative Error 0.8060734272003174
Epoch 178 Relative Error 0.7577288746833801
Epoch 179 Relative Error 0.712123692035675
Epoch 180 Relative Error 0.7375692129135132
Epoch 181 Relative Error 0.7284765839576721
Epoch 182 Relative Error 0.7584735155105591
Epoch 183 Relative Error 0.7524519562721252
Epoch 184 Relative Error 0.7637131214141846
Epoch 185 Relative Error 0.7402848601341248
Epoch 186 Relative Error 0.7205177545547485
Epoch 187 Relative Error 0.7199826240539551
Epoch 188 Relative Error 0.727021336555481
Epoch 189 Relative Error 0.7978408336639404
Epoch 190 Relative Error 0.7506992816925049
Epoch 191 Relative Error 0.7060391902923584
Epoch 192 Relative Error 0.7303425073623657
Epoch 193 Relative Error 0.7348587512969971
Epoch 194 Relative Error 0.7491185665130615
Epoch 195 Relative Error 0.7375199198722839
Epoch 196 Relative Error 0.7179498076438904
Epoch 197 Relative Error 0.747633159160614
Epoch 198 Relative Error 0.7662030458450317
Epoch 199 Relative Error 0.7442634105682373
Epoch 200 Relative Error 0.7148452997207642
Epoch 201 Relative Error 0.7218970656394958
Epoch 202 Relative Error 0.7720994353294373
Epoch 203 Relative Error 0.7528600096702576
Epoch 204 Relative Error 0.7359269261360168
Epoch 205 Relative Error 0.7329189777374268
Epoch 206 Relative Error 0.757559061050415
Epoch 207 Relative Error 0.7681203484535217
Epoch 208 Relative Error 0.7079057097434998
Epoch 209 Relative Error 0.7223630547523499
Epoch 210 Relative Error 0.7353995442390442
Epoch 211 Relative Error 0.7793648838996887
Epoch 212 Relative Error 0.74952632188797
Epoch 213 Relative Error 0.730399489402771
Epoch 214 Relative Error 0.722308337688446
Epoch 215 Relative Error 0.7223750352859497
Epoch 216 Relative Error 0.7134493589401245
Epoch 217 Relative Error 0.7509644031524658
Epoch 218 Relative Error 0.7487539649009705
Epoch 219 Relative Error 0.7065203189849854
Epoch 220 Relative Error 0.6903813481330872
Epoch 221 Relative Error 0.7332658171653748
Epoch 222 Relative Error 0.7665618062019348
Epoch 223 Relative Error 0.7294820547103882
Epoch 224 Relative Error 0.7238264083862305
Epoch 225 Relative Error 0.7715421915054321
Epoch 226 Relative Error 0.7254345417022705
Epoch 227 Relative Error 0.6886923313140869
Epoch 228 Relative Error 0.6884235143661499
Epoch 229 Relative Error 0.7208910584449768
Epoch 230 Relative Error 0.7674251794815063
Epoch 231 Relative Error 0.7510092258453369
Epoch 232 Relative Error 0.7038535475730896
Epoch 233 Relative Error 0.6860937476158142
Epoch 234 Relative Error 0.6988027095794678
Epoch 235 Relative Error 0.7106493711471558
Epoch 236 Relative Error 0.7409323453903198
Epoch 237 Relative Error 0.739703357219696
Epoch 238 Relative Error 0.7337321639060974
Epoch 239 Relative Error 0.7140657901763916
Epoch 240 Relative Error 0.6900412440299988
Epoch 241 Relative Error 0.7323949933052063
Epoch 242 Relative Error 0.7142040729522705
Epoch 243 Relative Error 0.7241561412811279
Epoch 244 Relative Error 0.731351375579834
Epoch 245 Relative Error 0.725249171257019
Epoch 246 Relative Error 0.7269081473350525
Epoch 247 Relative Error 0.7174482345581055
Epoch 248 Relative Error 0.7169734239578247
Epoch 249 Relative Error 0.7159305810928345
Epoch 250 Relative Error 0.7191410064697266
Epoch 251 Relative Error 0.7514820098876953
Epoch 252 Relative Error 0.736592710018158
Epoch 253 Relative Error 0.7281225919723511
Epoch 254 Relative Error 0.725770890712738
Epoch 255 Relative Error 0.7061446309089661
Epoch 256 Relative Error 0.6906781196594238
Epoch 257 Relative Error 0.7115265727043152
Epoch 258 Relative Error 0.7224002480506897
Epoch 259 Relative Error 0.7143506407737732
Epoch 260 Relative Error 0.7168792486190796
Epoch 261 Relative Error 0.7161710858345032
Epoch 262 Relative Error 0.7345839142799377
Epoch 263 Relative Error 0.6861770153045654
Epoch 264 Relative Error 0.7359229326248169
Epoch 265 Relative Error 0.73476243019104
Epoch 266 Relative Error 0.7160815000534058
Epoch 267 Relative Error 0.697908341884613
Epoch 268 Relative Error 0.7013552188873291
Epoch 269 Relative Error 0.7131542563438416
Epoch 270 Relative Error 0.7392586469650269
Epoch 271 Relative Error 0.7473093271255493
Epoch 272 Relative Error 0.6783984899520874
Epoch 273 Relative Error 0.676411509513855
Epoch 274 Relative Error 0.7098767757415771
Epoch 275 Relative Error 0.7512171864509583
Epoch 276 Relative Error 0.7499297261238098
Epoch 277 Relative Error 0.7158220410346985
Epoch 278 Relative Error 0.7047432065010071
Epoch 279 Relative Error 0.7172663807868958
Epoch 280 Relative Error 0.6953232288360596
Epoch 281 Relative Error 0.6927914023399353
Epoch 282 Relative Error 0.7108960747718811
Epoch 283 Relative Error 0.7037174105644226
Epoch 284 Relative Error 0.7384823560714722
Epoch 285 Relative Error 0.7263417840003967
Epoch 286 Relative Error 0.6808176636695862
Epoch 287 Relative Error 0.674383819103241
Epoch 288 Relative Error 0.681738018989563
Epoch 289 Relative Error 0.7077076435089111
Epoch 290 Relative Error 0.734968900680542
Epoch 291 Relative Error 0.73476642370224
Epoch 292 Relative Error 0.7427759766578674
Epoch 293 Relative Error 0.7076295614242554
Epoch 294 Relative Error 0.7047226428985596
Epoch 295 Relative Error 0.7060380578041077
Epoch 296 Relative Error 0.7218149900436401
Epoch 297 Relative Error 0.6873141527175903
Epoch 298 Relative Error 0.7042338848114014
Epoch 299 Relative Error 0.7098684310913086
Epoch 300 Relative Error 0.6784030199050903
Epoch 301 Relative Error 0.67607581615448
Epoch 302 Relative Error 0.660685658454895
Epoch 303 Relative Error 0.6868333220481873
Epoch 304 Relative Error 0.6965528130531311
Epoch 305 Relative Error 0.6736724376678467
Epoch 306 Relative Error 0.6760013103485107
Epoch 307 Relative Error 0.7104328870773315
Epoch 308 Relative Error 0.7056099772453308
Epoch 309 Relative Error 0.7086447477340698
Epoch 310 Relative Error 0.7109525799751282
Epoch 311 Relative Error 0.7073966264724731
Epoch 312 Relative Error 0.686547577381134
Epoch 313 Relative Error 0.6710212230682373
Epoch 314 Relative Error 0.6684168577194214
Epoch 315 Relative Error 0.6836299896240234
Epoch 316 Relative Error 0.7005875706672668
Epoch 317 Relative Error 0.7615101933479309
Epoch 318 Relative Error 0.7350265979766846
Epoch 319 Relative Error 0.6817212104797363
Epoch 320 Relative Error 0.6964144706726074
Epoch 321 Relative Error 0.7159140110015869
Epoch 322 Relative Error 0.6775737404823303
Epoch 323 Relative Error 0.6952816247940063
Epoch 324 Relative Error 0.7074082493782043
Epoch 325 Relative Error 0.6994892954826355
Epoch 326 Relative Error 0.7169623374938965
Epoch 327 Relative Error 0.710882306098938
Epoch 328 Relative Error 0.6976193785667419
Epoch 329 Relative Error 0.7059089541435242
Epoch 330 Relative Error 0.6918928623199463
Epoch 331 Relative Error 0.6907604336738586
Epoch 332 Relative Error 0.6679520010948181
Epoch 333 Relative Error 0.659236490726471
Epoch 334 Relative Error 0.6717582941055298
Epoch 335 Relative Error 0.7082729339599609
Epoch 336 Relative Error 0.693228542804718
Epoch 337 Relative Error 0.6894367337226868
Epoch 338 Relative Error 0.6842823624610901
Epoch 339 Relative Error 0.6991258859634399
Epoch 340 Relative Error 0.6732260584831238
Epoch 341 Relative Error 0.6862415075302124
Epoch 342 Relative Error 0.6976104974746704
Epoch 343 Relative Error 0.6793556809425354
Epoch 344 Relative Error 0.6913244128227234
Epoch 345 Relative Error 0.662632405757904
Epoch 346 Relative Error 0.6933431029319763
Epoch 347 Relative Error 0.6798524260520935
Epoch 348 Relative Error 0.6773349642753601
Epoch 349 Relative Error 0.7265603542327881
Epoch 350 Relative Error 0.6735321283340454
Epoch 351 Relative Error 0.6584954857826233
Epoch 352 Relative Error 0.6639285087585449
Epoch 353 Relative Error 0.6920944452285767
Epoch 354 Relative Error 0.6882355213165283
Epoch 355 Relative Error 0.6650161147117615
Epoch 356 Relative Error 0.6670061945915222
Epoch 357 Relative Error 0.6745796799659729
Epoch 358 Relative Error 0.6682514548301697
Epoch 359 Relative Error 0.7173347473144531
Epoch 360 Relative Error 0.7273523211479187
Epoch 361 Relative Error 0.7073798179626465
Epoch 362 Relative Error 0.6951956748962402
Epoch 363 Relative Error 0.6776936054229736
Epoch 364 Relative Error 0.6457911133766174
Epoch 365 Relative Error 0.6759458780288696
Epoch 366 Relative Error 0.6885604858398438
Epoch 367 Relative Error 0.6894048452377319
Epoch 368 Relative Error 0.6991117596626282
Epoch 369 Relative Error 0.6633449792861938
Epoch 370 Relative Error 0.6748502254486084
Epoch 371 Relative Error 0.6977396011352539
Epoch 372 Relative Error 0.6952319145202637
Epoch 373 Relative Error 0.6601397395133972
Epoch 374 Relative Error 0.6393461227416992
Epoch 375 Relative Error 0.6541372537612915
Epoch 376 Relative Error 0.6908758878707886
Epoch 377 Relative Error 0.7359421253204346
Epoch 378 Relative Error 0.7120025157928467
Epoch 379 Relative Error 0.7199980616569519
Epoch 380 Relative Error 0.6532458662986755
Epoch 381 Relative Error 0.6512261629104614
Epoch 382 Relative Error 0.6481461524963379
Epoch 383 Relative Error 0.6543172597885132
Epoch 384 Relative Error 0.6837899088859558
Epoch 385 Relative Error 0.6894511580467224
Epoch 386 Relative Error 0.6697165966033936
Epoch 387 Relative Error 0.7103794813156128
Epoch 388 Relative Error 0.7232038974761963
Epoch 389 Relative Error 0.6841682195663452
Epoch 390 Relative Error 0.68574059009552
Epoch 391 Relative Error 0.6449863910675049
Epoch 392 Relative Error 0.6442843675613403
Epoch 393 Relative Error 0.6567766666412354
Epoch 394 Relative Error 0.6964897513389587
Epoch 395 Relative Error 0.7103358507156372
Epoch 396 Relative Error 0.712794840335846
Epoch 397 Relative Error 0.7210923433303833
Epoch 398 Relative Error 0.6749599575996399
Epoch 399 Relative Error 0.6644893884658813
Epoch 400 Relative Error 0.6440791487693787
Epoch 401 Relative Error 0.6693810820579529
Epoch 402 Relative Error 0.6892070770263672
Epoch 403 Relative Error 0.7514441013336182
Epoch 404 Relative Error 0.7314072251319885
Epoch 405 Relative Error 0.6612738370895386
Epoch 406 Relative Error 0.646876871585846
Epoch 407 Relative Error 0.6462755799293518
Epoch 408 Relative Error 0.6630301475524902
Epoch 409 Relative Error 0.666573166847229
Epoch 410 Relative Error 0.6833784580230713
Epoch 411 Relative Error 0.681923508644104
Epoch 412 Relative Error 0.6706371903419495
Epoch 413 Relative Error 0.6535997986793518
Epoch 414 Relative Error 0.6502413153648376
Epoch 415 Relative Error 0.7070798873901367
Epoch 416 Relative Error 0.6972505450248718
Epoch 417 Relative Error 0.6856374144554138
Epoch 418 Relative Error 0.6609107255935669
Epoch 419 Relative Error 0.6544199585914612
Epoch 420 Relative Error 0.6643697023391724
Epoch 421 Relative Error 0.6845848560333252
Epoch 422 Relative Error 0.7199292778968811
Epoch 423 Relative Error 0.7053056955337524
Epoch 424 Relative Error 0.6697189211845398
Epoch 425 Relative Error 0.6458032131195068
Epoch 426 Relative Error 0.638633668422699
Epoch 427 Relative Error 0.6336243152618408
Epoch 428 Relative Error 0.6352120041847229
Epoch 429 Relative Error 0.6940179467201233
Epoch 430 Relative Error 0.7341722249984741
Epoch 431 Relative Error 0.6810616850852966
Epoch 432 Relative Error 0.6600715517997742
Epoch 433 Relative Error 0.6363848447799683
Epoch 434 Relative Error 0.6411824822425842
Epoch 435 Relative Error 0.6776925921440125
Epoch 436 Relative Error 0.690277636051178
Epoch 437 Relative Error 0.679170548915863
Epoch 438 Relative Error 0.701546847820282
Epoch 439 Relative Error 0.7102464437484741
Epoch 440 Relative Error 0.7192906737327576
Epoch 441 Relative Error 0.6527073383331299
Epoch 442 Relative Error 0.6274994611740112
Epoch 443 Relative Error 0.6259132623672485
Epoch 444 Relative Error 0.6477789282798767
Epoch 445 Relative Error 0.6517511606216431
Epoch 446 Relative Error 0.6756331920623779
Epoch 447 Relative Error 0.6610044240951538
Epoch 448 Relative Error 0.6575815081596375
Epoch 449 Relative Error 0.6532619595527649
Epoch 450 Relative Error 0.6516421437263489
Epoch 451 Relative Error 0.675677478313446
Epoch 452 Relative Error 0.6777713894844055
Epoch 453 Relative Error 0.6651632785797119
Epoch 454 Relative Error 0.6559122800827026
Epoch 455 Relative Error 0.6431695818901062
Epoch 456 Relative Error 0.6474414467811584
Epoch 457 Relative Error 0.6342272162437439
Epoch 458 Relative Error 0.6591072678565979
Epoch 459 Relative Error 0.6567754149436951
Epoch 460 Relative Error 0.6641377806663513
Epoch 461 Relative Error 0.6486170887947083
Epoch 462 Relative Error 0.6627278327941895
Epoch 463 Relative Error 0.6582990884780884
Epoch 464 Relative Error 0.649069607257843
Epoch 465 Relative Error 0.6534631848335266
Epoch 466 Relative Error 0.6366286873817444
Epoch 467 Relative Error 0.6500732898712158
Epoch 468 Relative Error 0.6607931852340698
Epoch 469 Relative Error 0.6698616147041321
Epoch 470 Relative Error 0.6609681248664856
Epoch 471 Relative Error 0.6590372323989868
Epoch 472 Relative Error 0.6772640943527222
Epoch 473 Relative Error 0.6694660782814026
Epoch 474 Relative Error 0.6548438668251038
Epoch 475 Relative Error 0.630438506603241
Epoch 476 Relative Error 0.6279159784317017
Epoch 477 Relative Error 0.6244245171546936
Epoch 478 Relative Error 0.6702059507369995
Epoch 479 Relative Error 0.6635968685150146
Epoch 480 Relative Error 0.6844865679740906
Epoch 481 Relative Error 0.7216435670852661
Epoch 482 Relative Error 0.7129882574081421
Epoch 483 Relative Error 0.6890759468078613
Epoch 484 Relative Error 0.6422046422958374
Epoch 485 Relative Error 0.6342524886131287
Epoch 486 Relative Error 0.6326828598976135
Epoch 487 Relative Error 0.6373386979103088
Epoch 488 Relative Error 0.6584324240684509
Epoch 489 Relative Error 0.6563895344734192
Epoch 490 Relative Error 0.6608972549438477
Epoch 491 Relative Error 0.634611189365387
Epoch 492 Relative Error 0.6357549428939819
Epoch 493 Relative Error 0.646234929561615
Epoch 494 Relative Error 0.6551203727722168
Epoch 495 Relative Error 0.633250892162323
Epoch 496 Relative Error 0.6475765109062195
Epoch 497 Relative Error 0.6788102388381958
Epoch 498 Relative Error 0.6609126329421997
Epoch 499 Relative Error 0.655731201171875
Epoch 500 Relative Error 0.6260210275650024
Epoch 501 Relative Error 0.6189993619918823
Epoch 502 Relative Error 0.6214181184768677
Epoch 503 Relative Error 0.623786985874176
Epoch 504 Relative Error 0.6339555978775024
Epoch 505 Relative Error 0.693943977355957
Epoch 506 Relative Error 0.734382688999176
Epoch 507 Relative Error 0.7140159606933594
Epoch 508 Relative Error 0.6675125360488892
Epoch 509 Relative Error 0.6275304555892944
Epoch 510 Relative Error 0.6111893653869629
Epoch 511 Relative Error 0.6180493831634521
Epoch 512 Relative Error 0.6332488059997559
Epoch 513 Relative Error 0.6739422678947449
Epoch 514 Relative Error 0.6471834182739258
Epoch 515 Relative Error 0.6362820863723755
Epoch 516 Relative Error 0.6387021541595459
Epoch 517 Relative Error 0.6260027289390564
Epoch 518 Relative Error 0.6252866983413696
Epoch 519 Relative Error 0.622218132019043
Epoch 520 Relative Error 0.6379953026771545
Epoch 521 Relative Error 0.6379817128181458
Epoch 522 Relative Error 0.6565333604812622
Epoch 523 Relative Error 0.6506966948509216
Epoch 524 Relative Error 0.6322258114814758
Epoch 525 Relative Error 0.6276296377182007
Epoch 526 Relative Error 0.6318467259407043
Epoch 527 Relative Error 0.6585171222686768
Epoch 528 Relative Error 0.6529863476753235
Epoch 529 Relative Error 0.6478990912437439
Epoch 530 Relative Error 0.6305308938026428
Epoch 531 Relative Error 0.6172064542770386
Epoch 532 Relative Error 0.6272268891334534
Epoch 533 Relative Error 0.6494876742362976
Epoch 534 Relative Error 0.6644300222396851
Epoch 535 Relative Error 0.6632843017578125
Epoch 536 Relative Error 0.6288754940032959
Epoch 537 Relative Error 0.6342312097549438
Epoch 538 Relative Error 0.6270455718040466
Epoch 539 Relative Error 0.62795090675354
Epoch 540 Relative Error 0.6437445878982544
Epoch 541 Relative Error 0.6526582837104797
Epoch 542 Relative Error 0.6530638933181763
Epoch 543 Relative Error 0.65733802318573
Epoch 544 Relative Error 0.6351835131645203
Epoch 545 Relative Error 0.631530225276947
Epoch 546 Relative Error 0.6305518746376038
Epoch 547 Relative Error 0.6369529366493225
Epoch 548 Relative Error 0.6243951916694641
Epoch 549 Relative Error 0.612121045589447
Epoch 550 Relative Error 0.6244581341743469
Epoch 551 Relative Error 0.6545881628990173
Epoch 552 Relative Error 0.6426911950111389
Epoch 553 Relative Error 0.6725202202796936
Epoch 554 Relative Error 0.6623453497886658
Epoch 555 Relative Error 0.6632403135299683
Epoch 556 Relative Error 0.6176876425743103
Epoch 557 Relative Error 0.6171419024467468
Epoch 558 Relative Error 0.6300259232521057
Epoch 559 Relative Error 0.6127235889434814
Epoch 560 Relative Error 0.6224142909049988
Epoch 561 Relative Error 0.6279475688934326
Epoch 562 Relative Error 0.6560895442962646
Epoch 563 Relative Error 0.6685025691986084
Epoch 564 Relative Error 0.6840525269508362
Epoch 565 Relative Error 0.6210960745811462
Epoch 566 Relative Error 0.637802004814148
Epoch 567 Relative Error 0.6293814182281494
Epoch 568 Relative Error 0.6000741720199585
Epoch 569 Relative Error 0.6187237501144409
Epoch 570 Relative Error 0.6244474053382874
Epoch 571 Relative Error 0.6602859497070312
Epoch 572 Relative Error 0.6684545278549194
Epoch 573 Relative Error 0.6474372148513794
Epoch 574 Relative Error 0.6348344683647156
Epoch 575 Relative Error 0.6178930401802063
Epoch 576 Relative Error 0.619715690612793
Epoch 577 Relative Error 0.6607086062431335
Epoch 578 Relative Error 0.6361564993858337
Epoch 579 Relative Error 0.6147012114524841
Epoch 580 Relative Error 0.6099476218223572
Epoch 581 Relative Error 0.6347373723983765
Epoch 582 Relative Error 0.6484892964363098
Epoch 583 Relative Error 0.6226775646209717
Epoch 584 Relative Error 0.6442164778709412
Epoch 585 Relative Error 0.6406731009483337
Epoch 586 Relative Error 0.6167681217193604
Epoch 587 Relative Error 0.6403268575668335
Epoch 588 Relative Error 0.652083158493042
Epoch 589 Relative Error 0.6402284502983093
Epoch 590 Relative Error 0.6324151754379272
Epoch 591 Relative Error 0.6335009932518005
Epoch 592 Relative Error 0.6374096870422363
Epoch 593 Relative Error 0.6156748533248901
Epoch 594 Relative Error 0.6293410062789917
Epoch 595 Relative Error 0.630714476108551
Epoch 596 Relative Error 0.6299004554748535
Epoch 597 Relative Error 0.6180849075317383
Epoch 598 Relative Error 0.6078101396560669
Epoch 599 Relative Error 0.6140695810317993
Epoch 600 Relative Error 0.6109366416931152
Epoch 601 Relative Error 0.613752007484436
Epoch 602 Relative Error 0.6177378296852112
Epoch 603 Relative Error 0.6179843544960022
Epoch 604 Relative Error 0.6603445410728455
Epoch 605 Relative Error 0.6304125785827637
Epoch 606 Relative Error 0.6282174587249756
Epoch 607 Relative Error 0.6101486682891846
Epoch 608 Relative Error 0.6141273379325867
Epoch 609 Relative Error 0.6091064810752869
Epoch 610 Relative Error 0.6162915825843811
Epoch 611 Relative Error 0.6282241344451904
Epoch 612 Relative Error 0.6545125842094421
Epoch 613 Relative Error 0.6291942596435547
Epoch 614 Relative Error 0.6216568350791931
Epoch 615 Relative Error 0.6187888383865356
Epoch 616 Relative Error 0.6267452836036682
Epoch 617 Relative Error 0.6322950720787048
Epoch 618 Relative Error 0.6338512897491455
Epoch 619 Relative Error 0.6155542135238647
Epoch 620 Relative Error 0.635657012462616
Epoch 621 Relative Error 0.6341207027435303
Epoch 622 Relative Error 0.6365347504615784
Epoch 623 Relative Error 0.617621660232544
Epoch 624 Relative Error 0.615506112575531
Epoch 625 Relative Error 0.6084892153739929
Epoch 626 Relative Error 0.5959373712539673
Epoch 627 Relative Error 0.5983824133872986
Epoch 628 Relative Error 0.6164575219154358
Epoch 629 Relative Error 0.6258233785629272
Epoch 630 Relative Error 0.6234728693962097
Epoch 631 Relative Error 0.6335667371749878
Epoch 632 Relative Error 0.6566364169120789
Epoch 633 Relative Error 0.6506019830703735
Epoch 634 Relative Error 0.6341338753700256
Epoch 635 Relative Error 0.6169539093971252
Epoch 636 Relative Error 0.6088088154792786
Epoch 637 Relative Error 0.6168829798698425
Epoch 638 Relative Error 0.6227281093597412
Epoch 639 Relative Error 0.6273507475852966
Epoch 640 Relative Error 0.6542645692825317
Epoch 641 Relative Error 0.6398957371711731
Epoch 642 Relative Error 0.6233207583427429
Epoch 643 Relative Error 0.6412740349769592
Epoch 644 Relative Error 0.6195581555366516
Epoch 645 Relative Error 0.6307129859924316
Epoch 646 Relative Error 0.6087004542350769
Epoch 647 Relative Error 0.5907964110374451
Epoch 648 Relative Error 0.6216011643409729
Epoch 649 Relative Error 0.6686574816703796
Epoch 650 Relative Error 0.6692909598350525
Epoch 651 Relative Error 0.6522966027259827
Epoch 652 Relative Error 0.6191491484642029
Epoch 653 Relative Error 0.621390163898468
Epoch 654 Relative Error 0.6246777176856995
Epoch 655 Relative Error 0.618049681186676
Epoch 656 Relative Error 0.6202483773231506
Epoch 657 Relative Error 0.6104861497879028
Epoch 658 Relative Error 0.6317375898361206
Epoch 659 Relative Error 0.6092400550842285
Epoch 660 Relative Error 0.6125704050064087
Epoch 661 Relative Error 0.6137620806694031
Epoch 662 Relative Error 0.6020455360412598
Epoch 663 Relative Error 0.5982570648193359
Epoch 664 Relative Error 0.5995543599128723
Epoch 665 Relative Error 0.5979551672935486
Epoch 666 Relative Error 0.6000078320503235
Epoch 667 Relative Error 0.6126189231872559
Epoch 668 Relative Error 0.6162704229354858
Epoch 669 Relative Error 0.6177688241004944
Epoch 670 Relative Error 0.6048018336296082
Epoch 671 Relative Error 0.6066552996635437
Epoch 672 Relative Error 0.6203083395957947
Epoch 673 Relative Error 0.6209903359413147
Epoch 674 Relative Error 0.6077684164047241
Epoch 675 Relative Error 0.6046617031097412
Epoch 676 Relative Error 0.6098050475120544
Epoch 677 Relative Error 0.6060075163841248
Epoch 678 Relative Error 0.6092656254768372
Epoch 679 Relative Error 0.6108047962188721
Epoch 680 Relative Error 0.6141643524169922
Epoch 681 Relative Error 0.6026357412338257
Epoch 682 Relative Error 0.612264096736908
Epoch 683 Relative Error 0.6087341904640198
Epoch 684 Relative Error 0.5914472341537476
Epoch 685 Relative Error 0.5970970988273621
Epoch 686 Relative Error 0.596810519695282
Epoch 687 Relative Error 0.6057255864143372
Epoch 688 Relative Error 0.6031180024147034
Epoch 689 Relative Error 0.6117528080940247
Epoch 690 Relative Error 0.6061687469482422
Epoch 691 Relative Error 0.6161150932312012
Epoch 692 Relative Error 0.598666250705719
Epoch 693 Relative Error 0.6154744625091553
Epoch 694 Relative Error 0.5934893488883972
Epoch 695 Relative Error 0.606178879737854
Epoch 696 Relative Error 0.6125352382659912
Epoch 697 Relative Error 0.610640287399292
Epoch 698 Relative Error 0.6330532431602478
Epoch 699 Relative Error 0.6339383125305176
Epoch 700 Relative Error 0.6145206689834595
Epoch 701 Relative Error 0.6132755875587463
Epoch 702 Relative Error 0.6405651569366455
Epoch 703 Relative Error 0.6239005327224731
Epoch 704 Relative Error 0.6183009147644043
Epoch 705 Relative Error 0.6078355312347412
Epoch 706 Relative Error 0.598601758480072
Epoch 707 Relative Error 0.5846453905105591
Epoch 708 Relative Error 0.6003431677818298
Epoch 709 Relative Error 0.6100406646728516
Epoch 710 Relative Error 0.6118566393852234
Epoch 711 Relative Error 0.6014853119850159
Epoch 712 Relative Error 0.6210699081420898
Epoch 713 Relative Error 0.6502412557601929
Epoch 714 Relative Error 0.6197640299797058
Epoch 715 Relative Error 0.5999975800514221
Epoch 716 Relative Error 0.6017918586730957
Epoch 717 Relative Error 0.5953821539878845
Epoch 718 Relative Error 0.5869463682174683
Epoch 719 Relative Error 0.6121494770050049
Epoch 720 Relative Error 0.6439729332923889
Epoch 721 Relative Error 0.6295263171195984
Epoch 722 Relative Error 0.604850172996521
Epoch 723 Relative Error 0.5978265404701233
Epoch 724 Relative Error 0.5883355736732483
Epoch 725 Relative Error 0.6027247309684753
Epoch 726 Relative Error 0.6011665463447571
Epoch 727 Relative Error 0.6204130053520203
Epoch 728 Relative Error 0.6059733629226685
Epoch 729 Relative Error 0.5909781455993652
Epoch 730 Relative Error 0.6009979248046875
Epoch 731 Relative Error 0.5904578566551208
Epoch 732 Relative Error 0.591081976890564
Epoch 733 Relative Error 0.6031599044799805
Epoch 734 Relative Error 0.6151132583618164
Epoch 735 Relative Error 0.6510656476020813
Epoch 736 Relative Error 0.6410714387893677
Epoch 737 Relative Error 0.6148625016212463
Epoch 738 Relative Error 0.5790113210678101
Epoch 739 Relative Error 0.583447277545929
Epoch 740 Relative Error 0.6079128980636597
Epoch 741 Relative Error 0.604365348815918
Epoch 742 Relative Error 0.6043635606765747
Epoch 743 Relative Error 0.5969571471214294
Epoch 744 Relative Error 0.5934992432594299
Epoch 745 Relative Error 0.623565137386322
Epoch 746 Relative Error 0.6185505986213684
Epoch 747 Relative Error 0.6154182553291321
Epoch 748 Relative Error 0.6096470355987549
Epoch 749 Relative Error 0.5883980989456177
Epoch 750 Relative Error 0.5857269167900085
Epoch 751 Relative Error 0.5889789462089539
Epoch 752 Relative Error 0.5875205397605896
Epoch 753 Relative Error 0.5974929928779602
Epoch 754 Relative Error 0.5958458185195923
Epoch 755 Relative Error 0.601865828037262
Epoch 756 Relative Error 0.6078195571899414
Epoch 757 Relative Error 0.6070328950881958
Epoch 758 Relative Error 0.5912789106369019
Epoch 759 Relative Error 0.5989900231361389
Epoch 760 Relative Error 0.5999433398246765
Epoch 761 Relative Error 0.5987375974655151
Epoch 762 Relative Error 0.6059119701385498
Epoch 763 Relative Error 0.6166215538978577
Epoch 764 Relative Error 0.5941855907440186
Epoch 765 Relative Error 0.5870997309684753
Epoch 766 Relative Error 0.5868930220603943
Epoch 767 Relative Error 0.5959851145744324
Epoch 768 Relative Error 0.6197625398635864
Epoch 769 Relative Error 0.6230623722076416
Epoch 770 Relative Error 0.6253979802131653
Epoch 771 Relative Error 0.614137589931488
Epoch 772 Relative Error 0.5888115167617798
Epoch 773 Relative Error 0.5742695331573486
Epoch 774 Relative Error 0.5710805654525757
Epoch 775 Relative Error 0.572333812713623
Epoch 776 Relative Error 0.6393749713897705
Epoch 777 Relative Error 0.6884205341339111
Epoch 778 Relative Error 0.6703253984451294
Epoch 779 Relative Error 0.612228274345398
Epoch 780 Relative Error 0.5904074907302856
Epoch 781 Relative Error 0.588309109210968
Epoch 782 Relative Error 0.5912615656852722
Epoch 783 Relative Error 0.6038751006126404
Epoch 784 Relative Error 0.6068142056465149
Epoch 785 Relative Error 0.6248779892921448
Epoch 786 Relative Error 0.6066280603408813
Epoch 787 Relative Error 0.5786553621292114
Epoch 788 Relative Error 0.5772389769554138
Epoch 789 Relative Error 0.5836614966392517
Epoch 790 Relative Error 0.60212242603302
Epoch 791 Relative Error 0.631336510181427
Epoch 792 Relative Error 0.6144089102745056
Epoch 793 Relative Error 0.5936378240585327
Epoch 794 Relative Error 0.5869060158729553
Epoch 795 Relative Error 0.586769163608551
Epoch 796 Relative Error 0.5889512300491333
Epoch 797 Relative Error 0.5893275141716003
Epoch 798 Relative Error 0.5958153605461121
Epoch 799 Relative Error 0.6096208691596985
Epoch 800 Relative Error 0.5974899530410767
Epoch 801 Relative Error 0.587256669998169
Epoch 802 Relative Error 0.6134027242660522
Epoch 803 Relative Error 0.6508913636207581
Epoch 804 Relative Error 0.648561954498291
Epoch 805 Relative Error 0.6231818199157715
Epoch 806 Relative Error 0.5880707502365112
Epoch 807 Relative Error 0.5786409378051758
Epoch 808 Relative Error 0.5678523182868958
Epoch 809 Relative Error 0.5711296796798706
Epoch 810 Relative Error 0.584158718585968
Epoch 811 Relative Error 0.5926771759986877
Epoch 812 Relative Error 0.6008031368255615
Epoch 813 Relative Error 0.6195027232170105
Epoch 814 Relative Error 0.6137661933898926
Epoch 815 Relative Error 0.607367753982544
Epoch 816 Relative Error 0.59180748462677
Epoch 817 Relative Error 0.605887234210968
Epoch 818 Relative Error 0.6200443506240845
Epoch 819 Relative Error 0.616898775100708
Epoch 820 Relative Error 0.6130282878875732
Epoch 821 Relative Error 0.5814615488052368
Epoch 822 Relative Error 0.5800507664680481
Epoch 823 Relative Error 0.6171542406082153
Epoch 824 Relative Error 0.601601779460907
Epoch 825 Relative Error 0.5947012901306152
Epoch 826 Relative Error 0.5762507319450378
Epoch 827 Relative Error 0.5825302600860596
Epoch 828 Relative Error 0.5779526233673096
Epoch 829 Relative Error 0.5795977115631104
Epoch 830 Relative Error 0.6030500531196594
Epoch 831 Relative Error 0.618016242980957
Epoch 832 Relative Error 0.6115404367446899
Epoch 833 Relative Error 0.5884397029876709
Epoch 834 Relative Error 0.5799828767776489
Epoch 835 Relative Error 0.5878743529319763
Epoch 836 Relative Error 0.5986034870147705
Epoch 837 Relative Error 0.6104032397270203
Epoch 838 Relative Error 0.5987933874130249
Epoch 839 Relative Error 0.6012285947799683
Epoch 840 Relative Error 0.5892637372016907
Epoch 841 Relative Error 0.5938106775283813
Epoch 842 Relative Error 0.5911663770675659
Epoch 843 Relative Error 0.6067549586296082
Epoch 844 Relative Error 0.5957834720611572
Epoch 845 Relative Error 0.598423182964325
Epoch 846 Relative Error 0.5797119736671448
Epoch 847 Relative Error 0.5675134658813477
Epoch 848 Relative Error 0.5726566910743713
Epoch 849 Relative Error 0.580469012260437
Epoch 850 Relative Error 0.5959787964820862
Epoch 851 Relative Error 0.609386682510376
Epoch 852 Relative Error 0.5980544686317444
Epoch 853 Relative Error 0.5868247747421265
Epoch 854 Relative Error 0.5892081260681152
Epoch 855 Relative Error 0.6111640334129333
Epoch 856 Relative Error 0.5930598378181458
Epoch 857 Relative Error 0.5794967412948608
Epoch 858 Relative Error 0.5789867639541626
Epoch 859 Relative Error 0.5762655735015869
Epoch 860 Relative Error 0.5796821117401123
Epoch 861 Relative Error 0.5777938365936279
Epoch 862 Relative Error 0.57564377784729
Epoch 863 Relative Error 0.5824536681175232
Epoch 864 Relative Error 0.6070151925086975
Epoch 865 Relative Error 0.6064038872718811
Epoch 866 Relative Error 0.6074761152267456
Epoch 867 Relative Error 0.5851940512657166
Epoch 868 Relative Error 0.5681407451629639
Epoch 869 Relative Error 0.5792850852012634
Epoch 870 Relative Error 0.5871925950050354
Epoch 871 Relative Error 0.6042153835296631
Epoch 872 Relative Error 0.5985229015350342
Epoch 873 Relative Error 0.5941794514656067
Epoch 874 Relative Error 0.5820128321647644
Epoch 875 Relative Error 0.5760337710380554
Epoch 876 Relative Error 0.5897411108016968
Epoch 877 Relative Error 0.6082784533500671
Epoch 878 Relative Error 0.6204145550727844
Epoch 879 Relative Error 0.5963900685310364
Epoch 880 Relative Error 0.5980727672576904
Epoch 881 Relative Error 0.6103935837745667
Epoch 882 Relative Error 0.6093451976776123
Epoch 883 Relative Error 0.6074190735816956
Epoch 884 Relative Error 0.6068107485771179
Epoch 885 Relative Error 0.574548065662384
Epoch 886 Relative Error 0.5616919994354248
Epoch 887 Relative Error 0.5640576481819153
Epoch 888 Relative Error 0.5798467993736267
Epoch 889 Relative Error 0.6257935166358948
Epoch 890 Relative Error 0.6258245706558228
Epoch 891 Relative Error 0.6184589862823486
Epoch 892 Relative Error 0.6027981042861938
Epoch 893 Relative Error 0.5791760683059692
Epoch 894 Relative Error 0.5704524517059326
Epoch 895 Relative Error 0.5714735984802246
Epoch 896 Relative Error 0.5796107053756714
Epoch 897 Relative Error 0.5763847827911377
Epoch 898 Relative Error 0.5839400291442871
Epoch 899 Relative Error 0.5793977975845337
Epoch 900 Relative Error 0.5863885283470154
Epoch 901 Relative Error 0.5692576766014099
Epoch 902 Relative Error 0.5733524560928345
Epoch 903 Relative Error 0.5730149745941162
Epoch 904 Relative Error 0.5757997632026672
Epoch 905 Relative Error 0.5847050547599792
Epoch 906 Relative Error 0.59869384765625
Epoch 907 Relative Error 0.5795095562934875
Epoch 908 Relative Error 0.597621500492096
Epoch 909 Relative Error 0.5775347352027893
Epoch 910 Relative Error 0.5710188746452332
Epoch 911 Relative Error 0.5874443054199219
Epoch 912 Relative Error 0.5792317390441895
Epoch 913 Relative Error 0.593729555606842
Epoch 914 Relative Error 0.6105892062187195
Epoch 915 Relative Error 0.6320167183876038
Epoch 916 Relative Error 0.5829655528068542
Epoch 917 Relative Error 0.5794622302055359
Epoch 918 Relative Error 0.5748705267906189
Epoch 919 Relative Error 0.5621189475059509
Epoch 920 Relative Error 0.5656254291534424
Epoch 921 Relative Error 0.5699529647827148
Epoch 922 Relative Error 0.5770419836044312
Epoch 923 Relative Error 0.5945797562599182
Epoch 924 Relative Error 0.6151381731033325
Epoch 925 Relative Error 0.5837897062301636
Epoch 926 Relative Error 0.5885351896286011
Epoch 927 Relative Error 0.5804000496864319
Epoch 928 Relative Error 0.5740005970001221
Epoch 929 Relative Error 0.5758641362190247
Epoch 930 Relative Error 0.5752671957015991
Epoch 931 Relative Error 0.5862259268760681
Epoch 932 Relative Error 0.5772547721862793
Epoch 933 Relative Error 0.5785536170005798
Epoch 934 Relative Error 0.5703046321868896
Epoch 935 Relative Error 0.5753428339958191
Epoch 936 Relative Error 0.5771584510803223
Epoch 937 Relative Error 0.5669854283332825
Epoch 938 Relative Error 0.5668843388557434
Epoch 939 Relative Error 0.5624079704284668
Epoch 940 Relative Error 0.5702312588691711
Epoch 941 Relative Error 0.5742394328117371
Epoch 942 Relative Error 0.5790690183639526
Epoch 943 Relative Error 0.6028463244438171
Epoch 944 Relative Error 0.5846614241600037
Epoch 945 Relative Error 0.5897473096847534
Epoch 946 Relative Error 0.5668132901191711
Epoch 947 Relative Error 0.5619855523109436
Epoch 948 Relative Error 0.568671464920044
Epoch 949 Relative Error 0.5736579298973083
Epoch 950 Relative Error 0.5741917490959167
Epoch 951 Relative Error 0.5695102214813232
Epoch 952 Relative Error 0.5608339905738831
Epoch 953 Relative Error 0.5606879591941833
Epoch 954 Relative Error 0.5610151290893555
Epoch 955 Relative Error 0.5895065665245056
Epoch 956 Relative Error 0.5769593119621277
Epoch 957 Relative Error 0.5743333101272583
Epoch 958 Relative Error 0.5699322819709778
Epoch 959 Relative Error 0.5627180337905884
Epoch 960 Relative Error 0.5681877732276917
Epoch 961 Relative Error 0.5645069479942322
Epoch 962 Relative Error 0.5854413509368896
Epoch 963 Relative Error 0.5842870473861694
Epoch 964 Relative Error 0.5691007375717163
Epoch 965 Relative Error 0.5605587363243103
Epoch 966 Relative Error 0.5609865784645081
Epoch 967 Relative Error 0.5708003640174866
Epoch 968 Relative Error 0.5747014284133911
Epoch 969 Relative Error 0.5812788009643555
Epoch 970 Relative Error 0.5727659463882446
Epoch 971 Relative Error 0.5742323398590088
Epoch 972 Relative Error 0.5825818777084351
Epoch 973 Relative Error 0.5729796290397644
Epoch 974 Relative Error 0.5655859708786011
Epoch 975 Relative Error 0.5689217448234558
Epoch 976 Relative Error 0.5643554329872131
Epoch 977 Relative Error 0.5765851140022278
Epoch 978 Relative Error 0.5674510598182678
Epoch 979 Relative Error 0.5841588377952576
Epoch 980 Relative Error 0.5847320556640625
Epoch 981 Relative Error 0.5694103240966797
Epoch 982 Relative Error 0.5693231225013733
Epoch 983 Relative Error 0.5590444207191467
Epoch 984 Relative Error 0.5608706474304199
Epoch 985 Relative Error 0.5614708065986633
Epoch 986 Relative Error 0.580126941204071
Epoch 987 Relative Error 0.5859009027481079
Epoch 988 Relative Error 0.5957949161529541
Epoch 989 Relative Error 0.6123364567756653
Epoch 990 Relative Error 0.6055123209953308
Epoch 991 Relative Error 0.5871747732162476
Epoch 992 Relative Error 0.5613188147544861
Epoch 993 Relative Error 0.5621129274368286
Epoch 994 Relative Error 0.5648500323295593
Epoch 995 Relative Error 0.5747847557067871
Epoch 996 Relative Error 0.5892188549041748
Epoch 997 Relative Error 0.5747483372688293
Epoch 998 Relative Error 0.592908501625061
Epoch 999 Relative Error 0.5664963722229004
Epoch 1000 Relative Error 0.5681759715080261
RE (1, 7, 26, 0): 0.5590444207191467
Green's Function RE (1, 7, 26, 0): 0.3834421634674072
Bias Term RE (1, 7, 26, 0): 0.09165071696043015
Combination (1, 7, 26, 0, 0): 0.5678175091743469
Combination (1, 7, 26, 0, 1): 0.5671609044075012
Combination (1, 7, 26, 0, 2): 0.5669316053390503
Combination (1, 7, 26, 0, 3): 0.5668523907661438
Combination (1, 7, 26, 0, 4): 0.5668137073516846

/home/gridsan/gstepaniants/.local/lib/python3.8/site-packages/torch/functional.py:478: UserWarning: torch.meshgrid: in an upcoming release, it will be required to pass the indexing argument. (Triggered internally at  ../aten/src/ATen/native/TensorShape.cpp:2895.)
  return _VF.meshgrid(tensors, **kwargs)  # type: ignore[attr-defined]
