[KeOps] Warning : Cuda libraries were not detected on the system ; using cpu only mode
1
Kernel: Exponential
Weight Mesh: 90
RKHS Kernel Width: 0.9
Lambda: 1e-06
Green's Function Learning Rate: 100
Bias Term Learning Rate: 100
Epoch 1 Relative Error 57920.8671875
First epoch had re = 57920.8671875 > 1
Green's Function Learning Rate: 50
Bias Term Learning Rate: 50
Epoch 1 Relative Error 28776.8984375
First epoch had re = 28776.8984375 > 1
Green's Function Learning Rate: 10
Bias Term Learning Rate: 10
Epoch 1 Relative Error 5067.11376953125
First epoch had re = 5067.11376953125 > 1
Green's Function Learning Rate: 5
Bias Term Learning Rate: 5
Epoch 1 Relative Error 3175.26318359375
First epoch had re = 3175.26318359375 > 1
Green's Function Learning Rate: 1
Bias Term Learning Rate: 1
Epoch 1 Relative Error 640.1242065429688
First epoch had re = 640.1242065429688 > 1
Green's Function Learning Rate: 0.5
Bias Term Learning Rate: 0.5
Epoch 1 Relative Error 234.8381805419922
First epoch had re = 234.8381805419922 > 1
Green's Function Learning Rate: 0.1
Bias Term Learning Rate: 0.1
Epoch 1 Relative Error 64.8937759399414
First epoch had re = 64.8937759399414 > 1
Green's Function Learning Rate: 0.05
Bias Term Learning Rate: 0.05
Epoch 1 Relative Error 22.048768997192383
First epoch had re = 22.048768997192383 > 1
Green's Function Learning Rate: 0.01
Bias Term Learning Rate: 0.01
Epoch 1 Relative Error 4.048415660858154
First epoch had re = 4.048415660858154 > 1
Green's Function Learning Rate: 0.005
Bias Term Learning Rate: 0.005
Epoch 1 Relative Error 1.8703099489212036
First epoch had re = 1.8703099489212036 > 1
Green's Function Learning Rate: 0.001
Bias Term Learning Rate: 0.001
Epoch 1 Relative Error 0.811762809753418
Epoch 2 Relative Error 0.8257958889007568
Epoch 3 Relative Error 0.8439154624938965
Epoch 4 Relative Error 0.7455460429191589
Epoch 5 Relative Error 0.8336954116821289
Epoch 6 Relative Error 0.7097920179367065
Epoch 7 Relative Error 0.7944269776344299
Epoch 8 Relative Error 0.6898462176322937
Epoch 9 Relative Error 0.7348224520683289
Epoch 10 Relative Error 0.6545120477676392
Epoch 11 Relative Error 0.7069106698036194
Epoch 12 Relative Error 0.6295966506004333
Epoch 13 Relative Error 0.652725875377655
Epoch 14 Relative Error 0.6075365543365479
Epoch 15 Relative Error 0.6202271580696106
Epoch 16 Relative Error 0.5730446577072144
Epoch 17 Relative Error 0.5967009663581848
Epoch 18 Relative Error 0.5560356378555298
Epoch 19 Relative Error 0.5577912330627441
Epoch 20 Relative Error 0.5385584235191345
Epoch 21 Relative Error 0.52394038438797
Epoch 22 Relative Error 0.5384622812271118
Epoch 23 Relative Error 0.491399347782135
Epoch 24 Relative Error 0.5140511989593506
Epoch 25 Relative Error 0.48414790630340576
Epoch 26 Relative Error 0.48476535081863403
Epoch 27 Relative Error 0.4695082902908325
Epoch 28 Relative Error 0.4698517918586731
Epoch 29 Relative Error 0.46063175797462463
Epoch 30 Relative Error 0.45215824246406555
Epoch 31 Relative Error 0.44879579544067383
Epoch 32 Relative Error 0.4487728476524353
Epoch 33 Relative Error 0.43463924527168274
Epoch 34 Relative Error 0.4276778995990753
Epoch 35 Relative Error 0.4375191628932953
Epoch 36 Relative Error 0.42481595277786255
Epoch 37 Relative Error 0.42539459466934204
Epoch 38 Relative Error 0.4280160069465637
Epoch 39 Relative Error 0.4137309491634369
Epoch 40 Relative Error 0.4125899374485016
Epoch 41 Relative Error 0.41897985339164734
Epoch 42 Relative Error 0.4130660891532898
Epoch 43 Relative Error 0.40630728006362915
Epoch 44 Relative Error 0.40822145342826843
Epoch 45 Relative Error 0.4068666100502014
Epoch 46 Relative Error 0.40265026688575745
Epoch 47 Relative Error 0.4017679989337921
Epoch 48 Relative Error 0.40436869859695435
Epoch 49 Relative Error 0.3996776044368744
Epoch 50 Relative Error 0.3972955048084259
Epoch 51 Relative Error 0.39699307084083557
Epoch 52 Relative Error 0.39750203490257263
Epoch 53 Relative Error 0.396549791097641
Epoch 54 Relative Error 0.39404797554016113
Epoch 55 Relative Error 0.3924797475337982
Epoch 56 Relative Error 0.3925020694732666
Epoch 57 Relative Error 0.39399316906929016
Epoch 58 Relative Error 0.39013543725013733
Epoch 59 Relative Error 0.38900917768478394
Epoch 60 Relative Error 0.38840290904045105
Epoch 61 Relative Error 0.38798174262046814
Epoch 62 Relative Error 0.3871803283691406
Epoch 63 Relative Error 0.38530233502388
Epoch 64 Relative Error 0.38441428542137146
Epoch 65 Relative Error 0.3835242688655853
Epoch 66 Relative Error 0.38331833481788635
Epoch 67 Relative Error 0.3825658857822418
Epoch 68 Relative Error 0.3806680738925934
Epoch 69 Relative Error 0.379851371049881
Epoch 70 Relative Error 0.3793456256389618
Epoch 71 Relative Error 0.37785956263542175
Epoch 72 Relative Error 0.3772401511669159
Epoch 73 Relative Error 0.3760290741920471
Epoch 74 Relative Error 0.3751393258571625
Epoch 75 Relative Error 0.3741118013858795
Epoch 76 Relative Error 0.3735809624195099
Epoch 77 Relative Error 0.37248367071151733
Epoch 78 Relative Error 0.37114211916923523
Epoch 79 Relative Error 0.3702850639820099
Epoch 80 Relative Error 0.3693060576915741
Epoch 81 Relative Error 0.36829373240470886
Epoch 82 Relative Error 0.36724206805229187
Epoch 83 Relative Error 0.3661458194255829
Epoch 84 Relative Error 0.3651522994041443
Epoch 85 Relative Error 0.3643612861633301
Epoch 86 Relative Error 0.36403587460517883
Epoch 87 Relative Error 0.36278194189071655
Epoch 88 Relative Error 0.362003356218338
Epoch 89 Relative Error 0.3602314293384552
Epoch 90 Relative Error 0.3594505190849304
Epoch 91 Relative Error 0.3590320348739624
Epoch 92 Relative Error 0.3573620319366455
Epoch 93 Relative Error 0.35605308413505554
Epoch 94 Relative Error 0.35560131072998047
Epoch 95 Relative Error 0.355408251285553
Epoch 96 Relative Error 0.3532381057739258
Epoch 97 Relative Error 0.35208970308303833
Epoch 98 Relative Error 0.3512868285179138
Epoch 99 Relative Error 0.35004502534866333
Epoch 100 Relative Error 0.34914129972457886
Epoch 101 Relative Error 0.34835147857666016
Epoch 102 Relative Error 0.34789180755615234
Epoch 103 Relative Error 0.34620821475982666
Epoch 104 Relative Error 0.34571829438209534
Epoch 105 Relative Error 0.344051331281662
Epoch 106 Relative Error 0.3430645763874054
Epoch 107 Relative Error 0.3421861529350281
Epoch 108 Relative Error 0.3411015272140503
Epoch 109 Relative Error 0.34012529253959656
Epoch 110 Relative Error 0.339180588722229
Epoch 111 Relative Error 0.33807480335235596
Epoch 112 Relative Error 0.33781901001930237
Epoch 113 Relative Error 0.33636975288391113
Epoch 114 Relative Error 0.33536940813064575
Epoch 115 Relative Error 0.3342978060245514
Epoch 116 Relative Error 0.3334946036338806
Epoch 117 Relative Error 0.33230552077293396
Epoch 118 Relative Error 0.33136290311813354
Epoch 119 Relative Error 0.33063289523124695
Epoch 120 Relative Error 0.33083105087280273
Epoch 121 Relative Error 0.32919660210609436
Epoch 122 Relative Error 0.3280322849750519
Epoch 123 Relative Error 0.32659268379211426
Epoch 124 Relative Error 0.3258812129497528
Epoch 125 Relative Error 0.3247138261795044
Epoch 126 Relative Error 0.3238672614097595
Epoch 127 Relative Error 0.3230937719345093
Epoch 128 Relative Error 0.3220048248767853
Epoch 129 Relative Error 0.32107827067375183
Epoch 130 Relative Error 0.3202759623527527
Epoch 131 Relative Error 0.3194863796234131
Epoch 132 Relative Error 0.31855398416519165
Epoch 133 Relative Error 0.3173410892486572
Epoch 134 Relative Error 0.316474586725235
Epoch 135 Relative Error 0.3160845935344696
Epoch 136 Relative Error 0.3153647780418396
Epoch 137 Relative Error 0.3138255774974823
Epoch 138 Relative Error 0.3136315643787384
Epoch 139 Relative Error 0.3126095235347748
Epoch 140 Relative Error 0.31131356954574585
Epoch 141 Relative Error 0.3105386793613434
Epoch 142 Relative Error 0.30954039096832275
Epoch 143 Relative Error 0.3087988793849945
Epoch 144 Relative Error 0.3079257905483246
Epoch 145 Relative Error 0.30689942836761475
Epoch 146 Relative Error 0.30614981055259705
Epoch 147 Relative Error 0.3055424094200134
Epoch 148 Relative Error 0.3049376606941223
Epoch 149 Relative Error 0.3035256564617157
Epoch 150 Relative Error 0.30279621481895447
Epoch 151 Relative Error 0.3021058440208435
Epoch 152 Relative Error 0.30122315883636475
Epoch 153 Relative Error 0.3005938231945038
Epoch 154 Relative Error 0.3000892698764801
Epoch 155 Relative Error 0.2986394762992859
Epoch 156 Relative Error 0.2978419065475464
Epoch 157 Relative Error 0.29716888070106506
Epoch 158 Relative Error 0.2962498068809509
Epoch 159 Relative Error 0.2963643968105316
Epoch 160 Relative Error 0.29576122760772705
Epoch 161 Relative Error 0.29452991485595703
Epoch 162 Relative Error 0.29322803020477295
Epoch 163 Relative Error 0.2925509810447693
Epoch 164 Relative Error 0.2915196716785431
Epoch 165 Relative Error 0.2906566560268402
Epoch 166 Relative Error 0.29005974531173706
Epoch 167 Relative Error 0.289245069026947
Epoch 168 Relative Error 0.28850167989730835
Epoch 169 Relative Error 0.28790804743766785
Epoch 170 Relative Error 0.28700700402259827
Epoch 171 Relative Error 0.2865321636199951
Epoch 172 Relative Error 0.28540095686912537
Epoch 173 Relative Error 0.2847718298435211
Epoch 174 Relative Error 0.28414851427078247
Epoch 175 Relative Error 0.28338930010795593
Epoch 176 Relative Error 0.2830664813518524
Epoch 177 Relative Error 0.2819148898124695
Epoch 178 Relative Error 0.28135859966278076
Epoch 179 Relative Error 0.2803983986377716
Epoch 180 Relative Error 0.279719740152359
Epoch 181 Relative Error 0.279010146856308
Epoch 182 Relative Error 0.2789943814277649
Epoch 183 Relative Error 0.27787336707115173
Epoch 184 Relative Error 0.2771575152873993
Epoch 185 Relative Error 0.2765602469444275
Epoch 186 Relative Error 0.27571165561676025
Epoch 187 Relative Error 0.2753467559814453
Epoch 188 Relative Error 0.27468857169151306
Epoch 189 Relative Error 0.27391329407691956
Epoch 190 Relative Error 0.27355411648750305
Epoch 191 Relative Error 0.2722751200199127
Epoch 192 Relative Error 0.272137850522995
Epoch 193 Relative Error 0.27091893553733826
Epoch 194 Relative Error 0.27048492431640625
Epoch 195 Relative Error 0.26973310112953186
Epoch 196 Relative Error 0.26916542649269104
Epoch 197 Relative Error 0.2686654031276703
Epoch 198 Relative Error 0.26806554198265076
Epoch 199 Relative Error 0.26708856225013733
Epoch 200 Relative Error 0.2667742669582367
Epoch 201 Relative Error 0.26633790135383606
Epoch 202 Relative Error 0.26527854800224304
Epoch 203 Relative Error 0.2648789882659912
Epoch 204 Relative Error 0.26423266530036926
Epoch 205 Relative Error 0.26408883929252625
Epoch 206 Relative Error 0.2638131082057953
Epoch 207 Relative Error 0.26311588287353516
Epoch 208 Relative Error 0.2623439133167267
Epoch 209 Relative Error 0.26124703884124756
Epoch 210 Relative Error 0.26046502590179443
Epoch 211 Relative Error 0.26094549894332886
Epoch 212 Relative Error 0.2620040476322174
Epoch 213 Relative Error 0.25918862223625183
Epoch 214 Relative Error 0.25830134749412537
Epoch 215 Relative Error 0.2582521140575409
Epoch 216 Relative Error 0.2583491802215576
Epoch 217 Relative Error 0.25709444284439087
Epoch 218 Relative Error 0.25698742270469666
Epoch 219 Relative Error 0.2565917372703552
Epoch 220 Relative Error 0.25559142231941223
Epoch 221 Relative Error 0.25623801350593567
Epoch 222 Relative Error 0.2539950907230377
Epoch 223 Relative Error 0.2533629834651947
Epoch 224 Relative Error 0.2528541684150696
Epoch 225 Relative Error 0.25251609086990356
Epoch 226 Relative Error 0.2521625757217407
Epoch 227 Relative Error 0.2514148950576782
Epoch 228 Relative Error 0.25116023421287537
Epoch 229 Relative Error 0.2510463297367096
Epoch 230 Relative Error 0.250014066696167
Epoch 231 Relative Error 0.24945828318595886
Epoch 232 Relative Error 0.24907773733139038
Epoch 233 Relative Error 0.24950185418128967
Epoch 234 Relative Error 0.2490716576576233
Epoch 235 Relative Error 0.24880003929138184
Epoch 236 Relative Error 0.24841757118701935
Epoch 237 Relative Error 0.24700714647769928
Epoch 238 Relative Error 0.24769757688045502
Epoch 239 Relative Error 0.2468394637107849
Epoch 240 Relative Error 0.2451944351196289
Epoch 241 Relative Error 0.244521826505661
Epoch 242 Relative Error 0.24387149512767792
Epoch 243 Relative Error 0.243876114487648
Epoch 244 Relative Error 0.24310265481472015
Epoch 245 Relative Error 0.24285797774791718
Epoch 246 Relative Error 0.24271103739738464
Epoch 247 Relative Error 0.24170850217342377
Epoch 248 Relative Error 0.24153874814510345
Epoch 249 Relative Error 0.24106314778327942
Epoch 250 Relative Error 0.2402559518814087
Epoch 251 Relative Error 0.2402764856815338
Epoch 252 Relative Error 0.24048727750778198
Epoch 253 Relative Error 0.24019375443458557
Epoch 254 Relative Error 0.23856037855148315
Epoch 255 Relative Error 0.23872938752174377
Epoch 256 Relative Error 0.2389465570449829
Epoch 257 Relative Error 0.24040578305721283
Epoch 258 Relative Error 0.23900368809700012
Epoch 259 Relative Error 0.23757976293563843
Epoch 260 Relative Error 0.23631393909454346
Epoch 261 Relative Error 0.23611561954021454
Epoch 262 Relative Error 0.23524120450019836
Epoch 263 Relative Error 0.23499181866645813
Epoch 264 Relative Error 0.2344721257686615
Epoch 265 Relative Error 0.234327495098114
Epoch 266 Relative Error 0.23431092500686646
Epoch 267 Relative Error 0.23465929925441742
Epoch 268 Relative Error 0.2336054891347885
Epoch 269 Relative Error 0.23353230953216553
Epoch 270 Relative Error 0.23214852809906006
Epoch 271 Relative Error 0.2317330688238144
Epoch 272 Relative Error 0.23242270946502686
Epoch 273 Relative Error 0.23146428167819977
Epoch 274 Relative Error 0.23071812093257904
Epoch 275 Relative Error 0.2303817719221115
Epoch 276 Relative Error 0.23025648295879364
Epoch 277 Relative Error 0.22957071661949158
Epoch 278 Relative Error 0.22938071191310883
Epoch 279 Relative Error 0.22912468016147614
Epoch 280 Relative Error 0.22910462319850922
Epoch 281 Relative Error 0.22849710285663605
Epoch 282 Relative Error 0.2278236597776413
Epoch 283 Relative Error 0.22751256823539734
Epoch 284 Relative Error 0.22713415324687958
Epoch 285 Relative Error 0.2270057052373886
Epoch 286 Relative Error 0.2272457778453827
Epoch 287 Relative Error 0.2261621505022049
Epoch 288 Relative Error 0.2259342223405838
Epoch 289 Relative Error 0.22644591331481934
Epoch 290 Relative Error 0.22570914030075073
Epoch 291 Relative Error 0.2252284288406372
Epoch 292 Relative Error 0.22450590133666992
Epoch 293 Relative Error 0.22461998462677002
Epoch 294 Relative Error 0.22397390007972717
Epoch 295 Relative Error 0.22387222945690155
Epoch 296 Relative Error 0.22321568429470062
Epoch 297 Relative Error 0.22301119565963745
Epoch 298 Relative Error 0.2226559966802597
Epoch 299 Relative Error 0.2224954515695572
Epoch 300 Relative Error 0.22230185568332672
Epoch 301 Relative Error 0.22215767204761505
Epoch 302 Relative Error 0.2234794795513153
Epoch 303 Relative Error 0.22417661547660828
Epoch 304 Relative Error 0.222118079662323
Epoch 305 Relative Error 0.22056330740451813
Epoch 306 Relative Error 0.22023947536945343
Epoch 307 Relative Error 0.2199447602033615
Epoch 308 Relative Error 0.2195102721452713
Epoch 309 Relative Error 0.21975791454315186
Epoch 310 Relative Error 0.2192360758781433
Epoch 311 Relative Error 0.21870361268520355
Epoch 312 Relative Error 0.21933205425739288
Epoch 313 Relative Error 0.21855470538139343
Epoch 314 Relative Error 0.2187965363264084
Epoch 315 Relative Error 0.21756497025489807
Epoch 316 Relative Error 0.2173231840133667
Epoch 317 Relative Error 0.21721743047237396
Epoch 318 Relative Error 0.21775755286216736
Epoch 319 Relative Error 0.21856142580509186
Epoch 320 Relative Error 0.2177354246377945
Epoch 321 Relative Error 0.21604767441749573
Epoch 322 Relative Error 0.21608051657676697
Epoch 323 Relative Error 0.21593132615089417
Epoch 324 Relative Error 0.2161780148744583
Epoch 325 Relative Error 0.21500812470912933
Epoch 326 Relative Error 0.21510082483291626
Epoch 327 Relative Error 0.21452203392982483
Epoch 328 Relative Error 0.21444615721702576
Epoch 329 Relative Error 0.21390436589717865
Epoch 330 Relative Error 0.2138453871011734
Epoch 331 Relative Error 0.2144581526517868
Epoch 332 Relative Error 0.21368040144443512
Epoch 333 Relative Error 0.21306739747524261
Epoch 334 Relative Error 0.21282805502414703
Epoch 335 Relative Error 0.21290427446365356
Epoch 336 Relative Error 0.21366770565509796
Epoch 337 Relative Error 0.21233709156513214
Epoch 338 Relative Error 0.2117682248353958
Epoch 339 Relative Error 0.21163409948349
Epoch 340 Relative Error 0.2112613469362259
Epoch 341 Relative Error 0.21136072278022766
Epoch 342 Relative Error 0.21079444885253906
Epoch 343 Relative Error 0.2107052206993103
Epoch 344 Relative Error 0.2104167342185974
Epoch 345 Relative Error 0.2100401669740677
Epoch 346 Relative Error 0.21060530841350555
Epoch 347 Relative Error 0.21053311228752136
Epoch 348 Relative Error 0.20982716977596283
Epoch 349 Relative Error 0.21000489592552185
Epoch 350 Relative Error 0.20915009081363678
Epoch 351 Relative Error 0.20874790847301483
Epoch 352 Relative Error 0.20933343470096588
Epoch 353 Relative Error 0.21009518206119537
Epoch 354 Relative Error 0.20813025534152985
Epoch 355 Relative Error 0.2078380286693573
Epoch 356 Relative Error 0.20764769613742828
Epoch 357 Relative Error 0.2078469693660736
Epoch 358 Relative Error 0.2074068933725357
Epoch 359 Relative Error 0.20754219591617584
Epoch 360 Relative Error 0.20728948712348938
Epoch 361 Relative Error 0.2066299170255661
Epoch 362 Relative Error 0.20711523294448853
Epoch 363 Relative Error 0.20658831298351288
Epoch 364 Relative Error 0.20668697357177734
Epoch 365 Relative Error 0.2059389054775238
Epoch 366 Relative Error 0.2059105634689331
Epoch 367 Relative Error 0.20560218393802643
Epoch 368 Relative Error 0.2051878273487091
Epoch 369 Relative Error 0.2051684856414795
Epoch 370 Relative Error 0.20496205985546112
Epoch 371 Relative Error 0.2045481950044632
Epoch 372 Relative Error 0.2044709324836731
Epoch 373 Relative Error 0.20423325896263123
Epoch 374 Relative Error 0.20605729520320892
Epoch 375 Relative Error 0.20548059046268463
Epoch 376 Relative Error 0.20588287711143494
Epoch 377 Relative Error 0.2035420835018158
Epoch 378 Relative Error 0.2032894641160965
Epoch 379 Relative Error 0.20321211218833923
Epoch 380 Relative Error 0.203290194272995
Epoch 381 Relative Error 0.20267191529273987
Epoch 382 Relative Error 0.2026551365852356
Epoch 383 Relative Error 0.20347172021865845
Epoch 384 Relative Error 0.20665018260478973
Epoch 385 Relative Error 0.20591312646865845
Epoch 386 Relative Error 0.20337919890880585
Epoch 387 Relative Error 0.20154522359371185
Epoch 388 Relative Error 0.2022562175989151
Epoch 389 Relative Error 0.20571045577526093
Epoch 390 Relative Error 0.20170775055885315
Epoch 391 Relative Error 0.20103950798511505
Epoch 392 Relative Error 0.2009858936071396
Epoch 393 Relative Error 0.20074224472045898
Epoch 394 Relative Error 0.20083610713481903
Epoch 395 Relative Error 0.20037128031253815
Epoch 396 Relative Error 0.20001588761806488
Epoch 397 Relative Error 0.19981856644153595
Epoch 398 Relative Error 0.19970518350601196
Epoch 399 Relative Error 0.19966478645801544
Epoch 400 Relative Error 0.2002338320016861
Epoch 401 Relative Error 0.19917891919612885
Epoch 402 Relative Error 0.19907937943935394
Epoch 403 Relative Error 0.198985293507576
Epoch 404 Relative Error 0.19866696000099182
Epoch 405 Relative Error 0.19886034727096558
Epoch 406 Relative Error 0.19991472363471985
Epoch 407 Relative Error 0.19852972030639648
Epoch 408 Relative Error 0.19812777638435364
Epoch 409 Relative Error 0.19800634682178497
Epoch 410 Relative Error 0.19848953187465668
Epoch 411 Relative Error 0.19770096242427826
Epoch 412 Relative Error 0.1977863758802414
Epoch 413 Relative Error 0.197299987077713
Epoch 414 Relative Error 0.19712845981121063
Epoch 415 Relative Error 0.19698330760002136
Epoch 416 Relative Error 0.19677579402923584
Epoch 417 Relative Error 0.1966937631368637
Epoch 418 Relative Error 0.1967756450176239
Epoch 419 Relative Error 0.19714343547821045
Epoch 420 Relative Error 0.19721917808055878
Epoch 421 Relative Error 0.19612222909927368
Epoch 422 Relative Error 0.19603098928928375
Epoch 423 Relative Error 0.19571150839328766
Epoch 424 Relative Error 0.19578416645526886
Epoch 425 Relative Error 0.1955159455537796
Epoch 426 Relative Error 0.19523270428180695
Epoch 427 Relative Error 0.1951415240764618
Epoch 428 Relative Error 0.19512873888015747
Epoch 429 Relative Error 0.1949683129787445
Epoch 430 Relative Error 0.19472439587116241
Epoch 431 Relative Error 0.19463323056697845
Epoch 432 Relative Error 0.1947529911994934
Epoch 433 Relative Error 0.19442637264728546
Epoch 434 Relative Error 0.19417931139469147
Epoch 435 Relative Error 0.19434919953346252
Epoch 436 Relative Error 0.19471375644207
Epoch 437 Relative Error 0.1943930685520172
Epoch 438 Relative Error 0.19415514171123505
Epoch 439 Relative Error 0.19437400996685028
Epoch 440 Relative Error 0.1941068023443222
Epoch 441 Relative Error 0.19315940141677856
Epoch 442 Relative Error 0.19296522438526154
Epoch 443 Relative Error 0.1937107890844345
Epoch 444 Relative Error 0.1927599459886551
Epoch 445 Relative Error 0.19284629821777344
Epoch 446 Relative Error 0.19260486960411072
Epoch 447 Relative Error 0.19379094243049622
Epoch 448 Relative Error 0.19260656833648682
Epoch 449 Relative Error 0.1929558962583542
Epoch 450 Relative Error 0.1919352263212204
Epoch 451 Relative Error 0.1921476125717163
Epoch 452 Relative Error 0.19358952343463898
Epoch 453 Relative Error 0.19168367981910706
Epoch 454 Relative Error 0.19160452485084534
Epoch 455 Relative Error 0.1923161745071411
Epoch 456 Relative Error 0.19134733080863953
Epoch 457 Relative Error 0.1916380077600479
Epoch 458 Relative Error 0.1917109340429306
Epoch 459 Relative Error 0.1907367706298828
Epoch 460 Relative Error 0.19055035710334778
Epoch 461 Relative Error 0.19075323641300201
Epoch 462 Relative Error 0.19146032631397247
Epoch 463 Relative Error 0.19070684909820557
Epoch 464 Relative Error 0.19019511342048645
Epoch 465 Relative Error 0.18994422256946564
Epoch 466 Relative Error 0.1899689882993698
Epoch 467 Relative Error 0.1897791177034378
Epoch 468 Relative Error 0.18967464566230774
Epoch 469 Relative Error 0.18972143530845642
Epoch 470 Relative Error 0.18940816819667816
Epoch 471 Relative Error 0.18961885571479797
Epoch 472 Relative Error 0.18959519267082214
Epoch 473 Relative Error 0.1892414540052414
Epoch 474 Relative Error 0.18891541659832
Epoch 475 Relative Error 0.18882839381694794
Epoch 476 Relative Error 0.18874895572662354
Epoch 477 Relative Error 0.188524067401886
Epoch 478 Relative Error 0.18839386105537415
Epoch 479 Relative Error 0.18846800923347473
Epoch 480 Relative Error 0.18877720832824707
Epoch 481 Relative Error 0.1882360875606537
Epoch 482 Relative Error 0.18840976059436798
Epoch 483 Relative Error 0.18777427077293396
Epoch 484 Relative Error 0.18853625655174255
Epoch 485 Relative Error 0.1885233074426651
Epoch 486 Relative Error 0.18757349252700806
Epoch 487 Relative Error 0.1875864714384079
Epoch 488 Relative Error 0.18736062943935394
Epoch 489 Relative Error 0.18786627054214478
Epoch 490 Relative Error 0.1886025071144104
Epoch 491 Relative Error 0.18902552127838135
Epoch 492 Relative Error 0.187742680311203
Epoch 493 Relative Error 0.18841128051280975
Epoch 494 Relative Error 0.18811021745204926
Epoch 495 Relative Error 0.18675296008586884
Epoch 496 Relative Error 0.1874740570783615
Epoch 497 Relative Error 0.18704280257225037
Epoch 498 Relative Error 0.18709400296211243
Epoch 499 Relative Error 0.18741922080516815
Epoch 500 Relative Error 0.18700644373893738
Epoch 501 Relative Error 0.18630656599998474
Epoch 502 Relative Error 0.1863187998533249
Epoch 503 Relative Error 0.18578343093395233
Epoch 504 Relative Error 0.18554945290088654
Epoch 505 Relative Error 0.18543553352355957
Epoch 506 Relative Error 0.185484379529953
Epoch 507 Relative Error 0.18546940386295319
Epoch 508 Relative Error 0.1862720102071762
Epoch 509 Relative Error 0.18563565611839294
Epoch 510 Relative Error 0.18540768325328827
Epoch 511 Relative Error 0.18463380634784698
Epoch 512 Relative Error 0.18449503183364868
Epoch 513 Relative Error 0.18473607301712036
Epoch 514 Relative Error 0.18562830984592438
Epoch 515 Relative Error 0.18596185743808746
Epoch 516 Relative Error 0.1847432255744934
Epoch 517 Relative Error 0.18428468704223633
Epoch 518 Relative Error 0.18384701013565063
Epoch 519 Relative Error 0.18383732438087463
Epoch 520 Relative Error 0.1836608499288559
Epoch 521 Relative Error 0.18358585238456726
Epoch 522 Relative Error 0.18342998623847961
Epoch 523 Relative Error 0.183363676071167
Epoch 524 Relative Error 0.18317914009094238
Epoch 525 Relative Error 0.18317951261997223
Epoch 526 Relative Error 0.18300679326057434
Epoch 527 Relative Error 0.182884082198143
Epoch 528 Relative Error 0.18281255662441254
Epoch 529 Relative Error 0.18281342089176178
Epoch 530 Relative Error 0.18291257321834564
Epoch 531 Relative Error 0.1827358901500702
Epoch 532 Relative Error 0.18242251873016357
Epoch 533 Relative Error 0.18266946077346802
Epoch 534 Relative Error 0.18226608633995056
Epoch 535 Relative Error 0.18215051293373108
Epoch 536 Relative Error 0.1829695701599121
Epoch 537 Relative Error 0.18310949206352234
Epoch 538 Relative Error 0.18187673389911652
Epoch 539 Relative Error 0.18224963545799255
Epoch 540 Relative Error 0.18270918726921082
Epoch 541 Relative Error 0.1820845901966095
Epoch 542 Relative Error 0.1816038340330124
Epoch 543 Relative Error 0.1812550127506256
Epoch 544 Relative Error 0.18151728808879852
Epoch 545 Relative Error 0.182326540350914
Epoch 546 Relative Error 0.18211036920547485
Epoch 547 Relative Error 0.1808667778968811
Epoch 548 Relative Error 0.18105322122573853
Epoch 549 Relative Error 0.1808740645647049
Epoch 550 Relative Error 0.1807335913181305
Epoch 551 Relative Error 0.1807376891374588
Epoch 552 Relative Error 0.18041667342185974
Epoch 553 Relative Error 0.1802927404642105
Epoch 554 Relative Error 0.18017266690731049
Epoch 555 Relative Error 0.18014317750930786
Epoch 556 Relative Error 0.18006668984889984
Epoch 557 Relative Error 0.18010544776916504
Epoch 558 Relative Error 0.1800829917192459
Epoch 559 Relative Error 0.18010780215263367
Epoch 560 Relative Error 0.18019095063209534
Epoch 561 Relative Error 0.17953887581825256
Epoch 562 Relative Error 0.1793929487466812
Epoch 563 Relative Error 0.17950814962387085
Epoch 564 Relative Error 0.17943091690540314
Epoch 565 Relative Error 0.17925503849983215
Epoch 566 Relative Error 0.17930780351161957
Epoch 567 Relative Error 0.17910802364349365
Epoch 568 Relative Error 0.17896877229213715
Epoch 569 Relative Error 0.17873278260231018
Epoch 570 Relative Error 0.17898036539554596
Epoch 571 Relative Error 0.17869290709495544
Epoch 572 Relative Error 0.17965322732925415
Epoch 573 Relative Error 0.17909514904022217
Epoch 574 Relative Error 0.1789308488368988
Epoch 575 Relative Error 0.17817503213882446
Epoch 576 Relative Error 0.17829418182373047
Epoch 577 Relative Error 0.17805121839046478
Epoch 578 Relative Error 0.17800210416316986
Epoch 579 Relative Error 0.177823007106781
Epoch 580 Relative Error 0.17786911129951477
Epoch 581 Relative Error 0.17832934856414795
Epoch 582 Relative Error 0.17813193798065186
Epoch 583 Relative Error 0.17756497859954834
Epoch 584 Relative Error 0.17745845019817352
Epoch 585 Relative Error 0.17730489373207092
Epoch 586 Relative Error 0.17720402777194977
Epoch 587 Relative Error 0.17748457193374634
Epoch 588 Relative Error 0.17831848561763763
Epoch 589 Relative Error 0.1773042529821396
Epoch 590 Relative Error 0.17685183882713318
Epoch 591 Relative Error 0.17696379125118256
Epoch 592 Relative Error 0.17664918303489685
Epoch 593 Relative Error 0.17685195803642273
Epoch 594 Relative Error 0.176795095205307
Epoch 595 Relative Error 0.17710871994495392
Epoch 596 Relative Error 0.17787356674671173
Epoch 597 Relative Error 0.17719997465610504
Epoch 598 Relative Error 0.17680442333221436
Epoch 599 Relative Error 0.17664143443107605
Epoch 600 Relative Error 0.17609411478042603
Epoch 601 Relative Error 0.17587797343730927
Epoch 602 Relative Error 0.1758662611246109
Epoch 603 Relative Error 0.17584607005119324
Epoch 604 Relative Error 0.17593085765838623
Epoch 605 Relative Error 0.175760418176651
Epoch 606 Relative Error 0.17558100819587708
Epoch 607 Relative Error 0.17588424682617188
Epoch 608 Relative Error 0.17539681494235992
Epoch 609 Relative Error 0.17516504228115082
Epoch 610 Relative Error 0.17517609894275665
Epoch 611 Relative Error 0.17545318603515625
Epoch 612 Relative Error 0.17499884963035583
Epoch 613 Relative Error 0.17524059116840363
Epoch 614 Relative Error 0.17550383508205414
Epoch 615 Relative Error 0.17684251070022583
Epoch 616 Relative Error 0.17494645714759827
Epoch 617 Relative Error 0.17451982200145721
Epoch 618 Relative Error 0.17441308498382568
Epoch 619 Relative Error 0.17462393641471863
Epoch 620 Relative Error 0.17516303062438965
Epoch 621 Relative Error 0.17571479082107544
Epoch 622 Relative Error 0.17416830360889435
Epoch 623 Relative Error 0.17464937269687653
Epoch 624 Relative Error 0.17473429441452026
Epoch 625 Relative Error 0.17382684350013733
Epoch 626 Relative Error 0.17416107654571533
Epoch 627 Relative Error 0.1741262674331665
Epoch 628 Relative Error 0.17365829646587372
Epoch 629 Relative Error 0.17413917183876038
Epoch 630 Relative Error 0.17447726428508759
Epoch 631 Relative Error 0.1737487018108368
Epoch 632 Relative Error 0.17342808842658997
Epoch 633 Relative Error 0.17408427596092224
Epoch 634 Relative Error 0.17314513027668
Epoch 635 Relative Error 0.17382808029651642
Epoch 636 Relative Error 0.17318861186504364
Epoch 637 Relative Error 0.17300161719322205
Epoch 638 Relative Error 0.17294949293136597
Epoch 639 Relative Error 0.17270760238170624
Epoch 640 Relative Error 0.17259961366653442
Epoch 641 Relative Error 0.17257006466388702
Epoch 642 Relative Error 0.1730232983827591
Epoch 643 Relative Error 0.17362861335277557
Epoch 644 Relative Error 0.1734466701745987
Epoch 645 Relative Error 0.1724739521741867
Epoch 646 Relative Error 0.17217789590358734
Epoch 647 Relative Error 0.1722278743982315
Epoch 648 Relative Error 0.17203527688980103
Epoch 649 Relative Error 0.17249074578285217
Epoch 650 Relative Error 0.17219243943691254
Epoch 651 Relative Error 0.1720176786184311
Epoch 652 Relative Error 0.17167292535305023
Epoch 653 Relative Error 0.17152296006679535
Epoch 654 Relative Error 0.1714620441198349
Epoch 655 Relative Error 0.17166312038898468
Epoch 656 Relative Error 0.17203181982040405
Epoch 657 Relative Error 0.1712486445903778
Epoch 658 Relative Error 0.17126904428005219
Epoch 659 Relative Error 0.1714611053466797
Epoch 660 Relative Error 0.1721334010362625
Epoch 661 Relative Error 0.1713367998600006
Epoch 662 Relative Error 0.17089110612869263
Epoch 663 Relative Error 0.1726628541946411
Epoch 664 Relative Error 0.17158079147338867
Epoch 665 Relative Error 0.17083562910556793
Epoch 666 Relative Error 0.17109498381614685
Epoch 667 Relative Error 0.17272496223449707
Epoch 668 Relative Error 0.17488953471183777
Epoch 669 Relative Error 0.17243734002113342
Epoch 670 Relative Error 0.17027314007282257
Epoch 671 Relative Error 0.1704491525888443
Epoch 672 Relative Error 0.17093084752559662
Epoch 673 Relative Error 0.1701250821352005
Epoch 674 Relative Error 0.17007078230381012
Epoch 675 Relative Error 0.1700984388589859
Epoch 676 Relative Error 0.16978634893894196
Epoch 677 Relative Error 0.1698792278766632
Epoch 678 Relative Error 0.16971193253993988
Epoch 679 Relative Error 0.1695624440908432
Epoch 680 Relative Error 0.16944491863250732
Epoch 681 Relative Error 0.1699928492307663
Epoch 682 Relative Error 0.16962990164756775
Epoch 683 Relative Error 0.16981175541877747
Epoch 684 Relative Error 0.16949042677879333
Epoch 685 Relative Error 0.169828861951828
Epoch 686 Relative Error 0.16908293962478638
Epoch 687 Relative Error 0.1689104586839676
Epoch 688 Relative Error 0.16919110715389252
Epoch 689 Relative Error 0.16877280175685883
Epoch 690 Relative Error 0.16882507503032684
Epoch 691 Relative Error 0.16874726116657257
Epoch 692 Relative Error 0.16858771443367004
Epoch 693 Relative Error 0.16919519007205963
Epoch 694 Relative Error 0.16913801431655884
Epoch 695 Relative Error 0.16836319863796234
Epoch 696 Relative Error 0.16826263070106506
Epoch 697 Relative Error 0.16868817806243896
Epoch 698 Relative Error 0.168192520737648
Epoch 699 Relative Error 0.16811129450798035
Epoch 700 Relative Error 0.16875310242176056
Epoch 701 Relative Error 0.16879551112651825
Epoch 702 Relative Error 0.16954198479652405
Epoch 703 Relative Error 0.1680455058813095
Epoch 704 Relative Error 0.16770637035369873
Epoch 705 Relative Error 0.16809938848018646
Epoch 706 Relative Error 0.16756190359592438
Epoch 707 Relative Error 0.16769327223300934
Epoch 708 Relative Error 0.1676015853881836
Epoch 709 Relative Error 0.16733001172542572
Epoch 710 Relative Error 0.16735196113586426
Epoch 711 Relative Error 0.16718661785125732
Epoch 712 Relative Error 0.167867049574852
Epoch 713 Relative Error 0.1682814359664917
Epoch 714 Relative Error 0.16792035102844238
Epoch 715 Relative Error 0.16716502606868744
Epoch 716 Relative Error 0.1668165624141693
Epoch 717 Relative Error 0.16692215204238892
Epoch 718 Relative Error 0.16739116609096527
Epoch 719 Relative Error 0.16697020828723907
Epoch 720 Relative Error 0.16698415577411652
Epoch 721 Relative Error 0.1667245775461197
Epoch 722 Relative Error 0.16641917824745178
Epoch 723 Relative Error 0.16639262437820435
Epoch 724 Relative Error 0.16656522452831268
Epoch 725 Relative Error 0.16694149374961853
Epoch 726 Relative Error 0.16631130874156952
Epoch 727 Relative Error 0.16606183350086212
Epoch 728 Relative Error 0.1662347912788391
Epoch 729 Relative Error 0.16633617877960205
Epoch 730 Relative Error 0.1659570038318634
Epoch 731 Relative Error 0.16578014194965363
Epoch 732 Relative Error 0.16599667072296143
Epoch 733 Relative Error 0.1662956178188324
Epoch 734 Relative Error 0.1657789796590805
Epoch 735 Relative Error 0.16571713984012604
Epoch 736 Relative Error 0.1655210256576538
Epoch 737 Relative Error 0.16534823179244995
Epoch 738 Relative Error 0.16542935371398926
Epoch 739 Relative Error 0.1655508279800415
Epoch 740 Relative Error 0.1653168797492981
Epoch 741 Relative Error 0.16509394347667694
Epoch 742 Relative Error 0.16502994298934937
Epoch 743 Relative Error 0.16493307054042816
Epoch 744 Relative Error 0.16507789492607117
Epoch 745 Relative Error 0.16550768911838531
Epoch 746 Relative Error 0.16472017765045166
Epoch 747 Relative Error 0.16484427452087402
Epoch 748 Relative Error 0.16497918963432312
Epoch 749 Relative Error 0.16471107304096222
Epoch 750 Relative Error 0.16447286307811737
Epoch 751 Relative Error 0.16439774632453918
Epoch 752 Relative Error 0.1643579602241516
Epoch 753 Relative Error 0.16425296664237976
Epoch 754 Relative Error 0.16418425738811493
Epoch 755 Relative Error 0.1645982712507248
Epoch 756 Relative Error 0.16412986814975739
Epoch 757 Relative Error 0.1641385555267334
Epoch 758 Relative Error 0.16423161327838898
Epoch 759 Relative Error 0.1639450639486313
Epoch 760 Relative Error 0.16384375095367432
Epoch 761 Relative Error 0.16384528577327728
Epoch 762 Relative Error 0.1637965440750122
Epoch 763 Relative Error 0.16359707713127136
Epoch 764 Relative Error 0.1636512279510498
Epoch 765 Relative Error 0.16377770900726318
Epoch 766 Relative Error 0.16384972631931305
Epoch 767 Relative Error 0.16344282031059265
Epoch 768 Relative Error 0.1634509414434433
Epoch 769 Relative Error 0.1634959727525711
Epoch 770 Relative Error 0.1632016897201538
Epoch 771 Relative Error 0.16328322887420654
Epoch 772 Relative Error 0.16336756944656372
Epoch 773 Relative Error 0.16292588412761688
Epoch 774 Relative Error 0.1630392074584961
Epoch 775 Relative Error 0.16292209923267365
Epoch 776 Relative Error 0.16300936043262482
Epoch 777 Relative Error 0.16314177215099335
Epoch 778 Relative Error 0.1627374291419983
Epoch 779 Relative Error 0.16260188817977905
Epoch 780 Relative Error 0.1624891459941864
Epoch 781 Relative Error 0.16245660185813904
Epoch 782 Relative Error 0.16236792504787445
Epoch 783 Relative Error 0.1622956246137619
Epoch 784 Relative Error 0.16225478053092957
Epoch 785 Relative Error 0.16223594546318054
Epoch 786 Relative Error 0.16237123310565948
Epoch 787 Relative Error 0.16208398342132568
Epoch 788 Relative Error 0.1619662493467331
Epoch 789 Relative Error 0.16200342774391174
Epoch 790 Relative Error 0.16198141872882843
Epoch 791 Relative Error 0.16177012026309967
Epoch 792 Relative Error 0.16185277700424194
Epoch 793 Relative Error 0.16169053316116333
Epoch 794 Relative Error 0.16182325780391693
Epoch 795 Relative Error 0.16277390718460083
Epoch 796 Relative Error 0.16290965676307678
Epoch 797 Relative Error 0.16159099340438843
Epoch 798 Relative Error 0.16138793528079987
Epoch 799 Relative Error 0.16152141988277435
Epoch 800 Relative Error 0.16136807203292847
Epoch 801 Relative Error 0.16121196746826172
Epoch 802 Relative Error 0.1611056923866272
Epoch 803 Relative Error 0.16105876863002777
Epoch 804 Relative Error 0.16101962327957153
Epoch 805 Relative Error 0.16119755804538727
Epoch 806 Relative Error 0.1610286384820938
Epoch 807 Relative Error 0.16076242923736572
Epoch 808 Relative Error 0.16088449954986572
Epoch 809 Relative Error 0.16076669096946716
Epoch 810 Relative Error 0.161245658993721
Epoch 811 Relative Error 0.1613236367702484
Epoch 812 Relative Error 0.16063910722732544
Epoch 813 Relative Error 0.16045492887496948
Epoch 814 Relative Error 0.16035111248493195
Epoch 815 Relative Error 0.16030384600162506
Epoch 816 Relative Error 0.16029146313667297
Epoch 817 Relative Error 0.1601523458957672
Epoch 818 Relative Error 0.16010329127311707
Epoch 819 Relative Error 0.16011764109134674
Epoch 820 Relative Error 0.1601979285478592
Epoch 821 Relative Error 0.15993021428585052
Epoch 822 Relative Error 0.15996359288692474
Epoch 823 Relative Error 0.16009551286697388
Epoch 824 Relative Error 0.15980388224124908
Epoch 825 Relative Error 0.15986084938049316
Epoch 826 Relative Error 0.15962283313274384
Epoch 827 Relative Error 0.15955467522144318
Epoch 828 Relative Error 0.16033679246902466
Epoch 829 Relative Error 0.16126929223537445
Epoch 830 Relative Error 0.16096994280815125
Epoch 831 Relative Error 0.15974873304367065
Epoch 832 Relative Error 0.1593428999185562
Epoch 833 Relative Error 0.1592700034379959
Epoch 834 Relative Error 0.1592475026845932
Epoch 835 Relative Error 0.1592821478843689
Epoch 836 Relative Error 0.15995271503925323
Epoch 837 Relative Error 0.15937471389770508
Epoch 838 Relative Error 0.15901727974414825
Epoch 839 Relative Error 0.158866286277771
Epoch 840 Relative Error 0.15878534317016602
Epoch 841 Relative Error 0.15890437364578247
Epoch 842 Relative Error 0.1587243676185608
Epoch 843 Relative Error 0.15917055308818817
Epoch 844 Relative Error 0.1585717499256134
Epoch 845 Relative Error 0.15876524150371552
Epoch 846 Relative Error 0.1585899144411087
Epoch 847 Relative Error 0.1583675891160965
Epoch 848 Relative Error 0.1583016812801361
Epoch 849 Relative Error 0.15827006101608276
Epoch 850 Relative Error 0.15881586074829102
Epoch 851 Relative Error 0.16020753979682922
Epoch 852 Relative Error 0.15873323380947113
Epoch 853 Relative Error 0.1580624282360077
Epoch 854 Relative Error 0.1584852635860443
Epoch 855 Relative Error 0.15790681540966034
Epoch 856 Relative Error 0.15803049504756927
Epoch 857 Relative Error 0.1579478234052658
Epoch 858 Relative Error 0.15772224962711334
Epoch 859 Relative Error 0.1576939970254898
Epoch 860 Relative Error 0.1576375514268875
Epoch 861 Relative Error 0.15787744522094727
Epoch 862 Relative Error 0.15839938819408417
Epoch 863 Relative Error 0.15797960758209229
Epoch 864 Relative Error 0.15738311409950256
Epoch 865 Relative Error 0.15754881501197815
Epoch 866 Relative Error 0.1574070304632187
Epoch 867 Relative Error 0.15734894573688507
Epoch 868 Relative Error 0.15729914605617523
Epoch 869 Relative Error 0.15742255747318268
Epoch 870 Relative Error 0.1571500301361084
Epoch 871 Relative Error 0.15697619318962097
Epoch 872 Relative Error 0.15727564692497253
Epoch 873 Relative Error 0.15690866112709045
Epoch 874 Relative Error 0.15687814354896545
Epoch 875 Relative Error 0.15681858360767365
Epoch 876 Relative Error 0.156911239027977
Epoch 877 Relative Error 0.1568063199520111
Epoch 878 Relative Error 0.1566745638847351
Epoch 879 Relative Error 0.15659773349761963
Epoch 880 Relative Error 0.15662039816379547
Epoch 881 Relative Error 0.15641236305236816
Epoch 882 Relative Error 0.15636380016803741
Epoch 883 Relative Error 0.15629443526268005
Epoch 884 Relative Error 0.1562788039445877
Epoch 885 Relative Error 0.1564452350139618
Epoch 886 Relative Error 0.15636679530143738
Epoch 887 Relative Error 0.15612651407718658
Epoch 888 Relative Error 0.1561805158853531
Epoch 889 Relative Error 0.15596386790275574
Epoch 890 Relative Error 0.15616966784000397
Epoch 891 Relative Error 0.15594390034675598
Epoch 892 Relative Error 0.15585805475711823
Epoch 893 Relative Error 0.1558585911989212
Epoch 894 Relative Error 0.1556735783815384
Epoch 895 Relative Error 0.15576200187206268
Epoch 896 Relative Error 0.15564703941345215
Epoch 897 Relative Error 0.15553052723407745
Epoch 898 Relative Error 0.15550707280635834
Epoch 899 Relative Error 0.15585629642009735
Epoch 900 Relative Error 0.1555090695619583
Epoch 901 Relative Error 0.15531952679157257
Epoch 902 Relative Error 0.1553487330675125
Epoch 903 Relative Error 0.1554492861032486
Epoch 904 Relative Error 0.15516182780265808
Epoch 905 Relative Error 0.1553826481103897
Epoch 906 Relative Error 0.15543244779109955
Epoch 907 Relative Error 0.1553124189376831
Epoch 908 Relative Error 0.15501154959201813
Epoch 909 Relative Error 0.15488436818122864
Epoch 910 Relative Error 0.15484675765037537
Epoch 911 Relative Error 0.15493614971637726
Epoch 912 Relative Error 0.15483641624450684
Epoch 913 Relative Error 0.15498803555965424
Epoch 914 Relative Error 0.15467356145381927
Epoch 915 Relative Error 0.15481068193912506
Epoch 916 Relative Error 0.15465986728668213
Epoch 917 Relative Error 0.15452924370765686
Epoch 918 Relative Error 0.15448909997940063
Epoch 919 Relative Error 0.154374897480011
Epoch 920 Relative Error 0.1542997658252716
Epoch 921 Relative Error 0.15427368879318237
Epoch 922 Relative Error 0.15432493388652802
Epoch 923 Relative Error 0.15424329042434692
Epoch 924 Relative Error 0.15407507121562958
Epoch 925 Relative Error 0.15423129498958588
Epoch 926 Relative Error 0.15560674667358398
Epoch 927 Relative Error 0.1544688194990158
Epoch 928 Relative Error 0.1540098637342453
Epoch 929 Relative Error 0.15395846962928772
Epoch 930 Relative Error 0.15390682220458984
Epoch 931 Relative Error 0.1537242978811264
Epoch 932 Relative Error 0.1540239304304123
Epoch 933 Relative Error 0.15434055030345917
Epoch 934 Relative Error 0.1539071500301361
Epoch 935 Relative Error 0.153609037399292
Epoch 936 Relative Error 0.154005765914917
Epoch 937 Relative Error 0.15369756519794464
Epoch 938 Relative Error 0.15343432128429413
Epoch 939 Relative Error 0.15332205593585968
Epoch 940 Relative Error 0.15362541377544403
Epoch 941 Relative Error 0.15356563031673431
Epoch 942 Relative Error 0.15392960608005524
Epoch 943 Relative Error 0.15359117090702057
Epoch 944 Relative Error 0.1531587839126587
Epoch 945 Relative Error 0.15349552035331726
Epoch 946 Relative Error 0.15317049622535706
Epoch 947 Relative Error 0.15413782000541687
Epoch 948 Relative Error 0.15391287207603455
Epoch 949 Relative Error 0.15315228700637817
Epoch 950 Relative Error 0.15289278328418732
Epoch 951 Relative Error 0.15298424661159515
Epoch 952 Relative Error 0.15268534421920776
Epoch 953 Relative Error 0.15272299945354462
Epoch 954 Relative Error 0.15271222591400146
Epoch 955 Relative Error 0.15249833464622498
Epoch 956 Relative Error 0.1527007818222046
Epoch 957 Relative Error 0.15249158442020416
Epoch 958 Relative Error 0.15270324051380157
Epoch 959 Relative Error 0.1529579609632492
Epoch 960 Relative Error 0.15222607553005219
Epoch 961 Relative Error 0.1523180902004242
Epoch 962 Relative Error 0.15224267542362213
Epoch 963 Relative Error 0.15205490589141846
Epoch 964 Relative Error 0.1523013859987259
Epoch 965 Relative Error 0.1527087539434433
Epoch 966 Relative Error 0.15303657948970795
Epoch 967 Relative Error 0.15202656388282776
Epoch 968 Relative Error 0.15230809152126312
Epoch 969 Relative Error 0.15180079638957977
Epoch 970 Relative Error 0.15237323939800262
Epoch 971 Relative Error 0.15272293984889984
Epoch 972 Relative Error 0.1524103879928589
Epoch 973 Relative Error 0.15155085921287537
Epoch 974 Relative Error 0.1514846831560135
Epoch 975 Relative Error 0.15152454376220703
Epoch 976 Relative Error 0.15167497098445892
Epoch 977 Relative Error 0.15172356367111206
Epoch 978 Relative Error 0.15193220973014832
Epoch 979 Relative Error 0.15155532956123352
Epoch 980 Relative Error 0.15127065777778625
Epoch 981 Relative Error 0.15115481615066528
Epoch 982 Relative Error 0.15112730860710144
Epoch 983 Relative Error 0.15125824511051178
Epoch 984 Relative Error 0.1514057219028473
Epoch 985 Relative Error 0.15133847296237946
Epoch 986 Relative Error 0.15096424520015717
Epoch 987 Relative Error 0.15096141397953033
Epoch 988 Relative Error 0.1508200466632843
Epoch 989 Relative Error 0.15150637924671173
Epoch 990 Relative Error 0.1517542004585266
Epoch 991 Relative Error 0.15096718072891235
Epoch 992 Relative Error 0.1506495326757431
Epoch 993 Relative Error 0.1507251113653183
Epoch 994 Relative Error 0.15055659413337708
Epoch 995 Relative Error 0.150711789727211
Epoch 996 Relative Error 0.1504528522491455
Epoch 997 Relative Error 0.15102215111255646
Epoch 998 Relative Error 0.15107093751430511
Epoch 999 Relative Error 0.1507418006658554
Epoch 1000 Relative Error 0.15054309368133545
RE (0, 8, 26, 0): 0.1504528522491455
Green's Function RE (0, 8, 26, 0): 0.09344913065433502
Bias Term RE (0, 8, 26, 0): 0.040239568799734116
Combination (0, 8, 26, 0, 0): 0.15023989975452423
Combination (0, 8, 26, 0, 1): 0.14940617978572845
Combination (0, 8, 26, 0, 2): 0.14914362132549286
Combination (0, 8, 26, 0, 3): 0.149057537317276
Combination (0, 8, 26, 0, 4): 0.14901499450206757

/home/gridsan/gstepaniants/.local/lib/python3.8/site-packages/torch/functional.py:478: UserWarning: torch.meshgrid: in an upcoming release, it will be required to pass the indexing argument. (Triggered internally at  ../aten/src/ATen/native/TensorShape.cpp:2895.)
  return _VF.meshgrid(tensors, **kwargs)  # type: ignore[attr-defined]
