[KeOps] Warning : Cuda libraries were not detected on the system ; using cpu only mode
1
Kernel: Matern3/2
Weight Mesh: 10
RKHS Kernel Width: 0.08
Lambda: 1e-06
Green's Function Learning Rate: 100
Bias Term Learning Rate: 100
Epoch 1 Relative Error 1556.4906005859375
First epoch had re = 1556.4906005859375 > 1
Green's Function Learning Rate: 50
Bias Term Learning Rate: 50
Epoch 1 Relative Error 1010.154052734375
First epoch had re = 1010.154052734375 > 1
Green's Function Learning Rate: 10
Bias Term Learning Rate: 10
Epoch 1 Relative Error 211.8348846435547
First epoch had re = 211.8348846435547 > 1
Green's Function Learning Rate: 5
Bias Term Learning Rate: 5
Epoch 1 Relative Error 107.69532012939453
First epoch had re = 107.69532012939453 > 1
Green's Function Learning Rate: 1
Bias Term Learning Rate: 1
Epoch 1 Relative Error 16.585803985595703
First epoch had re = 16.585803985595703 > 1
Green's Function Learning Rate: 0.5
Bias Term Learning Rate: 0.5
Epoch 1 Relative Error 7.611045837402344
First epoch had re = 7.611045837402344 > 1
Green's Function Learning Rate: 0.1
Bias Term Learning Rate: 0.1
Epoch 1 Relative Error 1.7638479471206665
First epoch had re = 1.7638479471206665 > 1
Green's Function Learning Rate: 0.05
Bias Term Learning Rate: 0.05
Epoch 1 Relative Error 0.9176213145256042
Epoch 2 Relative Error 0.6482234597206116
Epoch 3 Relative Error 0.39200448989868164
Epoch 4 Relative Error 0.2945771813392639
Epoch 5 Relative Error 0.30268678069114685
Epoch 6 Relative Error 0.23562858998775482
Epoch 7 Relative Error 0.160195454955101
Epoch 8 Relative Error 0.1368357390165329
Epoch 9 Relative Error 0.10911513864994049
Epoch 10 Relative Error 0.10001548379659653
Epoch 11 Relative Error 0.08610804378986359
Epoch 12 Relative Error 0.07626879215240479
Epoch 13 Relative Error 0.05814719572663307
Epoch 14 Relative Error 0.04251272231340408
Epoch 15 Relative Error 0.025665219873189926
Epoch 16 Relative Error 0.024062052369117737
Epoch 17 Relative Error 0.01859114319086075
Epoch 18 Relative Error 0.01683901809155941
Epoch 19 Relative Error 0.011118585243821144
Epoch 20 Relative Error 0.010504577308893204
Epoch 21 Relative Error 0.00808708369731903
Epoch 22 Relative Error 0.007773683872073889
Epoch 23 Relative Error 0.006601319182664156
Epoch 24 Relative Error 0.005374379921704531
Epoch 25 Relative Error 0.0042794011533260345
Epoch 26 Relative Error 0.0037363963201642036
Epoch 27 Relative Error 0.00300138839520514
Epoch 28 Relative Error 0.0022652577608823776
Epoch 29 Relative Error 0.0028474784921854734
Epoch 30 Relative Error 0.0014426138950511813
Epoch 31 Relative Error 0.0013740379363298416
Epoch 32 Relative Error 0.0014024806441739202
Epoch 33 Relative Error 0.0010382059263065457
Epoch 34 Relative Error 0.0007151912432163954
Epoch 35 Relative Error 0.0005042689153924584
Epoch 36 Relative Error 0.0006032166420482099
Epoch 37 Relative Error 0.00044660954154096544
Epoch 38 Relative Error 0.0003751193580683321
Epoch 39 Relative Error 0.00031805908656679094
Epoch 40 Relative Error 0.000210662474273704
Epoch 41 Relative Error 0.00015233222802635282
Epoch 42 Relative Error 0.00012899580178782344
Epoch 43 Relative Error 0.00011878801888087764
Epoch 44 Relative Error 8.356877515325323e-05
Epoch 45 Relative Error 6.457116251112893e-05
Epoch 46 Relative Error 5.1523911679396406e-05
Epoch 47 Relative Error 4.3317566451150924e-05
Epoch 48 Relative Error 3.098997694905847e-05
Epoch 49 Relative Error 2.4020284399739467e-05
Epoch 50 Relative Error 2.0777384634129703e-05
Epoch 51 Relative Error 1.8733058823272586e-05
Epoch 52 Relative Error 1.735625664878171e-05
Epoch 53 Relative Error 1.4962551176722627e-05
Epoch 54 Relative Error 1.1494124919408932e-05
Epoch 55 Relative Error 8.591085133957677e-06
Epoch 56 Relative Error 8.415796401095577e-06
Epoch 57 Relative Error 6.705549367325148e-06
Epoch 58 Relative Error 6.941407718841219e-06
Epoch 59 Relative Error 6.401788141374709e-06
Epoch 60 Relative Error 5.717252861359157e-06
Epoch 61 Relative Error 6.314059646683745e-06
Epoch 62 Relative Error 6.152341484266799e-06
Epoch 63 Relative Error 6.047554506949382e-06
Epoch 64 Relative Error 5.766646154370392e-06
Epoch 65 Relative Error 5.976946795271942e-06
Epoch 66 Relative Error 5.628382496070117e-06
Epoch 67 Relative Error 5.765123660239624e-06
Epoch 68 Relative Error 5.836224318045424e-06
Epoch 69 Relative Error 5.802306986879557e-06
Epoch 70 Relative Error 5.6858120842662174e-06
Epoch 71 Relative Error 5.493258413480362e-06
Epoch 72 Relative Error 5.7071201808867045e-06
Epoch 73 Relative Error 5.767546554125147e-06
Epoch 74 Relative Error 5.72353883399046e-06
Epoch 75 Relative Error 5.947107638348825e-06
Epoch 76 Relative Error 5.87425529374741e-06
Epoch 77 Relative Error 5.470168161991751e-06
Epoch 78 Relative Error 5.72411317989463e-06
Epoch 79 Relative Error 6.051222499081632e-06
Epoch 80 Relative Error 5.71407917959732e-06
Epoch 81 Relative Error 5.486921054398408e-06
Epoch 82 Relative Error 5.798870461148908e-06
Epoch 83 Relative Error 5.827679615322268e-06
Epoch 84 Relative Error 5.651122137351194e-06
Epoch 85 Relative Error 5.746165697928518e-06
Epoch 86 Relative Error 5.777908882009797e-06
Epoch 87 Relative Error 5.892633453186136e-06
Epoch 88 Relative Error 5.743409928982146e-06
Epoch 89 Relative Error 5.513116775546223e-06
Epoch 90 Relative Error 5.6289563872269355e-06
Epoch 91 Relative Error 5.663569027092308e-06
Epoch 92 Relative Error 5.487482667376753e-06
Epoch 93 Relative Error 5.7619208746473305e-06
Epoch 94 Relative Error 5.591492026724154e-06
Epoch 95 Relative Error 5.464214609673945e-06
Epoch 96 Relative Error 5.4991005526972e-06
Epoch 97 Relative Error 5.744692771258997e-06
Epoch 98 Relative Error 5.654909728036728e-06
Epoch 99 Relative Error 5.744051577494247e-06
Epoch 100 Relative Error 5.508425147127127e-06
Epoch 101 Relative Error 5.689474619430257e-06
Epoch 102 Relative Error 5.890592092328006e-06
Epoch 103 Relative Error 6.284541541390354e-06
Epoch 104 Relative Error 6.054182904335903e-06
Epoch 105 Relative Error 6.133259375928901e-06
Epoch 106 Relative Error 6.26300925432588e-06
Epoch 107 Relative Error 5.800834060210036e-06
Epoch 108 Relative Error 5.9242124734737445e-06
Epoch 109 Relative Error 6.008221589581808e-06
Epoch 110 Relative Error 5.820515980303753e-06
Epoch 111 Relative Error 5.816187695018016e-06
Epoch 112 Relative Error 6.105699867475778e-06
Epoch 113 Relative Error 5.889608473808039e-06
Epoch 114 Relative Error 5.703057468053885e-06
Epoch 115 Relative Error 5.971093742118683e-06
Epoch 116 Relative Error 6.04872320764116e-06
Epoch 117 Relative Error 5.6796993703756016e-06
Epoch 118 Relative Error 6.072994892747374e-06
Epoch 119 Relative Error 6.274927727645263e-06
Epoch 120 Relative Error 6.515953373309458e-06
Epoch 121 Relative Error 6.506943918793695e-06
Epoch 122 Relative Error 6.462756573455408e-06
Epoch 123 Relative Error 5.902244993194472e-06
Epoch 124 Relative Error 6.129247594799381e-06
Epoch 125 Relative Error 5.951605999143794e-06
Epoch 126 Relative Error 5.4262591220322065e-06
Epoch 127 Relative Error 6.306806881184457e-06
Epoch 128 Relative Error 6.592216777789872e-06
Epoch 129 Relative Error 5.979873094474897e-06
Epoch 130 Relative Error 6.077344551158603e-06
Epoch 131 Relative Error 5.884148322365945e-06
Epoch 132 Relative Error 5.771964424639009e-06
Epoch 133 Relative Error 5.568152118939906e-06
Epoch 134 Relative Error 6.21976960246684e-06
Epoch 135 Relative Error 6.296195806498872e-06
Epoch 136 Relative Error 6.138858680060366e-06
Epoch 137 Relative Error 5.731080818804912e-06
Epoch 138 Relative Error 6.51658046990633e-06
Epoch 139 Relative Error 6.077096259105019e-06
Epoch 140 Relative Error 6.730754648742732e-06
Epoch 141 Relative Error 6.66123833070742e-06
Epoch 142 Relative Error 7.257109700731235e-06
Epoch 143 Relative Error 5.801047791464953e-06
Epoch 144 Relative Error 5.881487140868558e-06
Epoch 145 Relative Error 6.216781912371516e-06
Epoch 146 Relative Error 5.9579251683317125e-06
Epoch 147 Relative Error 5.711292033083737e-06
Epoch 148 Relative Error 5.680463800672442e-06
Epoch 149 Relative Error 5.8905393416353036e-06
Epoch 150 Relative Error 6.135399416962173e-06
Epoch 151 Relative Error 6.882467914692825e-06
Epoch 152 Relative Error 5.85012412557262e-06
Epoch 153 Relative Error 5.845404302817769e-06
Epoch 154 Relative Error 6.90919750923058e-06
Epoch 155 Relative Error 6.661266070295824e-06
Epoch 156 Relative Error 5.364846856537042e-06
Epoch 157 Relative Error 6.67039012114401e-06
Epoch 158 Relative Error 6.456069513660623e-06
Epoch 159 Relative Error 5.842915470566368e-06
Epoch 160 Relative Error 5.867741947440663e-06
Epoch 161 Relative Error 6.069306891731685e-06
Epoch 162 Relative Error 5.949987098574638e-06
Epoch 163 Relative Error 6.282101367105497e-06
Epoch 164 Relative Error 5.56493750991649e-06
Epoch 165 Relative Error 6.27109920969815e-06
Epoch 166 Relative Error 5.415946361608803e-06
Epoch 167 Relative Error 6.04821525485022e-06
Epoch 168 Relative Error 6.3382753978658e-06
Epoch 169 Relative Error 5.919227987760678e-06
Epoch 170 Relative Error 5.874896942259511e-06
Epoch 171 Relative Error 6.531727649417007e-06
Epoch 172 Relative Error 5.908676030230708e-06
Epoch 173 Relative Error 5.9872400015592575e-06
Epoch 174 Relative Error 5.971347945887828e-06
Epoch 175 Relative Error 5.776430953119416e-06
Epoch 176 Relative Error 5.721566139982315e-06
Epoch 177 Relative Error 6.245800250326283e-06
Epoch 178 Relative Error 5.8114383136853576e-06
Epoch 179 Relative Error 5.9787043937831186e-06
Epoch 180 Relative Error 6.146792657091282e-06
Epoch 181 Relative Error 6.281093192228582e-06
Epoch 182 Relative Error 5.786338533653179e-06
Epoch 183 Relative Error 5.790992418042151e-06
Epoch 184 Relative Error 6.8791723606409505e-06
Epoch 185 Relative Error 6.22769493929809e-06
Epoch 186 Relative Error 8.53683286550222e-06
Epoch 187 Relative Error 6.286297775659477e-06
Epoch 188 Relative Error 6.114692496339558e-06
Epoch 189 Relative Error 6.687243057967862e-06
Epoch 190 Relative Error 6.412911716324743e-06
Epoch 191 Relative Error 6.947780093469191e-06
Epoch 192 Relative Error 6.440715424105292e-06
Epoch 193 Relative Error 5.760104158980539e-06
Epoch 194 Relative Error 6.071671577956295e-06
Epoch 195 Relative Error 6.164652859297348e-06
Epoch 196 Relative Error 5.566568233916769e-06
Epoch 197 Relative Error 6.608187050005654e-06
Epoch 198 Relative Error 5.903309556742897e-06
Epoch 199 Relative Error 6.292878424574155e-06
Epoch 200 Relative Error 6.982146715017734e-06
Epoch 201 Relative Error 6.645583653153153e-06
Epoch 202 Relative Error 6.0512493291753344e-06
Epoch 203 Relative Error 6.000469056743896e-06
Epoch 204 Relative Error 6.851726539025549e-06
Epoch 205 Relative Error 6.678192221443169e-06
Epoch 206 Relative Error 6.759925327060046e-06
Epoch 207 Relative Error 7.006287432886893e-06
Epoch 208 Relative Error 6.7668070187210105e-06
Epoch 209 Relative Error 6.984737410675734e-06
Epoch 210 Relative Error 6.850953923276393e-06
Epoch 211 Relative Error 6.771603693778161e-06
Epoch 212 Relative Error 6.09167591392179e-06
Epoch 213 Relative Error 6.096161087043583e-06
Epoch 214 Relative Error 7.795337296556681e-06
Epoch 215 Relative Error 6.2055978560238145e-06
Epoch 216 Relative Error 7.68098561820807e-06
Epoch 217 Relative Error 7.194468253146624e-06
Epoch 218 Relative Error 8.280160727736074e-06
Epoch 219 Relative Error 6.645678695349488e-06
Epoch 220 Relative Error 6.6732577579387e-06
Epoch 221 Relative Error 6.912451681273524e-06
Epoch 222 Relative Error 6.174161626404384e-06
Epoch 223 Relative Error 6.520933766296366e-06
Epoch 224 Relative Error 6.452597517636605e-06
Epoch 225 Relative Error 5.7653896874398924e-06
Epoch 226 Relative Error 6.538889920193469e-06
Epoch 227 Relative Error 6.275063697103178e-06
Epoch 228 Relative Error 6.177445811772486e-06
Epoch 229 Relative Error 6.6521752160042524e-06
Epoch 230 Relative Error 6.979319095989922e-06
Epoch 231 Relative Error 6.5614826780802105e-06
Epoch 232 Relative Error 5.494517154147616e-06
Epoch 233 Relative Error 7.560612175439019e-06
Epoch 234 Relative Error 7.01141561876284e-06
Epoch 235 Relative Error 6.062580723664723e-06
Epoch 236 Relative Error 7.3271194196422584e-06
Epoch 237 Relative Error 5.9195499488851056e-06
Epoch 238 Relative Error 5.877964667888591e-06
Epoch 239 Relative Error 5.9208878155914135e-06
Epoch 240 Relative Error 6.451417903008405e-06
Epoch 241 Relative Error 6.674878022749908e-06
Epoch 242 Relative Error 6.306338036665693e-06
Epoch 243 Relative Error 5.914126177231083e-06
Epoch 244 Relative Error 5.700984274881193e-06
Epoch 245 Relative Error 5.777636943093967e-06
Epoch 246 Relative Error 6.545396445289953e-06
Epoch 247 Relative Error 5.986591531836893e-06
Epoch 248 Relative Error 6.405881322280038e-06
Epoch 249 Relative Error 6.210922492755344e-06
Epoch 250 Relative Error 5.408257493400015e-06
Epoch 251 Relative Error 6.0567886066564824e-06
Epoch 252 Relative Error 5.7119982557196636e-06
Epoch 253 Relative Error 5.629221050185151e-06
Epoch 254 Relative Error 6.34067100691027e-06
Epoch 255 Relative Error 6.519680937344674e-06
Epoch 256 Relative Error 6.014602149662096e-06
Epoch 257 Relative Error 6.864154784125276e-06
Epoch 258 Relative Error 6.915429821674479e-06
Epoch 259 Relative Error 6.888535153848352e-06
Epoch 260 Relative Error 6.670500624750275e-06
Epoch 261 Relative Error 6.002080226608086e-06
Epoch 262 Relative Error 6.5395292949688155e-06
Epoch 263 Relative Error 6.62720140098827e-06
Epoch 264 Relative Error 7.220746283564949e-06
Epoch 265 Relative Error 8.008359145605937e-06
Epoch 266 Relative Error 7.045696293062065e-06
Epoch 267 Relative Error 6.154200036689872e-06
Epoch 268 Relative Error 8.08812092145672e-06
Epoch 269 Relative Error 8.732845344638918e-06
Epoch 270 Relative Error 8.39900258142734e-06
Epoch 271 Relative Error 6.240730726858601e-06
Epoch 272 Relative Error 7.003835889918264e-06
Epoch 273 Relative Error 8.488818821206223e-06
Epoch 274 Relative Error 7.19081890565576e-06
Epoch 275 Relative Error 7.128448942239629e-06
Epoch 276 Relative Error 7.9998762885225e-06
Epoch 277 Relative Error 7.4177874012093525e-06
Epoch 278 Relative Error 6.416499218175886e-06
Epoch 279 Relative Error 8.809712198853958e-06
Epoch 280 Relative Error 6.849551482446259e-06
Epoch 281 Relative Error 7.884415936132427e-06
Epoch 282 Relative Error 6.5072267716459464e-06
Epoch 283 Relative Error 7.58152236812748e-06
Epoch 284 Relative Error 6.90229262545472e-06
Epoch 285 Relative Error 7.855860530980863e-06
Epoch 286 Relative Error 6.7416899582894985e-06
Epoch 287 Relative Error 5.7455949900031555e-06
Epoch 288 Relative Error 5.599159521807451e-06
Epoch 289 Relative Error 5.958557267149445e-06
Epoch 290 Relative Error 6.059573934180662e-06
Epoch 291 Relative Error 5.674326530424878e-06
Epoch 292 Relative Error 5.97266216573189e-06
Epoch 293 Relative Error 6.171982931846287e-06
Epoch 294 Relative Error 5.812782092107227e-06
Epoch 295 Relative Error 7.105761596903903e-06
Epoch 296 Relative Error 8.186380910046864e-06
Epoch 297 Relative Error 7.99170447862707e-06
Epoch 298 Relative Error 6.39055406281841e-06
Epoch 299 Relative Error 7.148600616346812e-06
Epoch 300 Relative Error 7.077993359416723e-06
Epoch 301 Relative Error 6.523895081045339e-06
Epoch 302 Relative Error 6.355449841066729e-06
Epoch 303 Relative Error 6.517954261653358e-06
Epoch 304 Relative Error 6.72211490382324e-06
Epoch 305 Relative Error 6.865740033390466e-06
Epoch 306 Relative Error 5.970001893729204e-06
Epoch 307 Relative Error 6.021626631991239e-06
Epoch 308 Relative Error 6.944253073015716e-06
Epoch 309 Relative Error 6.164801106933737e-06
Epoch 310 Relative Error 5.839168352395063e-06
Epoch 311 Relative Error 5.725130904465914e-06
Epoch 312 Relative Error 6.8436811488936655e-06
Epoch 313 Relative Error 6.913392553542508e-06
Epoch 314 Relative Error 6.5187377913389355e-06
Epoch 315 Relative Error 6.937003490747884e-06
Epoch 316 Relative Error 7.323218596866354e-06
Epoch 317 Relative Error 7.291142082976876e-06
Epoch 318 Relative Error 5.775770659965929e-06
Epoch 319 Relative Error 7.2000261752691586e-06
Epoch 320 Relative Error 6.185063284647185e-06
Epoch 321 Relative Error 7.489916242775507e-06
Epoch 322 Relative Error 6.814553216827335e-06
Epoch 323 Relative Error 6.863379894639365e-06
Epoch 324 Relative Error 6.851791113149375e-06
Epoch 325 Relative Error 7.530857146775816e-06
Epoch 326 Relative Error 6.596950242965249e-06
Epoch 327 Relative Error 7.01791532264906e-06
Epoch 328 Relative Error 5.9304848036845215e-06
Epoch 329 Relative Error 6.1505488702096045e-06
Epoch 330 Relative Error 6.5422450461483095e-06
Epoch 331 Relative Error 6.415038569684839e-06
Epoch 332 Relative Error 6.4497144194319844e-06
Epoch 333 Relative Error 5.989937562844716e-06
Epoch 334 Relative Error 5.649944796459749e-06
Epoch 335 Relative Error 6.970295544306282e-06
Epoch 336 Relative Error 8.256696673925035e-06
Epoch 337 Relative Error 6.553181719937129e-06
Epoch 338 Relative Error 6.961352482903749e-06
Epoch 339 Relative Error 6.394486717908876e-06
Epoch 340 Relative Error 6.514449069072725e-06
Epoch 341 Relative Error 6.706752628815593e-06
Epoch 342 Relative Error 5.972311555524357e-06
Epoch 343 Relative Error 6.616747214138741e-06
Epoch 344 Relative Error 6.588601991097676e-06
Epoch 345 Relative Error 6.352488071570406e-06
Epoch 346 Relative Error 6.077549642213853e-06
Epoch 347 Relative Error 6.628237315453589e-06
Epoch 348 Relative Error 6.611767275899183e-06
Epoch 349 Relative Error 6.478094292106107e-06
Epoch 350 Relative Error 5.8571677072905e-06
Epoch 351 Relative Error 6.184833637234988e-06
Epoch 352 Relative Error 5.839260666107293e-06
Epoch 353 Relative Error 7.6085370892542414e-06
Epoch 354 Relative Error 6.403638963092817e-06
Epoch 355 Relative Error 6.139637207525084e-06
Epoch 356 Relative Error 5.714719463867368e-06
Epoch 357 Relative Error 5.658254394802498e-06
Epoch 358 Relative Error 5.773736120318063e-06
Epoch 359 Relative Error 6.179712727316655e-06
Epoch 360 Relative Error 6.566291176568484e-06
Epoch 361 Relative Error 6.34408752375748e-06
Epoch 362 Relative Error 7.015413757471833e-06
Epoch 363 Relative Error 5.76345428271452e-06
Epoch 364 Relative Error 6.74155717206304e-06
Epoch 365 Relative Error 6.6473685365053825e-06
Epoch 366 Relative Error 6.981253591220593e-06
Epoch 367 Relative Error 8.665197128721047e-06
Epoch 368 Relative Error 8.171478839358315e-06
Epoch 369 Relative Error 7.330837888730457e-06
Epoch 370 Relative Error 6.757713890692685e-06
Epoch 371 Relative Error 6.65327161186724e-06
Epoch 372 Relative Error 6.6560924096847884e-06
Epoch 373 Relative Error 7.105245458660647e-06
Epoch 374 Relative Error 7.02136276231613e-06
Epoch 375 Relative Error 6.575191036972683e-06
Epoch 376 Relative Error 6.546983968291897e-06
Epoch 377 Relative Error 6.311356628430076e-06
Epoch 378 Relative Error 6.733725058438722e-06
Epoch 379 Relative Error 6.763670626241947e-06
Epoch 380 Relative Error 6.260520876821829e-06
Epoch 381 Relative Error 6.170213509903988e-06
Epoch 382 Relative Error 5.613858320430154e-06
Epoch 383 Relative Error 5.749805495725013e-06
Epoch 384 Relative Error 6.302749625319848e-06
Epoch 385 Relative Error 6.175270300445845e-06
Epoch 386 Relative Error 6.246043085411657e-06
Epoch 387 Relative Error 6.165887043607654e-06
Epoch 388 Relative Error 6.451701665355358e-06
Epoch 389 Relative Error 5.952477295068093e-06
Epoch 390 Relative Error 7.736738552921452e-06
Epoch 391 Relative Error 7.486225968023064e-06
Epoch 392 Relative Error 9.101509931497276e-06
Epoch 393 Relative Error 6.751909040758619e-06
Epoch 394 Relative Error 6.943696462258231e-06
Epoch 395 Relative Error 7.075034318404505e-06
Epoch 396 Relative Error 7.002142865530914e-06
Epoch 397 Relative Error 8.358776540262625e-06
Epoch 398 Relative Error 8.61635180626763e-06
Epoch 399 Relative Error 7.685804121138062e-06
Epoch 400 Relative Error 7.156918400141876e-06
Epoch 401 Relative Error 6.909596322657308e-06
Epoch 402 Relative Error 7.101892606442561e-06
Epoch 403 Relative Error 6.37538505543489e-06
Epoch 404 Relative Error 6.679793841612991e-06
Epoch 405 Relative Error 7.56937470214325e-06
Epoch 406 Relative Error 7.656642083020415e-06
Epoch 407 Relative Error 7.983590876392554e-06
Epoch 408 Relative Error 1.0334549187973607e-05
Epoch 409 Relative Error 8.106282621156424e-06
Epoch 410 Relative Error 6.456208211602643e-06
Epoch 411 Relative Error 6.771851076337043e-06
Epoch 412 Relative Error 8.023073860385921e-06
Epoch 413 Relative Error 7.716487743891776e-06
Epoch 414 Relative Error 6.561219834111398e-06
Epoch 415 Relative Error 8.033615813474171e-06
Epoch 416 Relative Error 7.766134331177454e-06
Epoch 417 Relative Error 7.68049903854262e-06
Epoch 418 Relative Error 7.655421541130636e-06
Epoch 419 Relative Error 8.109480404527858e-06
Epoch 420 Relative Error 6.576563009730307e-06
Epoch 421 Relative Error 7.4186646088492125e-06
Epoch 422 Relative Error 7.248465863085585e-06
Epoch 423 Relative Error 8.168451131496113e-06
Epoch 424 Relative Error 1.0765793376776855e-05
Epoch 425 Relative Error 9.826251698541455e-06
Epoch 426 Relative Error 1.0216816917818505e-05
Epoch 427 Relative Error 8.937752681958955e-06
Epoch 428 Relative Error 7.4459608185861725e-06
Epoch 429 Relative Error 9.314856470155064e-06
Epoch 430 Relative Error 8.132040420605335e-06
Epoch 431 Relative Error 7.692821782256942e-06
Epoch 432 Relative Error 7.362971700786147e-06
Epoch 433 Relative Error 7.266089141921839e-06
Epoch 434 Relative Error 6.382057108567096e-06
Epoch 435 Relative Error 7.071922482282389e-06
Epoch 436 Relative Error 6.574470717168879e-06
Epoch 437 Relative Error 7.221769465104444e-06
Epoch 438 Relative Error 6.621870397793828e-06
Epoch 439 Relative Error 5.896938546356978e-06
Epoch 440 Relative Error 6.464452781074215e-06
Epoch 441 Relative Error 5.890567990718409e-06
Epoch 442 Relative Error 6.322178251139121e-06
Epoch 443 Relative Error 7.010181889199885e-06
Epoch 444 Relative Error 6.7606347329274286e-06
Epoch 445 Relative Error 6.619324267376214e-06
Epoch 446 Relative Error 6.433657290472183e-06
Epoch 447 Relative Error 6.472226232290268e-06
Epoch 448 Relative Error 5.937761670793407e-06
Epoch 449 Relative Error 5.78447179577779e-06
Epoch 450 Relative Error 6.147756721475162e-06
Epoch 451 Relative Error 6.858022061351221e-06
Epoch 452 Relative Error 6.406674856407335e-06
Epoch 453 Relative Error 7.237967110995669e-06
Epoch 454 Relative Error 6.30353042652132e-06
Epoch 455 Relative Error 8.485651051159948e-06
Epoch 456 Relative Error 9.553601557854563e-06
Epoch 457 Relative Error 9.516633326711599e-06
Epoch 458 Relative Error 6.7756509452010505e-06
Epoch 459 Relative Error 6.3124757616606075e-06
Epoch 460 Relative Error 6.507356374640949e-06
Epoch 461 Relative Error 5.890790816920344e-06
Epoch 462 Relative Error 6.845065399829764e-06
Epoch 463 Relative Error 6.75801402394427e-06
Epoch 464 Relative Error 7.340077900153119e-06
Epoch 465 Relative Error 6.389983354893047e-06
Epoch 466 Relative Error 6.52520884614205e-06
Epoch 467 Relative Error 6.037918865331449e-06
Epoch 468 Relative Error 7.832012670405675e-06
Epoch 469 Relative Error 7.890153938205913e-06
Epoch 470 Relative Error 6.703810868202709e-06
Epoch 471 Relative Error 7.89594923844561e-06
Epoch 472 Relative Error 7.585959338030079e-06
Epoch 473 Relative Error 8.237666406785138e-06
Epoch 474 Relative Error 6.62660158923245e-06
Epoch 475 Relative Error 9.545919056108687e-06
Epoch 476 Relative Error 6.932229553058278e-06
Epoch 477 Relative Error 8.810606232145801e-06
Epoch 478 Relative Error 7.885126251494512e-06
Epoch 479 Relative Error 8.12892358226236e-06
Epoch 480 Relative Error 7.750367331027519e-06
Epoch 481 Relative Error 8.157300726452377e-06
Epoch 482 Relative Error 8.394649739784654e-06
Epoch 483 Relative Error 7.588276275782846e-06
Epoch 484 Relative Error 7.064835244818823e-06
Epoch 485 Relative Error 7.68466907175025e-06
Epoch 486 Relative Error 8.332096513186116e-06
Epoch 487 Relative Error 9.07195862964727e-06
Epoch 488 Relative Error 1.036833054968156e-05
Epoch 489 Relative Error 1.0096827281813603e-05
Epoch 490 Relative Error 9.37001095735468e-06
Epoch 491 Relative Error 1.1324577826599125e-05
Epoch 492 Relative Error 9.856883480097167e-06
Epoch 493 Relative Error 9.499886800767854e-06
Epoch 494 Relative Error 8.025775969144888e-06
Epoch 495 Relative Error 6.709997251164168e-06
Epoch 496 Relative Error 7.182823082985124e-06
Epoch 497 Relative Error 8.887403964763507e-06
Epoch 498 Relative Error 7.343534434767207e-06
Epoch 499 Relative Error 7.395649390673498e-06
Epoch 500 Relative Error 6.378414582286496e-06
Epoch 501 Relative Error 7.081440344336443e-06
Epoch 502 Relative Error 6.7563091761257965e-06
Epoch 503 Relative Error 6.494318768091034e-06
Epoch 504 Relative Error 6.005249815643765e-06
Epoch 505 Relative Error 6.577094609383494e-06
Epoch 506 Relative Error 6.578767170140054e-06
Epoch 507 Relative Error 5.968934146949323e-06
Epoch 508 Relative Error 6.634823421336478e-06
Epoch 509 Relative Error 6.1753457885060925e-06
Epoch 510 Relative Error 6.227793164725881e-06
Epoch 511 Relative Error 6.478234809037531e-06
Epoch 512 Relative Error 6.390586804627674e-06
Epoch 513 Relative Error 6.209367711562663e-06
Epoch 514 Relative Error 5.872533620276954e-06
Epoch 515 Relative Error 5.571321707975585e-06
Epoch 516 Relative Error 6.129107532615308e-06
Epoch 517 Relative Error 8.443803380941972e-06
Epoch 518 Relative Error 7.862689017201774e-06
Epoch 519 Relative Error 7.903538062237203e-06
Epoch 520 Relative Error 7.06681885276339e-06
Epoch 521 Relative Error 7.997853572305758e-06
Epoch 522 Relative Error 9.114033673540689e-06
Epoch 523 Relative Error 8.273102139355615e-06
Epoch 524 Relative Error 8.277547749457881e-06
Epoch 525 Relative Error 8.550460734113585e-06
Epoch 526 Relative Error 8.300588888232596e-06
Epoch 527 Relative Error 7.136874046409503e-06
Epoch 528 Relative Error 7.421442205668427e-06
Epoch 529 Relative Error 8.299306500703096e-06
Epoch 530 Relative Error 6.882229172333609e-06
Epoch 531 Relative Error 7.065124009386636e-06
Epoch 532 Relative Error 7.127916887839092e-06
Epoch 533 Relative Error 7.805067070876248e-06
Epoch 534 Relative Error 7.106194516381947e-06
Epoch 535 Relative Error 6.589794793399051e-06
Epoch 536 Relative Error 6.266587661230005e-06
Epoch 537 Relative Error 6.894883881614078e-06
Epoch 538 Relative Error 9.660661817179061e-06
Epoch 539 Relative Error 8.24301787361037e-06
Epoch 540 Relative Error 9.489689546171576e-06
Epoch 541 Relative Error 7.81280868977774e-06
Epoch 542 Relative Error 8.392956260649953e-06
Epoch 543 Relative Error 8.900883585738484e-06
Epoch 544 Relative Error 7.819280654075556e-06
Epoch 545 Relative Error 9.407466677657794e-06
Epoch 546 Relative Error 8.790269930614159e-06
Epoch 547 Relative Error 7.508931048505474e-06
Epoch 548 Relative Error 1.0562834177108016e-05
Epoch 549 Relative Error 7.973788342496846e-06
Epoch 550 Relative Error 7.793311851855833e-06
Epoch 551 Relative Error 7.235246812342666e-06
Epoch 552 Relative Error 7.356745754805161e-06
Epoch 553 Relative Error 8.386563422391191e-06
Epoch 554 Relative Error 7.108005320333177e-06
Epoch 555 Relative Error 6.6524435169412754e-06
Epoch 556 Relative Error 5.900965788896428e-06
Epoch 557 Relative Error 6.372658390318975e-06
Epoch 558 Relative Error 6.5960603023995645e-06
Epoch 559 Relative Error 7.787896720401477e-06
Epoch 560 Relative Error 9.460801265959162e-06
Epoch 561 Relative Error 7.421803275065031e-06
Epoch 562 Relative Error 9.177239007840399e-06
Epoch 563 Relative Error 9.193535333906766e-06
Epoch 564 Relative Error 8.912425073503982e-06
Epoch 565 Relative Error 1.238951244886266e-05
Epoch 566 Relative Error 1.2000909009657335e-05
Epoch 567 Relative Error 8.834868822304998e-06
Epoch 568 Relative Error 1.7082958947867155e-05
Epoch 569 Relative Error 1.0132425813935697e-05
Epoch 570 Relative Error 9.31078648136463e-06
Epoch 571 Relative Error 7.565996838820865e-06
Epoch 572 Relative Error 7.206918780866545e-06
Epoch 573 Relative Error 7.1593285611015745e-06
Epoch 574 Relative Error 7.268868557730457e-06
Epoch 575 Relative Error 9.065168342203833e-06
Epoch 576 Relative Error 8.441706086159684e-06
Epoch 577 Relative Error 1.0358510735386517e-05
Epoch 578 Relative Error 6.323748038994381e-06
Epoch 579 Relative Error 7.496714260923909e-06
Epoch 580 Relative Error 8.157525371643715e-06
Epoch 581 Relative Error 7.609733529534424e-06
Epoch 582 Relative Error 7.145840299926931e-06
Epoch 583 Relative Error 7.492227268812712e-06
Epoch 584 Relative Error 7.3702162808331195e-06
Epoch 585 Relative Error 6.891872544656508e-06
Epoch 586 Relative Error 5.809677986690076e-06
Epoch 587 Relative Error 6.973002655286109e-06
Epoch 588 Relative Error 6.730882887495682e-06
Epoch 589 Relative Error 5.970620804873761e-06
Epoch 590 Relative Error 6.125798336142907e-06
Epoch 591 Relative Error 6.382936589943711e-06
Epoch 592 Relative Error 5.9965364016534295e-06
Epoch 593 Relative Error 5.738518666476011e-06
Epoch 594 Relative Error 7.317091785807861e-06
Epoch 595 Relative Error 6.071719326428138e-06
Epoch 596 Relative Error 6.050840966054238e-06
Epoch 597 Relative Error 6.150827175588347e-06
Epoch 598 Relative Error 7.138758974178927e-06
Epoch 599 Relative Error 5.351709660317283e-06
Epoch 600 Relative Error 5.99630584474653e-06
Epoch 601 Relative Error 6.0948950704187155e-06
Epoch 602 Relative Error 6.822766408731695e-06
Epoch 603 Relative Error 6.820214821345871e-06
Epoch 604 Relative Error 6.245149961614516e-06
Epoch 605 Relative Error 7.150342298700707e-06
Epoch 606 Relative Error 6.005559043842368e-06
Epoch 607 Relative Error 5.9192657317908015e-06
Epoch 608 Relative Error 6.830470283603063e-06
Epoch 609 Relative Error 5.576962848863332e-06
Epoch 610 Relative Error 5.826079359394498e-06
Epoch 611 Relative Error 6.706517524435185e-06
Epoch 612 Relative Error 7.304041901079472e-06
Epoch 613 Relative Error 7.980478585523088e-06
Epoch 614 Relative Error 7.801496394677088e-06
Epoch 615 Relative Error 7.64690776122734e-06
Epoch 616 Relative Error 7.284133062057663e-06
Epoch 617 Relative Error 8.150244866556022e-06
Epoch 618 Relative Error 7.636638656549621e-06
Epoch 619 Relative Error 7.893024303484708e-06
Epoch 620 Relative Error 8.305176379508339e-06
Epoch 621 Relative Error 8.163616257661488e-06
Epoch 622 Relative Error 9.519935701973736e-06
Epoch 623 Relative Error 9.574799150868785e-06
Epoch 624 Relative Error 6.74278362566838e-06
Epoch 625 Relative Error 7.5611537795339245e-06
Epoch 626 Relative Error 6.379842488968279e-06
Epoch 627 Relative Error 7.283897048182553e-06
Epoch 628 Relative Error 7.72136354498798e-06
Epoch 629 Relative Error 7.366292720689671e-06
Epoch 630 Relative Error 6.7555524765339214e-06
Epoch 631 Relative Error 7.046980954328319e-06
Epoch 632 Relative Error 8.949914445111062e-06
Epoch 633 Relative Error 8.704607353138272e-06
Epoch 634 Relative Error 7.0758933361503296e-06
Epoch 635 Relative Error 8.952464668254834e-06
Epoch 636 Relative Error 7.957152774906717e-06
Epoch 637 Relative Error 1.2193807378935162e-05
Epoch 638 Relative Error 1.3040626981819514e-05
Epoch 639 Relative Error 1.3499577107722871e-05
Epoch 640 Relative Error 1.166419042419875e-05
Epoch 641 Relative Error 1.675768544373568e-05
Epoch 642 Relative Error 1.4546063539455645e-05
Epoch 643 Relative Error 2.7440326448413543e-05
Epoch 644 Relative Error 2.980001772812102e-05
Epoch 645 Relative Error 2.6382522264611907e-05
Epoch 646 Relative Error 2.834904080373235e-05
Epoch 647 Relative Error 3.555063085514121e-05
Epoch 648 Relative Error 3.406991163501516e-05
Epoch 649 Relative Error 2.3548989702248946e-05
Epoch 650 Relative Error 2.218310874013696e-05
Epoch 651 Relative Error 1.9048258764087223e-05
Epoch 652 Relative Error 1.7536676750751212e-05
Epoch 653 Relative Error 1.887694998004008e-05
Epoch 654 Relative Error 1.424625406798441e-05
Epoch 655 Relative Error 1.247039563168073e-05
Epoch 656 Relative Error 1.4258859664550982e-05
Epoch 657 Relative Error 2.1407931853900664e-05
Epoch 658 Relative Error 2.5904895665007643e-05
Epoch 659 Relative Error 2.053863317996729e-05
Epoch 660 Relative Error 2.7570442398427986e-05
Epoch 661 Relative Error 1.7529577235109173e-05
Epoch 662 Relative Error 1.498006076872116e-05
Epoch 663 Relative Error 9.03991713130381e-06
Epoch 664 Relative Error 1.047084151650779e-05
Epoch 665 Relative Error 1.3047379070485476e-05
Epoch 666 Relative Error 8.105778761091642e-06
Epoch 667 Relative Error 8.26392715680413e-06
Epoch 668 Relative Error 6.871849109302275e-06
Epoch 669 Relative Error 1.1575692951737437e-05
Epoch 670 Relative Error 9.55875566432951e-06
Epoch 671 Relative Error 6.598692834813846e-06
Epoch 672 Relative Error 1.0760364602901973e-05
Epoch 673 Relative Error 9.555726137477905e-06
Epoch 674 Relative Error 1.2642696674447507e-05
Epoch 675 Relative Error 1.370694735669531e-05
Epoch 676 Relative Error 1.4248184015741572e-05
Epoch 677 Relative Error 1.7026513887685724e-05
Epoch 678 Relative Error 2.1182615455472842e-05
Epoch 679 Relative Error 2.6685127522796392e-05
Epoch 680 Relative Error 1.992521356442012e-05
Epoch 681 Relative Error 1.6351439626305364e-05
Epoch 682 Relative Error 2.0586050595738925e-05
Epoch 683 Relative Error 1.5996774891391397e-05
Epoch 684 Relative Error 1.328498728980776e-05
Epoch 685 Relative Error 2.1526118871406652e-05
Epoch 686 Relative Error 1.628403515496757e-05
Epoch 687 Relative Error 1.182459163828753e-05
Epoch 688 Relative Error 9.709327969176229e-06
Epoch 689 Relative Error 9.086097634281032e-06
Epoch 690 Relative Error 1.238064214703627e-05
Epoch 691 Relative Error 1.11705139715923e-05
Epoch 692 Relative Error 1.0553698302828707e-05
Epoch 693 Relative Error 1.1383895980543457e-05
Epoch 694 Relative Error 1.1643360267044045e-05
Epoch 695 Relative Error 1.1129632184747607e-05
Epoch 696 Relative Error 9.573564966558479e-06
Epoch 697 Relative Error 1.62821015692316e-05
Epoch 698 Relative Error 9.786941518541425e-06
Epoch 699 Relative Error 1.0196297807851806e-05
Epoch 700 Relative Error 9.726240023155697e-06
Epoch 701 Relative Error 1.136731771111954e-05
Epoch 702 Relative Error 1.2075468475813977e-05
Epoch 703 Relative Error 8.793073902779724e-06
Epoch 704 Relative Error 9.176114872389007e-06
Epoch 705 Relative Error 8.989175512397196e-06
Epoch 706 Relative Error 8.952428288466763e-06
Epoch 707 Relative Error 8.056133992795367e-06
Epoch 708 Relative Error 8.196278940886259e-06
Epoch 709 Relative Error 8.718361641513184e-06
Epoch 710 Relative Error 8.84867495187791e-06
Epoch 711 Relative Error 9.523653716314584e-06
Epoch 712 Relative Error 7.943553100631107e-06
Epoch 713 Relative Error 7.298517630260903e-06
Epoch 714 Relative Error 8.206827260437422e-06
Epoch 715 Relative Error 9.077472896024119e-06
Epoch 716 Relative Error 7.441170055244584e-06
Epoch 717 Relative Error 7.900765012891497e-06
Epoch 718 Relative Error 9.368900464323815e-06
Epoch 719 Relative Error 8.189143045456149e-06
Epoch 720 Relative Error 7.500391802750528e-06
Epoch 721 Relative Error 7.058151368255494e-06
Epoch 722 Relative Error 7.326341801672243e-06
Epoch 723 Relative Error 6.5803296820377e-06
Epoch 724 Relative Error 6.4746191128506325e-06
Epoch 725 Relative Error 6.728039352310589e-06
Epoch 726 Relative Error 7.3674686973390635e-06
Epoch 727 Relative Error 7.865712177590467e-06
Epoch 728 Relative Error 7.841171282052528e-06
Epoch 729 Relative Error 7.212011041701771e-06
Epoch 730 Relative Error 6.694717740174383e-06
Epoch 731 Relative Error 6.776993814128218e-06
Epoch 732 Relative Error 6.292967555054929e-06
Epoch 733 Relative Error 9.2143800429767e-06
Epoch 734 Relative Error 8.242900548793841e-06
Epoch 735 Relative Error 9.318665433966089e-06
Epoch 736 Relative Error 7.404518783005187e-06
Epoch 737 Relative Error 8.197320312319789e-06
Epoch 738 Relative Error 7.787160029693041e-06
Epoch 739 Relative Error 7.0919991230766755e-06
Epoch 740 Relative Error 7.274975814652862e-06
Epoch 741 Relative Error 6.9352163336589e-06
Epoch 742 Relative Error 7.514889148296788e-06
Epoch 743 Relative Error 6.081987066863803e-06
Epoch 744 Relative Error 6.795973149564816e-06
Epoch 745 Relative Error 8.106524546747096e-06
Epoch 746 Relative Error 7.223097782116383e-06
Epoch 747 Relative Error 7.508729595429031e-06
Epoch 748 Relative Error 7.843892490200233e-06
Epoch 749 Relative Error 7.850394467823207e-06
Epoch 750 Relative Error 7.439291039190721e-06
Epoch 751 Relative Error 7.517525773437228e-06
Epoch 752 Relative Error 7.742404704913497e-06
Epoch 753 Relative Error 8.676449397171382e-06
Epoch 754 Relative Error 8.319064363604411e-06
Epoch 755 Relative Error 6.840584319434129e-06
Epoch 756 Relative Error 8.028805495996494e-06
Epoch 757 Relative Error 8.313995749631431e-06
Epoch 758 Relative Error 1.0213399036729243e-05
Epoch 759 Relative Error 6.9021430135762785e-06
Epoch 760 Relative Error 7.3910036917368416e-06
Epoch 761 Relative Error 6.9934999373799656e-06
Epoch 762 Relative Error 6.652649972238578e-06
Epoch 763 Relative Error 6.578519332833821e-06
Epoch 764 Relative Error 6.916839083714876e-06
Epoch 765 Relative Error 6.329024472506717e-06
Epoch 766 Relative Error 7.6688947956427e-06
Epoch 767 Relative Error 7.933336746646091e-06
Epoch 768 Relative Error 7.333117537200451e-06
Epoch 769 Relative Error 6.239229151105974e-06
Epoch 770 Relative Error 7.270113655977184e-06
Epoch 771 Relative Error 7.093536623870023e-06
Epoch 772 Relative Error 7.575485597044462e-06
Epoch 773 Relative Error 6.022192337695742e-06
Epoch 774 Relative Error 6.033059435139876e-06
Epoch 775 Relative Error 6.620507519983221e-06
Epoch 776 Relative Error 6.769447736587608e-06
Epoch 777 Relative Error 6.659876817138866e-06
Epoch 778 Relative Error 6.748617124685552e-06
Epoch 779 Relative Error 7.164420821936801e-06
Epoch 780 Relative Error 1.0006718184740748e-05
Epoch 781 Relative Error 1.0196892617386766e-05
Epoch 782 Relative Error 1.0100864528794773e-05
Epoch 783 Relative Error 1.0964710781991016e-05
Epoch 784 Relative Error 9.907548701448832e-06
Epoch 785 Relative Error 8.218937182391528e-06
Epoch 786 Relative Error 8.818450623948593e-06
Epoch 787 Relative Error 8.900767170416657e-06
Epoch 788 Relative Error 1.3406649486569222e-05
Epoch 789 Relative Error 1.3721695722779259e-05
Epoch 790 Relative Error 1.9337858248036355e-05
Epoch 791 Relative Error 1.688464908511378e-05
Epoch 792 Relative Error 1.7750573533703573e-05
Epoch 793 Relative Error 2.0778914404218085e-05
Epoch 794 Relative Error 3.471960735623725e-05
Epoch 795 Relative Error 2.4672022846061736e-05
Epoch 796 Relative Error 2.8212074539624155e-05
Epoch 797 Relative Error 2.1455454771057703e-05
Epoch 798 Relative Error 3.750046016648412e-05
Epoch 799 Relative Error 2.7468453481560573e-05
Epoch 800 Relative Error 2.978704469569493e-05
Epoch 801 Relative Error 6.547707016579807e-05
Epoch 802 Relative Error 4.7865039960015565e-05
Epoch 803 Relative Error 3.941500108339824e-05
Epoch 804 Relative Error 3.302737241028808e-05
Epoch 805 Relative Error 3.490959352348e-05
Epoch 806 Relative Error 2.8950073101441376e-05
Epoch 807 Relative Error 2.4810176910250448e-05
Epoch 808 Relative Error 2.5614168407628313e-05
Epoch 809 Relative Error 2.6293912014807574e-05
Epoch 810 Relative Error 2.552128535171505e-05
Epoch 811 Relative Error 2.4102017050608993e-05
Epoch 812 Relative Error 2.446222788421437e-05
Epoch 813 Relative Error 3.4972279536304995e-05
Epoch 814 Relative Error 3.639987698988989e-05
Epoch 815 Relative Error 4.690947389462963e-05
Epoch 816 Relative Error 3.492760515655391e-05
Epoch 817 Relative Error 3.930478487745859e-05
Epoch 818 Relative Error 4.521458686213009e-05
Epoch 819 Relative Error 4.427084786584601e-05
Epoch 820 Relative Error 3.686617128551006e-05
Epoch 821 Relative Error 2.3439853976015e-05
Epoch 822 Relative Error 2.1628335161949508e-05
Epoch 823 Relative Error 1.9410697859711945e-05
Epoch 824 Relative Error 2.0300669348216616e-05
Epoch 825 Relative Error 2.2003456251695752e-05
Epoch 826 Relative Error 2.136418152076658e-05
Epoch 827 Relative Error 2.17055367102148e-05
Epoch 828 Relative Error 1.4950915101508144e-05
Epoch 829 Relative Error 1.004858950182097e-05
Epoch 830 Relative Error 1.3107463928463403e-05
Epoch 831 Relative Error 1.1755301784432959e-05
Epoch 832 Relative Error 1.297489507123828e-05
Epoch 833 Relative Error 9.896714800561313e-06
Epoch 834 Relative Error 8.241295290645212e-06
Epoch 835 Relative Error 7.780919077049475e-06
Epoch 836 Relative Error 8.43964699015487e-06
Epoch 837 Relative Error 1.0878578905249014e-05
Epoch 838 Relative Error 1.093413357011741e-05
Epoch 839 Relative Error 7.762292625557166e-06
Epoch 840 Relative Error 7.978994290169794e-06
Epoch 841 Relative Error 7.272592029039515e-06
Epoch 842 Relative Error 7.8117109296727e-06
Epoch 843 Relative Error 8.217429240175989e-06
Epoch 844 Relative Error 1.0048227522929665e-05
Epoch 845 Relative Error 1.0200632459600456e-05
Epoch 846 Relative Error 7.947093763505109e-06
Epoch 847 Relative Error 1.0521947842789814e-05
Epoch 848 Relative Error 1.053562755259918e-05
Epoch 849 Relative Error 9.466059054830112e-06
Epoch 850 Relative Error 1.1921227269340307e-05
Epoch 851 Relative Error 1.0411176845082082e-05
Epoch 852 Relative Error 8.343287845491432e-06
Epoch 853 Relative Error 8.324051123054232e-06
Epoch 854 Relative Error 8.132660695991945e-06
Epoch 855 Relative Error 7.0422047429019585e-06
Epoch 856 Relative Error 7.240999821078731e-06
Epoch 857 Relative Error 8.315008926729206e-06
Epoch 858 Relative Error 7.757455023238435e-06
Epoch 859 Relative Error 8.216247806558385e-06
Epoch 860 Relative Error 6.940018465684261e-06
Epoch 861 Relative Error 8.468449777865317e-06
Epoch 862 Relative Error 6.377372756105615e-06
Epoch 863 Relative Error 7.808945156284608e-06
Epoch 864 Relative Error 8.285098374472e-06
Epoch 865 Relative Error 7.4844201662926935e-06
Epoch 866 Relative Error 7.262558483489556e-06
Epoch 867 Relative Error 8.343775334651582e-06
Epoch 868 Relative Error 7.340564025071217e-06
Epoch 869 Relative Error 8.582947884860914e-06
Epoch 870 Relative Error 7.04310332366731e-06
Epoch 871 Relative Error 7.740135515632574e-06
Epoch 872 Relative Error 6.8578360696847085e-06
Epoch 873 Relative Error 7.211099273263244e-06
Epoch 874 Relative Error 6.715845756843919e-06
Epoch 875 Relative Error 7.636564077984076e-06
Epoch 876 Relative Error 1.0177764124819078e-05
Epoch 877 Relative Error 8.243998308898881e-06
Epoch 878 Relative Error 7.843145795050077e-06
Epoch 879 Relative Error 7.607982752233511e-06
Epoch 880 Relative Error 6.974282314331504e-06
Epoch 881 Relative Error 8.111150236800313e-06
Epoch 882 Relative Error 6.777547241654247e-06
Epoch 883 Relative Error 8.837683708406985e-06
Epoch 884 Relative Error 8.50813103170367e-06
Epoch 885 Relative Error 8.748571417527273e-06
Epoch 886 Relative Error 1.259228702110704e-05
Epoch 887 Relative Error 1.2108665941923391e-05
Epoch 888 Relative Error 1.1401412848499604e-05
Epoch 889 Relative Error 9.391290404892061e-06
Epoch 890 Relative Error 1.1132340659969486e-05
Epoch 891 Relative Error 7.468673175026197e-06
Epoch 892 Relative Error 9.091520041693002e-06
Epoch 893 Relative Error 1.1979319424426649e-05
Epoch 894 Relative Error 7.6573014666792e-06
Epoch 895 Relative Error 6.710153684252873e-06
Epoch 896 Relative Error 6.428748292819364e-06
Epoch 897 Relative Error 6.152847618068336e-06
Epoch 898 Relative Error 7.189190455392236e-06
Epoch 899 Relative Error 6.895426849951036e-06
Epoch 900 Relative Error 6.956612651265459e-06
Epoch 901 Relative Error 6.4845685301406775e-06
Epoch 902 Relative Error 7.106224074959755e-06
Epoch 903 Relative Error 6.792454769311007e-06
Epoch 904 Relative Error 7.707236363785341e-06
Epoch 905 Relative Error 7.01829003446619e-06
Epoch 906 Relative Error 6.741847755620256e-06
Epoch 907 Relative Error 6.183036930451635e-06
Epoch 908 Relative Error 6.560149813594762e-06
Epoch 909 Relative Error 7.1407957875635475e-06
Epoch 910 Relative Error 5.748629519075621e-06
Epoch 911 Relative Error 6.99452311891946e-06
Epoch 912 Relative Error 6.203083557920763e-06
Epoch 913 Relative Error 7.449601071130019e-06
Epoch 914 Relative Error 7.785443813190795e-06
Epoch 915 Relative Error 6.430466328311013e-06
Epoch 916 Relative Error 6.950702754693339e-06
Epoch 917 Relative Error 6.991316240601009e-06
Epoch 918 Relative Error 7.535005352110602e-06
Epoch 919 Relative Error 6.356357062031748e-06
Epoch 920 Relative Error 7.007277872617124e-06
Epoch 921 Relative Error 6.418593784474069e-06
Epoch 922 Relative Error 6.9775392148585524e-06
Epoch 923 Relative Error 6.509565082524205e-06
Epoch 924 Relative Error 6.732603651471436e-06
Epoch 925 Relative Error 6.38949722997495e-06
Epoch 926 Relative Error 6.314976417343132e-06
Epoch 927 Relative Error 8.480082215100992e-06
Epoch 928 Relative Error 7.5308134910301305e-06
Epoch 929 Relative Error 7.433251084876247e-06
Epoch 930 Relative Error 7.2343477768299635e-06
Epoch 931 Relative Error 8.721463927940931e-06
Epoch 932 Relative Error 9.217238584824372e-06
Epoch 933 Relative Error 8.816988156468142e-06
Epoch 934 Relative Error 7.4317940743640065e-06
Epoch 935 Relative Error 7.438929969794117e-06
Epoch 936 Relative Error 7.053859917505179e-06
Epoch 937 Relative Error 8.206842721847352e-06
Epoch 938 Relative Error 6.1055011428834405e-06
Epoch 939 Relative Error 8.999568308354355e-06
Epoch 940 Relative Error 7.482582532247761e-06
Epoch 941 Relative Error 8.616865670774132e-06
Epoch 942 Relative Error 6.249442321859533e-06
Epoch 943 Relative Error 7.4194099397573154e-06
Epoch 944 Relative Error 7.310105502256192e-06
Epoch 945 Relative Error 6.381238563335501e-06
Epoch 946 Relative Error 6.191558895807248e-06
Epoch 947 Relative Error 5.796570349048125e-06
Epoch 948 Relative Error 6.471016149589559e-06
Epoch 949 Relative Error 5.989143119222717e-06
Epoch 950 Relative Error 6.46197759124334e-06
Epoch 951 Relative Error 6.881767149025109e-06
Epoch 952 Relative Error 7.2382490543532185e-06
Epoch 953 Relative Error 7.410863418044755e-06
Epoch 954 Relative Error 7.264970463438658e-06
Epoch 955 Relative Error 7.440398348990129e-06
Epoch 956 Relative Error 7.827889021427836e-06
Epoch 957 Relative Error 9.335600225313101e-06
Epoch 958 Relative Error 8.080063707893714e-06
Epoch 959 Relative Error 7.61525643611094e-06
Epoch 960 Relative Error 6.666524313914124e-06
Epoch 961 Relative Error 6.402642611647025e-06
Epoch 962 Relative Error 9.714214684208855e-06
Epoch 963 Relative Error 7.504928362322971e-06
Epoch 964 Relative Error 8.426352906099055e-06
Epoch 965 Relative Error 6.480167485278798e-06
Epoch 966 Relative Error 8.41105793369934e-06
Epoch 967 Relative Error 6.716405096085509e-06
Epoch 968 Relative Error 8.207800419768319e-06
Epoch 969 Relative Error 8.925237125367858e-06
Epoch 970 Relative Error 1.1084010111517273e-05
Epoch 971 Relative Error 1.0307137017662171e-05
Epoch 972 Relative Error 1.3935004062659573e-05
Epoch 973 Relative Error 1.2455681826395448e-05
Epoch 974 Relative Error 1.4437802747124806e-05
Epoch 975 Relative Error 1.3008785572310444e-05
Epoch 976 Relative Error 1.195725599245634e-05
Epoch 977 Relative Error 1.4606122931581922e-05
Epoch 978 Relative Error 1.4213102986104786e-05
Epoch 979 Relative Error 1.6169360605999827e-05
Epoch 980 Relative Error 1.3656359442393295e-05
Epoch 981 Relative Error 1.7168093108921312e-05
Epoch 982 Relative Error 1.6289270206470974e-05
Epoch 983 Relative Error 1.0870151527342387e-05
Epoch 984 Relative Error 2.5516177629469894e-05
Epoch 985 Relative Error 1.9942428480135277e-05
Epoch 986 Relative Error 2.2913220163900405e-05
Epoch 987 Relative Error 1.9677849195431918e-05
Epoch 988 Relative Error 2.3802202122169547e-05
Epoch 989 Relative Error 1.790312489902135e-05
Epoch 990 Relative Error 1.7003229004330933e-05
Epoch 991 Relative Error 1.4429460861720145e-05
Epoch 992 Relative Error 1.2024611351080239e-05
Epoch 993 Relative Error 1.436731963622151e-05
Epoch 994 Relative Error 9.976096407626756e-06
Epoch 995 Relative Error 8.469658496323973e-06
Epoch 996 Relative Error 9.234006029146258e-06
Epoch 997 Relative Error 1.0155651580134872e-05
Epoch 998 Relative Error 8.022970177989919e-06
Epoch 999 Relative Error 7.431364338117419e-06
Epoch 1000 Relative Error 7.960952643770725e-06
RE (2, 0, 16, 0): 5.351709660317283e-06
Green's Function RE (2, 0, 16, 0): 0.04118626192212105
Bias Term RE (2, 0, 16, 0): 0.03371318057179451
Combination (2, 0, 16, 0, 0): 0.0808677226305008
Combination (2, 0, 16, 0, 1): 0.08134955167770386
Combination (2, 0, 16, 0, 2): 0.08145211637020111
Combination (2, 0, 16, 0, 3): 0.08148306608200073
Combination (2, 0, 16, 0, 4): 0.08149752020835876

/home/gridsan/gstepaniants/.local/lib/python3.8/site-packages/torch/functional.py:478: UserWarning: torch.meshgrid: in an upcoming release, it will be required to pass the indexing argument. (Triggered internally at  ../aten/src/ATen/native/TensorShape.cpp:2895.)
  return _VF.meshgrid(tensors, **kwargs)  # type: ignore[attr-defined]
