[KeOps] Warning : Cuda libraries were not detected on the system ; using cpu only mode
1
Kernel: Exponential
Weight Mesh: 50
RKHS Kernel Width: 0.007
Lambda: 1e-06
Green's Function Learning Rate: 100
Bias Term Learning Rate: 100
Epoch 1 Relative Error 1065.49609375
First epoch had re = 1065.49609375 > 1
Green's Function Learning Rate: 50
Bias Term Learning Rate: 50
Epoch 1 Relative Error 542.9388427734375
First epoch had re = 542.9388427734375 > 1
Green's Function Learning Rate: 10
Bias Term Learning Rate: 10
Epoch 1 Relative Error 89.50081634521484
First epoch had re = 89.50081634521484 > 1
Green's Function Learning Rate: 5
Bias Term Learning Rate: 5
Epoch 1 Relative Error 54.52252197265625
First epoch had re = 54.52252197265625 > 1
Green's Function Learning Rate: 1
Bias Term Learning Rate: 1
Epoch 1 Relative Error 10.342713356018066
First epoch had re = 10.342713356018066 > 1
Green's Function Learning Rate: 0.5
Bias Term Learning Rate: 0.5
Epoch 1 Relative Error 4.409667491912842
First epoch had re = 4.409667491912842 > 1
Green's Function Learning Rate: 0.1
Bias Term Learning Rate: 0.1
Epoch 1 Relative Error 0.9881308674812317
Epoch 2 Relative Error 0.7909750938415527
Epoch 3 Relative Error 0.5430907011032104
Epoch 4 Relative Error 0.42692095041275024
Epoch 5 Relative Error 0.3554282486438751
Epoch 6 Relative Error 0.31217214465141296
Epoch 7 Relative Error 0.23738586902618408
Epoch 8 Relative Error 0.177006334066391
Epoch 9 Relative Error 0.14292438328266144
Epoch 10 Relative Error 0.12327513098716736
Epoch 11 Relative Error 0.10313830524682999
Epoch 12 Relative Error 0.09183993935585022
Epoch 13 Relative Error 0.07137629389762878
Epoch 14 Relative Error 0.05397291108965874
Epoch 15 Relative Error 0.043448641896247864
Epoch 16 Relative Error 0.034805066883563995
Epoch 17 Relative Error 0.02663864940404892
Epoch 18 Relative Error 0.023129504173994064
Epoch 19 Relative Error 0.0179110299795866
Epoch 20 Relative Error 0.015668999403715134
Epoch 21 Relative Error 0.013482342474162579
Epoch 22 Relative Error 0.010805031284689903
Epoch 23 Relative Error 0.00966713111847639
Epoch 24 Relative Error 0.00782416108995676
Epoch 25 Relative Error 0.006634464953094721
Epoch 26 Relative Error 0.00588957266882062
Epoch 27 Relative Error 0.0051117343828082085
Epoch 28 Relative Error 0.004356497433036566
Epoch 29 Relative Error 0.004367370158433914
Epoch 30 Relative Error 0.003956151194870472
Epoch 31 Relative Error 0.0034450674429535866
Epoch 32 Relative Error 0.0033615976572036743
Epoch 33 Relative Error 0.003091087331995368
Epoch 34 Relative Error 0.0030091144144535065
Epoch 35 Relative Error 0.0026234700344502926
Epoch 36 Relative Error 0.0028316089883446693
Epoch 37 Relative Error 0.0025880341418087482
Epoch 38 Relative Error 0.002449815860018134
Epoch 39 Relative Error 0.0023612540680915117
Epoch 40 Relative Error 0.002338940976187587
Epoch 41 Relative Error 0.0022915967274457216
Epoch 42 Relative Error 0.0021744053810834885
Epoch 43 Relative Error 0.002232970204204321
Epoch 44 Relative Error 0.0020917109213769436
Epoch 45 Relative Error 0.001987986732274294
Epoch 46 Relative Error 0.0022806653287261724
Epoch 47 Relative Error 0.0019747279584407806
Epoch 48 Relative Error 0.0018421318382024765
Epoch 49 Relative Error 0.0017191695515066385
Epoch 50 Relative Error 0.0018977569416165352
Epoch 51 Relative Error 0.001773232128471136
Epoch 52 Relative Error 0.0016514103626832366
Epoch 53 Relative Error 0.0017077813390642405
Epoch 54 Relative Error 0.0015926598571240902
Epoch 55 Relative Error 0.001621404429897666
Epoch 56 Relative Error 0.0015886183828115463
Epoch 57 Relative Error 0.001426865579560399
Epoch 58 Relative Error 0.0015744691481813788
Epoch 59 Relative Error 0.0013992507010698318
Epoch 60 Relative Error 0.001393859158270061
Epoch 61 Relative Error 0.001565691432915628
Epoch 62 Relative Error 0.0012748243752866983
Epoch 63 Relative Error 0.001296561793424189
Epoch 64 Relative Error 0.0013459005858749151
Epoch 65 Relative Error 0.0011666052741929889
Epoch 66 Relative Error 0.0011932108318433166
Epoch 67 Relative Error 0.0012127814115956426
Epoch 68 Relative Error 0.0012495808769017458
Epoch 69 Relative Error 0.0010934288147836924
Epoch 70 Relative Error 0.0010948076378554106
Epoch 71 Relative Error 0.001063167699612677
Epoch 72 Relative Error 0.0009737753425724804
Epoch 73 Relative Error 0.0010111178271472454
Epoch 74 Relative Error 0.0009693127940408885
Epoch 75 Relative Error 0.0010348991490900517
Epoch 76 Relative Error 0.0009790932526811957
Epoch 77 Relative Error 0.0009247539564967155
Epoch 78 Relative Error 0.0009211334981955588
Epoch 79 Relative Error 0.000956484698690474
Epoch 80 Relative Error 0.0009123135241679847
Epoch 81 Relative Error 0.0008927979506552219
Epoch 82 Relative Error 0.0009391811909154058
Epoch 83 Relative Error 0.000895491277333349
Epoch 84 Relative Error 0.0008473650668747723
Epoch 85 Relative Error 0.0010051593417301774
Epoch 86 Relative Error 0.0008869004086591303
Epoch 87 Relative Error 0.0008642745669931173
Epoch 88 Relative Error 0.0008505104342475533
Epoch 89 Relative Error 0.0007949902792461216
Epoch 90 Relative Error 0.0007838858291506767
Epoch 91 Relative Error 0.0007750870427116752
Epoch 92 Relative Error 0.0007554951589554548
Epoch 93 Relative Error 0.0007264917949214578
Epoch 94 Relative Error 0.0007546091801486909
Epoch 95 Relative Error 0.0007067040423862636
Epoch 96 Relative Error 0.0007796473801136017
Epoch 97 Relative Error 0.0007295328541658819
Epoch 98 Relative Error 0.0008078060927800834
Epoch 99 Relative Error 0.0008364903624169528
Epoch 100 Relative Error 0.0007838390883989632
Epoch 101 Relative Error 0.0007136234198696911
Epoch 102 Relative Error 0.0007112678722478449
Epoch 103 Relative Error 0.0007095731562003493
Epoch 104 Relative Error 0.0007292447844520211
Epoch 105 Relative Error 0.0007382656913250685
Epoch 106 Relative Error 0.0007548617431893945
Epoch 107 Relative Error 0.0006631492869928479
Epoch 108 Relative Error 0.0006493201362900436
Epoch 109 Relative Error 0.0006226547993719578
Epoch 110 Relative Error 0.0005904804565943778
Epoch 111 Relative Error 0.0006070767412893474
Epoch 112 Relative Error 0.0005743892979808152
Epoch 113 Relative Error 0.000622448802459985
Epoch 114 Relative Error 0.000590658513829112
Epoch 115 Relative Error 0.0005498428363353014
Epoch 116 Relative Error 0.0006645735120400786
Epoch 117 Relative Error 0.0006094346754252911
Epoch 118 Relative Error 0.0006008096970617771
Epoch 119 Relative Error 0.0005635945708490908
Epoch 120 Relative Error 0.0005699112080037594
Epoch 121 Relative Error 0.0007330233929678798
Epoch 122 Relative Error 0.0006120575708337128
Epoch 123 Relative Error 0.0005899063544347882
Epoch 124 Relative Error 0.0005338169867172837
Epoch 125 Relative Error 0.0005400051013566554
Epoch 126 Relative Error 0.0006091975374147296
Epoch 127 Relative Error 0.0006141930352896452
Epoch 128 Relative Error 0.0005173476529307663
Epoch 129 Relative Error 0.00048660062020644546
Epoch 130 Relative Error 0.0005371852312237024
Epoch 131 Relative Error 0.0005538686527870595
Epoch 132 Relative Error 0.0005690476391464472
Epoch 133 Relative Error 0.0005050077452324331
Epoch 134 Relative Error 0.00045947221224196255
Epoch 135 Relative Error 0.0004895910387858748
Epoch 136 Relative Error 0.00047266107867471874
Epoch 137 Relative Error 0.0004808915837202221
Epoch 138 Relative Error 0.0004847242671530694
Epoch 139 Relative Error 0.0004695773241110146
Epoch 140 Relative Error 0.000548279145732522
Epoch 141 Relative Error 0.0005079351249150932
Epoch 142 Relative Error 0.00044008117401972413
Epoch 143 Relative Error 0.0004971869639120996
Epoch 144 Relative Error 0.0004662935680244118
Epoch 145 Relative Error 0.0004412519047036767
Epoch 146 Relative Error 0.0004312433593440801
Epoch 147 Relative Error 0.0004303075256757438
Epoch 148 Relative Error 0.0004577114887069911
Epoch 149 Relative Error 0.0004712366790045053
Epoch 150 Relative Error 0.0004896300379186869
Epoch 151 Relative Error 0.0004666260501835495
Epoch 152 Relative Error 0.0004718985001090914
Epoch 153 Relative Error 0.0004320258158259094
Epoch 154 Relative Error 0.00044160144170746207
Epoch 155 Relative Error 0.00048123233136720955
Epoch 156 Relative Error 0.0004632569616660476
Epoch 157 Relative Error 0.0004762204480357468
Epoch 158 Relative Error 0.00039778448990546167
Epoch 159 Relative Error 0.00044464701204560697
Epoch 160 Relative Error 0.0004665893502533436
Epoch 161 Relative Error 0.0004719578428193927
Epoch 162 Relative Error 0.0005062113632448018
Epoch 163 Relative Error 0.0004762526950798929
Epoch 164 Relative Error 0.0005167305353097618
Epoch 165 Relative Error 0.0005416745552793145
Epoch 166 Relative Error 0.0005035724607296288
Epoch 167 Relative Error 0.0004892531433142722
Epoch 168 Relative Error 0.00045104147284291685
Epoch 169 Relative Error 0.00047145254211500287
Epoch 170 Relative Error 0.0005168372881598771
Epoch 171 Relative Error 0.0004263875598553568
Epoch 172 Relative Error 0.000456614070571959
Epoch 173 Relative Error 0.0004953589523211122
Epoch 174 Relative Error 0.0004513511958066374
Epoch 175 Relative Error 0.0004161715041846037
Epoch 176 Relative Error 0.0004089628055226058
Epoch 177 Relative Error 0.0004258573171682656
Epoch 178 Relative Error 0.00040059577440842986
Epoch 179 Relative Error 0.0004346387868281454
Epoch 180 Relative Error 0.0004482830117922276
Epoch 181 Relative Error 0.00042140917503274977
Epoch 182 Relative Error 0.0004592916229739785
Epoch 183 Relative Error 0.00044731705565936863
Epoch 184 Relative Error 0.0004126268613617867
Epoch 185 Relative Error 0.0004311269149184227
Epoch 186 Relative Error 0.0004997251671738923
Epoch 187 Relative Error 0.0004987314459867775
Epoch 188 Relative Error 0.0005360996001400054
Epoch 189 Relative Error 0.0007822045008651912
Epoch 190 Relative Error 0.0008036336512304842
Epoch 191 Relative Error 0.0007725308532826602
Epoch 192 Relative Error 0.000703013560269028
Epoch 193 Relative Error 0.000593789794947952
Epoch 194 Relative Error 0.0005608199280686677
Epoch 195 Relative Error 0.0005484516150318086
Epoch 196 Relative Error 0.0005496984231285751
Epoch 197 Relative Error 0.0005598842981271446
Epoch 198 Relative Error 0.0004936664481647313
Epoch 199 Relative Error 0.0005308978143148124
Epoch 200 Relative Error 0.0005069947219453752
Epoch 201 Relative Error 0.0005052078049629927
Epoch 202 Relative Error 0.0005786587134934962
Epoch 203 Relative Error 0.0006165095255710185
Epoch 204 Relative Error 0.0006382627179846168
Epoch 205 Relative Error 0.0008305928786285222
Epoch 206 Relative Error 0.000654794683214277
Epoch 207 Relative Error 0.0007140339002944529
Epoch 208 Relative Error 0.0007341785822063684
Epoch 209 Relative Error 0.0007030071574263275
Epoch 210 Relative Error 0.0007635469664819539
Epoch 211 Relative Error 0.0006782261189073324
Epoch 212 Relative Error 0.0006357990787364542
Epoch 213 Relative Error 0.0006563373026438057
Epoch 214 Relative Error 0.0007573307957500219
Epoch 215 Relative Error 0.0007391031831502914
Epoch 216 Relative Error 0.0005787459667772055
Epoch 217 Relative Error 0.0005866935243830085
Epoch 218 Relative Error 0.0005225619534030557
Epoch 219 Relative Error 0.0005143844755366445
Epoch 220 Relative Error 0.0005240540485829115
Epoch 221 Relative Error 0.0005290671833790839
Epoch 222 Relative Error 0.0004910678253509104
Epoch 223 Relative Error 0.0005017476505599916
Epoch 224 Relative Error 0.0005170843796804547
Epoch 225 Relative Error 0.0005692042759619653
Epoch 226 Relative Error 0.0004966764245182276
Epoch 227 Relative Error 0.0005091895000077784
Epoch 228 Relative Error 0.0005352629232220352
Epoch 229 Relative Error 0.0005170782096683979
Epoch 230 Relative Error 0.0004680078709498048
Epoch 231 Relative Error 0.0004984685801900923
Epoch 232 Relative Error 0.0005182850873097777
Epoch 233 Relative Error 0.0005301212077029049
Epoch 234 Relative Error 0.0005650838720612228
Epoch 235 Relative Error 0.0005508490139618516
Epoch 236 Relative Error 0.00047090984298847616
Epoch 237 Relative Error 0.0004548734286800027
Epoch 238 Relative Error 0.0004986576386727393
Epoch 239 Relative Error 0.000534918624907732
Epoch 240 Relative Error 0.00047712173545733094
Epoch 241 Relative Error 0.0004454460577107966
Epoch 242 Relative Error 0.0004139744269195944
Epoch 243 Relative Error 0.00045881341793574393
Epoch 244 Relative Error 0.00045109636266715825
Epoch 245 Relative Error 0.00043429085053503513
Epoch 246 Relative Error 0.00040398212149739265
Epoch 247 Relative Error 0.0003935366403311491
Epoch 248 Relative Error 0.0005020028329454362
Epoch 249 Relative Error 0.0005893359775654972
Epoch 250 Relative Error 0.0004953371244482696
Epoch 251 Relative Error 0.000663907965645194
Epoch 252 Relative Error 0.0005711367703042924
Epoch 253 Relative Error 0.0006759692914783955
Epoch 254 Relative Error 0.000646760396193713
Epoch 255 Relative Error 0.0009140667389146984
Epoch 256 Relative Error 0.001033432548865676
Epoch 257 Relative Error 0.0008084274595603347
Epoch 258 Relative Error 0.0008744729566387832
Epoch 259 Relative Error 0.0008768461411818862
Epoch 260 Relative Error 0.000690912245772779
Epoch 261 Relative Error 0.0007724793977104127
Epoch 262 Relative Error 0.0006161868805065751
Epoch 263 Relative Error 0.000561067892704159
Epoch 264 Relative Error 0.000602076412178576
Epoch 265 Relative Error 0.0004903171211481094
Epoch 266 Relative Error 0.0005232500261627138
Epoch 267 Relative Error 0.0005229671951383352
Epoch 268 Relative Error 0.0005038299132138491
Epoch 269 Relative Error 0.0004814357962459326
Epoch 270 Relative Error 0.0005145499599166214
Epoch 271 Relative Error 0.00046338632819242775
Epoch 272 Relative Error 0.00044628840987570584
Epoch 273 Relative Error 0.0005319382180459797
Epoch 274 Relative Error 0.00043116576853208244
Epoch 275 Relative Error 0.00047102008829824626
Epoch 276 Relative Error 0.0005161480512470007
Epoch 277 Relative Error 0.0004892346914857626
Epoch 278 Relative Error 0.00047491915756836534
Epoch 279 Relative Error 0.00042945434688590467
Epoch 280 Relative Error 0.0005299780750647187
Epoch 281 Relative Error 0.0006173171568661928
Epoch 282 Relative Error 0.0005882209516130388
Epoch 283 Relative Error 0.0005453151534311473
Epoch 284 Relative Error 0.0005549503839574754
Epoch 285 Relative Error 0.0005935989902354777
Epoch 286 Relative Error 0.0005604904145002365
Epoch 287 Relative Error 0.0008202118333429098
Epoch 288 Relative Error 0.0010587179567664862
Epoch 289 Relative Error 0.0009115231223404408
Epoch 290 Relative Error 0.0010409430833533406
Epoch 291 Relative Error 0.0009198937914334238
Epoch 292 Relative Error 0.000952880538534373
Epoch 293 Relative Error 0.000661998987197876
Epoch 294 Relative Error 0.0009693577885627747
Epoch 295 Relative Error 0.0009765916038304567
Epoch 296 Relative Error 0.0009200825588777661
Epoch 297 Relative Error 0.0006967991939745843
Epoch 298 Relative Error 0.0008205848862417042
Epoch 299 Relative Error 0.0009746768628247082
Epoch 300 Relative Error 0.0010329752694815397
Epoch 301 Relative Error 0.0007903776713646948
Epoch 302 Relative Error 0.0009103286429308355
Epoch 303 Relative Error 0.0010304745519533753
Epoch 304 Relative Error 0.0008227453799918294
Epoch 305 Relative Error 0.0008342016953974962
Epoch 306 Relative Error 0.0008047636365517974
Epoch 307 Relative Error 0.0009560792241245508
Epoch 308 Relative Error 0.0011152290971949697
Epoch 309 Relative Error 0.0014839747454971075
Epoch 310 Relative Error 0.0018177891615778208
Epoch 311 Relative Error 0.0019594270270317793
Epoch 312 Relative Error 0.002814833540469408
Epoch 313 Relative Error 0.003682666691020131
Epoch 314 Relative Error 0.003053202060982585
Epoch 315 Relative Error 0.005505573935806751
Epoch 316 Relative Error 0.0038991435430943966
Epoch 317 Relative Error 0.0036487383767962456
Epoch 318 Relative Error 0.0037344275042414665
Epoch 319 Relative Error 0.005637581460177898
Epoch 320 Relative Error 0.005377050489187241
Epoch 321 Relative Error 0.005099749192595482
Epoch 322 Relative Error 0.003765375353395939
Epoch 323 Relative Error 0.003730138298124075
Epoch 324 Relative Error 0.003230858827009797
Epoch 325 Relative Error 0.0029172806534916162
Epoch 326 Relative Error 0.003577461466193199
Epoch 327 Relative Error 0.0038766900543123484
Epoch 328 Relative Error 0.005006880033761263
Epoch 329 Relative Error 0.005472748540341854
Epoch 330 Relative Error 0.0030778651125729084
Epoch 331 Relative Error 0.0033651692792773247
Epoch 332 Relative Error 0.005052555352449417
Epoch 333 Relative Error 0.00614467728883028
Epoch 334 Relative Error 0.005669293459504843
Epoch 335 Relative Error 0.005934420973062515
Epoch 336 Relative Error 0.004149081185460091
Epoch 337 Relative Error 0.004806509707123041
Epoch 338 Relative Error 0.00431964173913002
Epoch 339 Relative Error 0.0038467980921268463
Epoch 340 Relative Error 0.0033670864067971706
Epoch 341 Relative Error 0.005388501100242138
Epoch 342 Relative Error 0.0049857208505272865
Epoch 343 Relative Error 0.0049703591503202915
Epoch 344 Relative Error 0.005026568658649921
Epoch 345 Relative Error 0.00823882408440113
Epoch 346 Relative Error 0.00853330735117197
Epoch 347 Relative Error 0.011147620156407356
Epoch 348 Relative Error 0.013303613290190697
Epoch 349 Relative Error 0.009068824350833893
Epoch 350 Relative Error 0.009527711197733879
Epoch 351 Relative Error 0.009529023431241512
Epoch 352 Relative Error 0.01341664232313633
Epoch 353 Relative Error 0.01308552734553814
Epoch 354 Relative Error 0.01043521985411644
Epoch 355 Relative Error 0.01739541068673134
Epoch 356 Relative Error 0.010383951477706432
Epoch 357 Relative Error 0.01743949018418789
Epoch 358 Relative Error 0.012064834125339985
Epoch 359 Relative Error 0.018007682636380196
Epoch 360 Relative Error 0.015982557088136673
Epoch 361 Relative Error 0.010674766264855862
Epoch 362 Relative Error 0.013275247998535633
Epoch 363 Relative Error 0.013736959546804428
Epoch 364 Relative Error 0.00988445058465004
Epoch 365 Relative Error 0.011631590314209461
Epoch 366 Relative Error 0.010837401263415813
Epoch 367 Relative Error 0.009226294234395027
Epoch 368 Relative Error 0.006547960452735424
Epoch 369 Relative Error 0.008330061100423336
Epoch 370 Relative Error 0.008673984557390213
Epoch 371 Relative Error 0.008548672311007977
Epoch 372 Relative Error 0.007704172749072313
Epoch 373 Relative Error 0.00814734399318695
Epoch 374 Relative Error 0.009702197276055813
Epoch 375 Relative Error 0.009118141606450081
Epoch 376 Relative Error 0.008536220528185368
Epoch 377 Relative Error 0.008918226696550846
Epoch 378 Relative Error 0.008051201701164246
Epoch 379 Relative Error 0.01046838890761137
Epoch 380 Relative Error 0.009207304567098618
Epoch 381 Relative Error 0.012403136119246483
Epoch 382 Relative Error 0.008984473533928394
Epoch 383 Relative Error 0.008158196695148945
Epoch 384 Relative Error 0.00821193028241396
Epoch 385 Relative Error 0.009101147763431072
Epoch 386 Relative Error 0.010952000506222248
Epoch 387 Relative Error 0.013032430782914162
Epoch 388 Relative Error 0.015952877700328827
Epoch 389 Relative Error 0.014602920040488243
Epoch 390 Relative Error 0.008952479809522629
Epoch 391 Relative Error 0.012932212091982365
Epoch 392 Relative Error 0.0156392864882946
Epoch 393 Relative Error 0.010042425245046616
Epoch 394 Relative Error 0.008041026070713997
Epoch 395 Relative Error 0.007582687772810459
Epoch 396 Relative Error 0.00910240039229393
Epoch 397 Relative Error 0.01003289595246315
Epoch 398 Relative Error 0.010554366745054722
Epoch 399 Relative Error 0.015547538176178932
Epoch 400 Relative Error 0.012961609289050102
Epoch 401 Relative Error 0.01347719132900238
Epoch 402 Relative Error 0.01970263011753559
Epoch 403 Relative Error 0.026867227628827095
Epoch 404 Relative Error 0.030582215636968613
Epoch 405 Relative Error 0.03765026479959488
Epoch 406 Relative Error 0.024248624220490456
Epoch 407 Relative Error 0.0218870360404253
Epoch 408 Relative Error 0.0275455079972744
Epoch 409 Relative Error 0.02605539932847023
Epoch 410 Relative Error 0.04355200380086899
Epoch 411 Relative Error 0.05617938190698624
Epoch 412 Relative Error 0.03440214693546295
Epoch 413 Relative Error 0.07042036205530167
Epoch 414 Relative Error 0.08368463069200516
Epoch 415 Relative Error 0.1080641970038414
Epoch 416 Relative Error 0.11305683851242065
Epoch 417 Relative Error 0.09888946264982224
Epoch 418 Relative Error 0.08864352107048035
Epoch 419 Relative Error 0.10928742587566376
Epoch 420 Relative Error 0.09532631188631058
Epoch 421 Relative Error 0.11672864109277725
Epoch 422 Relative Error 0.10832473635673523
Epoch 423 Relative Error 0.10644874721765518
Epoch 424 Relative Error 0.10598798841238022
Epoch 425 Relative Error 0.16109932959079742
Epoch 426 Relative Error 0.11316075921058655
Epoch 427 Relative Error 0.11173142492771149
Epoch 428 Relative Error 0.07532553374767303
Epoch 429 Relative Error 0.07425611466169357
Epoch 430 Relative Error 0.08187057077884674
Epoch 431 Relative Error 0.07550480961799622
Epoch 432 Relative Error 0.06681648641824722
Epoch 433 Relative Error 0.060184888541698456
Epoch 434 Relative Error 0.07027709484100342
Epoch 435 Relative Error 0.06369615346193314
Epoch 436 Relative Error 0.08366554975509644
Epoch 437 Relative Error 0.08801626414060593
Epoch 438 Relative Error 0.09975207597017288
Epoch 439 Relative Error 0.08137780427932739
Epoch 440 Relative Error 0.0691099464893341
Epoch 441 Relative Error 0.0612158440053463
Epoch 442 Relative Error 0.061705879867076874
Epoch 443 Relative Error 0.05364210903644562
Epoch 444 Relative Error 0.059515830129384995
Epoch 445 Relative Error 0.04241791367530823
Epoch 446 Relative Error 0.05057854205369949
Epoch 447 Relative Error 0.0712047591805458
Epoch 448 Relative Error 0.054808203130960464
Epoch 449 Relative Error 0.03853170946240425
Epoch 450 Relative Error 0.06889782845973969
Epoch 451 Relative Error 0.05824410542845726
Epoch 452 Relative Error 0.08752334117889404
Epoch 453 Relative Error 0.09258156269788742
Epoch 454 Relative Error 0.07679514586925507
Epoch 455 Relative Error 0.09355060011148453
Epoch 456 Relative Error 0.11382446438074112
Epoch 457 Relative Error 0.10310767590999603
Epoch 458 Relative Error 0.08468211442232132
Epoch 459 Relative Error 0.08679019659757614
Epoch 460 Relative Error 0.09937384724617004
Epoch 461 Relative Error 0.08727360516786575
Epoch 462 Relative Error 0.08405720442533493
Epoch 463 Relative Error 0.06481315195560455
Epoch 464 Relative Error 0.05991070345044136
Epoch 465 Relative Error 0.04773949459195137
Epoch 466 Relative Error 0.04976474866271019
Epoch 467 Relative Error 0.04388546943664551
Epoch 468 Relative Error 0.04444568231701851
Epoch 469 Relative Error 0.03849763795733452
Epoch 470 Relative Error 0.02651250548660755
Epoch 471 Relative Error 0.03407827764749527
Epoch 472 Relative Error 0.02373918518424034
Epoch 473 Relative Error 0.029771288856863976
Epoch 474 Relative Error 0.028356589376926422
Epoch 475 Relative Error 0.02618689276278019
Epoch 476 Relative Error 0.027551662176847458
Epoch 477 Relative Error 0.024038730189204216
Epoch 478 Relative Error 0.03073589876294136
Epoch 479 Relative Error 0.027291307225823402
Epoch 480 Relative Error 0.027527302503585815
Epoch 481 Relative Error 0.019320178776979446
Epoch 482 Relative Error 0.024921543896198273
Epoch 483 Relative Error 0.023176249116659164
Epoch 484 Relative Error 0.029430702328681946
Epoch 485 Relative Error 0.025505485013127327
Epoch 486 Relative Error 0.022237032651901245
Epoch 487 Relative Error 0.0260592233389616
Epoch 488 Relative Error 0.02232285961508751
Epoch 489 Relative Error 0.01995704509317875
Epoch 490 Relative Error 0.024516509845852852
Epoch 491 Relative Error 0.019081970676779747
Epoch 492 Relative Error 0.020603040233254433
Epoch 493 Relative Error 0.01805075816810131
Epoch 494 Relative Error 0.017931528389453888
Epoch 495 Relative Error 0.013750646263360977
Epoch 496 Relative Error 0.013270555064082146
Epoch 497 Relative Error 0.014204887673258781
Epoch 498 Relative Error 0.016021765768527985
Epoch 499 Relative Error 0.014477651566267014
Epoch 500 Relative Error 0.015761062502861023
Epoch 501 Relative Error 0.01388788316398859
Epoch 502 Relative Error 0.014894038438796997
Epoch 503 Relative Error 0.011410132981836796
Epoch 504 Relative Error 0.013305427506566048
Epoch 505 Relative Error 0.012362685054540634
Epoch 506 Relative Error 0.01160494051873684
Epoch 507 Relative Error 0.014685243368148804
Epoch 508 Relative Error 0.010010452941060066
Epoch 509 Relative Error 0.011003161780536175
Epoch 510 Relative Error 0.010234683752059937
Epoch 511 Relative Error 0.008545908145606518
Epoch 512 Relative Error 0.010727720335125923
Epoch 513 Relative Error 0.008922519162297249
Epoch 514 Relative Error 0.014683637768030167
Epoch 515 Relative Error 0.012523910962045193
Epoch 516 Relative Error 0.010233957320451736
Epoch 517 Relative Error 0.011163712479174137
Epoch 518 Relative Error 0.012188349850475788
Epoch 519 Relative Error 0.010368430987000465
Epoch 520 Relative Error 0.0097268708050251
Epoch 521 Relative Error 0.01100776344537735
Epoch 522 Relative Error 0.010677452199161053
Epoch 523 Relative Error 0.008908762596547604
Epoch 524 Relative Error 0.010466435924172401
Epoch 525 Relative Error 0.009127330034971237
Epoch 526 Relative Error 0.010271703824400902
Epoch 527 Relative Error 0.009877743199467659
Epoch 528 Relative Error 0.008905491791665554
Epoch 529 Relative Error 0.007674403488636017
Epoch 530 Relative Error 0.006164803169667721
Epoch 531 Relative Error 0.005397757049649954
Epoch 532 Relative Error 0.006263726856559515
Epoch 533 Relative Error 0.007850452326238155
Epoch 534 Relative Error 0.007566987536847591
Epoch 535 Relative Error 0.0076339831575751305
Epoch 536 Relative Error 0.008666325360536575
Epoch 537 Relative Error 0.009168046526610851
Epoch 538 Relative Error 0.007854603230953217
Epoch 539 Relative Error 0.007660440169274807
Epoch 540 Relative Error 0.0063071176409721375
Epoch 541 Relative Error 0.0063682906329631805
Epoch 542 Relative Error 0.006056395824998617
Epoch 543 Relative Error 0.005499633029103279
Epoch 544 Relative Error 0.006979047786444426
Epoch 545 Relative Error 0.0057921516709029675
Epoch 546 Relative Error 0.007321605924516916
Epoch 547 Relative Error 0.0049541718326509
Epoch 548 Relative Error 0.0057030790485441685
Epoch 549 Relative Error 0.0052620964124798775
Epoch 550 Relative Error 0.005239168182015419
Epoch 551 Relative Error 0.0072136204689741135
Epoch 552 Relative Error 0.007105630822479725
Epoch 553 Relative Error 0.006988161709159613
Epoch 554 Relative Error 0.007168522570282221
Epoch 555 Relative Error 0.0075789447873830795
Epoch 556 Relative Error 0.00982397235929966
Epoch 557 Relative Error 0.005547871347516775
Epoch 558 Relative Error 0.007306009531021118
Epoch 559 Relative Error 0.007210773881524801
Epoch 560 Relative Error 0.0054634856060147285
Epoch 561 Relative Error 0.005220275837928057
Epoch 562 Relative Error 0.004923926200717688
Epoch 563 Relative Error 0.0044817086309194565
Epoch 564 Relative Error 0.004167656414210796
Epoch 565 Relative Error 0.0036593859549611807
Epoch 566 Relative Error 0.003740045940503478
Epoch 567 Relative Error 0.004036292899399996
Epoch 568 Relative Error 0.00329395174048841
Epoch 569 Relative Error 0.003180173458531499
Epoch 570 Relative Error 0.003932614345103502
Epoch 571 Relative Error 0.0033097458072006702
Epoch 572 Relative Error 0.003942460287362337
Epoch 573 Relative Error 0.003915715031325817
Epoch 574 Relative Error 0.0033748880960047245
Epoch 575 Relative Error 0.0031185096595436335
Epoch 576 Relative Error 0.0031000394374132156
Epoch 577 Relative Error 0.0030896265525370836
Epoch 578 Relative Error 0.0034276035148650408
Epoch 579 Relative Error 0.0029466438572853804
Epoch 580 Relative Error 0.002396151190623641
Epoch 581 Relative Error 0.00269896537065506
Epoch 582 Relative Error 0.003436778672039509
Epoch 583 Relative Error 0.0040142531506717205
Epoch 584 Relative Error 0.002991537330672145
Epoch 585 Relative Error 0.0032015671022236347
Epoch 586 Relative Error 0.003007215214893222
Epoch 587 Relative Error 0.0027658722829073668
Epoch 588 Relative Error 0.0027825592551380396
Epoch 589 Relative Error 0.0027704450767487288
Epoch 590 Relative Error 0.0021477132104337215
Epoch 591 Relative Error 0.002389200497418642
Epoch 592 Relative Error 0.002820107387378812
Epoch 593 Relative Error 0.0031166672706604004
Epoch 594 Relative Error 0.0025559142231941223
Epoch 595 Relative Error 0.0029318209271878004
Epoch 596 Relative Error 0.002645730273798108
Epoch 597 Relative Error 0.0030812134500592947
Epoch 598 Relative Error 0.0029973997734487057
Epoch 599 Relative Error 0.0022326179314404726
Epoch 600 Relative Error 0.0025126603431999683
Epoch 601 Relative Error 0.002202118979766965
Epoch 602 Relative Error 0.001668717130087316
Epoch 603 Relative Error 0.0017236259300261736
Epoch 604 Relative Error 0.002153826178982854
Epoch 605 Relative Error 0.0016060369089245796
Epoch 606 Relative Error 0.00183360674418509
Epoch 607 Relative Error 0.0015274776378646493
Epoch 608 Relative Error 0.0014904612908139825
Epoch 609 Relative Error 0.001493734191171825
Epoch 610 Relative Error 0.0016059980262070894
Epoch 611 Relative Error 0.0013932756846770644
Epoch 612 Relative Error 0.0013820609310641885
Epoch 613 Relative Error 0.0013306037290021777
Epoch 614 Relative Error 0.0013503598747774959
Epoch 615 Relative Error 0.001185495057143271
Epoch 616 Relative Error 0.0012330468744039536
Epoch 617 Relative Error 0.0010779103031381965
Epoch 618 Relative Error 0.0012142088962718844
Epoch 619 Relative Error 0.0010950778378173709
Epoch 620 Relative Error 0.0010714123491197824
Epoch 621 Relative Error 0.0009320584940724075
Epoch 622 Relative Error 0.001004036865197122
Epoch 623 Relative Error 0.0010153744369745255
Epoch 624 Relative Error 0.0009800345869734883
Epoch 625 Relative Error 0.0008523521246388555
Epoch 626 Relative Error 0.0008670319803059101
Epoch 627 Relative Error 0.0009963512420654297
Epoch 628 Relative Error 0.0008828800055198371
Epoch 629 Relative Error 0.0008573430241085589
Epoch 630 Relative Error 0.0007747685303911567
Epoch 631 Relative Error 0.000780620553996414
Epoch 632 Relative Error 0.0008425330161117017
Epoch 633 Relative Error 0.0007894980371929705
Epoch 634 Relative Error 0.0007683998555876315
Epoch 635 Relative Error 0.0008844458498060703
Epoch 636 Relative Error 0.0008126378525048494
Epoch 637 Relative Error 0.0009260175283998251
Epoch 638 Relative Error 0.0008929225150495768
Epoch 639 Relative Error 0.000788083125371486
Epoch 640 Relative Error 0.0007624395075254142
Epoch 641 Relative Error 0.0006758925155736506
Epoch 642 Relative Error 0.0006840280839242041
Epoch 643 Relative Error 0.0007707959157414734
Epoch 644 Relative Error 0.000810968573205173
Epoch 645 Relative Error 0.0007241176208481193
Epoch 646 Relative Error 0.0007868586108088493
Epoch 647 Relative Error 0.000888615904841572
Epoch 648 Relative Error 0.0008173408568836749
Epoch 649 Relative Error 0.0008237867150455713
Epoch 650 Relative Error 0.0006931716343387961
Epoch 651 Relative Error 0.0005784257082268596
Epoch 652 Relative Error 0.0006692596361972392
Epoch 653 Relative Error 0.000630288093816489
Epoch 654 Relative Error 0.0006422031437978148
Epoch 655 Relative Error 0.0006125923828221858
Epoch 656 Relative Error 0.0006323396228253841
Epoch 657 Relative Error 0.0006790505140088499
Epoch 658 Relative Error 0.000696646748110652
Epoch 659 Relative Error 0.00082749332068488
Epoch 660 Relative Error 0.0007800574530847371
Epoch 661 Relative Error 0.0008516077068634331
Epoch 662 Relative Error 0.0007313178502954543
Epoch 663 Relative Error 0.0008479602984152734
Epoch 664 Relative Error 0.0007588532753288746
Epoch 665 Relative Error 0.0008028794545680285
Epoch 666 Relative Error 0.0008429111330769956
Epoch 667 Relative Error 0.0007202588021755219
Epoch 668 Relative Error 0.0008170719374902546
Epoch 669 Relative Error 0.0009094718261621892
Epoch 670 Relative Error 0.0012446161126717925
Epoch 671 Relative Error 0.0014076904626563191
Epoch 672 Relative Error 0.001404541777446866
Epoch 673 Relative Error 0.0012834037188440561
Epoch 674 Relative Error 0.0015509974909946322
Epoch 675 Relative Error 0.001347833895124495
Epoch 676 Relative Error 0.0012855550739914179
Epoch 677 Relative Error 0.0011722275521606207
Epoch 678 Relative Error 0.0009927699575200677
Epoch 679 Relative Error 0.0008037278894335032
Epoch 680 Relative Error 0.0007816908764652908
Epoch 681 Relative Error 0.0008339145570062101
Epoch 682 Relative Error 0.0009263702086172998
Epoch 683 Relative Error 0.0008178564021363854
Epoch 684 Relative Error 0.0008693753043189645
Epoch 685 Relative Error 0.0007187096052803099
Epoch 686 Relative Error 0.0006678727804683149
Epoch 687 Relative Error 0.0007676004315726459
Epoch 688 Relative Error 0.0007133035105653107
Epoch 689 Relative Error 0.0007304008468054235
Epoch 690 Relative Error 0.0008775905589573085
Epoch 691 Relative Error 0.0008014677441678941
Epoch 692 Relative Error 0.0008434088085778058
Epoch 693 Relative Error 0.0006727155414409935
Epoch 694 Relative Error 0.0006029898067936301
Epoch 695 Relative Error 0.0007131515303626657
Epoch 696 Relative Error 0.0007455804152414203
Epoch 697 Relative Error 0.0008028437732718885
Epoch 698 Relative Error 0.0008644463960081339
Epoch 699 Relative Error 0.0009685599943622947
Epoch 700 Relative Error 0.0008098954567685723
Epoch 701 Relative Error 0.0007835290743969381
Epoch 702 Relative Error 0.0007441157940775156
Epoch 703 Relative Error 0.0008746643434278667
Epoch 704 Relative Error 0.0008888609590940177
Epoch 705 Relative Error 0.0009912499226629734
Epoch 706 Relative Error 0.0011069796746596694
Epoch 707 Relative Error 0.001212888746522367
Epoch 708 Relative Error 0.0011039454257115722
Epoch 709 Relative Error 0.0013470889534801245
Epoch 710 Relative Error 0.0013317246921360493
Epoch 711 Relative Error 0.001000886084511876
Epoch 712 Relative Error 0.0012332445476204157
Epoch 713 Relative Error 0.0010683415457606316
Epoch 714 Relative Error 0.0010633490746840835
Epoch 715 Relative Error 0.0014617054257541895
Epoch 716 Relative Error 0.0011113353539258242
Epoch 717 Relative Error 0.001083324197679758
Epoch 718 Relative Error 0.0012036038096994162
Epoch 719 Relative Error 0.0011020780075341463
Epoch 720 Relative Error 0.0010537225753068924
Epoch 721 Relative Error 0.0010898938635364175
Epoch 722 Relative Error 0.0009754626080393791
Epoch 723 Relative Error 0.0010383378248661757
Epoch 724 Relative Error 0.0011630937224254012
Epoch 725 Relative Error 0.0010518125491216779
Epoch 726 Relative Error 0.0008677627774886787
Epoch 727 Relative Error 0.0007973354659043252
Epoch 728 Relative Error 0.0008641606546007097
Epoch 729 Relative Error 0.0007799748564139009
Epoch 730 Relative Error 0.0007577787037007511
Epoch 731 Relative Error 0.0007729885401204228
Epoch 732 Relative Error 0.000697015377227217
Epoch 733 Relative Error 0.000715704052709043
Epoch 734 Relative Error 0.0007518564816564322
Epoch 735 Relative Error 0.0006468096398748457
Epoch 736 Relative Error 0.0007329531363211572
Epoch 737 Relative Error 0.0009187409887090325
Epoch 738 Relative Error 0.000890065508428961
Epoch 739 Relative Error 0.0009880006546154618
Epoch 740 Relative Error 0.0009285862324759364
Epoch 741 Relative Error 0.0009322543628513813
Epoch 742 Relative Error 0.0007741752197034657
Epoch 743 Relative Error 0.0008142783190123737
Epoch 744 Relative Error 0.0008327068644575775
Epoch 745 Relative Error 0.0007812382536940277
Epoch 746 Relative Error 0.0008242169278673828
Epoch 747 Relative Error 0.0007614161004312336
Epoch 748 Relative Error 0.0008510763291269541
Epoch 749 Relative Error 0.000781966489739716
Epoch 750 Relative Error 0.0007938635535538197
Epoch 751 Relative Error 0.0008837894420139492
Epoch 752 Relative Error 0.0013005714863538742
Epoch 753 Relative Error 0.0012800212716683745
Epoch 754 Relative Error 0.0012440880527719855
Epoch 755 Relative Error 0.0010826089419424534
Epoch 756 Relative Error 0.0014375080354511738
Epoch 757 Relative Error 0.001210701884701848
Epoch 758 Relative Error 0.0011877965880557895
Epoch 759 Relative Error 0.0013673794455826283
Epoch 760 Relative Error 0.0013321852311491966
Epoch 761 Relative Error 0.0011851605959236622
Epoch 762 Relative Error 0.001461018924601376
Epoch 763 Relative Error 0.0012348437448963523
Epoch 764 Relative Error 0.0011073631467297673
Epoch 765 Relative Error 0.0010773369576781988
Epoch 766 Relative Error 0.0011231121607124805
Epoch 767 Relative Error 0.0013234650250524282
Epoch 768 Relative Error 0.001387335592880845
Epoch 769 Relative Error 0.0011797508923336864
Epoch 770 Relative Error 0.0011645476333796978
Epoch 771 Relative Error 0.0010633448837324977
Epoch 772 Relative Error 0.001093776780180633
Epoch 773 Relative Error 0.0010361658642068505
Epoch 774 Relative Error 0.0010532886954024434
Epoch 775 Relative Error 0.000929313013330102
Epoch 776 Relative Error 0.0010394027922302485
Epoch 777 Relative Error 0.0009779789252206683
Epoch 778 Relative Error 0.0009798691608011723
Epoch 779 Relative Error 0.001066466560587287
Epoch 780 Relative Error 0.0009180931374430656
Epoch 781 Relative Error 0.0009209219715557992
Epoch 782 Relative Error 0.0008902173722162843
Epoch 783 Relative Error 0.0009065583581104875
Epoch 784 Relative Error 0.0011755652958527207
Epoch 785 Relative Error 0.0008535491651855409
Epoch 786 Relative Error 0.0010013276478275657
Epoch 787 Relative Error 0.0009497718419879675
Epoch 788 Relative Error 0.000967630825471133
Epoch 789 Relative Error 0.0009121836628764868
Epoch 790 Relative Error 0.0010503432713449001
Epoch 791 Relative Error 0.0011158748529851437
Epoch 792 Relative Error 0.0010757331037893891
Epoch 793 Relative Error 0.001026089652441442
Epoch 794 Relative Error 0.0008942275890149176
Epoch 795 Relative Error 0.0014629393117502332
Epoch 796 Relative Error 0.0010135022457689047
Epoch 797 Relative Error 0.0013283631997182965
Epoch 798 Relative Error 0.0010241441195830703
Epoch 799 Relative Error 0.0008344865636900067
Epoch 800 Relative Error 0.0009701632079668343
Epoch 801 Relative Error 0.0012460789876058698
Epoch 802 Relative Error 0.0011162142036482692
Epoch 803 Relative Error 0.0010767478961497545
Epoch 804 Relative Error 0.0010513279121369123
Epoch 805 Relative Error 0.0009267510031349957
Epoch 806 Relative Error 0.0008989069610834122
Epoch 807 Relative Error 0.0010634621139615774
Epoch 808 Relative Error 0.0011493227211758494
Epoch 809 Relative Error 0.0010592679027467966
Epoch 810 Relative Error 0.0009444969473406672
Epoch 811 Relative Error 0.0008754297741688788
Epoch 812 Relative Error 0.0008943519787862897
Epoch 813 Relative Error 0.0008693892741575837
Epoch 814 Relative Error 0.0008423950639553368
Epoch 815 Relative Error 0.0008497380767948925
Epoch 816 Relative Error 0.0009800412226468325
Epoch 817 Relative Error 0.0008229664526879787
Epoch 818 Relative Error 0.0007618003874085844
Epoch 819 Relative Error 0.0007990041631273925
Epoch 820 Relative Error 0.0006916671991348267
Epoch 821 Relative Error 0.0007840730249881744
Epoch 822 Relative Error 0.0008219918818213046
Epoch 823 Relative Error 0.0008176836417987943
Epoch 824 Relative Error 0.0007314476533792913
Epoch 825 Relative Error 0.0008445717394351959
Epoch 826 Relative Error 0.0008036633371375501
Epoch 827 Relative Error 0.0008092080825008452
Epoch 828 Relative Error 0.0010562777752056718
Epoch 829 Relative Error 0.0008166171028278768
Epoch 830 Relative Error 0.0009562218911014497
Epoch 831 Relative Error 0.0010384558700025082
Epoch 832 Relative Error 0.0007877072202973068
Epoch 833 Relative Error 0.0009058936848305166
Epoch 834 Relative Error 0.0007988564320839942
Epoch 835 Relative Error 0.0009308947483077645
Epoch 836 Relative Error 0.0009983853669837117
Epoch 837 Relative Error 0.0008947952883318067
Epoch 838 Relative Error 0.0009315832867287099
Epoch 839 Relative Error 0.0010028755059465766
Epoch 840 Relative Error 0.0008025753777474165
Epoch 841 Relative Error 0.0009931998793035746
Epoch 842 Relative Error 0.0009533671545796096
Epoch 843 Relative Error 0.0009416936663910747
Epoch 844 Relative Error 0.0010772290406748652
Epoch 845 Relative Error 0.0011960838455706835
Epoch 846 Relative Error 0.0009291202295571566
Epoch 847 Relative Error 0.0010035621235147119
Epoch 848 Relative Error 0.000731235952116549
Epoch 849 Relative Error 0.0009806337766349316
Epoch 850 Relative Error 0.0013871366390958428
Epoch 851 Relative Error 0.0013860948383808136
Epoch 852 Relative Error 0.0010922527872025967
Epoch 853 Relative Error 0.0011807754635810852
Epoch 854 Relative Error 0.0009621456847526133
Epoch 855 Relative Error 0.0009857052937150002
Epoch 856 Relative Error 0.0008795775938779116
Epoch 857 Relative Error 0.0010170775931328535
Epoch 858 Relative Error 0.0011793315643444657
Epoch 859 Relative Error 0.0007479937048628926
Epoch 860 Relative Error 0.0007995101041160524
Epoch 861 Relative Error 0.0009169218246825039
Epoch 862 Relative Error 0.0008093281649053097
Epoch 863 Relative Error 0.0008789157727733254
Epoch 864 Relative Error 0.0007763770408928394
Epoch 865 Relative Error 0.0007782113971188664
Epoch 866 Relative Error 0.0009270125883631408
Epoch 867 Relative Error 0.0009620048222132027
Epoch 868 Relative Error 0.0008204911136999726
Epoch 869 Relative Error 0.0008233926491811872
Epoch 870 Relative Error 0.0007540892693214118
Epoch 871 Relative Error 0.0007191149052232504
Epoch 872 Relative Error 0.0007967186393216252
Epoch 873 Relative Error 0.0008341835928149521
Epoch 874 Relative Error 0.0009749576565809548
Epoch 875 Relative Error 0.0010750875808298588
Epoch 876 Relative Error 0.0009141204063780606
Epoch 877 Relative Error 0.0009957520524039865
Epoch 878 Relative Error 0.0009957804577425122
Epoch 879 Relative Error 0.000851783319376409
Epoch 880 Relative Error 0.0009175252052955329
Epoch 881 Relative Error 0.0009184425580315292
Epoch 882 Relative Error 0.0008323000511154532
Epoch 883 Relative Error 0.0008327096584253013
Epoch 884 Relative Error 0.0009029633365571499
Epoch 885 Relative Error 0.0008570742793381214
Epoch 886 Relative Error 0.0006532640545628965
Epoch 887 Relative Error 0.00067351438337937
Epoch 888 Relative Error 0.0007333448738791049
Epoch 889 Relative Error 0.0007389760576188564
Epoch 890 Relative Error 0.0007298674318008125
Epoch 891 Relative Error 0.000784842181019485
Epoch 892 Relative Error 0.000732750107999891
Epoch 893 Relative Error 0.0007980996160767972
Epoch 894 Relative Error 0.0006901381420902908
Epoch 895 Relative Error 0.0006399264675565064
Epoch 896 Relative Error 0.0007411882397718728
Epoch 897 Relative Error 0.0008376968908123672
Epoch 898 Relative Error 0.000734485627617687
Epoch 899 Relative Error 0.0006153840222395957
Epoch 900 Relative Error 0.0006263538962230086
Epoch 901 Relative Error 0.0005507913301698864
Epoch 902 Relative Error 0.0006839242414571345
Epoch 903 Relative Error 0.0006161038763821125
Epoch 904 Relative Error 0.0006398950354196131
Epoch 905 Relative Error 0.0007233148207888007
Epoch 906 Relative Error 0.0007635924266651273
Epoch 907 Relative Error 0.0005888063460588455
Epoch 908 Relative Error 0.0006852549267932773
Epoch 909 Relative Error 0.0006413738010451198
Epoch 910 Relative Error 0.0006163473590277135
Epoch 911 Relative Error 0.0005031030159443617
Epoch 912 Relative Error 0.0005018683732487261
Epoch 913 Relative Error 0.0005305307568050921
Epoch 914 Relative Error 0.0006005144095979631
Epoch 915 Relative Error 0.0006506632198579609
Epoch 916 Relative Error 0.0005839093937538564
Epoch 917 Relative Error 0.0006043586763553321
Epoch 918 Relative Error 0.00060083536664024
Epoch 919 Relative Error 0.0006747871520929039
Epoch 920 Relative Error 0.0005685481010004878
Epoch 921 Relative Error 0.0005892574554309249
Epoch 922 Relative Error 0.0005512119387276471
Epoch 923 Relative Error 0.0006256800843402743
Epoch 924 Relative Error 0.0005400202353484929
Epoch 925 Relative Error 0.0005612901295535266
Epoch 926 Relative Error 0.0006642570369876921
Epoch 927 Relative Error 0.0006370316841639578
Epoch 928 Relative Error 0.0006861455040052533
Epoch 929 Relative Error 0.0007590055465698242
Epoch 930 Relative Error 0.0008857373613864183
Epoch 931 Relative Error 0.0008861765963956714
Epoch 932 Relative Error 0.0008834493346512318
Epoch 933 Relative Error 0.0010519918287172914
Epoch 934 Relative Error 0.000847756746225059
Epoch 935 Relative Error 0.0007185731665231287
Epoch 936 Relative Error 0.0008515290101058781
Epoch 937 Relative Error 0.0007742249290458858
Epoch 938 Relative Error 0.0009233810706064105
Epoch 939 Relative Error 0.0010284577729180455
Epoch 940 Relative Error 0.0008881528628990054
Epoch 941 Relative Error 0.0007423595525324345
Epoch 942 Relative Error 0.0007258124533109367
Epoch 943 Relative Error 0.0006943761836737394
Epoch 944 Relative Error 0.0007359301089309156
Epoch 945 Relative Error 0.0007407639059238136
Epoch 946 Relative Error 0.0007805365603417158
Epoch 947 Relative Error 0.0006976509466767311
Epoch 948 Relative Error 0.0006964384228922427
Epoch 949 Relative Error 0.0007563698454760015
Epoch 950 Relative Error 0.0007318410789594054
Epoch 951 Relative Error 0.0008065866422839463
Epoch 952 Relative Error 0.00080913957208395
Epoch 953 Relative Error 0.0008400488877668977
Epoch 954 Relative Error 0.0008669128874316812
Epoch 955 Relative Error 0.0008394673932343721
Epoch 956 Relative Error 0.0007451731944456697
Epoch 957 Relative Error 0.0008265100186690688
Epoch 958 Relative Error 0.0009340636315755546
Epoch 959 Relative Error 0.0009398270631209016
Epoch 960 Relative Error 0.000938138400670141
Epoch 961 Relative Error 0.0009086233330890536
Epoch 962 Relative Error 0.001094296108931303
Epoch 963 Relative Error 0.0009532808908261359
Epoch 964 Relative Error 0.0008939635008573532
Epoch 965 Relative Error 0.0009922783356159925
Epoch 966 Relative Error 0.0010797359282150865
Epoch 967 Relative Error 0.0010235626250505447
Epoch 968 Relative Error 0.0009041497833095491
Epoch 969 Relative Error 0.0009112742263823748
Epoch 970 Relative Error 0.0009944542543962598
Epoch 971 Relative Error 0.0009801900014281273
Epoch 972 Relative Error 0.001003652112558484
Epoch 973 Relative Error 0.001075991429388523
Epoch 974 Relative Error 0.0010645753936842084
Epoch 975 Relative Error 0.0012427920009940863
Epoch 976 Relative Error 0.0012609012192115188
Epoch 977 Relative Error 0.0013624486746266484
Epoch 978 Relative Error 0.0011813623132184148
Epoch 979 Relative Error 0.0010155178606510162
Epoch 980 Relative Error 0.0009217323968186975
Epoch 981 Relative Error 0.0011168313212692738
Epoch 982 Relative Error 0.0009801603155210614
Epoch 983 Relative Error 0.0008793440065346658
Epoch 984 Relative Error 0.0009782917331904173
Epoch 985 Relative Error 0.0009365698206238449
Epoch 986 Relative Error 0.0010048032272607088
Epoch 987 Relative Error 0.0009717672946862876
Epoch 988 Relative Error 0.0008403455140069127
Epoch 989 Relative Error 0.0011052711633965373
Epoch 990 Relative Error 0.0013981710653752089
Epoch 991 Relative Error 0.0011984029551967978
Epoch 992 Relative Error 0.0010785027407109737
Epoch 993 Relative Error 0.0009115635184571147
Epoch 994 Relative Error 0.0010278434492647648
Epoch 995 Relative Error 0.0011282552732154727
Epoch 996 Relative Error 0.0008956624078564346
Epoch 997 Relative Error 0.000987611128948629
Epoch 998 Relative Error 0.0007750391960144043
Epoch 999 Relative Error 0.0008899132371880114
Epoch 1000 Relative Error 0.0009448478231206536
RE (0, 4, 6, 0): 0.0003935366403311491
Green's Function RE (0, 4, 6, 0): 0.44519728422164917
Bias Term RE (0, 4, 6, 0): 0.41608527302742004
Combination (0, 4, 6, 0, 0): 0.44184234738349915
Combination (0, 4, 6, 0, 1): 0.4381142854690552
Combination (0, 4, 6, 0, 2): 0.4382685720920563
Combination (0, 4, 6, 0, 3): 0.43831080198287964
Combination (0, 4, 6, 0, 4): 0.43833085894584656

/home/gridsan/gstepaniants/.local/lib/python3.8/site-packages/torch/functional.py:478: UserWarning: torch.meshgrid: in an upcoming release, it will be required to pass the indexing argument. (Triggered internally at  ../aten/src/ATen/native/TensorShape.cpp:2895.)
  return _VF.meshgrid(tensors, **kwargs)  # type: ignore[attr-defined]
