[KeOps] Warning : Cuda libraries were not detected on the system ; using cpu only mode
1
Kernel: Exponential
Weight Mesh: 60
RKHS Kernel Width: 0.05
Lambda: 1e-06
Green's Function Learning Rate: 100
Bias Term Learning Rate: 100
Epoch 1 Relative Error 9733.7646484375
First epoch had re = 9733.7646484375 > 1
Green's Function Learning Rate: 50
Bias Term Learning Rate: 50
Epoch 1 Relative Error 5118.1025390625
First epoch had re = 5118.1025390625 > 1
Green's Function Learning Rate: 10
Bias Term Learning Rate: 10
Epoch 1 Relative Error 937.4767456054688
First epoch had re = 937.4767456054688 > 1
Green's Function Learning Rate: 5
Bias Term Learning Rate: 5
Epoch 1 Relative Error 517.4428100585938
First epoch had re = 517.4428100585938 > 1
Green's Function Learning Rate: 1
Bias Term Learning Rate: 1
Epoch 1 Relative Error 83.4571762084961
First epoch had re = 83.4571762084961 > 1
Green's Function Learning Rate: 0.5
Bias Term Learning Rate: 0.5
Epoch 1 Relative Error 51.12805938720703
First epoch had re = 51.12805938720703 > 1
Green's Function Learning Rate: 0.1
Bias Term Learning Rate: 0.1
Epoch 1 Relative Error 9.04959774017334
First epoch had re = 9.04959774017334 > 1
Green's Function Learning Rate: 0.05
Bias Term Learning Rate: 0.05
Epoch 1 Relative Error 5.324312210083008
First epoch had re = 5.324312210083008 > 1
Green's Function Learning Rate: 0.01
Bias Term Learning Rate: 0.01
Epoch 1 Relative Error 0.9121856093406677
Epoch 2 Relative Error 0.7044637203216553
Epoch 3 Relative Error 0.47028809785842896
Epoch 4 Relative Error 0.2570359408855438
Epoch 5 Relative Error 0.3203367292881012
Epoch 6 Relative Error 0.31943124532699585
Epoch 7 Relative Error 0.20023618638515472
Epoch 8 Relative Error 0.08979028463363647
Epoch 9 Relative Error 0.09491155296564102
Epoch 10 Relative Error 0.10414183139801025
Epoch 11 Relative Error 0.09259286522865295
Epoch 12 Relative Error 0.07267018407583237
Epoch 13 Relative Error 0.06493188440799713
Epoch 14 Relative Error 0.06047791987657547
Epoch 15 Relative Error 0.052549097687006
Epoch 16 Relative Error 0.03945187106728554
Epoch 17 Relative Error 0.02968907542526722
Epoch 18 Relative Error 0.02622648887336254
Epoch 19 Relative Error 0.025335047394037247
Epoch 20 Relative Error 0.02179671637713909
Epoch 21 Relative Error 0.019836261868476868
Epoch 22 Relative Error 0.018559064716100693
Epoch 23 Relative Error 0.01750805228948593
Epoch 24 Relative Error 0.01679222472012043
Epoch 25 Relative Error 0.016250329092144966
Epoch 26 Relative Error 0.015685131773352623
Epoch 27 Relative Error 0.015335987322032452
Epoch 28 Relative Error 0.014943603426218033
Epoch 29 Relative Error 0.014625085517764091
Epoch 30 Relative Error 0.01422040443867445
Epoch 31 Relative Error 0.013846482150256634
Epoch 32 Relative Error 0.013556289486587048
Epoch 33 Relative Error 0.01323008630424738
Epoch 34 Relative Error 0.012932948768138885
Epoch 35 Relative Error 0.012666295282542706
Epoch 36 Relative Error 0.01238001137971878
Epoch 37 Relative Error 0.012123801745474339
Epoch 38 Relative Error 0.011899980716407299
Epoch 39 Relative Error 0.011638953350484371
Epoch 40 Relative Error 0.011443930678069592
Epoch 41 Relative Error 0.011182321235537529
Epoch 42 Relative Error 0.010994495823979378
Epoch 43 Relative Error 0.010828700847923756
Epoch 44 Relative Error 0.01054353453218937
Epoch 45 Relative Error 0.01038152351975441
Epoch 46 Relative Error 0.010167778469622135
Epoch 47 Relative Error 0.009991846047341824
Epoch 48 Relative Error 0.009847430512309074
Epoch 49 Relative Error 0.00967889092862606
Epoch 50 Relative Error 0.00947489868849516
Epoch 51 Relative Error 0.009324070997536182
Epoch 52 Relative Error 0.009156692773103714
Epoch 53 Relative Error 0.009048037230968475
Epoch 54 Relative Error 0.00887079257518053
Epoch 55 Relative Error 0.00874042883515358
Epoch 56 Relative Error 0.008617525920271873
Epoch 57 Relative Error 0.008444069884717464
Epoch 58 Relative Error 0.008310757577419281
Epoch 59 Relative Error 0.008220837451517582
Epoch 60 Relative Error 0.00811928790062666
Epoch 61 Relative Error 0.007968931458890438
Epoch 62 Relative Error 0.007913734763860703
Epoch 63 Relative Error 0.007741570007055998
Epoch 64 Relative Error 0.007616933900862932
Epoch 65 Relative Error 0.007508570794016123
Epoch 66 Relative Error 0.007444338873028755
Epoch 67 Relative Error 0.00730607146397233
Epoch 68 Relative Error 0.007246760185807943
Epoch 69 Relative Error 0.007131647318601608
Epoch 70 Relative Error 0.00707023311406374
Epoch 71 Relative Error 0.007008281070739031
Epoch 72 Relative Error 0.006943210493773222
Epoch 73 Relative Error 0.0068108998239040375
Epoch 74 Relative Error 0.006703554652631283
Epoch 75 Relative Error 0.006601788569241762
Epoch 76 Relative Error 0.006560839246958494
Epoch 77 Relative Error 0.006473754532635212
Epoch 78 Relative Error 0.006398060359060764
Epoch 79 Relative Error 0.0063108657486736774
Epoch 80 Relative Error 0.006283566355705261
Epoch 81 Relative Error 0.006302860099822283
Epoch 82 Relative Error 0.006158759351819754
Epoch 83 Relative Error 0.006030471064150333
Epoch 84 Relative Error 0.006000617053359747
Epoch 85 Relative Error 0.005910329986363649
Epoch 86 Relative Error 0.005853765644133091
Epoch 87 Relative Error 0.005813973024487495
Epoch 88 Relative Error 0.005772906355559826
Epoch 89 Relative Error 0.005731243174523115
Epoch 90 Relative Error 0.005695009604096413
Epoch 91 Relative Error 0.005566688254475594
Epoch 92 Relative Error 0.005505233071744442
Epoch 93 Relative Error 0.005489681381732225
Epoch 94 Relative Error 0.00539950979873538
Epoch 95 Relative Error 0.0053786649368703365
Epoch 96 Relative Error 0.00534302880987525
Epoch 97 Relative Error 0.005264447070658207
Epoch 98 Relative Error 0.005241021513938904
Epoch 99 Relative Error 0.005160046741366386
Epoch 100 Relative Error 0.005138671491295099
Epoch 101 Relative Error 0.005088921636343002
Epoch 102 Relative Error 0.005057091359049082
Epoch 103 Relative Error 0.005029652733355761
Epoch 104 Relative Error 0.004981499630957842
Epoch 105 Relative Error 0.004941177554428577
Epoch 106 Relative Error 0.004909562412649393
Epoch 107 Relative Error 0.004832074046134949
Epoch 108 Relative Error 0.00482551334425807
Epoch 109 Relative Error 0.004775961395353079
Epoch 110 Relative Error 0.004822957795113325
Epoch 111 Relative Error 0.004698175936937332
Epoch 112 Relative Error 0.004660072736442089
Epoch 113 Relative Error 0.0046682110987603664
Epoch 114 Relative Error 0.004596393089741468
Epoch 115 Relative Error 0.0045595900155603886
Epoch 116 Relative Error 0.004521876107901335
Epoch 117 Relative Error 0.004480015952140093
Epoch 118 Relative Error 0.004475887399166822
Epoch 119 Relative Error 0.004469219595193863
Epoch 120 Relative Error 0.004433406516909599
Epoch 121 Relative Error 0.004393504932522774
Epoch 122 Relative Error 0.0043611833825707436
Epoch 123 Relative Error 0.004381801001727581
Epoch 124 Relative Error 0.0042875693179667
Epoch 125 Relative Error 0.0043088896200060844
Epoch 126 Relative Error 0.004263412673026323
Epoch 127 Relative Error 0.004211744759231806
Epoch 128 Relative Error 0.004206170327961445
Epoch 129 Relative Error 0.004189701750874519
Epoch 130 Relative Error 0.004128493368625641
Epoch 131 Relative Error 0.004111189395189285
Epoch 132 Relative Error 0.0040619997307658195
Epoch 133 Relative Error 0.004078722558915615
Epoch 134 Relative Error 0.004046883434057236
Epoch 135 Relative Error 0.004047042224556208
Epoch 136 Relative Error 0.0041116224601864815
Epoch 137 Relative Error 0.004174561705440283
Epoch 138 Relative Error 0.004014929756522179
Epoch 139 Relative Error 0.004005567170679569
Epoch 140 Relative Error 0.0039716847240924835
Epoch 141 Relative Error 0.003923661075532436
Epoch 142 Relative Error 0.003857710864394903
Epoch 143 Relative Error 0.003873394336551428
Epoch 144 Relative Error 0.0038745382335036993
Epoch 145 Relative Error 0.0038060052320361137
Epoch 146 Relative Error 0.0038081384263932705
Epoch 147 Relative Error 0.0037944132927805185
Epoch 148 Relative Error 0.0037598912604153156
Epoch 149 Relative Error 0.00378877529874444
Epoch 150 Relative Error 0.0037270181346684694
Epoch 151 Relative Error 0.0036766789853572845
Epoch 152 Relative Error 0.003641595132648945
Epoch 153 Relative Error 0.003619363298639655
Epoch 154 Relative Error 0.003598963376134634
Epoch 155 Relative Error 0.00357364141382277
Epoch 156 Relative Error 0.003597996197640896
Epoch 157 Relative Error 0.0035366136580705643
Epoch 158 Relative Error 0.0035087219439446926
Epoch 159 Relative Error 0.003506540320813656
Epoch 160 Relative Error 0.0034995165187865496
Epoch 161 Relative Error 0.0034686666913330555
Epoch 162 Relative Error 0.0034971917048096657
Epoch 163 Relative Error 0.0034868100192397833
Epoch 164 Relative Error 0.003443309338763356
Epoch 165 Relative Error 0.003447500756010413
Epoch 166 Relative Error 0.003435344435274601
Epoch 167 Relative Error 0.0034311856143176556
Epoch 168 Relative Error 0.003379535861313343
Epoch 169 Relative Error 0.0033771211747080088
Epoch 170 Relative Error 0.0034269201569259167
Epoch 171 Relative Error 0.0034340734127908945
Epoch 172 Relative Error 0.0033501724246889353
Epoch 173 Relative Error 0.003304319456219673
Epoch 174 Relative Error 0.0033048545010387897
Epoch 175 Relative Error 0.003361648414283991
Epoch 176 Relative Error 0.003285285085439682
Epoch 177 Relative Error 0.003294148715212941
Epoch 178 Relative Error 0.0033029497135430574
Epoch 179 Relative Error 0.0033697951585054398
Epoch 180 Relative Error 0.0033627573866397142
Epoch 181 Relative Error 0.0032094616908580065
Epoch 182 Relative Error 0.003191018244251609
Epoch 183 Relative Error 0.0033839643001556396
Epoch 184 Relative Error 0.0031673109624534845
Epoch 185 Relative Error 0.0031843020115047693
Epoch 186 Relative Error 0.0031113852746784687
Epoch 187 Relative Error 0.0031109689734876156
Epoch 188 Relative Error 0.003081205068156123
Epoch 189 Relative Error 0.0030767065472900867
Epoch 190 Relative Error 0.0030774299520999193
Epoch 191 Relative Error 0.0030580414459109306
Epoch 192 Relative Error 0.0030317737255245447
Epoch 193 Relative Error 0.003013632958754897
Epoch 194 Relative Error 0.0030142064206302166
Epoch 195 Relative Error 0.002983729587867856
Epoch 196 Relative Error 0.0030062254518270493
Epoch 197 Relative Error 0.0030186809599399567
Epoch 198 Relative Error 0.002940878737717867
Epoch 199 Relative Error 0.002943177241832018
Epoch 200 Relative Error 0.0029502324759960175
Epoch 201 Relative Error 0.0029398754704743624
Epoch 202 Relative Error 0.0029399089980870485
Epoch 203 Relative Error 0.002890987554565072
Epoch 204 Relative Error 0.002911060117185116
Epoch 205 Relative Error 0.002925349399447441
Epoch 206 Relative Error 0.0028756565880030394
Epoch 207 Relative Error 0.0028362262528389692
Epoch 208 Relative Error 0.0028461311012506485
Epoch 209 Relative Error 0.0028071964625269175
Epoch 210 Relative Error 0.002816630294546485
Epoch 211 Relative Error 0.002825505565851927
Epoch 212 Relative Error 0.002810912672430277
Epoch 213 Relative Error 0.0028822876047343016
Epoch 214 Relative Error 0.0028799267020076513
Epoch 215 Relative Error 0.002816175576299429
Epoch 216 Relative Error 0.0027902505826205015
Epoch 217 Relative Error 0.002795168664306402
Epoch 218 Relative Error 0.002772110514342785
Epoch 219 Relative Error 0.0027333165053278208
Epoch 220 Relative Error 0.002721539232879877
Epoch 221 Relative Error 0.002716458635404706
Epoch 222 Relative Error 0.00268844747915864
Epoch 223 Relative Error 0.0026733851991593838
Epoch 224 Relative Error 0.0027157189324498177
Epoch 225 Relative Error 0.002699664793908596
Epoch 226 Relative Error 0.0026354845613241196
Epoch 227 Relative Error 0.002687284955754876
Epoch 228 Relative Error 0.0026958805974572897
Epoch 229 Relative Error 0.0026271240785717964
Epoch 230 Relative Error 0.00263476581312716
Epoch 231 Relative Error 0.0026350279804319143
Epoch 232 Relative Error 0.0026137963868677616
Epoch 233 Relative Error 0.0026145721785724163
Epoch 234 Relative Error 0.002563979709520936
Epoch 235 Relative Error 0.0025944204535335302
Epoch 236 Relative Error 0.002575047081336379
Epoch 237 Relative Error 0.002548687858507037
Epoch 238 Relative Error 0.002552612219005823
Epoch 239 Relative Error 0.0025428629014641047
Epoch 240 Relative Error 0.0025472939014434814
Epoch 241 Relative Error 0.00255405530333519
Epoch 242 Relative Error 0.0025068270042538643
Epoch 243 Relative Error 0.0025042048655450344
Epoch 244 Relative Error 0.002537772059440613
Epoch 245 Relative Error 0.0024964120239019394
Epoch 246 Relative Error 0.0024798696395009756
Epoch 247 Relative Error 0.0024716469924896955
Epoch 248 Relative Error 0.0024753545876592398
Epoch 249 Relative Error 0.0024504743050783873
Epoch 250 Relative Error 0.002444064011797309
Epoch 251 Relative Error 0.0024460316635668278
Epoch 252 Relative Error 0.0024937852285802364
Epoch 253 Relative Error 0.002417361829429865
Epoch 254 Relative Error 0.0024030236527323723
Epoch 255 Relative Error 0.00240436103194952
Epoch 256 Relative Error 0.002414899878203869
Epoch 257 Relative Error 0.002444714307785034
Epoch 258 Relative Error 0.0024529604706913233
Epoch 259 Relative Error 0.0024168624076992273
Epoch 260 Relative Error 0.0024570205714553595
Epoch 261 Relative Error 0.00243820040486753
Epoch 262 Relative Error 0.0025025014765560627
Epoch 263 Relative Error 0.002388895722106099
Epoch 264 Relative Error 0.0023712755646556616
Epoch 265 Relative Error 0.002407291205599904
Epoch 266 Relative Error 0.00234032585285604
Epoch 267 Relative Error 0.00238057947717607
Epoch 268 Relative Error 0.002356342738494277
Epoch 269 Relative Error 0.0023249087389558554
Epoch 270 Relative Error 0.0023058513179421425
Epoch 271 Relative Error 0.0023161175195127726
Epoch 272 Relative Error 0.002299605868756771
Epoch 273 Relative Error 0.0022987546399235725
Epoch 274 Relative Error 0.0022836849093437195
Epoch 275 Relative Error 0.002274934435263276
Epoch 276 Relative Error 0.00227189133875072
Epoch 277 Relative Error 0.0022722508292645216
Epoch 278 Relative Error 0.0022823959589004517
Epoch 279 Relative Error 0.00229463167488575
Epoch 280 Relative Error 0.002380991354584694
Epoch 281 Relative Error 0.002261221408843994
Epoch 282 Relative Error 0.0024071845691651106
Epoch 283 Relative Error 0.002440191339701414
Epoch 284 Relative Error 0.002462888602167368
Epoch 285 Relative Error 0.002400758909061551
Epoch 286 Relative Error 0.0023307674564421177
Epoch 287 Relative Error 0.0023587995674461126
Epoch 288 Relative Error 0.002239091321825981
Epoch 289 Relative Error 0.0022147949784994125
Epoch 290 Relative Error 0.0021936700213700533
Epoch 291 Relative Error 0.002162075834348798
Epoch 292 Relative Error 0.0022081430070102215
Epoch 293 Relative Error 0.002187134465202689
Epoch 294 Relative Error 0.002199132228270173
Epoch 295 Relative Error 0.002228003926575184
Epoch 296 Relative Error 0.0021630150731652975
Epoch 297 Relative Error 0.0021955566480755806
Epoch 298 Relative Error 0.0021564853377640247
Epoch 299 Relative Error 0.0021319189108908176
Epoch 300 Relative Error 0.002125254599377513
Epoch 301 Relative Error 0.0021399795077741146
Epoch 302 Relative Error 0.0021231186110526323
Epoch 303 Relative Error 0.002100626239553094
Epoch 304 Relative Error 0.002129514701664448
Epoch 305 Relative Error 0.002108318265527487
Epoch 306 Relative Error 0.002089179353788495
Epoch 307 Relative Error 0.0021575854625552893
Epoch 308 Relative Error 0.002125269267708063
Epoch 309 Relative Error 0.002097007818520069
Epoch 310 Relative Error 0.0021393976639956236
Epoch 311 Relative Error 0.0020922119729220867
Epoch 312 Relative Error 0.002081318059936166
Epoch 313 Relative Error 0.0021192249841988087
Epoch 314 Relative Error 0.0021159157622605562
Epoch 315 Relative Error 0.00211144145578146
Epoch 316 Relative Error 0.0020698541775345802
Epoch 317 Relative Error 0.002104072365909815
Epoch 318 Relative Error 0.002059076214209199
Epoch 319 Relative Error 0.0021957119461148977
Epoch 320 Relative Error 0.0021369841415435076
Epoch 321 Relative Error 0.0020780167542397976
Epoch 322 Relative Error 0.0020380448549985886
Epoch 323 Relative Error 0.0020479897502809763
Epoch 324 Relative Error 0.0020638704299926758
Epoch 325 Relative Error 0.0021028020419180393
Epoch 326 Relative Error 0.002026019850745797
Epoch 327 Relative Error 0.0020010266453027725
Epoch 328 Relative Error 0.0019718718249350786
Epoch 329 Relative Error 0.0020005921833217144
Epoch 330 Relative Error 0.002026019152253866
Epoch 331 Relative Error 0.002076211152598262
Epoch 332 Relative Error 0.0020074727945029736
Epoch 333 Relative Error 0.0019961849320679903
Epoch 334 Relative Error 0.001996994484215975
Epoch 335 Relative Error 0.0020127766765654087
Epoch 336 Relative Error 0.0019878174643963575
Epoch 337 Relative Error 0.0020172607619315386
Epoch 338 Relative Error 0.002308935858309269
Epoch 339 Relative Error 0.002114411909133196
Epoch 340 Relative Error 0.0020374434534460306
Epoch 341 Relative Error 0.0020769117400050163
Epoch 342 Relative Error 0.002123484620824456
Epoch 343 Relative Error 0.0020308545790612698
Epoch 344 Relative Error 0.002014108467847109
Epoch 345 Relative Error 0.002043438609689474
Epoch 346 Relative Error 0.0020916208159178495
Epoch 347 Relative Error 0.0021059843711555004
Epoch 348 Relative Error 0.0022093167062848806
Epoch 349 Relative Error 0.002082414459437132
Epoch 350 Relative Error 0.002159879310056567
Epoch 351 Relative Error 0.0020591244101524353
Epoch 352 Relative Error 0.0019959493074566126
Epoch 353 Relative Error 0.0018849567277356982
Epoch 354 Relative Error 0.0019471816485747695
Epoch 355 Relative Error 0.0018955549458041787
Epoch 356 Relative Error 0.0019324764143675566
Epoch 357 Relative Error 0.0020402029622346163
Epoch 358 Relative Error 0.0019030418479815125
Epoch 359 Relative Error 0.0018691362347453833
Epoch 360 Relative Error 0.0018810282927006483
Epoch 361 Relative Error 0.0018412654753774405
Epoch 362 Relative Error 0.0018517408752813935
Epoch 363 Relative Error 0.0018362802220508456
Epoch 364 Relative Error 0.0018376647494733334
Epoch 365 Relative Error 0.001875031040981412
Epoch 366 Relative Error 0.0018771603936329484
Epoch 367 Relative Error 0.00188392901327461
Epoch 368 Relative Error 0.0019156173802912235
Epoch 369 Relative Error 0.0018804683350026608
Epoch 370 Relative Error 0.0019005610374733806
Epoch 371 Relative Error 0.0018726000562310219
Epoch 372 Relative Error 0.0018776844954118133
Epoch 373 Relative Error 0.001868970924988389
Epoch 374 Relative Error 0.0018718307837843895
Epoch 375 Relative Error 0.0018640602938830853
Epoch 376 Relative Error 0.0018818873213604093
Epoch 377 Relative Error 0.0018351555336266756
Epoch 378 Relative Error 0.0018017628462985158
Epoch 379 Relative Error 0.001897149602882564
Epoch 380 Relative Error 0.0018204163061454892
Epoch 381 Relative Error 0.0018445608438923955
Epoch 382 Relative Error 0.00180605158675462
Epoch 383 Relative Error 0.0017881678650155663
Epoch 384 Relative Error 0.0017945545259863138
Epoch 385 Relative Error 0.0017658548895269632
Epoch 386 Relative Error 0.0017733016284182668
Epoch 387 Relative Error 0.0017699777381494641
Epoch 388 Relative Error 0.001839436823502183
Epoch 389 Relative Error 0.0017488107550889254
Epoch 390 Relative Error 0.0017948742024600506
Epoch 391 Relative Error 0.0017500878311693668
Epoch 392 Relative Error 0.00173257477581501
Epoch 393 Relative Error 0.0017874522600322962
Epoch 394 Relative Error 0.0018277743365615606
Epoch 395 Relative Error 0.001775418291799724
Epoch 396 Relative Error 0.001775283133611083
Epoch 397 Relative Error 0.001786471693776548
Epoch 398 Relative Error 0.0018131835386157036
Epoch 399 Relative Error 0.001804548897780478
Epoch 400 Relative Error 0.0019030647817999125
Epoch 401 Relative Error 0.0018523323815315962
Epoch 402 Relative Error 0.0017921874532476068
Epoch 403 Relative Error 0.0018206643871963024
Epoch 404 Relative Error 0.0018016014946624637
Epoch 405 Relative Error 0.001864161342382431
Epoch 406 Relative Error 0.0018672100268304348
Epoch 407 Relative Error 0.0023089365568012
Epoch 408 Relative Error 0.0019201227696612477
Epoch 409 Relative Error 0.001942667062394321
Epoch 410 Relative Error 0.0019403941696509719
Epoch 411 Relative Error 0.0018730523297563195
Epoch 412 Relative Error 0.0018856668611988425
Epoch 413 Relative Error 0.0019298817496746778
Epoch 414 Relative Error 0.0020377503242343664
Epoch 415 Relative Error 0.0019151030573993921
Epoch 416 Relative Error 0.001959795132279396
Epoch 417 Relative Error 0.0019089054549112916
Epoch 418 Relative Error 0.0017782479990273714
Epoch 419 Relative Error 0.001853979891166091
Epoch 420 Relative Error 0.0017668349901214242
Epoch 421 Relative Error 0.0017229269724339247
Epoch 422 Relative Error 0.0017289010575041175
Epoch 423 Relative Error 0.0018418128602206707
Epoch 424 Relative Error 0.0017512824852019548
Epoch 425 Relative Error 0.0018724978435784578
Epoch 426 Relative Error 0.0017694915877655149
Epoch 427 Relative Error 0.0018266052938997746
Epoch 428 Relative Error 0.0016767799388617277
Epoch 429 Relative Error 0.0018182320054620504
Epoch 430 Relative Error 0.0016858085291460156
Epoch 431 Relative Error 0.0017785923555493355
Epoch 432 Relative Error 0.0018341518007218838
Epoch 433 Relative Error 0.0017168514896184206
Epoch 434 Relative Error 0.0018350383033975959
Epoch 435 Relative Error 0.0017065951833501458
Epoch 436 Relative Error 0.00176803779322654
Epoch 437 Relative Error 0.0017026739660650492
Epoch 438 Relative Error 0.0016402080655097961
Epoch 439 Relative Error 0.0016518287593498826
Epoch 440 Relative Error 0.0016912446590140462
Epoch 441 Relative Error 0.0016060465713962913
Epoch 442 Relative Error 0.0017027747817337513
Epoch 443 Relative Error 0.0016130799194797873
Epoch 444 Relative Error 0.0016101528890430927
Epoch 445 Relative Error 0.0016485753003507853
Epoch 446 Relative Error 0.0016133500030264258
Epoch 447 Relative Error 0.001617042813450098
Epoch 448 Relative Error 0.0016519278287887573
Epoch 449 Relative Error 0.0016757582779973745
Epoch 450 Relative Error 0.0016697217943146825
Epoch 451 Relative Error 0.0016111028380692005
Epoch 452 Relative Error 0.0016744632739573717
Epoch 453 Relative Error 0.0016984355170279741
Epoch 454 Relative Error 0.0016110712895169854
Epoch 455 Relative Error 0.0015975410351529717
Epoch 456 Relative Error 0.0015751442406326532
Epoch 457 Relative Error 0.0016486493404954672
Epoch 458 Relative Error 0.001595885492861271
Epoch 459 Relative Error 0.0016723275184631348
Epoch 460 Relative Error 0.001567260711453855
Epoch 461 Relative Error 0.0016861530020833015
Epoch 462 Relative Error 0.001555903349071741
Epoch 463 Relative Error 0.0016701408894732594
Epoch 464 Relative Error 0.0015737132634967566
Epoch 465 Relative Error 0.0016155181219801307
Epoch 466 Relative Error 0.0015348691958934069
Epoch 467 Relative Error 0.0015868924092501402
Epoch 468 Relative Error 0.0015897824196144938
Epoch 469 Relative Error 0.0016205281717702746
Epoch 470 Relative Error 0.0015480966540053487
Epoch 471 Relative Error 0.0017247856594622135
Epoch 472 Relative Error 0.0015794570790603757
Epoch 473 Relative Error 0.001894874614663422
Epoch 474 Relative Error 0.001872516586445272
Epoch 475 Relative Error 0.0017413990572094917
Epoch 476 Relative Error 0.0017433236353099346
Epoch 477 Relative Error 0.0015941646415740252
Epoch 478 Relative Error 0.0016646371223032475
Epoch 479 Relative Error 0.0015502087771892548
Epoch 480 Relative Error 0.0016463439678773284
Epoch 481 Relative Error 0.0016095915343612432
Epoch 482 Relative Error 0.0015998412854969501
Epoch 483 Relative Error 0.0015256012557074428
Epoch 484 Relative Error 0.00153476616833359
Epoch 485 Relative Error 0.001533621922135353
Epoch 486 Relative Error 0.0015146438963711262
Epoch 487 Relative Error 0.0015452266670763493
Epoch 488 Relative Error 0.0015244910027831793
Epoch 489 Relative Error 0.0015850807540118694
Epoch 490 Relative Error 0.0015368531458079815
Epoch 491 Relative Error 0.001510129077360034
Epoch 492 Relative Error 0.00152125908061862
Epoch 493 Relative Error 0.001486630062572658
Epoch 494 Relative Error 0.0015716206980869174
Epoch 495 Relative Error 0.001658172463066876
Epoch 496 Relative Error 0.001577837043441832
Epoch 497 Relative Error 0.0015815898077562451
Epoch 498 Relative Error 0.0015843221917748451
Epoch 499 Relative Error 0.0017323022475466132
Epoch 500 Relative Error 0.0017710969550535083
Epoch 501 Relative Error 0.0016496075550094247
Epoch 502 Relative Error 0.001508113695308566
Epoch 503 Relative Error 0.001503089559264481
Epoch 504 Relative Error 0.0015592187410220504
Epoch 505 Relative Error 0.0014684568159282207
Epoch 506 Relative Error 0.0014534934889525175
Epoch 507 Relative Error 0.0014926586300134659
Epoch 508 Relative Error 0.0014677548315376043
Epoch 509 Relative Error 0.00145538873039186
Epoch 510 Relative Error 0.0015195599989965558
Epoch 511 Relative Error 0.0016516976756975055
Epoch 512 Relative Error 0.0016177218640223145
Epoch 513 Relative Error 0.0016118548810482025
Epoch 514 Relative Error 0.0017940390389412642
Epoch 515 Relative Error 0.0017606208566576242
Epoch 516 Relative Error 0.001719411346130073
Epoch 517 Relative Error 0.0015131072141230106
Epoch 518 Relative Error 0.0015804109862074256
Epoch 519 Relative Error 0.0015813740901648998
Epoch 520 Relative Error 0.0015452626394107938
Epoch 521 Relative Error 0.0014919006498530507
Epoch 522 Relative Error 0.0014929096214473248
Epoch 523 Relative Error 0.0014701841864734888
Epoch 524 Relative Error 0.0014761789934709668
Epoch 525 Relative Error 0.001494470052421093
Epoch 526 Relative Error 0.0015036293771117926
Epoch 527 Relative Error 0.0014568604528903961
Epoch 528 Relative Error 0.0015041630249470472
Epoch 529 Relative Error 0.0014423971297219396
Epoch 530 Relative Error 0.0014370824210345745
Epoch 531 Relative Error 0.001468057045713067
Epoch 532 Relative Error 0.0014403531095013022
Epoch 533 Relative Error 0.0015371947083622217
Epoch 534 Relative Error 0.0014481338439509273
Epoch 535 Relative Error 0.0016297227703034878
Epoch 536 Relative Error 0.001491084462031722
Epoch 537 Relative Error 0.0014750722330063581
Epoch 538 Relative Error 0.0014311008853837848
Epoch 539 Relative Error 0.0015254680765792727
Epoch 540 Relative Error 0.0015064277686178684
Epoch 541 Relative Error 0.001481666462495923
Epoch 542 Relative Error 0.0014606605982407928
Epoch 543 Relative Error 0.0013961649965494871
Epoch 544 Relative Error 0.0013870850671082735
Epoch 545 Relative Error 0.0014015614287927747
Epoch 546 Relative Error 0.0014260865282267332
Epoch 547 Relative Error 0.0014548059552907944
Epoch 548 Relative Error 0.0014219156000763178
Epoch 549 Relative Error 0.0014725560322403908
Epoch 550 Relative Error 0.0015222468646243215
Epoch 551 Relative Error 0.001408116426318884
Epoch 552 Relative Error 0.001592098269611597
Epoch 553 Relative Error 0.0016081586945801973
Epoch 554 Relative Error 0.0015604415675625205
Epoch 555 Relative Error 0.0016968152485787868
Epoch 556 Relative Error 0.0017753824358806014
Epoch 557 Relative Error 0.001765561057254672
Epoch 558 Relative Error 0.0015935089904814959
Epoch 559 Relative Error 0.0015558353625237942
Epoch 560 Relative Error 0.0014887466095387936
Epoch 561 Relative Error 0.0015654437011107802
Epoch 562 Relative Error 0.0014775480376556516
Epoch 563 Relative Error 0.0015155453002080321
Epoch 564 Relative Error 0.0014413337921723723
Epoch 565 Relative Error 0.0014452968025580049
Epoch 566 Relative Error 0.0014478336088359356
Epoch 567 Relative Error 0.0014674327103421092
Epoch 568 Relative Error 0.00138552684802562
Epoch 569 Relative Error 0.00141250214073807
Epoch 570 Relative Error 0.001379879773594439
Epoch 571 Relative Error 0.0014325807569548488
Epoch 572 Relative Error 0.0013719407143071294
Epoch 573 Relative Error 0.0013882435159757733
Epoch 574 Relative Error 0.0013626802247017622
Epoch 575 Relative Error 0.001378838438540697
Epoch 576 Relative Error 0.0014248788356781006
Epoch 577 Relative Error 0.0013383678160607815
Epoch 578 Relative Error 0.0013422215124592185
Epoch 579 Relative Error 0.0013432609848678112
Epoch 580 Relative Error 0.0013309288769960403
Epoch 581 Relative Error 0.001390578574500978
Epoch 582 Relative Error 0.0013764617033302784
Epoch 583 Relative Error 0.0014138991245999932
Epoch 584 Relative Error 0.0013286639004945755
Epoch 585 Relative Error 0.0013548240531235933
Epoch 586 Relative Error 0.0013620074605569243
Epoch 587 Relative Error 0.0013550834264606237
Epoch 588 Relative Error 0.0014062526170164347
Epoch 589 Relative Error 0.0014951856574043632
Epoch 590 Relative Error 0.001431332784704864
Epoch 591 Relative Error 0.0014479195233434439
Epoch 592 Relative Error 0.0013589381705969572
Epoch 593 Relative Error 0.0015403585275635123
Epoch 594 Relative Error 0.0013945839600637555
Epoch 595 Relative Error 0.0013978482456877828
Epoch 596 Relative Error 0.00134762201923877
Epoch 597 Relative Error 0.0013602402759715915
Epoch 598 Relative Error 0.0013952066656202078
Epoch 599 Relative Error 0.0013818027218803763
Epoch 600 Relative Error 0.0014371672878041863
Epoch 601 Relative Error 0.0014481525868177414
Epoch 602 Relative Error 0.001393669517710805
Epoch 603 Relative Error 0.001402335474267602
Epoch 604 Relative Error 0.0013869673712179065
Epoch 605 Relative Error 0.0013579720398411155
Epoch 606 Relative Error 0.0013630478642880917
Epoch 607 Relative Error 0.0014605314936488867
Epoch 608 Relative Error 0.0014221785822883248
Epoch 609 Relative Error 0.0014332712162286043
Epoch 610 Relative Error 0.0013594833435490727
Epoch 611 Relative Error 0.0013389437226578593
Epoch 612 Relative Error 0.001386562711559236
Epoch 613 Relative Error 0.0013506199466064572
Epoch 614 Relative Error 0.0016146251000463963
Epoch 615 Relative Error 0.0013901288621127605
Epoch 616 Relative Error 0.0014634289545938373
Epoch 617 Relative Error 0.0013060655910521746
Epoch 618 Relative Error 0.0013300944119691849
Epoch 619 Relative Error 0.0013016313314437866
Epoch 620 Relative Error 0.0013031346024945378
Epoch 621 Relative Error 0.0013208277523517609
Epoch 622 Relative Error 0.0013223147252574563
Epoch 623 Relative Error 0.0013622748665511608
Epoch 624 Relative Error 0.001325199264101684
Epoch 625 Relative Error 0.0014119771076366305
Epoch 626 Relative Error 0.001413873746059835
Epoch 627 Relative Error 0.0013246089220046997
Epoch 628 Relative Error 0.0012721751118078828
Epoch 629 Relative Error 0.0012890961952507496
Epoch 630 Relative Error 0.001278952113352716
Epoch 631 Relative Error 0.0013051675632596016
Epoch 632 Relative Error 0.001300108153373003
Epoch 633 Relative Error 0.0013667335733771324
Epoch 634 Relative Error 0.0013552004238590598
Epoch 635 Relative Error 0.0013613499468192458
Epoch 636 Relative Error 0.0014464161358773708
Epoch 637 Relative Error 0.001393445418216288
Epoch 638 Relative Error 0.0013275552773848176
Epoch 639 Relative Error 0.0014446602435782552
Epoch 640 Relative Error 0.0014301205519586802
Epoch 641 Relative Error 0.0013608140870928764
Epoch 642 Relative Error 0.0013797059655189514
Epoch 643 Relative Error 0.001393791870214045
Epoch 644 Relative Error 0.0012852399377152324
Epoch 645 Relative Error 0.0013406568905338645
Epoch 646 Relative Error 0.0013062587240710855
Epoch 647 Relative Error 0.0013242512941360474
Epoch 648 Relative Error 0.0012698518112301826
Epoch 649 Relative Error 0.0013342127203941345
Epoch 650 Relative Error 0.001369142672047019
Epoch 651 Relative Error 0.0012904612813144922
Epoch 652 Relative Error 0.0013025780208408833
Epoch 653 Relative Error 0.0012763100676238537
Epoch 654 Relative Error 0.00130888179410249
Epoch 655 Relative Error 0.0012808680767193437
Epoch 656 Relative Error 0.001341819646768272
Epoch 657 Relative Error 0.001288644620217383
Epoch 658 Relative Error 0.0013692223001271486
Epoch 659 Relative Error 0.0012804088182747364
Epoch 660 Relative Error 0.0012608915567398071
Epoch 661 Relative Error 0.0013108630664646626
Epoch 662 Relative Error 0.001287593157030642
Epoch 663 Relative Error 0.0013042608043178916
Epoch 664 Relative Error 0.001279218471609056
Epoch 665 Relative Error 0.0012610579142346978
Epoch 666 Relative Error 0.0013161305105313659
Epoch 667 Relative Error 0.0013065364910289645
Epoch 668 Relative Error 0.001311098807491362
Epoch 669 Relative Error 0.0013139387592673302
Epoch 670 Relative Error 0.0013252364005893469
Epoch 671 Relative Error 0.0012921992456540465
Epoch 672 Relative Error 0.0012702069943770766
Epoch 673 Relative Error 0.0012309610610827804
Epoch 674 Relative Error 0.001245160005055368
Epoch 675 Relative Error 0.0012431673239916563
Epoch 676 Relative Error 0.001236331881955266
Epoch 677 Relative Error 0.0012421796564012766
Epoch 678 Relative Error 0.0012610673438757658
Epoch 679 Relative Error 0.0012540895259007812
Epoch 680 Relative Error 0.0012733936309814453
Epoch 681 Relative Error 0.001213345443829894
Epoch 682 Relative Error 0.0012301737442612648
Epoch 683 Relative Error 0.0012779240496456623
Epoch 684 Relative Error 0.0012253188760951161
Epoch 685 Relative Error 0.0013244948349893093
Epoch 686 Relative Error 0.0013264705194160342
Epoch 687 Relative Error 0.0012174966977909207
Epoch 688 Relative Error 0.0012689249124377966
Epoch 689 Relative Error 0.0012407575268298388
Epoch 690 Relative Error 0.0012316610664129257
Epoch 691 Relative Error 0.001194504788145423
Epoch 692 Relative Error 0.001243165577761829
Epoch 693 Relative Error 0.0012452832888811827
Epoch 694 Relative Error 0.001263309270143509
Epoch 695 Relative Error 0.0012043450260534883
Epoch 696 Relative Error 0.0012590015539899468
Epoch 697 Relative Error 0.00125325086992234
Epoch 698 Relative Error 0.0012178843608126044
Epoch 699 Relative Error 0.0012634377926588058
Epoch 700 Relative Error 0.0012436913093551993
Epoch 701 Relative Error 0.0012639118358492851
Epoch 702 Relative Error 0.0012188010150566697
Epoch 703 Relative Error 0.001222507911734283
Epoch 704 Relative Error 0.0012623617658391595
Epoch 705 Relative Error 0.0013108704006299376
Epoch 706 Relative Error 0.0013114450266584754
Epoch 707 Relative Error 0.0014093059580773115
Epoch 708 Relative Error 0.001362327137030661
Epoch 709 Relative Error 0.0012929226504638791
Epoch 710 Relative Error 0.0013904697261750698
Epoch 711 Relative Error 0.0012732248287647963
Epoch 712 Relative Error 0.0013378014555200934
Epoch 713 Relative Error 0.001277351169846952
Epoch 714 Relative Error 0.0013159873196855187
Epoch 715 Relative Error 0.0013615358620882034
Epoch 716 Relative Error 0.0012899921275675297
Epoch 717 Relative Error 0.0012400406412780285
Epoch 718 Relative Error 0.0012360354885458946
Epoch 719 Relative Error 0.001236621174030006
Epoch 720 Relative Error 0.001307393074966967
Epoch 721 Relative Error 0.0014301012270152569
Epoch 722 Relative Error 0.001280020223930478
Epoch 723 Relative Error 0.001229586312547326
Epoch 724 Relative Error 0.0012162933126091957
Epoch 725 Relative Error 0.001239343429915607
Epoch 726 Relative Error 0.0012034580577164888
Epoch 727 Relative Error 0.0012320041423663497
Epoch 728 Relative Error 0.001199620310217142
Epoch 729 Relative Error 0.0012096500722691417
Epoch 730 Relative Error 0.0012171018170192838
Epoch 731 Relative Error 0.001148907351307571
Epoch 732 Relative Error 0.0011892585316672921
Epoch 733 Relative Error 0.0011702822521328926
Epoch 734 Relative Error 0.0012131854891777039
Epoch 735 Relative Error 0.001179730985313654
Epoch 736 Relative Error 0.0012286849087104201
Epoch 737 Relative Error 0.0012590039987117052
Epoch 738 Relative Error 0.0011971744243055582
Epoch 739 Relative Error 0.0012115015415474772
Epoch 740 Relative Error 0.0011628421489149332
Epoch 741 Relative Error 0.0012249195715412498
Epoch 742 Relative Error 0.0012243539094924927
Epoch 743 Relative Error 0.0011756886960938573
Epoch 744 Relative Error 0.0012192135909572244
Epoch 745 Relative Error 0.001303446595557034
Epoch 746 Relative Error 0.0012829456245526671
Epoch 747 Relative Error 0.0012565093347802758
Epoch 748 Relative Error 0.001300566247664392
Epoch 749 Relative Error 0.0012780098477378488
Epoch 750 Relative Error 0.0014685287605971098
Epoch 751 Relative Error 0.00132147001568228
Epoch 752 Relative Error 0.0012984966160729527
Epoch 753 Relative Error 0.0012186137028038502
Epoch 754 Relative Error 0.0012612403370440006
Epoch 755 Relative Error 0.0012441590661183
Epoch 756 Relative Error 0.0013422645861282945
Epoch 757 Relative Error 0.0012659173225983977
Epoch 758 Relative Error 0.0014411184238269925
Epoch 759 Relative Error 0.0015563720371574163
Epoch 760 Relative Error 0.0015664146048948169
Epoch 761 Relative Error 0.0015157191082835197
Epoch 762 Relative Error 0.0012664231471717358
Epoch 763 Relative Error 0.0012355661019682884
Epoch 764 Relative Error 0.0012968671508133411
Epoch 765 Relative Error 0.001217037090100348
Epoch 766 Relative Error 0.0012221733340993524
Epoch 767 Relative Error 0.0011579018319025636
Epoch 768 Relative Error 0.001170989591628313
Epoch 769 Relative Error 0.0011846889974549413
Epoch 770 Relative Error 0.0011385137913748622
Epoch 771 Relative Error 0.0011609502835199237
Epoch 772 Relative Error 0.0012123368214815855
Epoch 773 Relative Error 0.0012426308821886778
Epoch 774 Relative Error 0.0012480705045163631
Epoch 775 Relative Error 0.001167801208794117
Epoch 776 Relative Error 0.0011993770021945238
Epoch 777 Relative Error 0.001143879140727222
Epoch 778 Relative Error 0.0011720138136297464
Epoch 779 Relative Error 0.001213860814459622
Epoch 780 Relative Error 0.0011760289780795574
Epoch 781 Relative Error 0.0011898233788087964
Epoch 782 Relative Error 0.0011441475944593549
Epoch 783 Relative Error 0.0011797422775998712
Epoch 784 Relative Error 0.0011747932294383645
Epoch 785 Relative Error 0.0011608034837991
Epoch 786 Relative Error 0.0011508765164762735
Epoch 787 Relative Error 0.001128126517869532
Epoch 788 Relative Error 0.0011348504340276122
Epoch 789 Relative Error 0.0011409068247303367
Epoch 790 Relative Error 0.0011209348449483514
Epoch 791 Relative Error 0.0011284619104117155
Epoch 792 Relative Error 0.0011268255766481161
Epoch 793 Relative Error 0.001197701203636825
Epoch 794 Relative Error 0.0011528873583301902
Epoch 795 Relative Error 0.0011251344112679362
Epoch 796 Relative Error 0.0011338175972923636
Epoch 797 Relative Error 0.0011627228232100606
Epoch 798 Relative Error 0.001118439482524991
Epoch 799 Relative Error 0.0011496946681290865
Epoch 800 Relative Error 0.0011475931387394667
Epoch 801 Relative Error 0.0012271963059902191
Epoch 802 Relative Error 0.0015087530482560396
Epoch 803 Relative Error 0.0012232338776811957
Epoch 804 Relative Error 0.001323079108260572
Epoch 805 Relative Error 0.0011440812377259135
Epoch 806 Relative Error 0.0011919797398149967
Epoch 807 Relative Error 0.0012653616722673178
Epoch 808 Relative Error 0.0011937653180211782
Epoch 809 Relative Error 0.0011642139870673418
Epoch 810 Relative Error 0.0011800389038398862
Epoch 811 Relative Error 0.0011236169375479221
Epoch 812 Relative Error 0.0011067684972658753
Epoch 813 Relative Error 0.0011179244611412287
Epoch 814 Relative Error 0.0011354908347129822
Epoch 815 Relative Error 0.0010944536188617349
Epoch 816 Relative Error 0.0011057803640142083
Epoch 817 Relative Error 0.0011372040025889874
Epoch 818 Relative Error 0.0011278161546215415
Epoch 819 Relative Error 0.0011550616472959518
Epoch 820 Relative Error 0.0011389295104891062
Epoch 821 Relative Error 0.0011507975868880749
Epoch 822 Relative Error 0.0012232497101649642
Epoch 823 Relative Error 0.0012222772929817438
Epoch 824 Relative Error 0.0013994020409882069
Epoch 825 Relative Error 0.0015462408773601055
Epoch 826 Relative Error 0.001418932806700468
Epoch 827 Relative Error 0.0012424158630892634
Epoch 828 Relative Error 0.001193456118926406
Epoch 829 Relative Error 0.0011831115698441863
Epoch 830 Relative Error 0.0012168368557468057
Epoch 831 Relative Error 0.0012340755201876163
Epoch 832 Relative Error 0.0012961949687451124
Epoch 833 Relative Error 0.0012203871738165617
Epoch 834 Relative Error 0.0012686485424637794
Epoch 835 Relative Error 0.0012487608473747969
Epoch 836 Relative Error 0.0011547934263944626
Epoch 837 Relative Error 0.0011572364019230008
Epoch 838 Relative Error 0.0011171756777912378
Epoch 839 Relative Error 0.0011168414494022727
Epoch 840 Relative Error 0.0011266133515164256
Epoch 841 Relative Error 0.0011617635609582067
Epoch 842 Relative Error 0.001153620076365769
Epoch 843 Relative Error 0.0011540261330083013
Epoch 844 Relative Error 0.0011062956182286143
Epoch 845 Relative Error 0.0011148082558065653
Epoch 846 Relative Error 0.001110129407607019
Epoch 847 Relative Error 0.0010765446349978447
Epoch 848 Relative Error 0.0011216335697099566
Epoch 849 Relative Error 0.0010914055164903402
Epoch 850 Relative Error 0.0011509121395647526
Epoch 851 Relative Error 0.0011536466190591455
Epoch 852 Relative Error 0.0011794324964284897
Epoch 853 Relative Error 0.0011216106358915567
Epoch 854 Relative Error 0.0011034002527594566
Epoch 855 Relative Error 0.0010981062659993768
Epoch 856 Relative Error 0.0010786944767460227
Epoch 857 Relative Error 0.0011427155695855618
Epoch 858 Relative Error 0.0011401580413803458
Epoch 859 Relative Error 0.0011215711710974574
Epoch 860 Relative Error 0.0011298488825559616
Epoch 861 Relative Error 0.0011842212406918406
Epoch 862 Relative Error 0.0011060085380449891
Epoch 863 Relative Error 0.0010953092714771628
Epoch 864 Relative Error 0.0010973472381010652
Epoch 865 Relative Error 0.0010891958372667432
Epoch 866 Relative Error 0.0010705225868150592
Epoch 867 Relative Error 0.0011054457863792777
Epoch 868 Relative Error 0.0011343574151396751
Epoch 869 Relative Error 0.0010874104918912053
Epoch 870 Relative Error 0.0010667837923392653
Epoch 871 Relative Error 0.00106808973941952
Epoch 872 Relative Error 0.0010870773112401366
Epoch 873 Relative Error 0.0011021974496543407
Epoch 874 Relative Error 0.0012634205631911755
Epoch 875 Relative Error 0.0011497547384351492
Epoch 876 Relative Error 0.0012084797490388155
Epoch 877 Relative Error 0.0010709704365581274
Epoch 878 Relative Error 0.001076352084055543
Epoch 879 Relative Error 0.0010810655076056719
Epoch 880 Relative Error 0.0011035824427381158
Epoch 881 Relative Error 0.0011015195632353425
Epoch 882 Relative Error 0.0010977115016430616
Epoch 883 Relative Error 0.0011137861292809248
Epoch 884 Relative Error 0.0010995273478329182
Epoch 885 Relative Error 0.0011094448855146766
Epoch 886 Relative Error 0.0010953189339488745
Epoch 887 Relative Error 0.0010739751160144806
Epoch 888 Relative Error 0.0011396879563108087
Epoch 889 Relative Error 0.0011385995894670486
Epoch 890 Relative Error 0.0010777440620586276
Epoch 891 Relative Error 0.001062970608472824
Epoch 892 Relative Error 0.001048184116370976
Epoch 893 Relative Error 0.0011060775723308325
Epoch 894 Relative Error 0.0010908129625022411
Epoch 895 Relative Error 0.0010651822667568922
Epoch 896 Relative Error 0.00106753536965698
Epoch 897 Relative Error 0.0010450121480971575
Epoch 898 Relative Error 0.0010542459785938263
Epoch 899 Relative Error 0.00105978490319103
Epoch 900 Relative Error 0.0010480214841663837
Epoch 901 Relative Error 0.001094149542041123
Epoch 902 Relative Error 0.0011184373870491982
Epoch 903 Relative Error 0.0010647930903360248
Epoch 904 Relative Error 0.001037987181916833
Epoch 905 Relative Error 0.0011191037483513355
Epoch 906 Relative Error 0.0010561810340732336
Epoch 907 Relative Error 0.0010507507249712944
Epoch 908 Relative Error 0.00107231130823493
Epoch 909 Relative Error 0.0010800547897815704
Epoch 910 Relative Error 0.001088370569050312
Epoch 911 Relative Error 0.0010298766428604722
Epoch 912 Relative Error 0.0010696727549657226
Epoch 913 Relative Error 0.0010879677720367908
Epoch 914 Relative Error 0.0011040880344808102
Epoch 915 Relative Error 0.001082568778656423
Epoch 916 Relative Error 0.0010470676934346557
Epoch 917 Relative Error 0.0010394506389275193
Epoch 918 Relative Error 0.0010556618217378855
Epoch 919 Relative Error 0.0010848029050976038
Epoch 920 Relative Error 0.0010358707513660192
Epoch 921 Relative Error 0.0011026859283447266
Epoch 922 Relative Error 0.0011032033944502473
Epoch 923 Relative Error 0.0010778659489005804
Epoch 924 Relative Error 0.0010846485383808613
Epoch 925 Relative Error 0.0010408294619992375
Epoch 926 Relative Error 0.0010845534270629287
Epoch 927 Relative Error 0.0010369117371737957
Epoch 928 Relative Error 0.00105052231810987
Epoch 929 Relative Error 0.0010196383809670806
Epoch 930 Relative Error 0.0010377842700108886
Epoch 931 Relative Error 0.00104402971919626
Epoch 932 Relative Error 0.0010322009911760688
Epoch 933 Relative Error 0.0010411542607471347
Epoch 934 Relative Error 0.0010108400601893663
Epoch 935 Relative Error 0.001027697348035872
Epoch 936 Relative Error 0.0010529409628361464
Epoch 937 Relative Error 0.0010258243419229984
Epoch 938 Relative Error 0.0010268791811540723
Epoch 939 Relative Error 0.0010273652151226997
Epoch 940 Relative Error 0.0010141910752281547
Epoch 941 Relative Error 0.0010587765136733651
Epoch 942 Relative Error 0.0011633947724476457
Epoch 943 Relative Error 0.0013551091542467475
Epoch 944 Relative Error 0.001077100750990212
Epoch 945 Relative Error 0.001159636303782463
Epoch 946 Relative Error 0.0011560273123905063
Epoch 947 Relative Error 0.0014544050209224224
Epoch 948 Relative Error 0.0015114827547222376
Epoch 949 Relative Error 0.0013523712987080216
Epoch 950 Relative Error 0.001150640076957643
Epoch 951 Relative Error 0.0013328052591532469
Epoch 952 Relative Error 0.0014043916016817093
Epoch 953 Relative Error 0.0012903220485895872
Epoch 954 Relative Error 0.0012048635398969054
Epoch 955 Relative Error 0.0012659922940656543
Epoch 956 Relative Error 0.0011763984803110361
Epoch 957 Relative Error 0.0013291076757013798
Epoch 958 Relative Error 0.0012372195487841964
Epoch 959 Relative Error 0.001454709330573678
Epoch 960 Relative Error 0.0012201274512335658
Epoch 961 Relative Error 0.0012584616197273135
Epoch 962 Relative Error 0.0011959250550717115
Epoch 963 Relative Error 0.0010473595466464758
Epoch 964 Relative Error 0.001091793179512024
Epoch 965 Relative Error 0.0010353868128731847
Epoch 966 Relative Error 0.001045050099492073
Epoch 967 Relative Error 0.001104970695450902
Epoch 968 Relative Error 0.0011113028740510345
Epoch 969 Relative Error 0.0010421944316476583
Epoch 970 Relative Error 0.0010651866905391216
Epoch 971 Relative Error 0.0009968191152438521
Epoch 972 Relative Error 0.0011539594270288944
Epoch 973 Relative Error 0.001089294790290296
Epoch 974 Relative Error 0.0010253282962366939
Epoch 975 Relative Error 0.001000697840936482
Epoch 976 Relative Error 0.0010038086911663413
Epoch 977 Relative Error 0.0010158917866647243
Epoch 978 Relative Error 0.0010114855831488967
Epoch 979 Relative Error 0.0010281618451699615
Epoch 980 Relative Error 0.0010417781304568052
Epoch 981 Relative Error 0.0010806242935359478
Epoch 982 Relative Error 0.0011318149045109749
Epoch 983 Relative Error 0.0011150052305310965
Epoch 984 Relative Error 0.0011399785289540887
Epoch 985 Relative Error 0.001163726206868887
Epoch 986 Relative Error 0.001192184048704803
Epoch 987 Relative Error 0.0011252847034484148
Epoch 988 Relative Error 0.0011369731510058045
Epoch 989 Relative Error 0.0011545163579285145
Epoch 990 Relative Error 0.0011519286781549454
Epoch 991 Relative Error 0.001083132578060031
Epoch 992 Relative Error 0.0011643081670626998
Epoch 993 Relative Error 0.001089204102754593
Epoch 994 Relative Error 0.0011047952575609088
Epoch 995 Relative Error 0.0012175875017419457
Epoch 996 Relative Error 0.001073123188689351
Epoch 997 Relative Error 0.0010542834643274546
Epoch 998 Relative Error 0.0012769235763698816
Epoch 999 Relative Error 0.0011365613900125027
Epoch 1000 Relative Error 0.0012040100991725922
RE (0, 5, 13, 0): 0.0009968191152438521
Green's Function RE (0, 5, 13, 0): 0.010784462094306946
Bias Term RE (0, 5, 13, 0): 0.010472732596099377
Combination (0, 5, 13, 0, 0): 0.0038202223367989063
Combination (0, 5, 13, 0, 1): 0.0038466104306280613
Combination (0, 5, 13, 0, 2): 0.003850719891488552
Combination (0, 5, 13, 0, 3): 0.0038508737925440073
Combination (0, 5, 13, 0, 4): 0.003851443761959672

/home/gridsan/gstepaniants/.local/lib/python3.8/site-packages/torch/functional.py:478: UserWarning: torch.meshgrid: in an upcoming release, it will be required to pass the indexing argument. (Triggered internally at  ../aten/src/ATen/native/TensorShape.cpp:2895.)
  return _VF.meshgrid(tensors, **kwargs)  # type: ignore[attr-defined]
