[KeOps] Warning : Cuda libraries were not detected on the system ; using cpu only mode
1
Kernel: Matern5/2
Weight Mesh: 100
RKHS Kernel Width: 1.0
Lambda: 1e-06
Green's Function Learning Rate: 100
Bias Term Learning Rate: 100
Epoch 1 Relative Error 72093.1796875
First epoch had re = 72093.1796875 > 1
Green's Function Learning Rate: 50
Bias Term Learning Rate: 50
Epoch 1 Relative Error 37551.359375
First epoch had re = 37551.359375 > 1
Green's Function Learning Rate: 10
Bias Term Learning Rate: 10
Epoch 1 Relative Error 6535.56689453125
First epoch had re = 6535.56689453125 > 1
Green's Function Learning Rate: 5
Bias Term Learning Rate: 5
Epoch 1 Relative Error 2802.14990234375
First epoch had re = 2802.14990234375 > 1
Green's Function Learning Rate: 1
Bias Term Learning Rate: 1
Epoch 1 Relative Error 657.6341552734375
First epoch had re = 657.6341552734375 > 1
Green's Function Learning Rate: 0.5
Bias Term Learning Rate: 0.5
Epoch 1 Relative Error 426.126220703125
First epoch had re = 426.126220703125 > 1
Green's Function Learning Rate: 0.1
Bias Term Learning Rate: 0.1
Epoch 1 Relative Error 81.35806274414062
First epoch had re = 81.35806274414062 > 1
Green's Function Learning Rate: 0.05
Bias Term Learning Rate: 0.05
Epoch 1 Relative Error 32.48122787475586
First epoch had re = 32.48122787475586 > 1
Green's Function Learning Rate: 0.01
Bias Term Learning Rate: 0.01
Epoch 1 Relative Error 6.2910027503967285
First epoch had re = 6.2910027503967285 > 1
Green's Function Learning Rate: 0.005
Bias Term Learning Rate: 0.005
Epoch 1 Relative Error 2.261167049407959
First epoch had re = 2.261167049407959 > 1
Green's Function Learning Rate: 0.001
Bias Term Learning Rate: 0.001
Epoch 1 Relative Error 0.7961227893829346
Epoch 2 Relative Error 0.8432378172874451
Epoch 3 Relative Error 0.8439216613769531
Epoch 4 Relative Error 0.7980644702911377
Epoch 5 Relative Error 0.8797338604927063
Epoch 6 Relative Error 0.785196840763092
Epoch 7 Relative Error 0.8679828643798828
Epoch 8 Relative Error 0.7993043065071106
Epoch 9 Relative Error 0.8226991295814514
Epoch 10 Relative Error 0.8044697046279907
Epoch 11 Relative Error 0.8192998170852661
Epoch 12 Relative Error 0.810879111289978
Epoch 13 Relative Error 0.7906107902526855
Epoch 14 Relative Error 0.8375145792961121
Epoch 15 Relative Error 0.7877495884895325
Epoch 16 Relative Error 0.813069224357605
Epoch 17 Relative Error 0.7958142757415771
Epoch 18 Relative Error 0.793014645576477
Epoch 19 Relative Error 0.8022535443305969
Epoch 20 Relative Error 0.802291214466095
Epoch 21 Relative Error 0.7904494404792786
Epoch 22 Relative Error 0.787686824798584
Epoch 23 Relative Error 0.8250104784965515
Epoch 24 Relative Error 0.772361159324646
Epoch 25 Relative Error 0.7712731957435608
Epoch 26 Relative Error 0.7899848818778992
Epoch 27 Relative Error 0.771808922290802
Epoch 28 Relative Error 0.7673566341400146
Epoch 29 Relative Error 0.7916461229324341
Epoch 30 Relative Error 0.76297926902771
Epoch 31 Relative Error 0.7660330533981323
Epoch 32 Relative Error 0.7999905943870544
Epoch 33 Relative Error 0.7613858580589294
Epoch 34 Relative Error 0.750251829624176
Epoch 35 Relative Error 0.8162421584129333
Epoch 36 Relative Error 0.7641052603721619
Epoch 37 Relative Error 0.7391360402107239
Epoch 38 Relative Error 0.758455753326416
Epoch 39 Relative Error 0.7576126456260681
Epoch 40 Relative Error 0.7651013731956482
Epoch 41 Relative Error 0.7766404747962952
Epoch 42 Relative Error 0.7614293098449707
Epoch 43 Relative Error 0.7279362678527832
Epoch 44 Relative Error 0.7440100312232971
Epoch 45 Relative Error 0.7780691385269165
Epoch 46 Relative Error 0.7527360916137695
Epoch 47 Relative Error 0.7667763233184814
Epoch 48 Relative Error 0.7306434512138367
Epoch 49 Relative Error 0.7340423464775085
Epoch 50 Relative Error 0.7293193340301514
Epoch 51 Relative Error 0.7310012578964233
Epoch 52 Relative Error 0.7427277565002441
Epoch 53 Relative Error 0.7791327238082886
Epoch 54 Relative Error 0.7142401337623596
Epoch 55 Relative Error 0.7047367095947266
Epoch 56 Relative Error 0.7031943202018738
Epoch 57 Relative Error 0.7216004133224487
Epoch 58 Relative Error 0.7383338212966919
Epoch 59 Relative Error 0.7234477996826172
Epoch 60 Relative Error 0.7190276980400085
Epoch 61 Relative Error 0.7170601487159729
Epoch 62 Relative Error 0.7274875044822693
Epoch 63 Relative Error 0.7366566061973572
Epoch 64 Relative Error 0.742526113986969
Epoch 65 Relative Error 0.705416202545166
Epoch 66 Relative Error 0.6855908632278442
Epoch 67 Relative Error 0.6920316219329834
Epoch 68 Relative Error 0.7152413129806519
Epoch 69 Relative Error 0.7017642855644226
Epoch 70 Relative Error 0.6915211081504822
Epoch 71 Relative Error 0.6652700901031494
Epoch 72 Relative Error 0.6654093861579895
Epoch 73 Relative Error 0.6901867985725403
Epoch 74 Relative Error 0.7727770805358887
Epoch 75 Relative Error 0.7464567422866821
Epoch 76 Relative Error 0.7079969644546509
Epoch 77 Relative Error 0.7134376168251038
Epoch 78 Relative Error 0.6698232889175415
Epoch 79 Relative Error 0.6699395775794983
Epoch 80 Relative Error 0.6809892058372498
Epoch 81 Relative Error 0.6753690242767334
Epoch 82 Relative Error 0.7040047645568848
Epoch 83 Relative Error 0.697815477848053
Epoch 84 Relative Error 0.6578241586685181
Epoch 85 Relative Error 0.6511992812156677
Epoch 86 Relative Error 0.6527584195137024
Epoch 87 Relative Error 0.6912404298782349
Epoch 88 Relative Error 0.738525927066803
Epoch 89 Relative Error 0.7233445048332214
Epoch 90 Relative Error 0.6905547380447388
Epoch 91 Relative Error 0.6738234758377075
Epoch 92 Relative Error 0.6695891618728638
Epoch 93 Relative Error 0.6717955470085144
Epoch 94 Relative Error 0.6681451201438904
Epoch 95 Relative Error 0.6735073924064636
Epoch 96 Relative Error 0.6710295081138611
Epoch 97 Relative Error 0.6742933988571167
Epoch 98 Relative Error 0.6559757590293884
Epoch 99 Relative Error 0.6681199669837952
Epoch 100 Relative Error 0.6525692939758301
Epoch 101 Relative Error 0.6420568227767944
Epoch 102 Relative Error 0.6508070826530457
Epoch 103 Relative Error 0.6435597538948059
Epoch 104 Relative Error 0.6689898371696472
Epoch 105 Relative Error 0.7017272114753723
Epoch 106 Relative Error 0.7200283408164978
Epoch 107 Relative Error 0.7084724307060242
Epoch 108 Relative Error 0.7045917510986328
Epoch 109 Relative Error 0.6528704166412354
Epoch 110 Relative Error 0.6485353708267212
Epoch 111 Relative Error 0.6338743567466736
Epoch 112 Relative Error 0.6323217749595642
Epoch 113 Relative Error 0.6376852989196777
Epoch 114 Relative Error 0.6135179996490479
Epoch 115 Relative Error 0.6068744659423828
Epoch 116 Relative Error 0.6055622100830078
Epoch 117 Relative Error 0.607336699962616
Epoch 118 Relative Error 0.6109865307807922
Epoch 119 Relative Error 0.6355375051498413
Epoch 120 Relative Error 0.636751651763916
Epoch 121 Relative Error 0.6480962634086609
Epoch 122 Relative Error 0.6312990188598633
Epoch 123 Relative Error 0.6195995807647705
Epoch 124 Relative Error 0.6164094805717468
Epoch 125 Relative Error 0.6358060836791992
Epoch 126 Relative Error 0.6780242919921875
Epoch 127 Relative Error 0.6555278897285461
Epoch 128 Relative Error 0.6311930418014526
Epoch 129 Relative Error 0.6118811368942261
Epoch 130 Relative Error 0.6026168465614319
Epoch 131 Relative Error 0.6115416288375854
Epoch 132 Relative Error 0.6228609681129456
Epoch 133 Relative Error 0.6202067732810974
Epoch 134 Relative Error 0.5897020697593689
Epoch 135 Relative Error 0.5881553888320923
Epoch 136 Relative Error 0.6068376302719116
Epoch 137 Relative Error 0.5957044363021851
Epoch 138 Relative Error 0.5934924483299255
Epoch 139 Relative Error 0.5823590755462646
Epoch 140 Relative Error 0.5871964693069458
Epoch 141 Relative Error 0.598145604133606
Epoch 142 Relative Error 0.6067603230476379
Epoch 143 Relative Error 0.6221258640289307
Epoch 144 Relative Error 0.6083654761314392
Epoch 145 Relative Error 0.6209113597869873
Epoch 146 Relative Error 0.6156668663024902
Epoch 147 Relative Error 0.6348473429679871
Epoch 148 Relative Error 0.6043859720230103
Epoch 149 Relative Error 0.5977452993392944
Epoch 150 Relative Error 0.5847455859184265
Epoch 151 Relative Error 0.5767723917961121
Epoch 152 Relative Error 0.5705525279045105
Epoch 153 Relative Error 0.5892267823219299
Epoch 154 Relative Error 0.5957932472229004
Epoch 155 Relative Error 0.5883615016937256
Epoch 156 Relative Error 0.5754531621932983
Epoch 157 Relative Error 0.5666444301605225
Epoch 158 Relative Error 0.5792206525802612
Epoch 159 Relative Error 0.5798687934875488
Epoch 160 Relative Error 0.5733665823936462
Epoch 161 Relative Error 0.5848366618156433
Epoch 162 Relative Error 0.5998576879501343
Epoch 163 Relative Error 0.6129746437072754
Epoch 164 Relative Error 0.589542806148529
Epoch 165 Relative Error 0.5867734551429749
Epoch 166 Relative Error 0.5876055955886841
Epoch 167 Relative Error 0.591233491897583
Epoch 168 Relative Error 0.5917963981628418
Epoch 169 Relative Error 0.593960165977478
Epoch 170 Relative Error 0.5665861368179321
Epoch 171 Relative Error 0.5606923699378967
Epoch 172 Relative Error 0.5690316557884216
Epoch 173 Relative Error 0.5723217129707336
Epoch 174 Relative Error 0.5560384392738342
Epoch 175 Relative Error 0.5524118542671204
Epoch 176 Relative Error 0.5591403245925903
Epoch 177 Relative Error 0.584215521812439
Epoch 178 Relative Error 0.5681455731391907
Epoch 179 Relative Error 0.5610242486000061
Epoch 180 Relative Error 0.5580034852027893
Epoch 181 Relative Error 0.547629714012146
Epoch 182 Relative Error 0.5542470216751099
Epoch 183 Relative Error 0.5603882074356079
Epoch 184 Relative Error 0.5727325677871704
Epoch 185 Relative Error 0.5870205760002136
Epoch 186 Relative Error 0.5825533866882324
Epoch 187 Relative Error 0.5795239210128784
Epoch 188 Relative Error 0.5695512890815735
Epoch 189 Relative Error 0.5758842825889587
Epoch 190 Relative Error 0.578977108001709
Epoch 191 Relative Error 0.5692558288574219
Epoch 192 Relative Error 0.5814912915229797
Epoch 193 Relative Error 0.5676780939102173
Epoch 194 Relative Error 0.5680974721908569
Epoch 195 Relative Error 0.559471607208252
Epoch 196 Relative Error 0.565121054649353
Epoch 197 Relative Error 0.5699069499969482
Epoch 198 Relative Error 0.5668691396713257
Epoch 199 Relative Error 0.5773193836212158
Epoch 200 Relative Error 0.5713464021682739
Epoch 201 Relative Error 0.5545009970664978
Epoch 202 Relative Error 0.5494235754013062
Epoch 203 Relative Error 0.5419106483459473
Epoch 204 Relative Error 0.5461908578872681
Epoch 205 Relative Error 0.553580641746521
Epoch 206 Relative Error 0.548236608505249
Epoch 207 Relative Error 0.5457442402839661
Epoch 208 Relative Error 0.555708110332489
Epoch 209 Relative Error 0.5570473670959473
Epoch 210 Relative Error 0.547199010848999
Epoch 211 Relative Error 0.5615978837013245
Epoch 212 Relative Error 0.5682095289230347
Epoch 213 Relative Error 0.5453478097915649
Epoch 214 Relative Error 0.5464792251586914
Epoch 215 Relative Error 0.5586745142936707
Epoch 216 Relative Error 0.576798677444458
Epoch 217 Relative Error 0.5640202164649963
Epoch 218 Relative Error 0.5654501914978027
Epoch 219 Relative Error 0.5550057888031006
Epoch 220 Relative Error 0.5461756587028503
Epoch 221 Relative Error 0.5408928990364075
Epoch 222 Relative Error 0.5364827513694763
Epoch 223 Relative Error 0.5277512073516846
Epoch 224 Relative Error 0.5445672869682312
Epoch 225 Relative Error 0.5456721186637878
Epoch 226 Relative Error 0.5613806247711182
Epoch 227 Relative Error 0.5380755066871643
Epoch 228 Relative Error 0.5329439043998718
Epoch 229 Relative Error 0.535105288028717
Epoch 230 Relative Error 0.5322737097740173
Epoch 231 Relative Error 0.5354830026626587
Epoch 232 Relative Error 0.5380442142486572
Epoch 233 Relative Error 0.5439646244049072
Epoch 234 Relative Error 0.5617648959159851
Epoch 235 Relative Error 0.5604648590087891
Epoch 236 Relative Error 0.5815191864967346
Epoch 237 Relative Error 0.5688859224319458
Epoch 238 Relative Error 0.5611811280250549
Epoch 239 Relative Error 0.553865373134613
Epoch 240 Relative Error 0.5354321599006653
Epoch 241 Relative Error 0.518845796585083
Epoch 242 Relative Error 0.520561158657074
Epoch 243 Relative Error 0.5186988115310669
Epoch 244 Relative Error 0.5254895687103271
Epoch 245 Relative Error 0.5344398617744446
Epoch 246 Relative Error 0.5428096652030945
Epoch 247 Relative Error 0.5295053124427795
Epoch 248 Relative Error 0.5243510603904724
Epoch 249 Relative Error 0.5161298513412476
Epoch 250 Relative Error 0.5157808065414429
Epoch 251 Relative Error 0.5266862511634827
Epoch 252 Relative Error 0.5236495733261108
Epoch 253 Relative Error 0.5344983339309692
Epoch 254 Relative Error 0.5536909103393555
Epoch 255 Relative Error 0.5696911811828613
Epoch 256 Relative Error 0.5391845107078552
Epoch 257 Relative Error 0.5277047753334045
Epoch 258 Relative Error 0.53286212682724
Epoch 259 Relative Error 0.5389056205749512
Epoch 260 Relative Error 0.5351101756095886
Epoch 261 Relative Error 0.5368074774742126
Epoch 262 Relative Error 0.5314258337020874
Epoch 263 Relative Error 0.5381199717521667
Epoch 264 Relative Error 0.5285385847091675
Epoch 265 Relative Error 0.5324283242225647
Epoch 266 Relative Error 0.5265569090843201
Epoch 267 Relative Error 0.5289674997329712
Epoch 268 Relative Error 0.5191246271133423
Epoch 269 Relative Error 0.5084717869758606
Epoch 270 Relative Error 0.5175243020057678
Epoch 271 Relative Error 0.517179012298584
Epoch 272 Relative Error 0.5384706854820251
Epoch 273 Relative Error 0.5572810769081116
Epoch 274 Relative Error 0.5224742889404297
Epoch 275 Relative Error 0.5150230526924133
Epoch 276 Relative Error 0.5158329010009766
Epoch 277 Relative Error 0.5062028765678406
Epoch 278 Relative Error 0.5047954320907593
Epoch 279 Relative Error 0.5103271007537842
Epoch 280 Relative Error 0.5188844799995422
Epoch 281 Relative Error 0.5255948305130005
Epoch 282 Relative Error 0.5285465121269226
Epoch 283 Relative Error 0.5155404806137085
Epoch 284 Relative Error 0.5240265130996704
Epoch 285 Relative Error 0.5087634325027466
Epoch 286 Relative Error 0.5052133202552795
Epoch 287 Relative Error 0.5041897892951965
Epoch 288 Relative Error 0.5123021602630615
Epoch 289 Relative Error 0.5224025845527649
Epoch 290 Relative Error 0.5272396802902222
Epoch 291 Relative Error 0.5265450477600098
Epoch 292 Relative Error 0.5206352472305298
Epoch 293 Relative Error 0.519469141960144
Epoch 294 Relative Error 0.5137091279029846
Epoch 295 Relative Error 0.5079941749572754
Epoch 296 Relative Error 0.5107777714729309
Epoch 297 Relative Error 0.5047105550765991
Epoch 298 Relative Error 0.5057485699653625
Epoch 299 Relative Error 0.5136669874191284
Epoch 300 Relative Error 0.5169820785522461
Epoch 301 Relative Error 0.5114555954933167
Epoch 302 Relative Error 0.5122107863426208
Epoch 303 Relative Error 0.5033261775970459
Epoch 304 Relative Error 0.5094688534736633
Epoch 305 Relative Error 0.5000700950622559
Epoch 306 Relative Error 0.5011963844299316
Epoch 307 Relative Error 0.5068932175636292
Epoch 308 Relative Error 0.5044201612472534
Epoch 309 Relative Error 0.5083019733428955
Epoch 310 Relative Error 0.5219108462333679
Epoch 311 Relative Error 0.5195657014846802
Epoch 312 Relative Error 0.5079867243766785
Epoch 313 Relative Error 0.49757862091064453
Epoch 314 Relative Error 0.5040349960327148
Epoch 315 Relative Error 0.505717396736145
Epoch 316 Relative Error 0.5119408965110779
Epoch 317 Relative Error 0.5091357827186584
Epoch 318 Relative Error 0.5168147087097168
Epoch 319 Relative Error 0.5095403790473938
Epoch 320 Relative Error 0.5093945860862732
Epoch 321 Relative Error 0.5097346901893616
Epoch 322 Relative Error 0.5117950439453125
Epoch 323 Relative Error 0.506415843963623
Epoch 324 Relative Error 0.5041755437850952
Epoch 325 Relative Error 0.5018320083618164
Epoch 326 Relative Error 0.4960617125034332
Epoch 327 Relative Error 0.4977968633174896
Epoch 328 Relative Error 0.49534872174263
Epoch 329 Relative Error 0.4945787787437439
Epoch 330 Relative Error 0.5000735521316528
Epoch 331 Relative Error 0.5025501847267151
Epoch 332 Relative Error 0.5183016657829285
Epoch 333 Relative Error 0.5295039415359497
Epoch 334 Relative Error 0.5243858695030212
Epoch 335 Relative Error 0.5012561678886414
Epoch 336 Relative Error 0.49671313166618347
Epoch 337 Relative Error 0.4969373941421509
Epoch 338 Relative Error 0.49765411019325256
Epoch 339 Relative Error 0.49425891041755676
Epoch 340 Relative Error 0.5016052722930908
Epoch 341 Relative Error 0.5070813894271851
Epoch 342 Relative Error 0.5019519925117493
Epoch 343 Relative Error 0.5036575794219971
Epoch 344 Relative Error 0.5037660002708435
Epoch 345 Relative Error 0.5040738582611084
Epoch 346 Relative Error 0.5104736685752869
Epoch 347 Relative Error 0.5017765164375305
Epoch 348 Relative Error 0.4984644949436188
Epoch 349 Relative Error 0.492576003074646
Epoch 350 Relative Error 0.495123028755188
Epoch 351 Relative Error 0.495327889919281
Epoch 352 Relative Error 0.495491623878479
Epoch 353 Relative Error 0.49367108941078186
Epoch 354 Relative Error 0.4980974793434143
Epoch 355 Relative Error 0.49834150075912476
Epoch 356 Relative Error 0.494547575712204
Epoch 357 Relative Error 0.49726301431655884
Epoch 358 Relative Error 0.5001324415206909
Epoch 359 Relative Error 0.5030030012130737
Epoch 360 Relative Error 0.49483057856559753
Epoch 361 Relative Error 0.4930131137371063
Epoch 362 Relative Error 0.4911060035228729
Epoch 363 Relative Error 0.49859464168548584
Epoch 364 Relative Error 0.4990009069442749
Epoch 365 Relative Error 0.4988861382007599
Epoch 366 Relative Error 0.4948473870754242
Epoch 367 Relative Error 0.4966440200805664
Epoch 368 Relative Error 0.49400994181632996
Epoch 369 Relative Error 0.4900504946708679
Epoch 370 Relative Error 0.4913250803947449
Epoch 371 Relative Error 0.4986514151096344
Epoch 372 Relative Error 0.49697521328926086
Epoch 373 Relative Error 0.5016629695892334
Epoch 374 Relative Error 0.5020552277565002
Epoch 375 Relative Error 0.5035900473594666
Epoch 376 Relative Error 0.49538612365722656
Epoch 377 Relative Error 0.490538626909256
Epoch 378 Relative Error 0.49228549003601074
Epoch 379 Relative Error 0.49460047483444214
Epoch 380 Relative Error 0.49550798535346985
Epoch 381 Relative Error 0.4926951825618744
Epoch 382 Relative Error 0.49588415026664734
Epoch 383 Relative Error 0.5000021457672119
Epoch 384 Relative Error 0.4923187494277954
Epoch 385 Relative Error 0.4944010376930237
Epoch 386 Relative Error 0.49644607305526733
Epoch 387 Relative Error 0.49029242992401123
Epoch 388 Relative Error 0.48931238055229187
Epoch 389 Relative Error 0.4922754168510437
Epoch 390 Relative Error 0.4942775070667267
Epoch 391 Relative Error 0.49628493189811707
Epoch 392 Relative Error 0.49555909633636475
Epoch 393 Relative Error 0.4974518418312073
Epoch 394 Relative Error 0.49170607328414917
Epoch 395 Relative Error 0.4900634288787842
Epoch 396 Relative Error 0.4914941191673279
Epoch 397 Relative Error 0.4951307475566864
Epoch 398 Relative Error 0.493716299533844
Epoch 399 Relative Error 0.4885019361972809
Epoch 400 Relative Error 0.49038082361221313
Epoch 401 Relative Error 0.48925304412841797
Epoch 402 Relative Error 0.49190300703048706
Epoch 403 Relative Error 0.494166761636734
Epoch 404 Relative Error 0.49096009135246277
Epoch 405 Relative Error 0.48841768503189087
Epoch 406 Relative Error 0.4910098612308502
Epoch 407 Relative Error 0.49160152673721313
Epoch 408 Relative Error 0.49361899495124817
Epoch 409 Relative Error 0.4931601583957672
Epoch 410 Relative Error 0.4967201054096222
Epoch 411 Relative Error 0.4963231682777405
Epoch 412 Relative Error 0.4909296929836273
Epoch 413 Relative Error 0.49065425992012024
Epoch 414 Relative Error 0.48605284094810486
Epoch 415 Relative Error 0.4853714406490326
Epoch 416 Relative Error 0.48704689741134644
Epoch 417 Relative Error 0.48972296714782715
Epoch 418 Relative Error 0.4977637529373169
Epoch 419 Relative Error 0.5014422535896301
Epoch 420 Relative Error 0.49481406807899475
Epoch 421 Relative Error 0.4892950654029846
Epoch 422 Relative Error 0.48798173666000366
Epoch 423 Relative Error 0.4851779341697693
Epoch 424 Relative Error 0.48484501242637634
Epoch 425 Relative Error 0.487911581993103
Epoch 426 Relative Error 0.490010529756546
Epoch 427 Relative Error 0.4904436469078064
Epoch 428 Relative Error 0.48786482214927673
Epoch 429 Relative Error 0.4895300269126892
Epoch 430 Relative Error 0.4868010878562927
Epoch 431 Relative Error 0.48873117566108704
Epoch 432 Relative Error 0.488508015871048
Epoch 433 Relative Error 0.4896468222141266
Epoch 434 Relative Error 0.4895766079425812
Epoch 435 Relative Error 0.4853828251361847
Epoch 436 Relative Error 0.4859735667705536
Epoch 437 Relative Error 0.4860398769378662
Epoch 438 Relative Error 0.4878663420677185
Epoch 439 Relative Error 0.4922443628311157
Epoch 440 Relative Error 0.49023982882499695
Epoch 441 Relative Error 0.49101606011390686
Epoch 442 Relative Error 0.4894103705883026
Epoch 443 Relative Error 0.49166032671928406
Epoch 444 Relative Error 0.49203336238861084
Epoch 445 Relative Error 0.4892285466194153
Epoch 446 Relative Error 0.48759758472442627
Epoch 447 Relative Error 0.4882444739341736
Epoch 448 Relative Error 0.4859257936477661
Epoch 449 Relative Error 0.4883832037448883
Epoch 450 Relative Error 0.48763298988342285
Epoch 451 Relative Error 0.4853614866733551
Epoch 452 Relative Error 0.48628753423690796
Epoch 453 Relative Error 0.4890575408935547
Epoch 454 Relative Error 0.4850233197212219
Epoch 455 Relative Error 0.48666051030158997
Epoch 456 Relative Error 0.4913257956504822
Epoch 457 Relative Error 0.4879959523677826
Epoch 458 Relative Error 0.4878828227519989
Epoch 459 Relative Error 0.49313682317733765
Epoch 460 Relative Error 0.48504236340522766
Epoch 461 Relative Error 0.4838346838951111
Epoch 462 Relative Error 0.48460036516189575
Epoch 463 Relative Error 0.4869178533554077
Epoch 464 Relative Error 0.48405390977859497
Epoch 465 Relative Error 0.48592886328697205
Epoch 466 Relative Error 0.48602479696273804
Epoch 467 Relative Error 0.4876977503299713
Epoch 468 Relative Error 0.486739844083786
Epoch 469 Relative Error 0.4852445721626282
Epoch 470 Relative Error 0.485895037651062
Epoch 471 Relative Error 0.4856303632259369
Epoch 472 Relative Error 0.48689204454421997
Epoch 473 Relative Error 0.4846629500389099
Epoch 474 Relative Error 0.48675796389579773
Epoch 475 Relative Error 0.48471686244010925
Epoch 476 Relative Error 0.48503661155700684
Epoch 477 Relative Error 0.48537471890449524
Epoch 478 Relative Error 0.48857352137565613
Epoch 479 Relative Error 0.487040638923645
Epoch 480 Relative Error 0.4873273968696594
Epoch 481 Relative Error 0.48536717891693115
Epoch 482 Relative Error 0.48349741101264954
Epoch 483 Relative Error 0.48373204469680786
Epoch 484 Relative Error 0.4853785037994385
Epoch 485 Relative Error 0.49854618310928345
Epoch 486 Relative Error 0.4891093671321869
Epoch 487 Relative Error 0.48522424697875977
Epoch 488 Relative Error 0.48441383242607117
Epoch 489 Relative Error 0.48443350195884705
Epoch 490 Relative Error 0.4839085042476654
Epoch 491 Relative Error 0.48475444316864014
Epoch 492 Relative Error 0.4870077073574066
Epoch 493 Relative Error 0.4874013662338257
Epoch 494 Relative Error 0.4881174564361572
Epoch 495 Relative Error 0.4875847399234772
Epoch 496 Relative Error 0.48306864500045776
Epoch 497 Relative Error 0.4836096167564392
Epoch 498 Relative Error 0.48383957147598267
Epoch 499 Relative Error 0.4851033389568329
Epoch 500 Relative Error 0.48779037594795227
Epoch 501 Relative Error 0.48719823360443115
Epoch 502 Relative Error 0.4839816391468048
Epoch 503 Relative Error 0.4831525981426239
Epoch 504 Relative Error 0.48430779576301575
Epoch 505 Relative Error 0.48783618211746216
Epoch 506 Relative Error 0.48885899782180786
Epoch 507 Relative Error 0.4859461784362793
Epoch 508 Relative Error 0.4840388000011444
Epoch 509 Relative Error 0.48342129588127136
Epoch 510 Relative Error 0.483042448759079
Epoch 511 Relative Error 0.4826200306415558
Epoch 512 Relative Error 0.4827692210674286
Epoch 513 Relative Error 0.48268789052963257
Epoch 514 Relative Error 0.4830535054206848
Epoch 515 Relative Error 0.4853942096233368
Epoch 516 Relative Error 0.48768243193626404
Epoch 517 Relative Error 0.49112164974212646
Epoch 518 Relative Error 0.48399782180786133
Epoch 519 Relative Error 0.4815209209918976
Epoch 520 Relative Error 0.4814673066139221
Epoch 521 Relative Error 0.483805388212204
Epoch 522 Relative Error 0.48397547006607056
Epoch 523 Relative Error 0.48579147458076477
Epoch 524 Relative Error 0.4844770133495331
Epoch 525 Relative Error 0.48287340998649597
Epoch 526 Relative Error 0.4826360046863556
Epoch 527 Relative Error 0.48248720169067383
Epoch 528 Relative Error 0.48627153038978577
Epoch 529 Relative Error 0.4837833344936371
Epoch 530 Relative Error 0.48168107867240906
Epoch 531 Relative Error 0.4820248484611511
Epoch 532 Relative Error 0.4829495847225189
Epoch 533 Relative Error 0.4824901819229126
Epoch 534 Relative Error 0.4826560914516449
Epoch 535 Relative Error 0.48193755745887756
Epoch 536 Relative Error 0.4831869602203369
Epoch 537 Relative Error 0.48307812213897705
Epoch 538 Relative Error 0.48341652750968933
Epoch 539 Relative Error 0.4820975363254547
Epoch 540 Relative Error 0.4832349121570587
Epoch 541 Relative Error 0.48614582419395447
Epoch 542 Relative Error 0.485123872756958
Epoch 543 Relative Error 0.48313209414482117
Epoch 544 Relative Error 0.4818364977836609
Epoch 545 Relative Error 0.48325490951538086
Epoch 546 Relative Error 0.48444342613220215
Epoch 547 Relative Error 0.4823538362979889
Epoch 548 Relative Error 0.4812072217464447
Epoch 549 Relative Error 0.48264360427856445
Epoch 550 Relative Error 0.48502835631370544
Epoch 551 Relative Error 0.4874683916568756
Epoch 552 Relative Error 0.48399919271469116
Epoch 553 Relative Error 0.4825091063976288
Epoch 554 Relative Error 0.4817538261413574
Epoch 555 Relative Error 0.48199737071990967
Epoch 556 Relative Error 0.48275259137153625
Epoch 557 Relative Error 0.4850483238697052
Epoch 558 Relative Error 0.4834185838699341
Epoch 559 Relative Error 0.48278775811195374
Epoch 560 Relative Error 0.4818384647369385
Epoch 561 Relative Error 0.48136934638023376
Epoch 562 Relative Error 0.4823547601699829
Epoch 563 Relative Error 0.4842492341995239
Epoch 564 Relative Error 0.4830370843410492
Epoch 565 Relative Error 0.4811873733997345
Epoch 566 Relative Error 0.4814651310443878
Epoch 567 Relative Error 0.4815385341644287
Epoch 568 Relative Error 0.4821847975254059
Epoch 569 Relative Error 0.48412951827049255
Epoch 570 Relative Error 0.4833464026451111
Epoch 571 Relative Error 0.4826686680316925
Epoch 572 Relative Error 0.4820899963378906
Epoch 573 Relative Error 0.4823836386203766
Epoch 574 Relative Error 0.48265016078948975
Epoch 575 Relative Error 0.48139747977256775
Epoch 576 Relative Error 0.48098504543304443
Epoch 577 Relative Error 0.480963796377182
Epoch 578 Relative Error 0.4825321137905121
Epoch 579 Relative Error 0.4832670986652374
Epoch 580 Relative Error 0.48277121782302856
Epoch 581 Relative Error 0.48309841752052307
Epoch 582 Relative Error 0.48329195380210876
Epoch 583 Relative Error 0.4817129969596863
Epoch 584 Relative Error 0.48185160756111145
Epoch 585 Relative Error 0.481839656829834
Epoch 586 Relative Error 0.481566458940506
Epoch 587 Relative Error 0.4819287359714508
Epoch 588 Relative Error 0.4826815128326416
Epoch 589 Relative Error 0.48318830132484436
Epoch 590 Relative Error 0.4820447862148285
Epoch 591 Relative Error 0.48165053129196167
Epoch 592 Relative Error 0.4838060438632965
Epoch 593 Relative Error 0.4826837182044983
Epoch 594 Relative Error 0.4815691113471985
Epoch 595 Relative Error 0.48101159930229187
Epoch 596 Relative Error 0.4812520146369934
Epoch 597 Relative Error 0.48139095306396484
Epoch 598 Relative Error 0.48156195878982544
Epoch 599 Relative Error 0.4811055064201355
Epoch 600 Relative Error 0.4812305271625519
Epoch 601 Relative Error 0.48133066296577454
Epoch 602 Relative Error 0.4810276925563812
Epoch 603 Relative Error 0.4829666316509247
Epoch 604 Relative Error 0.48327314853668213
Epoch 605 Relative Error 0.483360230922699
Epoch 606 Relative Error 0.4830905497074127
Epoch 607 Relative Error 0.4811134338378906
Epoch 608 Relative Error 0.48106276988983154
Epoch 609 Relative Error 0.481952428817749
Epoch 610 Relative Error 0.4827500879764557
Epoch 611 Relative Error 0.48185157775878906
Epoch 612 Relative Error 0.48185497522354126
Epoch 613 Relative Error 0.4811914265155792
Epoch 614 Relative Error 0.4810042083263397
Epoch 615 Relative Error 0.4807438850402832
Epoch 616 Relative Error 0.48130539059638977
Epoch 617 Relative Error 0.48326894640922546
Epoch 618 Relative Error 0.4849908947944641
Epoch 619 Relative Error 0.48382389545440674
Epoch 620 Relative Error 0.4807290732860565
Epoch 621 Relative Error 0.48063957691192627
Epoch 622 Relative Error 0.48075446486473083
Epoch 623 Relative Error 0.4838887155056
Epoch 624 Relative Error 0.48364248871803284
Epoch 625 Relative Error 0.4819755256175995
Epoch 626 Relative Error 0.4809612035751343
Epoch 627 Relative Error 0.48097294569015503
Epoch 628 Relative Error 0.4814761281013489
Epoch 629 Relative Error 0.48131778836250305
Epoch 630 Relative Error 0.4815589487552643
Epoch 631 Relative Error 0.4815480709075928
Epoch 632 Relative Error 0.48070594668388367
Epoch 633 Relative Error 0.4805316627025604
Epoch 634 Relative Error 0.4814225733280182
Epoch 635 Relative Error 0.48188140988349915
Epoch 636 Relative Error 0.4822339117527008
Epoch 637 Relative Error 0.481477290391922
Epoch 638 Relative Error 0.4813268184661865
Epoch 639 Relative Error 0.48070287704467773
Epoch 640 Relative Error 0.480571448802948
Epoch 641 Relative Error 0.4810774326324463
Epoch 642 Relative Error 0.48147422075271606
Epoch 643 Relative Error 0.48245126008987427
Epoch 644 Relative Error 0.4808407425880432
Epoch 645 Relative Error 0.4806970953941345
Epoch 646 Relative Error 0.48061907291412354
Epoch 647 Relative Error 0.48118722438812256
Epoch 648 Relative Error 0.4833315908908844
Epoch 649 Relative Error 0.4816174805164337
Epoch 650 Relative Error 0.481413871049881
Epoch 651 Relative Error 0.4807138442993164
Epoch 652 Relative Error 0.4809569716453552
Epoch 653 Relative Error 0.4808864891529083
Epoch 654 Relative Error 0.48082178831100464
Epoch 655 Relative Error 0.4821647107601166
Epoch 656 Relative Error 0.48106542229652405
Epoch 657 Relative Error 0.4807414412498474
Epoch 658 Relative Error 0.4809214770793915
Epoch 659 Relative Error 0.4810313880443573
Epoch 660 Relative Error 0.48103272914886475
Epoch 661 Relative Error 0.4808812141418457
Epoch 662 Relative Error 0.4808989465236664
Epoch 663 Relative Error 0.481459379196167
Epoch 664 Relative Error 0.4813890755176544
Epoch 665 Relative Error 0.48186755180358887
Epoch 666 Relative Error 0.4824851155281067
Epoch 667 Relative Error 0.4805566072463989
Epoch 668 Relative Error 0.48055994510650635
Epoch 669 Relative Error 0.4805566072463989
Epoch 670 Relative Error 0.4812682271003723
Epoch 671 Relative Error 0.48157262802124023
Epoch 672 Relative Error 0.48203086853027344
Epoch 673 Relative Error 0.48047634959220886
Epoch 674 Relative Error 0.48047739267349243
Epoch 675 Relative Error 0.4805234968662262
Epoch 676 Relative Error 0.4818773865699768
Epoch 677 Relative Error 0.48341622948646545
Epoch 678 Relative Error 0.4834302067756653
Epoch 679 Relative Error 0.4814014136791229
Epoch 680 Relative Error 0.48041293025016785
Epoch 681 Relative Error 0.48038026690483093
Epoch 682 Relative Error 0.48087558150291443
Epoch 683 Relative Error 0.48134636878967285
Epoch 684 Relative Error 0.481006383895874
Epoch 685 Relative Error 0.4813426733016968
Epoch 686 Relative Error 0.4808029532432556
Epoch 687 Relative Error 0.4805963933467865
Epoch 688 Relative Error 0.4803951680660248
Epoch 689 Relative Error 0.4810104966163635
Epoch 690 Relative Error 0.48142752051353455
Epoch 691 Relative Error 0.4822590947151184
Epoch 692 Relative Error 0.4810822308063507
Epoch 693 Relative Error 0.48048722743988037
Epoch 694 Relative Error 0.4803938567638397
Epoch 695 Relative Error 0.4807131290435791
Epoch 696 Relative Error 0.48197847604751587
Epoch 697 Relative Error 0.48164212703704834
Epoch 698 Relative Error 0.4814837574958801
Epoch 699 Relative Error 0.4808157682418823
Epoch 700 Relative Error 0.48045024275779724
Epoch 701 Relative Error 0.48047971725463867
Epoch 702 Relative Error 0.4807030260562897
Epoch 703 Relative Error 0.48063895106315613
Epoch 704 Relative Error 0.4811484217643738
Epoch 705 Relative Error 0.4819411337375641
Epoch 706 Relative Error 0.48054176568984985
Epoch 707 Relative Error 0.4806380271911621
Epoch 708 Relative Error 0.4808260202407837
Epoch 709 Relative Error 0.4806583821773529
Epoch 710 Relative Error 0.4807279706001282
Epoch 711 Relative Error 0.4807460606098175
Epoch 712 Relative Error 0.4805338680744171
Epoch 713 Relative Error 0.4803881049156189
Epoch 714 Relative Error 0.4808713495731354
Epoch 715 Relative Error 0.4806724786758423
Epoch 716 Relative Error 0.4808909296989441
Epoch 717 Relative Error 0.48095929622650146
Epoch 718 Relative Error 0.48056095838546753
Epoch 719 Relative Error 0.4803001284599304
Epoch 720 Relative Error 0.4803377687931061
Epoch 721 Relative Error 0.48088234663009644
Epoch 722 Relative Error 0.48106253147125244
Epoch 723 Relative Error 0.48063474893569946
Epoch 724 Relative Error 0.4803307056427002
Epoch 725 Relative Error 0.4803214967250824
Epoch 726 Relative Error 0.48044684529304504
Epoch 727 Relative Error 0.48042890429496765
Epoch 728 Relative Error 0.48089781403541565
Epoch 729 Relative Error 0.48051589727401733
Epoch 730 Relative Error 0.48026353120803833
Epoch 731 Relative Error 0.48031261563301086
Epoch 732 Relative Error 0.4805338382720947
Epoch 733 Relative Error 0.48137179017066956
Epoch 734 Relative Error 0.4808747172355652
Epoch 735 Relative Error 0.48041701316833496
Epoch 736 Relative Error 0.48046866059303284
Epoch 737 Relative Error 0.48074227571487427
Epoch 738 Relative Error 0.4802374839782715
Epoch 739 Relative Error 0.4802144765853882
Epoch 740 Relative Error 0.4805969297885895
Epoch 741 Relative Error 0.48050621151924133
Epoch 742 Relative Error 0.48028331995010376
Epoch 743 Relative Error 0.4802829325199127
Epoch 744 Relative Error 0.4805801510810852
Epoch 745 Relative Error 0.4803543984889984
Epoch 746 Relative Error 0.48050472140312195
Epoch 747 Relative Error 0.4805615544319153
Epoch 748 Relative Error 0.48053207993507385
Epoch 749 Relative Error 0.4804295301437378
Epoch 750 Relative Error 0.48080921173095703
Epoch 751 Relative Error 0.4805510938167572
Epoch 752 Relative Error 0.48091360926628113
Epoch 753 Relative Error 0.48075568675994873
Epoch 754 Relative Error 0.48054400086402893
Epoch 755 Relative Error 0.48033735156059265
Epoch 756 Relative Error 0.48028266429901123
Epoch 757 Relative Error 0.4808674156665802
Epoch 758 Relative Error 0.48051878809928894
Epoch 759 Relative Error 0.48022833466529846
Epoch 760 Relative Error 0.4805535674095154
Epoch 761 Relative Error 0.4808996915817261
Epoch 762 Relative Error 0.4803657531738281
Epoch 763 Relative Error 0.48054230213165283
Epoch 764 Relative Error 0.48055267333984375
Epoch 765 Relative Error 0.4802660048007965
Epoch 766 Relative Error 0.480379581451416
Epoch 767 Relative Error 0.48057371377944946
Epoch 768 Relative Error 0.4816606640815735
Epoch 769 Relative Error 0.4805556833744049
Epoch 770 Relative Error 0.4801435172557831
Epoch 771 Relative Error 0.48017746210098267
Epoch 772 Relative Error 0.4802390933036804
Epoch 773 Relative Error 0.48077312111854553
Epoch 774 Relative Error 0.4808492660522461
Epoch 775 Relative Error 0.48052114248275757
Epoch 776 Relative Error 0.4804486036300659
Epoch 777 Relative Error 0.4802546799182892
Epoch 778 Relative Error 0.48019739985466003
Epoch 779 Relative Error 0.4802764654159546
Epoch 780 Relative Error 0.48099485039711
Epoch 781 Relative Error 0.48137161135673523
Epoch 782 Relative Error 0.4815369248390198
Epoch 783 Relative Error 0.48024821281433105
Epoch 784 Relative Error 0.4801929295063019
Epoch 785 Relative Error 0.4804958701133728
Epoch 786 Relative Error 0.48016127943992615
Epoch 787 Relative Error 0.4803575575351715
Epoch 788 Relative Error 0.4809112250804901
Epoch 789 Relative Error 0.48091503977775574
Epoch 790 Relative Error 0.4801434278488159
Epoch 791 Relative Error 0.48010265827178955
Epoch 792 Relative Error 0.4805016815662384
Epoch 793 Relative Error 0.480579137802124
Epoch 794 Relative Error 0.48064741492271423
Epoch 795 Relative Error 0.48054882884025574
Epoch 796 Relative Error 0.48006054759025574
Epoch 797 Relative Error 0.48004618287086487
Epoch 798 Relative Error 0.48039042949676514
Epoch 799 Relative Error 0.48059582710266113
Epoch 800 Relative Error 0.48036009073257446
Epoch 801 Relative Error 0.4802153706550598
Epoch 802 Relative Error 0.4800591468811035
Epoch 803 Relative Error 0.48011329770088196
Epoch 804 Relative Error 0.48081454634666443
Epoch 805 Relative Error 0.48092877864837646
Epoch 806 Relative Error 0.4801150858402252
Epoch 807 Relative Error 0.4801146686077118
Epoch 808 Relative Error 0.480177640914917
Epoch 809 Relative Error 0.4801773130893707
Epoch 810 Relative Error 0.48089438676834106
Epoch 811 Relative Error 0.4804327189922333
Epoch 812 Relative Error 0.48036953806877136
Epoch 813 Relative Error 0.48056796193122864
Epoch 814 Relative Error 0.480204701423645
Epoch 815 Relative Error 0.4800417125225067
Epoch 816 Relative Error 0.48002082109451294
Epoch 817 Relative Error 0.4799974858760834
Epoch 818 Relative Error 0.4805241823196411
Epoch 819 Relative Error 0.480826735496521
Epoch 820 Relative Error 0.480211079120636
Epoch 821 Relative Error 0.4800184369087219
Epoch 822 Relative Error 0.4801357686519623
Epoch 823 Relative Error 0.4806983172893524
Epoch 824 Relative Error 0.48098552227020264
Epoch 825 Relative Error 0.4802921414375305
Epoch 826 Relative Error 0.48011690378189087
Epoch 827 Relative Error 0.48000991344451904
Epoch 828 Relative Error 0.48010846972465515
Epoch 829 Relative Error 0.480449378490448
Epoch 830 Relative Error 0.48035016655921936
Epoch 831 Relative Error 0.4800059199333191
Epoch 832 Relative Error 0.4799521565437317
Epoch 833 Relative Error 0.47999006509780884
Epoch 834 Relative Error 0.4802699685096741
Epoch 835 Relative Error 0.4807797074317932
Epoch 836 Relative Error 0.4804575443267822
Epoch 837 Relative Error 0.4800356924533844
Epoch 838 Relative Error 0.47997739911079407
Epoch 839 Relative Error 0.48003873229026794
Epoch 840 Relative Error 0.4800318479537964
Epoch 841 Relative Error 0.48014959692955017
Epoch 842 Relative Error 0.4802631437778473
Epoch 843 Relative Error 0.48008325695991516
Epoch 844 Relative Error 0.4802185595035553
Epoch 845 Relative Error 0.4800412058830261
Epoch 846 Relative Error 0.4803093373775482
Epoch 847 Relative Error 0.48074012994766235
Epoch 848 Relative Error 0.47992634773254395
Epoch 849 Relative Error 0.4799320697784424
Epoch 850 Relative Error 0.4799458682537079
Epoch 851 Relative Error 0.48018699884414673
Epoch 852 Relative Error 0.4802059233188629
Epoch 853 Relative Error 0.48000451922416687
Epoch 854 Relative Error 0.48006531596183777
Epoch 855 Relative Error 0.48004573583602905
Epoch 856 Relative Error 0.4799044728279114
Epoch 857 Relative Error 0.4799031913280487
Epoch 858 Relative Error 0.4800478518009186
Epoch 859 Relative Error 0.48023563623428345
Epoch 860 Relative Error 0.4801560938358307
Epoch 861 Relative Error 0.48019206523895264
Epoch 862 Relative Error 0.4801689684391022
Epoch 863 Relative Error 0.4798380732536316
Epoch 864 Relative Error 0.47991281747817993
Epoch 865 Relative Error 0.47994834184646606
Epoch 866 Relative Error 0.4798657298088074
Epoch 867 Relative Error 0.4802623987197876
Epoch 868 Relative Error 0.4806569814682007
Epoch 869 Relative Error 0.47989487648010254
Epoch 870 Relative Error 0.4799750745296478
Epoch 871 Relative Error 0.48017963767051697
Epoch 872 Relative Error 0.479999303817749
Epoch 873 Relative Error 0.48042258620262146
Epoch 874 Relative Error 0.47996026277542114
Epoch 875 Relative Error 0.47984781861305237
Epoch 876 Relative Error 0.4799272418022156
Epoch 877 Relative Error 0.4801543056964874
Epoch 878 Relative Error 0.48008182644844055
Epoch 879 Relative Error 0.4802084267139435
Epoch 880 Relative Error 0.4798418879508972
Epoch 881 Relative Error 0.4799450933933258
Epoch 882 Relative Error 0.479854553937912
Epoch 883 Relative Error 0.4798057973384857
Epoch 884 Relative Error 0.47998911142349243
Epoch 885 Relative Error 0.4810827076435089
Epoch 886 Relative Error 0.48046451807022095
Epoch 887 Relative Error 0.4797687828540802
Epoch 888 Relative Error 0.4800206422805786
Epoch 889 Relative Error 0.4797888398170471
Epoch 890 Relative Error 0.47983410954475403
Epoch 891 Relative Error 0.4798364043235779
Epoch 892 Relative Error 0.47983407974243164
Epoch 893 Relative Error 0.47997596859931946
Epoch 894 Relative Error 0.47976312041282654
Epoch 895 Relative Error 0.4797770082950592
Epoch 896 Relative Error 0.4798697829246521
Epoch 897 Relative Error 0.4800221621990204
Epoch 898 Relative Error 0.47981831431388855
Epoch 899 Relative Error 0.47982490062713623
Epoch 900 Relative Error 0.4797686040401459
Epoch 901 Relative Error 0.47974449396133423
Epoch 902 Relative Error 0.4799211025238037
Epoch 903 Relative Error 0.4799332916736603
Epoch 904 Relative Error 0.4799336791038513
Epoch 905 Relative Error 0.4798906743526459
Epoch 906 Relative Error 0.47984808683395386
Epoch 907 Relative Error 0.4797377288341522
Epoch 908 Relative Error 0.4798000752925873
Epoch 909 Relative Error 0.4798937737941742
Epoch 910 Relative Error 0.48020002245903015
Epoch 911 Relative Error 0.47998133301734924
Epoch 912 Relative Error 0.48023489117622375
Epoch 913 Relative Error 0.4797642230987549
Epoch 914 Relative Error 0.4796880781650543
Epoch 915 Relative Error 0.47970062494277954
Epoch 916 Relative Error 0.47974446415901184
Epoch 917 Relative Error 0.47975224256515503
Epoch 918 Relative Error 0.4797649681568146
Epoch 919 Relative Error 0.4797346889972687
Epoch 920 Relative Error 0.47985175251960754
Epoch 921 Relative Error 0.4799133241176605
Epoch 922 Relative Error 0.48001912236213684
Epoch 923 Relative Error 0.4796910881996155
Epoch 924 Relative Error 0.4796751141548157
Epoch 925 Relative Error 0.4797504246234894
Epoch 926 Relative Error 0.4797329008579254
Epoch 927 Relative Error 0.48014509677886963
Epoch 928 Relative Error 0.4806584417819977
Epoch 929 Relative Error 0.47976404428482056
Epoch 930 Relative Error 0.4796474575996399
Epoch 931 Relative Error 0.47968459129333496
Epoch 932 Relative Error 0.4796505570411682
Epoch 933 Relative Error 0.47970905900001526
Epoch 934 Relative Error 0.4796920120716095
Epoch 935 Relative Error 0.479656457901001
Epoch 936 Relative Error 0.4796622693538666
Epoch 937 Relative Error 0.47962453961372375
Epoch 938 Relative Error 0.4796123504638672
Epoch 939 Relative Error 0.47961199283599854
Epoch 940 Relative Error 0.4799313247203827
Epoch 941 Relative Error 0.4799085259437561
Epoch 942 Relative Error 0.4796806275844574
Epoch 943 Relative Error 0.479614794254303
Epoch 944 Relative Error 0.47966066002845764
Epoch 945 Relative Error 0.4795946776866913
Epoch 946 Relative Error 0.47958797216415405
Epoch 947 Relative Error 0.47959426045417786
Epoch 948 Relative Error 0.4797781705856323
Epoch 949 Relative Error 0.47979074716567993
Epoch 950 Relative Error 0.47968196868896484
Epoch 951 Relative Error 0.47968366742134094
Epoch 952 Relative Error 0.4796440899372101
Epoch 953 Relative Error 0.47993144392967224
Epoch 954 Relative Error 0.47957971692085266
Epoch 955 Relative Error 0.4798230230808258
Epoch 956 Relative Error 0.48024702072143555
Epoch 957 Relative Error 0.48016878962516785
Epoch 958 Relative Error 0.4797340929508209
Epoch 959 Relative Error 0.4796253740787506
Epoch 960 Relative Error 0.4795363247394562
Epoch 961 Relative Error 0.47954460978507996
Epoch 962 Relative Error 0.4796959459781647
Epoch 963 Relative Error 0.4796559512615204
Epoch 964 Relative Error 0.4795164465904236
Epoch 965 Relative Error 0.4796026349067688
Epoch 966 Relative Error 0.4795006215572357
Epoch 967 Relative Error 0.47985830903053284
Epoch 968 Relative Error 0.4799869656562805
Epoch 969 Relative Error 0.4798365533351898
Epoch 970 Relative Error 0.4795409142971039
Epoch 971 Relative Error 0.4795238673686981
Epoch 972 Relative Error 0.4795232117176056
Epoch 973 Relative Error 0.4795283377170563
Epoch 974 Relative Error 0.4795933663845062
Epoch 975 Relative Error 0.4795188009738922
Epoch 976 Relative Error 0.4797219932079315
Epoch 977 Relative Error 0.4797620475292206
Epoch 978 Relative Error 0.479486346244812
Epoch 979 Relative Error 0.47953060269355774
Epoch 980 Relative Error 0.4796481132507324
Epoch 981 Relative Error 0.47979795932769775
Epoch 982 Relative Error 0.4796225130558014
Epoch 983 Relative Error 0.47944000363349915
Epoch 984 Relative Error 0.47959619760513306
Epoch 985 Relative Error 0.47945916652679443
Epoch 986 Relative Error 0.47946155071258545
Epoch 987 Relative Error 0.4795389473438263
Epoch 988 Relative Error 0.4794291853904724
Epoch 989 Relative Error 0.4794469177722931
Epoch 990 Relative Error 0.4796406030654907
Epoch 991 Relative Error 0.47959643602371216
Epoch 992 Relative Error 0.4798339307308197
Epoch 993 Relative Error 0.4794383943080902
Epoch 994 Relative Error 0.47942331433296204
Epoch 995 Relative Error 0.47940412163734436
Epoch 996 Relative Error 0.47942915558815
Epoch 997 Relative Error 0.47942015528678894
Epoch 998 Relative Error 0.47939783334732056
Epoch 999 Relative Error 0.47955742478370667
Epoch 1000 Relative Error 0.47939905524253845
RE (3, 9, 27, 0): 0.47939783334732056
Green's Function RE (3, 9, 27, 0): 0.2692910134792328
Bias Term RE (3, 9, 27, 0): 0.08175286650657654
Combination (3, 9, 27, 0, 0): 0.47939905524253845
Combination (3, 9, 27, 0, 1): 0.47763216495513916
Combination (3, 9, 27, 0, 2): 0.4770565330982208
Combination (3, 9, 27, 0, 3): 0.4768618643283844
Combination (3, 9, 27, 0, 4): 0.4767650365829468

/home/gridsan/gstepaniants/.local/lib/python3.8/site-packages/torch/functional.py:478: UserWarning: torch.meshgrid: in an upcoming release, it will be required to pass the indexing argument. (Triggered internally at  ../aten/src/ATen/native/TensorShape.cpp:2895.)
  return _VF.meshgrid(tensors, **kwargs)  # type: ignore[attr-defined]
