[KeOps] Warning : Cuda libraries were not detected on the system ; using cpu only mode
1
Kernel: Matern3/2
Weight Mesh: 90
RKHS Kernel Width: 0.1
Lambda: 1e-06
Green's Function Learning Rate: 100
Bias Term Learning Rate: 100
Epoch 1 Relative Error 28784.904296875
First epoch had re = 28784.904296875 > 1
Green's Function Learning Rate: 50
Bias Term Learning Rate: 50
Epoch 1 Relative Error 12562.3818359375
First epoch had re = 12562.3818359375 > 1
Green's Function Learning Rate: 10
Bias Term Learning Rate: 10
Epoch 1 Relative Error 2464.46484375
First epoch had re = 2464.46484375 > 1
Green's Function Learning Rate: 5
Bias Term Learning Rate: 5
Epoch 1 Relative Error 1344.3192138671875
First epoch had re = 1344.3192138671875 > 1
Green's Function Learning Rate: 1
Bias Term Learning Rate: 1
Epoch 1 Relative Error 236.98004150390625
First epoch had re = 236.98004150390625 > 1
Green's Function Learning Rate: 0.5
Bias Term Learning Rate: 0.5
Epoch 1 Relative Error 120.02625274658203
First epoch had re = 120.02625274658203 > 1
Green's Function Learning Rate: 0.1
Bias Term Learning Rate: 0.1
Epoch 1 Relative Error 20.171627044677734
First epoch had re = 20.171627044677734 > 1
Green's Function Learning Rate: 0.05
Bias Term Learning Rate: 0.05
Epoch 1 Relative Error 8.800675392150879
First epoch had re = 8.800675392150879 > 1
Green's Function Learning Rate: 0.01
Bias Term Learning Rate: 0.01
Epoch 1 Relative Error 1.4420384168624878
First epoch had re = 1.4420384168624878 > 1
Green's Function Learning Rate: 0.005
Bias Term Learning Rate: 0.005
Epoch 1 Relative Error 0.8862749934196472
Epoch 2 Relative Error 0.6297224164009094
Epoch 3 Relative Error 0.3694879114627838
Epoch 4 Relative Error 0.35281598567962646
Epoch 5 Relative Error 0.2707885801792145
Epoch 6 Relative Error 0.16987429559230804
Epoch 7 Relative Error 0.1558454930782318
Epoch 8 Relative Error 0.12853142619132996
Epoch 9 Relative Error 0.10165895521640778
Epoch 10 Relative Error 0.08743011951446533
Epoch 11 Relative Error 0.07367929071187973
Epoch 12 Relative Error 0.07030297815799713
Epoch 13 Relative Error 0.06481976062059402
Epoch 14 Relative Error 0.05791222304105759
Epoch 15 Relative Error 0.05689007043838501
Epoch 16 Relative Error 0.05332435667514801
Epoch 17 Relative Error 0.049490053206682205
Epoch 18 Relative Error 0.05044548586010933
Epoch 19 Relative Error 0.047284580767154694
Epoch 20 Relative Error 0.04680541530251503
Epoch 21 Relative Error 0.045473869889974594
Epoch 22 Relative Error 0.04527852684259415
Epoch 23 Relative Error 0.043933745473623276
Epoch 24 Relative Error 0.04329604282975197
Epoch 25 Relative Error 0.04237399250268936
Epoch 26 Relative Error 0.04157515987753868
Epoch 27 Relative Error 0.041117388755083084
Epoch 28 Relative Error 0.040291182696819305
Epoch 29 Relative Error 0.03969434276223183
Epoch 30 Relative Error 0.0392950139939785
Epoch 31 Relative Error 0.03875249996781349
Epoch 32 Relative Error 0.03813477233052254
Epoch 33 Relative Error 0.03772692009806633
Epoch 34 Relative Error 0.03736944869160652
Epoch 35 Relative Error 0.0367632694542408
Epoch 36 Relative Error 0.036282025277614594
Epoch 37 Relative Error 0.03601405397057533
Epoch 38 Relative Error 0.035517822951078415
Epoch 39 Relative Error 0.03505278751254082
Epoch 40 Relative Error 0.03469434753060341
Epoch 41 Relative Error 0.03441266715526581
Epoch 42 Relative Error 0.03398090973496437
Epoch 43 Relative Error 0.03362920880317688
Epoch 44 Relative Error 0.033327411860227585
Epoch 45 Relative Error 0.03305966407060623
Epoch 46 Relative Error 0.03274912014603615
Epoch 47 Relative Error 0.032399434596300125
Epoch 48 Relative Error 0.03215082734823227
Epoch 49 Relative Error 0.03186416253447533
Epoch 50 Relative Error 0.03164823353290558
Epoch 51 Relative Error 0.0314478725194931
Epoch 52 Relative Error 0.031148919835686684
Epoch 53 Relative Error 0.030911920592188835
Epoch 54 Relative Error 0.030598068609833717
Epoch 55 Relative Error 0.030847426503896713
Epoch 56 Relative Error 0.03041846863925457
Epoch 57 Relative Error 0.030084414407610893
Epoch 58 Relative Error 0.029860343784093857
Epoch 59 Relative Error 0.02958608791232109
Epoch 60 Relative Error 0.029430465772747993
Epoch 61 Relative Error 0.02918260730803013
Epoch 62 Relative Error 0.0289986040443182
Epoch 63 Relative Error 0.02872386761009693
Epoch 64 Relative Error 0.028611335903406143
Epoch 65 Relative Error 0.02840312011539936
Epoch 66 Relative Error 0.028254281729459763
Epoch 67 Relative Error 0.028355799615383148
Epoch 68 Relative Error 0.02799338474869728
Epoch 69 Relative Error 0.02770153246819973
Epoch 70 Relative Error 0.02758416160941124
Epoch 71 Relative Error 0.027382439002394676
Epoch 72 Relative Error 0.0272282175719738
Epoch 73 Relative Error 0.027103498578071594
Epoch 74 Relative Error 0.02696230262517929
Epoch 75 Relative Error 0.026802869513630867
Epoch 76 Relative Error 0.02666541188955307
Epoch 77 Relative Error 0.02657785266637802
Epoch 78 Relative Error 0.026459066197276115
Epoch 79 Relative Error 0.026334529742598534
Epoch 80 Relative Error 0.026112336665391922
Epoch 81 Relative Error 0.025949131697416306
Epoch 82 Relative Error 0.0258502084761858
Epoch 83 Relative Error 0.025731490924954414
Epoch 84 Relative Error 0.025663631036877632
Epoch 85 Relative Error 0.025517411530017853
Epoch 86 Relative Error 0.02552034892141819
Epoch 87 Relative Error 0.025415625423192978
Epoch 88 Relative Error 0.025205999612808228
Epoch 89 Relative Error 0.02497291751205921
Epoch 90 Relative Error 0.024835558608174324
Epoch 91 Relative Error 0.0247014332562685
Epoch 92 Relative Error 0.02458134852349758
Epoch 93 Relative Error 0.02448359876871109
Epoch 94 Relative Error 0.024493519216775894
Epoch 95 Relative Error 0.024369675666093826
Epoch 96 Relative Error 0.02418135665357113
Epoch 97 Relative Error 0.024043668061494827
Epoch 98 Relative Error 0.023959500715136528
Epoch 99 Relative Error 0.02383672632277012
Epoch 100 Relative Error 0.02381301485002041
Epoch 101 Relative Error 0.023705506697297096
Epoch 102 Relative Error 0.02369208261370659
Epoch 103 Relative Error 0.023520251736044884
Epoch 104 Relative Error 0.023381102830171585
Epoch 105 Relative Error 0.023272424936294556
Epoch 106 Relative Error 0.023467909544706345
Epoch 107 Relative Error 0.02318359725177288
Epoch 108 Relative Error 0.02313365787267685
Epoch 109 Relative Error 0.02297791838645935
Epoch 110 Relative Error 0.02308642491698265
Epoch 111 Relative Error 0.02286612242460251
Epoch 112 Relative Error 0.022825947031378746
Epoch 113 Relative Error 0.022725200280547142
Epoch 114 Relative Error 0.022575823590159416
Epoch 115 Relative Error 0.022463927045464516
Epoch 116 Relative Error 0.022419411689043045
Epoch 117 Relative Error 0.02231583558022976
Epoch 118 Relative Error 0.022203968837857246
Epoch 119 Relative Error 0.02209903858602047
Epoch 120 Relative Error 0.022039202973246574
Epoch 121 Relative Error 0.022026244550943375
Epoch 122 Relative Error 0.021904930472373962
Epoch 123 Relative Error 0.021878790110349655
Epoch 124 Relative Error 0.021928781643509865
Epoch 125 Relative Error 0.02169974334537983
Epoch 126 Relative Error 0.02164129912853241
Epoch 127 Relative Error 0.02152346447110176
Epoch 128 Relative Error 0.021438229829072952
Epoch 129 Relative Error 0.021420791745185852
Epoch 130 Relative Error 0.02136068232357502
Epoch 131 Relative Error 0.02139708399772644
Epoch 132 Relative Error 0.021212242543697357
Epoch 133 Relative Error 0.021135369315743446
Epoch 134 Relative Error 0.021156297996640205
Epoch 135 Relative Error 0.021059857681393623
Epoch 136 Relative Error 0.020991692319512367
Epoch 137 Relative Error 0.0208900086581707
Epoch 138 Relative Error 0.0208573155105114
Epoch 139 Relative Error 0.02076862007379532
Epoch 140 Relative Error 0.020690225064754486
Epoch 141 Relative Error 0.020721711218357086
Epoch 142 Relative Error 0.020681489259004593
Epoch 143 Relative Error 0.02059895545244217
Epoch 144 Relative Error 0.020642157644033432
Epoch 145 Relative Error 0.020568255335092545
Epoch 146 Relative Error 0.020404264330863953
Epoch 147 Relative Error 0.020473424345254898
Epoch 148 Relative Error 0.020908132195472717
Epoch 149 Relative Error 0.02075282484292984
Epoch 150 Relative Error 0.020480548962950706
Epoch 151 Relative Error 0.020374305546283722
Epoch 152 Relative Error 0.020136697217822075
Epoch 153 Relative Error 0.02012208104133606
Epoch 154 Relative Error 0.02003859542310238
Epoch 155 Relative Error 0.019914334639906883
Epoch 156 Relative Error 0.019925542175769806
Epoch 157 Relative Error 0.0198106300085783
Epoch 158 Relative Error 0.019838977605104446
Epoch 159 Relative Error 0.019792333245277405
Epoch 160 Relative Error 0.019733192399144173
Epoch 161 Relative Error 0.01966696046292782
Epoch 162 Relative Error 0.019611937925219536
Epoch 163 Relative Error 0.019589215517044067
Epoch 164 Relative Error 0.019533123821020126
Epoch 165 Relative Error 0.01936754770576954
Epoch 166 Relative Error 0.019347524270415306
Epoch 167 Relative Error 0.019307969138026237
Epoch 168 Relative Error 0.019265275448560715
Epoch 169 Relative Error 0.019224565476179123
Epoch 170 Relative Error 0.019204627722501755
Epoch 171 Relative Error 0.019065972417593002
Epoch 172 Relative Error 0.01906876638531685
Epoch 173 Relative Error 0.019103186205029488
Epoch 174 Relative Error 0.01898742839694023
Epoch 175 Relative Error 0.018974285572767258
Epoch 176 Relative Error 0.01886805146932602
Epoch 177 Relative Error 0.018858620896935463
Epoch 178 Relative Error 0.01878497004508972
Epoch 179 Relative Error 0.018769338726997375
Epoch 180 Relative Error 0.018729930743575096
Epoch 181 Relative Error 0.01868685707449913
Epoch 182 Relative Error 0.018671393394470215
Epoch 183 Relative Error 0.018742099404335022
Epoch 184 Relative Error 0.01859862729907036
Epoch 185 Relative Error 0.018661124631762505
Epoch 186 Relative Error 0.018533386290073395
Epoch 187 Relative Error 0.018501335754990578
Epoch 188 Relative Error 0.01843830943107605
Epoch 189 Relative Error 0.018400412052869797
Epoch 190 Relative Error 0.01835387572646141
Epoch 191 Relative Error 0.018305586650967598
Epoch 192 Relative Error 0.01823662593960762
Epoch 193 Relative Error 0.0181990135461092
Epoch 194 Relative Error 0.01814531907439232
Epoch 195 Relative Error 0.018136823549866676
Epoch 196 Relative Error 0.018099145963788033
Epoch 197 Relative Error 0.018151309341192245
Epoch 198 Relative Error 0.018122171983122826
Epoch 199 Relative Error 0.017971642315387726
Epoch 200 Relative Error 0.01799841783940792
Epoch 201 Relative Error 0.017962874844670296
Epoch 202 Relative Error 0.017943164333701134
Epoch 203 Relative Error 0.01782097853720188
Epoch 204 Relative Error 0.017856813967227936
Epoch 205 Relative Error 0.01782667636871338
Epoch 206 Relative Error 0.017798038199543953
Epoch 207 Relative Error 0.01769421622157097
Epoch 208 Relative Error 0.0177619531750679
Epoch 209 Relative Error 0.017823878675699234
Epoch 210 Relative Error 0.017760727554559708
Epoch 211 Relative Error 0.017597733065485954
Epoch 212 Relative Error 0.01756519451737404
Epoch 213 Relative Error 0.017548436298966408
Epoch 214 Relative Error 0.017494086176156998
Epoch 215 Relative Error 0.017460191622376442
Epoch 216 Relative Error 0.01743624545633793
Epoch 217 Relative Error 0.017395135015249252
Epoch 218 Relative Error 0.017406033352017403
Epoch 219 Relative Error 0.017329828813672066
Epoch 220 Relative Error 0.01730823516845703
Epoch 221 Relative Error 0.0172724686563015
Epoch 222 Relative Error 0.017258906736969948
Epoch 223 Relative Error 0.017197707667946815
Epoch 224 Relative Error 0.017170729115605354
Epoch 225 Relative Error 0.017129704356193542
Epoch 226 Relative Error 0.017083697021007538
Epoch 227 Relative Error 0.017064876854419708
Epoch 228 Relative Error 0.01702725701034069
Epoch 229 Relative Error 0.017018288373947144
Epoch 230 Relative Error 0.01697615534067154
Epoch 231 Relative Error 0.016948895528912544
Epoch 232 Relative Error 0.016971269622445107
Epoch 233 Relative Error 0.016918515786528587
Epoch 234 Relative Error 0.016896845772862434
Epoch 235 Relative Error 0.016845088452100754
Epoch 236 Relative Error 0.01686595194041729
Epoch 237 Relative Error 0.016786163672804832
Epoch 238 Relative Error 0.01679050549864769
Epoch 239 Relative Error 0.016743948683142662
Epoch 240 Relative Error 0.01685921661555767
Epoch 241 Relative Error 0.01669294573366642
Epoch 242 Relative Error 0.016661738976836205
Epoch 243 Relative Error 0.016727136448025703
Epoch 244 Relative Error 0.016648760065436363
Epoch 245 Relative Error 0.017023855820298195
Epoch 246 Relative Error 0.016632022336125374
Epoch 247 Relative Error 0.01665806584060192
Epoch 248 Relative Error 0.016500847414135933
Epoch 249 Relative Error 0.01645229011774063
Epoch 250 Relative Error 0.016435939818620682
Epoch 251 Relative Error 0.01640520617365837
Epoch 252 Relative Error 0.016395723447203636
Epoch 253 Relative Error 0.016377629712224007
Epoch 254 Relative Error 0.016317790374159813
Epoch 255 Relative Error 0.016299331560730934
Epoch 256 Relative Error 0.01627330482006073
Epoch 257 Relative Error 0.01631861738860607
Epoch 258 Relative Error 0.01636255346238613
Epoch 259 Relative Error 0.01622181572020054
Epoch 260 Relative Error 0.016213810071349144
Epoch 261 Relative Error 0.016168588772416115
Epoch 262 Relative Error 0.01616739109158516
Epoch 263 Relative Error 0.016159463673830032
Epoch 264 Relative Error 0.016097290441393852
Epoch 265 Relative Error 0.016034981235861778
Epoch 266 Relative Error 0.01604258082807064
Epoch 267 Relative Error 0.016041100025177002
Epoch 268 Relative Error 0.016067391261458397
Epoch 269 Relative Error 0.016008051112294197
Epoch 270 Relative Error 0.016276199370622635
Epoch 271 Relative Error 0.016193922609090805
Epoch 272 Relative Error 0.01608043536543846
Epoch 273 Relative Error 0.015977036207914352
Epoch 274 Relative Error 0.016226081177592278
Epoch 275 Relative Error 0.015864213928580284
Epoch 276 Relative Error 0.015874657779932022
Epoch 277 Relative Error 0.015908969566226006
Epoch 278 Relative Error 0.015880350023508072
Epoch 279 Relative Error 0.015870505943894386
Epoch 280 Relative Error 0.016019482165575027
Epoch 281 Relative Error 0.015744419768452644
Epoch 282 Relative Error 0.01573505625128746
Epoch 283 Relative Error 0.015898896381258965
Epoch 284 Relative Error 0.015879372134804726
Epoch 285 Relative Error 0.015620757825672626
Epoch 286 Relative Error 0.015714919194579124
Epoch 287 Relative Error 0.01557850930839777
Epoch 288 Relative Error 0.015606562606990337
Epoch 289 Relative Error 0.015566268004477024
Epoch 290 Relative Error 0.015679452568292618
Epoch 291 Relative Error 0.015545978210866451
Epoch 292 Relative Error 0.015496552921831608
Epoch 293 Relative Error 0.015519973821938038
Epoch 294 Relative Error 0.015509762801229954
Epoch 295 Relative Error 0.015388372354209423
Epoch 296 Relative Error 0.015374604612588882
Epoch 297 Relative Error 0.015342853032052517
Epoch 298 Relative Error 0.01535914745181799
Epoch 299 Relative Error 0.015341049991548061
Epoch 300 Relative Error 0.015303357504308224
Epoch 301 Relative Error 0.015287932008504868
Epoch 302 Relative Error 0.015234620310366154
Epoch 303 Relative Error 0.01522862073034048
Epoch 304 Relative Error 0.0152442567050457
Epoch 305 Relative Error 0.01518380269408226
Epoch 306 Relative Error 0.015190670266747475
Epoch 307 Relative Error 0.015153732150793076
Epoch 308 Relative Error 0.01511373184621334
Epoch 309 Relative Error 0.01510597113519907
Epoch 310 Relative Error 0.015155193395912647
Epoch 311 Relative Error 0.015198692679405212
Epoch 312 Relative Error 0.015062917955219746
Epoch 313 Relative Error 0.015039803460240364
Epoch 314 Relative Error 0.015045758336782455
Epoch 315 Relative Error 0.014970248565077782
Epoch 316 Relative Error 0.015020579099655151
Epoch 317 Relative Error 0.01498804334551096
Epoch 318 Relative Error 0.014928151853382587
Epoch 319 Relative Error 0.014917255379259586
Epoch 320 Relative Error 0.014965388923883438
Epoch 321 Relative Error 0.01491541601717472
Epoch 322 Relative Error 0.014945057220757008
Epoch 323 Relative Error 0.014895446598529816
Epoch 324 Relative Error 0.014844772405922413
Epoch 325 Relative Error 0.014855620451271534
Epoch 326 Relative Error 0.014788452535867691
Epoch 327 Relative Error 0.014833279885351658
Epoch 328 Relative Error 0.015008026733994484
Epoch 329 Relative Error 0.015168162062764168
Epoch 330 Relative Error 0.015210683457553387
Epoch 331 Relative Error 0.014982842840254307
Epoch 332 Relative Error 0.014949233271181583
Epoch 333 Relative Error 0.01502163428813219
Epoch 334 Relative Error 0.01478733029216528
Epoch 335 Relative Error 0.015039966441690922
Epoch 336 Relative Error 0.01492712739855051
Epoch 337 Relative Error 0.01486117858439684
Epoch 338 Relative Error 0.014690034091472626
Epoch 339 Relative Error 0.014696169644594193
Epoch 340 Relative Error 0.014743129722774029
Epoch 341 Relative Error 0.014616829343140125
Epoch 342 Relative Error 0.014843725599348545
Epoch 343 Relative Error 0.015138432383537292
Epoch 344 Relative Error 0.014956265687942505
Epoch 345 Relative Error 0.014649063348770142
Epoch 346 Relative Error 0.014539229683578014
Epoch 347 Relative Error 0.014722095802426338
Epoch 348 Relative Error 0.014736662618815899
Epoch 349 Relative Error 0.014491386711597443
Epoch 350 Relative Error 0.014451357536017895
Epoch 351 Relative Error 0.014378256164491177
Epoch 352 Relative Error 0.01442147046327591
Epoch 353 Relative Error 0.014393704943358898
Epoch 354 Relative Error 0.014438314363360405
Epoch 355 Relative Error 0.014383496716618538
Epoch 356 Relative Error 0.014359347522258759
Epoch 357 Relative Error 0.014339863322675228
Epoch 358 Relative Error 0.014346578158438206
Epoch 359 Relative Error 0.014256020076572895
Epoch 360 Relative Error 0.014278288930654526
Epoch 361 Relative Error 0.014296350069344044
Epoch 362 Relative Error 0.014254915527999401
Epoch 363 Relative Error 0.014229966327548027
Epoch 364 Relative Error 0.01419285498559475
Epoch 365 Relative Error 0.014266276732087135
Epoch 366 Relative Error 0.014282770454883575
Epoch 367 Relative Error 0.014180079102516174
Epoch 368 Relative Error 0.014144670218229294
Epoch 369 Relative Error 0.01410150807350874
Epoch 370 Relative Error 0.014102851040661335
Epoch 371 Relative Error 0.01409069262444973
Epoch 372 Relative Error 0.014090251177549362
Epoch 373 Relative Error 0.014058580622076988
Epoch 374 Relative Error 0.01406214851886034
Epoch 375 Relative Error 0.014033298939466476
Epoch 376 Relative Error 0.014316175132989883
Epoch 377 Relative Error 0.014292771928012371
Epoch 378 Relative Error 0.014040488749742508
Epoch 379 Relative Error 0.014038218185305595
Epoch 380 Relative Error 0.014057383872568607
Epoch 381 Relative Error 0.014012770727276802
Epoch 382 Relative Error 0.013982408680021763
Epoch 383 Relative Error 0.014068176038563251
Epoch 384 Relative Error 0.01402401551604271
Epoch 385 Relative Error 0.013889017514884472
Epoch 386 Relative Error 0.013847443275153637
Epoch 387 Relative Error 0.013867228291928768
Epoch 388 Relative Error 0.013874819502234459
Epoch 389 Relative Error 0.013900584541261196
Epoch 390 Relative Error 0.013878906145691872
Epoch 391 Relative Error 0.013830320909619331
Epoch 392 Relative Error 0.013830740936100483
Epoch 393 Relative Error 0.013868521898984909
Epoch 394 Relative Error 0.013814033009111881
Epoch 395 Relative Error 0.013830195181071758
Epoch 396 Relative Error 0.013747637160122395
Epoch 397 Relative Error 0.013895409181714058
Epoch 398 Relative Error 0.01382515300065279
Epoch 399 Relative Error 0.013849398121237755
Epoch 400 Relative Error 0.013910540379583836
Epoch 401 Relative Error 0.013852686621248722
Epoch 402 Relative Error 0.013958445750176907
Epoch 403 Relative Error 0.013933802954852581
Epoch 404 Relative Error 0.013892273418605328
Epoch 405 Relative Error 0.013836239464581013
Epoch 406 Relative Error 0.014036963693797588
Epoch 407 Relative Error 0.013683763332664967
Epoch 408 Relative Error 0.013606665655970573
Epoch 409 Relative Error 0.01366578508168459
Epoch 410 Relative Error 0.013594975695014
Epoch 411 Relative Error 0.013653996400535107
Epoch 412 Relative Error 0.013621000573039055
Epoch 413 Relative Error 0.013635894283652306
Epoch 414 Relative Error 0.01360071450471878
Epoch 415 Relative Error 0.013515954837203026
Epoch 416 Relative Error 0.013565771281719208
Epoch 417 Relative Error 0.0134958541020751
Epoch 418 Relative Error 0.013574398122727871
Epoch 419 Relative Error 0.013542404398322105
Epoch 420 Relative Error 0.013464434072375298
Epoch 421 Relative Error 0.013455724343657494
Epoch 422 Relative Error 0.013628215529024601
Epoch 423 Relative Error 0.013512440025806427
Epoch 424 Relative Error 0.01345590129494667
Epoch 425 Relative Error 0.013504336588084698
Epoch 426 Relative Error 0.013600124977529049
Epoch 427 Relative Error 0.01335135754197836
Epoch 428 Relative Error 0.013375252485275269
Epoch 429 Relative Error 0.01344769075512886
Epoch 430 Relative Error 0.013414374552667141
Epoch 431 Relative Error 0.013668288476765156
Epoch 432 Relative Error 0.013410599902272224
Epoch 433 Relative Error 0.013561754487454891
Epoch 434 Relative Error 0.01347283273935318
Epoch 435 Relative Error 0.013338177464902401
Epoch 436 Relative Error 0.01338515616953373
Epoch 437 Relative Error 0.01331111416220665
Epoch 438 Relative Error 0.013303554616868496
Epoch 439 Relative Error 0.013311481103301048
Epoch 440 Relative Error 0.013265954330563545
Epoch 441 Relative Error 0.013269050046801567
Epoch 442 Relative Error 0.013206240721046925
Epoch 443 Relative Error 0.013232171535491943
Epoch 444 Relative Error 0.013266240246593952
Epoch 445 Relative Error 0.013238713145256042
Epoch 446 Relative Error 0.013170745223760605
Epoch 447 Relative Error 0.013160163536667824
Epoch 448 Relative Error 0.013122881762683392
Epoch 449 Relative Error 0.013226998038589954
Epoch 450 Relative Error 0.013192511163651943
Epoch 451 Relative Error 0.013158910907804966
Epoch 452 Relative Error 0.013181188143789768
Epoch 453 Relative Error 0.013092173263430595
Epoch 454 Relative Error 0.01320844516158104
Epoch 455 Relative Error 0.0132699403911829
Epoch 456 Relative Error 0.013170325197279453
Epoch 457 Relative Error 0.01303575374186039
Epoch 458 Relative Error 0.013047022745013237
Epoch 459 Relative Error 0.01311148889362812
Epoch 460 Relative Error 0.013102314434945583
Epoch 461 Relative Error 0.013246728107333183
Epoch 462 Relative Error 0.013058505952358246
Epoch 463 Relative Error 0.013006757944822311
Epoch 464 Relative Error 0.013014026917517185
Epoch 465 Relative Error 0.012933336198329926
Epoch 466 Relative Error 0.012926294468343258
Epoch 467 Relative Error 0.012926643714308739
Epoch 468 Relative Error 0.012917237356305122
Epoch 469 Relative Error 0.012904254719614983
Epoch 470 Relative Error 0.012881102040410042
Epoch 471 Relative Error 0.01286199688911438
Epoch 472 Relative Error 0.012865814380347729
Epoch 473 Relative Error 0.0130429333075881
Epoch 474 Relative Error 0.01294749602675438
Epoch 475 Relative Error 0.012962959706783295
Epoch 476 Relative Error 0.012904527597129345
Epoch 477 Relative Error 0.013125401921570301
Epoch 478 Relative Error 0.013004754669964314
Epoch 479 Relative Error 0.013205179013311863
Epoch 480 Relative Error 0.013281711377203465
Epoch 481 Relative Error 0.012929355725646019
Epoch 482 Relative Error 0.013010701164603233
Epoch 483 Relative Error 0.012956559658050537
Epoch 484 Relative Error 0.013105635531246662
Epoch 485 Relative Error 0.013160713948309422
Epoch 486 Relative Error 0.012972118332982063
Epoch 487 Relative Error 0.013298465870320797
Epoch 488 Relative Error 0.01275932788848877
Epoch 489 Relative Error 0.012906979769468307
Epoch 490 Relative Error 0.012777908705174923
Epoch 491 Relative Error 0.01270304061472416
Epoch 492 Relative Error 0.012705277651548386
Epoch 493 Relative Error 0.012670340947806835
Epoch 494 Relative Error 0.012682032771408558
Epoch 495 Relative Error 0.01275157742202282
Epoch 496 Relative Error 0.012674822472035885
Epoch 497 Relative Error 0.012625212781131268
Epoch 498 Relative Error 0.012600290589034557
Epoch 499 Relative Error 0.012609840370714664
Epoch 500 Relative Error 0.012632359750568867
Epoch 501 Relative Error 0.012550757266581059
Epoch 502 Relative Error 0.012569254264235497
Epoch 503 Relative Error 0.012586496770381927
Epoch 504 Relative Error 0.012585179880261421
Epoch 505 Relative Error 0.012569569982588291
Epoch 506 Relative Error 0.012524992227554321
Epoch 507 Relative Error 0.012542638927698135
Epoch 508 Relative Error 0.012584584765136242
Epoch 509 Relative Error 0.012497598305344582
Epoch 510 Relative Error 0.012492416426539421
Epoch 511 Relative Error 0.012500771321356297
Epoch 512 Relative Error 0.012493688613176346
Epoch 513 Relative Error 0.012507274746894836
Epoch 514 Relative Error 0.012467833235859871
Epoch 515 Relative Error 0.012465796433389187
Epoch 516 Relative Error 0.01246366836130619
Epoch 517 Relative Error 0.012508086860179901
Epoch 518 Relative Error 0.012484706938266754
Epoch 519 Relative Error 0.012446722015738487
Epoch 520 Relative Error 0.012402127496898174
Epoch 521 Relative Error 0.0124404551461339
Epoch 522 Relative Error 0.012400525622069836
Epoch 523 Relative Error 0.012418748810887337
Epoch 524 Relative Error 0.012370686046779156
Epoch 525 Relative Error 0.012403953820466995
Epoch 526 Relative Error 0.012410718947649002
Epoch 527 Relative Error 0.012390036135911942
Epoch 528 Relative Error 0.012403528206050396
Epoch 529 Relative Error 0.01234935037791729
Epoch 530 Relative Error 0.012348775751888752
Epoch 531 Relative Error 0.012357860803604126
Epoch 532 Relative Error 0.01233646273612976
Epoch 533 Relative Error 0.012300960719585419
Epoch 534 Relative Error 0.012327834032475948
Epoch 535 Relative Error 0.012414105236530304
Epoch 536 Relative Error 0.012363898567855358
Epoch 537 Relative Error 0.012304727919399738
Epoch 538 Relative Error 0.012397943064570427
Epoch 539 Relative Error 0.012256793677806854
Epoch 540 Relative Error 0.012246929109096527
Epoch 541 Relative Error 0.012227358296513557
Epoch 542 Relative Error 0.012200568802654743
Epoch 543 Relative Error 0.012196868658065796
Epoch 544 Relative Error 0.012255323119461536
Epoch 545 Relative Error 0.012248021550476551
Epoch 546 Relative Error 0.012204359285533428
Epoch 547 Relative Error 0.012228523381054401
Epoch 548 Relative Error 0.012240195646882057
Epoch 549 Relative Error 0.012210187502205372
Epoch 550 Relative Error 0.01216970756649971
Epoch 551 Relative Error 0.01220605056732893
Epoch 552 Relative Error 0.01214752160012722
Epoch 553 Relative Error 0.012189771048724651
Epoch 554 Relative Error 0.012161619029939175
Epoch 555 Relative Error 0.012123324908316135
Epoch 556 Relative Error 0.012131827883422375
Epoch 557 Relative Error 0.01218514982610941
Epoch 558 Relative Error 0.012140754610300064
Epoch 559 Relative Error 0.012193532660603523
Epoch 560 Relative Error 0.012183115817606449
Epoch 561 Relative Error 0.012182463891804218
Epoch 562 Relative Error 0.012221761047840118
Epoch 563 Relative Error 0.012186997570097446
Epoch 564 Relative Error 0.0120827816426754
Epoch 565 Relative Error 0.012127910740673542
Epoch 566 Relative Error 0.012072988785803318
Epoch 567 Relative Error 0.012057764455676079
Epoch 568 Relative Error 0.012123916298151016
Epoch 569 Relative Error 0.01203665230423212
Epoch 570 Relative Error 0.012065005488693714
Epoch 571 Relative Error 0.012250603176653385
Epoch 572 Relative Error 0.012121392413973808
Epoch 573 Relative Error 0.012199158780276775
Epoch 574 Relative Error 0.012000126764178276
Epoch 575 Relative Error 0.01256455946713686
Epoch 576 Relative Error 0.01204818394035101
Epoch 577 Relative Error 0.012208016589283943
Epoch 578 Relative Error 0.012126106768846512
Epoch 579 Relative Error 0.01200154609978199
Epoch 580 Relative Error 0.012024013325572014
Epoch 581 Relative Error 0.012089507654309273
Epoch 582 Relative Error 0.01201720256358385
Epoch 583 Relative Error 0.011965555138885975
Epoch 584 Relative Error 0.011962267570197582
Epoch 585 Relative Error 0.011959283612668514
Epoch 586 Relative Error 0.011953901499509811
Epoch 587 Relative Error 0.011996803805232048
Epoch 588 Relative Error 0.012031439691781998
Epoch 589 Relative Error 0.012253587134182453
Epoch 590 Relative Error 0.011955133639276028
Epoch 591 Relative Error 0.01186483446508646
Epoch 592 Relative Error 0.01188422180712223
Epoch 593 Relative Error 0.011868663132190704
Epoch 594 Relative Error 0.011880147270858288
Epoch 595 Relative Error 0.011877398937940598
Epoch 596 Relative Error 0.011808685027062893
Epoch 597 Relative Error 0.011798795312643051
Epoch 598 Relative Error 0.011818142607808113
Epoch 599 Relative Error 0.011834480799734592
Epoch 600 Relative Error 0.01189994253218174
Epoch 601 Relative Error 0.011808549985289574
Epoch 602 Relative Error 0.011824473738670349
Epoch 603 Relative Error 0.011757669039070606
Epoch 604 Relative Error 0.011821581050753593
Epoch 605 Relative Error 0.011980940587818623
Epoch 606 Relative Error 0.012233451940119267
Epoch 607 Relative Error 0.011764463037252426
Epoch 608 Relative Error 0.011863971129059792
Epoch 609 Relative Error 0.012069899588823318
Epoch 610 Relative Error 0.012345653027296066
Epoch 611 Relative Error 0.012014927342534065
Epoch 612 Relative Error 0.01205225195735693
Epoch 613 Relative Error 0.011802428402006626
Epoch 614 Relative Error 0.013629788532853127
Epoch 615 Relative Error 0.013155542314052582
Epoch 616 Relative Error 0.016637638211250305
Epoch 617 Relative Error 0.01886223815381527
Epoch 618 Relative Error 0.018825160339474678
Epoch 619 Relative Error 0.014390380121767521
Epoch 620 Relative Error 0.014325232245028019
Epoch 621 Relative Error 0.015392821282148361
Epoch 622 Relative Error 0.012726498767733574
Epoch 623 Relative Error 0.012578285299241543
Epoch 624 Relative Error 0.012423187494277954
Epoch 625 Relative Error 0.01245877705514431
Epoch 626 Relative Error 0.013283654116094112
Epoch 627 Relative Error 0.013079176656901836
Epoch 628 Relative Error 0.012988059781491756
Epoch 629 Relative Error 0.014111513271927834
Epoch 630 Relative Error 0.01364979613572359
Epoch 631 Relative Error 0.012466917745769024
Epoch 632 Relative Error 0.01237932126969099
Epoch 633 Relative Error 0.012350594624876976
Epoch 634 Relative Error 0.012403367087244987
Epoch 635 Relative Error 0.01177933532744646
Epoch 636 Relative Error 0.01164602767676115
Epoch 637 Relative Error 0.011752455495297909
Epoch 638 Relative Error 0.011613709852099419
Epoch 639 Relative Error 0.011616626754403114
Epoch 640 Relative Error 0.01168192457407713
Epoch 641 Relative Error 0.011525430716574192
Epoch 642 Relative Error 0.011508363299071789
Epoch 643 Relative Error 0.011484053917229176
Epoch 644 Relative Error 0.011492728255689144
Epoch 645 Relative Error 0.011461004614830017
Epoch 646 Relative Error 0.011457711458206177
Epoch 647 Relative Error 0.011450032703578472
Epoch 648 Relative Error 0.011456632986664772
Epoch 649 Relative Error 0.011466090567409992
Epoch 650 Relative Error 0.011442122980952263
Epoch 651 Relative Error 0.011449727229773998
Epoch 652 Relative Error 0.011451180092990398
Epoch 653 Relative Error 0.011547890491783619
Epoch 654 Relative Error 0.011429687030613422
Epoch 655 Relative Error 0.01147992629557848
Epoch 656 Relative Error 0.01140990387648344
Epoch 657 Relative Error 0.011458167806267738
Epoch 658 Relative Error 0.011440172791481018
Epoch 659 Relative Error 0.01143624261021614
Epoch 660 Relative Error 0.011438366957008839
Epoch 661 Relative Error 0.011410289444029331
Epoch 662 Relative Error 0.011409708298742771
Epoch 663 Relative Error 0.01143668033182621
Epoch 664 Relative Error 0.011406735517084599
Epoch 665 Relative Error 0.011470422148704529
Epoch 666 Relative Error 0.011393405497074127
Epoch 667 Relative Error 0.011395987123250961
Epoch 668 Relative Error 0.011353843845427036
Epoch 669 Relative Error 0.011337589472532272
Epoch 670 Relative Error 0.011341904290020466
Epoch 671 Relative Error 0.011346605606377125
Epoch 672 Relative Error 0.011457404121756554
Epoch 673 Relative Error 0.011393685825169086
Epoch 674 Relative Error 0.01151291560381651
Epoch 675 Relative Error 0.011786151677370071
Epoch 676 Relative Error 0.01162527035921812
Epoch 677 Relative Error 0.01151207648217678
Epoch 678 Relative Error 0.01153661124408245
Epoch 679 Relative Error 0.011296677403151989
Epoch 680 Relative Error 0.011346381157636642
Epoch 681 Relative Error 0.011372257024049759
Epoch 682 Relative Error 0.011373587884008884
Epoch 683 Relative Error 0.011397636495530605
Epoch 684 Relative Error 0.01126842200756073
Epoch 685 Relative Error 0.011316191405057907
Epoch 686 Relative Error 0.01127508096396923
Epoch 687 Relative Error 0.011275000870227814
Epoch 688 Relative Error 0.011350756511092186
Epoch 689 Relative Error 0.011250656098127365
Epoch 690 Relative Error 0.011412935331463814
Epoch 691 Relative Error 0.011308393441140652
Epoch 692 Relative Error 0.011363932862877846
Epoch 693 Relative Error 0.011277924291789532
Epoch 694 Relative Error 0.011430002748966217
Epoch 695 Relative Error 0.011338522657752037
Epoch 696 Relative Error 0.011275796219706535
Epoch 697 Relative Error 0.011442366987466812
Epoch 698 Relative Error 0.011340692639350891
Epoch 699 Relative Error 0.011390197090804577
Epoch 700 Relative Error 0.011763831600546837
Epoch 701 Relative Error 0.01208229549229145
Epoch 702 Relative Error 0.011748673394322395
Epoch 703 Relative Error 0.011852996423840523
Epoch 704 Relative Error 0.011471470817923546
Epoch 705 Relative Error 0.011331532150506973
Epoch 706 Relative Error 0.011209704913198948
Epoch 707 Relative Error 0.011508921161293983
Epoch 708 Relative Error 0.011163587681949139
Epoch 709 Relative Error 0.011241805739700794
Epoch 710 Relative Error 0.01130798738449812
Epoch 711 Relative Error 0.011198459193110466
Epoch 712 Relative Error 0.011339153163135052
Epoch 713 Relative Error 0.011474857106804848
Epoch 714 Relative Error 0.011293520219624043
Epoch 715 Relative Error 0.011259381659328938
Epoch 716 Relative Error 0.01121450960636139
Epoch 717 Relative Error 0.011180534958839417
Epoch 718 Relative Error 0.011124394834041595
Epoch 719 Relative Error 0.011153848841786385
Epoch 720 Relative Error 0.011226744391024113
Epoch 721 Relative Error 0.011105463840067387
Epoch 722 Relative Error 0.011357256211340427
Epoch 723 Relative Error 0.01118988823145628
Epoch 724 Relative Error 0.011084528639912605
Epoch 725 Relative Error 0.01111538615077734
Epoch 726 Relative Error 0.011025003157556057
Epoch 727 Relative Error 0.01102478988468647
Epoch 728 Relative Error 0.011033598333597183
Epoch 729 Relative Error 0.01114141196012497
Epoch 730 Relative Error 0.011280630715191364
Epoch 731 Relative Error 0.011146320030093193
Epoch 732 Relative Error 0.011127623729407787
Epoch 733 Relative Error 0.011089013889431953
Epoch 734 Relative Error 0.010949295945465565
Epoch 735 Relative Error 0.01097103487700224
Epoch 736 Relative Error 0.010934327729046345
Epoch 737 Relative Error 0.010916897095739841
Epoch 738 Relative Error 0.010912560857832432
Epoch 739 Relative Error 0.010952447541058064
Epoch 740 Relative Error 0.010938368737697601
Epoch 741 Relative Error 0.010941089130938053
Epoch 742 Relative Error 0.011055474169552326
Epoch 743 Relative Error 0.01103051844984293
Epoch 744 Relative Error 0.010915634222328663
Epoch 745 Relative Error 0.010988820344209671
Epoch 746 Relative Error 0.010917811654508114
Epoch 747 Relative Error 0.010876582935452461
Epoch 748 Relative Error 0.01092966552823782
Epoch 749 Relative Error 0.010975147597491741
Epoch 750 Relative Error 0.010852166451513767
Epoch 751 Relative Error 0.010888396762311459
Epoch 752 Relative Error 0.010892136953771114
Epoch 753 Relative Error 0.010848880745470524
Epoch 754 Relative Error 0.010848422534763813
Epoch 755 Relative Error 0.010843321681022644
Epoch 756 Relative Error 0.010841918177902699
Epoch 757 Relative Error 0.010821503587067127
Epoch 758 Relative Error 0.010823116637766361
Epoch 759 Relative Error 0.010880064219236374
Epoch 760 Relative Error 0.010856609791517258
Epoch 761 Relative Error 0.010812468826770782
Epoch 762 Relative Error 0.010803274810314178
Epoch 763 Relative Error 0.010892137885093689
Epoch 764 Relative Error 0.010799387469887733
Epoch 765 Relative Error 0.01078416220843792
Epoch 766 Relative Error 0.010778645984828472
Epoch 767 Relative Error 0.01082864124327898
Epoch 768 Relative Error 0.010836353525519371
Epoch 769 Relative Error 0.0110541470348835
Epoch 770 Relative Error 0.01093597523868084
Epoch 771 Relative Error 0.01106237806379795
Epoch 772 Relative Error 0.010953421704471111
Epoch 773 Relative Error 0.01090602483600378
Epoch 774 Relative Error 0.01081408467143774
Epoch 775 Relative Error 0.0107847535982728
Epoch 776 Relative Error 0.010774043388664722
Epoch 777 Relative Error 0.010762215591967106
Epoch 778 Relative Error 0.010821651667356491
Epoch 779 Relative Error 0.010871597565710545
Epoch 780 Relative Error 0.010884669609367847
Epoch 781 Relative Error 0.010945682413876057
Epoch 782 Relative Error 0.010787257924675941
Epoch 783 Relative Error 0.011103164404630661
Epoch 784 Relative Error 0.010851552709937096
Epoch 785 Relative Error 0.011154749430716038
Epoch 786 Relative Error 0.010815409943461418
Epoch 787 Relative Error 0.011484693735837936
Epoch 788 Relative Error 0.01084916852414608
Epoch 789 Relative Error 0.010819328017532825
Epoch 790 Relative Error 0.010745678097009659
Epoch 791 Relative Error 0.010719364508986473
Epoch 792 Relative Error 0.010654767043888569
Epoch 793 Relative Error 0.010662402026355267
Epoch 794 Relative Error 0.010651386342942715
Epoch 795 Relative Error 0.010630822740495205
Epoch 796 Relative Error 0.010630287230014801
Epoch 797 Relative Error 0.010605783201754093
Epoch 798 Relative Error 0.010634690523147583
Epoch 799 Relative Error 0.010646860115230083
Epoch 800 Relative Error 0.010641186498105526
Epoch 801 Relative Error 0.010630158707499504
Epoch 802 Relative Error 0.010592205449938774
Epoch 803 Relative Error 0.010575195774435997
Epoch 804 Relative Error 0.010588628239929676
Epoch 805 Relative Error 0.01060796994715929
Epoch 806 Relative Error 0.010589975863695145
Epoch 807 Relative Error 0.010578286834061146
Epoch 808 Relative Error 0.01064197439700365
Epoch 809 Relative Error 0.010640273801982403
Epoch 810 Relative Error 0.01059649046510458
Epoch 811 Relative Error 0.010734200477600098
Epoch 812 Relative Error 0.010918030515313148
Epoch 813 Relative Error 0.010962228290736675
Epoch 814 Relative Error 0.01099969632923603
Epoch 815 Relative Error 0.010594109073281288
Epoch 816 Relative Error 0.010794533416628838
Epoch 817 Relative Error 0.01064178068190813
Epoch 818 Relative Error 0.010719440877437592
Epoch 819 Relative Error 0.010946438647806644
Epoch 820 Relative Error 0.010851474478840828
Epoch 821 Relative Error 0.010954130440950394
Epoch 822 Relative Error 0.010868861339986324
Epoch 823 Relative Error 0.01083880290389061
Epoch 824 Relative Error 0.01068312767893076
Epoch 825 Relative Error 0.010532629676163197
Epoch 826 Relative Error 0.010532828979194164
Epoch 827 Relative Error 0.010527604259550571
Epoch 828 Relative Error 0.01057957299053669
Epoch 829 Relative Error 0.010519729927182198
Epoch 830 Relative Error 0.010575289838016033
Epoch 831 Relative Error 0.010511361062526703
Epoch 832 Relative Error 0.010545877739787102
Epoch 833 Relative Error 0.010529156774282455
Epoch 834 Relative Error 0.010450436733663082
Epoch 835 Relative Error 0.01046756561845541
Epoch 836 Relative Error 0.010442256927490234
Epoch 837 Relative Error 0.010419530794024467
Epoch 838 Relative Error 0.010430327616631985
Epoch 839 Relative Error 0.01044933870434761
Epoch 840 Relative Error 0.01042740698903799
Epoch 841 Relative Error 0.010419121012091637
Epoch 842 Relative Error 0.010412572883069515
Epoch 843 Relative Error 0.010416638106107712
Epoch 844 Relative Error 0.010436415672302246
Epoch 845 Relative Error 0.010456209070980549
Epoch 846 Relative Error 0.010463260114192963
Epoch 847 Relative Error 0.010431169532239437
Epoch 848 Relative Error 0.01043312344700098
Epoch 849 Relative Error 0.01040869764983654
Epoch 850 Relative Error 0.010388744994997978
Epoch 851 Relative Error 0.010402019135653973
Epoch 852 Relative Error 0.010391992516815662
Epoch 853 Relative Error 0.010462942533195019
Epoch 854 Relative Error 0.010417685844004154
Epoch 855 Relative Error 0.010357653722167015
Epoch 856 Relative Error 0.010369278490543365
Epoch 857 Relative Error 0.010412847623229027
Epoch 858 Relative Error 0.010355806909501553
Epoch 859 Relative Error 0.010339651256799698
Epoch 860 Relative Error 0.010334442369639874
Epoch 861 Relative Error 0.010331772267818451
Epoch 862 Relative Error 0.010313824750483036
Epoch 863 Relative Error 0.010354866273701191
Epoch 864 Relative Error 0.010339095257222652
Epoch 865 Relative Error 0.010363493114709854
Epoch 866 Relative Error 0.010344598442316055
Epoch 867 Relative Error 0.010304978117346764
Epoch 868 Relative Error 0.010302695445716381
Epoch 869 Relative Error 0.010428255423903465
Epoch 870 Relative Error 0.010609564371407032
Epoch 871 Relative Error 0.01033235713839531
Epoch 872 Relative Error 0.010336761362850666
Epoch 873 Relative Error 0.0103838499635458
Epoch 874 Relative Error 0.010318828746676445
Epoch 875 Relative Error 0.010354693979024887
Epoch 876 Relative Error 0.010378454811871052
Epoch 877 Relative Error 0.01045676413923502
Epoch 878 Relative Error 0.010405536741018295
Epoch 879 Relative Error 0.010406192392110825
Epoch 880 Relative Error 0.010332557372748852
Epoch 881 Relative Error 0.010274828411638737
Epoch 882 Relative Error 0.01041322760283947
Epoch 883 Relative Error 0.010295991785824299
Epoch 884 Relative Error 0.010380995459854603
Epoch 885 Relative Error 0.010335234925150871
Epoch 886 Relative Error 0.010266725905239582
Epoch 887 Relative Error 0.010274942964315414
Epoch 888 Relative Error 0.010408014990389347
Epoch 889 Relative Error 0.010254846885800362
Epoch 890 Relative Error 0.01021741796284914
Epoch 891 Relative Error 0.010298442095518112
Epoch 892 Relative Error 0.010197299532592297
Epoch 893 Relative Error 0.010213387198746204
Epoch 894 Relative Error 0.010218879207968712
Epoch 895 Relative Error 0.01021530106663704
Epoch 896 Relative Error 0.010224905796349049
Epoch 897 Relative Error 0.010353771969676018
Epoch 898 Relative Error 0.010212713852524757
Epoch 899 Relative Error 0.010189209133386612
Epoch 900 Relative Error 0.010234619490802288
Epoch 901 Relative Error 0.010205584578216076
Epoch 902 Relative Error 0.010197228752076626
Epoch 903 Relative Error 0.010220320895314217
Epoch 904 Relative Error 0.010244044475257397
Epoch 905 Relative Error 0.010329050943255424
Epoch 906 Relative Error 0.0108497841283679
Epoch 907 Relative Error 0.010566463693976402
Epoch 908 Relative Error 0.010594434104859829
Epoch 909 Relative Error 0.010385922156274319
Epoch 910 Relative Error 0.011052489280700684
Epoch 911 Relative Error 0.010720228776335716
Epoch 912 Relative Error 0.011415490880608559
Epoch 913 Relative Error 0.010720129124820232
Epoch 914 Relative Error 0.01050999853760004
Epoch 915 Relative Error 0.010711696930229664
Epoch 916 Relative Error 0.010471945628523827
Epoch 917 Relative Error 0.010261885821819305
Epoch 918 Relative Error 0.010464414022862911
Epoch 919 Relative Error 0.010271899402141571
Epoch 920 Relative Error 0.01014308724552393
Epoch 921 Relative Error 0.010159176774322987
Epoch 922 Relative Error 0.010120483115315437
Epoch 923 Relative Error 0.010221495293080807
Epoch 924 Relative Error 0.010142766870558262
Epoch 925 Relative Error 0.010181176476180553
Epoch 926 Relative Error 0.010324567556381226
Epoch 927 Relative Error 0.010093901306390762
Epoch 928 Relative Error 0.010200759395956993
Epoch 929 Relative Error 0.010111763142049313
Epoch 930 Relative Error 0.010163160972297192
Epoch 931 Relative Error 0.010150807909667492
Epoch 932 Relative Error 0.010174499824643135
Epoch 933 Relative Error 0.01040987204760313
Epoch 934 Relative Error 0.01039736345410347
Epoch 935 Relative Error 0.010260223411023617
Epoch 936 Relative Error 0.010281388647854328
Epoch 937 Relative Error 0.010274061001837254
Epoch 938 Relative Error 0.01009222213178873
Epoch 939 Relative Error 0.010186085477471352
Epoch 940 Relative Error 0.010676237754523754
Epoch 941 Relative Error 0.011259076185524464
Epoch 942 Relative Error 0.010943411849439144
Epoch 943 Relative Error 0.012288919650018215
Epoch 944 Relative Error 0.010857994668185711
Epoch 945 Relative Error 0.010891149751842022
Epoch 946 Relative Error 0.010474788956344128
Epoch 947 Relative Error 0.010375739075243473
Epoch 948 Relative Error 0.010148759931325912
Epoch 949 Relative Error 0.010084430687129498
Epoch 950 Relative Error 0.01003184448927641
Epoch 951 Relative Error 0.010015991516411304
Epoch 952 Relative Error 0.010011893697082996
Epoch 953 Relative Error 0.009970259852707386
Epoch 954 Relative Error 0.010066515766084194
Epoch 955 Relative Error 0.009997879154980183
Epoch 956 Relative Error 0.010133217088878155
Epoch 957 Relative Error 0.010129046626389027
Epoch 958 Relative Error 0.009969278238713741
Epoch 959 Relative Error 0.010032481513917446
Epoch 960 Relative Error 0.009987922385334969
Epoch 961 Relative Error 0.009961157105863094
Epoch 962 Relative Error 0.010001767426729202
Epoch 963 Relative Error 0.009958948940038681
Epoch 964 Relative Error 0.009934299625456333
Epoch 965 Relative Error 0.009964668191969395
Epoch 966 Relative Error 0.010041207075119019
Epoch 967 Relative Error 0.010025554336607456
Epoch 968 Relative Error 0.010026711970567703
Epoch 969 Relative Error 0.010002149268984795
Epoch 970 Relative Error 0.009950554929673672
Epoch 971 Relative Error 0.010115978308022022
Epoch 972 Relative Error 0.009953758679330349
Epoch 973 Relative Error 0.010035417973995209
Epoch 974 Relative Error 0.010505380108952522
Epoch 975 Relative Error 0.01008133590221405
Epoch 976 Relative Error 0.010080973617732525
Epoch 977 Relative Error 0.00995590165257454
Epoch 978 Relative Error 0.009896698407828808
Epoch 979 Relative Error 0.009885357692837715
Epoch 980 Relative Error 0.009930433705449104
Epoch 981 Relative Error 0.009862823411822319
Epoch 982 Relative Error 0.009901940822601318
Epoch 983 Relative Error 0.009874632582068443
Epoch 984 Relative Error 0.009999766945838928
Epoch 985 Relative Error 0.009955734014511108
Epoch 986 Relative Error 0.009898854419589043
Epoch 987 Relative Error 0.010048526339232922
Epoch 988 Relative Error 0.010118292644619942
Epoch 989 Relative Error 0.009903165511786938
Epoch 990 Relative Error 0.00984494760632515
Epoch 991 Relative Error 0.00986174214631319
Epoch 992 Relative Error 0.009951363317668438
Epoch 993 Relative Error 0.010015430860221386
Epoch 994 Relative Error 0.009854876436293125
Epoch 995 Relative Error 0.009826983325183392
Epoch 996 Relative Error 0.00987635925412178
Epoch 997 Relative Error 0.009847395122051239
Epoch 998 Relative Error 0.009839363396167755
Epoch 999 Relative Error 0.009857404045760632
Epoch 1000 Relative Error 0.00983544159680605
RE (2, 8, 18, 0): 0.009826983325183392
Green's Function RE (2, 8, 18, 0): 0.018011201173067093
Bias Term RE (2, 8, 18, 0): 0.009400321170687675
Combination (2, 8, 18, 0, 0): 0.009638938121497631
Combination (2, 8, 18, 0, 1): 0.008986879140138626
Combination (2, 8, 18, 0, 2): 0.008797969669103622
Combination (2, 8, 18, 0, 3): 0.008738799951970577
Combination (2, 8, 18, 0, 4): 0.008709955960512161

/home/gridsan/gstepaniants/.local/lib/python3.8/site-packages/torch/functional.py:478: UserWarning: torch.meshgrid: in an upcoming release, it will be required to pass the indexing argument. (Triggered internally at  ../aten/src/ATen/native/TensorShape.cpp:2895.)
  return _VF.meshgrid(tensors, **kwargs)  # type: ignore[attr-defined]
