[KeOps] Warning : Cuda libraries were not detected on the system ; using cpu only mode
1
Kernel: Exponential
Weight Mesh: 60
RKHS Kernel Width: 0.03
Lambda: 1e-06
Green's Function Learning Rate: 100
Bias Term Learning Rate: 100
Epoch 1 Relative Error 6790.19140625
First epoch had re = 6790.19140625 > 1
Green's Function Learning Rate: 50
Bias Term Learning Rate: 50
Epoch 1 Relative Error 3391.09619140625
First epoch had re = 3391.09619140625 > 1
Green's Function Learning Rate: 10
Bias Term Learning Rate: 10
Epoch 1 Relative Error 611.3317260742188
First epoch had re = 611.3317260742188 > 1
Green's Function Learning Rate: 5
Bias Term Learning Rate: 5
Epoch 1 Relative Error 284.80780029296875
First epoch had re = 284.80780029296875 > 1
Green's Function Learning Rate: 1
Bias Term Learning Rate: 1
Epoch 1 Relative Error 66.78700256347656
First epoch had re = 66.78700256347656 > 1
Green's Function Learning Rate: 0.5
Bias Term Learning Rate: 0.5
Epoch 1 Relative Error 29.92618751525879
First epoch had re = 29.92618751525879 > 1
Green's Function Learning Rate: 0.1
Bias Term Learning Rate: 0.1
Epoch 1 Relative Error 3.7921745777130127
First epoch had re = 3.7921745777130127 > 1
Green's Function Learning Rate: 0.05
Bias Term Learning Rate: 0.05
Epoch 1 Relative Error 2.485267162322998
First epoch had re = 2.485267162322998 > 1
Green's Function Learning Rate: 0.01
Bias Term Learning Rate: 0.01
Epoch 1 Relative Error 0.6952112317085266
Epoch 2 Relative Error 0.6570354700088501
Epoch 3 Relative Error 0.5631387829780579
Epoch 4 Relative Error 0.414387047290802
Epoch 5 Relative Error 0.3063259720802307
Epoch 6 Relative Error 0.33873534202575684
Epoch 7 Relative Error 0.21638227999210358
Epoch 8 Relative Error 0.16176536679267883
Epoch 9 Relative Error 0.1529662013053894
Epoch 10 Relative Error 0.09857180714607239
Epoch 11 Relative Error 0.07882512360811234
Epoch 12 Relative Error 0.06757543981075287
Epoch 13 Relative Error 0.05100196599960327
Epoch 14 Relative Error 0.04071597754955292
Epoch 15 Relative Error 0.030902761965990067
Epoch 16 Relative Error 0.02933943085372448
Epoch 17 Relative Error 0.02399144135415554
Epoch 18 Relative Error 0.018746979534626007
Epoch 19 Relative Error 0.015012620948255062
Epoch 20 Relative Error 0.013068425469100475
Epoch 21 Relative Error 0.011386408470571041
Epoch 22 Relative Error 0.01032642088830471
Epoch 23 Relative Error 0.00980871357023716
Epoch 24 Relative Error 0.008623308502137661
Epoch 25 Relative Error 0.007850546389818192
Epoch 26 Relative Error 0.007267169654369354
Epoch 27 Relative Error 0.006799697410315275
Epoch 28 Relative Error 0.006446677725762129
Epoch 29 Relative Error 0.006092740688472986
Epoch 30 Relative Error 0.0058535011485219
Epoch 31 Relative Error 0.005571823101490736
Epoch 32 Relative Error 0.005305289290845394
Epoch 33 Relative Error 0.005055604502558708
Epoch 34 Relative Error 0.0048716990277171135
Epoch 35 Relative Error 0.004673543851822615
Epoch 36 Relative Error 0.004511849023401737
Epoch 37 Relative Error 0.004345787223428488
Epoch 38 Relative Error 0.004204747267067432
Epoch 39 Relative Error 0.004057539161294699
Epoch 40 Relative Error 0.003940675873309374
Epoch 41 Relative Error 0.0038198635447770357
Epoch 42 Relative Error 0.003710266901180148
Epoch 43 Relative Error 0.0036113294772803783
Epoch 44 Relative Error 0.0035330206155776978
Epoch 45 Relative Error 0.0034341614227741957
Epoch 46 Relative Error 0.003354370594024658
Epoch 47 Relative Error 0.0032775760628283024
Epoch 48 Relative Error 0.0031978359911590815
Epoch 49 Relative Error 0.0031368883792310953
Epoch 50 Relative Error 0.0030647222883999348
Epoch 51 Relative Error 0.003009593579918146
Epoch 52 Relative Error 0.002943269442766905
Epoch 53 Relative Error 0.0028926869854331017
Epoch 54 Relative Error 0.0028332001529634
Epoch 55 Relative Error 0.0027917721308767796
Epoch 56 Relative Error 0.0027583243791013956
Epoch 57 Relative Error 0.0026921317912638187
Epoch 58 Relative Error 0.0026740815956145525
Epoch 59 Relative Error 0.0026161784771829844
Epoch 60 Relative Error 0.0025704617146402597
Epoch 61 Relative Error 0.0025614353362470865
Epoch 62 Relative Error 0.0025027950759977102
Epoch 63 Relative Error 0.0024820955004543066
Epoch 64 Relative Error 0.0024724602699279785
Epoch 65 Relative Error 0.002402121899649501
Epoch 66 Relative Error 0.002385309897363186
Epoch 67 Relative Error 0.002358237048611045
Epoch 68 Relative Error 0.0023081223480403423
Epoch 69 Relative Error 0.002299425657838583
Epoch 70 Relative Error 0.002254093298688531
Epoch 71 Relative Error 0.0022508089896291494
Epoch 72 Relative Error 0.002259392524138093
Epoch 73 Relative Error 0.0022039602044969797
Epoch 74 Relative Error 0.0022004153579473495
Epoch 75 Relative Error 0.0021417434327304363
Epoch 76 Relative Error 0.002123625949025154
Epoch 77 Relative Error 0.002081659622490406
Epoch 78 Relative Error 0.0020629221107810736
Epoch 79 Relative Error 0.002038705861195922
Epoch 80 Relative Error 0.0020492481999099255
Epoch 81 Relative Error 0.0019936177413910627
Epoch 82 Relative Error 0.0019844830967485905
Epoch 83 Relative Error 0.001964833587408066
Epoch 84 Relative Error 0.001949843717738986
Epoch 85 Relative Error 0.0019373915856704116
Epoch 86 Relative Error 0.0018960385350510478
Epoch 87 Relative Error 0.0018875868991017342
Epoch 88 Relative Error 0.001876822323538363
Epoch 89 Relative Error 0.0018507794011384249
Epoch 90 Relative Error 0.001842694473452866
Epoch 91 Relative Error 0.0018141836626455188
Epoch 92 Relative Error 0.001823412487283349
Epoch 93 Relative Error 0.0017936534713953733
Epoch 94 Relative Error 0.0017767458921298385
Epoch 95 Relative Error 0.001793583040125668
Epoch 96 Relative Error 0.001755148870870471
Epoch 97 Relative Error 0.0017677285941317677
Epoch 98 Relative Error 0.0017219949513673782
Epoch 99 Relative Error 0.0017028811853379011
Epoch 100 Relative Error 0.001702332985587418
Epoch 101 Relative Error 0.0016843515913933516
Epoch 102 Relative Error 0.0016948871780186892
Epoch 103 Relative Error 0.0016519372584298253
Epoch 104 Relative Error 0.0016541824443265796
Epoch 105 Relative Error 0.001640176516957581
Epoch 106 Relative Error 0.0016154063632711768
Epoch 107 Relative Error 0.0016194049967452884
Epoch 108 Relative Error 0.0015948204090818763
Epoch 109 Relative Error 0.0015896144323050976
Epoch 110 Relative Error 0.0015788672026246786
Epoch 111 Relative Error 0.001567449769936502
Epoch 112 Relative Error 0.001550730550661683
Epoch 113 Relative Error 0.0015591370174661279
Epoch 114 Relative Error 0.001540417317301035
Epoch 115 Relative Error 0.001559588359668851
Epoch 116 Relative Error 0.0015312455361708999
Epoch 117 Relative Error 0.0015123960329219699
Epoch 118 Relative Error 0.0015130348037928343
Epoch 119 Relative Error 0.0014874781481921673
Epoch 120 Relative Error 0.0014890332240611315
Epoch 121 Relative Error 0.0014818228082731366
Epoch 122 Relative Error 0.0014818975469097495
Epoch 123 Relative Error 0.00147076859138906
Epoch 124 Relative Error 0.0014703994384035468
Epoch 125 Relative Error 0.001450975309126079
Epoch 126 Relative Error 0.0014481071848422289
Epoch 127 Relative Error 0.001447131740860641
Epoch 128 Relative Error 0.0014357217587530613
Epoch 129 Relative Error 0.001426641596481204
Epoch 130 Relative Error 0.0014058351516723633
Epoch 131 Relative Error 0.0014074024511501193
Epoch 132 Relative Error 0.0013926899991929531
Epoch 133 Relative Error 0.001403130474500358
Epoch 134 Relative Error 0.001400774926878512
Epoch 135 Relative Error 0.001391329220496118
Epoch 136 Relative Error 0.0013872834388166666
Epoch 137 Relative Error 0.0013983466196805239
Epoch 138 Relative Error 0.0013634483329951763
Epoch 139 Relative Error 0.0013644671998918056
Epoch 140 Relative Error 0.001346168341115117
Epoch 141 Relative Error 0.0013460161862894893
Epoch 142 Relative Error 0.0013579651713371277
Epoch 143 Relative Error 0.0013247872702777386
Epoch 144 Relative Error 0.0013138665817677975
Epoch 145 Relative Error 0.0013091962318867445
Epoch 146 Relative Error 0.0013314967509359121
Epoch 147 Relative Error 0.001305716927163303
Epoch 148 Relative Error 0.0012941401218995452
Epoch 149 Relative Error 0.001290959888137877
Epoch 150 Relative Error 0.0013100699288770556
Epoch 151 Relative Error 0.001272631692700088
Epoch 152 Relative Error 0.0012708414578810334
Epoch 153 Relative Error 0.0012674536556005478
Epoch 154 Relative Error 0.0012661287328228354
Epoch 155 Relative Error 0.0012663212837651372
Epoch 156 Relative Error 0.001247604377567768
Epoch 157 Relative Error 0.0012593116844072938
Epoch 158 Relative Error 0.001248608692549169
Epoch 159 Relative Error 0.001253959140740335
Epoch 160 Relative Error 0.0012637028703466058
Epoch 161 Relative Error 0.0012563667260110378
Epoch 162 Relative Error 0.0012235728790983558
Epoch 163 Relative Error 0.0012449115747585893
Epoch 164 Relative Error 0.001222511986270547
Epoch 165 Relative Error 0.0012029296485707164
Epoch 166 Relative Error 0.001210828428156674
Epoch 167 Relative Error 0.0012098518200218678
Epoch 168 Relative Error 0.0011918573873117566
Epoch 169 Relative Error 0.0011895827483385801
Epoch 170 Relative Error 0.001201993552967906
Epoch 171 Relative Error 0.0011764824157580733
Epoch 172 Relative Error 0.0011918805539608002
Epoch 173 Relative Error 0.0011710000690072775
Epoch 174 Relative Error 0.0011874481569975615
Epoch 175 Relative Error 0.0011715011205524206
Epoch 176 Relative Error 0.0011548412730917335
Epoch 177 Relative Error 0.0011512900236994028
Epoch 178 Relative Error 0.0011612479574978352
Epoch 179 Relative Error 0.0011496571823954582
Epoch 180 Relative Error 0.0011868315050378442
Epoch 181 Relative Error 0.001244014361873269
Epoch 182 Relative Error 0.0011675236746668816
Epoch 183 Relative Error 0.0011456131469458342
Epoch 184 Relative Error 0.0011477096704766154
Epoch 185 Relative Error 0.0011323975631967187
Epoch 186 Relative Error 0.0011382490629330277
Epoch 187 Relative Error 0.001141793210990727
Epoch 188 Relative Error 0.0011380462674424052
Epoch 189 Relative Error 0.001131424680352211
Epoch 190 Relative Error 0.001142751076258719
Epoch 191 Relative Error 0.0011025716084986925
Epoch 192 Relative Error 0.0011192718520760536
Epoch 193 Relative Error 0.0011271326802670956
Epoch 194 Relative Error 0.0011270472314208746
Epoch 195 Relative Error 0.0011083327699452639
Epoch 196 Relative Error 0.0010752481175586581
Epoch 197 Relative Error 0.0010895802406594157
Epoch 198 Relative Error 0.001086219446733594
Epoch 199 Relative Error 0.0010808641090989113
Epoch 200 Relative Error 0.0010660499101504683
Epoch 201 Relative Error 0.0010699614649638534
Epoch 202 Relative Error 0.0010780259035527706
Epoch 203 Relative Error 0.0010589172597974539
Epoch 204 Relative Error 0.0010804643388837576
Epoch 205 Relative Error 0.0010508038103580475
Epoch 206 Relative Error 0.001060184556990862
Epoch 207 Relative Error 0.0010696703102439642
Epoch 208 Relative Error 0.0010656864615157247
Epoch 209 Relative Error 0.0010629980824887753
Epoch 210 Relative Error 0.0010481178760528564
Epoch 211 Relative Error 0.0010336514096707106
Epoch 212 Relative Error 0.0010287559125572443
Epoch 213 Relative Error 0.0010220803087577224
Epoch 214 Relative Error 0.0010313211241737008
Epoch 215 Relative Error 0.0010299193672835827
Epoch 216 Relative Error 0.0010552944149821997
Epoch 217 Relative Error 0.0010570734739303589
Epoch 218 Relative Error 0.0011890277964994311
Epoch 219 Relative Error 0.0011168882483616471
Epoch 220 Relative Error 0.00113044329918921
Epoch 221 Relative Error 0.0010436433367431164
Epoch 222 Relative Error 0.0010358064901083708
Epoch 223 Relative Error 0.0010199599200859666
Epoch 224 Relative Error 0.0010210600448772311
Epoch 225 Relative Error 0.0010177732910960913
Epoch 226 Relative Error 0.0010316814295947552
Epoch 227 Relative Error 0.0010070408461615443
Epoch 228 Relative Error 0.0010095813777297735
Epoch 229 Relative Error 0.0010213033528998494
Epoch 230 Relative Error 0.0010149198351427913
Epoch 231 Relative Error 0.001023744815029204
Epoch 232 Relative Error 0.000986252911388874
Epoch 233 Relative Error 0.0009792790515348315
Epoch 234 Relative Error 0.00095728924497962
Epoch 235 Relative Error 0.0009866876062005758
Epoch 236 Relative Error 0.0009919111616909504
Epoch 237 Relative Error 0.0009782358538359404
Epoch 238 Relative Error 0.0009622570360079408
Epoch 239 Relative Error 0.0009502886678092182
Epoch 240 Relative Error 0.0009554828284308314
Epoch 241 Relative Error 0.0009490348747931421
Epoch 242 Relative Error 0.0009435946703888476
Epoch 243 Relative Error 0.0009657257469370961
Epoch 244 Relative Error 0.0009536733268760145
Epoch 245 Relative Error 0.0009602423524484038
Epoch 246 Relative Error 0.0009629195556044579
Epoch 247 Relative Error 0.0009415163658559322
Epoch 248 Relative Error 0.0009644547826610506
Epoch 249 Relative Error 0.0009486594935879111
Epoch 250 Relative Error 0.0009541127947159111
Epoch 251 Relative Error 0.0009628062834963202
Epoch 252 Relative Error 0.00094078469555825
Epoch 253 Relative Error 0.0009285843116231263
Epoch 254 Relative Error 0.0009147566161118448
Epoch 255 Relative Error 0.0009204516536556184
Epoch 256 Relative Error 0.0009175773593597114
Epoch 257 Relative Error 0.0009123704512603581
Epoch 258 Relative Error 0.0009099783492274582
Epoch 259 Relative Error 0.0009074070840142667
Epoch 260 Relative Error 0.0008913684287108481
Epoch 261 Relative Error 0.000894467462785542
Epoch 262 Relative Error 0.0008933427161537111
Epoch 263 Relative Error 0.0008996279211714864
Epoch 264 Relative Error 0.0009210462449118495
Epoch 265 Relative Error 0.0009055999689735472
Epoch 266 Relative Error 0.0009124347125180066
Epoch 267 Relative Error 0.0008994924719445407
Epoch 268 Relative Error 0.000893267395440489
Epoch 269 Relative Error 0.0008894040947780013
Epoch 270 Relative Error 0.0009100793395191431
Epoch 271 Relative Error 0.0009537654696032405
Epoch 272 Relative Error 0.0009437469416297972
Epoch 273 Relative Error 0.0009669789578765631
Epoch 274 Relative Error 0.0009352745255455375
Epoch 275 Relative Error 0.0009174016886390746
Epoch 276 Relative Error 0.000893757154699415
Epoch 277 Relative Error 0.0008790955180302262
Epoch 278 Relative Error 0.0008728587999939919
Epoch 279 Relative Error 0.0008563925512135029
Epoch 280 Relative Error 0.0008741192286834121
Epoch 281 Relative Error 0.0008668902446515858
Epoch 282 Relative Error 0.0008858141372911632
Epoch 283 Relative Error 0.0008689346723258495
Epoch 284 Relative Error 0.0008754474692977965
Epoch 285 Relative Error 0.000842032372020185
Epoch 286 Relative Error 0.0008387929410673678
Epoch 287 Relative Error 0.0008801326621323824
Epoch 288 Relative Error 0.0008461074903607368
Epoch 289 Relative Error 0.0008549373596906662
Epoch 290 Relative Error 0.0008432323229499161
Epoch 291 Relative Error 0.0008575051906518638
Epoch 292 Relative Error 0.0008478944655507803
Epoch 293 Relative Error 0.0008469015592709184
Epoch 294 Relative Error 0.000839182292111218
Epoch 295 Relative Error 0.0008318446343764663
Epoch 296 Relative Error 0.0008304368820972741
Epoch 297 Relative Error 0.0008199461153708398
Epoch 298 Relative Error 0.0008248792728409171
Epoch 299 Relative Error 0.000842562410980463
Epoch 300 Relative Error 0.0008438710938207805
Epoch 301 Relative Error 0.0008359306957572699
Epoch 302 Relative Error 0.0008272990817204118
Epoch 303 Relative Error 0.0008202591561712325
Epoch 304 Relative Error 0.0008236319408752024
Epoch 305 Relative Error 0.0008388505666516721
Epoch 306 Relative Error 0.0008225367055274546
Epoch 307 Relative Error 0.0008063854766078293
Epoch 308 Relative Error 0.000838536536321044
Epoch 309 Relative Error 0.0008280780166387558
Epoch 310 Relative Error 0.0008326295064762235
Epoch 311 Relative Error 0.0008566158358007669
Epoch 312 Relative Error 0.0008170429500751197
Epoch 313 Relative Error 0.0007998566143214703
Epoch 314 Relative Error 0.0008154193637892604
Epoch 315 Relative Error 0.0007920083007775247
Epoch 316 Relative Error 0.0007924103992991149
Epoch 317 Relative Error 0.0008170753717422485
Epoch 318 Relative Error 0.0008141845464706421
Epoch 319 Relative Error 0.0008126064203679562
Epoch 320 Relative Error 0.0007965186960063875
Epoch 321 Relative Error 0.0007916279137134552
Epoch 322 Relative Error 0.0007794068078510463
Epoch 323 Relative Error 0.0007864526123739779
Epoch 324 Relative Error 0.0008109412738122046
Epoch 325 Relative Error 0.0007914486923255026
Epoch 326 Relative Error 0.0008004651754163206
Epoch 327 Relative Error 0.0008132051443681121
Epoch 328 Relative Error 0.0007893008296377957
Epoch 329 Relative Error 0.0007742486195638776
Epoch 330 Relative Error 0.000772072235122323
Epoch 331 Relative Error 0.0007734402897767723
Epoch 332 Relative Error 0.00077689194586128
Epoch 333 Relative Error 0.0007833456620573997
Epoch 334 Relative Error 0.0007703511510044336
Epoch 335 Relative Error 0.0007786570931784809
Epoch 336 Relative Error 0.0007893139845691621
Epoch 337 Relative Error 0.0007766260532662272
Epoch 338 Relative Error 0.0007509589777328074
Epoch 339 Relative Error 0.0007773975376039743
Epoch 340 Relative Error 0.000819733424577862
Epoch 341 Relative Error 0.0007896560127846897
Epoch 342 Relative Error 0.000788445642683655
Epoch 343 Relative Error 0.0007578825461678207
Epoch 344 Relative Error 0.0007776848506182432
Epoch 345 Relative Error 0.0007563168765045702
Epoch 346 Relative Error 0.0007512157317250967
Epoch 347 Relative Error 0.000750327599234879
Epoch 348 Relative Error 0.0007660419214516878
Epoch 349 Relative Error 0.0007476416067220271
Epoch 350 Relative Error 0.000753154803533107
Epoch 351 Relative Error 0.0007707811309956014
Epoch 352 Relative Error 0.0008042959962040186
Epoch 353 Relative Error 0.0007836646982468665
Epoch 354 Relative Error 0.0007869513938203454
Epoch 355 Relative Error 0.0007663805154152215
Epoch 356 Relative Error 0.0007485398091375828
Epoch 357 Relative Error 0.0007324569742195308
Epoch 358 Relative Error 0.0007480698404833674
Epoch 359 Relative Error 0.0007444042130373418
Epoch 360 Relative Error 0.0007363126496784389
Epoch 361 Relative Error 0.0007390191312879324
Epoch 362 Relative Error 0.0007357457652688026
Epoch 363 Relative Error 0.0007411838159896433
Epoch 364 Relative Error 0.0007361395400948822
Epoch 365 Relative Error 0.0007365384371951222
Epoch 366 Relative Error 0.000728212995454669
Epoch 367 Relative Error 0.0007275278912857175
Epoch 368 Relative Error 0.0007140839006751776
Epoch 369 Relative Error 0.0007254313095472753
Epoch 370 Relative Error 0.0007198919192887843
Epoch 371 Relative Error 0.0007214206270873547
Epoch 372 Relative Error 0.0007260575657710433
Epoch 373 Relative Error 0.0007084343815222383
Epoch 374 Relative Error 0.0007134316838346422
Epoch 375 Relative Error 0.000704965612385422
Epoch 376 Relative Error 0.000715293106622994
Epoch 377 Relative Error 0.000721767486538738
Epoch 378 Relative Error 0.0007328453357331455
Epoch 379 Relative Error 0.0007276157266460359
Epoch 380 Relative Error 0.0007040062337182462
Epoch 381 Relative Error 0.0007203884306363761
Epoch 382 Relative Error 0.0007037441246211529
Epoch 383 Relative Error 0.0007187426672317088
Epoch 384 Relative Error 0.000712740991730243
Epoch 385 Relative Error 0.0007007966632954776
Epoch 386 Relative Error 0.0007217503152787685
Epoch 387 Relative Error 0.0007090316503308713
Epoch 388 Relative Error 0.0007072066073305905
Epoch 389 Relative Error 0.0007268097251653671
Epoch 390 Relative Error 0.0007242526044137776
Epoch 391 Relative Error 0.0006968358648009598
Epoch 392 Relative Error 0.0007135714986361563
Epoch 393 Relative Error 0.0007224276196211576
Epoch 394 Relative Error 0.0007110876613296568
Epoch 395 Relative Error 0.0006909155054017901
Epoch 396 Relative Error 0.0006905175396241248
Epoch 397 Relative Error 0.0007050676504150033
Epoch 398 Relative Error 0.000677914300467819
Epoch 399 Relative Error 0.0006806035526096821
Epoch 400 Relative Error 0.0006826800527051091
Epoch 401 Relative Error 0.0006831407081335783
Epoch 402 Relative Error 0.0007033512811176479
Epoch 403 Relative Error 0.0006960051832720637
Epoch 404 Relative Error 0.0006979624158702791
Epoch 405 Relative Error 0.0006836599786765873
Epoch 406 Relative Error 0.0006884203758090734
Epoch 407 Relative Error 0.0006806214805692434
Epoch 408 Relative Error 0.0006747493171133101
Epoch 409 Relative Error 0.0006733437185175717
Epoch 410 Relative Error 0.0006754412897862494
Epoch 411 Relative Error 0.0006689683650620282
Epoch 412 Relative Error 0.0006896990817040205
Epoch 413 Relative Error 0.0006664483225904405
Epoch 414 Relative Error 0.0006801428971812129
Epoch 415 Relative Error 0.0006647444097325206
Epoch 416 Relative Error 0.0006599955959245563
Epoch 417 Relative Error 0.0006722643156535923
Epoch 418 Relative Error 0.000668617314659059
Epoch 419 Relative Error 0.0006765070138499141
Epoch 420 Relative Error 0.0006890113581903279
Epoch 421 Relative Error 0.0007205656729638577
Epoch 422 Relative Error 0.0006995209841988981
Epoch 423 Relative Error 0.0007177495281212032
Epoch 424 Relative Error 0.0006855621468275785
Epoch 425 Relative Error 0.000672836322337389
Epoch 426 Relative Error 0.0006979280733503401
Epoch 427 Relative Error 0.0006791609921492636
Epoch 428 Relative Error 0.0006617718609049916
Epoch 429 Relative Error 0.0006699251243844628
Epoch 430 Relative Error 0.0006820299313403666
Epoch 431 Relative Error 0.0006624641828238964
Epoch 432 Relative Error 0.0006707850261591375
Epoch 433 Relative Error 0.0006673266761936247
Epoch 434 Relative Error 0.0006566033698618412
Epoch 435 Relative Error 0.0006715641939081252
Epoch 436 Relative Error 0.0006593664875254035
Epoch 437 Relative Error 0.0006630828138440847
Epoch 438 Relative Error 0.0006511210231110454
Epoch 439 Relative Error 0.0006548450910486281
Epoch 440 Relative Error 0.0006968239904381335
Epoch 441 Relative Error 0.0006908923387527466
Epoch 442 Relative Error 0.0006668604328297079
Epoch 443 Relative Error 0.0006747458246536553
Epoch 444 Relative Error 0.0006525576463900506
Epoch 445 Relative Error 0.0006907708593644202
Epoch 446 Relative Error 0.0006876867264509201
Epoch 447 Relative Error 0.0007024736260063946
Epoch 448 Relative Error 0.000682975456584245
Epoch 449 Relative Error 0.0006513145635835826
Epoch 450 Relative Error 0.0006657434860244393
Epoch 451 Relative Error 0.0006393442745320499
Epoch 452 Relative Error 0.0006619906052947044
Epoch 453 Relative Error 0.0006777954986318946
Epoch 454 Relative Error 0.0006651590229012072
Epoch 455 Relative Error 0.0006612747674807906
Epoch 456 Relative Error 0.0006430313223972917
Epoch 457 Relative Error 0.0006406555185094476
Epoch 458 Relative Error 0.0006309750024229288
Epoch 459 Relative Error 0.0006272557657212019
Epoch 460 Relative Error 0.000634942960459739
Epoch 461 Relative Error 0.0006222466472536325
Epoch 462 Relative Error 0.0006429131026379764
Epoch 463 Relative Error 0.000628549896646291
Epoch 464 Relative Error 0.0006240367074497044
Epoch 465 Relative Error 0.0006341546541079879
Epoch 466 Relative Error 0.0006298110238276422
Epoch 467 Relative Error 0.0006267919670790434
Epoch 468 Relative Error 0.0006204734090715647
Epoch 469 Relative Error 0.0006355271325446665
Epoch 470 Relative Error 0.0006372607313096523
Epoch 471 Relative Error 0.0006201030919328332
Epoch 472 Relative Error 0.0006274381885305047
Epoch 473 Relative Error 0.0006270487792789936
Epoch 474 Relative Error 0.0006167054525576532
Epoch 475 Relative Error 0.000626490858849138
Epoch 476 Relative Error 0.0006355519872158766
Epoch 477 Relative Error 0.0006660727667622268
Epoch 478 Relative Error 0.0006509036174975336
Epoch 479 Relative Error 0.0006211513536982238
Epoch 480 Relative Error 0.0006309590535238385
Epoch 481 Relative Error 0.0006365158478729427
Epoch 482 Relative Error 0.0006271618185564876
Epoch 483 Relative Error 0.0006140483892522752
Epoch 484 Relative Error 0.0006301621324382722
Epoch 485 Relative Error 0.0006328524905256927
Epoch 486 Relative Error 0.0006215333705767989
Epoch 487 Relative Error 0.0006173265282995999
Epoch 488 Relative Error 0.0006207165424712002
Epoch 489 Relative Error 0.0006140504265204072
Epoch 490 Relative Error 0.0006101327599026263
Epoch 491 Relative Error 0.0005996657419018447
Epoch 492 Relative Error 0.0006309864111244678
Epoch 493 Relative Error 0.0006113108829595149
Epoch 494 Relative Error 0.0006207631668075919
Epoch 495 Relative Error 0.0006221934454515576
Epoch 496 Relative Error 0.0006350294570438564
Epoch 497 Relative Error 0.0006085821078158915
Epoch 498 Relative Error 0.0006054854020476341
Epoch 499 Relative Error 0.0006113598356023431
Epoch 500 Relative Error 0.0006011140067130327
Epoch 501 Relative Error 0.0005909025203436613
Epoch 502 Relative Error 0.0006034577381797135
Epoch 503 Relative Error 0.0006101653561927378
Epoch 504 Relative Error 0.0006155965384095907
Epoch 505 Relative Error 0.00062733911909163
Epoch 506 Relative Error 0.0006077450234442949
Epoch 507 Relative Error 0.0005952143692411482
Epoch 508 Relative Error 0.0005965048912912607
Epoch 509 Relative Error 0.0006177776958793402
Epoch 510 Relative Error 0.0006087565561756492
Epoch 511 Relative Error 0.0006314213387668133
Epoch 512 Relative Error 0.0006336856749840081
Epoch 513 Relative Error 0.0006085406057536602
Epoch 514 Relative Error 0.0006510851671919227
Epoch 515 Relative Error 0.0006096388096921146
Epoch 516 Relative Error 0.0005895892390981317
Epoch 517 Relative Error 0.0005997880944050848
Epoch 518 Relative Error 0.0006106527289375663
Epoch 519 Relative Error 0.000605342211201787
Epoch 520 Relative Error 0.0005969522753730416
Epoch 521 Relative Error 0.0006004889728501439
Epoch 522 Relative Error 0.000599646766204387
Epoch 523 Relative Error 0.0006181686767376959
Epoch 524 Relative Error 0.0005887377774342895
Epoch 525 Relative Error 0.0006054994300939143
Epoch 526 Relative Error 0.0006015023100189865
Epoch 527 Relative Error 0.0005776768666692078
Epoch 528 Relative Error 0.0005919132381677628
Epoch 529 Relative Error 0.0005864903796464205
Epoch 530 Relative Error 0.0005853350157849491
Epoch 531 Relative Error 0.0005777304759249091
Epoch 532 Relative Error 0.0005867230938747525
Epoch 533 Relative Error 0.0005693864077329636
Epoch 534 Relative Error 0.0005829849396832287
Epoch 535 Relative Error 0.0005809373105876148
Epoch 536 Relative Error 0.0005994190578348935
Epoch 537 Relative Error 0.0005867990548722446
Epoch 538 Relative Error 0.000604541739448905
Epoch 539 Relative Error 0.0006431939546018839
Epoch 540 Relative Error 0.0006078742444515228
Epoch 541 Relative Error 0.0005769922863692045
Epoch 542 Relative Error 0.0005722410278394818
Epoch 543 Relative Error 0.0005740038468502462
Epoch 544 Relative Error 0.0005843567778356373
Epoch 545 Relative Error 0.0005786105757579207
Epoch 546 Relative Error 0.0005927758757025003
Epoch 547 Relative Error 0.0005799456848762929
Epoch 548 Relative Error 0.0005982070579193532
Epoch 549 Relative Error 0.0005654888227581978
Epoch 550 Relative Error 0.0005635309498757124
Epoch 551 Relative Error 0.0005848295404575765
Epoch 552 Relative Error 0.0006050787051208317
Epoch 553 Relative Error 0.000585755507927388
Epoch 554 Relative Error 0.0005823095561936498
Epoch 555 Relative Error 0.0005836337222717702
Epoch 556 Relative Error 0.000566476839594543
Epoch 557 Relative Error 0.0005659748567268252
Epoch 558 Relative Error 0.0005667561199516058
Epoch 559 Relative Error 0.0005567129119299352
Epoch 560 Relative Error 0.0005697902524843812
Epoch 561 Relative Error 0.0005651763640344143
Epoch 562 Relative Error 0.0005637069116346538
Epoch 563 Relative Error 0.0005660263122990727
Epoch 564 Relative Error 0.0005585379549302161
Epoch 565 Relative Error 0.0005695368745364249
Epoch 566 Relative Error 0.0005623640608973801
Epoch 567 Relative Error 0.0005697068409062922
Epoch 568 Relative Error 0.0005527263856492937
Epoch 569 Relative Error 0.000573810888454318
Epoch 570 Relative Error 0.0005632900865748525
Epoch 571 Relative Error 0.0005694525316357613
Epoch 572 Relative Error 0.0005578169948421419
Epoch 573 Relative Error 0.000554282043594867
Epoch 574 Relative Error 0.0005539524718187749
Epoch 575 Relative Error 0.0005852789618074894
Epoch 576 Relative Error 0.00056699343258515
Epoch 577 Relative Error 0.0005716817686334252
Epoch 578 Relative Error 0.0005559322889894247
Epoch 579 Relative Error 0.0005922719719819725
Epoch 580 Relative Error 0.0005515834200195968
Epoch 581 Relative Error 0.0005549748311750591
Epoch 582 Relative Error 0.0005498582613654435
Epoch 583 Relative Error 0.0005554488161578774
Epoch 584 Relative Error 0.0005550095229409635
Epoch 585 Relative Error 0.0005511888302862644
Epoch 586 Relative Error 0.0005483934073708951
Epoch 587 Relative Error 0.0005516287055797875
Epoch 588 Relative Error 0.0005653483094647527
Epoch 589 Relative Error 0.0005408385768532753
Epoch 590 Relative Error 0.0005390842561610043
Epoch 591 Relative Error 0.0005361782386898994
Epoch 592 Relative Error 0.0005528095061890781
Epoch 593 Relative Error 0.0005591897643171251
Epoch 594 Relative Error 0.0005519985570572317
Epoch 595 Relative Error 0.0005531979259103537
Epoch 596 Relative Error 0.0005577672854997218
Epoch 597 Relative Error 0.0005475052166730165
Epoch 598 Relative Error 0.0005578683922067285
Epoch 599 Relative Error 0.0005346766556613147
Epoch 600 Relative Error 0.0005397967761382461
Epoch 601 Relative Error 0.0005554338567890227
Epoch 602 Relative Error 0.0005584592581726611
Epoch 603 Relative Error 0.0005847349530085921
Epoch 604 Relative Error 0.0005531847127713263
Epoch 605 Relative Error 0.0005673303967341781
Epoch 606 Relative Error 0.000538643856998533
Epoch 607 Relative Error 0.0005388348363339901
Epoch 608 Relative Error 0.0005482456181198359
Epoch 609 Relative Error 0.0005363618256524205
Epoch 610 Relative Error 0.0005361731164157391
Epoch 611 Relative Error 0.000538114458322525
Epoch 612 Relative Error 0.000534576247446239
Epoch 613 Relative Error 0.0005563667509704828
Epoch 614 Relative Error 0.0005340852658264339
Epoch 615 Relative Error 0.0005295706214383245
Epoch 616 Relative Error 0.000548775598872453
Epoch 617 Relative Error 0.0005334318266250193
Epoch 618 Relative Error 0.0005472858319990337
Epoch 619 Relative Error 0.0005454359925352037
Epoch 620 Relative Error 0.0005301994387991726
Epoch 621 Relative Error 0.000540041655767709
Epoch 622 Relative Error 0.0005399350775405765
Epoch 623 Relative Error 0.0005296598537825048
Epoch 624 Relative Error 0.0005293096182867885
Epoch 625 Relative Error 0.0005288090324029326
Epoch 626 Relative Error 0.000523911789059639
Epoch 627 Relative Error 0.0005216434947215021
Epoch 628 Relative Error 0.0005440688692033291
Epoch 629 Relative Error 0.0005197922582738101
Epoch 630 Relative Error 0.0005315977614372969
Epoch 631 Relative Error 0.0005377377383410931
Epoch 632 Relative Error 0.0005531278438866138
Epoch 633 Relative Error 0.0005603951285593212
Epoch 634 Relative Error 0.0005643513286486268
Epoch 635 Relative Error 0.0005505323060788214
Epoch 636 Relative Error 0.0005411409074440598
Epoch 637 Relative Error 0.0005422629183158278
Epoch 638 Relative Error 0.0005270390538498759
Epoch 639 Relative Error 0.0005304703954607248
Epoch 640 Relative Error 0.0005185240297578275
Epoch 641 Relative Error 0.0005251435795798898
Epoch 642 Relative Error 0.0005260168109089136
Epoch 643 Relative Error 0.000513042148668319
Epoch 644 Relative Error 0.0005306359380483627
Epoch 645 Relative Error 0.0005193105316720903
Epoch 646 Relative Error 0.0005386370467022061
Epoch 647 Relative Error 0.0005497840465977788
Epoch 648 Relative Error 0.000539835833478719
Epoch 649 Relative Error 0.0005245443899184465
Epoch 650 Relative Error 0.0005304961232468486
Epoch 651 Relative Error 0.0005468244198709726
Epoch 652 Relative Error 0.000543267116881907
Epoch 653 Relative Error 0.0005480236723087728
Epoch 654 Relative Error 0.0005258534220047295
Epoch 655 Relative Error 0.0005283287609927356
Epoch 656 Relative Error 0.0005106654134579003
Epoch 657 Relative Error 0.0005232069524936378
Epoch 658 Relative Error 0.000534424907527864
Epoch 659 Relative Error 0.000518294342327863
Epoch 660 Relative Error 0.0005192772368900478
Epoch 661 Relative Error 0.000532454636413604
Epoch 662 Relative Error 0.0005209982045926154
Epoch 663 Relative Error 0.0005118140834383667
Epoch 664 Relative Error 0.0005086922901682556
Epoch 665 Relative Error 0.0005073698121123016
Epoch 666 Relative Error 0.0005313368164934218
Epoch 667 Relative Error 0.0005019851960241795
Epoch 668 Relative Error 0.0005088539910502732
Epoch 669 Relative Error 0.0005240150494500995
Epoch 670 Relative Error 0.0005398188368417323
Epoch 671 Relative Error 0.0005727027892135084
Epoch 672 Relative Error 0.000595927587710321
Epoch 673 Relative Error 0.0005304650985635817
Epoch 674 Relative Error 0.0005459164385683835
Epoch 675 Relative Error 0.0005470041069202125
Epoch 676 Relative Error 0.000530723191332072
Epoch 677 Relative Error 0.0005188955692574382
Epoch 678 Relative Error 0.000524811097420752
Epoch 679 Relative Error 0.0005361000075936317
Epoch 680 Relative Error 0.0005222355248406529
Epoch 681 Relative Error 0.0005090825143270195
Epoch 682 Relative Error 0.0005311067798174918
Epoch 683 Relative Error 0.0005277456366457045
Epoch 684 Relative Error 0.0005119755514897406
Epoch 685 Relative Error 0.0005326179671101272
Epoch 686 Relative Error 0.0005435168859548867
Epoch 687 Relative Error 0.0005153731326572597
Epoch 688 Relative Error 0.0005175952683202922
Epoch 689 Relative Error 0.0005001953104510903
Epoch 690 Relative Error 0.0005137103726156056
Epoch 691 Relative Error 0.0005069744074717164
Epoch 692 Relative Error 0.0004996683564968407
Epoch 693 Relative Error 0.0005102573777548969
Epoch 694 Relative Error 0.0005351966246962547
Epoch 695 Relative Error 0.0005279529141262174
Epoch 696 Relative Error 0.0005156165570951998
Epoch 697 Relative Error 0.0005145868053659797
Epoch 698 Relative Error 0.0005165968905203044
Epoch 699 Relative Error 0.0004978739889338613
Epoch 700 Relative Error 0.0005130736390128732
Epoch 701 Relative Error 0.0005016142968088388
Epoch 702 Relative Error 0.0004942098166793585
Epoch 703 Relative Error 0.000504456227645278
Epoch 704 Relative Error 0.0005137831321917474
Epoch 705 Relative Error 0.0005030526081100106
Epoch 706 Relative Error 0.0004955656477250159
Epoch 707 Relative Error 0.0004955422482453287
Epoch 708 Relative Error 0.0004934411845169961
Epoch 709 Relative Error 0.000491015613079071
Epoch 710 Relative Error 0.0005016509676352143
Epoch 711 Relative Error 0.0004859365290030837
Epoch 712 Relative Error 0.0004922107909806073
Epoch 713 Relative Error 0.0004917008336633444
Epoch 714 Relative Error 0.00048754591261968017
Epoch 715 Relative Error 0.0004845182120334357
Epoch 716 Relative Error 0.0004833404964301735
Epoch 717 Relative Error 0.0004945341497659683
Epoch 718 Relative Error 0.0004843198403250426
Epoch 719 Relative Error 0.0005023789708502591
Epoch 720 Relative Error 0.0004991364548914135
Epoch 721 Relative Error 0.00048726858221925795
Epoch 722 Relative Error 0.0004861418856307864
Epoch 723 Relative Error 0.0004910181742161512
Epoch 724 Relative Error 0.000520049303304404
Epoch 725 Relative Error 0.0004974327748641372
Epoch 726 Relative Error 0.0005096482927910984
Epoch 727 Relative Error 0.0005161450244486332
Epoch 728 Relative Error 0.0004972403985448182
Epoch 729 Relative Error 0.0004935488686896861
Epoch 730 Relative Error 0.0004993944894522429
Epoch 731 Relative Error 0.0004989071167074144
Epoch 732 Relative Error 0.000494460400659591
Epoch 733 Relative Error 0.0004917912883684039
Epoch 734 Relative Error 0.0005125057068653405
Epoch 735 Relative Error 0.0005251644761301577
Epoch 736 Relative Error 0.0004959919024258852
Epoch 737 Relative Error 0.0004963201354257762
Epoch 738 Relative Error 0.0005187581409700215
Epoch 739 Relative Error 0.0004944380489178002
Epoch 740 Relative Error 0.0004854431899730116
Epoch 741 Relative Error 0.00047862622886896133
Epoch 742 Relative Error 0.0004951985902152956
Epoch 743 Relative Error 0.0004930353607051075
Epoch 744 Relative Error 0.00047772907419130206
Epoch 745 Relative Error 0.0004820183094125241
Epoch 746 Relative Error 0.00047675936366431415
Epoch 747 Relative Error 0.0004774026165250689
Epoch 748 Relative Error 0.0004788724472746253
Epoch 749 Relative Error 0.0004754926194436848
Epoch 750 Relative Error 0.0004957842756994069
Epoch 751 Relative Error 0.000481288880109787
Epoch 752 Relative Error 0.000488767575006932
Epoch 753 Relative Error 0.00048039195826277137
Epoch 754 Relative Error 0.0004881981876678765
Epoch 755 Relative Error 0.00048093547229655087
Epoch 756 Relative Error 0.0004750191292259842
Epoch 757 Relative Error 0.0004872361314482987
Epoch 758 Relative Error 0.00046812326763756573
Epoch 759 Relative Error 0.00047443469520658255
Epoch 760 Relative Error 0.000475636450573802
Epoch 761 Relative Error 0.00047139814705587924
Epoch 762 Relative Error 0.0005319015472196043
Epoch 763 Relative Error 0.0004993106704205275
Epoch 764 Relative Error 0.0005036470829509199
Epoch 765 Relative Error 0.0005412213504314423
Epoch 766 Relative Error 0.000506339012645185
Epoch 767 Relative Error 0.0005048968596383929
Epoch 768 Relative Error 0.0004828056844417006
Epoch 769 Relative Error 0.0004868814430665225
Epoch 770 Relative Error 0.0004927445552311838
Epoch 771 Relative Error 0.000494559237267822
Epoch 772 Relative Error 0.0005045764846727252
Epoch 773 Relative Error 0.00048502912977710366
Epoch 774 Relative Error 0.00047823815839365125
Epoch 775 Relative Error 0.00047502494999207556
Epoch 776 Relative Error 0.000481593917356804
Epoch 777 Relative Error 0.0004840431793127209
Epoch 778 Relative Error 0.0005115366075187922
Epoch 779 Relative Error 0.0004745212208945304
Epoch 780 Relative Error 0.0004888578550890088
Epoch 781 Relative Error 0.0005178824067115784
Epoch 782 Relative Error 0.00048524371231906116
Epoch 783 Relative Error 0.0004787336802110076
Epoch 784 Relative Error 0.00047196404193527997
Epoch 785 Relative Error 0.0005006844294257462
Epoch 786 Relative Error 0.0005082841380499303
Epoch 787 Relative Error 0.000566269678529352
Epoch 788 Relative Error 0.0005464996211230755
Epoch 789 Relative Error 0.0005155231337994337
Epoch 790 Relative Error 0.0005293952999636531
Epoch 791 Relative Error 0.0005486203008331358
Epoch 792 Relative Error 0.0004877946921624243
Epoch 793 Relative Error 0.0004945346736349165
Epoch 794 Relative Error 0.0004891771823167801
Epoch 795 Relative Error 0.00046871439553797245
Epoch 796 Relative Error 0.00047198147512972355
Epoch 797 Relative Error 0.0004645378212444484
Epoch 798 Relative Error 0.00046965753426775336
Epoch 799 Relative Error 0.00046932624536566436
Epoch 800 Relative Error 0.0004694422532338649
Epoch 801 Relative Error 0.0004714230599347502
Epoch 802 Relative Error 0.0004976696218363941
Epoch 803 Relative Error 0.000476699584396556
Epoch 804 Relative Error 0.00047380043542943895
Epoch 805 Relative Error 0.00046527909580618143
Epoch 806 Relative Error 0.00046247837599366903
Epoch 807 Relative Error 0.00046917219879105687
Epoch 808 Relative Error 0.0004607870941981673
Epoch 809 Relative Error 0.0004782276810146868
Epoch 810 Relative Error 0.00047002200153656304
Epoch 811 Relative Error 0.0004606873553711921
Epoch 812 Relative Error 0.00046043540351092815
Epoch 813 Relative Error 0.00046177749754860997
Epoch 814 Relative Error 0.000469855556730181
Epoch 815 Relative Error 0.00045745170791633427
Epoch 816 Relative Error 0.0004535401239991188
Epoch 817 Relative Error 0.00045225664507597685
Epoch 818 Relative Error 0.00045986910117790103
Epoch 819 Relative Error 0.0004522802773863077
Epoch 820 Relative Error 0.00045133932144381106
Epoch 821 Relative Error 0.000450041115982458
Epoch 822 Relative Error 0.00045424108975566924
Epoch 823 Relative Error 0.0004611668991856277
Epoch 824 Relative Error 0.00046610579011030495
Epoch 825 Relative Error 0.00047625263687223196
Epoch 826 Relative Error 0.0004803066258318722
Epoch 827 Relative Error 0.0004892448778264225
Epoch 828 Relative Error 0.00047036129399202764
Epoch 829 Relative Error 0.0004615842772182077
Epoch 830 Relative Error 0.0004707630432676524
Epoch 831 Relative Error 0.00046908907825127244
Epoch 832 Relative Error 0.0004656740347854793
Epoch 833 Relative Error 0.0005025638383813202
Epoch 834 Relative Error 0.00047163618728518486
Epoch 835 Relative Error 0.00047356903087347746
Epoch 836 Relative Error 0.00048323418013751507
Epoch 837 Relative Error 0.0005324134835973382
Epoch 838 Relative Error 0.0004737401905003935
Epoch 839 Relative Error 0.00046222691889852285
Epoch 840 Relative Error 0.00045433788909576833
Epoch 841 Relative Error 0.0004616279620677233
Epoch 842 Relative Error 0.00045506141032092273
Epoch 843 Relative Error 0.00046239508083090186
Epoch 844 Relative Error 0.00045443978160619736
Epoch 845 Relative Error 0.00044303954928182065
Epoch 846 Relative Error 0.0004561298410408199
Epoch 847 Relative Error 0.0004574801423586905
Epoch 848 Relative Error 0.0004660795966628939
Epoch 849 Relative Error 0.0004605962021742016
Epoch 850 Relative Error 0.0004739475261885673
Epoch 851 Relative Error 0.0004709564382210374
Epoch 852 Relative Error 0.000463874515844509
Epoch 853 Relative Error 0.00044974457705393434
Epoch 854 Relative Error 0.0004674114752560854
Epoch 855 Relative Error 0.00046527181984856725
Epoch 856 Relative Error 0.00044086488196626306
Epoch 857 Relative Error 0.00045085520832799375
Epoch 858 Relative Error 0.00045775555190630257
Epoch 859 Relative Error 0.000472229381557554
Epoch 860 Relative Error 0.00043906361679546535
Epoch 861 Relative Error 0.0004423967038746923
Epoch 862 Relative Error 0.0004481825162656605
Epoch 863 Relative Error 0.00044822771451435983
Epoch 864 Relative Error 0.0004431676061358303
Epoch 865 Relative Error 0.0004480393254198134
Epoch 866 Relative Error 0.00044899916974827647
Epoch 867 Relative Error 0.0004585740971378982
Epoch 868 Relative Error 0.00045072214561514556
Epoch 869 Relative Error 0.00045223793131299317
Epoch 870 Relative Error 0.00047422965872101486
Epoch 871 Relative Error 0.0004567361902445555
Epoch 872 Relative Error 0.0004517525958362967
Epoch 873 Relative Error 0.00045023992424830794
Epoch 874 Relative Error 0.0004425228980835527
Epoch 875 Relative Error 0.0004395120486151427
Epoch 876 Relative Error 0.00044553200132213533
Epoch 877 Relative Error 0.0004431433917488903
Epoch 878 Relative Error 0.0004386158543638885
Epoch 879 Relative Error 0.00044103190884925425
Epoch 880 Relative Error 0.00043440336594358087
Epoch 881 Relative Error 0.0004380999016575515
Epoch 882 Relative Error 0.00044677656842395663
Epoch 883 Relative Error 0.00044874337618239224
Epoch 884 Relative Error 0.00045917261741124094
Epoch 885 Relative Error 0.00044341807370074093
Epoch 886 Relative Error 0.00046163887600414455
Epoch 887 Relative Error 0.0004718140116892755
Epoch 888 Relative Error 0.00044455862371250987
Epoch 889 Relative Error 0.00045081134885549545
Epoch 890 Relative Error 0.0004503415839280933
Epoch 891 Relative Error 0.0004370886308606714
Epoch 892 Relative Error 0.0004437245661392808
Epoch 893 Relative Error 0.00045043593854643404
Epoch 894 Relative Error 0.0004395779687911272
Epoch 895 Relative Error 0.00043910378008149564
Epoch 896 Relative Error 0.0004651930648833513
Epoch 897 Relative Error 0.00046108709648251534
Epoch 898 Relative Error 0.00043851142982020974
Epoch 899 Relative Error 0.0004471534921322018
Epoch 900 Relative Error 0.00044168089516460896
Epoch 901 Relative Error 0.0004394636198412627
Epoch 902 Relative Error 0.0004255710227880627
Epoch 903 Relative Error 0.00043435257975943387
Epoch 904 Relative Error 0.00043147685937583447
Epoch 905 Relative Error 0.00043936126166954637
Epoch 906 Relative Error 0.00042769729043357074
Epoch 907 Relative Error 0.0004335551639087498
Epoch 908 Relative Error 0.0004261145950295031
Epoch 909 Relative Error 0.00042959576239809394
Epoch 910 Relative Error 0.0004276097461115569
Epoch 911 Relative Error 0.000433856068411842
Epoch 912 Relative Error 0.00044002276263199747
Epoch 913 Relative Error 0.00043488721712492406
Epoch 914 Relative Error 0.00042227463563904166
Epoch 915 Relative Error 0.00042125547770410776
Epoch 916 Relative Error 0.0004545310512185097
Epoch 917 Relative Error 0.0004699485725723207
Epoch 918 Relative Error 0.00044921826338395476
Epoch 919 Relative Error 0.0004401201440487057
Epoch 920 Relative Error 0.00044327846262604
Epoch 921 Relative Error 0.0004337506543379277
Epoch 922 Relative Error 0.00044466418330557644
Epoch 923 Relative Error 0.00042953871889039874
Epoch 924 Relative Error 0.0004232043866068125
Epoch 925 Relative Error 0.0004410634282976389
Epoch 926 Relative Error 0.0004285000904928893
Epoch 927 Relative Error 0.0004313303797971457
Epoch 928 Relative Error 0.0004291987861506641
Epoch 929 Relative Error 0.0004319878062233329
Epoch 930 Relative Error 0.00044282840099185705
Epoch 931 Relative Error 0.00044508621795102954
Epoch 932 Relative Error 0.0004460328200366348
Epoch 933 Relative Error 0.0004419575270731002
Epoch 934 Relative Error 0.0004493317974265665
Epoch 935 Relative Error 0.0004517846100497991
Epoch 936 Relative Error 0.00042433280032128096
Epoch 937 Relative Error 0.00042704850784502923
Epoch 938 Relative Error 0.0004288797499611974
Epoch 939 Relative Error 0.00042963397572748363
Epoch 940 Relative Error 0.0004219261754769832
Epoch 941 Relative Error 0.000423718971433118
Epoch 942 Relative Error 0.0004278077685739845
Epoch 943 Relative Error 0.0004325142945162952
Epoch 944 Relative Error 0.00042780989315360785
Epoch 945 Relative Error 0.00042555929394438863
Epoch 946 Relative Error 0.00043377242400310934
Epoch 947 Relative Error 0.000424735015258193
Epoch 948 Relative Error 0.00045415700878947973
Epoch 949 Relative Error 0.00043282806291244924
Epoch 950 Relative Error 0.0004411487316247076
Epoch 951 Relative Error 0.00044390727998688817
Epoch 952 Relative Error 0.0004539311630651355
Epoch 953 Relative Error 0.00042943382868543267
Epoch 954 Relative Error 0.00042552305967547
Epoch 955 Relative Error 0.000440239324234426
Epoch 956 Relative Error 0.0004342618922237307
Epoch 957 Relative Error 0.00043018284486606717
Epoch 958 Relative Error 0.00043224776163697243
Epoch 959 Relative Error 0.00042740278877317905
Epoch 960 Relative Error 0.0004332250391598791
Epoch 961 Relative Error 0.0004174767527729273
Epoch 962 Relative Error 0.0004318151040934026
Epoch 963 Relative Error 0.0004308914649300277
Epoch 964 Relative Error 0.00042077325633727014
Epoch 965 Relative Error 0.0004158713563811034
Epoch 966 Relative Error 0.0004251337086316198
Epoch 967 Relative Error 0.00043263440602459013
Epoch 968 Relative Error 0.0004328435752540827
Epoch 969 Relative Error 0.00043483838089741766
Epoch 970 Relative Error 0.00042706893873400986
Epoch 971 Relative Error 0.00042445166036486626
Epoch 972 Relative Error 0.0004327346687205136
Epoch 973 Relative Error 0.0004466690879780799
Epoch 974 Relative Error 0.0004254803934600204
Epoch 975 Relative Error 0.0004384611384011805
Epoch 976 Relative Error 0.0004220422706566751
Epoch 977 Relative Error 0.00042273395229130983
Epoch 978 Relative Error 0.0004224680014885962
Epoch 979 Relative Error 0.0004247449687682092
Epoch 980 Relative Error 0.00042732447036542
Epoch 981 Relative Error 0.0004245243326295167
Epoch 982 Relative Error 0.0004280808789189905
Epoch 983 Relative Error 0.00042181587195955217
Epoch 984 Relative Error 0.00042750692227855325
Epoch 985 Relative Error 0.0004168982559349388
Epoch 986 Relative Error 0.0004182019329164177
Epoch 987 Relative Error 0.00041986085125245154
Epoch 988 Relative Error 0.00043104609358124435
Epoch 989 Relative Error 0.00043827597983181477
Epoch 990 Relative Error 0.0004347750509623438
Epoch 991 Relative Error 0.0004346124187577516
Epoch 992 Relative Error 0.0004262625880073756
Epoch 993 Relative Error 0.0004353820695541799
Epoch 994 Relative Error 0.00041817768942564726
Epoch 995 Relative Error 0.0004350020317360759
Epoch 996 Relative Error 0.00042281567584723234
Epoch 997 Relative Error 0.00043343642028048635
Epoch 998 Relative Error 0.000429221719969064
Epoch 999 Relative Error 0.0004208507016301155
Epoch 1000 Relative Error 0.0004319989529903978
RE (0, 5, 11, 0): 0.0004158713563811034
Green's Function RE (0, 5, 11, 0): 0.011148066259920597
Bias Term RE (0, 5, 11, 0): 0.028181565925478935
Combination (0, 5, 11, 0, 0): 0.010429978370666504
Combination (0, 5, 11, 0, 1): 0.010463587939739227
Combination (0, 5, 11, 0, 2): 0.010473624803125858
Combination (0, 5, 11, 0, 3): 0.010476210154592991
Combination (0, 5, 11, 0, 4): 0.010477161034941673

/home/gridsan/gstepaniants/.local/lib/python3.8/site-packages/torch/functional.py:478: UserWarning: torch.meshgrid: in an upcoming release, it will be required to pass the indexing argument. (Triggered internally at  ../aten/src/ATen/native/TensorShape.cpp:2895.)
  return _VF.meshgrid(tensors, **kwargs)  # type: ignore[attr-defined]
