[KeOps] Warning : Cuda libraries were not detected on the system ; using cpu only mode
1
Kernel: Matern5/2
Weight Mesh: 60
RKHS Kernel Width: 0.006
Lambda: 1e-06
Green's Function Learning Rate: 100
Bias Term Learning Rate: 100
Epoch 1 Relative Error 960.86083984375
First epoch had re = 960.86083984375 > 1
Green's Function Learning Rate: 50
Bias Term Learning Rate: 50
Epoch 1 Relative Error 488.9656982421875
First epoch had re = 488.9656982421875 > 1
Green's Function Learning Rate: 10
Bias Term Learning Rate: 10
Epoch 1 Relative Error 80.13981628417969
First epoch had re = 80.13981628417969 > 1
Green's Function Learning Rate: 5
Bias Term Learning Rate: 5
Epoch 1 Relative Error 37.16096496582031
First epoch had re = 37.16096496582031 > 1
Green's Function Learning Rate: 1
Bias Term Learning Rate: 1
Epoch 1 Relative Error 7.792586326599121
First epoch had re = 7.792586326599121 > 1
Green's Function Learning Rate: 0.5
Bias Term Learning Rate: 0.5
Epoch 1 Relative Error 3.075579881668091
First epoch had re = 3.075579881668091 > 1
Green's Function Learning Rate: 0.1
Bias Term Learning Rate: 0.1
Epoch 1 Relative Error 0.9612411260604858
Epoch 2 Relative Error 0.74370276927948
Epoch 3 Relative Error 0.5268248915672302
Epoch 4 Relative Error 0.5346763730049133
Epoch 5 Relative Error 0.3944818377494812
Epoch 6 Relative Error 0.3033873438835144
Epoch 7 Relative Error 0.26538845896720886
Epoch 8 Relative Error 0.2108694314956665
Epoch 9 Relative Error 0.15255805850028992
Epoch 10 Relative Error 0.1380738466978073
Epoch 11 Relative Error 0.11032386124134064
Epoch 12 Relative Error 0.08381052315235138
Epoch 13 Relative Error 0.06675555557012558
Epoch 14 Relative Error 0.05196458846330643
Epoch 15 Relative Error 0.04164496809244156
Epoch 16 Relative Error 0.0349377878010273
Epoch 17 Relative Error 0.030348515138030052
Epoch 18 Relative Error 0.02356848679482937
Epoch 19 Relative Error 0.017916124314069748
Epoch 20 Relative Error 0.014838756062090397
Epoch 21 Relative Error 0.012133855372667313
Epoch 22 Relative Error 0.009750770404934883
Epoch 23 Relative Error 0.008056898601353168
Epoch 24 Relative Error 0.006401109509170055
Epoch 25 Relative Error 0.00573732191696763
Epoch 26 Relative Error 0.004422500729560852
Epoch 27 Relative Error 0.003736593062058091
Epoch 28 Relative Error 0.003222647588700056
Epoch 29 Relative Error 0.0026682699099183083
Epoch 30 Relative Error 0.002604479668661952
Epoch 31 Relative Error 0.002315490273758769
Epoch 32 Relative Error 0.0019864914938807487
Epoch 33 Relative Error 0.0019027497619390488
Epoch 34 Relative Error 0.0018348712474107742
Epoch 35 Relative Error 0.0015928337816148996
Epoch 36 Relative Error 0.0015157555462792516
Epoch 37 Relative Error 0.0014386444818228483
Epoch 38 Relative Error 0.0014009258011355996
Epoch 39 Relative Error 0.00135712418705225
Epoch 40 Relative Error 0.0012845853343605995
Epoch 41 Relative Error 0.0013435804285109043
Epoch 42 Relative Error 0.0012663406087085605
Epoch 43 Relative Error 0.0012893027160316706
Epoch 44 Relative Error 0.0011823163367807865
Epoch 45 Relative Error 0.0012165739899501204
Epoch 46 Relative Error 0.0011773720616474748
Epoch 47 Relative Error 0.0010900342604145408
Epoch 48 Relative Error 0.0010513622546568513
Epoch 49 Relative Error 0.001065738731995225
Epoch 50 Relative Error 0.0010296398540958762
Epoch 51 Relative Error 0.0010638380190357566
Epoch 52 Relative Error 0.0010271011851727962
Epoch 53 Relative Error 0.0009504109038971364
Epoch 54 Relative Error 0.0009339006501249969
Epoch 55 Relative Error 0.0009266772540286183
Epoch 56 Relative Error 0.0008944331202656031
Epoch 57 Relative Error 0.0009028355125337839
Epoch 58 Relative Error 0.0009527209913358092
Epoch 59 Relative Error 0.0009242429514415562
Epoch 60 Relative Error 0.0008959349361248314
Epoch 61 Relative Error 0.0008265909855253994
Epoch 62 Relative Error 0.0009013784001581371
Epoch 63 Relative Error 0.0008733484428375959
Epoch 64 Relative Error 0.0008876272477209568
Epoch 65 Relative Error 0.0008228429942391813
Epoch 66 Relative Error 0.0008312712889164686
Epoch 67 Relative Error 0.0007719340501353145
Epoch 68 Relative Error 0.0007727315532974899
Epoch 69 Relative Error 0.0008260413305833936
Epoch 70 Relative Error 0.0008044808055274189
Epoch 71 Relative Error 0.0007189897587522864
Epoch 72 Relative Error 0.0007524735410697758
Epoch 73 Relative Error 0.0007300845463760197
Epoch 74 Relative Error 0.0007629478932358325
Epoch 75 Relative Error 0.0007029565749689937
Epoch 76 Relative Error 0.0007262465660460293
Epoch 77 Relative Error 0.0007078631315380335
Epoch 78 Relative Error 0.0006928574293851852
Epoch 79 Relative Error 0.0006752269109711051
Epoch 80 Relative Error 0.0006987002561800182
Epoch 81 Relative Error 0.0006795204826630652
Epoch 82 Relative Error 0.0006850609788671136
Epoch 83 Relative Error 0.0007334545953199267
Epoch 84 Relative Error 0.000736364396288991
Epoch 85 Relative Error 0.0007007416570559144
Epoch 86 Relative Error 0.0006737674702890217
Epoch 87 Relative Error 0.0007329729851335287
Epoch 88 Relative Error 0.0006329878815449774
Epoch 89 Relative Error 0.0007096842164173722
Epoch 90 Relative Error 0.0005956141976639628
Epoch 91 Relative Error 0.0006065818015486002
Epoch 92 Relative Error 0.0006141235353425145
Epoch 93 Relative Error 0.0006124552455730736
Epoch 94 Relative Error 0.0006020477740094066
Epoch 95 Relative Error 0.0005777677870355546
Epoch 96 Relative Error 0.0006121365586295724
Epoch 97 Relative Error 0.0005826156120747328
Epoch 98 Relative Error 0.0005793969612568617
Epoch 99 Relative Error 0.0005838350625708699
Epoch 100 Relative Error 0.0005909246392548084
Epoch 101 Relative Error 0.0005424322444014251
Epoch 102 Relative Error 0.0005134091479703784
Epoch 103 Relative Error 0.000567228184081614
Epoch 104 Relative Error 0.0005372033920139074
Epoch 105 Relative Error 0.0005491681513376534
Epoch 106 Relative Error 0.000544069625902921
Epoch 107 Relative Error 0.0005482409032993019
Epoch 108 Relative Error 0.0005175092373974621
Epoch 109 Relative Error 0.0005010586464777589
Epoch 110 Relative Error 0.0005257207667455077
Epoch 111 Relative Error 0.0005055827787145972
Epoch 112 Relative Error 0.0005204314365983009
Epoch 113 Relative Error 0.00047981529496610165
Epoch 114 Relative Error 0.0005336450412869453
Epoch 115 Relative Error 0.0004915061872452497
Epoch 116 Relative Error 0.0005394553299993277
Epoch 117 Relative Error 0.0005021702381782234
Epoch 118 Relative Error 0.0005114292725920677
Epoch 119 Relative Error 0.0004984138067811728
Epoch 120 Relative Error 0.0005003954865969718
Epoch 121 Relative Error 0.0004716916591860354
Epoch 122 Relative Error 0.0005078141111880541
Epoch 123 Relative Error 0.0004656579112634063
Epoch 124 Relative Error 0.000538388267159462
Epoch 125 Relative Error 0.0004790101374965161
Epoch 126 Relative Error 0.0005033144261687994
Epoch 127 Relative Error 0.0004671457863878459
Epoch 128 Relative Error 0.000522561022080481
Epoch 129 Relative Error 0.0005099854897707701
Epoch 130 Relative Error 0.0005053752684034407
Epoch 131 Relative Error 0.0004370992537587881
Epoch 132 Relative Error 0.0004896061727777123
Epoch 133 Relative Error 0.0004237217945046723
Epoch 134 Relative Error 0.0004308927454985678
Epoch 135 Relative Error 0.0004470680723898113
Epoch 136 Relative Error 0.00040621653897687793
Epoch 137 Relative Error 0.0004218439862597734
Epoch 138 Relative Error 0.0004459838673938066
Epoch 139 Relative Error 0.00040692606125958264
Epoch 140 Relative Error 0.00041521331877447665
Epoch 141 Relative Error 0.000413737929193303
Epoch 142 Relative Error 0.0004133791080676019
Epoch 143 Relative Error 0.00040708950837142766
Epoch 144 Relative Error 0.0004273502854630351
Epoch 145 Relative Error 0.0004379554884508252
Epoch 146 Relative Error 0.0004569788870867342
Epoch 147 Relative Error 0.0004700396384578198
Epoch 148 Relative Error 0.0005319837364368141
Epoch 149 Relative Error 0.000447897327831015
Epoch 150 Relative Error 0.00040736052324064076
Epoch 151 Relative Error 0.00042426568688824773
Epoch 152 Relative Error 0.0005007325089536607
Epoch 153 Relative Error 0.000506240117829293
Epoch 154 Relative Error 0.0004699055280070752
Epoch 155 Relative Error 0.0004656022065319121
Epoch 156 Relative Error 0.0004656693490687758
Epoch 157 Relative Error 0.00040854798862710595
Epoch 158 Relative Error 0.0004328475915826857
Epoch 159 Relative Error 0.00043321840348653495
Epoch 160 Relative Error 0.00045449152821674943
Epoch 161 Relative Error 0.00036391301546245813
Epoch 162 Relative Error 0.00037102532223798335
Epoch 163 Relative Error 0.000410968903452158
Epoch 164 Relative Error 0.00041284083272330463
Epoch 165 Relative Error 0.0004201286064926535
Epoch 166 Relative Error 0.00035961612593382597
Epoch 167 Relative Error 0.00045273455907590687
Epoch 168 Relative Error 0.0004205314035061747
Epoch 169 Relative Error 0.00043651534360833466
Epoch 170 Relative Error 0.0003768917522393167
Epoch 171 Relative Error 0.0004268887569196522
Epoch 172 Relative Error 0.00044767773943021894
Epoch 173 Relative Error 0.00047392232227139175
Epoch 174 Relative Error 0.0005116931279189885
Epoch 175 Relative Error 0.0004233733343426138
Epoch 176 Relative Error 0.000447862665168941
Epoch 177 Relative Error 0.0004182862467132509
Epoch 178 Relative Error 0.00036871235352009535
Epoch 179 Relative Error 0.0003906055062543601
Epoch 180 Relative Error 0.00038351365947164595
Epoch 181 Relative Error 0.0003847521438729018
Epoch 182 Relative Error 0.00039091691724024713
Epoch 183 Relative Error 0.0003618686168920249
Epoch 184 Relative Error 0.0004085848049726337
Epoch 185 Relative Error 0.0003919694572687149
Epoch 186 Relative Error 0.0003981297486461699
Epoch 187 Relative Error 0.00037396233528852463
Epoch 188 Relative Error 0.00045565725304186344
Epoch 189 Relative Error 0.0003854207752738148
Epoch 190 Relative Error 0.00040471466490998864
Epoch 191 Relative Error 0.00038251234218478203
Epoch 192 Relative Error 0.00037793119554407895
Epoch 193 Relative Error 0.00038726464845240116
Epoch 194 Relative Error 0.00032453943276777864
Epoch 195 Relative Error 0.00039202210609801114
Epoch 196 Relative Error 0.0003912611282430589
Epoch 197 Relative Error 0.0003738264204002917
Epoch 198 Relative Error 0.0003790424671024084
Epoch 199 Relative Error 0.00040861216257326305
Epoch 200 Relative Error 0.00041040818905457854
Epoch 201 Relative Error 0.00036171177634969354
Epoch 202 Relative Error 0.0003690181765705347
Epoch 203 Relative Error 0.0005049238679930568
Epoch 204 Relative Error 0.0004691423673648387
Epoch 205 Relative Error 0.00041441814391873777
Epoch 206 Relative Error 0.0003340136318001896
Epoch 207 Relative Error 0.0003790297778323293
Epoch 208 Relative Error 0.00047734336112625897
Epoch 209 Relative Error 0.000485935335746035
Epoch 210 Relative Error 0.0004506288969423622
Epoch 211 Relative Error 0.000401978672016412
Epoch 212 Relative Error 0.0004047898401040584
Epoch 213 Relative Error 0.0004254669474903494
Epoch 214 Relative Error 0.000540888519026339
Epoch 215 Relative Error 0.0006961626349948347
Epoch 216 Relative Error 0.0007382750627584755
Epoch 217 Relative Error 0.0005247843801043928
Epoch 218 Relative Error 0.000457029469544068
Epoch 219 Relative Error 0.00045466626761481166
Epoch 220 Relative Error 0.0004904702072963119
Epoch 221 Relative Error 0.0004215803346596658
Epoch 222 Relative Error 0.00041524707921780646
Epoch 223 Relative Error 0.0004923164960928261
Epoch 224 Relative Error 0.0004625094879884273
Epoch 225 Relative Error 0.0003719642700161785
Epoch 226 Relative Error 0.0004417671007104218
Epoch 227 Relative Error 0.0004162961558904499
Epoch 228 Relative Error 0.00046060376917012036
Epoch 229 Relative Error 0.00045216476428322494
Epoch 230 Relative Error 0.0004252824583090842
Epoch 231 Relative Error 0.00039242347702383995
Epoch 232 Relative Error 0.00047527565038762987
Epoch 233 Relative Error 0.0005186445196159184
Epoch 234 Relative Error 0.0003928474907297641
Epoch 235 Relative Error 0.0003966681251768023
Epoch 236 Relative Error 0.00040342460852116346
Epoch 237 Relative Error 0.000506243493873626
Epoch 238 Relative Error 0.0004113743780180812
Epoch 239 Relative Error 0.0004685309249907732
Epoch 240 Relative Error 0.00044159439858049154
Epoch 241 Relative Error 0.00036912885843776166
Epoch 242 Relative Error 0.0005553421215154231
Epoch 243 Relative Error 0.0004646279849112034
Epoch 244 Relative Error 0.0003864399914164096
Epoch 245 Relative Error 0.0003600319323595613
Epoch 246 Relative Error 0.0003982025955338031
Epoch 247 Relative Error 0.00046522964839823544
Epoch 248 Relative Error 0.000526660995092243
Epoch 249 Relative Error 0.00042373855831101537
Epoch 250 Relative Error 0.0004089666763320565
Epoch 251 Relative Error 0.0004416323499754071
Epoch 252 Relative Error 0.00045968196354806423
Epoch 253 Relative Error 0.0004636168305296451
Epoch 254 Relative Error 0.00038875261088833213
Epoch 255 Relative Error 0.0005538923433050513
Epoch 256 Relative Error 0.00045362795935943723
Epoch 257 Relative Error 0.00041984490235336125
Epoch 258 Relative Error 0.0005228948430158198
Epoch 259 Relative Error 0.0004658170510083437
Epoch 260 Relative Error 0.0004447885730769485
Epoch 261 Relative Error 0.00041189807234331965
Epoch 262 Relative Error 0.00045130550279282033
Epoch 263 Relative Error 0.0003466730413492769
Epoch 264 Relative Error 0.00039314531022682786
Epoch 265 Relative Error 0.00038237968692556024
Epoch 266 Relative Error 0.00037668031291104853
Epoch 267 Relative Error 0.0003394783416297287
Epoch 268 Relative Error 0.00040141624049283564
Epoch 269 Relative Error 0.0004132583271712065
Epoch 270 Relative Error 0.00043458951404318213
Epoch 271 Relative Error 0.0005310320411808789
Epoch 272 Relative Error 0.000542953610420227
Epoch 273 Relative Error 0.0005998047417961061
Epoch 274 Relative Error 0.0005894738133065403
Epoch 275 Relative Error 0.00045760892680846155
Epoch 276 Relative Error 0.00041107801371254027
Epoch 277 Relative Error 0.00041868319385685027
Epoch 278 Relative Error 0.0004291728837415576
Epoch 279 Relative Error 0.0004012053832411766
Epoch 280 Relative Error 0.0003763035056181252
Epoch 281 Relative Error 0.0003998054889962077
Epoch 282 Relative Error 0.00047755203559063375
Epoch 283 Relative Error 0.0005426486604847014
Epoch 284 Relative Error 0.00046383627341128886
Epoch 285 Relative Error 0.00035162040148861706
Epoch 286 Relative Error 0.00035299520823173225
Epoch 287 Relative Error 0.00034255749778822064
Epoch 288 Relative Error 0.0003494762640912086
Epoch 289 Relative Error 0.00042367048445157707
Epoch 290 Relative Error 0.0003415369719732553
Epoch 291 Relative Error 0.00042664026841521263
Epoch 292 Relative Error 0.0003582505160011351
Epoch 293 Relative Error 0.00034430474624969065
Epoch 294 Relative Error 0.0003751962212845683
Epoch 295 Relative Error 0.00045668441453017294
Epoch 296 Relative Error 0.00045233569107949734
Epoch 297 Relative Error 0.0004226664896123111
Epoch 298 Relative Error 0.0004348340444266796
Epoch 299 Relative Error 0.0003606450336519629
Epoch 300 Relative Error 0.00037003381294198334
Epoch 301 Relative Error 0.00032229829230345786
Epoch 302 Relative Error 0.0003496395656839013
Epoch 303 Relative Error 0.00031746915192343295
Epoch 304 Relative Error 0.0003477026766631752
Epoch 305 Relative Error 0.00034548831172287464
Epoch 306 Relative Error 0.00033195706782862544
Epoch 307 Relative Error 0.00033573698601685464
Epoch 308 Relative Error 0.0003286674909759313
Epoch 309 Relative Error 0.0002900070685427636
Epoch 310 Relative Error 0.0004367334477137774
Epoch 311 Relative Error 0.0004737323906738311
Epoch 312 Relative Error 0.000360900245141238
Epoch 313 Relative Error 0.00036473688669502735
Epoch 314 Relative Error 0.00039649734389968216
Epoch 315 Relative Error 0.000548318203072995
Epoch 316 Relative Error 0.00047768568038009107
Epoch 317 Relative Error 0.0004472596920095384
Epoch 318 Relative Error 0.00034503740607760847
Epoch 319 Relative Error 0.00034994559246115386
Epoch 320 Relative Error 0.0003706859133671969
Epoch 321 Relative Error 0.0004154218186158687
Epoch 322 Relative Error 0.00034650039742700756
Epoch 323 Relative Error 0.0003798862744588405
Epoch 324 Relative Error 0.00034127000253647566
Epoch 325 Relative Error 0.00042408969602547586
Epoch 326 Relative Error 0.00035464431857690215
Epoch 327 Relative Error 0.000370144349290058
Epoch 328 Relative Error 0.00032186697353608906
Epoch 329 Relative Error 0.0003700863162521273
Epoch 330 Relative Error 0.0003933926345780492
Epoch 331 Relative Error 0.00039337846101261675
Epoch 332 Relative Error 0.00032855794415809214
Epoch 333 Relative Error 0.0003698382352013141
Epoch 334 Relative Error 0.0003582628269214183
Epoch 335 Relative Error 0.0003243388491682708
Epoch 336 Relative Error 0.00040783733129501343
Epoch 337 Relative Error 0.00038410231354646385
Epoch 338 Relative Error 0.00036292048753239214
Epoch 339 Relative Error 0.0005326825194060802
Epoch 340 Relative Error 0.0004391572729218751
Epoch 341 Relative Error 0.0004358215956017375
Epoch 342 Relative Error 0.00044300922309048474
Epoch 343 Relative Error 0.00042932917131111026
Epoch 344 Relative Error 0.000454117136541754
Epoch 345 Relative Error 0.0004111587186343968
Epoch 346 Relative Error 0.0003820871643256396
Epoch 347 Relative Error 0.0003804151201620698
Epoch 348 Relative Error 0.0003656154149211943
Epoch 349 Relative Error 0.0003641843795776367
Epoch 350 Relative Error 0.0003983616770710796
Epoch 351 Relative Error 0.00047883758088573813
Epoch 352 Relative Error 0.00048332210280932486
Epoch 353 Relative Error 0.0004516719200182706
Epoch 354 Relative Error 0.0005292118294164538
Epoch 355 Relative Error 0.00044421249185688794
Epoch 356 Relative Error 0.0004231346829328686
Epoch 357 Relative Error 0.0004903479712083936
Epoch 358 Relative Error 0.0005510805640369654
Epoch 359 Relative Error 0.00039012712659314275
Epoch 360 Relative Error 0.0004810941172763705
Epoch 361 Relative Error 0.00043828770867548883
Epoch 362 Relative Error 0.000366756459698081
Epoch 363 Relative Error 0.0003248277062084526
Epoch 364 Relative Error 0.0003510256647132337
Epoch 365 Relative Error 0.00034565760870464146
Epoch 366 Relative Error 0.0003724847629200667
Epoch 367 Relative Error 0.00042594617116265
Epoch 368 Relative Error 0.0003792271309066564
Epoch 369 Relative Error 0.00043507758527994156
Epoch 370 Relative Error 0.0005109090125188231
Epoch 371 Relative Error 0.0005474264035001397
Epoch 372 Relative Error 0.0004976256750524044
Epoch 373 Relative Error 0.00043212901800870895
Epoch 374 Relative Error 0.0004247431643307209
Epoch 375 Relative Error 0.0004055693279951811
Epoch 376 Relative Error 0.0004045909154228866
Epoch 377 Relative Error 0.00038625163142569363
Epoch 378 Relative Error 0.0003803881991188973
Epoch 379 Relative Error 0.0003766110457945615
Epoch 380 Relative Error 0.0003647734993137419
Epoch 381 Relative Error 0.00036351053859107196
Epoch 382 Relative Error 0.000451130821602419
Epoch 383 Relative Error 0.00037496513687074184
Epoch 384 Relative Error 0.0005479103419929743
Epoch 385 Relative Error 0.0005814952310174704
Epoch 386 Relative Error 0.0005182366003282368
Epoch 387 Relative Error 0.00036389645538292825
Epoch 388 Relative Error 0.000433384528150782
Epoch 389 Relative Error 0.00044262278242968023
Epoch 390 Relative Error 0.00049751898040995
Epoch 391 Relative Error 0.0005342225194908679
Epoch 392 Relative Error 0.0005676965811289847
Epoch 393 Relative Error 0.0005443699192255735
Epoch 394 Relative Error 0.0007493969751521945
Epoch 395 Relative Error 0.0005313562578521669
Epoch 396 Relative Error 0.0005031076143495739
Epoch 397 Relative Error 0.00045220411266200244
Epoch 398 Relative Error 0.0004562934336718172
Epoch 399 Relative Error 0.00040978429024107754
Epoch 400 Relative Error 0.00044210979831404984
Epoch 401 Relative Error 0.0004316819249652326
Epoch 402 Relative Error 0.00038167956518009305
Epoch 403 Relative Error 0.0003311204200144857
Epoch 404 Relative Error 0.0004438608593773097
Epoch 405 Relative Error 0.00042912442586384714
Epoch 406 Relative Error 0.00042255144217051566
Epoch 407 Relative Error 0.000436434056609869
Epoch 408 Relative Error 0.0005157262785360217
Epoch 409 Relative Error 0.0005072957719676197
Epoch 410 Relative Error 0.0004418826720211655
Epoch 411 Relative Error 0.0004949684953317046
Epoch 412 Relative Error 0.0005093986401334405
Epoch 413 Relative Error 0.00043423939496278763
Epoch 414 Relative Error 0.00046640748041681945
Epoch 415 Relative Error 0.0006612432189285755
Epoch 416 Relative Error 0.0005424419068731368
Epoch 417 Relative Error 0.0004691066569648683
Epoch 418 Relative Error 0.0005106044700369239
Epoch 419 Relative Error 0.00046299328096210957
Epoch 420 Relative Error 0.00039767607813701034
Epoch 421 Relative Error 0.0004290436627343297
Epoch 422 Relative Error 0.0004721691948361695
Epoch 423 Relative Error 0.0004100810911040753
Epoch 424 Relative Error 0.0004191013576928526
Epoch 425 Relative Error 0.00045877863885834813
Epoch 426 Relative Error 0.0004813933919649571
Epoch 427 Relative Error 0.0005859094089828432
Epoch 428 Relative Error 0.0004483240481931716
Epoch 429 Relative Error 0.0003778192331083119
Epoch 430 Relative Error 0.0004200878320261836
Epoch 431 Relative Error 0.00046930278767831624
Epoch 432 Relative Error 0.00035341735929250717
Epoch 433 Relative Error 0.00036652531707659364
Epoch 434 Relative Error 0.0003849161439575255
Epoch 435 Relative Error 0.0004420484183356166
Epoch 436 Relative Error 0.0005684010102413595
Epoch 437 Relative Error 0.000436850794358179
Epoch 438 Relative Error 0.0004014364385511726
Epoch 439 Relative Error 0.0004175002686679363
Epoch 440 Relative Error 0.0002947059692814946
Epoch 441 Relative Error 0.0003686881682369858
Epoch 442 Relative Error 0.00036904559237882495
Epoch 443 Relative Error 0.0003932539839297533
Epoch 444 Relative Error 0.00032181612914428115
Epoch 445 Relative Error 0.00038264505565166473
Epoch 446 Relative Error 0.00037382822483778
Epoch 447 Relative Error 0.00045747836702503264
Epoch 448 Relative Error 0.0004623355926014483
Epoch 449 Relative Error 0.0003891118976753205
Epoch 450 Relative Error 0.000379520992282778
Epoch 451 Relative Error 0.00041862705256789923
Epoch 452 Relative Error 0.00040989098488353193
Epoch 453 Relative Error 0.0003804567386396229
Epoch 454 Relative Error 0.00033035434898920357
Epoch 455 Relative Error 0.00037539968616329134
Epoch 456 Relative Error 0.00033444457221776247
Epoch 457 Relative Error 0.0003641353687271476
Epoch 458 Relative Error 0.00046639706124551594
Epoch 459 Relative Error 0.00040099365287460387
Epoch 460 Relative Error 0.0005177270504646003
Epoch 461 Relative Error 0.00042043544817715883
Epoch 462 Relative Error 0.00044809008250012994
Epoch 463 Relative Error 0.00038875543395988643
Epoch 464 Relative Error 0.00034265549038536847
Epoch 465 Relative Error 0.0003269712324254215
Epoch 466 Relative Error 0.0003699653025250882
Epoch 467 Relative Error 0.00031550470157526433
Epoch 468 Relative Error 0.00036245695082470775
Epoch 469 Relative Error 0.0003684063849505037
Epoch 470 Relative Error 0.00039070108323358
Epoch 471 Relative Error 0.00038219886482693255
Epoch 472 Relative Error 0.00045673761633224785
Epoch 473 Relative Error 0.00046967764501459897
Epoch 474 Relative Error 0.0005073178908787668
Epoch 475 Relative Error 0.00046672337339259684
Epoch 476 Relative Error 0.0004523237294051796
Epoch 477 Relative Error 0.00045796018093824387
Epoch 478 Relative Error 0.00043245338019914925
Epoch 479 Relative Error 0.0005030768807046115
Epoch 480 Relative Error 0.0005294162547215819
Epoch 481 Relative Error 0.0005666898214258254
Epoch 482 Relative Error 0.0006641300278715789
Epoch 483 Relative Error 0.0006946975481696427
Epoch 484 Relative Error 0.0005254661082290113
Epoch 485 Relative Error 0.0005231765098869801
Epoch 486 Relative Error 0.0004875469603575766
Epoch 487 Relative Error 0.0004576791834551841
Epoch 488 Relative Error 0.0005872655310668051
Epoch 489 Relative Error 0.00043252549949102104
Epoch 490 Relative Error 0.0005242163897491992
Epoch 491 Relative Error 0.0004554469196591526
Epoch 492 Relative Error 0.00045679594040848315
Epoch 493 Relative Error 0.00039101162110455334
Epoch 494 Relative Error 0.0005052572232671082
Epoch 495 Relative Error 0.0004669547488447279
Epoch 496 Relative Error 0.0004449870903044939
Epoch 497 Relative Error 0.0004058268968947232
Epoch 498 Relative Error 0.00037135076127015054
Epoch 499 Relative Error 0.00039818364894017577
Epoch 500 Relative Error 0.0004466969985514879
Epoch 501 Relative Error 0.0004051016876474023
Epoch 502 Relative Error 0.0004921156796626747
Epoch 503 Relative Error 0.00046854597167111933
Epoch 504 Relative Error 0.00048407173017039895
Epoch 505 Relative Error 0.0005452752229757607
Epoch 506 Relative Error 0.0006130730034783483
Epoch 507 Relative Error 0.000584297114983201
Epoch 508 Relative Error 0.0005358627531677485
Epoch 509 Relative Error 0.0005446266150102019
Epoch 510 Relative Error 0.00047881543287076056
Epoch 511 Relative Error 0.0005239252932369709
Epoch 512 Relative Error 0.0004533673927653581
Epoch 513 Relative Error 0.0003909635415766388
Epoch 514 Relative Error 0.00041177321691066027
Epoch 515 Relative Error 0.00035415159072726965
Epoch 516 Relative Error 0.00040861451998353004
Epoch 517 Relative Error 0.00046286662109196186
Epoch 518 Relative Error 0.0006040794542059302
Epoch 519 Relative Error 0.0004986145067960024
Epoch 520 Relative Error 0.0004605318245012313
Epoch 521 Relative Error 0.0005410630838014185
Epoch 522 Relative Error 0.0004985924460925162
Epoch 523 Relative Error 0.000394934177165851
Epoch 524 Relative Error 0.00037993447040207684
Epoch 525 Relative Error 0.0003786048328038305
Epoch 526 Relative Error 0.00034950950066559017
Epoch 527 Relative Error 0.00039611986721865833
Epoch 528 Relative Error 0.00046130685950629413
Epoch 529 Relative Error 0.0004298011481296271
Epoch 530 Relative Error 0.0003342459676787257
Epoch 531 Relative Error 0.00034254512866027653
Epoch 532 Relative Error 0.0003531539405230433
Epoch 533 Relative Error 0.0004074422759003937
Epoch 534 Relative Error 0.00043033467954955995
Epoch 535 Relative Error 0.0004632730269804597
Epoch 536 Relative Error 0.0004594478232320398
Epoch 537 Relative Error 0.00048787984997034073
Epoch 538 Relative Error 0.00043614787864498794
Epoch 539 Relative Error 0.0004827978555113077
Epoch 540 Relative Error 0.0004537072090897709
Epoch 541 Relative Error 0.000466052268166095
Epoch 542 Relative Error 0.0004671791975852102
Epoch 543 Relative Error 0.000441528856754303
Epoch 544 Relative Error 0.000380223267711699
Epoch 545 Relative Error 0.0005296639865264297
Epoch 546 Relative Error 0.00038518820656463504
Epoch 547 Relative Error 0.00037977457395754755
Epoch 548 Relative Error 0.0003777477832045406
Epoch 549 Relative Error 0.0004753431130666286
Epoch 550 Relative Error 0.0004321749147493392
Epoch 551 Relative Error 0.00040968117536976933
Epoch 552 Relative Error 0.0003977890301030129
Epoch 553 Relative Error 0.00038913782918825746
Epoch 554 Relative Error 0.00037379315472207963
Epoch 555 Relative Error 0.0004632962227333337
Epoch 556 Relative Error 0.0004534595354925841
Epoch 557 Relative Error 0.00040055805584415793
Epoch 558 Relative Error 0.000494442239869386
Epoch 559 Relative Error 0.00036375809577293694
Epoch 560 Relative Error 0.00039999454747885466
Epoch 561 Relative Error 0.00039490440394729376
Epoch 562 Relative Error 0.0003816504031419754
Epoch 563 Relative Error 0.00045793477329425514
Epoch 564 Relative Error 0.0003639667120296508
Epoch 565 Relative Error 0.0004142790858168155
Epoch 566 Relative Error 0.00040126839303411543
Epoch 567 Relative Error 0.00047361006727442145
Epoch 568 Relative Error 0.00041451456490904093
Epoch 569 Relative Error 0.00041861270437948406
Epoch 570 Relative Error 0.00040642358362674713
Epoch 571 Relative Error 0.0003588198742363602
Epoch 572 Relative Error 0.00032743788324296474
Epoch 573 Relative Error 0.0002939517726190388
Epoch 574 Relative Error 0.0003555011353455484
Epoch 575 Relative Error 0.0004030507116112858
Epoch 576 Relative Error 0.00035280550946481526
Epoch 577 Relative Error 0.0003758948587346822
Epoch 578 Relative Error 0.00044158296077512205
Epoch 579 Relative Error 0.00037004874320700765
Epoch 580 Relative Error 0.0003773244970943779
Epoch 581 Relative Error 0.00037786952452734113
Epoch 582 Relative Error 0.0004252727667335421
Epoch 583 Relative Error 0.00046695873606950045
Epoch 584 Relative Error 0.00046461113379336894
Epoch 585 Relative Error 0.00041684467578306794
Epoch 586 Relative Error 0.00045848824083805084
Epoch 587 Relative Error 0.00040152663132175803
Epoch 588 Relative Error 0.0004117011558264494
Epoch 589 Relative Error 0.00041186370071955025
Epoch 590 Relative Error 0.00043599086347967386
Epoch 591 Relative Error 0.0004938741330988705
Epoch 592 Relative Error 0.00035851425491273403
Epoch 593 Relative Error 0.00045808288268744946
Epoch 594 Relative Error 0.0005698064342141151
Epoch 595 Relative Error 0.0003641909279394895
Epoch 596 Relative Error 0.0003682427341118455
Epoch 597 Relative Error 0.0003915522829629481
Epoch 598 Relative Error 0.0005321620847098529
Epoch 599 Relative Error 0.0004962587845511734
Epoch 600 Relative Error 0.00045429746387526393
Epoch 601 Relative Error 0.0003766210575122386
Epoch 602 Relative Error 0.0004164046549703926
Epoch 603 Relative Error 0.0004106213164050132
Epoch 604 Relative Error 0.0003627093101385981
Epoch 605 Relative Error 0.0004450696287676692
Epoch 606 Relative Error 0.0004337896825745702
Epoch 607 Relative Error 0.0004072711744811386
Epoch 608 Relative Error 0.0004643526626750827
Epoch 609 Relative Error 0.000437989248894155
Epoch 610 Relative Error 0.0006156436284072697
Epoch 611 Relative Error 0.0004553941253107041
Epoch 612 Relative Error 0.00044213165529072285
Epoch 613 Relative Error 0.0004824640054721385
Epoch 614 Relative Error 0.00044401612831279635
Epoch 615 Relative Error 0.0004745511687360704
Epoch 616 Relative Error 0.0005392510211095214
Epoch 617 Relative Error 0.0004714268143288791
Epoch 618 Relative Error 0.0004692662332672626
Epoch 619 Relative Error 0.0004450172127690166
Epoch 620 Relative Error 0.0004429487744346261
Epoch 621 Relative Error 0.0004704245657194406
Epoch 622 Relative Error 0.00042424353887327015
Epoch 623 Relative Error 0.00044884049566462636
Epoch 624 Relative Error 0.0004787673824466765
Epoch 625 Relative Error 0.0004130559682380408
Epoch 626 Relative Error 0.000455379398772493
Epoch 627 Relative Error 0.00047140358947217464
Epoch 628 Relative Error 0.0005110070342198014
Epoch 629 Relative Error 0.0004945868859067559
Epoch 630 Relative Error 0.0005864922422915697
Epoch 631 Relative Error 0.0005258206510916352
Epoch 632 Relative Error 0.00043002518941648304
Epoch 633 Relative Error 0.00044176203664392233
Epoch 634 Relative Error 0.000503051036503166
Epoch 635 Relative Error 0.0004559095250442624
Epoch 636 Relative Error 0.000417278177337721
Epoch 637 Relative Error 0.00042741504148580134
Epoch 638 Relative Error 0.0005164251779206097
Epoch 639 Relative Error 0.00045809682342223823
Epoch 640 Relative Error 0.0004407568194437772
Epoch 641 Relative Error 0.0005806837580166757
Epoch 642 Relative Error 0.0005420285160653293
Epoch 643 Relative Error 0.0005631048697978258
Epoch 644 Relative Error 0.00047933319001458585
Epoch 645 Relative Error 0.0004830688994843513
Epoch 646 Relative Error 0.0004452925641089678
Epoch 647 Relative Error 0.0004037854669149965
Epoch 648 Relative Error 0.0005264146020635962
Epoch 649 Relative Error 0.0005209382507018745
Epoch 650 Relative Error 0.0004976990749128163
Epoch 651 Relative Error 0.00042208796367049217
Epoch 652 Relative Error 0.000502157025039196
Epoch 653 Relative Error 0.00046406793990172446
Epoch 654 Relative Error 0.00045936842798255384
Epoch 655 Relative Error 0.0005490694311447442
Epoch 656 Relative Error 0.0005049727624282241
Epoch 657 Relative Error 0.0005535274394787848
Epoch 658 Relative Error 0.00045848070294596255
Epoch 659 Relative Error 0.00046284025302156806
Epoch 660 Relative Error 0.0004818867892026901
Epoch 661 Relative Error 0.0004524322575889528
Epoch 662 Relative Error 0.0005410535959526896
Epoch 663 Relative Error 0.0005281319608911872
Epoch 664 Relative Error 0.0006741740508005023
Epoch 665 Relative Error 0.000531274126842618
Epoch 666 Relative Error 0.0005698635941371322
Epoch 667 Relative Error 0.0005749849951826036
Epoch 668 Relative Error 0.0005401513772085309
Epoch 669 Relative Error 0.0005504366126842797
Epoch 670 Relative Error 0.0005173019017092884
Epoch 671 Relative Error 0.000468237791210413
Epoch 672 Relative Error 0.0004907711991108954
Epoch 673 Relative Error 0.00046705291606485844
Epoch 674 Relative Error 0.00047180638648569584
Epoch 675 Relative Error 0.000630384951364249
Epoch 676 Relative Error 0.0005324766389094293
Epoch 677 Relative Error 0.0004835254803765565
Epoch 678 Relative Error 0.0005446269642561674
Epoch 679 Relative Error 0.0004791035898961127
Epoch 680 Relative Error 0.0004649209149647504
Epoch 681 Relative Error 0.00036454651854000986
Epoch 682 Relative Error 0.00040203670505434275
Epoch 683 Relative Error 0.00036412093322724104
Epoch 684 Relative Error 0.0003440410946495831
Epoch 685 Relative Error 0.00034661268000490963
Epoch 686 Relative Error 0.00043653661850839853
Epoch 687 Relative Error 0.00043103337520733476
Epoch 688 Relative Error 0.0005548271583393216
Epoch 689 Relative Error 0.0004472825676202774
Epoch 690 Relative Error 0.0005193187389522791
Epoch 691 Relative Error 0.0003973132697865367
Epoch 692 Relative Error 0.0004087799752596766
Epoch 693 Relative Error 0.0003445515758357942
Epoch 694 Relative Error 0.0002966366591863334
Epoch 695 Relative Error 0.0003381912247277796
Epoch 696 Relative Error 0.0005317156901583076
Epoch 697 Relative Error 0.0004036660538986325
Epoch 698 Relative Error 0.00045145233161747456
Epoch 699 Relative Error 0.00038742119795642793
Epoch 700 Relative Error 0.00039820102392695844
Epoch 701 Relative Error 0.0004531481536105275
Epoch 702 Relative Error 0.0005896178772673011
Epoch 703 Relative Error 0.0005749716656282544
Epoch 704 Relative Error 0.00043200375512242317
Epoch 705 Relative Error 0.0005041331169195473
Epoch 706 Relative Error 0.0004170325119048357
Epoch 707 Relative Error 0.000530612887814641
Epoch 708 Relative Error 0.0005587385967373848
Epoch 709 Relative Error 0.0004554618208203465
Epoch 710 Relative Error 0.0005123395822010934
Epoch 711 Relative Error 0.00037369487108662724
Epoch 712 Relative Error 0.0004359839076641947
Epoch 713 Relative Error 0.00043710132013075054
Epoch 714 Relative Error 0.0003970125981140882
Epoch 715 Relative Error 0.00034817197592929006
Epoch 716 Relative Error 0.00035547689185477793
Epoch 717 Relative Error 0.00033624531351961195
Epoch 718 Relative Error 0.0004951540613546968
Epoch 719 Relative Error 0.00038495598710142076
Epoch 720 Relative Error 0.0003704032569658011
Epoch 721 Relative Error 0.0004151676257606596
Epoch 722 Relative Error 0.0005059316754341125
Epoch 723 Relative Error 0.00047797837760299444
Epoch 724 Relative Error 0.00044419473852030933
Epoch 725 Relative Error 0.0005666072247549891
Epoch 726 Relative Error 0.0005517160752788186
Epoch 727 Relative Error 0.000554471043869853
Epoch 728 Relative Error 0.000532686011865735
Epoch 729 Relative Error 0.0004235607630107552
Epoch 730 Relative Error 0.0005185744375921786
Epoch 731 Relative Error 0.0004242929571773857
Epoch 732 Relative Error 0.0005020679673179984
Epoch 733 Relative Error 0.00046454480616375804
Epoch 734 Relative Error 0.0003433589299675077
Epoch 735 Relative Error 0.00042759699863381684
Epoch 736 Relative Error 0.00043642419041134417
Epoch 737 Relative Error 0.000346487999195233
Epoch 738 Relative Error 0.00036335858749225736
Epoch 739 Relative Error 0.00047162582632154226
Epoch 740 Relative Error 0.0004578311927616596
Epoch 741 Relative Error 0.0005079064867459238
Epoch 742 Relative Error 0.0004266782198101282
Epoch 743 Relative Error 0.00043182983063161373
Epoch 744 Relative Error 0.0004556409257929772
Epoch 745 Relative Error 0.00047203339636325836
Epoch 746 Relative Error 0.00041594740469008684
Epoch 747 Relative Error 0.0005127969780005515
Epoch 748 Relative Error 0.00040421404992230237
Epoch 749 Relative Error 0.00041006720857694745
Epoch 750 Relative Error 0.0004946340923197567
Epoch 751 Relative Error 0.00038235445390455425
Epoch 752 Relative Error 0.0003869812353514135
Epoch 753 Relative Error 0.00034754746593534946
Epoch 754 Relative Error 0.0003482887987047434
Epoch 755 Relative Error 0.0003615400055423379
Epoch 756 Relative Error 0.00041734843398444355
Epoch 757 Relative Error 0.0003877712588291615
Epoch 758 Relative Error 0.0004048779665026814
Epoch 759 Relative Error 0.0004560034431051463
Epoch 760 Relative Error 0.0003957329026889056
Epoch 761 Relative Error 0.0004371513787191361
Epoch 762 Relative Error 0.00041499416693113744
Epoch 763 Relative Error 0.0005283426726236939
Epoch 764 Relative Error 0.00044475539471022785
Epoch 765 Relative Error 0.0005238975281827152
Epoch 766 Relative Error 0.0005021546967327595
Epoch 767 Relative Error 0.0004931091098114848
Epoch 768 Relative Error 0.0005771790747530758
Epoch 769 Relative Error 0.00046091151307336986
Epoch 770 Relative Error 0.0004904888919554651
Epoch 771 Relative Error 0.0005258505116216838
Epoch 772 Relative Error 0.0005430780001915991
Epoch 773 Relative Error 0.0004502749943640083
Epoch 774 Relative Error 0.00041258989949710667
Epoch 775 Relative Error 0.0004140808596275747
Epoch 776 Relative Error 0.0004728892236016691
Epoch 777 Relative Error 0.00034766498720273376
Epoch 778 Relative Error 0.00041034622699953616
Epoch 779 Relative Error 0.00037604928365908563
Epoch 780 Relative Error 0.0003766079607885331
Epoch 781 Relative Error 0.0004053564334753901
Epoch 782 Relative Error 0.0003926029894500971
Epoch 783 Relative Error 0.00033225049264729023
Epoch 784 Relative Error 0.000329355476424098
Epoch 785 Relative Error 0.0003582195786293596
Epoch 786 Relative Error 0.000354515592334792
Epoch 787 Relative Error 0.0003993120335508138
Epoch 788 Relative Error 0.00038089643931016326
Epoch 789 Relative Error 0.00043113320134580135
Epoch 790 Relative Error 0.0004442135978024453
Epoch 791 Relative Error 0.00040601807995699346
Epoch 792 Relative Error 0.0005031150649301708
Epoch 793 Relative Error 0.00047212204663082957
Epoch 794 Relative Error 0.0004900235799141228
Epoch 795 Relative Error 0.00040060587343759835
Epoch 796 Relative Error 0.000417057191953063
Epoch 797 Relative Error 0.0003342414856888354
Epoch 798 Relative Error 0.0004920971114188433
Epoch 799 Relative Error 0.00043826294131577015
Epoch 800 Relative Error 0.0004175780632067472
Epoch 801 Relative Error 0.00039300991920754313
Epoch 802 Relative Error 0.0004222555144224316
Epoch 803 Relative Error 0.00048821099335327744
Epoch 804 Relative Error 0.00045472659985534847
Epoch 805 Relative Error 0.0004253574297763407
Epoch 806 Relative Error 0.0004561254463624209
Epoch 807 Relative Error 0.0005450215539894998
Epoch 808 Relative Error 0.00046524606295861304
Epoch 809 Relative Error 0.0004721060977317393
Epoch 810 Relative Error 0.00045574959949590266
Epoch 811 Relative Error 0.00038003307417966425
Epoch 812 Relative Error 0.0004430325934663415
Epoch 813 Relative Error 0.00038755929563194513
Epoch 814 Relative Error 0.0003867102204822004
Epoch 815 Relative Error 0.00035835817106999457
Epoch 816 Relative Error 0.0003533540584612638
Epoch 817 Relative Error 0.0004314538382459432
Epoch 818 Relative Error 0.00045686191879212856
Epoch 819 Relative Error 0.00043573015136644244
Epoch 820 Relative Error 0.00048557500122115016
Epoch 821 Relative Error 0.00044224082375876606
Epoch 822 Relative Error 0.000394517119275406
Epoch 823 Relative Error 0.00040012371027842164
Epoch 824 Relative Error 0.0004173156339675188
Epoch 825 Relative Error 0.00042618150473572314
Epoch 826 Relative Error 0.0004240899288561195
Epoch 827 Relative Error 0.00034503504866734147
Epoch 828 Relative Error 0.000337436591507867
Epoch 829 Relative Error 0.00038902528467588127
Epoch 830 Relative Error 0.0004468706902116537
Epoch 831 Relative Error 0.0004493828455451876
Epoch 832 Relative Error 0.00048319189227186143
Epoch 833 Relative Error 0.0006028676289133728
Epoch 834 Relative Error 0.00040321925189346075
Epoch 835 Relative Error 0.0005182957393117249
Epoch 836 Relative Error 0.00038105546263977885
Epoch 837 Relative Error 0.00043588975677266717
Epoch 838 Relative Error 0.00042484793812036514
Epoch 839 Relative Error 0.0003714566701091826
Epoch 840 Relative Error 0.0003860729921143502
Epoch 841 Relative Error 0.0004665834712795913
Epoch 842 Relative Error 0.0005077486857771873
Epoch 843 Relative Error 0.000495278974995017
Epoch 844 Relative Error 0.0005085830925963819
Epoch 845 Relative Error 0.0004161761316936463
Epoch 846 Relative Error 0.00058179278858006
Epoch 847 Relative Error 0.00044623753638006747
Epoch 848 Relative Error 0.00041878834599629045
Epoch 849 Relative Error 0.0004184096760582179
Epoch 850 Relative Error 0.00041251402581110597
Epoch 851 Relative Error 0.0003520822792779654
Epoch 852 Relative Error 0.00046088319504633546
Epoch 853 Relative Error 0.0004138199146836996
Epoch 854 Relative Error 0.00037763468571938574
Epoch 855 Relative Error 0.00036225395160727203
Epoch 856 Relative Error 0.00037730345502495766
Epoch 857 Relative Error 0.00035907357232645154
Epoch 858 Relative Error 0.00045055345981381834
Epoch 859 Relative Error 0.0005120112909935415
Epoch 860 Relative Error 0.0004754994297400117
Epoch 861 Relative Error 0.0004486642137635499
Epoch 862 Relative Error 0.0003878006536979228
Epoch 863 Relative Error 0.00044599123066291213
Epoch 864 Relative Error 0.0004107896238565445
Epoch 865 Relative Error 0.0004249548364896327
Epoch 866 Relative Error 0.00044980100938118994
Epoch 867 Relative Error 0.00039370107697322965
Epoch 868 Relative Error 0.0004046644316986203
Epoch 869 Relative Error 0.000374129565898329
Epoch 870 Relative Error 0.0003577569150365889
Epoch 871 Relative Error 0.0004036472528241575
Epoch 872 Relative Error 0.0003898180730175227
Epoch 873 Relative Error 0.0003199194325134158
Epoch 874 Relative Error 0.0003786796296481043
Epoch 875 Relative Error 0.0005251558031886816
Epoch 876 Relative Error 0.0004558223008643836
Epoch 877 Relative Error 0.00035810386179946363
Epoch 878 Relative Error 0.0003675439802464098
Epoch 879 Relative Error 0.0004016860038973391
Epoch 880 Relative Error 0.00041806287481449544
Epoch 881 Relative Error 0.0004006193485110998
Epoch 882 Relative Error 0.0003633919404819608
Epoch 883 Relative Error 0.00047086039558053017
Epoch 884 Relative Error 0.0004155669885221869
Epoch 885 Relative Error 0.0005252626142464578
Epoch 886 Relative Error 0.0003738199593499303
Epoch 887 Relative Error 0.0004159406526014209
Epoch 888 Relative Error 0.00032767458469606936
Epoch 889 Relative Error 0.0003891820670105517
Epoch 890 Relative Error 0.00040446309139952064
Epoch 891 Relative Error 0.0004006849485449493
Epoch 892 Relative Error 0.0004522609815467149
Epoch 893 Relative Error 0.00042497229878790677
Epoch 894 Relative Error 0.00044742724276147783
Epoch 895 Relative Error 0.00035636688699014485
Epoch 896 Relative Error 0.0004762402386404574
Epoch 897 Relative Error 0.00043207165435887873
Epoch 898 Relative Error 0.0004191050829831511
Epoch 899 Relative Error 0.0004047946131322533
Epoch 900 Relative Error 0.00047195926890708506
Epoch 901 Relative Error 0.0003966051444876939
Epoch 902 Relative Error 0.0003767891030292958
Epoch 903 Relative Error 0.0004225763841532171
Epoch 904 Relative Error 0.00039257158641703427
Epoch 905 Relative Error 0.0003633942687883973
Epoch 906 Relative Error 0.0004452118300832808
Epoch 907 Relative Error 0.0005427729338407516
Epoch 908 Relative Error 0.0005025644786655903
Epoch 909 Relative Error 0.0005004268023185432
Epoch 910 Relative Error 0.0005257994052954018
Epoch 911 Relative Error 0.00044123665429651737
Epoch 912 Relative Error 0.00036051805363968015
Epoch 913 Relative Error 0.0003912020765710622
Epoch 914 Relative Error 0.0003774935321416706
Epoch 915 Relative Error 0.0005536626558750868
Epoch 916 Relative Error 0.0005088168545626104
Epoch 917 Relative Error 0.0004456730093806982
Epoch 918 Relative Error 0.0005184590700082481
Epoch 919 Relative Error 0.0004002866626251489
Epoch 920 Relative Error 0.0004981725942343473
Epoch 921 Relative Error 0.0005285582737997174
Epoch 922 Relative Error 0.0006541738985106349
Epoch 923 Relative Error 0.0005591983208432794
Epoch 924 Relative Error 0.00047565126442350447
Epoch 925 Relative Error 0.0004143006808590144
Epoch 926 Relative Error 0.0004439120239112526
Epoch 927 Relative Error 0.0004472736327443272
Epoch 928 Relative Error 0.0004922777879983187
Epoch 929 Relative Error 0.0005219300510361791
Epoch 930 Relative Error 0.0005263583734631538
Epoch 931 Relative Error 0.0006869483040645719
Epoch 932 Relative Error 0.0005975106614641845
Epoch 933 Relative Error 0.0005548570770770311
Epoch 934 Relative Error 0.0004931212752126157
Epoch 935 Relative Error 0.0004675930249504745
Epoch 936 Relative Error 0.0004265701863914728
Epoch 937 Relative Error 0.00048410656745545566
Epoch 938 Relative Error 0.0005358594353310764
Epoch 939 Relative Error 0.0004964746767655015
Epoch 940 Relative Error 0.0005800366634503007
Epoch 941 Relative Error 0.0005679239984601736
Epoch 942 Relative Error 0.0004870699776802212
Epoch 943 Relative Error 0.0005031804903410375
Epoch 944 Relative Error 0.0006688798894174397
Epoch 945 Relative Error 0.0006935447454452515
Epoch 946 Relative Error 0.0005187329952605069
Epoch 947 Relative Error 0.0005203895852901042
Epoch 948 Relative Error 0.00043474993435665965
Epoch 949 Relative Error 0.0004213436914142221
Epoch 950 Relative Error 0.00042176590068265796
Epoch 951 Relative Error 0.00043613187153823674
Epoch 952 Relative Error 0.0003927226644009352
Epoch 953 Relative Error 0.0005242686020210385
Epoch 954 Relative Error 0.0005438698572106659
Epoch 955 Relative Error 0.0004655002849176526
Epoch 956 Relative Error 0.0004752224194817245
Epoch 957 Relative Error 0.0005114625091664493
Epoch 958 Relative Error 0.0005313938017934561
Epoch 959 Relative Error 0.0006383920554071665
Epoch 960 Relative Error 0.0005592279485426843
Epoch 961 Relative Error 0.0005125237512402236
Epoch 962 Relative Error 0.0005154100363142788
Epoch 963 Relative Error 0.0005549470661208034
Epoch 964 Relative Error 0.00047906910185702145
Epoch 965 Relative Error 0.0005349874263629317
Epoch 966 Relative Error 0.0004658831167034805
Epoch 967 Relative Error 0.0004220308328513056
Epoch 968 Relative Error 0.00042799796210601926
Epoch 969 Relative Error 0.0004693057853728533
Epoch 970 Relative Error 0.0003928861697204411
Epoch 971 Relative Error 0.0003657744382508099
Epoch 972 Relative Error 0.00036961029400117695
Epoch 973 Relative Error 0.00034106551902368665
Epoch 974 Relative Error 0.00038629467599093914
Epoch 975 Relative Error 0.00039673299761489034
Epoch 976 Relative Error 0.0003918828733731061
Epoch 977 Relative Error 0.0004122788377571851
Epoch 978 Relative Error 0.0005010988097637892
Epoch 979 Relative Error 0.0003735212958417833
Epoch 980 Relative Error 0.00038664942258037627
Epoch 981 Relative Error 0.0004121027304790914
Epoch 982 Relative Error 0.00032964066485874355
Epoch 983 Relative Error 0.0004386149812489748
Epoch 984 Relative Error 0.0004200405383016914
Epoch 985 Relative Error 0.00044236110989004374
Epoch 986 Relative Error 0.00038599406252615154
Epoch 987 Relative Error 0.0005392128950916231
Epoch 988 Relative Error 0.0004159632371738553
Epoch 989 Relative Error 0.0004078504571225494
Epoch 990 Relative Error 0.0004532680904958397
Epoch 991 Relative Error 0.0005064015276730061
Epoch 992 Relative Error 0.0004429795080795884
Epoch 993 Relative Error 0.0004128110595047474
Epoch 994 Relative Error 0.000409992499044165
Epoch 995 Relative Error 0.0004928816924802959
Epoch 996 Relative Error 0.00046938619925640523
Epoch 997 Relative Error 0.0004298939020372927
Epoch 998 Relative Error 0.0005130070494487882
Epoch 999 Relative Error 0.0004781150782946497
Epoch 1000 Relative Error 0.0005432965699583292
RE (3, 5, 5, 0): 0.0002900070685427636
Green's Function RE (3, 5, 5, 0): 0.3500961363315582
Bias Term RE (3, 5, 5, 0): 0.25554347038269043
Combination (3, 5, 5, 0, 0): 0.3346598446369171
Combination (3, 5, 5, 0, 1): 0.33490675687789917
Combination (3, 5, 5, 0, 2): 0.335001677274704
Combination (3, 5, 5, 0, 3): 0.33503255248069763
Combination (3, 5, 5, 0, 4): 0.3350473940372467

/home/gridsan/gstepaniants/.local/lib/python3.8/site-packages/torch/functional.py:478: UserWarning: torch.meshgrid: in an upcoming release, it will be required to pass the indexing argument. (Triggered internally at  ../aten/src/ATen/native/TensorShape.cpp:2895.)
  return _VF.meshgrid(tensors, **kwargs)  # type: ignore[attr-defined]
