[KeOps] Warning : Cuda libraries were not detected on the system ; using cpu only mode
1
Kernel: Matern3/2
Weight Mesh: 50
RKHS Kernel Width: 0.001
Lambda: 1e-06
Green's Function Learning Rate: 100
Bias Term Learning Rate: 100
Epoch 1 Relative Error 824.7626342773438
First epoch had re = 824.7626342773438 > 1
Green's Function Learning Rate: 50
Bias Term Learning Rate: 50
Epoch 1 Relative Error 433.43701171875
First epoch had re = 433.43701171875 > 1
Green's Function Learning Rate: 10
Bias Term Learning Rate: 10
Epoch 1 Relative Error 73.96419525146484
First epoch had re = 73.96419525146484 > 1
Green's Function Learning Rate: 5
Bias Term Learning Rate: 5
Epoch 1 Relative Error 36.984737396240234
First epoch had re = 36.984737396240234 > 1
Green's Function Learning Rate: 1
Bias Term Learning Rate: 1
Epoch 1 Relative Error 6.625988960266113
First epoch had re = 6.625988960266113 > 1
Green's Function Learning Rate: 0.5
Bias Term Learning Rate: 0.5
Epoch 1 Relative Error 3.133007049560547
First epoch had re = 3.133007049560547 > 1
Green's Function Learning Rate: 0.1
Bias Term Learning Rate: 0.1
Epoch 1 Relative Error 0.9028661847114563
Epoch 2 Relative Error 0.6188399791717529
Epoch 3 Relative Error 0.537690281867981
Epoch 4 Relative Error 0.4706338942050934
Epoch 5 Relative Error 0.33232805132865906
Epoch 6 Relative Error 0.2893710434436798
Epoch 7 Relative Error 0.22747451066970825
Epoch 8 Relative Error 0.1629001498222351
Epoch 9 Relative Error 0.14514194428920746
Epoch 10 Relative Error 0.12077072262763977
Epoch 11 Relative Error 0.10425502806901932
Epoch 12 Relative Error 0.07544989138841629
Epoch 13 Relative Error 0.06276009976863861
Epoch 14 Relative Error 0.059282463043928146
Epoch 15 Relative Error 0.04736921936273575
Epoch 16 Relative Error 0.034417495131492615
Epoch 17 Relative Error 0.028198113664984703
Epoch 18 Relative Error 0.02353111281991005
Epoch 19 Relative Error 0.021301230415701866
Epoch 20 Relative Error 0.017172707244753838
Epoch 21 Relative Error 0.013311165384948254
Epoch 22 Relative Error 0.011522471904754639
Epoch 23 Relative Error 0.009791704826056957
Epoch 24 Relative Error 0.007758724968880415
Epoch 25 Relative Error 0.006241729948669672
Epoch 26 Relative Error 0.005056224763393402
Epoch 27 Relative Error 0.004617973696440458
Epoch 28 Relative Error 0.0038666969630867243
Epoch 29 Relative Error 0.003336388850584626
Epoch 30 Relative Error 0.0030136844143271446
Epoch 31 Relative Error 0.002545102033764124
Epoch 32 Relative Error 0.0022657911758869886
Epoch 33 Relative Error 0.0018626083619892597
Epoch 34 Relative Error 0.0018188521498814225
Epoch 35 Relative Error 0.0017258436419069767
Epoch 36 Relative Error 0.0015826452290639281
Epoch 37 Relative Error 0.0015035612741485238
Epoch 38 Relative Error 0.0014173976378515363
Epoch 39 Relative Error 0.0013772356323897839
Epoch 40 Relative Error 0.0012858302798122168
Epoch 41 Relative Error 0.0012213295558467507
Epoch 42 Relative Error 0.0012278613867238164
Epoch 43 Relative Error 0.0011842938838526607
Epoch 44 Relative Error 0.0011400517541915178
Epoch 45 Relative Error 0.0011271699331700802
Epoch 46 Relative Error 0.0011426450219005346
Epoch 47 Relative Error 0.0011215039994567633
Epoch 48 Relative Error 0.0011871954193338752
Epoch 49 Relative Error 0.0011058530071750283
Epoch 50 Relative Error 0.0011309311958029866
Epoch 51 Relative Error 0.0010329668875783682
Epoch 52 Relative Error 0.0010145921260118484
Epoch 53 Relative Error 0.0011082232231274247
Epoch 54 Relative Error 0.0009969734819605947
Epoch 55 Relative Error 0.000997284660115838
Epoch 56 Relative Error 0.0009720700909383595
Epoch 57 Relative Error 0.0009652840089984238
Epoch 58 Relative Error 0.0009750644094310701
Epoch 59 Relative Error 0.0009487743373028934
Epoch 60 Relative Error 0.0008844947442412376
Epoch 61 Relative Error 0.0009233118616975844
Epoch 62 Relative Error 0.0008909336756914854
Epoch 63 Relative Error 0.000880210311152041
Epoch 64 Relative Error 0.000874352699611336
Epoch 65 Relative Error 0.000862328743096441
Epoch 66 Relative Error 0.0008395241457037628
Epoch 67 Relative Error 0.0008576856344006956
Epoch 68 Relative Error 0.0008418491343036294
Epoch 69 Relative Error 0.0008806483820080757
Epoch 70 Relative Error 0.0008470933535136282
Epoch 71 Relative Error 0.0008240067400038242
Epoch 72 Relative Error 0.0007933933520689607
Epoch 73 Relative Error 0.0008002488757483661
Epoch 74 Relative Error 0.0008514324435964227
Epoch 75 Relative Error 0.0008258739253506064
Epoch 76 Relative Error 0.000781408220063895
Epoch 77 Relative Error 0.0007730986108072102
Epoch 78 Relative Error 0.0007718380074948072
Epoch 79 Relative Error 0.0007853353163227439
Epoch 80 Relative Error 0.0007694721571169794
Epoch 81 Relative Error 0.0007337920251302421
Epoch 82 Relative Error 0.0007399260648526251
Epoch 83 Relative Error 0.0007276944816112518
Epoch 84 Relative Error 0.0007400261238217354
Epoch 85 Relative Error 0.000745411089155823
Epoch 86 Relative Error 0.0006994339055381715
Epoch 87 Relative Error 0.0007264125160872936
Epoch 88 Relative Error 0.0007410750258713961
Epoch 89 Relative Error 0.0007215981604531407
Epoch 90 Relative Error 0.0007443468784913421
Epoch 91 Relative Error 0.0006940566236153245
Epoch 92 Relative Error 0.0007151090539991856
Epoch 93 Relative Error 0.0006838850677013397
Epoch 94 Relative Error 0.0007070877472870052
Epoch 95 Relative Error 0.000703457451891154
Epoch 96 Relative Error 0.0006556258304044604
Epoch 97 Relative Error 0.00065627321600914
Epoch 98 Relative Error 0.0006574918515980244
Epoch 99 Relative Error 0.000589040806517005
Epoch 100 Relative Error 0.0006272033206187189
Epoch 101 Relative Error 0.0006730320164933801
Epoch 102 Relative Error 0.000616581819485873
Epoch 103 Relative Error 0.0006266452255658805
Epoch 104 Relative Error 0.0006182538345456123
Epoch 105 Relative Error 0.0006112255505286157
Epoch 106 Relative Error 0.0006092503317631781
Epoch 107 Relative Error 0.0005920965922996402
Epoch 108 Relative Error 0.0006278572836890817
Epoch 109 Relative Error 0.0005746264359913766
Epoch 110 Relative Error 0.0005596827832050622
Epoch 111 Relative Error 0.0006250194273889065
Epoch 112 Relative Error 0.0005382620147429407
Epoch 113 Relative Error 0.0005874955095350742
Epoch 114 Relative Error 0.0005695997970178723
Epoch 115 Relative Error 0.0005660386523231864
Epoch 116 Relative Error 0.0005963019793853164
Epoch 117 Relative Error 0.00054409250151366
Epoch 118 Relative Error 0.0004989010631106794
Epoch 119 Relative Error 0.0005345182726159692
Epoch 120 Relative Error 0.0005233497358858585
Epoch 121 Relative Error 0.0005116469692438841
Epoch 122 Relative Error 0.0005195729318074882
Epoch 123 Relative Error 0.0005506767774932086
Epoch 124 Relative Error 0.000535841565579176
Epoch 125 Relative Error 0.0005043342825956643
Epoch 126 Relative Error 0.0005432982579804957
Epoch 127 Relative Error 0.0005453730700537562
Epoch 128 Relative Error 0.000550044933333993
Epoch 129 Relative Error 0.0005110030178911984
Epoch 130 Relative Error 0.0005384146934375167
Epoch 131 Relative Error 0.0005102877039462328
Epoch 132 Relative Error 0.0005071148043498397
Epoch 133 Relative Error 0.0005581044242717326
Epoch 134 Relative Error 0.0005281277699396014
Epoch 135 Relative Error 0.0005053341737948358
Epoch 136 Relative Error 0.0004876798775512725
Epoch 137 Relative Error 0.000526006449945271
Epoch 138 Relative Error 0.0004461308417376131
Epoch 139 Relative Error 0.0004951889859512448
Epoch 140 Relative Error 0.0005298040923662484
Epoch 141 Relative Error 0.0005209151422604918
Epoch 142 Relative Error 0.00047354790149256587
Epoch 143 Relative Error 0.00046905537601560354
Epoch 144 Relative Error 0.0005231435061432421
Epoch 145 Relative Error 0.00046458939323201776
Epoch 146 Relative Error 0.0005299242911860347
Epoch 147 Relative Error 0.0005057136295363307
Epoch 148 Relative Error 0.0005010274471715093
Epoch 149 Relative Error 0.00046892682439647615
Epoch 150 Relative Error 0.0005184008623473346
Epoch 151 Relative Error 0.0004986682906746864
Epoch 152 Relative Error 0.0005272567505016923
Epoch 153 Relative Error 0.00047854159492999315
Epoch 154 Relative Error 0.0004659009864553809
Epoch 155 Relative Error 0.00041190802585333586
Epoch 156 Relative Error 0.0004477288748603314
Epoch 157 Relative Error 0.0004879480693489313
Epoch 158 Relative Error 0.00046448156354017556
Epoch 159 Relative Error 0.0005133622325956821
Epoch 160 Relative Error 0.0004686810716520995
Epoch 161 Relative Error 0.0004624194698408246
Epoch 162 Relative Error 0.0004524840915109962
Epoch 163 Relative Error 0.0004830622347071767
Epoch 164 Relative Error 0.00046069963718764484
Epoch 165 Relative Error 0.0004692665534093976
Epoch 166 Relative Error 0.0004616822407115251
Epoch 167 Relative Error 0.0004459157644305378
Epoch 168 Relative Error 0.00047492259182035923
Epoch 169 Relative Error 0.0004910893039777875
Epoch 170 Relative Error 0.0004478601913433522
Epoch 171 Relative Error 0.0004491704748943448
Epoch 172 Relative Error 0.0004893630393780768
Epoch 173 Relative Error 0.0004200926632620394
Epoch 174 Relative Error 0.0004839532484766096
Epoch 175 Relative Error 0.0005230809911154211
Epoch 176 Relative Error 0.0005210933741182089
Epoch 177 Relative Error 0.00046965383808128536
Epoch 178 Relative Error 0.000496367400046438
Epoch 179 Relative Error 0.0004592006735038012
Epoch 180 Relative Error 0.00039847116568125784
Epoch 181 Relative Error 0.0004230594204273075
Epoch 182 Relative Error 0.0003965695505030453
Epoch 183 Relative Error 0.00042020753608085215
Epoch 184 Relative Error 0.0003889186482410878
Epoch 185 Relative Error 0.0004050056741107255
Epoch 186 Relative Error 0.00042053902870975435
Epoch 187 Relative Error 0.00041703740134835243
Epoch 188 Relative Error 0.00045473792124539614
Epoch 189 Relative Error 0.00045289797708392143
Epoch 190 Relative Error 0.00040428651846013963
Epoch 191 Relative Error 0.00039108344935812056
Epoch 192 Relative Error 0.0004275725223124027
Epoch 193 Relative Error 0.0003995562728960067
Epoch 194 Relative Error 0.00042573167593218386
Epoch 195 Relative Error 0.0005461029359139502
Epoch 196 Relative Error 0.00036705652019008994
Epoch 197 Relative Error 0.00039021114935167134
Epoch 198 Relative Error 0.0004207564052194357
Epoch 199 Relative Error 0.0004524452961049974
Epoch 200 Relative Error 0.00042201505857519805
Epoch 201 Relative Error 0.0004369172966107726
Epoch 202 Relative Error 0.0004139241063967347
Epoch 203 Relative Error 0.00043105307850055397
Epoch 204 Relative Error 0.0004426545347087085
Epoch 205 Relative Error 0.00041650209459476173
Epoch 206 Relative Error 0.00046405178727582097
Epoch 207 Relative Error 0.00039513345109298825
Epoch 208 Relative Error 0.00034664091072045267
Epoch 209 Relative Error 0.00041532283648848534
Epoch 210 Relative Error 0.00036372075555846095
Epoch 211 Relative Error 0.00035727076465263963
Epoch 212 Relative Error 0.0003746765141841024
Epoch 213 Relative Error 0.00037441853783093393
Epoch 214 Relative Error 0.00040447464562021196
Epoch 215 Relative Error 0.00037116804742254317
Epoch 216 Relative Error 0.00043616537004709244
Epoch 217 Relative Error 0.0004691320355050266
Epoch 218 Relative Error 0.0005019802483730018
Epoch 219 Relative Error 0.000431197666330263
Epoch 220 Relative Error 0.000365882326150313
Epoch 221 Relative Error 0.000388385757105425
Epoch 222 Relative Error 0.0004024575464427471
Epoch 223 Relative Error 0.00040211566374637187
Epoch 224 Relative Error 0.00042985560139641166
Epoch 225 Relative Error 0.00043456064304336905
Epoch 226 Relative Error 0.00038302678149193525
Epoch 227 Relative Error 0.0004064269014634192
Epoch 228 Relative Error 0.00040967570384964347
Epoch 229 Relative Error 0.00036553843528963625
Epoch 230 Relative Error 0.0003572297573555261
Epoch 231 Relative Error 0.0003532686969265342
Epoch 232 Relative Error 0.0004496976325754076
Epoch 233 Relative Error 0.00039634143467992544
Epoch 234 Relative Error 0.0003823417646344751
Epoch 235 Relative Error 0.0003758476523216814
Epoch 236 Relative Error 0.000383755803341046
Epoch 237 Relative Error 0.000550703436601907
Epoch 238 Relative Error 0.0004537507484201342
Epoch 239 Relative Error 0.0003993474820163101
Epoch 240 Relative Error 0.0004028773691970855
Epoch 241 Relative Error 0.00039637283771298826
Epoch 242 Relative Error 0.00037976165185682476
Epoch 243 Relative Error 0.00040745254955254495
Epoch 244 Relative Error 0.00038944664993323386
Epoch 245 Relative Error 0.00041506049456074834
Epoch 246 Relative Error 0.00048650684766471386
Epoch 247 Relative Error 0.00042028474854305387
Epoch 248 Relative Error 0.0003940059687010944
Epoch 249 Relative Error 0.0004116632917430252
Epoch 250 Relative Error 0.0003451520169619471
Epoch 251 Relative Error 0.0003713535552378744
Epoch 252 Relative Error 0.00038351950934156775
Epoch 253 Relative Error 0.0004152649489697069
Epoch 254 Relative Error 0.0005955509259365499
Epoch 255 Relative Error 0.000534499587956816
Epoch 256 Relative Error 0.0004434639704413712
Epoch 257 Relative Error 0.0005069510079920292
Epoch 258 Relative Error 0.0005001467652618885
Epoch 259 Relative Error 0.0004220911650918424
Epoch 260 Relative Error 0.00036722913500852883
Epoch 261 Relative Error 0.0003548524109646678
Epoch 262 Relative Error 0.0003913074324373156
Epoch 263 Relative Error 0.0003871240187436342
Epoch 264 Relative Error 0.00039866517181508243
Epoch 265 Relative Error 0.000382573576644063
Epoch 266 Relative Error 0.00034733396023511887
Epoch 267 Relative Error 0.0004047297697979957
Epoch 268 Relative Error 0.0003989104297943413
Epoch 269 Relative Error 0.00036615587305277586
Epoch 270 Relative Error 0.0003503644256852567
Epoch 271 Relative Error 0.0003146209637634456
Epoch 272 Relative Error 0.000336703029461205
Epoch 273 Relative Error 0.00032340557663701475
Epoch 274 Relative Error 0.0003758184611797333
Epoch 275 Relative Error 0.0003722556575667113
Epoch 276 Relative Error 0.00036738647031597793
Epoch 277 Relative Error 0.0003835189272649586
Epoch 278 Relative Error 0.0004121261299587786
Epoch 279 Relative Error 0.0004162875411566347
Epoch 280 Relative Error 0.00035485249827615917
Epoch 281 Relative Error 0.0003395660896785557
Epoch 282 Relative Error 0.0003623015945777297
Epoch 283 Relative Error 0.00039041510899551213
Epoch 284 Relative Error 0.0004032396827824414
Epoch 285 Relative Error 0.0003835913084913045
Epoch 286 Relative Error 0.0003680746303871274
Epoch 287 Relative Error 0.0004109988221898675
Epoch 288 Relative Error 0.0004021884233225137
Epoch 289 Relative Error 0.00040037804865278304
Epoch 290 Relative Error 0.0004304208268877119
Epoch 291 Relative Error 0.00042249643593095243
Epoch 292 Relative Error 0.00040830319630913436
Epoch 293 Relative Error 0.0004068822308909148
Epoch 294 Relative Error 0.000400566088501364
Epoch 295 Relative Error 0.00043170651770196855
Epoch 296 Relative Error 0.00040168577106669545
Epoch 297 Relative Error 0.00041201795102097094
Epoch 298 Relative Error 0.00039418271626345813
Epoch 299 Relative Error 0.00042071231291629374
Epoch 300 Relative Error 0.00038978620432317257
Epoch 301 Relative Error 0.0003598602197598666
Epoch 302 Relative Error 0.0003750432806555182
Epoch 303 Relative Error 0.00040690097375772893
Epoch 304 Relative Error 0.0004421431804075837
Epoch 305 Relative Error 0.00044360701576806605
Epoch 306 Relative Error 0.0004421102930791676
Epoch 307 Relative Error 0.0004217153473291546
Epoch 308 Relative Error 0.00043389442726038396
Epoch 309 Relative Error 0.00040516434819437563
Epoch 310 Relative Error 0.0004139835073146969
Epoch 311 Relative Error 0.00039314039167948067
Epoch 312 Relative Error 0.00037689603050239384
Epoch 313 Relative Error 0.0004054128366988152
Epoch 314 Relative Error 0.0005111705977469683
Epoch 315 Relative Error 0.0005000201053917408
Epoch 316 Relative Error 0.0004179158713668585
Epoch 317 Relative Error 0.0004308867792133242
Epoch 318 Relative Error 0.00038848258554935455
Epoch 319 Relative Error 0.0004215023363940418
Epoch 320 Relative Error 0.00036026909947395325
Epoch 321 Relative Error 0.000448404171038419
Epoch 322 Relative Error 0.00042269969708286226
Epoch 323 Relative Error 0.00042220266186632216
Epoch 324 Relative Error 0.0004318406863603741
Epoch 325 Relative Error 0.00044607644667848945
Epoch 326 Relative Error 0.0005150431534275413
Epoch 327 Relative Error 0.0005662473267875612
Epoch 328 Relative Error 0.0005071180639788508
Epoch 329 Relative Error 0.0005071183550171554
Epoch 330 Relative Error 0.0005459380918182433
Epoch 331 Relative Error 0.0005307892570272088
Epoch 332 Relative Error 0.0004834422725252807
Epoch 333 Relative Error 0.0004823799536097795
Epoch 334 Relative Error 0.0005084598087705672
Epoch 335 Relative Error 0.0005098948022350669
Epoch 336 Relative Error 0.0006021323497407138
Epoch 337 Relative Error 0.0005415029590949416
Epoch 338 Relative Error 0.00047805742360651493
Epoch 339 Relative Error 0.0005360562936402857
Epoch 340 Relative Error 0.0006010456127114594
Epoch 341 Relative Error 0.0006590175325982273
Epoch 342 Relative Error 0.0006740867393091321
Epoch 343 Relative Error 0.0006883441237732768
Epoch 344 Relative Error 0.0006130782421678305
Epoch 345 Relative Error 0.0005565618630498648
Epoch 346 Relative Error 0.0004598026571329683
Epoch 347 Relative Error 0.0004837102605961263
Epoch 348 Relative Error 0.00047470632125623524
Epoch 349 Relative Error 0.00044307654025033116
Epoch 350 Relative Error 0.00042367924470454454
Epoch 351 Relative Error 0.00040831632213667035
Epoch 352 Relative Error 0.0004973592585884035
Epoch 353 Relative Error 0.000497793429531157
Epoch 354 Relative Error 0.0005092390347272158
Epoch 355 Relative Error 0.00047949390136636794
Epoch 356 Relative Error 0.0005126806208863854
Epoch 357 Relative Error 0.0004209648759569973
Epoch 358 Relative Error 0.0005017274525016546
Epoch 359 Relative Error 0.0005855412455275655
Epoch 360 Relative Error 0.0005489360191859305
Epoch 361 Relative Error 0.00045095267705619335
Epoch 362 Relative Error 0.00045996360131539404
Epoch 363 Relative Error 0.0005406360141932964
Epoch 364 Relative Error 0.0005359714268706739
Epoch 365 Relative Error 0.0004996598581783473
Epoch 366 Relative Error 0.0005199817824177444
Epoch 367 Relative Error 0.00046688804286532104
Epoch 368 Relative Error 0.0004318484861869365
Epoch 369 Relative Error 0.00046867705532349646
Epoch 370 Relative Error 0.0004673408984672278
Epoch 371 Relative Error 0.0004959322395734489
Epoch 372 Relative Error 0.0004992633475922048
Epoch 373 Relative Error 0.0004903447115793824
Epoch 374 Relative Error 0.0005186417838558555
Epoch 375 Relative Error 0.00042899796972051263
Epoch 376 Relative Error 0.00043630198342725635
Epoch 377 Relative Error 0.0004107625863980502
Epoch 378 Relative Error 0.00046029724762775004
Epoch 379 Relative Error 0.0004549411532934755
Epoch 380 Relative Error 0.00047441275091841817
Epoch 381 Relative Error 0.0005296929157339036
Epoch 382 Relative Error 0.00044505333062261343
Epoch 383 Relative Error 0.0004266710893716663
Epoch 384 Relative Error 0.0004534780455287546
Epoch 385 Relative Error 0.0004468604747671634
Epoch 386 Relative Error 0.0004301884910091758
Epoch 387 Relative Error 0.00042531671351753175
Epoch 388 Relative Error 0.0003882668388541788
Epoch 389 Relative Error 0.0004371504473965615
Epoch 390 Relative Error 0.00042363262036815286
Epoch 391 Relative Error 0.0005006658611819148
Epoch 392 Relative Error 0.0004778938600793481
Epoch 393 Relative Error 0.00042893196223303676
Epoch 394 Relative Error 0.00046813127119094133
Epoch 395 Relative Error 0.00043689797166734934
Epoch 396 Relative Error 0.0004719847929663956
Epoch 397 Relative Error 0.00043176571489311755
Epoch 398 Relative Error 0.0004931985167786479
Epoch 399 Relative Error 0.0004939505597576499
Epoch 400 Relative Error 0.0005082561983726919
Epoch 401 Relative Error 0.0005241325707174838
Epoch 402 Relative Error 0.0005050005274824798
Epoch 403 Relative Error 0.0005154966493137181
Epoch 404 Relative Error 0.0004497587215155363
Epoch 405 Relative Error 0.00045701488852500916
Epoch 406 Relative Error 0.00047831767005845904
Epoch 407 Relative Error 0.0004177758237347007
Epoch 408 Relative Error 0.00044257391709834337
Epoch 409 Relative Error 0.00047427660319954157
Epoch 410 Relative Error 0.00043957497109659016
Epoch 411 Relative Error 0.0005246438668109477
Epoch 412 Relative Error 0.0005676716682501137
Epoch 413 Relative Error 0.0005520242266356945
Epoch 414 Relative Error 0.0007700358983129263
Epoch 415 Relative Error 0.0005661823088303208
Epoch 416 Relative Error 0.0007620439864695072
Epoch 417 Relative Error 0.000556263723410666
Epoch 418 Relative Error 0.0006573369610123336
Epoch 419 Relative Error 0.0006725964485667646
Epoch 420 Relative Error 0.0006997673772275448
Epoch 421 Relative Error 0.0007870167028158903
Epoch 422 Relative Error 0.0006377773825079203
Epoch 423 Relative Error 0.0008284122450277209
Epoch 424 Relative Error 0.0007114909240044653
Epoch 425 Relative Error 0.0007206975133158267
Epoch 426 Relative Error 0.0008313823491334915
Epoch 427 Relative Error 0.0007283195736818016
Epoch 428 Relative Error 0.0006246112170629203
Epoch 429 Relative Error 0.00062931003049016
Epoch 430 Relative Error 0.0007525819237343967
Epoch 431 Relative Error 0.0006447237101383507
Epoch 432 Relative Error 0.000731642940081656
Epoch 433 Relative Error 0.0005993202212266624
Epoch 434 Relative Error 0.0005421832902356982
Epoch 435 Relative Error 0.0005963444127701223
Epoch 436 Relative Error 0.0005843486287631094
Epoch 437 Relative Error 0.0005538811674341559
Epoch 438 Relative Error 0.0005362937226891518
Epoch 439 Relative Error 0.0005281475023366511
Epoch 440 Relative Error 0.0005775121389888227
Epoch 441 Relative Error 0.0005356467445380986
Epoch 442 Relative Error 0.0004958863719366491
Epoch 443 Relative Error 0.00047665275633335114
Epoch 444 Relative Error 0.0005455656792037189
Epoch 445 Relative Error 0.00048386360867880285
Epoch 446 Relative Error 0.000522082787938416
Epoch 447 Relative Error 0.0005576744442805648
Epoch 448 Relative Error 0.0005639281589537859
Epoch 449 Relative Error 0.000495122920256108
Epoch 450 Relative Error 0.0005077507812529802
Epoch 451 Relative Error 0.0004870230332016945
Epoch 452 Relative Error 0.00044616751256398857
Epoch 453 Relative Error 0.0004350746748968959
Epoch 454 Relative Error 0.0004110971640329808
Epoch 455 Relative Error 0.00036931244540028274
Epoch 456 Relative Error 0.00047573097981512547
Epoch 457 Relative Error 0.0004162687691859901
Epoch 458 Relative Error 0.0004478326882235706
Epoch 459 Relative Error 0.0005073797656223178
Epoch 460 Relative Error 0.0005695060244761407
Epoch 461 Relative Error 0.000624967971816659
Epoch 462 Relative Error 0.0006134067662060261
Epoch 463 Relative Error 0.0004992899484932423
Epoch 464 Relative Error 0.0005078490939922631
Epoch 465 Relative Error 0.0005122084403410554
Epoch 466 Relative Error 0.00047921115765348077
Epoch 467 Relative Error 0.00046787067549303174
Epoch 468 Relative Error 0.00048758197226561606
Epoch 469 Relative Error 0.00043833538074977696
Epoch 470 Relative Error 0.00042615359416231513
Epoch 471 Relative Error 0.0004807428631465882
Epoch 472 Relative Error 0.00042706940439529717
Epoch 473 Relative Error 0.00045364227844402194
Epoch 474 Relative Error 0.0004812751431018114
Epoch 475 Relative Error 0.0005477489321492612
Epoch 476 Relative Error 0.0005064758588559926
Epoch 477 Relative Error 0.0006685975822620094
Epoch 478 Relative Error 0.0006093374104239047
Epoch 479 Relative Error 0.0006606124225072563
Epoch 480 Relative Error 0.0006482968456111848
Epoch 481 Relative Error 0.0006158046307973564
Epoch 482 Relative Error 0.0007064068922773004
Epoch 483 Relative Error 0.0006760028772987425
Epoch 484 Relative Error 0.0007165285642258823
Epoch 485 Relative Error 0.0005879817181266844
Epoch 486 Relative Error 0.0006266303244046867
Epoch 487 Relative Error 0.0005730917910113931
Epoch 488 Relative Error 0.0006363157881423831
Epoch 489 Relative Error 0.0005852396716363728
Epoch 490 Relative Error 0.0005570087232626975
Epoch 491 Relative Error 0.0006614806479774415
Epoch 492 Relative Error 0.0005451614269986749
Epoch 493 Relative Error 0.0005951137281954288
Epoch 494 Relative Error 0.0007611854816786945
Epoch 495 Relative Error 0.0006368193426169455
Epoch 496 Relative Error 0.0009573587449267507
Epoch 497 Relative Error 0.000986770261079073
Epoch 498 Relative Error 0.0006293373298831284
Epoch 499 Relative Error 0.0007257304387167096
Epoch 500 Relative Error 0.0006083076586946845
Epoch 501 Relative Error 0.000998827745206654
Epoch 502 Relative Error 0.0009690608712844551
Epoch 503 Relative Error 0.000854994694236666
Epoch 504 Relative Error 0.0006845127209089696
Epoch 505 Relative Error 0.0007292604423128068
Epoch 506 Relative Error 0.000758517999202013
Epoch 507 Relative Error 0.0006541929906234145
Epoch 508 Relative Error 0.0007368176011368632
Epoch 509 Relative Error 0.0007566160638816655
Epoch 510 Relative Error 0.000909449765458703
Epoch 511 Relative Error 0.000884507258888334
Epoch 512 Relative Error 0.0007971510640345514
Epoch 513 Relative Error 0.0010963588720187545
Epoch 514 Relative Error 0.00166855298448354
Epoch 515 Relative Error 0.0017512625781819224
Epoch 516 Relative Error 0.0015300522791221738
Epoch 517 Relative Error 0.001255254726856947
Epoch 518 Relative Error 0.001793227274902165
Epoch 519 Relative Error 0.0012946469942107797
Epoch 520 Relative Error 0.0018040232826024294
Epoch 521 Relative Error 0.0017047778237611055
Epoch 522 Relative Error 0.0015174438012763858
Epoch 523 Relative Error 0.0017265193164348602
Epoch 524 Relative Error 0.001530722714960575
Epoch 525 Relative Error 0.0019171348540112376
Epoch 526 Relative Error 0.003093746257945895
Epoch 527 Relative Error 0.005220088642090559
Epoch 528 Relative Error 0.007358291652053595
Epoch 529 Relative Error 0.008535115979611874
Epoch 530 Relative Error 0.009574382565915585
Epoch 531 Relative Error 0.012064067646861076
Epoch 532 Relative Error 0.01256569940596819
Epoch 533 Relative Error 0.016892267391085625
Epoch 534 Relative Error 0.012480204924941063
Epoch 535 Relative Error 0.017234422266483307
Epoch 536 Relative Error 0.025227678939700127
Epoch 537 Relative Error 0.01957101933658123
Epoch 538 Relative Error 0.025565030053257942
Epoch 539 Relative Error 0.027544431388378143
Epoch 540 Relative Error 0.03766895458102226
Epoch 541 Relative Error 0.024818092584609985
Epoch 542 Relative Error 0.028700895607471466
Epoch 543 Relative Error 0.024076836183667183
Epoch 544 Relative Error 0.04032781720161438
Epoch 545 Relative Error 0.025710342451930046
Epoch 546 Relative Error 0.024948643520474434
Epoch 547 Relative Error 0.0329989492893219
Epoch 548 Relative Error 0.03626010939478874
Epoch 549 Relative Error 0.04759163782000542
Epoch 550 Relative Error 0.04222404956817627
Epoch 551 Relative Error 0.050966810435056686
Epoch 552 Relative Error 0.04229140654206276
Epoch 553 Relative Error 0.04016861692070961
Epoch 554 Relative Error 0.03817436471581459
Epoch 555 Relative Error 0.021379105746746063
Epoch 556 Relative Error 0.01964995078742504
Epoch 557 Relative Error 0.014109698124229908
Epoch 558 Relative Error 0.02152198739349842
Epoch 559 Relative Error 0.01867031678557396
Epoch 560 Relative Error 0.016961952671408653
Epoch 561 Relative Error 0.014252901077270508
Epoch 562 Relative Error 0.015055933967232704
Epoch 563 Relative Error 0.01709313504397869
Epoch 564 Relative Error 0.021138951182365417
Epoch 565 Relative Error 0.01595616713166237
Epoch 566 Relative Error 0.014207905158400536
Epoch 567 Relative Error 0.01404052134603262
Epoch 568 Relative Error 0.008083255030214787
Epoch 569 Relative Error 0.01373276486992836
Epoch 570 Relative Error 0.010088847018778324
Epoch 571 Relative Error 0.011032513342797756
Epoch 572 Relative Error 0.010379843413829803
Epoch 573 Relative Error 0.011049323715269566
Epoch 574 Relative Error 0.012200886383652687
Epoch 575 Relative Error 0.011475402861833572
Epoch 576 Relative Error 0.011458695866167545
Epoch 577 Relative Error 0.008327044546604156
Epoch 578 Relative Error 0.00532779935747385
Epoch 579 Relative Error 0.004561888054013252
Epoch 580 Relative Error 0.0037440124433487654
Epoch 581 Relative Error 0.003926679491996765
Epoch 582 Relative Error 0.004238615743815899
Epoch 583 Relative Error 0.00435007456690073
Epoch 584 Relative Error 0.0038845399394631386
Epoch 585 Relative Error 0.00412172544747591
Epoch 586 Relative Error 0.004021164029836655
Epoch 587 Relative Error 0.004900241270661354
Epoch 588 Relative Error 0.0047073704190552235
Epoch 589 Relative Error 0.003989345859736204
Epoch 590 Relative Error 0.004172510001808405
Epoch 591 Relative Error 0.003757842816412449
Epoch 592 Relative Error 0.0015252480516210198
Epoch 593 Relative Error 0.003017209470272064
Epoch 594 Relative Error 0.0033651317935436964
Epoch 595 Relative Error 0.002724658465012908
Epoch 596 Relative Error 0.0028162216767668724
Epoch 597 Relative Error 0.0026790346018970013
Epoch 598 Relative Error 0.0023268202785402536
Epoch 599 Relative Error 0.0014827102422714233
Epoch 600 Relative Error 0.0028192836325615644
Epoch 601 Relative Error 0.0018559194868430495
Epoch 602 Relative Error 0.002962337341159582
Epoch 603 Relative Error 0.0018971397075802088
Epoch 604 Relative Error 0.002118814503774047
Epoch 605 Relative Error 0.0014958310639485717
Epoch 606 Relative Error 0.0018839924596250057
Epoch 607 Relative Error 0.0020346101373434067
Epoch 608 Relative Error 0.0017305739456787705
Epoch 609 Relative Error 0.0014010457089170814
Epoch 610 Relative Error 0.0022130522411316633
Epoch 611 Relative Error 0.0031617337372153997
Epoch 612 Relative Error 0.0017424507532268763
Epoch 613 Relative Error 0.0014109191251918674
Epoch 614 Relative Error 0.0010620018001645803
Epoch 615 Relative Error 0.0017651030793786049
Epoch 616 Relative Error 0.0015386244049295783
Epoch 617 Relative Error 0.0014222501777112484
Epoch 618 Relative Error 0.0008301669731736183
Epoch 619 Relative Error 0.001193649717606604
Epoch 620 Relative Error 0.0009120447793975472
Epoch 621 Relative Error 0.0010238661197945476
Epoch 622 Relative Error 0.0011337294708937407
Epoch 623 Relative Error 0.0008425735286436975
Epoch 624 Relative Error 0.0009971820982173085
Epoch 625 Relative Error 0.0010946786496788263
Epoch 626 Relative Error 0.000870429677888751
Epoch 627 Relative Error 0.0009086932404898107
Epoch 628 Relative Error 0.0010012849234044552
Epoch 629 Relative Error 0.001073247636668384
Epoch 630 Relative Error 0.0009586810483597219
Epoch 631 Relative Error 0.0009220314095728099
Epoch 632 Relative Error 0.001159411040134728
Epoch 633 Relative Error 0.0010353830875828862
Epoch 634 Relative Error 0.0011513730278238654
Epoch 635 Relative Error 0.0008558890549466014
Epoch 636 Relative Error 0.0006364994333125651
Epoch 637 Relative Error 0.000603766122367233
Epoch 638 Relative Error 0.0006195612950250506
Epoch 639 Relative Error 0.000680327124428004
Epoch 640 Relative Error 0.0006908545037731528
Epoch 641 Relative Error 0.0007165694260038435
Epoch 642 Relative Error 0.0007392932311631739
Epoch 643 Relative Error 0.000878011342138052
Epoch 644 Relative Error 0.0008296830346807837
Epoch 645 Relative Error 0.0007345319027081132
Epoch 646 Relative Error 0.0007167583098635077
Epoch 647 Relative Error 0.0007025821250863373
Epoch 648 Relative Error 0.0007591982721351087
Epoch 649 Relative Error 0.0006637498154304922
Epoch 650 Relative Error 0.0006019245483912528
Epoch 651 Relative Error 0.0005414910847321153
Epoch 652 Relative Error 0.0005187212373130023
Epoch 653 Relative Error 0.0005909319734200835
Epoch 654 Relative Error 0.00061165785882622
Epoch 655 Relative Error 0.0005645108758471906
Epoch 656 Relative Error 0.0006718808435834944
Epoch 657 Relative Error 0.0006428401684388518
Epoch 658 Relative Error 0.0006574118742719293
Epoch 659 Relative Error 0.0007225052104331553
Epoch 660 Relative Error 0.0006448202766478062
Epoch 661 Relative Error 0.0006006209296174347
Epoch 662 Relative Error 0.0006275242194533348
Epoch 663 Relative Error 0.0005644603515975177
Epoch 664 Relative Error 0.000525254406966269
Epoch 665 Relative Error 0.00046710981405340135
Epoch 666 Relative Error 0.0005859183147549629
Epoch 667 Relative Error 0.0004884351510554552
Epoch 668 Relative Error 0.0005675483262166381
Epoch 669 Relative Error 0.0005701046902686357
Epoch 670 Relative Error 0.0005672998377121985
Epoch 671 Relative Error 0.0005344704841263592
Epoch 672 Relative Error 0.0004492342413868755
Epoch 673 Relative Error 0.0004915564204566181
Epoch 674 Relative Error 0.0005126112373545766
Epoch 675 Relative Error 0.0004695168463513255
Epoch 676 Relative Error 0.00048003080883063376
Epoch 677 Relative Error 0.00042692868737503886
Epoch 678 Relative Error 0.00046070534153841436
Epoch 679 Relative Error 0.0004330278607085347
Epoch 680 Relative Error 0.0004770123050548136
Epoch 681 Relative Error 0.000521026668138802
Epoch 682 Relative Error 0.00046979275066405535
Epoch 683 Relative Error 0.0004545454285107553
Epoch 684 Relative Error 0.0005320518394000828
Epoch 685 Relative Error 0.0004600019019562751
Epoch 686 Relative Error 0.0005227935616858304
Epoch 687 Relative Error 0.0004555353370960802
Epoch 688 Relative Error 0.0005847823922522366
Epoch 689 Relative Error 0.0005779421771876514
Epoch 690 Relative Error 0.0005441551329568028
Epoch 691 Relative Error 0.0006087478250265121
Epoch 692 Relative Error 0.0006834693485870957
Epoch 693 Relative Error 0.000622260442469269
Epoch 694 Relative Error 0.00057840661611408
Epoch 695 Relative Error 0.0005699570174328983
Epoch 696 Relative Error 0.0007119866786524653
Epoch 697 Relative Error 0.0006350072217173874
Epoch 698 Relative Error 0.0006901039741933346
Epoch 699 Relative Error 0.0006692740134894848
Epoch 700 Relative Error 0.0007092920714057982
Epoch 701 Relative Error 0.0006576460436917841
Epoch 702 Relative Error 0.0006374467629939318
Epoch 703 Relative Error 0.0005758458282798529
Epoch 704 Relative Error 0.0005520330159924924
Epoch 705 Relative Error 0.0005596833070740104
Epoch 706 Relative Error 0.0005700529436580837
Epoch 707 Relative Error 0.0006047434289939702
Epoch 708 Relative Error 0.00061558693414554
Epoch 709 Relative Error 0.0006293134647421539
Epoch 710 Relative Error 0.0006217435584403574
Epoch 711 Relative Error 0.0005159906577318907
Epoch 712 Relative Error 0.0005474842037074268
Epoch 713 Relative Error 0.0005277353338897228
Epoch 714 Relative Error 0.0005697760498151183
Epoch 715 Relative Error 0.0006894459365867078
Epoch 716 Relative Error 0.0006322985282167792
Epoch 717 Relative Error 0.0005619169096462429
Epoch 718 Relative Error 0.0006561190239153802
Epoch 719 Relative Error 0.0005280182231217623
Epoch 720 Relative Error 0.0005627915379591286
Epoch 721 Relative Error 0.0006923608016222715
Epoch 722 Relative Error 0.0005734926089644432
Epoch 723 Relative Error 0.000545251474250108
Epoch 724 Relative Error 0.0005695762811228633
Epoch 725 Relative Error 0.0005059862742200494
Epoch 726 Relative Error 0.0005808287533000112
Epoch 727 Relative Error 0.0005612208624370396
Epoch 728 Relative Error 0.000530117773450911
Epoch 729 Relative Error 0.00040252195321954787
Epoch 730 Relative Error 0.0004314818070270121
Epoch 731 Relative Error 0.00047156086657196283
Epoch 732 Relative Error 0.000477095803944394
Epoch 733 Relative Error 0.00044627045281231403
Epoch 734 Relative Error 0.00045442942064255476
Epoch 735 Relative Error 0.0004350450180936605
Epoch 736 Relative Error 0.0004172248300164938
Epoch 737 Relative Error 0.0004286411276552826
Epoch 738 Relative Error 0.00047092506429180503
Epoch 739 Relative Error 0.00044663617154583335
Epoch 740 Relative Error 0.0004206924932077527
Epoch 741 Relative Error 0.00045456751831807196
Epoch 742 Relative Error 0.000522096932400018
Epoch 743 Relative Error 0.0005070765619166195
Epoch 744 Relative Error 0.0004986821440979838
Epoch 745 Relative Error 0.0005202619940973818
Epoch 746 Relative Error 0.0004926393157802522
Epoch 747 Relative Error 0.0004713153757620603
Epoch 748 Relative Error 0.00048489199252799153
Epoch 749 Relative Error 0.00042249070247635245
Epoch 750 Relative Error 0.0004350552335381508
Epoch 751 Relative Error 0.000477661524200812
Epoch 752 Relative Error 0.0004970856825821102
Epoch 753 Relative Error 0.00047707484918646514
Epoch 754 Relative Error 0.00046584371011704206
Epoch 755 Relative Error 0.0005297708557918668
Epoch 756 Relative Error 0.00047710389480926096
Epoch 757 Relative Error 0.00047149372403509915
Epoch 758 Relative Error 0.0005457501974888146
Epoch 759 Relative Error 0.0005212909891270101
Epoch 760 Relative Error 0.000567109149415046
Epoch 761 Relative Error 0.0005075916997157037
Epoch 762 Relative Error 0.0005151673685759306
Epoch 763 Relative Error 0.0005666986107826233
Epoch 764 Relative Error 0.0005327865364961326
Epoch 765 Relative Error 0.0005808259593322873
Epoch 766 Relative Error 0.0005295145092532039
Epoch 767 Relative Error 0.0005599581054411829
Epoch 768 Relative Error 0.0005940472474321723
Epoch 769 Relative Error 0.0005933463107794523
Epoch 770 Relative Error 0.0005465781432576478
Epoch 771 Relative Error 0.0005259713507257402
Epoch 772 Relative Error 0.0005617141141556203
Epoch 773 Relative Error 0.0005807519773952663
Epoch 774 Relative Error 0.0005121708963997662
Epoch 775 Relative Error 0.0005963323637843132
Epoch 776 Relative Error 0.0005422679241746664
Epoch 777 Relative Error 0.0004772843967657536
Epoch 778 Relative Error 0.0004994659102521837
Epoch 779 Relative Error 0.00046840085997246206
Epoch 780 Relative Error 0.00047188493772409856
Epoch 781 Relative Error 0.0004630408657249063
Epoch 782 Relative Error 0.0004691236827056855
Epoch 783 Relative Error 0.000500748457852751
Epoch 784 Relative Error 0.0005119278794154525
Epoch 785 Relative Error 0.0004781635361723602
Epoch 786 Relative Error 0.00044905836693942547
Epoch 787 Relative Error 0.0004986834246665239
Epoch 788 Relative Error 0.0004181720723863691
Epoch 789 Relative Error 0.0004188294697087258
Epoch 790 Relative Error 0.0004337723075877875
Epoch 791 Relative Error 0.0003887640777975321
Epoch 792 Relative Error 0.00047352732508443296
Epoch 793 Relative Error 0.0005199949955567718
Epoch 794 Relative Error 0.0005236415890976787
Epoch 795 Relative Error 0.00040669229929335415
Epoch 796 Relative Error 0.00044889262062497437
Epoch 797 Relative Error 0.000474384956760332
Epoch 798 Relative Error 0.0005304004298523068
Epoch 799 Relative Error 0.0005598720163106918
Epoch 800 Relative Error 0.0004861139168497175
Epoch 801 Relative Error 0.000434921239502728
Epoch 802 Relative Error 0.00047338774311356246
Epoch 803 Relative Error 0.000564510643016547
Epoch 804 Relative Error 0.0004403071361593902
Epoch 805 Relative Error 0.00042376885539852083
Epoch 806 Relative Error 0.0005410409066826105
Epoch 807 Relative Error 0.0005237672012299299
Epoch 808 Relative Error 0.0004910978022962809
Epoch 809 Relative Error 0.00040128917316906154
Epoch 810 Relative Error 0.0004925581160932779
Epoch 811 Relative Error 0.0004990334855392575
Epoch 812 Relative Error 0.00047132495092228055
Epoch 813 Relative Error 0.00047545498819090426
Epoch 814 Relative Error 0.0005066196899861097
Epoch 815 Relative Error 0.0004584253183566034
Epoch 816 Relative Error 0.0004529140132945031
Epoch 817 Relative Error 0.000472113024443388
Epoch 818 Relative Error 0.0005246629007160664
Epoch 819 Relative Error 0.0004815475840587169
Epoch 820 Relative Error 0.000469023099867627
Epoch 821 Relative Error 0.0004770098894368857
Epoch 822 Relative Error 0.00043786270543932915
Epoch 823 Relative Error 0.00047129698214121163
Epoch 824 Relative Error 0.0004749224171973765
Epoch 825 Relative Error 0.0004626076843123883
Epoch 826 Relative Error 0.0004163918492849916
Epoch 827 Relative Error 0.0003774012438952923
Epoch 828 Relative Error 0.0004927453701384366
Epoch 829 Relative Error 0.0004754834226332605
Epoch 830 Relative Error 0.0004791298124473542
Epoch 831 Relative Error 0.0005107285687699914
Epoch 832 Relative Error 0.0005272707203403115
Epoch 833 Relative Error 0.0006188977276906371
Epoch 834 Relative Error 0.0006956536672078073
Epoch 835 Relative Error 0.0006649045390076935
Epoch 836 Relative Error 0.000671727058943361
Epoch 837 Relative Error 0.0006862742593511939
Epoch 838 Relative Error 0.0006102580227889121
Epoch 839 Relative Error 0.0005762724322266877
Epoch 840 Relative Error 0.0005768119590356946
Epoch 841 Relative Error 0.0006209168932400644
Epoch 842 Relative Error 0.0006112690316513181
Epoch 843 Relative Error 0.0006190479616634548
Epoch 844 Relative Error 0.0005637326976284385
Epoch 845 Relative Error 0.0005068524042144418
Epoch 846 Relative Error 0.0004711195360869169
Epoch 847 Relative Error 0.0005434128106571734
Epoch 848 Relative Error 0.0005053341155871749
Epoch 849 Relative Error 0.0005066799349151552
Epoch 850 Relative Error 0.00044639274710789323
Epoch 851 Relative Error 0.0005114912055432796
Epoch 852 Relative Error 0.00045913481153547764
Epoch 853 Relative Error 0.00048083646106533706
Epoch 854 Relative Error 0.0004579765081871301
Epoch 855 Relative Error 0.0004278954293113202
Epoch 856 Relative Error 0.0004116241470910609
Epoch 857 Relative Error 0.00040323191205970943
Epoch 858 Relative Error 0.00038983701961115
Epoch 859 Relative Error 0.0003714434860739857
Epoch 860 Relative Error 0.00035447755362838507
Epoch 861 Relative Error 0.0004332532698754221
Epoch 862 Relative Error 0.0003719739615917206
Epoch 863 Relative Error 0.0003994519938714802
Epoch 864 Relative Error 0.0004478133050724864
Epoch 865 Relative Error 0.0004416991723701358
Epoch 866 Relative Error 0.000420867174398154
Epoch 867 Relative Error 0.00042934066732414067
Epoch 868 Relative Error 0.0004816038126591593
Epoch 869 Relative Error 0.00042412718175910413
Epoch 870 Relative Error 0.0005175287951715291
Epoch 871 Relative Error 0.0004646818561013788
Epoch 872 Relative Error 0.00040332594653591514
Epoch 873 Relative Error 0.0005027411389164627
Epoch 874 Relative Error 0.0004729882930405438
Epoch 875 Relative Error 0.00046135150478221476
Epoch 876 Relative Error 0.0004596348444465548
Epoch 877 Relative Error 0.0005109916673973203
Epoch 878 Relative Error 0.0005474722711369395
Epoch 879 Relative Error 0.0004709611239377409
Epoch 880 Relative Error 0.0005112634971737862
Epoch 881 Relative Error 0.00046464084880426526
Epoch 882 Relative Error 0.000467882608063519
Epoch 883 Relative Error 0.00044956564670428634
Epoch 884 Relative Error 0.0004461829666979611
Epoch 885 Relative Error 0.0003832560032606125
Epoch 886 Relative Error 0.00041479410720057786
Epoch 887 Relative Error 0.0004267376207280904
Epoch 888 Relative Error 0.00043306197039783
Epoch 889 Relative Error 0.0004111949529033154
Epoch 890 Relative Error 0.000391144014429301
Epoch 891 Relative Error 0.0003819874837063253
Epoch 892 Relative Error 0.0004458776384126395
Epoch 893 Relative Error 0.0004164210695307702
Epoch 894 Relative Error 0.0004574142803903669
Epoch 895 Relative Error 0.0004798155860044062
Epoch 896 Relative Error 0.000525032461155206
Epoch 897 Relative Error 0.0004529274592641741
Epoch 898 Relative Error 0.0003874969552271068
Epoch 899 Relative Error 0.0005338166374713182
Epoch 900 Relative Error 0.0005253556300885975
Epoch 901 Relative Error 0.0005047408048994839
Epoch 902 Relative Error 0.0006188564002513885
Epoch 903 Relative Error 0.0006045198533684015
Epoch 904 Relative Error 0.0005040492978878319
Epoch 905 Relative Error 0.0005618631257675588
Epoch 906 Relative Error 0.0005692167906090617
Epoch 907 Relative Error 0.0005484767025336623
Epoch 908 Relative Error 0.0005340094794519246
Epoch 909 Relative Error 0.0005776193575002253
Epoch 910 Relative Error 0.0005756578757427633
Epoch 911 Relative Error 0.0005932336207479239
Epoch 912 Relative Error 0.0005113467923365533
Epoch 913 Relative Error 0.0005095193046145141
Epoch 914 Relative Error 0.000495157961267978
Epoch 915 Relative Error 0.0004440873162820935
Epoch 916 Relative Error 0.0005147072952240705
Epoch 917 Relative Error 0.0005019177915528417
Epoch 918 Relative Error 0.0004674522206187248
Epoch 919 Relative Error 0.00043584543163888156
Epoch 920 Relative Error 0.0005040661199018359
Epoch 921 Relative Error 0.0005247985827736557
Epoch 922 Relative Error 0.00044137859367765486
Epoch 923 Relative Error 0.0005114974337629974
Epoch 924 Relative Error 0.0004544974653981626
Epoch 925 Relative Error 0.00044903357047587633
Epoch 926 Relative Error 0.0004637048696167767
Epoch 927 Relative Error 0.00047588671441189945
Epoch 928 Relative Error 0.00042916685924865305
Epoch 929 Relative Error 0.00047724496107548475
Epoch 930 Relative Error 0.00040678284130990505
Epoch 931 Relative Error 0.0004308294737711549
Epoch 932 Relative Error 0.0004513379535637796
Epoch 933 Relative Error 0.000437950249761343
Epoch 934 Relative Error 0.0004813239793293178
Epoch 935 Relative Error 0.0006256324122659862
Epoch 936 Relative Error 0.0005512491334229708
Epoch 937 Relative Error 0.0004832799604628235
Epoch 938 Relative Error 0.0004236228996887803
Epoch 939 Relative Error 0.0004667743924073875
Epoch 940 Relative Error 0.0004973927862010896
Epoch 941 Relative Error 0.0004634380165953189
Epoch 942 Relative Error 0.00044497958151623607
Epoch 943 Relative Error 0.0005184699548408389
Epoch 944 Relative Error 0.0004881072964053601
Epoch 945 Relative Error 0.0005045866128057241
Epoch 946 Relative Error 0.00044077946222387254
Epoch 947 Relative Error 0.00043689110316336155
Epoch 948 Relative Error 0.0004449471889529377
Epoch 949 Relative Error 0.0004093189781997353
Epoch 950 Relative Error 0.00043236868805252016
Epoch 951 Relative Error 0.0005038563394919038
Epoch 952 Relative Error 0.0004931075964123011
Epoch 953 Relative Error 0.00048255344154313207
Epoch 954 Relative Error 0.0005098870606161654
Epoch 955 Relative Error 0.0005499155377037823
Epoch 956 Relative Error 0.0005000126548111439
Epoch 957 Relative Error 0.0004922899533994496
Epoch 958 Relative Error 0.0005416306667029858
Epoch 959 Relative Error 0.0005167222116142511
Epoch 960 Relative Error 0.0005202118773013353
Epoch 961 Relative Error 0.0004947368870489299
Epoch 962 Relative Error 0.0004812546831090003
Epoch 963 Relative Error 0.0005970044294372201
Epoch 964 Relative Error 0.0005600006552413106
Epoch 965 Relative Error 0.0005464641726575792
Epoch 966 Relative Error 0.0006026204209774733
Epoch 967 Relative Error 0.0005002373945899308
Epoch 968 Relative Error 0.00046980413026176393
Epoch 969 Relative Error 0.00042263121576979756
Epoch 970 Relative Error 0.00043925296631641686
Epoch 971 Relative Error 0.0004482039366848767
Epoch 972 Relative Error 0.0004341084568295628
Epoch 973 Relative Error 0.00039650220423936844
Epoch 974 Relative Error 0.00047695328248664737
Epoch 975 Relative Error 0.0004776758432853967
Epoch 976 Relative Error 0.0005275747971609235
Epoch 977 Relative Error 0.0005435789353214204
Epoch 978 Relative Error 0.0005129058845341206
Epoch 979 Relative Error 0.000546832277905196
Epoch 980 Relative Error 0.000550220487639308
Epoch 981 Relative Error 0.0005168893258087337
Epoch 982 Relative Error 0.0004503330565057695
Epoch 983 Relative Error 0.0004885626258328557
Epoch 984 Relative Error 0.00041441540815867484
Epoch 985 Relative Error 0.00039752753218635917
Epoch 986 Relative Error 0.00038167196908034384
Epoch 987 Relative Error 0.0004106073174625635
Epoch 988 Relative Error 0.00041858022450469434
Epoch 989 Relative Error 0.0004485155805014074
Epoch 990 Relative Error 0.00044608695316128433
Epoch 991 Relative Error 0.00046131692943163216
Epoch 992 Relative Error 0.0004934896714985371
Epoch 993 Relative Error 0.0005190177471376956
Epoch 994 Relative Error 0.0004935298929922283
Epoch 995 Relative Error 0.00045887043233960867
Epoch 996 Relative Error 0.0004473273584153503
Epoch 997 Relative Error 0.00045419036177918315
Epoch 998 Relative Error 0.000484400981804356
Epoch 999 Relative Error 0.0005238903104327619
Epoch 1000 Relative Error 0.0004608993767760694
RE (2, 4, 0, 0): 0.0003146209637634456
Green's Function RE (2, 4, 0, 0): 0.9876592755317688
Bias Term RE (2, 4, 0, 0): 0.9161080718040466
Combination (2, 4, 0, 0, 0): 0.9812953472137451
Combination (2, 4, 0, 0, 1): 0.9803074598312378
Combination (2, 4, 0, 0, 2): 0.9808443188667297
Combination (2, 4, 0, 0, 3): 0.9809378981590271
Combination (2, 4, 0, 0, 4): 0.9809831976890564

/home/gridsan/gstepaniants/.local/lib/python3.8/site-packages/torch/functional.py:478: UserWarning: torch.meshgrid: in an upcoming release, it will be required to pass the indexing argument. (Triggered internally at  ../aten/src/ATen/native/TensorShape.cpp:2895.)
  return _VF.meshgrid(tensors, **kwargs)  # type: ignore[attr-defined]
