[KeOps] Warning : Cuda libraries were not detected on the system ; using cpu only mode
1
Kernel: Matern5/2
Weight Mesh: 70
RKHS Kernel Width: 0.04
Lambda: 1e-06
Green's Function Learning Rate: 100
Bias Term Learning Rate: 100
Epoch 1 Relative Error 7526.04248046875
First epoch had re = 7526.04248046875 > 1
Green's Function Learning Rate: 50
Bias Term Learning Rate: 50
Epoch 1 Relative Error 3723.243408203125
First epoch had re = 3723.243408203125 > 1
Green's Function Learning Rate: 10
Bias Term Learning Rate: 10
Epoch 1 Relative Error 752.867919921875
First epoch had re = 752.867919921875 > 1
Green's Function Learning Rate: 5
Bias Term Learning Rate: 5
Epoch 1 Relative Error 278.6846618652344
First epoch had re = 278.6846618652344 > 1
Green's Function Learning Rate: 1
Bias Term Learning Rate: 1
Epoch 1 Relative Error 76.21842956542969
First epoch had re = 76.21842956542969 > 1
Green's Function Learning Rate: 0.5
Bias Term Learning Rate: 0.5
Epoch 1 Relative Error 35.77024841308594
First epoch had re = 35.77024841308594 > 1
Green's Function Learning Rate: 0.1
Bias Term Learning Rate: 0.1
Epoch 1 Relative Error 5.612970352172852
First epoch had re = 5.612970352172852 > 1
Green's Function Learning Rate: 0.05
Bias Term Learning Rate: 0.05
Epoch 1 Relative Error 3.068955898284912
First epoch had re = 3.068955898284912 > 1
Green's Function Learning Rate: 0.01
Bias Term Learning Rate: 0.01
Epoch 1 Relative Error 0.7772729992866516
Epoch 2 Relative Error 0.5629453659057617
Epoch 3 Relative Error 0.511698842048645
Epoch 4 Relative Error 0.42593100666999817
Epoch 5 Relative Error 0.28878360986709595
Epoch 6 Relative Error 0.277881383895874
Epoch 7 Relative Error 0.21746662259101868
Epoch 8 Relative Error 0.184120312333107
Epoch 9 Relative Error 0.12289123982191086
Epoch 10 Relative Error 0.09391175955533981
Epoch 11 Relative Error 0.08541150391101837
Epoch 12 Relative Error 0.0753207728266716
Epoch 13 Relative Error 0.05571047216653824
Epoch 14 Relative Error 0.0450596958398819
Epoch 15 Relative Error 0.036485400050878525
Epoch 16 Relative Error 0.030323121696710587
Epoch 17 Relative Error 0.027846036478877068
Epoch 18 Relative Error 0.02278602495789528
Epoch 19 Relative Error 0.021149594336748123
Epoch 20 Relative Error 0.01873139664530754
Epoch 21 Relative Error 0.0181156974285841
Epoch 22 Relative Error 0.01725935935974121
Epoch 23 Relative Error 0.016598502174019814
Epoch 24 Relative Error 0.015937812626361847
Epoch 25 Relative Error 0.015336889773607254
Epoch 26 Relative Error 0.015000646002590656
Epoch 27 Relative Error 0.01466565951704979
Epoch 28 Relative Error 0.014392648823559284
Epoch 29 Relative Error 0.014166186563670635
Epoch 30 Relative Error 0.013922003097832203
Epoch 31 Relative Error 0.013700474984943867
Epoch 32 Relative Error 0.013488911092281342
Epoch 33 Relative Error 0.01332916971296072
Epoch 34 Relative Error 0.0131239527836442
Epoch 35 Relative Error 0.012953909114003181
Epoch 36 Relative Error 0.012777559459209442
Epoch 37 Relative Error 0.012622836977243423
Epoch 38 Relative Error 0.01247433852404356
Epoch 39 Relative Error 0.012308996170759201
Epoch 40 Relative Error 0.012170257978141308
Epoch 41 Relative Error 0.012050277553498745
Epoch 42 Relative Error 0.011897058226168156
Epoch 43 Relative Error 0.011783277615904808
Epoch 44 Relative Error 0.011647358536720276
Epoch 45 Relative Error 0.011534393765032291
Epoch 46 Relative Error 0.011409908533096313
Epoch 47 Relative Error 0.011300518177449703
Epoch 48 Relative Error 0.011178962886333466
Epoch 49 Relative Error 0.011058773845434189
Epoch 50 Relative Error 0.010972115211188793
Epoch 51 Relative Error 0.01086867693811655
Epoch 52 Relative Error 0.010757513344287872
Epoch 53 Relative Error 0.010661068372428417
Epoch 54 Relative Error 0.010568815283477306
Epoch 55 Relative Error 0.010489060543477535
Epoch 56 Relative Error 0.010392779484391212
Epoch 57 Relative Error 0.010293874889612198
Epoch 58 Relative Error 0.010218963958323002
Epoch 59 Relative Error 0.010121354833245277
Epoch 60 Relative Error 0.010046645998954773
Epoch 61 Relative Error 0.009968696162104607
Epoch 62 Relative Error 0.009889062494039536
Epoch 63 Relative Error 0.009822145104408264
Epoch 64 Relative Error 0.009734555147588253
Epoch 65 Relative Error 0.009663276374340057
Epoch 66 Relative Error 0.009594631381332874
Epoch 67 Relative Error 0.009539222344756126
Epoch 68 Relative Error 0.009468902833759785
Epoch 69 Relative Error 0.009395989589393139
Epoch 70 Relative Error 0.009334814734756947
Epoch 71 Relative Error 0.0092708645388484
Epoch 72 Relative Error 0.009196246042847633
Epoch 73 Relative Error 0.009133602492511272
Epoch 74 Relative Error 0.009082600474357605
Epoch 75 Relative Error 0.009016974829137325
Epoch 76 Relative Error 0.008962315507233143
Epoch 77 Relative Error 0.008914310485124588
Epoch 78 Relative Error 0.008844011463224888
Epoch 79 Relative Error 0.008788565173745155
Epoch 80 Relative Error 0.008740821853280067
Epoch 81 Relative Error 0.008685259148478508
Epoch 82 Relative Error 0.008625841699540615
Epoch 83 Relative Error 0.008582665584981441
Epoch 84 Relative Error 0.008536944165825844
Epoch 85 Relative Error 0.008490598760545254
Epoch 86 Relative Error 0.008431834168732166
Epoch 87 Relative Error 0.008392872288823128
Epoch 88 Relative Error 0.008346046321094036
Epoch 89 Relative Error 0.008290404453873634
Epoch 90 Relative Error 0.008243472315371037
Epoch 91 Relative Error 0.008202880620956421
Epoch 92 Relative Error 0.008157223463058472
Epoch 93 Relative Error 0.0081144068390131
Epoch 94 Relative Error 0.008083928376436234
Epoch 95 Relative Error 0.008040018379688263
Epoch 96 Relative Error 0.00799572467803955
Epoch 97 Relative Error 0.007944099605083466
Epoch 98 Relative Error 0.007913868874311447
Epoch 99 Relative Error 0.007871625944972038
Epoch 100 Relative Error 0.00783382635563612
Epoch 101 Relative Error 0.0078016300685703754
Epoch 102 Relative Error 0.007755197584629059
Epoch 103 Relative Error 0.007724537048488855
Epoch 104 Relative Error 0.007684108801186085
Epoch 105 Relative Error 0.007645693141967058
Epoch 106 Relative Error 0.007610437460243702
Epoch 107 Relative Error 0.007569711655378342
Epoch 108 Relative Error 0.007538890466094017
Epoch 109 Relative Error 0.007497445214539766
Epoch 110 Relative Error 0.007468060124665499
Epoch 111 Relative Error 0.007433389779180288
Epoch 112 Relative Error 0.0074079870246350765
Epoch 113 Relative Error 0.007366422098129988
Epoch 114 Relative Error 0.007340169511735439
Epoch 115 Relative Error 0.007307308726012707
Epoch 116 Relative Error 0.007284948136657476
Epoch 117 Relative Error 0.0072552855126559734
Epoch 118 Relative Error 0.0072173867374658585
Epoch 119 Relative Error 0.007189015857875347
Epoch 120 Relative Error 0.007164246868342161
Epoch 121 Relative Error 0.007130264304578304
Epoch 122 Relative Error 0.007102286443114281
Epoch 123 Relative Error 0.007067227270454168
Epoch 124 Relative Error 0.007040918804705143
Epoch 125 Relative Error 0.007007314823567867
Epoch 126 Relative Error 0.0069885109551250935
Epoch 127 Relative Error 0.006957812234759331
Epoch 128 Relative Error 0.0069358451291918755
Epoch 129 Relative Error 0.006905949208885431
Epoch 130 Relative Error 0.006874709855765104
Epoch 131 Relative Error 0.0068486533127725124
Epoch 132 Relative Error 0.0068276748061180115
Epoch 133 Relative Error 0.006807811092585325
Epoch 134 Relative Error 0.006781850941479206
Epoch 135 Relative Error 0.006753032095730305
Epoch 136 Relative Error 0.0067351763136684895
Epoch 137 Relative Error 0.0067065064795315266
Epoch 138 Relative Error 0.006676617078483105
Epoch 139 Relative Error 0.006653004791587591
Epoch 140 Relative Error 0.00662205507978797
Epoch 141 Relative Error 0.006606041453778744
Epoch 142 Relative Error 0.0065852077677845955
Epoch 143 Relative Error 0.0065602888353168964
Epoch 144 Relative Error 0.0065359873697161674
Epoch 145 Relative Error 0.006511196959763765
Epoch 146 Relative Error 0.006490286905318499
Epoch 147 Relative Error 0.006467442959547043
Epoch 148 Relative Error 0.006456384435296059
Epoch 149 Relative Error 0.006428304128348827
Epoch 150 Relative Error 0.006410579662770033
Epoch 151 Relative Error 0.006389098707586527
Epoch 152 Relative Error 0.006368073169142008
Epoch 153 Relative Error 0.006349030416458845
Epoch 154 Relative Error 0.0063269310630857944
Epoch 155 Relative Error 0.0063011534512043
Epoch 156 Relative Error 0.006286140531301498
Epoch 157 Relative Error 0.0062616304494440556
Epoch 158 Relative Error 0.006240739952772856
Epoch 159 Relative Error 0.006218929775059223
Epoch 160 Relative Error 0.0062093776650726795
Epoch 161 Relative Error 0.006187969818711281
Epoch 162 Relative Error 0.006165240425616503
Epoch 163 Relative Error 0.006148508284240961
Epoch 164 Relative Error 0.0061383540742099285
Epoch 165 Relative Error 0.006107006687670946
Epoch 166 Relative Error 0.006095364689826965
Epoch 167 Relative Error 0.0060748266987502575
Epoch 168 Relative Error 0.006051607429981232
Epoch 169 Relative Error 0.006035598460584879
Epoch 170 Relative Error 0.006014771293848753
Epoch 171 Relative Error 0.0059964293614029884
Epoch 172 Relative Error 0.0059906598180532455
Epoch 173 Relative Error 0.005968647543340921
Epoch 174 Relative Error 0.00595103157684207
Epoch 175 Relative Error 0.005951290018856525
Epoch 176 Relative Error 0.005930745508521795
Epoch 177 Relative Error 0.0059220618568360806
Epoch 178 Relative Error 0.0059066577814519405
Epoch 179 Relative Error 0.005884718149900436
Epoch 180 Relative Error 0.005865061655640602
Epoch 181 Relative Error 0.005827799905091524
Epoch 182 Relative Error 0.0058173988945782185
Epoch 183 Relative Error 0.005804501939564943
Epoch 184 Relative Error 0.005785184912383556
Epoch 185 Relative Error 0.005772916600108147
Epoch 186 Relative Error 0.005756681319326162
Epoch 187 Relative Error 0.005735489539802074
Epoch 188 Relative Error 0.005723806098103523
Epoch 189 Relative Error 0.005710120312869549
Epoch 190 Relative Error 0.0057001374661922455
Epoch 191 Relative Error 0.005680989008396864
Epoch 192 Relative Error 0.005672675557434559
Epoch 193 Relative Error 0.005641977768391371
Epoch 194 Relative Error 0.005637181922793388
Epoch 195 Relative Error 0.005612568464130163
Epoch 196 Relative Error 0.005608197767287493
Epoch 197 Relative Error 0.0055987113155424595
Epoch 198 Relative Error 0.005576941650360823
Epoch 199 Relative Error 0.005562959238886833
Epoch 200 Relative Error 0.005555978510528803
Epoch 201 Relative Error 0.005538999568670988
Epoch 202 Relative Error 0.0055307988077402115
Epoch 203 Relative Error 0.005505653563886881
Epoch 204 Relative Error 0.005491724703460932
Epoch 205 Relative Error 0.005482320673763752
Epoch 206 Relative Error 0.005463625770062208
Epoch 207 Relative Error 0.005451997276395559
Epoch 208 Relative Error 0.005440940149128437
Epoch 209 Relative Error 0.005423699039965868
Epoch 210 Relative Error 0.005414481740444899
Epoch 211 Relative Error 0.005395612213760614
Epoch 212 Relative Error 0.005385276395827532
Epoch 213 Relative Error 0.005372292827814817
Epoch 214 Relative Error 0.005361723713576794
Epoch 215 Relative Error 0.005354358348995447
Epoch 216 Relative Error 0.005341300740838051
Epoch 217 Relative Error 0.005331865511834621
Epoch 218 Relative Error 0.005310330539941788
Epoch 219 Relative Error 0.005300828721374273
Epoch 220 Relative Error 0.005287460051476955
Epoch 221 Relative Error 0.005278373137116432
Epoch 222 Relative Error 0.005279459059238434
Epoch 223 Relative Error 0.005249573849141598
Epoch 224 Relative Error 0.005236602388322353
Epoch 225 Relative Error 0.005232697352766991
Epoch 226 Relative Error 0.0052191889844834805
Epoch 227 Relative Error 0.00520153995603323
Epoch 228 Relative Error 0.005194293800741434
Epoch 229 Relative Error 0.005176412407308817
Epoch 230 Relative Error 0.005165628623217344
Epoch 231 Relative Error 0.005156085826456547
Epoch 232 Relative Error 0.0051491702906787395
Epoch 233 Relative Error 0.00513495784252882
Epoch 234 Relative Error 0.005123887211084366
Epoch 235 Relative Error 0.005114042665809393
Epoch 236 Relative Error 0.005102902185171843
Epoch 237 Relative Error 0.005088058300316334
Epoch 238 Relative Error 0.005079220049083233
Epoch 239 Relative Error 0.005071153864264488
Epoch 240 Relative Error 0.005061826668679714
Epoch 241 Relative Error 0.005049608182162046
Epoch 242 Relative Error 0.005034678149968386
Epoch 243 Relative Error 0.0050347032956779
Epoch 244 Relative Error 0.0050302729941904545
Epoch 245 Relative Error 0.005012845154851675
Epoch 246 Relative Error 0.005012669134885073
Epoch 247 Relative Error 0.0050119985826313496
Epoch 248 Relative Error 0.004982783924788237
Epoch 249 Relative Error 0.004986904561519623
Epoch 250 Relative Error 0.004964585416018963
Epoch 251 Relative Error 0.004960151854902506
Epoch 252 Relative Error 0.004946173168718815
Epoch 253 Relative Error 0.004928432870656252
Epoch 254 Relative Error 0.004924139939248562
Epoch 255 Relative Error 0.00490533234551549
Epoch 256 Relative Error 0.004899291321635246
Epoch 257 Relative Error 0.0048896013759076595
Epoch 258 Relative Error 0.004878162406384945
Epoch 259 Relative Error 0.004883588291704655
Epoch 260 Relative Error 0.004861576948314905
Epoch 261 Relative Error 0.00486187357455492
Epoch 262 Relative Error 0.004844239447265863
Epoch 263 Relative Error 0.004856256302446127
Epoch 264 Relative Error 0.0048261708579957485
Epoch 265 Relative Error 0.004821267444640398
Epoch 266 Relative Error 0.004804335068911314
Epoch 267 Relative Error 0.004796935711055994
Epoch 268 Relative Error 0.00478749955072999
Epoch 269 Relative Error 0.004784226417541504
Epoch 270 Relative Error 0.004777140449732542
Epoch 271 Relative Error 0.004768568091094494
Epoch 272 Relative Error 0.004764606710523367
Epoch 273 Relative Error 0.004743942990899086
Epoch 274 Relative Error 0.0047345454804599285
Epoch 275 Relative Error 0.004730033688247204
Epoch 276 Relative Error 0.004729216452687979
Epoch 277 Relative Error 0.004710787441581488
Epoch 278 Relative Error 0.004710420500487089
Epoch 279 Relative Error 0.0047067743726074696
Epoch 280 Relative Error 0.004691179376095533
Epoch 281 Relative Error 0.00469007296487689
Epoch 282 Relative Error 0.004672785755246878
Epoch 283 Relative Error 0.004659715108573437
Epoch 284 Relative Error 0.0046530007384717464
Epoch 285 Relative Error 0.0046492693945765495
Epoch 286 Relative Error 0.004638554062694311
Epoch 287 Relative Error 0.0046250829473137856
Epoch 288 Relative Error 0.004619137849658728
Epoch 289 Relative Error 0.004619399551302195
Epoch 290 Relative Error 0.004608064889907837
Epoch 291 Relative Error 0.004609763156622648
Epoch 292 Relative Error 0.004599673207849264
Epoch 293 Relative Error 0.004592209123075008
Epoch 294 Relative Error 0.004572206176817417
Epoch 295 Relative Error 0.004565685521811247
Epoch 296 Relative Error 0.004563908092677593
Epoch 297 Relative Error 0.004554063081741333
Epoch 298 Relative Error 0.0045441072434186935
Epoch 299 Relative Error 0.004535431042313576
Epoch 300 Relative Error 0.004526874516159296
Epoch 301 Relative Error 0.004516731947660446
Epoch 302 Relative Error 0.004512969870120287
Epoch 303 Relative Error 0.004508838523179293
Epoch 304 Relative Error 0.004500521346926689
Epoch 305 Relative Error 0.004489398095756769
Epoch 306 Relative Error 0.004480475559830666
Epoch 307 Relative Error 0.004470869433134794
Epoch 308 Relative Error 0.004461295437067747
Epoch 309 Relative Error 0.004458268638700247
Epoch 310 Relative Error 0.004449188709259033
Epoch 311 Relative Error 0.004452688153833151
Epoch 312 Relative Error 0.004435891285538673
Epoch 313 Relative Error 0.004433699883520603
Epoch 314 Relative Error 0.0044240523129701614
Epoch 315 Relative Error 0.004412949085235596
Epoch 316 Relative Error 0.004407965112477541
Epoch 317 Relative Error 0.004403124563395977
Epoch 318 Relative Error 0.004394070710986853
Epoch 319 Relative Error 0.004389851354062557
Epoch 320 Relative Error 0.004382790997624397
Epoch 321 Relative Error 0.00438197236508131
Epoch 322 Relative Error 0.004371499177068472
Epoch 323 Relative Error 0.004372094292193651
Epoch 324 Relative Error 0.00437517324462533
Epoch 325 Relative Error 0.004375105258077383
Epoch 326 Relative Error 0.004383574705570936
Epoch 327 Relative Error 0.004397084470838308
Epoch 328 Relative Error 0.004354296252131462
Epoch 329 Relative Error 0.004359304904937744
Epoch 330 Relative Error 0.004341426771134138
Epoch 331 Relative Error 0.004342623986303806
Epoch 332 Relative Error 0.004309019073843956
Epoch 333 Relative Error 0.004294019192457199
Epoch 334 Relative Error 0.004285396542400122
Epoch 335 Relative Error 0.004280637949705124
Epoch 336 Relative Error 0.004271882586181164
Epoch 337 Relative Error 0.004267674405127764
Epoch 338 Relative Error 0.004265786614269018
Epoch 339 Relative Error 0.004265005700290203
Epoch 340 Relative Error 0.004250179510563612
Epoch 341 Relative Error 0.004249944351613522
Epoch 342 Relative Error 0.004255590029060841
Epoch 343 Relative Error 0.004237977322191
Epoch 344 Relative Error 0.004232608713209629
Epoch 345 Relative Error 0.004223007243126631
Epoch 346 Relative Error 0.004219552502036095
Epoch 347 Relative Error 0.004211492836475372
Epoch 348 Relative Error 0.0042093656957149506
Epoch 349 Relative Error 0.004202292300760746
Epoch 350 Relative Error 0.004187352955341339
Epoch 351 Relative Error 0.004181994590908289
Epoch 352 Relative Error 0.0041784243658185005
Epoch 353 Relative Error 0.004175764974206686
Epoch 354 Relative Error 0.004173699300736189
Epoch 355 Relative Error 0.004180880729109049
Epoch 356 Relative Error 0.004168605897575617
Epoch 357 Relative Error 0.0041650100611150265
Epoch 358 Relative Error 0.004160301294177771
Epoch 359 Relative Error 0.004141709767282009
Epoch 360 Relative Error 0.0041402350179851055
Epoch 361 Relative Error 0.00413369620218873
Epoch 362 Relative Error 0.004128149710595608
Epoch 363 Relative Error 0.004118867218494415
Epoch 364 Relative Error 0.004123032093048096
Epoch 365 Relative Error 0.004105863161385059
Epoch 366 Relative Error 0.00410041306167841
Epoch 367 Relative Error 0.004094058182090521
Epoch 368 Relative Error 0.004089448135346174
Epoch 369 Relative Error 0.004082950297743082
Epoch 370 Relative Error 0.004076369572430849
Epoch 371 Relative Error 0.004068055655807257
Epoch 372 Relative Error 0.004064635373651981
Epoch 373 Relative Error 0.004060340579599142
Epoch 374 Relative Error 0.004056534264236689
Epoch 375 Relative Error 0.0040464848279953
Epoch 376 Relative Error 0.004044927190989256
Epoch 377 Relative Error 0.004047919064760208
Epoch 378 Relative Error 0.004037084523588419
Epoch 379 Relative Error 0.004027169197797775
Epoch 380 Relative Error 0.004020208492875099
Epoch 381 Relative Error 0.0040140640921890736
Epoch 382 Relative Error 0.00401865690946579
Epoch 383 Relative Error 0.004013113211840391
Epoch 384 Relative Error 0.004005601163953543
Epoch 385 Relative Error 0.003990203607827425
Epoch 386 Relative Error 0.003987831994891167
Epoch 387 Relative Error 0.003981118090450764
Epoch 388 Relative Error 0.003977631218731403
Epoch 389 Relative Error 0.003970525227487087
Epoch 390 Relative Error 0.0039645773358643055
Epoch 391 Relative Error 0.003969342913478613
Epoch 392 Relative Error 0.003960281610488892
Epoch 393 Relative Error 0.003959773574024439
Epoch 394 Relative Error 0.003950710408389568
Epoch 395 Relative Error 0.00394821260124445
Epoch 396 Relative Error 0.003944338299334049
Epoch 397 Relative Error 0.003945623524487019
Epoch 398 Relative Error 0.003934750333428383
Epoch 399 Relative Error 0.003928270656615496
Epoch 400 Relative Error 0.0039199055172502995
Epoch 401 Relative Error 0.0039123790338635445
Epoch 402 Relative Error 0.0039121531881392
Epoch 403 Relative Error 0.003909646533429623
Epoch 404 Relative Error 0.003901370568200946
Epoch 405 Relative Error 0.0038986930157989264
Epoch 406 Relative Error 0.003901006653904915
Epoch 407 Relative Error 0.0038856242317706347
Epoch 408 Relative Error 0.0038858940824866295
Epoch 409 Relative Error 0.0038761994801461697
Epoch 410 Relative Error 0.0038803366478532553
Epoch 411 Relative Error 0.0038762898184359074
Epoch 412 Relative Error 0.003866903716698289
Epoch 413 Relative Error 0.0038755969144403934
Epoch 414 Relative Error 0.003857251489534974
Epoch 415 Relative Error 0.003851210931316018
Epoch 416 Relative Error 0.003846358973532915
Epoch 417 Relative Error 0.003840883495286107
Epoch 418 Relative Error 0.0038384890649467707
Epoch 419 Relative Error 0.003839658573269844
Epoch 420 Relative Error 0.003833906492218375
Epoch 421 Relative Error 0.0038243927992880344
Epoch 422 Relative Error 0.003812673967331648
Epoch 423 Relative Error 0.0038168360479176044
Epoch 424 Relative Error 0.003810936352238059
Epoch 425 Relative Error 0.0038052755407989025
Epoch 426 Relative Error 0.003799975151196122
Epoch 427 Relative Error 0.0037933934945613146
Epoch 428 Relative Error 0.0037862600293010473
Epoch 429 Relative Error 0.003787039779126644
Epoch 430 Relative Error 0.0037809733767062426
Epoch 431 Relative Error 0.0037762040738016367
Epoch 432 Relative Error 0.0037704266142100096
Epoch 433 Relative Error 0.003765837289392948
Epoch 434 Relative Error 0.0037629229482263327
Epoch 435 Relative Error 0.0037620265502482653
Epoch 436 Relative Error 0.003760723862797022
Epoch 437 Relative Error 0.0037523158825933933
Epoch 438 Relative Error 0.0037476446013897657
Epoch 439 Relative Error 0.0037459901068359613
Epoch 440 Relative Error 0.0037339406553655863
Epoch 441 Relative Error 0.0037316991947591305
Epoch 442 Relative Error 0.0037290710024535656
Epoch 443 Relative Error 0.0037241776008158922
Epoch 444 Relative Error 0.0037177186459302902
Epoch 445 Relative Error 0.0037138587795197964
Epoch 446 Relative Error 0.0037151004653424025
Epoch 447 Relative Error 0.0037090235855430365
Epoch 448 Relative Error 0.003703582566231489
Epoch 449 Relative Error 0.003697515930980444
Epoch 450 Relative Error 0.0037016267888247967
Epoch 451 Relative Error 0.0036964835599064827
Epoch 452 Relative Error 0.003699258668348193
Epoch 453 Relative Error 0.0036921375431120396
Epoch 454 Relative Error 0.00368584506213665
Epoch 455 Relative Error 0.0036807418800890446
Epoch 456 Relative Error 0.003674402367323637
Epoch 457 Relative Error 0.0036753686144948006
Epoch 458 Relative Error 0.0036749043501913548
Epoch 459 Relative Error 0.003671994898468256
Epoch 460 Relative Error 0.0036624008789658546
Epoch 461 Relative Error 0.003657715395092964
Epoch 462 Relative Error 0.003660395974293351
Epoch 463 Relative Error 0.0036614476703107357
Epoch 464 Relative Error 0.0036694230511784554
Epoch 465 Relative Error 0.00364898145198822
Epoch 466 Relative Error 0.0036319573409855366
Epoch 467 Relative Error 0.0036379401572048664
Epoch 468 Relative Error 0.0036415052600204945
Epoch 469 Relative Error 0.003622803371399641
Epoch 470 Relative Error 0.003624499076977372
Epoch 471 Relative Error 0.003614073386415839
Epoch 472 Relative Error 0.0036103336606174707
Epoch 473 Relative Error 0.0036031154450029135
Epoch 474 Relative Error 0.0035994770005345345
Epoch 475 Relative Error 0.0035978450905531645
Epoch 476 Relative Error 0.0035933603066951036
Epoch 477 Relative Error 0.0035911945160478354
Epoch 478 Relative Error 0.0035888375714421272
Epoch 479 Relative Error 0.0035827397368848324
Epoch 480 Relative Error 0.003577170195057988
Epoch 481 Relative Error 0.003572402521967888
Epoch 482 Relative Error 0.0035702399909496307
Epoch 483 Relative Error 0.0035656674299389124
Epoch 484 Relative Error 0.0035710041411221027
Epoch 485 Relative Error 0.0035646625328809023
Epoch 486 Relative Error 0.00356409908272326
Epoch 487 Relative Error 0.003555715549737215
Epoch 488 Relative Error 0.003549851942807436
Epoch 489 Relative Error 0.0035587677266448736
Epoch 490 Relative Error 0.003546182531863451
Epoch 491 Relative Error 0.003540461417287588
Epoch 492 Relative Error 0.0035386821255087852
Epoch 493 Relative Error 0.003530342597514391
Epoch 494 Relative Error 0.0035349258687347174
Epoch 495 Relative Error 0.0035332052502781153
Epoch 496 Relative Error 0.0035270636435598135
Epoch 497 Relative Error 0.0035173988435417414
Epoch 498 Relative Error 0.0035234084352850914
Epoch 499 Relative Error 0.003525416599586606
Epoch 500 Relative Error 0.0035221565049141645
Epoch 501 Relative Error 0.0035243628080934286
Epoch 502 Relative Error 0.0035067484714090824
Epoch 503 Relative Error 0.0035068595316261053
Epoch 504 Relative Error 0.003503205254673958
Epoch 505 Relative Error 0.0034979693591594696
Epoch 506 Relative Error 0.003492747899144888
Epoch 507 Relative Error 0.003488593501970172
Epoch 508 Relative Error 0.003482653060927987
Epoch 509 Relative Error 0.00348069379106164
Epoch 510 Relative Error 0.0034737871028482914
Epoch 511 Relative Error 0.0034695870708674192
Epoch 512 Relative Error 0.0034652194008231163
Epoch 513 Relative Error 0.0034633439499884844
Epoch 514 Relative Error 0.003461488289758563
Epoch 515 Relative Error 0.003459380939602852
Epoch 516 Relative Error 0.0034559578634798527
Epoch 517 Relative Error 0.0034497121814638376
Epoch 518 Relative Error 0.0034466381184756756
Epoch 519 Relative Error 0.0034466306678950787
Epoch 520 Relative Error 0.003445503069087863
Epoch 521 Relative Error 0.0034389044158160686
Epoch 522 Relative Error 0.0034376620315015316
Epoch 523 Relative Error 0.003449313808232546
Epoch 524 Relative Error 0.003436691826209426
Epoch 525 Relative Error 0.003439782653003931
Epoch 526 Relative Error 0.003429165342822671
Epoch 527 Relative Error 0.00343207991681993
Epoch 528 Relative Error 0.0034273064229637384
Epoch 529 Relative Error 0.003428385592997074
Epoch 530 Relative Error 0.003416721010580659
Epoch 531 Relative Error 0.003410293720662594
Epoch 532 Relative Error 0.0034178912173956633
Epoch 533 Relative Error 0.003415824146941304
Epoch 534 Relative Error 0.0033996310085058212
Epoch 535 Relative Error 0.003395137609913945
Epoch 536 Relative Error 0.0033958610147237778
Epoch 537 Relative Error 0.003388579934835434
Epoch 538 Relative Error 0.00338957691565156
Epoch 539 Relative Error 0.0033837787341326475
Epoch 540 Relative Error 0.0033836401998996735
Epoch 541 Relative Error 0.003372041042894125
Epoch 542 Relative Error 0.0033724044915288687
Epoch 543 Relative Error 0.0033674065489321947
Epoch 544 Relative Error 0.003372554900124669
Epoch 545 Relative Error 0.003371384460479021
Epoch 546 Relative Error 0.0033674847800284624
Epoch 547 Relative Error 0.0033642039634287357
Epoch 548 Relative Error 0.0033579571172595024
Epoch 549 Relative Error 0.0033582623582333326
Epoch 550 Relative Error 0.00335228000767529
Epoch 551 Relative Error 0.003354365471750498
Epoch 552 Relative Error 0.003347580088302493
Epoch 553 Relative Error 0.0033387555740773678
Epoch 554 Relative Error 0.003339221701025963
Epoch 555 Relative Error 0.003337877569720149
Epoch 556 Relative Error 0.0033297096379101276
Epoch 557 Relative Error 0.0033261042553931475
Epoch 558 Relative Error 0.003323885379359126
Epoch 559 Relative Error 0.0033229440450668335
Epoch 560 Relative Error 0.0033307080157101154
Epoch 561 Relative Error 0.0033233913127332926
Epoch 562 Relative Error 0.0033171093091368675
Epoch 563 Relative Error 0.0033113632816821337
Epoch 564 Relative Error 0.0033112510573118925
Epoch 565 Relative Error 0.0033133358228951693
Epoch 566 Relative Error 0.003314328845590353
Epoch 567 Relative Error 0.0032998663373291492
Epoch 568 Relative Error 0.003295367816463113
Epoch 569 Relative Error 0.0032974486239254475
Epoch 570 Relative Error 0.003297836985439062
Epoch 571 Relative Error 0.003299335716292262
Epoch 572 Relative Error 0.003287976374849677
Epoch 573 Relative Error 0.003289505373686552
Epoch 574 Relative Error 0.0032915386836975813
Epoch 575 Relative Error 0.0032912681344896555
Epoch 576 Relative Error 0.0032790370751172304
Epoch 577 Relative Error 0.0032793607097119093
Epoch 578 Relative Error 0.0032723986078053713
Epoch 579 Relative Error 0.0032676367554813623
Epoch 580 Relative Error 0.0032647124025970697
Epoch 581 Relative Error 0.0032572562340646982
Epoch 582 Relative Error 0.003259665099903941
Epoch 583 Relative Error 0.003259297925978899
Epoch 584 Relative Error 0.003252034541219473
Epoch 585 Relative Error 0.0032530452590435743
Epoch 586 Relative Error 0.0032437487971037626
Epoch 587 Relative Error 0.0032500391826033592
Epoch 588 Relative Error 0.003245607018470764
Epoch 589 Relative Error 0.003233763389289379
Epoch 590 Relative Error 0.0032412013970315456
Epoch 591 Relative Error 0.0032315636053681374
Epoch 592 Relative Error 0.003230807837098837
Epoch 593 Relative Error 0.003227036213502288
Epoch 594 Relative Error 0.0032314227428287268
Epoch 595 Relative Error 0.0032250182703137398
Epoch 596 Relative Error 0.0032215830869972706
Epoch 597 Relative Error 0.0032224359456449747
Epoch 598 Relative Error 0.0032222450245171785
Epoch 599 Relative Error 0.0032158514950424433
Epoch 600 Relative Error 0.003209121758118272
Epoch 601 Relative Error 0.0032049394212663174
Epoch 602 Relative Error 0.003204726381227374
Epoch 603 Relative Error 0.0032011736184358597
Epoch 604 Relative Error 0.0031969123519957066
Epoch 605 Relative Error 0.0031993610318750143
Epoch 606 Relative Error 0.0031990918796509504
Epoch 607 Relative Error 0.003198157297447324
Epoch 608 Relative Error 0.0031928587704896927
Epoch 609 Relative Error 0.003183838678523898
Epoch 610 Relative Error 0.0031817895360291004
Epoch 611 Relative Error 0.0031795059330761433
Epoch 612 Relative Error 0.00317739462479949
Epoch 613 Relative Error 0.003178316168487072
Epoch 614 Relative Error 0.0031758153345435858
Epoch 615 Relative Error 0.0031712681520730257
Epoch 616 Relative Error 0.0031653274782001972
Epoch 617 Relative Error 0.0031654576305299997
Epoch 618 Relative Error 0.003161452477797866
Epoch 619 Relative Error 0.003159371204674244
Epoch 620 Relative Error 0.00315569038502872
Epoch 621 Relative Error 0.003158958861604333
Epoch 622 Relative Error 0.00315350410528481
Epoch 623 Relative Error 0.003149389522150159
Epoch 624 Relative Error 0.0031570405699312687
Epoch 625 Relative Error 0.0031460009049624205
Epoch 626 Relative Error 0.003145099151879549
Epoch 627 Relative Error 0.0031471471302211285
Epoch 628 Relative Error 0.003140448359772563
Epoch 629 Relative Error 0.0031377049162983894
Epoch 630 Relative Error 0.003131129313260317
Epoch 631 Relative Error 0.0031324299052357674
Epoch 632 Relative Error 0.003131384262815118
Epoch 633 Relative Error 0.003126167692244053
Epoch 634 Relative Error 0.0031263960991054773
Epoch 635 Relative Error 0.0031227217987179756
Epoch 636 Relative Error 0.0031275555957108736
Epoch 637 Relative Error 0.0031184691470116377
Epoch 638 Relative Error 0.0031162865925580263
Epoch 639 Relative Error 0.003115176921710372
Epoch 640 Relative Error 0.0031105075031518936
Epoch 641 Relative Error 0.0031120481435209513
Epoch 642 Relative Error 0.0031049964018166065
Epoch 643 Relative Error 0.0031002252362668514
Epoch 644 Relative Error 0.003099172841757536
Epoch 645 Relative Error 0.0031014084815979004
Epoch 646 Relative Error 0.0031010007951408625
Epoch 647 Relative Error 0.0030993507243692875
Epoch 648 Relative Error 0.0030910116620361805
Epoch 649 Relative Error 0.0030948210041970015
Epoch 650 Relative Error 0.0030971465166658163
Epoch 651 Relative Error 0.0030860749538987875
Epoch 652 Relative Error 0.0030815282370895147
Epoch 653 Relative Error 0.00308585399761796
Epoch 654 Relative Error 0.0030804318375885487
Epoch 655 Relative Error 0.0030786218121647835
Epoch 656 Relative Error 0.003077632747590542
Epoch 657 Relative Error 0.0030697144102305174
Epoch 658 Relative Error 0.0030738776549696922
Epoch 659 Relative Error 0.0030648966785520315
Epoch 660 Relative Error 0.003067719517275691
Epoch 661 Relative Error 0.0030645655933767557
Epoch 662 Relative Error 0.003060622839257121
Epoch 663 Relative Error 0.0030601161997765303
Epoch 664 Relative Error 0.003057531313970685
Epoch 665 Relative Error 0.0030539706349372864
Epoch 666 Relative Error 0.0030503785237669945
Epoch 667 Relative Error 0.003045665565878153
Epoch 668 Relative Error 0.003046295139938593
Epoch 669 Relative Error 0.0030492828227579594
Epoch 670 Relative Error 0.0030501491855829954
Epoch 671 Relative Error 0.003045174991711974
Epoch 672 Relative Error 0.0030462227296084166
Epoch 673 Relative Error 0.003039717208594084
Epoch 674 Relative Error 0.0030464043375104666
Epoch 675 Relative Error 0.0030299387872219086
Epoch 676 Relative Error 0.0030290898866951466
Epoch 677 Relative Error 0.0030280223581939936
Epoch 678 Relative Error 0.003024285426363349
Epoch 679 Relative Error 0.003023759461939335
Epoch 680 Relative Error 0.003020355012267828
Epoch 681 Relative Error 0.003018526826053858
Epoch 682 Relative Error 0.003019905649125576
Epoch 683 Relative Error 0.003010400338098407
Epoch 684 Relative Error 0.0030162748880684376
Epoch 685 Relative Error 0.0030081458389759064
Epoch 686 Relative Error 0.0030122469179332256
Epoch 687 Relative Error 0.0030103118624538183
Epoch 688 Relative Error 0.0030037937685847282
Epoch 689 Relative Error 0.0030045469757169485
Epoch 690 Relative Error 0.0030034782830625772
Epoch 691 Relative Error 0.002999853575602174
Epoch 692 Relative Error 0.0029952728655189276
Epoch 693 Relative Error 0.0029913452453911304
Epoch 694 Relative Error 0.002989938948303461
Epoch 695 Relative Error 0.002998759038746357
Epoch 696 Relative Error 0.0029890083242207766
Epoch 697 Relative Error 0.002982799429446459
Epoch 698 Relative Error 0.0029931915923953056
Epoch 699 Relative Error 0.0029936686623841524
Epoch 700 Relative Error 0.0029879582580178976
Epoch 701 Relative Error 0.0029746948275715113
Epoch 702 Relative Error 0.0029750133398920298
Epoch 703 Relative Error 0.0029804043006151915
Epoch 704 Relative Error 0.0029693380929529667
Epoch 705 Relative Error 0.0029730303213000298
Epoch 706 Relative Error 0.0029737644363194704
Epoch 707 Relative Error 0.0029751788824796677
Epoch 708 Relative Error 0.0029659729916602373
Epoch 709 Relative Error 0.0029590607155114412
Epoch 710 Relative Error 0.0029618621338158846
Epoch 711 Relative Error 0.0029563703574240208
Epoch 712 Relative Error 0.002957866759970784
Epoch 713 Relative Error 0.0029529742896556854
Epoch 714 Relative Error 0.002953975461423397
Epoch 715 Relative Error 0.002951039932668209
Epoch 716 Relative Error 0.002951584989205003
Epoch 717 Relative Error 0.0029493006877601147
Epoch 718 Relative Error 0.00294558540917933
Epoch 719 Relative Error 0.0029491845052689314
Epoch 720 Relative Error 0.002955509116873145
Epoch 721 Relative Error 0.0029402002692222595
Epoch 722 Relative Error 0.00294153718277812
Epoch 723 Relative Error 0.0029428054112941027
Epoch 724 Relative Error 0.0029345585498958826
Epoch 725 Relative Error 0.00293100462295115
Epoch 726 Relative Error 0.002930169925093651
Epoch 727 Relative Error 0.002933216979727149
Epoch 728 Relative Error 0.0029325997456908226
Epoch 729 Relative Error 0.002933315932750702
Epoch 730 Relative Error 0.002937803277745843
Epoch 731 Relative Error 0.002935111988335848
Epoch 732 Relative Error 0.002919519552960992
Epoch 733 Relative Error 0.002932386239990592
Epoch 734 Relative Error 0.002922356128692627
Epoch 735 Relative Error 0.0029174985829740763
Epoch 736 Relative Error 0.0029197081457823515
Epoch 737 Relative Error 0.0029162794817239046
Epoch 738 Relative Error 0.0029097285587340593
Epoch 739 Relative Error 0.0029092952609062195
Epoch 740 Relative Error 0.00290501257404685
Epoch 741 Relative Error 0.0029161579441279173
Epoch 742 Relative Error 0.0029048772994428873
Epoch 743 Relative Error 0.002898781793192029
Epoch 744 Relative Error 0.0028967566322535276
Epoch 745 Relative Error 0.002896583639085293
Epoch 746 Relative Error 0.002889796858653426
Epoch 747 Relative Error 0.0028865644708275795
Epoch 748 Relative Error 0.002889493713155389
Epoch 749 Relative Error 0.0028849446680396795
Epoch 750 Relative Error 0.002878535771742463
Epoch 751 Relative Error 0.00287889176979661
Epoch 752 Relative Error 0.0028772104997187853
Epoch 753 Relative Error 0.002879671286791563
Epoch 754 Relative Error 0.002873579505831003
Epoch 755 Relative Error 0.0028726537711918354
Epoch 756 Relative Error 0.0028674795757979155
Epoch 757 Relative Error 0.002870408818125725
Epoch 758 Relative Error 0.0028815162368118763
Epoch 759 Relative Error 0.002876910148188472
Epoch 760 Relative Error 0.0028673107735812664
Epoch 761 Relative Error 0.002862105378881097
Epoch 762 Relative Error 0.0028598422650247812
Epoch 763 Relative Error 0.0028676472138613462
Epoch 764 Relative Error 0.0028640355449169874
Epoch 765 Relative Error 0.00286755058914423
Epoch 766 Relative Error 0.002867319853976369
Epoch 767 Relative Error 0.002859800588339567
Epoch 768 Relative Error 0.0028518124017864466
Epoch 769 Relative Error 0.0028494964353740215
Epoch 770 Relative Error 0.0028511604759842157
Epoch 771 Relative Error 0.0028523746877908707
Epoch 772 Relative Error 0.0028542489744722843
Epoch 773 Relative Error 0.002845878480002284
Epoch 774 Relative Error 0.002846872666850686
Epoch 775 Relative Error 0.0028424751944839954
Epoch 776 Relative Error 0.002833494683727622
Epoch 777 Relative Error 0.00283125345595181
Epoch 778 Relative Error 0.0028291207272559404
Epoch 779 Relative Error 0.0028304399456828833
Epoch 780 Relative Error 0.002828616416081786
Epoch 781 Relative Error 0.0028283775318413973
Epoch 782 Relative Error 0.0028299519326537848
Epoch 783 Relative Error 0.002820003777742386
Epoch 784 Relative Error 0.002818478737026453
Epoch 785 Relative Error 0.002815399318933487
Epoch 786 Relative Error 0.0028148849960416555
Epoch 787 Relative Error 0.002814758801832795
Epoch 788 Relative Error 0.002811349928379059
Epoch 789 Relative Error 0.0028137429617345333
Epoch 790 Relative Error 0.002818391192704439
Epoch 791 Relative Error 0.002815029351040721
Epoch 792 Relative Error 0.0028109848499298096
Epoch 793 Relative Error 0.002807115437462926
Epoch 794 Relative Error 0.0028071687556803226
Epoch 795 Relative Error 0.002803704235702753
Epoch 796 Relative Error 0.002802956849336624
Epoch 797 Relative Error 0.0027928093913942575
Epoch 798 Relative Error 0.0027953125536441803
Epoch 799 Relative Error 0.0027944184839725494
Epoch 800 Relative Error 0.0027961728628724813
Epoch 801 Relative Error 0.0027987079229205847
Epoch 802 Relative Error 0.002794360276311636
Epoch 803 Relative Error 0.002788564655929804
Epoch 804 Relative Error 0.0027881604619324207
Epoch 805 Relative Error 0.002789665712043643
Epoch 806 Relative Error 0.002784319454804063
Epoch 807 Relative Error 0.0027868221513926983
Epoch 808 Relative Error 0.0027886827010661364
Epoch 809 Relative Error 0.0027930729556828737
Epoch 810 Relative Error 0.002784465905278921
Epoch 811 Relative Error 0.002783840987831354
Epoch 812 Relative Error 0.0027757531497627497
Epoch 813 Relative Error 0.002779769478365779
Epoch 814 Relative Error 0.0027816470246762037
Epoch 815 Relative Error 0.002770207589492202
Epoch 816 Relative Error 0.00277304626069963
Epoch 817 Relative Error 0.002768644131720066
Epoch 818 Relative Error 0.002766764024272561
Epoch 819 Relative Error 0.002762087155133486
Epoch 820 Relative Error 0.002758423797786236
Epoch 821 Relative Error 0.0027571057435125113
Epoch 822 Relative Error 0.0027576719876378775
Epoch 823 Relative Error 0.0027627001982182264
Epoch 824 Relative Error 0.002752485917881131
Epoch 825 Relative Error 0.002765884157270193
Epoch 826 Relative Error 0.002762146294116974
Epoch 827 Relative Error 0.0027491741348057985
Epoch 828 Relative Error 0.002751535503193736
Epoch 829 Relative Error 0.0027472293004393578
Epoch 830 Relative Error 0.0027465748135000467
Epoch 831 Relative Error 0.002750252140685916
Epoch 832 Relative Error 0.002746324520558119
Epoch 833 Relative Error 0.002740943804383278
Epoch 834 Relative Error 0.00274197687394917
Epoch 835 Relative Error 0.0027446183376014233
Epoch 836 Relative Error 0.0027435116935521364
Epoch 837 Relative Error 0.0027355190832167864
Epoch 838 Relative Error 0.002742056967690587
Epoch 839 Relative Error 0.002733709989115596
Epoch 840 Relative Error 0.0027408909518271685
Epoch 841 Relative Error 0.0027379486709833145
Epoch 842 Relative Error 0.002734192879870534
Epoch 843 Relative Error 0.0027251173742115498
Epoch 844 Relative Error 0.0027218584436923265
Epoch 845 Relative Error 0.0027299693319946527
Epoch 846 Relative Error 0.0027252177242189646
Epoch 847 Relative Error 0.0027190016116946936
Epoch 848 Relative Error 0.0027131736278533936
Epoch 849 Relative Error 0.0027161038015037775
Epoch 850 Relative Error 0.0027162826154381037
Epoch 851 Relative Error 0.0027148097287863493
Epoch 852 Relative Error 0.002709818771108985
Epoch 853 Relative Error 0.0027113656979054213
Epoch 854 Relative Error 0.0027059419080615044
Epoch 855 Relative Error 0.002707064151763916
Epoch 856 Relative Error 0.0027079784777015448
Epoch 857 Relative Error 0.00271657039411366
Epoch 858 Relative Error 0.002718375762924552
Epoch 859 Relative Error 0.0027130080852657557
Epoch 860 Relative Error 0.0027033318765461445
Epoch 861 Relative Error 0.002700375858694315
Epoch 862 Relative Error 0.0027008461765944958
Epoch 863 Relative Error 0.002702623140066862
Epoch 864 Relative Error 0.00269300676882267
Epoch 865 Relative Error 0.002699080388993025
Epoch 866 Relative Error 0.002698332304134965
Epoch 867 Relative Error 0.002703447127714753
Epoch 868 Relative Error 0.0026959050446748734
Epoch 869 Relative Error 0.002686412539333105
Epoch 870 Relative Error 0.0026838835328817368
Epoch 871 Relative Error 0.0026809258852154016
Epoch 872 Relative Error 0.002680402249097824
Epoch 873 Relative Error 0.002680709585547447
Epoch 874 Relative Error 0.0026792094577103853
Epoch 875 Relative Error 0.0026754923164844513
Epoch 876 Relative Error 0.0026758608873933554
Epoch 877 Relative Error 0.002673475304618478
Epoch 878 Relative Error 0.0026679758448153734
Epoch 879 Relative Error 0.002669455949217081
Epoch 880 Relative Error 0.0026668894570320845
Epoch 881 Relative Error 0.0026688312646001577
Epoch 882 Relative Error 0.0026622661389410496
Epoch 883 Relative Error 0.0026651606895029545
Epoch 884 Relative Error 0.0026709900703281164
Epoch 885 Relative Error 0.0026585115119814873
Epoch 886 Relative Error 0.0026631879154592752
Epoch 887 Relative Error 0.0026660908479243517
Epoch 888 Relative Error 0.002661272417753935
Epoch 889 Relative Error 0.0026607909239828587
Epoch 890 Relative Error 0.0026653865352272987
Epoch 891 Relative Error 0.0026565194129943848
Epoch 892 Relative Error 0.0026589904446154833
Epoch 893 Relative Error 0.002659995574504137
Epoch 894 Relative Error 0.002667927648872137
Epoch 895 Relative Error 0.0026602321304380894
Epoch 896 Relative Error 0.00264910701662302
Epoch 897 Relative Error 0.0026472315657883883
Epoch 898 Relative Error 0.002645638072863221
Epoch 899 Relative Error 0.002638988196849823
Epoch 900 Relative Error 0.0026476182974874973
Epoch 901 Relative Error 0.002636397024616599
Epoch 902 Relative Error 0.0026353313587605953
Epoch 903 Relative Error 0.0026371984276920557
Epoch 904 Relative Error 0.0026347485836595297
Epoch 905 Relative Error 0.002639556070789695
Epoch 906 Relative Error 0.0026306237559765577
Epoch 907 Relative Error 0.0026325334329158068
Epoch 908 Relative Error 0.0026285185012966394
Epoch 909 Relative Error 0.002631374867632985
Epoch 910 Relative Error 0.002626206027343869
Epoch 911 Relative Error 0.0026244258042424917
Epoch 912 Relative Error 0.0026208008639514446
Epoch 913 Relative Error 0.0026270532980561256
Epoch 914 Relative Error 0.0026234013494104147
Epoch 915 Relative Error 0.0026183926966041327
Epoch 916 Relative Error 0.002619807841256261
Epoch 917 Relative Error 0.002620490500703454
Epoch 918 Relative Error 0.0026175929233431816
Epoch 919 Relative Error 0.002615684410557151
Epoch 920 Relative Error 0.0026135395746678114
Epoch 921 Relative Error 0.0026165226008743048
Epoch 922 Relative Error 0.0026157372631132603
Epoch 923 Relative Error 0.0026091975159943104
Epoch 924 Relative Error 0.0026079644449055195
Epoch 925 Relative Error 0.002610983792692423
Epoch 926 Relative Error 0.002604446839541197
Epoch 927 Relative Error 0.0026086161378771067
Epoch 928 Relative Error 0.002605561399832368
Epoch 929 Relative Error 0.002600868931040168
Epoch 930 Relative Error 0.002599694998934865
Epoch 931 Relative Error 0.0026019224897027016
Epoch 932 Relative Error 0.002598485676571727
Epoch 933 Relative Error 0.0026023562531918287
Epoch 934 Relative Error 0.0025971713475883007
Epoch 935 Relative Error 0.0026008649729192257
Epoch 936 Relative Error 0.002590038115158677
Epoch 937 Relative Error 0.0025916218291968107
Epoch 938 Relative Error 0.0025888849049806595
Epoch 939 Relative Error 0.002596034901216626
Epoch 940 Relative Error 0.0025835693813860416
Epoch 941 Relative Error 0.0025842413306236267
Epoch 942 Relative Error 0.002584718866273761
Epoch 943 Relative Error 0.002582704182714224
Epoch 944 Relative Error 0.0025831328239291906
Epoch 945 Relative Error 0.002580497646704316
Epoch 946 Relative Error 0.002576787257567048
Epoch 947 Relative Error 0.0025820413138717413
Epoch 948 Relative Error 0.0025797802954912186
Epoch 949 Relative Error 0.0025778859853744507
Epoch 950 Relative Error 0.0025840329471975565
Epoch 951 Relative Error 0.0025752950459718704
Epoch 952 Relative Error 0.0025833859108388424
Epoch 953 Relative Error 0.0025707504246383905
Epoch 954 Relative Error 0.0025815381668508053
Epoch 955 Relative Error 0.002572548110038042
Epoch 956 Relative Error 0.002570884069427848
Epoch 957 Relative Error 0.002569553442299366
Epoch 958 Relative Error 0.0025878415908664465
Epoch 959 Relative Error 0.0025689448229968548
Epoch 960 Relative Error 0.002567670540884137
Epoch 961 Relative Error 0.002563037211075425
Epoch 962 Relative Error 0.002558876061812043
Epoch 963 Relative Error 0.0025585468392819166
Epoch 964 Relative Error 0.002554357284680009
Epoch 965 Relative Error 0.0025500638876110315
Epoch 966 Relative Error 0.0025503344368189573
Epoch 967 Relative Error 0.0025520205963402987
Epoch 968 Relative Error 0.002551750047132373
Epoch 969 Relative Error 0.0025456079747527838
Epoch 970 Relative Error 0.002545052906498313
Epoch 971 Relative Error 0.002547759562730789
Epoch 972 Relative Error 0.002546686679124832
Epoch 973 Relative Error 0.0025434952694922686
Epoch 974 Relative Error 0.0025389567017555237
Epoch 975 Relative Error 0.0025411935057491064
Epoch 976 Relative Error 0.0025365441106259823
Epoch 977 Relative Error 0.002537966938689351
Epoch 978 Relative Error 0.00254245288670063
Epoch 979 Relative Error 0.0025359683204442263
Epoch 980 Relative Error 0.002535032108426094
Epoch 981 Relative Error 0.002530854195356369
Epoch 982 Relative Error 0.0025304644368588924
Epoch 983 Relative Error 0.0025301140267401934
Epoch 984 Relative Error 0.0025276902597397566
Epoch 985 Relative Error 0.0025283480063080788
Epoch 986 Relative Error 0.002528256271034479
Epoch 987 Relative Error 0.0025248315650969744
Epoch 988 Relative Error 0.002527606673538685
Epoch 989 Relative Error 0.0025228247977793217
Epoch 990 Relative Error 0.0025320483837276697
Epoch 991 Relative Error 0.0025347936898469925
Epoch 992 Relative Error 0.0025219267699867487
Epoch 993 Relative Error 0.002521845744922757
Epoch 994 Relative Error 0.0025205479469150305
Epoch 995 Relative Error 0.002515166299417615
Epoch 996 Relative Error 0.0025139159988611937
Epoch 997 Relative Error 0.0025183232501149178
Epoch 998 Relative Error 0.002514657098799944
Epoch 999 Relative Error 0.002522523980587721
Epoch 1000 Relative Error 0.0025211768224835396
RE (3, 6, 12, 0): 0.0025139159988611937
Green's Function RE (3, 6, 12, 0): 0.009886316955089569
Bias Term RE (3, 6, 12, 0): 0.005086487624794245
Combination (3, 6, 12, 0, 0): 0.0025299140252172947
Combination (3, 6, 12, 0, 1): 0.0023306861985474825
Combination (3, 6, 12, 0, 2): 0.0022725104354321957
Combination (3, 6, 12, 0, 3): 0.00225466419942677
Combination (3, 6, 12, 0, 4): 0.0022466336376965046

/home/gridsan/gstepaniants/.local/lib/python3.8/site-packages/torch/functional.py:478: UserWarning: torch.meshgrid: in an upcoming release, it will be required to pass the indexing argument. (Triggered internally at  ../aten/src/ATen/native/TensorShape.cpp:2895.)
  return _VF.meshgrid(tensors, **kwargs)  # type: ignore[attr-defined]
