[KeOps] Warning : Cuda libraries were not detected on the system ; using cpu only mode
1
Kernel: Matern5/2
Weight Mesh: 100
RKHS Kernel Width: 0.02
Lambda: 1e-06
Green's Function Learning Rate: 100
Bias Term Learning Rate: 100
Epoch 1 Relative Error 5647.09033203125
First epoch had re = 5647.09033203125 > 1
Green's Function Learning Rate: 50
Bias Term Learning Rate: 50
Epoch 1 Relative Error 3124.8173828125
First epoch had re = 3124.8173828125 > 1
Green's Function Learning Rate: 10
Bias Term Learning Rate: 10
Epoch 1 Relative Error 516.4567260742188
First epoch had re = 516.4567260742188 > 1
Green's Function Learning Rate: 5
Bias Term Learning Rate: 5
Epoch 1 Relative Error 212.71585083007812
First epoch had re = 212.71585083007812 > 1
Green's Function Learning Rate: 1
Bias Term Learning Rate: 1
Epoch 1 Relative Error 56.95316696166992
First epoch had re = 56.95316696166992 > 1
Green's Function Learning Rate: 0.5
Bias Term Learning Rate: 0.5
Epoch 1 Relative Error 31.58696746826172
First epoch had re = 31.58696746826172 > 1
Green's Function Learning Rate: 0.1
Bias Term Learning Rate: 0.1
Epoch 1 Relative Error 6.390773773193359
First epoch had re = 6.390773773193359 > 1
Green's Function Learning Rate: 0.05
Bias Term Learning Rate: 0.05
Epoch 1 Relative Error 2.132652997970581
First epoch had re = 2.132652997970581 > 1
Green's Function Learning Rate: 0.01
Bias Term Learning Rate: 0.01
Epoch 1 Relative Error 0.7100867033004761
Epoch 2 Relative Error 0.7039269804954529
Epoch 3 Relative Error 0.4751889109611511
Epoch 4 Relative Error 0.458488404750824
Epoch 5 Relative Error 0.3457231819629669
Epoch 6 Relative Error 0.2715657353401184
Epoch 7 Relative Error 0.2109118551015854
Epoch 8 Relative Error 0.1702856421470642
Epoch 9 Relative Error 0.11524074524641037
Epoch 10 Relative Error 0.10545947402715683
Epoch 11 Relative Error 0.0829213336110115
Epoch 12 Relative Error 0.05601861700415611
Epoch 13 Relative Error 0.05093134567141533
Epoch 14 Relative Error 0.03629998862743378
Epoch 15 Relative Error 0.03349429368972778
Epoch 16 Relative Error 0.02518511563539505
Epoch 17 Relative Error 0.0229378342628479
Epoch 18 Relative Error 0.018257802352309227
Epoch 19 Relative Error 0.015733234584331512
Epoch 20 Relative Error 0.01419851928949356
Epoch 21 Relative Error 0.012600607238709927
Epoch 22 Relative Error 0.011179519817233086
Epoch 23 Relative Error 0.010684127919375896
Epoch 24 Relative Error 0.010318610817193985
Epoch 25 Relative Error 0.009963057935237885
Epoch 26 Relative Error 0.009531085379421711
Epoch 27 Relative Error 0.009244867600500584
Epoch 28 Relative Error 0.008955801837146282
Epoch 29 Relative Error 0.008818263188004494
Epoch 30 Relative Error 0.008620050735771656
Epoch 31 Relative Error 0.008459008298814297
Epoch 32 Relative Error 0.00829160213470459
Epoch 33 Relative Error 0.00814925879240036
Epoch 34 Relative Error 0.007992231287062168
Epoch 35 Relative Error 0.007866600528359413
Epoch 36 Relative Error 0.00773854972794652
Epoch 37 Relative Error 0.007618656847625971
Epoch 38 Relative Error 0.007507132366299629
Epoch 39 Relative Error 0.007391238585114479
Epoch 40 Relative Error 0.007288303226232529
Epoch 41 Relative Error 0.007181162480264902
Epoch 42 Relative Error 0.007083211559802294
Epoch 43 Relative Error 0.006988052744418383
Epoch 44 Relative Error 0.006890102755278349
Epoch 45 Relative Error 0.006801862269639969
Epoch 46 Relative Error 0.006714317947626114
Epoch 47 Relative Error 0.0066415490582585335
Epoch 48 Relative Error 0.006547695957124233
Epoch 49 Relative Error 0.00646970933303237
Epoch 50 Relative Error 0.006390469614416361
Epoch 51 Relative Error 0.006321609951555729
Epoch 52 Relative Error 0.006247146986424923
Epoch 53 Relative Error 0.006170589942485094
Epoch 54 Relative Error 0.006100201513618231
Epoch 55 Relative Error 0.0060353875160217285
Epoch 56 Relative Error 0.005963223986327648
Epoch 57 Relative Error 0.005904842168092728
Epoch 58 Relative Error 0.0058425539173185825
Epoch 59 Relative Error 0.005806352943181992
Epoch 60 Relative Error 0.005730032455176115
Epoch 61 Relative Error 0.005669758189469576
Epoch 62 Relative Error 0.0056147086434066296
Epoch 63 Relative Error 0.005555399227887392
Epoch 64 Relative Error 0.0054995957762002945
Epoch 65 Relative Error 0.005444907583296299
Epoch 66 Relative Error 0.005400078371167183
Epoch 67 Relative Error 0.005343920551240444
Epoch 68 Relative Error 0.005292132496833801
Epoch 69 Relative Error 0.005249536130577326
Epoch 70 Relative Error 0.0051971799694001675
Epoch 71 Relative Error 0.00515549723058939
Epoch 72 Relative Error 0.005104833282530308
Epoch 73 Relative Error 0.005063133779913187
Epoch 74 Relative Error 0.005016749259084463
Epoch 75 Relative Error 0.004975052550435066
Epoch 76 Relative Error 0.004931941628456116
Epoch 77 Relative Error 0.0048949322663247585
Epoch 78 Relative Error 0.0048530204221606255
Epoch 79 Relative Error 0.004821654409170151
Epoch 80 Relative Error 0.004778250586241484
Epoch 81 Relative Error 0.004736693575978279
Epoch 82 Relative Error 0.004697516094893217
Epoch 83 Relative Error 0.004667106084525585
Epoch 84 Relative Error 0.0046303230337798595
Epoch 85 Relative Error 0.004595864564180374
Epoch 86 Relative Error 0.00457005063071847
Epoch 87 Relative Error 0.004522344097495079
Epoch 88 Relative Error 0.004497861955314875
Epoch 89 Relative Error 0.00446315249428153
Epoch 90 Relative Error 0.0044293892569839954
Epoch 91 Relative Error 0.004389050416648388
Epoch 92 Relative Error 0.004365705419331789
Epoch 93 Relative Error 0.004332290962338448
Epoch 94 Relative Error 0.004303420428186655
Epoch 95 Relative Error 0.004275554325431585
Epoch 96 Relative Error 0.004244095180183649
Epoch 97 Relative Error 0.004214030224829912
Epoch 98 Relative Error 0.004185333847999573
Epoch 99 Relative Error 0.004156574606895447
Epoch 100 Relative Error 0.0041306279599666595
Epoch 101 Relative Error 0.004113077651709318
Epoch 102 Relative Error 0.004076588898897171
Epoch 103 Relative Error 0.004048796836286783
Epoch 104 Relative Error 0.004026466980576515
Epoch 105 Relative Error 0.003998578991740942
Epoch 106 Relative Error 0.003974767867475748
Epoch 107 Relative Error 0.00395246921107173
Epoch 108 Relative Error 0.003932463005185127
Epoch 109 Relative Error 0.0039051533676683903
Epoch 110 Relative Error 0.003879901021718979
Epoch 111 Relative Error 0.0038524421397596598
Epoch 112 Relative Error 0.003830928122624755
Epoch 113 Relative Error 0.0038085298147052526
Epoch 114 Relative Error 0.0037817854899913073
Epoch 115 Relative Error 0.003765104804188013
Epoch 116 Relative Error 0.0037411218509078026
Epoch 117 Relative Error 0.003720324020832777
Epoch 118 Relative Error 0.0037054794374853373
Epoch 119 Relative Error 0.0036810168530792
Epoch 120 Relative Error 0.003656807355582714
Epoch 121 Relative Error 0.0036394998896867037
Epoch 122 Relative Error 0.003619026392698288
Epoch 123 Relative Error 0.0035971098113805056
Epoch 124 Relative Error 0.0035777920857071877
Epoch 125 Relative Error 0.0035589111503213644
Epoch 126 Relative Error 0.0035368965473026037
Epoch 127 Relative Error 0.003519816789776087
Epoch 128 Relative Error 0.0035019791685044765
Epoch 129 Relative Error 0.003481742460280657
Epoch 130 Relative Error 0.0034612633753567934
Epoch 131 Relative Error 0.0034488914534449577
Epoch 132 Relative Error 0.00342703890055418
Epoch 133 Relative Error 0.0034134380985051394
Epoch 134 Relative Error 0.003392426995560527
Epoch 135 Relative Error 0.0033776017371565104
Epoch 136 Relative Error 0.003356559667736292
Epoch 137 Relative Error 0.003341319737955928
Epoch 138 Relative Error 0.0033268858678638935
Epoch 139 Relative Error 0.0033104827161878347
Epoch 140 Relative Error 0.003295534523203969
Epoch 141 Relative Error 0.003278899472206831
Epoch 142 Relative Error 0.0032593028154224157
Epoch 143 Relative Error 0.0032457327470183372
Epoch 144 Relative Error 0.0032286925707012415
Epoch 145 Relative Error 0.003212676616385579
Epoch 146 Relative Error 0.003200923791155219
Epoch 147 Relative Error 0.0031848796643316746
Epoch 148 Relative Error 0.0031682380940765142
Epoch 149 Relative Error 0.003154520643875003
Epoch 150 Relative Error 0.0031382751185446978
Epoch 151 Relative Error 0.0031228461302816868
Epoch 152 Relative Error 0.00310866953805089
Epoch 153 Relative Error 0.003095395164564252
Epoch 154 Relative Error 0.003080620663240552
Epoch 155 Relative Error 0.003066828241571784
Epoch 156 Relative Error 0.0030521329026669264
Epoch 157 Relative Error 0.0030411656480282545
Epoch 158 Relative Error 0.0030223161447793245
Epoch 159 Relative Error 0.0030148718506097794
Epoch 160 Relative Error 0.002999529941007495
Epoch 161 Relative Error 0.0029873992316424847
Epoch 162 Relative Error 0.0029791933484375477
Epoch 163 Relative Error 0.0029674118850380182
Epoch 164 Relative Error 0.0029534841887652874
Epoch 165 Relative Error 0.002946424763649702
Epoch 166 Relative Error 0.0029391711577773094
Epoch 167 Relative Error 0.002936799079179764
Epoch 168 Relative Error 0.0029186413157731295
Epoch 169 Relative Error 0.002911495277658105
Epoch 170 Relative Error 0.0029026269912719727
Epoch 171 Relative Error 0.002873100573197007
Epoch 172 Relative Error 0.0028593121096491814
Epoch 173 Relative Error 0.002849364886060357
Epoch 174 Relative Error 0.0028365044854581356
Epoch 175 Relative Error 0.0028230545576661825
Epoch 176 Relative Error 0.0028124768286943436
Epoch 177 Relative Error 0.002794866217300296
Epoch 178 Relative Error 0.00278153782710433
Epoch 179 Relative Error 0.0027772393077611923
Epoch 180 Relative Error 0.0027657204773277044
Epoch 181 Relative Error 0.002753502456471324
Epoch 182 Relative Error 0.002737953793257475
Epoch 183 Relative Error 0.002732828725129366
Epoch 184 Relative Error 0.0027240386698395014
Epoch 185 Relative Error 0.002707354025915265
Epoch 186 Relative Error 0.0026939688250422478
Epoch 187 Relative Error 0.0026867303531616926
Epoch 188 Relative Error 0.002678063465282321
Epoch 189 Relative Error 0.0026745551731437445
Epoch 190 Relative Error 0.002656396711245179
Epoch 191 Relative Error 0.0026439509820193052
Epoch 192 Relative Error 0.0026367611717432737
Epoch 193 Relative Error 0.0026277517899870872
Epoch 194 Relative Error 0.00261899596080184
Epoch 195 Relative Error 0.0026164408773183823
Epoch 196 Relative Error 0.002601873828098178
Epoch 197 Relative Error 0.0025886374060064554
Epoch 198 Relative Error 0.002580408239737153
Epoch 199 Relative Error 0.0025691392365843058
Epoch 200 Relative Error 0.0025723306462168694
Epoch 201 Relative Error 0.002558466512709856
Epoch 202 Relative Error 0.0025425974745303392
Epoch 203 Relative Error 0.002540928777307272
Epoch 204 Relative Error 0.0025271072518080473
Epoch 205 Relative Error 0.0025162650272250175
Epoch 206 Relative Error 0.0025060870684683323
Epoch 207 Relative Error 0.0024981822352856398
Epoch 208 Relative Error 0.002486724639311433
Epoch 209 Relative Error 0.00248127244412899
Epoch 210 Relative Error 0.0024700926151126623
Epoch 211 Relative Error 0.0024632446002215147
Epoch 212 Relative Error 0.0024544252082705498
Epoch 213 Relative Error 0.0024459597188979387
Epoch 214 Relative Error 0.0024356774520128965
Epoch 215 Relative Error 0.002429981715977192
Epoch 216 Relative Error 0.002422923920676112
Epoch 217 Relative Error 0.002417676616460085
Epoch 218 Relative Error 0.0024061689618974924
Epoch 219 Relative Error 0.002395313698798418
Epoch 220 Relative Error 0.0023969297762960196
Epoch 221 Relative Error 0.0023807967081665993
Epoch 222 Relative Error 0.0023737275041639805
Epoch 223 Relative Error 0.0023698117583990097
Epoch 224 Relative Error 0.002359972568228841
Epoch 225 Relative Error 0.0023580461274832487
Epoch 226 Relative Error 0.0023469042498618364
Epoch 227 Relative Error 0.002335815690457821
Epoch 228 Relative Error 0.002331982832401991
Epoch 229 Relative Error 0.0023232712410390377
Epoch 230 Relative Error 0.0023199166171252728
Epoch 231 Relative Error 0.0023080003447830677
Epoch 232 Relative Error 0.0022970992140471935
Epoch 233 Relative Error 0.002292295452207327
Epoch 234 Relative Error 0.0022857128642499447
Epoch 235 Relative Error 0.0022747593466192484
Epoch 236 Relative Error 0.0022699828259646893
Epoch 237 Relative Error 0.00226170034147799
Epoch 238 Relative Error 0.002255804371088743
Epoch 239 Relative Error 0.0022529922425746918
Epoch 240 Relative Error 0.0022438771557062864
Epoch 241 Relative Error 0.0022368815261870623
Epoch 242 Relative Error 0.0022280460689216852
Epoch 243 Relative Error 0.0022252972703427076
Epoch 244 Relative Error 0.0022150930017232895
Epoch 245 Relative Error 0.002212709980085492
Epoch 246 Relative Error 0.002205453347414732
Epoch 247 Relative Error 0.0021975080017000437
Epoch 248 Relative Error 0.0021973231341689825
Epoch 249 Relative Error 0.002189382677897811
Epoch 250 Relative Error 0.0021837602835148573
Epoch 251 Relative Error 0.0021720831282436848
Epoch 252 Relative Error 0.0021634637378156185
Epoch 253 Relative Error 0.0021613682620227337
Epoch 254 Relative Error 0.002153129782527685
Epoch 255 Relative Error 0.0021440982818603516
Epoch 256 Relative Error 0.0021393015049397945
Epoch 257 Relative Error 0.0021323286928236485
Epoch 258 Relative Error 0.002123582875356078
Epoch 259 Relative Error 0.002119481796398759
Epoch 260 Relative Error 0.0021127888467162848
Epoch 261 Relative Error 0.0021067389752715826
Epoch 262 Relative Error 0.0021004180889576674
Epoch 263 Relative Error 0.002098396886140108
Epoch 264 Relative Error 0.002095455303788185
Epoch 265 Relative Error 0.002084317384287715
Epoch 266 Relative Error 0.002082336461171508
Epoch 267 Relative Error 0.0020721040200442076
Epoch 268 Relative Error 0.0020643367897719145
Epoch 269 Relative Error 0.0020601172000169754
Epoch 270 Relative Error 0.0020558855030685663
Epoch 271 Relative Error 0.0020520228426903486
Epoch 272 Relative Error 0.002044862136244774
Epoch 273 Relative Error 0.0020375268068164587
Epoch 274 Relative Error 0.0020396015606820583
Epoch 275 Relative Error 0.002025807276368141
Epoch 276 Relative Error 0.0020247362554073334
Epoch 277 Relative Error 0.0020165888126939535
Epoch 278 Relative Error 0.0020115317311137915
Epoch 279 Relative Error 0.0020089370664209127
Epoch 280 Relative Error 0.002000057138502598
Epoch 281 Relative Error 0.0019933348521590233
Epoch 282 Relative Error 0.001988803967833519
Epoch 283 Relative Error 0.001983471680432558
Epoch 284 Relative Error 0.0019772876985371113
Epoch 285 Relative Error 0.0019747198093682528
Epoch 286 Relative Error 0.001969178207218647
Epoch 287 Relative Error 0.001964736729860306
Epoch 288 Relative Error 0.0019628158770501614
Epoch 289 Relative Error 0.001955631887540221
Epoch 290 Relative Error 0.0019521762151271105
Epoch 291 Relative Error 0.001941203372552991
Epoch 292 Relative Error 0.0019387478241696954
Epoch 293 Relative Error 0.001931534381583333
Epoch 294 Relative Error 0.0019300489220768213
Epoch 295 Relative Error 0.0019234905485063791
Epoch 296 Relative Error 0.0019167662831023335
Epoch 297 Relative Error 0.0019144815159961581
Epoch 298 Relative Error 0.0019095864845439792
Epoch 299 Relative Error 0.0019042533822357655
Epoch 300 Relative Error 0.0019010129617527127
Epoch 301 Relative Error 0.0018960339948534966
Epoch 302 Relative Error 0.0018929648213088512
Epoch 303 Relative Error 0.0018852007342502475
Epoch 304 Relative Error 0.0018834108486771584
Epoch 305 Relative Error 0.0018748024012893438
Epoch 306 Relative Error 0.0018705734983086586
Epoch 307 Relative Error 0.001868068939074874
Epoch 308 Relative Error 0.0018624461954459548
Epoch 309 Relative Error 0.0018571569817140698
Epoch 310 Relative Error 0.0018541308818385005
Epoch 311 Relative Error 0.0018479290883988142
Epoch 312 Relative Error 0.001844979589805007
Epoch 313 Relative Error 0.0018399815307930112
Epoch 314 Relative Error 0.0018392647616565228
Epoch 315 Relative Error 0.0018317358335480094
Epoch 316 Relative Error 0.001827917410992086
Epoch 317 Relative Error 0.0018226688262075186
Epoch 318 Relative Error 0.0018261461518704891
Epoch 319 Relative Error 0.001815883326344192
Epoch 320 Relative Error 0.0018117654835805297
Epoch 321 Relative Error 0.0018070782534778118
Epoch 322 Relative Error 0.0018027552869170904
Epoch 323 Relative Error 0.001800070283934474
Epoch 324 Relative Error 0.0017968976171687245
Epoch 325 Relative Error 0.0017943966668099165
Epoch 326 Relative Error 0.0017901505343616009
Epoch 327 Relative Error 0.0017813121667131782
Epoch 328 Relative Error 0.0017856244230642915
Epoch 329 Relative Error 0.0017784793162718415
Epoch 330 Relative Error 0.0017733299173414707
Epoch 331 Relative Error 0.0017658198485150933
Epoch 332 Relative Error 0.0017644043546169996
Epoch 333 Relative Error 0.0017623340245336294
Epoch 334 Relative Error 0.0017526330193504691
Epoch 335 Relative Error 0.0017518982058390975
Epoch 336 Relative Error 0.0017484682612121105
Epoch 337 Relative Error 0.0017512586200609803
Epoch 338 Relative Error 0.0017368611879646778
Epoch 339 Relative Error 0.001731115742586553
Epoch 340 Relative Error 0.0017312297131866217
Epoch 341 Relative Error 0.0017257233848795295
Epoch 342 Relative Error 0.001720872474834323
Epoch 343 Relative Error 0.0017167773330584168
Epoch 344 Relative Error 0.0017135399393737316
Epoch 345 Relative Error 0.001715156831778586
Epoch 346 Relative Error 0.001711417455226183
Epoch 347 Relative Error 0.001706428243778646
Epoch 348 Relative Error 0.001704531256109476
Epoch 349 Relative Error 0.0016969245625659823
Epoch 350 Relative Error 0.0016967820702120662
Epoch 351 Relative Error 0.0016904592048376799
Epoch 352 Relative Error 0.0016845243517309427
Epoch 353 Relative Error 0.0016840921016409993
Epoch 354 Relative Error 0.0016802294412627816
Epoch 355 Relative Error 0.0016770155634731054
Epoch 356 Relative Error 0.001675727660767734
Epoch 357 Relative Error 0.0016706857131794095
Epoch 358 Relative Error 0.0016644943971186876
Epoch 359 Relative Error 0.0016603755066171288
Epoch 360 Relative Error 0.001656817737966776
Epoch 361 Relative Error 0.0016533542657271028
Epoch 362 Relative Error 0.0016460054321214557
Epoch 363 Relative Error 0.001644406351260841
Epoch 364 Relative Error 0.0016436399891972542
Epoch 365 Relative Error 0.0016395892016589642
Epoch 366 Relative Error 0.001633357023820281
Epoch 367 Relative Error 0.0016301797004416585
Epoch 368 Relative Error 0.001627531019039452
Epoch 369 Relative Error 0.0016243057325482368
Epoch 370 Relative Error 0.0016263899160549045
Epoch 371 Relative Error 0.0016212057089433074
Epoch 372 Relative Error 0.001616484485566616
Epoch 373 Relative Error 0.0016147877322509885
Epoch 374 Relative Error 0.0016088113188743591
Epoch 375 Relative Error 0.0016057448228821158
Epoch 376 Relative Error 0.0016024886863306165
Epoch 377 Relative Error 0.001599065843038261
Epoch 378 Relative Error 0.0015978426672518253
Epoch 379 Relative Error 0.001589966006577015
Epoch 380 Relative Error 0.0015869317576289177
Epoch 381 Relative Error 0.0015865418827161193
Epoch 382 Relative Error 0.001579351956024766
Epoch 383 Relative Error 0.0015803601127117872
Epoch 384 Relative Error 0.001575159840285778
Epoch 385 Relative Error 0.0015764279523864388
Epoch 386 Relative Error 0.0015703277895227075
Epoch 387 Relative Error 0.0015722570242360234
Epoch 388 Relative Error 0.0015654467279091477
Epoch 389 Relative Error 0.001558955991640687
Epoch 390 Relative Error 0.0015588803216814995
Epoch 391 Relative Error 0.0015556938014924526
Epoch 392 Relative Error 0.0015536474529653788
Epoch 393 Relative Error 0.001548010273836553
Epoch 394 Relative Error 0.0015450507635250688
Epoch 395 Relative Error 0.0015395450172945857
Epoch 396 Relative Error 0.0015408246545121074
Epoch 397 Relative Error 0.0015329639427363873
Epoch 398 Relative Error 0.0015317059587687254
Epoch 399 Relative Error 0.0015293883625417948
Epoch 400 Relative Error 0.0015302510000765324
Epoch 401 Relative Error 0.0015239311615005136
Epoch 402 Relative Error 0.0015214410377666354
Epoch 403 Relative Error 0.0015210635028779507
Epoch 404 Relative Error 0.0015149610117077827
Epoch 405 Relative Error 0.0015116386348381639
Epoch 406 Relative Error 0.001510416972450912
Epoch 407 Relative Error 0.001506829634308815
Epoch 408 Relative Error 0.00150323286652565
Epoch 409 Relative Error 0.0015041354345157743
Epoch 410 Relative Error 0.0014999150298535824
Epoch 411 Relative Error 0.0014953097561374307
Epoch 412 Relative Error 0.0014988216571509838
Epoch 413 Relative Error 0.00150197371840477
Epoch 414 Relative Error 0.0014933599159121513
Epoch 415 Relative Error 0.0014854456530883908
Epoch 416 Relative Error 0.0014827139675617218
Epoch 417 Relative Error 0.0014811092987656593
Epoch 418 Relative Error 0.001477375510148704
Epoch 419 Relative Error 0.001475358265452087
Epoch 420 Relative Error 0.0014699497260153294
Epoch 421 Relative Error 0.0014684799825772643
Epoch 422 Relative Error 0.0014672954566776752
Epoch 423 Relative Error 0.0014631830854341388
Epoch 424 Relative Error 0.0014615434920415282
Epoch 425 Relative Error 0.0014581652358174324
Epoch 426 Relative Error 0.0014543960569426417
Epoch 427 Relative Error 0.0014536669477820396
Epoch 428 Relative Error 0.001448108465410769
Epoch 429 Relative Error 0.001447042333893478
Epoch 430 Relative Error 0.0014448141446337104
Epoch 431 Relative Error 0.0014456044882535934
Epoch 432 Relative Error 0.0014399754581972957
Epoch 433 Relative Error 0.0014365590177476406
Epoch 434 Relative Error 0.0014335509622469544
Epoch 435 Relative Error 0.0014299232279881835
Epoch 436 Relative Error 0.0014288305537775159
Epoch 437 Relative Error 0.0014245673082768917
Epoch 438 Relative Error 0.0014218930155038834
Epoch 439 Relative Error 0.0014221970923244953
Epoch 440 Relative Error 0.0014204048784449697
Epoch 441 Relative Error 0.0014162941370159388
Epoch 442 Relative Error 0.0014167651534080505
Epoch 443 Relative Error 0.0014131852658465505
Epoch 444 Relative Error 0.0014096315717324615
Epoch 445 Relative Error 0.0014074500650167465
Epoch 446 Relative Error 0.0014069522731006145
Epoch 447 Relative Error 0.0014021957758814096
Epoch 448 Relative Error 0.0014001381350681186
Epoch 449 Relative Error 0.001395597355440259
Epoch 450 Relative Error 0.001393534243106842
Epoch 451 Relative Error 0.0013915954623371363
Epoch 452 Relative Error 0.0013912393478676677
Epoch 453 Relative Error 0.0013870204566046596
Epoch 454 Relative Error 0.0013851751573383808
Epoch 455 Relative Error 0.0013847918016836047
Epoch 456 Relative Error 0.0013828446390107274
Epoch 457 Relative Error 0.0013776733539998531
Epoch 458 Relative Error 0.0013775777770206332
Epoch 459 Relative Error 0.0013737716944888234
Epoch 460 Relative Error 0.0013703432632610202
Epoch 461 Relative Error 0.0013686743332073092
Epoch 462 Relative Error 0.0013641947880387306
Epoch 463 Relative Error 0.0013635939685627818
Epoch 464 Relative Error 0.0013644612627103925
Epoch 465 Relative Error 0.0013584115076810122
Epoch 466 Relative Error 0.001360557391308248
Epoch 467 Relative Error 0.0013595421332865953
Epoch 468 Relative Error 0.0013547264970839024
Epoch 469 Relative Error 0.0013525084359571338
Epoch 470 Relative Error 0.0013503383379429579
Epoch 471 Relative Error 0.0013477836037054658
Epoch 472 Relative Error 0.0013425719225779176
Epoch 473 Relative Error 0.0013413289561867714
Epoch 474 Relative Error 0.001338120666332543
Epoch 475 Relative Error 0.001336646149866283
Epoch 476 Relative Error 0.0013379325391724706
Epoch 477 Relative Error 0.0013314476236701012
Epoch 478 Relative Error 0.0013291367795318365
Epoch 479 Relative Error 0.0013280139537528157
Epoch 480 Relative Error 0.001327554346062243
Epoch 481 Relative Error 0.0013226682785898447
Epoch 482 Relative Error 0.0013209517346695065
Epoch 483 Relative Error 0.00132016243878752
Epoch 484 Relative Error 0.001316071255132556
Epoch 485 Relative Error 0.001318008522503078
Epoch 486 Relative Error 0.0013155540218576789
Epoch 487 Relative Error 0.00131480791606009
Epoch 488 Relative Error 0.0013160164235159755
Epoch 489 Relative Error 0.0013145911507308483
Epoch 490 Relative Error 0.0013150457525625825
Epoch 491 Relative Error 0.0013134459732100368
Epoch 492 Relative Error 0.0013068218249827623
Epoch 493 Relative Error 0.0013054758310317993
Epoch 494 Relative Error 0.0012993398122489452
Epoch 495 Relative Error 0.001295698108151555
Epoch 496 Relative Error 0.0012938560685142875
Epoch 497 Relative Error 0.0012905106414109468
Epoch 498 Relative Error 0.0012878354173153639
Epoch 499 Relative Error 0.0012901524314656854
Epoch 500 Relative Error 0.0012854064116254449
Epoch 501 Relative Error 0.0012810660991817713
Epoch 502 Relative Error 0.0012824287405237556
Epoch 503 Relative Error 0.0012768423184752464
Epoch 504 Relative Error 0.0012773307971656322
Epoch 505 Relative Error 0.001274597947485745
Epoch 506 Relative Error 0.0012741581303998828
Epoch 507 Relative Error 0.0012738845543935895
Epoch 508 Relative Error 0.0012699727667495608
Epoch 509 Relative Error 0.0012721579987555742
Epoch 510 Relative Error 0.0012719783699139953
Epoch 511 Relative Error 0.0012690335279330611
Epoch 512 Relative Error 0.0012695400509983301
Epoch 513 Relative Error 0.0012736704666167498
Epoch 514 Relative Error 0.001263369806110859
Epoch 515 Relative Error 0.0012568659149110317
Epoch 516 Relative Error 0.0012576523004099727
Epoch 517 Relative Error 0.0012533526169136167
Epoch 518 Relative Error 0.0012552650878205895
Epoch 519 Relative Error 0.0012485248735174537
Epoch 520 Relative Error 0.001246744766831398
Epoch 521 Relative Error 0.0012468877248466015
Epoch 522 Relative Error 0.0012432420626282692
Epoch 523 Relative Error 0.0012375684455037117
Epoch 524 Relative Error 0.0012371401535347104
Epoch 525 Relative Error 0.0012355860089883208
Epoch 526 Relative Error 0.001233284012414515
Epoch 527 Relative Error 0.0012323742266744375
Epoch 528 Relative Error 0.001232385402545333
Epoch 529 Relative Error 0.0012317441869527102
Epoch 530 Relative Error 0.001228360109962523
Epoch 531 Relative Error 0.0012242592638358474
Epoch 532 Relative Error 0.0012217949843034148
Epoch 533 Relative Error 0.001221613259986043
Epoch 534 Relative Error 0.0012192772701382637
Epoch 535 Relative Error 0.0012193515431135893
Epoch 536 Relative Error 0.0012203670339658856
Epoch 537 Relative Error 0.0012156383600085974
Epoch 538 Relative Error 0.0012119961902499199
Epoch 539 Relative Error 0.0012133053969591856
Epoch 540 Relative Error 0.001211626804433763
Epoch 541 Relative Error 0.0012098276056349277
Epoch 542 Relative Error 0.0012075607664883137
Epoch 543 Relative Error 0.0012037466512992978
Epoch 544 Relative Error 0.0012006500037387013
Epoch 545 Relative Error 0.001200308557599783
Epoch 546 Relative Error 0.001202327199280262
Epoch 547 Relative Error 0.0011993234511464834
Epoch 548 Relative Error 0.0011937654344365
Epoch 549 Relative Error 0.0011924905702471733
Epoch 550 Relative Error 0.0011906453873962164
Epoch 551 Relative Error 0.0011907868320122361
Epoch 552 Relative Error 0.0011868290603160858
Epoch 553 Relative Error 0.001185672590509057
Epoch 554 Relative Error 0.0011848408030346036
Epoch 555 Relative Error 0.0011825114488601685
Epoch 556 Relative Error 0.001180918887257576
Epoch 557 Relative Error 0.0011794868623837829
Epoch 558 Relative Error 0.0011776220053434372
Epoch 559 Relative Error 0.0011788047850131989
Epoch 560 Relative Error 0.0011769268894568086
Epoch 561 Relative Error 0.0011725947260856628
Epoch 562 Relative Error 0.0011714099673554301
Epoch 563 Relative Error 0.0011684803757816553
Epoch 564 Relative Error 0.0011669265804812312
Epoch 565 Relative Error 0.0011668605729937553
Epoch 566 Relative Error 0.0011661344906315207
Epoch 567 Relative Error 0.0011658825678750873
Epoch 568 Relative Error 0.0011627147905528545
Epoch 569 Relative Error 0.0011658902512863278
Epoch 570 Relative Error 0.0011621942976489663
Epoch 571 Relative Error 0.0011651776731014252
Epoch 572 Relative Error 0.0011600275756791234
Epoch 573 Relative Error 0.0011604252504184842
Epoch 574 Relative Error 0.0011528606992214918
Epoch 575 Relative Error 0.0011493463534861803
Epoch 576 Relative Error 0.0011516883969306946
Epoch 577 Relative Error 0.0011508838506415486
Epoch 578 Relative Error 0.001150275580585003
Epoch 579 Relative Error 0.0011467981385067105
Epoch 580 Relative Error 0.0011505796574056149
Epoch 581 Relative Error 0.0011440996313467622
Epoch 582 Relative Error 0.0011388715356588364
Epoch 583 Relative Error 0.0011457381770014763
Epoch 584 Relative Error 0.0011393479071557522
Epoch 585 Relative Error 0.0011390538420528173
Epoch 586 Relative Error 0.0011345935054123402
Epoch 587 Relative Error 0.0011322778882458806
Epoch 588 Relative Error 0.0011350746499374509
Epoch 589 Relative Error 0.0011334428563714027
Epoch 590 Relative Error 0.0011314895236864686
Epoch 591 Relative Error 0.0011263854103162885
Epoch 592 Relative Error 0.0011289812391623855
Epoch 593 Relative Error 0.0011235757265239954
Epoch 594 Relative Error 0.001130007323808968
Epoch 595 Relative Error 0.0011390814324840903
Epoch 596 Relative Error 0.0011239111190661788
Epoch 597 Relative Error 0.0011219981824979186
Epoch 598 Relative Error 0.0011217760620638728
Epoch 599 Relative Error 0.0011186765041202307
Epoch 600 Relative Error 0.0011125925229862332
Epoch 601 Relative Error 0.00111483468208462
Epoch 602 Relative Error 0.0011095888912677765
Epoch 603 Relative Error 0.0011053666239604354
Epoch 604 Relative Error 0.0011077980743721128
Epoch 605 Relative Error 0.0011044916464015841
Epoch 606 Relative Error 0.0011028292356058955
Epoch 607 Relative Error 0.0011019702069461346
Epoch 608 Relative Error 0.0010997196659445763
Epoch 609 Relative Error 0.0010985308326780796
Epoch 610 Relative Error 0.0010972456075251102
Epoch 611 Relative Error 0.0010951433796435595
Epoch 612 Relative Error 0.0010952650336548686
Epoch 613 Relative Error 0.0010923617519438267
Epoch 614 Relative Error 0.0010912547586485744
Epoch 615 Relative Error 0.0010893512517213821
Epoch 616 Relative Error 0.001087927259504795
Epoch 617 Relative Error 0.0010878071188926697
Epoch 618 Relative Error 0.001087559969164431
Epoch 619 Relative Error 0.0010871331905946136
Epoch 620 Relative Error 0.0010880775516852736
Epoch 621 Relative Error 0.0010832836851477623
Epoch 622 Relative Error 0.0010820513125509024
Epoch 623 Relative Error 0.001079940004274249
Epoch 624 Relative Error 0.0010800918098539114
Epoch 625 Relative Error 0.0010791794629767537
Epoch 626 Relative Error 0.0010760088916867971
Epoch 627 Relative Error 0.0010735425166785717
Epoch 628 Relative Error 0.0010796217247843742
Epoch 629 Relative Error 0.001074926694855094
Epoch 630 Relative Error 0.001075445325113833
Epoch 631 Relative Error 0.0010715231765061617
Epoch 632 Relative Error 0.0010682186111807823
Epoch 633 Relative Error 0.001067296601831913
Epoch 634 Relative Error 0.0010643351124599576
Epoch 635 Relative Error 0.0010633941274136305
Epoch 636 Relative Error 0.0010615137871354818
Epoch 637 Relative Error 0.0010600691894069314
Epoch 638 Relative Error 0.0010627714218571782
Epoch 639 Relative Error 0.0010590680176392198
Epoch 640 Relative Error 0.0010558476205915213
Epoch 641 Relative Error 0.0010562693933025002
Epoch 642 Relative Error 0.0010545483091846108
Epoch 643 Relative Error 0.001051733153872192
Epoch 644 Relative Error 0.0010487571125850081
Epoch 645 Relative Error 0.0010482933139428496
Epoch 646 Relative Error 0.0010469945846125484
Epoch 647 Relative Error 0.0010538061615079641
Epoch 648 Relative Error 0.0010501616634428501
Epoch 649 Relative Error 0.001046043005771935
Epoch 650 Relative Error 0.0010449368273839355
Epoch 651 Relative Error 0.0010428254026919603
Epoch 652 Relative Error 0.001040186733007431
Epoch 653 Relative Error 0.0010377279249951243
Epoch 654 Relative Error 0.0010371088283136487
Epoch 655 Relative Error 0.0010369961382821202
Epoch 656 Relative Error 0.0010348026407882571
Epoch 657 Relative Error 0.001031261752359569
Epoch 658 Relative Error 0.001031570485793054
Epoch 659 Relative Error 0.001034174463711679
Epoch 660 Relative Error 0.0010306714102625847
Epoch 661 Relative Error 0.0010293062077835202
Epoch 662 Relative Error 0.0010317525593563914
Epoch 663 Relative Error 0.001029642065986991
Epoch 664 Relative Error 0.0010254282969981432
Epoch 665 Relative Error 0.0010237878886982799
Epoch 666 Relative Error 0.0010220663389191031
Epoch 667 Relative Error 0.0010205338476225734
Epoch 668 Relative Error 0.0010213046334683895
Epoch 669 Relative Error 0.0010172975016757846
Epoch 670 Relative Error 0.0010201686527580023
Epoch 671 Relative Error 0.001015411806292832
Epoch 672 Relative Error 0.0010231237392872572
Epoch 673 Relative Error 0.0010194572387263179
Epoch 674 Relative Error 0.0010152487084269524
Epoch 675 Relative Error 0.0010127517161890864
Epoch 676 Relative Error 0.0010117862839251757
Epoch 677 Relative Error 0.001009070547297597
Epoch 678 Relative Error 0.0010073796147480607
Epoch 679 Relative Error 0.001008617109619081
Epoch 680 Relative Error 0.0010050253476947546
Epoch 681 Relative Error 0.0010026375530287623
Epoch 682 Relative Error 0.0010021451162174344
Epoch 683 Relative Error 0.0010009348625317216
Epoch 684 Relative Error 0.0010010857367888093
Epoch 685 Relative Error 0.0010001399787142873
Epoch 686 Relative Error 0.000997386872768402
Epoch 687 Relative Error 0.0009993381099775434
Epoch 688 Relative Error 0.0009947041980922222
Epoch 689 Relative Error 0.0009958971058949828
Epoch 690 Relative Error 0.0009925640188157558
Epoch 691 Relative Error 0.0009921324672177434
Epoch 692 Relative Error 0.000992526300251484
Epoch 693 Relative Error 0.0009902301244437695
Epoch 694 Relative Error 0.0009908397914841771
Epoch 695 Relative Error 0.000988850835710764
Epoch 696 Relative Error 0.0009877063566818833
Epoch 697 Relative Error 0.0009866850450634956
Epoch 698 Relative Error 0.0009881985606625676
Epoch 699 Relative Error 0.0009824767475947738
Epoch 700 Relative Error 0.0009848761837929487
Epoch 701 Relative Error 0.0009850026108324528
Epoch 702 Relative Error 0.000983205158263445
Epoch 703 Relative Error 0.0009793859208002687
Epoch 704 Relative Error 0.0009792791679501534
Epoch 705 Relative Error 0.0009765176218934357
Epoch 706 Relative Error 0.0009773243218660355
Epoch 707 Relative Error 0.0009797406382858753
Epoch 708 Relative Error 0.000977262738160789
Epoch 709 Relative Error 0.0009740318055264652
Epoch 710 Relative Error 0.0009714789339341223
Epoch 711 Relative Error 0.0009703164687380195
Epoch 712 Relative Error 0.0009714307961985469
Epoch 713 Relative Error 0.0009686078410595655
Epoch 714 Relative Error 0.0009674084139987826
Epoch 715 Relative Error 0.0009637699695304036
Epoch 716 Relative Error 0.0009637371986173093
Epoch 717 Relative Error 0.0009685886325314641
Epoch 718 Relative Error 0.0009616750758141279
Epoch 719 Relative Error 0.0009635508176870644
Epoch 720 Relative Error 0.0009607772808521986
Epoch 721 Relative Error 0.0009604588849470019
Epoch 722 Relative Error 0.0009583033970557153
Epoch 723 Relative Error 0.000956700008828193
Epoch 724 Relative Error 0.0009570468100719154
Epoch 725 Relative Error 0.0009571975097060204
Epoch 726 Relative Error 0.0009543512132950127
Epoch 727 Relative Error 0.0009518927545286715
Epoch 728 Relative Error 0.0009532482945360243
Epoch 729 Relative Error 0.0009512875694781542
Epoch 730 Relative Error 0.0009479886502958834
Epoch 731 Relative Error 0.0009508144576102495
Epoch 732 Relative Error 0.000947599473875016
Epoch 733 Relative Error 0.0009463587193749845
Epoch 734 Relative Error 0.0009442123700864613
Epoch 735 Relative Error 0.000944323546718806
Epoch 736 Relative Error 0.0009412268991582096
Epoch 737 Relative Error 0.00094199413433671
Epoch 738 Relative Error 0.0009439997957088053
Epoch 739 Relative Error 0.000940195401199162
Epoch 740 Relative Error 0.000937974895350635
Epoch 741 Relative Error 0.0009388254838995636
Epoch 742 Relative Error 0.0009367614984512329
Epoch 743 Relative Error 0.0009357988019473851
Epoch 744 Relative Error 0.0009344147983938456
Epoch 745 Relative Error 0.0009326029103249311
Epoch 746 Relative Error 0.0009316950454376638
Epoch 747 Relative Error 0.0009342247503809631
Epoch 748 Relative Error 0.0009307321161031723
Epoch 749 Relative Error 0.0009333296911790967
Epoch 750 Relative Error 0.0009324260172434151
Epoch 751 Relative Error 0.0009290655143558979
Epoch 752 Relative Error 0.0009263201500289142
Epoch 753 Relative Error 0.0009265630505979061
Epoch 754 Relative Error 0.0009253033786080778
Epoch 755 Relative Error 0.0009252128656953573
Epoch 756 Relative Error 0.0009242624510079622
Epoch 757 Relative Error 0.0009231191943399608
Epoch 758 Relative Error 0.0009236069163307548
Epoch 759 Relative Error 0.0009197174804285169
Epoch 760 Relative Error 0.0009186180541291833
Epoch 761 Relative Error 0.0009158720495179296
Epoch 762 Relative Error 0.0009152948041446507
Epoch 763 Relative Error 0.0009155633160844445
Epoch 764 Relative Error 0.0009130143444053829
Epoch 765 Relative Error 0.0009126457734964788
Epoch 766 Relative Error 0.0009115758002735674
Epoch 767 Relative Error 0.0009114849381148815
Epoch 768 Relative Error 0.0009109188104048371
Epoch 769 Relative Error 0.0009094458655454218
Epoch 770 Relative Error 0.0009149424149654806
Epoch 771 Relative Error 0.0009094784036278725
Epoch 772 Relative Error 0.0009105613571591675
Epoch 773 Relative Error 0.0009079374140128493
Epoch 774 Relative Error 0.0009085614001378417
Epoch 775 Relative Error 0.0009076952119357884
Epoch 776 Relative Error 0.0009093511616811156
Epoch 777 Relative Error 0.000903779233340174
Epoch 778 Relative Error 0.0009052191162481904
Epoch 779 Relative Error 0.0009088882361538708
Epoch 780 Relative Error 0.0009060629527084529
Epoch 781 Relative Error 0.0009065329213626683
Epoch 782 Relative Error 0.0009054255788214505
Epoch 783 Relative Error 0.0009015544783324003
Epoch 784 Relative Error 0.0008977922261692584
Epoch 785 Relative Error 0.0008979943231679499
Epoch 786 Relative Error 0.0008988336194306612
Epoch 787 Relative Error 0.0008976146928034723
Epoch 788 Relative Error 0.0008915795478969812
Epoch 789 Relative Error 0.0008931995835155249
Epoch 790 Relative Error 0.0008900852408260107
Epoch 791 Relative Error 0.000892841664608568
Epoch 792 Relative Error 0.0008951950585469604
Epoch 793 Relative Error 0.0008863741531968117
Epoch 794 Relative Error 0.0008890376193448901
Epoch 795 Relative Error 0.0008864382980391383
Epoch 796 Relative Error 0.0008852519677020609
Epoch 797 Relative Error 0.0008853502222336829
Epoch 798 Relative Error 0.0008832138264551759
Epoch 799 Relative Error 0.0008841794915497303
Epoch 800 Relative Error 0.0008838159847073257
Epoch 801 Relative Error 0.0008806755067780614
Epoch 802 Relative Error 0.0008796015754342079
Epoch 803 Relative Error 0.000884525419678539
Epoch 804 Relative Error 0.0008799376664683223
Epoch 805 Relative Error 0.0008778523770160973
Epoch 806 Relative Error 0.000874739489518106
Epoch 807 Relative Error 0.0008743225480429828
Epoch 808 Relative Error 0.000873175507877022
Epoch 809 Relative Error 0.0008745540399104357
Epoch 810 Relative Error 0.0008711773552931845
Epoch 811 Relative Error 0.00087069405708462
Epoch 812 Relative Error 0.0008699640748091042
Epoch 813 Relative Error 0.0008676905417814851
Epoch 814 Relative Error 0.0008681378676556051
Epoch 815 Relative Error 0.0008678318117745221
Epoch 816 Relative Error 0.0008675823919475079
Epoch 817 Relative Error 0.0008666218491271138
Epoch 818 Relative Error 0.0008646944770589471
Epoch 819 Relative Error 0.0008641054155305028
Epoch 820 Relative Error 0.0008646942442283034
Epoch 821 Relative Error 0.0008624357869848609
Epoch 822 Relative Error 0.0008656498393975198
Epoch 823 Relative Error 0.0008660625899210572
Epoch 824 Relative Error 0.0008642600732855499
Epoch 825 Relative Error 0.0008641498279757798
Epoch 826 Relative Error 0.0008605016628280282
Epoch 827 Relative Error 0.0008677171426825225
Epoch 828 Relative Error 0.0008582182927057147
Epoch 829 Relative Error 0.0008541911956854165
Epoch 830 Relative Error 0.0008535987581126392
Epoch 831 Relative Error 0.0008542987052351236
Epoch 832 Relative Error 0.0008545274613425136
Epoch 833 Relative Error 0.0008517719688825309
Epoch 834 Relative Error 0.0008503887220285833
Epoch 835 Relative Error 0.0008511677151545882
Epoch 836 Relative Error 0.0008508508326485753
Epoch 837 Relative Error 0.000852779543492943
Epoch 838 Relative Error 0.0008497947710566223
Epoch 839 Relative Error 0.0008470119792036712
Epoch 840 Relative Error 0.0008457342628389597
Epoch 841 Relative Error 0.0008468625019304454
Epoch 842 Relative Error 0.0008464187849313021
Epoch 843 Relative Error 0.000849977950565517
Epoch 844 Relative Error 0.0008462374098598957
Epoch 845 Relative Error 0.0008491352200508118
Epoch 846 Relative Error 0.000847293995320797
Epoch 847 Relative Error 0.0008489250903949142
Epoch 848 Relative Error 0.0008429674780927598
Epoch 849 Relative Error 0.0008453598711639643
Epoch 850 Relative Error 0.0008400981314480305
Epoch 851 Relative Error 0.0008429139852523804
Epoch 852 Relative Error 0.0008398479549214244
Epoch 853 Relative Error 0.000838594394735992
Epoch 854 Relative Error 0.0008373097516596317
Epoch 855 Relative Error 0.0008397944620810449
Epoch 856 Relative Error 0.0008361691725440323
Epoch 857 Relative Error 0.0008353542070835829
Epoch 858 Relative Error 0.0008348121773451567
Epoch 859 Relative Error 0.0008313440484926105
Epoch 860 Relative Error 0.0008293482242152095
Epoch 861 Relative Error 0.0008297846652567387
Epoch 862 Relative Error 0.0008280394831672311
Epoch 863 Relative Error 0.0008262310293503106
Epoch 864 Relative Error 0.0008261481998488307
Epoch 865 Relative Error 0.0008268647943623364
Epoch 866 Relative Error 0.0008234476554207504
Epoch 867 Relative Error 0.0008230704697780311
Epoch 868 Relative Error 0.0008244228665716946
Epoch 869 Relative Error 0.0008223181357607245
Epoch 870 Relative Error 0.0008207395439967513
Epoch 871 Relative Error 0.0008200593292713165
Epoch 872 Relative Error 0.0008199468138627708
Epoch 873 Relative Error 0.0008234413689933717
Epoch 874 Relative Error 0.0008201387245208025
Epoch 875 Relative Error 0.000819708569906652
Epoch 876 Relative Error 0.0008180796285159886
Epoch 877 Relative Error 0.0008172415546141565
Epoch 878 Relative Error 0.0008164912578649819
Epoch 879 Relative Error 0.0008159243152476847
Epoch 880 Relative Error 0.0008169332868419588
Epoch 881 Relative Error 0.0008129623020067811
Epoch 882 Relative Error 0.0008133928058668971
Epoch 883 Relative Error 0.0008133731316775084
Epoch 884 Relative Error 0.0008117337129078805
Epoch 885 Relative Error 0.0008131788345053792
Epoch 886 Relative Error 0.0008084774017333984
Epoch 887 Relative Error 0.0008085701847448945
Epoch 888 Relative Error 0.0008087538881227374
Epoch 889 Relative Error 0.0008075830992311239
Epoch 890 Relative Error 0.0008057489758357406
Epoch 891 Relative Error 0.0008061142871156335
Epoch 892 Relative Error 0.0008048677118495107
Epoch 893 Relative Error 0.0008041481487452984
Epoch 894 Relative Error 0.000802875030785799
Epoch 895 Relative Error 0.0008025021525099874
Epoch 896 Relative Error 0.0008032031473703682
Epoch 897 Relative Error 0.0008004664559848607
Epoch 898 Relative Error 0.0008000926463864744
Epoch 899 Relative Error 0.0007992717437446117
Epoch 900 Relative Error 0.0007986563723534346
Epoch 901 Relative Error 0.0007985660922713578
Epoch 902 Relative Error 0.0007970331935212016
Epoch 903 Relative Error 0.0007973368628881872
Epoch 904 Relative Error 0.0007950374274514616
Epoch 905 Relative Error 0.0007966595003381371
Epoch 906 Relative Error 0.0007937589543871582
Epoch 907 Relative Error 0.0007960970397107303
Epoch 908 Relative Error 0.0007955637411214411
Epoch 909 Relative Error 0.0007952786982059479
Epoch 910 Relative Error 0.0007926967227831483
Epoch 911 Relative Error 0.0007906017126515508
Epoch 912 Relative Error 0.0007898861658759415
Epoch 913 Relative Error 0.0007887126412242651
Epoch 914 Relative Error 0.0007884013466536999
Epoch 915 Relative Error 0.0007896769675426185
Epoch 916 Relative Error 0.0007862214697524905
Epoch 917 Relative Error 0.0007890029228292406
Epoch 918 Relative Error 0.0007845641230233014
Epoch 919 Relative Error 0.0007862112252041698
Epoch 920 Relative Error 0.000783414114266634
Epoch 921 Relative Error 0.0007818365120328963
Epoch 922 Relative Error 0.0007841656915843487
Epoch 923 Relative Error 0.0007823837222531438
Epoch 924 Relative Error 0.0007805078639648855
Epoch 925 Relative Error 0.000782049261033535
Epoch 926 Relative Error 0.0007820469327270985
Epoch 927 Relative Error 0.0007832665578462183
Epoch 928 Relative Error 0.0007849137764424086
Epoch 929 Relative Error 0.0007832095725461841
Epoch 930 Relative Error 0.0007827646331861615
Epoch 931 Relative Error 0.0007801488391123712
Epoch 932 Relative Error 0.0007777579012326896
Epoch 933 Relative Error 0.0007813117117621005
Epoch 934 Relative Error 0.0007807769579812884
Epoch 935 Relative Error 0.0007789218798279762
Epoch 936 Relative Error 0.0007777572027407587
Epoch 937 Relative Error 0.0007757639396004379
Epoch 938 Relative Error 0.0007762165041640401
Epoch 939 Relative Error 0.0007827209192328155
Epoch 940 Relative Error 0.0007832418195903301
Epoch 941 Relative Error 0.0007792497053742409
Epoch 942 Relative Error 0.0007770020747557282
Epoch 943 Relative Error 0.0007756714476272464
Epoch 944 Relative Error 0.000768684025388211
Epoch 945 Relative Error 0.0007745095063000917
Epoch 946 Relative Error 0.0007658787653781474
Epoch 947 Relative Error 0.0007675667875446379
Epoch 948 Relative Error 0.0007683059084229171
Epoch 949 Relative Error 0.0007647449383512139
Epoch 950 Relative Error 0.0007660163100808859
Epoch 951 Relative Error 0.0007640884141437709
Epoch 952 Relative Error 0.0007636199006810784
Epoch 953 Relative Error 0.0007639214163646102
Epoch 954 Relative Error 0.0007610417669638991
Epoch 955 Relative Error 0.0007595521747134626
Epoch 956 Relative Error 0.0007588908192701638
Epoch 957 Relative Error 0.0007573147886432707
Epoch 958 Relative Error 0.000757175381295383
Epoch 959 Relative Error 0.0007579642115160823
Epoch 960 Relative Error 0.000757677829824388
Epoch 961 Relative Error 0.0007567084394395351
Epoch 962 Relative Error 0.0007564490078948438
Epoch 963 Relative Error 0.0007544750696979463
Epoch 964 Relative Error 0.000753341184463352
Epoch 965 Relative Error 0.0007522384403273463
Epoch 966 Relative Error 0.0007521911174990237
Epoch 967 Relative Error 0.00075044936966151
Epoch 968 Relative Error 0.0007513292948715389
Epoch 969 Relative Error 0.0007504731183871627
Epoch 970 Relative Error 0.00074821338057518
Epoch 971 Relative Error 0.0007472946890629828
Epoch 972 Relative Error 0.0007492714212276042
Epoch 973 Relative Error 0.0007473736768588424
Epoch 974 Relative Error 0.0007462329813279212
Epoch 975 Relative Error 0.0007470390410162508
Epoch 976 Relative Error 0.0007440365734510124
Epoch 977 Relative Error 0.0007444909424521029
Epoch 978 Relative Error 0.0007431093836203218
Epoch 979 Relative Error 0.0007435213774442673
Epoch 980 Relative Error 0.0007423577480949461
Epoch 981 Relative Error 0.0007450977573171258
Epoch 982 Relative Error 0.0007433398859575391
Epoch 983 Relative Error 0.0007425842341035604
Epoch 984 Relative Error 0.0007401630864478648
Epoch 985 Relative Error 0.0007394693675450981
Epoch 986 Relative Error 0.0007399367168545723
Epoch 987 Relative Error 0.0007422642665915191
Epoch 988 Relative Error 0.0007383658667095006
Epoch 989 Relative Error 0.000740647898055613
Epoch 990 Relative Error 0.000737990892957896
Epoch 991 Relative Error 0.000735739478841424
Epoch 992 Relative Error 0.0007368158549070358
Epoch 993 Relative Error 0.0007367319776676595
Epoch 994 Relative Error 0.0007340332958847284
Epoch 995 Relative Error 0.0007329822983592749
Epoch 996 Relative Error 0.0007337461574934423
Epoch 997 Relative Error 0.0007324359030462801
Epoch 998 Relative Error 0.000733712746296078
Epoch 999 Relative Error 0.0007327018538489938
Epoch 1000 Relative Error 0.0007348690996877849
RE (3, 9, 10, 0): 0.0007324359030462801
Green's Function RE (3, 9, 10, 0): 0.009289839304983616
Bias Term RE (3, 9, 10, 0): 0.003676751395687461
Combination (3, 9, 10, 0, 0): 0.0007348699728026986
Combination (3, 9, 10, 0, 1): 0.0014119271654635668
Combination (3, 9, 10, 0, 2): 0.0014229750959202647
Combination (3, 9, 10, 0, 3): 0.0014127640752121806
Combination (3, 9, 10, 0, 4): 0.0014118895633146167

/home/gridsan/gstepaniants/.local/lib/python3.8/site-packages/torch/functional.py:478: UserWarning: torch.meshgrid: in an upcoming release, it will be required to pass the indexing argument. (Triggered internally at  ../aten/src/ATen/native/TensorShape.cpp:2895.)
  return _VF.meshgrid(tensors, **kwargs)  # type: ignore[attr-defined]
