[KeOps] Warning : Cuda libraries were not detected on the system ; using cpu only mode
1
Kernel: Exponential
Weight Mesh: 90
RKHS Kernel Width: 0.001
Lambda: 1e-06
Green's Function Learning Rate: 100
Bias Term Learning Rate: 100
Epoch 1 Relative Error 697.8164672851562
First epoch had re = 697.8164672851562 > 1
Green's Function Learning Rate: 50
Bias Term Learning Rate: 50
Epoch 1 Relative Error 299.6165466308594
First epoch had re = 299.6165466308594 > 1
Green's Function Learning Rate: 10
Bias Term Learning Rate: 10
Epoch 1 Relative Error 58.13112258911133
First epoch had re = 58.13112258911133 > 1
Green's Function Learning Rate: 5
Bias Term Learning Rate: 5
Epoch 1 Relative Error 32.78474426269531
First epoch had re = 32.78474426269531 > 1
Green's Function Learning Rate: 1
Bias Term Learning Rate: 1
Epoch 1 Relative Error 5.243198394775391
First epoch had re = 5.243198394775391 > 1
Green's Function Learning Rate: 0.5
Bias Term Learning Rate: 0.5
Epoch 1 Relative Error 2.652510404586792
First epoch had re = 2.652510404586792 > 1
Green's Function Learning Rate: 0.1
Bias Term Learning Rate: 0.1
Epoch 1 Relative Error 0.6533064842224121
Epoch 2 Relative Error 0.4958037734031677
Epoch 3 Relative Error 0.475325345993042
Epoch 4 Relative Error 0.3529348075389862
Epoch 5 Relative Error 0.2886689603328705
Epoch 6 Relative Error 0.2226991355419159
Epoch 7 Relative Error 0.1738077849149704
Epoch 8 Relative Error 0.14838244020938873
Epoch 9 Relative Error 0.12076655775308609
Epoch 10 Relative Error 0.08685310930013657
Epoch 11 Relative Error 0.07291431725025177
Epoch 12 Relative Error 0.05882067233324051
Epoch 13 Relative Error 0.04287451505661011
Epoch 14 Relative Error 0.03886464610695839
Epoch 15 Relative Error 0.028031421825289726
Epoch 16 Relative Error 0.021678369492292404
Epoch 17 Relative Error 0.019020261242985725
Epoch 18 Relative Error 0.014115793630480766
Epoch 19 Relative Error 0.011140120215713978
Epoch 20 Relative Error 0.008746927604079247
Epoch 21 Relative Error 0.006549656391143799
Epoch 22 Relative Error 0.005570902954787016
Epoch 23 Relative Error 0.00473173800855875
Epoch 24 Relative Error 0.003998546861112118
Epoch 25 Relative Error 0.003529943758621812
Epoch 26 Relative Error 0.0027575762942433357
Epoch 27 Relative Error 0.0025443292688578367
Epoch 28 Relative Error 0.00214926665648818
Epoch 29 Relative Error 0.0018760161474347115
Epoch 30 Relative Error 0.0017522410489618778
Epoch 31 Relative Error 0.0015994833083823323
Epoch 32 Relative Error 0.0014347058022394776
Epoch 33 Relative Error 0.0013505202950909734
Epoch 34 Relative Error 0.0013264463050290942
Epoch 35 Relative Error 0.0012118280865252018
Epoch 36 Relative Error 0.0011846089037135243
Epoch 37 Relative Error 0.001139319036155939
Epoch 38 Relative Error 0.0010703341104090214
Epoch 39 Relative Error 0.0010857888264581561
Epoch 40 Relative Error 0.001039076829329133
Epoch 41 Relative Error 0.0009835516102612019
Epoch 42 Relative Error 0.0009988320525735617
Epoch 43 Relative Error 0.0009233290329575539
Epoch 44 Relative Error 0.0009546346846036613
Epoch 45 Relative Error 0.0008905690046958625
Epoch 46 Relative Error 0.0009219642379321158
Epoch 47 Relative Error 0.0008874388877302408
Epoch 48 Relative Error 0.0008515408262610435
Epoch 49 Relative Error 0.0008878763765096664
Epoch 50 Relative Error 0.0008676191209815443
Epoch 51 Relative Error 0.0009105716017074883
Epoch 52 Relative Error 0.0007933298475109041
Epoch 53 Relative Error 0.0008534310036338866
Epoch 54 Relative Error 0.0008365216781385243
Epoch 55 Relative Error 0.0008088329341262579
Epoch 56 Relative Error 0.0008477125666104257
Epoch 57 Relative Error 0.0007687857141718268
Epoch 58 Relative Error 0.000761771691031754
Epoch 59 Relative Error 0.0007441144553013146
Epoch 60 Relative Error 0.0007620070246048272
Epoch 61 Relative Error 0.0007274317904375494
Epoch 62 Relative Error 0.0007943187956698239
Epoch 63 Relative Error 0.0007441973430104554
Epoch 64 Relative Error 0.0007372625404968858
Epoch 65 Relative Error 0.0007618509116582572
Epoch 66 Relative Error 0.0009077544673345983
Epoch 67 Relative Error 0.0007928918930701911
Epoch 68 Relative Error 0.0009124300559051335
Epoch 69 Relative Error 0.0007832894916646183
Epoch 70 Relative Error 0.0007721918518655002
Epoch 71 Relative Error 0.0007101730443537235
Epoch 72 Relative Error 0.0008972369832918048
Epoch 73 Relative Error 0.0006961968028917909
Epoch 74 Relative Error 0.0007357178837992251
Epoch 75 Relative Error 0.000689513748511672
Epoch 76 Relative Error 0.0007040211348794401
Epoch 77 Relative Error 0.0006845991592854261
Epoch 78 Relative Error 0.0007539910147897899
Epoch 79 Relative Error 0.0007195101934485137
Epoch 80 Relative Error 0.0006412303191609681
Epoch 81 Relative Error 0.0006978491437621415
Epoch 82 Relative Error 0.0006390698254108429
Epoch 83 Relative Error 0.0006696573109366
Epoch 84 Relative Error 0.0007215790683403611
Epoch 85 Relative Error 0.0006785427685827017
Epoch 86 Relative Error 0.0007071831496432424
Epoch 87 Relative Error 0.0007162526599131525
Epoch 88 Relative Error 0.0007865515071898699
Epoch 89 Relative Error 0.0006321535911411047
Epoch 90 Relative Error 0.0007756510749459267
Epoch 91 Relative Error 0.0006858110427856445
Epoch 92 Relative Error 0.0007723789312876761
Epoch 93 Relative Error 0.0006752428598701954
Epoch 94 Relative Error 0.0007232847856357694
Epoch 95 Relative Error 0.0006744145648553967
Epoch 96 Relative Error 0.0007080448558554053
Epoch 97 Relative Error 0.0006736271898262203
Epoch 98 Relative Error 0.0007197189261205494
Epoch 99 Relative Error 0.0008032688638195395
Epoch 100 Relative Error 0.0006894872640259564
Epoch 101 Relative Error 0.000654759060125798
Epoch 102 Relative Error 0.0006266490090638399
Epoch 103 Relative Error 0.0007543433457612991
Epoch 104 Relative Error 0.000667097803670913
Epoch 105 Relative Error 0.0006861332221888006
Epoch 106 Relative Error 0.0007671770290471613
Epoch 107 Relative Error 0.0008528610924258828
Epoch 108 Relative Error 0.0008051514741964638
Epoch 109 Relative Error 0.0006597375031560659
Epoch 110 Relative Error 0.0006388270412571728
Epoch 111 Relative Error 0.0006931446259841323
Epoch 112 Relative Error 0.0006136466399766505
Epoch 113 Relative Error 0.0007696186657994986
Epoch 114 Relative Error 0.0007179491803981364
Epoch 115 Relative Error 0.0006770737818442285
Epoch 116 Relative Error 0.0007821324397809803
Epoch 117 Relative Error 0.0007685187156312168
Epoch 118 Relative Error 0.0007778393919579685
Epoch 119 Relative Error 0.0005893738707527518
Epoch 120 Relative Error 0.0006339485989883542
Epoch 121 Relative Error 0.0006788294413127005
Epoch 122 Relative Error 0.0006760791293345392
Epoch 123 Relative Error 0.0006403914303518832
Epoch 124 Relative Error 0.0006276270723901689
Epoch 125 Relative Error 0.0006649442366324365
Epoch 126 Relative Error 0.0006701508536934853
Epoch 127 Relative Error 0.0006378554971888661
Epoch 128 Relative Error 0.0007482686196453869
Epoch 129 Relative Error 0.0006933373515494168
Epoch 130 Relative Error 0.0006479992880485952
Epoch 131 Relative Error 0.0006525354692712426
Epoch 132 Relative Error 0.0006368533940985799
Epoch 133 Relative Error 0.0007688849000260234
Epoch 134 Relative Error 0.0007213156204670668
Epoch 135 Relative Error 0.0006938082515262067
Epoch 136 Relative Error 0.0006682374514639378
Epoch 137 Relative Error 0.0006786717567592859
Epoch 138 Relative Error 0.0007507795817218721
Epoch 139 Relative Error 0.0006764577701687813
Epoch 140 Relative Error 0.0007477753679268062
Epoch 141 Relative Error 0.0006369892507791519
Epoch 142 Relative Error 0.0006466844934038818
Epoch 143 Relative Error 0.0006511180545203388
Epoch 144 Relative Error 0.0006114041316322982
Epoch 145 Relative Error 0.0007026403909549117
Epoch 146 Relative Error 0.0006427793414331973
Epoch 147 Relative Error 0.0007077486952766776
Epoch 148 Relative Error 0.0007103538373485208
Epoch 149 Relative Error 0.0006485307822003961
Epoch 150 Relative Error 0.000723048229701817
Epoch 151 Relative Error 0.0007942832307890058
Epoch 152 Relative Error 0.0007029302651062608
Epoch 153 Relative Error 0.000710001855622977
Epoch 154 Relative Error 0.0006675977492704988
Epoch 155 Relative Error 0.000723078555893153
Epoch 156 Relative Error 0.0008582402369938791
Epoch 157 Relative Error 0.000747864949516952
Epoch 158 Relative Error 0.0007601280231028795
Epoch 159 Relative Error 0.0007027060491964221
Epoch 160 Relative Error 0.0006908951909281313
Epoch 161 Relative Error 0.0005918025271967053
Epoch 162 Relative Error 0.0007214245270006359
Epoch 163 Relative Error 0.000868317554704845
Epoch 164 Relative Error 0.0007876324816606939
Epoch 165 Relative Error 0.0006706071435473859
Epoch 166 Relative Error 0.0006761320400983095
Epoch 167 Relative Error 0.0007404432981275022
Epoch 168 Relative Error 0.0007065952522680163
Epoch 169 Relative Error 0.0006919298321008682
Epoch 170 Relative Error 0.0007291673682630062
Epoch 171 Relative Error 0.0007003190112300217
Epoch 172 Relative Error 0.000590114330407232
Epoch 173 Relative Error 0.0007063419907353818
Epoch 174 Relative Error 0.0005544637679122388
Epoch 175 Relative Error 0.000755215878598392
Epoch 176 Relative Error 0.0007466798415407538
Epoch 177 Relative Error 0.0008776405593380332
Epoch 178 Relative Error 0.0007011493435129523
Epoch 179 Relative Error 0.000813650491181761
Epoch 180 Relative Error 0.0007733924430795014
Epoch 181 Relative Error 0.0006885869079269469
Epoch 182 Relative Error 0.0007132840109989047
Epoch 183 Relative Error 0.0006905879126861691
Epoch 184 Relative Error 0.0006726285209879279
Epoch 185 Relative Error 0.0006476781563833356
Epoch 186 Relative Error 0.000685745500959456
Epoch 187 Relative Error 0.000766354613006115
Epoch 188 Relative Error 0.0006542151095345616
Epoch 189 Relative Error 0.0006329399184323847
Epoch 190 Relative Error 0.0006798059330321848
Epoch 191 Relative Error 0.0006374184740707278
Epoch 192 Relative Error 0.0006247643614187837
Epoch 193 Relative Error 0.0007102491799741983
Epoch 194 Relative Error 0.0005967110046185553
Epoch 195 Relative Error 0.0006485992926172912
Epoch 196 Relative Error 0.000574331555981189
Epoch 197 Relative Error 0.0006467527709901333
Epoch 198 Relative Error 0.0006614328012801707
Epoch 199 Relative Error 0.0006494199042208493
Epoch 200 Relative Error 0.0006496751448139548
Epoch 201 Relative Error 0.0006525512435473502
Epoch 202 Relative Error 0.000689295120537281
Epoch 203 Relative Error 0.000599223654717207
Epoch 204 Relative Error 0.0006813547224737704
Epoch 205 Relative Error 0.0006579768960364163
Epoch 206 Relative Error 0.0007149773882701993
Epoch 207 Relative Error 0.0006661199149675667
Epoch 208 Relative Error 0.0007890080451034009
Epoch 209 Relative Error 0.0008138663251884282
Epoch 210 Relative Error 0.0007573500042781234
Epoch 211 Relative Error 0.0005932418862357736
Epoch 212 Relative Error 0.0006998979952186346
Epoch 213 Relative Error 0.0006238758214749396
Epoch 214 Relative Error 0.0007118326611816883
Epoch 215 Relative Error 0.0006377766258083284
Epoch 216 Relative Error 0.0006185624515637755
Epoch 217 Relative Error 0.0007135352352634072
Epoch 218 Relative Error 0.0006397934630513191
Epoch 219 Relative Error 0.0006755791255272925
Epoch 220 Relative Error 0.0006465771584771574
Epoch 221 Relative Error 0.0006291638128459454
Epoch 222 Relative Error 0.0006772212218493223
Epoch 223 Relative Error 0.0007088452694006264
Epoch 224 Relative Error 0.0007000768673606217
Epoch 225 Relative Error 0.0007425103103742003
Epoch 226 Relative Error 0.0007337880088016391
Epoch 227 Relative Error 0.0006497653666883707
Epoch 228 Relative Error 0.0007361695170402527
Epoch 229 Relative Error 0.0007587141590192914
Epoch 230 Relative Error 0.0007202556007541716
Epoch 231 Relative Error 0.0007484976667910814
Epoch 232 Relative Error 0.0006096369470469654
Epoch 233 Relative Error 0.0006511081010103226
Epoch 234 Relative Error 0.0006713036564178765
Epoch 235 Relative Error 0.0006136117153801024
Epoch 236 Relative Error 0.0006506159552372992
Epoch 237 Relative Error 0.0008223293698392808
Epoch 238 Relative Error 0.0006195480236783624
Epoch 239 Relative Error 0.0007339348667301238
Epoch 240 Relative Error 0.0006530995015054941
Epoch 241 Relative Error 0.0007492063450627029
Epoch 242 Relative Error 0.0006498813163489103
Epoch 243 Relative Error 0.0007021743222139776
Epoch 244 Relative Error 0.0007632874185219407
Epoch 245 Relative Error 0.00092481286264956
Epoch 246 Relative Error 0.0008075363002717495
Epoch 247 Relative Error 0.0008145089959725738
Epoch 248 Relative Error 0.0006554706487804651
Epoch 249 Relative Error 0.0006987188826315105
Epoch 250 Relative Error 0.0007262888830155134
Epoch 251 Relative Error 0.0007080002687871456
Epoch 252 Relative Error 0.0007615642971359193
Epoch 253 Relative Error 0.0006119947647675872
Epoch 254 Relative Error 0.0006654016906395555
Epoch 255 Relative Error 0.0006230365834198892
Epoch 256 Relative Error 0.0006308429292403162
Epoch 257 Relative Error 0.0008164375904016197
Epoch 258 Relative Error 0.0007939838687889278
Epoch 259 Relative Error 0.0007462549256160855
Epoch 260 Relative Error 0.000687530729919672
Epoch 261 Relative Error 0.0006920128362253308
Epoch 262 Relative Error 0.00066328578395769
Epoch 263 Relative Error 0.000689605891238898
Epoch 264 Relative Error 0.0006897948915138841
Epoch 265 Relative Error 0.0006606609094887972
Epoch 266 Relative Error 0.0006900655571371317
Epoch 267 Relative Error 0.0006827684701420367
Epoch 268 Relative Error 0.00067675462923944
Epoch 269 Relative Error 0.0006873327074572444
Epoch 270 Relative Error 0.0009583759820088744
Epoch 271 Relative Error 0.0006959066377021372
Epoch 272 Relative Error 0.0008097098907455802
Epoch 273 Relative Error 0.0007117977947928011
Epoch 274 Relative Error 0.0007150194142013788
Epoch 275 Relative Error 0.0008916225633583963
Epoch 276 Relative Error 0.0006273231701925397
Epoch 277 Relative Error 0.0006948541849851608
Epoch 278 Relative Error 0.0007283934974111617
Epoch 279 Relative Error 0.0007358252769336104
Epoch 280 Relative Error 0.0007367843645624816
Epoch 281 Relative Error 0.0006226197583600879
Epoch 282 Relative Error 0.0008217216818593442
Epoch 283 Relative Error 0.0005859110970050097
Epoch 284 Relative Error 0.0006697481730952859
Epoch 285 Relative Error 0.0006000162102282047
Epoch 286 Relative Error 0.0006764300633221865
Epoch 287 Relative Error 0.0006666972767561674
Epoch 288 Relative Error 0.0006322626722976565
Epoch 289 Relative Error 0.0007165562710724771
Epoch 290 Relative Error 0.0006093888659961522
Epoch 291 Relative Error 0.0006200004718266428
Epoch 292 Relative Error 0.0007659115944989026
Epoch 293 Relative Error 0.0007775083067826927
Epoch 294 Relative Error 0.0007321486482396722
Epoch 295 Relative Error 0.00072735600406304
Epoch 296 Relative Error 0.0007306546322070062
Epoch 297 Relative Error 0.0007477192557416856
Epoch 298 Relative Error 0.0007107641431502998
Epoch 299 Relative Error 0.000688065541908145
Epoch 300 Relative Error 0.000699290307238698
Epoch 301 Relative Error 0.0006834932137280703
Epoch 302 Relative Error 0.0006947295623831451
Epoch 303 Relative Error 0.0008521350100636482
Epoch 304 Relative Error 0.0006889822543598711
Epoch 305 Relative Error 0.0007020368357189
Epoch 306 Relative Error 0.0008649613009765744
Epoch 307 Relative Error 0.0007071677246131003
Epoch 308 Relative Error 0.0006979899480938911
Epoch 309 Relative Error 0.0007116814376786351
Epoch 310 Relative Error 0.0006652844604104757
Epoch 311 Relative Error 0.000667763059027493
Epoch 312 Relative Error 0.0006123994826339185
Epoch 313 Relative Error 0.0007599255768582225
Epoch 314 Relative Error 0.0006783237913623452
Epoch 315 Relative Error 0.0007872110581956804
Epoch 316 Relative Error 0.0007175930077210069
Epoch 317 Relative Error 0.0007316431729122996
Epoch 318 Relative Error 0.0007568227592855692
Epoch 319 Relative Error 0.0006782544078305364
Epoch 320 Relative Error 0.000774562475271523
Epoch 321 Relative Error 0.0007923655794002116
Epoch 322 Relative Error 0.0008290677797049284
Epoch 323 Relative Error 0.0007603576523251832
Epoch 324 Relative Error 0.0008257205481640995
Epoch 325 Relative Error 0.0007803505868650973
Epoch 326 Relative Error 0.0007652214262634516
Epoch 327 Relative Error 0.0006830832571722567
Epoch 328 Relative Error 0.0007082063821144402
Epoch 329 Relative Error 0.0008077647071331739
Epoch 330 Relative Error 0.0006816728855483234
Epoch 331 Relative Error 0.0006999427569098771
Epoch 332 Relative Error 0.0006285067647695541
Epoch 333 Relative Error 0.0006936180288903415
Epoch 334 Relative Error 0.0006339425453916192
Epoch 335 Relative Error 0.0006822703871876001
Epoch 336 Relative Error 0.0006913004326634109
Epoch 337 Relative Error 0.0007876986637711525
Epoch 338 Relative Error 0.0007970355218276381
Epoch 339 Relative Error 0.0006558857276104391
Epoch 340 Relative Error 0.0007326009217649698
Epoch 341 Relative Error 0.000611457391642034
Epoch 342 Relative Error 0.0007228560280054808
Epoch 343 Relative Error 0.0007171560428105295
Epoch 344 Relative Error 0.0007145641720853746
Epoch 345 Relative Error 0.0007801692117936909
Epoch 346 Relative Error 0.0006481597083620727
Epoch 347 Relative Error 0.0006748423329554498
Epoch 348 Relative Error 0.000645018822979182
Epoch 349 Relative Error 0.0006930537056177855
Epoch 350 Relative Error 0.0007142662652768195
Epoch 351 Relative Error 0.0008262249757535756
Epoch 352 Relative Error 0.0007904963567852974
Epoch 353 Relative Error 0.0007467876421287656
Epoch 354 Relative Error 0.0006475584814324975
Epoch 355 Relative Error 0.0007174320053309202
Epoch 356 Relative Error 0.0007915152236819267
Epoch 357 Relative Error 0.0007928234990686178
Epoch 358 Relative Error 0.0008408143185079098
Epoch 359 Relative Error 0.0007130097365006804
Epoch 360 Relative Error 0.0006487880600616336
Epoch 361 Relative Error 0.0008211342501454055
Epoch 362 Relative Error 0.0006971713155508041
Epoch 363 Relative Error 0.0007237345562316477
Epoch 364 Relative Error 0.000713030225597322
Epoch 365 Relative Error 0.0007205468136817217
Epoch 366 Relative Error 0.0006680291262455285
Epoch 367 Relative Error 0.000720281561370939
Epoch 368 Relative Error 0.0007376872817985713
Epoch 369 Relative Error 0.0006589880213141441
Epoch 370 Relative Error 0.0006760853575542569
Epoch 371 Relative Error 0.0006004446768201888
Epoch 372 Relative Error 0.0006333744968287647
Epoch 373 Relative Error 0.000649697205517441
Epoch 374 Relative Error 0.0006791328778490424
Epoch 375 Relative Error 0.000646608998067677
Epoch 376 Relative Error 0.0006977180019021034
Epoch 377 Relative Error 0.0007151120807975531
Epoch 378 Relative Error 0.000679906690493226
Epoch 379 Relative Error 0.0007651376654393971
Epoch 380 Relative Error 0.0007042937795631588
Epoch 381 Relative Error 0.0007410841062664986
Epoch 382 Relative Error 0.0005963771836832166
Epoch 383 Relative Error 0.0007927133119665086
Epoch 384 Relative Error 0.000588292779866606
Epoch 385 Relative Error 0.0007536872872151434
Epoch 386 Relative Error 0.0006599149201065302
Epoch 387 Relative Error 0.0007117317873053253
Epoch 388 Relative Error 0.0008249415550380945
Epoch 389 Relative Error 0.0008161439327523112
Epoch 390 Relative Error 0.0005807756679132581
Epoch 391 Relative Error 0.000872405304107815
Epoch 392 Relative Error 0.0006481893942691386
Epoch 393 Relative Error 0.0007942791562527418
Epoch 394 Relative Error 0.000709094456396997
Epoch 395 Relative Error 0.0006026523769833148
Epoch 396 Relative Error 0.0009336208458989859
Epoch 397 Relative Error 0.0007752398960292339
Epoch 398 Relative Error 0.0006987231899984181
Epoch 399 Relative Error 0.0007153787882998586
Epoch 400 Relative Error 0.000651948619633913
Epoch 401 Relative Error 0.0007085230317898095
Epoch 402 Relative Error 0.0007503973320126534
Epoch 403 Relative Error 0.0008719204342924058
Epoch 404 Relative Error 0.0007134252809919417
Epoch 405 Relative Error 0.0006937881698831916
Epoch 406 Relative Error 0.0006098340963944793
Epoch 407 Relative Error 0.0006718797376379371
Epoch 408 Relative Error 0.0006298577645793557
Epoch 409 Relative Error 0.0006535250577144325
Epoch 410 Relative Error 0.0006371075287461281
Epoch 411 Relative Error 0.0006262236274778843
Epoch 412 Relative Error 0.0006194665329530835
Epoch 413 Relative Error 0.0006265699048526585
Epoch 414 Relative Error 0.0006417596014216542
Epoch 415 Relative Error 0.0006930659874342382
Epoch 416 Relative Error 0.0006708155269734561
Epoch 417 Relative Error 0.0006160689517855644
Epoch 418 Relative Error 0.0006648661801591516
Epoch 419 Relative Error 0.000744351651519537
Epoch 420 Relative Error 0.0006781947449781001
Epoch 421 Relative Error 0.0005953441723249853
Epoch 422 Relative Error 0.0006754896603524685
Epoch 423 Relative Error 0.0006970902322791517
Epoch 424 Relative Error 0.0007398987654596567
Epoch 425 Relative Error 0.0006934829871170223
Epoch 426 Relative Error 0.0009477441199123859
Epoch 427 Relative Error 0.0008514657383784652
Epoch 428 Relative Error 0.0010331464000046253
Epoch 429 Relative Error 0.000939238234423101
Epoch 430 Relative Error 0.0008210340165533125
Epoch 431 Relative Error 0.0008359384955838323
Epoch 432 Relative Error 0.0007374617853201926
Epoch 433 Relative Error 0.0007682002033106983
Epoch 434 Relative Error 0.0007330789812840521
Epoch 435 Relative Error 0.0007855290314182639
Epoch 436 Relative Error 0.0005793392192572355
Epoch 437 Relative Error 0.0007275947136804461
Epoch 438 Relative Error 0.0006454255199059844
Epoch 439 Relative Error 0.0006850290228612721
Epoch 440 Relative Error 0.0006622315850108862
Epoch 441 Relative Error 0.0008455559727735817
Epoch 442 Relative Error 0.0007319312426261604
Epoch 443 Relative Error 0.0006849272758699954
Epoch 444 Relative Error 0.000613201642408967
Epoch 445 Relative Error 0.0006246200064197183
Epoch 446 Relative Error 0.0007419321336783469
Epoch 447 Relative Error 0.0009710968006402254
Epoch 448 Relative Error 0.0007681299466639757
Epoch 449 Relative Error 0.0007172555779106915
Epoch 450 Relative Error 0.0007521504303440452
Epoch 451 Relative Error 0.0007815607823431492
Epoch 452 Relative Error 0.0006325156427919865
Epoch 453 Relative Error 0.0007078626076690853
Epoch 454 Relative Error 0.0006869584321975708
Epoch 455 Relative Error 0.0006551830447278917
Epoch 456 Relative Error 0.0007480541826225817
Epoch 457 Relative Error 0.0007150646415539086
Epoch 458 Relative Error 0.0006953906849958003
Epoch 459 Relative Error 0.0007055531023070216
Epoch 460 Relative Error 0.0006898946594446898
Epoch 461 Relative Error 0.0007984107942320406
Epoch 462 Relative Error 0.0008569780620746315
Epoch 463 Relative Error 0.0009460377623327076
Epoch 464 Relative Error 0.0009622009238228202
Epoch 465 Relative Error 0.0008199252188205719
Epoch 466 Relative Error 0.0007705957978032529
Epoch 467 Relative Error 0.0008209217339754105
Epoch 468 Relative Error 0.0006764654535800219
Epoch 469 Relative Error 0.0007609367021359503
Epoch 470 Relative Error 0.0007612972985953093
Epoch 471 Relative Error 0.0006623170920647681
Epoch 472 Relative Error 0.0007898674812167883
Epoch 473 Relative Error 0.0007817276054993272
Epoch 474 Relative Error 0.0007612626650370657
Epoch 475 Relative Error 0.0006259952788241208
Epoch 476 Relative Error 0.000726248137652874
Epoch 477 Relative Error 0.0007056281901896
Epoch 478 Relative Error 0.000770772632677108
Epoch 479 Relative Error 0.0006822149152867496
Epoch 480 Relative Error 0.0006835785461589694
Epoch 481 Relative Error 0.0007038748590275645
Epoch 482 Relative Error 0.0006818605470471084
Epoch 483 Relative Error 0.0007359174196608365
Epoch 484 Relative Error 0.0006285716081038117
Epoch 485 Relative Error 0.0006732317851856351
Epoch 486 Relative Error 0.0007196643855422735
Epoch 487 Relative Error 0.0007878343458287418
Epoch 488 Relative Error 0.0007489890558645129
Epoch 489 Relative Error 0.0006597138708457351
Epoch 490 Relative Error 0.000661490426864475
Epoch 491 Relative Error 0.0006723235128447413
Epoch 492 Relative Error 0.0007110402220860124
Epoch 493 Relative Error 0.0007356891874223948
Epoch 494 Relative Error 0.0009748060838319361
Epoch 495 Relative Error 0.0007990393787622452
Epoch 496 Relative Error 0.0009144908399321139
Epoch 497 Relative Error 0.001011091168038547
Epoch 498 Relative Error 0.001153276883997023
Epoch 499 Relative Error 0.0012631884310394526
Epoch 500 Relative Error 0.001059668604284525
Epoch 501 Relative Error 0.0007953832391649485
Epoch 502 Relative Error 0.0008904067217372358
Epoch 503 Relative Error 0.0007915555615909398
Epoch 504 Relative Error 0.0007306064362637699
Epoch 505 Relative Error 0.0006810425547882915
Epoch 506 Relative Error 0.0008235720451921225
Epoch 507 Relative Error 0.0012038482818752527
Epoch 508 Relative Error 0.0010241750860586762
Epoch 509 Relative Error 0.0007991653401404619
Epoch 510 Relative Error 0.0007223134161904454
Epoch 511 Relative Error 0.0006539668538607657
Epoch 512 Relative Error 0.0009280156227760017
Epoch 513 Relative Error 0.0006732620531693101
Epoch 514 Relative Error 0.0007100261864252388
Epoch 515 Relative Error 0.0006799506372772157
Epoch 516 Relative Error 0.0008161756559275091
Epoch 517 Relative Error 0.0007798056467436254
Epoch 518 Relative Error 0.0008285795920528471
Epoch 519 Relative Error 0.0006730728782713413
Epoch 520 Relative Error 0.0007581717800348997
Epoch 521 Relative Error 0.0006829278427176178
Epoch 522 Relative Error 0.0007649323088116944
Epoch 523 Relative Error 0.0007743074093014002
Epoch 524 Relative Error 0.0007976574706844985
Epoch 525 Relative Error 0.000778563495259732
Epoch 526 Relative Error 0.0006478124996647239
Epoch 527 Relative Error 0.0006904581096023321
Epoch 528 Relative Error 0.0005968133336864412
Epoch 529 Relative Error 0.0007453638827428222
Epoch 530 Relative Error 0.0006430622888728976
Epoch 531 Relative Error 0.0007028630934655666
Epoch 532 Relative Error 0.0006461620796471834
Epoch 533 Relative Error 0.0009663139353506267
Epoch 534 Relative Error 0.0009956357534974813
Epoch 535 Relative Error 0.0008099283440969884
Epoch 536 Relative Error 0.0009687682613730431
Epoch 537 Relative Error 0.0007765155751258135
Epoch 538 Relative Error 0.0007418025052174926
Epoch 539 Relative Error 0.0007124287076294422
Epoch 540 Relative Error 0.0007406353252008557
Epoch 541 Relative Error 0.0008635781123302877
Epoch 542 Relative Error 0.0006459139985963702
Epoch 543 Relative Error 0.0007410578546114266
Epoch 544 Relative Error 0.0006305005517788231
Epoch 545 Relative Error 0.0006561187328770757
Epoch 546 Relative Error 0.0006031058728694916
Epoch 547 Relative Error 0.0006768465391360223
Epoch 548 Relative Error 0.0006522348849102855
Epoch 549 Relative Error 0.000649774621706456
Epoch 550 Relative Error 0.0007160991081036627
Epoch 551 Relative Error 0.0007297943811863661
Epoch 552 Relative Error 0.0007345376652665436
Epoch 553 Relative Error 0.0007701909053139389
Epoch 554 Relative Error 0.0007295239483937621
Epoch 555 Relative Error 0.0008159360731951892
Epoch 556 Relative Error 0.000654420058708638
Epoch 557 Relative Error 0.0007805423229001462
Epoch 558 Relative Error 0.0006998531753197312
Epoch 559 Relative Error 0.0007240656996145844
Epoch 560 Relative Error 0.0009177079773508012
Epoch 561 Relative Error 0.0008907995070330799
Epoch 562 Relative Error 0.0008494476787745953
Epoch 563 Relative Error 0.0007577863289043307
Epoch 564 Relative Error 0.0007447432144545019
Epoch 565 Relative Error 0.0006967303343117237
Epoch 566 Relative Error 0.0006447234773077071
Epoch 567 Relative Error 0.000632441253401339
Epoch 568 Relative Error 0.0006188634433783591
Epoch 569 Relative Error 0.0008734518778510392
Epoch 570 Relative Error 0.0007612473564222455
Epoch 571 Relative Error 0.0008942043641582131
Epoch 572 Relative Error 0.0006953688571229577
Epoch 573 Relative Error 0.0008809548453427851
Epoch 574 Relative Error 0.0007878972101025283
Epoch 575 Relative Error 0.00073927768971771
Epoch 576 Relative Error 0.0006870164652355015
Epoch 577 Relative Error 0.0007704594172537327
Epoch 578 Relative Error 0.0006490278756245971
Epoch 579 Relative Error 0.0007472179131582379
Epoch 580 Relative Error 0.0007187057053670287
Epoch 581 Relative Error 0.0008348733535967767
Epoch 582 Relative Error 0.0010011261329054832
Epoch 583 Relative Error 0.0008667491492815316
Epoch 584 Relative Error 0.0008549081394448876
Epoch 585 Relative Error 0.0007965271943248808
Epoch 586 Relative Error 0.0006865973700769246
Epoch 587 Relative Error 0.0007356573478318751
Epoch 588 Relative Error 0.0006179476622492075
Epoch 589 Relative Error 0.000781892507802695
Epoch 590 Relative Error 0.0006400509155355394
Epoch 591 Relative Error 0.000694023969117552
Epoch 592 Relative Error 0.0006829716730862856
Epoch 593 Relative Error 0.0006816750392317772
Epoch 594 Relative Error 0.0007882585050538182
Epoch 595 Relative Error 0.0008356428006663918
Epoch 596 Relative Error 0.0007919170311652124
Epoch 597 Relative Error 0.0007815354620106518
Epoch 598 Relative Error 0.0008952831267379224
Epoch 599 Relative Error 0.0008801709627732635
Epoch 600 Relative Error 0.0007412380073219538
Epoch 601 Relative Error 0.0007955023902468383
Epoch 602 Relative Error 0.0008819694630801678
Epoch 603 Relative Error 0.0007631779881194234
Epoch 604 Relative Error 0.0007706853793933988
Epoch 605 Relative Error 0.0007576804491691291
Epoch 606 Relative Error 0.0006868666969239712
Epoch 607 Relative Error 0.0007672427454963326
Epoch 608 Relative Error 0.0006398525438271463
Epoch 609 Relative Error 0.0006436873809434474
Epoch 610 Relative Error 0.0006676836055703461
Epoch 611 Relative Error 0.0007158401422202587
Epoch 612 Relative Error 0.0006421799189411104
Epoch 613 Relative Error 0.0006678880308754742
Epoch 614 Relative Error 0.0007113933097571135
Epoch 615 Relative Error 0.0008496152586303651
Epoch 616 Relative Error 0.0008056033402681351
Epoch 617 Relative Error 0.0006971536204218864
Epoch 618 Relative Error 0.0006939329323358834
Epoch 619 Relative Error 0.0006685649859718978
Epoch 620 Relative Error 0.000704287551343441
Epoch 621 Relative Error 0.0006330192554742098
Epoch 622 Relative Error 0.000689343607518822
Epoch 623 Relative Error 0.0006129715475253761
Epoch 624 Relative Error 0.000671667861752212
Epoch 625 Relative Error 0.0005801749648526311
Epoch 626 Relative Error 0.0006842335569672287
Epoch 627 Relative Error 0.0006453011883422732
Epoch 628 Relative Error 0.000792511913459748
Epoch 629 Relative Error 0.0008282974595203996
Epoch 630 Relative Error 0.0006318286177702248
Epoch 631 Relative Error 0.0009420664864592254
Epoch 632 Relative Error 0.0006652651354670525
Epoch 633 Relative Error 0.0008792275912128389
Epoch 634 Relative Error 0.0007296649273484945
Epoch 635 Relative Error 0.0007096063927747309
Epoch 636 Relative Error 0.0007469311822205782
Epoch 637 Relative Error 0.0008836712804622948
Epoch 638 Relative Error 0.0010095216566696763
Epoch 639 Relative Error 0.0008844481781125069
Epoch 640 Relative Error 0.0009235988836735487
Epoch 641 Relative Error 0.0008093517390079796
Epoch 642 Relative Error 0.0007970989681780338
Epoch 643 Relative Error 0.0007366969948634505
Epoch 644 Relative Error 0.0007337499991990626
Epoch 645 Relative Error 0.0007489147828891873
Epoch 646 Relative Error 0.0006438109558075666
Epoch 647 Relative Error 0.0006376918172463775
Epoch 648 Relative Error 0.0006210635183379054
Epoch 649 Relative Error 0.000625848479103297
Epoch 650 Relative Error 0.0006541972979903221
Epoch 651 Relative Error 0.0007068709237501025
Epoch 652 Relative Error 0.0007106710108928382
Epoch 653 Relative Error 0.0006740918033756316
Epoch 654 Relative Error 0.0008781675714999437
Epoch 655 Relative Error 0.0007007863605394959
Epoch 656 Relative Error 0.0006768106250092387
Epoch 657 Relative Error 0.0006799757829867303
Epoch 658 Relative Error 0.0007328422507271171
Epoch 659 Relative Error 0.0007509147981181741
Epoch 660 Relative Error 0.0006692639435641468
Epoch 661 Relative Error 0.0006377963582053781
Epoch 662 Relative Error 0.0006908963550813496
Epoch 663 Relative Error 0.0009373679640702903
Epoch 664 Relative Error 0.0007223866414278746
Epoch 665 Relative Error 0.0007970482693053782
Epoch 666 Relative Error 0.0008425026317127049
Epoch 667 Relative Error 0.0008120773709379137
Epoch 668 Relative Error 0.0008501888951286674
Epoch 669 Relative Error 0.0008135751122608781
Epoch 670 Relative Error 0.0006901469896547496
Epoch 671 Relative Error 0.0007105938857421279
Epoch 672 Relative Error 0.0007884647930040956
Epoch 673 Relative Error 0.000816328392829746
Epoch 674 Relative Error 0.0007296844269149005
Epoch 675 Relative Error 0.0006974964053370059
Epoch 676 Relative Error 0.0007109169964678586
Epoch 677 Relative Error 0.000771832128521055
Epoch 678 Relative Error 0.0008353598532266915
Epoch 679 Relative Error 0.0009200674248859286
Epoch 680 Relative Error 0.0009128821548074484
Epoch 681 Relative Error 0.000907671928871423
Epoch 682 Relative Error 0.00105393142439425
Epoch 683 Relative Error 0.0008613436948508024
Epoch 684 Relative Error 0.0007252912619151175
Epoch 685 Relative Error 0.0008306700619868934
Epoch 686 Relative Error 0.0008317056926898658
Epoch 687 Relative Error 0.0006939888698980212
Epoch 688 Relative Error 0.0006849840865470469
Epoch 689 Relative Error 0.0006993527058511972
Epoch 690 Relative Error 0.0006625326350331306
Epoch 691 Relative Error 0.0007142599788494408
Epoch 692 Relative Error 0.0006562793860211968
Epoch 693 Relative Error 0.000763102900236845
Epoch 694 Relative Error 0.0007005869993008673
Epoch 695 Relative Error 0.0006366098532453179
Epoch 696 Relative Error 0.0007204805151559412
Epoch 697 Relative Error 0.000790021731518209
Epoch 698 Relative Error 0.0006434324313886464
Epoch 699 Relative Error 0.0007593730697408319
Epoch 700 Relative Error 0.0007999989902600646
Epoch 701 Relative Error 0.0009210043353959918
Epoch 702 Relative Error 0.000714888796210289
Epoch 703 Relative Error 0.0007395449210889637
Epoch 704 Relative Error 0.0007700263522565365
Epoch 705 Relative Error 0.0008108624606393278
Epoch 706 Relative Error 0.0009668328566476703
Epoch 707 Relative Error 0.0008036915096454322
Epoch 708 Relative Error 0.0007619292009621859
Epoch 709 Relative Error 0.0007832348928786814
Epoch 710 Relative Error 0.0006537651643157005
Epoch 711 Relative Error 0.0007758832070976496
Epoch 712 Relative Error 0.0006663092644885182
Epoch 713 Relative Error 0.0007764441543258727
Epoch 714 Relative Error 0.0007293274975381792
Epoch 715 Relative Error 0.0007714852108620107
Epoch 716 Relative Error 0.0006176225724630058
Epoch 717 Relative Error 0.0007595534552820027
Epoch 718 Relative Error 0.0006240056827664375
Epoch 719 Relative Error 0.0009814482182264328
Epoch 720 Relative Error 0.0006996206939220428
Epoch 721 Relative Error 0.0007078679627738893
Epoch 722 Relative Error 0.0006823418661952019
Epoch 723 Relative Error 0.0006297011277638376
Epoch 724 Relative Error 0.0006980452453717589
Epoch 725 Relative Error 0.0006089152302592993
Epoch 726 Relative Error 0.0009019953431561589
Epoch 727 Relative Error 0.0008448314620181918
Epoch 728 Relative Error 0.0007782595348544419
Epoch 729 Relative Error 0.0006630257121287286
Epoch 730 Relative Error 0.0007067254628054798
Epoch 731 Relative Error 0.0006896330160088837
Epoch 732 Relative Error 0.0007021205965429544
Epoch 733 Relative Error 0.0006566934171132743
Epoch 734 Relative Error 0.0007908175466582179
Epoch 735 Relative Error 0.0007102593081071973
Epoch 736 Relative Error 0.0008886275463737547
Epoch 737 Relative Error 0.0007059475756250322
Epoch 738 Relative Error 0.0006468828651122749
Epoch 739 Relative Error 0.0006145124789327383
Epoch 740 Relative Error 0.0006492058164440095
Epoch 741 Relative Error 0.0006149369874037802
Epoch 742 Relative Error 0.000676114927046001
Epoch 743 Relative Error 0.0006075468845665455
Epoch 744 Relative Error 0.0006462146993726492
Epoch 745 Relative Error 0.0005811527371406555
Epoch 746 Relative Error 0.0006648043054156005
Epoch 747 Relative Error 0.0006430645589716733
Epoch 748 Relative Error 0.0007410999969579279
Epoch 749 Relative Error 0.0006719088414683938
Epoch 750 Relative Error 0.0006332616903819144
Epoch 751 Relative Error 0.0006577104213647544
Epoch 752 Relative Error 0.0006184072117321193
Epoch 753 Relative Error 0.0006275216583162546
Epoch 754 Relative Error 0.0006696837372146547
Epoch 755 Relative Error 0.0006763563142158091
Epoch 756 Relative Error 0.0007079229108057916
Epoch 757 Relative Error 0.0006670524016954005
Epoch 758 Relative Error 0.0007156171486712992
Epoch 759 Relative Error 0.0006801221752539277
Epoch 760 Relative Error 0.0007735437829978764
Epoch 761 Relative Error 0.0006927788490429521
Epoch 762 Relative Error 0.0006795768276788294
Epoch 763 Relative Error 0.0006968136294744909
Epoch 764 Relative Error 0.0006782447453588247
Epoch 765 Relative Error 0.0006512250402010977
Epoch 766 Relative Error 0.0006979173049330711
Epoch 767 Relative Error 0.0006250090664252639
Epoch 768 Relative Error 0.0006977686425670981
Epoch 769 Relative Error 0.0006346372538246214
Epoch 770 Relative Error 0.0006200667703524232
Epoch 771 Relative Error 0.0006925077177584171
Epoch 772 Relative Error 0.0006895072874613106
Epoch 773 Relative Error 0.0007395855500362813
Epoch 774 Relative Error 0.0007474643643945456
Epoch 775 Relative Error 0.0008542382856830955
Epoch 776 Relative Error 0.0008105315500870347
Epoch 777 Relative Error 0.0007240324048325419
Epoch 778 Relative Error 0.0006354375509545207
Epoch 779 Relative Error 0.0007216681260615587
Epoch 780 Relative Error 0.0007190924370661378
Epoch 781 Relative Error 0.0006687306449748576
Epoch 782 Relative Error 0.0008044150890782475
Epoch 783 Relative Error 0.0007871249690651894
Epoch 784 Relative Error 0.0006992283160798252
Epoch 785 Relative Error 0.000696034636348486
Epoch 786 Relative Error 0.0008885680581443012
Epoch 787 Relative Error 0.0009529553353786469
Epoch 788 Relative Error 0.0010284886229783297
Epoch 789 Relative Error 0.0011024661362171173
Epoch 790 Relative Error 0.0009610985871404409
Epoch 791 Relative Error 0.0007766431081108749
Epoch 792 Relative Error 0.0008374390890821815
Epoch 793 Relative Error 0.0007920277421362698
Epoch 794 Relative Error 0.0007429239922203124
Epoch 795 Relative Error 0.000735001580324024
Epoch 796 Relative Error 0.0007355926209129393
Epoch 797 Relative Error 0.000671068555675447
Epoch 798 Relative Error 0.0007756678969599307
Epoch 799 Relative Error 0.0007916387403383851
Epoch 800 Relative Error 0.0007450708653777838
Epoch 801 Relative Error 0.0006645061075687408
Epoch 802 Relative Error 0.0006661577499471605
Epoch 803 Relative Error 0.0007855257135815918
Epoch 804 Relative Error 0.0007452155114151537
Epoch 805 Relative Error 0.0007570633315481246
Epoch 806 Relative Error 0.0007498618215322495
Epoch 807 Relative Error 0.000717660179361701
Epoch 808 Relative Error 0.0007631393964402378
Epoch 809 Relative Error 0.0007195966318249702
Epoch 810 Relative Error 0.0007257058168761432
Epoch 811 Relative Error 0.0007488124538213015
Epoch 812 Relative Error 0.0006593712605535984
Epoch 813 Relative Error 0.0006905510672368109
Epoch 814 Relative Error 0.0007307021296583116
Epoch 815 Relative Error 0.0007250466733239591
Epoch 816 Relative Error 0.0007488334085792303
Epoch 817 Relative Error 0.0007846352527849376
Epoch 818 Relative Error 0.0007600996177643538
Epoch 819 Relative Error 0.0008645493071526289
Epoch 820 Relative Error 0.0007690581260249019
Epoch 821 Relative Error 0.000733329332433641
Epoch 822 Relative Error 0.0006887659546919167
Epoch 823 Relative Error 0.0008126077591441572
Epoch 824 Relative Error 0.0008343555382452905
Epoch 825 Relative Error 0.0010060640051960945
Epoch 826 Relative Error 0.0008996399701572955
Epoch 827 Relative Error 0.0007113648462109268
Epoch 828 Relative Error 0.0007827987428754568
Epoch 829 Relative Error 0.000654005678370595
Epoch 830 Relative Error 0.0006806628662161529
Epoch 831 Relative Error 0.00082590919919312
Epoch 832 Relative Error 0.0006777707603760064
Epoch 833 Relative Error 0.0007473480654880404
Epoch 834 Relative Error 0.0008462073747068644
Epoch 835 Relative Error 0.0008731051930226386
Epoch 836 Relative Error 0.0007552494062110782
Epoch 837 Relative Error 0.0008837102795951068
Epoch 838 Relative Error 0.0009038057178258896
Epoch 839 Relative Error 0.0008687865338288248
Epoch 840 Relative Error 0.0006939767044968903
Epoch 841 Relative Error 0.0007737299893051386
Epoch 842 Relative Error 0.0007176149520091712
Epoch 843 Relative Error 0.0007657661917619407
Epoch 844 Relative Error 0.0008185432525351644
Epoch 845 Relative Error 0.0008159735007211566
Epoch 846 Relative Error 0.0008009730372577906
Epoch 847 Relative Error 0.0007274398230947554
Epoch 848 Relative Error 0.0006856528343632817
Epoch 849 Relative Error 0.0006813206127844751
Epoch 850 Relative Error 0.0007013485301285982
Epoch 851 Relative Error 0.000703072699252516
Epoch 852 Relative Error 0.0007736904080957174
Epoch 853 Relative Error 0.0008285994408652186
Epoch 854 Relative Error 0.000704681733623147
Epoch 855 Relative Error 0.0008405618136748672
Epoch 856 Relative Error 0.0009775006910786033
Epoch 857 Relative Error 0.0007806769572198391
Epoch 858 Relative Error 0.0007216010126285255
Epoch 859 Relative Error 0.0007718270644545555
Epoch 860 Relative Error 0.0006775943329557776
Epoch 861 Relative Error 0.0006937335710972548
Epoch 862 Relative Error 0.0007365634082816541
Epoch 863 Relative Error 0.0008506220765411854
Epoch 864 Relative Error 0.000895994424354285
Epoch 865 Relative Error 0.0006765952566638589
Epoch 866 Relative Error 0.0007719172863289714
Epoch 867 Relative Error 0.0007942612282931805
Epoch 868 Relative Error 0.0008386758272536099
Epoch 869 Relative Error 0.0006464316975325346
Epoch 870 Relative Error 0.0007189358584582806
Epoch 871 Relative Error 0.0006103076157160103
Epoch 872 Relative Error 0.0007616532384417951
Epoch 873 Relative Error 0.0007659128168597817
Epoch 874 Relative Error 0.0008917805971577764
Epoch 875 Relative Error 0.0007421330665238202
Epoch 876 Relative Error 0.0008772262372076511
Epoch 877 Relative Error 0.0008282612543553114
Epoch 878 Relative Error 0.0007401704788208008
Epoch 879 Relative Error 0.0008949643815867603
Epoch 880 Relative Error 0.000696627888828516
Epoch 881 Relative Error 0.0008324346272274852
Epoch 882 Relative Error 0.0007272097864188254
Epoch 883 Relative Error 0.0008062809938564897
Epoch 884 Relative Error 0.0009061013697646558
Epoch 885 Relative Error 0.0007059975177980959
Epoch 886 Relative Error 0.0007495475001633167
Epoch 887 Relative Error 0.0008466606959700584
Epoch 888 Relative Error 0.0006933939876034856
Epoch 889 Relative Error 0.0007969550788402557
Epoch 890 Relative Error 0.0007348397048190236
Epoch 891 Relative Error 0.0006538913003169
Epoch 892 Relative Error 0.000704863341525197
Epoch 893 Relative Error 0.0007375472341664135
Epoch 894 Relative Error 0.0007728429627604783
Epoch 895 Relative Error 0.0006746588042005897
Epoch 896 Relative Error 0.0006995478761382401
Epoch 897 Relative Error 0.0006269231089390814
Epoch 898 Relative Error 0.0006864205934107304
Epoch 899 Relative Error 0.0006450212677009404
Epoch 900 Relative Error 0.0007416074513457716
Epoch 901 Relative Error 0.0006326454458758235
Epoch 902 Relative Error 0.0007122279494069517
Epoch 903 Relative Error 0.000847766874358058
Epoch 904 Relative Error 0.0006458195275627077
Epoch 905 Relative Error 0.0007151972386054695
Epoch 906 Relative Error 0.000653403636533767
Epoch 907 Relative Error 0.0008409548900090158
Epoch 908 Relative Error 0.0007334212423302233
Epoch 909 Relative Error 0.0006975579890422523
Epoch 910 Relative Error 0.0006264232215471566
Epoch 911 Relative Error 0.00066923419944942
Epoch 912 Relative Error 0.0006217549671418965
Epoch 913 Relative Error 0.0007073943270370364
Epoch 914 Relative Error 0.0008675318094901741
Epoch 915 Relative Error 0.0008723224746063352
Epoch 916 Relative Error 0.0007828499656170607
Epoch 917 Relative Error 0.0007036218885332346
Epoch 918 Relative Error 0.0006976291770115495
Epoch 919 Relative Error 0.0007171675097197294
Epoch 920 Relative Error 0.0006710767047479749
Epoch 921 Relative Error 0.0006956084980629385
Epoch 922 Relative Error 0.0007047138060443103
Epoch 923 Relative Error 0.0006900698645040393
Epoch 924 Relative Error 0.0008004029514268041
Epoch 925 Relative Error 0.0007765648770146072
Epoch 926 Relative Error 0.0008732061251066625
Epoch 927 Relative Error 0.0007459174958057702
Epoch 928 Relative Error 0.000760058406740427
Epoch 929 Relative Error 0.0006726456922478974
Epoch 930 Relative Error 0.0007244774606078863
Epoch 931 Relative Error 0.0008360177744179964
Epoch 932 Relative Error 0.0007942939409986138
Epoch 933 Relative Error 0.0007675940287299454
Epoch 934 Relative Error 0.000776253524236381
Epoch 935 Relative Error 0.0007686212193220854
Epoch 936 Relative Error 0.0008815450710244477
Epoch 937 Relative Error 0.000746533100027591
Epoch 938 Relative Error 0.0007597990916110575
Epoch 939 Relative Error 0.0007580645615234971
Epoch 940 Relative Error 0.0007619230891577899
Epoch 941 Relative Error 0.0008762918878346682
Epoch 942 Relative Error 0.0007056626491248608
Epoch 943 Relative Error 0.0008783724042586982
Epoch 944 Relative Error 0.0007024630904197693
Epoch 945 Relative Error 0.0008336774772033095
Epoch 946 Relative Error 0.0006973002455197275
Epoch 947 Relative Error 0.0008956794044934213
Epoch 948 Relative Error 0.0007353226537816226
Epoch 949 Relative Error 0.0007944575045257807
Epoch 950 Relative Error 0.0006962369661778212
Epoch 951 Relative Error 0.0007008456159383059
Epoch 952 Relative Error 0.0006725197308696806
Epoch 953 Relative Error 0.000724391604308039
Epoch 954 Relative Error 0.0006698246579617262
Epoch 955 Relative Error 0.000652744376566261
Epoch 956 Relative Error 0.000732693646568805
Epoch 957 Relative Error 0.0005831187590956688
Epoch 958 Relative Error 0.000752860854845494
Epoch 959 Relative Error 0.0006818429683335125
Epoch 960 Relative Error 0.0006427072221413255
Epoch 961 Relative Error 0.0006944717024452984
Epoch 962 Relative Error 0.0006858959095552564
Epoch 963 Relative Error 0.0007807087386026978
Epoch 964 Relative Error 0.0007788900402374566
Epoch 965 Relative Error 0.0008413619361817837
Epoch 966 Relative Error 0.0006590675911866128
Epoch 967 Relative Error 0.0007127589778974652
Epoch 968 Relative Error 0.0006485359626822174
Epoch 969 Relative Error 0.0007086516125127673
Epoch 970 Relative Error 0.0008039800450205803
Epoch 971 Relative Error 0.0008812554297037423
Epoch 972 Relative Error 0.0006263659452088177
Epoch 973 Relative Error 0.0007360863382928073
Epoch 974 Relative Error 0.0007326958002522588
Epoch 975 Relative Error 0.0007482398068532348
Epoch 976 Relative Error 0.0008546696626581252
Epoch 977 Relative Error 0.000746643403545022
Epoch 978 Relative Error 0.0006312537589110434
Epoch 979 Relative Error 0.0006850777426734567
Epoch 980 Relative Error 0.0008132265065796673
Epoch 981 Relative Error 0.0006840017740614712
Epoch 982 Relative Error 0.0007541741942986846
Epoch 983 Relative Error 0.0007178973173722625
Epoch 984 Relative Error 0.0007628492312505841
Epoch 985 Relative Error 0.0007178387604653835
Epoch 986 Relative Error 0.0006691045127809048
Epoch 987 Relative Error 0.0007767626666463912
Epoch 988 Relative Error 0.0007473106379620731
Epoch 989 Relative Error 0.0007269662455655634
Epoch 990 Relative Error 0.0006903453613631427
Epoch 991 Relative Error 0.0007040387718006968
Epoch 992 Relative Error 0.0007012421847321093
Epoch 993 Relative Error 0.0006936310674063861
Epoch 994 Relative Error 0.0006849184865131974
Epoch 995 Relative Error 0.0009016512194648385
Epoch 996 Relative Error 0.000810992787592113
Epoch 997 Relative Error 0.0008755807648412883
Epoch 998 Relative Error 0.0010764840990304947
Epoch 999 Relative Error 0.0009092253749258816
Epoch 1000 Relative Error 0.0008819465874694288
RE (0, 8, 0, 0): 0.0005544637679122388
Green's Function RE (0, 8, 0, 0): 0.9554830193519592
Bias Term RE (0, 8, 0, 0): 0.8535953760147095
Combination (0, 8, 0, 0, 0): 0.9445306658744812
Combination (0, 8, 0, 0, 1): 0.9456118941307068
Combination (0, 8, 0, 0, 2): 0.9458004236221313
Combination (0, 8, 0, 0, 3): 0.9459047317504883
Combination (0, 8, 0, 0, 4): 0.9459514617919922

/home/gridsan/gstepaniants/.local/lib/python3.8/site-packages/torch/functional.py:478: UserWarning: torch.meshgrid: in an upcoming release, it will be required to pass the indexing argument. (Triggered internally at  ../aten/src/ATen/native/TensorShape.cpp:2895.)
  return _VF.meshgrid(tensors, **kwargs)  # type: ignore[attr-defined]
