[KeOps] Warning : Cuda libraries were not detected on the system ; using cpu only mode
1
Kernel: Exponential
Weight Mesh: 80
RKHS Kernel Width: 0.001
Lambda: 1e-06
Green's Function Learning Rate: 100
Bias Term Learning Rate: 100
Epoch 1 Relative Error 665.2230224609375
First epoch had re = 665.2230224609375 > 1
Green's Function Learning Rate: 50
Bias Term Learning Rate: 50
Epoch 1 Relative Error 305.0628967285156
First epoch had re = 305.0628967285156 > 1
Green's Function Learning Rate: 10
Bias Term Learning Rate: 10
Epoch 1 Relative Error 60.792991638183594
First epoch had re = 60.792991638183594 > 1
Green's Function Learning Rate: 5
Bias Term Learning Rate: 5
Epoch 1 Relative Error 40.19721603393555
First epoch had re = 40.19721603393555 > 1
Green's Function Learning Rate: 1
Bias Term Learning Rate: 1
Epoch 1 Relative Error 6.238354206085205
First epoch had re = 6.238354206085205 > 1
Green's Function Learning Rate: 0.5
Bias Term Learning Rate: 0.5
Epoch 1 Relative Error 3.107781171798706
First epoch had re = 3.107781171798706 > 1
Green's Function Learning Rate: 0.1
Bias Term Learning Rate: 0.1
Epoch 1 Relative Error 0.7068242430686951
Epoch 2 Relative Error 0.5542030930519104
Epoch 3 Relative Error 0.5634811520576477
Epoch 4 Relative Error 0.423921674489975
Epoch 5 Relative Error 0.3355081379413605
Epoch 6 Relative Error 0.2973780930042267
Epoch 7 Relative Error 0.1946517527103424
Epoch 8 Relative Error 0.186411052942276
Epoch 9 Relative Error 0.13051676750183105
Epoch 10 Relative Error 0.09700047224760056
Epoch 11 Relative Error 0.08060415834188461
Epoch 12 Relative Error 0.06371982395648956
Epoch 13 Relative Error 0.04608990624547005
Epoch 14 Relative Error 0.039448272436857224
Epoch 15 Relative Error 0.0322503037750721
Epoch 16 Relative Error 0.022140510380268097
Epoch 17 Relative Error 0.018194610252976418
Epoch 18 Relative Error 0.015866005793213844
Epoch 19 Relative Error 0.011479204520583153
Epoch 20 Relative Error 0.009120580740272999
Epoch 21 Relative Error 0.008036836981773376
Epoch 22 Relative Error 0.006544932723045349
Epoch 23 Relative Error 0.005489720497280359
Epoch 24 Relative Error 0.004476312082260847
Epoch 25 Relative Error 0.0039088912308216095
Epoch 26 Relative Error 0.003308049403131008
Epoch 27 Relative Error 0.0029352158308029175
Epoch 28 Relative Error 0.0027164043858647346
Epoch 29 Relative Error 0.0023310091346502304
Epoch 30 Relative Error 0.0022279093973338604
Epoch 31 Relative Error 0.0021321719978004694
Epoch 32 Relative Error 0.001993045210838318
Epoch 33 Relative Error 0.0018647623946890235
Epoch 34 Relative Error 0.001812223345041275
Epoch 35 Relative Error 0.0018487886991351843
Epoch 36 Relative Error 0.0018301449017599225
Epoch 37 Relative Error 0.0017065186984837055
Epoch 38 Relative Error 0.0017022407846525311
Epoch 39 Relative Error 0.0016233802307397127
Epoch 40 Relative Error 0.0015901258448138833
Epoch 41 Relative Error 0.0014894558116793633
Epoch 42 Relative Error 0.0014897859655320644
Epoch 43 Relative Error 0.0014522165292873979
Epoch 44 Relative Error 0.0014004813274368644
Epoch 45 Relative Error 0.0013769620563834906
Epoch 46 Relative Error 0.0013546030968427658
Epoch 47 Relative Error 0.0012795942602679133
Epoch 48 Relative Error 0.0012742811813950539
Epoch 49 Relative Error 0.001252823625691235
Epoch 50 Relative Error 0.001210682326927781
Epoch 51 Relative Error 0.001228146138601005
Epoch 52 Relative Error 0.001196853001601994
Epoch 53 Relative Error 0.0011804644018411636
Epoch 54 Relative Error 0.0011491135228425264
Epoch 55 Relative Error 0.0011212839744985104
Epoch 56 Relative Error 0.0010783179895952344
Epoch 57 Relative Error 0.00105666380841285
Epoch 58 Relative Error 0.0010741485748440027
Epoch 59 Relative Error 0.0010263457661494613
Epoch 60 Relative Error 0.001016753725707531
Epoch 61 Relative Error 0.0009847130859270692
Epoch 62 Relative Error 0.0009679851937107742
Epoch 63 Relative Error 0.0009917672723531723
Epoch 64 Relative Error 0.0009880188154056668
Epoch 65 Relative Error 0.0009730894234962761
Epoch 66 Relative Error 0.0009664390818215907
Epoch 67 Relative Error 0.0009560537873767316
Epoch 68 Relative Error 0.0009203849476762116
Epoch 69 Relative Error 0.0008928675088100135
Epoch 70 Relative Error 0.0009030713117681444
Epoch 71 Relative Error 0.0008804600802250206
Epoch 72 Relative Error 0.0008440438541583717
Epoch 73 Relative Error 0.0009383348515257239
Epoch 74 Relative Error 0.0008523665019311011
Epoch 75 Relative Error 0.0008286695810966194
Epoch 76 Relative Error 0.0008231042302213609
Epoch 77 Relative Error 0.0008040113025344908
Epoch 78 Relative Error 0.0008327772957272828
Epoch 79 Relative Error 0.0008393001626245677
Epoch 80 Relative Error 0.0007540283259004354
Epoch 81 Relative Error 0.0007570448215119541
Epoch 82 Relative Error 0.0007824099157005548
Epoch 83 Relative Error 0.0008003624388948083
Epoch 84 Relative Error 0.0007855745498090982
Epoch 85 Relative Error 0.0007025036029517651
Epoch 86 Relative Error 0.0007435819134116173
Epoch 87 Relative Error 0.0007035540184006095
Epoch 88 Relative Error 0.000698380172252655
Epoch 89 Relative Error 0.0006968316156417131
Epoch 90 Relative Error 0.0006739380187354982
Epoch 91 Relative Error 0.0006948504014872015
Epoch 92 Relative Error 0.0006592352874577045
Epoch 93 Relative Error 0.000689773412887007
Epoch 94 Relative Error 0.0006666778936050832
Epoch 95 Relative Error 0.0006468261708505452
Epoch 96 Relative Error 0.0006734823691658676
Epoch 97 Relative Error 0.0007891974528320134
Epoch 98 Relative Error 0.0007588303997181356
Epoch 99 Relative Error 0.0006401787977665663
Epoch 100 Relative Error 0.0007064822711981833
Epoch 101 Relative Error 0.0006606319220736623
Epoch 102 Relative Error 0.0007051490829326212
Epoch 103 Relative Error 0.0006484028999693692
Epoch 104 Relative Error 0.0006560393958352506
Epoch 105 Relative Error 0.0006284803384914994
Epoch 106 Relative Error 0.0006568161770701408
Epoch 107 Relative Error 0.0006332479533739388
Epoch 108 Relative Error 0.0006661670631729066
Epoch 109 Relative Error 0.0006630662246607244
Epoch 110 Relative Error 0.0006050288211554289
Epoch 111 Relative Error 0.0006613734876736999
Epoch 112 Relative Error 0.0006181409698911011
Epoch 113 Relative Error 0.0006404510932043195
Epoch 114 Relative Error 0.0006044380716048181
Epoch 115 Relative Error 0.0006244670948944986
Epoch 116 Relative Error 0.0005634549888782203
Epoch 117 Relative Error 0.000629949092399329
Epoch 118 Relative Error 0.0005960465059615672
Epoch 119 Relative Error 0.0006931701791472733
Epoch 120 Relative Error 0.0007221570122055709
Epoch 121 Relative Error 0.000649651512503624
Epoch 122 Relative Error 0.0006202150834724307
Epoch 123 Relative Error 0.000674535462167114
Epoch 124 Relative Error 0.0005815131007693708
Epoch 125 Relative Error 0.0005632904940284789
Epoch 126 Relative Error 0.0006387268658727407
Epoch 127 Relative Error 0.0006319664535112679
Epoch 128 Relative Error 0.0006729394081048667
Epoch 129 Relative Error 0.0006039747968316078
Epoch 130 Relative Error 0.0006205644458532333
Epoch 131 Relative Error 0.0005559258279390633
Epoch 132 Relative Error 0.0005605301703326404
Epoch 133 Relative Error 0.0005666131037287414
Epoch 134 Relative Error 0.0005928641767241061
Epoch 135 Relative Error 0.0005549738998524845
Epoch 136 Relative Error 0.000604155648034066
Epoch 137 Relative Error 0.0005818388890475035
Epoch 138 Relative Error 0.0006298016523942351
Epoch 139 Relative Error 0.0005401732632890344
Epoch 140 Relative Error 0.0005966283497400582
Epoch 141 Relative Error 0.0005981435533612967
Epoch 142 Relative Error 0.0006796718807891011
Epoch 143 Relative Error 0.0005516164819709957
Epoch 144 Relative Error 0.0006493353866972029
Epoch 145 Relative Error 0.0005497363163158298
Epoch 146 Relative Error 0.0006044665933586657
Epoch 147 Relative Error 0.000534537248313427
Epoch 148 Relative Error 0.0007096556364558637
Epoch 149 Relative Error 0.0006469730869866908
Epoch 150 Relative Error 0.0005989636993035674
Epoch 151 Relative Error 0.0005786714609712362
Epoch 152 Relative Error 0.0006438549025915563
Epoch 153 Relative Error 0.0005733033176511526
Epoch 154 Relative Error 0.0005937691894359887
Epoch 155 Relative Error 0.000559921667445451
Epoch 156 Relative Error 0.0005875222850590944
Epoch 157 Relative Error 0.0005100268754176795
Epoch 158 Relative Error 0.0006115995347499847
Epoch 159 Relative Error 0.000575440120883286
Epoch 160 Relative Error 0.0005926854792051017
Epoch 161 Relative Error 0.0006133975111879408
Epoch 162 Relative Error 0.0005831556627526879
Epoch 163 Relative Error 0.0006463194149546325
Epoch 164 Relative Error 0.0006496875430457294
Epoch 165 Relative Error 0.0006552502163685858
Epoch 166 Relative Error 0.0005690101534128189
Epoch 167 Relative Error 0.0006650127470493317
Epoch 168 Relative Error 0.0007488071569241583
Epoch 169 Relative Error 0.0007483938243240118
Epoch 170 Relative Error 0.0007642459240742028
Epoch 171 Relative Error 0.0005858649383299053
Epoch 172 Relative Error 0.0006374253425747156
Epoch 173 Relative Error 0.0005575948744080961
Epoch 174 Relative Error 0.0005911437328904867
Epoch 175 Relative Error 0.0006448820931836963
Epoch 176 Relative Error 0.0006708565051667392
Epoch 177 Relative Error 0.0007096835179254413
Epoch 178 Relative Error 0.0006136875599622726
Epoch 179 Relative Error 0.0005967958713881671
Epoch 180 Relative Error 0.0006865881150588393
Epoch 181 Relative Error 0.0005847035208716989
Epoch 182 Relative Error 0.0006306629511527717
Epoch 183 Relative Error 0.0005081575945951045
Epoch 184 Relative Error 0.0005578143172897398
Epoch 185 Relative Error 0.000507746241055429
Epoch 186 Relative Error 0.0006439022836275399
Epoch 187 Relative Error 0.0005967651377432048
Epoch 188 Relative Error 0.000641701219137758
Epoch 189 Relative Error 0.0005522587453015149
Epoch 190 Relative Error 0.0006013137754052877
Epoch 191 Relative Error 0.000607011781539768
Epoch 192 Relative Error 0.0005253592971712351
Epoch 193 Relative Error 0.0006407834589481354
Epoch 194 Relative Error 0.0005637265276163816
Epoch 195 Relative Error 0.0005935995141044259
Epoch 196 Relative Error 0.0006076263962313533
Epoch 197 Relative Error 0.0006966967484913766
Epoch 198 Relative Error 0.0006356468074955046
Epoch 199 Relative Error 0.0006308042793534696
Epoch 200 Relative Error 0.0005948264733888209
Epoch 201 Relative Error 0.0005904885474592447
Epoch 202 Relative Error 0.0004949437570758164
Epoch 203 Relative Error 0.0005901313270442188
Epoch 204 Relative Error 0.0005294099100865424
Epoch 205 Relative Error 0.0006918064318597317
Epoch 206 Relative Error 0.0006567765958607197
Epoch 207 Relative Error 0.0006480112206190825
Epoch 208 Relative Error 0.0005953654181212187
Epoch 209 Relative Error 0.000696579460054636
Epoch 210 Relative Error 0.0006236798362806439
Epoch 211 Relative Error 0.0005458231316879392
Epoch 212 Relative Error 0.0006788420141674578
Epoch 213 Relative Error 0.0006584736984223127
Epoch 214 Relative Error 0.0006871594814583659
Epoch 215 Relative Error 0.0006078277947381139
Epoch 216 Relative Error 0.0005442677065730095
Epoch 217 Relative Error 0.0005959824775345623
Epoch 218 Relative Error 0.0005562575533986092
Epoch 219 Relative Error 0.0006076963618397713
Epoch 220 Relative Error 0.0006610815762542188
Epoch 221 Relative Error 0.0006662754458375275
Epoch 222 Relative Error 0.0005876708310097456
Epoch 223 Relative Error 0.0005072727217338979
Epoch 224 Relative Error 0.0006789248436689377
Epoch 225 Relative Error 0.0004888256080448627
Epoch 226 Relative Error 0.0005527888424694538
Epoch 227 Relative Error 0.000531483965460211
Epoch 228 Relative Error 0.0005435266066342592
Epoch 229 Relative Error 0.0004981160163879395
Epoch 230 Relative Error 0.0005833730683661997
Epoch 231 Relative Error 0.0005395968910306692
Epoch 232 Relative Error 0.000600201659835875
Epoch 233 Relative Error 0.000514943792950362
Epoch 234 Relative Error 0.0006067932699806988
Epoch 235 Relative Error 0.0005401649395935237
Epoch 236 Relative Error 0.0005829925648868084
Epoch 237 Relative Error 0.0006377602694556117
Epoch 238 Relative Error 0.0006321238470263779
Epoch 239 Relative Error 0.0006130185211077332
Epoch 240 Relative Error 0.0005613869871012866
Epoch 241 Relative Error 0.0006101148901507258
Epoch 242 Relative Error 0.0006735138595104218
Epoch 243 Relative Error 0.0005980582209303975
Epoch 244 Relative Error 0.0005789396236650646
Epoch 245 Relative Error 0.0006370367482304573
Epoch 246 Relative Error 0.0007382060866802931
Epoch 247 Relative Error 0.0007695943349972367
Epoch 248 Relative Error 0.0006430794019252062
Epoch 249 Relative Error 0.0006176888709887862
Epoch 250 Relative Error 0.0005500119877979159
Epoch 251 Relative Error 0.0007165272836573422
Epoch 252 Relative Error 0.0007043025107122958
Epoch 253 Relative Error 0.0007533327443525195
Epoch 254 Relative Error 0.0006274944171309471
Epoch 255 Relative Error 0.0006353972712531686
Epoch 256 Relative Error 0.0005458593368530273
Epoch 257 Relative Error 0.0005836162017658353
Epoch 258 Relative Error 0.0005776402540504932
Epoch 259 Relative Error 0.0006341199041344225
Epoch 260 Relative Error 0.0005403172690421343
Epoch 261 Relative Error 0.000663548125885427
Epoch 262 Relative Error 0.0005904699792154133
Epoch 263 Relative Error 0.0005935970111750066
Epoch 264 Relative Error 0.0006049963412806392
Epoch 265 Relative Error 0.000614010845310986
Epoch 266 Relative Error 0.0006042241002433002
Epoch 267 Relative Error 0.0007620099931955338
Epoch 268 Relative Error 0.0005999383283779025
Epoch 269 Relative Error 0.000513972423505038
Epoch 270 Relative Error 0.0006219028728082776
Epoch 271 Relative Error 0.0005214092670939863
Epoch 272 Relative Error 0.000558381958398968
Epoch 273 Relative Error 0.0005528758047148585
Epoch 274 Relative Error 0.0005481538246385753
Epoch 275 Relative Error 0.0006320340908132493
Epoch 276 Relative Error 0.0006273395265452564
Epoch 277 Relative Error 0.0005459183012135327
Epoch 278 Relative Error 0.0007205576403066516
Epoch 279 Relative Error 0.0004944682586938143
Epoch 280 Relative Error 0.0007848279201425612
Epoch 281 Relative Error 0.0006210702704265714
Epoch 282 Relative Error 0.0005944348522461951
Epoch 283 Relative Error 0.000589704024605453
Epoch 284 Relative Error 0.000554514117538929
Epoch 285 Relative Error 0.0005717787425965071
Epoch 286 Relative Error 0.0005682487390004098
Epoch 287 Relative Error 0.0005517830140888691
Epoch 288 Relative Error 0.0006155652808956802
Epoch 289 Relative Error 0.0006764473509974778
Epoch 290 Relative Error 0.0006221113144420087
Epoch 291 Relative Error 0.0005512752686627209
Epoch 292 Relative Error 0.0005493855569511652
Epoch 293 Relative Error 0.0006678489153273404
Epoch 294 Relative Error 0.0005880234530195594
Epoch 295 Relative Error 0.0005811452283523977
Epoch 296 Relative Error 0.0005527243483811617
Epoch 297 Relative Error 0.0005509312613867223
Epoch 298 Relative Error 0.0007769992225803435
Epoch 299 Relative Error 0.0007166991126723588
Epoch 300 Relative Error 0.0009168463293462992
Epoch 301 Relative Error 0.0006987188826315105
Epoch 302 Relative Error 0.0006691565504297614
Epoch 303 Relative Error 0.0007585379644297063
Epoch 304 Relative Error 0.0006959984893910587
Epoch 305 Relative Error 0.0006807512254454195
Epoch 306 Relative Error 0.000810701516456902
Epoch 307 Relative Error 0.0006846356554888189
Epoch 308 Relative Error 0.0006218444905243814
Epoch 309 Relative Error 0.0006147063686512411
Epoch 310 Relative Error 0.0006112968549132347
Epoch 311 Relative Error 0.0006299963570199907
Epoch 312 Relative Error 0.0006137964664958417
Epoch 313 Relative Error 0.0005858542863279581
Epoch 314 Relative Error 0.0005557268741540611
Epoch 315 Relative Error 0.000662677688524127
Epoch 316 Relative Error 0.000487459939904511
Epoch 317 Relative Error 0.0005914272041991353
Epoch 318 Relative Error 0.0007069179555401206
Epoch 319 Relative Error 0.0005777631886303425
Epoch 320 Relative Error 0.0006361801642924547
Epoch 321 Relative Error 0.0005939587717875838
Epoch 322 Relative Error 0.0005998652777634561
Epoch 323 Relative Error 0.0004999423981644213
Epoch 324 Relative Error 0.0006558028399012983
Epoch 325 Relative Error 0.0006763981655240059
Epoch 326 Relative Error 0.0005508490721695125
Epoch 327 Relative Error 0.0005797827616333961
Epoch 328 Relative Error 0.0004745166515931487
Epoch 329 Relative Error 0.000587978633120656
Epoch 330 Relative Error 0.000527725147549063
Epoch 331 Relative Error 0.0005693314597010612
Epoch 332 Relative Error 0.0005455914069898427
Epoch 333 Relative Error 0.0004794277483597398
Epoch 334 Relative Error 0.0005906451842747629
Epoch 335 Relative Error 0.0005463447305373847
Epoch 336 Relative Error 0.0005917013622820377
Epoch 337 Relative Error 0.0005545573076233268
Epoch 338 Relative Error 0.0007062398362904787
Epoch 339 Relative Error 0.000606024928856641
Epoch 340 Relative Error 0.0006743110134266317
Epoch 341 Relative Error 0.0006131509435363114
Epoch 342 Relative Error 0.0006576692103408277
Epoch 343 Relative Error 0.0006289306911639869
Epoch 344 Relative Error 0.0007200767286121845
Epoch 345 Relative Error 0.0007151602767407894
Epoch 346 Relative Error 0.0006683807005174458
Epoch 347 Relative Error 0.000629956484772265
Epoch 348 Relative Error 0.0006490623927675188
Epoch 349 Relative Error 0.0005402662209235132
Epoch 350 Relative Error 0.0005020506796427071
Epoch 351 Relative Error 0.0006254152394831181
Epoch 352 Relative Error 0.0005581594305112958
Epoch 353 Relative Error 0.0005631225649267435
Epoch 354 Relative Error 0.00058470678050071
Epoch 355 Relative Error 0.0006400799611583352
Epoch 356 Relative Error 0.0005667274817824364
Epoch 357 Relative Error 0.0005796117475256324
Epoch 358 Relative Error 0.0005758187617175281
Epoch 359 Relative Error 0.0005825653788633645
Epoch 360 Relative Error 0.000550497614312917
Epoch 361 Relative Error 0.0004670368798542768
Epoch 362 Relative Error 0.000585146073717624
Epoch 363 Relative Error 0.0005508336471393704
Epoch 364 Relative Error 0.0007056251051835716
Epoch 365 Relative Error 0.0006732085603289306
Epoch 366 Relative Error 0.0006544420612044632
Epoch 367 Relative Error 0.0006688261637464166
Epoch 368 Relative Error 0.0005757068283855915
Epoch 369 Relative Error 0.0006066480418667197
Epoch 370 Relative Error 0.0005785948014818132
Epoch 371 Relative Error 0.0005666837678290904
Epoch 372 Relative Error 0.000658689474221319
Epoch 373 Relative Error 0.000566298549529165
Epoch 374 Relative Error 0.000669910223223269
Epoch 375 Relative Error 0.0005241608014330268
Epoch 376 Relative Error 0.0007446476956829429
Epoch 377 Relative Error 0.0005958742112852633
Epoch 378 Relative Error 0.0006834737723693252
Epoch 379 Relative Error 0.0006213514716364443
Epoch 380 Relative Error 0.0006646087276749313
Epoch 381 Relative Error 0.0005218336591497064
Epoch 382 Relative Error 0.0006252844468690455
Epoch 383 Relative Error 0.0005806583212688565
Epoch 384 Relative Error 0.0005691066617146134
Epoch 385 Relative Error 0.0006010624929331243
Epoch 386 Relative Error 0.0006183075602166355
Epoch 387 Relative Error 0.0005764600355178118
Epoch 388 Relative Error 0.0006800710689276457
Epoch 389 Relative Error 0.0005986623000353575
Epoch 390 Relative Error 0.0007351887179538608
Epoch 391 Relative Error 0.0005763577646575868
Epoch 392 Relative Error 0.000691011140588671
Epoch 393 Relative Error 0.0006665725377388299
Epoch 394 Relative Error 0.0007075172616168857
Epoch 395 Relative Error 0.0006840958958491683
Epoch 396 Relative Error 0.0005929130129516125
Epoch 397 Relative Error 0.000610896444413811
Epoch 398 Relative Error 0.0007416059961542487
Epoch 399 Relative Error 0.0006302471156232059
Epoch 400 Relative Error 0.0007567012216895819
Epoch 401 Relative Error 0.0006548541132360697
Epoch 402 Relative Error 0.0005561221623793244
Epoch 403 Relative Error 0.0005628805374726653
Epoch 404 Relative Error 0.0004504527023527771
Epoch 405 Relative Error 0.0005829569417983294
Epoch 406 Relative Error 0.000489297672174871
Epoch 407 Relative Error 0.0006408945773728192
Epoch 408 Relative Error 0.0006148919928818941
Epoch 409 Relative Error 0.0007770811789669096
Epoch 410 Relative Error 0.000630361377261579
Epoch 411 Relative Error 0.0006212976295500994
Epoch 412 Relative Error 0.0006350622279569507
Epoch 413 Relative Error 0.0005273691494949162
Epoch 414 Relative Error 0.0006174453301355243
Epoch 415 Relative Error 0.0005269218818284571
Epoch 416 Relative Error 0.0006406735046766698
Epoch 417 Relative Error 0.0006297141080722213
Epoch 418 Relative Error 0.0006855514366179705
Epoch 419 Relative Error 0.0006006251205690205
Epoch 420 Relative Error 0.0007201428525149822
Epoch 421 Relative Error 0.0007366642239503562
Epoch 422 Relative Error 0.0006413047085516155
Epoch 423 Relative Error 0.0006476241978816688
Epoch 424 Relative Error 0.0007481173961423337
Epoch 425 Relative Error 0.0006376631208695471
Epoch 426 Relative Error 0.0006254776963032782
Epoch 427 Relative Error 0.0005511732306331396
Epoch 428 Relative Error 0.0006101300241425633
Epoch 429 Relative Error 0.0006807469762861729
Epoch 430 Relative Error 0.0005292961723171175
Epoch 431 Relative Error 0.0006192634464241564
Epoch 432 Relative Error 0.0007232544594444335
Epoch 433 Relative Error 0.0005659215967170894
Epoch 434 Relative Error 0.0006833077641204
Epoch 435 Relative Error 0.0006255779298953712
Epoch 436 Relative Error 0.0005574144888669252
Epoch 437 Relative Error 0.000604443543124944
Epoch 438 Relative Error 0.0005013948539271951
Epoch 439 Relative Error 0.0006163619109429419
Epoch 440 Relative Error 0.0005067101446911693
Epoch 441 Relative Error 0.0006084655760787427
Epoch 442 Relative Error 0.0006970498943701386
Epoch 443 Relative Error 0.0005943613941781223
Epoch 444 Relative Error 0.0005705418880097568
Epoch 445 Relative Error 0.0005948750767856836
Epoch 446 Relative Error 0.000525354640558362
Epoch 447 Relative Error 0.0005454471684060991
Epoch 448 Relative Error 0.0005221533356234431
Epoch 449 Relative Error 0.0005436790524981916
Epoch 450 Relative Error 0.0005285951192490757
Epoch 451 Relative Error 0.0005620312294922769
Epoch 452 Relative Error 0.0007240148261189461
Epoch 453 Relative Error 0.0007108222343958914
Epoch 454 Relative Error 0.0006926972419023514
Epoch 455 Relative Error 0.0006450550281442702
Epoch 456 Relative Error 0.0006345772417262197
Epoch 457 Relative Error 0.0005865036509931087
Epoch 458 Relative Error 0.000615130877122283
Epoch 459 Relative Error 0.0005919180694036186
Epoch 460 Relative Error 0.0005929467151872814
Epoch 461 Relative Error 0.0005948960315436125
Epoch 462 Relative Error 0.0006575946463271976
Epoch 463 Relative Error 0.0005952211213298142
Epoch 464 Relative Error 0.0005603795289061964
Epoch 465 Relative Error 0.0005821828963235021
Epoch 466 Relative Error 0.0006026424234732985
Epoch 467 Relative Error 0.0004713598173111677
Epoch 468 Relative Error 0.0005941062117926776
Epoch 469 Relative Error 0.0006520397146232426
Epoch 470 Relative Error 0.0006963577470742166
Epoch 471 Relative Error 0.0005135139799676836
Epoch 472 Relative Error 0.000627532135695219
Epoch 473 Relative Error 0.0005163750029169023
Epoch 474 Relative Error 0.0006209895364008844
Epoch 475 Relative Error 0.0005915111396461725
Epoch 476 Relative Error 0.0005739016341976821
Epoch 477 Relative Error 0.0006375177763402462
Epoch 478 Relative Error 0.0006185410893522203
Epoch 479 Relative Error 0.0006392593495547771
Epoch 480 Relative Error 0.0006627946859225631
Epoch 481 Relative Error 0.000546111143194139
Epoch 482 Relative Error 0.000604425382334739
Epoch 483 Relative Error 0.00047511790762655437
Epoch 484 Relative Error 0.0005793616874143481
Epoch 485 Relative Error 0.0006494007539004087
Epoch 486 Relative Error 0.0005737076280638576
Epoch 487 Relative Error 0.0006363210268318653
Epoch 488 Relative Error 0.0006249162252061069
Epoch 489 Relative Error 0.0005540428683161736
Epoch 490 Relative Error 0.0005799594800919294
Epoch 491 Relative Error 0.00045186959323473275
Epoch 492 Relative Error 0.0005057638045400381
Epoch 493 Relative Error 0.0005184690235182643
Epoch 494 Relative Error 0.0005244484054856002
Epoch 495 Relative Error 0.0005740323686040938
Epoch 496 Relative Error 0.0006133017013780773
Epoch 497 Relative Error 0.0006013000966049731
Epoch 498 Relative Error 0.0005132638616487384
Epoch 499 Relative Error 0.0005646485951729119
Epoch 500 Relative Error 0.0005370986182242632
Epoch 501 Relative Error 0.0005184484180063009
Epoch 502 Relative Error 0.0005350019782781601
Epoch 503 Relative Error 0.00054016406647861
Epoch 504 Relative Error 0.0006503991899080575
Epoch 505 Relative Error 0.0007471050485037267
Epoch 506 Relative Error 0.0005847475258633494
Epoch 507 Relative Error 0.0007011507987044752
Epoch 508 Relative Error 0.0007021349738352001
Epoch 509 Relative Error 0.0006026416667737067
Epoch 510 Relative Error 0.0005582658341154456
Epoch 511 Relative Error 0.0006196154863573611
Epoch 512 Relative Error 0.0006139695760793984
Epoch 513 Relative Error 0.0005783197702839971
Epoch 514 Relative Error 0.0006334703066386282
Epoch 515 Relative Error 0.0005382210365496576
Epoch 516 Relative Error 0.0005573849193751812
Epoch 517 Relative Error 0.0005872284527868032
Epoch 518 Relative Error 0.0006034196703694761
Epoch 519 Relative Error 0.0005811806186102331
Epoch 520 Relative Error 0.0005479177343659103
Epoch 521 Relative Error 0.0004478789051063359
Epoch 522 Relative Error 0.0008213617838919163
Epoch 523 Relative Error 0.0005656277644447982
Epoch 524 Relative Error 0.0005598639254458249
Epoch 525 Relative Error 0.0006920999148860574
Epoch 526 Relative Error 0.0005405644769780338
Epoch 527 Relative Error 0.0006144447834230959
Epoch 528 Relative Error 0.0006107442895881832
Epoch 529 Relative Error 0.0005125657189637423
Epoch 530 Relative Error 0.0005537489196285605
Epoch 531 Relative Error 0.00057556654792279
Epoch 532 Relative Error 0.0005717456806451082
Epoch 533 Relative Error 0.0005405059200711548
Epoch 534 Relative Error 0.0006594216683879495
Epoch 535 Relative Error 0.0006750396569259465
Epoch 536 Relative Error 0.0006696687778457999
Epoch 537 Relative Error 0.0006737950025126338
Epoch 538 Relative Error 0.0006442084559239447
Epoch 539 Relative Error 0.0006474808324128389
Epoch 540 Relative Error 0.0006897166022099555
Epoch 541 Relative Error 0.0006065107299946249
Epoch 542 Relative Error 0.000522663991432637
Epoch 543 Relative Error 0.0005330087733455002
Epoch 544 Relative Error 0.0005262141930870712
Epoch 545 Relative Error 0.000568398623727262
Epoch 546 Relative Error 0.0005254110437817872
Epoch 547 Relative Error 0.0005937162786722183
Epoch 548 Relative Error 0.0005621426971629262
Epoch 549 Relative Error 0.0005487954476848245
Epoch 550 Relative Error 0.0007349293446168303
Epoch 551 Relative Error 0.0007555015035904944
Epoch 552 Relative Error 0.0005792887532152236
Epoch 553 Relative Error 0.000603378051891923
Epoch 554 Relative Error 0.0006000606808811426
Epoch 555 Relative Error 0.0006013642996549606
Epoch 556 Relative Error 0.0005617366405203938
Epoch 557 Relative Error 0.0006686775013804436
Epoch 558 Relative Error 0.000715480709914118
Epoch 559 Relative Error 0.0006470837979577482
Epoch 560 Relative Error 0.0006917326827533543
Epoch 561 Relative Error 0.0005356689798645675
Epoch 562 Relative Error 0.0005793996388092637
Epoch 563 Relative Error 0.0006285139243118465
Epoch 564 Relative Error 0.0005901560070924461
Epoch 565 Relative Error 0.0005545597523450851
Epoch 566 Relative Error 0.0006438606069423258
Epoch 567 Relative Error 0.0006347853923216462
Epoch 568 Relative Error 0.0005965181044302881
Epoch 569 Relative Error 0.0005534203955903649
Epoch 570 Relative Error 0.0005659599555656314
Epoch 571 Relative Error 0.0005707628442905843
Epoch 572 Relative Error 0.0006602727225981653
Epoch 573 Relative Error 0.000675472489092499
Epoch 574 Relative Error 0.0005872818874195218
Epoch 575 Relative Error 0.0006086946814320982
Epoch 576 Relative Error 0.0008143225568346679
Epoch 577 Relative Error 0.0006974075804464519
Epoch 578 Relative Error 0.0005657341098412871
Epoch 579 Relative Error 0.0006112297996878624
Epoch 580 Relative Error 0.0006084694759920239
Epoch 581 Relative Error 0.0005975011736154556
Epoch 582 Relative Error 0.000683964288327843
Epoch 583 Relative Error 0.0005785931134596467
Epoch 584 Relative Error 0.0005443202680908144
Epoch 585 Relative Error 0.0006370450719259679
Epoch 586 Relative Error 0.0005276302108541131
Epoch 587 Relative Error 0.0006045685731805861
Epoch 588 Relative Error 0.0007111591985449195
Epoch 589 Relative Error 0.0005277018644846976
Epoch 590 Relative Error 0.0005009268061257899
Epoch 591 Relative Error 0.0005294500733725727
Epoch 592 Relative Error 0.0005460884422063828
Epoch 593 Relative Error 0.0006664697430096567
Epoch 594 Relative Error 0.0006867923075333238
Epoch 595 Relative Error 0.0006334367790259421
Epoch 596 Relative Error 0.0006445155595429242
Epoch 597 Relative Error 0.000614532211329788
Epoch 598 Relative Error 0.0006624723901040852
Epoch 599 Relative Error 0.0005284298094920814
Epoch 600 Relative Error 0.0005924566648900509
Epoch 601 Relative Error 0.0005029162857681513
Epoch 602 Relative Error 0.0005957287503406405
Epoch 603 Relative Error 0.0005846028216183186
Epoch 604 Relative Error 0.0007130528683774173
Epoch 605 Relative Error 0.0007359900628216565
Epoch 606 Relative Error 0.0006791456835344434
Epoch 607 Relative Error 0.0006321129039861262
Epoch 608 Relative Error 0.0008217638242058456
Epoch 609 Relative Error 0.0006270580342970788
Epoch 610 Relative Error 0.0006513637490570545
Epoch 611 Relative Error 0.0007065999088808894
Epoch 612 Relative Error 0.0007083736709319055
Epoch 613 Relative Error 0.00062544149113819
Epoch 614 Relative Error 0.0007235833327285945
Epoch 615 Relative Error 0.0006442602025344968
Epoch 616 Relative Error 0.0006179619813337922
Epoch 617 Relative Error 0.0005913969362154603
Epoch 618 Relative Error 0.000587984686717391
Epoch 619 Relative Error 0.000588783819694072
Epoch 620 Relative Error 0.0007069422281347215
Epoch 621 Relative Error 0.0005872641922906041
Epoch 622 Relative Error 0.0006743448902852833
Epoch 623 Relative Error 0.0006368816248141229
Epoch 624 Relative Error 0.0005426201387308538
Epoch 625 Relative Error 0.0006068534567020833
Epoch 626 Relative Error 0.0005824683466926217
Epoch 627 Relative Error 0.0006214082823134959
Epoch 628 Relative Error 0.0006274754414334893
Epoch 629 Relative Error 0.0006571260164491832
Epoch 630 Relative Error 0.0008137637050822377
Epoch 631 Relative Error 0.0006865626783110201
Epoch 632 Relative Error 0.0007167652365751565
Epoch 633 Relative Error 0.0005802147788926959
Epoch 634 Relative Error 0.0005217989673838019
Epoch 635 Relative Error 0.0006421596044674516
Epoch 636 Relative Error 0.0006716391071677208
Epoch 637 Relative Error 0.0008212588145397604
Epoch 638 Relative Error 0.0006106689688749611
Epoch 639 Relative Error 0.000771271123085171
Epoch 640 Relative Error 0.0006091592949815094
Epoch 641 Relative Error 0.0005676531582139432
Epoch 642 Relative Error 0.0006098325829952955
Epoch 643 Relative Error 0.0005422787507995963
Epoch 644 Relative Error 0.0005634548724628985
Epoch 645 Relative Error 0.0006470335065387189
Epoch 646 Relative Error 0.0005027725710533559
Epoch 647 Relative Error 0.0006735680508427322
Epoch 648 Relative Error 0.0005320171476341784
Epoch 649 Relative Error 0.0006505255587399006
Epoch 650 Relative Error 0.0005931058549322188
Epoch 651 Relative Error 0.0006353084463626146
Epoch 652 Relative Error 0.0007144467090256512
Epoch 653 Relative Error 0.0006378997350111604
Epoch 654 Relative Error 0.0006086521316319704
Epoch 655 Relative Error 0.0007412467966787517
Epoch 656 Relative Error 0.0007584919221699238
Epoch 657 Relative Error 0.0006116917938925326
Epoch 658 Relative Error 0.00061956443823874
Epoch 659 Relative Error 0.0006610788987018168
Epoch 660 Relative Error 0.0005436200881376863
Epoch 661 Relative Error 0.0005444903508760035
Epoch 662 Relative Error 0.0005408113938756287
Epoch 663 Relative Error 0.0005313318106345832
Epoch 664 Relative Error 0.000655990676023066
Epoch 665 Relative Error 0.0005245869397185743
Epoch 666 Relative Error 0.0005409432924352586
Epoch 667 Relative Error 0.0005287376116029918
Epoch 668 Relative Error 0.0005891513428650796
Epoch 669 Relative Error 0.0005609712679870427
Epoch 670 Relative Error 0.000631044153124094
Epoch 671 Relative Error 0.0006247623241506517
Epoch 672 Relative Error 0.000640964659396559
Epoch 673 Relative Error 0.0005589067004621029
Epoch 674 Relative Error 0.0005579778226092458
Epoch 675 Relative Error 0.0005544634186662734
Epoch 676 Relative Error 0.0005135122919455171
Epoch 677 Relative Error 0.0006082105683162808
Epoch 678 Relative Error 0.0005206908099353313
Epoch 679 Relative Error 0.0006280558300204575
Epoch 680 Relative Error 0.000560481334105134
Epoch 681 Relative Error 0.0005385669646784663
Epoch 682 Relative Error 0.0005008132429793477
Epoch 683 Relative Error 0.00048522092401981354
Epoch 684 Relative Error 0.0006194415036588907
Epoch 685 Relative Error 0.0006282466347329319
Epoch 686 Relative Error 0.0005382290692068636
Epoch 687 Relative Error 0.0006697996868751943
Epoch 688 Relative Error 0.0005565403844229877
Epoch 689 Relative Error 0.0005907146842218935
Epoch 690 Relative Error 0.0005568175693042576
Epoch 691 Relative Error 0.0005777694750577211
Epoch 692 Relative Error 0.0005137810949236155
Epoch 693 Relative Error 0.0005232535186223686
Epoch 694 Relative Error 0.0006350933690555394
Epoch 695 Relative Error 0.0005467766895890236
Epoch 696 Relative Error 0.0006023136666044593
Epoch 697 Relative Error 0.00046845898032188416
Epoch 698 Relative Error 0.0005832719034515321
Epoch 699 Relative Error 0.0005631393869407475
Epoch 700 Relative Error 0.0005357741611078382
Epoch 701 Relative Error 0.0005211070529185236
Epoch 702 Relative Error 0.0005090797785669565
Epoch 703 Relative Error 0.0005576990079134703
Epoch 704 Relative Error 0.0005699440371245146
Epoch 705 Relative Error 0.000550885742995888
Epoch 706 Relative Error 0.0006004972383379936
Epoch 707 Relative Error 0.0005755714373663068
Epoch 708 Relative Error 0.0005180486477911472
Epoch 709 Relative Error 0.0006838616682216525
Epoch 710 Relative Error 0.0005147590418346226
Epoch 711 Relative Error 0.0006413526716642082
Epoch 712 Relative Error 0.000542815774679184
Epoch 713 Relative Error 0.0005461637047119439
Epoch 714 Relative Error 0.0006101279868744314
Epoch 715 Relative Error 0.000687118386849761
Epoch 716 Relative Error 0.000683914462570101
Epoch 717 Relative Error 0.0008187692728824914
Epoch 718 Relative Error 0.0007080405484884977
Epoch 719 Relative Error 0.0006319666863419116
Epoch 720 Relative Error 0.0005855713388882577
Epoch 721 Relative Error 0.0005974251544103026
Epoch 722 Relative Error 0.000500147754792124
Epoch 723 Relative Error 0.00059661571867764
Epoch 724 Relative Error 0.0005722181522287428
Epoch 725 Relative Error 0.0006493516266345978
Epoch 726 Relative Error 0.0007025478407740593
Epoch 727 Relative Error 0.0005791028961539268
Epoch 728 Relative Error 0.0006446604966185987
Epoch 729 Relative Error 0.0005794395110569894
Epoch 730 Relative Error 0.000741993950214237
Epoch 731 Relative Error 0.0006661859806627035
Epoch 732 Relative Error 0.0006666970439255238
Epoch 733 Relative Error 0.0006215627072378993
Epoch 734 Relative Error 0.0006242006784304976
Epoch 735 Relative Error 0.0005851640598848462
Epoch 736 Relative Error 0.0005913067725487053
Epoch 737 Relative Error 0.0006133159040473402
Epoch 738 Relative Error 0.0005782140651717782
Epoch 739 Relative Error 0.0005652555846609175
Epoch 740 Relative Error 0.0005553005030378699
Epoch 741 Relative Error 0.0006355324876494706
Epoch 742 Relative Error 0.0005578554701060057
Epoch 743 Relative Error 0.0005620067240670323
Epoch 744 Relative Error 0.0005574809620156884
Epoch 745 Relative Error 0.000664400402456522
Epoch 746 Relative Error 0.0007471680291928351
Epoch 747 Relative Error 0.0005532228387892246
Epoch 748 Relative Error 0.0006251438171602786
Epoch 749 Relative Error 0.0005783385131508112
Epoch 750 Relative Error 0.0005330067360773683
Epoch 751 Relative Error 0.0006994480499997735
Epoch 752 Relative Error 0.0006686837878078222
Epoch 753 Relative Error 0.0006921004969626665
Epoch 754 Relative Error 0.0006488760118372738
Epoch 755 Relative Error 0.0005604524631053209
Epoch 756 Relative Error 0.0006157281459309161
Epoch 757 Relative Error 0.0005536341341212392
Epoch 758 Relative Error 0.0005957349203526974
Epoch 759 Relative Error 0.0006350763142108917
Epoch 760 Relative Error 0.0006321872933767736
Epoch 761 Relative Error 0.0006735798669978976
Epoch 762 Relative Error 0.0006326646544039249
Epoch 763 Relative Error 0.0006556017906405032
Epoch 764 Relative Error 0.0007070390856824815
Epoch 765 Relative Error 0.000616455334238708
Epoch 766 Relative Error 0.0006018223357386887
Epoch 767 Relative Error 0.0005399240180850029
Epoch 768 Relative Error 0.0005958962719887495
Epoch 769 Relative Error 0.0005385046824812889
Epoch 770 Relative Error 0.0006305202841758728
Epoch 771 Relative Error 0.0008634119294583797
Epoch 772 Relative Error 0.0006485350313596427
Epoch 773 Relative Error 0.000787475029937923
Epoch 774 Relative Error 0.0008485284633934498
Epoch 775 Relative Error 0.0006747546722181141
Epoch 776 Relative Error 0.0007240240229293704
Epoch 777 Relative Error 0.000633641320746392
Epoch 778 Relative Error 0.0006198424962349236
Epoch 779 Relative Error 0.0006279979716055095
Epoch 780 Relative Error 0.0005374001921154559
Epoch 781 Relative Error 0.0007058492046780884
Epoch 782 Relative Error 0.0006977713201195002
Epoch 783 Relative Error 0.0006374220247380435
Epoch 784 Relative Error 0.000668463995680213
Epoch 785 Relative Error 0.0006229605642147362
Epoch 786 Relative Error 0.0005424981354735792
Epoch 787 Relative Error 0.0007459776243194938
Epoch 788 Relative Error 0.0005772318691015244
Epoch 789 Relative Error 0.0006859691930003464
Epoch 790 Relative Error 0.00048972008517012
Epoch 791 Relative Error 0.0005935845547355711
Epoch 792 Relative Error 0.0005771129508502781
Epoch 793 Relative Error 0.000559853098820895
Epoch 794 Relative Error 0.0005607993225567043
Epoch 795 Relative Error 0.0005708187236450613
Epoch 796 Relative Error 0.0006776861846446991
Epoch 797 Relative Error 0.0006174159934744239
Epoch 798 Relative Error 0.0006605518865399063
Epoch 799 Relative Error 0.000566605944186449
Epoch 800 Relative Error 0.0005737527390010655
Epoch 801 Relative Error 0.000601411797106266
Epoch 802 Relative Error 0.0005755702732130885
Epoch 803 Relative Error 0.0005684976931661367
Epoch 804 Relative Error 0.0005265991785563529
Epoch 805 Relative Error 0.0006943447515368462
Epoch 806 Relative Error 0.0005967754404991865
Epoch 807 Relative Error 0.0006129080429673195
Epoch 808 Relative Error 0.0006796745001338422
Epoch 809 Relative Error 0.0005942934658378363
Epoch 810 Relative Error 0.0006183069781400263
Epoch 811 Relative Error 0.0007149797747842968
Epoch 812 Relative Error 0.0007438058382831514
Epoch 813 Relative Error 0.000700234086252749
Epoch 814 Relative Error 0.0006533504347316921
Epoch 815 Relative Error 0.0006334082572720945
Epoch 816 Relative Error 0.0006542803603224456
Epoch 817 Relative Error 0.0005610910593532026
Epoch 818 Relative Error 0.0006342644919641316
Epoch 819 Relative Error 0.000540293229278177
Epoch 820 Relative Error 0.0005952157080173492
Epoch 821 Relative Error 0.0006525699864141643
Epoch 822 Relative Error 0.0005851392634212971
Epoch 823 Relative Error 0.0008923144778236747
Epoch 824 Relative Error 0.0007521018851548433
Epoch 825 Relative Error 0.0006987882079556584
Epoch 826 Relative Error 0.000796417472884059
Epoch 827 Relative Error 0.000672412512358278
Epoch 828 Relative Error 0.0007574126357212663
Epoch 829 Relative Error 0.0006025434122420847
Epoch 830 Relative Error 0.0006496193236671388
Epoch 831 Relative Error 0.0007063688826747239
Epoch 832 Relative Error 0.0005982167785987258
Epoch 833 Relative Error 0.0006431745714507997
Epoch 834 Relative Error 0.0006969967507757246
Epoch 835 Relative Error 0.0005624039331451058
Epoch 836 Relative Error 0.0005785984103567898
Epoch 837 Relative Error 0.0006698318175040185
Epoch 838 Relative Error 0.0006837091059423983
Epoch 839 Relative Error 0.0005196501733735204
Epoch 840 Relative Error 0.000626550056040287
Epoch 841 Relative Error 0.0005422505200840533
Epoch 842 Relative Error 0.0008682298357598484
Epoch 843 Relative Error 0.000749134283978492
Epoch 844 Relative Error 0.0006226255209185183
Epoch 845 Relative Error 0.0005833599134348333
Epoch 846 Relative Error 0.0006260135560296476
Epoch 847 Relative Error 0.0005334892775863409
Epoch 848 Relative Error 0.0005573179223574698
Epoch 849 Relative Error 0.0005793225136585534
Epoch 850 Relative Error 0.0005875978386029601
Epoch 851 Relative Error 0.0005314213340170681
Epoch 852 Relative Error 0.0005422673420980573
Epoch 853 Relative Error 0.0006145018269307911
Epoch 854 Relative Error 0.0006136461743153632
Epoch 855 Relative Error 0.0005610559019260108
Epoch 856 Relative Error 0.0005352652515284717
Epoch 857 Relative Error 0.0005189458606764674
Epoch 858 Relative Error 0.0005450849421322346
Epoch 859 Relative Error 0.0006253108731471002
Epoch 860 Relative Error 0.0005496484227478504
Epoch 861 Relative Error 0.0005584033788181841
Epoch 862 Relative Error 0.0005546023021452129
Epoch 863 Relative Error 0.0005852845497429371
Epoch 864 Relative Error 0.0008609910728409886
Epoch 865 Relative Error 0.0006998726748861372
Epoch 866 Relative Error 0.0007297020056284964
Epoch 867 Relative Error 0.00059119937941432
Epoch 868 Relative Error 0.0007268110057339072
Epoch 869 Relative Error 0.0005390356527641416
Epoch 870 Relative Error 0.0006291906465776265
Epoch 871 Relative Error 0.0006229443824850023
Epoch 872 Relative Error 0.0005842063692398369
Epoch 873 Relative Error 0.000542854773811996
Epoch 874 Relative Error 0.000597187434323132
Epoch 875 Relative Error 0.0005990289500914514
Epoch 876 Relative Error 0.000567776383832097
Epoch 877 Relative Error 0.000820446468424052
Epoch 878 Relative Error 0.0006112513365224004
Epoch 879 Relative Error 0.0005864054546691477
Epoch 880 Relative Error 0.0007188793970271945
Epoch 881 Relative Error 0.0006058399449102581
Epoch 882 Relative Error 0.0006040781736373901
Epoch 883 Relative Error 0.0005392991588450968
Epoch 884 Relative Error 0.0006043437169864774
Epoch 885 Relative Error 0.0005655928398482502
Epoch 886 Relative Error 0.0005782885709777474
Epoch 887 Relative Error 0.0007143319235183299
Epoch 888 Relative Error 0.0005467793089337647
Epoch 889 Relative Error 0.0006529763923026621
Epoch 890 Relative Error 0.000571547367144376
Epoch 891 Relative Error 0.0006717811338603497
Epoch 892 Relative Error 0.0006123811472207308
Epoch 893 Relative Error 0.0006773562054149806
Epoch 894 Relative Error 0.0006659420905634761
Epoch 895 Relative Error 0.000766092271078378
Epoch 896 Relative Error 0.0008105062297545373
Epoch 897 Relative Error 0.0006860633147880435
Epoch 898 Relative Error 0.0006570322439074516
Epoch 899 Relative Error 0.0006488889921456575
Epoch 900 Relative Error 0.0006675640470348299
Epoch 901 Relative Error 0.0005930439219810069
Epoch 902 Relative Error 0.0005615142290480435
Epoch 903 Relative Error 0.0006805590237490833
Epoch 904 Relative Error 0.0005584019236266613
Epoch 905 Relative Error 0.0005200975574553013
Epoch 906 Relative Error 0.0006102700135670602
Epoch 907 Relative Error 0.0005776131874881685
Epoch 908 Relative Error 0.00070793746272102
Epoch 909 Relative Error 0.0005995287792757154
Epoch 910 Relative Error 0.0006710883462801576
Epoch 911 Relative Error 0.0007633043569512665
Epoch 912 Relative Error 0.0008415021002292633
Epoch 913 Relative Error 0.0007266531465575099
Epoch 914 Relative Error 0.0007109096040949225
Epoch 915 Relative Error 0.0006384571315720677
Epoch 916 Relative Error 0.0006975101423449814
Epoch 917 Relative Error 0.0006750181782990694
Epoch 918 Relative Error 0.0005973575171083212
Epoch 919 Relative Error 0.0007027116371318698
Epoch 920 Relative Error 0.0006084640044718981
Epoch 921 Relative Error 0.0006244431715458632
Epoch 922 Relative Error 0.0006859783898107708
Epoch 923 Relative Error 0.0006104276981204748
Epoch 924 Relative Error 0.0006297326181083918
Epoch 925 Relative Error 0.0005833557806909084
Epoch 926 Relative Error 0.0006471899105235934
Epoch 927 Relative Error 0.0005850800080224872
Epoch 928 Relative Error 0.0004938472411595285
Epoch 929 Relative Error 0.0005763950175605714
Epoch 930 Relative Error 0.0005511512281373143
Epoch 931 Relative Error 0.0005639469018206
Epoch 932 Relative Error 0.0005730520351789892
Epoch 933 Relative Error 0.0005235410062596202
Epoch 934 Relative Error 0.0005823670653626323
Epoch 935 Relative Error 0.000593481701798737
Epoch 936 Relative Error 0.0006542575429193676
Epoch 937 Relative Error 0.0005449470481835306
Epoch 938 Relative Error 0.000561659166123718
Epoch 939 Relative Error 0.0005693073617294431
Epoch 940 Relative Error 0.0005069357575848699
Epoch 941 Relative Error 0.0006981886690482497
Epoch 942 Relative Error 0.0005632156971842051
Epoch 943 Relative Error 0.0007768477080389857
Epoch 944 Relative Error 0.0006900490261614323
Epoch 945 Relative Error 0.0006300091627053916
Epoch 946 Relative Error 0.0005246296059340239
Epoch 947 Relative Error 0.0006394474185071886
Epoch 948 Relative Error 0.0006599595653824508
Epoch 949 Relative Error 0.0006117749726399779
Epoch 950 Relative Error 0.0005523812142200768
Epoch 951 Relative Error 0.0005322036449797451
Epoch 952 Relative Error 0.0007088179117999971
Epoch 953 Relative Error 0.0005132219521328807
Epoch 954 Relative Error 0.0005753122386522591
Epoch 955 Relative Error 0.0005423907423391938
Epoch 956 Relative Error 0.0005506495363079011
Epoch 957 Relative Error 0.0005795266479253769
Epoch 958 Relative Error 0.0006042651366442442
Epoch 959 Relative Error 0.0005625976482406259
Epoch 960 Relative Error 0.0009300859528593719
Epoch 961 Relative Error 0.0006774302455596626
Epoch 962 Relative Error 0.000780541799031198
Epoch 963 Relative Error 0.0005960942362435162
Epoch 964 Relative Error 0.0006146334926597774
Epoch 965 Relative Error 0.0006079551531001925
Epoch 966 Relative Error 0.0006416694959625602
Epoch 967 Relative Error 0.0008979490376077592
Epoch 968 Relative Error 0.0007380200549960136
Epoch 969 Relative Error 0.000685824197717011
Epoch 970 Relative Error 0.0007714921957813203
Epoch 971 Relative Error 0.0005919132381677628
Epoch 972 Relative Error 0.000640353187918663
Epoch 973 Relative Error 0.0007233897922560573
Epoch 974 Relative Error 0.0006007020128890872
Epoch 975 Relative Error 0.0006446636980399489
Epoch 976 Relative Error 0.0006027127965353429
Epoch 977 Relative Error 0.0006114395218901336
Epoch 978 Relative Error 0.000543459493201226
Epoch 979 Relative Error 0.0005307177780196071
Epoch 980 Relative Error 0.0005738631007261574
Epoch 981 Relative Error 0.0005035381182096899
Epoch 982 Relative Error 0.0005502735148184001
Epoch 983 Relative Error 0.0005558194243349135
Epoch 984 Relative Error 0.0004914413439109921
Epoch 985 Relative Error 0.0005625595804303885
Epoch 986 Relative Error 0.0005873118643648922
Epoch 987 Relative Error 0.0005992294172756374
Epoch 988 Relative Error 0.0006192730506882071
Epoch 989 Relative Error 0.0007020696066319942
Epoch 990 Relative Error 0.0006298417574726045
Epoch 991 Relative Error 0.0005992880905978382
Epoch 992 Relative Error 0.000558216474018991
Epoch 993 Relative Error 0.0006923635373823345
Epoch 994 Relative Error 0.0005511183408088982
Epoch 995 Relative Error 0.0007149875164031982
Epoch 996 Relative Error 0.0007391218096017838
Epoch 997 Relative Error 0.0006405271706171334
Epoch 998 Relative Error 0.0006128790555521846
Epoch 999 Relative Error 0.0006546262302435935
Epoch 1000 Relative Error 0.0005471630720421672
RE (0, 7, 0, 0): 0.0004478789051063359
Green's Function RE (0, 7, 0, 0): 0.965083122253418
Bias Term RE (0, 7, 0, 0): 0.8708644509315491
Combination (0, 7, 0, 0, 0): 0.9572486877441406
Combination (0, 7, 0, 0, 1): 0.9566511511802673
Combination (0, 7, 0, 0, 2): 0.9569724798202515
Combination (0, 7, 0, 0, 3): 0.9570572376251221
Combination (0, 7, 0, 0, 4): 0.957118570804596

/home/gridsan/gstepaniants/.local/lib/python3.8/site-packages/torch/functional.py:478: UserWarning: torch.meshgrid: in an upcoming release, it will be required to pass the indexing argument. (Triggered internally at  ../aten/src/ATen/native/TensorShape.cpp:2895.)
  return _VF.meshgrid(tensors, **kwargs)  # type: ignore[attr-defined]
