[KeOps] Warning : Cuda libraries were not detected on the system ; using cpu only mode
1
Kernel: SquaredExponential
Weight Mesh: 20
RKHS Kernel Width: 0.003
Lambda: 1e-06
Green's Function Learning Rate: 100
Bias Term Learning Rate: 100
Epoch 1 Relative Error 860.8731689453125
First epoch had re = 860.8731689453125 > 1
Green's Function Learning Rate: 50
Bias Term Learning Rate: 50
Epoch 1 Relative Error 412.6312561035156
First epoch had re = 412.6312561035156 > 1
Green's Function Learning Rate: 10
Bias Term Learning Rate: 10
Epoch 1 Relative Error 65.43771362304688
First epoch had re = 65.43771362304688 > 1
Green's Function Learning Rate: 5
Bias Term Learning Rate: 5
Epoch 1 Relative Error 38.37545394897461
First epoch had re = 38.37545394897461 > 1
Green's Function Learning Rate: 1
Bias Term Learning Rate: 1
Epoch 1 Relative Error 7.868171215057373
First epoch had re = 7.868171215057373 > 1
Green's Function Learning Rate: 0.5
Bias Term Learning Rate: 0.5
Epoch 1 Relative Error 3.6995928287506104
First epoch had re = 3.6995928287506104 > 1
Green's Function Learning Rate: 0.1
Bias Term Learning Rate: 0.1
Epoch 1 Relative Error 0.7420738935470581
Epoch 2 Relative Error 0.5749047994613647
Epoch 3 Relative Error 0.43805524706840515
Epoch 4 Relative Error 0.4068623185157776
Epoch 5 Relative Error 0.3424522876739502
Epoch 6 Relative Error 0.24779655039310455
Epoch 7 Relative Error 0.21463042497634888
Epoch 8 Relative Error 0.18626563251018524
Epoch 9 Relative Error 0.1538834571838379
Epoch 10 Relative Error 0.11605973541736603
Epoch 11 Relative Error 0.10087363421916962
Epoch 12 Relative Error 0.07375970482826233
Epoch 13 Relative Error 0.05745987594127655
Epoch 14 Relative Error 0.04973342642188072
Epoch 15 Relative Error 0.048396311700344086
Epoch 16 Relative Error 0.037642523646354675
Epoch 17 Relative Error 0.028257345780730247
Epoch 18 Relative Error 0.022246919572353363
Epoch 19 Relative Error 0.01876017451286316
Epoch 20 Relative Error 0.01606137491762638
Epoch 21 Relative Error 0.012245405465364456
Epoch 22 Relative Error 0.010913960635662079
Epoch 23 Relative Error 0.008496666327118874
Epoch 24 Relative Error 0.007619969081133604
Epoch 25 Relative Error 0.006402961909770966
Epoch 26 Relative Error 0.004995116498321295
Epoch 27 Relative Error 0.004358089994639158
Epoch 28 Relative Error 0.003795930417254567
Epoch 29 Relative Error 0.0033314027823507786
Epoch 30 Relative Error 0.0029784422367811203
Epoch 31 Relative Error 0.0026332398410886526
Epoch 32 Relative Error 0.002637556754052639
Epoch 33 Relative Error 0.0021994716953486204
Epoch 34 Relative Error 0.0021278157364577055
Epoch 35 Relative Error 0.0021252098958939314
Epoch 36 Relative Error 0.0019276763778179884
Epoch 37 Relative Error 0.0016443886561319232
Epoch 38 Relative Error 0.0015990623505786061
Epoch 39 Relative Error 0.001429772935807705
Epoch 40 Relative Error 0.0014350689016282558
Epoch 41 Relative Error 0.0012752353213727474
Epoch 42 Relative Error 0.0013436723966151476
Epoch 43 Relative Error 0.0012703665997833014
Epoch 44 Relative Error 0.0010848268866539001
Epoch 45 Relative Error 0.0011007121065631509
Epoch 46 Relative Error 0.0010852261912077665
Epoch 47 Relative Error 0.0010118763893842697
Epoch 48 Relative Error 0.0009464107570238411
Epoch 49 Relative Error 0.0009639222989790142
Epoch 50 Relative Error 0.0009349320898763835
Epoch 51 Relative Error 0.0010101395891979337
Epoch 52 Relative Error 0.0009420524002052844
Epoch 53 Relative Error 0.0008700471953488886
Epoch 54 Relative Error 0.0007891711429692805
Epoch 55 Relative Error 0.0007504383102059364
Epoch 56 Relative Error 0.0007533060852438211
Epoch 57 Relative Error 0.0006791768246330321
Epoch 58 Relative Error 0.0006583823706023395
Epoch 59 Relative Error 0.0006290778401307762
Epoch 60 Relative Error 0.0005984895979054272
Epoch 61 Relative Error 0.0005974858067929745
Epoch 62 Relative Error 0.0005983576993457973
Epoch 63 Relative Error 0.0005849591689184308
Epoch 64 Relative Error 0.0005406801938079298
Epoch 65 Relative Error 0.0005241038161329925
Epoch 66 Relative Error 0.0005450936732813716
Epoch 67 Relative Error 0.0005577371921390295
Epoch 68 Relative Error 0.0005247271037660539
Epoch 69 Relative Error 0.0004772996180690825
Epoch 70 Relative Error 0.0004892188007943332
Epoch 71 Relative Error 0.00043784125591628253
Epoch 72 Relative Error 0.0004383486812002957
Epoch 73 Relative Error 0.00040620937943458557
Epoch 74 Relative Error 0.00038160261465236545
Epoch 75 Relative Error 0.00040961772901937366
Epoch 76 Relative Error 0.0004095776821486652
Epoch 77 Relative Error 0.00036003446439281106
Epoch 78 Relative Error 0.00034686739672906697
Epoch 79 Relative Error 0.00031677554943598807
Epoch 80 Relative Error 0.00031495519215241075
Epoch 81 Relative Error 0.0003294860362075269
Epoch 82 Relative Error 0.00029416222241707146
Epoch 83 Relative Error 0.0002966933243442327
Epoch 84 Relative Error 0.0002929851762019098
Epoch 85 Relative Error 0.00029988132882863283
Epoch 86 Relative Error 0.0002975607058033347
Epoch 87 Relative Error 0.00030804233392700553
Epoch 88 Relative Error 0.0002886153815779835
Epoch 89 Relative Error 0.00030304837855510414
Epoch 90 Relative Error 0.0002848937292583287
Epoch 91 Relative Error 0.000269341777311638
Epoch 92 Relative Error 0.0002482136187609285
Epoch 93 Relative Error 0.0002577962586656213
Epoch 94 Relative Error 0.00024620990734547377
Epoch 95 Relative Error 0.0002222077891929075
Epoch 96 Relative Error 0.00023944393615238369
Epoch 97 Relative Error 0.00025719302357174456
Epoch 98 Relative Error 0.0002200889866799116
Epoch 99 Relative Error 0.00022882803750690073
Epoch 100 Relative Error 0.00022195259225554764
Epoch 101 Relative Error 0.00022509759583044797
Epoch 102 Relative Error 0.00019822483591269702
Epoch 103 Relative Error 0.0002091221249429509
Epoch 104 Relative Error 0.00017344584921374917
Epoch 105 Relative Error 0.0001723001478239894
Epoch 106 Relative Error 0.00018037254631053656
Epoch 107 Relative Error 0.00018699631618801504
Epoch 108 Relative Error 0.000176648871274665
Epoch 109 Relative Error 0.00017347645189147443
Epoch 110 Relative Error 0.00017794565064832568
Epoch 111 Relative Error 0.00018325759447179735
Epoch 112 Relative Error 0.0001729407231323421
Epoch 113 Relative Error 0.00017217229469679296
Epoch 114 Relative Error 0.0001715147081995383
Epoch 115 Relative Error 0.00015497342974413186
Epoch 116 Relative Error 0.00015714332403149456
Epoch 117 Relative Error 0.00016757959383539855
Epoch 118 Relative Error 0.00016080432396847755
Epoch 119 Relative Error 0.00015203592192847282
Epoch 120 Relative Error 0.00014324970834422857
Epoch 121 Relative Error 0.00013630921603180468
Epoch 122 Relative Error 0.00014589991769753397
Epoch 123 Relative Error 0.00013549781579058617
Epoch 124 Relative Error 0.00014093554636929184
Epoch 125 Relative Error 0.0001372992992401123
Epoch 126 Relative Error 0.00014221981109585613
Epoch 127 Relative Error 0.00014776330499444157
Epoch 128 Relative Error 0.00012194601004011929
Epoch 129 Relative Error 0.00014757178723812103
Epoch 130 Relative Error 0.0001340048765996471
Epoch 131 Relative Error 0.0001482832885812968
Epoch 132 Relative Error 0.0001250272325705737
Epoch 133 Relative Error 0.00014142811414785683
Epoch 134 Relative Error 0.0001262307196157053
Epoch 135 Relative Error 0.0001290262589463964
Epoch 136 Relative Error 0.00012046442134305835
Epoch 137 Relative Error 0.00013219070388004184
Epoch 138 Relative Error 0.00012131248513469473
Epoch 139 Relative Error 0.00013036116433795542
Epoch 140 Relative Error 0.00013742818555328995
Epoch 141 Relative Error 0.0001357074361294508
Epoch 142 Relative Error 0.00012064282054780051
Epoch 143 Relative Error 0.0001404066279064864
Epoch 144 Relative Error 0.00012554308341350406
Epoch 145 Relative Error 0.00011395276669645682
Epoch 146 Relative Error 0.00011618333519436419
Epoch 147 Relative Error 0.00012736147618852556
Epoch 148 Relative Error 0.0001463686494389549
Epoch 149 Relative Error 0.00016394896374549717
Epoch 150 Relative Error 0.00016409043746534735
Epoch 151 Relative Error 0.00013863822096027434
Epoch 152 Relative Error 0.00013497815234586596
Epoch 153 Relative Error 0.00013186466821935028
Epoch 154 Relative Error 0.00013844325440004468
Epoch 155 Relative Error 0.00015019922284409404
Epoch 156 Relative Error 0.00014870369341224432
Epoch 157 Relative Error 0.00013532652519643307
Epoch 158 Relative Error 0.00013259498518891633
Epoch 159 Relative Error 0.00012962010805495083
Epoch 160 Relative Error 0.00010630895849317312
Epoch 161 Relative Error 0.00011180240835528821
Epoch 162 Relative Error 0.00011412913590902463
Epoch 163 Relative Error 0.00013734189269598573
Epoch 164 Relative Error 0.0001358575827907771
Epoch 165 Relative Error 0.00014453628682531416
Epoch 166 Relative Error 0.0001413787540514022
Epoch 167 Relative Error 0.00015811911725904793
Epoch 168 Relative Error 0.00015286466805264354
Epoch 169 Relative Error 0.00014533454668708146
Epoch 170 Relative Error 0.00016560200310777873
Epoch 171 Relative Error 0.00019587633141782135
Epoch 172 Relative Error 0.00020667523494921625
Epoch 173 Relative Error 0.0002115546230925247
Epoch 174 Relative Error 0.00019687518943101168
Epoch 175 Relative Error 0.00024725630646571517
Epoch 176 Relative Error 0.00022863305639475584
Epoch 177 Relative Error 0.0002270145487273112
Epoch 178 Relative Error 0.00022600976808462292
Epoch 179 Relative Error 0.000238615000853315
Epoch 180 Relative Error 0.00019691127818077803
Epoch 181 Relative Error 0.00018634478328749537
Epoch 182 Relative Error 0.00019593180331867188
Epoch 183 Relative Error 0.0001767182257026434
Epoch 184 Relative Error 0.00019126951519865543
Epoch 185 Relative Error 0.0001971584279090166
Epoch 186 Relative Error 0.0002765073732007295
Epoch 187 Relative Error 0.00019172114843968302
Epoch 188 Relative Error 0.0002262201887788251
Epoch 189 Relative Error 0.0003307933802716434
Epoch 190 Relative Error 0.00029752400587312877
Epoch 191 Relative Error 0.0004407783562783152
Epoch 192 Relative Error 0.0005473729106597602
Epoch 193 Relative Error 0.0009554914431646466
Epoch 194 Relative Error 0.0007334586116485298
Epoch 195 Relative Error 0.0007325143669731915
Epoch 196 Relative Error 0.0007268590270541608
Epoch 197 Relative Error 0.0008291025296784937
Epoch 198 Relative Error 0.0007380622555501759
Epoch 199 Relative Error 0.0007707352051511407
Epoch 200 Relative Error 0.0009512238320894539
Epoch 201 Relative Error 0.0010391968535259366
Epoch 202 Relative Error 0.0010624987771734595
Epoch 203 Relative Error 0.0010538904462009668
Epoch 204 Relative Error 0.0012468622298911214
Epoch 205 Relative Error 0.0013737677363678813
Epoch 206 Relative Error 0.0014351342106238008
Epoch 207 Relative Error 0.002021283144131303
Epoch 208 Relative Error 0.001871926593594253
Epoch 209 Relative Error 0.0027080054860562086
Epoch 210 Relative Error 0.0029668090865015984
Epoch 211 Relative Error 0.002200002782046795
Epoch 212 Relative Error 0.0033429984468966722
Epoch 213 Relative Error 0.003044063923880458
Epoch 214 Relative Error 0.004261302761733532
Epoch 215 Relative Error 0.004445795435458422
Epoch 216 Relative Error 0.006292067933827639
Epoch 217 Relative Error 0.00920304749161005
Epoch 218 Relative Error 0.009297892451286316
Epoch 219 Relative Error 0.009492253884673119
Epoch 220 Relative Error 0.010811989195644855
Epoch 221 Relative Error 0.020362045615911484
Epoch 222 Relative Error 0.019994108006358147
Epoch 223 Relative Error 0.01568678207695484
Epoch 224 Relative Error 0.022729435935616493
Epoch 225 Relative Error 0.022181425243616104
Epoch 226 Relative Error 0.028770938515663147
Epoch 227 Relative Error 0.023697059601545334
Epoch 228 Relative Error 0.05266483128070831
Epoch 229 Relative Error 0.043515656143426895
Epoch 230 Relative Error 0.0683501586318016
Epoch 231 Relative Error 0.07114951312541962
Epoch 232 Relative Error 0.05992131680250168
Epoch 233 Relative Error 0.04106786847114563
Epoch 234 Relative Error 0.030942270532250404
Epoch 235 Relative Error 0.05331666022539139
Epoch 236 Relative Error 0.06020815670490265
Epoch 237 Relative Error 0.05591201037168503
Epoch 238 Relative Error 0.03743638098239899
Epoch 239 Relative Error 0.05129590258002281
Epoch 240 Relative Error 0.07861897349357605
Epoch 241 Relative Error 0.07254744321107864
Epoch 242 Relative Error 0.06356757879257202
Epoch 243 Relative Error 0.045772429555654526
Epoch 244 Relative Error 0.03844669833779335
Epoch 245 Relative Error 0.033575721085071564
Epoch 246 Relative Error 0.02699633501470089
Epoch 247 Relative Error 0.027343668043613434
Epoch 248 Relative Error 0.028067417442798615
Epoch 249 Relative Error 0.031685154885053635
Epoch 250 Relative Error 0.0327567383646965
Epoch 251 Relative Error 0.04454910382628441
Epoch 252 Relative Error 0.04762817919254303
Epoch 253 Relative Error 0.06971485167741776
Epoch 254 Relative Error 0.06091809272766113
Epoch 255 Relative Error 0.075436070561409
Epoch 256 Relative Error 0.05672956630587578
Epoch 257 Relative Error 0.036032162606716156
Epoch 258 Relative Error 0.03979911282658577
Epoch 259 Relative Error 0.03428129479289055
Epoch 260 Relative Error 0.040771204978227615
Epoch 261 Relative Error 0.04633701965212822
Epoch 262 Relative Error 0.03719141334295273
Epoch 263 Relative Error 0.04400281980633736
Epoch 264 Relative Error 0.033029090613126755
Epoch 265 Relative Error 0.041732560843229294
Epoch 266 Relative Error 0.05253279209136963
Epoch 267 Relative Error 0.06598743796348572
Epoch 268 Relative Error 0.09632565826177597
Epoch 269 Relative Error 0.09875611215829849
Epoch 270 Relative Error 0.12752805650234222
Epoch 271 Relative Error 0.10862551629543304
Epoch 272 Relative Error 0.19985193014144897
Epoch 273 Relative Error 0.13983556628227234
Epoch 274 Relative Error 0.1456136703491211
Epoch 275 Relative Error 0.14160217344760895
Epoch 276 Relative Error 0.11789534240961075
Epoch 277 Relative Error 0.102889783680439
Epoch 278 Relative Error 0.11921700090169907
Epoch 279 Relative Error 0.1196368932723999
Epoch 280 Relative Error 0.09617140889167786
Epoch 281 Relative Error 0.08214697986841202
Epoch 282 Relative Error 0.09684964269399643
Epoch 283 Relative Error 0.08391135185956955
Epoch 284 Relative Error 0.08199413120746613
Epoch 285 Relative Error 0.07839615643024445
Epoch 286 Relative Error 0.09143505990505219
Epoch 287 Relative Error 0.08637756109237671
Epoch 288 Relative Error 0.07882462441921234
Epoch 289 Relative Error 0.0635739415884018
Epoch 290 Relative Error 0.056634221225976944
Epoch 291 Relative Error 0.0472201369702816
Epoch 292 Relative Error 0.08426639437675476
Epoch 293 Relative Error 0.059148699045181274
Epoch 294 Relative Error 0.04985729977488518
Epoch 295 Relative Error 0.05185408890247345
Epoch 296 Relative Error 0.045110151171684265
Epoch 297 Relative Error 0.056760698556900024
Epoch 298 Relative Error 0.0445767380297184
Epoch 299 Relative Error 0.04895949363708496
Epoch 300 Relative Error 0.03564167022705078
Epoch 301 Relative Error 0.0396868996322155
Epoch 302 Relative Error 0.05089366436004639
Epoch 303 Relative Error 0.06460694968700409
Epoch 304 Relative Error 0.05889974161982536
Epoch 305 Relative Error 0.06707610189914703
Epoch 306 Relative Error 0.054793961346149445
Epoch 307 Relative Error 0.08203034847974777
Epoch 308 Relative Error 0.06730841845273972
Epoch 309 Relative Error 0.09836214035749435
Epoch 310 Relative Error 0.08218373358249664
Epoch 311 Relative Error 0.06198159232735634
Epoch 312 Relative Error 0.07237733155488968
Epoch 313 Relative Error 0.046913884580135345
Epoch 314 Relative Error 0.037259407341480255
Epoch 315 Relative Error 0.04457695782184601
Epoch 316 Relative Error 0.0713549256324768
Epoch 317 Relative Error 0.09132099896669388
Epoch 318 Relative Error 0.08841537684202194
Epoch 319 Relative Error 0.07771215587854385
Epoch 320 Relative Error 0.06061163172125816
Epoch 321 Relative Error 0.05297711491584778
Epoch 322 Relative Error 0.05766400694847107
Epoch 323 Relative Error 0.05730564147233963
Epoch 324 Relative Error 0.03845394402742386
Epoch 325 Relative Error 0.058126289397478104
Epoch 326 Relative Error 0.059764109551906586
Epoch 327 Relative Error 0.04806102067232132
Epoch 328 Relative Error 0.07175381481647491
Epoch 329 Relative Error 0.0713769719004631
Epoch 330 Relative Error 0.04794980585575104
Epoch 331 Relative Error 0.0718412920832634
Epoch 332 Relative Error 0.05368780344724655
Epoch 333 Relative Error 0.06246824935078621
Epoch 334 Relative Error 0.060456156730651855
Epoch 335 Relative Error 0.05686747655272484
Epoch 336 Relative Error 0.04442425072193146
Epoch 337 Relative Error 0.04803122952580452
Epoch 338 Relative Error 0.05190293490886688
Epoch 339 Relative Error 0.059771765023469925
Epoch 340 Relative Error 0.06867673248052597
Epoch 341 Relative Error 0.07702557742595673
Epoch 342 Relative Error 0.06889588385820389
Epoch 343 Relative Error 0.06739594042301178
Epoch 344 Relative Error 0.07668489217758179
Epoch 345 Relative Error 0.06892316788434982
Epoch 346 Relative Error 0.07589570432901382
Epoch 347 Relative Error 0.09982188791036606
Epoch 348 Relative Error 0.06064204126596451
Epoch 349 Relative Error 0.1245787963271141
Epoch 350 Relative Error 0.06330516189336777
Epoch 351 Relative Error 0.10221940279006958
Epoch 352 Relative Error 0.19039976596832275
Epoch 353 Relative Error 0.20193156599998474
Epoch 354 Relative Error 0.19457602500915527
Epoch 355 Relative Error 0.16060201823711395
Epoch 356 Relative Error 0.17185179889202118
Epoch 357 Relative Error 0.18129555881023407
Epoch 358 Relative Error 0.12248402088880539
Epoch 359 Relative Error 0.13288235664367676
Epoch 360 Relative Error 0.08767702430486679
Epoch 361 Relative Error 0.0929621011018753
Epoch 362 Relative Error 0.09893980622291565
Epoch 363 Relative Error 0.07145596295595169
Epoch 364 Relative Error 0.06907434016466141
Epoch 365 Relative Error 0.05057396739721298
Epoch 366 Relative Error 0.04922664538025856
Epoch 367 Relative Error 0.03706588223576546
Epoch 368 Relative Error 0.04812265560030937
Epoch 369 Relative Error 0.05448060482740402
Epoch 370 Relative Error 0.0567755252122879
Epoch 371 Relative Error 0.04792413115501404
Epoch 372 Relative Error 0.05189043655991554
Epoch 373 Relative Error 0.05901230126619339
Epoch 374 Relative Error 0.07202741503715515
Epoch 375 Relative Error 0.05297085642814636
Epoch 376 Relative Error 0.05893056094646454
Epoch 377 Relative Error 0.047672830522060394
Epoch 378 Relative Error 0.04504068195819855
Epoch 379 Relative Error 0.05245062708854675
Epoch 380 Relative Error 0.033105261623859406
Epoch 381 Relative Error 0.05035366490483284
Epoch 382 Relative Error 0.030659453943371773
Epoch 383 Relative Error 0.03681453317403793
Epoch 384 Relative Error 0.0395658016204834
Epoch 385 Relative Error 0.0459379181265831
Epoch 386 Relative Error 0.031812846660614014
Epoch 387 Relative Error 0.041821304708719254
Epoch 388 Relative Error 0.047466784715652466
Epoch 389 Relative Error 0.050601743161678314
Epoch 390 Relative Error 0.04250335693359375
Epoch 391 Relative Error 0.041932523250579834
Epoch 392 Relative Error 0.029871823266148567
Epoch 393 Relative Error 0.028065668419003487
Epoch 394 Relative Error 0.03813255950808525
Epoch 395 Relative Error 0.037031516432762146
Epoch 396 Relative Error 0.04089842364192009
Epoch 397 Relative Error 0.03368142247200012
Epoch 398 Relative Error 0.030400879681110382
Epoch 399 Relative Error 0.03037317842245102
Epoch 400 Relative Error 0.025607164949178696
Epoch 401 Relative Error 0.019417589530348778
Epoch 402 Relative Error 0.02021445706486702
Epoch 403 Relative Error 0.018178006634116173
Epoch 404 Relative Error 0.023904569447040558
Epoch 405 Relative Error 0.01605059765279293
Epoch 406 Relative Error 0.011227556504309177
Epoch 407 Relative Error 0.010082160122692585
Epoch 408 Relative Error 0.010288240388035774
Epoch 409 Relative Error 0.008630126714706421
Epoch 410 Relative Error 0.009469774551689625
Epoch 411 Relative Error 0.009820031002163887
Epoch 412 Relative Error 0.007426891475915909
Epoch 413 Relative Error 0.007900494150817394
Epoch 414 Relative Error 0.006184613332152367
Epoch 415 Relative Error 0.005850409623235464
Epoch 416 Relative Error 0.0062480769120156765
Epoch 417 Relative Error 0.004651156719774008
Epoch 418 Relative Error 0.003910702653229237
Epoch 419 Relative Error 0.004412057343870401
Epoch 420 Relative Error 0.0030692899599671364
Epoch 421 Relative Error 0.003791958559304476
Epoch 422 Relative Error 0.0035945542622357607
Epoch 423 Relative Error 0.004011452663689852
Epoch 424 Relative Error 0.003895506029948592
Epoch 425 Relative Error 0.004766648169606924
Epoch 426 Relative Error 0.004586437251418829
Epoch 427 Relative Error 0.004666220862418413
Epoch 428 Relative Error 0.004687911365181208
Epoch 429 Relative Error 0.0034026294015347958
Epoch 430 Relative Error 0.005251120310276747
Epoch 431 Relative Error 0.006499629933387041
Epoch 432 Relative Error 0.004932642914354801
Epoch 433 Relative Error 0.005884898826479912
Epoch 434 Relative Error 0.0060232263058424
Epoch 435 Relative Error 0.005538885481655598
Epoch 436 Relative Error 0.005853751208633184
Epoch 437 Relative Error 0.0047164964489638805
Epoch 438 Relative Error 0.010450158268213272
Epoch 439 Relative Error 0.02138647809624672
Epoch 440 Relative Error 0.02217303216457367
Epoch 441 Relative Error 0.023468216881155968
Epoch 442 Relative Error 0.015553740784525871
Epoch 443 Relative Error 0.013166847638785839
Epoch 444 Relative Error 0.010146829299628735
Epoch 445 Relative Error 0.009055564180016518
Epoch 446 Relative Error 0.012734636664390564
Epoch 447 Relative Error 0.011594192124903202
Epoch 448 Relative Error 0.014293682761490345
Epoch 449 Relative Error 0.017482571303844452
Epoch 450 Relative Error 0.022948015481233597
Epoch 451 Relative Error 0.017076605930924416
Epoch 452 Relative Error 0.02237705886363983
Epoch 453 Relative Error 0.021981196478009224
Epoch 454 Relative Error 0.020097345113754272
Epoch 455 Relative Error 0.021990228444337845
Epoch 456 Relative Error 0.020517606288194656
Epoch 457 Relative Error 0.028493372723460197
Epoch 458 Relative Error 0.019326720386743546
Epoch 459 Relative Error 0.028709661215543747
Epoch 460 Relative Error 0.03485365957021713
Epoch 461 Relative Error 0.033644940704107285
Epoch 462 Relative Error 0.040187280625104904
Epoch 463 Relative Error 0.028203371912240982
Epoch 464 Relative Error 0.023389676585793495
Epoch 465 Relative Error 0.022161010652780533
Epoch 466 Relative Error 0.03512973338365555
Epoch 467 Relative Error 0.027995603159070015
Epoch 468 Relative Error 0.02886967360973358
Epoch 469 Relative Error 0.028681183233857155
Epoch 470 Relative Error 0.02461337484419346
Epoch 471 Relative Error 0.027850843966007233
Epoch 472 Relative Error 0.03143574669957161
Epoch 473 Relative Error 0.061256226152181625
Epoch 474 Relative Error 0.06842935085296631
Epoch 475 Relative Error 0.07708509266376495
Epoch 476 Relative Error 0.10500071197748184
Epoch 477 Relative Error 0.10348482429981232
Epoch 478 Relative Error 0.116175077855587
Epoch 479 Relative Error 0.07315178960561752
Epoch 480 Relative Error 0.08595747500658035
Epoch 481 Relative Error 0.11449316889047623
Epoch 482 Relative Error 0.13011109828948975
Epoch 483 Relative Error 0.09249108284711838
Epoch 484 Relative Error 0.14473363757133484
Epoch 485 Relative Error 0.1315876841545105
Epoch 486 Relative Error 0.08660859614610672
Epoch 487 Relative Error 0.06897784769535065
Epoch 488 Relative Error 0.06181579455733299
Epoch 489 Relative Error 0.06071462482213974
Epoch 490 Relative Error 0.05234437808394432
Epoch 491 Relative Error 0.035292282700538635
Epoch 492 Relative Error 0.04377952590584755
Epoch 493 Relative Error 0.05026118457317352
Epoch 494 Relative Error 0.05642981827259064
Epoch 495 Relative Error 0.054067954421043396
Epoch 496 Relative Error 0.06204059347510338
Epoch 497 Relative Error 0.03391661122441292
Epoch 498 Relative Error 0.040013447403907776
Epoch 499 Relative Error 0.05587133392691612
Epoch 500 Relative Error 0.0532831996679306
Epoch 501 Relative Error 0.0672759860754013
Epoch 502 Relative Error 0.07618527859449387
Epoch 503 Relative Error 0.07918703556060791
Epoch 504 Relative Error 0.0877801924943924
Epoch 505 Relative Error 0.08640801906585693
Epoch 506 Relative Error 0.12458787113428116
Epoch 507 Relative Error 0.12451761960983276
Epoch 508 Relative Error 0.17486843466758728
Epoch 509 Relative Error 0.15748177468776703
Epoch 510 Relative Error 0.14122338593006134
Epoch 511 Relative Error 0.1275157332420349
Epoch 512 Relative Error 0.10494332760572433
Epoch 513 Relative Error 0.09824156761169434
Epoch 514 Relative Error 0.03951294347643852
Epoch 515 Relative Error 0.08064404875040054
Epoch 516 Relative Error 0.04974234104156494
Epoch 517 Relative Error 0.04258394241333008
Epoch 518 Relative Error 0.0451919287443161
Epoch 519 Relative Error 0.04909161105751991
Epoch 520 Relative Error 0.0426517054438591
Epoch 521 Relative Error 0.02295035310089588
Epoch 522 Relative Error 0.022177334874868393
Epoch 523 Relative Error 0.02440674602985382
Epoch 524 Relative Error 0.019357742741703987
Epoch 525 Relative Error 0.03327217698097229
Epoch 526 Relative Error 0.02762017585337162
Epoch 527 Relative Error 0.025666506960988045
Epoch 528 Relative Error 0.02215546928346157
Epoch 529 Relative Error 0.01678500324487686
Epoch 530 Relative Error 0.01689186878502369
Epoch 531 Relative Error 0.011581399478018284
Epoch 532 Relative Error 0.013628749176859856
Epoch 533 Relative Error 0.010757878422737122
Epoch 534 Relative Error 0.009705904871225357
Epoch 535 Relative Error 0.012897191569209099
Epoch 536 Relative Error 0.013668284751474857
Epoch 537 Relative Error 0.011389048770070076
Epoch 538 Relative Error 0.012757702730596066
Epoch 539 Relative Error 0.009999730624258518
Epoch 540 Relative Error 0.01100616529583931
Epoch 541 Relative Error 0.012839402072131634
Epoch 542 Relative Error 0.008011148311197758
Epoch 543 Relative Error 0.007912682369351387
Epoch 544 Relative Error 0.009402064606547356
Epoch 545 Relative Error 0.0047259870916605
Epoch 546 Relative Error 0.0055872248485684395
Epoch 547 Relative Error 0.005041823256760836
Epoch 548 Relative Error 0.004033422097563744
Epoch 549 Relative Error 0.005604343023151159
Epoch 550 Relative Error 0.005852207075804472
Epoch 551 Relative Error 0.005677836947143078
Epoch 552 Relative Error 0.007057085633277893
Epoch 553 Relative Error 0.003932399209588766
Epoch 554 Relative Error 0.004224007949233055
Epoch 555 Relative Error 0.004761136136949062
Epoch 556 Relative Error 0.004387679975479841
Epoch 557 Relative Error 0.005795400124043226
Epoch 558 Relative Error 0.003713022219017148
Epoch 559 Relative Error 0.003711130702868104
Epoch 560 Relative Error 0.004103967919945717
Epoch 561 Relative Error 0.008171317167580128
Epoch 562 Relative Error 0.0067421006970107555
Epoch 563 Relative Error 0.006414375267922878
Epoch 564 Relative Error 0.00718674948439002
Epoch 565 Relative Error 0.0049091605469584465
Epoch 566 Relative Error 0.007300160825252533
Epoch 567 Relative Error 0.013310770504176617
Epoch 568 Relative Error 0.008070467039942741
Epoch 569 Relative Error 0.008788421750068665
Epoch 570 Relative Error 0.011489559896290302
Epoch 571 Relative Error 0.02116251178085804
Epoch 572 Relative Error 0.021385539323091507
Epoch 573 Relative Error 0.01900320313870907
Epoch 574 Relative Error 0.022836076095700264
Epoch 575 Relative Error 0.022802164778113365
Epoch 576 Relative Error 0.026062142103910446
Epoch 577 Relative Error 0.017032558098435402
Epoch 578 Relative Error 0.017974644899368286
Epoch 579 Relative Error 0.011394471861422062
Epoch 580 Relative Error 0.0328303761780262
Epoch 581 Relative Error 0.02350703813135624
Epoch 582 Relative Error 0.024760287255048752
Epoch 583 Relative Error 0.023801680654287338
Epoch 584 Relative Error 0.023041164502501488
Epoch 585 Relative Error 0.02654368430376053
Epoch 586 Relative Error 0.017626449465751648
Epoch 587 Relative Error 0.046134959906339645
Epoch 588 Relative Error 0.04213261231780052
Epoch 589 Relative Error 0.03557220473885536
Epoch 590 Relative Error 0.058469656854867935
Epoch 591 Relative Error 0.05003026872873306
Epoch 592 Relative Error 0.07679615169763565
Epoch 593 Relative Error 0.054433781653642654
Epoch 594 Relative Error 0.04945145174860954
Epoch 595 Relative Error 0.03180806711316109
Epoch 596 Relative Error 0.026769651100039482
Epoch 597 Relative Error 0.03739320486783981
Epoch 598 Relative Error 0.027102144435048103
Epoch 599 Relative Error 0.06568050384521484
Epoch 600 Relative Error 0.07072413712739944
Epoch 601 Relative Error 0.08074595779180527
Epoch 602 Relative Error 0.07230038195848465
Epoch 603 Relative Error 0.07686100155115128
Epoch 604 Relative Error 0.06536268442869186
Epoch 605 Relative Error 0.055455319583415985
Epoch 606 Relative Error 0.04656146839261055
Epoch 607 Relative Error 0.03975679352879524
Epoch 608 Relative Error 0.04015582054853439
Epoch 609 Relative Error 0.03283300995826721
Epoch 610 Relative Error 0.02763964794576168
Epoch 611 Relative Error 0.04295830428600311
Epoch 612 Relative Error 0.037391722202301025
Epoch 613 Relative Error 0.035528700798749924
Epoch 614 Relative Error 0.0421709306538105
Epoch 615 Relative Error 0.04787328839302063
Epoch 616 Relative Error 0.0371682271361351
Epoch 617 Relative Error 0.026513323187828064
Epoch 618 Relative Error 0.029374830424785614
Epoch 619 Relative Error 0.02692093700170517
Epoch 620 Relative Error 0.026978539302945137
Epoch 621 Relative Error 0.015321062877774239
Epoch 622 Relative Error 0.018228653818368912
Epoch 623 Relative Error 0.0212105605751276
Epoch 624 Relative Error 0.01136330608278513
Epoch 625 Relative Error 0.019949015229940414
Epoch 626 Relative Error 0.018847210332751274
Epoch 627 Relative Error 0.020061379298567772
Epoch 628 Relative Error 0.018917594105005264
Epoch 629 Relative Error 0.014990544877946377
Epoch 630 Relative Error 0.01254106406122446
Epoch 631 Relative Error 0.009353352710604668
Epoch 632 Relative Error 0.00775296101346612
Epoch 633 Relative Error 0.004772074054926634
Epoch 634 Relative Error 0.006931276526302099
Epoch 635 Relative Error 0.012000962160527706
Epoch 636 Relative Error 0.010247617028653622
Epoch 637 Relative Error 0.011063908226788044
Epoch 638 Relative Error 0.009636524133384228
Epoch 639 Relative Error 0.01090233027935028
Epoch 640 Relative Error 0.007875733077526093
Epoch 641 Relative Error 0.013754883781075478
Epoch 642 Relative Error 0.008046326227486134
Epoch 643 Relative Error 0.011998308822512627
Epoch 644 Relative Error 0.00679608853533864
Epoch 645 Relative Error 0.006583726033568382
Epoch 646 Relative Error 0.0070049394853413105
Epoch 647 Relative Error 0.006885237526148558
Epoch 648 Relative Error 0.007972119376063347
Epoch 649 Relative Error 0.007118490058928728
Epoch 650 Relative Error 0.0054780286736786366
Epoch 651 Relative Error 0.005189698655158281
Epoch 652 Relative Error 0.0069875470362603664
Epoch 653 Relative Error 0.006767970509827137
Epoch 654 Relative Error 0.004769456572830677
Epoch 655 Relative Error 0.007394426967948675
Epoch 656 Relative Error 0.004283250775188208
Epoch 657 Relative Error 0.00547305541113019
Epoch 658 Relative Error 0.00729927234351635
Epoch 659 Relative Error 0.006361343897879124
Epoch 660 Relative Error 0.005704562645405531
Epoch 661 Relative Error 0.004209903068840504
Epoch 662 Relative Error 0.0034475759603083134
Epoch 663 Relative Error 0.003865015460178256
Epoch 664 Relative Error 0.0023500025272369385
Epoch 665 Relative Error 0.001470850664190948
Epoch 666 Relative Error 0.0014482700498774648
Epoch 667 Relative Error 0.0013977140188217163
Epoch 668 Relative Error 0.001768698450177908
Epoch 669 Relative Error 0.0016263630241155624
Epoch 670 Relative Error 0.0014386188704520464
Epoch 671 Relative Error 0.0010953854070976377
Epoch 672 Relative Error 0.000847610121127218
Epoch 673 Relative Error 0.001044346485286951
Epoch 674 Relative Error 0.0011456344509497285
Epoch 675 Relative Error 0.0009176806779578328
Epoch 676 Relative Error 0.0008483415585942566
Epoch 677 Relative Error 0.0008436033967882395
Epoch 678 Relative Error 0.0010003292700275779
Epoch 679 Relative Error 0.0010403221240267158
Epoch 680 Relative Error 0.0007114923791959882
Epoch 681 Relative Error 0.00046822530566714704
Epoch 682 Relative Error 0.0008087620954029262
Epoch 683 Relative Error 0.0008002686663530767
Epoch 684 Relative Error 0.0009844157611951232
Epoch 685 Relative Error 0.0009794479701668024
Epoch 686 Relative Error 0.0007537942146882415
Epoch 687 Relative Error 0.0008264596108347178
Epoch 688 Relative Error 0.0005534013616852462
Epoch 689 Relative Error 0.0003688607830554247
Epoch 690 Relative Error 0.0003623835800681263
Epoch 691 Relative Error 0.0004712556255981326
Epoch 692 Relative Error 0.00038799457252025604
Epoch 693 Relative Error 0.00045064365258440375
Epoch 694 Relative Error 0.0004525231779552996
Epoch 695 Relative Error 0.0005377114866860211
Epoch 696 Relative Error 0.0005053794593550265
Epoch 697 Relative Error 0.0003528586821630597
Epoch 698 Relative Error 0.00030678167240694165
Epoch 699 Relative Error 0.0002268828102387488
Epoch 700 Relative Error 0.00024076875706668943
Epoch 701 Relative Error 0.0002126947365468368
Epoch 702 Relative Error 0.00027215233421884477
Epoch 703 Relative Error 0.00020601959840860218
Epoch 704 Relative Error 0.0001785334461601451
Epoch 705 Relative Error 0.0001569712330820039
Epoch 706 Relative Error 0.0001753178221406415
Epoch 707 Relative Error 0.00015116648864932358
Epoch 708 Relative Error 0.0001490652357460931
Epoch 709 Relative Error 0.0001568421721458435
Epoch 710 Relative Error 0.00017381436191499233
Epoch 711 Relative Error 0.00017864166875369847
Epoch 712 Relative Error 0.00015942947356961668
Epoch 713 Relative Error 0.00016652554040774703
Epoch 714 Relative Error 0.00017131032655015588
Epoch 715 Relative Error 0.00016354014223907143
Epoch 716 Relative Error 0.0001465861132601276
Epoch 717 Relative Error 0.00014700678002554923
Epoch 718 Relative Error 0.00014095290680415928
Epoch 719 Relative Error 0.0001418931788066402
Epoch 720 Relative Error 0.00014953679055906832
Epoch 721 Relative Error 0.00014897657092660666
Epoch 722 Relative Error 0.00013426525401882827
Epoch 723 Relative Error 0.00012880947906523943
Epoch 724 Relative Error 0.0001446210517315194
Epoch 725 Relative Error 0.0001245345629286021
Epoch 726 Relative Error 0.00013082324585411698
Epoch 727 Relative Error 0.00012101616448489949
Epoch 728 Relative Error 0.00012632286234293133
Epoch 729 Relative Error 0.00013243120338302106
Epoch 730 Relative Error 0.00012286055425647646
Epoch 731 Relative Error 0.0001135448255809024
Epoch 732 Relative Error 0.00012796701048500836
Epoch 733 Relative Error 0.00012868124758824706
Epoch 734 Relative Error 0.00011592004011617973
Epoch 735 Relative Error 0.00011004814587067813
Epoch 736 Relative Error 0.000108856096630916
Epoch 737 Relative Error 0.00010282931179972365
Epoch 738 Relative Error 0.00015047035412862897
Epoch 739 Relative Error 0.00014537146489601582
Epoch 740 Relative Error 0.00014007830759510398
Epoch 741 Relative Error 0.00013974767352920026
Epoch 742 Relative Error 0.00014036326319910586
Epoch 743 Relative Error 0.0001445578964194283
Epoch 744 Relative Error 0.00011810975411208346
Epoch 745 Relative Error 0.00011037325748475268
Epoch 746 Relative Error 0.00015319741214625537
Epoch 747 Relative Error 0.00013723062875214964
Epoch 748 Relative Error 0.00010142973042093217
Epoch 749 Relative Error 0.00010041771020041779
Epoch 750 Relative Error 0.00011072426423197612
Epoch 751 Relative Error 0.00010821199248312041
Epoch 752 Relative Error 9.959009912563488e-05
Epoch 753 Relative Error 0.00010797917639138177
Epoch 754 Relative Error 0.0001783150073606521
Epoch 755 Relative Error 0.0002171361556975171
Epoch 756 Relative Error 0.00020207361376378685
Epoch 757 Relative Error 0.00023080171376932412
Epoch 758 Relative Error 0.00022749346680939198
Epoch 759 Relative Error 0.0002196172281401232
Epoch 760 Relative Error 0.00021420793200377375
Epoch 761 Relative Error 0.00021121944882906973
Epoch 762 Relative Error 0.0003257119678892195
Epoch 763 Relative Error 0.0003601070202421397
Epoch 764 Relative Error 0.0003446195332799107
Epoch 765 Relative Error 0.0002963710285257548
Epoch 766 Relative Error 0.00023789878468960524
Epoch 767 Relative Error 0.00030098643037490547
Epoch 768 Relative Error 0.0005890361499041319
Epoch 769 Relative Error 0.0004831872065551579
Epoch 770 Relative Error 0.0007389913080260158
Epoch 771 Relative Error 0.0007399923633784056
Epoch 772 Relative Error 0.0006063749897293746
Epoch 773 Relative Error 0.0005976909887976944
Epoch 774 Relative Error 0.000555200909730047
Epoch 775 Relative Error 0.0006446182960644364
Epoch 776 Relative Error 0.0007039846968837082
Epoch 777 Relative Error 0.00039307164843194187
Epoch 778 Relative Error 0.00025690713664516807
Epoch 779 Relative Error 0.0004117082862649113
Epoch 780 Relative Error 0.00031991663854569197
Epoch 781 Relative Error 0.00039547536289319396
Epoch 782 Relative Error 0.0002645695931278169
Epoch 783 Relative Error 0.00024814813514240086
Epoch 784 Relative Error 0.00023080674873199314
Epoch 785 Relative Error 0.00027189592947252095
Epoch 786 Relative Error 0.00030280763166956604
Epoch 787 Relative Error 0.00033312468440271914
Epoch 788 Relative Error 0.0002478536916896701
Epoch 789 Relative Error 0.00026726946816779673
Epoch 790 Relative Error 0.00023927274742163718
Epoch 791 Relative Error 0.00022233830532059073
Epoch 792 Relative Error 0.0003040889569092542
Epoch 793 Relative Error 0.0002637920842971653
Epoch 794 Relative Error 0.00021102544269524515
Epoch 795 Relative Error 0.00021312788885552436
Epoch 796 Relative Error 0.0002284910442540422
Epoch 797 Relative Error 0.00018912414088845253
Epoch 798 Relative Error 0.00022000816534273326
Epoch 799 Relative Error 0.00020483946718741208
Epoch 800 Relative Error 0.00017540421686135232
Epoch 801 Relative Error 0.0001585104182595387
Epoch 802 Relative Error 0.0001497932244092226
Epoch 803 Relative Error 0.00017987556930165738
Epoch 804 Relative Error 0.00019341829465702176
Epoch 805 Relative Error 0.0002021270338445902
Epoch 806 Relative Error 0.00023875306942500174
Epoch 807 Relative Error 0.00025984999956563115
Epoch 808 Relative Error 0.000256522063864395
Epoch 809 Relative Error 0.00035610166378319263
Epoch 810 Relative Error 0.00030519417487084866
Epoch 811 Relative Error 0.00039224905776791275
Epoch 812 Relative Error 0.00042256267624907196
Epoch 813 Relative Error 0.00029699719743803144
Epoch 814 Relative Error 0.00040687533328309655
Epoch 815 Relative Error 0.00028427981305867434
Epoch 816 Relative Error 0.0002949468034785241
Epoch 817 Relative Error 0.00029397784965112805
Epoch 818 Relative Error 0.00034967169631272554
Epoch 819 Relative Error 0.00035306380596011877
Epoch 820 Relative Error 0.00025326356990262866
Epoch 821 Relative Error 0.00020614864479284734
Epoch 822 Relative Error 0.0002444531419314444
Epoch 823 Relative Error 0.0003126271185465157
Epoch 824 Relative Error 0.00025515176821500063
Epoch 825 Relative Error 0.00027488081832416356
Epoch 826 Relative Error 0.0002720130723901093
Epoch 827 Relative Error 0.00023754462017677724
Epoch 828 Relative Error 0.00028079794719815254
Epoch 829 Relative Error 0.000273748068138957
Epoch 830 Relative Error 0.00022925849771127105
Epoch 831 Relative Error 0.0002201789611717686
Epoch 832 Relative Error 0.00024063684395514429
Epoch 833 Relative Error 0.00034758265246637166
Epoch 834 Relative Error 0.0001704324095044285
Epoch 835 Relative Error 0.0003203849191777408
Epoch 836 Relative Error 0.0003702761314343661
Epoch 837 Relative Error 0.0003240365767851472
Epoch 838 Relative Error 0.000347245397279039
Epoch 839 Relative Error 0.0003206263354513794
Epoch 840 Relative Error 0.0003479298611637205
Epoch 841 Relative Error 0.0003651392471510917
Epoch 842 Relative Error 0.0003454898833297193
Epoch 843 Relative Error 0.00026870580040849745
Epoch 844 Relative Error 0.00025203797849826515
Epoch 845 Relative Error 0.00028051433037035167
Epoch 846 Relative Error 0.0003250663576181978
Epoch 847 Relative Error 0.0002703326754271984
Epoch 848 Relative Error 0.00022083468502387404
Epoch 849 Relative Error 0.0002864468842744827
Epoch 850 Relative Error 0.0003240017977077514
Epoch 851 Relative Error 0.00033206207444891334
Epoch 852 Relative Error 0.00021675247990060598
Epoch 853 Relative Error 0.00030590430833399296
Epoch 854 Relative Error 0.0002608143840916455
Epoch 855 Relative Error 0.0002237364969914779
Epoch 856 Relative Error 0.00032326381187886
Epoch 857 Relative Error 0.00023527699522674084
Epoch 858 Relative Error 0.0002929096226580441
Epoch 859 Relative Error 0.00022990794968791306
Epoch 860 Relative Error 0.0002226452634204179
Epoch 861 Relative Error 0.00023690947273280472
Epoch 862 Relative Error 0.00019108316337224096
Epoch 863 Relative Error 0.00018181005725637078
Epoch 864 Relative Error 0.00019700475968420506
Epoch 865 Relative Error 0.00016022345516830683
Epoch 866 Relative Error 0.0001538401556899771
Epoch 867 Relative Error 0.00012151267583249137
Epoch 868 Relative Error 0.00013558509817812592
Epoch 869 Relative Error 0.00015933846589177847
Epoch 870 Relative Error 0.00013989485159981996
Epoch 871 Relative Error 0.00010478431795490906
Epoch 872 Relative Error 0.00010136168566532433
Epoch 873 Relative Error 0.00011747468670364469
Epoch 874 Relative Error 0.0001196765442728065
Epoch 875 Relative Error 0.00012864501331932843
Epoch 876 Relative Error 0.00013390441017691046
Epoch 877 Relative Error 0.00013062245852779597
Epoch 878 Relative Error 0.00013197530643083155
Epoch 879 Relative Error 0.0001624212454771623
Epoch 880 Relative Error 0.00015647354302927852
Epoch 881 Relative Error 0.00015120704483706504
Epoch 882 Relative Error 0.00016802467871457338
Epoch 883 Relative Error 0.00016560294898226857
Epoch 884 Relative Error 0.0001712342636892572
Epoch 885 Relative Error 0.00020191207295283675
Epoch 886 Relative Error 0.0002077878889394924
Epoch 887 Relative Error 0.00019711836648639292
Epoch 888 Relative Error 0.0002188634971389547
Epoch 889 Relative Error 0.0002337330806767568
Epoch 890 Relative Error 0.0002003881527343765
Epoch 891 Relative Error 0.00019592086027842015
Epoch 892 Relative Error 0.00017823059170041233
Epoch 893 Relative Error 0.00022624133271165192
Epoch 894 Relative Error 0.0001834218855947256
Epoch 895 Relative Error 0.0001951294980244711
Epoch 896 Relative Error 0.00016608131409157068
Epoch 897 Relative Error 0.0001626527082407847
Epoch 898 Relative Error 0.0002065448061330244
Epoch 899 Relative Error 0.00022877279843669385
Epoch 900 Relative Error 0.00019847590010613203
Epoch 901 Relative Error 0.00023545892327092588
Epoch 902 Relative Error 0.0001429972326150164
Epoch 903 Relative Error 0.00017601328727323562
Epoch 904 Relative Error 0.0002332904696231708
Epoch 905 Relative Error 0.00021523944451473653
Epoch 906 Relative Error 0.00021020020358264446
Epoch 907 Relative Error 0.0001789177767932415
Epoch 908 Relative Error 0.00017816966283135116
Epoch 909 Relative Error 0.00023371954739559442
Epoch 910 Relative Error 0.00020663779287133366
Epoch 911 Relative Error 0.0001784946653060615
Epoch 912 Relative Error 0.00016751632210798562
Epoch 913 Relative Error 0.00013992366439197212
Epoch 914 Relative Error 0.00020250519446562976
Epoch 915 Relative Error 0.00016446501831524074
Epoch 916 Relative Error 0.00014891645696479827
Epoch 917 Relative Error 0.0001451783609809354
Epoch 918 Relative Error 0.00011716298467945307
Epoch 919 Relative Error 0.00016432518896181136
Epoch 920 Relative Error 0.00014884817937854677
Epoch 921 Relative Error 0.00016743745072744787
Epoch 922 Relative Error 0.00017079574172385037
Epoch 923 Relative Error 0.00012282011448405683
Epoch 924 Relative Error 0.00014160515274852514
Epoch 925 Relative Error 0.0001490419963374734
Epoch 926 Relative Error 0.00016135913028847426
Epoch 927 Relative Error 0.00011963830911554396
Epoch 928 Relative Error 0.00011826358968392015
Epoch 929 Relative Error 0.0001228286128025502
Epoch 930 Relative Error 0.00011415864719310775
Epoch 931 Relative Error 0.00010406984074506909
Epoch 932 Relative Error 9.998033056035638e-05
Epoch 933 Relative Error 0.00011614560207817703
Epoch 934 Relative Error 0.00015690726286266
Epoch 935 Relative Error 0.00012803149002138525
Epoch 936 Relative Error 0.00014960546104703099
Epoch 937 Relative Error 0.000173690976225771
Epoch 938 Relative Error 0.00019904541841242462
Epoch 939 Relative Error 0.00017818137712311
Epoch 940 Relative Error 0.0002089845365844667
Epoch 941 Relative Error 0.0002585903275758028
Epoch 942 Relative Error 0.00024713436141610146
Epoch 943 Relative Error 0.00022009511303622276
Epoch 944 Relative Error 0.0002591447264421731
Epoch 945 Relative Error 0.00028593724709935486
Epoch 946 Relative Error 0.00033465554588474333
Epoch 947 Relative Error 0.0002717775641940534
Epoch 948 Relative Error 0.0002553215599618852
Epoch 949 Relative Error 0.00023165369930211455
Epoch 950 Relative Error 0.0002878755040001124
Epoch 951 Relative Error 0.0002654840936884284
Epoch 952 Relative Error 0.00020154858066234738
Epoch 953 Relative Error 0.00024751105229370296
Epoch 954 Relative Error 0.00024142814800143242
Epoch 955 Relative Error 0.0001946707343449816
Epoch 956 Relative Error 0.00022267161693889648
Epoch 957 Relative Error 0.00020827724074479192
Epoch 958 Relative Error 0.00015375939256045967
Epoch 959 Relative Error 0.00016057259927038103
Epoch 960 Relative Error 0.00012831928324885666
Epoch 961 Relative Error 0.0001554676127852872
Epoch 962 Relative Error 0.00012023131421301514
Epoch 963 Relative Error 0.00014074744831304997
Epoch 964 Relative Error 0.00014470762107521296
Epoch 965 Relative Error 0.0001284758618567139
Epoch 966 Relative Error 0.00013868055248167366
Epoch 967 Relative Error 0.00016157551726792008
Epoch 968 Relative Error 0.00013049354311078787
Epoch 969 Relative Error 0.00019843803602270782
Epoch 970 Relative Error 0.00013330999354366213
Epoch 971 Relative Error 0.00015567107766401023
Epoch 972 Relative Error 0.0001224265870405361
Epoch 973 Relative Error 0.00011971633648499846
Epoch 974 Relative Error 0.0001556321221869439
Epoch 975 Relative Error 0.0001509197027189657
Epoch 976 Relative Error 0.00013790297089144588
Epoch 977 Relative Error 0.0001423810317646712
Epoch 978 Relative Error 0.0001258785487152636
Epoch 979 Relative Error 0.00012759515084326267
Epoch 980 Relative Error 0.0001377818698529154
Epoch 981 Relative Error 0.0001542397221783176
Epoch 982 Relative Error 0.00014988692419137806
Epoch 983 Relative Error 0.00012816570233553648
Epoch 984 Relative Error 0.0001251798530574888
Epoch 985 Relative Error 0.0001519567013019696
Epoch 986 Relative Error 0.00013353193935472518
Epoch 987 Relative Error 0.0001407517265761271
Epoch 988 Relative Error 0.00012588022218551487
Epoch 989 Relative Error 0.00013788894284516573
Epoch 990 Relative Error 0.00015126093057915568
Epoch 991 Relative Error 0.00015984560013748705
Epoch 992 Relative Error 0.00014722810010425746
Epoch 993 Relative Error 0.00015286040434148163
Epoch 994 Relative Error 0.00016786373453214765
Epoch 995 Relative Error 0.00016279134433716536
Epoch 996 Relative Error 0.00018936459673568606
Epoch 997 Relative Error 0.00016778885037638247
Epoch 998 Relative Error 0.00021775691129732877
Epoch 999 Relative Error 0.00021323889086488634
Epoch 1000 Relative Error 0.00017458682123105973
RE (1, 1, 2, 0): 9.959009912563488e-05
Green's Function RE (1, 1, 2, 0): 0.9844905138015747
Bias Term RE (1, 1, 2, 0): 0.8997756838798523
Combination (1, 1, 2, 0, 0): 0.974707305431366
Combination (1, 1, 2, 0, 1): 0.9754553437232971
Combination (1, 1, 2, 0, 2): 0.9757108092308044
Combination (1, 1, 2, 0, 3): 0.9757976531982422
Combination (1, 1, 2, 0, 4): 0.9758409857749939

/home/gridsan/gstepaniants/.local/lib/python3.8/site-packages/torch/functional.py:478: UserWarning: torch.meshgrid: in an upcoming release, it will be required to pass the indexing argument. (Triggered internally at  ../aten/src/ATen/native/TensorShape.cpp:2895.)
  return _VF.meshgrid(tensors, **kwargs)  # type: ignore[attr-defined]
