[KeOps] Warning : Cuda libraries were not detected on the system ; using cpu only mode
1
Kernel: Exponential
Weight Mesh: 70
RKHS Kernel Width: 0.006
Lambda: 1e-06
Green's Function Learning Rate: 100
Bias Term Learning Rate: 100
Epoch 1 Relative Error 1180.4127197265625
First epoch had re = 1180.4127197265625 > 1
Green's Function Learning Rate: 50
Bias Term Learning Rate: 50
Epoch 1 Relative Error 415.7836608886719
First epoch had re = 415.7836608886719 > 1
Green's Function Learning Rate: 10
Bias Term Learning Rate: 10
Epoch 1 Relative Error 87.03396606445312
First epoch had re = 87.03396606445312 > 1
Green's Function Learning Rate: 5
Bias Term Learning Rate: 5
Epoch 1 Relative Error 54.69413757324219
First epoch had re = 54.69413757324219 > 1
Green's Function Learning Rate: 1
Bias Term Learning Rate: 1
Epoch 1 Relative Error 6.909041404724121
First epoch had re = 6.909041404724121 > 1
Green's Function Learning Rate: 0.5
Bias Term Learning Rate: 0.5
Epoch 1 Relative Error 4.908824920654297
First epoch had re = 4.908824920654297 > 1
Green's Function Learning Rate: 0.1
Bias Term Learning Rate: 0.1
Epoch 1 Relative Error 1.0273983478546143
First epoch had re = 1.0273983478546143 > 1
Green's Function Learning Rate: 0.05
Bias Term Learning Rate: 0.05
Epoch 1 Relative Error 0.586988627910614
Epoch 2 Relative Error 0.5979681611061096
Epoch 3 Relative Error 0.5162216424942017
Epoch 4 Relative Error 0.3826610743999481
Epoch 5 Relative Error 0.3480220139026642
Epoch 6 Relative Error 0.26981568336486816
Epoch 7 Relative Error 0.19707204401493073
Epoch 8 Relative Error 0.18962706625461578
Epoch 9 Relative Error 0.12436950206756592
Epoch 10 Relative Error 0.11128666251897812
Epoch 11 Relative Error 0.08256611973047256
Epoch 12 Relative Error 0.06600183993577957
Epoch 13 Relative Error 0.05378636345267296
Epoch 14 Relative Error 0.03564053773880005
Epoch 15 Relative Error 0.029546909034252167
Epoch 16 Relative Error 0.025083739310503006
Epoch 17 Relative Error 0.020884498953819275
Epoch 18 Relative Error 0.016257602721452713
Epoch 19 Relative Error 0.013067223131656647
Epoch 20 Relative Error 0.00978060718625784
Epoch 21 Relative Error 0.007768205367028713
Epoch 22 Relative Error 0.0066841477528214455
Epoch 23 Relative Error 0.005574380047619343
Epoch 24 Relative Error 0.004534593317657709
Epoch 25 Relative Error 0.003936052788048983
Epoch 26 Relative Error 0.0032054714392870665
Epoch 27 Relative Error 0.0025758235715329647
Epoch 28 Relative Error 0.002295452170073986
Epoch 29 Relative Error 0.001963360933586955
Epoch 30 Relative Error 0.001878181705251336
Epoch 31 Relative Error 0.001624234369955957
Epoch 32 Relative Error 0.0015178860630840063
Epoch 33 Relative Error 0.0013354745460674167
Epoch 34 Relative Error 0.0013260985724627972
Epoch 35 Relative Error 0.001223472529090941
Epoch 36 Relative Error 0.0011698170565068722
Epoch 37 Relative Error 0.0010956268524751067
Epoch 38 Relative Error 0.0010786454658955336
Epoch 39 Relative Error 0.0010173703776672482
Epoch 40 Relative Error 0.0010060538770630956
Epoch 41 Relative Error 0.0009551389957778156
Epoch 42 Relative Error 0.0009584140498191118
Epoch 43 Relative Error 0.000907951791305095
Epoch 44 Relative Error 0.0009074130211956799
Epoch 45 Relative Error 0.0008602673769928515
Epoch 46 Relative Error 0.000893517688382417
Epoch 47 Relative Error 0.000830482633318752
Epoch 48 Relative Error 0.0008089257753454149
Epoch 49 Relative Error 0.0008349865674972534
Epoch 50 Relative Error 0.0007713473751209676
Epoch 51 Relative Error 0.0008378474158234894
Epoch 52 Relative Error 0.0007533763418905437
Epoch 53 Relative Error 0.000776077329646796
Epoch 54 Relative Error 0.0007240673876367509
Epoch 55 Relative Error 0.0007217492093332112
Epoch 56 Relative Error 0.0007273657829500735
Epoch 57 Relative Error 0.0006852707592770457
Epoch 58 Relative Error 0.000707461906131357
Epoch 59 Relative Error 0.0006497627473436296
Epoch 60 Relative Error 0.0006737723015248775
Epoch 61 Relative Error 0.0006571410922333598
Epoch 62 Relative Error 0.0006340187974274158
Epoch 63 Relative Error 0.0006635623867623508
Epoch 64 Relative Error 0.0006172450957819819
Epoch 65 Relative Error 0.0006260244408622384
Epoch 66 Relative Error 0.0006007462507113814
Epoch 67 Relative Error 0.0006070937961339951
Epoch 68 Relative Error 0.0006014480022713542
Epoch 69 Relative Error 0.0005770385614596307
Epoch 70 Relative Error 0.0006023498135618865
Epoch 71 Relative Error 0.0005722478381358087
Epoch 72 Relative Error 0.0006199536146596074
Epoch 73 Relative Error 0.0005576965631917119
Epoch 74 Relative Error 0.0005618967115879059
Epoch 75 Relative Error 0.0005349202547222376
Epoch 76 Relative Error 0.0005440359236672521
Epoch 77 Relative Error 0.0005240835598669946
Epoch 78 Relative Error 0.0005241796607151628
Epoch 79 Relative Error 0.000518905755598098
Epoch 80 Relative Error 0.0005122634465806186
Epoch 81 Relative Error 0.0004893286968581378
Epoch 82 Relative Error 0.0004777864378411323
Epoch 83 Relative Error 0.0004823082417715341
Epoch 84 Relative Error 0.0004856556770391762
Epoch 85 Relative Error 0.00045853943447582424
Epoch 86 Relative Error 0.0004757150309160352
Epoch 87 Relative Error 0.0004589476156979799
Epoch 88 Relative Error 0.00045434842468239367
Epoch 89 Relative Error 0.0004439604817889631
Epoch 90 Relative Error 0.000444396078819409
Epoch 91 Relative Error 0.00044321169843897223
Epoch 92 Relative Error 0.0004232786886859685
Epoch 93 Relative Error 0.0004414549330249429
Epoch 94 Relative Error 0.0004182879056315869
Epoch 95 Relative Error 0.0004582443507388234
Epoch 96 Relative Error 0.00041849029366858304
Epoch 97 Relative Error 0.00045476059312932193
Epoch 98 Relative Error 0.0004154388152528554
Epoch 99 Relative Error 0.00039000037941150367
Epoch 100 Relative Error 0.00041894608875736594
Epoch 101 Relative Error 0.00039181203464977443
Epoch 102 Relative Error 0.0004024094669148326
Epoch 103 Relative Error 0.00038409375702030957
Epoch 104 Relative Error 0.00038836320163682103
Epoch 105 Relative Error 0.00039662772906012833
Epoch 106 Relative Error 0.0003886277263518423
Epoch 107 Relative Error 0.00039828874287195504
Epoch 108 Relative Error 0.00035395403392612934
Epoch 109 Relative Error 0.000372234993847087
Epoch 110 Relative Error 0.00037491414695978165
Epoch 111 Relative Error 0.00037028142833150923
Epoch 112 Relative Error 0.00037885698839090765
Epoch 113 Relative Error 0.00039267915417440236
Epoch 114 Relative Error 0.0003385021409485489
Epoch 115 Relative Error 0.0004147047293372452
Epoch 116 Relative Error 0.0003546763036865741
Epoch 117 Relative Error 0.00035339087480679154
Epoch 118 Relative Error 0.0003640087670646608
Epoch 119 Relative Error 0.00037699323729611933
Epoch 120 Relative Error 0.0003738678351510316
Epoch 121 Relative Error 0.00036711141001433134
Epoch 122 Relative Error 0.0003629468264989555
Epoch 123 Relative Error 0.00034564724774099886
Epoch 124 Relative Error 0.00033551317756064236
Epoch 125 Relative Error 0.000333698553731665
Epoch 126 Relative Error 0.00037126950337551534
Epoch 127 Relative Error 0.00031208054861053824
Epoch 128 Relative Error 0.00037861691089347005
Epoch 129 Relative Error 0.00031800282886251807
Epoch 130 Relative Error 0.0003363510186318308
Epoch 131 Relative Error 0.0002984456077683717
Epoch 132 Relative Error 0.0003243235987611115
Epoch 133 Relative Error 0.00031057640444487333
Epoch 134 Relative Error 0.00033725445973686874
Epoch 135 Relative Error 0.0003175917954649776
Epoch 136 Relative Error 0.00031290753395296633
Epoch 137 Relative Error 0.000302664382616058
Epoch 138 Relative Error 0.0003359798574820161
Epoch 139 Relative Error 0.0003240496153011918
Epoch 140 Relative Error 0.00029310505487956107
Epoch 141 Relative Error 0.0003494621778372675
Epoch 142 Relative Error 0.00032731061219237745
Epoch 143 Relative Error 0.00034133667941205204
Epoch 144 Relative Error 0.00030752929160371423
Epoch 145 Relative Error 0.00034765576128847897
Epoch 146 Relative Error 0.0003410174394957721
Epoch 147 Relative Error 0.0003083715564571321
Epoch 148 Relative Error 0.00033939906279556453
Epoch 149 Relative Error 0.00035293420660309494
Epoch 150 Relative Error 0.0003456806589383632
Epoch 151 Relative Error 0.00034988202969543636
Epoch 152 Relative Error 0.0002972066286019981
Epoch 153 Relative Error 0.0003542055783327669
Epoch 154 Relative Error 0.0003010846849065274
Epoch 155 Relative Error 0.00029367435490712523
Epoch 156 Relative Error 0.000302566826576367
Epoch 157 Relative Error 0.0003136771556455642
Epoch 158 Relative Error 0.00030129007063806057
Epoch 159 Relative Error 0.00030007329769432545
Epoch 160 Relative Error 0.00032849531271494925
Epoch 161 Relative Error 0.00027871454949490726
Epoch 162 Relative Error 0.0003472747339401394
Epoch 163 Relative Error 0.0003037253627553582
Epoch 164 Relative Error 0.00035210757050663233
Epoch 165 Relative Error 0.00034837060957215726
Epoch 166 Relative Error 0.00035148649476468563
Epoch 167 Relative Error 0.0003821536374744028
Epoch 168 Relative Error 0.00031032561673782766
Epoch 169 Relative Error 0.0003102785558439791
Epoch 170 Relative Error 0.0003424214373808354
Epoch 171 Relative Error 0.00028095112065784633
Epoch 172 Relative Error 0.00029981377883814275
Epoch 173 Relative Error 0.0002802874078042805
Epoch 174 Relative Error 0.00028355614631436765
Epoch 175 Relative Error 0.0002866126305889338
Epoch 176 Relative Error 0.0003067479992751032
Epoch 177 Relative Error 0.0002822107926476747
Epoch 178 Relative Error 0.00027491236687637866
Epoch 179 Relative Error 0.0003007251361850649
Epoch 180 Relative Error 0.00029697298305109143
Epoch 181 Relative Error 0.00030167464865371585
Epoch 182 Relative Error 0.00028822323656640947
Epoch 183 Relative Error 0.00030705294921062887
Epoch 184 Relative Error 0.0002959014382213354
Epoch 185 Relative Error 0.0002971251087728888
Epoch 186 Relative Error 0.00033234627335332334
Epoch 187 Relative Error 0.00030999883892945945
Epoch 188 Relative Error 0.00027833087369799614
Epoch 189 Relative Error 0.00029743328923359513
Epoch 190 Relative Error 0.0002779462665785104
Epoch 191 Relative Error 0.0002941825950983912
Epoch 192 Relative Error 0.0003137991006951779
Epoch 193 Relative Error 0.00028143549570813775
Epoch 194 Relative Error 0.00033756240736693144
Epoch 195 Relative Error 0.00026711425743997097
Epoch 196 Relative Error 0.0002694248396437615
Epoch 197 Relative Error 0.0003235783660784364
Epoch 198 Relative Error 0.00025858686421997845
Epoch 199 Relative Error 0.00028203174588270485
Epoch 200 Relative Error 0.0002964571467600763
Epoch 201 Relative Error 0.00024227923131547868
Epoch 202 Relative Error 0.0003074310952797532
Epoch 203 Relative Error 0.00025909420219250023
Epoch 204 Relative Error 0.0003111937257926911
Epoch 205 Relative Error 0.00031728201429359615
Epoch 206 Relative Error 0.0002587081980891526
Epoch 207 Relative Error 0.0003017379203811288
Epoch 208 Relative Error 0.0002760640054475516
Epoch 209 Relative Error 0.0002549193741288036
Epoch 210 Relative Error 0.00028435923741199076
Epoch 211 Relative Error 0.00028972746804356575
Epoch 212 Relative Error 0.00035581382689997554
Epoch 213 Relative Error 0.0002868662413675338
Epoch 214 Relative Error 0.00038123613921925426
Epoch 215 Relative Error 0.000305627821944654
Epoch 216 Relative Error 0.00028711650520563126
Epoch 217 Relative Error 0.0002799860667437315
Epoch 218 Relative Error 0.00027163908816874027
Epoch 219 Relative Error 0.0003516657161526382
Epoch 220 Relative Error 0.0002937399549409747
Epoch 221 Relative Error 0.00031159434001892805
Epoch 222 Relative Error 0.00034212582977488637
Epoch 223 Relative Error 0.0002732904686126858
Epoch 224 Relative Error 0.00030194190912880003
Epoch 225 Relative Error 0.0003306967846583575
Epoch 226 Relative Error 0.0002901716798078269
Epoch 227 Relative Error 0.00030833680648356676
Epoch 228 Relative Error 0.00026889375294558704
Epoch 229 Relative Error 0.00029541735420934856
Epoch 230 Relative Error 0.00028106069657951593
Epoch 231 Relative Error 0.0002702669589780271
Epoch 232 Relative Error 0.0003168080293107778
Epoch 233 Relative Error 0.0002836085914168507
Epoch 234 Relative Error 0.0002614685508888215
Epoch 235 Relative Error 0.00030789306038059294
Epoch 236 Relative Error 0.000292366516077891
Epoch 237 Relative Error 0.0003330530889797956
Epoch 238 Relative Error 0.00029254835681058466
Epoch 239 Relative Error 0.0002942728460766375
Epoch 240 Relative Error 0.0002933609939645976
Epoch 241 Relative Error 0.00027322923415340483
Epoch 242 Relative Error 0.0003208610287401825
Epoch 243 Relative Error 0.0002612424432300031
Epoch 244 Relative Error 0.0003172089927829802
Epoch 245 Relative Error 0.0003004549362231046
Epoch 246 Relative Error 0.0002923848805949092
Epoch 247 Relative Error 0.0002842338290065527
Epoch 248 Relative Error 0.00032055392512120306
Epoch 249 Relative Error 0.0002947974135167897
Epoch 250 Relative Error 0.00031758376280777156
Epoch 251 Relative Error 0.00028616469353437424
Epoch 252 Relative Error 0.00027288743876852095
Epoch 253 Relative Error 0.0002911756164394319
Epoch 254 Relative Error 0.00030292177689261734
Epoch 255 Relative Error 0.0003152036224491894
Epoch 256 Relative Error 0.00028330666827969253
Epoch 257 Relative Error 0.0002953516668640077
Epoch 258 Relative Error 0.0002816861087922007
Epoch 259 Relative Error 0.00027373648481443524
Epoch 260 Relative Error 0.00036535714752972126
Epoch 261 Relative Error 0.0003079294110648334
Epoch 262 Relative Error 0.0002991124929394573
Epoch 263 Relative Error 0.00032943423138931394
Epoch 264 Relative Error 0.00033065417665056884
Epoch 265 Relative Error 0.00028098878101445735
Epoch 266 Relative Error 0.00030883480212651193
Epoch 267 Relative Error 0.0002740374766290188
Epoch 268 Relative Error 0.00030259130289778113
Epoch 269 Relative Error 0.00030367105500772595
Epoch 270 Relative Error 0.00028184644179418683
Epoch 271 Relative Error 0.00027798418886959553
Epoch 272 Relative Error 0.0002782969386316836
Epoch 273 Relative Error 0.0002771658473648131
Epoch 274 Relative Error 0.00024927742197178304
Epoch 275 Relative Error 0.00028155703330412507
Epoch 276 Relative Error 0.00026213517412543297
Epoch 277 Relative Error 0.0002822701062541455
Epoch 278 Relative Error 0.0002792040177155286
Epoch 279 Relative Error 0.0003173474397044629
Epoch 280 Relative Error 0.0002958486438728869
Epoch 281 Relative Error 0.0002643842017278075
Epoch 282 Relative Error 0.0002919766993727535
Epoch 283 Relative Error 0.00029220167198218405
Epoch 284 Relative Error 0.0002880645333789289
Epoch 285 Relative Error 0.0002994736423715949
Epoch 286 Relative Error 0.0002904047432821244
Epoch 287 Relative Error 0.00025003121118061244
Epoch 288 Relative Error 0.0002946562599390745
Epoch 289 Relative Error 0.0002461671829223633
Epoch 290 Relative Error 0.000288048991933465
Epoch 291 Relative Error 0.0002957285032607615
Epoch 292 Relative Error 0.0002936203090939671
Epoch 293 Relative Error 0.0002871749165933579
Epoch 294 Relative Error 0.0002783755771815777
Epoch 295 Relative Error 0.00029201226425357163
Epoch 296 Relative Error 0.0003364608564879745
Epoch 297 Relative Error 0.00029435812029987574
Epoch 298 Relative Error 0.0003061086463276297
Epoch 299 Relative Error 0.00026364965015091
Epoch 300 Relative Error 0.0003426124749239534
Epoch 301 Relative Error 0.00026380165945738554
Epoch 302 Relative Error 0.0002848526637535542
Epoch 303 Relative Error 0.0003038920112885535
Epoch 304 Relative Error 0.00023914111079648137
Epoch 305 Relative Error 0.00030090182553976774
Epoch 306 Relative Error 0.0002824125695042312
Epoch 307 Relative Error 0.000276995706371963
Epoch 308 Relative Error 0.00028614612529054284
Epoch 309 Relative Error 0.0003098484012298286
Epoch 310 Relative Error 0.0003232435556128621
Epoch 311 Relative Error 0.000339311285642907
Epoch 312 Relative Error 0.0004004359943792224
Epoch 313 Relative Error 0.00027332475292496383
Epoch 314 Relative Error 0.00032584191649220884
Epoch 315 Relative Error 0.0002848298172466457
Epoch 316 Relative Error 0.0002941630082204938
Epoch 317 Relative Error 0.00026063332916237414
Epoch 318 Relative Error 0.0002456936636008322
Epoch 319 Relative Error 0.0003232073213439435
Epoch 320 Relative Error 0.0002788838173728436
Epoch 321 Relative Error 0.00030837906524538994
Epoch 322 Relative Error 0.0002870488096959889
Epoch 323 Relative Error 0.0002517479588277638
Epoch 324 Relative Error 0.0002758807095233351
Epoch 325 Relative Error 0.0002962636644951999
Epoch 326 Relative Error 0.0003142715140711516
Epoch 327 Relative Error 0.00027984014013782144
Epoch 328 Relative Error 0.00031856552232056856
Epoch 329 Relative Error 0.0002758953778538853
Epoch 330 Relative Error 0.0002961647405754775
Epoch 331 Relative Error 0.00030164115014486015
Epoch 332 Relative Error 0.0002751624851953238
Epoch 333 Relative Error 0.0003018935676664114
Epoch 334 Relative Error 0.00026510696625337005
Epoch 335 Relative Error 0.00029405945679172873
Epoch 336 Relative Error 0.0002767150290310383
Epoch 337 Relative Error 0.0002922489948105067
Epoch 338 Relative Error 0.0002799068170133978
Epoch 339 Relative Error 0.0002672686823643744
Epoch 340 Relative Error 0.0002519742993172258
Epoch 341 Relative Error 0.0002717083552852273
Epoch 342 Relative Error 0.0002859662636183202
Epoch 343 Relative Error 0.0002602576860226691
Epoch 344 Relative Error 0.0002570085634943098
Epoch 345 Relative Error 0.00023205686011351645
Epoch 346 Relative Error 0.0003240831720177084
Epoch 347 Relative Error 0.0002947257016785443
Epoch 348 Relative Error 0.00032205283059738576
Epoch 349 Relative Error 0.0002590922813396901
Epoch 350 Relative Error 0.00034599151695147157
Epoch 351 Relative Error 0.00029426085529848933
Epoch 352 Relative Error 0.0002912814961746335
Epoch 353 Relative Error 0.00034136726753786206
Epoch 354 Relative Error 0.00025567086413502693
Epoch 355 Relative Error 0.00030025592423044145
Epoch 356 Relative Error 0.0003035792033188045
Epoch 357 Relative Error 0.00032230792567133904
Epoch 358 Relative Error 0.0003166866081301123
Epoch 359 Relative Error 0.0002918231475632638
Epoch 360 Relative Error 0.0002823095128405839
Epoch 361 Relative Error 0.0002938173711299896
Epoch 362 Relative Error 0.0002956524258479476
Epoch 363 Relative Error 0.00031518630567006767
Epoch 364 Relative Error 0.0002976458054035902
Epoch 365 Relative Error 0.00028950945124961436
Epoch 366 Relative Error 0.00030641062767244875
Epoch 367 Relative Error 0.0003453678800724447
Epoch 368 Relative Error 0.0003739933599717915
Epoch 369 Relative Error 0.0003441142034716904
Epoch 370 Relative Error 0.0002901694970205426
Epoch 371 Relative Error 0.0002793182502500713
Epoch 372 Relative Error 0.00029343899223022163
Epoch 373 Relative Error 0.00027136487187817693
Epoch 374 Relative Error 0.00029091720352880657
Epoch 375 Relative Error 0.0002772054576780647
Epoch 376 Relative Error 0.00032916126656346023
Epoch 377 Relative Error 0.00026947117294184864
Epoch 378 Relative Error 0.0003052754618693143
Epoch 379 Relative Error 0.0002784330281428993
Epoch 380 Relative Error 0.0003324580320622772
Epoch 381 Relative Error 0.0003290271561127156
Epoch 382 Relative Error 0.0003208987764082849
Epoch 383 Relative Error 0.00031201489036902785
Epoch 384 Relative Error 0.0002848685544449836
Epoch 385 Relative Error 0.0003036803682334721
Epoch 386 Relative Error 0.0002613362157717347
Epoch 387 Relative Error 0.0002614690747577697
Epoch 388 Relative Error 0.00026804511435329914
Epoch 389 Relative Error 0.0003197584592271596
Epoch 390 Relative Error 0.0002379467769060284
Epoch 391 Relative Error 0.0002845435228664428
Epoch 392 Relative Error 0.0003020245349034667
Epoch 393 Relative Error 0.0002864331763703376
Epoch 394 Relative Error 0.00026145525043830276
Epoch 395 Relative Error 0.0003064626071136445
Epoch 396 Relative Error 0.00028887641383334994
Epoch 397 Relative Error 0.00024795831996016204
Epoch 398 Relative Error 0.0003137434250675142
Epoch 399 Relative Error 0.0002880866813939065
Epoch 400 Relative Error 0.00029859779169782996
Epoch 401 Relative Error 0.0003075984423048794
Epoch 402 Relative Error 0.000247333780862391
Epoch 403 Relative Error 0.0002929143374785781
Epoch 404 Relative Error 0.0003269173903390765
Epoch 405 Relative Error 0.0002675893483683467
Epoch 406 Relative Error 0.00029037470812909305
Epoch 407 Relative Error 0.00026521191466599703
Epoch 408 Relative Error 0.00026779365725815296
Epoch 409 Relative Error 0.00028296737582422793
Epoch 410 Relative Error 0.00024168049276340753
Epoch 411 Relative Error 0.0002532358921598643
Epoch 412 Relative Error 0.00037261247052811086
Epoch 413 Relative Error 0.000306816742522642
Epoch 414 Relative Error 0.000305775145534426
Epoch 415 Relative Error 0.0003283018886577338
Epoch 416 Relative Error 0.00028409843798726797
Epoch 417 Relative Error 0.0002668635279405862
Epoch 418 Relative Error 0.00029521272517740726
Epoch 419 Relative Error 0.00025466736406087875
Epoch 420 Relative Error 0.00025779023417271674
Epoch 421 Relative Error 0.0003020630101673305
Epoch 422 Relative Error 0.0002900351828429848
Epoch 423 Relative Error 0.0002961417776532471
Epoch 424 Relative Error 0.00028528328402899206
Epoch 425 Relative Error 0.00025879868189804256
Epoch 426 Relative Error 0.0003328534367028624
Epoch 427 Relative Error 0.000281147105852142
Epoch 428 Relative Error 0.00037253863411024213
Epoch 429 Relative Error 0.00034297892125323415
Epoch 430 Relative Error 0.00032334987190552056
Epoch 431 Relative Error 0.00030708615668118
Epoch 432 Relative Error 0.0003164960944559425
Epoch 433 Relative Error 0.0003064393240492791
Epoch 434 Relative Error 0.00029496231582015753
Epoch 435 Relative Error 0.0003224340616725385
Epoch 436 Relative Error 0.0002788541023619473
Epoch 437 Relative Error 0.00028387169004417956
Epoch 438 Relative Error 0.00035373156424611807
Epoch 439 Relative Error 0.00032223027665168047
Epoch 440 Relative Error 0.0002873948833439499
Epoch 441 Relative Error 0.00031978596234694123
Epoch 442 Relative Error 0.0003273269103374332
Epoch 443 Relative Error 0.00024662434589117765
Epoch 444 Relative Error 0.00027834897628054023
Epoch 445 Relative Error 0.0002945656597148627
Epoch 446 Relative Error 0.0002702431520447135
Epoch 447 Relative Error 0.0003116521402262151
Epoch 448 Relative Error 0.00026400716160424054
Epoch 449 Relative Error 0.0002995869726873934
Epoch 450 Relative Error 0.0003271448949817568
Epoch 451 Relative Error 0.00029717551660723984
Epoch 452 Relative Error 0.0002933730138465762
Epoch 453 Relative Error 0.0002768312697298825
Epoch 454 Relative Error 0.00026722619077190757
Epoch 455 Relative Error 0.0002866245631594211
Epoch 456 Relative Error 0.0003150483826175332
Epoch 457 Relative Error 0.00031546890386380255
Epoch 458 Relative Error 0.00029607501346617937
Epoch 459 Relative Error 0.00025328723131679
Epoch 460 Relative Error 0.0002873910416383296
Epoch 461 Relative Error 0.00022893378627486527
Epoch 462 Relative Error 0.0003127743839286268
Epoch 463 Relative Error 0.00024240650236606598
Epoch 464 Relative Error 0.00027329157455824316
Epoch 465 Relative Error 0.0002926157903857529
Epoch 466 Relative Error 0.00026559250545687973
Epoch 467 Relative Error 0.00027442234568297863
Epoch 468 Relative Error 0.0003106533258687705
Epoch 469 Relative Error 0.000321826315484941
Epoch 470 Relative Error 0.0002658343582879752
Epoch 471 Relative Error 0.0002834354236256331
Epoch 472 Relative Error 0.00033583867480047047
Epoch 473 Relative Error 0.0002815046173054725
Epoch 474 Relative Error 0.00025335862301290035
Epoch 475 Relative Error 0.0002889938768930733
Epoch 476 Relative Error 0.00028263020794838667
Epoch 477 Relative Error 0.0002759148774202913
Epoch 478 Relative Error 0.00029237501439638436
Epoch 479 Relative Error 0.0002484946162439883
Epoch 480 Relative Error 0.00026037031784653664
Epoch 481 Relative Error 0.0003307275765109807
Epoch 482 Relative Error 0.0002590959193184972
Epoch 483 Relative Error 0.0003096216241829097
Epoch 484 Relative Error 0.00033355283085256815
Epoch 485 Relative Error 0.000282557331956923
Epoch 486 Relative Error 0.00031609865254722536
Epoch 487 Relative Error 0.000266759074293077
Epoch 488 Relative Error 0.0002538828703109175
Epoch 489 Relative Error 0.0002748750557657331
Epoch 490 Relative Error 0.0002933657087851316
Epoch 491 Relative Error 0.0002922871499322355
Epoch 492 Relative Error 0.00030839606188237667
Epoch 493 Relative Error 0.0003538384917192161
Epoch 494 Relative Error 0.00027056856197305024
Epoch 495 Relative Error 0.00025008220109157264
Epoch 496 Relative Error 0.00036018123500980437
Epoch 497 Relative Error 0.00025068336981348693
Epoch 498 Relative Error 0.00033926175092346966
Epoch 499 Relative Error 0.00032304064370691776
Epoch 500 Relative Error 0.00031148132984526455
Epoch 501 Relative Error 0.00029846798861399293
Epoch 502 Relative Error 0.0002913715725298971
Epoch 503 Relative Error 0.00026788748800754547
Epoch 504 Relative Error 0.0002667641965672374
Epoch 505 Relative Error 0.0002723381039686501
Epoch 506 Relative Error 0.0002535406965762377
Epoch 507 Relative Error 0.00032761465990915895
Epoch 508 Relative Error 0.0002891826443374157
Epoch 509 Relative Error 0.0003151032142341137
Epoch 510 Relative Error 0.0003502810432109982
Epoch 511 Relative Error 0.00034056781441904604
Epoch 512 Relative Error 0.00036677197203971446
Epoch 513 Relative Error 0.0003076926223002374
Epoch 514 Relative Error 0.00029558155802078545
Epoch 515 Relative Error 0.00028195540653541684
Epoch 516 Relative Error 0.00027451894129626453
Epoch 517 Relative Error 0.0003178416518494487
Epoch 518 Relative Error 0.00029720080783590674
Epoch 519 Relative Error 0.00026924803387373686
Epoch 520 Relative Error 0.00033189330133609474
Epoch 521 Relative Error 0.00027773037436418235
Epoch 522 Relative Error 0.0002831619349308312
Epoch 523 Relative Error 0.0002911622286774218
Epoch 524 Relative Error 0.00034903199411928654
Epoch 525 Relative Error 0.0003082770563196391
Epoch 526 Relative Error 0.00027128562214784324
Epoch 527 Relative Error 0.00026784284273162484
Epoch 528 Relative Error 0.00026650927611626685
Epoch 529 Relative Error 0.0002659650344867259
Epoch 530 Relative Error 0.00025681572151370347
Epoch 531 Relative Error 0.0003056551213376224
Epoch 532 Relative Error 0.000257156731095165
Epoch 533 Relative Error 0.0002735410525929183
Epoch 534 Relative Error 0.00031982644577510655
Epoch 535 Relative Error 0.0003307340375613421
Epoch 536 Relative Error 0.00029101085965521634
Epoch 537 Relative Error 0.0003332573687657714
Epoch 538 Relative Error 0.00027991196839138865
Epoch 539 Relative Error 0.0002654394193086773
Epoch 540 Relative Error 0.0002805726253427565
Epoch 541 Relative Error 0.00025500525953248143
Epoch 542 Relative Error 0.00028905842918902636
Epoch 543 Relative Error 0.0002365124673815444
Epoch 544 Relative Error 0.00028162848320789635
Epoch 545 Relative Error 0.00025845534401014447
Epoch 546 Relative Error 0.0002946289023384452
Epoch 547 Relative Error 0.0002833351609297097
Epoch 548 Relative Error 0.00024235315504483879
Epoch 549 Relative Error 0.00030484923627227545
Epoch 550 Relative Error 0.00030299185891635716
Epoch 551 Relative Error 0.0003723668633028865
Epoch 552 Relative Error 0.00028482903144322336
Epoch 553 Relative Error 0.00027581892209127545
Epoch 554 Relative Error 0.0003469177463557571
Epoch 555 Relative Error 0.00028288428438827395
Epoch 556 Relative Error 0.0002594858524389565
Epoch 557 Relative Error 0.00027981348102912307
Epoch 558 Relative Error 0.00027781465905718505
Epoch 559 Relative Error 0.00027680626953952014
Epoch 560 Relative Error 0.0002751802676357329
Epoch 561 Relative Error 0.0002629615773912519
Epoch 562 Relative Error 0.00034044557833112776
Epoch 563 Relative Error 0.0003414559178054333
Epoch 564 Relative Error 0.0003347861929796636
Epoch 565 Relative Error 0.0003236611373722553
Epoch 566 Relative Error 0.00028361278236843646
Epoch 567 Relative Error 0.00028126148390583694
Epoch 568 Relative Error 0.00031182781094685197
Epoch 569 Relative Error 0.00026255694683641195
Epoch 570 Relative Error 0.00028600962832570076
Epoch 571 Relative Error 0.0003247016866225749
Epoch 572 Relative Error 0.00024856062373146415
Epoch 573 Relative Error 0.0003399697598069906
Epoch 574 Relative Error 0.0003258563228882849
Epoch 575 Relative Error 0.0003140715998597443
Epoch 576 Relative Error 0.00031568025588057935
Epoch 577 Relative Error 0.00026596002862788737
Epoch 578 Relative Error 0.0003133795107714832
Epoch 579 Relative Error 0.00030594898271374404
Epoch 580 Relative Error 0.00038618978578597307
Epoch 581 Relative Error 0.0003316559595987201
Epoch 582 Relative Error 0.00025916160666383803
Epoch 583 Relative Error 0.0003571642155293375
Epoch 584 Relative Error 0.0003200035134796053
Epoch 585 Relative Error 0.0002694197464734316
Epoch 586 Relative Error 0.00026438632630743086
Epoch 587 Relative Error 0.00043077245936729014
Epoch 588 Relative Error 0.00030125892953947186
Epoch 589 Relative Error 0.00031998433405533433
Epoch 590 Relative Error 0.00033080263528972864
Epoch 591 Relative Error 0.000258718355325982
Epoch 592 Relative Error 0.0003598410985432565
Epoch 593 Relative Error 0.0002639046579133719
Epoch 594 Relative Error 0.0002974443486891687
Epoch 595 Relative Error 0.00026939655072055757
Epoch 596 Relative Error 0.0003240621299482882
Epoch 597 Relative Error 0.00025646801805123687
Epoch 598 Relative Error 0.00028936416492797434
Epoch 599 Relative Error 0.00028768720221705735
Epoch 600 Relative Error 0.00024450846831314266
Epoch 601 Relative Error 0.00028704365831799805
Epoch 602 Relative Error 0.0002870228490792215
Epoch 603 Relative Error 0.0002954287047032267
Epoch 604 Relative Error 0.0002305362286278978
Epoch 605 Relative Error 0.00027251848950982094
Epoch 606 Relative Error 0.0003213859745301306
Epoch 607 Relative Error 0.0002594834950286895
Epoch 608 Relative Error 0.00028619542717933655
Epoch 609 Relative Error 0.00025996589101850986
Epoch 610 Relative Error 0.0002552717924118042
Epoch 611 Relative Error 0.00031495103030465543
Epoch 612 Relative Error 0.0002528955228626728
Epoch 613 Relative Error 0.0002689630491659045
Epoch 614 Relative Error 0.00029259876464493573
Epoch 615 Relative Error 0.00027103532920591533
Epoch 616 Relative Error 0.00026750616962090135
Epoch 617 Relative Error 0.00035432892036624253
Epoch 618 Relative Error 0.00027318255160935223
Epoch 619 Relative Error 0.00032682614983059466
Epoch 620 Relative Error 0.00032767269294708967
Epoch 621 Relative Error 0.0003042126481886953
Epoch 622 Relative Error 0.0003373904328327626
Epoch 623 Relative Error 0.0002723288198467344
Epoch 624 Relative Error 0.0003347816818859428
Epoch 625 Relative Error 0.00032131641637533903
Epoch 626 Relative Error 0.00030370368040166795
Epoch 627 Relative Error 0.0003577793249860406
Epoch 628 Relative Error 0.0003453044919297099
Epoch 629 Relative Error 0.0003548507811501622
Epoch 630 Relative Error 0.0002775368338916451
Epoch 631 Relative Error 0.0003193771408405155
Epoch 632 Relative Error 0.0003268593573011458
Epoch 633 Relative Error 0.0003636007313616574
Epoch 634 Relative Error 0.0003484936023596674
Epoch 635 Relative Error 0.000299764855299145
Epoch 636 Relative Error 0.0003245155676268041
Epoch 637 Relative Error 0.00028251271578483284
Epoch 638 Relative Error 0.00030458232504315674
Epoch 639 Relative Error 0.00033358592190779746
Epoch 640 Relative Error 0.0003084019117522985
Epoch 641 Relative Error 0.000285898131551221
Epoch 642 Relative Error 0.00032572285272181034
Epoch 643 Relative Error 0.00027498340932652354
Epoch 644 Relative Error 0.0002877921797335148
Epoch 645 Relative Error 0.00030881911516189575
Epoch 646 Relative Error 0.00028277075034566224
Epoch 647 Relative Error 0.0002846001007128507
Epoch 648 Relative Error 0.0002587396593298763
Epoch 649 Relative Error 0.00026727892691269517
Epoch 650 Relative Error 0.00028238212689757347
Epoch 651 Relative Error 0.00027031757053919137
Epoch 652 Relative Error 0.0002914727956522256
Epoch 653 Relative Error 0.00025555165484547615
Epoch 654 Relative Error 0.0002825057599693537
Epoch 655 Relative Error 0.0002594077668618411
Epoch 656 Relative Error 0.00028055001166649163
Epoch 657 Relative Error 0.0002630396920721978
Epoch 658 Relative Error 0.00029107279260642827
Epoch 659 Relative Error 0.00031494873110204935
Epoch 660 Relative Error 0.0002585528127383441
Epoch 661 Relative Error 0.0002949404006358236
Epoch 662 Relative Error 0.0003053997061215341
Epoch 663 Relative Error 0.00029127104789949954
Epoch 664 Relative Error 0.0003562426136340946
Epoch 665 Relative Error 0.00031366446637548506
Epoch 666 Relative Error 0.00032922913669608533
Epoch 667 Relative Error 0.00031508668325841427
Epoch 668 Relative Error 0.0003207458066754043
Epoch 669 Relative Error 0.0002785477554425597
Epoch 670 Relative Error 0.00029237341368570924
Epoch 671 Relative Error 0.00032223816378973424
Epoch 672 Relative Error 0.0003035181143786758
Epoch 673 Relative Error 0.00030449798214249313
Epoch 674 Relative Error 0.0002610841183923185
Epoch 675 Relative Error 0.00029311911202967167
Epoch 676 Relative Error 0.00029931700555607677
Epoch 677 Relative Error 0.0002982287260238081
Epoch 678 Relative Error 0.00027947899070568383
Epoch 679 Relative Error 0.00029478626674972475
Epoch 680 Relative Error 0.00031920024775899947
Epoch 681 Relative Error 0.0003201546205673367
Epoch 682 Relative Error 0.0002596464764792472
Epoch 683 Relative Error 0.00029161106795072556
Epoch 684 Relative Error 0.00025506780366413295
Epoch 685 Relative Error 0.00029972277116030455
Epoch 686 Relative Error 0.00028994682361371815
Epoch 687 Relative Error 0.0003783821885008365
Epoch 688 Relative Error 0.00027637890889309347
Epoch 689 Relative Error 0.0002686937805265188
Epoch 690 Relative Error 0.00033645634539425373
Epoch 691 Relative Error 0.000276124628726393
Epoch 692 Relative Error 0.0002668024390004575
Epoch 693 Relative Error 0.00026519745006226003
Epoch 694 Relative Error 0.0002665648062247783
Epoch 695 Relative Error 0.0003421383735258132
Epoch 696 Relative Error 0.00030385120771825314
Epoch 697 Relative Error 0.00030986545607447624
Epoch 698 Relative Error 0.0002835225604940206
Epoch 699 Relative Error 0.0002708492102101445
Epoch 700 Relative Error 0.0002735659363679588
Epoch 701 Relative Error 0.000261577864876017
Epoch 702 Relative Error 0.0003070428210776299
Epoch 703 Relative Error 0.0002873378398362547
Epoch 704 Relative Error 0.0002847951836884022
Epoch 705 Relative Error 0.0003018535498995334
Epoch 706 Relative Error 0.00034389825304970145
Epoch 707 Relative Error 0.0003161383792757988
Epoch 708 Relative Error 0.0002842828107532114
Epoch 709 Relative Error 0.0003072829858865589
Epoch 710 Relative Error 0.0003036025445908308
Epoch 711 Relative Error 0.00030238914769142866
Epoch 712 Relative Error 0.000278040359262377
Epoch 713 Relative Error 0.0002582199522294104
Epoch 714 Relative Error 0.00025249665486626327
Epoch 715 Relative Error 0.00026879317010752857
Epoch 716 Relative Error 0.00029426388209685683
Epoch 717 Relative Error 0.00025253702187910676
Epoch 718 Relative Error 0.0003217117046006024
Epoch 719 Relative Error 0.0003234697214793414
Epoch 720 Relative Error 0.00027249057893641293
Epoch 721 Relative Error 0.0002900261024478823
Epoch 722 Relative Error 0.00031352255609817803
Epoch 723 Relative Error 0.00025583431124687195
Epoch 724 Relative Error 0.0002822215319611132
Epoch 725 Relative Error 0.00036126820486970246
Epoch 726 Relative Error 0.00028654077323153615
Epoch 727 Relative Error 0.00030618885648436844
Epoch 728 Relative Error 0.00029870180878788233
Epoch 729 Relative Error 0.00023873915779404342
Epoch 730 Relative Error 0.0003878125862684101
Epoch 731 Relative Error 0.00033127336064353585
Epoch 732 Relative Error 0.0002788535784929991
Epoch 733 Relative Error 0.00029238537536002696
Epoch 734 Relative Error 0.0002464784192852676
Epoch 735 Relative Error 0.00028099067276343703
Epoch 736 Relative Error 0.0002700078475754708
Epoch 737 Relative Error 0.00023503624834120274
Epoch 738 Relative Error 0.0002878631930798292
Epoch 739 Relative Error 0.0002894981298595667
Epoch 740 Relative Error 0.00030380862881429493
Epoch 741 Relative Error 0.0003136563755106181
Epoch 742 Relative Error 0.000332299416186288
Epoch 743 Relative Error 0.00036535834078677
Epoch 744 Relative Error 0.00032533658668398857
Epoch 745 Relative Error 0.0002997145347762853
Epoch 746 Relative Error 0.00029757843003608286
Epoch 747 Relative Error 0.00034786906326189637
Epoch 748 Relative Error 0.00035793587449006736
Epoch 749 Relative Error 0.0002561221190262586
Epoch 750 Relative Error 0.0003870701475534588
Epoch 751 Relative Error 0.0003222317318432033
Epoch 752 Relative Error 0.0003556206647772342
Epoch 753 Relative Error 0.00035372161073610187
Epoch 754 Relative Error 0.0003215049800928682
Epoch 755 Relative Error 0.0003100104513578117
Epoch 756 Relative Error 0.0002787443227134645
Epoch 757 Relative Error 0.0002746251702774316
Epoch 758 Relative Error 0.0002869936288334429
Epoch 759 Relative Error 0.00029051530873402953
Epoch 760 Relative Error 0.00027276104083284736
Epoch 761 Relative Error 0.0002814748731907457
Epoch 762 Relative Error 0.0002672036353033036
Epoch 763 Relative Error 0.00029231811640784144
Epoch 764 Relative Error 0.00029533079941757023
Epoch 765 Relative Error 0.0003260984958615154
Epoch 766 Relative Error 0.00028439477318897843
Epoch 767 Relative Error 0.0002708224637899548
Epoch 768 Relative Error 0.0003085242642555386
Epoch 769 Relative Error 0.00030480301938951015
Epoch 770 Relative Error 0.00033525185426697135
Epoch 771 Relative Error 0.0003149036783725023
Epoch 772 Relative Error 0.00033534664544276893
Epoch 773 Relative Error 0.00032213362283073366
Epoch 774 Relative Error 0.0002748975530266762
Epoch 775 Relative Error 0.00022611924214288592
Epoch 776 Relative Error 0.0003149530675727874
Epoch 777 Relative Error 0.00026422468363307416
Epoch 778 Relative Error 0.00027763520483858883
Epoch 779 Relative Error 0.00028598331846296787
Epoch 780 Relative Error 0.0003710384189616889
Epoch 781 Relative Error 0.00036331338924355805
Epoch 782 Relative Error 0.0003468861395958811
Epoch 783 Relative Error 0.0003308584273327142
Epoch 784 Relative Error 0.0002950623747892678
Epoch 785 Relative Error 0.0003197678888682276
Epoch 786 Relative Error 0.00028795996331609786
Epoch 787 Relative Error 0.0002679800381883979
Epoch 788 Relative Error 0.0002993075468111783
Epoch 789 Relative Error 0.00027617200976237655
Epoch 790 Relative Error 0.00032870337599888444
Epoch 791 Relative Error 0.00027334215701557696
Epoch 792 Relative Error 0.0002940577978733927
Epoch 793 Relative Error 0.00032412345171906054
Epoch 794 Relative Error 0.0002965597959700972
Epoch 795 Relative Error 0.0003360403934493661
Epoch 796 Relative Error 0.0003012164670508355
Epoch 797 Relative Error 0.00027878565015271306
Epoch 798 Relative Error 0.00035787775414064527
Epoch 799 Relative Error 0.0003552646958269179
Epoch 800 Relative Error 0.00033874649670906365
Epoch 801 Relative Error 0.0003834528033621609
Epoch 802 Relative Error 0.0002780089562293142
Epoch 803 Relative Error 0.0002620340674184263
Epoch 804 Relative Error 0.0003166358801536262
Epoch 805 Relative Error 0.00029954241472296417
Epoch 806 Relative Error 0.0002819566580001265
Epoch 807 Relative Error 0.00026884928229264915
Epoch 808 Relative Error 0.00029454752802848816
Epoch 809 Relative Error 0.00029673255630768836
Epoch 810 Relative Error 0.0002698893949855119
Epoch 811 Relative Error 0.00034144025994464755
Epoch 812 Relative Error 0.0003388191689737141
Epoch 813 Relative Error 0.0003265268460381776
Epoch 814 Relative Error 0.0003285062266513705
Epoch 815 Relative Error 0.00032832424039952457
Epoch 816 Relative Error 0.00034762374707497656
Epoch 817 Relative Error 0.0002890898031182587
Epoch 818 Relative Error 0.000265245558694005
Epoch 819 Relative Error 0.0003270113083999604
Epoch 820 Relative Error 0.0002649528323672712
Epoch 821 Relative Error 0.00033305425313301384
Epoch 822 Relative Error 0.0002769978018477559
Epoch 823 Relative Error 0.0003448102797847241
Epoch 824 Relative Error 0.00030404410790652037
Epoch 825 Relative Error 0.0003035636036656797
Epoch 826 Relative Error 0.0003123564238194376
Epoch 827 Relative Error 0.0003038393333554268
Epoch 828 Relative Error 0.000294068711809814
Epoch 829 Relative Error 0.000261255307123065
Epoch 830 Relative Error 0.00028458263841457665
Epoch 831 Relative Error 0.0002688783570192754
Epoch 832 Relative Error 0.00028051150729879737
Epoch 833 Relative Error 0.00028810760704800487
Epoch 834 Relative Error 0.0002873914781957865
Epoch 835 Relative Error 0.0002704804646782577
Epoch 836 Relative Error 0.0003089272358920425
Epoch 837 Relative Error 0.000277347193332389
Epoch 838 Relative Error 0.0002601384185254574
Epoch 839 Relative Error 0.0002794194151647389
Epoch 840 Relative Error 0.0002848762960638851
Epoch 841 Relative Error 0.00030947840423323214
Epoch 842 Relative Error 0.00029310662648640573
Epoch 843 Relative Error 0.00027584604686126113
Epoch 844 Relative Error 0.00027870998019352555
Epoch 845 Relative Error 0.00030171562684699893
Epoch 846 Relative Error 0.00030262270593084395
Epoch 847 Relative Error 0.0002495807711966336
Epoch 848 Relative Error 0.0003169283736497164
Epoch 849 Relative Error 0.00027685854001902044
Epoch 850 Relative Error 0.0002874857163988054
Epoch 851 Relative Error 0.00030343595426529646
Epoch 852 Relative Error 0.00030848331516608596
Epoch 853 Relative Error 0.000374487426597625
Epoch 854 Relative Error 0.0002565428148955107
Epoch 855 Relative Error 0.00029161054408177733
Epoch 856 Relative Error 0.0002979297423735261
Epoch 857 Relative Error 0.0002543381124269217
Epoch 858 Relative Error 0.0003020251460839063
Epoch 859 Relative Error 0.0002978648117277771
Epoch 860 Relative Error 0.0002930625050794333
Epoch 861 Relative Error 0.0002905096625909209
Epoch 862 Relative Error 0.00027033669175580144
Epoch 863 Relative Error 0.00029072820325382054
Epoch 864 Relative Error 0.0002650498354341835
Epoch 865 Relative Error 0.0002638856240082532
Epoch 866 Relative Error 0.00033208224340341985
Epoch 867 Relative Error 0.00028594350442290306
Epoch 868 Relative Error 0.0002767683763522655
Epoch 869 Relative Error 0.0003337165107950568
Epoch 870 Relative Error 0.00027651290292851627
Epoch 871 Relative Error 0.0003388731274753809
Epoch 872 Relative Error 0.0002899201645050198
Epoch 873 Relative Error 0.0003275682684034109
Epoch 874 Relative Error 0.0003410362405702472
Epoch 875 Relative Error 0.00030410895124077797
Epoch 876 Relative Error 0.0003107275697402656
Epoch 877 Relative Error 0.00030266298563219607
Epoch 878 Relative Error 0.00032689826912246644
Epoch 879 Relative Error 0.000353416457073763
Epoch 880 Relative Error 0.00026938473456539214
Epoch 881 Relative Error 0.0002991100191138685
Epoch 882 Relative Error 0.0002766542893368751
Epoch 883 Relative Error 0.0003047490317840129
Epoch 884 Relative Error 0.0003109991957899183
Epoch 885 Relative Error 0.0002906591980718076
Epoch 886 Relative Error 0.00034260909887962043
Epoch 887 Relative Error 0.00028189647127874196
Epoch 888 Relative Error 0.00028565176762640476
Epoch 889 Relative Error 0.00031657100771553814
Epoch 890 Relative Error 0.000292331533273682
Epoch 891 Relative Error 0.00034309050533920527
Epoch 892 Relative Error 0.00027429405599832535
Epoch 893 Relative Error 0.00031031458638608456
Epoch 894 Relative Error 0.00030598233570344746
Epoch 895 Relative Error 0.0002644723863340914
Epoch 896 Relative Error 0.00026525097200646996
Epoch 897 Relative Error 0.00027051856159232557
Epoch 898 Relative Error 0.00026714749401435256
Epoch 899 Relative Error 0.00037809298373758793
Epoch 900 Relative Error 0.0003884104371536523
Epoch 901 Relative Error 0.0003615615132730454
Epoch 902 Relative Error 0.00043661470408551395
Epoch 903 Relative Error 0.0003221400547772646
Epoch 904 Relative Error 0.000353286974132061
Epoch 905 Relative Error 0.00033698443439789116
Epoch 906 Relative Error 0.00029884919058531523
Epoch 907 Relative Error 0.0003183582448400557
Epoch 908 Relative Error 0.00028230444877408445
Epoch 909 Relative Error 0.0003137248568236828
Epoch 910 Relative Error 0.00029410189017653465
Epoch 911 Relative Error 0.0003509780508466065
Epoch 912 Relative Error 0.0003683124959934503
Epoch 913 Relative Error 0.0003816730750259012
Epoch 914 Relative Error 0.0002862931287381798
Epoch 915 Relative Error 0.0003064498014282435
Epoch 916 Relative Error 0.0003416271647438407
Epoch 917 Relative Error 0.00034413780667819083
Epoch 918 Relative Error 0.00028785454924218357
Epoch 919 Relative Error 0.000291686097625643
Epoch 920 Relative Error 0.0002838578075170517
Epoch 921 Relative Error 0.00029186345636844635
Epoch 922 Relative Error 0.00030242069624364376
Epoch 923 Relative Error 0.0002655374410096556
Epoch 924 Relative Error 0.0003008613712154329
Epoch 925 Relative Error 0.0003261847887188196
Epoch 926 Relative Error 0.0002821273519657552
Epoch 927 Relative Error 0.0003142213390674442
Epoch 928 Relative Error 0.0003509470261633396
Epoch 929 Relative Error 0.0003353354404680431
Epoch 930 Relative Error 0.000252454454312101
Epoch 931 Relative Error 0.0003037102578673512
Epoch 932 Relative Error 0.00036799273220822215
Epoch 933 Relative Error 0.00028269292670302093
Epoch 934 Relative Error 0.0003055980778299272
Epoch 935 Relative Error 0.00027414612122811377
Epoch 936 Relative Error 0.0003288198495283723
Epoch 937 Relative Error 0.00029529372113756835
Epoch 938 Relative Error 0.0002780249051284045
Epoch 939 Relative Error 0.00030245407833717763
Epoch 940 Relative Error 0.0003331037296447903
Epoch 941 Relative Error 0.0003115632280241698
Epoch 942 Relative Error 0.0003039933508262038
Epoch 943 Relative Error 0.0002901464467868209
Epoch 944 Relative Error 0.00032786960946395993
Epoch 945 Relative Error 0.00043010045192204416
Epoch 946 Relative Error 0.00033746586996130645
Epoch 947 Relative Error 0.0002964733575936407
Epoch 948 Relative Error 0.000321869709296152
Epoch 949 Relative Error 0.00033282721415162086
Epoch 950 Relative Error 0.00030765478732064366
Epoch 951 Relative Error 0.00031293020583689213
Epoch 952 Relative Error 0.0003017139679286629
Epoch 953 Relative Error 0.0002837020147126168
Epoch 954 Relative Error 0.00028782858862541616
Epoch 955 Relative Error 0.00030093471286818385
Epoch 956 Relative Error 0.00029482407262548804
Epoch 957 Relative Error 0.0003100565809290856
Epoch 958 Relative Error 0.0003015392576344311
Epoch 959 Relative Error 0.0002881903201341629
Epoch 960 Relative Error 0.00030764235998503864
Epoch 961 Relative Error 0.000273154437309131
Epoch 962 Relative Error 0.00029053923208266497
Epoch 963 Relative Error 0.0003005705657415092
Epoch 964 Relative Error 0.00024866440799087286
Epoch 965 Relative Error 0.0003244549734517932
Epoch 966 Relative Error 0.00027534656692296267
Epoch 967 Relative Error 0.00024506886256858706
Epoch 968 Relative Error 0.0002862504334188998
Epoch 969 Relative Error 0.00025360865402035415
Epoch 970 Relative Error 0.0002971851790789515
Epoch 971 Relative Error 0.0003183585940860212
Epoch 972 Relative Error 0.0003235671028960496
Epoch 973 Relative Error 0.00029162270948290825
Epoch 974 Relative Error 0.0003910677332896739
Epoch 975 Relative Error 0.0002723400539252907
Epoch 976 Relative Error 0.000301028456306085
Epoch 977 Relative Error 0.0003000165452249348
Epoch 978 Relative Error 0.00026590380002744496
Epoch 979 Relative Error 0.00028049328830093145
Epoch 980 Relative Error 0.0003007849445566535
Epoch 981 Relative Error 0.0002637647558003664
Epoch 982 Relative Error 0.000288710230961442
Epoch 983 Relative Error 0.00032162797288037837
Epoch 984 Relative Error 0.00030084812897257507
Epoch 985 Relative Error 0.00028330160421319306
Epoch 986 Relative Error 0.0002978535194415599
Epoch 987 Relative Error 0.00032436411129310727
Epoch 988 Relative Error 0.0003212055016774684
Epoch 989 Relative Error 0.00029850591090507805
Epoch 990 Relative Error 0.00027464114828035235
Epoch 991 Relative Error 0.00026671524392440915
Epoch 992 Relative Error 0.00030867301393300295
Epoch 993 Relative Error 0.00023886682174634188
Epoch 994 Relative Error 0.00029198374249972403
Epoch 995 Relative Error 0.00029403436928987503
Epoch 996 Relative Error 0.00026341635384596884
Epoch 997 Relative Error 0.0002881703549064696
Epoch 998 Relative Error 0.0003045675402972847
Epoch 999 Relative Error 0.0002933555515483022
Epoch 1000 Relative Error 0.00026745948707684875
RE (0, 6, 5, 0): 0.00022611924214288592
Green's Function RE (0, 6, 5, 0): 0.32207903265953064
Bias Term RE (0, 6, 5, 0): 0.3340778946876526
Combination (0, 6, 5, 0, 0): 0.3188389539718628
Combination (0, 6, 5, 0, 1): 0.31914377212524414
Combination (0, 6, 5, 0, 2): 0.3192376494407654
Combination (0, 6, 5, 0, 3): 0.3192683160305023
Combination (0, 6, 5, 0, 4): 0.31928256154060364

/home/gridsan/gstepaniants/.local/lib/python3.8/site-packages/torch/functional.py:478: UserWarning: torch.meshgrid: in an upcoming release, it will be required to pass the indexing argument. (Triggered internally at  ../aten/src/ATen/native/TensorShape.cpp:2895.)
  return _VF.meshgrid(tensors, **kwargs)  # type: ignore[attr-defined]
