[KeOps] Warning : Cuda libraries were not detected on the system ; using cpu only mode
1
Kernel: Exponential
Weight Mesh: 100
RKHS Kernel Width: 0.005
Lambda: 1e-06
Green's Function Learning Rate: 100
Bias Term Learning Rate: 100
Epoch 1 Relative Error 1209.1220703125
First epoch had re = 1209.1220703125 > 1
Green's Function Learning Rate: 50
Bias Term Learning Rate: 50
Epoch 1 Relative Error 576.4000854492188
First epoch had re = 576.4000854492188 > 1
Green's Function Learning Rate: 10
Bias Term Learning Rate: 10
Epoch 1 Relative Error 105.96978759765625
First epoch had re = 105.96978759765625 > 1
Green's Function Learning Rate: 5
Bias Term Learning Rate: 5
Epoch 1 Relative Error 53.77434158325195
First epoch had re = 53.77434158325195 > 1
Green's Function Learning Rate: 1
Bias Term Learning Rate: 1
Epoch 1 Relative Error 12.668730735778809
First epoch had re = 12.668730735778809 > 1
Green's Function Learning Rate: 0.5
Bias Term Learning Rate: 0.5
Epoch 1 Relative Error 4.149753093719482
First epoch had re = 4.149753093719482 > 1
Green's Function Learning Rate: 0.1
Bias Term Learning Rate: 0.1
Epoch 1 Relative Error 1.1194841861724854
First epoch had re = 1.1194841861724854 > 1
Green's Function Learning Rate: 0.05
Bias Term Learning Rate: 0.05
Epoch 1 Relative Error 0.7156046032905579
Epoch 2 Relative Error 0.6493059396743774
Epoch 3 Relative Error 0.49888068437576294
Epoch 4 Relative Error 0.44911107420921326
Epoch 5 Relative Error 0.3375217616558075
Epoch 6 Relative Error 0.27909335494041443
Epoch 7 Relative Error 0.1853683739900589
Epoch 8 Relative Error 0.17275434732437134
Epoch 9 Relative Error 0.11199455708265305
Epoch 10 Relative Error 0.09212018549442291
Epoch 11 Relative Error 0.08004618436098099
Epoch 12 Relative Error 0.05469340458512306
Epoch 13 Relative Error 0.04756326600909233
Epoch 14 Relative Error 0.03630536049604416
Epoch 15 Relative Error 0.026717711240053177
Epoch 16 Relative Error 0.024007556959986687
Epoch 17 Relative Error 0.018973127007484436
Epoch 18 Relative Error 0.014108644798398018
Epoch 19 Relative Error 0.011288468725979328
Epoch 20 Relative Error 0.009773618541657925
Epoch 21 Relative Error 0.007140723522752523
Epoch 22 Relative Error 0.006432292051613331
Epoch 23 Relative Error 0.005274677183479071
Epoch 24 Relative Error 0.004174414556473494
Epoch 25 Relative Error 0.003454022342339158
Epoch 26 Relative Error 0.0028638248331844807
Epoch 27 Relative Error 0.0025391411036252975
Epoch 28 Relative Error 0.002185352612286806
Epoch 29 Relative Error 0.0019718108233064413
Epoch 30 Relative Error 0.0017557962564751506
Epoch 31 Relative Error 0.0016542731318622828
Epoch 32 Relative Error 0.001567416125908494
Epoch 33 Relative Error 0.0015026091132313013
Epoch 34 Relative Error 0.001393127953633666
Epoch 35 Relative Error 0.001353879808448255
Epoch 36 Relative Error 0.001284638768993318
Epoch 37 Relative Error 0.0012698190985247493
Epoch 38 Relative Error 0.0011811894364655018
Epoch 39 Relative Error 0.0011940206168219447
Epoch 40 Relative Error 0.001145188114605844
Epoch 41 Relative Error 0.0011023622937500477
Epoch 42 Relative Error 0.0010635815560817719
Epoch 43 Relative Error 0.0010750129586085677
Epoch 44 Relative Error 0.0010182239348068833
Epoch 45 Relative Error 0.0009936169954016805
Epoch 46 Relative Error 0.0009624888771213591
Epoch 47 Relative Error 0.0009836484678089619
Epoch 48 Relative Error 0.000929111207369715
Epoch 49 Relative Error 0.0009462771704420447
Epoch 50 Relative Error 0.0009197252220474184
Epoch 51 Relative Error 0.0009428974590264261
Epoch 52 Relative Error 0.0008818474016152322
Epoch 53 Relative Error 0.0009021588484756649
Epoch 54 Relative Error 0.0008440872188657522
Epoch 55 Relative Error 0.0008297647000290453
Epoch 56 Relative Error 0.0007961265509948134
Epoch 57 Relative Error 0.0008255004649981856
Epoch 58 Relative Error 0.0007852202979847789
Epoch 59 Relative Error 0.0007659139228053391
Epoch 60 Relative Error 0.0007702720467932522
Epoch 61 Relative Error 0.000756085617467761
Epoch 62 Relative Error 0.0007095494074746966
Epoch 63 Relative Error 0.0007653436623513699
Epoch 64 Relative Error 0.0007183026755228639
Epoch 65 Relative Error 0.0007077482296153903
Epoch 66 Relative Error 0.0007116870256140828
Epoch 67 Relative Error 0.0006933080730959773
Epoch 68 Relative Error 0.0006901617744006217
Epoch 69 Relative Error 0.0007059258641675115
Epoch 70 Relative Error 0.0006578023894689977
Epoch 71 Relative Error 0.0006555693107657135
Epoch 72 Relative Error 0.0006568114622496068
Epoch 73 Relative Error 0.0006502023315988481
Epoch 74 Relative Error 0.0006353510543704033
Epoch 75 Relative Error 0.0006339038372971117
Epoch 76 Relative Error 0.0006120759644545615
Epoch 77 Relative Error 0.0006108225788921118
Epoch 78 Relative Error 0.000634586438536644
Epoch 79 Relative Error 0.0005909826722927392
Epoch 80 Relative Error 0.00058660504873842
Epoch 81 Relative Error 0.0006217704503796995
Epoch 82 Relative Error 0.0005704844952560961
Epoch 83 Relative Error 0.0005703438073396683
Epoch 84 Relative Error 0.0006481210584752262
Epoch 85 Relative Error 0.0006183054647408426
Epoch 86 Relative Error 0.000561877153813839
Epoch 87 Relative Error 0.000570592237636447
Epoch 88 Relative Error 0.0006302043912000954
Epoch 89 Relative Error 0.0005468148156069219
Epoch 90 Relative Error 0.0005726493545807898
Epoch 91 Relative Error 0.000584614637773484
Epoch 92 Relative Error 0.0005574367824010551
Epoch 93 Relative Error 0.0005626788479276001
Epoch 94 Relative Error 0.0005292658461257815
Epoch 95 Relative Error 0.0005194927798584104
Epoch 96 Relative Error 0.0005413704202510417
Epoch 97 Relative Error 0.0005029577296227217
Epoch 98 Relative Error 0.0005225695203989744
Epoch 99 Relative Error 0.000512492551933974
Epoch 100 Relative Error 0.0005080259870737791
Epoch 101 Relative Error 0.0004947828711010516
Epoch 102 Relative Error 0.0004936273908242583
Epoch 103 Relative Error 0.0005148350028321147
Epoch 104 Relative Error 0.000508515106048435
Epoch 105 Relative Error 0.00048195067211054265
Epoch 106 Relative Error 0.0005043043056502938
Epoch 107 Relative Error 0.0004855160368606448
Epoch 108 Relative Error 0.0005230747046880424
Epoch 109 Relative Error 0.00048511760542169213
Epoch 110 Relative Error 0.0005139656132087111
Epoch 111 Relative Error 0.00047938249190337956
Epoch 112 Relative Error 0.00047196546802297235
Epoch 113 Relative Error 0.0004687321779783815
Epoch 114 Relative Error 0.00048006250290200114
Epoch 115 Relative Error 0.0004582387045957148
Epoch 116 Relative Error 0.0004921279032714665
Epoch 117 Relative Error 0.0004695463285315782
Epoch 118 Relative Error 0.00045117572881281376
Epoch 119 Relative Error 0.0004713789967354387
Epoch 120 Relative Error 0.0004526565899141133
Epoch 121 Relative Error 0.00046595974708907306
Epoch 122 Relative Error 0.0004480761126615107
Epoch 123 Relative Error 0.0004601098189596087
Epoch 124 Relative Error 0.00045156298438087106
Epoch 125 Relative Error 0.0004496732144616544
Epoch 126 Relative Error 0.00043819411075674
Epoch 127 Relative Error 0.00047277030535042286
Epoch 128 Relative Error 0.00043634051689878106
Epoch 129 Relative Error 0.0004726437327917665
Epoch 130 Relative Error 0.0004241383576299995
Epoch 131 Relative Error 0.00048235239228233695
Epoch 132 Relative Error 0.0004327542847022414
Epoch 133 Relative Error 0.0004462891083676368
Epoch 134 Relative Error 0.00045080139534547925
Epoch 135 Relative Error 0.0004660177801270038
Epoch 136 Relative Error 0.0004557216016110033
Epoch 137 Relative Error 0.0005202005268074572
Epoch 138 Relative Error 0.0004712986701633781
Epoch 139 Relative Error 0.00046818761620670557
Epoch 140 Relative Error 0.00046475158887915313
Epoch 141 Relative Error 0.00047241957508958876
Epoch 142 Relative Error 0.00043357163667678833
Epoch 143 Relative Error 0.0004360658931545913
Epoch 144 Relative Error 0.0004591798933688551
Epoch 145 Relative Error 0.00041279697325080633
Epoch 146 Relative Error 0.0004306165792513639
Epoch 147 Relative Error 0.0004167858569417149
Epoch 148 Relative Error 0.00044523252290673554
Epoch 149 Relative Error 0.00046030510566197336
Epoch 150 Relative Error 0.0004711858055088669
Epoch 151 Relative Error 0.00045934319496154785
Epoch 152 Relative Error 0.0004441488126758486
Epoch 153 Relative Error 0.00043547156383283436
Epoch 154 Relative Error 0.0004401923797558993
Epoch 155 Relative Error 0.00042750147986225784
Epoch 156 Relative Error 0.00042624410707503557
Epoch 157 Relative Error 0.0004133101901970804
Epoch 158 Relative Error 0.0004384935018606484
Epoch 159 Relative Error 0.000471500534331426
Epoch 160 Relative Error 0.0004899538471363485
Epoch 161 Relative Error 0.00043735254439525306
Epoch 162 Relative Error 0.0004932851297780871
Epoch 163 Relative Error 0.0005332051659934223
Epoch 164 Relative Error 0.00048200992750935256
Epoch 165 Relative Error 0.00041531832539476454
Epoch 166 Relative Error 0.00045135527034290135
Epoch 167 Relative Error 0.00043080412433482707
Epoch 168 Relative Error 0.0004827866214327514
Epoch 169 Relative Error 0.00043284971616230905
Epoch 170 Relative Error 0.00044529425213113427
Epoch 171 Relative Error 0.0004162767145317048
Epoch 172 Relative Error 0.0004537097120191902
Epoch 173 Relative Error 0.0004048857372254133
Epoch 174 Relative Error 0.0004304533649701625
Epoch 175 Relative Error 0.0004378544690553099
Epoch 176 Relative Error 0.0003998700703959912
Epoch 177 Relative Error 0.00043351645581424236
Epoch 178 Relative Error 0.00044929469004273415
Epoch 179 Relative Error 0.00041613742359913886
Epoch 180 Relative Error 0.0004891364951618016
Epoch 181 Relative Error 0.0004231342172715813
Epoch 182 Relative Error 0.00044531008461490273
Epoch 183 Relative Error 0.0005019304808229208
Epoch 184 Relative Error 0.0005268899258226156
Epoch 185 Relative Error 0.0004488524573389441
Epoch 186 Relative Error 0.00043966365046799183
Epoch 187 Relative Error 0.00044511130545288324
Epoch 188 Relative Error 0.0004564366245176643
Epoch 189 Relative Error 0.0005084038130007684
Epoch 190 Relative Error 0.0004536205669865012
Epoch 191 Relative Error 0.000439789000665769
Epoch 192 Relative Error 0.00046802483848296106
Epoch 193 Relative Error 0.0003937750298064202
Epoch 194 Relative Error 0.0004426682135090232
Epoch 195 Relative Error 0.000447481288574636
Epoch 196 Relative Error 0.00045148792560212314
Epoch 197 Relative Error 0.0004599991370923817
Epoch 198 Relative Error 0.0004803482152055949
Epoch 199 Relative Error 0.000437713460996747
Epoch 200 Relative Error 0.000485791388200596
Epoch 201 Relative Error 0.0005062301643192768
Epoch 202 Relative Error 0.0004702442674897611
Epoch 203 Relative Error 0.00046277904766611755
Epoch 204 Relative Error 0.0004416626470629126
Epoch 205 Relative Error 0.00047058702330105007
Epoch 206 Relative Error 0.0004449060361366719
Epoch 207 Relative Error 0.0004572712059598416
Epoch 208 Relative Error 0.00042733753798529506
Epoch 209 Relative Error 0.0004689983616117388
Epoch 210 Relative Error 0.00042314952588640153
Epoch 211 Relative Error 0.0004642759158741683
Epoch 212 Relative Error 0.00043967735837213695
Epoch 213 Relative Error 0.0004434841393958777
Epoch 214 Relative Error 0.00041573226917535067
Epoch 215 Relative Error 0.0004723352612927556
Epoch 216 Relative Error 0.0004374963173177093
Epoch 217 Relative Error 0.00044814235297963023
Epoch 218 Relative Error 0.00041920883813872933
Epoch 219 Relative Error 0.0004191843909211457
Epoch 220 Relative Error 0.00046759116230532527
Epoch 221 Relative Error 0.00043564560473896563
Epoch 222 Relative Error 0.0004285445320419967
Epoch 223 Relative Error 0.0004628359747584909
Epoch 224 Relative Error 0.0005057781818322837
Epoch 225 Relative Error 0.0004351516836322844
Epoch 226 Relative Error 0.0004408296081237495
Epoch 227 Relative Error 0.0004513809981290251
Epoch 228 Relative Error 0.000454061635537073
Epoch 229 Relative Error 0.0004750329244416207
Epoch 230 Relative Error 0.0004368555382825434
Epoch 231 Relative Error 0.0004225292941555381
Epoch 232 Relative Error 0.0004915656754747033
Epoch 233 Relative Error 0.00042957079131156206
Epoch 234 Relative Error 0.0004312045348342508
Epoch 235 Relative Error 0.0004367305082269013
Epoch 236 Relative Error 0.0004385650099720806
Epoch 237 Relative Error 0.00043328420724719763
Epoch 238 Relative Error 0.00043586117681115866
Epoch 239 Relative Error 0.00042667187517508864
Epoch 240 Relative Error 0.0004134736955165863
Epoch 241 Relative Error 0.00041436924948357046
Epoch 242 Relative Error 0.0004457939649000764
Epoch 243 Relative Error 0.0004681650025304407
Epoch 244 Relative Error 0.0004010261327493936
Epoch 245 Relative Error 0.00043753330828621984
Epoch 246 Relative Error 0.0003821331774815917
Epoch 247 Relative Error 0.00044230319326743484
Epoch 248 Relative Error 0.0003936415596399456
Epoch 249 Relative Error 0.00039981259033083916
Epoch 250 Relative Error 0.00043017513235099614
Epoch 251 Relative Error 0.00039250447298400104
Epoch 252 Relative Error 0.00044491139124147594
Epoch 253 Relative Error 0.000462330732261762
Epoch 254 Relative Error 0.00045502232387661934
Epoch 255 Relative Error 0.00042716876487247646
Epoch 256 Relative Error 0.0004624303546734154
Epoch 257 Relative Error 0.0003785649314522743
Epoch 258 Relative Error 0.00042245464283041656
Epoch 259 Relative Error 0.0004222126444801688
Epoch 260 Relative Error 0.0004265294410288334
Epoch 261 Relative Error 0.00041153441998176277
Epoch 262 Relative Error 0.00042949660564772785
Epoch 263 Relative Error 0.00039075594395399094
Epoch 264 Relative Error 0.00046776296221651137
Epoch 265 Relative Error 0.0003902023017872125
Epoch 266 Relative Error 0.00041562007390893996
Epoch 267 Relative Error 0.00046540037146769464
Epoch 268 Relative Error 0.00041795088327489793
Epoch 269 Relative Error 0.0004492869775276631
Epoch 270 Relative Error 0.0004103609244339168
Epoch 271 Relative Error 0.00042022656998597085
Epoch 272 Relative Error 0.00044798306771554053
Epoch 273 Relative Error 0.0004652367206290364
Epoch 274 Relative Error 0.0005410131998360157
Epoch 275 Relative Error 0.0004519096983131021
Epoch 276 Relative Error 0.0004789927916135639
Epoch 277 Relative Error 0.0004282484296709299
Epoch 278 Relative Error 0.0004834764695260674
Epoch 279 Relative Error 0.0005082740099169314
Epoch 280 Relative Error 0.0005005731945857406
Epoch 281 Relative Error 0.00046337186358869076
Epoch 282 Relative Error 0.00044599483953788877
Epoch 283 Relative Error 0.00043124493095092475
Epoch 284 Relative Error 0.00043091317638754845
Epoch 285 Relative Error 0.0004283604503143579
Epoch 286 Relative Error 0.0004230837512295693
Epoch 287 Relative Error 0.00039999434375204146
Epoch 288 Relative Error 0.00042822890100069344
Epoch 289 Relative Error 0.00042128661880269647
Epoch 290 Relative Error 0.0004154593334533274
Epoch 291 Relative Error 0.0004968675202690065
Epoch 292 Relative Error 0.0004672944778576493
Epoch 293 Relative Error 0.00043659075163304806
Epoch 294 Relative Error 0.0004687523178290576
Epoch 295 Relative Error 0.0003867952327709645
Epoch 296 Relative Error 0.0004568206495605409
Epoch 297 Relative Error 0.0004736661212518811
Epoch 298 Relative Error 0.0004153867776039988
Epoch 299 Relative Error 0.0004573051992338151
Epoch 300 Relative Error 0.0004295025719329715
Epoch 301 Relative Error 0.00045358369243331254
Epoch 302 Relative Error 0.0004237247630953789
Epoch 303 Relative Error 0.0004312449600547552
Epoch 304 Relative Error 0.0003934800042770803
Epoch 305 Relative Error 0.00048149118083529174
Epoch 306 Relative Error 0.00038250978104770184
Epoch 307 Relative Error 0.00043487022048793733
Epoch 308 Relative Error 0.0003745965368580073
Epoch 309 Relative Error 0.0004271096840966493
Epoch 310 Relative Error 0.0004995050258003175
Epoch 311 Relative Error 0.00040354186785407364
Epoch 312 Relative Error 0.00047095317859202623
Epoch 313 Relative Error 0.00044633267680183053
Epoch 314 Relative Error 0.000416674098232761
Epoch 315 Relative Error 0.0004929609131067991
Epoch 316 Relative Error 0.000453640561318025
Epoch 317 Relative Error 0.0005406428244896233
Epoch 318 Relative Error 0.0004416783922351897
Epoch 319 Relative Error 0.0004729825886897743
Epoch 320 Relative Error 0.0004534729814622551
Epoch 321 Relative Error 0.0004566724528558552
Epoch 322 Relative Error 0.00041237761615775526
Epoch 323 Relative Error 0.00048303205403499305
Epoch 324 Relative Error 0.0005370269063860178
Epoch 325 Relative Error 0.0004443801299203187
Epoch 326 Relative Error 0.00046923678019084036
Epoch 327 Relative Error 0.0004445115337148309
Epoch 328 Relative Error 0.00044603808782994747
Epoch 329 Relative Error 0.00043239991646260023
Epoch 330 Relative Error 0.0005050862091593444
Epoch 331 Relative Error 0.00043603061931207776
Epoch 332 Relative Error 0.00044547163997776806
Epoch 333 Relative Error 0.00042471266351640224
Epoch 334 Relative Error 0.0004501467919908464
Epoch 335 Relative Error 0.00045219631283544004
Epoch 336 Relative Error 0.00046344808652065694
Epoch 337 Relative Error 0.00047458437620662153
Epoch 338 Relative Error 0.0004536646883934736
Epoch 339 Relative Error 0.00039756574551574886
Epoch 340 Relative Error 0.000453987973742187
Epoch 341 Relative Error 0.0004025539674330503
Epoch 342 Relative Error 0.0004422295023687184
Epoch 343 Relative Error 0.0004248168843332678
Epoch 344 Relative Error 0.0004496769397519529
Epoch 345 Relative Error 0.00044977455399930477
Epoch 346 Relative Error 0.0004584653361234814
Epoch 347 Relative Error 0.0004504125099629164
Epoch 348 Relative Error 0.00046920572640374303
Epoch 349 Relative Error 0.00044797235750593245
Epoch 350 Relative Error 0.0004433931899257004
Epoch 351 Relative Error 0.00041383085772395134
Epoch 352 Relative Error 0.00040645344415679574
Epoch 353 Relative Error 0.0004421810735948384
Epoch 354 Relative Error 0.00048791675362735987
Epoch 355 Relative Error 0.000455462810350582
Epoch 356 Relative Error 0.00048298126785084605
Epoch 357 Relative Error 0.00038779526948928833
Epoch 358 Relative Error 0.00045424941345117986
Epoch 359 Relative Error 0.0004306029586587101
Epoch 360 Relative Error 0.00046023851609788835
Epoch 361 Relative Error 0.0005145796458236873
Epoch 362 Relative Error 0.0004599851672537625
Epoch 363 Relative Error 0.0004277147236280143
Epoch 364 Relative Error 0.00042296628816984594
Epoch 365 Relative Error 0.00042083580046892166
Epoch 366 Relative Error 0.0004132633039262146
Epoch 367 Relative Error 0.000414343667216599
Epoch 368 Relative Error 0.00039060297422111034
Epoch 369 Relative Error 0.00043768362957052886
Epoch 370 Relative Error 0.0003465670451987535
Epoch 371 Relative Error 0.0004455462039913982
Epoch 372 Relative Error 0.0003931800019927323
Epoch 373 Relative Error 0.00044227077160030603
Epoch 374 Relative Error 0.00041657412657514215
Epoch 375 Relative Error 0.0003758890670724213
Epoch 376 Relative Error 0.00041066596168093383
Epoch 377 Relative Error 0.0004386897198855877
Epoch 378 Relative Error 0.0004895897582173347
Epoch 379 Relative Error 0.0004673565272241831
Epoch 380 Relative Error 0.00042956412653438747
Epoch 381 Relative Error 0.00040655882912687957
Epoch 382 Relative Error 0.00042749266140162945
Epoch 383 Relative Error 0.0004042225191369653
Epoch 384 Relative Error 0.0004076811601407826
Epoch 385 Relative Error 0.00044577737571671605
Epoch 386 Relative Error 0.0004083969979546964
Epoch 387 Relative Error 0.00047519191866740584
Epoch 388 Relative Error 0.0004694666131399572
Epoch 389 Relative Error 0.0004626766312867403
Epoch 390 Relative Error 0.00045485151349566877
Epoch 391 Relative Error 0.00042880940600298345
Epoch 392 Relative Error 0.00041832998977042735
Epoch 393 Relative Error 0.0005086492164991796
Epoch 394 Relative Error 0.00046614822349511087
Epoch 395 Relative Error 0.0004482602817006409
Epoch 396 Relative Error 0.00041589795728214085
Epoch 397 Relative Error 0.00045732682337984443
Epoch 398 Relative Error 0.0004302350280340761
Epoch 399 Relative Error 0.00046155977179296315
Epoch 400 Relative Error 0.00044492108281701803
Epoch 401 Relative Error 0.000432377535616979
Epoch 402 Relative Error 0.00044443257502280176
Epoch 403 Relative Error 0.0004403323691803962
Epoch 404 Relative Error 0.00045220227912068367
Epoch 405 Relative Error 0.0004649382899515331
Epoch 406 Relative Error 0.0004353842232376337
Epoch 407 Relative Error 0.0005263561033643782
Epoch 408 Relative Error 0.000510379730258137
Epoch 409 Relative Error 0.0004889647825621068
Epoch 410 Relative Error 0.00046345635200850666
Epoch 411 Relative Error 0.00043360647396184504
Epoch 412 Relative Error 0.00045303854858502746
Epoch 413 Relative Error 0.000479303824249655
Epoch 414 Relative Error 0.0004668576584663242
Epoch 415 Relative Error 0.000447533413534984
Epoch 416 Relative Error 0.0004781415336765349
Epoch 417 Relative Error 0.000459503207821399
Epoch 418 Relative Error 0.0004993758047930896
Epoch 419 Relative Error 0.0004609586903825402
Epoch 420 Relative Error 0.0004883957444690168
Epoch 421 Relative Error 0.00046906492207199335
Epoch 422 Relative Error 0.00048394716577604413
Epoch 423 Relative Error 0.00042844944982789457
Epoch 424 Relative Error 0.0004874792357441038
Epoch 425 Relative Error 0.000497121422085911
Epoch 426 Relative Error 0.0004504943499341607
Epoch 427 Relative Error 0.0005089257028885186
Epoch 428 Relative Error 0.0004225563316140324
Epoch 429 Relative Error 0.00045378890354186296
Epoch 430 Relative Error 0.0004319838772062212
Epoch 431 Relative Error 0.00040543838986195624
Epoch 432 Relative Error 0.00044233823427930474
Epoch 433 Relative Error 0.00040866053313948214
Epoch 434 Relative Error 0.0004563276015687734
Epoch 435 Relative Error 0.00042615714482963085
Epoch 436 Relative Error 0.0005386449629440904
Epoch 437 Relative Error 0.00044642400462180376
Epoch 438 Relative Error 0.00048161420272663236
Epoch 439 Relative Error 0.0005178319406695664
Epoch 440 Relative Error 0.00048735455493442714
Epoch 441 Relative Error 0.0005062192212790251
Epoch 442 Relative Error 0.00048060037079267204
Epoch 443 Relative Error 0.0004411895642988384
Epoch 444 Relative Error 0.0004650635237339884
Epoch 445 Relative Error 0.00046318917884491384
Epoch 446 Relative Error 0.0004965482512488961
Epoch 447 Relative Error 0.000444411562057212
Epoch 448 Relative Error 0.00043743380228988826
Epoch 449 Relative Error 0.00044464529491961
Epoch 450 Relative Error 0.0003866605111397803
Epoch 451 Relative Error 0.0004926137044094503
Epoch 452 Relative Error 0.0004781584721058607
Epoch 453 Relative Error 0.0005348714767023921
Epoch 454 Relative Error 0.0005143560701981187
Epoch 455 Relative Error 0.00041394971776753664
Epoch 456 Relative Error 0.0004775758134201169
Epoch 457 Relative Error 0.0004760436713695526
Epoch 458 Relative Error 0.0004964235122315586
Epoch 459 Relative Error 0.00043114658910781145
Epoch 460 Relative Error 0.0004433014546521008
Epoch 461 Relative Error 0.00045168687938712537
Epoch 462 Relative Error 0.0004121831734664738
Epoch 463 Relative Error 0.0004467707476578653
Epoch 464 Relative Error 0.00044016793253831565
Epoch 465 Relative Error 0.0004385234205983579
Epoch 466 Relative Error 0.00046431334340013564
Epoch 467 Relative Error 0.0004472445580177009
Epoch 468 Relative Error 0.0004416606097947806
Epoch 469 Relative Error 0.00040005892515182495
Epoch 470 Relative Error 0.0004292538214940578
Epoch 471 Relative Error 0.0004153352929279208
Epoch 472 Relative Error 0.0004801067116204649
Epoch 473 Relative Error 0.0005046961596235633
Epoch 474 Relative Error 0.0005151156801730394
Epoch 475 Relative Error 0.0004408946551848203
Epoch 476 Relative Error 0.00048323176451958716
Epoch 477 Relative Error 0.0004453930305317044
Epoch 478 Relative Error 0.000471806270070374
Epoch 479 Relative Error 0.0004653011856134981
Epoch 480 Relative Error 0.00045089671039022505
Epoch 481 Relative Error 0.0004623171698767692
Epoch 482 Relative Error 0.0004418246098794043
Epoch 483 Relative Error 0.00046243713586591184
Epoch 484 Relative Error 0.0003895120171364397
Epoch 485 Relative Error 0.0005040933610871434
Epoch 486 Relative Error 0.0004249767807777971
Epoch 487 Relative Error 0.0005031991167925298
Epoch 488 Relative Error 0.0004207005549687892
Epoch 489 Relative Error 0.0005253387498669326
Epoch 490 Relative Error 0.00043283082777634263
Epoch 491 Relative Error 0.0004598410741891712
Epoch 492 Relative Error 0.00052643968956545
Epoch 493 Relative Error 0.0004325165937189013
Epoch 494 Relative Error 0.00048249203246086836
Epoch 495 Relative Error 0.0004134947375860065
Epoch 496 Relative Error 0.00045740167843177915
Epoch 497 Relative Error 0.0003795575175900012
Epoch 498 Relative Error 0.00043545494554564357
Epoch 499 Relative Error 0.0004293394449632615
Epoch 500 Relative Error 0.000408808933570981
Epoch 501 Relative Error 0.0004738865536637604
Epoch 502 Relative Error 0.0004235122469253838
Epoch 503 Relative Error 0.00044082003296352923
Epoch 504 Relative Error 0.00041559129022061825
Epoch 505 Relative Error 0.0004578482185024768
Epoch 506 Relative Error 0.0004354534321464598
Epoch 507 Relative Error 0.0003885816258843988
Epoch 508 Relative Error 0.000450486404588446
Epoch 509 Relative Error 0.000408809632062912
Epoch 510 Relative Error 0.00048192922258749604
Epoch 511 Relative Error 0.00044521247036755085
Epoch 512 Relative Error 0.00043195317266508937
Epoch 513 Relative Error 0.000401880475692451
Epoch 514 Relative Error 0.0004891172866337001
Epoch 515 Relative Error 0.0004667402245104313
Epoch 516 Relative Error 0.00048622628673911095
Epoch 517 Relative Error 0.0004680192796513438
Epoch 518 Relative Error 0.0004249690973665565
Epoch 519 Relative Error 0.0004633105418179184
Epoch 520 Relative Error 0.00048221563338302076
Epoch 521 Relative Error 0.00041500484803691506
Epoch 522 Relative Error 0.00043768342584371567
Epoch 523 Relative Error 0.0004668131878133863
Epoch 524 Relative Error 0.0004412061534821987
Epoch 525 Relative Error 0.000453694025054574
Epoch 526 Relative Error 0.0004175856302026659
Epoch 527 Relative Error 0.0004331170639488846
Epoch 528 Relative Error 0.0004398484015837312
Epoch 529 Relative Error 0.0004350429226178676
Epoch 530 Relative Error 0.0004131054156459868
Epoch 531 Relative Error 0.0003920369199477136
Epoch 532 Relative Error 0.00044886028626933694
Epoch 533 Relative Error 0.0004030868294648826
Epoch 534 Relative Error 0.0004219460824970156
Epoch 535 Relative Error 0.00041892845183610916
Epoch 536 Relative Error 0.00040882916073314846
Epoch 537 Relative Error 0.0004166607395745814
Epoch 538 Relative Error 0.00041120871901512146
Epoch 539 Relative Error 0.0004246448224876076
Epoch 540 Relative Error 0.00046625640243291855
Epoch 541 Relative Error 0.00039284920785576105
Epoch 542 Relative Error 0.00038960162783041596
Epoch 543 Relative Error 0.0004139231750741601
Epoch 544 Relative Error 0.0003883613389916718
Epoch 545 Relative Error 0.000393393769627437
Epoch 546 Relative Error 0.0004403677594382316
Epoch 547 Relative Error 0.00044320046436041594
Epoch 548 Relative Error 0.0004238358815200627
Epoch 549 Relative Error 0.0004333954711910337
Epoch 550 Relative Error 0.0003984077484346926
Epoch 551 Relative Error 0.00044628384057432413
Epoch 552 Relative Error 0.0004675161908380687
Epoch 553 Relative Error 0.0004264867166057229
Epoch 554 Relative Error 0.0004068228299729526
Epoch 555 Relative Error 0.0004636890080291778
Epoch 556 Relative Error 0.0004048500850331038
Epoch 557 Relative Error 0.00046582630602642894
Epoch 558 Relative Error 0.0003830249479506165
Epoch 559 Relative Error 0.0004304618341848254
Epoch 560 Relative Error 0.00044735646224580705
Epoch 561 Relative Error 0.0004076779878232628
Epoch 562 Relative Error 0.00040927063673734665
Epoch 563 Relative Error 0.00047007729881443083
Epoch 564 Relative Error 0.0004303986206650734
Epoch 565 Relative Error 0.0004882767389062792
Epoch 566 Relative Error 0.0004580070381052792
Epoch 567 Relative Error 0.00044557673390954733
Epoch 568 Relative Error 0.0004582024412229657
Epoch 569 Relative Error 0.00043873279355466366
Epoch 570 Relative Error 0.00041558753582648933
Epoch 571 Relative Error 0.000441883661551401
Epoch 572 Relative Error 0.000440320058260113
Epoch 573 Relative Error 0.0004545702540781349
Epoch 574 Relative Error 0.0004549776203930378
Epoch 575 Relative Error 0.0004716998664662242
Epoch 576 Relative Error 0.00048320635687559843
Epoch 577 Relative Error 0.0004815440915990621
Epoch 578 Relative Error 0.0003887633210979402
Epoch 579 Relative Error 0.00044223552686162293
Epoch 580 Relative Error 0.0004267859330866486
Epoch 581 Relative Error 0.0004459168703760952
Epoch 582 Relative Error 0.0003954787680413574
Epoch 583 Relative Error 0.00040950626134872437
Epoch 584 Relative Error 0.0004519322537817061
Epoch 585 Relative Error 0.0004474504676181823
Epoch 586 Relative Error 0.0004138168878853321
Epoch 587 Relative Error 0.0004588714218698442
Epoch 588 Relative Error 0.00044501275988295674
Epoch 589 Relative Error 0.00044684228487312794
Epoch 590 Relative Error 0.00042505015153437853
Epoch 591 Relative Error 0.0003966327349189669
Epoch 592 Relative Error 0.00041725317714735866
Epoch 593 Relative Error 0.00045584802865050733
Epoch 594 Relative Error 0.00041432958096265793
Epoch 595 Relative Error 0.0005022417171858251
Epoch 596 Relative Error 0.0004488283593673259
Epoch 597 Relative Error 0.0004277004627510905
Epoch 598 Relative Error 0.0004702957521658391
Epoch 599 Relative Error 0.00044354484998621047
Epoch 600 Relative Error 0.0005665720673277974
Epoch 601 Relative Error 0.00048519406118430197
Epoch 602 Relative Error 0.00044637848623096943
Epoch 603 Relative Error 0.0004594709607772529
Epoch 604 Relative Error 0.0003979697357863188
Epoch 605 Relative Error 0.0004543235991150141
Epoch 606 Relative Error 0.00042652341653592885
Epoch 607 Relative Error 0.00046006820048205554
Epoch 608 Relative Error 0.00040520975016988814
Epoch 609 Relative Error 0.0004254606901668012
Epoch 610 Relative Error 0.000450432620709762
Epoch 611 Relative Error 0.0005973102524876595
Epoch 612 Relative Error 0.0005306851235218346
Epoch 613 Relative Error 0.00048223003977909684
Epoch 614 Relative Error 0.0005155899561941624
Epoch 615 Relative Error 0.0004903219523839653
Epoch 616 Relative Error 0.0004322956083342433
Epoch 617 Relative Error 0.00044336565770208836
Epoch 618 Relative Error 0.0005024966667406261
Epoch 619 Relative Error 0.0004366129287518561
Epoch 620 Relative Error 0.0004388336092233658
Epoch 621 Relative Error 0.0004516311746556312
Epoch 622 Relative Error 0.00040769929182715714
Epoch 623 Relative Error 0.0004446009697858244
Epoch 624 Relative Error 0.00040488215745426714
Epoch 625 Relative Error 0.000451747328042984
Epoch 626 Relative Error 0.0004161561082582921
Epoch 627 Relative Error 0.00042169709922745824
Epoch 628 Relative Error 0.00044707313645631075
Epoch 629 Relative Error 0.0004434410948306322
Epoch 630 Relative Error 0.00044650622294284403
Epoch 631 Relative Error 0.0004310108197387308
Epoch 632 Relative Error 0.0005248469533398747
Epoch 633 Relative Error 0.0004353118420112878
Epoch 634 Relative Error 0.0004218178510200232
Epoch 635 Relative Error 0.0003920508024748415
Epoch 636 Relative Error 0.0004578341031447053
Epoch 637 Relative Error 0.00038513910840265453
Epoch 638 Relative Error 0.00045804143883287907
Epoch 639 Relative Error 0.00038640908314846456
Epoch 640 Relative Error 0.00041911620064638555
Epoch 641 Relative Error 0.00041937135392799973
Epoch 642 Relative Error 0.00043088645907118917
Epoch 643 Relative Error 0.0004168858868069947
Epoch 644 Relative Error 0.00041111346217803657
Epoch 645 Relative Error 0.00043766899034380913
Epoch 646 Relative Error 0.00042255883454345167
Epoch 647 Relative Error 0.0004304437024984509
Epoch 648 Relative Error 0.00043374457163736224
Epoch 649 Relative Error 0.0005519220139831305
Epoch 650 Relative Error 0.00043794309021905065
Epoch 651 Relative Error 0.00048561778385192156
Epoch 652 Relative Error 0.00045762144145555794
Epoch 653 Relative Error 0.00047554384218528867
Epoch 654 Relative Error 0.0004185678262729198
Epoch 655 Relative Error 0.00047433655709028244
Epoch 656 Relative Error 0.00038602817221544683
Epoch 657 Relative Error 0.0004510409780777991
Epoch 658 Relative Error 0.00043637873022817075
Epoch 659 Relative Error 0.0004540783120319247
Epoch 660 Relative Error 0.00043820927385240793
Epoch 661 Relative Error 0.0004380701866466552
Epoch 662 Relative Error 0.0003992128768004477
Epoch 663 Relative Error 0.00043152374564670026
Epoch 664 Relative Error 0.00041611079359427094
Epoch 665 Relative Error 0.0004746037593577057
Epoch 666 Relative Error 0.0004519359499681741
Epoch 667 Relative Error 0.00041509693255648017
Epoch 668 Relative Error 0.0005601841839961708
Epoch 669 Relative Error 0.000491551763843745
Epoch 670 Relative Error 0.0004166256112512201
Epoch 671 Relative Error 0.0004657086683437228
Epoch 672 Relative Error 0.0005201863241381943
Epoch 673 Relative Error 0.0005035238573327661
Epoch 674 Relative Error 0.0003827786131296307
Epoch 675 Relative Error 0.0004723500751424581
Epoch 676 Relative Error 0.0005060668336227536
Epoch 677 Relative Error 0.00044456293107941747
Epoch 678 Relative Error 0.000419759307987988
Epoch 679 Relative Error 0.0004565815906971693
Epoch 680 Relative Error 0.0004052991862408817
Epoch 681 Relative Error 0.0004115890769753605
Epoch 682 Relative Error 0.0004176000948064029
Epoch 683 Relative Error 0.0004172233457211405
Epoch 684 Relative Error 0.00047107035061344504
Epoch 685 Relative Error 0.0004438715986907482
Epoch 686 Relative Error 0.0004954332835040987
Epoch 687 Relative Error 0.00039758189814165235
Epoch 688 Relative Error 0.0005187765927985311
Epoch 689 Relative Error 0.0004587146395351738
Epoch 690 Relative Error 0.0005019985255785286
Epoch 691 Relative Error 0.0005051200278103352
Epoch 692 Relative Error 0.0004888677503913641
Epoch 693 Relative Error 0.0005147405317984521
Epoch 694 Relative Error 0.0004331396776251495
Epoch 695 Relative Error 0.0005629372899420559
Epoch 696 Relative Error 0.0004532693128567189
Epoch 697 Relative Error 0.0004894565208815038
Epoch 698 Relative Error 0.0004273690574336797
Epoch 699 Relative Error 0.0003932687104679644
Epoch 700 Relative Error 0.00043606056715361774
Epoch 701 Relative Error 0.0004412303096614778
Epoch 702 Relative Error 0.00041648108162917197
Epoch 703 Relative Error 0.00040904516936279833
Epoch 704 Relative Error 0.00048192820395343006
Epoch 705 Relative Error 0.00039625706267543137
Epoch 706 Relative Error 0.0005044627469033003
Epoch 707 Relative Error 0.00045354865142144263
Epoch 708 Relative Error 0.00044211215572431684
Epoch 709 Relative Error 0.0004726959450636059
Epoch 710 Relative Error 0.0004116474592592567
Epoch 711 Relative Error 0.00047614763025194407
Epoch 712 Relative Error 0.00041016328032128513
Epoch 713 Relative Error 0.0004113230970688164
Epoch 714 Relative Error 0.0004188560415059328
Epoch 715 Relative Error 0.0003885437035933137
Epoch 716 Relative Error 0.0004314954858273268
Epoch 717 Relative Error 0.00038033357122913003
Epoch 718 Relative Error 0.0004421063931658864
Epoch 719 Relative Error 0.00041247071931138635
Epoch 720 Relative Error 0.0004232050268910825
Epoch 721 Relative Error 0.0004199112590868026
Epoch 722 Relative Error 0.0004621198168024421
Epoch 723 Relative Error 0.0005342243239283562
Epoch 724 Relative Error 0.0004963313112966716
Epoch 725 Relative Error 0.0004315600963309407
Epoch 726 Relative Error 0.0005551979993470013
Epoch 727 Relative Error 0.0005312210996635258
Epoch 728 Relative Error 0.0004991220775991678
Epoch 729 Relative Error 0.00045988854253664613
Epoch 730 Relative Error 0.0005239867023192346
Epoch 731 Relative Error 0.000526025309227407
Epoch 732 Relative Error 0.0004932587617076933
Epoch 733 Relative Error 0.0004598820232786238
Epoch 734 Relative Error 0.00044099168735556304
Epoch 735 Relative Error 0.0004065008251927793
Epoch 736 Relative Error 0.00042089595808647573
Epoch 737 Relative Error 0.00042618406587280333
Epoch 738 Relative Error 0.0004512054438237101
Epoch 739 Relative Error 0.000460305018350482
Epoch 740 Relative Error 0.00047592102782800794
Epoch 741 Relative Error 0.00046849987120367587
Epoch 742 Relative Error 0.00047217158135026693
Epoch 743 Relative Error 0.0004252233193255961
Epoch 744 Relative Error 0.0004163634730502963
Epoch 745 Relative Error 0.0005019633681513369
Epoch 746 Relative Error 0.0004615782236214727
Epoch 747 Relative Error 0.0005292479763738811
Epoch 748 Relative Error 0.0005168785573914647
Epoch 749 Relative Error 0.0004736578557640314
Epoch 750 Relative Error 0.0004991708556190133
Epoch 751 Relative Error 0.0004034069715999067
Epoch 752 Relative Error 0.0004414392460603267
Epoch 753 Relative Error 0.0004231138445902616
Epoch 754 Relative Error 0.0004710457578767091
Epoch 755 Relative Error 0.0004896910395473242
Epoch 756 Relative Error 0.0004959044163115323
Epoch 757 Relative Error 0.0004817285807803273
Epoch 758 Relative Error 0.000460426090285182
Epoch 759 Relative Error 0.00047127119614742696
Epoch 760 Relative Error 0.00043731939513236284
Epoch 761 Relative Error 0.00043433214887045324
Epoch 762 Relative Error 0.0004300241998862475
Epoch 763 Relative Error 0.00042199355084449053
Epoch 764 Relative Error 0.0004421431221999228
Epoch 765 Relative Error 0.00040982928476296365
Epoch 766 Relative Error 0.00045467313611879945
Epoch 767 Relative Error 0.00044989457819610834
Epoch 768 Relative Error 0.0004626436857506633
Epoch 769 Relative Error 0.00040900136809796095
Epoch 770 Relative Error 0.0004160573298577219
Epoch 771 Relative Error 0.0004201263072900474
Epoch 772 Relative Error 0.0003895016561727971
Epoch 773 Relative Error 0.0004097554774489254
Epoch 774 Relative Error 0.0004445424419827759
Epoch 775 Relative Error 0.00045940320705994964
Epoch 776 Relative Error 0.000398521515307948
Epoch 777 Relative Error 0.0004485484678298235
Epoch 778 Relative Error 0.00040403209277428687
Epoch 779 Relative Error 0.00044578404049389064
Epoch 780 Relative Error 0.00041783982305787504
Epoch 781 Relative Error 0.0004166114376857877
Epoch 782 Relative Error 0.00047582091065123677
Epoch 783 Relative Error 0.00041301295277662575
Epoch 784 Relative Error 0.00045224238419905305
Epoch 785 Relative Error 0.0004422792117111385
Epoch 786 Relative Error 0.00048095101374201477
Epoch 787 Relative Error 0.00045237294398248196
Epoch 788 Relative Error 0.0004087046254426241
Epoch 789 Relative Error 0.00043928727973252535
Epoch 790 Relative Error 0.00038766872603446245
Epoch 791 Relative Error 0.0004566099960356951
Epoch 792 Relative Error 0.0004246934549883008
Epoch 793 Relative Error 0.0004377843870315701
Epoch 794 Relative Error 0.00038602299173362553
Epoch 795 Relative Error 0.00046295957872644067
Epoch 796 Relative Error 0.0004007185052614659
Epoch 797 Relative Error 0.00042742560617625713
Epoch 798 Relative Error 0.0004274672828614712
Epoch 799 Relative Error 0.00046182391815818846
Epoch 800 Relative Error 0.000420600816141814
Epoch 801 Relative Error 0.00040933911805041134
Epoch 802 Relative Error 0.0004462814249563962
Epoch 803 Relative Error 0.00039478452526964247
Epoch 804 Relative Error 0.0004933538730256259
Epoch 805 Relative Error 0.0004016261373180896
Epoch 806 Relative Error 0.0004680081910919398
Epoch 807 Relative Error 0.0003839955315925181
Epoch 808 Relative Error 0.0004602606641128659
Epoch 809 Relative Error 0.0005077391979284585
Epoch 810 Relative Error 0.0005272450507618487
Epoch 811 Relative Error 0.0004619401879608631
Epoch 812 Relative Error 0.0005195516278035939
Epoch 813 Relative Error 0.00046695320634171367
Epoch 814 Relative Error 0.0004703399317804724
Epoch 815 Relative Error 0.0004838282475247979
Epoch 816 Relative Error 0.0004633753269445151
Epoch 817 Relative Error 0.000495300570037216
Epoch 818 Relative Error 0.0004886182141490281
Epoch 819 Relative Error 0.000443367927800864
Epoch 820 Relative Error 0.0004581138782668859
Epoch 821 Relative Error 0.00039516860852018
Epoch 822 Relative Error 0.00045449472963809967
Epoch 823 Relative Error 0.00046215474139899015
Epoch 824 Relative Error 0.00042178400326520205
Epoch 825 Relative Error 0.00040348200127482414
Epoch 826 Relative Error 0.0003993521095253527
Epoch 827 Relative Error 0.00045513585791923106
Epoch 828 Relative Error 0.000429024628829211
Epoch 829 Relative Error 0.0004196216177660972
Epoch 830 Relative Error 0.0004820331232622266
Epoch 831 Relative Error 0.0004223555151838809
Epoch 832 Relative Error 0.0004944301908835769
Epoch 833 Relative Error 0.0004438296309672296
Epoch 834 Relative Error 0.00043275189818814397
Epoch 835 Relative Error 0.0004640146507881582
Epoch 836 Relative Error 0.00040600518696010113
Epoch 837 Relative Error 0.00042098379344679415
Epoch 838 Relative Error 0.00046164594823494554
Epoch 839 Relative Error 0.00044035250903107226
Epoch 840 Relative Error 0.0004388773813843727
Epoch 841 Relative Error 0.0004269185592420399
Epoch 842 Relative Error 0.00043796285171993077
Epoch 843 Relative Error 0.00043307681335136294
Epoch 844 Relative Error 0.00039636724977754056
Epoch 845 Relative Error 0.00043276307405903935
Epoch 846 Relative Error 0.0004578760708682239
Epoch 847 Relative Error 0.0005071443738415837
Epoch 848 Relative Error 0.00042927777394652367
Epoch 849 Relative Error 0.0004612434422597289
Epoch 850 Relative Error 0.00045827153371647
Epoch 851 Relative Error 0.00045631141983903944
Epoch 852 Relative Error 0.00043864449253305793
Epoch 853 Relative Error 0.0004186611040495336
Epoch 854 Relative Error 0.00045071987551636994
Epoch 855 Relative Error 0.0004506757250055671
Epoch 856 Relative Error 0.00048793412861414254
Epoch 857 Relative Error 0.00047831659321673214
Epoch 858 Relative Error 0.0004964746767655015
Epoch 859 Relative Error 0.0004900050698779523
Epoch 860 Relative Error 0.0004711352230515331
Epoch 861 Relative Error 0.0004428236570674926
Epoch 862 Relative Error 0.0004070455033797771
Epoch 863 Relative Error 0.00042102477164007723
Epoch 864 Relative Error 0.00042201130418106914
Epoch 865 Relative Error 0.00042273898725397885
Epoch 866 Relative Error 0.0004187221929896623
Epoch 867 Relative Error 0.0004648025496862829
Epoch 868 Relative Error 0.00037981299101375043
Epoch 869 Relative Error 0.0004611340700648725
Epoch 870 Relative Error 0.0004099700599908829
Epoch 871 Relative Error 0.0004063326632604003
Epoch 872 Relative Error 0.00047937309136614203
Epoch 873 Relative Error 0.00045327789848670363
Epoch 874 Relative Error 0.0004444145306479186
Epoch 875 Relative Error 0.00044645435991697013
Epoch 876 Relative Error 0.0003996197774540633
Epoch 877 Relative Error 0.0005065911682322621
Epoch 878 Relative Error 0.0003690670127980411
Epoch 879 Relative Error 0.0005106399767100811
Epoch 880 Relative Error 0.00039977734559215605
Epoch 881 Relative Error 0.00046591332647949457
Epoch 882 Relative Error 0.00038031558506190777
Epoch 883 Relative Error 0.00045135209802538157
Epoch 884 Relative Error 0.00040371433715336025
Epoch 885 Relative Error 0.00042469092295505106
Epoch 886 Relative Error 0.00039931765059009194
Epoch 887 Relative Error 0.0004310142248868942
Epoch 888 Relative Error 0.0004174588539171964
Epoch 889 Relative Error 0.0003996753366664052
Epoch 890 Relative Error 0.000422024168074131
Epoch 891 Relative Error 0.0004309446376282722
Epoch 892 Relative Error 0.0005007725558243692
Epoch 893 Relative Error 0.00040971647831611335
Epoch 894 Relative Error 0.0004783937765751034
Epoch 895 Relative Error 0.00048393275937996805
Epoch 896 Relative Error 0.00040651424205861986
Epoch 897 Relative Error 0.0004369633097667247
Epoch 898 Relative Error 0.00042977090924978256
Epoch 899 Relative Error 0.00047640028060413897
Epoch 900 Relative Error 0.00044116872595623136
Epoch 901 Relative Error 0.00041668739868327975
Epoch 902 Relative Error 0.0004252274811733514
Epoch 903 Relative Error 0.0003977317246608436
Epoch 904 Relative Error 0.00040916563011705875
Epoch 905 Relative Error 0.00040897479630075395
Epoch 906 Relative Error 0.000406356411986053
Epoch 907 Relative Error 0.00042498213588260114
Epoch 908 Relative Error 0.00043984121293760836
Epoch 909 Relative Error 0.00042114901589229703
Epoch 910 Relative Error 0.00046076279249973595
Epoch 911 Relative Error 0.0004439735203050077
Epoch 912 Relative Error 0.00048555838293395936
Epoch 913 Relative Error 0.000381544406991452
Epoch 914 Relative Error 0.0004578800580929965
Epoch 915 Relative Error 0.00041203165892511606
Epoch 916 Relative Error 0.0004037659673485905
Epoch 917 Relative Error 0.0005028755404055119
Epoch 918 Relative Error 0.0004662422288674861
Epoch 919 Relative Error 0.0004946246626786888
Epoch 920 Relative Error 0.00044314490514807403
Epoch 921 Relative Error 0.00041985121788457036
Epoch 922 Relative Error 0.00045867549488320947
Epoch 923 Relative Error 0.0004422594211064279
Epoch 924 Relative Error 0.0004922243533656001
Epoch 925 Relative Error 0.0005043920828029513
Epoch 926 Relative Error 0.00043359390110708773
Epoch 927 Relative Error 0.00043636164627969265
Epoch 928 Relative Error 0.0004442207864485681
Epoch 929 Relative Error 0.00038477330235764384
Epoch 930 Relative Error 0.0004915139870718122
Epoch 931 Relative Error 0.00044922588858753443
Epoch 932 Relative Error 0.0004910682910121977
Epoch 933 Relative Error 0.00046031936653889716
Epoch 934 Relative Error 0.000503493589349091
Epoch 935 Relative Error 0.0005405259435065091
Epoch 936 Relative Error 0.0005002910038456321
Epoch 937 Relative Error 0.00046237240894697607
Epoch 938 Relative Error 0.00048790228902362287
Epoch 939 Relative Error 0.00045247370144352317
Epoch 940 Relative Error 0.0004763441102113575
Epoch 941 Relative Error 0.0004566498100757599
Epoch 942 Relative Error 0.0004465357633307576
Epoch 943 Relative Error 0.0004654884396586567
Epoch 944 Relative Error 0.0004067467525601387
Epoch 945 Relative Error 0.00042439819662831724
Epoch 946 Relative Error 0.00048164508189074695
Epoch 947 Relative Error 0.0004474131856113672
Epoch 948 Relative Error 0.00046616719919256866
Epoch 949 Relative Error 0.000508670462295413
Epoch 950 Relative Error 0.0004392818664200604
Epoch 951 Relative Error 0.0004595365608111024
Epoch 952 Relative Error 0.0003994722501374781
Epoch 953 Relative Error 0.0004531946615315974
Epoch 954 Relative Error 0.000456900306744501
Epoch 955 Relative Error 0.00043171123252250254
Epoch 956 Relative Error 0.0004977619973942637
Epoch 957 Relative Error 0.0004362425534054637
Epoch 958 Relative Error 0.00041452242294326425
Epoch 959 Relative Error 0.0004125723207835108
Epoch 960 Relative Error 0.00039046703022904694
Epoch 961 Relative Error 0.0004277527623344213
Epoch 962 Relative Error 0.00048635268467478454
Epoch 963 Relative Error 0.000579886429477483
Epoch 964 Relative Error 0.0005379003123380244
Epoch 965 Relative Error 0.0004708126652985811
Epoch 966 Relative Error 0.0004441400815267116
Epoch 967 Relative Error 0.00043755208025686443
Epoch 968 Relative Error 0.00046547901001758873
Epoch 969 Relative Error 0.00045621604658663273
Epoch 970 Relative Error 0.00045425203279592097
Epoch 971 Relative Error 0.0004545606207102537
Epoch 972 Relative Error 0.00043375222594477236
Epoch 973 Relative Error 0.00043491896940395236
Epoch 974 Relative Error 0.00039354857290163636
Epoch 975 Relative Error 0.0004418492899276316
Epoch 976 Relative Error 0.00044225979945622385
Epoch 977 Relative Error 0.0004180443356744945
Epoch 978 Relative Error 0.0004224412841722369
Epoch 979 Relative Error 0.00047581063699908555
Epoch 980 Relative Error 0.0005046668229624629
Epoch 981 Relative Error 0.00043912691762670875
Epoch 982 Relative Error 0.00043599907075986266
Epoch 983 Relative Error 0.00041946882265619934
Epoch 984 Relative Error 0.00046918028965592384
Epoch 985 Relative Error 0.0005056835943832994
Epoch 986 Relative Error 0.00041935351327992976
Epoch 987 Relative Error 0.00046406654291786253
Epoch 988 Relative Error 0.00044039293425157666
Epoch 989 Relative Error 0.000449598825071007
Epoch 990 Relative Error 0.0005226235371083021
Epoch 991 Relative Error 0.000449241662863642
Epoch 992 Relative Error 0.0004816006403416395
Epoch 993 Relative Error 0.0004325786721892655
Epoch 994 Relative Error 0.0004575496132019907
Epoch 995 Relative Error 0.0005086387973278761
Epoch 996 Relative Error 0.0005115217063575983
Epoch 997 Relative Error 0.0004511904844548553
Epoch 998 Relative Error 0.0004894580924883485
Epoch 999 Relative Error 0.00043975733569823205
Epoch 1000 Relative Error 0.0004775271227117628
RE (0, 9, 4, 0): 0.0003465670451987535
Green's Function RE (0, 9, 4, 0): 0.2225867509841919
Bias Term RE (0, 9, 4, 0): 0.26289689540863037
Combination (0, 9, 4, 0, 0): 0.0004787697398569435
Combination (0, 9, 4, 0, 1): 0.22256022691726685
Combination (0, 9, 4, 0, 2): 0.22261591255664825
Combination (0, 9, 4, 0, 3): 0.2226688414812088
Combination (0, 9, 4, 0, 4): 0.22268037497997284

/home/gridsan/gstepaniants/.local/lib/python3.8/site-packages/torch/functional.py:478: UserWarning: torch.meshgrid: in an upcoming release, it will be required to pass the indexing argument. (Triggered internally at  ../aten/src/ATen/native/TensorShape.cpp:2895.)
  return _VF.meshgrid(tensors, **kwargs)  # type: ignore[attr-defined]
