[KeOps] Warning : Cuda libraries were not detected on the system ; using cpu only mode
1
Kernel: Matern5/2
Weight Mesh: 100
RKHS Kernel Width: 0.8
Lambda: 1e-06
Green's Function Learning Rate: 100
Bias Term Learning Rate: 100
Epoch 1 Relative Error 67089.390625
First epoch had re = 67089.390625 > 1
Green's Function Learning Rate: 50
Bias Term Learning Rate: 50
Epoch 1 Relative Error 41555.92578125
First epoch had re = 41555.92578125 > 1
Green's Function Learning Rate: 10
Bias Term Learning Rate: 10
Epoch 1 Relative Error 5735.18115234375
First epoch had re = 5735.18115234375 > 1
Green's Function Learning Rate: 5
Bias Term Learning Rate: 5
Epoch 1 Relative Error 2312.147216796875
First epoch had re = 2312.147216796875 > 1
Green's Function Learning Rate: 1
Bias Term Learning Rate: 1
Epoch 1 Relative Error 753.1879272460938
First epoch had re = 753.1879272460938 > 1
Green's Function Learning Rate: 0.5
Bias Term Learning Rate: 0.5
Epoch 1 Relative Error 366.48004150390625
First epoch had re = 366.48004150390625 > 1
Green's Function Learning Rate: 0.1
Bias Term Learning Rate: 0.1
Epoch 1 Relative Error 54.566307067871094
First epoch had re = 54.566307067871094 > 1
Green's Function Learning Rate: 0.05
Bias Term Learning Rate: 0.05
Epoch 1 Relative Error 33.50938415527344
First epoch had re = 33.50938415527344 > 1
Green's Function Learning Rate: 0.01
Bias Term Learning Rate: 0.01
Epoch 1 Relative Error 4.930047035217285
First epoch had re = 4.930047035217285 > 1
Green's Function Learning Rate: 0.005
Bias Term Learning Rate: 0.005
Epoch 1 Relative Error 2.3511698246002197
First epoch had re = 2.3511698246002197 > 1
Green's Function Learning Rate: 0.001
Bias Term Learning Rate: 0.001
Epoch 1 Relative Error 0.8795915246009827
Epoch 2 Relative Error 0.768061101436615
Epoch 3 Relative Error 0.9518060088157654
Epoch 4 Relative Error 0.7576697468757629
Epoch 5 Relative Error 0.8953371644020081
Epoch 6 Relative Error 0.763110339641571
Epoch 7 Relative Error 0.8218427300453186
Epoch 8 Relative Error 0.7739694714546204
Epoch 9 Relative Error 0.7890053391456604
Epoch 10 Relative Error 0.7826463580131531
Epoch 11 Relative Error 0.7736608386039734
Epoch 12 Relative Error 0.7745636105537415
Epoch 13 Relative Error 0.7636731863021851
Epoch 14 Relative Error 0.7693116664886475
Epoch 15 Relative Error 0.7482990026473999
Epoch 16 Relative Error 0.7747095823287964
Epoch 17 Relative Error 0.7289812564849854
Epoch 18 Relative Error 0.7711043953895569
Epoch 19 Relative Error 0.7291918396949768
Epoch 20 Relative Error 0.7576009035110474
Epoch 21 Relative Error 0.7130927443504333
Epoch 22 Relative Error 0.7395108938217163
Epoch 23 Relative Error 0.7411523461341858
Epoch 24 Relative Error 0.7133339643478394
Epoch 25 Relative Error 0.720050573348999
Epoch 26 Relative Error 0.7181379795074463
Epoch 27 Relative Error 0.7061335444450378
Epoch 28 Relative Error 0.7226198315620422
Epoch 29 Relative Error 0.7074477672576904
Epoch 30 Relative Error 0.6840223670005798
Epoch 31 Relative Error 0.7119254469871521
Epoch 32 Relative Error 0.6812474727630615
Epoch 33 Relative Error 0.703443169593811
Epoch 34 Relative Error 0.6689766049385071
Epoch 35 Relative Error 0.6958984732627869
Epoch 36 Relative Error 0.6696920394897461
Epoch 37 Relative Error 0.6702742576599121
Epoch 38 Relative Error 0.6825039982795715
Epoch 39 Relative Error 0.6767915487289429
Epoch 40 Relative Error 0.669890820980072
Epoch 41 Relative Error 0.6518993973731995
Epoch 42 Relative Error 0.6470861434936523
Epoch 43 Relative Error 0.6751156449317932
Epoch 44 Relative Error 0.6626054644584656
Epoch 45 Relative Error 0.6279335618019104
Epoch 46 Relative Error 0.6416124105453491
Epoch 47 Relative Error 0.6577820777893066
Epoch 48 Relative Error 0.6372959017753601
Epoch 49 Relative Error 0.6370021104812622
Epoch 50 Relative Error 0.6248538494110107
Epoch 51 Relative Error 0.6381551027297974
Epoch 52 Relative Error 0.6194380521774292
Epoch 53 Relative Error 0.61390620470047
Epoch 54 Relative Error 0.6458721160888672
Epoch 55 Relative Error 0.6190613508224487
Epoch 56 Relative Error 0.6116802096366882
Epoch 57 Relative Error 0.6116825938224792
Epoch 58 Relative Error 0.6088604927062988
Epoch 59 Relative Error 0.6127439737319946
Epoch 60 Relative Error 0.5984860062599182
Epoch 61 Relative Error 0.5952653884887695
Epoch 62 Relative Error 0.5980463027954102
Epoch 63 Relative Error 0.6087703704833984
Epoch 64 Relative Error 0.5991466045379639
Epoch 65 Relative Error 0.5823405981063843
Epoch 66 Relative Error 0.5955816507339478
Epoch 67 Relative Error 0.6006778478622437
Epoch 68 Relative Error 0.5963283181190491
Epoch 69 Relative Error 0.587548017501831
Epoch 70 Relative Error 0.5866765975952148
Epoch 71 Relative Error 0.5681549906730652
Epoch 72 Relative Error 0.572810709476471
Epoch 73 Relative Error 0.5731483101844788
Epoch 74 Relative Error 0.6094692349433899
Epoch 75 Relative Error 0.5660821795463562
Epoch 76 Relative Error 0.5505921840667725
Epoch 77 Relative Error 0.5635797381401062
Epoch 78 Relative Error 0.602645993232727
Epoch 79 Relative Error 0.5840646028518677
Epoch 80 Relative Error 0.5486136078834534
Epoch 81 Relative Error 0.5454448461532593
Epoch 82 Relative Error 0.5580412149429321
Epoch 83 Relative Error 0.5805755257606506
Epoch 84 Relative Error 0.5585955381393433
Epoch 85 Relative Error 0.5403881072998047
Epoch 86 Relative Error 0.5461058616638184
Epoch 87 Relative Error 0.5697180032730103
Epoch 88 Relative Error 0.5781092643737793
Epoch 89 Relative Error 0.5420976877212524
Epoch 90 Relative Error 0.5308328866958618
Epoch 91 Relative Error 0.553006112575531
Epoch 92 Relative Error 0.5471757054328918
Epoch 93 Relative Error 0.5460808873176575
Epoch 94 Relative Error 0.5383524894714355
Epoch 95 Relative Error 0.5388809442520142
Epoch 96 Relative Error 0.5487423539161682
Epoch 97 Relative Error 0.5529370307922363
Epoch 98 Relative Error 0.5367916226387024
Epoch 99 Relative Error 0.5256617069244385
Epoch 100 Relative Error 0.529163658618927
Epoch 101 Relative Error 0.5429174900054932
Epoch 102 Relative Error 0.535559356212616
Epoch 103 Relative Error 0.5311351418495178
Epoch 104 Relative Error 0.5245450735092163
Epoch 105 Relative Error 0.5215466022491455
Epoch 106 Relative Error 0.5241532921791077
Epoch 107 Relative Error 0.5244283676147461
Epoch 108 Relative Error 0.5211265087127686
Epoch 109 Relative Error 0.5247111320495605
Epoch 110 Relative Error 0.511677086353302
Epoch 111 Relative Error 0.5117757320404053
Epoch 112 Relative Error 0.5203693509101868
Epoch 113 Relative Error 0.5149902701377869
Epoch 114 Relative Error 0.5162432789802551
Epoch 115 Relative Error 0.5155692100524902
Epoch 116 Relative Error 0.5105839371681213
Epoch 117 Relative Error 0.5084426999092102
Epoch 118 Relative Error 0.5029046535491943
Epoch 119 Relative Error 0.5085330605506897
Epoch 120 Relative Error 0.5231093168258667
Epoch 121 Relative Error 0.5194993019104004
Epoch 122 Relative Error 0.5132212042808533
Epoch 123 Relative Error 0.5077754855155945
Epoch 124 Relative Error 0.5022510290145874
Epoch 125 Relative Error 0.49981600046157837
Epoch 126 Relative Error 0.5122025609016418
Epoch 127 Relative Error 0.5128861665725708
Epoch 128 Relative Error 0.4961147904396057
Epoch 129 Relative Error 0.497911661863327
Epoch 130 Relative Error 0.495008260011673
Epoch 131 Relative Error 0.49926653504371643
Epoch 132 Relative Error 0.5022379755973816
Epoch 133 Relative Error 0.5017618536949158
Epoch 134 Relative Error 0.5028226375579834
Epoch 135 Relative Error 0.4964797794818878
Epoch 136 Relative Error 0.5019540786743164
Epoch 137 Relative Error 0.4978070557117462
Epoch 138 Relative Error 0.4910646080970764
Epoch 139 Relative Error 0.4938856363296509
Epoch 140 Relative Error 0.49876102805137634
Epoch 141 Relative Error 0.4990829825401306
Epoch 142 Relative Error 0.49832916259765625
Epoch 143 Relative Error 0.49531903862953186
Epoch 144 Relative Error 0.4921897053718567
Epoch 145 Relative Error 0.490894615650177
Epoch 146 Relative Error 0.4852115213871002
Epoch 147 Relative Error 0.4822116196155548
Epoch 148 Relative Error 0.48106157779693604
Epoch 149 Relative Error 0.4816277325153351
Epoch 150 Relative Error 0.47966066002845764
Epoch 151 Relative Error 0.48046398162841797
Epoch 152 Relative Error 0.4856453537940979
Epoch 153 Relative Error 0.4962735176086426
Epoch 154 Relative Error 0.5079046487808228
Epoch 155 Relative Error 0.5004421472549438
Epoch 156 Relative Error 0.4945662319660187
Epoch 157 Relative Error 0.4825548827648163
Epoch 158 Relative Error 0.4818022549152374
Epoch 159 Relative Error 0.47917845845222473
Epoch 160 Relative Error 0.47934940457344055
Epoch 161 Relative Error 0.47855332493782043
Epoch 162 Relative Error 0.4825262129306793
Epoch 163 Relative Error 0.4909118413925171
Epoch 164 Relative Error 0.49129024147987366
Epoch 165 Relative Error 0.48397570848464966
Epoch 166 Relative Error 0.4853786826133728
Epoch 167 Relative Error 0.48136669397354126
Epoch 168 Relative Error 0.48129189014434814
Epoch 169 Relative Error 0.4806884825229645
Epoch 170 Relative Error 0.47793319821357727
Epoch 171 Relative Error 0.48210737109184265
Epoch 172 Relative Error 0.47912073135375977
Epoch 173 Relative Error 0.47669172286987305
Epoch 174 Relative Error 0.474355548620224
Epoch 175 Relative Error 0.47381994128227234
Epoch 176 Relative Error 0.47517913579940796
Epoch 177 Relative Error 0.4758423864841461
Epoch 178 Relative Error 0.47702279686927795
Epoch 179 Relative Error 0.47580868005752563
Epoch 180 Relative Error 0.47598037123680115
Epoch 181 Relative Error 0.4762893319129944
Epoch 182 Relative Error 0.47718527913093567
Epoch 183 Relative Error 0.4747474193572998
Epoch 184 Relative Error 0.47452136874198914
Epoch 185 Relative Error 0.4747239053249359
Epoch 186 Relative Error 0.475967675447464
Epoch 187 Relative Error 0.47630882263183594
Epoch 188 Relative Error 0.4768562912940979
Epoch 189 Relative Error 0.47572940587997437
Epoch 190 Relative Error 0.47701582312583923
Epoch 191 Relative Error 0.4758424460887909
Epoch 192 Relative Error 0.47386434674263
Epoch 193 Relative Error 0.47257474064826965
Epoch 194 Relative Error 0.47282248735427856
Epoch 195 Relative Error 0.47576746344566345
Epoch 196 Relative Error 0.4735145568847656
Epoch 197 Relative Error 0.4750155806541443
Epoch 198 Relative Error 0.47215867042541504
Epoch 199 Relative Error 0.4728984236717224
Epoch 200 Relative Error 0.4728626310825348
Epoch 201 Relative Error 0.4720630645751953
Epoch 202 Relative Error 0.47176218032836914
Epoch 203 Relative Error 0.47202399373054504
Epoch 204 Relative Error 0.4711027443408966
Epoch 205 Relative Error 0.46969935297966003
Epoch 206 Relative Error 0.47017261385917664
Epoch 207 Relative Error 0.46996498107910156
Epoch 208 Relative Error 0.4707096815109253
Epoch 209 Relative Error 0.4719809293746948
Epoch 210 Relative Error 0.47239652276039124
Epoch 211 Relative Error 0.4712687134742737
Epoch 212 Relative Error 0.47210440039634705
Epoch 213 Relative Error 0.4729454517364502
Epoch 214 Relative Error 0.4725795090198517
Epoch 215 Relative Error 0.47204893827438354
Epoch 216 Relative Error 0.471363365650177
Epoch 217 Relative Error 0.4704340994358063
Epoch 218 Relative Error 0.4705576002597809
Epoch 219 Relative Error 0.4700491726398468
Epoch 220 Relative Error 0.47019052505493164
Epoch 221 Relative Error 0.4702760577201843
Epoch 222 Relative Error 0.47061067819595337
Epoch 223 Relative Error 0.4690738916397095
Epoch 224 Relative Error 0.4699733555316925
Epoch 225 Relative Error 0.46950727701187134
Epoch 226 Relative Error 0.4702850580215454
Epoch 227 Relative Error 0.47002917528152466
Epoch 228 Relative Error 0.470342218875885
Epoch 229 Relative Error 0.47068503499031067
Epoch 230 Relative Error 0.470679372549057
Epoch 231 Relative Error 0.47093164920806885
Epoch 232 Relative Error 0.4704216718673706
Epoch 233 Relative Error 0.4691166877746582
Epoch 234 Relative Error 0.4690351188182831
Epoch 235 Relative Error 0.46894925832748413
Epoch 236 Relative Error 0.468585342168808
Epoch 237 Relative Error 0.46934613585472107
Epoch 238 Relative Error 0.4697209596633911
Epoch 239 Relative Error 0.46959373354911804
Epoch 240 Relative Error 0.4688688814640045
Epoch 241 Relative Error 0.4687612056732178
Epoch 242 Relative Error 0.4682437777519226
Epoch 243 Relative Error 0.4681568145751953
Epoch 244 Relative Error 0.4680421054363251
Epoch 245 Relative Error 0.46819889545440674
Epoch 246 Relative Error 0.4676864743232727
Epoch 247 Relative Error 0.46790751814842224
Epoch 248 Relative Error 0.4680784046649933
Epoch 249 Relative Error 0.4678809940814972
Epoch 250 Relative Error 0.4676772654056549
Epoch 251 Relative Error 0.46755748987197876
Epoch 252 Relative Error 0.46757587790489197
Epoch 253 Relative Error 0.46827778220176697
Epoch 254 Relative Error 0.46804097294807434
Epoch 255 Relative Error 0.4678924083709717
Epoch 256 Relative Error 0.4677360951900482
Epoch 257 Relative Error 0.4680473208427429
Epoch 258 Relative Error 0.46773990988731384
Epoch 259 Relative Error 0.4678736627101898
Epoch 260 Relative Error 0.46770796179771423
Epoch 261 Relative Error 0.46737802028656006
Epoch 262 Relative Error 0.4676568806171417
Epoch 263 Relative Error 0.4677186906337738
Epoch 264 Relative Error 0.4677044451236725
Epoch 265 Relative Error 0.46763843297958374
Epoch 266 Relative Error 0.4673871695995331
Epoch 267 Relative Error 0.46789079904556274
Epoch 268 Relative Error 0.4676116108894348
Epoch 269 Relative Error 0.4686405658721924
Epoch 270 Relative Error 0.4684803783893585
Epoch 271 Relative Error 0.4680729806423187
Epoch 272 Relative Error 0.4682753384113312
Epoch 273 Relative Error 0.4676862955093384
Epoch 274 Relative Error 0.4674654006958008
Epoch 275 Relative Error 0.4677325487136841
Epoch 276 Relative Error 0.46798935532569885
Epoch 277 Relative Error 0.46799251437187195
Epoch 278 Relative Error 0.4674297571182251
Epoch 279 Relative Error 0.46724623441696167
Epoch 280 Relative Error 0.4670051634311676
Epoch 281 Relative Error 0.4669707715511322
Epoch 282 Relative Error 0.4669072926044464
Epoch 283 Relative Error 0.4669281542301178
Epoch 284 Relative Error 0.4670695960521698
Epoch 285 Relative Error 0.46684399247169495
Epoch 286 Relative Error 0.4666237533092499
Epoch 287 Relative Error 0.46660372614860535
Epoch 288 Relative Error 0.46678805351257324
Epoch 289 Relative Error 0.4666857421398163
Epoch 290 Relative Error 0.4666402041912079
Epoch 291 Relative Error 0.46662360429763794
Epoch 292 Relative Error 0.46666479110717773
Epoch 293 Relative Error 0.4667035937309265
Epoch 294 Relative Error 0.4667443633079529
Epoch 295 Relative Error 0.46666964888572693
Epoch 296 Relative Error 0.46682947874069214
Epoch 297 Relative Error 0.46651726961135864
Epoch 298 Relative Error 0.4665104150772095
Epoch 299 Relative Error 0.4665122926235199
Epoch 300 Relative Error 0.46640297770500183
Epoch 301 Relative Error 0.46635672450065613
Epoch 302 Relative Error 0.46657297015190125
Epoch 303 Relative Error 0.46698087453842163
Epoch 304 Relative Error 0.46667295694351196
Epoch 305 Relative Error 0.46655118465423584
Epoch 306 Relative Error 0.46664363145828247
Epoch 307 Relative Error 0.46643370389938354
Epoch 308 Relative Error 0.4664541184902191
Epoch 309 Relative Error 0.46659794449806213
Epoch 310 Relative Error 0.4665341079235077
Epoch 311 Relative Error 0.46663323044776917
Epoch 312 Relative Error 0.46667519211769104
Epoch 313 Relative Error 0.4663841128349304
Epoch 314 Relative Error 0.46631860733032227
Epoch 315 Relative Error 0.4661143720149994
Epoch 316 Relative Error 0.46625110507011414
Epoch 317 Relative Error 0.46616172790527344
Epoch 318 Relative Error 0.46612679958343506
Epoch 319 Relative Error 0.4661034345626831
Epoch 320 Relative Error 0.4660768210887909
Epoch 321 Relative Error 0.46618929505348206
Epoch 322 Relative Error 0.466120183467865
Epoch 323 Relative Error 0.46625423431396484
Epoch 324 Relative Error 0.46620553731918335
Epoch 325 Relative Error 0.46622490882873535
Epoch 326 Relative Error 0.46620118618011475
Epoch 327 Relative Error 0.4662923514842987
Epoch 328 Relative Error 0.4660035967826843
Epoch 329 Relative Error 0.4661064147949219
Epoch 330 Relative Error 0.4659690856933594
Epoch 331 Relative Error 0.46588218212127686
Epoch 332 Relative Error 0.465861052274704
Epoch 333 Relative Error 0.4659183919429779
Epoch 334 Relative Error 0.46605387330055237
Epoch 335 Relative Error 0.4663116931915283
Epoch 336 Relative Error 0.46590790152549744
Epoch 337 Relative Error 0.4658260941505432
Epoch 338 Relative Error 0.4660954773426056
Epoch 339 Relative Error 0.46631544828414917
Epoch 340 Relative Error 0.4667736887931824
Epoch 341 Relative Error 0.4668111503124237
Epoch 342 Relative Error 0.46589431166648865
Epoch 343 Relative Error 0.465967059135437
Epoch 344 Relative Error 0.4657033681869507
Epoch 345 Relative Error 0.46583518385887146
Epoch 346 Relative Error 0.46590858697891235
Epoch 347 Relative Error 0.4658052921295166
Epoch 348 Relative Error 0.46577712893486023
Epoch 349 Relative Error 0.465643048286438
Epoch 350 Relative Error 0.4656362533569336
Epoch 351 Relative Error 0.4655211269855499
Epoch 352 Relative Error 0.4655362665653229
Epoch 353 Relative Error 0.465462327003479
Epoch 354 Relative Error 0.4654308557510376
Epoch 355 Relative Error 0.46557798981666565
Epoch 356 Relative Error 0.4656270146369934
Epoch 357 Relative Error 0.4656190872192383
Epoch 358 Relative Error 0.4659186601638794
Epoch 359 Relative Error 0.46562710404396057
Epoch 360 Relative Error 0.4657997190952301
Epoch 361 Relative Error 0.4656967520713806
Epoch 362 Relative Error 0.4659683108329773
Epoch 363 Relative Error 0.46621766686439514
Epoch 364 Relative Error 0.46652278304100037
Epoch 365 Relative Error 0.4655819833278656
Epoch 366 Relative Error 0.46555566787719727
Epoch 367 Relative Error 0.46530550718307495
Epoch 368 Relative Error 0.46523645520210266
Epoch 369 Relative Error 0.46521463990211487
Epoch 370 Relative Error 0.46528398990631104
Epoch 371 Relative Error 0.465219646692276
Epoch 372 Relative Error 0.4652373492717743
Epoch 373 Relative Error 0.46508926153182983
Epoch 374 Relative Error 0.4651613235473633
Epoch 375 Relative Error 0.46527546644210815
Epoch 376 Relative Error 0.46566250920295715
Epoch 377 Relative Error 0.46572592854499817
Epoch 378 Relative Error 0.4657624661922455
Epoch 379 Relative Error 0.4653421640396118
Epoch 380 Relative Error 0.4658893346786499
Epoch 381 Relative Error 0.46571114659309387
Epoch 382 Relative Error 0.4658992290496826
Epoch 383 Relative Error 0.4653697609901428
Epoch 384 Relative Error 0.46512874960899353
Epoch 385 Relative Error 0.4651113450527191
Epoch 386 Relative Error 0.4648907482624054
Epoch 387 Relative Error 0.46481844782829285
Epoch 388 Relative Error 0.46490123867988586
Epoch 389 Relative Error 0.46489039063453674
Epoch 390 Relative Error 0.46484485268592834
Epoch 391 Relative Error 0.46496161818504333
Epoch 392 Relative Error 0.4648233652114868
Epoch 393 Relative Error 0.4647684097290039
Epoch 394 Relative Error 0.4646769165992737
Epoch 395 Relative Error 0.46498236060142517
Epoch 396 Relative Error 0.4648146331310272
Epoch 397 Relative Error 0.4648081362247467
Epoch 398 Relative Error 0.4647091329097748
Epoch 399 Relative Error 0.4649096131324768
Epoch 400 Relative Error 0.4645458161830902
Epoch 401 Relative Error 0.46453896164894104
Epoch 402 Relative Error 0.464590847492218
Epoch 403 Relative Error 0.4645853638648987
Epoch 404 Relative Error 0.464521586894989
Epoch 405 Relative Error 0.4645031690597534
Epoch 406 Relative Error 0.4645053744316101
Epoch 407 Relative Error 0.4644554555416107
Epoch 408 Relative Error 0.46444055438041687
Epoch 409 Relative Error 0.4644414782524109
Epoch 410 Relative Error 0.4644213616847992
Epoch 411 Relative Error 0.4644540846347809
Epoch 412 Relative Error 0.4644584059715271
Epoch 413 Relative Error 0.46437475085258484
Epoch 414 Relative Error 0.46430161595344543
Epoch 415 Relative Error 0.46431800723075867
Epoch 416 Relative Error 0.4642947316169739
Epoch 417 Relative Error 0.4642940163612366
Epoch 418 Relative Error 0.4642801582813263
Epoch 419 Relative Error 0.46440163254737854
Epoch 420 Relative Error 0.4644230008125305
Epoch 421 Relative Error 0.46427616477012634
Epoch 422 Relative Error 0.46418696641921997
Epoch 423 Relative Error 0.46417370438575745
Epoch 424 Relative Error 0.46420711278915405
Epoch 425 Relative Error 0.464540034532547
Epoch 426 Relative Error 0.4645475447177887
Epoch 427 Relative Error 0.4640999734401703
Epoch 428 Relative Error 0.46401795744895935
Epoch 429 Relative Error 0.464074969291687
Epoch 430 Relative Error 0.46402889490127563
Epoch 431 Relative Error 0.46416422724723816
Epoch 432 Relative Error 0.46405917406082153
Epoch 433 Relative Error 0.4640461504459381
Epoch 434 Relative Error 0.46393829584121704
Epoch 435 Relative Error 0.4639720022678375
Epoch 436 Relative Error 0.46389269828796387
Epoch 437 Relative Error 0.4639219045639038
Epoch 438 Relative Error 0.4638839364051819
Epoch 439 Relative Error 0.46384328603744507
Epoch 440 Relative Error 0.46395930647850037
Epoch 441 Relative Error 0.46391916275024414
Epoch 442 Relative Error 0.4638158977031708
Epoch 443 Relative Error 0.4637530744075775
Epoch 444 Relative Error 0.46374037861824036
Epoch 445 Relative Error 0.4637298882007599
Epoch 446 Relative Error 0.46370768547058105
Epoch 447 Relative Error 0.4636957347393036
Epoch 448 Relative Error 0.4637085199356079
Epoch 449 Relative Error 0.4637136161327362
Epoch 450 Relative Error 0.4636513590812683
Epoch 451 Relative Error 0.46359187364578247
Epoch 452 Relative Error 0.46362102031707764
Epoch 453 Relative Error 0.46356499195098877
Epoch 454 Relative Error 0.46361565589904785
Epoch 455 Relative Error 0.4636635482311249
Epoch 456 Relative Error 0.46353721618652344
Epoch 457 Relative Error 0.4635825455188751
Epoch 458 Relative Error 0.46343734860420227
Epoch 459 Relative Error 0.4634367525577545
Epoch 460 Relative Error 0.46348366141319275
Epoch 461 Relative Error 0.46350210905075073
Epoch 462 Relative Error 0.4637265205383301
Epoch 463 Relative Error 0.46390581130981445
Epoch 464 Relative Error 0.4636097848415375
Epoch 465 Relative Error 0.4633551239967346
Epoch 466 Relative Error 0.4634145200252533
Epoch 467 Relative Error 0.4633210599422455
Epoch 468 Relative Error 0.46331310272216797
Epoch 469 Relative Error 0.4633437991142273
Epoch 470 Relative Error 0.4636360704898834
Epoch 471 Relative Error 0.46396195888519287
Epoch 472 Relative Error 0.4639701545238495
Epoch 473 Relative Error 0.4634268879890442
Epoch 474 Relative Error 0.4632403254508972
Epoch 475 Relative Error 0.4632375240325928
Epoch 476 Relative Error 0.46319931745529175
Epoch 477 Relative Error 0.4631809592247009
Epoch 478 Relative Error 0.46321332454681396
Epoch 479 Relative Error 0.4631631374359131
Epoch 480 Relative Error 0.4630914628505707
Epoch 481 Relative Error 0.46301743388175964
Epoch 482 Relative Error 0.4630744159221649
Epoch 483 Relative Error 0.46300092339515686
Epoch 484 Relative Error 0.4631100296974182
Epoch 485 Relative Error 0.4629896581172943
Epoch 486 Relative Error 0.4629315435886383
Epoch 487 Relative Error 0.4629678428173065
Epoch 488 Relative Error 0.4629964828491211
Epoch 489 Relative Error 0.4629022479057312
Epoch 490 Relative Error 0.4628465473651886
Epoch 491 Relative Error 0.4628397226333618
Epoch 492 Relative Error 0.4628482162952423
Epoch 493 Relative Error 0.4629083573818207
Epoch 494 Relative Error 0.4629332721233368
Epoch 495 Relative Error 0.462801069021225
Epoch 496 Relative Error 0.4627763628959656
Epoch 497 Relative Error 0.4627333879470825
Epoch 498 Relative Error 0.46270981431007385
Epoch 499 Relative Error 0.4627648591995239
Epoch 500 Relative Error 0.46276789903640747
Epoch 501 Relative Error 0.462672621011734
Epoch 502 Relative Error 0.46269890666007996
Epoch 503 Relative Error 0.46267908811569214
Epoch 504 Relative Error 0.46263399720191956
Epoch 505 Relative Error 0.46283355355262756
Epoch 506 Relative Error 0.4627566635608673
Epoch 507 Relative Error 0.46276044845581055
Epoch 508 Relative Error 0.4625939726829529
Epoch 509 Relative Error 0.4625677466392517
Epoch 510 Relative Error 0.46265286207199097
Epoch 511 Relative Error 0.46282199025154114
Epoch 512 Relative Error 0.4628502130508423
Epoch 513 Relative Error 0.46301034092903137
Epoch 514 Relative Error 0.46253958344459534
Epoch 515 Relative Error 0.46241945028305054
Epoch 516 Relative Error 0.46246808767318726
Epoch 517 Relative Error 0.46255096793174744
Epoch 518 Relative Error 0.4627760946750641
Epoch 519 Relative Error 0.462516725063324
Epoch 520 Relative Error 0.46233779191970825
Epoch 521 Relative Error 0.46231669187545776
Epoch 522 Relative Error 0.4623967111110687
Epoch 523 Relative Error 0.46239060163497925
Epoch 524 Relative Error 0.46224090456962585
Epoch 525 Relative Error 0.46226146817207336
Epoch 526 Relative Error 0.46220842003822327
Epoch 527 Relative Error 0.46221238374710083
Epoch 528 Relative Error 0.4621710777282715
Epoch 529 Relative Error 0.4621795415878296
Epoch 530 Relative Error 0.46225449442863464
Epoch 531 Relative Error 0.46237441897392273
Epoch 532 Relative Error 0.4622209370136261
Epoch 533 Relative Error 0.46213239431381226
Epoch 534 Relative Error 0.4620911180973053
Epoch 535 Relative Error 0.462019681930542
Epoch 536 Relative Error 0.4620494544506073
Epoch 537 Relative Error 0.4620112478733063
Epoch 538 Relative Error 0.46207186579704285
Epoch 539 Relative Error 0.46201425790786743
Epoch 540 Relative Error 0.46200627088546753
Epoch 541 Relative Error 0.46199092268943787
Epoch 542 Relative Error 0.4619041085243225
Epoch 543 Relative Error 0.4618399739265442
Epoch 544 Relative Error 0.46188414096832275
Epoch 545 Relative Error 0.46184688806533813
Epoch 546 Relative Error 0.46188485622406006
Epoch 547 Relative Error 0.4618365466594696
Epoch 548 Relative Error 0.46183401346206665
Epoch 549 Relative Error 0.46179547905921936
Epoch 550 Relative Error 0.46188420057296753
Epoch 551 Relative Error 0.4617498815059662
Epoch 552 Relative Error 0.46201685070991516
Epoch 553 Relative Error 0.4618164896965027
Epoch 554 Relative Error 0.46177002787590027
Epoch 555 Relative Error 0.4617275595664978
Epoch 556 Relative Error 0.46171683073043823
Epoch 557 Relative Error 0.46166473627090454
Epoch 558 Relative Error 0.461764395236969
Epoch 559 Relative Error 0.4616721570491791
Epoch 560 Relative Error 0.4616372287273407
Epoch 561 Relative Error 0.46174582839012146
Epoch 562 Relative Error 0.4617530405521393
Epoch 563 Relative Error 0.4616538882255554
Epoch 564 Relative Error 0.46149125695228577
Epoch 565 Relative Error 0.4615015387535095
Epoch 566 Relative Error 0.46148231625556946
Epoch 567 Relative Error 0.4615071415901184
Epoch 568 Relative Error 0.4614286720752716
Epoch 569 Relative Error 0.46140971779823303
Epoch 570 Relative Error 0.4613880217075348
Epoch 571 Relative Error 0.461465060710907
Epoch 572 Relative Error 0.46143949031829834
Epoch 573 Relative Error 0.46136555075645447
Epoch 574 Relative Error 0.4613170623779297
Epoch 575 Relative Error 0.4613097608089447
Epoch 576 Relative Error 0.4612720310688019
Epoch 577 Relative Error 0.46138614416122437
Epoch 578 Relative Error 0.4612806439399719
Epoch 579 Relative Error 0.46125614643096924
Epoch 580 Relative Error 0.46120592951774597
Epoch 581 Relative Error 0.4612337052822113
Epoch 582 Relative Error 0.46117669343948364
Epoch 583 Relative Error 0.4611802101135254
Epoch 584 Relative Error 0.4613162875175476
Epoch 585 Relative Error 0.4612996578216553
Epoch 586 Relative Error 0.46114394068717957
Epoch 587 Relative Error 0.4612042009830475
Epoch 588 Relative Error 0.4613305628299713
Epoch 589 Relative Error 0.4614074230194092
Epoch 590 Relative Error 0.461057186126709
Epoch 591 Relative Error 0.4610174298286438
Epoch 592 Relative Error 0.46107614040374756
Epoch 593 Relative Error 0.4609839916229248
Epoch 594 Relative Error 0.4610767662525177
Epoch 595 Relative Error 0.46137529611587524
Epoch 596 Relative Error 0.4611043930053711
Epoch 597 Relative Error 0.4610145688056946
Epoch 598 Relative Error 0.4611932933330536
Epoch 599 Relative Error 0.46109235286712646
Epoch 600 Relative Error 0.460858017206192
Epoch 601 Relative Error 0.46077823638916016
Epoch 602 Relative Error 0.46083134412765503
Epoch 603 Relative Error 0.46080949902534485
Epoch 604 Relative Error 0.4608311653137207
Epoch 605 Relative Error 0.4608086049556732
Epoch 606 Relative Error 0.4608471691608429
Epoch 607 Relative Error 0.4610927999019623
Epoch 608 Relative Error 0.46136465668678284
Epoch 609 Relative Error 0.46190595626831055
Epoch 610 Relative Error 0.46097663044929504
Epoch 611 Relative Error 0.4609789550304413
Epoch 612 Relative Error 0.46067118644714355
Epoch 613 Relative Error 0.460673063993454
Epoch 614 Relative Error 0.46055877208709717
Epoch 615 Relative Error 0.460862398147583
Epoch 616 Relative Error 0.4605652093887329
Epoch 617 Relative Error 0.4606534540653229
Epoch 618 Relative Error 0.4610680639743805
Epoch 619 Relative Error 0.4608103334903717
Epoch 620 Relative Error 0.46069014072418213
Epoch 621 Relative Error 0.4604732096195221
Epoch 622 Relative Error 0.46073588728904724
Epoch 623 Relative Error 0.46058669686317444
Epoch 624 Relative Error 0.46050211787223816
Epoch 625 Relative Error 0.460403710603714
Epoch 626 Relative Error 0.4604942202568054
Epoch 627 Relative Error 0.46037355065345764
Epoch 628 Relative Error 0.4603397846221924
Epoch 629 Relative Error 0.46034398674964905
Epoch 630 Relative Error 0.46044275164604187
Epoch 631 Relative Error 0.4602926969528198
Epoch 632 Relative Error 0.46033939719200134
Epoch 633 Relative Error 0.4602605104446411
Epoch 634 Relative Error 0.4602549374103546
Epoch 635 Relative Error 0.4602782130241394
Epoch 636 Relative Error 0.4602357745170593
Epoch 637 Relative Error 0.4602796137332916
Epoch 638 Relative Error 0.46018150448799133
Epoch 639 Relative Error 0.4606175422668457
Epoch 640 Relative Error 0.4602797031402588
Epoch 641 Relative Error 0.46013838052749634
Epoch 642 Relative Error 0.4601152539253235
Epoch 643 Relative Error 0.46022430062294006
Epoch 644 Relative Error 0.46006059646606445
Epoch 645 Relative Error 0.4600323438644409
Epoch 646 Relative Error 0.46002113819122314
Epoch 647 Relative Error 0.46006205677986145
Epoch 648 Relative Error 0.4600547254085541
Epoch 649 Relative Error 0.45998522639274597
Epoch 650 Relative Error 0.4599882662296295
Epoch 651 Relative Error 0.4600207805633545
Epoch 652 Relative Error 0.4599000811576843
Epoch 653 Relative Error 0.4601444900035858
Epoch 654 Relative Error 0.4600726366043091
Epoch 655 Relative Error 0.46013832092285156
Epoch 656 Relative Error 0.4601266384124756
Epoch 657 Relative Error 0.4597902297973633
Epoch 658 Relative Error 0.45974379777908325
Epoch 659 Relative Error 0.4597562849521637
Epoch 660 Relative Error 0.45979514718055725
Epoch 661 Relative Error 0.4597708582878113
Epoch 662 Relative Error 0.45983877778053284
Epoch 663 Relative Error 0.45976895093917847
Epoch 664 Relative Error 0.45966672897338867
Epoch 665 Relative Error 0.4596772789955139
Epoch 666 Relative Error 0.4597049951553345
Epoch 667 Relative Error 0.4597305655479431
Epoch 668 Relative Error 0.4597390294075012
Epoch 669 Relative Error 0.4598231911659241
Epoch 670 Relative Error 0.45999565720558167
Epoch 671 Relative Error 0.4595620930194855
Epoch 672 Relative Error 0.45957040786743164
Epoch 673 Relative Error 0.4595146179199219
Epoch 674 Relative Error 0.45948702096939087
Epoch 675 Relative Error 0.4596080482006073
Epoch 676 Relative Error 0.4594406187534332
Epoch 677 Relative Error 0.4594356417655945
Epoch 678 Relative Error 0.459519624710083
Epoch 679 Relative Error 0.45952531695365906
Epoch 680 Relative Error 0.4595446288585663
Epoch 681 Relative Error 0.4594646394252777
Epoch 682 Relative Error 0.45945608615875244
Epoch 683 Relative Error 0.45936545729637146
Epoch 684 Relative Error 0.459316611289978
Epoch 685 Relative Error 0.4592781662940979
Epoch 686 Relative Error 0.45928728580474854
Epoch 687 Relative Error 0.4593141973018646
Epoch 688 Relative Error 0.45937591791152954
Epoch 689 Relative Error 0.4595482051372528
Epoch 690 Relative Error 0.45926931500434875
Epoch 691 Relative Error 0.45919057726860046
Epoch 692 Relative Error 0.45920708775520325
Epoch 693 Relative Error 0.4594905376434326
Epoch 694 Relative Error 0.45934832096099854
Epoch 695 Relative Error 0.4594704806804657
Epoch 696 Relative Error 0.4591081440448761
Epoch 697 Relative Error 0.4590827226638794
Epoch 698 Relative Error 0.4592161476612091
Epoch 699 Relative Error 0.4591306746006012
Epoch 700 Relative Error 0.45934510231018066
Epoch 701 Relative Error 0.4590657949447632
Epoch 702 Relative Error 0.4590097665786743
Epoch 703 Relative Error 0.4589879810810089
Epoch 704 Relative Error 0.4589408338069916
Epoch 705 Relative Error 0.4589540660381317
Epoch 706 Relative Error 0.4588908851146698
Epoch 707 Relative Error 0.4592297375202179
Epoch 708 Relative Error 0.45925870537757874
Epoch 709 Relative Error 0.45906615257263184
Epoch 710 Relative Error 0.4588320255279541
Epoch 711 Relative Error 0.45897376537323
Epoch 712 Relative Error 0.45894521474838257
Epoch 713 Relative Error 0.4588231146335602
Epoch 714 Relative Error 0.4588073194026947
Epoch 715 Relative Error 0.4588997960090637
Epoch 716 Relative Error 0.45879828929901123
Epoch 717 Relative Error 0.45873546600341797
Epoch 718 Relative Error 0.45877182483673096
Epoch 719 Relative Error 0.4588044285774231
Epoch 720 Relative Error 0.4589107930660248
Epoch 721 Relative Error 0.45884621143341064
Epoch 722 Relative Error 0.45904380083084106
Epoch 723 Relative Error 0.45869162678718567
Epoch 724 Relative Error 0.4588581621646881
Epoch 725 Relative Error 0.4586040675640106
Epoch 726 Relative Error 0.45860645174980164
Epoch 727 Relative Error 0.45854252576828003
Epoch 728 Relative Error 0.4585084617137909
Epoch 729 Relative Error 0.4585894048213959
Epoch 730 Relative Error 0.4585466980934143
Epoch 731 Relative Error 0.4584832489490509
Epoch 732 Relative Error 0.4584595561027527
Epoch 733 Relative Error 0.4584868550300598
Epoch 734 Relative Error 0.458449125289917
Epoch 735 Relative Error 0.45844918489456177
Epoch 736 Relative Error 0.4589695334434509
Epoch 737 Relative Error 0.45851197838783264
Epoch 738 Relative Error 0.45840319991111755
Epoch 739 Relative Error 0.45834851264953613
Epoch 740 Relative Error 0.4583504796028137
Epoch 741 Relative Error 0.4582907259464264
Epoch 742 Relative Error 0.45825889706611633
Epoch 743 Relative Error 0.4582894444465637
Epoch 744 Relative Error 0.4582445025444031
Epoch 745 Relative Error 0.4582042694091797
Epoch 746 Relative Error 0.4583735764026642
Epoch 747 Relative Error 0.4583941698074341
Epoch 748 Relative Error 0.4584527015686035
Epoch 749 Relative Error 0.4584471583366394
Epoch 750 Relative Error 0.458159863948822
Epoch 751 Relative Error 0.4580952525138855
Epoch 752 Relative Error 0.4580768346786499
Epoch 753 Relative Error 0.4582251012325287
Epoch 754 Relative Error 0.45818591117858887
Epoch 755 Relative Error 0.4581533372402191
Epoch 756 Relative Error 0.45805659890174866
Epoch 757 Relative Error 0.4580094516277313
Epoch 758 Relative Error 0.45799070596694946
Epoch 759 Relative Error 0.45798906683921814
Epoch 760 Relative Error 0.45800110697746277
Epoch 761 Relative Error 0.45792320370674133
Epoch 762 Relative Error 0.457900732755661
Epoch 763 Relative Error 0.4579046070575714
Epoch 764 Relative Error 0.4578406810760498
Epoch 765 Relative Error 0.4578440487384796
Epoch 766 Relative Error 0.4578232169151306
Epoch 767 Relative Error 0.45805811882019043
Epoch 768 Relative Error 0.45787790417671204
Epoch 769 Relative Error 0.45818039774894714
Epoch 770 Relative Error 0.45803552865982056
Epoch 771 Relative Error 0.45793309807777405
Epoch 772 Relative Error 0.45776355266571045
Epoch 773 Relative Error 0.45773229002952576
Epoch 774 Relative Error 0.45773810148239136
Epoch 775 Relative Error 0.4576510787010193
Epoch 776 Relative Error 0.45763102173805237
Epoch 777 Relative Error 0.457649290561676
Epoch 778 Relative Error 0.4576626121997833
Epoch 779 Relative Error 0.45766526460647583
Epoch 780 Relative Error 0.4575808346271515
Epoch 781 Relative Error 0.45754697918891907
Epoch 782 Relative Error 0.45769235491752625
Epoch 783 Relative Error 0.4575483202934265
Epoch 784 Relative Error 0.45759716629981995
Epoch 785 Relative Error 0.45755434036254883
Epoch 786 Relative Error 0.45750194787979126
Epoch 787 Relative Error 0.4575865566730499
Epoch 788 Relative Error 0.4574587345123291
Epoch 789 Relative Error 0.45744770765304565
Epoch 790 Relative Error 0.45746859908103943
Epoch 791 Relative Error 0.45756858587265015
Epoch 792 Relative Error 0.4573745131492615
Epoch 793 Relative Error 0.4573359191417694
Epoch 794 Relative Error 0.45740437507629395
Epoch 795 Relative Error 0.45744025707244873
Epoch 796 Relative Error 0.4572685956954956
Epoch 797 Relative Error 0.4573187232017517
Epoch 798 Relative Error 0.4572502672672272
Epoch 799 Relative Error 0.45723411440849304
Epoch 800 Relative Error 0.45727789402008057
Epoch 801 Relative Error 0.45724859833717346
Epoch 802 Relative Error 0.4572769105434418
Epoch 803 Relative Error 0.45732319355010986
Epoch 804 Relative Error 0.45713165402412415
Epoch 805 Relative Error 0.45718857645988464
Epoch 806 Relative Error 0.4572514295578003
Epoch 807 Relative Error 0.4571337103843689
Epoch 808 Relative Error 0.4572227895259857
Epoch 809 Relative Error 0.45707499980926514
Epoch 810 Relative Error 0.4570915699005127
Epoch 811 Relative Error 0.4570866525173187
Epoch 812 Relative Error 0.4570889174938202
Epoch 813 Relative Error 0.45706138014793396
Epoch 814 Relative Error 0.4569704532623291
Epoch 815 Relative Error 0.4570370316505432
Epoch 816 Relative Error 0.456927090883255
Epoch 817 Relative Error 0.45690780878067017
Epoch 818 Relative Error 0.45696064829826355
Epoch 819 Relative Error 0.4569210112094879
Epoch 820 Relative Error 0.4568864107131958
Epoch 821 Relative Error 0.4570249319076538
Epoch 822 Relative Error 0.45688173174858093
Epoch 823 Relative Error 0.45682385563850403
Epoch 824 Relative Error 0.45680052042007446
Epoch 825 Relative Error 0.45696789026260376
Epoch 826 Relative Error 0.4568244218826294
Epoch 827 Relative Error 0.45674341917037964
Epoch 828 Relative Error 0.4567888677120209
Epoch 829 Relative Error 0.4567139446735382
Epoch 830 Relative Error 0.4566759169101715
Epoch 831 Relative Error 0.456618070602417
Epoch 832 Relative Error 0.45667386054992676
Epoch 833 Relative Error 0.4566364586353302
Epoch 834 Relative Error 0.45664501190185547
Epoch 835 Relative Error 0.45671549439430237
Epoch 836 Relative Error 0.4566068649291992
Epoch 837 Relative Error 0.4566340148448944
Epoch 838 Relative Error 0.45654574036598206
Epoch 839 Relative Error 0.45681172609329224
Epoch 840 Relative Error 0.4565679728984833
Epoch 841 Relative Error 0.45664048194885254
Epoch 842 Relative Error 0.45648953318595886
Epoch 843 Relative Error 0.456440806388855
Epoch 844 Relative Error 0.4564400017261505
Epoch 845 Relative Error 0.45653098821640015
Epoch 846 Relative Error 0.4564271569252014
Epoch 847 Relative Error 0.4565650224685669
Epoch 848 Relative Error 0.45665380358695984
Epoch 849 Relative Error 0.4566792845726013
Epoch 850 Relative Error 0.4569348096847534
Epoch 851 Relative Error 0.45733577013015747
Epoch 852 Relative Error 0.45724740624427795
Epoch 853 Relative Error 0.45645466446876526
Epoch 854 Relative Error 0.45657241344451904
Epoch 855 Relative Error 0.4562274217605591
Epoch 856 Relative Error 0.4564162492752075
Epoch 857 Relative Error 0.4562089741230011
Epoch 858 Relative Error 0.4562308192253113
Epoch 859 Relative Error 0.45631685853004456
Epoch 860 Relative Error 0.4563242197036743
Epoch 861 Relative Error 0.4566054940223694
Epoch 862 Relative Error 0.45733290910720825
Epoch 863 Relative Error 0.4561610519886017
Epoch 864 Relative Error 0.4562046229839325
Epoch 865 Relative Error 0.4562162756919861
Epoch 866 Relative Error 0.45621517300605774
Epoch 867 Relative Error 0.4560239017009735
Epoch 868 Relative Error 0.4561295509338379
Epoch 869 Relative Error 0.4560481607913971
Epoch 870 Relative Error 0.4559403657913208
Epoch 871 Relative Error 0.4564172327518463
Epoch 872 Relative Error 0.45614686608314514
Epoch 873 Relative Error 0.45634573698043823
Epoch 874 Relative Error 0.4562535285949707
Epoch 875 Relative Error 0.45598095655441284
Epoch 876 Relative Error 0.4559757113456726
Epoch 877 Relative Error 0.4558752775192261
Epoch 878 Relative Error 0.4558846652507782
Epoch 879 Relative Error 0.4561023712158203
Epoch 880 Relative Error 0.4557897746562958
Epoch 881 Relative Error 0.45591509342193604
Epoch 882 Relative Error 0.4560055732727051
Epoch 883 Relative Error 0.4559132754802704
Epoch 884 Relative Error 0.45594269037246704
Epoch 885 Relative Error 0.45573142170906067
Epoch 886 Relative Error 0.4556998908519745
Epoch 887 Relative Error 0.4557572901248932
Epoch 888 Relative Error 0.4557380974292755
Epoch 889 Relative Error 0.4556466042995453
Epoch 890 Relative Error 0.4556241035461426
Epoch 891 Relative Error 0.45560410618782043
Epoch 892 Relative Error 0.4557422399520874
Epoch 893 Relative Error 0.45573529601097107
Epoch 894 Relative Error 0.4557586908340454
Epoch 895 Relative Error 0.4555191397666931
Epoch 896 Relative Error 0.45554566383361816
Epoch 897 Relative Error 0.4557247459888458
Epoch 898 Relative Error 0.45556965470314026
Epoch 899 Relative Error 0.4554601013660431
Epoch 900 Relative Error 0.4556088149547577
Epoch 901 Relative Error 0.4556567668914795
Epoch 902 Relative Error 0.4560481309890747
Epoch 903 Relative Error 0.45545288920402527
Epoch 904 Relative Error 0.45541781187057495
Epoch 905 Relative Error 0.45569589734077454
Epoch 906 Relative Error 0.4554900527000427
Epoch 907 Relative Error 0.4553224742412567
Epoch 908 Relative Error 0.45532047748565674
Epoch 909 Relative Error 0.4552704989910126
Epoch 910 Relative Error 0.45556551218032837
Epoch 911 Relative Error 0.45536166429519653
Epoch 912 Relative Error 0.45539894700050354
Epoch 913 Relative Error 0.45548927783966064
Epoch 914 Relative Error 0.4551805853843689
Epoch 915 Relative Error 0.45535415410995483
Epoch 916 Relative Error 0.4551464021205902
Epoch 917 Relative Error 0.4551256597042084
Epoch 918 Relative Error 0.455136239528656
Epoch 919 Relative Error 0.4551181495189667
Epoch 920 Relative Error 0.45518958568573
Epoch 921 Relative Error 0.45512717962265015
Epoch 922 Relative Error 0.45510727167129517
Epoch 923 Relative Error 0.4552760124206543
Epoch 924 Relative Error 0.45529162883758545
Epoch 925 Relative Error 0.4552169442176819
Epoch 926 Relative Error 0.4550548493862152
Epoch 927 Relative Error 0.4549456834793091
Epoch 928 Relative Error 0.45493409037590027
Epoch 929 Relative Error 0.45492520928382874
Epoch 930 Relative Error 0.45488184690475464
Epoch 931 Relative Error 0.45489421486854553
Epoch 932 Relative Error 0.45489877462387085
Epoch 933 Relative Error 0.4548354744911194
Epoch 934 Relative Error 0.4550268054008484
Epoch 935 Relative Error 0.4552671015262604
Epoch 936 Relative Error 0.45485401153564453
Epoch 937 Relative Error 0.45490196347236633
Epoch 938 Relative Error 0.45494508743286133
Epoch 939 Relative Error 0.45550331473350525
Epoch 940 Relative Error 0.4546939730644226
Epoch 941 Relative Error 0.4546952247619629
Epoch 942 Relative Error 0.4549379050731659
Epoch 943 Relative Error 0.4546727240085602
Epoch 944 Relative Error 0.45464393496513367
Epoch 945 Relative Error 0.4546521306037903
Epoch 946 Relative Error 0.45461535453796387
Epoch 947 Relative Error 0.45460495352745056
Epoch 948 Relative Error 0.4545896053314209
Epoch 949 Relative Error 0.45454880595207214
Epoch 950 Relative Error 0.45455658435821533
Epoch 951 Relative Error 0.45465677976608276
Epoch 952 Relative Error 0.45460134744644165
Epoch 953 Relative Error 0.45462244749069214
Epoch 954 Relative Error 0.45452627539634705
Epoch 955 Relative Error 0.4544822573661804
Epoch 956 Relative Error 0.45443493127822876
Epoch 957 Relative Error 0.4544539749622345
Epoch 958 Relative Error 0.4543831944465637
Epoch 959 Relative Error 0.45438820123672485
Epoch 960 Relative Error 0.45437949895858765
Epoch 961 Relative Error 0.45450207591056824
Epoch 962 Relative Error 0.45433491468429565
Epoch 963 Relative Error 0.4543508291244507
Epoch 964 Relative Error 0.4543837904930115
Epoch 965 Relative Error 0.4543198049068451
Epoch 966 Relative Error 0.4542985260486603
Epoch 967 Relative Error 0.45426827669143677
Epoch 968 Relative Error 0.45435166358947754
Epoch 969 Relative Error 0.45419204235076904
Epoch 970 Relative Error 0.4541809558868408
Epoch 971 Relative Error 0.45422038435935974
Epoch 972 Relative Error 0.4541306793689728
Epoch 973 Relative Error 0.45414480566978455
Epoch 974 Relative Error 0.4541580080986023
Epoch 975 Relative Error 0.45408642292022705
Epoch 976 Relative Error 0.45409756898880005
Epoch 977 Relative Error 0.4543537199497223
Epoch 978 Relative Error 0.4542185068130493
Epoch 979 Relative Error 0.4540165662765503
Epoch 980 Relative Error 0.45404723286628723
Epoch 981 Relative Error 0.45419827103614807
Epoch 982 Relative Error 0.4541623890399933
Epoch 983 Relative Error 0.45398351550102234
Epoch 984 Relative Error 0.4539649486541748
Epoch 985 Relative Error 0.45395609736442566
Epoch 986 Relative Error 0.45394983887672424
Epoch 987 Relative Error 0.45404714345932007
Epoch 988 Relative Error 0.45410600304603577
Epoch 989 Relative Error 0.45419204235076904
Epoch 990 Relative Error 0.4539355933666229
Epoch 991 Relative Error 0.4539072811603546
Epoch 992 Relative Error 0.4538104832172394
Epoch 993 Relative Error 0.45401355624198914
Epoch 994 Relative Error 0.45408520102500916
Epoch 995 Relative Error 0.45410025119781494
Epoch 996 Relative Error 0.4538603723049164
Epoch 997 Relative Error 0.45370426774024963
Epoch 998 Relative Error 0.45369651913642883
Epoch 999 Relative Error 0.4536755681037903
Epoch 1000 Relative Error 0.4536578357219696
RE (3, 9, 25, 0): 0.4536578357219696
Green's Function RE (3, 9, 25, 0): 0.25465336441993713
Bias Term RE (3, 9, 25, 0): 0.10837014764547348
Combination (3, 9, 25, 0, 0): 0.4536578357219696
Combination (3, 9, 25, 0, 1): 0.4520573019981384
Combination (3, 9, 25, 0, 2): 0.45153844356536865
Combination (3, 9, 25, 0, 3): 0.4513626992702484
Combination (3, 9, 25, 0, 4): 0.4512753486633301

/home/gridsan/gstepaniants/.local/lib/python3.8/site-packages/torch/functional.py:478: UserWarning: torch.meshgrid: in an upcoming release, it will be required to pass the indexing argument. (Triggered internally at  ../aten/src/ATen/native/TensorShape.cpp:2895.)
  return _VF.meshgrid(tensors, **kwargs)  # type: ignore[attr-defined]
