[KeOps] Warning : Cuda libraries were not detected on the system ; using cpu only mode
1
Kernel: Matern5/2
Weight Mesh: 100
RKHS Kernel Width: 0.1
Lambda: 1e-06
Green's Function Learning Rate: 100
Bias Term Learning Rate: 100
Epoch 1 Relative Error 18320.400390625
First epoch had re = 18320.400390625 > 1
Green's Function Learning Rate: 50
Bias Term Learning Rate: 50
Epoch 1 Relative Error 11643.888671875
First epoch had re = 11643.888671875 > 1
Green's Function Learning Rate: 10
Bias Term Learning Rate: 10
Epoch 1 Relative Error 2666.4462890625
First epoch had re = 2666.4462890625 > 1
Green's Function Learning Rate: 5
Bias Term Learning Rate: 5
Epoch 1 Relative Error 1385.40771484375
First epoch had re = 1385.40771484375 > 1
Green's Function Learning Rate: 1
Bias Term Learning Rate: 1
Epoch 1 Relative Error 208.37905883789062
First epoch had re = 208.37905883789062 > 1
Green's Function Learning Rate: 0.5
Bias Term Learning Rate: 0.5
Epoch 1 Relative Error 104.21678924560547
First epoch had re = 104.21678924560547 > 1
Green's Function Learning Rate: 0.1
Bias Term Learning Rate: 0.1
Epoch 1 Relative Error 21.560211181640625
First epoch had re = 21.560211181640625 > 1
Green's Function Learning Rate: 0.05
Bias Term Learning Rate: 0.05
Epoch 1 Relative Error 10.453998565673828
First epoch had re = 10.453998565673828 > 1
Green's Function Learning Rate: 0.01
Bias Term Learning Rate: 0.01
Epoch 1 Relative Error 1.8351099491119385
First epoch had re = 1.8351099491119385 > 1
Green's Function Learning Rate: 0.005
Bias Term Learning Rate: 0.005
Epoch 1 Relative Error 1.0154277086257935
First epoch had re = 1.0154277086257935 > 1
Green's Function Learning Rate: 0.001
Bias Term Learning Rate: 0.001
Epoch 1 Relative Error 0.6917884349822998
Epoch 2 Relative Error 0.59394770860672
Epoch 3 Relative Error 0.4188382029533386
Epoch 4 Relative Error 0.3741894066333771
Epoch 5 Relative Error 0.31989172101020813
Epoch 6 Relative Error 0.21781784296035767
Epoch 7 Relative Error 0.1863202154636383
Epoch 8 Relative Error 0.16139653325080872
Epoch 9 Relative Error 0.1497613936662674
Epoch 10 Relative Error 0.12836101651191711
Epoch 11 Relative Error 0.12132623791694641
Epoch 12 Relative Error 0.10784152895212173
Epoch 13 Relative Error 0.09847241640090942
Epoch 14 Relative Error 0.0933787003159523
Epoch 15 Relative Error 0.08983596414327621
Epoch 16 Relative Error 0.0866868868470192
Epoch 17 Relative Error 0.08291816711425781
Epoch 18 Relative Error 0.08183969557285309
Epoch 19 Relative Error 0.07916669547557831
Epoch 20 Relative Error 0.07774602621793747
Epoch 21 Relative Error 0.07610785961151123
Epoch 22 Relative Error 0.07462145388126373
Epoch 23 Relative Error 0.07321665436029434
Epoch 24 Relative Error 0.0720851793885231
Epoch 25 Relative Error 0.07106933742761612
Epoch 26 Relative Error 0.06984678655862808
Epoch 27 Relative Error 0.06878714263439178
Epoch 28 Relative Error 0.06782842427492142
Epoch 29 Relative Error 0.06692362576723099
Epoch 30 Relative Error 0.06598757207393646
Epoch 31 Relative Error 0.06510089337825775
Epoch 32 Relative Error 0.0642925426363945
Epoch 33 Relative Error 0.0635313168168068
Epoch 34 Relative Error 0.06274522095918655
Epoch 35 Relative Error 0.06204800307750702
Epoch 36 Relative Error 0.06135076284408569
Epoch 37 Relative Error 0.06065744534134865
Epoch 38 Relative Error 0.06006142497062683
Epoch 39 Relative Error 0.059420812875032425
Epoch 40 Relative Error 0.058853402733802795
Epoch 41 Relative Error 0.058255039155483246
Epoch 42 Relative Error 0.05772332847118378
Epoch 43 Relative Error 0.057206619530916214
Epoch 44 Relative Error 0.056681275367736816
Epoch 45 Relative Error 0.05619348958134651
Epoch 46 Relative Error 0.05569695308804512
Epoch 47 Relative Error 0.0552411787211895
Epoch 48 Relative Error 0.05482008680701256
Epoch 49 Relative Error 0.054364096373319626
Epoch 50 Relative Error 0.05401739478111267
Epoch 51 Relative Error 0.05356771871447563
Epoch 52 Relative Error 0.0531332902610302
Epoch 53 Relative Error 0.05275851488113403
Epoch 54 Relative Error 0.052386801689863205
Epoch 55 Relative Error 0.0520036481320858
Epoch 56 Relative Error 0.05164584517478943
Epoch 57 Relative Error 0.05133888125419617
Epoch 58 Relative Error 0.0509326346218586
Epoch 59 Relative Error 0.05060127004981041
Epoch 60 Relative Error 0.05028783529996872
Epoch 61 Relative Error 0.049938399344682693
Epoch 62 Relative Error 0.04968726262450218
Epoch 63 Relative Error 0.04934510588645935
Epoch 64 Relative Error 0.04903806746006012
Epoch 65 Relative Error 0.04871104657649994
Epoch 66 Relative Error 0.048429448157548904
Epoch 67 Relative Error 0.04813171923160553
Epoch 68 Relative Error 0.04784928634762764
Epoch 69 Relative Error 0.04758542776107788
Epoch 70 Relative Error 0.04730270057916641
Epoch 71 Relative Error 0.047009725123643875
Epoch 72 Relative Error 0.04676986485719681
Epoch 73 Relative Error 0.04651527479290962
Epoch 74 Relative Error 0.046250130981206894
Epoch 75 Relative Error 0.0459727980196476
Epoch 76 Relative Error 0.045720819383859634
Epoch 77 Relative Error 0.045497793704271317
Epoch 78 Relative Error 0.04524379223585129
Epoch 79 Relative Error 0.044971972703933716
Epoch 80 Relative Error 0.044784463942050934
Epoch 81 Relative Error 0.04456498101353645
Epoch 82 Relative Error 0.044291745871305466
Epoch 83 Relative Error 0.044087935239076614
Epoch 84 Relative Error 0.04384921118617058
Epoch 85 Relative Error 0.04365437850356102
Epoch 86 Relative Error 0.04342607036232948
Epoch 87 Relative Error 0.043208442628383636
Epoch 88 Relative Error 0.04302303493022919
Epoch 89 Relative Error 0.042776476591825485
Epoch 90 Relative Error 0.04260526970028877
Epoch 91 Relative Error 0.04241330921649933
Epoch 92 Relative Error 0.042190901935100555
Epoch 93 Relative Error 0.04198995605111122
Epoch 94 Relative Error 0.04180325195193291
Epoch 95 Relative Error 0.041629742830991745
Epoch 96 Relative Error 0.041404832154512405
Epoch 97 Relative Error 0.041291285306215286
Epoch 98 Relative Error 0.04103895649313927
Epoch 99 Relative Error 0.04090422764420509
Epoch 100 Relative Error 0.040717724710702896
Epoch 101 Relative Error 0.040543731302022934
Epoch 102 Relative Error 0.04037083312869072
Epoch 103 Relative Error 0.04020507261157036
Epoch 104 Relative Error 0.04003234952688217
Epoch 105 Relative Error 0.03985339403152466
Epoch 106 Relative Error 0.03972242400050163
Epoch 107 Relative Error 0.03955463692545891
Epoch 108 Relative Error 0.03939567506313324
Epoch 109 Relative Error 0.03924521058797836
Epoch 110 Relative Error 0.03913470357656479
Epoch 111 Relative Error 0.038953982293605804
Epoch 112 Relative Error 0.03877536952495575
Epoch 113 Relative Error 0.03864890709519386
Epoch 114 Relative Error 0.03850584477186203
Epoch 115 Relative Error 0.03836989030241966
Epoch 116 Relative Error 0.038248173892498016
Epoch 117 Relative Error 0.03807761147618294
Epoch 118 Relative Error 0.03798456862568855
Epoch 119 Relative Error 0.0378156416118145
Epoch 120 Relative Error 0.037690263241529465
Epoch 121 Relative Error 0.0375729575753212
Epoch 122 Relative Error 0.037441808730363846
Epoch 123 Relative Error 0.03730439022183418
Epoch 124 Relative Error 0.03718153387308121
Epoch 125 Relative Error 0.0370701439678669
Epoch 126 Relative Error 0.03694190829992294
Epoch 127 Relative Error 0.03681647777557373
Epoch 128 Relative Error 0.036711156368255615
Epoch 129 Relative Error 0.036590199917554855
Epoch 130 Relative Error 0.036458179354667664
Epoch 131 Relative Error 0.03637947514653206
Epoch 132 Relative Error 0.036261700093746185
Epoch 133 Relative Error 0.03611849993467331
Epoch 134 Relative Error 0.03604067116975784
Epoch 135 Relative Error 0.03590803220868111
Epoch 136 Relative Error 0.03581807389855385
Epoch 137 Relative Error 0.035719119012355804
Epoch 138 Relative Error 0.035601016134023666
Epoch 139 Relative Error 0.035502683371305466
Epoch 140 Relative Error 0.035417672246694565
Epoch 141 Relative Error 0.035317014902830124
Epoch 142 Relative Error 0.0352175198495388
Epoch 143 Relative Error 0.03509717434644699
Epoch 144 Relative Error 0.035010725259780884
Epoch 145 Relative Error 0.03492462635040283
Epoch 146 Relative Error 0.03481358289718628
Epoch 147 Relative Error 0.034725312143564224
Epoch 148 Relative Error 0.034647706896066666
Epoch 149 Relative Error 0.03453017771244049
Epoch 150 Relative Error 0.03448471054434776
Epoch 151 Relative Error 0.03436194360256195
Epoch 152 Relative Error 0.03428177908062935
Epoch 153 Relative Error 0.034186676144599915
Epoch 154 Relative Error 0.034104011952877045
Epoch 155 Relative Error 0.03402065858244896
Epoch 156 Relative Error 0.03397145867347717
Epoch 157 Relative Error 0.0338592566549778
Epoch 158 Relative Error 0.0337969996035099
Epoch 159 Relative Error 0.03370627388358116
Epoch 160 Relative Error 0.03360901400446892
Epoch 161 Relative Error 0.03354357182979584
Epoch 162 Relative Error 0.033450718969106674
Epoch 163 Relative Error 0.033357590436935425
Epoch 164 Relative Error 0.03329945355653763
Epoch 165 Relative Error 0.033239152282476425
Epoch 166 Relative Error 0.03313092887401581
Epoch 167 Relative Error 0.033085454255342484
Epoch 168 Relative Error 0.03298649936914444
Epoch 169 Relative Error 0.03292544558644295
Epoch 170 Relative Error 0.0328560546040535
Epoch 171 Relative Error 0.032779283821582794
Epoch 172 Relative Error 0.03270629048347473
Epoch 173 Relative Error 0.03262697532773018
Epoch 174 Relative Error 0.0325845368206501
Epoch 175 Relative Error 0.03248048201203346
Epoch 176 Relative Error 0.03245042264461517
Epoch 177 Relative Error 0.03235936909914017
Epoch 178 Relative Error 0.03228235989809036
Epoch 179 Relative Error 0.032238274812698364
Epoch 180 Relative Error 0.032142821699380875
Epoch 181 Relative Error 0.032088372856378555
Epoch 182 Relative Error 0.032028768211603165
Epoch 183 Relative Error 0.031955868005752563
Epoch 184 Relative Error 0.031890202313661575
Epoch 185 Relative Error 0.031838543713092804
Epoch 186 Relative Error 0.03175218403339386
Epoch 187 Relative Error 0.03169030323624611
Epoch 188 Relative Error 0.03163085877895355
Epoch 189 Relative Error 0.03157957270741463
Epoch 190 Relative Error 0.03150968253612518
Epoch 191 Relative Error 0.031468961387872696
Epoch 192 Relative Error 0.031388167291879654
Epoch 193 Relative Error 0.031333621591329575
Epoch 194 Relative Error 0.0312592051923275
Epoch 195 Relative Error 0.031223854050040245
Epoch 196 Relative Error 0.03116908296942711
Epoch 197 Relative Error 0.03111172281205654
Epoch 198 Relative Error 0.03103933483362198
Epoch 199 Relative Error 0.03097822144627571
Epoch 200 Relative Error 0.030945193022489548
Epoch 201 Relative Error 0.030858466401696205
Epoch 202 Relative Error 0.030846841633319855
Epoch 203 Relative Error 0.030772870406508446
Epoch 204 Relative Error 0.030713992193341255
Epoch 205 Relative Error 0.030644990503787994
Epoch 206 Relative Error 0.030578570440411568
Epoch 207 Relative Error 0.03055448830127716
Epoch 208 Relative Error 0.030465364456176758
Epoch 209 Relative Error 0.0304269976913929
Epoch 210 Relative Error 0.03037554770708084
Epoch 211 Relative Error 0.03031310811638832
Epoch 212 Relative Error 0.030268780887126923
Epoch 213 Relative Error 0.030208799988031387
Epoch 214 Relative Error 0.030169710516929626
Epoch 215 Relative Error 0.03010609559714794
Epoch 216 Relative Error 0.030077774077653885
Epoch 217 Relative Error 0.0299979317933321
Epoch 218 Relative Error 0.029949871823191643
Epoch 219 Relative Error 0.02991374209523201
Epoch 220 Relative Error 0.029850391671061516
Epoch 221 Relative Error 0.02979152649641037
Epoch 222 Relative Error 0.029786191880702972
Epoch 223 Relative Error 0.029734088107943535
Epoch 224 Relative Error 0.029692577198147774
Epoch 225 Relative Error 0.029610032215714455
Epoch 226 Relative Error 0.029565168544650078
Epoch 227 Relative Error 0.029500633478164673
Epoch 228 Relative Error 0.02949400804936886
Epoch 229 Relative Error 0.029432540759444237
Epoch 230 Relative Error 0.0293692909181118
Epoch 231 Relative Error 0.029318850487470627
Epoch 232 Relative Error 0.029280219227075577
Epoch 233 Relative Error 0.02924245595932007
Epoch 234 Relative Error 0.029176803305745125
Epoch 235 Relative Error 0.02917822077870369
Epoch 236 Relative Error 0.02908913791179657
Epoch 237 Relative Error 0.02905132807791233
Epoch 238 Relative Error 0.029008621349930763
Epoch 239 Relative Error 0.028961405158042908
Epoch 240 Relative Error 0.028906194493174553
Epoch 241 Relative Error 0.028874652460217476
Epoch 242 Relative Error 0.028832774609327316
Epoch 243 Relative Error 0.028794072568416595
Epoch 244 Relative Error 0.028758415952324867
Epoch 245 Relative Error 0.02871643751859665
Epoch 246 Relative Error 0.028646351769566536
Epoch 247 Relative Error 0.028631635010242462
Epoch 248 Relative Error 0.028560418635606766
Epoch 249 Relative Error 0.028519025072455406
Epoch 250 Relative Error 0.02848740667104721
Epoch 251 Relative Error 0.028426585718989372
Epoch 252 Relative Error 0.028407076373696327
Epoch 253 Relative Error 0.028343217447400093
Epoch 254 Relative Error 0.02831563912332058
Epoch 255 Relative Error 0.028272349387407303
Epoch 256 Relative Error 0.028224382549524307
Epoch 257 Relative Error 0.02819998934864998
Epoch 258 Relative Error 0.0281484704464674
Epoch 259 Relative Error 0.02811836265027523
Epoch 260 Relative Error 0.028082342818379402
Epoch 261 Relative Error 0.028034625574946404
Epoch 262 Relative Error 0.027990493923425674
Epoch 263 Relative Error 0.027952834963798523
Epoch 264 Relative Error 0.027904633432626724
Epoch 265 Relative Error 0.02786649577319622
Epoch 266 Relative Error 0.027833009138703346
Epoch 267 Relative Error 0.027800576761364937
Epoch 268 Relative Error 0.027746861800551414
Epoch 269 Relative Error 0.02771225944161415
Epoch 270 Relative Error 0.02768607810139656
Epoch 271 Relative Error 0.027640467509627342
Epoch 272 Relative Error 0.027619415894150734
Epoch 273 Relative Error 0.027578888460993767
Epoch 274 Relative Error 0.02753176912665367
Epoch 275 Relative Error 0.027507100254297256
Epoch 276 Relative Error 0.027453385293483734
Epoch 277 Relative Error 0.02742179110646248
Epoch 278 Relative Error 0.027392355725169182
Epoch 279 Relative Error 0.027359094470739365
Epoch 280 Relative Error 0.027295652776956558
Epoch 281 Relative Error 0.027286158874630928
Epoch 282 Relative Error 0.027248671278357506
Epoch 283 Relative Error 0.02719898894429207
Epoch 284 Relative Error 0.02717014029622078
Epoch 285 Relative Error 0.02712937630712986
Epoch 286 Relative Error 0.027094820514321327
Epoch 287 Relative Error 0.02707378938794136
Epoch 288 Relative Error 0.02703256905078888
Epoch 289 Relative Error 0.0269777812063694
Epoch 290 Relative Error 0.026951882988214493
Epoch 291 Relative Error 0.026919659227132797
Epoch 292 Relative Error 0.026889370754361153
Epoch 293 Relative Error 0.026849914342164993
Epoch 294 Relative Error 0.026830965653061867
Epoch 295 Relative Error 0.026777777820825577
Epoch 296 Relative Error 0.026754146441817284
Epoch 297 Relative Error 0.0267218966037035
Epoch 298 Relative Error 0.026690427213907242
Epoch 299 Relative Error 0.026652762666344643
Epoch 300 Relative Error 0.026612037792801857
Epoch 301 Relative Error 0.02658172883093357
Epoch 302 Relative Error 0.02655877359211445
Epoch 303 Relative Error 0.026518044993281364
Epoch 304 Relative Error 0.026492517441511154
Epoch 305 Relative Error 0.026448071002960205
Epoch 306 Relative Error 0.026421183720231056
Epoch 307 Relative Error 0.02639920264482498
Epoch 308 Relative Error 0.02635856531560421
Epoch 309 Relative Error 0.026331162080168724
Epoch 310 Relative Error 0.026305532082915306
Epoch 311 Relative Error 0.026265515014529228
Epoch 312 Relative Error 0.02624957449734211
Epoch 313 Relative Error 0.02623940072953701
Epoch 314 Relative Error 0.026189615949988365
Epoch 315 Relative Error 0.026152655482292175
Epoch 316 Relative Error 0.026126679033041
Epoch 317 Relative Error 0.026093974709510803
Epoch 318 Relative Error 0.026046589016914368
Epoch 319 Relative Error 0.026028214022517204
Epoch 320 Relative Error 0.025989601388573647
Epoch 321 Relative Error 0.02597396820783615
Epoch 322 Relative Error 0.02595459297299385
Epoch 323 Relative Error 0.025920668616890907
Epoch 324 Relative Error 0.025909509509801865
Epoch 325 Relative Error 0.025845887139439583
Epoch 326 Relative Error 0.025828031823039055
Epoch 327 Relative Error 0.02579101361334324
Epoch 328 Relative Error 0.025758367031812668
Epoch 329 Relative Error 0.025733910501003265
Epoch 330 Relative Error 0.02569654770195484
Epoch 331 Relative Error 0.025676304474473
Epoch 332 Relative Error 0.02564588189125061
Epoch 333 Relative Error 0.025610581040382385
Epoch 334 Relative Error 0.025601865723729134
Epoch 335 Relative Error 0.025553086772561073
Epoch 336 Relative Error 0.025535423308610916
Epoch 337 Relative Error 0.025532282888889313
Epoch 338 Relative Error 0.025519512593746185
Epoch 339 Relative Error 0.025499718263745308
Epoch 340 Relative Error 0.02543398179113865
Epoch 341 Relative Error 0.025396423414349556
Epoch 342 Relative Error 0.0253825094550848
Epoch 343 Relative Error 0.025337301194667816
Epoch 344 Relative Error 0.02531096525490284
Epoch 345 Relative Error 0.02529604360461235
Epoch 346 Relative Error 0.025263559073209763
Epoch 347 Relative Error 0.025243910029530525
Epoch 348 Relative Error 0.02521728351712227
Epoch 349 Relative Error 0.025178909301757812
Epoch 350 Relative Error 0.025159666314721107
Epoch 351 Relative Error 0.025120260193943977
Epoch 352 Relative Error 0.025105811655521393
Epoch 353 Relative Error 0.025082580745220184
Epoch 354 Relative Error 0.025063466280698776
Epoch 355 Relative Error 0.025040989741683006
Epoch 356 Relative Error 0.025005122646689415
Epoch 357 Relative Error 0.0249765757471323
Epoch 358 Relative Error 0.024945979937911034
Epoch 359 Relative Error 0.02492440491914749
Epoch 360 Relative Error 0.024915382266044617
Epoch 361 Relative Error 0.024892760440707207
Epoch 362 Relative Error 0.024860626086592674
Epoch 363 Relative Error 0.02484784834086895
Epoch 364 Relative Error 0.024843575432896614
Epoch 365 Relative Error 0.024809759110212326
Epoch 366 Relative Error 0.024786928668618202
Epoch 367 Relative Error 0.02475922740995884
Epoch 368 Relative Error 0.02471030317246914
Epoch 369 Relative Error 0.024676144123077393
Epoch 370 Relative Error 0.024683428928256035
Epoch 371 Relative Error 0.024630418047308922
Epoch 372 Relative Error 0.024624383077025414
Epoch 373 Relative Error 0.02459818497300148
Epoch 374 Relative Error 0.024545203894376755
Epoch 375 Relative Error 0.02454482950270176
Epoch 376 Relative Error 0.024503471329808235
Epoch 377 Relative Error 0.024500390514731407
Epoch 378 Relative Error 0.02446531318128109
Epoch 379 Relative Error 0.02444041706621647
Epoch 380 Relative Error 0.024429364129900932
Epoch 381 Relative Error 0.024404054507613182
Epoch 382 Relative Error 0.02436956577003002
Epoch 383 Relative Error 0.024348746985197067
Epoch 384 Relative Error 0.024329934269189835
Epoch 385 Relative Error 0.024308396503329277
Epoch 386 Relative Error 0.024286018684506416
Epoch 387 Relative Error 0.02426241524517536
Epoch 388 Relative Error 0.024230433627963066
Epoch 389 Relative Error 0.024244066327810287
Epoch 390 Relative Error 0.02419220097362995
Epoch 391 Relative Error 0.024172529578208923
Epoch 392 Relative Error 0.02414633519947529
Epoch 393 Relative Error 0.024143531918525696
Epoch 394 Relative Error 0.024100981652736664
Epoch 395 Relative Error 0.024096544831991196
Epoch 396 Relative Error 0.02408193238079548
Epoch 397 Relative Error 0.024056890979409218
Epoch 398 Relative Error 0.024018799886107445
Epoch 399 Relative Error 0.024003101512789726
Epoch 400 Relative Error 0.023995831608772278
Epoch 401 Relative Error 0.023988477885723114
Epoch 402 Relative Error 0.023941928520798683
Epoch 403 Relative Error 0.02393537387251854
Epoch 404 Relative Error 0.02390252612531185
Epoch 405 Relative Error 0.023862244561314583
Epoch 406 Relative Error 0.023860542103648186
Epoch 407 Relative Error 0.023822415620088577
Epoch 408 Relative Error 0.023810623213648796
Epoch 409 Relative Error 0.02379734069108963
Epoch 410 Relative Error 0.023760469630360603
Epoch 411 Relative Error 0.023752398788928986
Epoch 412 Relative Error 0.023745015263557434
Epoch 413 Relative Error 0.023710152134299278
Epoch 414 Relative Error 0.023688141256570816
Epoch 415 Relative Error 0.02368507720530033
Epoch 416 Relative Error 0.023642664775252342
Epoch 417 Relative Error 0.023656975477933884
Epoch 418 Relative Error 0.023625094443559647
Epoch 419 Relative Error 0.023599468171596527
Epoch 420 Relative Error 0.02356724999845028
Epoch 421 Relative Error 0.023560043424367905
Epoch 422 Relative Error 0.023525360971689224
Epoch 423 Relative Error 0.02352871000766754
Epoch 424 Relative Error 0.023484930396080017
Epoch 425 Relative Error 0.02347540855407715
Epoch 426 Relative Error 0.02346920035779476
Epoch 427 Relative Error 0.023431451991200447
Epoch 428 Relative Error 0.02343267947435379
Epoch 429 Relative Error 0.023410700261592865
Epoch 430 Relative Error 0.023393860086798668
Epoch 431 Relative Error 0.0233918447047472
Epoch 432 Relative Error 0.023340215906500816
Epoch 433 Relative Error 0.023360978811979294
Epoch 434 Relative Error 0.02335347607731819
Epoch 435 Relative Error 0.023304669186472893
Epoch 436 Relative Error 0.02332078479230404
Epoch 437 Relative Error 0.023266486823558807
Epoch 438 Relative Error 0.023232754319906235
Epoch 439 Relative Error 0.023214584216475487
Epoch 440 Relative Error 0.02319585718214512
Epoch 441 Relative Error 0.02318037487566471
Epoch 442 Relative Error 0.02315722033381462
Epoch 443 Relative Error 0.02313218265771866
Epoch 444 Relative Error 0.0231240913271904
Epoch 445 Relative Error 0.023116713389754295
Epoch 446 Relative Error 0.02309347689151764
Epoch 447 Relative Error 0.02309022657573223
Epoch 448 Relative Error 0.023039685562253
Epoch 449 Relative Error 0.02304399572312832
Epoch 450 Relative Error 0.023007001727819443
Epoch 451 Relative Error 0.02298908308148384
Epoch 452 Relative Error 0.02298044227063656
Epoch 453 Relative Error 0.022979464381933212
Epoch 454 Relative Error 0.022955451160669327
Epoch 455 Relative Error 0.022937824949622154
Epoch 456 Relative Error 0.022912412881851196
Epoch 457 Relative Error 0.022889913991093636
Epoch 458 Relative Error 0.0228738896548748
Epoch 459 Relative Error 0.02287374623119831
Epoch 460 Relative Error 0.022836241871118546
Epoch 461 Relative Error 0.022836972028017044
Epoch 462 Relative Error 0.02282671444118023
Epoch 463 Relative Error 0.02281413972377777
Epoch 464 Relative Error 0.022782620042562485
Epoch 465 Relative Error 0.022764766588807106
Epoch 466 Relative Error 0.0227703507989645
Epoch 467 Relative Error 0.02272058092057705
Epoch 468 Relative Error 0.022723224014043808
Epoch 469 Relative Error 0.022712314501404762
Epoch 470 Relative Error 0.02267695590853691
Epoch 471 Relative Error 0.02266825921833515
Epoch 472 Relative Error 0.02266385778784752
Epoch 473 Relative Error 0.022631485015153885
Epoch 474 Relative Error 0.022600408643484116
Epoch 475 Relative Error 0.02260444313287735
Epoch 476 Relative Error 0.022588858380913734
Epoch 477 Relative Error 0.022553004324436188
Epoch 478 Relative Error 0.02255137450993061
Epoch 479 Relative Error 0.02253069169819355
Epoch 480 Relative Error 0.02252490259706974
Epoch 481 Relative Error 0.022507118061184883
Epoch 482 Relative Error 0.02251390926539898
Epoch 483 Relative Error 0.022484347224235535
Epoch 484 Relative Error 0.022468257695436478
Epoch 485 Relative Error 0.022437939420342445
Epoch 486 Relative Error 0.022412076592445374
Epoch 487 Relative Error 0.022418925538659096
Epoch 488 Relative Error 0.022387439385056496
Epoch 489 Relative Error 0.022372771054506302
Epoch 490 Relative Error 0.022363651543855667
Epoch 491 Relative Error 0.022342747077345848
Epoch 492 Relative Error 0.022340239956974983
Epoch 493 Relative Error 0.022324712947010994
Epoch 494 Relative Error 0.02232186496257782
Epoch 495 Relative Error 0.02229445055127144
Epoch 496 Relative Error 0.022292770445346832
Epoch 497 Relative Error 0.02224954217672348
Epoch 498 Relative Error 0.022258762270212173
Epoch 499 Relative Error 0.02222960628569126
Epoch 500 Relative Error 0.022213080897927284
Epoch 501 Relative Error 0.022196762263774872
Epoch 502 Relative Error 0.022174017503857613
Epoch 503 Relative Error 0.022175246849656105
Epoch 504 Relative Error 0.022166194394230843
Epoch 505 Relative Error 0.022132975980639458
Epoch 506 Relative Error 0.022125493735074997
Epoch 507 Relative Error 0.022105755284428596
Epoch 508 Relative Error 0.022094659507274628
Epoch 509 Relative Error 0.022080453112721443
Epoch 510 Relative Error 0.022059913724660873
Epoch 511 Relative Error 0.022059233859181404
Epoch 512 Relative Error 0.022028755396604538
Epoch 513 Relative Error 0.022029798477888107
Epoch 514 Relative Error 0.022033220157027245
Epoch 515 Relative Error 0.02199697308242321
Epoch 516 Relative Error 0.021994510665535927
Epoch 517 Relative Error 0.02196614257991314
Epoch 518 Relative Error 0.021955573931336403
Epoch 519 Relative Error 0.021940266713500023
Epoch 520 Relative Error 0.02192886918783188
Epoch 521 Relative Error 0.021903205662965775
Epoch 522 Relative Error 0.02190820872783661
Epoch 523 Relative Error 0.021880866959691048
Epoch 524 Relative Error 0.021886229515075684
Epoch 525 Relative Error 0.02184733934700489
Epoch 526 Relative Error 0.021834680810570717
Epoch 527 Relative Error 0.021816566586494446
Epoch 528 Relative Error 0.021816415712237358
Epoch 529 Relative Error 0.021795857697725296
Epoch 530 Relative Error 0.021785274147987366
Epoch 531 Relative Error 0.021766752004623413
Epoch 532 Relative Error 0.02175997942686081
Epoch 533 Relative Error 0.021760396659374237
Epoch 534 Relative Error 0.021743467077612877
Epoch 535 Relative Error 0.02171916328370571
Epoch 536 Relative Error 0.021702848374843597
Epoch 537 Relative Error 0.021693328395485878
Epoch 538 Relative Error 0.02167564257979393
Epoch 539 Relative Error 0.02166864648461342
Epoch 540 Relative Error 0.021664893254637718
Epoch 541 Relative Error 0.021637698635458946
Epoch 542 Relative Error 0.021645646542310715
Epoch 543 Relative Error 0.021616127341985703
Epoch 544 Relative Error 0.021604713052511215
Epoch 545 Relative Error 0.0215875506401062
Epoch 546 Relative Error 0.021576911211013794
Epoch 547 Relative Error 0.02155361883342266
Epoch 548 Relative Error 0.02155323512852192
Epoch 549 Relative Error 0.02153431996703148
Epoch 550 Relative Error 0.021523181349039078
Epoch 551 Relative Error 0.02150624617934227
Epoch 552 Relative Error 0.021496504545211792
Epoch 553 Relative Error 0.021484702825546265
Epoch 554 Relative Error 0.021468553692102432
Epoch 555 Relative Error 0.021456604823470116
Epoch 556 Relative Error 0.02144814468920231
Epoch 557 Relative Error 0.021422823891043663
Epoch 558 Relative Error 0.02142457664012909
Epoch 559 Relative Error 0.021413302049040794
Epoch 560 Relative Error 0.021391890943050385
Epoch 561 Relative Error 0.021383512765169144
Epoch 562 Relative Error 0.021366428583860397
Epoch 563 Relative Error 0.02136150747537613
Epoch 564 Relative Error 0.021348489448428154
Epoch 565 Relative Error 0.0213461983948946
Epoch 566 Relative Error 0.02136167138814926
Epoch 567 Relative Error 0.021305687725543976
Epoch 568 Relative Error 0.02132066898047924
Epoch 569 Relative Error 0.021300477907061577
Epoch 570 Relative Error 0.02127435989677906
Epoch 571 Relative Error 0.0212622731924057
Epoch 572 Relative Error 0.021258173510432243
Epoch 573 Relative Error 0.021249685436487198
Epoch 574 Relative Error 0.021229345351457596
Epoch 575 Relative Error 0.021215392276644707
Epoch 576 Relative Error 0.02119654417037964
Epoch 577 Relative Error 0.02118731662631035
Epoch 578 Relative Error 0.02117573842406273
Epoch 579 Relative Error 0.021165506914258003
Epoch 580 Relative Error 0.021148258820176125
Epoch 581 Relative Error 0.021141409873962402
Epoch 582 Relative Error 0.02113155834376812
Epoch 583 Relative Error 0.02111956477165222
Epoch 584 Relative Error 0.021108992397785187
Epoch 585 Relative Error 0.021101946011185646
Epoch 586 Relative Error 0.021078063175082207
Epoch 587 Relative Error 0.021086711436510086
Epoch 588 Relative Error 0.02107558771967888
Epoch 589 Relative Error 0.02106470614671707
Epoch 590 Relative Error 0.02103329636156559
Epoch 591 Relative Error 0.021055424585938454
Epoch 592 Relative Error 0.02101052552461624
Epoch 593 Relative Error 0.02101297862827778
Epoch 594 Relative Error 0.02100985310971737
Epoch 595 Relative Error 0.021033845841884613
Epoch 596 Relative Error 0.02100096270442009
Epoch 597 Relative Error 0.02100895345211029
Epoch 598 Relative Error 0.020960558205842972
Epoch 599 Relative Error 0.020949337631464005
Epoch 600 Relative Error 0.020914532244205475
Epoch 601 Relative Error 0.020951304584741592
Epoch 602 Relative Error 0.020895497873425484
Epoch 603 Relative Error 0.020892677828669548
Epoch 604 Relative Error 0.020891264081001282
Epoch 605 Relative Error 0.020880598574876785
Epoch 606 Relative Error 0.020855100825428963
Epoch 607 Relative Error 0.020860016345977783
Epoch 608 Relative Error 0.020834002643823624
Epoch 609 Relative Error 0.020824847742915154
Epoch 610 Relative Error 0.02081223949790001
Epoch 611 Relative Error 0.020799411460757256
Epoch 612 Relative Error 0.020784415304660797
Epoch 613 Relative Error 0.02078375406563282
Epoch 614 Relative Error 0.020778099074959755
Epoch 615 Relative Error 0.020749343559145927
Epoch 616 Relative Error 0.020754661411046982
Epoch 617 Relative Error 0.020728815346956253
Epoch 618 Relative Error 0.02073686011135578
Epoch 619 Relative Error 0.020718393847346306
Epoch 620 Relative Error 0.020702039822936058
Epoch 621 Relative Error 0.020696135237812996
Epoch 622 Relative Error 0.020696286112070084
Epoch 623 Relative Error 0.02067149057984352
Epoch 624 Relative Error 0.020658979192376137
Epoch 625 Relative Error 0.020664792507886887
Epoch 626 Relative Error 0.02064536139369011
Epoch 627 Relative Error 0.020620835945010185
Epoch 628 Relative Error 0.020625410601496696
Epoch 629 Relative Error 0.020601289346814156
Epoch 630 Relative Error 0.02061515673995018
Epoch 631 Relative Error 0.0205836184322834
Epoch 632 Relative Error 0.020568380132317543
Epoch 633 Relative Error 0.02057156339287758
Epoch 634 Relative Error 0.020555660128593445
Epoch 635 Relative Error 0.020543182268738747
Epoch 636 Relative Error 0.02055523917078972
Epoch 637 Relative Error 0.020525943487882614
Epoch 638 Relative Error 0.020508121699094772
Epoch 639 Relative Error 0.020505458116531372
Epoch 640 Relative Error 0.020489152520895004
Epoch 641 Relative Error 0.020484402775764465
Epoch 642 Relative Error 0.020477717742323875
Epoch 643 Relative Error 0.02047116681933403
Epoch 644 Relative Error 0.020484108477830887
Epoch 645 Relative Error 0.02044878713786602
Epoch 646 Relative Error 0.020439518615603447
Epoch 647 Relative Error 0.020415712147951126
Epoch 648 Relative Error 0.020411822944879532
Epoch 649 Relative Error 0.020398112013936043
Epoch 650 Relative Error 0.020409809425473213
Epoch 651 Relative Error 0.020399564877152443
Epoch 652 Relative Error 0.02040095441043377
Epoch 653 Relative Error 0.020368630066514015
Epoch 654 Relative Error 0.020354850217700005
Epoch 655 Relative Error 0.02038009651005268
Epoch 656 Relative Error 0.020371830090880394
Epoch 657 Relative Error 0.02032718062400818
Epoch 658 Relative Error 0.020313885062932968
Epoch 659 Relative Error 0.020310670137405396
Epoch 660 Relative Error 0.020295843482017517
Epoch 661 Relative Error 0.02028576098382473
Epoch 662 Relative Error 0.020275749266147614
Epoch 663 Relative Error 0.020270029082894325
Epoch 664 Relative Error 0.02029230259358883
Epoch 665 Relative Error 0.020260492339730263
Epoch 666 Relative Error 0.020241906866431236
Epoch 667 Relative Error 0.020224474370479584
Epoch 668 Relative Error 0.020210903137922287
Epoch 669 Relative Error 0.02021786943078041
Epoch 670 Relative Error 0.020199334248900414
Epoch 671 Relative Error 0.020205993205308914
Epoch 672 Relative Error 0.02018330991268158
Epoch 673 Relative Error 0.020160071551799774
Epoch 674 Relative Error 0.020162830129265785
Epoch 675 Relative Error 0.020154180005192757
Epoch 676 Relative Error 0.020137300714850426
Epoch 677 Relative Error 0.020131045952439308
Epoch 678 Relative Error 0.02011943981051445
Epoch 679 Relative Error 0.020114189013838768
Epoch 680 Relative Error 0.020110515877604485
Epoch 681 Relative Error 0.020092464983463287
Epoch 682 Relative Error 0.020087800920009613
Epoch 683 Relative Error 0.020074866712093353
Epoch 684 Relative Error 0.020067308098077774
Epoch 685 Relative Error 0.020053239539265633
Epoch 686 Relative Error 0.02004409022629261
Epoch 687 Relative Error 0.020037861540913582
Epoch 688 Relative Error 0.020055020228028297
Epoch 689 Relative Error 0.020017726346850395
Epoch 690 Relative Error 0.02002827636897564
Epoch 691 Relative Error 0.020008238032460213
Epoch 692 Relative Error 0.019994264468550682
Epoch 693 Relative Error 0.019979899749159813
Epoch 694 Relative Error 0.019968179985880852
Epoch 695 Relative Error 0.019956614822149277
Epoch 696 Relative Error 0.019955025985836983
Epoch 697 Relative Error 0.01994209736585617
Epoch 698 Relative Error 0.01993616670370102
Epoch 699 Relative Error 0.01993698813021183
Epoch 700 Relative Error 0.019926637411117554
Epoch 701 Relative Error 0.01990869641304016
Epoch 702 Relative Error 0.01989978365600109
Epoch 703 Relative Error 0.019881658256053925
Epoch 704 Relative Error 0.01989668980240822
Epoch 705 Relative Error 0.019866786897182465
Epoch 706 Relative Error 0.0198553167283535
Epoch 707 Relative Error 0.01986205391585827
Epoch 708 Relative Error 0.019847340881824493
Epoch 709 Relative Error 0.019839128479361534
Epoch 710 Relative Error 0.019841492176055908
Epoch 711 Relative Error 0.01981957070529461
Epoch 712 Relative Error 0.019812723621726036
Epoch 713 Relative Error 0.019806090742349625
Epoch 714 Relative Error 0.019794782623648643
Epoch 715 Relative Error 0.019779900088906288
Epoch 716 Relative Error 0.01977444812655449
Epoch 717 Relative Error 0.019761117175221443
Epoch 718 Relative Error 0.01975899189710617
Epoch 719 Relative Error 0.019764449447393417
Epoch 720 Relative Error 0.019741255789995193
Epoch 721 Relative Error 0.019738800823688507
Epoch 722 Relative Error 0.019713422283530235
Epoch 723 Relative Error 0.01971033774316311
Epoch 724 Relative Error 0.019710153341293335
Epoch 725 Relative Error 0.01969553902745247
Epoch 726 Relative Error 0.019688917323946953
Epoch 727 Relative Error 0.01967804878950119
Epoch 728 Relative Error 0.019676448777318
Epoch 729 Relative Error 0.01965736784040928
Epoch 730 Relative Error 0.019655674695968628
Epoch 731 Relative Error 0.01964595913887024
Epoch 732 Relative Error 0.01962781883776188
Epoch 733 Relative Error 0.01962229609489441
Epoch 734 Relative Error 0.019630540162324905
Epoch 735 Relative Error 0.019602729007601738
Epoch 736 Relative Error 0.019613513723015785
Epoch 737 Relative Error 0.019598115235567093
Epoch 738 Relative Error 0.01958596147596836
Epoch 739 Relative Error 0.01958627626299858
Epoch 740 Relative Error 0.01956847682595253
Epoch 741 Relative Error 0.019563931971788406
Epoch 742 Relative Error 0.019557880237698555
Epoch 743 Relative Error 0.01954357512295246
Epoch 744 Relative Error 0.019538862630724907
Epoch 745 Relative Error 0.019528260454535484
Epoch 746 Relative Error 0.0195140577852726
Epoch 747 Relative Error 0.019521959125995636
Epoch 748 Relative Error 0.019506633281707764
Epoch 749 Relative Error 0.019485417753458023
Epoch 750 Relative Error 0.01949012279510498
Epoch 751 Relative Error 0.0194891095161438
Epoch 752 Relative Error 0.0194656141102314
Epoch 753 Relative Error 0.01946934126317501
Epoch 754 Relative Error 0.019452407956123352
Epoch 755 Relative Error 0.01944757252931595
Epoch 756 Relative Error 0.019440922886133194
Epoch 757 Relative Error 0.019438453018665314
Epoch 758 Relative Error 0.019414326176047325
Epoch 759 Relative Error 0.019415082409977913
Epoch 760 Relative Error 0.01940535381436348
Epoch 761 Relative Error 0.0194020364433527
Epoch 762 Relative Error 0.019387071952223778
Epoch 763 Relative Error 0.019380636513233185
Epoch 764 Relative Error 0.019380785524845123
Epoch 765 Relative Error 0.01936984248459339
Epoch 766 Relative Error 0.0193631574511528
Epoch 767 Relative Error 0.019347291439771652
Epoch 768 Relative Error 0.019346971064805984
Epoch 769 Relative Error 0.01932755671441555
Epoch 770 Relative Error 0.019326256588101387
Epoch 771 Relative Error 0.01931750774383545
Epoch 772 Relative Error 0.019312018528580666
Epoch 773 Relative Error 0.01930566504597664
Epoch 774 Relative Error 0.019295241683721542
Epoch 775 Relative Error 0.019285263493657112
Epoch 776 Relative Error 0.019299348816275597
Epoch 777 Relative Error 0.019275546073913574
Epoch 778 Relative Error 0.019265329465270042
Epoch 779 Relative Error 0.019251691177487373
Epoch 780 Relative Error 0.019263973459601402
Epoch 781 Relative Error 0.01925879530608654
Epoch 782 Relative Error 0.0192433949559927
Epoch 783 Relative Error 0.019214628264307976
Epoch 784 Relative Error 0.019231004640460014
Epoch 785 Relative Error 0.019201762974262238
Epoch 786 Relative Error 0.019215082749724388
Epoch 787 Relative Error 0.019187603145837784
Epoch 788 Relative Error 0.019184298813343048
Epoch 789 Relative Error 0.01918119192123413
Epoch 790 Relative Error 0.019168728962540627
Epoch 791 Relative Error 0.01916176825761795
Epoch 792 Relative Error 0.01915624365210533
Epoch 793 Relative Error 0.019152715802192688
Epoch 794 Relative Error 0.019154908135533333
Epoch 795 Relative Error 0.019134754315018654
Epoch 796 Relative Error 0.01912454515695572
Epoch 797 Relative Error 0.019119663164019585
Epoch 798 Relative Error 0.019132712855935097
Epoch 799 Relative Error 0.019101707264780998
Epoch 800 Relative Error 0.01910560205578804
Epoch 801 Relative Error 0.019078247249126434
Epoch 802 Relative Error 0.019082145765423775
Epoch 803 Relative Error 0.019070543348789215
Epoch 804 Relative Error 0.019066831097006798
Epoch 805 Relative Error 0.01905231550335884
Epoch 806 Relative Error 0.01904820278286934
Epoch 807 Relative Error 0.019036024808883667
Epoch 808 Relative Error 0.019037317484617233
Epoch 809 Relative Error 0.01902320422232151
Epoch 810 Relative Error 0.019033411517739296
Epoch 811 Relative Error 0.019008776172995567
Epoch 812 Relative Error 0.019001474604010582
Epoch 813 Relative Error 0.018993277102708817
Epoch 814 Relative Error 0.018996218219399452
Epoch 815 Relative Error 0.01898111402988434
Epoch 816 Relative Error 0.018981821835041046
Epoch 817 Relative Error 0.01896214671432972
Epoch 818 Relative Error 0.01897011324763298
Epoch 819 Relative Error 0.01895623654127121
Epoch 820 Relative Error 0.01895284838974476
Epoch 821 Relative Error 0.018941989168524742
Epoch 822 Relative Error 0.018932990729808807
Epoch 823 Relative Error 0.018925312906503677
Epoch 824 Relative Error 0.018916744738817215
Epoch 825 Relative Error 0.01890314184129238
Epoch 826 Relative Error 0.018904466181993484
Epoch 827 Relative Error 0.01889263093471527
Epoch 828 Relative Error 0.018887294456362724
Epoch 829 Relative Error 0.018885359168052673
Epoch 830 Relative Error 0.018877480179071426
Epoch 831 Relative Error 0.018882442265748978
Epoch 832 Relative Error 0.018855798989534378
Epoch 833 Relative Error 0.018857022747397423
Epoch 834 Relative Error 0.018843472003936768
Epoch 835 Relative Error 0.018837787210941315
Epoch 836 Relative Error 0.01882663369178772
Epoch 837 Relative Error 0.018826747313141823
Epoch 838 Relative Error 0.01881488226354122
Epoch 839 Relative Error 0.018836654722690582
Epoch 840 Relative Error 0.01881793513894081
Epoch 841 Relative Error 0.018797852098941803
Epoch 842 Relative Error 0.0187859907746315
Epoch 843 Relative Error 0.018789704889059067
Epoch 844 Relative Error 0.018773656338453293
Epoch 845 Relative Error 0.01876961812376976
Epoch 846 Relative Error 0.01875760219991207
Epoch 847 Relative Error 0.018757876008749008
Epoch 848 Relative Error 0.018749430775642395
Epoch 849 Relative Error 0.018739614635705948
Epoch 850 Relative Error 0.018733417615294456
Epoch 851 Relative Error 0.01873217150568962
Epoch 852 Relative Error 0.018707672134041786
Epoch 853 Relative Error 0.01871962659060955
Epoch 854 Relative Error 0.01870604231953621
Epoch 855 Relative Error 0.01869300939142704
Epoch 856 Relative Error 0.018695194274187088
Epoch 857 Relative Error 0.01868753880262375
Epoch 858 Relative Error 0.01868000440299511
Epoch 859 Relative Error 0.01867440715432167
Epoch 860 Relative Error 0.018662016838788986
Epoch 861 Relative Error 0.018661178648471832
Epoch 862 Relative Error 0.018661677837371826
Epoch 863 Relative Error 0.018638817593455315
Epoch 864 Relative Error 0.018643710762262344
Epoch 865 Relative Error 0.018638743087649345
Epoch 866 Relative Error 0.0186192337423563
Epoch 867 Relative Error 0.018616370856761932
Epoch 868 Relative Error 0.01860618218779564
Epoch 869 Relative Error 0.018603622913360596
Epoch 870 Relative Error 0.0185947734862566
Epoch 871 Relative Error 0.018584374338388443
Epoch 872 Relative Error 0.01858697645366192
Epoch 873 Relative Error 0.018574118614196777
Epoch 874 Relative Error 0.018601953983306885
Epoch 875 Relative Error 0.018573643639683723
Epoch 876 Relative Error 0.018569590523838997
Epoch 877 Relative Error 0.01854991912841797
Epoch 878 Relative Error 0.01854986511170864
Epoch 879 Relative Error 0.018526870757341385
Epoch 880 Relative Error 0.018522894009947777
Epoch 881 Relative Error 0.01851618103682995
Epoch 882 Relative Error 0.01851002313196659
Epoch 883 Relative Error 0.01851467974483967
Epoch 884 Relative Error 0.01849576085805893
Epoch 885 Relative Error 0.018519558012485504
Epoch 886 Relative Error 0.018496336415410042
Epoch 887 Relative Error 0.018474027514457703
Epoch 888 Relative Error 0.018476776778697968
Epoch 889 Relative Error 0.01846442185342312
Epoch 890 Relative Error 0.018461056053638458
Epoch 891 Relative Error 0.018454579636454582
Epoch 892 Relative Error 0.018454646691679955
Epoch 893 Relative Error 0.018439704552292824
Epoch 894 Relative Error 0.018435191363096237
Epoch 895 Relative Error 0.0184340737760067
Epoch 896 Relative Error 0.01842558942735195
Epoch 897 Relative Error 0.018414022400975227
Epoch 898 Relative Error 0.01842385344207287
Epoch 899 Relative Error 0.018394973129034042
Epoch 900 Relative Error 0.01841256022453308
Epoch 901 Relative Error 0.018410490825772285
Epoch 902 Relative Error 0.0183868408203125
Epoch 903 Relative Error 0.018372349441051483
Epoch 904 Relative Error 0.018385937437415123
Epoch 905 Relative Error 0.01836293376982212
Epoch 906 Relative Error 0.018370041623711586
Epoch 907 Relative Error 0.01835678517818451
Epoch 908 Relative Error 0.018352730199694633
Epoch 909 Relative Error 0.01835908740758896
Epoch 910 Relative Error 0.01832726038992405
Epoch 911 Relative Error 0.01833287999033928
Epoch 912 Relative Error 0.018330086022615433
Epoch 913 Relative Error 0.018338855355978012
Epoch 914 Relative Error 0.018316522240638733
Epoch 915 Relative Error 0.018314873799681664
Epoch 916 Relative Error 0.018292099237442017
Epoch 917 Relative Error 0.018290966749191284
Epoch 918 Relative Error 0.01827898807823658
Epoch 919 Relative Error 0.01828933320939541
Epoch 920 Relative Error 0.01829678565263748
Epoch 921 Relative Error 0.018287038430571556
Epoch 922 Relative Error 0.018267687410116196
Epoch 923 Relative Error 0.018249161541461945
Epoch 924 Relative Error 0.018245676532387733
Epoch 925 Relative Error 0.018238337710499763
Epoch 926 Relative Error 0.018234219402074814
Epoch 927 Relative Error 0.018216131255030632
Epoch 928 Relative Error 0.018226969987154007
Epoch 929 Relative Error 0.01821199245750904
Epoch 930 Relative Error 0.01821531355381012
Epoch 931 Relative Error 0.018203429877758026
Epoch 932 Relative Error 0.018186846747994423
Epoch 933 Relative Error 0.018202217295765877
Epoch 934 Relative Error 0.01818515546619892
Epoch 935 Relative Error 0.01817651465535164
Epoch 936 Relative Error 0.018174918368458748
Epoch 937 Relative Error 0.018163278698921204
Epoch 938 Relative Error 0.018162358552217484
Epoch 939 Relative Error 0.018150871619582176
Epoch 940 Relative Error 0.018147580325603485
Epoch 941 Relative Error 0.018140099942684174
Epoch 942 Relative Error 0.018141716718673706
Epoch 943 Relative Error 0.018129592761397362
Epoch 944 Relative Error 0.018119653686881065
Epoch 945 Relative Error 0.018126435577869415
Epoch 946 Relative Error 0.01810792274773121
Epoch 947 Relative Error 0.018103718757629395
Epoch 948 Relative Error 0.018109150230884552
Epoch 949 Relative Error 0.01809220388531685
Epoch 950 Relative Error 0.018093004822731018
Epoch 951 Relative Error 0.018079524859786034
Epoch 952 Relative Error 0.01808083988726139
Epoch 953 Relative Error 0.018069270998239517
Epoch 954 Relative Error 0.01806543581187725
Epoch 955 Relative Error 0.018056394532322884
Epoch 956 Relative Error 0.018046092242002487
Epoch 957 Relative Error 0.018042415380477905
Epoch 958 Relative Error 0.01804603822529316
Epoch 959 Relative Error 0.01803111843764782
Epoch 960 Relative Error 0.018021782860159874
Epoch 961 Relative Error 0.018028736114501953
Epoch 962 Relative Error 0.01801379583775997
Epoch 963 Relative Error 0.018013646826148033
Epoch 964 Relative Error 0.01799672096967697
Epoch 965 Relative Error 0.018007399514317513
Epoch 966 Relative Error 0.01800408959388733
Epoch 967 Relative Error 0.017985867336392403
Epoch 968 Relative Error 0.017980827018618584
Epoch 969 Relative Error 0.017977789044380188
Epoch 970 Relative Error 0.01796889118850231
Epoch 971 Relative Error 0.017963560298085213
Epoch 972 Relative Error 0.01795630156993866
Epoch 973 Relative Error 0.017948893830180168
Epoch 974 Relative Error 0.017954707145690918
Epoch 975 Relative Error 0.017948100343346596
Epoch 976 Relative Error 0.01793157123029232
Epoch 977 Relative Error 0.017929550260305405
Epoch 978 Relative Error 0.01792537048459053
Epoch 979 Relative Error 0.017920393496751785
Epoch 980 Relative Error 0.017907433211803436
Epoch 981 Relative Error 0.01790229044854641
Epoch 982 Relative Error 0.017901157960295677
Epoch 983 Relative Error 0.0178898423910141
Epoch 984 Relative Error 0.017894556745886803
Epoch 985 Relative Error 0.017882399260997772
Epoch 986 Relative Error 0.017880309373140335
Epoch 987 Relative Error 0.017866138368844986
Epoch 988 Relative Error 0.017863532528281212
Epoch 989 Relative Error 0.017856737598776817
Epoch 990 Relative Error 0.01786157861351967
Epoch 991 Relative Error 0.017845552414655685
Epoch 992 Relative Error 0.01784566231071949
Epoch 993 Relative Error 0.017850063741207123
Epoch 994 Relative Error 0.01782623678445816
Epoch 995 Relative Error 0.01783480867743492
Epoch 996 Relative Error 0.01781541295349598
Epoch 997 Relative Error 0.01782522164285183
Epoch 998 Relative Error 0.017805250361561775
Epoch 999 Relative Error 0.017810381948947906
Epoch 1000 Relative Error 0.01779334247112274
RE (3, 9, 18, 0): 0.01779334247112274
Green's Function RE (3, 9, 18, 0): 0.023870334029197693
Bias Term RE (3, 9, 18, 0): 0.020748170092701912
Combination (3, 9, 18, 0, 0): 0.017793338745832443
Combination (3, 9, 18, 0, 1): 0.01689617894589901
Combination (3, 9, 18, 0, 2): 0.0166435819119215
Combination (3, 9, 18, 0, 3): 0.01656162180006504
Combination (3, 9, 18, 0, 4): 0.016521498560905457

/home/gridsan/gstepaniants/.local/lib/python3.8/site-packages/torch/functional.py:478: UserWarning: torch.meshgrid: in an upcoming release, it will be required to pass the indexing argument. (Triggered internally at  ../aten/src/ATen/native/TensorShape.cpp:2895.)
  return _VF.meshgrid(tensors, **kwargs)  # type: ignore[attr-defined]
